<?xml version="1.0" encoding="UTF-8"?>
<testsuite xmlns:xsi="http://www.w3.org/2001/XMLSchema-instance" xsi:noNamespaceSchemaLocation="https://maven.apache.org/surefire/maven-surefire-plugin/xsd/surefire-test-report-3.0.xsd" version="3.0" name="runners.TestRunner" time="26.325" tests="3" errors="0" skipped="0" failures="1">
  <properties>
    <property name="java.specification.version" value="21"/>
    <property name="webdriver.chrome.driver" value="C:\Users\durga\.cache\selenium\chromedriver\win64\139.0.7258.154\chromedriver.exe"/>
    <property name="sun.cpu.isalist" value="amd64"/>
    <property name="sun.jnu.encoding" value="Cp1252"/>
    <property name="java.class.path" value="C:\Users\durga\eclipse-workspace\CucumberTest\target\test-classes;C:\Users\durga\eclipse-workspace\CucumberTest\target\classes;C:\Users\durga\.m2\repository\junit\junit\3.8.1\junit-3.8.1.jar;C:\Users\durga\.m2\repository\org\seleniumhq\selenium\selenium-java\4.35.0\selenium-java-4.35.0.jar;C:\Users\durga\.m2\repository\org\seleniumhq\selenium\selenium-api\4.35.0\selenium-api-4.35.0.jar;C:\Users\durga\.m2\repository\org\jspecify\jspecify\1.0.0\jspecify-1.0.0.jar;C:\Users\durga\.m2\repository\org\seleniumhq\selenium\selenium-chrome-driver\4.35.0\selenium-chrome-driver-4.35.0.jar;C:\Users\durga\.m2\repository\com\google\auto\service\auto-service-annotations\1.1.1\auto-service-annotations-1.1.1.jar;C:\Users\durga\.m2\repository\org\seleniumhq\selenium\selenium-chromium-driver\4.35.0\selenium-chromium-driver-4.35.0.jar;C:\Users\durga\.m2\repository\org\seleniumhq\selenium\selenium-json\4.35.0\selenium-json-4.35.0.jar;C:\Users\durga\.m2\repository\org\seleniumhq\selenium\selenium-manager\4.35.0\selenium-manager-4.35.0.jar;C:\Users\durga\.m2\repository\org\seleniumhq\selenium\selenium-devtools-v137\4.35.0\selenium-devtools-v137-4.35.0.jar;C:\Users\durga\.m2\repository\org\seleniumhq\selenium\selenium-devtools-v138\4.35.0\selenium-devtools-v138-4.35.0.jar;C:\Users\durga\.m2\repository\org\seleniumhq\selenium\selenium-devtools-v139\4.35.0\selenium-devtools-v139-4.35.0.jar;C:\Users\durga\.m2\repository\org\seleniumhq\selenium\selenium-edge-driver\4.35.0\selenium-edge-driver-4.35.0.jar;C:\Users\durga\.m2\repository\org\seleniumhq\selenium\selenium-firefox-driver\4.35.0\selenium-firefox-driver-4.35.0.jar;C:\Users\durga\.m2\repository\org\seleniumhq\selenium\selenium-http\4.35.0\selenium-http-4.35.0.jar;C:\Users\durga\.m2\repository\org\seleniumhq\selenium\selenium-ie-driver\4.35.0\selenium-ie-driver-4.35.0.jar;C:\Users\durga\.m2\repository\org\seleniumhq\selenium\selenium-remote-driver\4.35.0\selenium-remote-driver-4.35.0.jar;C:\Users\durga\.m2\repository\com\google\guava\guava\33.4.8-jre\guava-33.4.8-jre.jar;C:\Users\durga\.m2\repository\com\google\guava\failureaccess\1.0.3\failureaccess-1.0.3.jar;C:\Users\durga\.m2\repository\com\google\guava\listenablefuture\9999.0-empty-to-avoid-conflict-with-guava\listenablefuture-9999.0-empty-to-avoid-conflict-with-guava.jar;C:\Users\durga\.m2\repository\com\google\errorprone\error_prone_annotations\2.36.0\error_prone_annotations-2.36.0.jar;C:\Users\durga\.m2\repository\com\google\j2objc\j2objc-annotations\3.0.0\j2objc-annotations-3.0.0.jar;C:\Users\durga\.m2\repository\io\opentelemetry\opentelemetry-api\1.53.0\opentelemetry-api-1.53.0.jar;C:\Users\durga\.m2\repository\io\opentelemetry\opentelemetry-context\1.53.0\opentelemetry-context-1.53.0.jar;C:\Users\durga\.m2\repository\io\opentelemetry\opentelemetry-common\1.53.0\opentelemetry-common-1.53.0.jar;C:\Users\durga\.m2\repository\io\opentelemetry\opentelemetry-exporter-logging\1.53.0\opentelemetry-exporter-logging-1.53.0.jar;C:\Users\durga\.m2\repository\io\opentelemetry\opentelemetry-sdk-common\1.53.0\opentelemetry-sdk-common-1.53.0.jar;C:\Users\durga\.m2\repository\io\opentelemetry\opentelemetry-sdk-extension-autoconfigure-spi\1.53.0\opentelemetry-sdk-extension-autoconfigure-spi-1.53.0.jar;C:\Users\durga\.m2\repository\io\opentelemetry\opentelemetry-sdk-extension-autoconfigure\1.53.0\opentelemetry-sdk-extension-autoconfigure-1.53.0.jar;C:\Users\durga\.m2\repository\io\opentelemetry\opentelemetry-sdk-trace\1.53.0\opentelemetry-sdk-trace-1.53.0.jar;C:\Users\durga\.m2\repository\io\opentelemetry\opentelemetry-sdk\1.53.0\opentelemetry-sdk-1.53.0.jar;C:\Users\durga\.m2\repository\io\opentelemetry\opentelemetry-sdk-metrics\1.53.0\opentelemetry-sdk-metrics-1.53.0.jar;C:\Users\durga\.m2\repository\io\opentelemetry\opentelemetry-sdk-logs\1.53.0\opentelemetry-sdk-logs-1.53.0.jar;C:\Users\durga\.m2\repository\net\bytebuddy\byte-buddy\1.17.6\byte-buddy-1.17.6.jar;C:\Users\durga\.m2\repository\org\seleniumhq\selenium\selenium-os\4.35.0\selenium-os-4.35.0.jar;C:\Users\durga\.m2\repository\org\apache\commons\commons-exec\1.5.0\commons-exec-1.5.0.jar;C:\Users\durga\.m2\repository\org\seleniumhq\selenium\selenium-safari-driver\4.35.0\selenium-safari-driver-4.35.0.jar;C:\Users\durga\.m2\repository\org\seleniumhq\selenium\selenium-support\4.35.0\selenium-support-4.35.0.jar;C:\Users\durga\.m2\repository\io\cucumber\cucumber-testng\7.18.0\cucumber-testng-7.18.0.jar;C:\Users\durga\.m2\repository\org\apiguardian\apiguardian-api\1.1.2\apiguardian-api-1.1.2.jar;C:\Users\durga\.m2\repository\io\cucumber\cucumber-core\7.18.0\cucumber-core-7.18.0.jar;C:\Users\durga\.m2\repository\io\cucumber\cucumber-gherkin\7.18.0\cucumber-gherkin-7.18.0.jar;C:\Users\durga\.m2\repository\io\cucumber\cucumber-gherkin-messages\7.18.0\cucumber-gherkin-messages-7.18.0.jar;C:\Users\durga\.m2\repository\io\cucumber\gherkin\28.0.0\gherkin-28.0.0.jar;C:\Users\durga\.m2\repository\io\cucumber\messages\24.1.0\messages-24.1.0.jar;C:\Users\durga\.m2\repository\io\cucumber\testng-xml-formatter\0.1.0\testng-xml-formatter-0.1.0.jar;C:\Users\durga\.m2\repository\io\cucumber\query\12.2.0\query-12.2.0.jar;C:\Users\durga\.m2\repository\io\cucumber\tag-expressions\6.1.0\tag-expressions-6.1.0.jar;C:\Users\durga\.m2\repository\io\cucumber\cucumber-expressions\17.1.0\cucumber-expressions-17.1.0.jar;C:\Users\durga\.m2\repository\io\cucumber\datatable\7.18.0\datatable-7.18.0.jar;C:\Users\durga\.m2\repository\io\cucumber\cucumber-plugin\7.18.0\cucumber-plugin-7.18.0.jar;C:\Users\durga\.m2\repository\io\cucumber\docstring\7.18.0\docstring-7.18.0.jar;C:\Users\durga\.m2\repository\io\cucumber\html-formatter\21.3.1\html-formatter-21.3.1.jar;C:\Users\durga\.m2\repository\io\cucumber\junit-xml-formatter\0.4.0\junit-xml-formatter-0.4.0.jar;C:\Users\durga\.m2\repository\io\cucumber\ci-environment\10.0.1\ci-environment-10.0.1.jar;C:\Users\durga\.m2\repository\org\testng\testng\7.11.0\testng-7.11.0.jar;C:\Users\durga\.m2\repository\org\slf4j\slf4j-api\2.0.16\slf4j-api-2.0.16.jar;C:\Users\durga\.m2\repository\org\jcommander\jcommander\1.83\jcommander-1.83.jar;C:\Users\durga\.m2\repository\org\webjars\jquery\3.7.1\jquery-3.7.1.jar;C:\Users\durga\.m2\repository\com\aventstack\extentreports\5.1.2\extentreports-5.1.2.jar;C:\Users\durga\.m2\repository\io\reactivex\rxjava3\rxjava\3.1.6\rxjava-3.1.6.jar;C:\Users\durga\.m2\repository\org\reactivestreams\reactive-streams\1.0.4\reactive-streams-1.0.4.jar;C:\Users\durga\.m2\repository\org\freemarker\freemarker\2.3.32\freemarker-2.3.32.jar;C:\Users\durga\.m2\repository\org\projectlombok\lombok\1.18.26\lombok-1.18.26.jar;C:\Users\durga\.m2\repository\com\google\code\gson\gson\2.10.1\gson-2.10.1.jar;C:\Users\durga\.m2\repository\commons-io\commons-io\2.11.0\commons-io-2.11.0.jar;C:\Users\durga\.m2\repository\io\cucumber\cucumber-java\7.15.0\cucumber-java-7.15.0.jar;C:\Users\durga\.m2\repository\ch\qos\logback\logback-classic\1.4.11\logback-classic-1.4.11.jar;C:\Users\durga\.m2\repository\ch\qos\logback\logback-core\1.4.11\logback-core-1.4.11.jar;C:\Users\durga\.m2\repository\io\github\bonigarcia\webdrivermanager\5.9.2\webdrivermanager-5.9.2.jar;C:\Users\durga\.m2\repository\com\github\docker-java\docker-java\3.4.0\docker-java-3.4.0.jar;C:\Users\durga\.m2\repository\com\github\docker-java\docker-java-core\3.4.0\docker-java-core-3.4.0.jar;C:\Users\durga\.m2\repository\com\github\docker-java\docker-java-api\3.4.0\docker-java-api-3.4.0.jar;C:\Users\durga\.m2\repository\com\fasterxml\jackson\core\jackson-annotations\2.10.3\jackson-annotations-2.10.3.jar;C:\Users\durga\.m2\repository\com\fasterxml\jackson\core\jackson-databind\2.10.3\jackson-databind-2.10.3.jar;C:\Users\durga\.m2\repository\com\fasterxml\jackson\core\jackson-core\2.10.3\jackson-core-2.10.3.jar;C:\Users\durga\.m2\repository\org\slf4j\jcl-over-slf4j\1.7.30\jcl-over-slf4j-1.7.30.jar;C:\Users\durga\.m2\repository\com\github\docker-java\docker-java-transport-httpclient5\3.4.0\docker-java-transport-httpclient5-3.4.0.jar;C:\Users\durga\.m2\repository\com\github\docker-java\docker-java-transport\3.4.0\docker-java-transport-3.4.0.jar;C:\Users\durga\.m2\repository\net\java\dev\jna\jna\5.13.0\jna-5.13.0.jar;C:\Users\durga\.m2\repository\org\brotli\dec\0.1.2\dec-0.1.2.jar;C:\Users\durga\.m2\repository\org\apache\commons\commons-lang3\3.15.0\commons-lang3-3.15.0.jar;C:\Users\durga\.m2\repository\org\apache\commons\commons-compress\1.26.2\commons-compress-1.26.2.jar;C:\Users\durga\.m2\repository\commons-codec\commons-codec\1.17.0\commons-codec-1.17.0.jar;C:\Users\durga\.m2\repository\org\apache\httpcomponents\client5\httpclient5\5.3.1\httpclient5-5.3.1.jar;C:\Users\durga\.m2\repository\org\apache\httpcomponents\core5\httpcore5\5.2.4\httpcore5-5.2.4.jar;C:\Users\durga\.m2\repository\org\apache\httpcomponents\core5\httpcore5-h2\5.2.4\httpcore5-h2-5.2.4.jar;C:\Users\durga\.m2\repository\org\apache\logging\log4j\log4j-core\2.25.1\log4j-core-2.25.1.jar;C:\Users\durga\.m2\repository\org\apache\logging\log4j\log4j-api\2.25.1\log4j-api-2.25.1.jar;"/>
    <property name="java.vm.vendor" value="Oracle Corporation"/>
    <property name="sun.arch.data.model" value="64"/>
    <property name="user.variant" value=""/>
    <property name="java.vendor.url" value="https://java.oracle.com/"/>
    <property name="user.timezone" value="Asia/Calcutta"/>
    <property name="os.name" value="Windows 11"/>
    <property name="java.vm.specification.version" value="21"/>
    <property name="sun.java.launcher" value="SUN_STANDARD"/>
    <property name="user.country" value="IN"/>
    <property name="sun.boot.library.path" value="C:\Program Files\Java\jdk-21\bin"/>
    <property name="sun.java.command" value="C:\Users\durga\AppData\Local\Temp\surefire12339221479076896928\surefirebooter-20250905081749600_3.jar C:\Users\durga\AppData\Local\Temp\surefire12339221479076896928 2025-09-05T08-17-49_187-jvmRun1 surefire-20250905081749600_1tmp surefire_0-20250905081749600_2tmp"/>
    <property name="jdk.debug" value="release"/>
    <property name="surefire.test.class.path" value="C:\Users\durga\eclipse-workspace\CucumberTest\target\test-classes;C:\Users\durga\eclipse-workspace\CucumberTest\target\classes;C:\Users\durga\.m2\repository\junit\junit\3.8.1\junit-3.8.1.jar;C:\Users\durga\.m2\repository\org\seleniumhq\selenium\selenium-java\4.35.0\selenium-java-4.35.0.jar;C:\Users\durga\.m2\repository\org\seleniumhq\selenium\selenium-api\4.35.0\selenium-api-4.35.0.jar;C:\Users\durga\.m2\repository\org\jspecify\jspecify\1.0.0\jspecify-1.0.0.jar;C:\Users\durga\.m2\repository\org\seleniumhq\selenium\selenium-chrome-driver\4.35.0\selenium-chrome-driver-4.35.0.jar;C:\Users\durga\.m2\repository\com\google\auto\service\auto-service-annotations\1.1.1\auto-service-annotations-1.1.1.jar;C:\Users\durga\.m2\repository\org\seleniumhq\selenium\selenium-chromium-driver\4.35.0\selenium-chromium-driver-4.35.0.jar;C:\Users\durga\.m2\repository\org\seleniumhq\selenium\selenium-json\4.35.0\selenium-json-4.35.0.jar;C:\Users\durga\.m2\repository\org\seleniumhq\selenium\selenium-manager\4.35.0\selenium-manager-4.35.0.jar;C:\Users\durga\.m2\repository\org\seleniumhq\selenium\selenium-devtools-v137\4.35.0\selenium-devtools-v137-4.35.0.jar;C:\Users\durga\.m2\repository\org\seleniumhq\selenium\selenium-devtools-v138\4.35.0\selenium-devtools-v138-4.35.0.jar;C:\Users\durga\.m2\repository\org\seleniumhq\selenium\selenium-devtools-v139\4.35.0\selenium-devtools-v139-4.35.0.jar;C:\Users\durga\.m2\repository\org\seleniumhq\selenium\selenium-edge-driver\4.35.0\selenium-edge-driver-4.35.0.jar;C:\Users\durga\.m2\repository\org\seleniumhq\selenium\selenium-firefox-driver\4.35.0\selenium-firefox-driver-4.35.0.jar;C:\Users\durga\.m2\repository\org\seleniumhq\selenium\selenium-http\4.35.0\selenium-http-4.35.0.jar;C:\Users\durga\.m2\repository\org\seleniumhq\selenium\selenium-ie-driver\4.35.0\selenium-ie-driver-4.35.0.jar;C:\Users\durga\.m2\repository\org\seleniumhq\selenium\selenium-remote-driver\4.35.0\selenium-remote-driver-4.35.0.jar;C:\Users\durga\.m2\repository\com\google\guava\guava\33.4.8-jre\guava-33.4.8-jre.jar;C:\Users\durga\.m2\repository\com\google\guava\failureaccess\1.0.3\failureaccess-1.0.3.jar;C:\Users\durga\.m2\repository\com\google\guava\listenablefuture\9999.0-empty-to-avoid-conflict-with-guava\listenablefuture-9999.0-empty-to-avoid-conflict-with-guava.jar;C:\Users\durga\.m2\repository\com\google\errorprone\error_prone_annotations\2.36.0\error_prone_annotations-2.36.0.jar;C:\Users\durga\.m2\repository\com\google\j2objc\j2objc-annotations\3.0.0\j2objc-annotations-3.0.0.jar;C:\Users\durga\.m2\repository\io\opentelemetry\opentelemetry-api\1.53.0\opentelemetry-api-1.53.0.jar;C:\Users\durga\.m2\repository\io\opentelemetry\opentelemetry-context\1.53.0\opentelemetry-context-1.53.0.jar;C:\Users\durga\.m2\repository\io\opentelemetry\opentelemetry-common\1.53.0\opentelemetry-common-1.53.0.jar;C:\Users\durga\.m2\repository\io\opentelemetry\opentelemetry-exporter-logging\1.53.0\opentelemetry-exporter-logging-1.53.0.jar;C:\Users\durga\.m2\repository\io\opentelemetry\opentelemetry-sdk-common\1.53.0\opentelemetry-sdk-common-1.53.0.jar;C:\Users\durga\.m2\repository\io\opentelemetry\opentelemetry-sdk-extension-autoconfigure-spi\1.53.0\opentelemetry-sdk-extension-autoconfigure-spi-1.53.0.jar;C:\Users\durga\.m2\repository\io\opentelemetry\opentelemetry-sdk-extension-autoconfigure\1.53.0\opentelemetry-sdk-extension-autoconfigure-1.53.0.jar;C:\Users\durga\.m2\repository\io\opentelemetry\opentelemetry-sdk-trace\1.53.0\opentelemetry-sdk-trace-1.53.0.jar;C:\Users\durga\.m2\repository\io\opentelemetry\opentelemetry-sdk\1.53.0\opentelemetry-sdk-1.53.0.jar;C:\Users\durga\.m2\repository\io\opentelemetry\opentelemetry-sdk-metrics\1.53.0\opentelemetry-sdk-metrics-1.53.0.jar;C:\Users\durga\.m2\repository\io\opentelemetry\opentelemetry-sdk-logs\1.53.0\opentelemetry-sdk-logs-1.53.0.jar;C:\Users\durga\.m2\repository\net\bytebuddy\byte-buddy\1.17.6\byte-buddy-1.17.6.jar;C:\Users\durga\.m2\repository\org\seleniumhq\selenium\selenium-os\4.35.0\selenium-os-4.35.0.jar;C:\Users\durga\.m2\repository\org\apache\commons\commons-exec\1.5.0\commons-exec-1.5.0.jar;C:\Users\durga\.m2\repository\org\seleniumhq\selenium\selenium-safari-driver\4.35.0\selenium-safari-driver-4.35.0.jar;C:\Users\durga\.m2\repository\org\seleniumhq\selenium\selenium-support\4.35.0\selenium-support-4.35.0.jar;C:\Users\durga\.m2\repository\io\cucumber\cucumber-testng\7.18.0\cucumber-testng-7.18.0.jar;C:\Users\durga\.m2\repository\org\apiguardian\apiguardian-api\1.1.2\apiguardian-api-1.1.2.jar;C:\Users\durga\.m2\repository\io\cucumber\cucumber-core\7.18.0\cucumber-core-7.18.0.jar;C:\Users\durga\.m2\repository\io\cucumber\cucumber-gherkin\7.18.0\cucumber-gherkin-7.18.0.jar;C:\Users\durga\.m2\repository\io\cucumber\cucumber-gherkin-messages\7.18.0\cucumber-gherkin-messages-7.18.0.jar;C:\Users\durga\.m2\repository\io\cucumber\gherkin\28.0.0\gherkin-28.0.0.jar;C:\Users\durga\.m2\repository\io\cucumber\messages\24.1.0\messages-24.1.0.jar;C:\Users\durga\.m2\repository\io\cucumber\testng-xml-formatter\0.1.0\testng-xml-formatter-0.1.0.jar;C:\Users\durga\.m2\repository\io\cucumber\query\12.2.0\query-12.2.0.jar;C:\Users\durga\.m2\repository\io\cucumber\tag-expressions\6.1.0\tag-expressions-6.1.0.jar;C:\Users\durga\.m2\repository\io\cucumber\cucumber-expressions\17.1.0\cucumber-expressions-17.1.0.jar;C:\Users\durga\.m2\repository\io\cucumber\datatable\7.18.0\datatable-7.18.0.jar;C:\Users\durga\.m2\repository\io\cucumber\cucumber-plugin\7.18.0\cucumber-plugin-7.18.0.jar;C:\Users\durga\.m2\repository\io\cucumber\docstring\7.18.0\docstring-7.18.0.jar;C:\Users\durga\.m2\repository\io\cucumber\html-formatter\21.3.1\html-formatter-21.3.1.jar;C:\Users\durga\.m2\repository\io\cucumber\junit-xml-formatter\0.4.0\junit-xml-formatter-0.4.0.jar;C:\Users\durga\.m2\repository\io\cucumber\ci-environment\10.0.1\ci-environment-10.0.1.jar;C:\Users\durga\.m2\repository\org\testng\testng\7.11.0\testng-7.11.0.jar;C:\Users\durga\.m2\repository\org\slf4j\slf4j-api\2.0.16\slf4j-api-2.0.16.jar;C:\Users\durga\.m2\repository\org\jcommander\jcommander\1.83\jcommander-1.83.jar;C:\Users\durga\.m2\repository\org\webjars\jquery\3.7.1\jquery-3.7.1.jar;C:\Users\durga\.m2\repository\com\aventstack\extentreports\5.1.2\extentreports-5.1.2.jar;C:\Users\durga\.m2\repository\io\reactivex\rxjava3\rxjava\3.1.6\rxjava-3.1.6.jar;C:\Users\durga\.m2\repository\org\reactivestreams\reactive-streams\1.0.4\reactive-streams-1.0.4.jar;C:\Users\durga\.m2\repository\org\freemarker\freemarker\2.3.32\freemarker-2.3.32.jar;C:\Users\durga\.m2\repository\org\projectlombok\lombok\1.18.26\lombok-1.18.26.jar;C:\Users\durga\.m2\repository\com\google\code\gson\gson\2.10.1\gson-2.10.1.jar;C:\Users\durga\.m2\repository\commons-io\commons-io\2.11.0\commons-io-2.11.0.jar;C:\Users\durga\.m2\repository\io\cucumber\cucumber-java\7.15.0\cucumber-java-7.15.0.jar;C:\Users\durga\.m2\repository\ch\qos\logback\logback-classic\1.4.11\logback-classic-1.4.11.jar;C:\Users\durga\.m2\repository\ch\qos\logback\logback-core\1.4.11\logback-core-1.4.11.jar;C:\Users\durga\.m2\repository\io\github\bonigarcia\webdrivermanager\5.9.2\webdrivermanager-5.9.2.jar;C:\Users\durga\.m2\repository\com\github\docker-java\docker-java\3.4.0\docker-java-3.4.0.jar;C:\Users\durga\.m2\repository\com\github\docker-java\docker-java-core\3.4.0\docker-java-core-3.4.0.jar;C:\Users\durga\.m2\repository\com\github\docker-java\docker-java-api\3.4.0\docker-java-api-3.4.0.jar;C:\Users\durga\.m2\repository\com\fasterxml\jackson\core\jackson-annotations\2.10.3\jackson-annotations-2.10.3.jar;C:\Users\durga\.m2\repository\com\fasterxml\jackson\core\jackson-databind\2.10.3\jackson-databind-2.10.3.jar;C:\Users\durga\.m2\repository\com\fasterxml\jackson\core\jackson-core\2.10.3\jackson-core-2.10.3.jar;C:\Users\durga\.m2\repository\org\slf4j\jcl-over-slf4j\1.7.30\jcl-over-slf4j-1.7.30.jar;C:\Users\durga\.m2\repository\com\github\docker-java\docker-java-transport-httpclient5\3.4.0\docker-java-transport-httpclient5-3.4.0.jar;C:\Users\durga\.m2\repository\com\github\docker-java\docker-java-transport\3.4.0\docker-java-transport-3.4.0.jar;C:\Users\durga\.m2\repository\net\java\dev\jna\jna\5.13.0\jna-5.13.0.jar;C:\Users\durga\.m2\repository\org\brotli\dec\0.1.2\dec-0.1.2.jar;C:\Users\durga\.m2\repository\org\apache\commons\commons-lang3\3.15.0\commons-lang3-3.15.0.jar;C:\Users\durga\.m2\repository\org\apache\commons\commons-compress\1.26.2\commons-compress-1.26.2.jar;C:\Users\durga\.m2\repository\commons-codec\commons-codec\1.17.0\commons-codec-1.17.0.jar;C:\Users\durga\.m2\repository\org\apache\httpcomponents\client5\httpclient5\5.3.1\httpclient5-5.3.1.jar;C:\Users\durga\.m2\repository\org\apache\httpcomponents\core5\httpcore5\5.2.4\httpcore5-5.2.4.jar;C:\Users\durga\.m2\repository\org\apache\httpcomponents\core5\httpcore5-h2\5.2.4\httpcore5-h2-5.2.4.jar;C:\Users\durga\.m2\repository\org\apache\logging\log4j\log4j-core\2.25.1\log4j-core-2.25.1.jar;C:\Users\durga\.m2\repository\org\apache\logging\log4j\log4j-api\2.25.1\log4j-api-2.25.1.jar;"/>
    <property name="sun.cpu.endian" value="little"/>
    <property name="user.home" value="C:\Users\durga"/>
    <property name="user.language" value="en"/>
    <property name="java.specification.vendor" value="Oracle Corporation"/>
    <property name="java.version.date" value="2025-07-15"/>
    <property name="java.home" value="C:\Program Files\Java\jdk-21"/>
    <property name="file.separator" value="\"/>
    <property name="basedir" value="C:\Users\durga\eclipse-workspace\CucumberTest"/>
    <property name="java.vm.compressedOopsMode" value="Zero based"/>
    <property name="line.separator" value="&#10;"/>
    <property name="java.vm.specification.vendor" value="Oracle Corporation"/>
    <property name="java.specification.name" value="Java Platform API Specification"/>
    <property name="surefire.real.class.path" value="C:\Users\durga\AppData\Local\Temp\surefire12339221479076896928\surefirebooter-20250905081749600_3.jar"/>
    <property name="user.script" value=""/>
    <property name="sun.management.compiler" value="HotSpot 64-Bit Tiered Compilers"/>
    <property name="java.runtime.version" value="21.0.8+12-LTS-250"/>
    <property name="user.name" value="durga"/>
    <property name="stdout.encoding" value="Cp1252"/>
    <property name="path.separator" value=";"/>
    <property name="os.version" value="10.0"/>
    <property name="java.runtime.name" value="Java(TM) SE Runtime Environment"/>
    <property name="file.encoding" value="UTF-8"/>
    <property name="java.vm.name" value="Java HotSpot(TM) 64-Bit Server VM"/>
    <property name="localRepository" value="C:\Users\durga\.m2\repository"/>
    <property name="java.vendor.url.bug" value="https://bugreport.java.com/bugreport/"/>
    <property name="java.io.tmpdir" value="C:\Users\durga\AppData\Local\Temp\"/>
    <property name="java.version" value="21.0.8"/>
    <property name="user.dir" value="C:\Users\durga\eclipse-workspace\CucumberTest"/>
    <property name="os.arch" value="amd64"/>
    <property name="java.vm.specification.name" value="Java Virtual Machine Specification"/>
    <property name="sun.os.patch.level" value=""/>
    <property name="native.encoding" value="Cp1252"/>
    <property name="java.library.path" value="C:\Program Files\Java\jdk-21\bin;C:\WINDOWS\Sun\Java\bin;C:\WINDOWS\system32;C:\WINDOWS;C:\Program Files\Common Files\Oracle\Java\javapath;C:\WINDOWS\system32;C:\WINDOWS;C:\WINDOWS\System32\Wbem;C:\WINDOWS\System32\WindowsPowerShell\v1.0\;C:\WINDOWS\System32\OpenSSH\;C:\Program Files\dotnet\;C:\Program Files (x86)\apache-maven-3.9.10\bin;C:\Program Files\Git\cmd;C:\Program Files\Java\jdk-21\bin;C:\Users\durga\AppData\Local\Microsoft\WindowsApps;;."/>
    <property name="java.vm.info" value="mixed mode, sharing"/>
    <property name="stderr.encoding" value="Cp1252"/>
    <property name="java.vendor" value="Oracle Corporation"/>
    <property name="java.vm.version" value="21.0.8+12-LTS-250"/>
    <property name="sun.io.unicode.encoding" value="UnicodeLittle"/>
    <property name="java.class.version" value="65.0"/>
  </properties>
  <testcase name="runScenario[&quot;login attempt&quot;, &quot;Rahul Shetty Academy Login&quot;](1)" classname="runners.TestRunner" time="12.937">
    <system-out><![CDATA[
@smoke
Scenario Outline: login attempt                                                &amp#27;[90m# src/test/java/Features/login.feature:13&amp#27;[0m

@smoke
Scenario Outline: login attempt                                               &amp#27;[90m# src/test/java/Features/login.feature:12&amp#27;[0m

@smoke
Scenario Outline: login attempt                                                &amp#27;[90m# src/test/java/Features/login.feature:14&amp#27;[0m
08:17:52.364 [TestNG-PoolService-3] DEBUG io.github.bonigarcia.wdm.WebDriverManager -- Using WebDriverManager 5.9.2
08:17:52.391 [TestNG-PoolService-2] DEBUG io.github.bonigarcia.wdm.WebDriverManager -- Using WebDriverManager 5.9.2
08:17:52.393 [TestNG-PoolService-1] DEBUG io.github.bonigarcia.wdm.WebDriverManager -- Using WebDriverManager 5.9.2
08:17:53.162 [TestNG-PoolService-1] DEBUG io.github.bonigarcia.wdm.cache.ResolutionCache -- Removing resolution chrome=139 from cache (expired on Tue Sep 02 11:23:31 IST 2025)
08:17:53.162 [TestNG-PoolService-2] DEBUG io.github.bonigarcia.wdm.cache.ResolutionCache -- Removing resolution chrome=139 from cache (expired on Tue Sep 02 11:23:31 IST 2025)
08:17:53.162 [TestNG-PoolService-3] DEBUG io.github.bonigarcia.wdm.cache.ResolutionCache -- Removing resolution chrome=139 from cache (expired on Tue Sep 02 11:23:31 IST 2025)
08:17:53.233 [TestNG-PoolService-1] DEBUG org.apache.hc.client5.http.impl.classic.InternalHttpClient -- ex-0000000001 preparing request execution
08:17:53.233 [TestNG-PoolService-3] DEBUG org.apache.hc.client5.http.impl.classic.InternalHttpClient -- ex-0000000003 preparing request execution
08:17:53.233 [TestNG-PoolService-2] DEBUG org.apache.hc.client5.http.impl.classic.InternalHttpClient -- ex-0000000002 preparing request execution
08:17:53.264 [TestNG-PoolService-1] DEBUG org.apache.hc.client5.http.impl.classic.ProtocolExec -- ex-0000000001 target auth state: UNCHALLENGED
08:17:53.264 [TestNG-PoolService-2] DEBUG org.apache.hc.client5.http.impl.classic.ProtocolExec -- ex-0000000002 target auth state: UNCHALLENGED
08:17:53.264 [TestNG-PoolService-3] DEBUG org.apache.hc.client5.http.impl.classic.ProtocolExec -- ex-0000000003 target auth state: UNCHALLENGED
08:17:53.267 [TestNG-PoolService-1] DEBUG org.apache.hc.client5.http.impl.classic.ProtocolExec -- ex-0000000001 proxy auth state: UNCHALLENGED
08:17:53.267 [TestNG-PoolService-3] DEBUG org.apache.hc.client5.http.impl.classic.ProtocolExec -- ex-0000000003 proxy auth state: UNCHALLENGED
08:17:53.267 [TestNG-PoolService-1] DEBUG org.apache.hc.client5.http.impl.classic.ConnectExec -- ex-0000000001 acquiring connection with route {s}->https://raw.githubusercontent.com:443
08:17:53.267 [TestNG-PoolService-2] DEBUG org.apache.hc.client5.http.impl.classic.ProtocolExec -- ex-0000000002 proxy auth state: UNCHALLENGED
08:17:53.268 [TestNG-PoolService-3] DEBUG org.apache.hc.client5.http.impl.classic.ConnectExec -- ex-0000000003 acquiring connection with route {s}->https://raw.githubusercontent.com:443
08:17:53.268 [TestNG-PoolService-2] DEBUG org.apache.hc.client5.http.impl.classic.ConnectExec -- ex-0000000002 acquiring connection with route {s}->https://raw.githubusercontent.com:443
08:17:53.268 [TestNG-PoolService-1] DEBUG org.apache.hc.client5.http.impl.classic.InternalHttpClient -- ex-0000000001 acquiring endpoint (3 MINUTES)
08:17:53.268 [TestNG-PoolService-3] DEBUG org.apache.hc.client5.http.impl.classic.InternalHttpClient -- ex-0000000003 acquiring endpoint (3 MINUTES)
08:17:53.268 [TestNG-PoolService-2] DEBUG org.apache.hc.client5.http.impl.classic.InternalHttpClient -- ex-0000000002 acquiring endpoint (3 MINUTES)
08:17:53.272 [TestNG-PoolService-1] DEBUG org.apache.hc.client5.http.impl.io.PoolingHttpClientConnectionManager -- ex-0000000001 endpoint lease request (3 MINUTES) [route: {s}->https://raw.githubusercontent.com:443][total available: 0; route allocated: 0 of 5; total allocated: 0 of 25]
08:17:53.272 [TestNG-PoolService-3] DEBUG org.apache.hc.client5.http.impl.io.PoolingHttpClientConnectionManager -- ex-0000000003 endpoint lease request (3 MINUTES) [route: {s}->https://raw.githubusercontent.com:443][total available: 0; route allocated: 0 of 5; total allocated: 0 of 25]
08:17:53.272 [TestNG-PoolService-2] DEBUG org.apache.hc.client5.http.impl.io.PoolingHttpClientConnectionManager -- ex-0000000002 endpoint lease request (3 MINUTES) [route: {s}->https://raw.githubusercontent.com:443][total available: 0; route allocated: 0 of 5; total allocated: 0 of 25]
08:17:53.285 [TestNG-PoolService-3] DEBUG org.apache.hc.client5.http.impl.io.PoolingHttpClientConnectionManager -- ex-0000000003 endpoint leased [route: {s}->https://raw.githubusercontent.com:443][total available: 0; route allocated: 1 of 5; total allocated: 1 of 25]
08:17:53.285 [TestNG-PoolService-2] DEBUG org.apache.hc.client5.http.impl.io.PoolingHttpClientConnectionManager -- ex-0000000002 endpoint leased [route: {s}->https://raw.githubusercontent.com:443][total available: 0; route allocated: 1 of 5; total allocated: 1 of 25]
08:17:53.285 [TestNG-PoolService-1] DEBUG org.apache.hc.client5.http.impl.io.PoolingHttpClientConnectionManager -- ex-0000000001 endpoint leased [route: {s}->https://raw.githubusercontent.com:443][total available: 0; route allocated: 1 of 5; total allocated: 1 of 25]
08:17:53.322 [TestNG-PoolService-2] DEBUG org.apache.hc.client5.http.impl.io.PoolingHttpClientConnectionManager -- ex-0000000002 acquired ep-0000000001
08:17:53.322 [TestNG-PoolService-2] DEBUG org.apache.hc.client5.http.impl.classic.InternalHttpClient -- ex-0000000002 acquired endpoint ep-0000000001
08:17:53.322 [TestNG-PoolService-1] DEBUG org.apache.hc.client5.http.impl.io.PoolingHttpClientConnectionManager -- ex-0000000001 acquired ep-0000000002
08:17:53.322 [TestNG-PoolService-3] DEBUG org.apache.hc.client5.http.impl.io.PoolingHttpClientConnectionManager -- ex-0000000003 acquired ep-0000000003
08:17:53.322 [TestNG-PoolService-2] DEBUG org.apache.hc.client5.http.impl.classic.ConnectExec -- ex-0000000002 opening connection {s}->https://raw.githubusercontent.com:443
08:17:53.323 [TestNG-PoolService-1] DEBUG org.apache.hc.client5.http.impl.classic.InternalHttpClient -- ex-0000000001 acquired endpoint ep-0000000002
08:17:53.323 [TestNG-PoolService-3] DEBUG org.apache.hc.client5.http.impl.classic.InternalHttpClient -- ex-0000000003 acquired endpoint ep-0000000003
08:17:53.323 [TestNG-PoolService-1] DEBUG org.apache.hc.client5.http.impl.classic.ConnectExec -- ex-0000000001 opening connection {s}->https://raw.githubusercontent.com:443
08:17:53.323 [TestNG-PoolService-3] DEBUG org.apache.hc.client5.http.impl.classic.ConnectExec -- ex-0000000003 opening connection {s}->https://raw.githubusercontent.com:443
08:17:53.325 [TestNG-PoolService-1] DEBUG org.apache.hc.client5.http.impl.classic.InternalHttpClient -- ep-0000000002 connecting endpoint (null)
08:17:53.325 [TestNG-PoolService-3] DEBUG org.apache.hc.client5.http.impl.classic.InternalHttpClient -- ep-0000000003 connecting endpoint (null)
08:17:53.325 [TestNG-PoolService-2] DEBUG org.apache.hc.client5.http.impl.classic.InternalHttpClient -- ep-0000000001 connecting endpoint (null)
08:17:53.333 [TestNG-PoolService-2] DEBUG org.apache.hc.client5.http.impl.io.PoolingHttpClientConnectionManager -- ep-0000000001 connecting endpoint to https://raw.githubusercontent.com:443 (30 SECONDS)
08:17:53.333 [TestNG-PoolService-3] DEBUG org.apache.hc.client5.http.impl.io.PoolingHttpClientConnectionManager -- ep-0000000003 connecting endpoint to https://raw.githubusercontent.com:443 (30 SECONDS)
08:17:53.334 [TestNG-PoolService-2] DEBUG org.apache.hc.client5.http.impl.io.DefaultHttpClientConnectionOperator -- raw.githubusercontent.com resolving remote address
08:17:53.333 [TestNG-PoolService-1] DEBUG org.apache.hc.client5.http.impl.io.PoolingHttpClientConnectionManager -- ep-0000000002 connecting endpoint to https://raw.githubusercontent.com:443 (30 SECONDS)
08:17:53.334 [TestNG-PoolService-3] DEBUG org.apache.hc.client5.http.impl.io.DefaultHttpClientConnectionOperator -- raw.githubusercontent.com resolving remote address
08:17:53.334 [TestNG-PoolService-1] DEBUG org.apache.hc.client5.http.impl.io.DefaultHttpClientConnectionOperator -- raw.githubusercontent.com resolving remote address
08:17:53.435 [TestNG-PoolService-2] DEBUG org.apache.hc.client5.http.impl.io.DefaultHttpClientConnectionOperator -- raw.githubusercontent.com resolved to [raw.githubusercontent.com/185.199.108.133, raw.githubusercontent.com/185.199.109.133, raw.githubusercontent.com/185.199.110.133, raw.githubusercontent.com/185.199.111.133, raw.githubusercontent.com/2606:50c0:8001:0:0:0:0:154, raw.githubusercontent.com/2606:50c0:8003:0:0:0:0:154, raw.githubusercontent.com/2606:50c0:8002:0:0:0:0:154, raw.githubusercontent.com/2606:50c0:8000:0:0:0:0:154]
08:17:53.435 [TestNG-PoolService-3] DEBUG org.apache.hc.client5.http.impl.io.DefaultHttpClientConnectionOperator -- raw.githubusercontent.com resolved to [raw.githubusercontent.com/185.199.108.133, raw.githubusercontent.com/185.199.109.133, raw.githubusercontent.com/185.199.110.133, raw.githubusercontent.com/185.199.111.133, raw.githubusercontent.com/2606:50c0:8001:0:0:0:0:154, raw.githubusercontent.com/2606:50c0:8003:0:0:0:0:154, raw.githubusercontent.com/2606:50c0:8002:0:0:0:0:154, raw.githubusercontent.com/2606:50c0:8000:0:0:0:0:154]
08:17:53.435 [TestNG-PoolService-1] DEBUG org.apache.hc.client5.http.impl.io.DefaultHttpClientConnectionOperator -- raw.githubusercontent.com resolved to [raw.githubusercontent.com/185.199.108.133, raw.githubusercontent.com/185.199.109.133, raw.githubusercontent.com/185.199.110.133, raw.githubusercontent.com/185.199.111.133, raw.githubusercontent.com/2606:50c0:8001:0:0:0:0:154, raw.githubusercontent.com/2606:50c0:8003:0:0:0:0:154, raw.githubusercontent.com/2606:50c0:8002:0:0:0:0:154, raw.githubusercontent.com/2606:50c0:8000:0:0:0:0:154]
08:17:53.464 [TestNG-PoolService-1] DEBUG org.apache.hc.client5.http.impl.io.DefaultHttpClientConnectionOperator -- raw.githubusercontent.com:443 connecting null->raw.githubusercontent.com/185.199.108.133:443 (30 SECONDS)
08:17:53.464 [TestNG-PoolService-3] DEBUG org.apache.hc.client5.http.impl.io.DefaultHttpClientConnectionOperator -- raw.githubusercontent.com:443 connecting null->raw.githubusercontent.com/185.199.108.133:443 (30 SECONDS)
08:17:53.465 [TestNG-PoolService-1] DEBUG org.apache.hc.client5.http.ssl.SSLConnectionSocketFactory -- Connecting socket to raw.githubusercontent.com/185.199.108.133:443 with timeout 30 SECONDS
08:17:53.465 [TestNG-PoolService-3] DEBUG org.apache.hc.client5.http.ssl.SSLConnectionSocketFactory -- Connecting socket to raw.githubusercontent.com/185.199.108.133:443 with timeout 30 SECONDS
08:17:53.464 [TestNG-PoolService-2] DEBUG org.apache.hc.client5.http.impl.io.DefaultHttpClientConnectionOperator -- raw.githubusercontent.com:443 connecting null->raw.githubusercontent.com/185.199.108.133:443 (30 SECONDS)
08:17:53.466 [TestNG-PoolService-2] DEBUG org.apache.hc.client5.http.ssl.SSLConnectionSocketFactory -- Connecting socket to raw.githubusercontent.com/185.199.108.133:443 with timeout 30 SECONDS
08:17:53.655 [TestNG-PoolService-3] DEBUG org.apache.hc.client5.http.ssl.SSLConnectionSocketFactory -- Enabled protocols: [TLSv1.3, TLSv1.2]
08:17:53.655 [TestNG-PoolService-1] DEBUG org.apache.hc.client5.http.ssl.SSLConnectionSocketFactory -- Enabled protocols: [TLSv1.3, TLSv1.2]
08:17:53.655 [TestNG-PoolService-2] DEBUG org.apache.hc.client5.http.ssl.SSLConnectionSocketFactory -- Enabled protocols: [TLSv1.3, TLSv1.2]
08:17:53.656 [TestNG-PoolService-3] DEBUG org.apache.hc.client5.http.ssl.SSLConnectionSocketFactory -- Enabled cipher suites: [TLS_AES_256_GCM_SHA384, TLS_AES_128_GCM_SHA256, TLS_CHACHA20_POLY1305_SHA256, TLS_ECDHE_ECDSA_WITH_AES_256_GCM_SHA384, TLS_ECDHE_ECDSA_WITH_AES_128_GCM_SHA256, TLS_ECDHE_ECDSA_WITH_CHACHA20_POLY1305_SHA256, TLS_ECDHE_RSA_WITH_AES_256_GCM_SHA384, TLS_ECDHE_RSA_WITH_CHACHA20_POLY1305_SHA256, TLS_ECDHE_RSA_WITH_AES_128_GCM_SHA256, TLS_DHE_RSA_WITH_AES_256_GCM_SHA384, TLS_DHE_RSA_WITH_CHACHA20_POLY1305_SHA256, TLS_DHE_DSS_WITH_AES_256_GCM_SHA384, TLS_DHE_RSA_WITH_AES_128_GCM_SHA256, TLS_DHE_DSS_WITH_AES_128_GCM_SHA256, TLS_ECDHE_ECDSA_WITH_AES_256_CBC_SHA384, TLS_ECDHE_RSA_WITH_AES_256_CBC_SHA384, TLS_ECDHE_ECDSA_WITH_AES_128_CBC_SHA256, TLS_ECDHE_RSA_WITH_AES_128_CBC_SHA256, TLS_DHE_RSA_WITH_AES_256_CBC_SHA256, TLS_DHE_DSS_WITH_AES_256_CBC_SHA256, TLS_DHE_RSA_WITH_AES_128_CBC_SHA256, TLS_DHE_DSS_WITH_AES_128_CBC_SHA256, TLS_ECDHE_ECDSA_WITH_AES_256_CBC_SHA, TLS_ECDHE_RSA_WITH_AES_256_CBC_SHA, TLS_ECDHE_ECDSA_WITH_AES_128_CBC_SHA, TLS_ECDHE_RSA_WITH_AES_128_CBC_SHA, TLS_DHE_RSA_WITH_AES_256_CBC_SHA, TLS_DHE_DSS_WITH_AES_256_CBC_SHA, TLS_DHE_RSA_WITH_AES_128_CBC_SHA, TLS_DHE_DSS_WITH_AES_128_CBC_SHA, TLS_RSA_WITH_AES_256_GCM_SHA384, TLS_RSA_WITH_AES_128_GCM_SHA256, TLS_RSA_WITH_AES_256_CBC_SHA256, TLS_RSA_WITH_AES_128_CBC_SHA256, TLS_RSA_WITH_AES_256_CBC_SHA, TLS_RSA_WITH_AES_128_CBC_SHA, TLS_EMPTY_RENEGOTIATION_INFO_SCSV]
08:17:53.656 [TestNG-PoolService-1] DEBUG org.apache.hc.client5.http.ssl.SSLConnectionSocketFactory -- Enabled cipher suites: [TLS_AES_256_GCM_SHA384, TLS_AES_128_GCM_SHA256, TLS_CHACHA20_POLY1305_SHA256, TLS_ECDHE_ECDSA_WITH_AES_256_GCM_SHA384, TLS_ECDHE_ECDSA_WITH_AES_128_GCM_SHA256, TLS_ECDHE_ECDSA_WITH_CHACHA20_POLY1305_SHA256, TLS_ECDHE_RSA_WITH_AES_256_GCM_SHA384, TLS_ECDHE_RSA_WITH_CHACHA20_POLY1305_SHA256, TLS_ECDHE_RSA_WITH_AES_128_GCM_SHA256, TLS_DHE_RSA_WITH_AES_256_GCM_SHA384, TLS_DHE_RSA_WITH_CHACHA20_POLY1305_SHA256, TLS_DHE_DSS_WITH_AES_256_GCM_SHA384, TLS_DHE_RSA_WITH_AES_128_GCM_SHA256, TLS_DHE_DSS_WITH_AES_128_GCM_SHA256, TLS_ECDHE_ECDSA_WITH_AES_256_CBC_SHA384, TLS_ECDHE_RSA_WITH_AES_256_CBC_SHA384, TLS_ECDHE_ECDSA_WITH_AES_128_CBC_SHA256, TLS_ECDHE_RSA_WITH_AES_128_CBC_SHA256, TLS_DHE_RSA_WITH_AES_256_CBC_SHA256, TLS_DHE_DSS_WITH_AES_256_CBC_SHA256, TLS_DHE_RSA_WITH_AES_128_CBC_SHA256, TLS_DHE_DSS_WITH_AES_128_CBC_SHA256, TLS_ECDHE_ECDSA_WITH_AES_256_CBC_SHA, TLS_ECDHE_RSA_WITH_AES_256_CBC_SHA, TLS_ECDHE_ECDSA_WITH_AES_128_CBC_SHA, TLS_ECDHE_RSA_WITH_AES_128_CBC_SHA, TLS_DHE_RSA_WITH_AES_256_CBC_SHA, TLS_DHE_DSS_WITH_AES_256_CBC_SHA, TLS_DHE_RSA_WITH_AES_128_CBC_SHA, TLS_DHE_DSS_WITH_AES_128_CBC_SHA, TLS_RSA_WITH_AES_256_GCM_SHA384, TLS_RSA_WITH_AES_128_GCM_SHA256, TLS_RSA_WITH_AES_256_CBC_SHA256, TLS_RSA_WITH_AES_128_CBC_SHA256, TLS_RSA_WITH_AES_256_CBC_SHA, TLS_RSA_WITH_AES_128_CBC_SHA, TLS_EMPTY_RENEGOTIATION_INFO_SCSV]
08:17:53.656 [TestNG-PoolService-2] DEBUG org.apache.hc.client5.http.ssl.SSLConnectionSocketFactory -- Enabled cipher suites: [TLS_AES_256_GCM_SHA384, TLS_AES_128_GCM_SHA256, TLS_CHACHA20_POLY1305_SHA256, TLS_ECDHE_ECDSA_WITH_AES_256_GCM_SHA384, TLS_ECDHE_ECDSA_WITH_AES_128_GCM_SHA256, TLS_ECDHE_ECDSA_WITH_CHACHA20_POLY1305_SHA256, TLS_ECDHE_RSA_WITH_AES_256_GCM_SHA384, TLS_ECDHE_RSA_WITH_CHACHA20_POLY1305_SHA256, TLS_ECDHE_RSA_WITH_AES_128_GCM_SHA256, TLS_DHE_RSA_WITH_AES_256_GCM_SHA384, TLS_DHE_RSA_WITH_CHACHA20_POLY1305_SHA256, TLS_DHE_DSS_WITH_AES_256_GCM_SHA384, TLS_DHE_RSA_WITH_AES_128_GCM_SHA256, TLS_DHE_DSS_WITH_AES_128_GCM_SHA256, TLS_ECDHE_ECDSA_WITH_AES_256_CBC_SHA384, TLS_ECDHE_RSA_WITH_AES_256_CBC_SHA384, TLS_ECDHE_ECDSA_WITH_AES_128_CBC_SHA256, TLS_ECDHE_RSA_WITH_AES_128_CBC_SHA256, TLS_DHE_RSA_WITH_AES_256_CBC_SHA256, TLS_DHE_DSS_WITH_AES_256_CBC_SHA256, TLS_DHE_RSA_WITH_AES_128_CBC_SHA256, TLS_DHE_DSS_WITH_AES_128_CBC_SHA256, TLS_ECDHE_ECDSA_WITH_AES_256_CBC_SHA, TLS_ECDHE_RSA_WITH_AES_256_CBC_SHA, TLS_ECDHE_ECDSA_WITH_AES_128_CBC_SHA, TLS_ECDHE_RSA_WITH_AES_128_CBC_SHA, TLS_DHE_RSA_WITH_AES_256_CBC_SHA, TLS_DHE_DSS_WITH_AES_256_CBC_SHA, TLS_DHE_RSA_WITH_AES_128_CBC_SHA, TLS_DHE_DSS_WITH_AES_128_CBC_SHA, TLS_RSA_WITH_AES_256_GCM_SHA384, TLS_RSA_WITH_AES_128_GCM_SHA256, TLS_RSA_WITH_AES_256_CBC_SHA256, TLS_RSA_WITH_AES_128_CBC_SHA256, TLS_RSA_WITH_AES_256_CBC_SHA, TLS_RSA_WITH_AES_128_CBC_SHA, TLS_EMPTY_RENEGOTIATION_INFO_SCSV]
08:17:53.657 [TestNG-PoolService-3] DEBUG org.apache.hc.client5.http.ssl.SSLConnectionSocketFactory -- Starting handshake (null)
08:17:53.658 [TestNG-PoolService-1] DEBUG org.apache.hc.client5.http.ssl.SSLConnectionSocketFactory -- Starting handshake (null)
08:17:53.659 [TestNG-PoolService-2] DEBUG org.apache.hc.client5.http.ssl.SSLConnectionSocketFactory -- Starting handshake (null)
08:17:54.124 [TestNG-PoolService-1] DEBUG org.apache.hc.client5.http.ssl.SSLConnectionSocketFactory -- Secure session established
08:17:54.126 [TestNG-PoolService-1] DEBUG org.apache.hc.client5.http.ssl.SSLConnectionSocketFactory --  negotiated protocol: TLSv1.3
08:17:54.126 [TestNG-PoolService-1] DEBUG org.apache.hc.client5.http.ssl.SSLConnectionSocketFactory --  negotiated cipher suite: TLS_AES_128_GCM_SHA256
08:17:54.129 [TestNG-PoolService-2] DEBUG org.apache.hc.client5.http.ssl.SSLConnectionSocketFactory -- Secure session established
08:17:54.129 [TestNG-PoolService-3] DEBUG org.apache.hc.client5.http.ssl.SSLConnectionSocketFactory -- Secure session established
08:17:54.129 [TestNG-PoolService-2] DEBUG org.apache.hc.client5.http.ssl.SSLConnectionSocketFactory --  negotiated protocol: TLSv1.3
08:17:54.130 [TestNG-PoolService-3] DEBUG org.apache.hc.client5.http.ssl.SSLConnectionSocketFactory --  negotiated protocol: TLSv1.3
08:17:54.130 [TestNG-PoolService-3] DEBUG org.apache.hc.client5.http.ssl.SSLConnectionSocketFactory --  negotiated cipher suite: TLS_AES_128_GCM_SHA256
08:17:54.130 [TestNG-PoolService-2] DEBUG org.apache.hc.client5.http.ssl.SSLConnectionSocketFactory --  negotiated cipher suite: TLS_AES_128_GCM_SHA256
08:17:54.127 [TestNG-PoolService-1] DEBUG org.apache.hc.client5.http.ssl.SSLConnectionSocketFactory --  peer principal: CN=*.github.io
08:17:54.130 [TestNG-PoolService-2] DEBUG org.apache.hc.client5.http.ssl.SSLConnectionSocketFactory --  peer principal: CN=*.github.io
08:17:54.130 [TestNG-PoolService-3] DEBUG org.apache.hc.client5.http.ssl.SSLConnectionSocketFactory --  peer principal: CN=*.github.io
08:17:54.131 [TestNG-PoolService-2] DEBUG org.apache.hc.client5.http.ssl.SSLConnectionSocketFactory --  peer alternative names: [*.github.io, *.github.com, *.githubusercontent.com, github.com, github.io, githubusercontent.com, www.github.com]
08:17:54.131 [TestNG-PoolService-1] DEBUG org.apache.hc.client5.http.ssl.SSLConnectionSocketFactory --  peer alternative names: [*.github.io, *.github.com, *.githubusercontent.com, github.com, github.io, githubusercontent.com, www.github.com]
08:17:54.131 [TestNG-PoolService-3] DEBUG org.apache.hc.client5.http.ssl.SSLConnectionSocketFactory --  peer alternative names: [*.github.io, *.github.com, *.githubusercontent.com, github.com, github.io, githubusercontent.com, www.github.com]
08:17:54.131 [TestNG-PoolService-2] DEBUG org.apache.hc.client5.http.ssl.SSLConnectionSocketFactory --  issuer principal: CN=Sectigo RSA Domain Validation Secure Server CA, O=Sectigo Limited, L=Salford, ST=Greater Manchester, C=GB
08:17:54.132 [TestNG-PoolService-1] DEBUG org.apache.hc.client5.http.ssl.SSLConnectionSocketFactory --  issuer principal: CN=Sectigo RSA Domain Validation Secure Server CA, O=Sectigo Limited, L=Salford, ST=Greater Manchester, C=GB
08:17:54.132 [TestNG-PoolService-3] DEBUG org.apache.hc.client5.http.ssl.SSLConnectionSocketFactory --  issuer principal: CN=Sectigo RSA Domain Validation Secure Server CA, O=Sectigo Limited, L=Salford, ST=Greater Manchester, C=GB
08:17:54.133 [TestNG-PoolService-3] DEBUG org.apache.hc.client5.http.impl.io.DefaultManagedHttpClientConnection -- http-outgoing-0 set socket timeout to 3 MINUTES
08:17:54.133 [TestNG-PoolService-2] DEBUG org.apache.hc.client5.http.impl.io.DefaultManagedHttpClientConnection -- http-outgoing-1 set socket timeout to 3 MINUTES
08:17:54.133 [TestNG-PoolService-3] DEBUG org.apache.hc.client5.http.impl.io.DefaultHttpClientConnectionOperator -- raw.githubusercontent.com:443 connected null->raw.githubusercontent.com/185.199.108.133:443 as http-outgoing-0
08:17:54.133 [TestNG-PoolService-3] DEBUG org.apache.hc.client5.http.impl.io.PoolingHttpClientConnectionManager -- ep-0000000003 connected http-outgoing-0
08:17:54.133 [TestNG-PoolService-3] DEBUG org.apache.hc.client5.http.impl.classic.InternalHttpClient -- ep-0000000003 endpoint connected
08:17:54.133 [TestNG-PoolService-1] DEBUG org.apache.hc.client5.http.impl.io.DefaultManagedHttpClientConnection -- http-outgoing-2 set socket timeout to 3 MINUTES
08:17:54.133 [TestNG-PoolService-2] DEBUG org.apache.hc.client5.http.impl.io.DefaultHttpClientConnectionOperator -- raw.githubusercontent.com:443 connected null->raw.githubusercontent.com/185.199.108.133:443 as http-outgoing-1
08:17:54.134 [TestNG-PoolService-1] DEBUG org.apache.hc.client5.http.impl.io.DefaultHttpClientConnectionOperator -- raw.githubusercontent.com:443 connected null->raw.githubusercontent.com/185.199.108.133:443 as http-outgoing-2
08:17:54.134 [TestNG-PoolService-1] DEBUG org.apache.hc.client5.http.impl.io.PoolingHttpClientConnectionManager -- ep-0000000002 connected http-outgoing-2
08:17:54.134 [TestNG-PoolService-1] DEBUG org.apache.hc.client5.http.impl.classic.InternalHttpClient -- ep-0000000002 endpoint connected
08:17:54.134 [TestNG-PoolService-2] DEBUG org.apache.hc.client5.http.impl.io.PoolingHttpClientConnectionManager -- ep-0000000001 connected http-outgoing-1
08:17:54.134 [TestNG-PoolService-2] DEBUG org.apache.hc.client5.http.impl.classic.InternalHttpClient -- ep-0000000001 endpoint connected
08:17:54.137 [TestNG-PoolService-1] DEBUG org.apache.hc.client5.http.impl.classic.MainClientExec -- ex-0000000001 executing GET /bonigarcia/webdrivermanager/master/src/main/resources/commands.properties HTTP/1.1
08:17:54.137 [TestNG-PoolService-3] DEBUG org.apache.hc.client5.http.impl.classic.MainClientExec -- ex-0000000003 executing GET /bonigarcia/webdrivermanager/master/src/main/resources/commands.properties HTTP/1.1
08:17:54.137 [TestNG-PoolService-1] DEBUG org.apache.hc.client5.http.protocol.RequestAddCookies -- ex-0000000001 Cookie spec selected: strict
08:17:54.137 [TestNG-PoolService-2] DEBUG org.apache.hc.client5.http.impl.classic.MainClientExec -- ex-0000000002 executing GET /bonigarcia/webdrivermanager/master/src/main/resources/commands.properties HTTP/1.1
08:17:54.138 [TestNG-PoolService-2] DEBUG org.apache.hc.client5.http.protocol.RequestAddCookies -- ex-0000000002 Cookie spec selected: strict
08:17:54.137 [TestNG-PoolService-3] DEBUG org.apache.hc.client5.http.protocol.RequestAddCookies -- ex-0000000003 Cookie spec selected: strict
08:17:54.166 [TestNG-PoolService-1] DEBUG org.apache.hc.client5.http.impl.classic.InternalHttpClient -- ep-0000000002 start execution ex-0000000001
08:17:54.166 [TestNG-PoolService-2] DEBUG org.apache.hc.client5.http.impl.classic.InternalHttpClient -- ep-0000000001 start execution ex-0000000002
08:17:54.167 [TestNG-PoolService-1] DEBUG org.apache.hc.client5.http.impl.io.PoolingHttpClientConnectionManager -- ep-0000000002 executing exchange ex-0000000001 over http-outgoing-2
08:17:54.166 [TestNG-PoolService-3] DEBUG org.apache.hc.client5.http.impl.classic.InternalHttpClient -- ep-0000000003 start execution ex-0000000003
08:17:54.167 [TestNG-PoolService-2] DEBUG org.apache.hc.client5.http.impl.io.PoolingHttpClientConnectionManager -- ep-0000000001 executing exchange ex-0000000002 over http-outgoing-1
08:17:54.167 [TestNG-PoolService-3] DEBUG org.apache.hc.client5.http.impl.io.PoolingHttpClientConnectionManager -- ep-0000000003 executing exchange ex-0000000003 over http-outgoing-0
08:17:54.168 [TestNG-PoolService-1] DEBUG org.apache.hc.client5.http.headers -- http-outgoing-2 >> GET /bonigarcia/webdrivermanager/master/src/main/resources/commands.properties HTTP/1.1
08:17:54.168 [TestNG-PoolService-2] DEBUG org.apache.hc.client5.http.headers -- http-outgoing-1 >> GET /bonigarcia/webdrivermanager/master/src/main/resources/commands.properties HTTP/1.1
08:17:54.168 [TestNG-PoolService-3] DEBUG org.apache.hc.client5.http.headers -- http-outgoing-0 >> GET /bonigarcia/webdrivermanager/master/src/main/resources/commands.properties HTTP/1.1
08:17:54.169 [TestNG-PoolService-3] DEBUG org.apache.hc.client5.http.headers -- http-outgoing-0 >> user-agent: Apache-HttpClient/5.0
08:17:54.169 [TestNG-PoolService-3] DEBUG org.apache.hc.client5.http.headers -- http-outgoing-0 >> accept-encoding: gzip, deflate, br
08:17:54.169 [TestNG-PoolService-3] DEBUG org.apache.hc.client5.http.headers -- http-outgoing-0 >> cache-control: max-age=0
08:17:54.169 [TestNG-PoolService-1] DEBUG org.apache.hc.client5.http.headers -- http-outgoing-2 >> user-agent: Apache-HttpClient/5.0
08:17:54.170 [TestNG-PoolService-3] DEBUG org.apache.hc.client5.http.headers -- http-outgoing-0 >> connection: keep-alive
08:17:54.169 [TestNG-PoolService-2] DEBUG org.apache.hc.client5.http.headers -- http-outgoing-1 >> user-agent: Apache-HttpClient/5.0
08:17:54.170 [TestNG-PoolService-1] DEBUG org.apache.hc.client5.http.headers -- http-outgoing-2 >> accept-encoding: gzip, deflate, br
08:17:54.170 [TestNG-PoolService-3] DEBUG org.apache.hc.client5.http.headers -- http-outgoing-0 >> Host: raw.githubusercontent.com
08:17:54.170 [TestNG-PoolService-2] DEBUG org.apache.hc.client5.http.headers -- http-outgoing-1 >> accept-encoding: gzip, deflate, br
08:17:54.170 [TestNG-PoolService-1] DEBUG org.apache.hc.client5.http.headers -- http-outgoing-2 >> cache-control: max-age=0
08:17:54.171 [TestNG-PoolService-2] DEBUG org.apache.hc.client5.http.headers -- http-outgoing-1 >> cache-control: max-age=0
08:17:54.171 [TestNG-PoolService-3] DEBUG org.apache.hc.client5.http.wire -- http-outgoing-0 >> "GET /bonigarcia/webdrivermanager/master/src/main/resources/commands.properties HTTP/1.1[\r][\n]"
08:17:54.171 [TestNG-PoolService-1] DEBUG org.apache.hc.client5.http.headers -- http-outgoing-2 >> connection: keep-alive
08:17:54.172 [TestNG-PoolService-1] DEBUG org.apache.hc.client5.http.headers -- http-outgoing-2 >> Host: raw.githubusercontent.com
08:17:54.171 [TestNG-PoolService-2] DEBUG org.apache.hc.client5.http.headers -- http-outgoing-1 >> connection: keep-alive
08:17:54.171 [TestNG-PoolService-3] DEBUG org.apache.hc.client5.http.wire -- http-outgoing-0 >> "user-agent: Apache-HttpClient/5.0[\r][\n]"
08:17:54.172 [TestNG-PoolService-1] DEBUG org.apache.hc.client5.http.wire -- http-outgoing-2 >> "GET /bonigarcia/webdrivermanager/master/src/main/resources/commands.properties HTTP/1.1[\r][\n]"
08:17:54.172 [TestNG-PoolService-2] DEBUG org.apache.hc.client5.http.headers -- http-outgoing-1 >> Host: raw.githubusercontent.com
08:17:54.173 [TestNG-PoolService-3] DEBUG org.apache.hc.client5.http.wire -- http-outgoing-0 >> "accept-encoding: gzip, deflate, br[\r][\n]"
08:17:54.173 [TestNG-PoolService-1] DEBUG org.apache.hc.client5.http.wire -- http-outgoing-2 >> "user-agent: Apache-HttpClient/5.0[\r][\n]"
08:17:54.173 [TestNG-PoolService-2] DEBUG org.apache.hc.client5.http.wire -- http-outgoing-1 >> "GET /bonigarcia/webdrivermanager/master/src/main/resources/commands.properties HTTP/1.1[\r][\n]"
08:17:54.173 [TestNG-PoolService-1] DEBUG org.apache.hc.client5.http.wire -- http-outgoing-2 >> "accept-encoding: gzip, deflate, br[\r][\n]"
08:17:54.173 [TestNG-PoolService-3] DEBUG org.apache.hc.client5.http.wire -- http-outgoing-0 >> "cache-control: max-age=0[\r][\n]"
08:17:54.174 [TestNG-PoolService-3] DEBUG org.apache.hc.client5.http.wire -- http-outgoing-0 >> "connection: keep-alive[\r][\n]"
08:17:54.174 [TestNG-PoolService-2] DEBUG org.apache.hc.client5.http.wire -- http-outgoing-1 >> "user-agent: Apache-HttpClient/5.0[\r][\n]"
08:17:54.174 [TestNG-PoolService-1] DEBUG org.apache.hc.client5.http.wire -- http-outgoing-2 >> "cache-control: max-age=0[\r][\n]"
08:17:54.174 [TestNG-PoolService-3] DEBUG org.apache.hc.client5.http.wire -- http-outgoing-0 >> "Host: raw.githubusercontent.com[\r][\n]"
08:17:54.174 [TestNG-PoolService-2] DEBUG org.apache.hc.client5.http.wire -- http-outgoing-1 >> "accept-encoding: gzip, deflate, br[\r][\n]"
08:17:54.174 [TestNG-PoolService-1] DEBUG org.apache.hc.client5.http.wire -- http-outgoing-2 >> "connection: keep-alive[\r][\n]"
08:17:54.174 [TestNG-PoolService-3] DEBUG org.apache.hc.client5.http.wire -- http-outgoing-0 >> "[\r][\n]"
08:17:54.175 [TestNG-PoolService-1] DEBUG org.apache.hc.client5.http.wire -- http-outgoing-2 >> "Host: raw.githubusercontent.com[\r][\n]"
08:17:54.174 [TestNG-PoolService-2] DEBUG org.apache.hc.client5.http.wire -- http-outgoing-1 >> "cache-control: max-age=0[\r][\n]"
08:17:54.175 [TestNG-PoolService-1] DEBUG org.apache.hc.client5.http.wire -- http-outgoing-2 >> "[\r][\n]"
08:17:54.175 [TestNG-PoolService-2] DEBUG org.apache.hc.client5.http.wire -- http-outgoing-1 >> "connection: keep-alive[\r][\n]"
08:17:54.175 [TestNG-PoolService-2] DEBUG org.apache.hc.client5.http.wire -- http-outgoing-1 >> "Host: raw.githubusercontent.com[\r][\n]"
08:17:54.176 [TestNG-PoolService-2] DEBUG org.apache.hc.client5.http.wire -- http-outgoing-1 >> "[\r][\n]"
08:17:54.197 [TestNG-PoolService-3] DEBUG org.apache.hc.client5.http.wire -- http-outgoing-0 << "HTTP/1.1 200 OK[\r][\n]"
08:17:54.198 [TestNG-PoolService-3] DEBUG org.apache.hc.client5.http.wire -- http-outgoing-0 << "Connection: keep-alive[\r][\n]"
08:17:54.198 [TestNG-PoolService-3] DEBUG org.apache.hc.client5.http.wire -- http-outgoing-0 << "Content-Length: 946[\r][\n]"
08:17:54.198 [TestNG-PoolService-3] DEBUG org.apache.hc.client5.http.wire -- http-outgoing-0 << "Cache-Control: max-age=300[\r][\n]"
08:17:54.198 [TestNG-PoolService-3] DEBUG org.apache.hc.client5.http.wire -- http-outgoing-0 << "Content-Security-Policy: default-src 'none'; style-src 'unsafe-inline'; sandbox[\r][\n]"
08:17:54.198 [TestNG-PoolService-3] DEBUG org.apache.hc.client5.http.wire -- http-outgoing-0 << "Content-Type: text/plain; charset=utf-8[\r][\n]"
08:17:54.198 [TestNG-PoolService-3] DEBUG org.apache.hc.client5.http.wire -- http-outgoing-0 << "ETag: W/"dc0c32cea2dfa86f6cf10513cf8a64e1e8817484a415b658b4eecd962d4deaee"[\r][\n]"
08:17:54.198 [TestNG-PoolService-3] DEBUG org.apache.hc.client5.http.wire -- http-outgoing-0 << "Strict-Transport-Security: max-age=31536000[\r][\n]"
08:17:54.198 [TestNG-PoolService-3] DEBUG org.apache.hc.client5.http.wire -- http-outgoing-0 << "X-Content-Type-Options: nosniff[\r][\n]"
08:17:54.198 [TestNG-PoolService-3] DEBUG org.apache.hc.client5.http.wire -- http-outgoing-0 << "X-Frame-Options: deny[\r][\n]"
08:17:54.198 [TestNG-PoolService-3] DEBUG org.apache.hc.client5.http.wire -- http-outgoing-0 << "X-XSS-Protection: 1; mode=block[\r][\n]"
08:17:54.199 [TestNG-PoolService-3] DEBUG org.apache.hc.client5.http.wire -- http-outgoing-0 << "X-GitHub-Request-Id: EB25:30DADE:3099F:85589:689A58AD[\r][\n]"
08:17:54.199 [TestNG-PoolService-3] DEBUG org.apache.hc.client5.http.wire -- http-outgoing-0 << "Content-Encoding: gzip[\r][\n]"
08:17:54.199 [TestNG-PoolService-3] DEBUG org.apache.hc.client5.http.wire -- http-outgoing-0 << "Accept-Ranges: bytes[\r][\n]"
08:17:54.199 [TestNG-PoolService-1] DEBUG org.apache.hc.client5.http.wire -- http-outgoing-2 << "HTTP/1.1 200 OK[\r][\n]"
08:17:54.199 [TestNG-PoolService-1] DEBUG org.apache.hc.client5.http.wire -- http-outgoing-2 << "Connection: keep-alive[\r][\n]"
08:17:54.199 [TestNG-PoolService-3] DEBUG org.apache.hc.client5.http.wire -- http-outgoing-0 << "Date: Fri, 05 Sep 2025 02:47:54 GMT[\r][\n]"
08:17:54.199 [TestNG-PoolService-3] DEBUG org.apache.hc.client5.http.wire -- http-outgoing-0 << "Via: 1.1 varnish[\r][\n]"
08:17:54.200 [TestNG-PoolService-3] DEBUG org.apache.hc.client5.http.wire -- http-outgoing-0 << "X-Served-By: cache-maa10236-MAA[\r][\n]"
08:17:54.200 [TestNG-PoolService-3] DEBUG org.apache.hc.client5.http.wire -- http-outgoing-0 << "X-Cache: HIT[\r][\n]"
08:17:54.199 [TestNG-PoolService-1] DEBUG org.apache.hc.client5.http.wire -- http-outgoing-2 << "Content-Length: 946[\r][\n]"
08:17:54.200 [TestNG-PoolService-1] DEBUG org.apache.hc.client5.http.wire -- http-outgoing-2 << "Cache-Control: max-age=300[\r][\n]"
08:17:54.200 [TestNG-PoolService-1] DEBUG org.apache.hc.client5.http.wire -- http-outgoing-2 << "Content-Security-Policy: default-src 'none'; style-src 'unsafe-inline'; sandbox[\r][\n]"
08:17:54.200 [TestNG-PoolService-1] DEBUG org.apache.hc.client5.http.wire -- http-outgoing-2 << "Content-Type: text/plain; charset=utf-8[\r][\n]"
08:17:54.200 [TestNG-PoolService-1] DEBUG org.apache.hc.client5.http.wire -- http-outgoing-2 << "ETag: W/"dc0c32cea2dfa86f6cf10513cf8a64e1e8817484a415b658b4eecd962d4deaee"[\r][\n]"
08:17:54.201 [TestNG-PoolService-1] DEBUG org.apache.hc.client5.http.wire -- http-outgoing-2 << "Strict-Transport-Security: max-age=31536000[\r][\n]"
08:17:54.201 [TestNG-PoolService-1] DEBUG org.apache.hc.client5.http.wire -- http-outgoing-2 << "X-Content-Type-Options: nosniff[\r][\n]"
08:17:54.201 [TestNG-PoolService-1] DEBUG org.apache.hc.client5.http.wire -- http-outgoing-2 << "X-Frame-Options: deny[\r][\n]"
08:17:54.201 [TestNG-PoolService-1] DEBUG org.apache.hc.client5.http.wire -- http-outgoing-2 << "X-XSS-Protection: 1; mode=block[\r][\n]"
08:17:54.201 [TestNG-PoolService-1] DEBUG org.apache.hc.client5.http.wire -- http-outgoing-2 << "X-GitHub-Request-Id: EB25:30DADE:3099F:85589:689A58AD[\r][\n]"
08:17:54.201 [TestNG-PoolService-1] DEBUG org.apache.hc.client5.http.wire -- http-outgoing-2 << "Content-Encoding: gzip[\r][\n]"
08:17:54.202 [TestNG-PoolService-1] DEBUG org.apache.hc.client5.http.wire -- http-outgoing-2 << "Accept-Ranges: bytes[\r][\n]"
08:17:54.202 [TestNG-PoolService-1] DEBUG org.apache.hc.client5.http.wire -- http-outgoing-2 << "Date: Fri, 05 Sep 2025 02:47:54 GMT[\r][\n]"
08:17:54.202 [TestNG-PoolService-1] DEBUG org.apache.hc.client5.http.wire -- http-outgoing-2 << "Via: 1.1 varnish[\r][\n]"
08:17:54.200 [TestNG-PoolService-3] DEBUG org.apache.hc.client5.http.wire -- http-outgoing-0 << "X-Cache-Hits: 1[\r][\n]"
08:17:54.200 [TestNG-PoolService-2] DEBUG org.apache.hc.client5.http.wire -- http-outgoing-1 << "HTTP/1.1 200 OK[\r][\n]"
08:17:54.202 [TestNG-PoolService-1] DEBUG org.apache.hc.client5.http.wire -- http-outgoing-2 << "X-Served-By: cache-maa10242-MAA[\r][\n]"
08:17:54.203 [TestNG-PoolService-1] DEBUG org.apache.hc.client5.http.wire -- http-outgoing-2 << "X-Cache: HIT[\r][\n]"
08:17:54.202 [TestNG-PoolService-3] DEBUG org.apache.hc.client5.http.wire -- http-outgoing-0 << "X-Timer: S1757040475.878384,VS0,VE1[\r][\n]"
08:17:54.203 [TestNG-PoolService-2] DEBUG org.apache.hc.client5.http.wire -- http-outgoing-1 << "Connection: keep-alive[\r][\n]"
08:17:54.203 [TestNG-PoolService-2] DEBUG org.apache.hc.client5.http.wire -- http-outgoing-1 << "Content-Length: 946[\r][\n]"
08:17:54.203 [TestNG-PoolService-1] DEBUG org.apache.hc.client5.http.wire -- http-outgoing-2 << "X-Cache-Hits: 3[\r][\n]"
08:17:54.203 [TestNG-PoolService-3] DEBUG org.apache.hc.client5.http.wire -- http-outgoing-0 << "Vary: Authorization,Accept-Encoding[\r][\n]"
08:17:54.203 [TestNG-PoolService-2] DEBUG org.apache.hc.client5.http.wire -- http-outgoing-1 << "Cache-Control: max-age=300[\r][\n]"
08:17:54.204 [TestNG-PoolService-1] DEBUG org.apache.hc.client5.http.wire -- http-outgoing-2 << "X-Timer: S1757040475.881227,VS0,VE0[\r][\n]"
08:17:54.204 [TestNG-PoolService-1] DEBUG org.apache.hc.client5.http.wire -- http-outgoing-2 << "Vary: Authorization,Accept-Encoding[\r][\n]"
08:17:54.204 [TestNG-PoolService-3] DEBUG org.apache.hc.client5.http.wire -- http-outgoing-0 << "Access-Control-Allow-Origin: *[\r][\n]"
08:17:54.204 [TestNG-PoolService-2] DEBUG org.apache.hc.client5.http.wire -- http-outgoing-1 << "Content-Security-Policy: default-src 'none'; style-src 'unsafe-inline'; sandbox[\r][\n]"
08:17:54.205 [TestNG-PoolService-2] DEBUG org.apache.hc.client5.http.wire -- http-outgoing-1 << "Content-Type: text/plain; charset=utf-8[\r][\n]"
08:17:54.205 [TestNG-PoolService-2] DEBUG org.apache.hc.client5.http.wire -- http-outgoing-1 << "ETag: W/"dc0c32cea2dfa86f6cf10513cf8a64e1e8817484a415b658b4eecd962d4deaee"[\r][\n]"
08:17:54.205 [TestNG-PoolService-2] DEBUG org.apache.hc.client5.http.wire -- http-outgoing-1 << "Strict-Transport-Security: max-age=31536000[\r][\n]"
08:17:54.205 [TestNG-PoolService-2] DEBUG org.apache.hc.client5.http.wire -- http-outgoing-1 << "X-Content-Type-Options: nosniff[\r][\n]"
08:17:54.205 [TestNG-PoolService-2] DEBUG org.apache.hc.client5.http.wire -- http-outgoing-1 << "X-Frame-Options: deny[\r][\n]"
08:17:54.206 [TestNG-PoolService-2] DEBUG org.apache.hc.client5.http.wire -- http-outgoing-1 << "X-XSS-Protection: 1; mode=block[\r][\n]"
08:17:54.206 [TestNG-PoolService-2] DEBUG org.apache.hc.client5.http.wire -- http-outgoing-1 << "X-GitHub-Request-Id: EB25:30DADE:3099F:85589:689A58AD[\r][\n]"
08:17:54.206 [TestNG-PoolService-2] DEBUG org.apache.hc.client5.http.wire -- http-outgoing-1 << "Content-Encoding: gzip[\r][\n]"
08:17:54.204 [TestNG-PoolService-1] DEBUG org.apache.hc.client5.http.wire -- http-outgoing-2 << "Access-Control-Allow-Origin: *[\r][\n]"
08:17:54.205 [TestNG-PoolService-3] DEBUG org.apache.hc.client5.http.wire -- http-outgoing-0 << "Cross-Origin-Resource-Policy: cross-origin[\r][\n]"
08:17:54.206 [TestNG-PoolService-1] DEBUG org.apache.hc.client5.http.wire -- http-outgoing-2 << "Cross-Origin-Resource-Policy: cross-origin[\r][\n]"
08:17:54.206 [TestNG-PoolService-3] DEBUG org.apache.hc.client5.http.wire -- http-outgoing-0 << "X-Fastly-Request-ID: 620197e709d00d3ce4b5623edd5ce3225a1c6734[\r][\n]"
08:17:54.207 [TestNG-PoolService-3] DEBUG org.apache.hc.client5.http.wire -- http-outgoing-0 << "Expires: Fri, 05 Sep 2025 02:52:54 GMT[\r][\n]"
08:17:54.207 [TestNG-PoolService-3] DEBUG org.apache.hc.client5.http.wire -- http-outgoing-0 << "Source-Age: 239[\r][\n]"
08:17:54.207 [TestNG-PoolService-3] DEBUG org.apache.hc.client5.http.wire -- http-outgoing-0 << "[\r][\n]"
08:17:54.206 [TestNG-PoolService-2] DEBUG org.apache.hc.client5.http.wire -- http-outgoing-1 << "Accept-Ranges: bytes[\r][\n]"
08:17:54.207 [TestNG-PoolService-2] DEBUG org.apache.hc.client5.http.wire -- http-outgoing-1 << "Date: Fri, 05 Sep 2025 02:47:54 GMT[\r][\n]"
08:17:54.207 [TestNG-PoolService-2] DEBUG org.apache.hc.client5.http.wire -- http-outgoing-1 << "Via: 1.1 varnish[\r][\n]"
08:17:54.207 [TestNG-PoolService-2] DEBUG org.apache.hc.client5.http.wire -- http-outgoing-1 << "X-Served-By: cache-maa10231-MAA[\r][\n]"
08:17:54.207 [TestNG-PoolService-2] DEBUG org.apache.hc.client5.http.wire -- http-outgoing-1 << "X-Cache: HIT[\r][\n]"
08:17:54.207 [TestNG-PoolService-2] DEBUG org.apache.hc.client5.http.wire -- http-outgoing-1 << "X-Cache-Hits: 2[\r][\n]"
08:17:54.208 [TestNG-PoolService-2] DEBUG org.apache.hc.client5.http.wire -- http-outgoing-1 << "X-Timer: S1757040475.881217,VS0,VE0[\r][\n]"
08:17:54.208 [TestNG-PoolService-2] DEBUG org.apache.hc.client5.http.wire -- http-outgoing-1 << "Vary: Authorization,Accept-Encoding[\r][\n]"
08:17:54.208 [TestNG-PoolService-2] DEBUG org.apache.hc.client5.http.wire -- http-outgoing-1 << "Access-Control-Allow-Origin: *[\r][\n]"
08:17:54.208 [TestNG-PoolService-2] DEBUG org.apache.hc.client5.http.wire -- http-outgoing-1 << "Cross-Origin-Resource-Policy: cross-origin[\r][\n]"
08:17:54.208 [TestNG-PoolService-2] DEBUG org.apache.hc.client5.http.wire -- http-outgoing-1 << "X-Fastly-Request-ID: 9858eee8b3c2cb364357e561363a96814e91525d[\r][\n]"
08:17:54.208 [TestNG-PoolService-2] DEBUG org.apache.hc.client5.http.wire -- http-outgoing-1 << "Expires: Fri, 05 Sep 2025 02:52:54 GMT[\r][\n]"
08:17:54.208 [TestNG-PoolService-2] DEBUG org.apache.hc.client5.http.wire -- http-outgoing-1 << "Source-Age: 238[\r][\n]"
08:17:54.206 [TestNG-PoolService-1] DEBUG org.apache.hc.client5.http.wire -- http-outgoing-2 << "X-Fastly-Request-ID: 58bf4abc1b5d53a53afdfdd55d449e33f60702a2[\r][\n]"
08:17:54.209 [TestNG-PoolService-1] DEBUG org.apache.hc.client5.http.wire -- http-outgoing-2 << "Expires: Fri, 05 Sep 2025 02:52:54 GMT[\r][\n]"
08:17:54.209 [TestNG-PoolService-1] DEBUG org.apache.hc.client5.http.wire -- http-outgoing-2 << "Source-Age: 239[\r][\n]"
08:17:54.209 [TestNG-PoolService-1] DEBUG org.apache.hc.client5.http.wire -- http-outgoing-2 << "[\r][\n]"
08:17:54.209 [TestNG-PoolService-2] DEBUG org.apache.hc.client5.http.wire -- http-outgoing-1 << "[\r][\n]"
08:17:54.215 [TestNG-PoolService-2] DEBUG org.apache.hc.client5.http.headers -- http-outgoing-1 << HTTP/1.1 200 OK
08:17:54.216 [TestNG-PoolService-2] DEBUG org.apache.hc.client5.http.headers -- http-outgoing-1 << Connection: keep-alive
08:17:54.216 [TestNG-PoolService-2] DEBUG org.apache.hc.client5.http.headers -- http-outgoing-1 << Content-Length: 946
08:17:54.216 [TestNG-PoolService-2] DEBUG org.apache.hc.client5.http.headers -- http-outgoing-1 << Cache-Control: max-age=300
08:17:54.216 [TestNG-PoolService-2] DEBUG org.apache.hc.client5.http.headers -- http-outgoing-1 << Content-Security-Policy: default-src 'none'; style-src 'unsafe-inline'; sandbox
08:17:54.216 [TestNG-PoolService-2] DEBUG org.apache.hc.client5.http.headers -- http-outgoing-1 << Content-Type: text/plain; charset=utf-8
08:17:54.216 [TestNG-PoolService-2] DEBUG org.apache.hc.client5.http.headers -- http-outgoing-1 << ETag: W/"dc0c32cea2dfa86f6cf10513cf8a64e1e8817484a415b658b4eecd962d4deaee"
08:17:54.216 [TestNG-PoolService-2] DEBUG org.apache.hc.client5.http.headers -- http-outgoing-1 << Strict-Transport-Security: max-age=31536000
08:17:54.216 [TestNG-PoolService-2] DEBUG org.apache.hc.client5.http.headers -- http-outgoing-1 << X-Content-Type-Options: nosniff
08:17:54.217 [TestNG-PoolService-3] DEBUG org.apache.hc.client5.http.headers -- http-outgoing-0 << HTTP/1.1 200 OK
08:17:54.217 [TestNG-PoolService-3] DEBUG org.apache.hc.client5.http.headers -- http-outgoing-0 << Connection: keep-alive
08:17:54.217 [TestNG-PoolService-2] DEBUG org.apache.hc.client5.http.headers -- http-outgoing-1 << X-Frame-Options: deny
08:17:54.218 [TestNG-PoolService-2] DEBUG org.apache.hc.client5.http.headers -- http-outgoing-1 << X-XSS-Protection: 1; mode=block
08:17:54.218 [TestNG-PoolService-2] DEBUG org.apache.hc.client5.http.headers -- http-outgoing-1 << X-GitHub-Request-Id: EB25:30DADE:3099F:85589:689A58AD
08:17:54.219 [TestNG-PoolService-2] DEBUG org.apache.hc.client5.http.headers -- http-outgoing-1 << Content-Encoding: gzip
08:17:54.218 [TestNG-PoolService-3] DEBUG org.apache.hc.client5.http.headers -- http-outgoing-0 << Content-Length: 946
08:17:54.219 [TestNG-PoolService-2] DEBUG org.apache.hc.client5.http.headers -- http-outgoing-1 << Accept-Ranges: bytes
08:17:54.219 [TestNG-PoolService-1] DEBUG org.apache.hc.client5.http.headers -- http-outgoing-2 << HTTP/1.1 200 OK
08:17:54.219 [TestNG-PoolService-2] DEBUG org.apache.hc.client5.http.headers -- http-outgoing-1 << Date: Fri, 05 Sep 2025 02:47:54 GMT
08:17:54.219 [TestNG-PoolService-2] DEBUG org.apache.hc.client5.http.headers -- http-outgoing-1 << Via: 1.1 varnish
08:17:54.219 [TestNG-PoolService-2] DEBUG org.apache.hc.client5.http.headers -- http-outgoing-1 << X-Served-By: cache-maa10231-MAA
08:17:54.219 [TestNG-PoolService-2] DEBUG org.apache.hc.client5.http.headers -- http-outgoing-1 << X-Cache: HIT
08:17:54.219 [TestNG-PoolService-2] DEBUG org.apache.hc.client5.http.headers -- http-outgoing-1 << X-Cache-Hits: 2
08:17:54.219 [TestNG-PoolService-3] DEBUG org.apache.hc.client5.http.headers -- http-outgoing-0 << Cache-Control: max-age=300
08:17:54.219 [TestNG-PoolService-1] DEBUG org.apache.hc.client5.http.headers -- http-outgoing-2 << Connection: keep-alive
08:17:54.220 [TestNG-PoolService-3] DEBUG org.apache.hc.client5.http.headers -- http-outgoing-0 << Content-Security-Policy: default-src 'none'; style-src 'unsafe-inline'; sandbox
08:17:54.220 [TestNG-PoolService-3] DEBUG org.apache.hc.client5.http.headers -- http-outgoing-0 << Content-Type: text/plain; charset=utf-8
08:17:54.220 [TestNG-PoolService-3] DEBUG org.apache.hc.client5.http.headers -- http-outgoing-0 << ETag: W/"dc0c32cea2dfa86f6cf10513cf8a64e1e8817484a415b658b4eecd962d4deaee"
08:17:54.220 [TestNG-PoolService-3] DEBUG org.apache.hc.client5.http.headers -- http-outgoing-0 << Strict-Transport-Security: max-age=31536000
08:17:54.220 [TestNG-PoolService-3] DEBUG org.apache.hc.client5.http.headers -- http-outgoing-0 << X-Content-Type-Options: nosniff
08:17:54.221 [TestNG-PoolService-3] DEBUG org.apache.hc.client5.http.headers -- http-outgoing-0 << X-Frame-Options: deny
08:17:54.221 [TestNG-PoolService-3] DEBUG org.apache.hc.client5.http.headers -- http-outgoing-0 << X-XSS-Protection: 1; mode=block
08:17:54.221 [TestNG-PoolService-3] DEBUG org.apache.hc.client5.http.headers -- http-outgoing-0 << X-GitHub-Request-Id: EB25:30DADE:3099F:85589:689A58AD
08:17:54.219 [TestNG-PoolService-2] DEBUG org.apache.hc.client5.http.headers -- http-outgoing-1 << X-Timer: S1757040475.881217,VS0,VE0
08:17:54.221 [TestNG-PoolService-2] DEBUG org.apache.hc.client5.http.headers -- http-outgoing-1 << Vary: Authorization,Accept-Encoding
08:17:54.220 [TestNG-PoolService-1] DEBUG org.apache.hc.client5.http.headers -- http-outgoing-2 << Content-Length: 946
08:17:54.221 [TestNG-PoolService-3] DEBUG org.apache.hc.client5.http.headers -- http-outgoing-0 << Content-Encoding: gzip
08:17:54.222 [TestNG-PoolService-1] DEBUG org.apache.hc.client5.http.headers -- http-outgoing-2 << Cache-Control: max-age=300
08:17:54.222 [TestNG-PoolService-2] DEBUG org.apache.hc.client5.http.headers -- http-outgoing-1 << Access-Control-Allow-Origin: *
08:17:54.222 [TestNG-PoolService-1] DEBUG org.apache.hc.client5.http.headers -- http-outgoing-2 << Content-Security-Policy: default-src 'none'; style-src 'unsafe-inline'; sandbox
08:17:54.222 [TestNG-PoolService-1] DEBUG org.apache.hc.client5.http.headers -- http-outgoing-2 << Content-Type: text/plain; charset=utf-8
08:17:54.222 [TestNG-PoolService-3] DEBUG org.apache.hc.client5.http.headers -- http-outgoing-0 << Accept-Ranges: bytes
08:17:54.222 [TestNG-PoolService-2] DEBUG org.apache.hc.client5.http.headers -- http-outgoing-1 << Cross-Origin-Resource-Policy: cross-origin
08:17:54.223 [TestNG-PoolService-3] DEBUG org.apache.hc.client5.http.headers -- http-outgoing-0 << Date: Fri, 05 Sep 2025 02:47:54 GMT
08:17:54.223 [TestNG-PoolService-1] DEBUG org.apache.hc.client5.http.headers -- http-outgoing-2 << ETag: W/"dc0c32cea2dfa86f6cf10513cf8a64e1e8817484a415b658b4eecd962d4deaee"
08:17:54.223 [TestNG-PoolService-1] DEBUG org.apache.hc.client5.http.headers -- http-outgoing-2 << Strict-Transport-Security: max-age=31536000
08:17:54.223 [TestNG-PoolService-2] DEBUG org.apache.hc.client5.http.headers -- http-outgoing-1 << X-Fastly-Request-ID: 9858eee8b3c2cb364357e561363a96814e91525d
08:17:54.223 [TestNG-PoolService-3] DEBUG org.apache.hc.client5.http.headers -- http-outgoing-0 << Via: 1.1 varnish
08:17:54.223 [TestNG-PoolService-3] DEBUG org.apache.hc.client5.http.headers -- http-outgoing-0 << X-Served-By: cache-maa10236-MAA
08:17:54.224 [TestNG-PoolService-3] DEBUG org.apache.hc.client5.http.headers -- http-outgoing-0 << X-Cache: HIT
08:17:54.223 [TestNG-PoolService-2] DEBUG org.apache.hc.client5.http.headers -- http-outgoing-1 << Expires: Fri, 05 Sep 2025 02:52:54 GMT
08:17:54.224 [TestNG-PoolService-3] DEBUG org.apache.hc.client5.http.headers -- http-outgoing-0 << X-Cache-Hits: 1
08:17:54.224 [TestNG-PoolService-3] DEBUG org.apache.hc.client5.http.headers -- http-outgoing-0 << X-Timer: S1757040475.878384,VS0,VE1
08:17:54.224 [TestNG-PoolService-2] DEBUG org.apache.hc.client5.http.headers -- http-outgoing-1 << Source-Age: 238
08:17:54.224 [TestNG-PoolService-3] DEBUG org.apache.hc.client5.http.headers -- http-outgoing-0 << Vary: Authorization,Accept-Encoding
08:17:54.224 [TestNG-PoolService-3] DEBUG org.apache.hc.client5.http.headers -- http-outgoing-0 << Access-Control-Allow-Origin: *
08:17:54.224 [TestNG-PoolService-3] DEBUG org.apache.hc.client5.http.headers -- http-outgoing-0 << Cross-Origin-Resource-Policy: cross-origin
08:17:54.224 [TestNG-PoolService-3] DEBUG org.apache.hc.client5.http.headers -- http-outgoing-0 << X-Fastly-Request-ID: 620197e709d00d3ce4b5623edd5ce3225a1c6734
08:17:54.224 [TestNG-PoolService-3] DEBUG org.apache.hc.client5.http.headers -- http-outgoing-0 << Expires: Fri, 05 Sep 2025 02:52:54 GMT
08:17:54.226 [TestNG-PoolService-3] DEBUG org.apache.hc.client5.http.headers -- http-outgoing-0 << Source-Age: 239
08:17:54.223 [TestNG-PoolService-1] DEBUG org.apache.hc.client5.http.headers -- http-outgoing-2 << X-Content-Type-Options: nosniff
08:17:54.227 [TestNG-PoolService-1] DEBUG org.apache.hc.client5.http.headers -- http-outgoing-2 << X-Frame-Options: deny
08:17:54.227 [TestNG-PoolService-1] DEBUG org.apache.hc.client5.http.headers -- http-outgoing-2 << X-XSS-Protection: 1; mode=block
08:17:54.227 [TestNG-PoolService-1] DEBUG org.apache.hc.client5.http.headers -- http-outgoing-2 << X-GitHub-Request-Id: EB25:30DADE:3099F:85589:689A58AD
08:17:54.227 [TestNG-PoolService-1] DEBUG org.apache.hc.client5.http.headers -- http-outgoing-2 << Content-Encoding: gzip
08:17:54.227 [TestNG-PoolService-1] DEBUG org.apache.hc.client5.http.headers -- http-outgoing-2 << Accept-Ranges: bytes
08:17:54.228 [TestNG-PoolService-1] DEBUG org.apache.hc.client5.http.headers -- http-outgoing-2 << Date: Fri, 05 Sep 2025 02:47:54 GMT
08:17:54.228 [TestNG-PoolService-1] DEBUG org.apache.hc.client5.http.headers -- http-outgoing-2 << Via: 1.1 varnish
08:17:54.228 [TestNG-PoolService-1] DEBUG org.apache.hc.client5.http.headers -- http-outgoing-2 << X-Served-By: cache-maa10242-MAA
08:17:54.228 [TestNG-PoolService-1] DEBUG org.apache.hc.client5.http.headers -- http-outgoing-2 << X-Cache: HIT
08:17:54.228 [TestNG-PoolService-1] DEBUG org.apache.hc.client5.http.headers -- http-outgoing-2 << X-Cache-Hits: 3
08:17:54.228 [TestNG-PoolService-1] DEBUG org.apache.hc.client5.http.headers -- http-outgoing-2 << X-Timer: S1757040475.881227,VS0,VE0
08:17:54.228 [TestNG-PoolService-1] DEBUG org.apache.hc.client5.http.headers -- http-outgoing-2 << Vary: Authorization,Accept-Encoding
08:17:54.228 [TestNG-PoolService-1] DEBUG org.apache.hc.client5.http.headers -- http-outgoing-2 << Access-Control-Allow-Origin: *
08:17:54.228 [TestNG-PoolService-1] DEBUG org.apache.hc.client5.http.headers -- http-outgoing-2 << Cross-Origin-Resource-Policy: cross-origin
08:17:54.228 [TestNG-PoolService-1] DEBUG org.apache.hc.client5.http.headers -- http-outgoing-2 << X-Fastly-Request-ID: 58bf4abc1b5d53a53afdfdd55d449e33f60702a2
08:17:54.229 [TestNG-PoolService-1] DEBUG org.apache.hc.client5.http.headers -- http-outgoing-2 << Expires: Fri, 05 Sep 2025 02:52:54 GMT
08:17:54.229 [TestNG-PoolService-1] DEBUG org.apache.hc.client5.http.headers -- http-outgoing-2 << Source-Age: 239
08:17:54.241 [TestNG-PoolService-3] DEBUG org.apache.hc.client5.http.impl.classic.MainClientExec -- ex-0000000003 connection can be kept alive for 3 MINUTES
08:17:54.241 [TestNG-PoolService-1] DEBUG org.apache.hc.client5.http.impl.classic.MainClientExec -- ex-0000000001 connection can be kept alive for 3 MINUTES
08:17:54.241 [TestNG-PoolService-2] DEBUG org.apache.hc.client5.http.impl.classic.MainClientExec -- ex-0000000002 connection can be kept alive for 3 MINUTES
08:17:54.275 [TestNG-PoolService-2] DEBUG org.apache.hc.client5.http.wire -- http-outgoing-1 << "[0x1f][0xffffff8b][0x8][0x0][0x0][0x0][0x0][0x0][0x0][0x3][0xffffffb5]X[0xffffffd1]n[0xffffffda]0[0x14]}[0xffffffe7]+,[0xffffffba]J [0x11][0xffffffb2][0x1][0xffffffeb][0xffffffaa]Jy[0xffffffa0][0x19]e[0xffffffd5][0xffffffa8]`[0xffffffd0]v[0xffffff9b][0xffffffe4][0x17][0xffffff93]8`)[0xffffff89]Q[0xffffff9c]@[0xffffffb7][0xffffffa9][0xfffffffb][0xfffffff6]9NB[0xffffffe3]$[0xc]H[0xffffffe0][0xffffffad][0xffffff8e][0xffffff8f][0xffffffef]97[0xffffffdc]s}[0xffffffd3][0xb][0xffffffa0]S[0xffffffc7]A[0xffffffae][0xffffffc9][0xffffff80][0xffffff89]|4G[0xc][0xffffffd7].[0xffffffc0][0xffffffe3][0xffffff92]0`[0x11][0x1b][0x3][0xffffff83][0xffffffba]>".[0x3][0xfffffffe]2\[0xffffffc4]P[0xffffff9f][0xffffff82]9[0x6][0xfffffff8][0x5][0x1b][0xffffff81][0xffffff8f]M@\[0xffffffb1][0xffffffcd][0xffffff96][0xffffffd8][0xffffffb6][0xffffffc3][0x5][0xfffffff5]L[0xffffffec][0xffffff85] [0x13][0xfffffffb][0xffffffd8][0xfffffff0][0xffffffc5][0xffffffe6][0x1a]{[0xffffff8c]P[0xffffffbe]g[0x1][0xffffffcc][0xffffffff]^x[0x18][0xffffffbb]`[0xffffffee][0xffffffd1][\r][0xffffffe3][0x1b][0xffffff9c][0xffffffb2][0xffffffa1]/=[0xffffffea][0xffffffe0][0x16][0xffffffb8]#[0x1e][0xffffffb6][0xffffffe8]K[0xb][0xffffff8c]W[0xffffffd8]C-00[0x17][0xfffffffc][0xffffffa9][0xffffffd8]%[0xffffff81][0xffffffd3][0xc][0xffffffe3][0xffffff9b][0xffffffc4][0xffffffb2][0xffffffb0][0xffffff87]][0x1f][0xffffffd0][0x10][0xffffffe3][0x13]w[0x1][0xffffffd8]/[0xffffffe6]c[0xffffff87][0xffffff81][0xffffffc6]w[0xffffffe2][0xffffff9a]<j[0xb][0xffffff8c][0xffffff88][0x1b][0xfffffff0]0[0xf][0xffffffc8][0x0][0xffffffe3]Y[0xffffffb3][0xffffffc6]9"[0xffffff8a]Z[0xffffff9c]F[0xffffffdb][0x10][0xffffffcb][0xfffffff6]&:[0xffffffd0]~[0xffffffff]A3[0x1c][0xffffffb3][0xffffffcd][0xffffffb3][0x2][0xffffffaa][0xe]6[0xe]1[0xffffffc4]+[0x11][0xffffffaf]a[0xffffffb3][0xffffffe4]|[0xffffffc0]E[0xe][0xffffffd6][0xffffffea][0xffffff97][0xffffff93][0xffffffe9]x8[0xffffffed]?[0xffffffdc][0xffffffdd][0xffffff8f][0x6][0xffffffb3][0x1b][0xffffffa8]Ax[0x9][0xffffffe1][0xffffff90][0xffffffd2][0xffffff85][0xffffff8d]![0xffffff8c]( [0xffffffec][0xffffffaf]V61[0xffffffb8]4[0xffffffea]B[0x18][0x13][0xfffffff1][0xffffffc8]u[0xffffffb0][0xffffffc0]>x[0xffffff8e][0xffffffdf][0xffffff85][0xffffffba]Fv[0xffffffb0][O[0xffffffa7][0xffffff84][0xffffff9e][0xffffffc6][0xffffff8f][0xffffffeb][0xffffffab][0xffffffe6]9Eu[0xf][0x14]5[0x1a][0xffffffeb][0xfffffffd]Q[0x7f]2[0xfffffff9][0xffffffdc][0x7f][0xffffffec][0xffffff9f]SOO[0xffffff9b][0xe][0xffffff86][0xffffffe0][0xffffffdb][0xffffffd3]`[0xfffffffa][0x13]|[0xfffffff9][0xffffffaa]?[0xffffffc1][0x19][0xffffffb5][0xfffffffc][\r][0xfffffff2]p[0xffffffc2][0x16][0xffffff93][0xffffffdd][0xffffff8e]n12D[0xffffffbc][0xffffffa4][0x16]w[0xffffffc6][0xfffffffc][0xffffffa8][0xffffffad][0xffffffe8][0xffffff86]c[0xffffffc2]z[0x16][0xffffffa9]*[0xffffffb1]I@c[0xffffff88]}[0xffffffe5][0xffffff9e][0x17][0x1a][0xffffffa8][0xffffffbf][0xfffffffb][0xffffff83][0xffffffdd][0xfffffff5]M:[0xffffffcd][0xffffffd7][0xc]e:[0xffffffbd]Tv[0xffffffcd]v[0xffffff9c][0xffffffda][0xffffffbd]k[0xffffffd1][0xfffffff6][0xffffffc4][0xffffffa3]f`[0xfffffff8][0xffffffcf]{$][0x1d].)W[0xe][0xffffffe7][0xffffffd4][0xfffffff5][0xffffffa9][0xffffff9c][0xffffffae]SH[0xffffffca]j[0xffffffb2]C[0xffffffbf][0xffffff87].V[0x3][0xffffffe6][0xffffffa9]s[0xffffffe2][0xffffffaa][0xb][0xffffffc1][0xffffffa1]D[0xfffffffb]@Qv[0xfffffffc][0xffffffee][0xfffffff1][0xffffffc1][0xffffff8e][0xffffffb6][0xb][0xffffff9f]=[0xffffffe0] C[0xfffffff0][0xffffffa4]T35J([0xffffffee]1m[0xffffffb4]Z[0xffffffa9]:[0xffffffef][0xffffff9d][0xffffffbc]I1[0xffffff95][0xffffffb7][0xffffffa0][0xfffffff1]L[0x6][0xffffffa4][0xffffffa3][0xfffffff3][0xffffffce][0x14]7[0xffffffbd]-[0xffffff91][0x15][0xffffffad]O[0xffffffd3][0xffffff9b][0x1e][0xffffffe8]ob[0xffffffdb](![0xffffff81]0[0xffffff89][0xffffffbe][0xffffffcf]k9[0x15][0xffffff95];[0xffffffd2][0xffffffe9][0xffffffa4]tS[0xffffffbe][0xffffffaf][0xffffffcb][0xffffffc6][0xffffff8f]I[0xffffffb2]d[0xfffffff5][0xffffffd0][0xfffffffa]z[0xffffffe0][0xffffff85][0x17]G[0xffffffb6][0xffffffac]s[0xffffffe1]{[0xffffff95][0xfffffffc][0x16]1[0xffffffff][0xfffffffd] [0xffffffa5]w[0xffffff90][0xffffffbf]rB[0xffffff8e][0xffffffe8]E[0xffffffb2][0xffffffc1][0xffffff8e][0xffffffd7][0xffffff90][0x13][0xffffff91]wT[0xffffffbc][0x3][0xffffff94][0xfffffff5].pGKar[0xffffffa0]B[0xffffffe7][0xffffffc4][0xffffffbf]O[0xffffff91]g[0xffffffd2][0xffffffb1][0xffffffb8]M[0xffffffc2]Y`[0x1b][0x13][0xfffffff3]E5[0xffffff83][0xffffffc8][0xffffffa5]I[0xc][0xffffff8f]2^C[0x10][0xffffff86]4[0xffffff99][0xffffffdb][0xffffffc9]a[0xffffff82]n_[0xffffff99][0xffffffca][0xffffff9a][0xffffffca][0xffffffd8][0xffffffe5][0xffffff8c]r[0xffffffba];[0xffffffaf][0xffffffca]72[0xffffffc1][0xfffffff5][0xffffffbf][0xffffffbb]R[0xe]Y[0xffffffd2]&[0xffffffaf]Y[0xffffffc6]tr[0xffffffa9][0xffffffdc][0xe][0xffffffb2][0xffffff8c][0xffffffac][0xffffffa8][0xffffffa4]_[0x12][0xffffffe3]V[0xffffff97]U[0xffffff93][0xffffff85][0xffffffe5]=[0xffffffe4]$[0x1c]J[0x8]([0xffffffb8][0xffffff96][0xffffffd2][0xffffffe7]:[0xffffffda]N[0xffffffb8][0xffffff8c]/t[0xffffffd6]6[0x1d][0xffffffe1][0xffffff9c]"[0xffffff83][0xffffffc9][0x8] ]Jb[0x0][0xffffffdf][0xffffffb2][0xffffff88]Q[0xfffffffb]x[0xffffffbf][0x15][0xffffffcd][0xffffff81][0xfffffffc][0xffffff8d]-<[0xffffffe4]0[0x8][0x5][0x5][0xffffff84]Q[0xffffffec]}[0xffffffd5][0xffffff9c]QP[0xffffffc5]][0xffffffa7]QPe[0x16][0xffffff8e]ym[0x14][0xffffffb8][0x6][0xffffffc7][0x1e]K[0xffffffdd][0xffffffab][0xffffff90]|E[0xffffffea][0xffffffd2]7R[0xffffffc4]+[0xffffffd1][0x1e]d[0xfffffff0][0xc][0xffffffff][0x11][0xffffffa3][0xffffffb0]<[0xffffff9d][0xffffff9f][0xffffff88][0xffffffbf][0xfffffff4][0xffffffc8][0xffffffbb]-[0xffffffba]H[0xffffffc8][[0xffffffc9][0xffffff95]Qq][0xfffffff6]-[0xffffff94]S[0xffffff91][0xffffff91][0xffffff91][0xffffffef]j[0xffffffe2]yA3[0xffffff93][0xfffffff0][0x1d]-[0xb][0xffffffcb][0xffffffe0][\n]"
08:17:54.275 [TestNG-PoolService-3] DEBUG org.apache.hc.client5.http.wire -- http-outgoing-0 << "[0x1f][0xffffff8b][0x8][0x0][0x0][0x0][0x0][0x0][0x0][0x3][0xffffffb5]X[0xffffffd1]n[0xffffffda]0[0x14]}[0xffffffe7]+,[0xffffffba]J [0x11][0xffffffb2][0x1][0xffffffeb][0xffffffaa]Jy[0xffffffa0][0x19]e[0xffffffd5][0xffffffa8]`[0xffffffd0]v[0xffffff9b][0xffffffe4][0x17][0xffffff93]8`)[0xffffff89]Q[0xffffff9c]@[0xffffffb7][0xffffffa9][0xfffffffb][0xfffffff6]9NB[0xffffffe3]$[0xc]H[0xffffffe0][0xffffffad][0xffffff8e][0xffffff8f][0xffffffef]97[0xffffffdc]s}[0xffffffd3][0xb][0xffffffa0]S[0xffffffc7]A[0xffffffae][0xffffffc9][0xffffff80][0xffffff89]|4G[0xc][0xffffffd7].[0xffffffc0][0xffffffe3][0xffffff92]0`[0x11][0x1b][0x3][0xffffff83][0xffffffba]>".[0x3][0xfffffffe]2\[0xffffffc4]P[0xffffff9f][0xffffff82]9[0x6][0xfffffff8][0x5][0x1b][0xffffff81][0xffffff8f]M@\[0xffffffb1][0xffffffcd][0xffffff96][0xffffffd8][0xffffffb6][0xffffffc3][0x5][0xfffffff5]L[0xffffffec][0xffffff85] [0x13][0xfffffffb][0xffffffd8][0xfffffff0][0xffffffc5][0xffffffe6][0x1a]{[0xffffff8c]P[0xffffffbe]g[0x1][0xffffffcc][0xffffffff]^x[0x18][0xffffffbb]`[0xffffffee][0xffffffd1][\r][0xffffffe3][0x1b][0xffffff9c][0xffffffb2][0xffffffa1]/=[0xffffffea][0xffffffe0][0x16][0xffffffb8]#[0x1e][0xffffffb6][0xffffffe8]K[0xb][0xffffff8c]W[0xffffffd8]C-00[0x17][0xfffffffc][0xffffffa9][0xffffffd8]%[0xffffff81][0xffffffd3][0xc][0xffffffe3][0xffffff9b][0xffffffc4][0xffffffb2][0xffffffb0][0xffffff87]][0x1f][0xffffffd0][0x10][0xffffffe3][0x13]w[0x1][0xffffffd8]/[0xffffffe6]c[0xffffff87][0xffffff81][0xffffffc6]w[0xffffffe2][0xffffff9a]<j[0xb][0xffffff8c][0xffffff88][0x1b][0xfffffff0]0[0xf][0xffffffc8][0x0][0xffffffe3]Y[0xffffffb3][0xffffffc6]9"[0xffffff8a]Z[0xffffff9c]F[0xffffffdb][0x10][0xffffffcb][0xfffffff6]&:[0xffffffd0]~[0xffffffff]A3[0x1c][0xffffffb3][0xffffffcd][0xffffffb3][0x2][0xffffffaa][0xe]6[0xe]1[0xffffffc4]+[0x11][0xffffffaf]a[0xffffffb3][0xffffffe4]|[0xffffffc0]E[0xe][0xffffffd6][0xffffffea][0xffffff97][0xffffff93][0xffffffe9]x8[0xffffffed]?[0xffffffdc][0xffffffdd][0xffffff8f][0x6][0xffffffb3][0x1b][0xffffffa8]Ax[0x9][0xffffffe1][0xffffff90][0xffffffd2][0xffffff85][0xffffff8d]![0xffffff8c]( [0xffffffec][0xffffffaf]V61[0xffffffb8]4[0xffffffea]B[0x18][0x13][0xfffffff1][0xffffffc8]u[0xffffffb0][0xffffffc0]>x[0xffffff8e][0xffffffdf][0xffffff85][0xffffffba]Fv[0xffffffb0][O[0xffffffa7][0xffffff84][0xffffff9e][0xffffffc6][0xffffff8f][0xffffffeb][0xffffffab][0xffffffe6]9Eu[0xf][0x14]5[0x1a][0xffffffeb][0xfffffffd]Q[0x7f]2[0xfffffff9][0xffffffdc][0x7f][0xffffffec][0xffffff9f]SOO[0xffffff9b][0xe][0xffffff86][0xffffffe0][0xffffffdb][0xffffffd3]`[0xfffffffa][0x13]|[0xfffffff9][0xffffffaa]?[0xffffffc1][0x19][0xffffffb5][0xfffffffc][\r][0xfffffff2]p[0xffffffc2][0x16][0xffffff93][0xffffffdd][0xffffff8e]n12D[0xffffffbc][0xffffffa4][0x16]w[0xffffffc6][0xfffffffc][0xffffffa8][0xffffffad][0xffffffe8][0xffffff86]c[0xffffffc2]z[0x16][0xffffffa9]*[0xffffffb1]I@c[0xffffff88]}[0xffffffe5][0xffffff9e][0x17][0x1a][0xffffffa8][0xffffffbf][0xfffffffb][0xffffff83][0xffffffdd][0xfffffff5]M:[0xffffffcd][0xffffffd7][0xc]e:[0xffffffbd]Tv[0xffffffcd]v[0xffffff9c][0xffffffda][0xffffffbd]k[0xffffffd1][0xfffffff6][0xffffffc4][0xffffffa3]f`[0xfffffff8][0xffffffcf]{$][0x1d].)W[0xe][0xffffffe7][0xffffffd4][0xfffffff5][0xffffffa9][0xffffff9c][0xffffffae]SH[0xffffffca]j[0xffffffb2]C[0xffffffbf][0xffffff87].V[0x3][0xffffffe6][0xffffffa9]s[0xffffffe2][0xffffffaa][0xb][0xffffffc1][0xffffffa1]D[0xfffffffb]@Qv[0xfffffffc][0xffffffee][0xfffffff1][0xffffffc1][0xffffff8e][0xffffffb6][0xb][0xffffff9f]=[0xffffffe0] C[0xfffffff0][0xffffffa4]T35J([0xffffffee]1m[0xffffffb4]Z[0xffffffa9]:[0xffffffef][0xffffff9d][0xffffffbc]I1[0xffffff95][0xffffffb7][0xffffffa0][0xfffffff1]L[0x6][0xffffffa4][0xffffffa3][0xfffffff3][0xffffffce][0x14]7[0xffffffbd]-[0xffffff91][0x15][0xffffffad]O[0xffffffd3][0xffffff9b][0x1e][0xffffffe8]ob[0xffffffdb](![0xffffff81]0[0xffffff89][0xffffffbe][0xffffffcf]k9[0x15][0xffffff95];[0xffffffd2][0xffffffe9][0xffffffa4]tS[0xffffffbe][0xffffffaf][0xffffffcb][0xffffffc6][0xffffff8f]I[0xffffffb2]d[0xfffffff5][0xffffffd0][0xfffffffa]z[0xffffffe0][0xffffff85][0x17]G[0xffffffb6][0xffffffac]s[0xffffffe1]{[0xffffff95][0xfffffffc][0x16]1[0xffffffff][0xfffffffd] [0xffffffa5]w[0xffffff90][0xffffffbf]rB[0xffffff8e][0xffffffe8]E[0xffffffb2][0xffffffc1][0xffffff8e][0xffffffd7][0xffffff90][0x13][0xffffff91]wT[0xffffffbc][0x3][0xffffff94][0xfffffff5].pGKar[0xffffffa0]B[0xffffffe7][0xffffffc4][0xffffffbf]O[0xffffff91]g[0xffffffd2][0xffffffb1][0xffffffb8]M[0xffffffc2]Y`[0x1b][0x13][0xfffffff3]E5[0xffffff83][0xffffffc8][0xffffffa5]I[0xc][0xffffff8f]2^C[0x10][0xffffff86]4[0xffffff99][0xffffffdb][0xffffffc9]a[0xffffff82]n_[0xffffff99][0xffffffca][0xffffff9a][0xffffffca][0xffffffd8][0xffffffe5][0xffffff8c]r[0xffffffba];[0xffffffaf][0xffffffca]72[0xffffffc1][0xfffffff5][0xffffffbf][0xffffffbb]R[0xe]Y[0xffffffd2]&[0xffffffaf]Y[0xffffffc6]tr[0xffffffa9][0xffffffdc][0xe][0xffffffb2][0xffffff8c][0xffffffac][0xffffffa8][0xffffffa4]_[0x12][0xffffffe3]V[0xffffff97]U[0xffffff93][0xffffff85][0xffffffe5]=[0xffffffe4]$[0x1c]J[0x8]([0xffffffb8][0xffffff96][0xffffffd2][0xffffffe7]:[0xffffffda]N[0xffffffb8][0xffffff8c]/t[0xffffffd6]6[0x1d][0xffffffe1][0xffffff9c]"[0xffffff83][0xffffffc9][0x8] ]Jb[0x0][0xffffffdf][0xffffffb2][0xffffff88]Q[0xfffffffb]x[0xffffffbf][0x15][0xffffffcd][0xffffff81][0xfffffffc][0xffffff8d]-<[0xffffffe4]0[0x8][0x5][0x5][0xffffff84]Q[0xffffffec]}[0xffffffd5][0xffffff9c]QP[0xffffffc5]][0xffffffa7]QPe[0x16][0xffffff8e]ym[0x14][0xffffffb8][0x6][0xffffffc7][0x1e]K[0xffffffdd][0xffffffab][0xffffff90]|E[0xffffffea][0xffffffd2]7R[0xffffffc4]+[0xffffffd1][0x1e]d[0xfffffff0][0xc][0xffffffff][0x11][0xffffffa3][0xffffffb0]<[0xffffff9d][0xffffff9f][0xffffff88][0xffffffbf][0xfffffff4][0xffffffc8][0xffffffbb]-[0xffffffba]H[0xffffffc8][[0xffffffc9][0xffffff95]Qq][0xfffffff6]-[0xffffff94]S[0xffffff91][0xffffff91][0xffffff91][0xffffffef]j[0xffffffe2]yA3[0xffffff93][0xfffffff0][0x1d]-[0xb][0xffffffcb][0xffffffe0][\n]"
08:17:54.276 [TestNG-PoolService-1] DEBUG org.apache.hc.client5.http.wire -- http-outgoing-2 << "[0x1f][0xffffff8b][0x8][0x0][0x0][0x0][0x0][0x0][0x0][0x3][0xffffffb5]X[0xffffffd1]n[0xffffffda]0[0x14]}[0xffffffe7]+,[0xffffffba]J [0x11][0xffffffb2][0x1][0xffffffeb][0xffffffaa]Jy[0xffffffa0][0x19]e[0xffffffd5][0xffffffa8]`[0xffffffd0]v[0xffffff9b][0xffffffe4][0x17][0xffffff93]8`)[0xffffff89]Q[0xffffff9c]@[0xffffffb7][0xffffffa9][0xfffffffb][0xfffffff6]9NB[0xffffffe3]$[0xc]H[0xffffffe0][0xffffffad][0xffffff8e][0xffffff8f][0xffffffef]97[0xffffffdc]s}[0xffffffd3][0xb][0xffffffa0]S[0xffffffc7]A[0xffffffae][0xffffffc9][0xffffff80][0xffffff89]|4G[0xc][0xffffffd7].[0xffffffc0][0xffffffe3][0xffffff92]0`[0x11][0x1b][0x3][0xffffff83][0xffffffba]>".[0x3][0xfffffffe]2\[0xffffffc4]P[0xffffff9f][0xffffff82]9[0x6][0xfffffff8][0x5][0x1b][0xffffff81][0xffffff8f]M@\[0xffffffb1][0xffffffcd][0xffffff96][0xffffffd8][0xffffffb6][0xffffffc3][0x5][0xfffffff5]L[0xffffffec][0xffffff85] [0x13][0xfffffffb][0xffffffd8][0xfffffff0][0xffffffc5][0xffffffe6][0x1a]{[0xffffff8c]P[0xffffffbe]g[0x1][0xffffffcc][0xffffffff]^x[0x18][0xffffffbb]`[0xffffffee][0xffffffd1][\r][0xffffffe3][0x1b][0xffffff9c][0xffffffb2][0xffffffa1]/=[0xffffffea][0xffffffe0][0x16][0xffffffb8]#[0x1e][0xffffffb6][0xffffffe8]K[0xb][0xffffff8c]W[0xffffffd8]C-00[0x17][0xfffffffc][0xffffffa9][0xffffffd8]%[0xffffff81][0xffffffd3][0xc][0xffffffe3][0xffffff9b][0xffffffc4][0xffffffb2][0xffffffb0][0xffffff87]][0x1f][0xffffffd0][0x10][0xffffffe3][0x13]w[0x1][0xffffffd8]/[0xffffffe6]c[0xffffff87][0xffffff81][0xffffffc6]w[0xffffffe2][0xffffff9a]<j[0xb][0xffffff8c][0xffffff88][0x1b][0xfffffff0]0[0xf][0xffffffc8][0x0][0xffffffe3]Y[0xffffffb3][0xffffffc6]9"[0xffffff8a]Z[0xffffff9c]F[0xffffffdb][0x10][0xffffffcb][0xfffffff6]&:[0xffffffd0]~[0xffffffff]A3[0x1c][0xffffffb3][0xffffffcd][0xffffffb3][0x2][0xffffffaa][0xe]6[0xe]1[0xffffffc4]+[0x11][0xffffffaf]a[0xffffffb3][0xffffffe4]|[0xffffffc0]E[0xe][0xffffffd6][0xffffffea][0xffffff97][0xffffff93][0xffffffe9]x8[0xffffffed]?[0xffffffdc][0xffffffdd][0xffffff8f][0x6][0xffffffb3][0x1b][0xffffffa8]Ax[0x9][0xffffffe1][0xffffff90][0xffffffd2][0xffffff85][0xffffff8d]![0xffffff8c]( [0xffffffec][0xffffffaf]V61[0xffffffb8]4[0xffffffea]B[0x18][0x13][0xfffffff1][0xffffffc8]u[0xffffffb0][0xffffffc0]>x[0xffffff8e][0xffffffdf][0xffffff85][0xffffffba]Fv[0xffffffb0][O[0xffffffa7][0xffffff84][0xffffff9e][0xffffffc6][0xffffff8f][0xffffffeb][0xffffffab][0xffffffe6]9Eu[0xf][0x14]5[0x1a][0xffffffeb][0xfffffffd]Q[0x7f]2[0xfffffff9][0xffffffdc][0x7f][0xffffffec][0xffffff9f]SOO[0xffffff9b][0xe][0xffffff86][0xffffffe0][0xffffffdb][0xffffffd3]`[0xfffffffa][0x13]|[0xfffffff9][0xffffffaa]?[0xffffffc1][0x19][0xffffffb5][0xfffffffc][\r][0xfffffff2]p[0xffffffc2][0x16][0xffffff93][0xffffffdd][0xffffff8e]n12D[0xffffffbc][0xffffffa4][0x16]w[0xffffffc6][0xfffffffc][0xffffffa8][0xffffffad][0xffffffe8][0xffffff86]c[0xffffffc2]z[0x16][0xffffffa9]*[0xffffffb1]I@c[0xffffff88]}[0xffffffe5][0xffffff9e][0x17][0x1a][0xffffffa8][0xffffffbf][0xfffffffb][0xffffff83][0xffffffdd][0xfffffff5]M:[0xffffffcd][0xffffffd7][0xc]e:[0xffffffbd]Tv[0xffffffcd]v[0xffffff9c][0xffffffda][0xffffffbd]k[0xffffffd1][0xfffffff6][0xffffffc4][0xffffffa3]f`[0xfffffff8][0xffffffcf]{$][0x1d].)W[0xe][0xffffffe7][0xffffffd4][0xfffffff5][0xffffffa9][0xffffff9c][0xffffffae]SH[0xffffffca]j[0xffffffb2]C[0xffffffbf][0xffffff87].V[0x3][0xffffffe6][0xffffffa9]s[0xffffffe2][0xffffffaa][0xb][0xffffffc1][0xffffffa1]D[0xfffffffb]@Qv[0xfffffffc][0xffffffee][0xfffffff1][0xffffffc1][0xffffff8e][0xffffffb6][0xb][0xffffff9f]=[0xffffffe0] C[0xfffffff0][0xffffffa4]T35J([0xffffffee]1m[0xffffffb4]Z[0xffffffa9]:[0xffffffef][0xffffff9d][0xffffffbc]I1[0xffffff95][0xffffffb7][0xffffffa0][0xfffffff1]L[0x6][0xffffffa4][0xffffffa3][0xfffffff3][0xffffffce][0x14]7[0xffffffbd]-[0xffffff91][0x15][0xffffffad]O[0xffffffd3][0xffffff9b][0x1e][0xffffffe8]ob[0xffffffdb](![0xffffff81]0[0xffffff89][0xffffffbe][0xffffffcf]k9[0x15][0xffffff95];[0xffffffd2][0xffffffe9][0xffffffa4]tS[0xffffffbe][0xffffffaf][0xffffffcb][0xffffffc6][0xffffff8f]I[0xffffffb2]d[0xfffffff5][0xffffffd0][0xfffffffa]z[0xffffffe0][0xffffff85][0x17]G[0xffffffb6][0xffffffac]s[0xffffffe1]{[0xffffff95][0xfffffffc][0x16]1[0xffffffff][0xfffffffd] [0xffffffa5]w[0xffffff90][0xffffffbf]rB[0xffffff8e][0xffffffe8]E[0xffffffb2][0xffffffc1][0xffffff8e][0xffffffd7][0xffffff90][0x13][0xffffff91]wT[0xffffffbc][0x3][0xffffff94][0xfffffff5].pGKar[0xffffffa0]B[0xffffffe7][0xffffffc4][0xffffffbf]O[0xffffff91]g[0xffffffd2][0xffffffb1][0xffffffb8]M[0xffffffc2]Y`[0x1b][0x13][0xfffffff3]E5[0xffffff83][0xffffffc8][0xffffffa5]I[0xc][0xffffff8f]2^C[0x10][0xffffff86]4[0xffffff99][0xffffffdb][0xffffffc9]a[0xffffff82]n_[0xffffff99][0xffffffca][0xffffff9a][0xffffffca][0xffffffd8][0xffffffe5][0xffffff8c]r[0xffffffba];[0xffffffaf][0xffffffca]72[0xffffffc1][0xfffffff5][0xffffffbf][0xffffffbb]R[0xe]Y[0xffffffd2]&[0xffffffaf]Y[0xffffffc6]tr[0xffffffa9][0xffffffdc][0xe][0xffffffb2][0xffffff8c][0xffffffac][0xffffffa8][0xffffffa4]_[0x12][0xffffffe3]V[0xffffff97]U[0xffffff93][0xffffff85][0xffffffe5]=[0xffffffe4]$[0x1c]J[0x8]([0xffffffb8][0xffffff96][0xffffffd2][0xffffffe7]:[0xffffffda]N[0xffffffb8][0xffffff8c]/t[0xffffffd6]6[0x1d][0xffffffe1][0xffffff9c]"[0xffffff83][0xffffffc9][0x8] ]Jb[0x0][0xffffffdf][0xffffffb2][0xffffff88]Q[0xfffffffb]x[0xffffffbf][0x15][0xffffffcd][0xffffff81][0xfffffffc][0xffffff8d]-<[0xffffffe4]0[0x8][0x5][0x5][0xffffff84]Q[0xffffffec]}[0xffffffd5][0xffffff9c]QP[0xffffffc5]][0xffffffa7]QPe[0x16][0xffffff8e]ym[0x14][0xffffffb8][0x6][0xffffffc7][0x1e]K[0xffffffdd][0xffffffab][0xffffff90]|E[0xffffffea][0xffffffd2]7R[0xffffffc4]+[0xffffffd1][0x1e]d[0xfffffff0][0xc][0xffffffff][0x11][0xffffffa3][0xffffffb0]<[0xffffff9d][0xffffff9f][0xffffff88][0xffffffbf][0xfffffff4][0xffffffc8][0xffffffbb]-[0xffffffba]H[0xffffffc8][[0xffffffc9][0xffffff95]Qq][0xfffffff6]-[0xffffff94]S[0xffffff91][0xffffff91][0xffffff91][0xffffffef]j[0xffffffe2]yA3[0xffffff93][0xfffffff0][0x1d]-[0xb][0xffffffcb][0xffffffe0][\n]"
08:17:54.276 [TestNG-PoolService-2] DEBUG org.apache.hc.client5.http.wire -- http-outgoing-1 << "[0xffffffbb][0xffffff98][0x10]Z[0xffffffd4][0xffffffbc][0xffffffc6][0xffffffd9]`[0xffffffc9]7>[0x9][0x1c]yf[0xffffffe7][0xf]N[0xffffffd3][0xffffffba][0xffffff92][0xfffffff0][0x15]>^%-[0xffffff95]'[0xffffffea]S[0xb]:[0xffffffb4][0xffffffa7][0x15]5[0xffffff96]Sk)=]l[0xffffff85]T[0xfffffffe][0xffffffd4][0xffffff95][0xfffffff4]T[0xffffff9b]-[0xffffffce]$[0xffffffaa]t;[0xffffffac][0xffffffa4]'/([0xffffffdf][0x12][0xffffff92]-%[0xfffffffe]7[0xffffffdf][0xffffffae]/[0xfffffff0][0xffffffd4]in[0xffffff87][0xffffffe3][0xf]u[0xfffffff3][0xffffff94][0x7][0xffffff9c][0xffffffea]i[0x5][0xffffffe0]<[0xffffffba][0xffffffb0]#%[0xffffffaf][0xffffffae][0xffffffa8])[0xffffffe9][0x5]Q/[0xffffffc0][0xc]Y[0xffffffc8]#[0xffffffdb][0xfffffff0]L,[0xffffff8b][0xffffff83]G[0xffffffd0][0xffffffa2][0xffffffd0][0xffffffd1]N*[0xfffffff0]?l[0x1d]d@[0xffffffbe][0x15][0x0][0x0]"
08:17:54.278 [TestNG-PoolService-3] DEBUG org.apache.hc.client5.http.wire -- http-outgoing-0 << "[0xffffffbb][0xffffff98][0x10]Z[0xffffffd4][0xffffffbc][0xffffffc6][0xffffffd9]`[0xffffffc9]7>[0x9][0x1c]yf[0xffffffe7][0xf]N[0xffffffd3][0xffffffba][0xffffff92][0xfffffff0][0x15]>^%-[0xffffff95]'[0xffffffea]S[0xb]:[0xffffffb4][0xffffffa7][0x15]5[0xffffff96]Sk)=]l[0xffffff85]T[0xfffffffe][0xffffffd4][0xffffff95][0xfffffff4]T[0xffffff9b]-[0xffffffce]$[0xffffffaa]t;[0xffffffac][0xffffffa4]'/([0xffffffdf][0x12][0xffffff92]-%[0xfffffffe]7[0xffffffdf][0xffffffae]/[0xfffffff0][0xffffffd4]in[0xffffff87][0xffffffe3][0xf]u[0xfffffff3][0xffffff94][0x7][0xffffff9c][0xffffffea]i[0x5][0xffffffe0]<[0xffffffba][0xffffffb0]#%[0xffffffaf][0xffffffae][0xffffffa8])[0xffffffe9][0x5]Q/[0xffffffc0][0xc]Y[0xffffffc8]#[0xffffffdb][0xfffffff0]L,[0xffffff8b][0xffffff83]G[0xffffffd0][0xffffffa2][0xffffffd0][0xffffffd1]N*[0xfffffff0]?l[0x1d]d@[0xffffffbe][0x15][0x0][0x0]"
08:17:54.278 [TestNG-PoolService-1] DEBUG org.apache.hc.client5.http.wire -- http-outgoing-2 << "[0xffffffbb][0xffffff98][0x10]Z[0xffffffd4][0xffffffbc][0xffffffc6][0xffffffd9]`[0xffffffc9]7>[0x9][0x1c]yf[0xffffffe7][0xf]N[0xffffffd3][0xffffffba][0xffffff92][0xfffffff0][0x15]>^%-[0xffffff95]'[0xffffffea]S[0xb]:[0xffffffb4][0xffffffa7][0x15]5[0xffffff96]Sk)=]l[0xffffff85]T[0xfffffffe][0xffffffd4][0xffffff95][0xfffffff4]T[0xffffff9b]-[0xffffffce]$[0xffffffaa]t;[0xffffffac][0xffffffa4]'/([0xffffffdf][0x12][0xffffff92]-%[0xfffffffe]7[0xffffffdf][0xffffffae]/[0xfffffff0][0xffffffd4]in[0xffffff87][0xffffffe3][0xf]u[0xfffffff3][0xffffff94][0x7][0xffffff9c][0xffffffea]i[0x5][0xffffffe0]<[0xffffffba][0xffffffb0]#%[0xffffffaf][0xffffffae][0xffffffa8])[0xffffffe9][0x5]Q/[0xffffffc0][0xc]Y[0xffffffc8]#[0xffffffdb][0xfffffff0]L,[0xffffff8b][0xffffff83]G[0xffffffd0][0xffffffa2][0xffffffd0][0xffffffd1]N*[0xfffffff0]?l[0x1d]d@[0xffffffbe][0x15][0x0][0x0]"
08:17:54.291 [TestNG-PoolService-1] DEBUG org.apache.hc.client5.http.impl.classic.InternalHttpClient -- ep-0000000002 releasing valid endpoint
08:17:54.291 [TestNG-PoolService-2] DEBUG org.apache.hc.client5.http.impl.classic.InternalHttpClient -- ep-0000000001 releasing valid endpoint
08:17:54.291 [TestNG-PoolService-3] DEBUG org.apache.hc.client5.http.impl.classic.InternalHttpClient -- ep-0000000003 releasing valid endpoint
08:17:54.291 [TestNG-PoolService-1] DEBUG org.apache.hc.client5.http.impl.io.PoolingHttpClientConnectionManager -- ep-0000000002 releasing endpoint
08:17:54.291 [TestNG-PoolService-2] DEBUG org.apache.hc.client5.http.impl.io.PoolingHttpClientConnectionManager -- ep-0000000001 releasing endpoint
08:17:54.291 [TestNG-PoolService-3] DEBUG org.apache.hc.client5.http.impl.io.PoolingHttpClientConnectionManager -- ep-0000000003 releasing endpoint
08:17:54.292 [TestNG-PoolService-1] DEBUG org.apache.hc.client5.http.impl.io.PoolingHttpClientConnectionManager -- ep-0000000002 connection http-outgoing-2 can be kept alive for 3 MINUTES
08:17:54.292 [TestNG-PoolService-3] DEBUG org.apache.hc.client5.http.impl.io.PoolingHttpClientConnectionManager -- ep-0000000003 connection http-outgoing-0 can be kept alive for 3 MINUTES
08:17:54.292 [TestNG-PoolService-2] DEBUG org.apache.hc.client5.http.impl.io.PoolingHttpClientConnectionManager -- ep-0000000001 connection http-outgoing-1 can be kept alive for 3 MINUTES
08:17:54.294 [TestNG-PoolService-1] DEBUG org.apache.hc.client5.http.impl.io.PoolingHttpClientConnectionManager -- ep-0000000002 connection released [route: {s}->https://raw.githubusercontent.com:443][total available: 1; route allocated: 1 of 5; total allocated: 1 of 25]
08:17:54.294 [TestNG-PoolService-3] DEBUG org.apache.hc.client5.http.impl.io.PoolingHttpClientConnectionManager -- ep-0000000003 connection released [route: {s}->https://raw.githubusercontent.com:443][total available: 1; route allocated: 1 of 5; total allocated: 1 of 25]
08:17:54.294 [TestNG-PoolService-2] DEBUG org.apache.hc.client5.http.impl.io.PoolingHttpClientConnectionManager -- ep-0000000001 connection released [route: {s}->https://raw.githubusercontent.com:443][total available: 1; route allocated: 1 of 5; total allocated: 1 of 25]
08:17:54.294 [TestNG-PoolService-1] DEBUG io.github.bonigarcia.wdm.versions.VersionDetector -- Detecting chrome version using online commands.properties
08:17:54.294 [TestNG-PoolService-3] DEBUG io.github.bonigarcia.wdm.versions.VersionDetector -- Detecting chrome version using online commands.properties
08:17:54.294 [TestNG-PoolService-2] DEBUG io.github.bonigarcia.wdm.versions.VersionDetector -- Detecting chrome version using online commands.properties
08:17:54.308 [TestNG-PoolService-2] DEBUG io.github.bonigarcia.wdm.versions.Shell -- Running command on the shell: [cmd.exe, /C, wmic, datafile, where, name="%PROGRAMFILES:\=\\%\\Google\\Chrome\\Application\\chrome.exe", get, Version, /value]
08:17:54.308 [TestNG-PoolService-3] DEBUG io.github.bonigarcia.wdm.versions.Shell -- Running command on the shell: [cmd.exe, /C, wmic, datafile, where, name="%PROGRAMFILES:\=\\%\\Google\\Chrome\\Application\\chrome.exe", get, Version, /value]
08:17:54.308 [TestNG-PoolService-1] DEBUG io.github.bonigarcia.wdm.versions.Shell -- Running command on the shell: [cmd.exe, /C, wmic, datafile, where, name="%PROGRAMFILES:\=\\%\\Google\\Chrome\\Application\\chrome.exe", get, Version, /value]
08:17:54.735 [TestNG-PoolService-3] DEBUG io.github.bonigarcia.wdm.versions.Shell -- Result: Version=139.0.7258.155
08:17:54.735 [TestNG-PoolService-2] DEBUG io.github.bonigarcia.wdm.versions.Shell -- Result: Version=139.0.7258.155
08:17:54.735 [TestNG-PoolService-1] DEBUG io.github.bonigarcia.wdm.versions.Shell -- Result: Version=139.0.7258.155
08:17:54.742 [TestNG-PoolService-3] DEBUG io.github.bonigarcia.wdm.cache.ResolutionCache -- Removing resolution chrome139=139.0.7258.154 from cache (expired on Wed Sep 03 10:23:31 IST 2025)
08:17:54.743 [TestNG-PoolService-1] DEBUG io.github.bonigarcia.wdm.cache.ResolutionCache -- Removing resolution chrome139=139.0.7258.154 from cache (expired on Wed Sep 03 10:23:31 IST 2025)
08:17:54.745 [TestNG-PoolService-2] DEBUG io.github.bonigarcia.wdm.cache.ResolutionCache -- Removing resolution chrome139=139.0.7258.154 from cache (expired on Wed Sep 03 10:23:31 IST 2025)
08:17:54.762 [TestNG-PoolService-1] DEBUG org.apache.hc.client5.http.impl.classic.InternalHttpClient -- ex-0000000004 preparing request execution
08:17:54.762 [TestNG-PoolService-3] DEBUG org.apache.hc.client5.http.impl.classic.InternalHttpClient -- ex-0000000005 preparing request execution
08:17:54.762 [TestNG-PoolService-2] DEBUG org.apache.hc.client5.http.impl.classic.InternalHttpClient -- ex-0000000006 preparing request execution
08:17:54.763 [TestNG-PoolService-1] DEBUG org.apache.hc.client5.http.impl.classic.ProtocolExec -- ex-0000000004 target auth state: UNCHALLENGED
08:17:54.763 [TestNG-PoolService-3] DEBUG org.apache.hc.client5.http.impl.classic.ProtocolExec -- ex-0000000005 target auth state: UNCHALLENGED
08:17:54.763 [TestNG-PoolService-1] DEBUG org.apache.hc.client5.http.impl.classic.ProtocolExec -- ex-0000000004 proxy auth state: UNCHALLENGED
08:17:54.763 [TestNG-PoolService-2] DEBUG org.apache.hc.client5.http.impl.classic.ProtocolExec -- ex-0000000006 target auth state: UNCHALLENGED
08:17:54.763 [TestNG-PoolService-2] DEBUG org.apache.hc.client5.http.impl.classic.ProtocolExec -- ex-0000000006 proxy auth state: UNCHALLENGED
08:17:54.763 [TestNG-PoolService-3] DEBUG org.apache.hc.client5.http.impl.classic.ProtocolExec -- ex-0000000005 proxy auth state: UNCHALLENGED
08:17:54.763 [TestNG-PoolService-1] DEBUG org.apache.hc.client5.http.impl.classic.ConnectExec -- ex-0000000004 acquiring connection with route {s}->https://googlechromelabs.github.io:443
08:17:54.764 [TestNG-PoolService-3] DEBUG org.apache.hc.client5.http.impl.classic.ConnectExec -- ex-0000000005 acquiring connection with route {s}->https://googlechromelabs.github.io:443
08:17:54.763 [TestNG-PoolService-2] DEBUG org.apache.hc.client5.http.impl.classic.ConnectExec -- ex-0000000006 acquiring connection with route {s}->https://googlechromelabs.github.io:443
08:17:54.764 [TestNG-PoolService-1] DEBUG org.apache.hc.client5.http.impl.classic.InternalHttpClient -- ex-0000000004 acquiring endpoint (3 MINUTES)
08:17:54.764 [TestNG-PoolService-3] DEBUG org.apache.hc.client5.http.impl.classic.InternalHttpClient -- ex-0000000005 acquiring endpoint (3 MINUTES)
08:17:54.764 [TestNG-PoolService-1] DEBUG org.apache.hc.client5.http.impl.io.PoolingHttpClientConnectionManager -- ex-0000000004 endpoint lease request (3 MINUTES) [route: {s}->https://googlechromelabs.github.io:443][total available: 1; route allocated: 0 of 5; total allocated: 1 of 25]
08:17:54.764 [TestNG-PoolService-2] DEBUG org.apache.hc.client5.http.impl.classic.InternalHttpClient -- ex-0000000006 acquiring endpoint (3 MINUTES)
08:17:54.764 [TestNG-PoolService-3] DEBUG org.apache.hc.client5.http.impl.io.PoolingHttpClientConnectionManager -- ex-0000000005 endpoint lease request (3 MINUTES) [route: {s}->https://googlechromelabs.github.io:443][total available: 1; route allocated: 0 of 5; total allocated: 1 of 25]
08:17:54.764 [TestNG-PoolService-1] DEBUG org.apache.hc.client5.http.impl.io.PoolingHttpClientConnectionManager -- ex-0000000004 endpoint leased [route: {s}->https://googlechromelabs.github.io:443][total available: 1; route allocated: 1 of 5; total allocated: 2 of 25]
08:17:54.764 [TestNG-PoolService-2] DEBUG org.apache.hc.client5.http.impl.io.PoolingHttpClientConnectionManager -- ex-0000000006 endpoint lease request (3 MINUTES) [route: {s}->https://googlechromelabs.github.io:443][total available: 1; route allocated: 0 of 5; total allocated: 1 of 25]
08:17:54.765 [TestNG-PoolService-3] DEBUG org.apache.hc.client5.http.impl.io.PoolingHttpClientConnectionManager -- ex-0000000005 endpoint leased [route: {s}->https://googlechromelabs.github.io:443][total available: 1; route allocated: 1 of 5; total allocated: 2 of 25]
08:17:54.765 [TestNG-PoolService-1] DEBUG org.apache.hc.client5.http.impl.io.PoolingHttpClientConnectionManager -- ex-0000000004 acquired ep-0000000004
08:17:54.766 [TestNG-PoolService-2] DEBUG org.apache.hc.client5.http.impl.io.PoolingHttpClientConnectionManager -- ex-0000000006 endpoint leased [route: {s}->https://googlechromelabs.github.io:443][total available: 1; route allocated: 1 of 5; total allocated: 2 of 25]
08:17:54.766 [TestNG-PoolService-1] DEBUG org.apache.hc.client5.http.impl.classic.InternalHttpClient -- ex-0000000004 acquired endpoint ep-0000000004
08:17:54.766 [TestNG-PoolService-2] DEBUG org.apache.hc.client5.http.impl.io.PoolingHttpClientConnectionManager -- ex-0000000006 acquired ep-0000000006
08:17:54.766 [TestNG-PoolService-1] DEBUG org.apache.hc.client5.http.impl.classic.ConnectExec -- ex-0000000004 opening connection {s}->https://googlechromelabs.github.io:443
08:17:54.766 [TestNG-PoolService-2] DEBUG org.apache.hc.client5.http.impl.classic.InternalHttpClient -- ex-0000000006 acquired endpoint ep-0000000006
08:17:54.766 [TestNG-PoolService-1] DEBUG org.apache.hc.client5.http.impl.classic.InternalHttpClient -- ep-0000000004 connecting endpoint (null)
08:17:54.766 [TestNG-PoolService-2] DEBUG org.apache.hc.client5.http.impl.classic.ConnectExec -- ex-0000000006 opening connection {s}->https://googlechromelabs.github.io:443
08:17:54.766 [TestNG-PoolService-3] DEBUG org.apache.hc.client5.http.impl.io.PoolingHttpClientConnectionManager -- ex-0000000005 acquired ep-0000000005
08:17:54.766 [TestNG-PoolService-2] DEBUG org.apache.hc.client5.http.impl.classic.InternalHttpClient -- ep-0000000006 connecting endpoint (null)
08:17:54.766 [TestNG-PoolService-1] DEBUG org.apache.hc.client5.http.impl.io.PoolingHttpClientConnectionManager -- ep-0000000004 connecting endpoint to https://googlechromelabs.github.io:443 (30 SECONDS)
08:17:54.766 [TestNG-PoolService-3] DEBUG org.apache.hc.client5.http.impl.classic.InternalHttpClient -- ex-0000000005 acquired endpoint ep-0000000005
08:17:54.767 [TestNG-PoolService-2] DEBUG org.apache.hc.client5.http.impl.io.PoolingHttpClientConnectionManager -- ep-0000000006 connecting endpoint to https://googlechromelabs.github.io:443 (30 SECONDS)
08:17:54.767 [TestNG-PoolService-3] DEBUG org.apache.hc.client5.http.impl.classic.ConnectExec -- ex-0000000005 opening connection {s}->https://googlechromelabs.github.io:443
08:17:54.767 [TestNG-PoolService-2] DEBUG org.apache.hc.client5.http.impl.io.DefaultHttpClientConnectionOperator -- googlechromelabs.github.io resolving remote address
08:17:54.767 [TestNG-PoolService-3] DEBUG org.apache.hc.client5.http.impl.classic.InternalHttpClient -- ep-0000000005 connecting endpoint (null)
08:17:54.767 [TestNG-PoolService-1] DEBUG org.apache.hc.client5.http.impl.io.DefaultHttpClientConnectionOperator -- googlechromelabs.github.io resolving remote address
08:17:54.767 [TestNG-PoolService-3] DEBUG org.apache.hc.client5.http.impl.io.PoolingHttpClientConnectionManager -- ep-0000000005 connecting endpoint to https://googlechromelabs.github.io:443 (30 SECONDS)
08:17:54.767 [TestNG-PoolService-3] DEBUG org.apache.hc.client5.http.impl.io.DefaultHttpClientConnectionOperator -- googlechromelabs.github.io resolving remote address
08:17:54.833 [TestNG-PoolService-2] DEBUG org.apache.hc.client5.http.impl.io.DefaultHttpClientConnectionOperator -- googlechromelabs.github.io resolved to [googlechromelabs.github.io/185.199.108.153, googlechromelabs.github.io/185.199.110.153, googlechromelabs.github.io/185.199.111.153, googlechromelabs.github.io/185.199.109.153, googlechromelabs.github.io/2606:50c0:8000:0:0:0:0:153, googlechromelabs.github.io/2606:50c0:8001:0:0:0:0:153, googlechromelabs.github.io/2606:50c0:8002:0:0:0:0:153, googlechromelabs.github.io/2606:50c0:8003:0:0:0:0:153]
08:17:54.833 [TestNG-PoolService-3] DEBUG org.apache.hc.client5.http.impl.io.DefaultHttpClientConnectionOperator -- googlechromelabs.github.io resolved to [googlechromelabs.github.io/185.199.108.153, googlechromelabs.github.io/185.199.110.153, googlechromelabs.github.io/185.199.111.153, googlechromelabs.github.io/185.199.109.153, googlechromelabs.github.io/2606:50c0:8000:0:0:0:0:153, googlechromelabs.github.io/2606:50c0:8001:0:0:0:0:153, googlechromelabs.github.io/2606:50c0:8002:0:0:0:0:153, googlechromelabs.github.io/2606:50c0:8003:0:0:0:0:153]
08:17:54.833 [TestNG-PoolService-1] DEBUG org.apache.hc.client5.http.impl.io.DefaultHttpClientConnectionOperator -- googlechromelabs.github.io resolved to [googlechromelabs.github.io/185.199.108.153, googlechromelabs.github.io/185.199.110.153, googlechromelabs.github.io/185.199.111.153, googlechromelabs.github.io/185.199.109.153, googlechromelabs.github.io/2606:50c0:8000:0:0:0:0:153, googlechromelabs.github.io/2606:50c0:8001:0:0:0:0:153, googlechromelabs.github.io/2606:50c0:8002:0:0:0:0:153, googlechromelabs.github.io/2606:50c0:8003:0:0:0:0:153]
08:17:54.834 [TestNG-PoolService-2] DEBUG org.apache.hc.client5.http.impl.io.DefaultHttpClientConnectionOperator -- googlechromelabs.github.io:443 connecting null->googlechromelabs.github.io/185.199.108.153:443 (30 SECONDS)
08:17:54.834 [TestNG-PoolService-3] DEBUG org.apache.hc.client5.http.impl.io.DefaultHttpClientConnectionOperator -- googlechromelabs.github.io:443 connecting null->googlechromelabs.github.io/185.199.108.153:443 (30 SECONDS)
08:17:54.834 [TestNG-PoolService-1] DEBUG org.apache.hc.client5.http.impl.io.DefaultHttpClientConnectionOperator -- googlechromelabs.github.io:443 connecting null->googlechromelabs.github.io/185.199.108.153:443 (30 SECONDS)
08:17:54.835 [TestNG-PoolService-3] DEBUG org.apache.hc.client5.http.ssl.SSLConnectionSocketFactory -- Connecting socket to googlechromelabs.github.io/185.199.108.153:443 with timeout 30 SECONDS
08:17:54.835 [TestNG-PoolService-2] DEBUG org.apache.hc.client5.http.ssl.SSLConnectionSocketFactory -- Connecting socket to googlechromelabs.github.io/185.199.108.153:443 with timeout 30 SECONDS
08:17:54.835 [TestNG-PoolService-1] DEBUG org.apache.hc.client5.http.ssl.SSLConnectionSocketFactory -- Connecting socket to googlechromelabs.github.io/185.199.108.153:443 with timeout 30 SECONDS
08:17:54.862 [TestNG-PoolService-2] DEBUG org.apache.hc.client5.http.ssl.SSLConnectionSocketFactory -- Enabled protocols: [TLSv1.3, TLSv1.2]
08:17:54.862 [TestNG-PoolService-3] DEBUG org.apache.hc.client5.http.ssl.SSLConnectionSocketFactory -- Enabled protocols: [TLSv1.3, TLSv1.2]
08:17:54.863 [TestNG-PoolService-2] DEBUG org.apache.hc.client5.http.ssl.SSLConnectionSocketFactory -- Enabled cipher suites: [TLS_AES_256_GCM_SHA384, TLS_AES_128_GCM_SHA256, TLS_CHACHA20_POLY1305_SHA256, TLS_ECDHE_ECDSA_WITH_AES_256_GCM_SHA384, TLS_ECDHE_ECDSA_WITH_AES_128_GCM_SHA256, TLS_ECDHE_ECDSA_WITH_CHACHA20_POLY1305_SHA256, TLS_ECDHE_RSA_WITH_AES_256_GCM_SHA384, TLS_ECDHE_RSA_WITH_CHACHA20_POLY1305_SHA256, TLS_ECDHE_RSA_WITH_AES_128_GCM_SHA256, TLS_DHE_RSA_WITH_AES_256_GCM_SHA384, TLS_DHE_RSA_WITH_CHACHA20_POLY1305_SHA256, TLS_DHE_DSS_WITH_AES_256_GCM_SHA384, TLS_DHE_RSA_WITH_AES_128_GCM_SHA256, TLS_DHE_DSS_WITH_AES_128_GCM_SHA256, TLS_ECDHE_ECDSA_WITH_AES_256_CBC_SHA384, TLS_ECDHE_RSA_WITH_AES_256_CBC_SHA384, TLS_ECDHE_ECDSA_WITH_AES_128_CBC_SHA256, TLS_ECDHE_RSA_WITH_AES_128_CBC_SHA256, TLS_DHE_RSA_WITH_AES_256_CBC_SHA256, TLS_DHE_DSS_WITH_AES_256_CBC_SHA256, TLS_DHE_RSA_WITH_AES_128_CBC_SHA256, TLS_DHE_DSS_WITH_AES_128_CBC_SHA256, TLS_ECDHE_ECDSA_WITH_AES_256_CBC_SHA, TLS_ECDHE_RSA_WITH_AES_256_CBC_SHA, TLS_ECDHE_ECDSA_WITH_AES_128_CBC_SHA, TLS_ECDHE_RSA_WITH_AES_128_CBC_SHA, TLS_DHE_RSA_WITH_AES_256_CBC_SHA, TLS_DHE_DSS_WITH_AES_256_CBC_SHA, TLS_DHE_RSA_WITH_AES_128_CBC_SHA, TLS_DHE_DSS_WITH_AES_128_CBC_SHA, TLS_RSA_WITH_AES_256_GCM_SHA384, TLS_RSA_WITH_AES_128_GCM_SHA256, TLS_RSA_WITH_AES_256_CBC_SHA256, TLS_RSA_WITH_AES_128_CBC_SHA256, TLS_RSA_WITH_AES_256_CBC_SHA, TLS_RSA_WITH_AES_128_CBC_SHA, TLS_EMPTY_RENEGOTIATION_INFO_SCSV]
08:17:54.862 [TestNG-PoolService-1] DEBUG org.apache.hc.client5.http.ssl.SSLConnectionSocketFactory -- Enabled protocols: [TLSv1.3, TLSv1.2]
08:17:54.863 [TestNG-PoolService-2] DEBUG org.apache.hc.client5.http.ssl.SSLConnectionSocketFactory -- Starting handshake (null)
08:17:54.863 [TestNG-PoolService-1] DEBUG org.apache.hc.client5.http.ssl.SSLConnectionSocketFactory -- Enabled cipher suites: [TLS_AES_256_GCM_SHA384, TLS_AES_128_GCM_SHA256, TLS_CHACHA20_POLY1305_SHA256, TLS_ECDHE_ECDSA_WITH_AES_256_GCM_SHA384, TLS_ECDHE_ECDSA_WITH_AES_128_GCM_SHA256, TLS_ECDHE_ECDSA_WITH_CHACHA20_POLY1305_SHA256, TLS_ECDHE_RSA_WITH_AES_256_GCM_SHA384, TLS_ECDHE_RSA_WITH_CHACHA20_POLY1305_SHA256, TLS_ECDHE_RSA_WITH_AES_128_GCM_SHA256, TLS_DHE_RSA_WITH_AES_256_GCM_SHA384, TLS_DHE_RSA_WITH_CHACHA20_POLY1305_SHA256, TLS_DHE_DSS_WITH_AES_256_GCM_SHA384, TLS_DHE_RSA_WITH_AES_128_GCM_SHA256, TLS_DHE_DSS_WITH_AES_128_GCM_SHA256, TLS_ECDHE_ECDSA_WITH_AES_256_CBC_SHA384, TLS_ECDHE_RSA_WITH_AES_256_CBC_SHA384, TLS_ECDHE_ECDSA_WITH_AES_128_CBC_SHA256, TLS_ECDHE_RSA_WITH_AES_128_CBC_SHA256, TLS_DHE_RSA_WITH_AES_256_CBC_SHA256, TLS_DHE_DSS_WITH_AES_256_CBC_SHA256, TLS_DHE_RSA_WITH_AES_128_CBC_SHA256, TLS_DHE_DSS_WITH_AES_128_CBC_SHA256, TLS_ECDHE_ECDSA_WITH_AES_256_CBC_SHA, TLS_ECDHE_RSA_WITH_AES_256_CBC_SHA, TLS_ECDHE_ECDSA_WITH_AES_128_CBC_SHA, TLS_ECDHE_RSA_WITH_AES_128_CBC_SHA, TLS_DHE_RSA_WITH_AES_256_CBC_SHA, TLS_DHE_DSS_WITH_AES_256_CBC_SHA, TLS_DHE_RSA_WITH_AES_128_CBC_SHA, TLS_DHE_DSS_WITH_AES_128_CBC_SHA, TLS_RSA_WITH_AES_256_GCM_SHA384, TLS_RSA_WITH_AES_128_GCM_SHA256, TLS_RSA_WITH_AES_256_CBC_SHA256, TLS_RSA_WITH_AES_128_CBC_SHA256, TLS_RSA_WITH_AES_256_CBC_SHA, TLS_RSA_WITH_AES_128_CBC_SHA, TLS_EMPTY_RENEGOTIATION_INFO_SCSV]
08:17:54.863 [TestNG-PoolService-3] DEBUG org.apache.hc.client5.http.ssl.SSLConnectionSocketFactory -- Enabled cipher suites: [TLS_AES_256_GCM_SHA384, TLS_AES_128_GCM_SHA256, TLS_CHACHA20_POLY1305_SHA256, TLS_ECDHE_ECDSA_WITH_AES_256_GCM_SHA384, TLS_ECDHE_ECDSA_WITH_AES_128_GCM_SHA256, TLS_ECDHE_ECDSA_WITH_CHACHA20_POLY1305_SHA256, TLS_ECDHE_RSA_WITH_AES_256_GCM_SHA384, TLS_ECDHE_RSA_WITH_CHACHA20_POLY1305_SHA256, TLS_ECDHE_RSA_WITH_AES_128_GCM_SHA256, TLS_DHE_RSA_WITH_AES_256_GCM_SHA384, TLS_DHE_RSA_WITH_CHACHA20_POLY1305_SHA256, TLS_DHE_DSS_WITH_AES_256_GCM_SHA384, TLS_DHE_RSA_WITH_AES_128_GCM_SHA256, TLS_DHE_DSS_WITH_AES_128_GCM_SHA256, TLS_ECDHE_ECDSA_WITH_AES_256_CBC_SHA384, TLS_ECDHE_RSA_WITH_AES_256_CBC_SHA384, TLS_ECDHE_ECDSA_WITH_AES_128_CBC_SHA256, TLS_ECDHE_RSA_WITH_AES_128_CBC_SHA256, TLS_DHE_RSA_WITH_AES_256_CBC_SHA256, TLS_DHE_DSS_WITH_AES_256_CBC_SHA256, TLS_DHE_RSA_WITH_AES_128_CBC_SHA256, TLS_DHE_DSS_WITH_AES_128_CBC_SHA256, TLS_ECDHE_ECDSA_WITH_AES_256_CBC_SHA, TLS_ECDHE_RSA_WITH_AES_256_CBC_SHA, TLS_ECDHE_ECDSA_WITH_AES_128_CBC_SHA, TLS_ECDHE_RSA_WITH_AES_128_CBC_SHA, TLS_DHE_RSA_WITH_AES_256_CBC_SHA, TLS_DHE_DSS_WITH_AES_256_CBC_SHA, TLS_DHE_RSA_WITH_AES_128_CBC_SHA, TLS_DHE_DSS_WITH_AES_128_CBC_SHA, TLS_RSA_WITH_AES_256_GCM_SHA384, TLS_RSA_WITH_AES_128_GCM_SHA256, TLS_RSA_WITH_AES_256_CBC_SHA256, TLS_RSA_WITH_AES_128_CBC_SHA256, TLS_RSA_WITH_AES_256_CBC_SHA, TLS_RSA_WITH_AES_128_CBC_SHA, TLS_EMPTY_RENEGOTIATION_INFO_SCSV]
08:17:54.863 [TestNG-PoolService-1] DEBUG org.apache.hc.client5.http.ssl.SSLConnectionSocketFactory -- Starting handshake (null)
08:17:54.863 [TestNG-PoolService-3] DEBUG org.apache.hc.client5.http.ssl.SSLConnectionSocketFactory -- Starting handshake (null)
08:17:54.909 [TestNG-PoolService-3] DEBUG org.apache.hc.client5.http.ssl.SSLConnectionSocketFactory -- Secure session established
08:17:54.910 [TestNG-PoolService-3] DEBUG org.apache.hc.client5.http.ssl.SSLConnectionSocketFactory --  negotiated protocol: TLSv1.3
08:17:54.910 [TestNG-PoolService-3] DEBUG org.apache.hc.client5.http.ssl.SSLConnectionSocketFactory --  negotiated cipher suite: TLS_AES_128_GCM_SHA256
08:17:54.910 [TestNG-PoolService-3] DEBUG org.apache.hc.client5.http.ssl.SSLConnectionSocketFactory --  peer principal: CN=*.github.io
08:17:54.910 [TestNG-PoolService-3] DEBUG org.apache.hc.client5.http.ssl.SSLConnectionSocketFactory --  peer alternative names: [*.github.io, *.github.com, *.githubusercontent.com, github.com, github.io, githubusercontent.com, www.github.com]
08:17:54.910 [TestNG-PoolService-3] DEBUG org.apache.hc.client5.http.ssl.SSLConnectionSocketFactory --  issuer principal: CN=Sectigo RSA Domain Validation Secure Server CA, O=Sectigo Limited, L=Salford, ST=Greater Manchester, C=GB
08:17:54.911 [TestNG-PoolService-3] DEBUG org.apache.hc.client5.http.impl.io.DefaultManagedHttpClientConnection -- http-outgoing-4 set socket timeout to 3 MINUTES
08:17:54.911 [TestNG-PoolService-3] DEBUG org.apache.hc.client5.http.impl.io.DefaultHttpClientConnectionOperator -- googlechromelabs.github.io:443 connected null->googlechromelabs.github.io/185.199.108.153:443 as http-outgoing-4
08:17:54.911 [TestNG-PoolService-2] DEBUG org.apache.hc.client5.http.ssl.SSLConnectionSocketFactory -- Secure session established
08:17:54.911 [TestNG-PoolService-3] DEBUG org.apache.hc.client5.http.impl.io.PoolingHttpClientConnectionManager -- ep-0000000005 connected http-outgoing-4
08:17:54.911 [TestNG-PoolService-1] DEBUG org.apache.hc.client5.http.ssl.SSLConnectionSocketFactory -- Secure session established
08:17:54.911 [TestNG-PoolService-2] DEBUG org.apache.hc.client5.http.ssl.SSLConnectionSocketFactory --  negotiated protocol: TLSv1.3
08:17:54.911 [TestNG-PoolService-3] DEBUG org.apache.hc.client5.http.impl.classic.InternalHttpClient -- ep-0000000005 endpoint connected
08:17:54.911 [TestNG-PoolService-1] DEBUG org.apache.hc.client5.http.ssl.SSLConnectionSocketFactory --  negotiated protocol: TLSv1.3
08:17:54.912 [TestNG-PoolService-1] DEBUG org.apache.hc.client5.http.ssl.SSLConnectionSocketFactory --  negotiated cipher suite: TLS_AES_128_GCM_SHA256
08:17:54.912 [TestNG-PoolService-2] DEBUG org.apache.hc.client5.http.ssl.SSLConnectionSocketFactory --  negotiated cipher suite: TLS_AES_128_GCM_SHA256
08:17:54.912 [TestNG-PoolService-3] DEBUG org.apache.hc.client5.http.impl.classic.MainClientExec -- ex-0000000005 executing GET /chrome-for-testing/known-good-versions-with-downloads.json HTTP/1.1
08:17:54.912 [TestNG-PoolService-1] DEBUG org.apache.hc.client5.http.ssl.SSLConnectionSocketFactory --  peer principal: CN=*.github.io
08:17:54.913 [TestNG-PoolService-3] DEBUG org.apache.hc.client5.http.protocol.RequestAddCookies -- ex-0000000005 Cookie spec selected: strict
08:17:54.912 [TestNG-PoolService-2] DEBUG org.apache.hc.client5.http.ssl.SSLConnectionSocketFactory --  peer principal: CN=*.github.io
08:17:54.913 [TestNG-PoolService-1] DEBUG org.apache.hc.client5.http.ssl.SSLConnectionSocketFactory --  peer alternative names: [*.github.io, *.github.com, *.githubusercontent.com, github.com, github.io, githubusercontent.com, www.github.com]
08:17:54.913 [TestNG-PoolService-3] DEBUG org.apache.hc.client5.http.impl.classic.InternalHttpClient -- ep-0000000005 start execution ex-0000000005
08:17:54.913 [TestNG-PoolService-3] DEBUG org.apache.hc.client5.http.impl.io.PoolingHttpClientConnectionManager -- ep-0000000005 executing exchange ex-0000000005 over http-outgoing-4
08:17:54.913 [TestNG-PoolService-2] DEBUG org.apache.hc.client5.http.ssl.SSLConnectionSocketFactory --  peer alternative names: [*.github.io, *.github.com, *.githubusercontent.com, github.com, github.io, githubusercontent.com, www.github.com]
08:17:54.913 [TestNG-PoolService-1] DEBUG org.apache.hc.client5.http.ssl.SSLConnectionSocketFactory --  issuer principal: CN=Sectigo RSA Domain Validation Secure Server CA, O=Sectigo Limited, L=Salford, ST=Greater Manchester, C=GB
08:17:54.914 [TestNG-PoolService-2] DEBUG org.apache.hc.client5.http.ssl.SSLConnectionSocketFactory --  issuer principal: CN=Sectigo RSA Domain Validation Secure Server CA, O=Sectigo Limited, L=Salford, ST=Greater Manchester, C=GB
08:17:54.914 [TestNG-PoolService-3] DEBUG org.apache.hc.client5.http.headers -- http-outgoing-4 >> GET /chrome-for-testing/known-good-versions-with-downloads.json HTTP/1.1
08:17:54.914 [TestNG-PoolService-3] DEBUG org.apache.hc.client5.http.headers -- http-outgoing-4 >> user-agent: Apache-HttpClient/5.0
08:17:54.914 [TestNG-PoolService-2] DEBUG org.apache.hc.client5.http.impl.io.DefaultManagedHttpClientConnection -- http-outgoing-5 set socket timeout to 3 MINUTES
08:17:54.914 [TestNG-PoolService-3] DEBUG org.apache.hc.client5.http.headers -- http-outgoing-4 >> accept-encoding: gzip, deflate, br
08:17:54.914 [TestNG-PoolService-3] DEBUG org.apache.hc.client5.http.headers -- http-outgoing-4 >> cache-control: max-age=0
08:17:54.914 [TestNG-PoolService-3] DEBUG org.apache.hc.client5.http.headers -- http-outgoing-4 >> connection: keep-alive
08:17:54.914 [TestNG-PoolService-3] DEBUG org.apache.hc.client5.http.headers -- http-outgoing-4 >> Host: googlechromelabs.github.io
08:17:54.914 [TestNG-PoolService-1] DEBUG org.apache.hc.client5.http.impl.io.DefaultManagedHttpClientConnection -- http-outgoing-3 set socket timeout to 3 MINUTES
08:17:54.914 [TestNG-PoolService-3] DEBUG org.apache.hc.client5.http.wire -- http-outgoing-4 >> "GET /chrome-for-testing/known-good-versions-with-downloads.json HTTP/1.1[\r][\n]"
08:17:54.914 [TestNG-PoolService-1] DEBUG org.apache.hc.client5.http.impl.io.DefaultHttpClientConnectionOperator -- googlechromelabs.github.io:443 connected null->googlechromelabs.github.io/185.199.108.153:443 as http-outgoing-3
08:17:54.914 [TestNG-PoolService-2] DEBUG org.apache.hc.client5.http.impl.io.DefaultHttpClientConnectionOperator -- googlechromelabs.github.io:443 connected null->googlechromelabs.github.io/185.199.108.153:443 as http-outgoing-5
08:17:54.915 [TestNG-PoolService-1] DEBUG org.apache.hc.client5.http.impl.io.PoolingHttpClientConnectionManager -- ep-0000000004 connected http-outgoing-3
08:17:54.915 [TestNG-PoolService-1] DEBUG org.apache.hc.client5.http.impl.classic.InternalHttpClient -- ep-0000000004 endpoint connected
08:17:54.915 [TestNG-PoolService-3] DEBUG org.apache.hc.client5.http.wire -- http-outgoing-4 >> "user-agent: Apache-HttpClient/5.0[\r][\n]"
08:17:54.915 [TestNG-PoolService-3] DEBUG org.apache.hc.client5.http.wire -- http-outgoing-4 >> "accept-encoding: gzip, deflate, br[\r][\n]"
08:17:54.915 [TestNG-PoolService-2] DEBUG org.apache.hc.client5.http.impl.io.PoolingHttpClientConnectionManager -- ep-0000000006 connected http-outgoing-5
08:17:54.915 [TestNG-PoolService-1] DEBUG org.apache.hc.client5.http.impl.classic.MainClientExec -- ex-0000000004 executing GET /chrome-for-testing/known-good-versions-with-downloads.json HTTP/1.1
08:17:54.915 [TestNG-PoolService-2] DEBUG org.apache.hc.client5.http.impl.classic.InternalHttpClient -- ep-0000000006 endpoint connected
08:17:54.915 [TestNG-PoolService-2] DEBUG org.apache.hc.client5.http.impl.classic.MainClientExec -- ex-0000000006 executing GET /chrome-for-testing/known-good-versions-with-downloads.json HTTP/1.1
08:17:54.915 [TestNG-PoolService-3] DEBUG org.apache.hc.client5.http.wire -- http-outgoing-4 >> "cache-control: max-age=0[\r][\n]"
08:17:54.916 [TestNG-PoolService-2] DEBUG org.apache.hc.client5.http.protocol.RequestAddCookies -- ex-0000000006 Cookie spec selected: strict
08:17:54.915 [TestNG-PoolService-1] DEBUG org.apache.hc.client5.http.protocol.RequestAddCookies -- ex-0000000004 Cookie spec selected: strict
08:17:54.916 [TestNG-PoolService-3] DEBUG org.apache.hc.client5.http.wire -- http-outgoing-4 >> "connection: keep-alive[\r][\n]"
08:17:54.916 [TestNG-PoolService-1] DEBUG org.apache.hc.client5.http.impl.classic.InternalHttpClient -- ep-0000000004 start execution ex-0000000004
08:17:54.916 [TestNG-PoolService-1] DEBUG org.apache.hc.client5.http.impl.io.PoolingHttpClientConnectionManager -- ep-0000000004 executing exchange ex-0000000004 over http-outgoing-3
08:17:54.916 [TestNG-PoolService-2] DEBUG org.apache.hc.client5.http.impl.classic.InternalHttpClient -- ep-0000000006 start execution ex-0000000006
08:17:54.916 [TestNG-PoolService-3] DEBUG org.apache.hc.client5.http.wire -- http-outgoing-4 >> "Host: googlechromelabs.github.io[\r][\n]"
08:17:54.916 [TestNG-PoolService-2] DEBUG org.apache.hc.client5.http.impl.io.PoolingHttpClientConnectionManager -- ep-0000000006 executing exchange ex-0000000006 over http-outgoing-5
08:17:54.916 [TestNG-PoolService-3] DEBUG org.apache.hc.client5.http.wire -- http-outgoing-4 >> "[\r][\n]"
08:17:54.916 [TestNG-PoolService-1] DEBUG org.apache.hc.client5.http.headers -- http-outgoing-3 >> GET /chrome-for-testing/known-good-versions-with-downloads.json HTTP/1.1
08:17:54.917 [TestNG-PoolService-2] DEBUG org.apache.hc.client5.http.headers -- http-outgoing-5 >> GET /chrome-for-testing/known-good-versions-with-downloads.json HTTP/1.1
08:17:54.917 [TestNG-PoolService-2] DEBUG org.apache.hc.client5.http.headers -- http-outgoing-5 >> user-agent: Apache-HttpClient/5.0
08:17:54.917 [TestNG-PoolService-1] DEBUG org.apache.hc.client5.http.headers -- http-outgoing-3 >> user-agent: Apache-HttpClient/5.0
08:17:54.917 [TestNG-PoolService-1] DEBUG org.apache.hc.client5.http.headers -- http-outgoing-3 >> accept-encoding: gzip, deflate, br
08:17:54.917 [TestNG-PoolService-2] DEBUG org.apache.hc.client5.http.headers -- http-outgoing-5 >> accept-encoding: gzip, deflate, br
08:17:54.917 [TestNG-PoolService-1] DEBUG org.apache.hc.client5.http.headers -- http-outgoing-3 >> cache-control: max-age=0
08:17:54.918 [TestNG-PoolService-2] DEBUG org.apache.hc.client5.http.headers -- http-outgoing-5 >> cache-control: max-age=0
08:17:54.918 [TestNG-PoolService-1] DEBUG org.apache.hc.client5.http.headers -- http-outgoing-3 >> connection: keep-alive
08:17:54.918 [TestNG-PoolService-1] DEBUG org.apache.hc.client5.http.headers -- http-outgoing-3 >> Host: googlechromelabs.github.io
08:17:54.918 [TestNG-PoolService-2] DEBUG org.apache.hc.client5.http.headers -- http-outgoing-5 >> connection: keep-alive
08:17:54.918 [TestNG-PoolService-2] DEBUG org.apache.hc.client5.http.headers -- http-outgoing-5 >> Host: googlechromelabs.github.io
08:17:54.918 [TestNG-PoolService-1] DEBUG org.apache.hc.client5.http.wire -- http-outgoing-3 >> "GET /chrome-for-testing/known-good-versions-with-downloads.json HTTP/1.1[\r][\n]"
08:17:54.918 [TestNG-PoolService-1] DEBUG org.apache.hc.client5.http.wire -- http-outgoing-3 >> "user-agent: Apache-HttpClient/5.0[\r][\n]"
08:17:54.918 [TestNG-PoolService-2] DEBUG org.apache.hc.client5.http.wire -- http-outgoing-5 >> "GET /chrome-for-testing/known-good-versions-with-downloads.json HTTP/1.1[\r][\n]"
08:17:54.919 [TestNG-PoolService-2] DEBUG org.apache.hc.client5.http.wire -- http-outgoing-5 >> "user-agent: Apache-HttpClient/5.0[\r][\n]"
08:17:54.919 [TestNG-PoolService-1] DEBUG org.apache.hc.client5.http.wire -- http-outgoing-3 >> "accept-encoding: gzip, deflate, br[\r][\n]"
08:17:54.919 [TestNG-PoolService-1] DEBUG org.apache.hc.client5.http.wire -- http-outgoing-3 >> "cache-control: max-age=0[\r][\n]"
08:17:54.919 [TestNG-PoolService-2] DEBUG org.apache.hc.client5.http.wire -- http-outgoing-5 >> "accept-encoding: gzip, deflate, br[\r][\n]"
08:17:54.919 [TestNG-PoolService-2] DEBUG org.apache.hc.client5.http.wire -- http-outgoing-5 >> "cache-control: max-age=0[\r][\n]"
08:17:54.919 [TestNG-PoolService-2] DEBUG org.apache.hc.client5.http.wire -- http-outgoing-5 >> "connection: keep-alive[\r][\n]"
08:17:54.919 [TestNG-PoolService-2] DEBUG org.apache.hc.client5.http.wire -- http-outgoing-5 >> "Host: googlechromelabs.github.io[\r][\n]"
08:17:54.919 [TestNG-PoolService-2] DEBUG org.apache.hc.client5.http.wire -- http-outgoing-5 >> "[\r][\n]"
08:17:54.919 [TestNG-PoolService-1] DEBUG org.apache.hc.client5.http.wire -- http-outgoing-3 >> "connection: keep-alive[\r][\n]"
08:17:54.919 [TestNG-PoolService-1] DEBUG org.apache.hc.client5.http.wire -- http-outgoing-3 >> "Host: googlechromelabs.github.io[\r][\n]"
08:17:54.920 [TestNG-PoolService-1] DEBUG org.apache.hc.client5.http.wire -- http-outgoing-3 >> "[\r][\n]"
08:17:54.947 [TestNG-PoolService-2] DEBUG org.apache.hc.client5.http.wire -- http-outgoing-5 << "HTTP/1.1 200 OK[\r][\n]"
08:17:54.947 [TestNG-PoolService-2] DEBUG org.apache.hc.client5.http.wire -- http-outgoing-5 << "Connection: keep-alive[\r][\n]"
08:17:54.947 [TestNG-PoolService-3] DEBUG org.apache.hc.client5.http.wire -- http-outgoing-4 << "HTTP/1.1 200 OK[\r][\n]"
08:17:54.947 [TestNG-PoolService-1] DEBUG org.apache.hc.client5.http.wire -- http-outgoing-3 << "HTTP/1.1 200 OK[\r][\n]"
08:17:54.947 [TestNG-PoolService-2] DEBUG org.apache.hc.client5.http.wire -- http-outgoing-5 << "Content-Length: 107922[\r][\n]"
08:17:54.948 [TestNG-PoolService-2] DEBUG org.apache.hc.client5.http.wire -- http-outgoing-5 << "Server: GitHub.com[\r][\n]"
08:17:54.947 [TestNG-PoolService-3] DEBUG org.apache.hc.client5.http.wire -- http-outgoing-4 << "Connection: keep-alive[\r][\n]"
08:17:54.948 [TestNG-PoolService-3] DEBUG org.apache.hc.client5.http.wire -- http-outgoing-4 << "Content-Length: 107922[\r][\n]"
08:17:54.948 [TestNG-PoolService-3] DEBUG org.apache.hc.client5.http.wire -- http-outgoing-4 << "Server: GitHub.com[\r][\n]"
08:17:54.948 [TestNG-PoolService-1] DEBUG org.apache.hc.client5.http.wire -- http-outgoing-3 << "Connection: keep-alive[\r][\n]"
08:17:54.948 [TestNG-PoolService-1] DEBUG org.apache.hc.client5.http.wire -- http-outgoing-3 << "Content-Length: 107922[\r][\n]"
08:17:54.948 [TestNG-PoolService-2] DEBUG org.apache.hc.client5.http.wire -- http-outgoing-5 << "Content-Type: application/json; charset=utf-8[\r][\n]"
08:17:54.948 [TestNG-PoolService-2] DEBUG org.apache.hc.client5.http.wire -- http-outgoing-5 << "x-origin-cache: HIT[\r][\n]"
08:17:54.948 [TestNG-PoolService-2] DEBUG org.apache.hc.client5.http.wire -- http-outgoing-5 << "Last-Modified: Fri, 05 Sep 2025 02:35:25 GMT[\r][\n]"
08:17:54.948 [TestNG-PoolService-3] DEBUG org.apache.hc.client5.http.wire -- http-outgoing-4 << "Content-Type: application/json; charset=utf-8[\r][\n]"
08:17:54.948 [TestNG-PoolService-3] DEBUG org.apache.hc.client5.http.wire -- http-outgoing-4 << "x-origin-cache: HIT[\r][\n]"
08:17:54.948 [TestNG-PoolService-3] DEBUG org.apache.hc.client5.http.wire -- http-outgoing-4 << "Last-Modified: Fri, 05 Sep 2025 02:35:25 GMT[\r][\n]"
08:17:54.948 [TestNG-PoolService-3] DEBUG org.apache.hc.client5.http.wire -- http-outgoing-4 << "Access-Control-Allow-Origin: *[\r][\n]"
08:17:54.948 [TestNG-PoolService-1] DEBUG org.apache.hc.client5.http.wire -- http-outgoing-3 << "Server: GitHub.com[\r][\n]"
08:17:54.949 [TestNG-PoolService-1] DEBUG org.apache.hc.client5.http.wire -- http-outgoing-3 << "Content-Type: application/json; charset=utf-8[\r][\n]"
08:17:54.948 [TestNG-PoolService-2] DEBUG org.apache.hc.client5.http.wire -- http-outgoing-5 << "Access-Control-Allow-Origin: *[\r][\n]"
08:17:54.949 [TestNG-PoolService-2] DEBUG org.apache.hc.client5.http.wire -- http-outgoing-5 << "Strict-Transport-Security: max-age=31556952[\r][\n]"
08:17:54.949 [TestNG-PoolService-3] DEBUG org.apache.hc.client5.http.wire -- http-outgoing-4 << "Strict-Transport-Security: max-age=31556952[\r][\n]"
08:17:54.949 [TestNG-PoolService-3] DEBUG org.apache.hc.client5.http.wire -- http-outgoing-4 << "ETag: W/"68ba4c6d-34254f"[\r][\n]"
08:17:54.949 [TestNG-PoolService-1] DEBUG org.apache.hc.client5.http.wire -- http-outgoing-3 << "x-origin-cache: HIT[\r][\n]"
08:17:54.949 [TestNG-PoolService-1] DEBUG org.apache.hc.client5.http.wire -- http-outgoing-3 << "Last-Modified: Fri, 05 Sep 2025 02:35:25 GMT[\r][\n]"
08:17:54.949 [TestNG-PoolService-1] DEBUG org.apache.hc.client5.http.wire -- http-outgoing-3 << "Access-Control-Allow-Origin: *[\r][\n]"
08:17:54.949 [TestNG-PoolService-2] DEBUG org.apache.hc.client5.http.wire -- http-outgoing-5 << "ETag: W/"68ba4c6d-34254f"[\r][\n]"
08:17:54.949 [TestNG-PoolService-2] DEBUG org.apache.hc.client5.http.wire -- http-outgoing-5 << "expires: Fri, 05 Sep 2025 02:48:28 GMT[\r][\n]"
08:17:54.949 [TestNG-PoolService-2] DEBUG org.apache.hc.client5.http.wire -- http-outgoing-5 << "Cache-Control: max-age=600[\r][\n]"
08:17:54.949 [TestNG-PoolService-2] DEBUG org.apache.hc.client5.http.wire -- http-outgoing-5 << "Content-Encoding: gzip[\r][\n]"
08:17:54.949 [TestNG-PoolService-2] DEBUG org.apache.hc.client5.http.wire -- http-outgoing-5 << "x-proxy-cache: MISS[\r][\n]"
08:17:54.949 [TestNG-PoolService-3] DEBUG org.apache.hc.client5.http.wire -- http-outgoing-4 << "expires: Fri, 05 Sep 2025 02:48:28 GMT[\r][\n]"
08:17:54.950 [TestNG-PoolService-3] DEBUG org.apache.hc.client5.http.wire -- http-outgoing-4 << "Cache-Control: max-age=600[\r][\n]"
08:17:54.949 [TestNG-PoolService-1] DEBUG org.apache.hc.client5.http.wire -- http-outgoing-3 << "Strict-Transport-Security: max-age=31556952[\r][\n]"
08:17:54.950 [TestNG-PoolService-1] DEBUG org.apache.hc.client5.http.wire -- http-outgoing-3 << "ETag: W/"68ba4c6d-34254f"[\r][\n]"
08:17:54.950 [TestNG-PoolService-1] DEBUG org.apache.hc.client5.http.wire -- http-outgoing-3 << "expires: Fri, 05 Sep 2025 02:48:28 GMT[\r][\n]"
08:17:54.950 [TestNG-PoolService-2] DEBUG org.apache.hc.client5.http.wire -- http-outgoing-5 << "X-GitHub-Request-Id: 9C81:2D699E:D73A:1310D:68BA4D24[\r][\n]"
08:17:54.950 [TestNG-PoolService-3] DEBUG org.apache.hc.client5.http.wire -- http-outgoing-4 << "Content-Encoding: gzip[\r][\n]"
08:17:54.951 [TestNG-PoolService-3] DEBUG org.apache.hc.client5.http.wire -- http-outgoing-4 << "x-proxy-cache: MISS[\r][\n]"
08:17:54.950 [TestNG-PoolService-1] DEBUG org.apache.hc.client5.http.wire -- http-outgoing-3 << "Cache-Control: max-age=600[\r][\n]"
08:17:54.951 [TestNG-PoolService-1] DEBUG org.apache.hc.client5.http.wire -- http-outgoing-3 << "Content-Encoding: gzip[\r][\n]"
08:17:54.951 [TestNG-PoolService-1] DEBUG org.apache.hc.client5.http.wire -- http-outgoing-3 << "x-proxy-cache: MISS[\r][\n]"
08:17:54.951 [TestNG-PoolService-2] DEBUG org.apache.hc.client5.http.wire -- http-outgoing-5 << "Accept-Ranges: bytes[\r][\n]"
08:17:54.951 [TestNG-PoolService-1] DEBUG org.apache.hc.client5.http.wire -- http-outgoing-3 << "X-GitHub-Request-Id: 9C81:2D699E:D73A:1310D:68BA4D24[\r][\n]"
08:17:54.951 [TestNG-PoolService-1] DEBUG org.apache.hc.client5.http.wire -- http-outgoing-3 << "Accept-Ranges: bytes[\r][\n]"
08:17:54.951 [TestNG-PoolService-1] DEBUG org.apache.hc.client5.http.wire -- http-outgoing-3 << "Date: Fri, 05 Sep 2025 02:47:55 GMT[\r][\n]"
08:17:54.951 [TestNG-PoolService-1] DEBUG org.apache.hc.client5.http.wire -- http-outgoing-3 << "Via: 1.1 varnish[\r][\n]"
08:17:54.951 [TestNG-PoolService-3] DEBUG org.apache.hc.client5.http.wire -- http-outgoing-4 << "X-GitHub-Request-Id: 9C81:2D699E:D73A:1310D:68BA4D24[\r][\n]"
08:17:54.951 [TestNG-PoolService-2] DEBUG org.apache.hc.client5.http.wire -- http-outgoing-5 << "Date: Fri, 05 Sep 2025 02:47:55 GMT[\r][\n]"
08:17:54.951 [TestNG-PoolService-1] DEBUG org.apache.hc.client5.http.wire -- http-outgoing-3 << "Age: 530[\r][\n]"
08:17:54.952 [TestNG-PoolService-1] DEBUG org.apache.hc.client5.http.wire -- http-outgoing-3 << "X-Served-By: cache-maa10224-MAA[\r][\n]"
08:17:54.952 [TestNG-PoolService-3] DEBUG org.apache.hc.client5.http.wire -- http-outgoing-4 << "Accept-Ranges: bytes[\r][\n]"
08:17:54.952 [TestNG-PoolService-2] DEBUG org.apache.hc.client5.http.wire -- http-outgoing-5 << "Via: 1.1 varnish[\r][\n]"
08:17:54.952 [TestNG-PoolService-1] DEBUG org.apache.hc.client5.http.wire -- http-outgoing-3 << "X-Cache: HIT[\r][\n]"
08:17:54.952 [TestNG-PoolService-3] DEBUG org.apache.hc.client5.http.wire -- http-outgoing-4 << "Date: Fri, 05 Sep 2025 02:47:55 GMT[\r][\n]"
08:17:54.952 [TestNG-PoolService-2] DEBUG org.apache.hc.client5.http.wire -- http-outgoing-5 << "Age: 531[\r][\n]"
08:17:54.952 [TestNG-PoolService-2] DEBUG org.apache.hc.client5.http.wire -- http-outgoing-5 << "X-Served-By: cache-maa10243-MAA[\r][\n]"
08:17:54.952 [TestNG-PoolService-1] DEBUG org.apache.hc.client5.http.wire -- http-outgoing-3 << "X-Cache-Hits: 7[\r][\n]"
08:17:54.952 [TestNG-PoolService-1] DEBUG org.apache.hc.client5.http.wire -- http-outgoing-3 << "X-Timer: S1757040476.624965,VS0,VE1[\r][\n]"
08:17:54.952 [TestNG-PoolService-1] DEBUG org.apache.hc.client5.http.wire -- http-outgoing-3 << "Vary: Accept-Encoding[\r][\n]"
08:17:54.952 [TestNG-PoolService-1] DEBUG org.apache.hc.client5.http.wire -- http-outgoing-3 << "X-Fastly-Request-ID: 60b54eb9b4a1d0d68da764362451072d8ad39805[\r][\n]"
08:17:54.952 [TestNG-PoolService-3] DEBUG org.apache.hc.client5.http.wire -- http-outgoing-4 << "Via: 1.1 varnish[\r][\n]"
08:17:54.952 [TestNG-PoolService-3] DEBUG org.apache.hc.client5.http.wire -- http-outgoing-4 << "Age: 530[\r][\n]"
08:17:54.952 [TestNG-PoolService-2] DEBUG org.apache.hc.client5.http.wire -- http-outgoing-5 << "X-Cache: HIT[\r][\n]"
08:17:54.952 [TestNG-PoolService-2] DEBUG org.apache.hc.client5.http.wire -- http-outgoing-5 << "X-Cache-Hits: 7[\r][\n]"
08:17:54.952 [TestNG-PoolService-1] DEBUG org.apache.hc.client5.http.wire -- http-outgoing-3 << "[\r][\n]"
08:17:54.952 [TestNG-PoolService-3] DEBUG org.apache.hc.client5.http.wire -- http-outgoing-4 << "X-Served-By: cache-maa10245-MAA[\r][\n]"
08:17:54.953 [TestNG-PoolService-3] DEBUG org.apache.hc.client5.http.wire -- http-outgoing-4 << "X-Cache: HIT[\r][\n]"
08:17:54.953 [TestNG-PoolService-3] DEBUG org.apache.hc.client5.http.wire -- http-outgoing-4 << "X-Cache-Hits: 10[\r][\n]"
08:17:54.953 [TestNG-PoolService-3] DEBUG org.apache.hc.client5.http.wire -- http-outgoing-4 << "X-Timer: S1757040476.622218,VS0,VE1[\r][\n]"
08:17:54.953 [TestNG-PoolService-3] DEBUG org.apache.hc.client5.http.wire -- http-outgoing-4 << "Vary: Accept-Encoding[\r][\n]"
08:17:54.953 [TestNG-PoolService-2] DEBUG org.apache.hc.client5.http.wire -- http-outgoing-5 << "X-Timer: S1757040476.623334,VS0,VE0[\r][\n]"
08:17:54.953 [TestNG-PoolService-2] DEBUG org.apache.hc.client5.http.wire -- http-outgoing-5 << "Vary: Accept-Encoding[\r][\n]"
08:17:54.953 [TestNG-PoolService-3] DEBUG org.apache.hc.client5.http.wire -- http-outgoing-4 << "X-Fastly-Request-ID: b06110617dd3fa69c6671b40292f45d7cbb58a77[\r][\n]"
08:17:54.953 [TestNG-PoolService-2] DEBUG org.apache.hc.client5.http.wire -- http-outgoing-5 << "X-Fastly-Request-ID: 3a6c8067252df25d16fea29c254ecfbceb55ed76[\r][\n]"
08:17:54.953 [TestNG-PoolService-3] DEBUG org.apache.hc.client5.http.wire -- http-outgoing-4 << "[\r][\n]"
08:17:54.953 [TestNG-PoolService-1] DEBUG org.apache.hc.client5.http.headers -- http-outgoing-3 << HTTP/1.1 200 OK
08:17:54.953 [TestNG-PoolService-1] DEBUG org.apache.hc.client5.http.headers -- http-outgoing-3 << Connection: keep-alive
08:17:54.953 [TestNG-PoolService-2] DEBUG org.apache.hc.client5.http.wire -- http-outgoing-5 << "[\r][\n]"
08:17:54.953 [TestNG-PoolService-3] DEBUG org.apache.hc.client5.http.headers -- http-outgoing-4 << HTTP/1.1 200 OK
08:17:54.953 [TestNG-PoolService-1] DEBUG org.apache.hc.client5.http.headers -- http-outgoing-3 << Content-Length: 107922
08:17:54.953 [TestNG-PoolService-3] DEBUG org.apache.hc.client5.http.headers -- http-outgoing-4 << Connection: keep-alive
08:17:54.953 [TestNG-PoolService-1] DEBUG org.apache.hc.client5.http.headers -- http-outgoing-3 << Server: GitHub.com
08:17:54.953 [TestNG-PoolService-3] DEBUG org.apache.hc.client5.http.headers -- http-outgoing-4 << Content-Length: 107922
08:17:54.954 [TestNG-PoolService-2] DEBUG org.apache.hc.client5.http.headers -- http-outgoing-5 << HTTP/1.1 200 OK
08:17:54.954 [TestNG-PoolService-2] DEBUG org.apache.hc.client5.http.headers -- http-outgoing-5 << Connection: keep-alive
08:17:54.954 [TestNG-PoolService-2] DEBUG org.apache.hc.client5.http.headers -- http-outgoing-5 << Content-Length: 107922
08:17:54.954 [TestNG-PoolService-1] DEBUG org.apache.hc.client5.http.headers -- http-outgoing-3 << Content-Type: application/json; charset=utf-8
08:17:54.954 [TestNG-PoolService-1] DEBUG org.apache.hc.client5.http.headers -- http-outgoing-3 << x-origin-cache: HIT
08:17:54.954 [TestNG-PoolService-1] DEBUG org.apache.hc.client5.http.headers -- http-outgoing-3 << Last-Modified: Fri, 05 Sep 2025 02:35:25 GMT
08:17:54.954 [TestNG-PoolService-1] DEBUG org.apache.hc.client5.http.headers -- http-outgoing-3 << Access-Control-Allow-Origin: *
08:17:54.954 [TestNG-PoolService-1] DEBUG org.apache.hc.client5.http.headers -- http-outgoing-3 << Strict-Transport-Security: max-age=31556952
08:17:54.954 [TestNG-PoolService-1] DEBUG org.apache.hc.client5.http.headers -- http-outgoing-3 << ETag: W/"68ba4c6d-34254f"
08:17:54.954 [TestNG-PoolService-3] DEBUG org.apache.hc.client5.http.headers -- http-outgoing-4 << Server: GitHub.com
08:17:54.954 [TestNG-PoolService-3] DEBUG org.apache.hc.client5.http.headers -- http-outgoing-4 << Content-Type: application/json; charset=utf-8
08:17:54.954 [TestNG-PoolService-3] DEBUG org.apache.hc.client5.http.headers -- http-outgoing-4 << x-origin-cache: HIT
08:17:54.954 [TestNG-PoolService-2] DEBUG org.apache.hc.client5.http.headers -- http-outgoing-5 << Server: GitHub.com
08:17:54.954 [TestNG-PoolService-1] DEBUG org.apache.hc.client5.http.headers -- http-outgoing-3 << expires: Fri, 05 Sep 2025 02:48:28 GMT
08:17:54.954 [TestNG-PoolService-2] DEBUG org.apache.hc.client5.http.headers -- http-outgoing-5 << Content-Type: application/json; charset=utf-8
08:17:54.954 [TestNG-PoolService-2] DEBUG org.apache.hc.client5.http.headers -- http-outgoing-5 << x-origin-cache: HIT
08:17:54.954 [TestNG-PoolService-2] DEBUG org.apache.hc.client5.http.headers -- http-outgoing-5 << Last-Modified: Fri, 05 Sep 2025 02:35:25 GMT
08:17:54.954 [TestNG-PoolService-2] DEBUG org.apache.hc.client5.http.headers -- http-outgoing-5 << Access-Control-Allow-Origin: *
08:17:54.954 [TestNG-PoolService-2] DEBUG org.apache.hc.client5.http.headers -- http-outgoing-5 << Strict-Transport-Security: max-age=31556952
08:17:54.954 [TestNG-PoolService-2] DEBUG org.apache.hc.client5.http.headers -- http-outgoing-5 << ETag: W/"68ba4c6d-34254f"
08:17:54.954 [TestNG-PoolService-2] DEBUG org.apache.hc.client5.http.headers -- http-outgoing-5 << expires: Fri, 05 Sep 2025 02:48:28 GMT
08:17:54.954 [TestNG-PoolService-2] DEBUG org.apache.hc.client5.http.headers -- http-outgoing-5 << Cache-Control: max-age=600
08:17:54.954 [TestNG-PoolService-2] DEBUG org.apache.hc.client5.http.headers -- http-outgoing-5 << Content-Encoding: gzip
08:17:54.954 [TestNG-PoolService-2] DEBUG org.apache.hc.client5.http.headers -- http-outgoing-5 << x-proxy-cache: MISS
08:17:54.954 [TestNG-PoolService-2] DEBUG org.apache.hc.client5.http.headers -- http-outgoing-5 << X-GitHub-Request-Id: 9C81:2D699E:D73A:1310D:68BA4D24
08:17:54.954 [TestNG-PoolService-2] DEBUG org.apache.hc.client5.http.headers -- http-outgoing-5 << Accept-Ranges: bytes
08:17:54.954 [TestNG-PoolService-2] DEBUG org.apache.hc.client5.http.headers -- http-outgoing-5 << Date: Fri, 05 Sep 2025 02:47:55 GMT
08:17:54.954 [TestNG-PoolService-2] DEBUG org.apache.hc.client5.http.headers -- http-outgoing-5 << Via: 1.1 varnish
08:17:54.954 [TestNG-PoolService-3] DEBUG org.apache.hc.client5.http.headers -- http-outgoing-4 << Last-Modified: Fri, 05 Sep 2025 02:35:25 GMT
08:17:54.954 [TestNG-PoolService-1] DEBUG org.apache.hc.client5.http.headers -- http-outgoing-3 << Cache-Control: max-age=600
08:17:54.955 [TestNG-PoolService-3] DEBUG org.apache.hc.client5.http.headers -- http-outgoing-4 << Access-Control-Allow-Origin: *
08:17:54.955 [TestNG-PoolService-3] DEBUG org.apache.hc.client5.http.headers -- http-outgoing-4 << Strict-Transport-Security: max-age=31556952
08:17:54.955 [TestNG-PoolService-3] DEBUG org.apache.hc.client5.http.headers -- http-outgoing-4 << ETag: W/"68ba4c6d-34254f"
08:17:54.955 [TestNG-PoolService-3] DEBUG org.apache.hc.client5.http.headers -- http-outgoing-4 << expires: Fri, 05 Sep 2025 02:48:28 GMT
08:17:54.954 [TestNG-PoolService-2] DEBUG org.apache.hc.client5.http.headers -- http-outgoing-5 << Age: 531
08:17:54.955 [TestNG-PoolService-1] DEBUG org.apache.hc.client5.http.headers -- http-outgoing-3 << Content-Encoding: gzip
08:17:54.955 [TestNG-PoolService-1] DEBUG org.apache.hc.client5.http.headers -- http-outgoing-3 << x-proxy-cache: MISS
08:17:54.955 [TestNG-PoolService-3] DEBUG org.apache.hc.client5.http.headers -- http-outgoing-4 << Cache-Control: max-age=600
08:17:54.955 [TestNG-PoolService-3] DEBUG org.apache.hc.client5.http.headers -- http-outgoing-4 << Content-Encoding: gzip
08:17:54.955 [TestNG-PoolService-3] DEBUG org.apache.hc.client5.http.headers -- http-outgoing-4 << x-proxy-cache: MISS
08:17:54.955 [TestNG-PoolService-3] DEBUG org.apache.hc.client5.http.headers -- http-outgoing-4 << X-GitHub-Request-Id: 9C81:2D699E:D73A:1310D:68BA4D24
08:17:54.955 [TestNG-PoolService-3] DEBUG org.apache.hc.client5.http.headers -- http-outgoing-4 << Accept-Ranges: bytes
08:17:54.955 [TestNG-PoolService-3] DEBUG org.apache.hc.client5.http.headers -- http-outgoing-4 << Date: Fri, 05 Sep 2025 02:47:55 GMT
08:17:54.955 [TestNG-PoolService-2] DEBUG org.apache.hc.client5.http.headers -- http-outgoing-5 << X-Served-By: cache-maa10243-MAA
08:17:54.955 [TestNG-PoolService-1] DEBUG org.apache.hc.client5.http.headers -- http-outgoing-3 << X-GitHub-Request-Id: 9C81:2D699E:D73A:1310D:68BA4D24
08:17:54.955 [TestNG-PoolService-3] DEBUG org.apache.hc.client5.http.headers -- http-outgoing-4 << Via: 1.1 varnish
08:17:54.956 [TestNG-PoolService-2] DEBUG org.apache.hc.client5.http.headers -- http-outgoing-5 << X-Cache: HIT
08:17:54.956 [TestNG-PoolService-1] DEBUG org.apache.hc.client5.http.headers -- http-outgoing-3 << Accept-Ranges: bytes
08:17:54.956 [TestNG-PoolService-3] DEBUG org.apache.hc.client5.http.headers -- http-outgoing-4 << Age: 530
08:17:54.956 [TestNG-PoolService-2] DEBUG org.apache.hc.client5.http.headers -- http-outgoing-5 << X-Cache-Hits: 7
08:17:54.956 [TestNG-PoolService-1] DEBUG org.apache.hc.client5.http.headers -- http-outgoing-3 << Date: Fri, 05 Sep 2025 02:47:55 GMT
08:17:54.956 [TestNG-PoolService-1] DEBUG org.apache.hc.client5.http.headers -- http-outgoing-3 << Via: 1.1 varnish
08:17:54.956 [TestNG-PoolService-1] DEBUG org.apache.hc.client5.http.headers -- http-outgoing-3 << Age: 530
08:17:54.956 [TestNG-PoolService-3] DEBUG org.apache.hc.client5.http.headers -- http-outgoing-4 << X-Served-By: cache-maa10245-MAA
08:17:54.956 [TestNG-PoolService-3] DEBUG org.apache.hc.client5.http.headers -- http-outgoing-4 << X-Cache: HIT
08:17:54.956 [TestNG-PoolService-3] DEBUG org.apache.hc.client5.http.headers -- http-outgoing-4 << X-Cache-Hits: 10
08:17:54.956 [TestNG-PoolService-3] DEBUG org.apache.hc.client5.http.headers -- http-outgoing-4 << X-Timer: S1757040476.622218,VS0,VE1
08:17:54.956 [TestNG-PoolService-3] DEBUG org.apache.hc.client5.http.headers -- http-outgoing-4 << Vary: Accept-Encoding
08:17:54.956 [TestNG-PoolService-3] DEBUG org.apache.hc.client5.http.headers -- http-outgoing-4 << X-Fastly-Request-ID: b06110617dd3fa69c6671b40292f45d7cbb58a77
08:17:54.956 [TestNG-PoolService-2] DEBUG org.apache.hc.client5.http.headers -- http-outgoing-5 << X-Timer: S1757040476.623334,VS0,VE0
08:17:54.956 [TestNG-PoolService-1] DEBUG org.apache.hc.client5.http.headers -- http-outgoing-3 << X-Served-By: cache-maa10224-MAA
08:17:54.957 [TestNG-PoolService-2] DEBUG org.apache.hc.client5.http.headers -- http-outgoing-5 << Vary: Accept-Encoding
08:17:54.957 [TestNG-PoolService-1] DEBUG org.apache.hc.client5.http.headers -- http-outgoing-3 << X-Cache: HIT
08:17:54.957 [TestNG-PoolService-2] DEBUG org.apache.hc.client5.http.headers -- http-outgoing-5 << X-Fastly-Request-ID: 3a6c8067252df25d16fea29c254ecfbceb55ed76
08:17:54.957 [TestNG-PoolService-1] DEBUG org.apache.hc.client5.http.headers -- http-outgoing-3 << X-Cache-Hits: 7
08:17:54.957 [TestNG-PoolService-1] DEBUG org.apache.hc.client5.http.headers -- http-outgoing-3 << X-Timer: S1757040476.624965,VS0,VE1
08:17:54.957 [TestNG-PoolService-1] DEBUG org.apache.hc.client5.http.headers -- http-outgoing-3 << Vary: Accept-Encoding
08:17:54.957 [TestNG-PoolService-1] DEBUG org.apache.hc.client5.http.headers -- http-outgoing-3 << X-Fastly-Request-ID: 60b54eb9b4a1d0d68da764362451072d8ad39805
08:17:54.957 [TestNG-PoolService-3] DEBUG org.apache.hc.client5.http.impl.classic.MainClientExec -- ex-0000000005 connection can be kept alive for 3 MINUTES
08:17:54.957 [TestNG-PoolService-2] DEBUG org.apache.hc.client5.http.impl.classic.MainClientExec -- ex-0000000006 connection can be kept alive for 3 MINUTES
08:17:54.957 [TestNG-PoolService-1] DEBUG org.apache.hc.client5.http.impl.classic.MainClientExec -- ex-0000000004 connection can be kept alive for 3 MINUTES
08:17:54.958 [TestNG-PoolService-2] DEBUG org.apache.hc.client5.http.wire -- http-outgoing-5 << "[0x1f][0xffffff8b][0x8][0x0][0x0][0x0][0x0][0x0][0x0][0x3][0xffffffcc][0xffffffbd][0xffffffdd][0xffffff8e],Iv^[0xfffffff9].}[0xffffffad].[0xffffff86][0xffffffdb][0xffffff9f][0xffffff9b][0xfffffff1]9t5[0xffffff83][0xffffffb9][0xffffffe8]!{[0xffffffc8][0x6][0xffffff9a]l[0xffffffa2][0xffffff9b][0xffffff92][0x6]#[0xffffffe8][0xffffffdd]'22[0xffffffcf][0xffffffc9],[0xffffffdb]_[0x1c]U[0xfffffff8]i[0xffffffec][0xfffffff5]A[0x10][0x4][0xffffff8a][0xffffff9d][0xffffffe5]Fbaa[0xffffff95][0xffffff87][0xffffffed][0xffffffed][0xffffffff][0xfffffff3]w[0xffffffff][0xfffffff9][0xffffffa7][0x7f][0xfffffffb][0xffffffe3][0xffffffdf][0xfffffffe][0xfffffff3][0xf][0xffffffff][0xfffffff6][0x1f][0xffffffbf][0xfffffffb][0xffffffc7][0xffffffdf][0xffffff95][[0xffffffe9][0xffffffbf][0xffffffbf][0xffffffad][0xffffffdf][0xffffffdf][0xffffffda][0x7f]-[0xffffffc7]?[0xffffffde][0xffffffd6]?[0xffffffd6][0xfffffff3][0xffffff97][0xffffffb1][0xffffffca][0xffffffff][0xfffffff1][0xffffffbb][0xffffffff][0xfffffff2][0xffffffbb][0xffffffff][0xfffffffe][0xffffffc7][0xffffffbf][0xfffffffe][0xffffffed]O[0x7f][0xfffffff9][0xfffffff7][0xffffffbf][0xfffffffd][0xffffffee][0x1f][0xffffffff][0xffffffcf][0xffffffff][0xfffffff9][0xffffffed][0xffffffbf][0xffffffb8][0xffffffff][0xffffffc5]q[0xffffffd4]_n[0xffffffbf][0xfffffff4]q[0xffffff96]_n[0xfffffff7][0xffffffff][0xffffffd4]_[0xffffffff][0xfffffff8][0xffffffdf][0xffffffff][0xfffffff4][0xfffffffd][0xffffffbf]S[0xffffff8e][0xffffffd6][0xfffffffb][0xfffffffd][0xffffffff][0xfffffff3][0xffffff9f][0xffffffff][0xfffffff2]?[0xfffffffe][0xfffffffd][0xffffffcf][0x7f][0xfffffff9][0xffffffc3]?[0xffffffdf][0xffffffff][0xfffffff6][0x7f][0xfffffffe][0xffffffee][0xffffff9f][0xfffffffe][0xfffffff5][0xffffffaf][0x7f][0xfffffff9][0xffffffb7]?>[0xfffffffe])[0xffffffff][0xfffffff1][0xffffffe7]?[0xfffffffc][0xffffffe7][0xffffffff][0xfffffff3][0xffffff97][0xffffffbf][0xfffffffe][0xffffffdb][0xfffffffd]?[0xfffffffc][0xffffffe7]?[0xfffffffd][0xfffffffb][0x7f][0xfffffffb][0x7f]G[0xffffffbb][0xffffffff][0xffffff87][0xffffffff][0xffffffdb]_[0xffffffff]|[0xffffffff][0xffffffaf][0xffffffff][0xfffffff5]?[0xffffffff][0xfffffff3]?[0xfffffffe][0xfffffff6][0xffffff8f][0xffffffff][0xfffffff0][0xf][0x7f][0xfffffffb][0xffffffcf][0xffffffbf][0xfffffffc][0xfffffff5][0xf][0xffffffff][0xfffffff2][0xffffffc7]_[0xfffffffe][0xffffffe5]/[0x7f][0xfffffff9][0xffffff97]?[0xffffffff][0xfffffff1][0xf][0xffffffff][0xfffffff1][0xffffffa7][0xffffffbf][0xfffffffd][0xfffffff2]O[0x7f][0xfffffff9][0xffffffb7][0x7f]x[0xffffffff][0xffffff87][0xfffffffc][0xfffffffe][0xfffffffe][0xffffffc7][0xffffffbf][0xffffffff][0xffffffcf][0xfffffffb][0xffffffe1][0xffffffff][0xfffffff4][0xffffffef][0xffffffff][0xfffffff2][0xfffffffb][0xffffffff][0xfffffff8]o[0xffffffff][0xfffffff7][0xffffff9f][0xffffffff][0xfffffff4]O[0xffffffff][0xfffffff0][0xfffffff5]<[0xffffffff][0xfffffff0][0xfffffff1]O[0xfffffffd][0xfffffff6][0x1f][0xffffffff][0xfffffff8]/[0x7f][0xfffffff9][0xffffffff][0xfffffffe][0xfffffff4][0x1f][0xffffffbf][0xfffffffb]_[0xffffffff][0xffffffe5]W[0xffffffcf][0xffffffff][0xffffffb7]?[0xfffffffc][0xffffffd3][0xffffffef][0xffffffff][0xfffffff0][0xffffffd7][0x7f][0xfffffffb][0xffffffbb][0xffffff9f][0xffffffe0][0xfffffffb]?[0xfffffff7][0xffffffdb][0x1f]|[0xffffffff][0xffffffff]xv[0xffffff8a][0xffffffbf][0xffffffff][0xffffffff][0x16]>[0xfffffffe][0xffffffa9]_O[0xfffffff0][0xffffffe4][0x7f][0xb][0xffffffff][0xffffffe3]O[0xffffffff]^[0xffffffcb][0xffffffdf][0xfffffff9][0xffffffe9][0xffffff8f][0x7f][0xffffffe6][0xffffffb7][0xffffffff][0xfffffff0][0xffffffe3][0xffffffbf]x[0xfffffff2][0xffffffe4][0xffffffbf][0xfffffffb][0xffffffff][0xffffffdc][0xffffff8f][0x7f][0xffffffe6][0xffffff97]'[0x7f][0xfffffffb][0xffffff9f][0xfffffff9][0xffffffff][0xfffffffa]_o[0xf][0xffffff97][0x8][0xffffffd7]n[0xffffffc6]p[0xffffffed]8[0xffffffc4][0xfffffff7]#[0xfffffff0][0x14][0x7f][0x1c][0xffffff82][0xffffffc2][0xfffffff8][0xfffffffe]x[0xffffff8a][0xffffffe3][0xfffffff7]G[0xffffffbf][\n]"
08:17:54.959 [TestNG-PoolService-2] DEBUG org.apache.hc.client5.http.wire -- http-outgoing-5 << "[0xfffffff2][0xffffffa8]f [0xffffff8f][0xffffff8a][0xffffff83]|?[0x2][0xf][0xfffffff2][0xffffffc7]!([0xffffff90][0xffffffef][0xffffff8f][0xffffffa7]@~[0x7f][0xfffffff4]o[0x4][0xffffffb9]=[0xfffffffe]j[\r][0x11][0x15][0xffffffa3][0xffffff8c][0xffffff95][0xffffffce][0xfffffff1][0xffffffe7]y([0xffffff8c][0xffffffbf][0xffffff9c][0x0][0xffffffa3]x;C2[0xffffffc4]_[0xffffff9e][0xffffff9e][0xffffffcc][0xfffffff0][0xffffffaf][0xffffff9f][0xfffffffc][\n]"
08:17:54.959 [TestNG-PoolService-2] DEBUG org.apache.hc.client5.http.wire -- http-outgoing-5 << "[0xffffffc2][0xffffffe7]m[\n]"
08:17:54.959 [TestNG-PoolService-2] DEBUG org.apache.hc.client5.http.wire -- http-outgoing-5 << "[0xffffff84]g[0xffffffed][0x7][0xffffff83][0xfffffff0][0xffffffe3]<([0xffffffc2][0xffffffef]'`[0x11][0xfffffffe]<[0x3][0xffffff81][0xfffffff0][0xfffffffb][0xffffffd3][0x9][0xffffff84][0xffffffbf]?[0xfffffff9]5[0xffffff84][0xffffff97]B[0xffffffb8][0xffffffb7]F![0xffffffbc]p[0xffffff84][0xffffff97][0x1][0xffffffc2][0xb]Exa[0x8][0xffffffaf][0xb][0x8][0x1f]7[0xffffff85][0xfffffff0][0xffffffac][0x13]B[0xfffffff8][0xffffffed]<,[0xffffffc2][0xffffff8f][0x13][0xffffffc0][0x8][0x7f]?[0x3][0xffffff82][0xfffffff0][0xffffffe3][0xffffffe9][0x8][0xffffffc2][0xffffffdf][0xffffff9e][0xfffffffc][0x1a][0xffffffc2][0xffffffc7]/[0xfffffff1][0xffffffdf][0xffffffe9][0xffffffd6]1n[0x14][0xffffffc2][0xfffffff7][0xfffffff3][0xffffffc0][0x8][0xffffffbf][0xffffff9d][0xffffff80]F[0xfffffff8][0xffffffdb][0x19][0x18][0xffffff84][0xffffffdf][0xffffff9e][0xffffffce] [0xfffffffc][0xfffffff1][0xffffffe4][0xffffffd7][0x10][0xffffffae][0xffffffc2][0xffffffc2][0xffffffeb][0x1c]TH[0xffffffbc][0xffffff9d][0x7]F[0xffffffb8][0x1a]X[0xffffffb8][0xffffffa2][0x16][0xffffffae][0xffffff98][0xffffff85][0xffffffeb][0x15][0xb][0xfffffff7][0xffffff88]p[0xffffffbd][0xffffffd5]Y)[0xffffff84];[0xffffff8e]p7@[0xffffffb8][0xffffffa3][0x8]w[0xc][0xffffffe1]~[0x5]a[0xfffffff1]F[0xffffffa2][0x1e][0x5]x9[0xfffffffc]y[0x1e][0x18]a[0xffffff83]7[0x12][0x7][0xfffffffa]F[0xffffffe2][0xffffffc0][0xffffffde]H[0x1c]W[0xffffffde]H[0xffffff94][0xffffffdb]/-"<o[0x3]B[0xfffffff8][0xffffffed]<,[0xffffffc2][0xffffff8f][0x13][0xffffffc0][0x8][0x7f]?[0x3][0xffffff82][0xfffffff0][0xffffffe3][0xffffffe9][0x8][0xffffffc2][0xffffffdf][0xffffff9e][0xfffffffc][0x1a][0xffffffc2][0xffffffe2][0xffffffbe]D-[0xffffff8d]C[0x18][0xffffffbc]/[0xfffffff1][0xffffffe5][0x4]4[0xffffffc2][0xffffffd0]}[0xffffff89]/Og[0x10]~[0xffffffed][0xffffffbe][0xffffffc4][0xffffffc7][0x1f]5[0xffffff81]p[0xffffffbd][0x1d][0xffffffd4][0x1b][0xffffff89][0xffffffb7][0xfffffff3][0xffffffc0][0x8]7[0x3][0xffffff84][0x1b][0xffffff8a]p[0xffffffc3][0x10]nW[0x10]V-[0xffffffdc][0xffffffca]A[0xfffffffd]:W[0xfffffff0][0x16].[0x6]-\[0xffffffd0][0x16].X[0xb][0xffffff97]+-\UH[0xffffffb4][0xffffffb6][\n]"
08:17:54.960 [TestNG-PoolService-2] DEBUG org.apache.hc.client5.http.wire -- http-outgoing-5 << "[0xffffff84]p[0xffffffc5]C[0xffffffa2][0x1a][0xffffff84]DEC[0xffffffa2]b!Q[0xffffffaf][0xffffff84]D[0x15][0xffffffef][0xffffff85]k[0xffffff9b]'[0xfffffff5]F[0xffffffa2][0xffffffe2][0xffffffef][0xffffff85][0xffffffab][0xffffffc1]{[0xffffffe1][0xffffff8a][0xffffffbe][0x17][0xffffffae][0xffffffd8]{[0xffffffe1]z[0xffffffe5][0xffffffbd]pU-[0xffffffdc][0xffffff8f][0x1b][0xffffff86]0[0xffffffde][0xffffffc2][0xffffffd5][0xffffffa0][0xffffff85][0xffffffbf][0xffffff9f][0xffffff81]A[0x18]k[0xffffffe1]oO~[\r]a[0xfffffff5][0xffffffd3]F[0xffffffef]'[0xfffffff5][0xffffffaf]s[0x15][0xffffffff]i[0xffffffa3][0x1a][0xfffffffc][0xffffffb4]Q[0xffffffd1][0xffffff9f]6*[0xfffffff6][0xffffffd3]F[0xffffffbd][0xfffffff2][0xffffffd3][0xffffffc6][0xfffffffd][0xffffff8f][0xffffff8a][0x19][0xffffffc2][0x5]G[0xffffffb8][0x18] \P[0xffffff84][0xb][0xffffff86]p[0xffffffb9][0xffffff82]p[0xffffffb8][0xffffffe6][0x3]#[0xc]_[0xfffffff3]y[0xffffff9c][0xffffff80]G[0x18][0xffffffbc][0xffffffe6][0xfffffff3]x:[0xffffff85][0xfffffff0][0xffffffeb][0xffffffd7]|[0xffffffee][0x7f]4[0xffffffcc][0x10][0x1e]8[0xffffffc2][0xffffffc3][0x0][0xffffffe1][0xffffff81]"<0[0xffffff84][0xffffffc7][0x15][0xffffff84][0xf]7[0xffffff86][0xf][0x1e][0xffffffe2][0xffffffc3][0xffffff81][0xffffffe2][0xffffff83][0xffffffc5][0xfffffff8][0xffffffe0]8>.[0xffffff81]\[0xffffffdc]@.<[0xffffffc8][0xffffffc5][0x1][0xffffffe4][0xffffffc2][0xffffff82]\8[0xffffff90][0xffffffcb]%[0xffffff90][0xffffffe3]p>[0xc]27[0xffffff9c][0xffffffff][0xfffffff5][0x8]<[0xffffffc8][0xffffffcc]p[0xfffffffe][0xffffffd7][0xffffffc7]S [0xffffffbf]4[0xffffff9c][0xffffffff][0xfffffffd][0xffffffaf][0xffffff9a][0x1b][0xffffffc8][0xffffff8d][0x7][0xffffffb9]9[0xffffff80][0xffffffdc]X[0xffffff90][0x1b][0x7]r[0xffffffbb][0x4][0xfffffff2]r{a[0xffffffbc][0xfffffff8]7[0xffffffc6][0xfffffff7]#[0xfffffff0] [0x7f][0x1c][0xffffff82][0x2]yq/[0xffffff8d][0xffffffd7][0xffffffa5][0xffffffb7][0xffffffc6]Gu{[0xffffffe9]v?[0x11][0xffffff8e][0xfffffff2][0xffffffdb][0x19]x[0xffffff96][0xffffffbf][0xffffff9d][0xffffff82][0xffffff82][0xfffffff9][0xffffffed][0xfffffff9][0x14][0xffffffcd][0x1f][0xffffffcf][0xfffffffe][0xffffff8d]8[0xfffffff7][0xfffffff7]?[0x13][0xffffffe3][0xfffffffa][0xfffffff5][0xffffffbc][0xffffff8d][0xfffffffc][0xb]A[0xffffff9f][0xffffffe7][0xffffffa1]P[0xfffffffe]r[0x2][0xc][0xffffffe4][0xffffffed][0xc][0xffffffc9][0x18][0x7f]yz2[0xffffffc4][0xffffffbf]~[0xfffffff2]K[0x8]71[0xffffffae]_[0xffffffcf]:[0xfffffff3][0xffffffaf]e~[0xffffff9e][0xffffff87]E[0xffffffb8][0xffffffa1][0xffffffe3][0xfffffffa][0xffffffdb][0x19][0x10][0xffffff84][0x1b]0[0xffffffae][0xffffffff][0xffffffeb]'[0xffffffbf][0xffffff86][0xfffffff0][0xffffffa1][0x10][0xffffffee]-?)>[0xffffffcf][0x3]#|[0x18] |[0xffffffa0][0x8][0x1f][0x18][0xffffffc2][0xffffffc7][0x15][0xffffff84][0xffffffd5][0xffffffcd][0xffffffe2][0xffffffb3][0xffffffaf][0xffffff93]B[0x18][0xffffffbc]Y[0xfffffffc][0xffffffe5][0x4]4[0xffffffc2][0xffffffd0][0xffffffcd][0xffffffe2]/Og[0x10]~[0xffffffed]f[0xfffffff1][0xffffffc7][0x1f][0xffffffa9][0xffffff9b][0xffffffc5][0xffffffe7]h[0xfffffff9][0xb][0x4]?[0xffffffcf][0x3]#[0xffffff8c][0xffffffde],[0xffffffde][0xffffffce][0xffffffc0] [0xc][0xffffffdc],[0xfffffffe][0xfffffff5][0xffffff93]_C[0xffffffb8]I[0xffffff84]W[0xfffffffe][0xffffffc6][0xffffff89][0xffffffcf][0xfffffff3][0xffffffc0][0x8]7[0x3][0xffffff84][0x1b][0xffffff8a]p[0xffffffc3][0x10]nW[0x10]>[0x5][0xffffffc2][0xffffffb3][0x14],$N[0x1c][0xffffffe1][0xffffffd3][0x0][0xffffffe1][0x13]E[0xfffffff8][0xffffffc4][0x10]>[0xffffffaf] [0xffffffac]^[0xffffffaa][0xffffffcd][0xffffffd9]1[0xb][0xffffffe3]/[0xffffffd5][0xffffff9a][0xffffffc1]K[0xffffffb5][0xffffff86][0xffffffbe]Tk[0xffffffd8]K[0xffffffb5]v[0xffffffe5][0xffffffa5]ZW/[0xffffffd5]V9([0xffffff84];[0xfffffffe]R[0xffffffad][0x1b][0xffffffbc]T[0xffffffeb][0xffffffe8]K[0xffffffb5][0xffffff8e][0xffffffbd]T[0xffffffeb]W^[0xffffffaa]u[0xfffffff5]Rm[0xffffffb5]B[0xffffffbd]T[0xffffffeb][0xfffffff8]K[0xffffffb5]n[0xfffffff0]R[0xffffffad][0xffffffa3]/[0xffffffd5]:[0xfffffff6]R[0xffffffad]_y[0xffffffa9]v[0xffffffff][0xffffffa3]8[0xffffffa2][0xffffffc4]"[0xffffff8c][0xffffff8d](}9[0x1][0xffffff8f]02[0xffffffa2][0xfffffff4][0xffffffe5][0xffffffe9][0x14][0xffffffc2][0xffffffaf][0xffffff8c](}[0xfffffffc]QQ[0x8][0xffffffdf][0xffffffbb][0xffffff9a]B[0xffffffb8][0xffffffe0][0x8][0x17][0x3][0xffffff84][0xb][0xffffff8a]p[0xffffffc1][0x10].W[0x10]"
08:17:54.962 [TestNG-PoolService-2] DEBUG org.apache.hc.client5.http.wire -- http-outgoing-5 << "[0x16][0xffffffef][0xffffff85][0xffffffdb][0xffffffed]V[0xfffffff2][0xffffffb7][0xffffffaf]}[0xffffff9e][0x7]F[0xffffffd8][0xffffffe0][0xffffffbd]pG[0xffffffdf][0xb]w[0xffffffec][0xffffffbd]p[0xffffffbf][0xfffffff2]^[0xffffffb8]w[0xffffff85]p[0x7]6N|[0xffffff9e][0x7]F[0xffffffb8][0x1b] [0xffffffdc]Q[0xffffff84];[0xffffff86]p[0xffffffbf][0xffffff82][0xffffffb0][0xfffffff8][0xffffffbc][0xffffffd7][0x1d]a[0xffffffec][0xffffffa6]Z[0x7]?[0xffffffef][0xfffffff5][0xffffffe5][0x4]4[0xffffffc2][0xffffffd0][0xffffffe7][0xffffffbd][0xffffffbe]<[0xffffff9d]A[0xfffffff8][0xffffffb5][0xffffffcf]{}[0xfffffffc][0xffffff91][0xfffffff8]i[0xffffffa3][0xffffffdd][0x6]ga[0xfffffffc][0xffffffa7][0xffffff8d]n[0xfffffff0][0xffffffd3]FG[0x7f][0xffffffda][0xffffffe8][0xffffffd8]O[0x1b][0xfffffffd][0xffffffca]O[0x1b]][0xffffffec][0xffffffc0][0xffffffbc]#[0xc]|X[0xffffffe6][0xfffffff3]<0[0xffffffc2][0xffffffe8][0xe][0xffffffcc][0xffffffed][0xc][0xc][0xffffffc2][0xffffffc0][0xe][0xffffffcc]_?[0xfffffff9]5[0xffffff84][0xffffffc5][0xffffffaf]s[0xffffffed]v[0xffffff9e][0xffffffd4]}[0xffffffe1][0xffffff8e][0xffffffff]:[0xffffffd7][\r]~[0xffffff9d][0xffffffeb][0xffffffe8][0xffffffaf]s[0x1d][0xfffffffb]u[0xffffffae]_[0xfffffff9]un[0xffffff88][0xffffff9f]6[0x1a][0xfffffff2]U[0xffffff8e][0xffffffcf][0xfffffff3][0xffffffb0][0x8][0xf][0xffffff83][0xffffff9f]6[0x6][0xfffffffa][0xffffffd3][0xffffffc6][0xffffffc0]~[0xffffffda][0x18]W~[0xffffffda][0x18][0xffffffe2][0xffffffbe]p;F[0xffffffa5]^[0xffffffaa][\r][0xfffffffc][0xffffffbe][0xfffffff0]0[0xffffffb8]/<[0xffffffd0][0xfffffffb][0xffffffc2][0x3][0xffffffbb]/<[0xffffffae][0xffffffdc][0x17][0xffffffbe][0xffffffff]Q3C[0x18][0xfffffffb][0xffffffb0][0xffffffcc][0xffffff97][0x13][0xfffffff0][0x8]#[0x1f][0xffffff96][0xfffffff9][0xfffffff2]t[\n]"
08:17:54.962 [TestNG-PoolService-2] DEBUG org.apache.hc.client5.http.wire -- http-outgoing-5 << "[0xffffffe1]W>,[0xfffffff3][0xfffffff1]G[0xffffffea][0xffffffa7][0xffffff8d]c[\r][0xffffffaa][0xffffff85][0x7][0xfffffffe][0xffffffd3][0xffffffc6]0[0xfffffff8]ic[0xffffffa0]?m[0xc][0xffffffec][0xffffffa7][0xffffff8d][0xfffffff1][0xffffffc3][0xffffff9f]6[0xfffffffe][0xffffffcb][0x7][0xffffff84][0xffffffff][0xfffffffc][0xffffffd7]?[0xffffffdd]A&P|[0x7f][0xffffffb2][0x3][0xffffff90][0x1f]'[0xffffffc1][0xffffffb1][0xfffffffc]r[0xe][0x8][0xffffffce][0xffffff8f][0x13]`[0xffffff88]~>[0xffffffff][0x7f][0xffffffeb][0xffffffda].\[[0x6][0xfffffff0]Y[0xfffffff1][0xffffffcf][0xfffffff3][0xffffffc0][0xffffffae][0xffffffed][0x6][0xffffffae][0xffffffed][0x1][0xffffffea]L[0xffffff9c];[0xffffffe6][0xffffffda][0xffffffee][0xffffffe4][0xffffffda][0xffffff88]"[0xffffffe3]Z[0x5]$[0xffffffe3][0xffffffda][0xffffff88]e[0xffffffbe]kw8[0xffffffb3]][0xffffffbb]#[0xfffffffa][0xffffff82]k[0xffffffd5]/m[0xfffffff5][0xffffff98][0xffffff98]k[0xfffffff1]_[0xffffffda][0xffffff86][0xffffffc1]/m[0x3][0xfffffffd][0xffffffa5]m`[0xffffffbf][0xffffffb4][0xffffff8d][0x1f][0xfffffffe][0xffffffd2][0xffffff96][0xffffffed][0xffffffda][0xffffff88]"[0xffffffe3]Z[0x5]$[0xffffffe3][0xffffffda][0xffffff88]e[0xffffffbe]kw8[0xffffffb3]][0xffffffbb]#[0xfffffffa][0xffffff82]k[0xffffffd5]O[0xffffffc2][0xffffffb5]W[0xffffffec][0xffffffc7][0x8][0xfffffffc]'[0xffffffe1]a[0xfffffff0][0xffffff93][0xfffffff0]@[0x7f][0x12][0x1e][0xffffffd8]O[0xffffffc2][0xffffffe3][0xffffff87]?[0x9]g[0xffffffbb]6[0xffffffa2][0xffffffc8][0xffffffb8]V[0x1][0xffffffc9][0xffffffb8]6b[0xffffff99][0xffffffef][0xffffffda][0x1d][0xffffffce]l[0xffffffd7][0xffffffee][0xffffff88][0xffffffbe][0xffffffe0]Zuw[0xffffffa1][0xffffff8e]N[0xffffffad]([0x19][0xfffffff8][0xffffffdd][0xffffff85]apwa[0xffffffa0]w[0x17][0x6]vwa[0xfffffffc][0xfffffff0][0xffffffee]B[0xffffffb6]k#[0xffffff8a][0xffffff8c]k[0x15][0xffffff90][0xffffff8c]k#[0xffffff96][0xfffffff9][0xffffffae][0xffffffdd][0xffffffe1][0xffffffcc]v[0xffffffed][0xffffff8e][0xffffffe8]ow[0xffffffed])F[0xffffffe0][=[0xf]jr[0xffffffed][0xffffffc4]G[0xffffffe0]O[0xffffff83][0x11][0xfffffff8][0x13][0x1d][0xffffff81]?[0xffffffb1][0x11][0xfffffff8][0xfffffff3][0xffffff87]#[0xfffffff0][0xffffffc9][0xffffffae][0x15]("[0xffffffae][0xffffff95]@"[0xffffffae][0x15]X[0xffffffa6][0xffffffbb]6[0xffffffc0][0xffffff99][0xffffffec][0xffffffda][0xffffff80][0xffffffe8][0xb][0xffffffae]U[0x17][0x1a][0xffffffeb][0xffffffbd][0xffffff94])[0xffffffd7][0xffffffe2][0x17][0x1a]O[0xffffff83][0xb][0xffffff8d]'z[0xffffffa1][0xfffffff1][0xffffffc4].4[0xffffff9e]?[0xffffffbc][0xffffffd0][0xffffff98][0xffffffed][0xffffffda][0xffffff88]"[0xffffffe3]Z[0x5]$[0xffffffe3][0xffffffda][0xffffff88]e[0xffffffbe]kw8[0xffffffb3]][0xffffffbb]#[0xfffffffa][0xffffff82]k[0xffffffd5][0xffffffcd][0xffffffdb]:[0xf][0xffffffea][0xffffffda][0xffffffe2][0xffffff89][0xffffffdf][0xffffffbc]=[\r]n[0xffffffde][0xffffff9e][0xffffffe8][0xffffffcd][0xffffffdb][0x13][0xffffffbb]y{[0xfffffffe][0xfffffff0][0xffffffe6]m[0xffffffb6]k#[0xffffff8a][0xffffff8c]k[0x15][0xffffff90][0xffffff8c]k#[0xffffff96][0xfffffff9][0xffffffae][0xffffffdd][0xffffffe1][0xffffffcc]v[0xffffffed][0xffffff8e][0xffffffe8][0xb][0xffffffae]U[0xfffffff7]k[0xffffffeb][0x2][0xffffffbe][0x15][0xfffffff4]y[0x1e][0xffffffd8][0xffffffb5][0x6][0xfffffff7]k[0xffffffcf]x[0xffffff91]1[0x13]g[0xffffffec]~[0xffffffed][0xffffffb9]_^D]kr[0xffffffbf]V[0x2][0xffffffc9][0xffffffb8][0xffffffd6][0xffffffe0]~m[0xffffff80]3[0xffffffdb][0xffffffb5][0xffffffd7][0xffffffef][0xffffffd7][0xffffffde][0xffffffff][0xffffffb4][0xffffff99][0xffffffb9][0x16][0x1e][0xffffffc7]y[0xffffff9c][0xffffff80]w-8[0xffffff8e][0xfffffff3]x:[0xffffffe5][0xffffffda][0x1f][0xffffff8c][0xffffffe3][0xffffffe4][0xffffffbb]vG[0xffffff91]rm[0x4][0xffffff92]r[0xffffffed][0xffffff8e]%[0xffffffe1][0xffffffda][0x6][0xffffffbb][0xffffffb6]]u[0xffffffad]Z[0xffffffc6][0xffffffd4][0x16][0xffffffb6][0x1e][0xfffffffa][0xffffffc4][0xffffff97]1[0xffffff9d][0x6][0xffffffcb][0xffffff98]Nt[0x19][0xffffffd3][0xffffff89]-c:[0x7f][0xffffffb8][0xffffff8c])[0xffffffdb][0xffffffb5][0x11]E[0xffffffc6][0xffffffb5][\n]"
08:17:54.962 [TestNG-PoolService-2] DEBUG org.apache.hc.client5.http.wire -- http-outgoing-5 << "H[0xffffffc6][0xffffffb5][0x11][0xffffffcb]|[0xffffffd7][0xffffffee]pf[0xffffffbb]vG[0xfffffff4][0x5][0xffffffd7][0xffffffaa]Y[0xffffff86]^[0xffffffb0][0xffffffaf]I[0xffffff9c][0xfffffff8],[0xffffffc3]i0[0xffffffcb]p[0xffffffc6]K[0xffffffe3][0xffffff99]8c[0xffffffb3][0xc][0xffffffe7]~Q[0x1c]u[0xffffffad][0xffffffc9],[0xffffff83][0x4][0xffffff92]q[0xffffffad][0xffffffc1],C[0xffffff80]3[0xffffffdb][0xffffffb5][0xffffffd7]g[0x19][0xffffffa6][0xffffffba][0xffffff87]0[0x1a][0xfffffff6][0x9][0xffffffc0][0xffffff89][0xffffffdf]C[0xffffff98][0x6][0xfffffff7][0x10]f[0xfffffffc][0xffffffc1]7[0x11][0xffffffe7][0xffffff89][0xffffffdd]C[0xffffff98][0xfffffffb][0xffffff8f][0xffffffbc][0xffffffa4]k[0x5][0xffffff8a][0xffffff88]k%[0xffffff90][0xffffff88]k[0x5][0xffffff96][0xffffffe9][0xffffffae][\r]p&[0xffffffbb]6 [0xfffffffa][0xffffff82]k[0xffffffbb]r[0xffffffed]*[0xffffff8d]rm[0xffffffc7]][0xffffffdb][\r]\[0xffffffdb][0x3][0xffffffd4][0xffffff99]8w[0xffffffcc][0xffffffb5][0xffffffdd][0xffffffc9][0xffffffb5][0x11]E[0xffffffc6][0xffffffb5][\n]"
08:17:54.963 [TestNG-PoolService-2] DEBUG org.apache.hc.client5.http.wire -- http-outgoing-5 << "H[0xffffffc6][0xffffffb5][0x11][0xffffffcb]|[0xffffffd7][0xffffffee]pf[0xffffffbb]vG[0xfffffff4][0x5][0xffffffd7][0xffffffaa][0xffffffb9][0xffffffb1][0xfffffff3][0xfffffffe]O[0xffffffa4]\[0xffffff8b][0xffffffcf][0xffffff8d]M[0xffffff83][0xffffffb9][0xffffffb1][0x19][0x7]t2q[0xffffffc6][0xffffffe6][0xffffffc6][0xffffffe6]>[0xffffff94][0xffffff83][0xffffffba][0xffffffd6]dnL[0x2][0xffffffc9][0xffffffb8][0xffffffd6]`n,[0xffffffc0][0xffffff99][0xffffffed][0xffffffda][0xffffffeb]sc[0xffffffeb][0xfffffff6]K[\r][0xffffffae][0xffffff9d][0xfffffff7][0xffffffff][0xb][0xffffffb9][0xfffffff6][0xffffffed]<[0xffffffac]k[0x1f]'[0xffffff80]][0xfffffffb][0xfffffffd][0xc][0xffffff88]k[0x1f]OG\[0xfffffffb][0xffffffed][0xffffffc9][0x16][0xffffffae][0x15]("[0xffffffae][0xffffff95]@"[0xffffffae][0x15]X[0xffffffa6][0xffffffbb]6[0xffffffc0][0xffffff99][0xffffffec][0xffffffda][0xffffff80][0xffffffe8]K[0xffffffae]=[0xffffffdc]d{[0xfffffff0][0xffffffb6]=[0x1c]t{[0xffffffb0][0xffffffbe]=8[0xffffffe1][0x1e]V[0xffffffc6][\r]<R[0xffffffca][0x15]TR[0xffffffce][\r]l[0x12][0xffffffd2]=h[0xffffffeb][0x1e]?[0xffffffa1][0xffffffdd][0xffffffc7]kZ'[0xffffffed][0x16][0xfffffff8][0xffffffb2][0xffffffed][0xfffffffb][0x11]x[0xffffffed][0x16][0xfffffff0][0xffffffba][0xffffffed][0xfffffffb][0xffffffe3])[0xffffffed][0x16][0xffffff9f][0xb][0xffffffb7][0xffffff8a]GJ[0xffffffbb][0xffffff82]JJ[0xffffffbb][0xffffff81]MB[0xffffffbb][0x5][0xffffffbd]t[0x1b]9}I[0xffffffbb]}[0xffffff98]i[0xffffffb7][0xf]\[0xffffffbb][0xfffffff7]#[0xfffffff0][0xffffffda][0xfffffffd]8[0x4][0xffffffa5][0xffffffdd][0xfffffffb][0xffffffe3])[0xffffffed][0xffffffbe]?[0xffffffda]E[0xffffffbb][0xffffff81]GJ[0xffffffbb][0xffffff82]JJ[0xffffffbb][0xffffff81]MB[0xffffffbb][0x1b][0xffffffa1][0xfffffff9][0xffffffda][0xffffffdd]8}I[0xffffffbb]g7[0xffffffd3][0xffffffee][0xffffffd9]q[0xffffffed][0xffffffde][0xffffff8f][0xffffffc0]k[0xfffffff7][0xffffffe3][0x10][0xffffff94]v[0xffffffef][0xffffff8f][0xffffffa7][0xffffffb4][0xfffffffb][0xfffffffe]h[0x17][0xffffffed][0x6][0x1e])[0xffffffed][\n]"
08:17:54.963 [TestNG-PoolService-1] DEBUG org.apache.hc.client5.http.wire -- http-outgoing-3 << "[0x1f][0xffffff8b][0x8][0x0][0x0][0x0][0x0][0x0][0x0][0x3][0xffffffcc][0xffffffbd][0xffffffdd][0xffffff8e],Iv^[0xfffffff9].}[0xffffffad].[0xffffff86][0xffffffdb][0xffffff9f][0xffffff9b][0xfffffff1]9t5[0xffffff83][0xffffffb9][0xffffffe8]!{[0xffffffc8][0x6][0xffffff9a]l[0xffffffa2][0xffffff9b][0xffffff92][0x6]#[0xffffffe8][0xffffffdd]'22[0xffffffcf][0xffffffc9],[0xffffffdb]_[0x1c]U[0xfffffff8]i[0xffffffec][0xfffffff5]A[0x10][0x4][0xffffff8a][0xffffff9d][0xffffffe5]Fbaa[0xffffff95][0xffffff87][0xffffffed][0xffffffed][0xffffffff][0xfffffff3]w[0xffffffff][0xfffffff9][0xffffffa7][0x7f][0xfffffffb][0xffffffe3][0xffffffdf][0xfffffffe][0xfffffff3][0xf][0xffffffff][0xfffffff6][0x1f][0xffffffbf][0xfffffffb][0xffffffc7][0xffffffdf][0xffffff95][[0xffffffe9][0xffffffbf][0xffffffbf][0xffffffad][0xffffffdf][0xffffffdf][0xffffffda][0x7f]-[0xffffffc7]?[0xffffffde][0xffffffd6]?[0xffffffd6][0xfffffff3][0xffffff97][0xffffffb1][0xffffffca][0xffffffff][0xfffffff1][0xffffffbb][0xffffffff][0xfffffff2][0xffffffbb][0xffffffff][0xfffffffe][0xffffffc7][0xffffffbf][0xfffffffe][0xffffffed]O[0x7f][0xfffffff9][0xfffffff7][0xffffffbf][0xfffffffd][0xffffffee][0x1f][0xffffffff][0xffffffcf][0xffffffff][0xfffffff9][0xffffffed][0xffffffbf][0xffffffb8][0xffffffff][0xffffffc5]q[0xffffffd4]_n[0xffffffbf][0xfffffff4]q[0xffffff96]_n[0xfffffff7][0xffffffff][0xffffffd4]_[0xffffffff][0xfffffff8][0xffffffdf][0xffffffff][0xfffffff4][0xfffffffd][0xffffffbf]S[0xffffff8e][0xffffffd6][0xfffffffb][0xfffffffd][0xffffffff][0xfffffff3][0xffffff9f][0xffffffff][0xfffffff2]?[0xfffffffe][0xfffffffd][0xffffffcf][0x7f][0xfffffff9][0xffffffc3]?[0xffffffdf][0xffffffff][0xfffffff6][0x7f][0xfffffffe][0xffffffee][0xffffff9f][0xfffffffe][0xfffffff5][0xffffffaf][0x7f][0xfffffff9][0xffffffb7]?>[0xfffffffe])[0xffffffff][0xfffffff1][0xffffffe7]?[0xfffffffc][0xffffffe7][0xffffffff][0xfffffff3][0xffffff97][0xffffffbf][0xfffffffe][0xffffffdb][0xfffffffd]?[0xfffffffc][0xffffffe7]?[0xfffffffd][0xfffffffb][0x7f][0xfffffffb][0x7f]G[0xffffffbb][0xffffffff][0xffffff87][0xffffffff][0xffffffdb]_[0xffffffff]|[0xffffffff][0xffffffaf][0xffffffff][0xfffffff5]?[0xffffffff][0xfffffff3]?[0xfffffffe][0xfffffff6][0xffffff8f][0xffffffff][0xfffffff0][0xf][0x7f][0xfffffffb][0xffffffcf][0xffffffbf][0xfffffffc][0xfffffff5][0xf][0xffffffff][0xfffffff2][0xffffffc7]_[0xfffffffe][0xffffffe5]/[0x7f][0xfffffff9][0xffffff97]?[0xffffffff][0xfffffff1][0xf][0xffffffff][0xfffffff1][0xffffffa7][0xffffffbf][0xfffffffd][0xfffffff2]O[0x7f][0xfffffff9][0xffffffb7][0x7f]x[0xffffffff][0xffffff87][0xfffffffc][0xfffffffe][0xfffffffe][0xffffffc7][0xffffffbf][0xffffffff][0xffffffcf][0xfffffffb][0xffffffe1][0xffffffff][0xfffffff4][0xffffffef][0xffffffff][0xfffffff2][0xfffffffb][0xffffffff][0xfffffff8]o[0xffffffff][0xfffffff7][0xffffff9f][0xffffffff][0xfffffff4]O[0xffffffff][0xfffffff0][0xfffffff5]<[0xffffffff][0xfffffff0][0xfffffff1]O[0xfffffffd][0xfffffff6][0x1f][0xffffffff][0xfffffff8]/[0x7f][0xfffffff9][0xffffffff][0xfffffffe][0xfffffff4][0x1f][0xffffffbf][0xfffffffb]_[0xffffffff][0xffffffe5]W[0xffffffcf][0xffffffff][0xffffffb7]?[0xfffffffc][0xffffffd3][0xffffffef][0xffffffff][0xfffffff0][0xffffffd7][0x7f][0xfffffffb][0xffffffbb][0xffffff9f][0xffffffe0][0xfffffffb]?[0xfffffff7][0xffffffdb][0x1f]|[0xffffffff][0xffffffff]xv[0xffffff8a][0xffffffbf][0xffffffff][0xffffffff][0x16]>[0xfffffffe][0xffffffa9]_O[0xfffffff0][0xffffffe4][0x7f][0xb][0xffffffff][0xffffffe3]O[0xffffffff]^[0xffffffcb][0xffffffdf][0xfffffff9][0xffffffe9][0xffffff8f][0x7f][0xffffffe6][0xffffffb7][0xffffffff][0xfffffff0][0xffffffe3][0xffffffbf]x[0xfffffff2][0xffffffe4][0xffffffbf][0xfffffffb][0xffffffff][0xffffffdc][0xffffff8f][0x7f][0xffffffe6][0xffffff97]'[0x7f][0xfffffffb][0xffffff9f][0xfffffff9][0xffffffff][0xfffffffa]_o[0xf][0xffffff97][0x8][0xffffffd7]n[0xffffffc6]p[0xffffffed]8[0xffffffc4][0xfffffff7]#[0xfffffff0][0x14][0x7f][0x1c][0xffffff82][0xffffffc2][0xfffffff8][0xfffffffe]x[0xffffff8a][0xffffffe3][0xfffffff7]G[0xffffffbf][\n]"
08:17:54.963 [TestNG-PoolService-3] DEBUG org.apache.hc.client5.http.wire -- http-outgoing-4 << "[0x1f][0xffffff8b][0x8][0x0][0x0][0x0][0x0][0x0][0x0][0x3][0xffffffcc][0xffffffbd][0xffffffdd][0xffffff8e],Iv^[0xfffffff9].}[0xffffffad].[0xffffff86][0xffffffdb][0xffffff9f][0xffffff9b][0xfffffff1]9t5[0xffffff83][0xffffffb9][0xffffffe8]!{[0xffffffc8][0x6][0xffffff9a]l[0xffffffa2][0xffffff9b][0xffffff92][0x6]#[0xffffffe8][0xffffffdd]'22[0xffffffcf][0xffffffc9],[0xffffffdb]_[0x1c]U[0xfffffff8]i[0xffffffec][0xfffffff5]A[0x10][0x4][0xffffff8a][0xffffff9d][0xffffffe5]Fbaa[0xffffff95][0xffffff87][0xffffffed][0xffffffed][0xffffffff][0xfffffff3]w[0xffffffff][0xfffffff9][0xffffffa7][0x7f][0xfffffffb][0xffffffe3][0xffffffdf][0xfffffffe][0xfffffff3][0xf][0xffffffff][0xfffffff6][0x1f][0xffffffbf][0xfffffffb][0xffffffc7][0xffffffdf][0xffffff95][[0xffffffe9][0xffffffbf][0xffffffbf][0xffffffad][0xffffffdf][0xffffffdf][0xffffffda][0x7f]-[0xffffffc7]?[0xffffffde][0xffffffd6]?[0xffffffd6][0xfffffff3][0xffffff97][0xffffffb1][0xffffffca][0xffffffff][0xfffffff1][0xffffffbb][0xffffffff][0xfffffff2][0xffffffbb][0xffffffff][0xfffffffe][0xffffffc7][0xffffffbf][0xfffffffe][0xffffffed]O[0x7f][0xfffffff9][0xfffffff7][0xffffffbf][0xfffffffd][0xffffffee][0x1f][0xffffffff][0xffffffcf][0xffffffff][0xfffffff9][0xffffffed][0xffffffbf][0xffffffb8][0xffffffff][0xffffffc5]q[0xffffffd4]_n[0xffffffbf][0xfffffff4]q[0xffffff96]_n[0xfffffff7][0xffffffff][0xffffffd4]_[0xffffffff][0xfffffff8][0xffffffdf][0xffffffff][0xfffffff4][0xfffffffd][0xffffffbf]S[0xffffff8e][0xffffffd6][0xfffffffb][0xfffffffd][0xffffffff][0xfffffff3][0xffffff9f][0xffffffff][0xfffffff2]?[0xfffffffe][0xfffffffd][0xffffffcf][0x7f][0xfffffff9][0xffffffc3]?[0xffffffdf][0xffffffff][0xfffffff6][0x7f][0xfffffffe][0xffffffee][0xffffff9f][0xfffffffe][0xfffffff5][0xffffffaf][0x7f][0xfffffff9][0xffffffb7]?>[0xfffffffe])[0xffffffff][0xfffffff1][0xffffffe7]?[0xfffffffc][0xffffffe7][0xffffffff][0xfffffff3][0xffffff97][0xffffffbf][0xfffffffe][0xffffffdb][0xfffffffd]?[0xfffffffc][0xffffffe7]?[0xfffffffd][0xfffffffb][0x7f][0xfffffffb][0x7f]G[0xffffffbb][0xffffffff][0xffffff87][0xffffffff][0xffffffdb]_[0xffffffff]|[0xffffffff][0xffffffaf][0xffffffff][0xfffffff5]?[0xffffffff][0xfffffff3]?[0xfffffffe][0xfffffff6][0xffffff8f][0xffffffff][0xfffffff0][0xf][0x7f][0xfffffffb][0xffffffcf][0xffffffbf][0xfffffffc][0xfffffff5][0xf][0xffffffff][0xfffffff2][0xffffffc7]_[0xfffffffe][0xffffffe5]/[0x7f][0xfffffff9][0xffffff97]?[0xffffffff][0xfffffff1][0xf][0xffffffff][0xfffffff1][0xffffffa7][0xffffffbf][0xfffffffd][0xfffffff2]O[0x7f][0xfffffff9][0xffffffb7][0x7f]x[0xffffffff][0xffffff87][0xfffffffc][0xfffffffe][0xfffffffe][0xffffffc7][0xffffffbf][0xffffffff][0xffffffcf][0xfffffffb][0xffffffe1][0xffffffff][0xfffffff4][0xffffffef][0xffffffff][0xfffffff2][0xfffffffb][0xffffffff][0xfffffff8]o[0xffffffff][0xfffffff7][0xffffff9f][0xffffffff][0xfffffff4]O[0xffffffff][0xfffffff0][0xfffffff5]<[0xffffffff][0xfffffff0][0xfffffff1]O[0xfffffffd][0xfffffff6][0x1f][0xffffffff][0xfffffff8]/[0x7f][0xfffffff9][0xffffffff][0xfffffffe][0xfffffff4][0x1f][0xffffffbf][0xfffffffb]_[0xffffffff][0xffffffe5]W[0xffffffcf][0xffffffff][0xffffffb7]?[0xfffffffc][0xffffffd3][0xffffffef][0xffffffff][0xfffffff0][0xffffffd7][0x7f][0xfffffffb][0xffffffbb][0xffffff9f][0xffffffe0][0xfffffffb]?[0xfffffff7][0xffffffdb][0x1f]|[0xffffffff][0xffffffff]xv[0xffffff8a][0xffffffbf][0xffffffff][0xffffffff][0x16]>[0xfffffffe][0xffffffa9]_O[0xfffffff0][0xffffffe4][0x7f][0xb][0xffffffff][0xffffffe3]O[0xffffffff]^[0xffffffcb][0xffffffdf][0xfffffff9][0xffffffe9][0xffffff8f][0x7f][0xffffffe6][0xffffffb7][0xffffffff][0xfffffff0][0xffffffe3][0xffffffbf]x[0xfffffff2][0xffffffe4][0xffffffbf][0xfffffffb][0xffffffff][0xffffffdc][0xffffff8f][0x7f][0xffffffe6][0xffffff97]'[0x7f][0xfffffffb][0xffffff9f][0xfffffff9][0xffffffff][0xfffffffa]_o[0xf][0xffffff97][0x8][0xffffffd7]n[0xffffffc6]p[0xffffffed]8[0xffffffc4][0xfffffff7]#[0xfffffff0][0x14][0x7f][0x1c][0xffffff82][0xffffffc2][0xfffffff8][0xfffffffe]x[0xffffff8a][0xffffffe3][0xfffffff7]G[0xffffffbf][\n]"
08:17:54.963 [TestNG-PoolService-2] DEBUG org.apache.hc.client5.http.wire -- http-outgoing-5 << "*)[0xffffffed][0x6]6[0x9][0xffffffed]n[0xffffff84][0xffffffe6]kw[0xffffffe3][0xfffffff4]%[0xffffffed][0xffffffae]xi[0xffffff81][0xffffffd5][0xffffffee][0xffffff82]o-[0xffffffbc][0x1f][0xffffff81][0xffffffd7][0xffffffee][0xffffffc7]!([0xffffffed].[0xffffffe8][0xffffffe2][0xffffffc2][0xfffffff7]G[0xffffffbb]h7[0xfffffff0]HiWPIi7[0xffffffb0]Ihw[0xffffffa1][0xffffffb7][0x17]"[0xffffffa7][0xffffffaf]iw[0xffffffba]iw[0xfffffff2][0xffffffda][0xffffff9d][0xe][0xffffffda][0xffffff9d][0xffffffac]v'[0xffffffa7][0xffffffdd]i[0xffffffa5][0xffffffdd][0xffffff9d]GL[0xffffffbb][0xffffff91]JL[0xffffffbb];[0xffffff9b][0xffffff88]v'[0xffffffad][0xffffffdd]y][0xffffffbb][0xffffffc7][0xffffffad][0xffffff98]y[0xfffffff7]~"\[0xffffffbc]og[0xffffffe0][0xffffffcd][0xfffffffb][0xffffffed][0x14][0xffffff94]z[0xffffffdf][0xffffff9e]O[0xffffffb9][0xfffffff7][0xffffffe3][0xffffffd9].[0xfffffff2][0xffffff8d]PR[0xfffffff6]UhR[0xfffffffa][0xffffff8d][0xffffff80][0x12][0xfffffffe][0xffffffdd]1[0xffffffcd][0x17][0xfffffff0][0xe][0xffffffeb]k[0x6]>[0xffffffdd]^8[0xffffffdc]O[0xffffffc4][0x1b][0xfffffff8]~[0x6][0x3][0x3][0x7f][0xffffff9c][0x2]3[0xfffffff0][0xffffffc9][0xffffffbd]t[0xfffffff8]x[0xffffffb6][0xffffff8d][0xffffff81][0x3][0xffffff94][0xffffff98][0xffffff81][0x5][0xffffff9a][0xffffff98][0xffffff81][0x3][0xffffffa0][0xffffff88][0xffffff81]O[0xfffffffa][0xffffffcd][0xffffffc3][0xe][0xffffffeb]o"
08:17:54.963 [TestNG-PoolService-1] DEBUG org.apache.hc.client5.http.wire -- http-outgoing-3 << "[0xfffffff2][0xffffffa8]f [0xffffff8f][0xffffff8a][0xffffff83]|?[0x2][0xf][0xfffffff2][0xffffffc7]!([0xffffff90][0xffffffef][0xffffff8f][0xffffffa7]@~[0x7f][0xfffffff4]o[0x4][0xffffffb9]=[0xfffffffe]j[\r][0x11][0x15][0xffffffa3][0xffffff8c][0xffffff95][0xffffffce][0xfffffff1][0xffffffe7]y([0xffffff8c][0xffffffbf][0xffffff9c][0x0][0xffffffa3]x;C2[0xffffffc4]_[0xffffff9e][0xffffff9e][0xffffffcc][0xfffffff0][0xffffffaf][0xffffff9f][0xfffffffc][\n]"
08:17:54.963 [TestNG-PoolService-3] DEBUG org.apache.hc.client5.http.wire -- http-outgoing-4 << "[0xfffffff2][0xffffffa8]f [0xffffff8f][0xffffff8a][0xffffff83]|?[0x2][0xf][0xfffffff2][0xffffffc7]!([0xffffff90][0xffffffef][0xffffff8f][0xffffffa7]@~[0x7f][0xfffffff4]o[0x4][0xffffffb9]=[0xfffffffe]j[\r][0x11][0x15][0xffffffa3][0xffffff8c][0xffffff95][0xffffffce][0xfffffff1][0xffffffe7]y([0xffffff8c][0xffffffbf][0xffffff9c][0x0][0xffffffa3]x;C2[0xffffffc4]_[0xffffff9e][0xffffff9e][0xffffffcc][0xfffffff0][0xffffffaf][0xffffff9f][0xfffffffc][\n]"
08:17:54.964 [TestNG-PoolService-3] DEBUG org.apache.hc.client5.http.wire -- http-outgoing-4 << "[0xffffffc2][0xffffffe7]m[\n]"
08:17:54.964 [TestNG-PoolService-1] DEBUG org.apache.hc.client5.http.wire -- http-outgoing-3 << "[0xffffffc2][0xffffffe7]m[\n]"
08:17:54.964 [TestNG-PoolService-3] DEBUG org.apache.hc.client5.http.wire -- http-outgoing-4 << "[0xffffff84]g[0xffffffed][0x7][0xffffff83][0xfffffff0][0xffffffe3]<([0xffffffc2][0xffffffef]'`[0x11][0xfffffffe]<[0x3][0xffffff81][0xfffffff0][0xfffffffb][0xffffffd3][0x9][0xffffff84][0xffffffbf]?[0xfffffff9]5[0xffffff84][0xffffff97]B[0xffffffb8][0xffffffb7]F![0xffffffbc]p[0xffffff84][0xffffff97][0x1][0xffffffc2][0xb]Exa[0x8][0xffffffaf][0xb][0x8][0x1f]7[0xffffff85][0xfffffff0][0xffffffac][0x13]B[0xfffffff8][0xffffffed]<,[0xffffffc2][0xffffff8f][0x13][0xffffffc0][0x8][0x7f]?[0x3][0xffffff82][0xfffffff0][0xffffffe3][0xffffffe9][0x8][0xffffffc2][0xffffffdf][0xffffff9e][0xfffffffc][0x1a][0xffffffc2][0xffffffc7]/[0xfffffff1][0xffffffdf][0xffffffe9][0xffffffd6]1n[0x14][0xffffffc2][0xfffffff7][0xfffffff3][0xffffffc0][0x8][0xffffffbf][0xffffff9d][0xffffff80]F[0xfffffff8][0xffffffdb][0x19][0x18][0xffffff84][0xffffffdf][0xffffff9e][0xffffffce] [0xfffffffc][0xfffffff1][0xffffffe4][0xffffffd7][0x10][0xffffffae][0xffffffc2][0xffffffc2][0xffffffeb][0x1c]TH[0xffffffbc][0xffffff9d][0x7]F[0xffffffb8][0x1a]X[0xffffffb8][0xffffffa2][0x16][0xffffffae][0xffffff98][0xffffff85][0xffffffeb][0x15][0xb][0xfffffff7][0xffffff88]p[0xffffffbd][0xffffffd5]Y)[0xffffff84];[0xffffff8e]p7@[0xffffffb8][0xffffffa3][0x8]w[0xc][0xffffffe1]~[0x5]a[0xfffffff1]F[0xffffffa2][0x1e][0x5]x9[0xfffffffc]y[0x1e][0x18]a[0xffffff83]7[0x12][0x7][0xfffffffa]F[0xffffffe2][0xffffffc0][0xffffffde]H[0x1c]W[0xffffffde]H[0xffffff94][0xffffffdb]/-"<o[0x3]B[0xfffffff8][0xffffffed]<,[0xffffffc2][0xffffff8f][0x13][0xffffffc0][0x8][0x7f]?[0x3][0xffffff82][0xfffffff0][0xffffffe3][0xffffffe9][0x8][0xffffffc2][0xffffffdf][0xffffff9e][0xfffffffc][0x1a][0xffffffc2][0xffffffe2][0xffffffbe]D-[0xffffff8d]C[0x18][0xffffffbc]/[0xfffffff1][0xffffffe5][0x4]4[0xffffffc2][0xffffffd0]}[0xffffff89]/Og[0x10]~[0xffffffed][0xffffffbe][0xffffffc4][0xffffffc7][0x1f]5[0xffffff81]p[0xffffffbd][0x1d][0xffffffd4][0x1b][0xffffff89][0xffffffb7][0xfffffff3][0xffffffc0][0x8]7[0x3][0xffffff84][0x1b][0xffffff8a]p[0xffffffc3][0x10]nW[0x10]V-[0xffffffdc][0xffffffca]A[0xfffffffd]:W[0xfffffff0][0x16].[0x6]-\[0xffffffd0][0x16].X[0xb][0xffffff97]+-\UH[0xffffffb4][0xffffffb6][\n]"
08:17:54.964 [TestNG-PoolService-1] DEBUG org.apache.hc.client5.http.wire -- http-outgoing-3 << "[0xffffff84]g[0xffffffed][0x7][0xffffff83][0xfffffff0][0xffffffe3]<([0xffffffc2][0xffffffef]'`[0x11][0xfffffffe]<[0x3][0xffffff81][0xfffffff0][0xfffffffb][0xffffffd3][0x9][0xffffff84][0xffffffbf]?[0xfffffff9]5[0xffffff84][0xffffff97]B[0xffffffb8][0xffffffb7]F![0xffffffbc]p[0xffffff84][0xffffff97][0x1][0xffffffc2][0xb]Exa[0x8][0xffffffaf][0xb][0x8][0x1f]7[0xffffff85][0xfffffff0][0xffffffac][0x13]B[0xfffffff8][0xffffffed]<,[0xffffffc2][0xffffff8f][0x13][0xffffffc0][0x8][0x7f]?[0x3][0xffffff82][0xfffffff0][0xffffffe3][0xffffffe9][0x8][0xffffffc2][0xffffffdf][0xffffff9e][0xfffffffc][0x1a][0xffffffc2][0xffffffc7]/[0xfffffff1][0xffffffdf][0xffffffe9][0xffffffd6]1n[0x14][0xffffffc2][0xfffffff7][0xfffffff3][0xffffffc0][0x8][0xffffffbf][0xffffff9d][0xffffff80]F[0xfffffff8][0xffffffdb][0x19][0x18][0xffffff84][0xffffffdf][0xffffff9e][0xffffffce] [0xfffffffc][0xfffffff1][0xffffffe4][0xffffffd7][0x10][0xffffffae][0xffffffc2][0xffffffc2][0xffffffeb][0x1c]TH[0xffffffbc][0xffffff9d][0x7]F[0xffffffb8][0x1a]X[0xffffffb8][0xffffffa2][0x16][0xffffffae][0xffffff98][0xffffff85][0xffffffeb][0x15][0xb][0xfffffff7][0xffffff88]p[0xffffffbd][0xffffffd5]Y)[0xffffff84];[0xffffff8e]p7@[0xffffffb8][0xffffffa3][0x8]w[0xc][0xffffffe1]~[0x5]a[0xfffffff1]F[0xffffffa2][0x1e][0x5]x9[0xfffffffc]y[0x1e][0x18]a[0xffffff83]7[0x12][0x7][0xfffffffa]F[0xffffffe2][0xffffffc0][0xffffffde]H[0x1c]W[0xffffffde]H[0xffffff94][0xffffffdb]/-"<o[0x3]B[0xfffffff8][0xffffffed]<,[0xffffffc2][0xffffff8f][0x13][0xffffffc0][0x8][0x7f]?[0x3][0xffffff82][0xfffffff0][0xffffffe3][0xffffffe9][0x8][0xffffffc2][0xffffffdf][0xffffff9e][0xfffffffc][0x1a][0xffffffc2][0xffffffe2][0xffffffbe]D-[0xffffff8d]C[0x18][0xffffffbc]/[0xfffffff1][0xffffffe5][0x4]4[0xffffffc2][0xffffffd0]}[0xffffff89]/Og[0x10]~[0xffffffed][0xffffffbe][0xffffffc4][0xffffffc7][0x1f]5[0xffffff81]p[0xffffffbd][0x1d][0xffffffd4][0x1b][0xffffff89][0xffffffb7][0xfffffff3][0xffffffc0][0x8]7[0x3][0xffffff84][0x1b][0xffffff8a]p[0xffffffc3][0x10]nW[0x10]V-[0xffffffdc][0xffffffca]A[0xfffffffd]:W[0xfffffff0][0x16].[0x6]-\[0xffffffd0][0x16].X[0xb][0xffffff97]+-\UH[0xffffffb4][0xffffffb6][\n]"
08:17:54.965 [TestNG-PoolService-3] DEBUG org.apache.hc.client5.http.wire -- http-outgoing-4 << "[0xffffff84]p[0xffffffc5]C[0xffffffa2][0x1a][0xffffff84]DEC[0xffffffa2]b!Q[0xffffffaf][0xffffff84]D[0x15][0xffffffef][0xffffff85]k[0xffffff9b]'[0xfffffff5]F[0xffffffa2][0xffffffe2][0xffffffef][0xffffff85][0xffffffab][0xffffffc1]{[0xffffffe1][0xffffff8a][0xffffffbe][0x17][0xffffffae][0xffffffd8]{[0xffffffe1]z[0xffffffe5][0xffffffbd]pU-[0xffffffdc][0xffffff8f][0x1b][0xffffff86]0[0xffffffde][0xffffffc2][0xffffffd5][0xffffffa0][0xffffff85][0xffffffbf][0xffffff9f][0xffffff81]A[0x18]k[0xffffffe1]oO~[\r]a[0xfffffff5][0xffffffd3]F[0xffffffef]'[0xfffffff5][0xffffffaf]s[0x15][0xffffffff]i[0xffffffa3][0x1a][0xfffffffc][0xffffffb4]Q[0xffffffd1][0xffffff9f]6*[0xfffffff6][0xffffffd3]F[0xffffffbd][0xfffffff2][0xffffffd3][0xffffffc6][0xfffffffd][0xffffff8f][0xffffff8a][0x19][0xffffffc2][0x5]G[0xffffffb8][0x18] \P[0xffffff84][0xb][0xffffff86]p[0xffffffb9][0xffffff82]p[0xffffffb8][0xffffffe6][0x3]#[0xc]_[0xfffffff3]y[0xffffff9c][0xffffff80]G[0x18][0xffffffbc][0xffffffe6][0xfffffff3]x:[0xffffff85][0xfffffff0][0xffffffeb][0xffffffd7]|[0xffffffee][0x7f]4[0xffffffcc][0x10][0x1e]8[0xffffffc2][0xffffffc3][0x0][0xffffffe1][0xffffff81]"<0[0xffffff84][0xffffffc7][0x15][0xffffff84][0xf]7[0xffffff86][0xf][0x1e][0xffffffe2][0xffffffc3][0xffffff81][0xffffffe2][0xffffff83][0xffffffc5][0xfffffff8][0xffffffe0]8>.[0xffffff81]\[0xffffffdc]@.<[0xffffffc8][0xffffffc5][0x1][0xffffffe4][0xffffffc2][0xffffff82]\8[0xffffff90][0xffffffcb]%[0xffffff90][0xffffffe3]p>[0xc]27[0xffffff9c][0xffffffff][0xfffffff5][0x8]<[0xffffffc8][0xffffffcc]p[0xfffffffe][0xffffffd7][0xffffffc7]S [0xffffffbf]4[0xffffff9c][0xffffffff][0xfffffffd][0xffffffaf][0xffffff9a][0x1b][0xffffffc8][0xffffff8d][0x7][0xffffffb9]9[0xffffff80][0xffffffdc]X[0xffffff90][0x1b][0x7]r[0xffffffbb][0x4][0xfffffff2]r{a[0xffffffbc][0xfffffff8]7[0xffffffc6][0xfffffff7]#[0xfffffff0] [0x7f][0x1c][0xffffff82][0x2]yq/[0xffffff8d][0xffffffd7][0xffffffa5][0xffffffb7][0xffffffc6]Gu{[0xffffffe9]v?[0x11][0xffffff8e][0xfffffff2][0xffffffdb][0x19]x[0xffffff96][0xffffffbf][0xffffff9d][0xffffff82][0xffffff82][0xfffffff9][0xffffffed][0xfffffff9][0x14][0xffffffcd][0x1f][0xffffffcf][0xfffffffe][0xffffff8d]8[0xfffffff7][0xfffffff7]?[0x13][0xffffffe3][0xfffffffa][0xfffffff5][0xffffffbc][0xffffff8d][0xfffffffc][0xb]A[0xffffff9f][0xffffffe7][0xffffffa1]P[0xfffffffe]r[0x2][0xc][0xffffffe4][0xffffffed][0xc][0xffffffc9][0x18][0x7f]yz2[0xffffffc4][0xffffffbf]~[0xfffffff2]K[0x8]71[0xffffffae]_[0xffffffcf]:[0xfffffff3][0xffffffaf]e~[0xffffff9e][0xffffff87]E[0xffffffb8][0xffffffa1][0xffffffe3][0xfffffffa][0xffffffdb][0x19][0x10][0xffffff84][0x1b]0[0xffffffae][0xffffffff][0xffffffeb]'[0xffffffbf][0xffffff86][0xfffffff0][0xffffffa1][0x10][0xffffffee]-?)>[0xffffffcf][0x3]#|[0x18] |[0xffffffa0][0x8][0x1f][0x18][0xffffffc2][0xffffffc7][0x15][0xffffff84][0xffffffd5][0xffffffcd][0xffffffe2][0xffffffb3][0xffffffaf][0xffffff93]B[0x18][0xffffffbc]Y[0xfffffffc][0xffffffe5][0x4]4[0xffffffc2][0xffffffd0][0xffffffcd][0xffffffe2]/Og[0x10]~[0xffffffed]f[0xfffffff1][0xffffffc7][0x1f][0xffffffa9][0xffffff9b][0xffffffc5][0xffffffe7]h[0xfffffff9][0xb][0x4]?[0xffffffcf][0x3]#[0xffffff8c][0xffffffde],[0xffffffde][0xffffffce][0xffffffc0] [0xc][0xffffffdc],[0xfffffffe][0xfffffff5][0xffffff93]_C[0xffffffb8]I[0xffffff84]W[0xfffffffe][0xffffffc6][0xffffff89][0xffffffcf][0xfffffff3][0xffffffc0][0x8]7[0x3][0xffffff84][0x1b][0xffffff8a]p[0xffffffc3][0x10]nW[0x10]>[0x5][0xffffffc2][0xffffffb3][0x14],$N[0x1c][0xffffffe1][0xffffffd3][0x0][0xffffffe1][0x13]E[0xfffffff8][0xffffffc4][0x10]>[0xffffffaf] [0xffffffac]^[0xffffffaa][0xffffffcd][0xffffffd9]1[0xb][0xffffffe3]/[0xffffffd5][0xffffff9a][0xffffffc1]K[0xffffffb5][0xffffff86][0xffffffbe]Tk[0xffffffd8]K[0xffffffb5]v[0xffffffe5][0xffffffa5]ZW/[0xffffffd5]V9([0xffffff84];[0xfffffffe]R[0xffffffad][0x1b][0xffffffbc]T[0xffffffeb][0xffffffe8]K[0xffffffb5][0xffffff8e][0xffffffbd]T[0xffffffeb]W^[0xffffffaa]u[0xfffffff5]Rm[0xffffffb5]B[0xffffffbd]T[0xffffffeb][0xfffffff8]K[0xffffffb5]n[0xfffffff0]R[0xffffffad][0xffffffa3]/[0xffffffd5]:[0xfffffff6]R[0xffffffad]_y[0xffffffa9]v[0xffffffff][0xffffffa3]8[0xffffffa2][0xffffffc4]"[0xffffff8c][0xffffff8d](}9[0x1][0xffffff8f]02[0xffffffa2][0xfffffff4][0xffffffe5][0xffffffe9][0x14][0xffffffc2][0xffffffaf][0xffffff8c](}[0xfffffffc]QQ[0x8][0xffffffdf][0xffffffbb][0xffffff9a]B[0xffffffb8][0xffffffe0][0x8][0x17][0x3][0xffffff84][0xb][0xffffff8a]p[0xffffffc1][0x10].W[0x10][0x16][0xffffffef][0xffffff85][0xffffffdb][0xffffffed]V[0xfffffff2][0xffffffb7][0xffffffaf]}[0xffffff9e][0x7]F[0xffffffd8][0xffffffe0][0xffffffbd]pG[0xffffffdf][0xb]w[0xffffffec][0xffffffbd]p[0xffffffbf][0xfffffff2]^[0xffffffb8]w[0xffffff85]p[0x7]6N|[0xffffff9e][0x7]F[0xffffffb8][0x1b] [0xffffffdc]Q[0xffffff84];[0xffffff86]p[0xffffffbf][0xffffff82][0xffffffb0][0xfffffff8][0xffffffbc][0xffffffd7][0x1d]a[0xffffffec][0xffffffa6]Z[0x7]?[0xffffffef][0xfffffff5][0xffffffe5][0x4]4[0xffffffc2][0xffffffd0][0xffffffe7][0xffffffbd][0xffffffbe]<[0xffffff9d]A[0xfffffff8][0xffffffb5][0xffffffcf]{}[0xfffffffc][0xffffff91][0xfffffff8]i[0xffffffa3][0xffffffdd][0x6]ga[0xfffffffc][0xffffffa7][0xffffff8d]n[0xfffffff0][0xffffffd3]FG[0x7f][0xffffffda][0xffffffe8][0xffffffd8]O[0x1b][0xfffffffd][0xffffffca]O[0x1b]][0xffffffec][0xffffffc0][0xffffffbc]#[0xc]|X[0xffffffe6][0xfffffff3]<0[0xffffffc2][0xffffffe8][0xe][0xffffffcc][0xffffffed][0xc][0xc][0xffffffc2][0xffffffc0][0xe][0xffffffcc]_?[0xfffffff9]5[0xffffff84][0xffffffc5][0xffffffaf]s[0xffffffed]v[0xffffff9e][0xffffffd4]}[0xffffffe1][0xffffff8e][0xffffffff]:[0xffffffd7][\r]~[0xffffff9d][0xffffffeb][0xffffffe8][0xffffffaf]s[0x1d][0xfffffffb]u[0xffffffae]_[0xfffffff9]un[0xffffff88][0xffffff9f]6[0x1a][0xfffffff2]U[0xffffff8e][0xffffffcf][0xfffffff3][0xffffffb0][0x8][0xf][0xffffff83][0xffffff9f]6[0x6][0xfffffffa][0xffffffd3][0xffffffc6][0xffffffc0]~[0xffffffda][0x18]W~[0xffffffda][0x18][0xffffffe2][0xffffffbe]p;F[0xffffffa5]^[0xffffffaa][\r][0xfffffffc][0xffffffbe][0xfffffff0]0[0xffffffb8]/<[0xffffffd0][0xfffffffb][0xffffffc2][0x3][0xffffffbb]/<[0xffffffae][0xffffffdc][0x17][0xffffffbe][0xffffffff]Q3C[0x18][0xfffffffb][0xffffffb0][0xffffffcc][0xffffff97][0x13][0xfffffff0][0x8]#[0x1f][0xffffff96][0xfffffff9][0xfffffff2]t[\n]"
08:17:54.965 [TestNG-PoolService-1] DEBUG org.apache.hc.client5.http.wire -- http-outgoing-3 << "[0xffffff84]p[0xffffffc5]C[0xffffffa2][0x1a][0xffffff84]DEC[0xffffffa2]b!Q[0xffffffaf][0xffffff84]D[0x15][0xffffffef][0xffffff85]k[0xffffff9b]'[0xfffffff5]F[0xffffffa2][0xffffffe2][0xffffffef][0xffffff85][0xffffffab][0xffffffc1]{[0xffffffe1][0xffffff8a][0xffffffbe][0x17][0xffffffae][0xffffffd8]{[0xffffffe1]z[0xffffffe5][0xffffffbd]pU-[0xffffffdc][0xffffff8f][0x1b][0xffffff86]0[0xffffffde][0xffffffc2][0xffffffd5][0xffffffa0][0xffffff85][0xffffffbf][0xffffff9f][0xffffff81]A[0x18]k[0xffffffe1]oO~[\r]a[0xfffffff5][0xffffffd3]F[0xffffffef]'[0xfffffff5][0xffffffaf]s[0x15][0xffffffff]i[0xffffffa3][0x1a][0xfffffffc][0xffffffb4]Q[0xffffffd1][0xffffff9f]6*[0xfffffff6][0xffffffd3]F[0xffffffbd][0xfffffff2][0xffffffd3][0xffffffc6][0xfffffffd][0xffffff8f][0xffffff8a][0x19][0xffffffc2][0x5]G[0xffffffb8][0x18] \P[0xffffff84][0xb][0xffffff86]p[0xffffffb9][0xffffff82]p[0xffffffb8][0xffffffe6][0x3]#[0xc]_[0xfffffff3]y[0xffffff9c][0xffffff80]G[0x18][0xffffffbc][0xffffffe6][0xfffffff3]x:[0xffffff85][0xfffffff0][0xffffffeb][0xffffffd7]|[0xffffffee][0x7f]4[0xffffffcc][0x10][0x1e]8[0xffffffc2][0xffffffc3][0x0][0xffffffe1][0xffffff81]"<0[0xffffff84][0xffffffc7][0x15][0xffffff84][0xf]7[0xffffff86][0xf][0x1e][0xffffffe2][0xffffffc3][0xffffff81][0xffffffe2][0xffffff83][0xffffffc5][0xfffffff8][0xffffffe0]8>.[0xffffff81]\[0xffffffdc]@.<[0xffffffc8][0xffffffc5][0x1][0xffffffe4][0xffffffc2][0xffffff82]\8[0xffffff90][0xffffffcb]%[0xffffff90][0xffffffe3]p>[0xc]27[0xffffff9c][0xffffffff][0xfffffff5][0x8]<[0xffffffc8][0xffffffcc]p[0xfffffffe][0xffffffd7][0xffffffc7]S [0xffffffbf]4[0xffffff9c][0xffffffff][0xfffffffd][0xffffffaf][0xffffff9a][0x1b][0xffffffc8][0xffffff8d][0x7][0xffffffb9]9[0xffffff80][0xffffffdc]X[0xffffff90][0x1b][0x7]r[0xffffffbb][0x4][0xfffffff2]r{a[0xffffffbc][0xfffffff8]7[0xffffffc6][0xfffffff7]#[0xfffffff0] [0x7f][0x1c][0xffffff82][0x2]yq/[0xffffff8d][0xffffffd7][0xffffffa5][0xffffffb7][0xffffffc6]Gu{[0xffffffe9]v?[0x11][0xffffff8e][0xfffffff2][0xffffffdb][0x19]x[0xffffff96][0xffffffbf][0xffffff9d][0xffffff82][0xffffff82][0xfffffff9][0xffffffed][0xfffffff9][0x14][0xffffffcd][0x1f][0xffffffcf][0xfffffffe][0xffffff8d]8[0xfffffff7][0xfffffff7]?[0x13][0xffffffe3][0xfffffffa][0xfffffff5][0xffffffbc][0xffffff8d][0xfffffffc][0xb]A[0xffffff9f][0xffffffe7][0xffffffa1]P[0xfffffffe]r[0x2][0xc][0xffffffe4][0xffffffed][0xc][0xffffffc9][0x18][0x7f]yz2[0xffffffc4][0xffffffbf]~[0xfffffff2]K[0x8]71[0xffffffae]_[0xffffffcf]:[0xfffffff3][0xffffffaf]e~[0xffffff9e][0xffffff87]E[0xffffffb8][0xffffffa1][0xffffffe3][0xfffffffa][0xffffffdb][0x19][0x10][0xffffff84][0x1b]0[0xffffffae][0xffffffff][0xffffffeb]'[0xffffffbf][0xffffff86][0xfffffff0][0xffffffa1][0x10][0xffffffee]-?)>[0xffffffcf][0x3]#|[0x18] |[0xffffffa0][0x8][0x1f][0x18][0xffffffc2][0xffffffc7][0x15][0xffffff84][0xffffffd5][0xffffffcd][0xffffffe2][0xffffffb3][0xffffffaf][0xffffff93]B[0x18][0xffffffbc]Y[0xfffffffc][0xffffffe5][0x4]4[0xffffffc2][0xffffffd0][0xffffffcd][0xffffffe2]/Og[0x10]~[0xffffffed]f[0xfffffff1][0xffffffc7][0x1f][0xffffffa9][0xffffff9b][0xffffffc5][0xffffffe7]h[0xfffffff9][0xb][0x4]?[0xffffffcf][0x3]#[0xffffff8c][0xffffffde],[0xffffffde][0xffffffce][0xffffffc0] [0xc][0xffffffdc],[0xfffffffe][0xfffffff5][0xffffff93]_C[0xffffffb8]I[0xffffff84]W[0xfffffffe][0xffffffc6][0xffffff89][0xffffffcf][0xfffffff3][0xffffffc0][0x8]7[0x3][0xffffff84][0x1b][0xffffff8a]p[0xffffffc3][0x10]nW[0x10]>[0x5][0xffffffc2][0xffffffb3][0x14],$N[0x1c][0xffffffe1][0xffffffd3][0x0][0xffffffe1][0x13]E[0xfffffff8][0xffffffc4][0x10]>[0xffffffaf] [0xffffffac]^[0xffffffaa][0xffffffcd][0xffffffd9]1[0xb][0xffffffe3]/[0xffffffd5][0xffffff9a][0xffffffc1]K[0xffffffb5][0xffffff86][0xffffffbe]Tk[0xffffffd8]K[0xffffffb5]v[0xffffffe5][0xffffffa5]ZW/[0xffffffd5]V9([0xffffff84];[0xfffffffe]R[0xffffffad][0x1b][0xffffffbc]T[0xffffffeb][0xffffffe8]K[0xffffffb5][0xffffff8e][0xffffffbd]T[0xffffffeb]W^[0xffffffaa]u[0xfffffff5]Rm[0xffffffb5]B[0xffffffbd]T[0xffffffeb][0xfffffff8]K[0xffffffb5]n[0xfffffff0]R[0xffffffad][0xffffffa3]/[0xffffffd5]:[0xfffffff6]R[0xffffffad]_y[0xffffffa9]v[0xffffffff][0xffffffa3]8[0xffffffa2][0xffffffc4]"[0xffffff8c][0xffffff8d](}9[0x1][0xffffff8f]02[0xffffffa2][0xfffffff4][0xffffffe5][0xffffffe9][0x14][0xffffffc2][0xffffffaf][0xffffff8c](}[0xfffffffc]QQ[0x8][0xffffffdf][0xffffffbb][0xffffff9a]B[0xffffffb8][0xffffffe0][0x8][0x17][0x3][0xffffff84][0xb][0xffffff8a]p[0xffffffc1][0x10].W[0x10][0x16][0xffffffef][0xffffff85][0xffffffdb][0xffffffed]V[0xfffffff2][0xffffffb7][0xffffffaf]}[0xffffff9e][0x7]F[0xffffffd8][0xffffffe0][0xffffffbd]pG[0xffffffdf][0xb]w[0xffffffec][0xffffffbd]p[0xffffffbf][0xfffffff2]^[0xffffffb8]w[0xffffff85]p[0x7]6N|[0xffffff9e][0x7]F[0xffffffb8][0x1b] [0xffffffdc]Q[0xffffff84];[0xffffff86]p[0xffffffbf][0xffffff82][0xffffffb0][0xfffffff8][0xffffffbc][0xffffffd7][0x1d]a[0xffffffec][0xffffffa6]Z[0x7]?[0xffffffef][0xfffffff5][0xffffffe5][0x4]4[0xffffffc2][0xffffffd0][0xffffffe7][0xffffffbd][0xffffffbe]<[0xffffff9d]A[0xfffffff8][0xffffffb5][0xffffffcf]{}[0xfffffffc][0xffffff91][0xfffffff8]i[0xffffffa3][0xffffffdd][0x6]ga[0xfffffffc][0xffffffa7][0xffffff8d]n[0xfffffff0][0xffffffd3]FG[0x7f][0xffffffda][0xffffffe8][0xffffffd8]O[0x1b][0xfffffffd][0xffffffca]O[0x1b]][0xffffffec][0xffffffc0][0xffffffbc]#[0xc]|X[0xffffffe6][0xfffffff3]<0[0xffffffc2][0xffffffe8][0xe][0xffffffcc][0xffffffed][0xc][0xc][0xffffffc2][0xffffffc0][0xe][0xffffffcc]_?[0xfffffff9]5[0xffffff84][0xffffffc5][0xffffffaf]s[0xffffffed]v[0xffffff9e][0xffffffd4]}[0xffffffe1][0xffffff8e][0xffffffff]:[0xffffffd7][\r]~[0xffffff9d][0xffffffeb][0xffffffe8][0xffffffaf]s[0x1d][0xfffffffb]u[0xffffffae]_[0xfffffff9]un[0xffffff88][0xffffff9f]6[0x1a][0xfffffff2]U[0xffffff8e][0xffffffcf][0xfffffff3][0xffffffb0][0x8][0xf][0xffffff83][0xffffff9f]6[0x6][0xfffffffa][0xffffffd3][0xffffffc6][0xffffffc0]~[0xffffffda][0x18]W~[0xffffffda][0x18][0xffffffe2][0xffffffbe]p;F[0xffffffa5]^[0xffffffaa][\r][0xfffffffc][0xffffffbe][0xfffffff0]0[0xffffffb8]/<[0xffffffd0][0xfffffffb][0xffffffc2][0x3][0xffffffbb]/<[0xffffffae][0xffffffdc][0x17][0xffffffbe][0xffffffff]Q3C[0x18][0xfffffffb][0xffffffb0][0xffffffcc][0xffffff97][0x13][0xfffffff0][0x8]#[0x1f][0xffffff96][0xfffffff9][0xfffffff2]t[\n]"
08:17:54.965 [TestNG-PoolService-3] DEBUG org.apache.hc.client5.http.wire -- http-outgoing-4 << "[0xffffffe1]W>,[0xfffffff3][0xfffffff1]G[0xffffffea][0xffffffa7][0xffffff8d]c[\r][0xffffffaa][0xffffff85][0x7][0xfffffffe][0xffffffd3][0xffffffc6]0[0xfffffff8]ic[0xffffffa0]?m[0xc][0xffffffec][0xffffffa7][0xffffff8d][0xfffffff1][0xffffffc3][0xffffff9f]6[0xfffffffe][0xffffffcb][0x7][0xffffff84][0xffffffff][0xfffffffc][0xffffffd7]?[0xffffffdd]A&P|[0x7f][0xffffffb2][0x3][0xffffff90][0x1f]'[0xffffffc1][0xffffffb1][0xfffffffc]r[0xe][0x8][0xffffffce][0xffffff8f][0x13]`[0xffffff88]~>[0xffffffff][0x7f][0xffffffeb][0xffffffda].\[[0x6][0xfffffff0]Y[0xfffffff1][0xffffffcf][0xfffffff3][0xffffffc0][0xffffffae][0xffffffed][0x6][0xffffffae][0xffffffed][0x1][0xffffffea]L[0xffffff9c];[0xffffffe6][0xffffffda][0xffffffee][0xffffffe4][0xffffffda][0xffffff88]"[0xffffffe3]Z[0x5]$[0xffffffe3][0xffffffda][0xffffff88]e[0xffffffbe]kw8[0xffffffb3]][0xffffffbb]#[0xfffffffa][0xffffff82]k[0xffffffd5]/m[0xfffffff5][0xffffff98][0xffffff98]k[0xfffffff1]_[0xffffffda][0xffffff86][0xffffffc1]/m[0x3][0xfffffffd][0xffffffa5]m`[0xffffffbf][0xffffffb4][0xffffff8d][0x1f][0xfffffffe][0xffffffd2][0xffffff96][0xffffffed][0xffffffda][0xffffff88]"[0xffffffe3]Z[0x5]$[0xffffffe3][0xffffffda][0xffffff88]e[0xffffffbe]kw8[0xffffffb3]][0xffffffbb]#[0xfffffffa][0xffffff82]k[0xffffffd5]O[0xffffffc2][0xffffffb5]W[0xffffffec][0xffffffc7][0x8][0xfffffffc]'[0xffffffe1]a[0xfffffff0][0xffffff93][0xfffffff0]@[0x7f][0x12][0x1e][0xffffffd8]O[0xffffffc2][0xffffffe3][0xffffff87]?[0x9]g[0xffffffbb]6[0xffffffa2][0xffffffc8][0xffffffb8]V[0x1][0xffffffc9][0xffffffb8]6b[0xffffff99][0xffffffef][0xffffffda][0x1d][0xffffffce]l[0xffffffd7][0xffffffee][0xffffff88][0xffffffbe][0xffffffe0]Zuw[0xffffffa1][0xffffff8e]N[0xffffffad]([0x19][0xfffffff8][0xffffffdd][0xffffff85]apwa[0xffffffa0]w[0x17][0x6]vwa[0xfffffffc][0xfffffff0][0xffffffee]B[0xffffffb6]k#[0xffffff8a][0xffffff8c]k[0x15][0xffffff90][0xffffff8c]k#[0xffffff96][0xfffffff9][0xffffffae][0xffffffdd][0xffffffe1][0xffffffcc]v[0xffffffed][0xffffff8e][0xffffffe8]ow[0xffffffed])F[0xffffffe0][=[0xf]jr[0xffffffed][0xffffffc4]G[0xffffffe0]O[0xffffff83][0x11][0xfffffff8][0x13][0x1d][0xffffff81]?[0xffffffb1][0x11][0xfffffff8][0xfffffff3][0xffffff87]#[0xfffffff0][0xffffffc9][0xffffffae][0x15]("[0xffffffae][0xffffff95]@"[0xffffffae][0x15]X[0xffffffa6][0xffffffbb]6[0xffffffc0][0xffffff99][0xffffffec][0xffffffda][0xffffff80][0xffffffe8][0xb][0xffffffae]U[0x17][0x1a][0xffffffeb][0xffffffbd][0xffffff94])[0xffffffd7][0xffffffe2][0x17][0x1a]O[0xffffff83][0xb][0xffffff8d]'z[0xffffffa1][0xfffffff1][0xffffffc4].4[0xffffff9e]?[0xffffffbc][0xffffffd0][0xffffff98][0xffffffed][0xffffffda][0xffffff88]"[0xffffffe3]Z[0x5]$[0xffffffe3][0xffffffda][0xffffff88]e[0xffffffbe]kw8[0xffffffb3]][0xffffffbb]#[0xfffffffa][0xffffff82]k[0xffffffd5][0xffffffcd][0xffffffdb]:[0xf][0xffffffea][0xffffffda][0xffffffe2][0xffffff89][0xffffffdf][0xffffffbc]=[\r]n[0xffffffde][0xffffff9e][0xffffffe8][0xffffffcd][0xffffffdb][0x13][0xffffffbb]y{[0xfffffffe][0xfffffff0][0xffffffe6]m[0xffffffb6]k#[0xffffff8a][0xffffff8c]k[0x15][0xffffff90][0xffffff8c]k#[0xffffff96][0xfffffff9][0xffffffae][0xffffffdd][0xffffffe1][0xffffffcc]v[0xffffffed][0xffffff8e][0xffffffe8][0xb][0xffffffae]U[0xfffffff7]k[0xffffffeb][0x2][0xffffffbe][0x15][0xfffffff4]y[0x1e][0xffffffd8][0xffffffb5][0x6][0xfffffff7]k[0xffffffcf]x[0xffffff91]1[0x13]g[0xffffffec]~[0xffffffed][0xffffffb9]_^D]kr[0xffffffbf]V[0x2][0xffffffc9][0xffffffb8][0xffffffd6][0xffffffe0]~m[0xffffff80]3[0xffffffdb][0xffffffb5][0xffffffd7][0xffffffef][0xffffffd7][0xffffffde][0xffffffff][0xffffffb4][0xffffff99][0xffffffb9][0x16][0x1e][0xffffffc7]y[0xffffff9c][0xffffff80]w-8[0xffffff8e][0xfffffff3]x:[0xffffffe5][0xffffffda][0x1f][0xffffff8c][0xffffffe3][0xffffffe4][0xffffffbb]vG[0xffffff91]rm[0x4][0xffffff92]r[0xffffffed][0xffffff8e]%[0xffffffe1][0xffffffda][0x6][0xffffffbb][0xffffffb6]]u[0xffffffad]Z[0xffffffc6][0xffffffd4][0x16][0xffffffb6][0x1e][0xfffffffa][0xffffffc4][0xffffff97]1[0xffffff9d][0x6][0xffffffcb][0xffffff98]Nt[0x19][0xffffffd3][0xffffff89]-c:[0x7f][0xffffffb8][0xffffff8c])[0xffffffdb][0xffffffb5][0x11]E[0xffffffc6][0xffffffb5][\n]"
08:17:54.966 [TestNG-PoolService-3] DEBUG org.apache.hc.client5.http.wire -- http-outgoing-4 << "H[0xffffffc6][0xffffffb5][0x11][0xffffffcb]|[0xffffffd7][0xffffffee]pf[0xffffffbb]vG[0xfffffff4][0x5][0xffffffd7][0xffffffaa]Y[0xffffff86]^[0xffffffb0][0xffffffaf]I[0xffffff9c][0xfffffff8],[0xffffffc3]i0[0xffffffcb]p[0xffffffc6]K[0xffffffe3][0xffffff99]8c[0xffffffb3][0xc][0xffffffe7]~Q[0x1c]u[0xffffffad][0xffffffc9],[0xffffff83][0x4][0xffffff92]q[0xffffffad][0xffffffc1],C[0xffffff80]3[0xffffffdb][0xffffffb5][0xffffffd7]g[0x19][0xffffffa6][0xffffffba][0xffffff87]0[0x1a][0xfffffff6][0x9][0xffffffc0][0xffffff89][0xffffffdf]C[0xffffff98][0x6][0xfffffff7][0x10]f[0xfffffffc][0xffffffc1]7[0x11][0xffffffe7][0xffffff89][0xffffffdd]C[0xffffff98][0xfffffffb][0xffffff8f][0xffffffbc][0xffffffa4]k[0x5][0xffffff8a][0xffffff88]k%[0xffffff90][0xffffff88]k[0x5][0xffffff96][0xffffffe9][0xffffffae][\r]p&[0xffffffbb]6 [0xfffffffa][0xffffff82]k[0xffffffbb]r[0xffffffed]*[0xffffff8d]rm[0xffffffc7]][0xffffffdb][\r]\[0xffffffdb][0x3][0xffffffd4][0xffffff99]8w[0xffffffcc][0xffffffb5][0xffffffdd][0xffffffc9][0xffffffb5][0x11]E[0xffffffc6][0xffffffb5][\n]"
08:17:54.966 [TestNG-PoolService-1] DEBUG org.apache.hc.client5.http.wire -- http-outgoing-3 << "[0xffffffe1]W>,[0xfffffff3][0xfffffff1]G[0xffffffea][0xffffffa7][0xffffff8d]c[\r][0xffffffaa][0xffffff85][0x7][0xfffffffe][0xffffffd3][0xffffffc6]0[0xfffffff8]ic[0xffffffa0]?m[0xc][0xffffffec][0xffffffa7][0xffffff8d][0xfffffff1][0xffffffc3][0xffffff9f]6[0xfffffffe][0xffffffcb][0x7][0xffffff84][0xffffffff][0xfffffffc][0xffffffd7]?[0xffffffdd]A&P|[0x7f][0xffffffb2][0x3][0xffffff90][0x1f]'[0xffffffc1][0xffffffb1][0xfffffffc]r[0xe][0x8][0xffffffce][0xffffff8f][0x13]`[0xffffff88]~>[0xffffffff][0x7f][0xffffffeb][0xffffffda].\[[0x6][0xfffffff0]Y[0xfffffff1][0xffffffcf][0xfffffff3][0xffffffc0][0xffffffae][0xffffffed][0x6][0xffffffae][0xffffffed][0x1][0xffffffea]L[0xffffff9c];[0xffffffe6][0xffffffda][0xffffffee][0xffffffe4][0xffffffda][0xffffff88]"[0xffffffe3]Z[0x5]$[0xffffffe3][0xffffffda][0xffffff88]e[0xffffffbe]kw8[0xffffffb3]][0xffffffbb]#[0xfffffffa][0xffffff82]k[0xffffffd5]/m[0xfffffff5][0xffffff98][0xffffff98]k[0xfffffff1]_[0xffffffda][0xffffff86][0xffffffc1]/m[0x3][0xfffffffd][0xffffffa5]m`[0xffffffbf][0xffffffb4][0xffffff8d][0x1f][0xfffffffe][0xffffffd2][0xffffff96][0xffffffed][0xffffffda][0xffffff88]"[0xffffffe3]Z[0x5]$[0xffffffe3][0xffffffda][0xffffff88]e[0xffffffbe]kw8[0xffffffb3]][0xffffffbb]#[0xfffffffa][0xffffff82]k[0xffffffd5]O[0xffffffc2][0xffffffb5]W[0xffffffec][0xffffffc7][0x8][0xfffffffc]'[0xffffffe1]a[0xfffffff0][0xffffff93][0xfffffff0]@[0x7f][0x12][0x1e][0xffffffd8]O[0xffffffc2][0xffffffe3][0xffffff87]?[0x9]g[0xffffffbb]6[0xffffffa2][0xffffffc8][0xffffffb8]V[0x1][0xffffffc9][0xffffffb8]6b[0xffffff99][0xffffffef][0xffffffda][0x1d][0xffffffce]l[0xffffffd7][0xffffffee][0xffffff88][0xffffffbe][0xffffffe0]Zuw[0xffffffa1][0xffffff8e]N[0xffffffad]([0x19][0xfffffff8][0xffffffdd][0xffffff85]apwa[0xffffffa0]w[0x17][0x6]vwa[0xfffffffc][0xfffffff0][0xffffffee]B[0xffffffb6]k#[0xffffff8a][0xffffff8c]k[0x15][0xffffff90][0xffffff8c]k#[0xffffff96][0xfffffff9][0xffffffae][0xffffffdd][0xffffffe1][0xffffffcc]v[0xffffffed][0xffffff8e][0xffffffe8]ow[0xffffffed])F[0xffffffe0][=[0xf]jr[0xffffffed][0xffffffc4]G[0xffffffe0]O[0xffffff83][0x11][0xfffffff8][0x13][0x1d][0xffffff81]?[0xffffffb1][0x11][0xfffffff8][0xfffffff3][0xffffff87]#[0xfffffff0][0xffffffc9][0xffffffae][0x15]("[0xffffffae][0xffffff95]@"[0xffffffae][0x15]X[0xffffffa6][0xffffffbb]6[0xffffffc0][0xffffff99][0xffffffec][0xffffffda][0xffffff80][0xffffffe8][0xb][0xffffffae]U[0x17][0x1a][0xffffffeb][0xffffffbd][0xffffff94])[0xffffffd7][0xffffffe2][0x17][0x1a]O[0xffffff83][0xb][0xffffff8d]'z[0xffffffa1][0xfffffff1][0xffffffc4].4[0xffffff9e]?[0xffffffbc][0xffffffd0][0xffffff98][0xffffffed][0xffffffda][0xffffff88]"[0xffffffe3]Z[0x5]$[0xffffffe3][0xffffffda][0xffffff88]e[0xffffffbe]kw8[0xffffffb3]][0xffffffbb]#[0xfffffffa][0xffffff82]k[0xffffffd5][0xffffffcd][0xffffffdb]:[0xf][0xffffffea][0xffffffda][0xffffffe2][0xffffff89][0xffffffdf][0xffffffbc]=[\r]n[0xffffffde][0xffffff9e][0xffffffe8][0xffffffcd][0xffffffdb][0x13][0xffffffbb]y{[0xfffffffe][0xfffffff0][0xffffffe6]m[0xffffffb6]k#[0xffffff8a][0xffffff8c]k[0x15][0xffffff90][0xffffff8c]k#[0xffffff96][0xfffffff9][0xffffffae][0xffffffdd][0xffffffe1][0xffffffcc]v[0xffffffed][0xffffff8e][0xffffffe8][0xb][0xffffffae]U[0xfffffff7]k[0xffffffeb][0x2][0xffffffbe][0x15][0xfffffff4]y[0x1e][0xffffffd8][0xffffffb5][0x6][0xfffffff7]k[0xffffffcf]x[0xffffff91]1[0x13]g[0xffffffec]~[0xffffffed][0xffffffb9]_^D]kr[0xffffffbf]V[0x2][0xffffffc9][0xffffffb8][0xffffffd6][0xffffffe0]~m[0xffffff80]3[0xffffffdb][0xffffffb5][0xffffffd7][0xffffffef][0xffffffd7][0xffffffde][0xffffffff][0xffffffb4][0xffffff99][0xffffffb9][0x16][0x1e][0xffffffc7]y[0xffffff9c][0xffffff80]w-8[0xffffff8e][0xfffffff3]x:[0xffffffe5][0xffffffda][0x1f][0xffffff8c][0xffffffe3][0xffffffe4][0xffffffbb]vG[0xffffff91]rm[0x4][0xffffff92]r[0xffffffed][0xffffff8e]%[0xffffffe1][0xffffffda][0x6][0xffffffbb][0xffffffb6]]u[0xffffffad]Z[0xffffffc6][0xffffffd4][0x16][0xffffffb6][0x1e][0xfffffffa][0xffffffc4][0xffffff97]1[0xffffff9d][0x6][0xffffffcb][0xffffff98]Nt[0x19][0xffffffd3][0xffffff89]-c:[0x7f][0xffffffb8][0xffffff8c])[0xffffffdb][0xffffffb5][0x11]E[0xffffffc6][0xffffffb5][\n]"
08:17:54.966 [TestNG-PoolService-3] DEBUG org.apache.hc.client5.http.wire -- http-outgoing-4 << "H[0xffffffc6][0xffffffb5][0x11][0xffffffcb]|[0xffffffd7][0xffffffee]pf[0xffffffbb]vG[0xfffffff4][0x5][0xffffffd7][0xffffffaa][0xffffffb9][0xffffffb1][0xfffffff3][0xfffffffe]O[0xffffffa4]\[0xffffff8b][0xffffffcf][0xffffff8d]M[0xffffff83][0xffffffb9][0xffffffb1][0x19][0x7]t2q[0xffffffc6][0xffffffe6][0xffffffc6][0xffffffe6]>[0xffffff94][0xffffff83][0xffffffba][0xffffffd6]dnL[0x2][0xffffffc9][0xffffffb8][0xffffffd6]`n,[0xffffffc0][0xffffff99][0xffffffed][0xffffffda][0xffffffeb]sc[0xffffffeb][0xfffffff6]K[\r][0xffffffae][0xffffff9d][0xfffffff7][0xffffffff][0xb][0xffffffb9][0xfffffff6][0xffffffed]<[0xffffffac]k[0x1f]'[0xffffff80]][0xfffffffb][0xfffffffd][0xc][0xffffff88]k[0x1f]OG\[0xfffffffb][0xffffffed][0xffffffc9][0x16][0xffffffae][0x15]("[0xffffffae][0xffffff95]@"[0xffffffae][0x15]X[0xffffffa6][0xffffffbb]6[0xffffffc0][0xffffff99][0xffffffec][0xffffffda][0xffffff80][0xffffffe8]K[0xffffffae]=[0xffffffdc]d{[0xfffffff0][0xffffffb6]=[0x1c]t{[0xffffffb0][0xffffffbe]=8[0xffffffe1][0x1e]V[0xffffffc6][\r]<R[0xffffffca][0x15]TR[0xffffffce][\r]l[0x12][0xffffffd2]=h[0xffffffeb][0x1e]?[0xffffffa1][0xffffffdd][0xffffffc7]kZ'[0xffffffed][0x16][0xfffffff8][0xffffffb2][0xffffffed][0xfffffffb][0x11]x[0xffffffed][0x16][0xfffffff0][0xffffffba][0xffffffed][0xfffffffb][0xffffffe3])[0xffffffed][0x16][0xffffff9f][0xb][0xffffffb7][0xffffff8a]GJ[0xffffffbb][0xffffff82]JJ[0xffffffbb][0xffffff81]MB[0xffffffbb][0x5][0xffffffbd]t[0x1b]9}I[0xffffffbb]}[0xffffff98]i[0xffffffb7][0xf]\[0xffffffbb][0xfffffff7]#[0xfffffff0][0xffffffda][0xfffffffd]8[0x4][0xffffffa5][0xffffffdd][0xfffffffb][0xffffffe3])[0xffffffed][0xffffffbe]?[0xffffffda]E[0xffffffbb][0xffffff81]GJ[0xffffffbb][0xffffff82]JJ[0xffffffbb][0xffffff81]MB[0xffffffbb][0x1b][0xffffffa1][0xfffffff9][0xffffffda][0xffffffdd]8}I[0xffffffbb]g7[0xffffffd3][0xffffffee][0xffffffd9]q[0xffffffed][0xffffffde][0xffffff8f][0xffffffc0]k[0xfffffff7][0xffffffe3][0x10][0xffffff94]v[0xffffffef][0xffffff8f][0xffffffa7][0xffffffb4][0xfffffffb][0xfffffffe]h[0x17][0xffffffed][0x6][0x1e])[0xffffffed][\n]"
08:17:54.967 [TestNG-PoolService-2] DEBUG org.apache.hc.client5.http.wire -- http-outgoing-5 << "1[0xfffffff0]x[0xffffffff]c[0xffffffb5]}a[0xffffff9e]5[0xffffffdf][0xffffffbf][0xffffff9f][0xffffffe7][0xffffffa1][0xffffffec][0xfffffffb][0xffffffe5][0x4][0xffffff98]{[0xffffffb7]3$[0xffffff9b][0xfffffff7][0xffffffcb][0xffffffd3][0xffffff93][0xffffffbd][0xfffffffb][0xffffffeb]'[0xffffffc3][0xffffffd6]}[0xffffff8a]b[0xffffffb2]s[0x7f][0x0]d[0xffffffb2]q[0xffffff9f]b[0xffffff99][0xffffffe8][0xffffffdb]'p[0xffffffa6][0xffffffd9][0xfffffff6][0x9][0xffffffa2]/[0xffffffb8]Vm&_u[0x14][0xffffffca][0xffffffb5][0xffffffe0]f[0xfffffff2]/'[0xffffffa0]][0xb]m&[0xffffffff][0xfffffff2]t[0xffffffc6][0xffffffb5][0x1e][0xffffff9b][0xffffffc9][0xffffff9f][0xffffffa2][0xffffffc8][0xffffffb8][0xffffffd6]`3[0xfffffff9]S,[0xfffffff3]][0xffffff8b]m&[0x7f][0xffffff82][0xffffffe8][0xb][0xffffffae]m[0xffffffca][0xffffffb5][0xffffffa3][0xffffffe7]o&[0xffffffff]<[0xf][0xffffffec][0xffffffda]f[0xffffffe0][0xffffffda][0x16][0xffffffa0][0xffffffce][0xffffffc4][0xffffffb9]a[0xffffffae]mN[0xffffffae][0xffffff8d](2[0xffffffae]U@2[0xffffffae][0xffffff8d]X[0xffffffe6][0xffffffbb]v[0xffffff87]3[0xffffffdb][0xffffffb5];[0xffffffa2]/[0xffffffb8][0xffffffb6]+[0xffffffd7][0xffffffae][0x3]sm[0xffffffc7]][0xffffffdb][\r]\[0xffffffdb][0x3][0xffffffd4][0xffffff99]8w[0xffffffcc][0xffffffb5][0xffffffdd][0xffffffc9][0xffffffb5][0x11]E[0xffffffc6][0xffffffb5][\n]"
08:17:54.967 [TestNG-PoolService-3] DEBUG org.apache.hc.client5.http.wire -- http-outgoing-4 << "*)[0xffffffed][0x6]6[0x9][0xffffffed]n[0xffffff84][0xffffffe6]kw[0xffffffe3][0xfffffff4]%[0xffffffed][0xffffffae]xi[0xffffff81][0xffffffd5][0xffffffee][0xffffff82]o-[0xffffffbc][0x1f][0xffffff81][0xffffffd7][0xffffffee][0xffffffc7]!([0xffffffed].[0xffffffe8][0xffffffe2][0xffffffc2][0xfffffff7]G[0xffffffbb]h7[0xfffffff0]HiWPIi7[0xffffffb0]Ihw[0xffffffa1][0xffffffb7][0x17]"[0xffffffa7][0xffffffaf]iw[0xffffffba]iw[0xfffffff2][0xffffffda][0xffffff9d][0xe][0xffffffda][0xffffff9d][0xffffffac]v'[0xffffffa7][0xffffffdd]i[0xffffffa5][0xffffffdd][0xffffff9d]GL[0xffffffbb][0xffffff91]JL[0xffffffbb];[0xffffff9b][0xffffff88]v'[0xffffffad][0xffffffdd]y][0xffffffbb][0xffffffc7][0xffffffad][0xffffff98]y[0xfffffff7]~"\[0xffffffbc]og[0xffffffe0][0xffffffcd][0xfffffffb][0xffffffed][0x14][0xffffff94]z[0xffffffdf][0xffffff9e]O[0xffffffb9][0xfffffff7][0xffffffe3][0xffffffd9].[0xfffffff2][0xffffff8d]PR[0xfffffff6]UhR[0xfffffffa][0xffffff8d][0xffffff80][0x12][0xfffffffe][0xffffffdd]1[0xffffffcd][0x17][0xfffffff0][0xe][0xffffffeb]k[0x6]>[0xffffffdd]^8[0xffffffdc]O[0xffffffc4][0x1b][0xfffffff8]~[0x6][0x3][0x3][0x7f][0xffffff9c][0x2]3[0xfffffff0][0xffffffc9][0xffffffbd]t[0xfffffff8]x[0xffffffb6][0xffffff8d][0xffffff81][0x3][0xffffff94][0xffffff98][0xffffff81][0x5][0xffffff9a][0xffffff98][0xffffff81][0x3][0xffffffa0][0xffffff88][0xffffff81]O[0xfffffffa][0xffffffcd][0xffffffc3][0xe][0xffffffeb]o1[0xfffffff0]x[0xffffffff]c[0xffffffb5]}a[0xffffff9e]5[0xffffffdf][0xffffffbf][0xffffff9f][0xffffffe7][0xffffffa1][0xffffffec][0xfffffffb][0xffffffe5][0x4][0xffffff98]{[0xffffffb7]3$[0xffffff9b][0xfffffff7][0xffffffcb][0xffffffd3][0xffffff93][0xffffffbd][0xfffffffb][0xffffffeb]'[0xffffffc3][0xffffffd6]}[0xffffff8a]b[0xffffffb2]s[0x7f][0x0]d[0xffffffb2]q[0xffffff9f]b[0xffffff99][0xffffffe8][0xffffffdb]'p[0xffffffa6][0xffffffd9][0xfffffff6][0x9][0xffffffa2]/[0xffffffb8]Vm&_u[0x14][0xffffffca][0xffffffb5][0xffffffe0]f[0xfffffff2]/'[0xffffffa0]][0xb]m&[0xffffffff][0xfffffff2]t[0xffffffc6][0xffffffb5][0x1e][0xffffff9b][0xffffffc9][0xffffff9f][0xffffffa2][0xffffffc8][0xffffffb8][0xffffffd6]`3[0xfffffff9]S,[0xfffffff3]][0xffffff8b]m&[0x7f][0xffffff82][0xffffffe8][0xb][0xffffffae]m[0xffffffca][0xffffffb5][0xffffffa3][0xffffffe7]o&[0xffffffff]<[0xf][0xffffffec][0xffffffda]f[0xffffffe0][0xffffffda][0x16][0xffffffa0][0xffffffce][0xffffffc4][0xffffffb9]a[0xffffffae]mN[0xffffffae][0xffffff8d](2[0xffffffae]U@2[0xffffffae][0xffffff8d]X[0xffffffe6][0xffffffbb]v[0xffffff87]3[0xffffffdb][0xffffffb5];[0xffffffa2]/[0xffffffb8][0xffffffb6]+[0xffffffd7][0xffffffae][0x3]sm[0xffffffc7]][0xffffffdb][\r]\[0xffffffdb][0x3][0xffffffd4][0xffffff99]8w[0xffffffcc][0xffffffb5][0xffffffdd][0xffffffc9][0xffffffb5][0x11]E[0xffffffc6][0xffffffb5][\n]"
08:17:54.967 [TestNG-PoolService-1] DEBUG org.apache.hc.client5.http.wire -- http-outgoing-3 << "H[0xffffffc6][0xffffffb5][0x11][0xffffffcb]|[0xffffffd7][0xffffffee]pf[0xffffffbb]vG[0xfffffff4][0x5][0xffffffd7][0xffffffaa]Y[0xffffff86]^[0xffffffb0][0xffffffaf]I[0xffffff9c][0xfffffff8],[0xffffffc3]i0[0xffffffcb]p[0xffffffc6]K[0xffffffe3][0xffffff99]8c[0xffffffb3][0xc][0xffffffe7]~Q[0x1c]u[0xffffffad][0xffffffc9],[0xffffff83][0x4][0xffffff92]q[0xffffffad][0xffffffc1],C[0xffffff80]3[0xffffffdb][0xffffffb5][0xffffffd7]g[0x19][0xffffffa6][0xffffffba][0xffffff87]0[0x1a][0xfffffff6][0x9][0xffffffc0][0xffffff89][0xffffffdf]C[0xffffff98][0x6][0xfffffff7][0x10]f[0xfffffffc][0xffffffc1]7[0x11][0xffffffe7][0xffffff89][0xffffffdd]C[0xffffff98][0xfffffffb][0xffffff8f][0xffffffbc][0xffffffa4]k[0x5][0xffffff8a][0xffffff88]k%[0xffffff90][0xffffff88]k[0x5][0xffffff96][0xffffffe9][0xffffffae][\r]p&[0xffffffbb]6 [0xfffffffa][0xffffff82]k[0xffffffbb]r[0xffffffed]*[0xffffff8d]rm[0xffffffc7]][0xffffffdb][\r]\[0xffffffdb][0x3][0xffffffd4][0xffffff99]8w[0xffffffcc][0xffffffb5][0xffffffdd][0xffffffc9][0xffffffb5][0x11]E[0xffffffc6][0xffffffb5][\n]"
08:17:54.968 [TestNG-PoolService-2] DEBUG org.apache.hc.client5.http.wire -- http-outgoing-5 << "H[0xffffffc6][0xffffffb5][0x11][0xffffffcb]|[0xffffffd7][0xffffffee]pf[0xffffffbb]vG[0xfffffff4][0x5][0xffffffd7][0xffffff8e][0xffffffe8][0xffffffda]~[0xffffffbb][\r][0xffffffcc][0xffffffb5][0x3]w[0xffffffed]0p[0xffffffed][0x8]Pg[0xffffffe2]<0[0xffffffd7][0xe]'[0xffffffd7]F[0x14][0x19][0xffffffd7]* [0x19][0xffffffd7]F,[0xfffffff3]][0xffffffbb][0xffffffc3][0xffffff99][0xffffffed][0xffffffda][0x1d][0xffffffd1][0x17]\+[0xffffffbe][0x2]qw[0xffffffed][0xffffffc2][0xffffffde][0xffffffd7][0xffffff82]_[0xffffff81][0xfffffff8]r[0x2][0xffffffda][0xffffffb5][0xffffffd0]W [0xffffffbe]<[0xffffff9d]q[0xffffffad][0xffffffc7]W [0xffffff9e][0xffffffa2][0xffffffc8][0xffffffb8][0xffffffd6][0xffffffe0]+[0x10]O[0xffffffb1][0xffffffcc]w-[0xfffffff6][0x15][0xffffff88]'[0xffffff88][0xffffffbe][0xffffffe0][0xffffffda][0xffffffa9]\{[0x1c][0xfffffff9]_[0xffffff81][0xfffffff8]<[0xf][0xffffffec][0xffffffda]i[0xffffffe0][0xffffffda][0x19][0xffffffa0][0xffffffce][0xffffffc4]yb[0xffffffae][0xffffff9d]N[0xffffffae][0xffffff8d](2[0xffffffae]U@2[0xffffffae][0xffffff8d]X[0xffffffe6][0xffffffbb]v[0xffffff87]3[0xffffffdb][0xffffffb5];[0xffffffa2]/[0xffffffb8]Vl&[0xffffffbf][0xffffffbb][0x16][0xfffffff8][0xffffffba][0xffffffd9][0xffffffe7]y`[0xffffffd7][0xffffffa2][0xffffff9b][0xffffffc9][0xffffffb7]30[0xffffffae][0x5]6[0xffffff93][0xffffffff][0xfffffffa][0xffffffc9][0x1e][0xffffffae][0xffffffc5]7[0xffffff93][0xffffffff][0x0]H[0xffffffc6][0xffffffb5][0xffffffe8]f[0xfffffff2]'pf[0xffffffbb][0xfffffff6][0xffffffca]f[0xfffffff2][0xffffffc7][0xffffff9f][0xffffffce][0xffffffdb]M[0xffffffb9][0xffffffb6]T[0xffffffc8][0xffffffb5][0xffffff8f][0xfffffff3][0xffffffa0][0xffffffae]}?[0x1][0xffffffeb][0xffffffda][0xffffffcf]3[0x10][0xffffffae]}[0x7f]:[0xffffffe1][0xffffffda][0xffffffef]Ovp[0xffffffad]B[0xffffff91]p[0xffffffad][0x6][0xffffff92]p[0xffffffad][0xffffffc2]2[0xffffffdb][0xffffffb5][0x11][0xffffffce]\[0xffffffd7]FD_p[0xffffffad][0xffffff98]e[0xffffffe8][0xffffffb7]Z[0xffffffa1]w[0x8][0xffffff8f][0xfffffff3][0xffffffc0][0xffffffae][0xffffffe5]g[0x19]>[0xffffffcf][0xffffffc0][0xffffffb8][0xffffff96][0xffffff9a]e[0xfffffff8][0xfffffffe]d[0xf][0xffffffd7]z[0xffffffcc]2h [0x19][0xffffffd7][0xfffffff2][0xffffffb3][0xc][0x11][0xffffffce]l[0xffffffd7]^[0xffffff9e]e[0xffffff98][0xffffffb7][0xffffffa2]\[0xffffffdb][0xffffffc6]I[0xffffffb9][0xffffffb6][0xffffffe0][0xffffffae]-[0x6][0xffffffae]-[0x1][0xffffffea]L[0xffffff9c][0xb][0xffffffe6][0xffffffda][0xffffffe2][0xffffffe4][0xffffffda][0xffffff88]"[0xffffffe3]Z[0x5]$[0xffffffe3][0xffffffda][0xffffff88]e[0xffffffbe]kw8[0xffffffb3]][0xffffffbb]#[0xfffffffa][0xffffff82]k[0xffffffeb]/aKM[0xffffffbf][0xffffffad][0xffffff82][0xffffffb9][0xfffffff6]~[0x1e][0xffffffd8][0xffffffb5]o'[0xffffffa0]][0xfffffffb][0xffffffed][0xc][0xffffff8c]k[0xffffffdf][0xffffff9e][0xffffffce][0xffffffb8][0xfffffff6][0xffffffe3][0xffffffc9][0x1e][0xffffffae][0xffffff8d](2[0xffffffae]U@2[0xffffffae][0xffffff8d]X[0xffffffe6][0xffffffbb]v[0xffffff87]3[0xffffffdb][0xffffffb5];[0xffffffa2]/[0xffffffb8]V[0xffffffcc][0xffffff8d][0xfffffff5][0xffffffe3][0xffffffa8][0xffffff98]k[0xffffffe9][0xffffffb9][0xffffffb1][0xfffffff7][0x13][0xffffffd0][0xffffffae]%[0xffffffe7][0xffffffc6][0xffffffde][0xffffff9f][0xffffffce][0xffffffb8][0xffffffd6]hnL[0xffffffa1][0xffffffc8][0xffffffb8][0xffffffd6]enLa[0xffffff99][0xffffffef]Zvn,"[0xfffffffa][0xffffff82]k[0xffffffc5][0xffffffdc]X?Z[0xffffff9f][0xffffff94]k[0xffffffe9][0xffffffb9][0xffffffb1][0xfffffff7][0x13][0xffffffd0][0xffffffae]%[0xffffffe7][0xffffffc6][0xffffffde][0xffffff9f][0xffffffce][0xffffffb8][0xffffffd6]hnL[0xffffffa1][0xffffffc8][0xffffffb8][0xffffffd6]enLa[0xffffff99][0xffffffef]Zvn,"[0xfffffffa][0xffffff82]k[0xffffff87]r[0xffffffed][0xffffffd9][0xffffffb0][0xffffffae][0x1d][0xffffffb8]k[0xffffff87][0xffffff81]kG[0xffffff80]:[0x13][0xffffffe7][0xffffff81][0xffffffb9]v8[0xffffffb9]6[0xffffffa2][0xffffffc8][0xffffffb8]V[0x1][0xffffffc9][0xffffffb8]6b[0xffffff99][0xffffffef][0xffffffda][0x1d][0xffffffce]l[0xffffffd7][0xffffffee][0xffffff88][0xffffffbe][0xffffffe0]Z57V[0xffffff8e][0x13]s-=7[0xfffffff6]~[0x2][0xffffffda][0xffffffb5][0xffffffe4][0xffffffdc][0xffffffd8][0xfffffffb][0xffffffd3][0x19][0xffffffd7][0x1a][0xffffffcd][0xffffff8d])[0x14][0x19][0xffffffd7][0xffffffba][0xffffffcc][0xffffff8d]),[0xfffffff3]][0xffffffcb][0xffffffce][0xffffff8d]ED_p[0xffffffad][0xffffff9a][0x1b]+[0xffffffed][0xffffff86][0xffffffbd]C[0xffffffa0][0xffffffe7][0xffffffc6][0xffffffde]O@[0xffffffbb][0xffffff96][0xffffff9c][0x1b]{[0x7f]:[0xffffffe3]Z[0xffffffa3][0xffffffb9]1[0xffffff85]"[0xffffffe3]Z[0xffffff97][0xffffffb9]1[0xffffff85]e[0xffffffbe]k[0xffffffd9][0xffffffb9][0xffffffb1][0xffffff88][0xffffffe8]K[0xffffffae][0xffffff8d][0xfffffff7][0x10]X[0xffffffd7][0xffffffd2][0xfffffff7][0x10][0xffffffa6][0xffffffc1]=[0xffffff84][0x19]~[0xfffffff0][0xffffffcd][0xffffffc5][0xffffff99][0xffffffba][0xffffff87]0[0xffffff9d][0xffffffee]!D[0x14])[0xffffffd7][0xffffffba][0xffffffdc]C[0xffffff88]X[0x12][0xffffffae]e[0xffffffef]![0xffffffec][0xffffff88][0xffffffbe][0xffffffe0]Z5[0xffffffa3][[0xffffffce][0x13][0xffffff9b]e[0xffffffa0]gt[0xffffffdf]O@[0xffffffbb][0xffffff96][0xffffff9c][0xffffffd1]}[0x7f]:[0xffffffe3]Z[0xffffffa3][0x19]][0xffffff85]"[0xffffffe3]Z[0xffffff97][0x19]][0xffffff85]e[0xffffffbe]k[0xffffffd9][0x19][0xffffffdd][0xffffff88][0xffffffe8]K[0xffffffae][0x15]][0xffffff8b][0xffffffba][0xffffff96][0xffffffee][0xffffffda]e[0xffffffd0][0xffffffb5]+[0x4]D.[0xffffffce]T[0xffffffd7].[0xffffffa7][0xffffffae][0xffffff8d](R[0xffffffae]u[0xffffffe9][0xffffffda][0xffffff88]%[0xffffffe1]Z[0xffffffb6]kwD[0x7f][0xffffffbb]k[0xf][0xffffffb5][0xf][0xffffffa1][0xffffffac][0xffffffe3][0xffffff80]\{[0xffffffe0][0xfffffffb][0x10][0xe][0xffffff83]}[0x8]G[0x1c]<O[0xffffffc4][0xfffffff9][0xffffffc0][0xfffffff6]![0x1c][0xfffffffb][0xffffffb0]9[0xffffffe9]Z[0xffffff81]"[0xffffffe2]Z[0x9]$[0xffffffe2]Z[0xffffff81]e[0xffffffba]k[0x3][0xffffff9c][0xffffffc9][0xffffffae][\r][0xffffff88][0xffffffbe][0xffffffe0]Z5[0xffffffa3][[0xffffffd6],[0xffffff94]k[0xfffffff1][0x19][0xffffffdd][0xffffffc3]`F[0xfffffff7][0xffffff88][0xffffffc3][0xffffff90][0xffffff99]8c3[0xffffffba][0xffffffc7]>[0x0][0xffffff89][0xffffffba][0xffffffd6]dFW[0x2][0xffffffc9][0xffffffb8][0xffffffd6]`F7[0xffffffc0][0xffffff99][0xffffffed][0xffffffda][0xffffffeb]3[0xffffffba][0xffffff87][0xffffff9a]e[0xffffffa8][0xfffffffd][0xffffffd6])[0xffffffd7][0xffffffe2][0xffffffb3][0xc][0xffffff87][0xffffffc1],[0xffffffc3][0x11]/[0xffffff8d]g[0xffffffe2][0xffffff8c][0xffffffcd]2[0x1c][0xfffffffb]Eq[0xffffffd4][0xffffffb5]&[0xffffffb3][0xc][0x12]H[0xffffffc6][0xffffffb5][0x6][0xffffffb3][0xc][0x1][0xffffffce]l[0xffffffd7]^[0xffffff9f]ex[0xfffffffb][0x7f][0xffffffa2]k[0xffffffcf][0xffffff89][0xffffffbd]C[0x18][0xffffffb8]k[0xffffff87][0xffffff81]kG[0xffffff80]:[0x13][0xffffffe7][0xffffff81][0xffffffb9]v8[0xffffffb9]6[0xffffffa2][0xffffffc8][0xffffffb8]V[0x1][0xffffffc9][0xffffffb8]6b[0xffffff99][0xffffffef][0xffffffda][0x1d][0xffffffce]l[0xffffffd7][0xffffffee][0xffffff88][0xffffffbe][0xffffffe0]Z5[0xffffffcb][0xffffffd0][0xffffff8e][0xffffff86][0xffffffbd]C[0xffffffc0]g[0x19][0xe][0xffffff83]Y[0xffffff86]#^[0x1a][0xffffffcf][0xffffffc4][0x19][0xffffff9b]e8[0xfffffff6][0xffffff8b][0xffffffe2][0xffffffa8]kMf[0x19]$[0xffffff90][0xffffff8c]k[\r]f[0x19][0x2][0xffffff9c][0xffffffd9][0xffffffae][0xffffffbd]>[0xffffffcb]p[0xffffffa8]Y[0xffffff86]V[0x1b][0xffffffd6][0xffffffb5][0xfffffff8],[0xffffffc3]a0[0xffffffcb]p[0xffffffc4]K[0xffffffe3][0xffffff99]8c[0xffffffb3][0xc][0xffffffc7]~Q[0x1c]u[0xffffffad][0xffffffc9],[0xffffff83][0x4][0xffffff92]q[0xffffffad][0xffffffc1],C[0xffffff80]3[0xffffffdb][0xffffffb5][0xffffffd7]g[0x19][0xffffff8a]z_[0xffffffdb]W[0xffffff83][0xffffffbe][0xffffffa3][0xfffffffb]8[0xf][0xffffffeb][0xffffffda]b[0xfffffff0][0xffffffbe][0xffffffb6][0xffffffc4][0x17]c[0xffffff89]8[0x17][0xffffffec]}m[0xffffffd9]_[0xffffff86][0xffffff91][0xffffffae][0x15]("[0xffffffae][0xffffff95]@"[0xffffffae][0x15]X[0xffffffa6][0xffffffbb]6[0xffffffc0][0xffffff99][0xffffffec][0xffffffda][0xffffff80][0xffffffe8][0xb][0xffffffae]U[0xffffffef][0x10][0xffffffc6][0xffffff8d][0xfffffffa][0xffffffb6][0xffffffe3][0xffffffe3]<[0xffffffb0]k[\r][0xffffffde]![0xffffff94][0xfffffff8]/k[0xffffff99]8c[0xffffffef][0x10][0xffffffca][0xfffffffe]/h[0xffffffa8]kM[0xffffffde]!H [0x19][0xffffffd7][0x1a][0xffffffbc]C[0x8]pf[0xffffffbb][0xfffffff6][0xfffffffa];[0xffffff84][0xffffffa2][0xffffffde]![0xffffff8c][0x3][0xfffffffb][0xffffffde]X[0xffffffc1][0xffffffdf]![0x14][0xffffff83]w[0x8]%[0xfffffffe][0xffffffcb]Z&[0xffffffce][0xffffffd8];[0xffffff84][0xffffffb2][0xffffffff][0xb][0x1a][0xffffffea]Z[0xffffff93]w[0x8][0x12]H[0xffffffc6][0xffffffb5][0x6][0xffffffef][0x10][0x2][0xffffff9c][0xffffffd9][0xffffffae][0xfffffffd][0xffffff89]w[0x8]jFw[0xffffffb4][0xffffffb3]Q[0xffffffae][0xffffffc5]gt[0xffffff8b][0xffffffc1][0xffffff8c]n[0xffffff89][0xffffffc3][0xffffff90][0xffffff99]8c3[0xffffffba]e[0x1f][0xffffff80]D]k"
08:17:54.969 [TestNG-PoolService-1] DEBUG org.apache.hc.client5.http.wire -- http-outgoing-3 << "H[0xffffffc6][0xffffffb5][0x11][0xffffffcb]|[0xffffffd7][0xffffffee]pf[0xffffffbb]vG[0xfffffff4][0x5][0xffffffd7][0xffffffaa][0xffffffb9][0xffffffb1][0xfffffff3][0xfffffffe]O[0xffffffa4]\[0xffffff8b][0xffffffcf][0xffffff8d]M[0xffffff83][0xffffffb9][0xffffffb1][0x19][0x7]t2q[0xffffffc6][0xffffffe6][0xffffffc6][0xffffffe6]>[0xffffff94][0xffffff83][0xffffffba][0xffffffd6]dnL[0x2][0xffffffc9][0xffffffb8][0xffffffd6]`n,[0xffffffc0][0xffffff99][0xffffffed][0xffffffda][0xffffffeb]sc[0xffffffeb][0xfffffff6]K[\r][0xffffffae][0xffffff9d][0xfffffff7][0xffffffff][0xb][0xffffffb9][0xfffffff6][0xffffffed]<[0xffffffac]k[0x1f]'[0xffffff80]][0xfffffffb][0xfffffffd][0xc][0xffffff88]k[0x1f]OG\[0xfffffffb][0xffffffed][0xffffffc9][0x16][0xffffffae][0x15]("[0xffffffae][0xffffff95]@"[0xffffffae][0x15]X[0xffffffa6][0xffffffbb]6[0xffffffc0][0xffffff99][0xffffffec][0xffffffda][0xffffff80][0xffffffe8]K[0xffffffae]=[0xffffffdc]d{[0xfffffff0][0xffffffb6]=[0x1c]t{[0xffffffb0][0xffffffbe]=8[0xffffffe1][0x1e]V[0xffffffc6][\r]<R[0xffffffca][0x15]TR[0xffffffce][\r]l[0x12][0xffffffd2]=h[0xffffffeb][0x1e]?[0xffffffa1][0xffffffdd][0xffffffc7]kZ'[0xffffffed][0x16][0xfffffff8][0xffffffb2][0xffffffed][0xfffffffb][0x11]x[0xffffffed][0x16][0xfffffff0][0xffffffba][0xffffffed][0xfffffffb][0xffffffe3])[0xffffffed][0x16][0xffffff9f][0xb][0xffffffb7][0xffffff8a]GJ[0xffffffbb][0xffffff82]JJ[0xffffffbb][0xffffff81]MB[0xffffffbb][0x5][0xffffffbd]t[0x1b]9}I[0xffffffbb]}[0xffffff98]i[0xffffffb7][0xf]\[0xffffffbb][0xfffffff7]#[0xfffffff0][0xffffffda][0xfffffffd]8[0x4][0xffffffa5][0xffffffdd][0xfffffffb][0xffffffe3])[0xffffffed][0xffffffbe]?[0xffffffda]E[0xffffffbb][0xffffff81]GJ[0xffffffbb][0xffffff82]JJ[0xffffffbb][0xffffff81]MB[0xffffffbb][0x1b][0xffffffa1][0xfffffff9][0xffffffda][0xffffffdd]8}I[0xffffffbb]g7[0xffffffd3][0xffffffee][0xffffffd9]q[0xffffffed][0xffffffde][0xffffff8f][0xffffffc0]k[0xfffffff7][0xffffffe3][0x10][0xffffff94]v[0xffffffef][0xffffff8f][0xffffffa7][0xffffffb4][0xfffffffb][0xfffffffe]h[0x17][0xffffffed][0x6][0x1e])[0xffffffed][\n]"
08:17:54.968 [TestNG-PoolService-3] DEBUG org.apache.hc.client5.http.wire -- http-outgoing-4 << "H[0xffffffc6][0xffffffb5][0x11][0xffffffcb]|[0xffffffd7][0xffffffee]pf[0xffffffbb]vG[0xfffffff4][0x5][0xffffffd7][0xffffff8e][0xffffffe8][0xffffffda]~[0xffffffbb][\r][0xffffffcc][0xffffffb5][0x3]w[0xffffffed]0p[0xffffffed][0x8]Pg[0xffffffe2]<0[0xffffffd7][0xe]'[0xffffffd7]F[0x14][0x19][0xffffffd7]* [0x19][0xffffffd7]F,[0xfffffff3]][0xffffffbb][0xffffffc3][0xffffff99][0xffffffed][0xffffffda][0x1d][0xffffffd1][0x17]\+[0xffffffbe][0x2]qw[0xffffffed][0xffffffc2][0xffffffde][0xffffffd7][0xffffff82]_[0xffffff81][0xfffffff8]r[0x2][0xffffffda][0xffffffb5][0xffffffd0]W [0xffffffbe]<[0xffffff9d]q[0xffffffad][0xffffffc7]W [0xffffff9e][0xffffffa2][0xffffffc8][0xffffffb8][0xffffffd6][0xffffffe0]+[0x10]O[0xffffffb1][0xffffffcc]w-[0xfffffff6][0x15][0xffffff88]'[0xffffff88][0xffffffbe][0xffffffe0][0xffffffda][0xffffffa9]\{[0x1c][0xfffffff9]_[0xffffff81][0xfffffff8]<[0xf][0xffffffec][0xffffffda]i[0xffffffe0][0xffffffda][0x19][0xffffffa0][0xffffffce][0xffffffc4]yb[0xffffffae][0xffffff9d]N[0xffffffae][0xffffff8d](2[0xffffffae]U@2[0xffffffae][0xffffff8d]X[0xffffffe6][0xffffffbb]v[0xffffff87]3[0xffffffdb][0xffffffb5];[0xffffffa2]/[0xffffffb8]Vl&[0xffffffbf][0xffffffbb][0x16][0xfffffff8][0xffffffba][0xffffffd9][0xffffffe7]y`[0xffffffd7][0xffffffa2][0xffffff9b][0xffffffc9][0xffffffb7]30[0xffffffae][0x5]6[0xffffff93][0xffffffff][0xfffffffa][0xffffffc9][0x1e][0xffffffae][0xffffffc5]7[0xffffff93][0xffffffff][0x0]H[0xffffffc6][0xffffffb5][0xffffffe8]f[0xfffffff2]'pf[0xffffffbb][0xfffffff6][0xffffffca]f[0xfffffff2][0xffffffc7][0xffffff9f][0xffffffce][0xffffffdb]M[0xffffffb9][0xffffffb6]T[0xffffffc8][0xffffffb5][0xffffff8f][0xfffffff3][0xffffffa0][0xffffffae]}?[0x1][0xffffffeb][0xffffffda][0xffffffcf]3[0x10][0xffffffae]}[0x7f]:[0xffffffe1][0xffffffda][0xffffffef]Ovp[0xffffffad]B[0xffffff91]p[0xffffffad][0x6][0xffffff92]p[0xffffffad][0xffffffc2]2[0xffffffdb][0xffffffb5][0x11][0xffffffce]\[0xffffffd7]FD_p[0xffffffad][0xffffff98]e[0xffffffe8][0xffffffb7]Z[0xffffffa1]w[0x8][0xffffff8f][0xfffffff3][0xffffffc0][0xffffffae][0xffffffe5]g[0x19]>[0xffffffcf][0xffffffc0][0xffffffb8][0xffffff96][0xffffff9a]e[0xfffffff8][0xfffffffe]d[0xf][0xffffffd7]z[0xffffffcc]2h [0x19][0xffffffd7][0xfffffff2][0xffffffb3][0xc][0x11][0xffffffce]l[0xffffffd7]^[0xffffff9e]e[0xffffff98][0xffffffb7][0xffffffa2]\[0xffffffdb][0xffffffc6]I[0xffffffb9][0xffffffb6][0xffffffe0][0xffffffae]-[0x6][0xffffffae]-[0x1][0xffffffea]L[0xffffff9c][0xb][0xffffffe6][0xffffffda][0xffffffe2][0xffffffe4][0xffffffda][0xffffff88]"[0xffffffe3]Z[0x5]$[0xffffffe3][0xffffffda][0xffffff88]e[0xffffffbe]kw8[0xffffffb3]][0xffffffbb]#[0xfffffffa][0xffffff82]k[0xffffffeb]/aKM[0xffffffbf][0xffffffad][0xffffff82][0xffffffb9][0xfffffff6]~[0x1e][0xffffffd8][0xffffffb5]o'[0xffffffa0]][0xfffffffb][0xffffffed][0xc][0xffffff8c]k[0xffffffdf][0xffffff9e][0xffffffce][0xffffffb8][0xfffffff6][0xffffffe3][0xffffffc9][0x1e][0xffffffae][0xffffff8d](2[0xffffffae]U@2[0xffffffae][0xffffff8d]X[0xffffffe6][0xffffffbb]v[0xffffff87]3[0xffffffdb][0xffffffb5];[0xffffffa2]/[0xffffffb8]V[0xffffffcc][0xffffff8d][0xfffffff5][0xffffffe3][0xffffffa8][0xffffff98]k[0xffffffe9][0xffffffb9][0xffffffb1][0xfffffff7][0x13][0xffffffd0][0xffffffae]%[0xffffffe7][0xffffffc6][0xffffffde][0xffffff9f][0xffffffce][0xffffffb8][0xffffffd6]hnL[0xffffffa1][0xffffffc8][0xffffffb8][0xffffffd6]enLa[0xffffff99][0xffffffef]Zvn,"[0xfffffffa][0xffffff82]k[0xffffffc5][0xffffffdc]X?Z[0xffffff9f][0xffffff94]k[0xffffffe9][0xffffffb9][0xffffffb1][0xfffffff7][0x13][0xffffffd0][0xffffffae]%[0xffffffe7][0xffffffc6][0xffffffde][0xffffff9f][0xffffffce][0xffffffb8][0xffffffd6]hnL[0xffffffa1][0xffffffc8][0xffffffb8][0xffffffd6]enLa[0xffffff99][0xffffffef]Zvn,"[0xfffffffa][0xffffff82]k[0xffffff87]r[0xffffffed][0xffffffd9][0xffffffb0][0xffffffae][0x1d][0xffffffb8]k[0xffffff87][0xffffff81]kG[0xffffff80]:[0x13][0xffffffe7][0xffffff81][0xffffffb9]v8[0xffffffb9]6[0xffffffa2][0xffffffc8][0xffffffb8]V[0x1][0xffffffc9][0xffffffb8]6b[0xffffff99][0xffffffef][0xffffffda][0x1d][0xffffffce]l[0xffffffd7][0xffffffee][0xffffff88][0xffffffbe][0xffffffe0]Z57V[0xffffff8e][0x13]s-=7[0xfffffff6]~[0x2][0xffffffda][0xffffffb5][0xffffffe4][0xffffffdc][0xffffffd8][0xfffffffb][0xffffffd3][0x19][0xffffffd7][0x1a][0xffffffcd][0xffffff8d])[0x14][0x19][0xffffffd7][0xffffffba][0xffffffcc][0xffffff8d]),[0xfffffff3]][0xffffffcb][0xffffffce][0xffffff8d]ED_p[0xffffffad][0xffffff9a][0x1b]+[0xffffffed][0xffffff86][0xffffffbd]C[0xffffffa0][0xffffffe7][0xffffffc6][0xffffffde]O@[0xffffffbb][0xffffff96][0xffffff9c][0x1b]{[0x7f]:[0xffffffe3]Z[0xffffffa3][0xffffffb9]1[0xffffff85]"[0xffffffe3]Z[0xffffff97][0xffffffb9]1[0xffffff85]e[0xffffffbe]k[0xffffffd9][0xffffffb9][0xffffffb1][0xffffff88][0xffffffe8]K[0xffffffae][0xffffff8d][0xfffffff7][0x10]X[0xffffffd7][0xffffffd2][0xfffffff7][0x10][0xffffffa6][0xffffffc1]=[0xffffff84][0x19]~[0xfffffff0][0xffffffcd][0xffffffc5][0xffffff99][0xffffffba][0xffffff87]0[0xffffff9d][0xffffffee]!D[0x14])[0xffffffd7][0xffffffba][0xffffffdc]C[0xffffff88]X[0x12][0xffffffae]e[0xffffffef]![0xffffffec][0xffffff88][0xffffffbe][0xffffffe0]Z5[0xffffffa3][[0xffffffce][0x13][0xffffff9b]e[0xffffffa0]gt[0xffffffdf]O@[0xffffffbb][0xffffff96][0xffffff9c][0xffffffd1]}[0x7f]:[0xffffffe3]Z[0xffffffa3][0x19]][0xffffff85]"[0xffffffe3]Z[0xffffff97][0x19]][0xffffff85]e[0xffffffbe]k[0xffffffd9][0x19][0xffffffdd][0xffffff88][0xffffffe8]K[0xffffffae][0x15]][0xffffff8b][0xffffffba][0xffffff96][0xffffffee][0xffffffda]e[0xffffffd0][0xffffffb5]+[0x4]D.[0xffffffce]T[0xffffffd7].[0xffffffa7][0xffffffae][0xffffff8d](R[0xffffffae]u[0xffffffe9][0xffffffda][0xffffff88]%[0xffffffe1]Z[0xffffffb6]kwD[0x7f][0xffffffbb]k[0xf][0xffffffb5][0xf][0xffffffa1][0xffffffac][0xffffffe3][0xffffff80]\{[0xffffffe0][0xfffffffb][0x10][0xe][0xffffff83]}[0x8]G[0x1c]<O[0xffffffc4][0xfffffff9][0xffffffc0][0xfffffff6]![0x1c][0xfffffffb][0xffffffb0]9[0xffffffe9]Z[0xffffff81]"[0xffffffe2]Z[0x9]$[0xffffffe2]Z[0xffffff81]e[0xffffffba]k[0x3][0xffffff9c][0xffffffc9][0xffffffae][\r][0xffffff88][0xffffffbe][0xffffffe0]Z5[0xffffffa3][[0xffffffd6],[0xffffff94]k[0xfffffff1][0x19][0xffffffdd][0xffffffc3]`F[0xfffffff7][0xffffff88][0xffffffc3][0xffffff90][0xffffff99]8c3[0xffffffba][0xffffffc7]>[0x0][0xffffff89][0xffffffba][0xffffffd6]dFW[0x2][0xffffffc9][0xffffffb8][0xffffffd6]`F7[0xffffffc0][0xffffff99][0xffffffed][0xffffffda][0xffffffeb]3[0xffffffba][0xffffff87][0xffffff9a]e[0xffffffa8][0xfffffffd][0xffffffd6])[0xffffffd7][0xffffffe2][0xffffffb3][0xc][0xffffff87][0xffffffc1],[0xffffffc3][0x11]/[0xffffff8d]g[0xffffffe2][0xffffff8c][0xffffffcd]2[0x1c][0xfffffffb]Eq[0xffffffd4][0xffffffb5]&[0xffffffb3][0xc][0x12]H[0xffffffc6][0xffffffb5][0x6][0xffffffb3][0xc][0x1][0xffffffce]l[0xffffffd7]^[0xffffff9f]ex[0xfffffffb][0x7f][0xffffffa2]k[0xffffffcf][0xffffff89][0xffffffbd]C[0x18][0xffffffb8]k[0xffffff87][0xffffff81]kG[0xffffff80]:[0x13][0xffffffe7][0xffffff81][0xffffffb9]v8[0xffffffb9]6[0xffffffa2][0xffffffc8][0xffffffb8]V[0x1][0xffffffc9][0xffffffb8]6b[0xffffff99][0xffffffef][0xffffffda][0x1d][0xffffffce]l[0xffffffd7][0xffffffee][0xffffff88][0xffffffbe][0xffffffe0]Z5[0xffffffcb][0xffffffd0][0xffffff8e][0xffffff86][0xffffffbd]C[0xffffffc0]g[0x19][0xe][0xffffff83]Y[0xffffff86]#^[0x1a][0xffffffcf][0xffffffc4][0x19][0xffffff9b]e8[0xfffffff6][0xffffff8b][0xffffffe2][0xffffffa8]kMf[0x19]$[0xffffff90][0xffffff8c]k[\r]f[0x19][0x2][0xffffff9c][0xffffffd9][0xffffffae][0xffffffbd]>[0xffffffcb]p[0xffffffa8]Y[0xffffff86]V[0x1b][0xffffffd6][0xffffffb5][0xfffffff8],[0xffffffc3]a0[0xffffffcb]p[0xffffffc4]K[0xffffffe3][0xffffff99]8c[0xffffffb3][0xc][0xffffffc7]~Q[0x1c]u[0xffffffad][0xffffffc9],[0xffffff83][0x4][0xffffff92]q[0xffffffad][0xffffffc1],C[0xffffff80]3[0xffffffdb][0xffffffb5][0xffffffd7]g[0x19][0xffffff8a]z_[0xffffffdb]W[0xffffff83][0xffffffbe][0xffffffa3][0xfffffffb]8[0xf][0xffffffeb][0xffffffda]b[0xfffffff0][0xffffffbe][0xffffffb6][0xffffffc4][0x17]c[0xffffff89]8[0x17][0xffffffec]}m[0xffffffd9]_[0xffffff86][0xffffff91][0xffffffae][0x15]("[0xffffffae][0xffffff95]@"[0xffffffae][0x15]X[0xffffffa6][0xffffffbb]6[0xffffffc0][0xffffff99][0xffffffec][0xffffffda][0xffffff80][0xffffffe8][0xb][0xffffffae]U[0xffffffef][0x10][0xffffffc6][0xffffff8d][0xfffffffa][0xffffffb6][0xffffffe3][0xffffffe3]<[0xffffffb0]k[\r][0xffffffde]![0xffffff94][0xfffffff8]/k[0xffffff99]8c[0xffffffef][0x10][0xffffffca][0xfffffffe]/h[0xffffffa8]kM[0xffffffde]!H [0x19][0xffffffd7][0x1a][0xffffffbc]C[0x8]pf[0xffffffbb][0xfffffff6][0xfffffffa];[0xffffff84][0xffffffa2][0xffffffde]![0xffffff8c][0x3][0xfffffffb][0xffffffde]X[0xffffffc1][0xffffffdf]![0x14][0xffffff83]w[0x8]%[0xfffffffe][0xffffffcb]Z&[0xffffffce][0xffffffd8];[0xffffff84][0xffffffb2][0xffffffff][0xb][0x1a][0xffffffea]Z[0xffffff93]w[0x8][0x12]H[0xffffffc6][0xffffffb5][0x6][0xffffffef][0x10][0x2][0xffffff9c][0xffffffd9][0xffffffae][0xfffffffd][0xffffff89]w[0x8]jFw[0xffffffb4][0xffffffb3]Q[0xffffffae][0xffffffc5]gt[0xffffff8b][0xffffffc1][0xffffff8c]n[0xffffff89][0xffffffc3][0xffffff90][0xffffff99]8c3[0xffffffba]e[0x1f][0xffffff80]D]k2[0xffffffa3]+[0xffffff81]d\k0[0xffffffa3][0x1b][0xffffffe0][0xffffffcc]v[0xffffffed][0xfffffff5][0x19][0xffffffdd][0xffffffaa]f[0x19][0xffffffce][0xffffffd6])[0xffffffd7]V|[0xffffff96][0xffffffa1][0x1a][0xffffffcc]2[0xffffffd4]xi<[0x11][0xffffffe7][0xffffff8a][0xffffffcd]2[0xffffffd4][0xfffffffd][0xffffffa2]8[0xffffffe9]Z[0xffffff81]"[0xffffffe2]Z[0x9]$[0xffffffe2]Z[0xffffff81]e[0xffffffba]k[0x3][0xffffff9c][0xffffffc9][0xffffffae][\r][0xffffff88][0xffffffbe][0xffffffe0]Z[0xfffffff5][0xffffffdb][0xffffffd8]l'[0xfffffff5][0xe][0xffffffa1][0xffffffe2][0xffffffbf][0xffffff8d]U[0xffffff83][0xffffffdf][0xffffffc6]j[0xfffffffc][0x11]"[0x13]g[0xffffffec][0xffffffb7][0xffffffb1][0xffffffba][0xffffffff][0xfffffff0][0xffffff80][0xffffffba][0xffffffd6][0xffffffe4][0xffffffb7]1[0x9]$[0xffffffe3]Z[0xffffff83][0xffffffdf][0xffffffc6][0x2][0xffffff9c][0xffffffd9][0xffffffae][0xffffffbd][0xfffffffe][0xffffffdb]XU[0xffffffef][0x10]V[0xffffffad][0xffffffd4]N[0xffffffc5][0xffffff8a][0xffffffbf]C[0xffffffa8][0x6][0xffffffef][0x10]j[0xfffffffc][0xffffff97][0xffffffb5]L[0xffffff9c][0xffffffb1]w[0x8]u[0xffffffff][0x17]4[0xffffffd4][0xffffffb5]&[0xffffffef][0x10]$[0xffffff90][0xffffff8c]k[\r][0xffffffde]![0x4]8[0xffffffb3]]{[0xfffffffd][0x1d]BS[0xffffffbb]gV[0xffffffc5][0xffffffe6][0xffffffc6][0x1a][0xffffffbe]{[0xffffffa6][0x19][0xffffffec][0xffffff9e]iq[0xffffffc9]G"[0xffffffce][\r][0xffffffdb]=[0xffffffd3][0xfffffff6][0xffffffc5][0x1e][0xffffffa4]k[0x5][0xffffff8a][0xffffff88]k%[0xffffff90][0xffffff88]k[0x5][0xffffff96][0xffffffe9][0xffffffae][\r]p&[0xffffffbb]6 [0xfffffffa][0xffffff82]k[0xf][0xffffffe5][0xffffffda]vP[0xffffffdf][0xffffffc0]y;[0xf][0xffffffec][0xffffffda][0xffffffc3][0xffffffc0][0xffffffb5]G[0xffffff80]:[0x13][0xffffffe7][0x3]s[0xffffffed][0xffffffe1][0xffffffe4][0xffffffda][0xffffff88]"[0xffffffe3]Z[0x5]$[0xffffffe3][0xffffffda][0xffffff88]e[0xffffffbe]kw8[0xffffffb3]][0xffffffbb]#[0xfffffffa][0xffffff82]k[0xffffffd5]oc[0xffffffab]W[0xffffffea]~m[0xffffffc3][0x7f][0x1b]k[0x6][0xffffffbf][0xffffff8d][0xffffffb5][0xfffffff8]#D&[0xffffffce][0xffffffd8]ocm[0xffffffff][0xffffffe1][0x1]u[0xffffffad][0xffffffc9]oc[0x12]H[0xffffffc6][0xffffffb5][0x6][0xffffffbf][0xffffff8d][0x5]8[0xffffffb3]]{[0xfffffffd][0xffffffb7][0xffffffb1]V[0xffffff95]kOl[0x1f][0xffffffc2][0xffffffdb]y`[0xffffffd7]V[0x3][0xffffffd7][0xffffffd6][0x0]u&[0xffffffce][0x15]smurmD[0xffffff91]q[0xffffffad][0x2][0xffffff92]qm[0xffffffc4]2[0xffffffdf][0xffffffb5];[0xffffff9c][0xffffffd9][0xffffffae][0xffffffdd][0x11]}[0xffffffc1][0xffffffb5]M[0xffffffb9]v5[0xffffffac]k[0x1b][0xffffffee][0xffffffda]f[0xffffffe0][0xffffffda][0x16][0xffffffa0][0xffffffce][0xffffffc4][0xffffffb9]a[0xffffffae]mN[0xffffffae][0xffffff8d](2[0xffffffae]U@2[0xffffffae][0xffffff8d]X[0xffffffe6][0xffffffbb]v[0xffffff87]3[0xffffffdb][0xffffffb5];[0xffffffa2]/[0xffffffb8]V[0xffffffdc][0xfffffff9][0x1a][0xffffffb7]Z[0xffffffb0][0xffffffdf][0xffffffc6][0xfffffff0];_[0xffffffcd][0xffffffe0][0xffffffce]W[0xffffff8b][0xffffff97]k2q[0xffffffc6][0xffffffee]|[0xffffffb5][0xfffffffd]B[\r][0xffffffea]Z[0xffffff93];_[0x12]H[0xffffffc6][0xffffffb5][0x6]w[0xffffffbe][0x2][0xffffff9c][0xffffffd9][0xffffffae][0xffffffbd]~[0xffffffe7][0xffffffeb][0xfffffffe][0xffffffa7][0xffffffc5][0xffffffcc][0xffffffb5][0xfffffff0][0xfffffff7][0xffffffc6][0x1e]'[0xffffffe0]][0xb]~o[0xffffffec][0xfffffff1]t[0xffffffca][0xffffffb5]>[0xffffffdf][0x1b][0x13](R[0xffffffae]5[0xfffffff9][0xffffffde][0xffffff98][0xffffffc0][0xffffff92]p-[0xfffffffa][0xffffffbd][0xffffffb1][0xffffff80][0xffffffe8]K[0xffffffae][0xffffffad]f[0xffffffae][0xffffffad][0xffffffb8]k[0xffffffab][0xffffff81]k+[0xffffffea][0xffffffda][0xffffff8a][0xffffffb9][0xffffffb6]:[0xffffffb9]vG[0xffffff91]rm[0x4][0xffffff92]r[0xffffffed][0xffffff8e]%[0xffffffe1][0xffffffda][\n]"
08:17:54.969 [TestNG-PoolService-1] DEBUG org.apache.hc.client5.http.wire -- http-outgoing-3 << "*)[0xffffffed][0x6]6[0x9][0xffffffed]n[0xffffff84][0xffffffe6]kw[0xffffffe3][0xfffffff4]%[0xffffffed][0xffffffae]xi[0xffffff81][0xffffffd5][0xffffffee][0xffffff82]o-[0xffffffbc][0x1f][0xffffff81][0xffffffd7][0xffffffee][0xffffffc7]!([0xffffffed].[0xffffffe8][0xffffffe2][0xffffffc2][0xfffffff7]G[0xffffffbb]h7[0xfffffff0]HiWPIi7[0xffffffb0]Ihw[0xffffffa1][0xffffffb7][0x17]"[0xffffffa7][0xffffffaf]iw[0xffffffba]iw[0xfffffff2][0xffffffda][0xffffff9d][0xe][0xffffffda][0xffffff9d][0xffffffac]v'[0xffffffa7][0xffffffdd]i[0xffffffa5][0xffffffdd][0xffffff9d]GL[0xffffffbb][0xffffff91]JL[0xffffffbb];[0xffffff9b][0xffffff88]v'[0xffffffad][0xffffffdd]y][0xffffffbb][0xffffffc7][0xffffffad][0xffffff98]y[0xfffffff7]~"\[0xffffffbc]og[0xffffffe0][0xffffffcd][0xfffffffb][0xffffffed][0x14][0xffffff94]z[0xffffffdf][0xffffff9e]O[0xffffffb9][0xfffffff7][0xffffffe3][0xffffffd9].[0xfffffff2][0xffffff8d]PR[0xfffffff6]UhR[0xfffffffa][0xffffff8d][0xffffff80][0x12][0xfffffffe][0xffffffdd]1[0xffffffcd][0x17][0xfffffff0][0xe][0xffffffeb]k[0x6]>[0xffffffdd]^8[0xffffffdc]O[0xffffffc4][0x1b][0xfffffff8]~[0x6][0x3][0x3][0x7f][0xffffff9c][0x2]3[0xfffffff0][0xffffffc9][0xffffffbd]t[0xfffffff8]x[0xffffffb6][0xffffff8d][0xffffff81][0x3][0xffffff94][0xffffff98][0xffffff81][0x5][0xffffff9a][0xffffff98][0xffffff81][0x3][0xffffffa0][0xffffff88][0xffffff81]O[0xfffffffa][0xffffffcd][0xffffffc3][0xe][0xffffffeb]o1[0xfffffff0]x[0xffffffff]c[0xffffffb5]}a[0xffffff9e]5[0xffffffdf][0xffffffbf][0xffffff9f][0xffffffe7][0xffffffa1][0xffffffec][0xfffffffb][0xffffffe5][0x4][0xffffff98]{[0xffffffb7]3$[0xffffff9b][0xfffffff7][0xffffffcb][0xffffffd3][0xffffff93][0xffffffbd][0xfffffffb][0xffffffeb]'[0xffffffc3][0xffffffd6]}[0xffffff8a]b[0xffffffb2]s[0x7f][0x0]d[0xffffffb2]q[0xffffff9f]b[0xffffff99][0xffffffe8][0xffffffdb]'p[0xffffffa6][0xffffffd9][0xfffffff6][0x9][0xffffffa2]/[0xffffffb8]Vm&_u[0x14][0xffffffca][0xffffffb5][0xffffffe0]f[0xfffffff2]/'[0xffffffa0]][0xb]m&[0xffffffff][0xfffffff2]t[0xffffffc6][0xffffffb5][0x1e][0xffffff9b][0xffffffc9][0xffffff9f][0xffffffa2][0xffffffc8][0xffffffb8][0xffffffd6]`3[0xfffffff9]S,[0xfffffff3]][0xffffff8b]m&[0x7f][0xffffff82][0xffffffe8][0xb][0xffffffae]m[0xffffffca][0xffffffb5][0xffffffa3][0xffffffe7]o&[0xffffffff]<[0xf][0xffffffec][0xffffffda]f[0xffffffe0][0xffffffda][0x16][0xffffffa0][0xffffffce][0xffffffc4][0xffffffb9]a[0xffffffae]mN[0xffffffae][0xffffff8d](2[0xffffffae]U@2[0xffffffae][0xffffff8d]X[0xffffffe6][0xffffffbb]v[0xffffff87]3[0xffffffdb][0xffffffb5];[0xffffffa2]/[0xffffffb8][0xffffffb6]+[0xffffffd7][0xffffffae][0x3]sm[0xffffffc7]][0xffffffdb][\r]\[0xffffffdb][0x3][0xffffffd4][0xffffff99]8w[0xffffffcc][0xffffffb5][0xffffffdd][0xffffffc9][0xffffffb5][0x11]E[0xffffffc6][0xffffffb5][\n]"
08:17:54.970 [TestNG-PoolService-3] DEBUG org.apache.hc.client5.http.wire -- http-outgoing-4 << "[0xffffffbb][0xffffffb6]^wm3sm[0xffffffc3]][0xffffffdb][0xc]\[0xffffffdb]P[0xffffffd7]6[0xffffffcc][0xffffffb5][0xffffffcd][0xffffffc9][0xffffffb5];[0xffffff8a][0xffffff94]k#[0xffffff90][0xffffff94]kw,[0x9][0xffffffd7]6[0xffffffd8][0xffffffb5][0xffffffed][0xffffffba]k[0xf]7[0xffffffd9][0x1e][0xffffffbc]m[0xf][0x7][0xffffffdd][0x1e][0xffffffac]o[0xf]N[0xffffffb8][0xffffff87][0xffffff95]q[0x3][0xffffff8f][0xffffff94]r[0x5][0xffffff95][0xffffff94]s[0x3][0xffffff9b][0xffffff84]t[0xf][0xffffffda][0xffffffba][0xffffffc7]Oh[0xffffffb7][0xffffffba][0xffffffbd][0xffffffbb][0xffffffad][0xfffffffc][0xffffffcb][0xffffffdb][0xffffffea][0xfffffff0][0xfffffff6][0xffffffb6][0xffffffb2][0xffffffaf]o+[0xfffffff7][0xfffffffe][0xffffffb6]Z[0xffffffbd][0xffffffc0][\r]<R[0xffffffda][0x15]TR[0xffffffda][\r]l[0x12][0xffffffda][0xffffffad][0xfffffff4]K[0xffffffdc][0xfffffffa][0x13]oq[0xffffff9b][0xffffff9b]v[0x1b][0xffffffaf][0xffffffdd][0xffffffe6][0xffffffa0][0xffffffdd][0xffffffc6]j[0xffffffb7]q[0xffffffda]mV[0xffffffda][\r]<R[0xffffffda][0x15]TR[0xffffffda][\r]l[0x12][0xffffffda]m[0xffffffb4]v[0xffffffdb][0xffffffcf]hw[0xffffffb9]iw[0xfffffff1][0xffffffda]][0xe][0xffffffda]][0xffffffac]v[0x17][0xffffffa7][0xffffffdd]e[0xffffffa5][0xffffffdd][0xffffff9d]GL[0xffffffbb][0xffffff91]JL[0xffffffbb];[0xffffff9b][0xffffff88]v[0x17][0xffffffad][0xffffffdd]u][0xffffffbb][0xffffffc3][0xffffffad]v[0x7]_[0xffffffbb][0xffffffc3][0xffffffa1]v[0x7][[0xffffffbb][0xffffff83][0xffffffab][0xffffffdd]aU[0xffffffbb][0xffffff81]GJ[0xffffffbb][0xffffff82]JJ[0xffffffbb][0xffffff81]MB[0xffffffbb][0xffffff83][0xffffffae][0xffffffdd][0xfffffff1][0x13][0xffffffb5];[0xffffffdd][0xffffffb4];y[0xffffffed]N[0x7][0xffffffed]NV[0xffffffbb][0xffffff93][0xffffffd3][0xffffffee][0xffffffb4][0xffffffd2]n[0xffffffe0][0xffffff91][0xffffffd2][0xffffffae][0xffffffa0][0xffffff92][0xffffffd2]n`[0xffffff93][0xffffffd0][0xffffffee][0xffffffa4][0xffffffb5];[0x7f]B[0xffffffbb]k[0xffffff98]iw[\r]\[0xffffffbb][0xfffffff7]#[0xfffffff0][0xffffffda][0xfffffffd]8[0x4][0xffffffa5][0xffffffdd][0xfffffffb][0xffffffe3])[0xffffffed][0xffffffbe]?[0xffffffda]E[0xffffffbb][0xffffff81]GJ[0xffffffbb][0xffffff82]JJ[0xffffffbb][0xffffff81]MB[0xffffffbb][0x1b][0xffffffa1][0xfffffff9][0xffffffda][0xffffffdd]8[0xfffffffd]-[0xffffffda]=[0xffffffdf][0xffffffff]v[0xffffffa8][0xffffff81][0xffffffdf]UZ[0xffffffba]u?[0xffffffcf]CI[0xfffffff7][0xffffffcb][0x9]0[0xffffffe7]ngHV[0xffffffee][0xffffff97][0xffffffa7]'[0x1b][0xfffffff7][0xffffffd7]O[0xffffff86][0xffffff85][0xfffffffb][0x14][0xffffffc5]d[0xffffffdf][0xfffffffe][0x0][0xffffffc8]d[0xffffffdd]>[0xffffffc5]2[0xffffffd1][0xffffffb6]O[0xffffffe0]L[0xffffff93][0xffffffed][0x13]D_p[0xffffffad][0xfffffff8][0x0][0xfffffffa]8[0xe]`A[0xffffffe3][0xffffffe7]y`[0xffffffd7][0xffffffa2][0x1f]@[0xffffffdf][0xffffffce][0xffffffc0][0xffffffb8][0x16][0xfffffff8][0x0][0xfffffffa][0xffffffaf][0xffffff9f][0xffffffec][0xffffffe1]Z[0xfffffffc][0x3][0xffffffe8]?[0x0][0xffffff92]q-[0xfffffffa][0x1][0xfffffff4]'pf[0xffffffbb]vG[0xfffffff4][0x5][0xffffffd7]N[0xffffffb1]\[0xffffffe1]h%[0xffffffff][0xffffff83]:[0xffffff9f][0xffffffe7][0xffffff81]];[0xffffffc9][0xffffffe5][\n]"
08:17:54.971 [TestNG-PoolService-3] DEBUG org.apache.hc.client5.http.wire -- http-outgoing-4 << "[0xffffffdb][0x19][0x18][0xffffffd7][0xffffffce][0xfffffffc][0xffffffe5][\n]"
08:17:54.971 [TestNG-PoolService-3] DEBUG org.apache.hc.client5.http.wire -- http-outgoing-4 << "[0xffffffbf]~[0xffffffb2][0xffffff87]k#[0xffffff8a][0xffffff8c]k[0x15][0xffffff90][0xffffff8c]k#[0xffffff96][0xfffffff9][0xffffffae][0xffffffdd][0xffffffe1][0xffffffcc]v[0xffffffed][0xffffff8e][0xffffffe8][0xb][0xffffffae]][0xffffffca][0xffffffb5][0xffffffe3][0xffffffcc][0xffffffff][0xffffffc8][0xffffffc3][0xffffffe7]y`[0xffffffd7].[0x3][0xffffffd7][0xffffffae][0x0]u&[0xffffffce][0xb]s[0xffffffed]rrmD[0xffffff91]q[0xffffffad][0x2][0xffffff92]qm[0xffffffc4]2[0xffffffdf][0xffffffb5];[0xffffff9c][0xffffffd9][0xffffffae][0xffffffdd][0x11][0xfffffffd][0xffffffed][0xffffffae][0xffffffed][0xffffffe2][0xffffff83]:[0xffffffa3][0xffffffdc]V[0xfffffffe][0xffffffaf]d[0xffffff9f][0xffffffe7]a][0xffffffdb][0xffffffd1][0xf][0xffffffea]lg@\[0xffffffdb][0xffffff81][0xf][0xffffffea][0xfffffffc][0xfffffffa][0xffffffc9][0x16][0xffffffae][0x15]("[0xffffffae][0xffffff95]@"[0xffffffae][0x15]X[0xffffffa6][0xffffffbb]6[0xffffffc0][0xffffff99][0xffffffec][0xffffffda][0xffffff80][0xffffffe8][0xb][0xffffffae][0x15][0x1f]y[0x18][0xffffffe5][0x18][0xffffffd4][0xfffffffb][0xffffffda][0xe]~[0xffffffe4][0xffffffe1][0xffffffcb][0x9]h[0xffffffd7]B[0x1f]y[0xfffffff8][0xfffffff2]t[0xffffffc6][0xffffffb5][0x1e][0x1f]yx[0xffffff8a]"[0xffffffe3]Z[0xffffff83][0xffffff8f]<<[0xffffffc5]2[0xffffffdf][0xffffffb5][0xffffffd8]G[0x1e][0xffffff9e] [0xfffffffa][0xffffff82]k[0xffffffc5]G[0x1e]F)[0xffffffb7]J[0xffffffb9][0x16][0xfffffffc][0xffffffc8][0xffffffc3][0xffffff97][0x13][0xffffffd0][0xffffffae][0xffffff85]>[0xfffffff2][0xfffffff0][0xffffffe5][0xffffffe9][0xffffff8c]k=>[0xfffffff2][0xfffffff0][0x14]E[0xffffffc6][0xffffffb5][0x6][0x1f]yx[0xffffff8a]e[0xffffffbe]k[0xffffffb1][0xffffff8f]<<A[0xfffffff4][0x5][0xffffffd7][0xffffffaa][0xffffff8f]<[0xffffff94]z[0xffffffc3][0xffffffba][0x16][0xfffffffc][0xffffffc8][0xffffffc3][0xffffff97][0x13][0xffffffd0][0xffffffae][0xffffff85]>[0xfffffff2][0xfffffff0][0xffffffe5][0xffffffe9][0xffffff8c]k=>[0xfffffff2][0xfffffff0][0x14]E[0xffffffc6][0xffffffb5][0x6][0x1f]yx[0xffffff8a]e[0xffffffbe]k[0xffffffb1][0xffffff8f]<<A[0xfffffff4][0x5][0xffffffd7][0xffffff9e][0xffffffca][0xffffffb5]st[0xffffffca][0xffffffb5]'[0xffffffee][0xffffffda][0xffffffd3][0xffffffc0][0xffffffb5]g[0xffffff80]:[0x13][0xffffffe7][0x13]s[0xffffffed][0xffffffe9][0xffffffe4][0xffffffda][0xffffff88]"[0xffffffe3]Z[0x5]$[0xffffffe3][0xffffffda][0xffffff88]e[0xffffffbe]kw8[0xffffffb3]][0xffffffbb]#[0xfffffffa][0xffffff92]k[0xffffffe3]=[0x4][0xffffffd6][0xffffffb5][0xfffffff0]=[0xffffff84][0xffffffc7][0x9]x[0xffffffd7][0xffffff82][0xfffffff7][0x10][0x1e]O[0xffffffa7]\[0xffffffeb]s[0xf]A[0xffffffa0]H[0xffffffb9][0xffffffd6][0xffffffe4][0x1e][0xffffff82][0xffffffc0][0xffffff92]p-z[0xf]! [0xfffffffa][0xffffff82]k[0xffffffa7][0xffffffe8][0xffffffda]ZN[0xffffffec]}[0xffffffed][0xffffffc4][0xffffffbb]v[0x1a]t[0xffffffed][0xc][0x1][0xffffff91][0xffffff89][0xfffffff3][0xffffffc4][0xffffffba]v:umD[0xffffff91]q[0xffffffad][0x2][0xffffff92]qm[0xffffffc4]2[0xffffffdf][0xffffffb5];[0xffffff9c][0xffffffd9][0xffffffae][0xffffffdd][0x11]}[0xffffffc1][0xffffffb5]K[0xffffffb9][0xffffffb6][0xffffff9d][0xffffff85]r[0xffffffed][0xffffffc2]][0xffffffbb][0xc]\[0xffffffbb][0x2][0xffffffd4][0xffffff99]8/[0xffffffcc][0xffffffb5][0xffffffcb][0xffffffc9][0xffffffb5][0x11]E[0xffffffc6][0xffffffb5][\n]"
08:17:54.971 [TestNG-PoolService-3] DEBUG org.apache.hc.client5.http.wire -- http-outgoing-4 << "H[0xffffffc6][0xffffffb5][0x11][0xffffffcb]|[0xffffffd7][0xffffffee]pf[0xffffffbb]vG[0xfffffff4][0xffffffb7][0xffffffbb]v[0xffffffdc][0xffffffc4];[0xffffff84]zbsco[0xffffffe7]a][0xfffffffb]8[0x1][0xffffffec][0xffffffda][0xffffffef]g@\[0xfffffffb]x:[0xffffffe2][0xffffffda]oO[0xffffffb6]p[0xffffffad]@[0x11]q[0xffffffad][0x4][0x12]q[0xffffffad][0xffffffc0]2[0xffffffdd][0xffffffb5][0x1][0xffffffce]d[0xffffffd7][0x6]D_p[0xffffffad][0xffffffba]_[0xffffffdb]:[0xffffffd6][0xffffffb5][0x3][0xffffffbf]_;[0xc][0xffffffee][0xffffffd7][0xffffff8e]x[0xffffff91]1[0x13]g[0xffffffec]~[0xffffffed][0xffffffd8]//[0xffffffa2][0xffffffae]5[0xffffffb9]_+[0xffffff81]d\kp[0xffffffbf]6[0xffffffc0][0xffffff99][0xffffffed][0xffffffda][0xffffffeb][0xfffffff7]k[0xffffff87][0xffffffba]_[0xffffffdb]V[0xffffffc1]\[0xffffff8b][0xffffffdf][0xffffffaf][0x1d][0x6][0xfffffff7]kG[0xffffffbc][0xffffffc8][0xffffff98][0xffffff89]3v[0xffffffbf]v[0xffffffec][0xffffff97][0x17]Q[0xffffffd7][0xffffff9a][0xffffffdc][0xffffffaf][0xffffff95]@2[0xffffffae]5[0xffffffb8]_[0x1b][0xffffffe0][0xffffffcc]v[0xffffffed][0xfffffff5][0xfffffffb][0xffffffb5]C[0xffffffdd][0xffffffaf][0xffffffed][0xffffffb7]:([0xffffffd7][0xffffffe2][0xfffffff7]k[0xffffff87][0xffffffc1][0xfffffffd][0xffffffda][0x11]/2f[0xffffffe2][0xffffff8c][0xffffffdd][0xffffffaf][0x1d][0xfffffffb][0xffffffe5]E[0xffffffd4][0xffffffb5]&[0xfffffff7]k%[0xffffff90][0xffffff8c]k[\r][0xffffffee][0xffffffd7][0x6]8[0xffffffb3]]{[0xfffffffd]~[0xffffffed]P[0xfffffffb]k[0xfffffffb]mR[0xfffffffb][0x10][0x6][0xffffffbe][0xffffffbf]v[0x18][0xffffffec][0xffffffaf][0x1d]qQh&[0xffffffce][0xffffffd8][0xfffffffe][0xffffffda][0xffffffb1]/[0x7]E]k[0xffffffb2][0xffffffbf]V[0x2][0xffffffc9][0xffffffb8][0xffffffd6]`[0x7f]m[0xffffff80]3[0xffffffdb][0xffffffb5][0xffffffd7][0xfffffff7][0xffffffd7][0xffffff8e]S[0xffffffb9][0xfffffff6][0xffffffb8]Q{[0xffffffbe][0xffffffde][0xffffffce][0x3][0xffffffbb][0xfffffff6]4p[0xffffffed][0x19][0xffffffa0][0xffffffce][0xffffffc4][0xfffffff9][0xffffffc4]\{:[0xffffffb9]6[0xffffffa2][0xffffffc8][0xffffffb8]V[0x1][0xffffffc9][0xffffffb8]6b[0xffffff99][0xffffffef][0xffffffda][0x1d][0xffffffce]l[0xffffffd7][0xffffffee][0xffffff88][0xffffffbe][0xffffffe0]Zu[0xffffffe7][0xffffffab][0xffffff97][0xffffff8e][0xffffffbd]C[0xffffffc0][0xffffffef]|[\r][0xffffff83];_#^[0xffffffae][0xffffffc9][0xffffffc4][0x19][0xffffffbb][0xfffffff3]5[0xfffffff6][0xb]5[0xffffffa8]kM[0xffffffee]|I [0x19][0xffffffd7][0x1a][0xffffffdc][0xfffffff9][\n]"
08:17:54.973 [TestNG-PoolService-1] DEBUG org.apache.hc.client5.http.wire -- http-outgoing-3 << "H[0xffffffc6][0xffffffb5][0x11][0xffffffcb]|[0xffffffd7][0xffffffee]pf[0xffffffbb]vG[0xfffffff4][0x5][0xffffffd7][0xffffff8e][0xffffffe8][0xffffffda]~[0xffffffbb][\r][0xffffffcc][0xffffffb5][0x3]w[0xffffffed]0p[0xffffffed][0x8]Pg[0xffffffe2]<0[0xffffffd7][0xe]'[0xffffffd7]F[0x14][0x19][0xffffffd7]* [0x19][0xffffffd7]F,[0xfffffff3]][0xffffffbb][0xffffffc3][0xffffff99][0xffffffed][0xffffffda][0x1d][0xffffffd1][0x17]\+[0xffffffbe][0x2]qw[0xffffffed][0xffffffc2][0xffffffde][0xffffffd7][0xffffff82]_[0xffffff81][0xfffffff8]r[0x2][0xffffffda][0xffffffb5][0xffffffd0]W [0xffffffbe]<[0xffffff9d]q[0xffffffad][0xffffffc7]W [0xffffff9e][0xffffffa2][0xffffffc8][0xffffffb8][0xffffffd6][0xffffffe0]+[0x10]O[0xffffffb1][0xffffffcc]w-[0xfffffff6][0x15][0xffffff88]'[0xffffff88][0xffffffbe][0xffffffe0][0xffffffda][0xffffffa9]\{[0x1c][0xfffffff9]_[0xffffff81][0xfffffff8]<[0xf][0xffffffec][0xffffffda]i[0xffffffe0][0xffffffda][0x19][0xffffffa0][0xffffffce][0xffffffc4]yb[0xffffffae][0xffffff9d]N[0xffffffae][0xffffff8d](2[0xffffffae]U@2[0xffffffae][0xffffff8d]X[0xffffffe6][0xffffffbb]v[0xffffff87]3[0xffffffdb][0xffffffb5];[0xffffffa2]/[0xffffffb8]Vl&[0xffffffbf][0xffffffbb][0x16][0xfffffff8][0xffffffba][0xffffffd9][0xffffffe7]y`[0xffffffd7][0xffffffa2][0xffffff9b][0xffffffc9][0xffffffb7]30[0xffffffae][0x5]6[0xffffff93][0xffffffff][0xfffffffa][0xffffffc9][0x1e][0xffffffae][0xffffffc5]7[0xffffff93][0xffffffff][0x0]H[0xffffffc6][0xffffffb5][0xffffffe8]f[0xfffffff2]'pf[0xffffffbb][0xfffffff6][0xffffffca]f[0xfffffff2][0xffffffc7][0xffffff9f][0xffffffce][0xffffffdb]M[0xffffffb9][0xffffffb6]T[0xffffffc8][0xffffffb5][0xffffff8f][0xfffffff3][0xffffffa0][0xffffffae]}?[0x1][0xffffffeb][0xffffffda][0xffffffcf]3[0x10][0xffffffae]}[0x7f]:[0xffffffe1][0xffffffda][0xffffffef]Ovp[0xffffffad]B[0xffffff91]p[0xffffffad][0x6][0xffffff92]p[0xffffffad][0xffffffc2]2[0xffffffdb][0xffffffb5][0x11][0xffffffce]\[0xffffffd7]FD_p[0xffffffad][0xffffff98]e[0xffffffe8][0xffffffb7]Z[0xffffffa1]w[0x8][0xffffff8f][0xfffffff3][0xffffffc0][0xffffffae][0xffffffe5]g[0x19]>[0xffffffcf][0xffffffc0][0xffffffb8][0xffffff96][0xffffff9a]e[0xfffffff8][0xfffffffe]d[0xf][0xffffffd7]z[0xffffffcc]2h [0x19][0xffffffd7][0xfffffff2][0xffffffb3][0xc][0x11][0xffffffce]l[0xffffffd7]^[0xffffff9e]e[0xffffff98][0xffffffb7][0xffffffa2]\[0xffffffdb][0xffffffc6]I[0xffffffb9][0xffffffb6][0xffffffe0][0xffffffae]-[0x6][0xffffffae]-[0x1][0xffffffea]L[0xffffff9c][0xb][0xffffffe6][0xffffffda][0xffffffe2][0xffffffe4][0xffffffda][0xffffff88]"[0xffffffe3]Z[0x5]$[0xffffffe3][0xffffffda][0xffffff88]e[0xffffffbe]kw8[0xffffffb3]][0xffffffbb]#[0xfffffffa][0xffffff82]k[0xffffffeb]/aKM[0xffffffbf][0xffffffad][0xffffff82][0xffffffb9][0xfffffff6]~[0x1e][0xffffffd8][0xffffffb5]o'[0xffffffa0]][0xfffffffb][0xffffffed][0xc][0xffffff8c]k[0xffffffdf][0xffffff9e][0xffffffce][0xffffffb8][0xfffffff6][0xffffffe3][0xffffffc9][0x1e][0xffffffae][0xffffff8d](2[0xffffffae]U@2[0xffffffae][0xffffff8d]X[0xffffffe6][0xffffffbb]v[0xffffff87]3[0xffffffdb][0xffffffb5];[0xffffffa2]/[0xffffffb8]V[0xffffffcc][0xffffff8d][0xfffffff5][0xffffffe3][0xffffffa8][0xffffff98]k[0xffffffe9][0xffffffb9][0xffffffb1][0xfffffff7][0x13][0xffffffd0][0xffffffae]%[0xffffffe7][0xffffffc6][0xffffffde][0xffffff9f][0xffffffce][0xffffffb8][0xffffffd6]hnL[0xffffffa1][0xffffffc8][0xffffffb8][0xffffffd6]enLa[0xffffff99][0xffffffef]Zvn,"[0xfffffffa][0xffffff82]k[0xffffffc5][0xffffffdc]X?Z[0xffffff9f][0xffffff94]k[0xffffffe9][0xffffffb9][0xffffffb1][0xfffffff7][0x13][0xffffffd0][0xffffffae]%[0xffffffe7][0xffffffc6][0xffffffde][0xffffff9f][0xffffffce][0xffffffb8][0xffffffd6]hnL[0xffffffa1][0xffffffc8][0xffffffb8][0xffffffd6]enLa[0xffffff99][0xffffffef]Zvn,"[0xfffffffa][0xffffff82]k[0xffffff87]r[0xffffffed][0xffffffd9][0xffffffb0][0xffffffae][0x1d][0xffffffb8]k[0xffffff87][0xffffff81]kG[0xffffff80]:[0x13][0xffffffe7][0xffffff81][0xffffffb9]v8[0xffffffb9]6[0xffffffa2][0xffffffc8][0xffffffb8]V[0x1][0xffffffc9][0xffffffb8]6b[0xffffff99][0xffffffef][0xffffffda][0x1d][0xffffffce]l[0xffffffd7][0xffffffee][0xffffff88][0xffffffbe][0xffffffe0]Z57V[0xffffff8e][0x13]s-=7[0xfffffff6]~[0x2][0xffffffda][0xffffffb5][0xffffffe4][0xffffffdc][0xffffffd8][0xfffffffb][0xffffffd3][0x19][0xffffffd7][0x1a][0xffffffcd][0xffffff8d])[0x14][0x19][0xffffffd7][0xffffffba][0xffffffcc][0xffffff8d]),[0xfffffff3]][0xffffffcb][0xffffffce][0xffffff8d]ED_p[0xffffffad][0xffffff9a][0x1b]+[0xffffffed][0xffffff86][0xffffffbd]C[0xffffffa0][0xffffffe7][0xffffffc6][0xffffffde]O@[0xffffffbb][0xffffff96][0xffffff9c][0x1b]{[0x7f]:[0xffffffe3]Z[0xffffffa3][0xffffffb9]1[0xffffff85]"[0xffffffe3]Z[0xffffff97][0xffffffb9]1[0xffffff85]e[0xffffffbe]k[0xffffffd9][0xffffffb9][0xffffffb1][0xffffff88][0xffffffe8]K[0xffffffae][0xffffff8d][0xfffffff7][0x10]X[0xffffffd7][0xffffffd2][0xfffffff7][0x10][0xffffffa6][0xffffffc1]=[0xffffff84][0x19]~[0xfffffff0][0xffffffcd][0xffffffc5][0xffffff99][0xffffffba][0xffffff87]0[0xffffff9d][0xffffffee]!D[0x14])[0xffffffd7][0xffffffba][0xffffffdc]C[0xffffff88]X[0x12][0xffffffae]e[0xffffffef]![0xffffffec][0xffffff88][0xffffffbe][0xffffffe0]Z5[0xffffffa3][[0xffffffce][0x13][0xffffff9b]e[0xffffffa0]gt[0xffffffdf]O@[0xffffffbb][0xffffff96][0xffffff9c][0xffffffd1]}[0x7f]:[0xffffffe3]Z[0xffffffa3][0x19]][0xffffff85]"[0xffffffe3]Z[0xffffff97][0x19]][0xffffff85]e[0xffffffbe]k[0xffffffd9][0x19][0xffffffdd][0xffffff88][0xffffffe8]K[0xffffffae][0x15]][0xffffff8b][0xffffffba][0xffffff96][0xffffffee][0xffffffda]e[0xffffffd0][0xffffffb5]+[0x4]D.[0xffffffce]T[0xffffffd7].[0xffffffa7][0xffffffae][0xffffff8d](R[0xffffffae]u[0xffffffe9][0xffffffda][0xffffff88]%[0xffffffe1]Z[0xffffffb6]kwD[0x7f][0xffffffbb]k[0xf][0xffffffb5][0xf][0xffffffa1][0xffffffac][0xffffffe3][0xffffff80]\{[0xffffffe0][0xfffffffb][0x10][0xe][0xffffff83]}[0x8]G[0x1c]<O[0xffffffc4][0xfffffff9][0xffffffc0][0xfffffff6]![0x1c][0xfffffffb][0xffffffb0]9[0xffffffe9]Z[0xffffff81]"[0xffffffe2]Z[0x9]$[0xffffffe2]Z[0xffffff81]e[0xffffffba]k[0x3][0xffffff9c][0xffffffc9][0xffffffae][\r][0xffffff88][0xffffffbe][0xffffffe0]Z5[0xffffffa3][[0xffffffd6],[0xffffff94]k[0xfffffff1][0x19][0xffffffdd][0xffffffc3]`F[0xfffffff7][0xffffff88][0xffffffc3][0xffffff90][0xffffff99]8c3[0xffffffba][0xffffffc7]>[0x0][0xffffff89][0xffffffba][0xffffffd6]dFW[0x2][0xffffffc9][0xffffffb8][0xffffffd6]`F7[0xffffffc0][0xffffff99][0xffffffed][0xffffffda][0xffffffeb]3[0xffffffba][0xffffff87][0xffffff9a]e[0xffffffa8][0xfffffffd][0xffffffd6])[0xffffffd7][0xffffffe2][0xffffffb3][0xc][0xffffff87][0xffffffc1],[0xffffffc3][0x11]/[0xffffff8d]g[0xffffffe2][0xffffff8c][0xffffffcd]2[0x1c][0xfffffffb]Eq[0xffffffd4][0xffffffb5]&[0xffffffb3][0xc][0x12]H[0xffffffc6][0xffffffb5][0x6][0xffffffb3][0xc][0x1][0xffffffce]l[0xffffffd7]^[0xffffff9f]ex[0xfffffffb][0x7f][0xffffffa2]k[0xffffffcf][0xffffff89][0xffffffbd]C[0x18][0xffffffb8]k[0xffffff87][0xffffff81]kG[0xffffff80]:[0x13][0xffffffe7][0xffffff81][0xffffffb9]v8[0xffffffb9]6[0xffffffa2][0xffffffc8][0xffffffb8]V[0x1][0xffffffc9][0xffffffb8]6b[0xffffff99][0xffffffef][0xffffffda][0x1d][0xffffffce]l[0xffffffd7][0xffffffee][0xffffff88][0xffffffbe][0xffffffe0]Z5[0xffffffcb][0xffffffd0][0xffffff8e][0xffffff86][0xffffffbd]C[0xffffffc0]g[0x19][0xe][0xffffff83]Y[0xffffff86]#^[0x1a][0xffffffcf][0xffffffc4][0x19][0xffffff9b]e8[0xfffffff6][0xffffff8b][0xffffffe2][0xffffffa8]kMf[0x19]$[0xffffff90][0xffffff8c]k[\r]f[0x19][0x2][0xffffff9c][0xffffffd9][0xffffffae][0xffffffbd]>[0xffffffcb]p[0xffffffa8]Y[0xffffff86]V[0x1b][0xffffffd6][0xffffffb5][0xfffffff8],[0xffffffc3]a0[0xffffffcb]p[0xffffffc4]K[0xffffffe3][0xffffff99]8c[0xffffffb3][0xc][0xffffffc7]~Q[0x1c]u[0xffffffad][0xffffffc9],[0xffffff83][0x4][0xffffff92]q[0xffffffad][0xffffffc1],C[0xffffff80]3[0xffffffdb][0xffffffb5][0xffffffd7]g[0x19][0xffffff8a]z_[0xffffffdb]W[0xffffff83][0xffffffbe][0xffffffa3][0xfffffffb]8[0xf][0xffffffeb][0xffffffda]b[0xfffffff0][0xffffffbe][0xffffffb6][0xffffffc4][0x17]c[0xffffff89]8[0x17][0xffffffec]}m[0xffffffd9]_[0xffffff86][0xffffff91][0xffffffae][0x15]("[0xffffffae][0xffffff95]@"[0xffffffae][0x15]X[0xffffffa6][0xffffffbb]6[0xffffffc0][0xffffff99][0xffffffec][0xffffffda][0xffffff80][0xffffffe8][0xb][0xffffffae]U[0xffffffef][0x10][0xffffffc6][0xffffff8d][0xfffffffa][0xffffffb6][0xffffffe3][0xffffffe3]<[0xffffffb0]k[\r][0xffffffde]![0xffffff94][0xfffffff8]/k[0xffffff99]8c[0xffffffef][0x10][0xffffffca][0xfffffffe]/h[0xffffffa8]kM[0xffffffde]!H [0x19][0xffffffd7][0x1a][0xffffffbc]C[0x8]pf[0xffffffbb][0xfffffff6][0xfffffffa];[0xffffff84][0xffffffa2][0xffffffde]![0xffffff8c][0x3][0xfffffffb][0xffffffde]X[0xffffffc1][0xffffffdf]![0x14][0xffffff83]w[0x8]%[0xfffffffe][0xffffffcb]Z&[0xffffffce][0xffffffd8];[0xffffff84][0xffffffb2][0xffffffff][0xb][0x1a][0xffffffea]Z[0xffffff93]w[0x8][0x12]H[0xffffffc6][0xffffffb5][0x6][0xffffffef][0x10][0x2][0xffffff9c][0xffffffd9][0xffffffae][0xfffffffd][0xffffff89]w[0x8]jFw[0xffffffb4][0xffffffb3]Q[0xffffffae][0xffffffc5]gt[0xffffff8b][0xffffffc1][0xffffff8c]n[0xffffff89][0xffffffc3][0xffffff90][0xffffff99]8c3[0xffffffba]e[0x1f][0xffffff80]D]k2[0xffffffa3]+[0xffffff81]d\k0[0xffffffa3][0x1b][0xffffffe0][0xffffffcc]v[0xffffffed][0xfffffff5][0x19][0xffffffdd][0xffffffaa]f[0x19][0xffffffce][0xffffffd6])[0xffffffd7]V|[0xffffff96][0xffffffa1][0x1a][0xffffffcc]2[0xffffffd4]xi<[0x11][0xffffffe7][0xffffff8a][0xffffffcd]2[0xffffffd4][0xfffffffd][0xffffffa2]8[0xffffffe9]Z[0xffffff81]"[0xffffffe2]Z[0x9]$[0xffffffe2]Z[0xffffff81]e[0xffffffba]k[0x3][0xffffff9c][0xffffffc9][0xffffffae][\r][0xffffff88][0xffffffbe][0xffffffe0]Z[0xfffffff5][0xffffffdb][0xffffffd8]l'[0xfffffff5][0xe][0xffffffa1][0xffffffe2][0xffffffbf][0xffffff8d]U[0xffffff83][0xffffffdf][0xffffffc6]j[0xfffffffc][0x11]"[0x13]g[0xffffffec][0xffffffb7][0xffffffb1][0xffffffba][0xffffffff][0xfffffff0][0xffffff80][0xffffffba][0xffffffd6][0xffffffe4][0xffffffb7]1[0x9]$[0xffffffe3]Z[0xffffff83][0xffffffdf][0xffffffc6][0x2][0xffffff9c][0xffffffd9][0xffffffae][0xffffffbd][0xfffffffe][0xffffffdb]XU[0xffffffef][0x10]V[0xffffffad][0xffffffd4]N[0xffffffc5][0xffffff8a][0xffffffbf]C[0xffffffa8][0x6][0xffffffef][0x10]j[0xfffffffc][0xffffff97][0xffffffb5]L[0xffffff9c][0xffffffb1]w[0x8]u[0xffffffff][0x17]4[0xffffffd4][0xffffffb5]&[0xffffffef][0x10]$[0xffffff90][0xffffff8c]k[\r][0xffffffde]![0x4]8[0xffffffb3]]{[0xfffffffd][0x1d]BS[0xffffffbb]gV[0xffffffc5][0xffffffe6][0xffffffc6][0x1a][0xffffffbe]{[0xffffffa6][0x19][0xffffffec][0xffffff9e]iq[0xffffffc9]G"[0xffffffce][\r][0xffffffdb]=[0xffffffd3][0xfffffff6][0xffffffc5][0x1e][0xffffffa4]k[0x5][0xffffff8a][0xffffff88]k%[0xffffff90][0xffffff88]k[0x5][0xffffff96][0xffffffe9][0xffffffae][\r]p&[0xffffffbb]6 [0xfffffffa][0xffffff82]k[0xf][0xffffffe5][0xffffffda]vP[0xffffffdf][0xffffffc0]y;[0xf][0xffffffec][0xffffffda][0xffffffc3][0xffffffc0][0xffffffb5]G[0xffffff80]:[0x13][0xffffffe7][0x3]s[0xffffffed][0xffffffe1][0xffffffe4][0xffffffda][0xffffff88]"[0xffffffe3]Z[0x5]$[0xffffffe3][0xffffffda][0xffffff88]e[0xffffffbe]kw8[0xffffffb3]][0xffffffbb]#[0xfffffffa][0xffffff82]k[0xffffffd5]oc[0xffffffab]W[0xffffffea]~m[0xffffffc3][0x7f][0x1b]k[0x6][0xffffffbf][0xffffff8d][0xffffffb5][0xfffffff8]#D&[0xffffffce][0xffffffd8]ocm[0xffffffff][0xffffffe1][0x1]u[0xffffffad][0xffffffc9]oc[0x12]H[0xffffffc6][0xffffffb5][0x6][0xffffffbf][0xffffff8d][0x5]8[0xffffffb3]]{[0xfffffffd][0xffffffb7][0xffffffb1]V[0xffffff95]kOl[0x1f][0xffffffc2][0xffffffdb]y`[0xffffffd7]V[0x3][0xffffffd7][0xffffffd6][0x0]u&[0xffffffce][0x15]smurmD[0xffffff91]q[0xffffffad][0x2][0xffffff92]qm[0xffffffc4]2[0xffffffdf][0xffffffb5];[0xffffff9c][0xffffffd9][0xffffffae][0xffffffdd][0x11]}[0xffffffc1][0xffffffb5]M[0xffffffb9]v5[0xffffffac]k[0x1b][0xffffffee][0xffffffda]f[0xffffffe0][0xffffffda][0x16][0xffffffa0][0xffffffce][0xffffffc4][0xffffffb9]a[0xffffffae]mN[0xffffffae][0xffffff8d](2[0xffffffae]U@2[0xffffffae][0xffffff8d]X[0xffffffe6][0xffffffbb]v[0xffffff87]3[0xffffffdb][0xffffffb5];[0xffffffa2]/[0xffffffb8]V[0xffffffdc][0xfffffff9][0x1a][0xffffffb7]Z[0xffffffb0][0xffffffdf][0xffffffc6][0xfffffff0];_[0xffffffcd][0xffffffe0][0xffffffce]W[0xffffff8b][0xffffff97]k2q[0xffffffc6][0xffffffee]|[0xffffffb5][0xfffffffd]B[\r][0xffffffea]Z[0xffffff93];_[0x12]H[0xffffffc6][0xffffffb5][0x6]w[0xffffffbe][0x2][0xffffff9c][0xffffffd9][0xffffffae][0xffffffbd]~[0xffffffe7][0xffffffeb][0xfffffffe][0xffffffa7][0xffffffc5][0xffffffcc][0xffffffb5][0xfffffff0][0xfffffff7][0xffffffc6][0x1e]'[0xffffffe0]][0xb]~o[0xffffffec][0xfffffff1]t[0xffffffca][0xffffffb5]>[0xffffffdf][0x1b][0x13](R[0xffffffae]5[0xfffffff9][0xffffffde][0xffffff98][0xffffffc0][0xffffff92]p-[0xfffffffa][0xffffffbd][0xffffffb1][0xffffff80][0xffffffe8]K[0xffffffae][0xffffffad]f[0xffffffae][0xffffffad][0xffffffb8]k[0xffffffab][0xffffff81]k+[0xffffffea][0xffffffda][0xffffff8a][0xffffffb9][0xffffffb6]:[0xffffffb9]vG[0xffffff91]rm[0x4][0xffffff92]r[0xffffffed][0xffffff8e]%[0xffffffe1][0xffffffda][\n]"
08:17:54.973 [TestNG-PoolService-2] DEBUG org.apache.hc.client5.http.wire -- http-outgoing-5 << "2[0xffffffa3]+[0xffffff81]d\k0[0xffffffa3][0x1b][0xffffffe0][0xffffffcc]v[0xffffffed][0xfffffff5][0x19][0xffffffdd][0xffffffaa]f[0x19][0xffffffce][0xffffffd6])[0xffffffd7]V|[0xffffff96][0xffffffa1][0x1a][0xffffffcc]2[0xffffffd4]xi<[0x11][0xffffffe7][0xffffff8a][0xffffffcd]2[0xffffffd4][0xfffffffd][0xffffffa2]8[0xffffffe9]Z[0xffffff81]"[0xffffffe2]Z[0x9]$[0xffffffe2]Z[0xffffff81]e[0xffffffba]k[0x3][0xffffff9c][0xffffffc9][0xffffffae][\r][0xffffff88][0xffffffbe][0xffffffe0]Z[0xfffffff5][0xffffffdb][0xffffffd8]l'[0xfffffff5][0xe][0xffffffa1][0xffffffe2][0xffffffbf][0xffffff8d]U[0xffffff83][0xffffffdf][0xffffffc6]j[0xfffffffc][0x11]"[0x13]g[0xffffffec][0xffffffb7][0xffffffb1][0xffffffba][0xffffffff][0xfffffff0][0xffffff80][0xffffffba][0xffffffd6][0xffffffe4][0xffffffb7]1[0x9]$[0xffffffe3]Z[0xffffff83][0xffffffdf][0xffffffc6][0x2][0xffffff9c][0xffffffd9][0xffffffae][0xffffffbd][0xfffffffe][0xffffffdb]XU[0xffffffef][0x10]V[0xffffffad][0xffffffd4]N[0xffffffc5][0xffffff8a][0xffffffbf]C[0xffffffa8][0x6][0xffffffef][0x10]j[0xfffffffc][0xffffff97][0xffffffb5]L[0xffffff9c][0xffffffb1]w[0x8]u[0xffffffff][0x17]4[0xffffffd4][0xffffffb5]&[0xffffffef][0x10]$[0xffffff90][0xffffff8c]k[\r][0xffffffde]![0x4]8[0xffffffb3]]{[0xfffffffd][0x1d]BS[0xffffffbb]gV[0xffffffc5][0xffffffe6][0xffffffc6][0x1a][0xffffffbe]{[0xffffffa6][0x19][0xffffffec][0xffffff9e]iq[0xffffffc9]G"[0xffffffce][\r][0xffffffdb]=[0xffffffd3][0xfffffff6][0xffffffc5][0x1e][0xffffffa4]k[0x5][0xffffff8a][0xffffff88]k%[0xffffff90][0xffffff88]k[0x5][0xffffff96][0xffffffe9][0xffffffae][\r]p&[0xffffffbb]6 [0xfffffffa][0xffffff82]k[0xf][0xffffffe5][0xffffffda]vP[0xffffffdf][0xffffffc0]y;[0xf][0xffffffec][0xffffffda][0xffffffc3][0xffffffc0][0xffffffb5]G[0xffffff80]:[0x13][0xffffffe7][0x3]s[0xffffffed][0xffffffe1][0xffffffe4][0xffffffda][0xffffff88]"[0xffffffe3]Z[0x5]$[0xffffffe3][0xffffffda][0xffffff88]e[0xffffffbe]kw8[0xffffffb3]][0xffffffbb]#[0xfffffffa][0xffffff82]k[0xffffffd5]oc[0xffffffab]W[0xffffffea]~m[0xffffffc3][0x7f][0x1b]k[0x6][0xffffffbf][0xffffff8d][0xffffffb5][0xfffffff8]#D&[0xffffffce][0xffffffd8]ocm[0xffffffff][0xffffffe1][0x1]u[0xffffffad][0xffffffc9]oc[0x12]H[0xffffffc6][0xffffffb5][0x6][0xffffffbf][0xffffff8d][0x5]8[0xffffffb3]]{[0xfffffffd][0xffffffb7][0xffffffb1]V[0xffffff95]kOl[0x1f][0xffffffc2][0xffffffdb]y`[0xffffffd7]V[0x3][0xffffffd7][0xffffffd6][0x0]u&[0xffffffce][0x15]smurmD[0xffffff91]q[0xffffffad][0x2][0xffffff92]qm[0xffffffc4]2[0xffffffdf][0xffffffb5];[0xffffff9c][0xffffffd9][0xffffffae][0xffffffdd][0x11]}[0xffffffc1][0xffffffb5]M[0xffffffb9]v5[0xffffffac]k[0x1b][0xffffffee][0xffffffda]f[0xffffffe0][0xffffffda][0x16][0xffffffa0][0xffffffce][0xffffffc4][0xffffffb9]a[0xffffffae]mN[0xffffffae][0xffffff8d](2[0xffffffae]U@2[0xffffffae][0xffffff8d]X[0xffffffe6][0xffffffbb]v[0xffffff87]3[0xffffffdb][0xffffffb5];[0xffffffa2]/[0xffffffb8]V[0xffffffdc][0xfffffff9][0x1a][0xffffffb7]Z[0xffffffb0][0xffffffdf][0xffffffc6][0xfffffff0];_[0xffffffcd][0xffffffe0][0xffffffce]W[0xffffff8b][0xffffff97]k2q[0xffffffc6][0xffffffee]|[0xffffffb5][0xfffffffd]B[\r][0xffffffea]Z[0xffffff93];_[0x12]H[0xffffffc6][0xffffffb5][0x6]w[0xffffffbe][0x2][0xffffff9c][0xffffffd9][0xffffffae][0xffffffbd]~[0xffffffe7][0xffffffeb][0xfffffffe][0xffffffa7][0xffffffc5][0xffffffcc][0xffffffb5][0xfffffff0][0xfffffff7][0xffffffc6][0x1e]'[0xffffffe0]][0xb]~o[0xffffffec][0xfffffff1]t[0xffffffca][0xffffffb5]>[0xffffffdf][0x1b][0x13](R[0xffffffae]5[0xfffffff9][0xffffffde][0xffffff98][0xffffffc0][0xffffff92]p-[0xfffffffa][0xffffffbd][0xffffffb1][0xffffff80][0xffffffe8]K[0xffffffae][0xffffffad]f[0xffffffae][0xffffffad][0xffffffb8]k[0xffffffab][0xffffff81]k+[0xffffffea][0xffffffda][0xffffff8a][0xffffffb9][0xffffffb6]:[0xffffffb9]vG[0xffffff91]rm[0x4][0xffffff92]r[0xffffffed][0xffffff8e]%[0xffffffe1][0xffffffda][\n]"
08:17:54.973 [TestNG-PoolService-1] DEBUG org.apache.hc.client5.http.wire -- http-outgoing-3 << "[0xffffffbb][0xffffffb6]^wm3sm[0xffffffc3]][0xffffffdb][0xc]\[0xffffffdb]P[0xffffffd7]6[0xffffffcc][0xffffffb5][0xffffffcd][0xffffffc9][0xffffffb5];[0xffffff8a][0xffffff94]k#[0xffffff90][0xffffff94]kw,[0x9][0xffffffd7]6[0xffffffd8][0xffffffb5][0xffffffed][0xffffffba]k[0xf]7[0xffffffd9][0x1e][0xffffffbc]m[0xf][0x7][0xffffffdd][0x1e][0xffffffac]o[0xf]N[0xffffffb8][0xffffff87][0xffffff95]q[0x3][0xffffff8f][0xffffff94]r[0x5][0xffffff95][0xffffff94]s[0x3][0xffffff9b][0xffffff84]t[0xf][0xffffffda][0xffffffba][0xffffffc7]Oh[0xffffffb7][0xffffffba][0xffffffbd][0xffffffbb][0xffffffad][0xfffffffc][0xffffffcb][0xffffffdb][0xffffffea][0xfffffff0][0xfffffff6][0xffffffb6][0xffffffb2][0xffffffaf]o+[0xfffffff7][0xfffffffe][0xffffffb6]Z[0xffffffbd][0xffffffc0][\r]<R[0xffffffda][0x15]TR[0xffffffda][\r]l[0x12][0xffffffda][0xffffffad][0xfffffff4]K[0xffffffdc][0xfffffffa][0x13]oq[0xffffff9b][0xffffff9b]v[0x1b][0xffffffaf][0xffffffdd][0xffffffe6][0xffffffa0][0xffffffdd][0xffffffc6]j[0xffffffb7]q[0xffffffda]mV[0xffffffda][\r]<R[0xffffffda][0x15]TR[0xffffffda][\r]l[0x12][0xffffffda]m[0xffffffb4]v[0xffffffdb][0xffffffcf]hw[0xffffffb9]iw[0xfffffff1][0xffffffda]][0xe][0xffffffda]][0xffffffac]v[0x17][0xffffffa7][0xffffffdd]e[0xffffffa5][0xffffffdd][0xffffff9d]GL[0xffffffbb][0xffffff91]JL[0xffffffbb];[0xffffff9b][0xffffff88]v[0x17][0xffffffad][0xffffffdd]u][0xffffffbb][0xffffffc3][0xffffffad]v[0x7]_[0xffffffbb][0xffffffc3][0xffffffa1]v[0x7][[0xffffffbb][0xffffff83][0xffffffab][0xffffffdd]aU[0xffffffbb][0xffffff81]GJ[0xffffffbb][0xffffff82]JJ[0xffffffbb][0xffffff81]MB[0xffffffbb][0xffffff83][0xffffffae][0xffffffdd][0xfffffff1][0x13][0xffffffb5];[0xffffffdd][0xffffffb4];y[0xffffffed]N[0x7][0xffffffed]NV[0xffffffbb][0xffffff93][0xffffffd3][0xffffffee][0xffffffb4][0xffffffd2]n[0xffffffe0][0xffffff91][0xffffffd2][0xffffffae][0xffffffa0][0xffffff92][0xffffffd2]n`[0xffffff93][0xffffffd0][0xffffffee][0xffffffa4][0xffffffb5];[0x7f]B[0xffffffbb]k[0xffffff98]iw[\r]\[0xffffffbb][0xfffffff7]#[0xfffffff0][0xffffffda][0xfffffffd]8[0x4][0xffffffa5][0xffffffdd][0xfffffffb][0xffffffe3])[0xffffffed][0xffffffbe]?[0xffffffda]E[0xffffffbb][0xffffff81]GJ[0xffffffbb][0xffffff82]JJ[0xffffffbb][0xffffff81]MB[0xffffffbb][0x1b][0xffffffa1][0xfffffff9][0xffffffda][0xffffffdd]8[0xfffffffd]-[0xffffffda]=[0xffffffdf][0xffffffff]v[0xffffffa8][0xffffff81][0xffffffdf]UZ[0xffffffba]u?[0xffffffcf]CI[0xfffffff7][0xffffffcb][0x9]0[0xffffffe7]ngHV[0xffffffee][0xffffff97][0xffffffa7]'[0x1b][0xfffffff7][0xffffffd7]O[0xffffff86][0xffffff85][0xfffffffb][0x14][0xffffffc5]d[0xffffffdf][0xfffffffe][0x0][0xffffffc8]d[0xffffffdd]>[0xffffffc5]2[0xffffffd1][0xffffffb6]O[0xffffffe0]L[0xffffff93][0xffffffed][0x13]D_p[0xffffffad][0xfffffff8][0x0][0xfffffffa]8[0xe]`A[0xffffffe3][0xffffffe7]y`[0xffffffd7][0xffffffa2][0x1f]@[0xffffffdf][0xffffffce][0xffffffc0][0xffffffb8][0x16][0xfffffff8][0x0][0xfffffffa][0xffffffaf][0xffffff9f][0xffffffec][0xffffffe1]Z[0xfffffffc][0x3][0xffffffe8]?[0x0][0xffffff92]q-[0xfffffffa][0x1][0xfffffff4]'pf[0xffffffbb]vG[0xfffffff4][0x5][0xffffffd7]N[0xffffffb1]\[0xffffffe1]h%[0xffffffff][0xffffff83]:[0xffffff9f][0xffffffe7][0xffffff81]];[0xffffffc9][0xffffffe5][\n]"
08:17:54.973 [TestNG-PoolService-3] DEBUG org.apache.hc.client5.http.wire -- http-outgoing-4 << "pf[0xffffffbb][0xfffffff6][0xfffffffa][0xffffff9d][0xffffffaf][0xfffffff3][0xffffffa6]\[0xffffffdb][0xffffffb0]}[0x8]o[0xffffffe7]a][0xfffffffb]8[0x1][0xffffffec][0xffffffda][0xffffffef]g@\[0xfffffffb]x:[0xffffffe2][0xffffffda]oO[0xffffffb6]p[0xffffffad]@[0x11]q[0xffffffad][0x4][0x12]q[0xffffffad][0xffffffc0]2[0xffffffdd][0xffffffb5][0x1][0xffffffce]d[0xffffffd7][0x6]D_p[0xffffffad][0xffffffda]_[0xffffffdb]{[0xffffffa5][0xffffffe6][0xffffffc6]N|[0x7f][0xffffffed]i[0xffffffb0][0xffffffbf][0xfffffff6][0xffffff8c][0xffffff8b]B3q[0xffffffc6][0xfffffff6][0xffffffd7][0xffffff9e][0xfffffffb]rP[0xffffffd4][0xffffffb5]&[0xfffffffb]k%[0xffffff90][0xffffff8c]k[\r][0xfffffff6][0xffffffd7][0x6]8[0xffffffb3]]{}[0x7f][0xffffffed]Y[0xffffff94]k[0xffffffcf][0x1b][0xfffffff5][0xffffffdb][0xffffffd8][0xffffffdb]y`[0xffffffd7][0x16][0x3][0xffffffd7][0xffffff96][0x0]u&[0xffffffce][0x5]smqrmD[0xffffff91]q[0xffffffad][0x2][0xffffff92]qm[0xffffffc4]2[0xffffffdf][0xffffffb5];[0xffffff9c][0xffffffd9][0xffffffae][0xffffffdd][0x11]}[0xffffffc1][0xffffffb5]j[0xffffff96][0xffffffa1][0xffffffcf][0xffffff81]u->[0xffffffcb]p[0x1a][0xffffffcc]2[0xffffff9c][0xfffffff1][0xffffffd2]x&[0xffffffce][0xffffffd8],[0xffffffc3][0xffffffb9]_[0x14]G]k2[0xffffffcb] [0xffffff81]d\k0[0xffffffcb][0x10][0xffffffe0][0xffffffcc]v[0xffffffed][0xfffffff5]Y[0xffffff86]S[0xffffffcd]2[0xffffff8c][0xffffffd2]n[0xffffff94]k[0xfffffff1]Y[0xffffff86][0xffffffd3]`[0xffffff96][0xffffffe1][0xffffff8c][0xffffff97][0xffffffc6]3q[0xffffffc6]f[0x19][0xffffffce][0xfffffffd][0xffffffa2]8[0xffffffea]Z[0xffffff93]Y[0x6][0x9]$[0xffffffe3]Z[0xffffff83]Y[0xffffff86][0x0]g[0xffffffb6]k[0xffffffaf][0xffffffcf]2[0xffffff9c]j[0xffffff96]a[0xffffffd4]I[0xffffffed]C8[0xfffffff1]Y[0xffffff86][0xffffffd3]`[0xffffff96][0xffffffe1][0xffffff8c][0xffffff97][0xffffffc6]3q[0xffffffc6]f[0x19][0xffffffce][0xfffffffd][0xffffffa2]8[0xffffffea]Z[0xffffff93]Y[0x6][0x9]$[0xffffffe3]Z[0xffffff83]Y[0xffffff86][0x0]g[0xffffffb6]k[0xffffffaf][0xffffffcf]2[0xffffff9c]j[0xffffff96]a[0xffffff9c][0xffffff9d][0xffffffba]_{[0xffffffe2][0xffffffb3][0xc][0xffffffa7][0xffffffc1],[0xffffffc3][0x19]/[0xffffff8d]g[0xffffffe2][0xffffff8c][0xffffffcd]2[0xffffff9c][0xfffffffb]Eq[0xffffffd4][0xffffffb5]&[0xffffffb3][0xc][0x12]H[0xffffffc6][0xffffffb5][0x6][0xffffffb3][0xc][0x1][0xffffffce]l[0xffffffd7]^[0xffffff9f]e8O[0xffffffe1][0xffffffda][0xffffffb3]r[0xffffffae]=q[0xffffffd7][0xffffff9e][0x6][0xffffffae]=[0x3][0xffffffd4][0xffffff99]8[0xffffff9f][0xffffff98]kO'[0xffffffd7]F[0x14][0x19][0xffffffd7]* [0x19][0xffffffd7]F,[0xfffffff3]][0xffffffbb][0xffffffc3][0xffffff99][0xffffffed][0xffffffda][0x1d][0xffffffd1][0x17]\[0xffffffab]v[0xffffff85][0xffffff9f][0xffffffa3]Q[0xffffffb3][0xc]'[0xffffffbe]+[0xfffffffc]4[0xffffffd8][0x15]~[0xffffffc6][0xffffffa5][0xffffffcc][0xffffff99]8c[0xffffffbb][0xffffffc2][0xffffffcf]}[0x11]3[0xffffffea]Z[0xffffff93]][0xffffffe1][0x12]H[0xffffffc6][0xffffffb5][0x6][0xffffffbb][0xffffffc2][0x3][0xffffff9c][0xffffffd9][0xffffffae][0xffffffbd][0xffffffbe]+[0xfffffffc]Tsc[0xffffffe7][0xffffffd9][0xffffffb1][0xffffffdf][0xffffffc6][0xfffffff0][0xffffffb9][0xffffffb1][0xffffffd3]`n[0xffffffec][0xffffff8c][0x3]:[0xffffff99]8csc[0xffffffe7]>[0xffffff94][0xffffff83][0xffffffba][0xffffffd6]dnL[0x2][0xffffffc9][0xffffffb8][0xffffffd6]`n,[0xffffffc0][0xffffff99][0xffffffed][0xffffffda][0xffffffeb]sc[0xfffffff3][0xfffffff6]K[0xffffff8b][0xffffffae][0xffffff9d][0xffffffd8][0xfffffffd][0xffffffda][0xffffffb7][0xfffffff3][0xffffffb0][0xffffffae]}[0xffffff9c][0x0]v[0xffffffed][0xfffffff7]3 [0xffffffae]}<[0x1d]q[0xffffffed][0xffffffb7]'[[0xffffffb8]V[0xffffffa0][0xffffff88][0xffffffb8]V[0x2][0xffffff89][0xffffffb8]V`[0xffffff99][0xffffffee][0xffffffda][0x0]g[0xffffffb2]k[0x3][0xffffffa2]/[0xffffffb8]V[0xffffffcd][0xffffff8d][0xffffff9d][0xffffffab]c[0xffffffae][0xffffffc5][0xffffffe7][0xffffffc6][0xffffffa6][0xffffffc1][0xffffffdc][0xffffffd8][0xffffff8c][0x3]:[0xffffff99]8cscs[0x1f][0xffffffca]A]k27&[0xffffff81]d\k07[0x16][0xffffffe0][0xffffffcc]v[0xffffffed][0xfffffff5][0xffffffb9][0xffffffb1][0xffffffa9][0xffffffe6][0xffffffc6]f[0xffffff99][0xffffffd4]wt'>76[\r][0xffffffe6][0xffffffc6]f[0x1c][0xffffffd0][0xffffffc9][0xffffffc4][0x19][0xffffff9b][0x1b][0xffffff9b][0xfffffffb]P[0xe][0xffffffea]Z[0xffffff93][0xffffffb9]1[0x9]$[0xffffffe3]Z[0xffffff83][0xffffffb9][0xffffffb1][0x0]g[0xffffffb6]k[0xffffffaf][0xffffffcf][0xffffff8d]M576[0xfffffffb][0xffffffa2]v[0xffffffcf]L|nl[0x1a][0xffffffcc][0xffffff8d][0xffffffcd]8[0xffffffa0][0xffffff93][0xffffff89]3676[0xfffffff7][0xffffffa1][0x1c][0xffffffd4][0xffffffb5]&sc[0x12]H[0xffffffc6][0xffffffb5][0x6]sc[0x1][0xffffffce]l[0xffffffd7]^[0xffffff9f][0x1b][0xffffff9b]jnl[0xffffffae]F[0xffffffcd][0xffffffe8]N|nl[0x1a][0xffffffcc][0xffffff8d][0xffffffcd]8[0xffffffa0][0xffffff93][0xffffff89]3676[0xfffffff7][0xffffffa1][0x1c][0xffffffd4][0xffffffb5]&sc[0x12]H[0xffffffc6][0xffffffb5][0x6]sc[0x1][0xffffffce]l[0xffffffd7]^[0xffffff9f][0x1b][0xffffff9b]jnl[0xffffff95][0xffffff83][0xffffff9a][0x1b][0xffffff9b][0xfffffff8][0xffffffdc][0xffffffd8]4[0xffffff98][0x1b][0xffffff9b]q@'[0x13]glnl[0xffffffee]C9[0xffffffa8]kM[0xffffffe6][0xffffffc6]$[0xffffff90][0xffffff8c]k[\r][0xffffffe6][0xffffffc6][0x2][0xffffff9c][0xffffffd9][0xffffffae][0xffffffbd]>76[0xffffffd5][0xffffffdc][0xffffffd8]j[0xffffffd8][0xffffff9d][0xffffffaf][0xffffff89][0xffffffcf][0xffffff8d]M[0xffffff83][0xffffffb9][0xffffffb1][0x19][0x7]t2q[0xffffffc6][0xffffffe6][0xffffffc6][0xffffffe6]>[0xffffff94][0xffffff83][0xffffffba][0xffffffd6]dnL[0x2][0xffffffc9][0xffffffb8][0xffffffd6]`n,[0xffffffc0][0xffffff99][0xffffffed][0xffffffda][0xffffffeb]sc[0xfffffff3]T[0xffffffae][0xffffff9d][0xffffff95][0xffffff9a][0x1b]{;[0xf][0xffffffec][0xffffffda][0xffffffd3][0xffffffc0][0xffffffb5]g[0xffffff80]:[0x13][0xffffffe7][0x13]s[0xffffffed][0xffffffe9][0xffffffe4][0xffffffda][0xffffff88]"[0xffffffe3]Z[0x5]$[0xffffffe3][0xffffffda][0xffffff88]e[0xffffffbe]kw8[0xffffffb3]][0xffffffbb]#[0xfffffffa][0xffffff82]k[0xffffffc5][0xffffffdc][0xffffffd8]y[0xffffffbb][\r][0xffffffec][0xffffffce][0x17]>76[\r][0xffffffe6][0xffffffc6]f[0x1c][0xffffffd0][0xffffffc9][0xffffffc4][0x19][0xffffff9b][0x1b][0xffffff9b][0xfffffffb]P[0xe][0xffffffea]Z[0xffffff93][0xffffffb9]1[0x9]$[0xffffffe3]Z[0xffffff83][0xffffffb9][0xffffffb1][0x0]g[0xffffffb6]k[0xffffffaf][0xffffffcf][0xffffff8d]M17v[0xffffffde]*w[0xffffffe7][0xb][0xffffff9f][0x1b][0xffffff9b][0x6]sc3[0xe][0xffffffe8]d[0xffffffe2][0xffffff8c][0xffffffcd][0xffffff8d][0xffffffcd]}([0x7]u[0xffffffad][0xffffffc9][0xffffffdc][0xffffff98][0x4][0xffffff92]q[0xffffffad][0xffffffc1][0xffffffdc]X[0xffffff80]3[0xffffffdb][0xffffffb5][0xffffffd7][0xffffffe7][0xffffffc6][0xffffff96][0xfffffff8][0xffffffde][0xffffffd8]y[0x1b][0xffffffd8][0xffffffae][0xfffffff0][0xffffff85][0x7f]ol[0x19]|ol[0xffffffc5][0xf];%[0xffffffe2][0xffffffbc][0xffffffb0][0xffffffef][0xffffff8d][0xffffffad][0xfffffffd]cN[0xffffffa4]k[0x5][0xffffff8a][0xffffff88]k%[0xffffff90][0xffffff88]k[0x5][0xffffff96][0xffffffe9][0xffffffae][\r]p&[0xffffffbb]6 [0xfffffffa][0xffffff82]k[0xffffffc5],[0xffffffc3]y[[0x5]s->[0xffffffcb][0xffffffb0][0xc]f[0x19]V[0xffffffbc]4[0xffffff9e][0xffffff89]36[0xffffffcb][0xffffffb0][0xfffffff6][0xffffff8b][0xffffffe2][0xffffffa8]kMf[0x19]$[0xffffff90][0xffffff8c]k[\r]f[0x19][0x2][0xffffff9c][0xffffffd9][0xffffffae][0xffffffbd]>[0xffffffcb][0xffffffb0][0xffffffc4],[0xffffffc3][0xffffffdd][0xffffffb5][0xffffffd8][0xffffffae][0xfffffff0][0xffffff85][0xffffffcf]2,[0xffffff83]Y[0xffffff86][0x15]/[0xffffff8d]g[0xffffffe2][0xffffff8c][0xffffffcd]2[0xffffffac][0xfffffffd][0xffffffa2]8[0xffffffea]Z[0xffffff93]Y[0x6][0x9]$[0xffffffe3]Z[0xffffff83]Y[0xffffff86][0x0]g[0xffffffb6]k[0xffffffaf][0xffffffcf]2,1[0xffffffcb]p[0x1e][0xffffffc7][0xffffffad]Q[0xffffffae][0xffffffc5]g[0x19][0xffffff96][0xffffffc1],[0xffffffc3][0xffffff8a][0xffffff97][0xffffffc6]3q[0xffffffc6]f[0x19][0xffffffd6]~Q[0x1c]u[0xffffffad][0xffffffc9],[0xffffff83][0x4][0xffffff92]q[0xffffffad][0xffffffc1],C[0xffffff80]3[0xffffffdb][0xffffffb5][0xffffffd7]g[0x19][0xffffff96][0xffffff98]e8[0xffffff8f]z[0x14][0xffffffca][0xffffffb5][0xfffffff8],[0xffffffc3]2[0xffffff98]eX[0xfffffff1][0xffffffd2]x&[0xffffffce][0xffffffd8],[0xffffffc3][0xffffffda]/[0xffffff8a][0xffffffa3][0xffffffae]5[0xffffff99]e[0xffffff90]@2[0xffffffae]5[0xffffff98]e[0x8]pf[0xffffffbb][0xfffffff6][0xfffffffa],[0xffffffc3][0x12][0xffffffb3][0xc][0xffffffe7]1[0x1a][0xffffffd6][0xffffffb5][0xfffffff8],[0xffffffc3]2[0xffffff98]eX[0xfffffff1][0xffffffd2]x&[0xffffffce][0xffffffd8],[0xffffffc3][0xffffffda]/[0xffffff8a][0xffffffa3][0xffffffae]5[0xffffff99]e[0xffffff90]@2[0xffffffae]5[0xffffff98]e[0x8]pf[0xffffffbb][0xfffffff6][0xfffffffa],[0xffffffc3]:[0xffffff95]k[0xffffffd7][0xffffffc4][0xffffffba][0xfffffff6][0xffffffc4]]{[0x1a][0xffffffb8][0xfffffff6][0xc]Pg[0xffffffe2]|b[0xffffffae]=[0xffffff9d]\[0x1b]Qd\[0xffffffab][0xffffff80]d\[0x1b][0xffffffb1][0xffffffcc]w[0xffffffed][0xe]g[0xffffffb6]kwD_rm5sm[0xffffffc5]][[\r]\[Q[0xffffffd7]V[0xffffffcc][0xffffffb5][0xffffffd5][0xffffffc9][0xffffffb5];[0xffffff8a][0xffffff94]k#[0xffffff90][0xffffff94]kw,[0x9][0xffffffd7]V[0xffffffd8][0xffffffb5][0xfffffff5][0xffffffaa]k[0xffffffd5][0xffffffdc]X)[0xffffffd8]>[0xffffff84][0xffffff85][0xffffffcf][0xffffff8d]-[0xffffff83][0xffffffb9][0xffffffb1][0x15][0x7]t2q[0xffffffc6][0xffffffe6][0xffffffc6][0xffffffd6]>[0xffffff94][0xffffff83][0xffffffba][0xffffffd6]dnL[0x2][0xffffffc9][0xffffffb8][0xffffffd6]`n,[0xffffffc0][0xffffff99][0xffffffed][0xffffffda][0xffffffeb]scK[0xffffffcd][0xffffff8d][0xffffff95][0xffffffde][0xffffffa8][0xffffffb9][0xffffffb1][0xffffff85][0xffffffcf][0xffffff8d]-[0xffffff83][0xffffffb9][0xffffffb1][0x15][0x7]t2q[0xffffffc6][0xffffffe6][0xffffffc6][0xffffffd6]>[0xffffff94][0xffffff83][0xffffffba][0xffffffd6]dnL[0x2][0xffffffc9][0xffffffb8][0xffffffd6]`n,[0xffffffc0][0xffffff99][0xffffffed][0xffffffda][0xffffffcb]sc[0xffffffeb][0xffffffa6][0xffffffe6][0xffffffc6][0xffffffca][0xffffffac][0xffffffd0][0xfffffffd][0xffffffda][0xffffffc7]yP[0xffffffd7][0xffffffbe][0xffffff9f][0xffffff80]u[0xffffffed][0xffffffe7][0x19][0x8][0xffffffd7][0xffffffbe]?[0xffffff9d]p[0xffffffed][0xfffffff7]';[0xffffffb8]V[0xffffffa1]H[0xffffffb8]V[0x3]I[0xffffffb8]Va[0xffffff99][0xffffffed][0xffffffda][0x8]g[0xffffffae]k#[0xffffffa2]/[0xffffffb9][0xffffffb6][0xffffff98][0xffffffb9][0xffffffb6][0xffffffe0][0xffffffae]-[0x6][0xffffffae]-[0xffffffa8]k[0xb][0xffffffe6][0xffffffda][0xffffffe2][0xffffffe4][0xffffffda][0x1d]E[0xffffffca][0xffffffb5][0x11]H[0xffffffca][0xffffffb5];[0xffffff96][0xffffff84]k[0xb][0xffffffec][0xffffffda]r[0xffffffd5][0xffffffb5][0xffffffe2][0xffffffdb][0xffffff8e]g=&[0xffffffb4][0xffffffe7][0xffffffeb]q[0x1e][0xffffffd8][0xffffffb5][0xfffffffc][0xffffffb7][0x1d]?[0xffffffcf][0xffffffc0][0xffffffb8][0xffffff96][0xfffffffa][0xffffffb6][0xffffffe3][0xfffffff7]'{[0xffffffb8][0xffffffd6][0xffffffe3][0xffffffdb][0xffffff8e][0x1a]H[0xffffffc6][0xffffffb5][0xfffffffc][0xffffffb7][0x1d]#[0xffffff9c][0xffffffd9][0xffffffae][0xffffffbd][0xfffffffc]m[0xffffffc7]uS[0xfffffffb][0x10]j=[0xffffffa1][0xfffffffd][0xffffffb5][0xffffff8f][0xfffffff3][0xffffffc0][0xffffffae][0xffffffe5][0xfffffff7]!|[0xffffff9e][0xffffff81]q-[0xffffffb5][0xf][0xffffffe1][0xfffffffb][0xffffff93]=\[0xffffffeb][0xffffffb1][0xf]A[0x3][0xffffffc9][0xffffffb8][0xffffff96][0xffffffdf][0xffffff87][0x10][0xffffffe1][0xffffffcc]v[0xffffffed][0xffffffe5]}[0x8]o[0x7f][0x1a][0xffffffdf]![0xffffffb0][0xffffffae][0xffffffa5][0xffffffdf]![0x14][0xffffff83]w[0x8]%[0xfffffffc][0xffffffcb]Z.[0xffffffce][0xffffffd4];[0xffffff84][0xffffffe2][0xfffffff4][0xe]![0xffffffa2]H[0xffffffb9][0xffffffd6][0xffffffe5][0x1d]B[0xffffffc4][0xffffff92]p-[0xfffffffb][0xe]aG[0xfffffff4][0x5][0xffffffd7]V[0xffffffe5][0xffffffda][0xffffffb1][0xffffffa0]=_[0xffffff8f][0xfffffff3][0xffffffc0][0xffffffae][0xffffffad][0x6][0xffffffae][0xffffffad][0x1][0xffffffea]L[0xffffff9c]+[0xffffffe6][0xffffffda][0xffffffea][0xffffffe4][0xffffffda][0xffffff88]"[0xffffffe3]Z[0x5]$[0xffffffe3][0xffffffda][0xffffff88]e[0xffffffbe]kw8[0xffffffb3]][0xffffffbb]#[0xfffffffa][0xffffff82]k[0xffffffd5][0xffffffee][0xffffff99][\n]"
08:17:54.974 [TestNG-PoolService-2] DEBUG org.apache.hc.client5.http.wire -- http-outgoing-5 << "[0xffffffbb][0xffffffb6]^wm3sm[0xffffffc3]][0xffffffdb][0xc]\[0xffffffdb]P[0xffffffd7]6[0xffffffcc][0xffffffb5][0xffffffcd][0xffffffc9][0xffffffb5];[0xffffff8a][0xffffff94]k#[0xffffff90][0xffffff94]kw,[0x9][0xffffffd7]6[0xffffffd8][0xffffffb5][0xffffffed][0xffffffba]k[0xf]7[0xffffffd9][0x1e][0xffffffbc]m[0xf][0x7][0xffffffdd][0x1e][0xffffffac]o[0xf]N[0xffffffb8][0xffffff87][0xffffff95]q[0x3][0xffffff8f][0xffffff94]r[0x5][0xffffff95][0xffffff94]s[0x3][0xffffff9b][0xffffff84]t[0xf][0xffffffda][0xffffffba][0xffffffc7]Oh[0xffffffb7][0xffffffba][0xffffffbd][0xffffffbb][0xffffffad][0xfffffffc][0xffffffcb][0xffffffdb][0xffffffea][0xfffffff0][0xfffffff6][0xffffffb6][0xffffffb2][0xffffffaf]o+[0xfffffff7][0xfffffffe][0xffffffb6]Z[0xffffffbd][0xffffffc0][\r]<R[0xffffffda][0x15]TR[0xffffffda][\r]l[0x12][0xffffffda][0xffffffad][0xfffffff4]K[0xffffffdc][0xfffffffa][0x13]oq[0xffffff9b][0xffffff9b]v[0x1b][0xffffffaf][0xffffffdd][0xffffffe6][0xffffffa0][0xffffffdd][0xffffffc6]j[0xffffffb7]q[0xffffffda]mV[0xffffffda][\r]<R[0xffffffda][0x15]TR[0xffffffda][\r]l[0x12][0xffffffda]m[0xffffffb4]v[0xffffffdb][0xffffffcf]hw[0xffffffb9]iw[0xfffffff1][0xffffffda]][0xe][0xffffffda]][0xffffffac]v[0x17][0xffffffa7][0xffffffdd]e[0xffffffa5][0xffffffdd][0xffffff9d]GL[0xffffffbb][0xffffff91]JL[0xffffffbb];[0xffffff9b][0xffffff88]v[0x17][0xffffffad][0xffffffdd]u][0xffffffbb][0xffffffc3][0xffffffad]v[0x7]_[0xffffffbb][0xffffffc3][0xffffffa1]v[0x7][[0xffffffbb][0xffffff83][0xffffffab][0xffffffdd]aU[0xffffffbb][0xffffff81]GJ[0xffffffbb][0xffffff82]JJ[0xffffffbb][0xffffff81]MB[0xffffffbb][0xffffff83][0xffffffae][0xffffffdd][0xfffffff1][0x13][0xffffffb5];[0xffffffdd][0xffffffb4];y[0xffffffed]N[0x7][0xffffffed]NV[0xffffffbb][0xffffff93][0xffffffd3][0xffffffee][0xffffffb4][0xffffffd2]n[0xffffffe0][0xffffff91][0xffffffd2][0xffffffae][0xffffffa0][0xffffff92][0xffffffd2]n`[0xffffff93][0xffffffd0][0xffffffee][0xffffffa4][0xffffffb5];[0x7f]B[0xffffffbb]k[0xffffff98]iw[\r]\[0xffffffbb][0xfffffff7]#[0xfffffff0][0xffffffda][0xfffffffd]8[0x4][0xffffffa5][0xffffffdd][0xfffffffb][0xffffffe3])[0xffffffed][0xffffffbe]?[0xffffffda]E[0xffffffbb][0xffffff81]GJ[0xffffffbb][0xffffff82]JJ[0xffffffbb][0xffffff81]MB[0xffffffbb][0x1b][0xffffffa1][0xfffffff9][0xffffffda][0xffffffdd]8[0xfffffffd]-[0xffffffda]=[0xffffffdf][0xffffffff]v[0xffffffa8][0xffffff81][0xffffffdf]UZ[0xffffffba]u?[0xffffffcf]CI[0xfffffff7][0xffffffcb][0x9]0[0xffffffe7]ngHV[0xffffffee][0xffffff97][0xffffffa7]'[0x1b][0xfffffff7][0xffffffd7]O[0xffffff86][0xffffff85][0xfffffffb][0x14][0xffffffc5]d[0xffffffdf][0xfffffffe][0x0][0xffffffc8]d[0xffffffdd]>[0xffffffc5]2[0xffffffd1][0xffffffb6]O[0xffffffe0]L[0xffffff93][0xffffffed][0x13]D_p[0xffffffad][0xfffffff8][0x0][0xfffffffa]8[0xe]`A[0xffffffe3][0xffffffe7]y`[0xffffffd7][0xffffffa2][0x1f]@[0xffffffdf][0xffffffce][0xffffffc0][0xffffffb8][0x16][0xfffffff8][0x0][0xfffffffa][0xffffffaf][0xffffff9f][0xffffffec][0xffffffe1]Z[0xfffffffc][0x3][0xffffffe8]?[0x0][0xffffff92]q-[0xfffffffa][0x1][0xfffffff4]'pf[0xffffffbb]vG[0xfffffff4][0x5][0xffffffd7]N[0xffffffb1]\[0xffffffe1]h%[0xffffffff][0xffffff83]:[0xffffff9f][0xffffffe7][0xffffff81]];[0xffffffc9][0xffffffe5][\n]"
08:17:54.974 [TestNG-PoolService-1] DEBUG org.apache.hc.client5.http.wire -- http-outgoing-3 << "[0xffffffdb][0x19][0x18][0xffffffd7][0xffffffce][0xfffffffc][0xffffffe5][\n]"
08:17:54.974 [TestNG-PoolService-3] DEBUG org.apache.hc.client5.http.wire -- http-outgoing-4 << "[0xfffffffe]6F[0xffffffef][0xffffff9e]y?[0x1][0xffffffed]Zr[0xfffffff7][0xffffffcc][0xfffffffb][0xffffffd3][0x19][0xffffffd7][0x1a][0xffffffed][0xffffff9e]Q(2[0xffffffae]u[0xffffffd9]=[0xffffffa3][0xffffffb0][0xffffffcc]w-[0xffffffbb]{&"[0xfffffffa][0xffffff82]k[0xffffffd5][0xffffffee][0xffffff99]:[0x17][0xfffffff6][0xe][0xffffff81][0xffffffde]=[0xfffffff3]~[0x2][0xffffffda][0xffffffb5][0xffffffe4][0xffffffee][0xffffff99][0xfffffff7][0xffffffa7]3[0xffffffae]5[0xffffffda]=[0xffffffa3]Pd\[0xffffffeb][0xffffffb2]{Fa[0xffffff99][0xffffffef]Zv[0xfffffff7]LD[0xfffffff4][0x5][0xffffffd7][0xffffffaa][0xffffffdd]3u5hF[0xfffffff7]q[0x1e][0xffffffd8][0xffffffb5][0xfffffffc][0xffffffee][0xffffff99][0xffffffcf]30[0xffffffae][0xffffffa5]v[0xffffffcf]|[0x7f][0xffffffb2][0xffffff87]k=v[0xffffffcf]h [0x19][0xffffffd7][0xfffffff2][0xffffffbb]g"[0xffffff9c][0xffffffd9][0xffffffae][0xffffffbd][0xffffffbc]{f[0xffffffdd]N[0xffffffe1][0xffffffda]v[0xffffffbb]A3[0xffffffba][0xffffff8f][0xfffffff3][0xffffffc0][0xffffffae]=[\r]\{[0x6][0xffffffa8]3q>1[0xffffffd7][0xffffff9e]N[0xffffffae][0xffffff8d](2[0xffffffae]U@2[0xffffffae][0xffffff8d]X[0xffffffe6][0xffffffbb]v[0xffffff87]3[0xffffffdb][0xffffffb5];[0xffffffa2]/[0xffffffb8]V[0xffffffed]ChGi[0xffffff94]k[0xffffffe9]}[0x8][0xffffffef]'[0xffffffa0]]K[0xffffffee]Cx[0x7f]:[0xffffffe3]Z[0xffffffa3]}[0x8][\n]"
08:17:54.974 [TestNG-PoolService-2] DEBUG org.apache.hc.client5.http.wire -- http-outgoing-5 << "[0xffffffdb][0x19][0x18][0xffffffd7][0xffffffce][0xfffffffc][0xffffffe5][\n]"
08:17:54.975 [TestNG-PoolService-1] DEBUG org.apache.hc.client5.http.wire -- http-outgoing-3 << "[0xffffffbf]~[0xffffffb2][0xffffff87]k#[0xffffff8a][0xffffff8c]k[0x15][0xffffff90][0xffffff8c]k#[0xffffff96][0xfffffff9][0xffffffae][0xffffffdd][0xffffffe1][0xffffffcc]v[0xffffffed][0xffffff8e][0xffffffe8][0xb][0xffffffae]][0xffffffca][0xffffffb5][0xffffffe3][0xffffffcc][0xffffffff][0xffffffc8][0xffffffc3][0xffffffe7]y`[0xffffffd7].[0x3][0xffffffd7][0xffffffae][0x0]u&[0xffffffce][0xb]s[0xffffffed]rrmD[0xffffff91]q[0xffffffad][0x2][0xffffff92]qm[0xffffffc4]2[0xffffffdf][0xffffffb5];[0xffffff9c][0xffffffd9][0xffffffae][0xffffffdd][0x11][0xfffffffd][0xffffffed][0xffffffae][0xffffffed][0xffffffe2][0xffffff83]:[0xffffffa3][0xffffffdc]V[0xfffffffe][0xffffffaf]d[0xffffff9f][0xffffffe7]a][0xffffffdb][0xffffffd1][0xf][0xffffffea]lg@\[0xffffffdb][0xffffff81][0xf][0xffffffea][0xfffffffc][0xfffffffa][0xffffffc9][0x16][0xffffffae][0x15]("[0xffffffae][0xffffff95]@"[0xffffffae][0x15]X[0xffffffa6][0xffffffbb]6[0xffffffc0][0xffffff99][0xffffffec][0xffffffda][0xffffff80][0xffffffe8][0xb][0xffffffae][0x15][0x1f]y[0x18][0xffffffe5][0x18][0xffffffd4][0xfffffffb][0xffffffda][0xe]~[0xffffffe4][0xffffffe1][0xffffffcb][0x9]h[0xffffffd7]B[0x1f]y[0xfffffff8][0xfffffff2]t[0xffffffc6][0xffffffb5][0x1e][0x1f]yx[0xffffff8a]"[0xffffffe3]Z[0xffffff83][0xffffff8f]<<[0xffffffc5]2[0xffffffdf][0xffffffb5][0xffffffd8]G[0x1e][0xffffff9e] [0xfffffffa][0xffffff82]k[0xffffffc5]G[0x1e]F)[0xffffffb7]J[0xffffffb9][0x16][0xfffffffc][0xffffffc8][0xffffffc3][0xffffff97][0x13][0xffffffd0][0xffffffae][0xffffff85]>[0xfffffff2][0xfffffff0][0xffffffe5][0xffffffe9][0xffffff8c]k=>[0xfffffff2][0xfffffff0][0x14]E[0xffffffc6][0xffffffb5][0x6][0x1f]yx[0xffffff8a]e[0xffffffbe]k[0xffffffb1][0xffffff8f]<<A[0xfffffff4][0x5][0xffffffd7][0xffffffaa][0xffffff8f]<[0xffffff94]z[0xffffffc3][0xffffffba][0x16][0xfffffffc][0xffffffc8][0xffffffc3][0xffffff97][0x13][0xffffffd0][0xffffffae][0xffffff85]>[0xfffffff2][0xfffffff0][0xffffffe5][0xffffffe9][0xffffff8c]k=>[0xfffffff2][0xfffffff0][0x14]E[0xffffffc6][0xffffffb5][0x6][0x1f]yx[0xffffff8a]e[0xffffffbe]k[0xffffffb1][0xffffff8f]<<A[0xfffffff4][0x5][0xffffffd7][0xffffff9e][0xffffffca][0xffffffb5]st[0xffffffca][0xffffffb5]'[0xffffffee][0xffffffda][0xffffffd3][0xffffffc0][0xffffffb5]g[0xffffff80]:[0x13][0xffffffe7][0x13]s[0xffffffed][0xffffffe9][0xffffffe4][0xffffffda][0xffffff88]"[0xffffffe3]Z[0x5]$[0xffffffe3][0xffffffda][0xffffff88]e[0xffffffbe]kw8[0xffffffb3]][0xffffffbb]#[0xfffffffa][0xffffff92]k[0xffffffe3]=[0x4][0xffffffd6][0xffffffb5][0xfffffff0]=[0xffffff84][0xffffffc7][0x9]x[0xffffffd7][0xffffff82][0xfffffff7][0x10][0x1e]O[0xffffffa7]\[0xffffffeb]s[0xf]A[0xffffffa0]H[0xffffffb9][0xffffffd6][0xffffffe4][0x1e][0xffffff82][0xffffffc0][0xffffff92]p-z[0xf]! [0xfffffffa][0xffffff82]k[0xffffffa7][0xffffffe8][0xffffffda]ZN[0xffffffec]}[0xffffffed][0xffffffc4][0xffffffbb]v[0x1a]t[0xffffffed][0xc][0x1][0xffffff91][0xffffff89][0xfffffff3][0xffffffc4][0xffffffba]v:umD[0xffffff91]q[0xffffffad][0x2][0xffffff92]qm[0xffffffc4]2[0xffffffdf][0xffffffb5];[0xffffff9c][0xffffffd9][0xffffffae][0xffffffdd][0x11]}[0xffffffc1][0xffffffb5]K[0xffffffb9][0xffffffb6][0xffffff9d][0xffffff85]r[0xffffffed][0xffffffc2]][0xffffffbb][0xc]\[0xffffffbb][0x2][0xffffffd4][0xffffff99]8/[0xffffffcc][0xffffffb5][0xffffffcb][0xffffffc9][0xffffffb5][0x11]E[0xffffffc6][0xffffffb5][\n]"
08:17:54.975 [TestNG-PoolService-3] DEBUG org.apache.hc.client5.http.wire -- http-outgoing-4 << "E[0xffffffc6][0xffffffb5].[0xfffffffb][0x10][0x14][0xffffff96][0xfffffff9][0xffffffae]e[0xfffffff7]!DD[0x7f][0xffffffbb]k[0xf]5[0xffffffa3][0xffffffdb]Nj[0x7f][0xffffffed][0xffffffe3]<[0xffffffac]k[0xf][0xffffff83][0x19][0xffffffdd]#[0xe]C&[0xffffffe2]|`3[0xffffffba][0xffffffc7]>[0x0]I[0xffffffba]V[0xffffffa0][0xffffff88][0xffffffb8]V[0x2][0xffffff89][0xffffffb8]V`[0xffffff99][0xffffffee][0xffffffda][0x0]g[0xffffffb2]k[0x3][0xffffffa2]/[0xffffffb8]V[0xffffffcd][0xffffff8d][0xfffffff5][0xffffffdb]I[0xffffffdd]C8[0xfffffff0][0xffffffb9][0xffffffb1][0xffffffc3]`n[0xffffffec][0xffffff88][0x3]:[0xffffff99]8csc[0xffffffc7]>[0xffffff94][0xffffff83][0xffffffba][0xffffffd6]dnL[0x2][0xffffffc9][0xffffffb8][0xffffffd6]`n,[0xffffffc0][0xffffff99][0xffffffed][0xffffffda][0xffffffeb]sc[0xfffffff7]?[0xffffff8d][0xfffffff7]kY[0xffffffd7][0xffffffc2][0xfffffff7]k[0x1f]'[0xffffffe0]][0xb][0xffffffde][0xffffffaf]}<[0xffffff9d]r[0xffffffad][0xffffffcf][0xfffffffd]Z[0xffffff81]"[0xffffffe5]Z[0xffffff93][0xfffffffb][0xffffffb5][0x2]K[0xffffffc2][0xffffffb5][0xffffffe8][0xfffffffd][0xffffffda][0xffffff80][0xffffffe8][0xb][0xffffffae]U3[0xffffffba][0xffffffbd][0xe]j[0xffffff96][0xffffffe1][0xffffffc0]gt[0xf][0xffffff83][0x19][0xffffffdd]#[0xe]Cf[0xffffffe2][0xffffff8c][0xffffffcd][0xffffffe8][0x1e][0xfffffffb][0x0]$[0xffffffea]Z[0xffffff93][0x19]][0x9]$[0xffffffe3]Z[0xffffff83][0x19][0xffffffdd][0x0]g[0xffffffb6]k[0xffffffaf][0xffffffcf][0xffffffe8][0x1e]j[0xffffff96][0xffffffa1][0xffffffaf][0xffffff93][0xffffffba][0xffffff87]p[0xffffffe0][0xffffffb3][0xc][0xffffff87][0xffffffc1],[0xffffffc3][0x11]/[0xffffff8d]g[0xffffffe2][0xffffff8c][0xffffffcd]2[0x1c][0xfffffffb]Eq[0xffffffd4][0xffffffb5]&[0xffffffb3][0xc][0x12]H[0xffffffc6][0xffffffb5][0x6][0xffffffb3][0xc][0x1][0xffffffce]l[0xffffffd7]^[0xffffff9f]e8[0xffffffd4],[0xffffffc3][0xffffffa8][0xffffffd4]7[0xffffffcb][0x1f][0xffffffe7][0xffffff81]]k0[0xffffffcb]p[0xffffffc4]K[0xffffffe3][0xffffff99]8c[0xffffffb3][0xc][0xffffffc7]~Q[0x1c]u[0xffffffad][0xffffffc9],[0xffffff83][0x4][0xffffff92]q[0xffffffad][0xffffffc1],C[0xffffff80]3[0xffffffdb][0xffffffb5][0xffffffd7]g[0x19][0xe]5[0xffffffcb]0z[0x19][0xffffff94]k[0xfffffff1]Y[0xffffff86][0xffffffc3]`[0xffffff96][0xffffffe1][0xffffff88][0xffffff97][0xffffffc6]3q[0xffffffc6]f[0x19][0xffffff8e][0xfffffffd][0xffffffa2]8[0xffffffea]Z[0xffffff93]Y[0x6][0x9]$[0xffffffe3]Z[0xffffff83]Y[0xffffff86][0x0]g[0xffffffb6]k[0xffffffaf][0xffffffcf]2[0xffffffbc][0xfffffffd]?[0xffffffd1][0xffffffb5][0xffffffe7][0xffffffc0][0xffffffba][0xfffffff6][0xffffffc4]]{[0x1a][0xffffffb8][0xfffffff6][0xc]Pg[0xffffffe2]|b[0xffffffae]=[0xffffff9d]\[0x1b]Qd\[0xffffffab][0xffffff80]d\[0x1b][0xffffffb1][0xffffffcc]w[0xffffffed][0xe]g[0xffffffb6]kwD_p[0xffffffad][0xffffff9a]e[0x18][0xb][0xffffffdb]=s[0xffffffe0][0xffffffb3][0xc][0xffffff87][0xffffffc1],[0xffffffc3][0x11]/[0xffffff8d]g[0xffffffe2][0xffffff8c][0xffffffcd]2[0x1c][0xfffffffb]Eq[0xffffffd4][0xffffffb5]&[0xffffffb3][0xc][0x12]H[0xffffffc6][0xffffffb5][0x6][0xffffffb3][0xc][0x1][0xffffffce]l[0xffffffd7]^[0xffffff9f]e(j[0xffffff96][0xffffffe1][0xffffffbc][0x15][0xffffffea][0xffffffb7][0xffffffb1][0xffffff82][0xffffffcf]2[0x14][0xffffff83]Y[0xffffff86][0x12]"
08:17:54.975 [TestNG-PoolService-2] DEBUG org.apache.hc.client5.http.wire -- http-outgoing-5 << "[0xffffffbf]~[0xffffffb2][0xffffff87]k#[0xffffff8a][0xffffff8c]k[0x15][0xffffff90][0xffffff8c]k#[0xffffff96][0xfffffff9][0xffffffae][0xffffffdd][0xffffffe1][0xffffffcc]v[0xffffffed][0xffffff8e][0xffffffe8][0xb][0xffffffae]][0xffffffca][0xffffffb5][0xffffffe3][0xffffffcc][0xffffffff][0xffffffc8][0xffffffc3][0xffffffe7]y`[0xffffffd7].[0x3][0xffffffd7][0xffffffae][0x0]u&[0xffffffce][0xb]s[0xffffffed]rrmD[0xffffff91]q[0xffffffad][0x2][0xffffff92]qm[0xffffffc4]2[0xffffffdf][0xffffffb5];[0xffffff9c][0xffffffd9][0xffffffae][0xffffffdd][0x11][0xfffffffd][0xffffffed][0xffffffae][0xffffffed][0xffffffe2][0xffffff83]:[0xffffffa3][0xffffffdc]V[0xfffffffe][0xffffffaf]d[0xffffff9f][0xffffffe7]a][0xffffffdb][0xffffffd1][0xf][0xffffffea]lg@\[0xffffffdb][0xffffff81][0xf][0xffffffea][0xfffffffc][0xfffffffa][0xffffffc9][0x16][0xffffffae][0x15]("[0xffffffae][0xffffff95]@"[0xffffffae][0x15]X[0xffffffa6][0xffffffbb]6[0xffffffc0][0xffffff99][0xffffffec][0xffffffda][0xffffff80][0xffffffe8][0xb][0xffffffae][0x15][0x1f]y[0x18][0xffffffe5][0x18][0xffffffd4][0xfffffffb][0xffffffda][0xe]~[0xffffffe4][0xffffffe1][0xffffffcb][0x9]h[0xffffffd7]B[0x1f]y[0xfffffff8][0xfffffff2]t[0xffffffc6][0xffffffb5][0x1e][0x1f]yx[0xffffff8a]"[0xffffffe3]Z[0xffffff83][0xffffff8f]<<[0xffffffc5]2[0xffffffdf][0xffffffb5][0xffffffd8]G[0x1e][0xffffff9e] [0xfffffffa][0xffffff82]k[0xffffffc5]G[0x1e]F)[0xffffffb7]J[0xffffffb9][0x16][0xfffffffc][0xffffffc8][0xffffffc3][0xffffff97][0x13][0xffffffd0][0xffffffae][0xffffff85]>[0xfffffff2][0xfffffff0][0xffffffe5][0xffffffe9][0xffffff8c]k=>[0xfffffff2][0xfffffff0][0x14]E[0xffffffc6][0xffffffb5][0x6][0x1f]yx[0xffffff8a]e[0xffffffbe]k[0xffffffb1][0xffffff8f]<<A[0xfffffff4][0x5][0xffffffd7][0xffffffaa][0xffffff8f]<[0xffffff94]z[0xffffffc3][0xffffffba][0x16][0xfffffffc][0xffffffc8][0xffffffc3][0xffffff97][0x13][0xffffffd0][0xffffffae][0xffffff85]>[0xfffffff2][0xfffffff0][0xffffffe5][0xffffffe9][0xffffff8c]k=>[0xfffffff2][0xfffffff0][0x14]E[0xffffffc6][0xffffffb5][0x6][0x1f]yx[0xffffff8a]e[0xffffffbe]k[0xffffffb1][0xffffff8f]<<A[0xfffffff4][0x5][0xffffffd7][0xffffff9e][0xffffffca][0xffffffb5]st[0xffffffca][0xffffffb5]'[0xffffffee][0xffffffda][0xffffffd3][0xffffffc0][0xffffffb5]g[0xffffff80]:[0x13][0xffffffe7][0x13]s[0xffffffed][0xffffffe9][0xffffffe4][0xffffffda][0xffffff88]"[0xffffffe3]Z[0x5]$[0xffffffe3][0xffffffda][0xffffff88]e[0xffffffbe]kw8[0xffffffb3]][0xffffffbb]#[0xfffffffa][0xffffff92]k[0xffffffe3]=[0x4][0xffffffd6][0xffffffb5][0xfffffff0]=[0xffffff84][0xffffffc7][0x9]x[0xffffffd7][0xffffff82][0xfffffff7][0x10][0x1e]O[0xffffffa7]\[0xffffffeb]s[0xf]A[0xffffffa0]H[0xffffffb9][0xffffffd6][0xffffffe4][0x1e][0xffffff82][0xffffffc0][0xffffff92]p-z[0xf]! [0xfffffffa][0xffffff82]k[0xffffffa7][0xffffffe8][0xffffffda]ZN[0xffffffec]}[0xffffffed][0xffffffc4][0xffffffbb]v[0x1a]t[0xffffffed][0xc][0x1][0xffffff91][0xffffff89][0xfffffff3][0xffffffc4][0xffffffba]v:umD[0xffffff91]q[0xffffffad][0x2][0xffffff92]qm[0xffffffc4]2[0xffffffdf][0xffffffb5];[0xffffff9c][0xffffffd9][0xffffffae][0xffffffdd][0x11]}[0xffffffc1][0xffffffb5]K[0xffffffb9][0xffffffb6][0xffffff9d][0xffffff85]r[0xffffffed][0xffffffc2]][0xffffffbb][0xc]\[0xffffffbb][0x2][0xffffffd4][0xffffff99]8/[0xffffffcc][0xffffffb5]"
08:17:54.976 [TestNG-PoolService-1] DEBUG org.apache.hc.client5.http.wire -- http-outgoing-3 << "H[0xffffffc6][0xffffffb5][0x11][0xffffffcb]|[0xffffffd7][0xffffffee]pf[0xffffffbb]vG[0xfffffff4][0xffffffb7][0xffffffbb]v[0xffffffdc][0xffffffc4];[0xffffff84]zbsco[0xffffffe7]a][0xfffffffb]8[0x1][0xffffffec][0xffffffda][0xffffffef]g@\[0xfffffffb]x:[0xffffffe2][0xffffffda]oO[0xffffffb6]p[0xffffffad]@[0x11]q[0xffffffad][0x4][0x12]q[0xffffffad][0xffffffc0]2[0xffffffdd][0xffffffb5][0x1][0xffffffce]d[0xffffffd7][0x6]D_p[0xffffffad][0xffffffba]_[0xffffffdb]:[0xffffffd6][0xffffffb5][0x3][0xffffffbf]_;[0xc][0xffffffee][0xffffffd7][0xffffff8e]x[0xffffff91]1[0x13]g[0xffffffec]~[0xffffffed][0xffffffd8]//[0xffffffa2][0xffffffae]5[0xffffffb9]_+[0xffffff81]d\kp[0xffffffbf]6[0xffffffc0][0xffffff99][0xffffffed][0xffffffda][0xffffffeb][0xfffffff7]k[0xffffff87][0xffffffba]_[0xffffffdb]V[0xffffffc1]\[0xffffff8b][0xffffffdf][0xffffffaf][0x1d][0x6][0xfffffff7]kG[0xffffffbc][0xffffffc8][0xffffff98][0xffffff89]3v[0xffffffbf]v[0xffffffec][0xffffff97][0x17]Q[0xffffffd7][0xffffff9a][0xffffffdc][0xffffffaf][0xffffff95]@2[0xffffffae]5[0xffffffb8]_[0x1b][0xffffffe0][0xffffffcc]v[0xffffffed][0xfffffff5][0xfffffffb][0xffffffb5]C[0xffffffdd][0xffffffaf][0xffffffed][0xffffffb7]:([0xffffffd7][0xffffffe2][0xfffffff7]k[0xffffff87][0xffffffc1][0xfffffffd][0xffffffda][0x11]/2f[0xffffffe2][0xffffff8c][0xffffffdd][0xffffffaf][0x1d][0xfffffffb][0xffffffe5]E[0xffffffd4][0xffffffb5]&[0xfffffff7]k%[0xffffff90][0xffffff8c]k[\r][0xffffffee][0xffffffd7][0x6]8[0xffffffb3]]{[0xfffffffd]~[0xffffffed]P[0xfffffffb]k[0xfffffffb]mR[0xfffffffb][0x10][0x6][0xffffffbe][0xffffffbf]v[0x18][0xffffffec][0xffffffaf][0x1d]qQh&[0xffffffce][0xffffffd8][0xfffffffe][0xffffffda][0xffffffb1]/[0x7]E]k[0xffffffb2][0xffffffbf]V[0x2][0xffffffc9][0xffffffb8][0xffffffd6]`[0x7f]m[0xffffff80]3[0xffffffdb][0xffffffb5][0xffffffd7][0xfffffff7][0xffffffd7][0xffffff8e]S[0xffffffb9][0xfffffff6][0xffffffb8]Q{[0xffffffbe][0xffffffde][0xffffffce][0x3][0xffffffbb][0xfffffff6]4p[0xffffffed][0x19][0xffffffa0][0xffffffce][0xffffffc4][0xfffffff9][0xffffffc4]\{:[0xffffffb9]6[0xffffffa2][0xffffffc8][0xffffffb8]V[0x1][0xffffffc9][0xffffffb8]6b[0xffffff99][0xffffffef][0xffffffda][0x1d][0xffffffce]l[0xffffffd7][0xffffffee][0xffffff88][0xffffffbe][0xffffffe0]Zu[0xffffffe7][0xffffffab][0xffffff97][0xffffff8e][0xffffffbd]C[0xffffffc0][0xffffffef]|[\r][0xffffff83];_#^[0xffffffae][0xffffffc9][0xffffffc4][0x19][0xffffffbb][0xfffffff3]5[0xfffffff6][0xb]5[0xffffffa8]kM[0xffffffee]|I [0x19][0xffffffd7][0x1a][0xffffffdc][0xfffffff9][\n]"
08:17:54.977 [TestNG-PoolService-1] DEBUG org.apache.hc.client5.http.wire -- http-outgoing-3 << "pf[0xffffffbb][0xfffffff6][0xfffffffa][0xffffff9d][0xffffffaf][0xfffffff3][0xffffffa6]\[0xffffffdb][0xffffffb0]}[0x8]o[0xffffffe7]a][0xfffffffb]8[0x1][0xffffffec][0xffffffda][0xffffffef]g@\[0xfffffffb]x:[0xffffffe2][0xffffffda]oO[0xffffffb6]p[0xffffffad]@[0x11]q[0xffffffad][0x4][0x12]q[0xffffffad][0xffffffc0]2[0xffffffdd][0xffffffb5][0x1][0xffffffce]d[0xffffffd7][0x6]D_p[0xffffffad][0xffffffda]_[0xffffffdb]{[0xffffffa5][0xffffffe6][0xffffffc6]N|[0x7f][0xffffffed]i[0xffffffb0][0xffffffbf][0xfffffff6][0xffffff8c][0xffffff8b]B3q[0xffffffc6][0xfffffff6][0xffffffd7][0xffffff9e][0xfffffffb]rP[0xffffffd4][0xffffffb5]&[0xfffffffb]k%[0xffffff90][0xffffff8c]k[\r][0xfffffff6][0xffffffd7][0x6]8[0xffffffb3]]{}[0x7f][0xffffffed]Y[0xffffff94]k[0xffffffcf][0x1b][0xfffffff5][0xffffffdb][0xffffffd8][0xffffffdb]y`[0xffffffd7][0x16][0x3][0xffffffd7][0xffffff96][0x0]u&[0xffffffce][0x5]smqrmD[0xffffff91]q[0xffffffad][0x2][0xffffff92]qm[0xffffffc4]2[0xffffffdf][0xffffffb5];[0xffffff9c][0xffffffd9][0xffffffae][0xffffffdd][0x11]}[0xffffffc1][0xffffffb5]j[0xffffff96][0xffffffa1][0xffffffcf][0xffffff81]u->[0xffffffcb]p[0x1a][0xffffffcc]2[0xffffff9c][0xfffffff1][0xffffffd2]x&[0xffffffce][0xffffffd8],[0xffffffc3][0xffffffb9]_[0x14]G]k2[0xffffffcb] [0xffffff81]d\k0[0xffffffcb][0x10][0xffffffe0][0xffffffcc]v[0xffffffed][0xfffffff5]Y[0xffffff86]S[0xffffffcd]2[0xffffff8c][0xffffffd2]n[0xffffff94]k[0xfffffff1]Y[0xffffff86][0xffffffd3]`[0xffffff96][0xffffffe1][0xffffff8c][0xffffff97][0xffffffc6]3q[0xffffffc6]f[0x19][0xffffffce][0xfffffffd][0xffffffa2]8[0xffffffea]Z[0xffffff93]Y[0x6][0x9]$[0xffffffe3]Z[0xffffff83]Y[0xffffff86][0x0]g[0xffffffb6]k[0xffffffaf][0xffffffcf]2[0xffffff9c]j[0xffffff96]a[0xffffffd4]I[0xffffffed]C8[0xfffffff1]Y[0xffffff86][0xffffffd3]`[0xffffff96][0xffffffe1][0xffffff8c][0xffffff97][0xffffffc6]3q[0xffffffc6]f[0x19][0xffffffce][0xfffffffd][0xffffffa2]8[0xffffffea]Z[0xffffff93]Y[0x6][0x9]$[0xffffffe3]Z[0xffffff83]Y[0xffffff86][0x0]g[0xffffffb6]k[0xffffffaf][0xffffffcf]2[0xffffff9c]j[0xffffff96]a[0xffffff9c][0xffffff9d][0xffffffba]_{[0xffffffe2][0xffffffb3][0xc][0xffffffa7][0xffffffc1],[0xffffffc3][0x19]/[0xffffff8d]g[0xffffffe2][0xffffff8c][0xffffffcd]2[0xffffff9c][0xfffffffb]Eq[0xffffffd4][0xffffffb5]&[0xffffffb3][0xc][0x12]H[0xffffffc6][0xffffffb5][0x6][0xffffffb3][0xc][0x1][0xffffffce]l[0xffffffd7]^[0xffffff9f]e8O[0xffffffe1][0xffffffda][0xffffffb3]r[0xffffffae]=q[0xffffffd7][0xffffff9e][0x6][0xffffffae]=[0x3][0xffffffd4][0xffffff99]8[0xffffff9f][0xffffff98]kO'[0xffffffd7]F[0x14][0x19][0xffffffd7]* [0x19][0xffffffd7]F,[0xfffffff3]][0xffffffbb][0xffffffc3][0xffffff99][0xffffffed][0xffffffda][0x1d][0xffffffd1][0x17]\[0xffffffab]v[0xffffff85][0xffffff9f][0xffffffa3]Q[0xffffffb3][0xc]'[0xffffffbe]+[0xfffffffc]4[0xffffffd8][0x15]~[0xffffffc6][0xffffffa5][0xffffffcc][0xffffff99]8c[0xffffffbb][0xffffffc2][0xffffffcf]}[0x11]3[0xffffffea]Z[0xffffff93]][0xffffffe1][0x12]H[0xffffffc6][0xffffffb5][0x6][0xffffffbb][0xffffffc2][0x3][0xffffff9c][0xffffffd9][0xffffffae][0xffffffbd][0xffffffbe]+[0xfffffffc]Tsc[0xffffffe7][0xffffffd9][0xffffffb1][0xffffffdf][0xffffffc6][0xfffffff0][0xffffffb9][0xffffffb1][0xffffffd3]`n[0xffffffec][0xffffff8c][0x3]:[0xffffff99]8csc[0xffffffe7]>[0xffffff94][0xffffff83][0xffffffba][0xffffffd6]dnL[0x2][0xffffffc9][0xffffffb8][0xffffffd6]`n,[0xffffffc0][0xffffff99][0xffffffed][0xffffffda][0xffffffeb]sc[0xfffffff3][0xfffffff6]K[0xffffff8b][0xffffffae][0xffffff9d][0xffffffd8][0xfffffffd][0xffffffda][0xffffffb7][0xfffffff3][0xffffffb0][0xffffffae]}[0xffffff9c][0x0]v[0xffffffed][0xfffffff7]3 [0xffffffae]}<[0x1d]q[0xffffffed][0xffffffb7]'[[0xffffffb8]V[0xffffffa0][0xffffff88][0xffffffb8]V[0x2][0xffffff89][0xffffffb8]V`[0xffffff99][0xffffffee][0xffffffda][0x0]g[0xffffffb2]k[0x3][0xffffffa2]/[0xffffffb8]V[0xffffffcd][0xffffff8d][0xffffff9d][0xffffffab]c[0xffffffae][0xffffffc5][0xffffffe7][0xffffffc6][0xffffffa6][0xffffffc1][0xffffffdc][0xffffffd8][0xffffff8c][0x3]:[0xffffff99]8cscs[0x1f][0xffffffca]A]k27&[0xffffff81]d\k07[0x16][0xffffffe0][0xffffffcc]v[0xffffffed][0xfffffff5][0xffffffb9][0xffffffb1][0xffffffa9][0xffffffe6][0xffffffc6]f[0xffffff99][0xffffffd4]wt'>76[\r][0xffffffe6][0xffffffc6]f[0x1c][0xffffffd0][0xffffffc9][0xffffffc4][0x19][0xffffff9b][0x1b][0xffffff9b][0xfffffffb]P[0xe][0xffffffea]Z[0xffffff93][0xffffffb9]1[0x9]$[0xffffffe3]Z[0xffffff83][0xffffffb9][0xffffffb1][0x0]g[0xffffffb6]k[0xffffffaf][0xffffffcf][0xffffff8d]M576[0xfffffffb][0xffffffa2]v[0xffffffcf]L|nl[0x1a][0xffffffcc][0xffffff8d][0xffffffcd]8[0xffffffa0][0xffffff93][0xffffff89]3676[0xfffffff7][0xffffffa1][0x1c][0xffffffd4][0xffffffb5]&sc[0x12]H[0xffffffc6][0xffffffb5][0x6]sc[0x1][0xffffffce]l[0xffffffd7]^[0xffffff9f][0x1b][0xffffff9b]jnl[0xffffffae]F[0xffffffcd][0xffffffe8]N|nl[0x1a][0xffffffcc][0xffffff8d][0xffffffcd]8[0xffffffa0][0xffffff93][0xffffff89]3676[0xfffffff7][0xffffffa1][0x1c][0xffffffd4][0xffffffb5]&sc[0x12]H[0xffffffc6][0xffffffb5][0x6]sc[0x1][0xffffffce]l[0xffffffd7]^[0xffffff9f][0x1b][0xffffff9b]jnl[0xffffff95][0xffffff83][0xffffff9a][0x1b][0xffffff9b][0xfffffff8][0xffffffdc][0xffffffd8]4[0xffffff98][0x1b][0xffffff9b]q@'[0x13]glnl[0xffffffee]C9[0xffffffa8]kM[0xffffffe6][0xffffffc6]$[0xffffff90][0xffffff8c]k[\r][0xffffffe6][0xffffffc6][0x2][0xffffff9c][0xffffffd9][0xffffffae][0xffffffbd]>76[0xffffffd5][0xffffffdc][0xffffffd8]j[0xffffffd8][0xffffff9d][0xffffffaf][0xffffff89][0xffffffcf][0xffffff8d]M[0xffffff83][0xffffffb9][0xffffffb1][0x19][0x7]t2q[0xffffffc6][0xffffffe6][0xffffffc6][0xffffffe6]>[0xffffff94][0xffffff83][0xffffffba][0xffffffd6]dnL[0x2][0xffffffc9][0xffffffb8][0xffffffd6]`n,[0xffffffc0][0xffffff99][0xffffffed][0xffffffda][0xffffffeb]sc[0xfffffff3]T[0xffffffae][0xffffff9d][0xffffff95][0xffffff9a][0x1b]{;[0xf][0xffffffec][0xffffffda][0xffffffd3][0xffffffc0][0xffffffb5]g[0xffffff80]:[0x13][0xffffffe7][0x13]s[0xffffffed][0xffffffe9][0xffffffe4][0xffffffda][0xffffff88]"[0xffffffe3]Z[0x5]$[0xffffffe3][0xffffffda][0xffffff88]e[0xffffffbe]kw8[0xffffffb3]][0xffffffbb]#[0xfffffffa][0xffffff82]k[0xffffffc5][0xffffffdc][0xffffffd8]y[0xffffffbb][\r][0xffffffec][0xffffffce][0x17]>76[\r][0xffffffe6][0xffffffc6]f[0x1c][0xffffffd0][0xffffffc9][0xffffffc4][0x19][0xffffff9b][0x1b][0xffffff9b][0xfffffffb]P[0xe][0xffffffea]Z[0xffffff93][0xffffffb9]1[0x9]$[0xffffffe3]Z[0xffffff83][0xffffffb9][0xffffffb1][0x0]g[0xffffffb6]k[0xffffffaf][0xffffffcf][0xffffff8d]M17v[0xffffffde]*w[0xffffffe7][0xb][0xffffff9f][0x1b][0xffffff9b][0x6]sc3[0xe][0xffffffe8]d[0xffffffe2][0xffffff8c][0xffffffcd][0xffffff8d][0xffffffcd]}([0x7]u[0xffffffad][0xffffffc9][0xffffffdc][0xffffff98][0x4][0xffffff92]q[0xffffffad][0xffffffc1][0xffffffdc]X[0xffffff80]3[0xffffffdb][0xffffffb5][0xffffffd7][0xffffffe7][0xffffffc6][0xffffff96][0xfffffff8][0xffffffde][0xffffffd8]y[0x1b][0xffffffd8][0xffffffae][0xfffffff0][0xffffff85][0x7f]ol[0x19]|ol[0xffffffc5][0xf];%[0xffffffe2][0xffffffbc][0xffffffb0][0xffffffef][0xffffff8d][0xffffffad][0xfffffffd]cN[0xffffffa4]k[0x5][0xffffff8a][0xffffff88]k%[0xffffff90][0xffffff88]k[0x5][0xffffff96][0xffffffe9][0xffffffae][\r]p&[0xffffffbb]6 [0xfffffffa][0xffffff82]k[0xffffffc5],[0xffffffc3]y[[0x5]s->[0xffffffcb][0xffffffb0][0xc]f[0x19]V[0xffffffbc]4[0xffffff9e][0xffffff89]36[0xffffffcb][0xffffffb0][0xfffffff6][0xffffff8b][0xffffffe2][0xffffffa8]kMf[0x19]$[0xffffff90][0xffffff8c]k[\r]f[0x19][0x2][0xffffff9c][0xffffffd9][0xffffffae][0xffffffbd]>[0xffffffcb][0xffffffb0][0xffffffc4],[0xffffffc3][0xffffffdd][0xffffffb5][0xffffffd8][0xffffffae][0xfffffff0][0xffffff85][0xffffffcf]2,[0xffffff83]Y[0xffffff86][0x15]/[0xffffff8d]g[0xffffffe2][0xffffff8c][0xffffffcd]2[0xffffffac][0xfffffffd][0xffffffa2]8[0xffffffea]Z[0xffffff93]Y[0x6][0x9]$[0xffffffe3]Z[0xffffff83]Y[0xffffff86][0x0]g[0xffffffb6]k[0xffffffaf][0xffffffcf]2,1[0xffffffcb]p[0x1e][0xffffffc7][0xffffffad]Q[0xffffffae][0xffffffc5]g[0x19][0xffffff96][0xffffffc1],[0xffffffc3][0xffffff8a][0xffffff97][0xffffffc6]3q[0xffffffc6]f[0x19][0xffffffd6]~Q[0x1c]u[0xffffffad][0xffffffc9],[0xffffff83][0x4][0xffffff92]q[0xffffffad][0xffffffc1],C[0xffffff80]3[0xffffffdb][0xffffffb5][0xffffffd7]g[0x19][0xffffff96][0xffffff98]e8[0xffffff8f]z[0x14][0xffffffca][0xffffffb5][0xfffffff8],[0xffffffc3]2[0xffffff98]eX[0xfffffff1][0xffffffd2]x&[0xffffffce][0xffffffd8],[0xffffffc3][0xffffffda]/[0xffffff8a][0xffffffa3][0xffffffae]5[0xffffff99]e[0xffffff90]@2[0xffffffae]5[0xffffff98]e[0x8]pf[0xffffffbb][0xfffffff6][0xfffffffa],[0xffffffc3][0x12][0xffffffb3][0xc][0xffffffe7]1[0x1a][0xffffffd6][0xffffffb5][0xfffffff8],[0xffffffc3]2[0xffffff98]eX[0xfffffff1][0xffffffd2]x&[0xffffffce][0xffffffd8],[0xffffffc3][0xffffffda]/[0xffffff8a][0xffffffa3][0xffffffae]5[0xffffff99]e[0xffffff90]@2[0xffffffae]5[0xffffff98]e[0x8]pf[0xffffffbb][0xfffffff6][0xfffffffa],[0xffffffc3]:[0xffffff95]k[0xffffffd7][0xffffffc4][0xffffffba][0xfffffff6][0xffffffc4]]{[0x1a][0xffffffb8][0xfffffff6][0xc]Pg[0xffffffe2]|b[0xffffffae]=[0xffffff9d]\[0x1b]Qd\[0xffffffab][0xffffff80]d\[0x1b][0xffffffb1][0xffffffcc]w[0xffffffed][0xe]g[0xffffffb6]kwD_rm5sm[0xffffffc5]][[\r]\[Q[0xffffffd7]V[0xffffffcc][0xffffffb5][0xffffffd5][0xffffffc9][0xffffffb5];[0xffffff8a][0xffffff94]k#[0xffffff90][0xffffff94]kw,[0x9][0xffffffd7]V[0xffffffd8][0xffffffb5][0xfffffff5][0xffffffaa]k[0xffffffd5][0xffffffdc]X)[0xffffffd8]>[0xffffff84][0xffffff85][0xffffffcf][0xffffff8d]-[0xffffff83][0xffffffb9][0xffffffb1][0x15][0x7]t2q[0xffffffc6][0xffffffe6][0xffffffc6][0xffffffd6]>[0xffffff94][0xffffff83][0xffffffba][0xffffffd6]dnL[0x2][0xffffffc9][0xffffffb8][0xffffffd6]`n,[0xffffffc0][0xffffff99][0xffffffed][0xffffffda][0xffffffeb]scK[0xffffffcd][0xffffff8d][0xffffff95][0xffffffde][0xffffffa8][0xffffffb9][0xffffffb1][0xffffff85][0xffffffcf][0xffffff8d]-[0xffffff83][0xffffffb9][0xffffffb1][0x15][0x7]t2q[0xffffffc6][0xffffffe6][0xffffffc6][0xffffffd6]>[0xffffff94][0xffffff83][0xffffffba][0xffffffd6]dnL[0x2][0xffffffc9][0xffffffb8][0xffffffd6]`n,[0xffffffc0][0xffffff99][0xffffffed][0xffffffda][0xffffffcb]sc[0xffffffeb][0xffffffa6][0xffffffe6][0xffffffc6][0xffffffca][0xffffffac][0xffffffd0][0xfffffffd][0xffffffda][0xffffffc7]yP[0xffffffd7][0xffffffbe][0xffffff9f][0xffffff80]u[0xffffffed][0xffffffe7][0x19][0x8][0xffffffd7][0xffffffbe]?[0xffffff9d]p[0xffffffed][0xfffffff7]';[0xffffffb8]V[0xffffffa1]H[0xffffffb8]V[0x3]I[0xffffffb8]Va[0xffffff99][0xffffffed][0xffffffda][0x8]g[0xffffffae]k#[0xffffffa2]/[0xffffffb9][0xffffffb6][0xffffff98][0xffffffb9][0xffffffb6][0xffffffe0][0xffffffae]-[0x6][0xffffffae]-[0xffffffa8]k[0xb][0xffffffe6][0xffffffda][0xffffffe2][0xffffffe4][0xffffffda][0x1d]E[0xffffffca][0xffffffb5][0x11]H[0xffffffca][0xffffffb5];[0xffffff96][0xffffff84]k[0xb][0xffffffec][0xffffffda]r[0xffffffd5][0xffffffb5][0xffffffe2][0xffffffdb][0xffffff8e]g=&[0xffffffb4][0xffffffe7][0xffffffeb]q[0x1e][0xffffffd8][0xffffffb5][0xfffffffc][0xffffffb7][0x1d]?[0xffffffcf][0xffffffc0][0xffffffb8][0xffffff96][0xfffffffa][0xffffffb6][0xffffffe3][0xfffffff7]'{[0xffffffb8][0xffffffd6][0xffffffe3][0xffffffdb][0xffffff8e][0x1a]H[0xffffffc6][0xffffffb5][0xfffffffc][0xffffffb7][0x1d]#[0xffffff9c][0xffffffd9][0xffffffae][0xffffffbd][0xfffffffc]m[0xffffffc7]uS[0xfffffffb][0x10]j=[0xffffffa1][0xfffffffd][0xffffffb5][0xffffff8f][0xfffffff3][0xffffffc0][0xffffffae][0xffffffe5][0xfffffff7]!|[0xffffff9e][0xffffff81]q-[0xffffffb5][0xf][0xffffffe1][0xfffffffb][0xffffff93]=\[0xffffffeb][0xffffffb1][0xf]A[0x3][0xffffffc9][0xffffffb8][0xffffff96][0xffffffdf][0xffffff87][0x10][0xffffffe1][0xffffffcc]v[0xffffffed][0xffffffe5]}[0x8]o[0x7f][0x1a][0xffffffdf]![0xffffffb0][0xffffffae][0xffffffa5][0xffffffdf]![0x14][0xffffff83]w[0x8]%[0xfffffffc][0xffffffcb]Z.[0xffffffce][0xffffffd4];[0xffffff84][0xffffffe2][0xfffffff4][0xe]![0xffffffa2]H[0xffffffb9][0xffffffd6][0xffffffe5][0x1d]B[0xffffffc4][0xffffff92]p-[0xfffffffb][0xe]aG[0xfffffff4][0x5][0xffffffd7]V[0xffffffe5][0xffffffda][0xffffffb1][0xffffffa0]=_[0xffffff8f][0xfffffff3][0xffffffc0][0xffffffae][0xffffffad][0x6][0xffffffae][0xffffffad][0x1][0xffffffea]L[0xffffff9c]+[0xffffffe6][0xffffffda][0xffffffea][0xffffffe4][0xffffffda][0xffffff88]"[0xffffffe3]Z[0x5]$[0xffffffe3][0xffffffda][0xffffff88]e[0xffffffbe]kw8[0xffffffb3]][0xffffffbb]#[0xfffffffa][0xffffff82]k[0xffffffd5][0xffffffee][0xffffff99][\n]"
08:17:54.978 [TestNG-PoolService-1] DEBUG org.apache.hc.client5.http.wire -- http-outgoing-3 << "[0xfffffffe]6F[0xffffffef][0xffffff9e]y?[0x1][0xffffffed]Zr[0xfffffff7][0xffffffcc][0xfffffffb][0xffffffd3][0x19][0xffffffd7][0x1a][0xffffffed][0xffffff9e]Q(2[0xffffffae]u[0xffffffd9]=[0xffffffa3][0xffffffb0][0xffffffcc]w-[0xffffffbb]{&"[0xfffffffa][0xffffff82]k[0xffffffd5][0xffffffee][0xffffff99]:[0x17][0xfffffff6][0xe][0xffffff81][0xffffffde]=[0xfffffff3]~[0x2][0xffffffda][0xffffffb5][0xffffffe4][0xffffffee][0xffffff99][0xfffffff7][0xffffffa7]3[0xffffffae]5[0xffffffda]=[0xffffffa3]Pd\[0xffffffeb][0xffffffb2]{Fa[0xffffff99][0xffffffef]Zv[0xfffffff7]LD[0xfffffff4][0x5][0xffffffd7][0xffffffaa][0xffffffdd]3u5hF[0xfffffff7]q[0x1e][0xffffffd8][0xffffffb5][0xfffffffc][0xffffffee][0xffffff99][0xffffffcf]30[0xffffffae][0xffffffa5]v[0xffffffcf]|[0x7f][0xffffffb2][0xffffff87]k=v[0xffffffcf]h [0x19][0xffffffd7][0xfffffff2][0xffffffbb]g"[0xffffff9c][0xffffffd9][0xffffffae][0xffffffbd][0xffffffbc]{f[0xffffffdd]N[0xffffffe1][0xffffffda]v[0xffffffbb]A3[0xffffffba][0xffffff8f][0xfffffff3][0xffffffc0][0xffffffae]=[\r]\{[0x6][0xffffffa8]3q>1[0xffffffd7][0xffffff9e]N[0xffffffae][0xffffff8d](2[0xffffffae]U@2[0xffffffae][0xffffff8d]X[0xffffffe6][0xffffffbb]v[0xffffff87]3[0xffffffdb][0xffffffb5];[0xffffffa2]/[0xffffffb8]V[0xffffffed]ChGi[0xffffff94]k[0xffffffe9]}[0x8][0xffffffef]'[0xffffffa0]]K[0xffffffee]Cx[0x7f]:[0xffffffe3]Z[0xffffffa3]}[0x8][\n]"
08:17:54.978 [TestNG-PoolService-1] DEBUG org.apache.hc.client5.http.wire -- http-outgoing-3 << "E[0xffffffc6][0xffffffb5].[0xfffffffb][0x10][0x14][0xffffff96][0xfffffff9][0xffffffae]e[0xfffffff7]!DD[0x7f][0xffffffbb]k[0xf]5[0xffffffa3][0xffffffdb]Nj[0x7f][0xffffffed][0xffffffe3]<[0xffffffac]k[0xf][0xffffff83][0x19][0xffffffdd]#[0xe]C&[0xffffffe2]|`3[0xffffffba][0xffffffc7]>[0x0]I[0xffffffba]V[0xffffffa0][0xffffff88][0xffffffb8]V[0x2][0xffffff89][0xffffffb8]V`[0xffffff99][0xffffffee][0xffffffda][0x0]g[0xffffffb2]k[0x3][0xffffffa2]/[0xffffffb8]V[0xffffffcd][0xffffff8d][0xfffffff5][0xffffffdb]I[0xffffffdd]C8[0xfffffff0][0xffffffb9][0xffffffb1][0xffffffc3]`n[0xffffffec][0xffffff88][0x3]:[0xffffff99]8csc[0xffffffc7]>[0xffffff94][0xffffff83][0xffffffba][0xffffffd6]dnL[0x2][0xffffffc9][0xffffffb8][0xffffffd6]`n,[0xffffffc0][0xffffff99][0xffffffed][0xffffffda][0xffffffeb]sc[0xfffffff7]?[0xffffff8d][0xfffffff7]kY[0xffffffd7][0xffffffc2][0xfffffff7]k[0x1f]'[0xffffffe0]][0xb][0xffffffde][0xffffffaf]}<[0xffffff9d]r[0xffffffad][0xffffffcf][0xfffffffd]Z[0xffffff81]"[0xffffffe5]Z[0xffffff93][0xfffffffb][0xffffffb5][0x2]K[0xffffffc2][0xffffffb5][0xffffffe8][0xfffffffd][0xffffffda][0xffffff80][0xffffffe8][0xb][0xffffffae]U3[0xffffffba][0xffffffbd][0xe]j[0xffffff96][0xffffffe1][0xffffffc0]gt[0xf][0xffffff83][0x19][0xffffffdd]#[0xe]Cf[0xffffffe2][0xffffff8c][0xffffffcd][0xffffffe8][0x1e][0xfffffffb][0x0]$[0xffffffea]Z[0xffffff93][0x19]][0x9]$[0xffffffe3]Z[0xffffff83][0x19][0xffffffdd][0x0]g[0xffffffb6]k[0xffffffaf][0xffffffcf][0xffffffe8][0x1e]j[0xffffff96][0xffffffa1][0xffffffaf][0xffffff93][0xffffffba][0xffffff87]p[0xffffffe0][0xffffffb3][0xc][0xffffff87][0xffffffc1],[0xffffffc3][0x11]/[0xffffff8d]g[0xffffffe2][0xffffff8c][0xffffffcd]2[0x1c][0xfffffffb]Eq[0xffffffd4][0xffffffb5]&[0xffffffb3][0xc][0x12]H[0xffffffc6][0xffffffb5][0x6][0xffffffb3][0xc][0x1][0xffffffce]l[0xffffffd7]^[0xffffff9f]e8[0xffffffd4],[0xffffffc3][0xffffffa8][0xffffffd4]7[0xffffffcb][0x1f][0xffffffe7][0xffffff81]]k0[0xffffffcb]p[0xffffffc4]K[0xffffffe3][0xffffff99]8c[0xffffffb3][0xc][0xffffffc7]~Q[0x1c]u[0xffffffad][0xffffffc9],[0xffffff83][0x4][0xffffff92]q[0xffffffad][0xffffffc1],C[0xffffff80]3[0xffffffdb][0xffffffb5][0xffffffd7]g[0x19][0xe]5[0xffffffcb]0z[0x19][0xffffff94]k[0xfffffff1]Y[0xffffff86][0xffffffc3]`[0xffffff96][0xffffffe1][0xffffff88][0xffffff97][0xffffffc6]3q[0xffffffc6]f[0x19][0xffffff8e][0xfffffffd][0xffffffa2]8[0xffffffea]Z[0xffffff93]Y[0x6][0x9]$[0xffffffe3]Z[0xffffff83]Y[0xffffff86][0x0]g[0xffffffb6]k[0xffffffaf][0xffffffcf]2[0xffffffbc][0xfffffffd]?[0xffffffd1][0xffffffb5][0xffffffe7][0xffffffc0][0xffffffba][0xfffffff6][0xffffffc4]]{[0x1a][0xffffffb8][0xfffffff6][0xc]Pg[0xffffffe2]|b[0xffffffae]=[0xffffff9d]\[0x1b]Qd\[0xffffffab][0xffffff80]d\[0x1b][0xffffffb1][0xffffffcc]w[0xffffffed][0xe]g[0xffffffb6]kwD_p[0xffffffad][0xffffff9a]e[0x18][0xb][0xffffffdb]=s[0xffffffe0][0xffffffb3][0xc][0xffffff87][0xffffffc1],[0xffffffc3][0x11]/[0xffffff8d]g[0xffffffe2][0xffffff8c][0xffffffcd]2[0x1c][0xfffffffb]Eq[0xffffffd4][0xffffffb5]&[0xffffffb3][0xc][0x12]H[0xffffffc6][0xffffffb5][0x6][0xffffffb3][0xc][0x1][0xffffffce]l[0xffffffd7]^[0xffffff9f]e(j[0xffffff96][0xffffffe1][0xffffffbc][0x15][0xffffffea][0xffffffb7][0xffffffb1][0xffffff82][0xffffffcf]2[0x14][0xffffff83]Y[0xffffff86][0x12]"
08:17:54.994 [TestNG-PoolService-2] DEBUG org.apache.hc.client5.http.wire -- http-outgoing-5 << "[0xffffffcb][0xffffffc9][0xffffffb5][0x11]E[0xffffffc6][0xffffffb5][\n]"
08:17:54.994 [TestNG-PoolService-2] DEBUG org.apache.hc.client5.http.wire -- http-outgoing-5 << "H[0xffffffc6][0xffffffb5][0x11][0xffffffcb]|[0xffffffd7][0xffffffee]pf[0xffffffbb]vG[0xfffffff4][0xffffffb7][0xffffffbb]v[0xffffffdc][0xffffffc4];[0xffffff84]zbsco[0xffffffe7]a][0xfffffffb]8[0x1][0xffffffec][0xffffffda][0xffffffef]g@\[0xfffffffb]x:[0xffffffe2][0xffffffda]oO[0xffffffb6]p[0xffffffad]@[0x11]q[0xffffffad][0x4][0x12]q[0xffffffad][0xffffffc0]2[0xffffffdd][0xffffffb5][0x1][0xffffffce]d[0xffffffd7][0x6]D_p[0xffffffad][0xffffffba]_[0xffffffdb]:[0xffffffd6][0xffffffb5][0x3][0xffffffbf]_;[0xc][0xffffffee][0xffffffd7][0xffffff8e]x[0xffffff91]1[0x13]g[0xffffffec]~[0xffffffed][0xffffffd8]//[0xffffffa2][0xffffffae]5[0xffffffb9]_+[0xffffff81]d\kp[0xffffffbf]6[0xffffffc0][0xffffff99][0xffffffed][0xffffffda][0xffffffeb][0xfffffff7]k[0xffffff87][0xffffffba]_[0xffffffdb]V[0xffffffc1]\[0xffffff8b][0xffffffdf][0xffffffaf][0x1d][0x6][0xfffffff7]kG[0xffffffbc][0xffffffc8][0xffffff98][0xffffff89]3v[0xffffffbf]v[0xffffffec][0xffffff97][0x17]Q[0xffffffd7][0xffffff9a][0xffffffdc][0xffffffaf][0xffffff95]@2[0xffffffae]5[0xffffffb8]_[0x1b][0xffffffe0][0xffffffcc]v[0xffffffed][0xfffffff5][0xfffffffb][0xffffffb5]C[0xffffffdd][0xffffffaf][0xffffffed][0xffffffb7]:([0xffffffd7][0xffffffe2][0xfffffff7]k[0xffffff87][0xffffffc1][0xfffffffd][0xffffffda][0x11]/2f[0xffffffe2][0xffffff8c][0xffffffdd][0xffffffaf][0x1d][0xfffffffb][0xffffffe5]E[0xffffffd4][0xffffffb5]&[0xfffffff7]k%[0xffffff90][0xffffff8c]k[\r][0xffffffee][0xffffffd7][0x6]8[0xffffffb3]]{[0xfffffffd]~[0xffffffed]P[0xfffffffb]k[0xfffffffb]mR[0xfffffffb][0x10][0x6][0xffffffbe][0xffffffbf]v[0x18][0xffffffec][0xffffffaf][0x1d]qQh&[0xffffffce][0xffffffd8][0xfffffffe][0xffffffda][0xffffffb1]/[0x7]E]k[0xffffffb2][0xffffffbf]V[0x2][0xffffffc9][0xffffffb8][0xffffffd6]`[0x7f]m[0xffffff80]3[0xffffffdb][0xffffffb5][0xffffffd7][0xfffffff7][0xffffffd7][0xffffff8e]S[0xffffffb9][0xfffffff6][0xffffffb8]Q{[0xffffffbe][0xffffffde][0xffffffce][0x3][0xffffffbb][0xfffffff6]4p[0xffffffed][0x19][0xffffffa0][0xffffffce][0xffffffc4][0xfffffff9][0xffffffc4]\{:[0xffffffb9]6[0xffffffa2][0xffffffc8][0xffffffb8]V[0x1][0xffffffc9][0xffffffb8]6b[0xffffff99][0xffffffef][0xffffffda][0x1d][0xffffffce]l[0xffffffd7][0xffffffee][0xffffff88][0xffffffbe][0xffffffe0]Zu[0xffffffe7][0xffffffab][0xffffff97][0xffffff8e][0xffffffbd]C[0xffffffc0][0xffffffef]|[\r][0xffffff83];_#^[0xffffffae][0xffffffc9][0xffffffc4][0x19][0xffffffbb][0xfffffff3]5[0xfffffff6][0xb]5[0xffffffa8]kM[0xffffffee]|I [0x19][0xffffffd7][0x1a][0xffffffdc][0xfffffff9][\n]"
08:17:54.995 [TestNG-PoolService-2] DEBUG org.apache.hc.client5.http.wire -- http-outgoing-5 << "pf[0xffffffbb][0xfffffff6][0xfffffffa][0xffffff9d][0xffffffaf][0xfffffff3][0xffffffa6]\[0xffffffdb][0xffffffb0]}[0x8]o[0xffffffe7]a][0xfffffffb]8[0x1][0xffffffec][0xffffffda][0xffffffef]g@\[0xfffffffb]x:[0xffffffe2][0xffffffda]oO[0xffffffb6]p[0xffffffad]@[0x11]q[0xffffffad][0x4][0x12]q[0xffffffad][0xffffffc0]2[0xffffffdd][0xffffffb5][0x1][0xffffffce]d[0xffffffd7][0x6]D_p[0xffffffad][0xffffffda]_[0xffffffdb]{[0xffffffa5][0xffffffe6][0xffffffc6]N|[0x7f][0xffffffed]i[0xffffffb0][0xffffffbf][0xfffffff6][0xffffff8c][0xffffff8b]B3q[0xffffffc6][0xfffffff6][0xffffffd7][0xffffff9e][0xfffffffb]rP[0xffffffd4][0xffffffb5]&[0xfffffffb]k%[0xffffff90][0xffffff8c]k[\r][0xfffffff6][0xffffffd7][0x6]8[0xffffffb3]]{}[0x7f][0xffffffed]Y[0xffffff94]k[0xffffffcf][0x1b][0xfffffff5][0xffffffdb][0xffffffd8][0xffffffdb]y`[0xffffffd7][0x16][0x3][0xffffffd7][0xffffff96][0x0]u&[0xffffffce][0x5]smqrmD[0xffffff91]q[0xffffffad][0x2][0xffffff92]qm[0xffffffc4]2[0xffffffdf][0xffffffb5];[0xffffff9c][0xffffffd9][0xffffffae][0xffffffdd][0x11]}[0xffffffc1][0xffffffb5]j[0xffffff96][0xffffffa1][0xffffffcf][0xffffff81]u->[0xffffffcb]p[0x1a][0xffffffcc]2[0xffffff9c][0xfffffff1][0xffffffd2]x&[0xffffffce][0xffffffd8],[0xffffffc3][0xffffffb9]_[0x14]G]k2[0xffffffcb] [0xffffff81]d\k0[0xffffffcb][0x10][0xffffffe0][0xffffffcc]v[0xffffffed][0xfffffff5]Y[0xffffff86]S[0xffffffcd]2[0xffffff8c][0xffffffd2]n[0xffffff94]k[0xfffffff1]Y[0xffffff86][0xffffffd3]`[0xffffff96][0xffffffe1][0xffffff8c][0xffffff97][0xffffffc6]3q[0xffffffc6]f[0x19][0xffffffce][0xfffffffd][0xffffffa2]8[0xffffffea]Z[0xffffff93]Y[0x6][0x9]$[0xffffffe3]Z[0xffffff83]Y[0xffffff86][0x0]g[0xffffffb6]k[0xffffffaf][0xffffffcf]2[0xffffff9c]j[0xffffff96]a[0xffffffd4]I[0xffffffed]C8[0xfffffff1]Y[0xffffff86][0xffffffd3]`[0xffffff96][0xffffffe1][0xffffff8c][0xffffff97][0xffffffc6]3q[0xffffffc6]f[0x19][0xffffffce][0xfffffffd][0xffffffa2]8[0xffffffea]Z[0xffffff93]Y[0x6][0x9]$[0xffffffe3]Z[0xffffff83]Y[0xffffff86][0x0]g[0xffffffb6]k[0xffffffaf][0xffffffcf]2[0xffffff9c]j[0xffffff96]a[0xffffff9c][0xffffff9d][0xffffffba]_{[0xffffffe2][0xffffffb3][0xc][0xffffffa7][0xffffffc1],[0xffffffc3][0x19]/[0xffffff8d]g[0xffffffe2][0xffffff8c][0xffffffcd]2[0xffffff9c][0xfffffffb]Eq[0xffffffd4][0xffffffb5]&[0xffffffb3][0xc][0x12]H[0xffffffc6][0xffffffb5][0x6][0xffffffb3][0xc][0x1][0xffffffce]l[0xffffffd7]^[0xffffff9f]e8O[0xffffffe1][0xffffffda][0xffffffb3]r[0xffffffae]=q[0xffffffd7][0xffffff9e][0x6][0xffffffae]=[0x3][0xffffffd4][0xffffff99]8[0xffffff9f][0xffffff98]kO'[0xffffffd7]F[0x14][0x19][0xffffffd7]* [0x19][0xffffffd7]F,[0xfffffff3]][0xffffffbb][0xffffffc3][0xffffff99][0xffffffed][0xffffffda][0x1d][0xffffffd1][0x17]\[0xffffffab]v[0xffffff85][0xffffff9f][0xffffffa3]Q[0xffffffb3][0xc]'[0xffffffbe]+[0xfffffffc]4[0xffffffd8][0x15]~[0xffffffc6][0xffffffa5][0xffffffcc][0xffffff99]8c[0xffffffbb][0xffffffc2][0xffffffcf]}[0x11]3[0xffffffea]Z[0xffffff93]][0xffffffe1][0x12]H[0xffffffc6][0xffffffb5][0x6][0xffffffbb][0xffffffc2][0x3][0xffffff9c][0xffffffd9][0xffffffae][0xffffffbd][0xffffffbe]+[0xfffffffc]Tsc[0xffffffe7][0xffffffd9][0xffffffb1][0xffffffdf][0xffffffc6][0xfffffff0][0xffffffb9][0xffffffb1][0xffffffd3]`n[0xffffffec][0xffffff8c][0x3]:[0xffffff99]8csc[0xffffffe7]>[0xffffff94][0xffffff83][0xffffffba][0xffffffd6]dnL[0x2][0xffffffc9][0xffffffb8][0xffffffd6]`n,[0xffffffc0][0xffffff99][0xffffffed][0xffffffda][0xffffffeb]sc[0xfffffff3][0xfffffff6]K[0xffffff8b][0xffffffae][0xffffff9d][0xffffffd8][0xfffffffd][0xffffffda][0xffffffb7][0xfffffff3][0xffffffb0][0xffffffae]}[0xffffff9c][0x0]v[0xffffffed][0xfffffff7]3 [0xffffffae]}<[0x1d]q[0xffffffed][0xffffffb7]'[[0xffffffb8]V[0xffffffa0][0xffffff88][0xffffffb8]V[0x2][0xffffff89][0xffffffb8]V`[0xffffff99][0xffffffee][0xffffffda][0x0]g[0xffffffb2]k[0x3][0xffffffa2]/[0xffffffb8]V[0xffffffcd][0xffffff8d][0xffffff9d][0xffffffab]c[0xffffffae][0xffffffc5][0xffffffe7][0xffffffc6][0xffffffa6][0xffffffc1][0xffffffdc][0xffffffd8][0xffffff8c][0x3]:[0xffffff99]8cscs[0x1f][0xffffffca]A]k27&[0xffffff81]d\k07[0x16][0xffffffe0][0xffffffcc]v[0xffffffed][0xfffffff5][0xffffffb9][0xffffffb1][0xffffffa9][0xffffffe6][0xffffffc6]f[0xffffff99][0xffffffd4]wt'>76[\r][0xffffffe6][0xffffffc6]f[0x1c][0xffffffd0][0xffffffc9][0xffffffc4][0x19][0xffffff9b][0x1b][0xffffff9b][0xfffffffb]P[0xe][0xffffffea]Z[0xffffff93][0xffffffb9]1[0x9]$[0xffffffe3]Z[0xffffff83][0xffffffb9][0xffffffb1][0x0]g[0xffffffb6]k[0xffffffaf][0xffffffcf][0xffffff8d]M576[0xfffffffb][0xffffffa2]v[0xffffffcf]L|nl[0x1a][0xffffffcc][0xffffff8d][0xffffffcd]8[0xffffffa0][0xffffff93][0xffffff89]3676[0xfffffff7][0xffffffa1][0x1c][0xffffffd4][0xffffffb5]&sc[0x12]H[0xffffffc6][0xffffffb5][0x6]sc[0x1][0xffffffce]l[0xffffffd7]^[0xffffff9f][0x1b][0xffffff9b]jnl[0xffffffae]F[0xffffffcd][0xffffffe8]N|nl[0x1a][0xffffffcc][0xffffff8d][0xffffffcd]8[0xffffffa0][0xffffff93][0xffffff89]3676[0xfffffff7][0xffffffa1][0x1c][0xffffffd4][0xffffffb5]&sc[0x12]H[0xffffffc6][0xffffffb5][0x6]sc[0x1][0xffffffce]l[0xffffffd7]^[0xffffff9f][0x1b][0xffffff9b]jnl[0xffffff95][0xffffff83][0xffffff9a][0x1b][0xffffff9b][0xfffffff8][0xffffffdc][0xffffffd8]4[0xffffff98][0x1b][0xffffff9b]q@'[0x13]glnl[0xffffffee]C9[0xffffffa8]kM[0xffffffe6][0xffffffc6]$[0xffffff90][0xffffff8c]k[\r][0xffffffe6][0xffffffc6][0x2][0xffffff9c][0xffffffd9][0xffffffae][0xffffffbd]>76[0xffffffd5][0xffffffdc][0xffffffd8]j[0xffffffd8][0xffffff9d][0xffffffaf][0xffffff89][0xffffffcf][0xffffff8d]M[0xffffff83][0xffffffb9][0xffffffb1][0x19][0x7]t2q[0xffffffc6][0xffffffe6][0xffffffc6][0xffffffe6]>[0xffffff94][0xffffff83][0xffffffba][0xffffffd6]dnL[0x2][0xffffffc9][0xffffffb8][0xffffffd6]`n,[0xffffffc0][0xffffff99][0xffffffed][0xffffffda][0xffffffeb]sc[0xfffffff3]T[0xffffffae][0xffffff9d][0xffffff95][0xffffff9a][0x1b]{;[0xf][0xffffffec][0xffffffda][0xffffffd3][0xffffffc0][0xffffffb5]g[0xffffff80]:[0x13][0xffffffe7][0x13]s[0xffffffed][0xffffffe9][0xffffffe4][0xffffffda][0xffffff88]"[0xffffffe3]Z[0x5]$[0xffffffe3][0xffffffda][0xffffff88]e[0xffffffbe]kw8[0xffffffb3]][0xffffffbb]#[0xfffffffa][0xffffff82]k[0xffffffc5][0xffffffdc][0xffffffd8]y[0xffffffbb][\r][0xffffffec][0xffffffce][0x17]>76[\r][0xffffffe6][0xffffffc6]f[0x1c][0xffffffd0][0xffffffc9][0xffffffc4][0x19][0xffffff9b][0x1b][0xffffff9b][0xfffffffb]P[0xe][0xffffffea]Z[0xffffff93][0xffffffb9]1[0x9]$[0xffffffe3]Z[0xffffff83][0xffffffb9][0xffffffb1][0x0]g[0xffffffb6]k[0xffffffaf][0xffffffcf][0xffffff8d]M17v[0xffffffde]*w[0xffffffe7][0xb][0xffffff9f][0x1b][0xffffff9b][0x6]sc3[0xe][0xffffffe8]d[0xffffffe2][0xffffff8c][0xffffffcd][0xffffff8d][0xffffffcd]}([0x7]u[0xffffffad][0xffffffc9][0xffffffdc][0xffffff98][0x4][0xffffff92]q[0xffffffad][0xffffffc1][0xffffffdc]X[0xffffff80]3[0xffffffdb][0xffffffb5][0xffffffd7][0xffffffe7][0xffffffc6][0xffffff96][0xfffffff8][0xffffffde][0xffffffd8]y[0x1b][0xffffffd8][0xffffffae][0xfffffff0][0xffffff85][0x7f]ol[0x19]|ol[0xffffffc5][0xf];%[0xffffffe2][0xffffffbc][0xffffffb0][0xffffffef][0xffffff8d][0xffffffad][0xfffffffd]cN[0xffffffa4]k[0x5][0xffffff8a][0xffffff88]k%[0xffffff90][0xffffff88]k[0x5][0xffffff96][0xffffffe9][0xffffffae][\r]p&[0xffffffbb]6 [0xfffffffa][0xffffff82]k[0xffffffc5],[0xffffffc3]y[[0x5]s->[0xffffffcb][0xffffffb0][0xc]f[0x19]V[0xffffffbc]4[0xffffff9e][0xffffff89]36[0xffffffcb][0xffffffb0][0xfffffff6][0xffffff8b][0xffffffe2][0xffffffa8]kMf[0x19]$[0xffffff90][0xffffff8c]"
08:17:55.010 [TestNG-PoolService-2] DEBUG org.apache.hc.client5.http.wire -- http-outgoing-5 << "k[\r]f[0x19][0x2][0xffffff9c][0xffffffd9][0xffffffae][0xffffffbd]>[0xffffffcb][0xffffffb0][0xffffffc4],[0xffffffc3][0xffffffdd][0xffffffb5][0xffffffd8][0xffffffae][0xfffffff0][0xffffff85][0xffffffcf]2,[0xffffff83]Y[0xffffff86][0x15]/[0xffffff8d]g[0xffffffe2][0xffffff8c][0xffffffcd]2[0xffffffac][0xfffffffd][0xffffffa2]8[0xffffffea]Z[0xffffff93]Y[0x6][0x9]$[0xffffffe3]Z[0xffffff83]Y[0xffffff86][0x0]g[0xffffffb6]k[0xffffffaf][0xffffffcf]2,1[0xffffffcb]p[0x1e][0xffffffc7][0xffffffad]Q[0xffffffae][0xffffffc5]g[0x19][0xffffff96][0xffffffc1],[0xffffffc3][0xffffff8a][0xffffff97][0xffffffc6]3q[0xffffffc6]f[0x19][0xffffffd6]~Q[0x1c]u[0xffffffad][0xffffffc9],[0xffffff83][0x4][0xffffff92]q[0xffffffad][0xffffffc1],C[0xffffff80]3[0xffffffdb][0xffffffb5][0xffffffd7]g[0x19][0xffffff96][0xffffff98]e8[0xffffff8f]z[0x14][0xffffffca][0xffffffb5][0xfffffff8],[0xffffffc3]2[0xffffff98]eX[0xfffffff1][0xffffffd2]x&[0xffffffce][0xffffffd8],[0xffffffc3][0xffffffda]/[0xffffff8a][0xffffffa3][0xffffffae]5[0xffffff99]e[0xffffff90]@2[0xffffffae]5[0xffffff98]e[0x8]pf[0xffffffbb][0xfffffff6][0xfffffffa],[0xffffffc3][0x12][0xffffffb3][0xc][0xffffffe7]1[0x1a][0xffffffd6][0xffffffb5][0xfffffff8],[0xffffffc3]2[0xffffff98]eX[0xfffffff1][0xffffffd2]x&[0xffffffce][0xffffffd8],[0xffffffc3][0xffffffda]/[0xffffff8a][0xffffffa3][0xffffffae]5[0xffffff99]e[0xffffff90]@2[0xffffffae]5[0xffffff98]e[0x8]pf[0xffffffbb][0xfffffff6][0xfffffffa],[0xffffffc3]:[0xffffff95]k[0xffffffd7][0xffffffc4][0xffffffba][0xfffffff6][0xffffffc4]]{[0x1a][0xffffffb8][0xfffffff6][0xc]Pg[0xffffffe2]|b[0xffffffae]=[0xffffff9d]\[0x1b]Qd\[0xffffffab][0xffffff80]d\[0x1b][0xffffffb1][0xffffffcc]w[0xffffffed][0xe]g[0xffffffb6]kwD_rm5sm[0xffffffc5]][[\r]\[Q[0xffffffd7]V[0xffffffcc][0xffffffb5][0xffffffd5][0xffffffc9][0xffffffb5];[0xffffff8a][0xffffff94]k#[0xffffff90][0xffffff94]kw,[0x9][0xffffffd7]V[0xffffffd8][0xffffffb5][0xfffffff5][0xffffffaa]k[0xffffffd5][0xffffffdc]X)[0xffffffd8]>[0xffffff84][0xffffff85][0xffffffcf][0xffffff8d]-[0xffffff83][0xffffffb9][0xffffffb1][0x15][0x7]t2q[0xffffffc6][0xffffffe6][0xffffffc6][0xffffffd6]>[0xffffff94][0xffffff83][0xffffffba][0xffffffd6]dnL[0x2][0xffffffc9][0xffffffb8][0xffffffd6]`n,[0xffffffc0][0xffffff99][0xffffffed][0xffffffda][0xffffffeb]scK[0xffffffcd][0xffffff8d][0xffffff95][0xffffffde][0xffffffa8][0xffffffb9][0xffffffb1][0xffffff85][0xffffffcf][0xffffff8d]-[0xffffff83][0xffffffb9][0xffffffb1][0x15][0x7]t2q[0xffffffc6][0xffffffe6][0xffffffc6][0xffffffd6]>[0xffffff94][0xffffff83][0xffffffba][0xffffffd6]dnL[0x2][0xffffffc9][0xffffffb8][0xffffffd6]`n,[0xffffffc0][0xffffff99][0xffffffed][0xffffffda][0xffffffcb]sc[0xffffffeb][0xffffffa6][0xffffffe6][0xffffffc6][0xffffffca][0xffffffac][0xffffffd0][0xfffffffd][0xffffffda][0xffffffc7]yP[0xffffffd7][0xffffffbe][0xffffff9f][0xffffff80]u[0xffffffed][0xffffffe7][0x19][0x8][0xffffffd7][0xffffffbe]?[0xffffff9d]p[0xffffffed][0xfffffff7]';[0xffffffb8]V[0xffffffa1]H[0xffffffb8]V[0x3]I[0xffffffb8]Va[0xffffff99][0xffffffed][0xffffffda][0x8]g[0xffffffae]k#[0xffffffa2]/[0xffffffb9][0xffffffb6][0xffffff98][0xffffffb9][0xffffffb6][0xffffffe0][0xffffffae]-[0x6][0xffffffae]-[0xffffffa8]k[0xb][0xffffffe6][0xffffffda][0xffffffe2][0xffffffe4][0xffffffda][0x1d]E[0xffffffca][0xffffffb5][0x11]H[0xffffffca][0xffffffb5];[0xffffff96][0xffffff84]k[0xb][0xffffffec][0xffffffda]r[0xffffffd5][0xffffffb5][0xffffffe2][0xffffffdb][0xffffff8e]g=&[0xffffffb4][0xffffffe7][0xffffffeb]q[0x1e][0xffffffd8][0xffffffb5][0xfffffffc][0xffffffb7][0x1d]?[0xffffffcf][0xffffffc0][0xffffffb8][0xffffff96][0xfffffffa][0xffffffb6][0xffffffe3][0xfffffff7]'{[0xffffffb8][0xffffffd6][0xffffffe3][0xffffffdb][0xffffff8e][0x1a]H[0xffffffc6][0xffffffb5][0xfffffffc][0xffffffb7][0x1d]#[0xffffff9c][0xffffffd9][0xffffffae][0xffffffbd][0xfffffffc]m[0xffffffc7]uS[0xfffffffb][0x10]j=[0xffffffa1][0xfffffffd][0xffffffb5][0xffffff8f][0xfffffff3][0xffffffc0][0xffffffae][0xffffffe5][0xfffffff7]!|[0xffffff9e][0xffffff81]q-[0xffffffb5][0xf][0xffffffe1][0xfffffffb][0xffffff93]=\[0xffffffeb][0xffffffb1][0xf]A[0x3][0xffffffc9][0xffffffb8][0xffffff96][0xffffffdf][0xffffff87][0x10][0xffffffe1][0xffffffcc]v[0xffffffed][0xffffffe5]}[0x8]o[0x7f][0x1a][0xffffffdf]![0xffffffb0][0xffffffae][0xffffffa5][0xffffffdf]![0x14][0xffffff83]w[0x8]%[0xfffffffc][0xffffffcb]Z.[0xffffffce][0xffffffd4];[0xffffff84][0xffffffe2][0xfffffff4][0xe]![0xffffffa2]H[0xffffffb9][0xffffffd6][0xffffffe5][0x1d]B[0xffffffc4][0xffffff92]p-[0xfffffffb][0xe]aG[0xfffffff4][0x5][0xffffffd7]V[0xffffffe5][0xffffffda][0xffffffb1][0xffffffa0]=_[0xffffff8f][0xfffffff3][0xffffffc0][0xffffffae][0xffffffad][0x6][0xffffffae][0xffffffad][0x1][0xffffffea]L[0xffffff9c]+[0xffffffe6][0xffffffda][0xffffffea][0xffffffe4][0xffffffda][0xffffff88]"[0xffffffe3]Z[0x5]$[0xffffffe3][0xffffffda][0xffffff88]e[0xffffffbe]kw8[0xffffffb3]][0xffffffbb]#[0xfffffffa][0xffffff82]k[0xffffffd5][0xffffffee][0xffffff99][\n]"
08:17:55.011 [TestNG-PoolService-2] DEBUG org.apache.hc.client5.http.wire -- http-outgoing-5 << "[0xfffffffe]6F[0xffffffef][0xffffff9e]y?[0x1][0xffffffed]Zr[0xfffffff7][0xffffffcc][0xfffffffb][0xffffffd3][0x19][0xffffffd7][0x1a][0xffffffed][0xffffff9e]Q(2[0xffffffae]u[0xffffffd9]=[0xffffffa3][0xffffffb0][0xffffffcc]w-[0xffffffbb]{&"[0xfffffffa][0xffffff82]k[0xffffffd5][0xffffffee][0xffffff99]:[0x17][0xfffffff6][0xe][0xffffff81][0xffffffde]=[0xfffffff3]~[0x2][0xffffffda][0xffffffb5][0xffffffe4][0xffffffee][0xffffff99][0xfffffff7][0xffffffa7]3[0xffffffae]5[0xffffffda]=[0xffffffa3]Pd\[0xffffffeb][0xffffffb2]{Fa[0xffffff99][0xffffffef]Zv[0xfffffff7]LD[0xfffffff4][0x5][0xffffffd7][0xffffffaa][0xffffffdd]3u5hF[0xfffffff7]q[0x1e][0xffffffd8][0xffffffb5][0xfffffffc][0xffffffee][0xffffff99][0xffffffcf]30[0xffffffae][0xffffffa5]v[0xffffffcf]|[0x7f][0xffffffb2][0xffffff87]k=v[0xffffffcf]h [0x19][0xffffffd7][0xfffffff2][0xffffffbb]g"[0xffffff9c][0xffffffd9][0xffffffae][0xffffffbd][0xffffffbc]{f[0xffffffdd]N[0xffffffe1][0xffffffda]v[0xffffffbb]A3[0xffffffba][0xffffff8f][0xfffffff3][0xffffffc0][0xffffffae]=[\r]\{[0x6][0xffffffa8]3q>1[0xffffffd7][0xffffff9e]N[0xffffffae][0xffffff8d](2[0xffffffae]U@2[0xffffffae][0xffffff8d]X[0xffffffe6][0xffffffbb]v[0xffffff87]3[0xffffffdb][0xffffffb5];[0xffffffa2]/[0xffffffb8]V[0xffffffed]ChGi[0xffffff94]k[0xffffffe9]}[0x8][0xffffffef]'[0xffffffa0]]K[0xffffffee]Cx[0x7f]:[0xffffffe3]Z[0xffffffa3]}[0x8][\n]"
08:17:55.011 [TestNG-PoolService-2] DEBUG org.apache.hc.client5.http.wire -- http-outgoing-5 << "E[0xffffffc6][0xffffffb5].[0xfffffffb][0x10][0x14][0xffffff96][0xfffffff9][0xffffffae]e[0xfffffff7]!DD[0x7f][0xffffffbb]k[0xf]5[0xffffffa3][0xffffffdb]Nj[0x7f][0xffffffed][0xffffffe3]<[0xffffffac]k[0xf][0xffffff83][0x19][0xffffffdd]#[0xe]C&[0xffffffe2]|`3[0xffffffba][0xffffffc7]>[0x0]I[0xffffffba]V[0xffffffa0][0xffffff88][0xffffffb8]V[0x2][0xffffff89][0xffffffb8]V`[0xffffff99][0xffffffee][0xffffffda][0x0]g[0xffffffb2]k[0x3][0xffffffa2]/[0xffffffb8]V[0xffffffcd][0xffffff8d][0xfffffff5][0xffffffdb]I[0xffffffdd]C8[0xfffffff0][0xffffffb9][0xffffffb1][0xffffffc3]`n[0xffffffec][0xffffff88][0x3]:[0xffffff99]8csc[0xffffffc7]>[0xffffff94][0xffffff83][0xffffffba][0xffffffd6]dnL[0x2][0xffffffc9][0xffffffb8][0xffffffd6]`n,[0xffffffc0][0xffffff99][0xffffffed][0xffffffda][0xffffffeb]sc[0xfffffff7]?[0xffffff8d][0xfffffff7]kY[0xffffffd7][0xffffffc2][0xfffffff7]k[0x1f]'[0xffffffe0]][0xb][0xffffffde][0xffffffaf]}<[0xffffff9d]r[0xffffffad][0xffffffcf][0xfffffffd]Z[0xffffff81]"[0xffffffe5]Z[0xffffff93][0xfffffffb][0xffffffb5][0x2]K[0xffffffc2][0xffffffb5][0xffffffe8][0xfffffffd][0xffffffda][0xffffff80][0xffffffe8][0xb][0xffffffae]U3[0xffffffba][0xffffffbd][0xe]j[0xffffff96][0xffffffe1][0xffffffc0]gt[0xf][0xffffff83][0x19][0xffffffdd]#[0xe]Cf[0xffffffe2][0xffffff8c][0xffffffcd][0xffffffe8][0x1e][0xfffffffb][0x0]$[0xffffffea]Z[0xffffff93][0x19]][0x9]$[0xffffffe3]Z[0xffffff83][0x19][0xffffffdd][0x0]g[0xffffffb6]k[0xffffffaf][0xffffffcf][0xffffffe8][0x1e]j[0xffffff96][0xffffffa1][0xffffffaf][0xffffff93][0xffffffba][0xffffff87]p[0xffffffe0][0xffffffb3][0xc][0xffffff87][0xffffffc1],[0xffffffc3][0x11]/[0xffffff8d]g[0xffffffe2][0xffffff8c][0xffffffcd]2[0x1c][0xfffffffb]Eq[0xffffffd4][0xffffffb5]&[0xffffffb3][0xc][0x12]H[0xffffffc6][0xffffffb5][0x6][0xffffffb3][0xc][0x1][0xffffffce]l[0xffffffd7]^[0xffffff9f]e8[0xffffffd4],[0xffffffc3][0xffffffa8][0xffffffd4]7[0xffffffcb][0x1f][0xffffffe7][0xffffff81]]k0[0xffffffcb]p[0xffffffc4]K[0xffffffe3][0xffffff99]8c[0xffffffb3][0xc][0xffffffc7]~Q[0x1c]u[0xffffffad][0xffffffc9],[0xffffff83][0x4][0xffffff92]q[0xffffffad][0xffffffc1],C[0xffffff80]3[0xffffffdb][0xffffffb5][0xffffffd7]g[0x19][0xe]5[0xffffffcb]0z[0x19][0xffffff94]k[0xfffffff1]Y[0xffffff86][0xffffffc3]`[0xffffff96][0xffffffe1][0xffffff88][0xffffff97][0xffffffc6]3q[0xffffffc6]f[0x19][0xffffff8e][0xfffffffd][0xffffffa2]8[0xffffffea]Z[0xffffff93]Y[0x6][0x9]$[0xffffffe3]Z[0xffffff83]Y[0xffffff86][0x0]g[0xffffffb6]k[0xffffffaf][0xffffffcf]2[0xffffffbc][0xfffffffd]?[0xffffffd1][0xffffffb5][0xffffffe7][0xffffffc0][0xffffffba][0xfffffff6][0xffffffc4]]{[0x1a][0xffffffb8][0xfffffff6][0xc]Pg[0xffffffe2]|b[0xffffffae]=[0xffffff9d]\[0x1b]Qd\[0xffffffab][0xffffff80]d\[0x1b][0xffffffb1][0xffffffcc]w[0xffffffed][0xe]g[0xffffffb6]kwD_p[0xffffffad][0xffffff9a]e[0x18][0xb][0xffffffdb]=s[0xffffffe0][0xffffffb3][0xc][0xffffff87][0xffffffc1],[0xffffffc3][0x11]/[0xffffff8d]g[0xffffffe2][0xffffff8c][0xffffffcd]2[0x1c][0xfffffffb]Eq[0xffffffd4][0xffffffb5]&[0xffffffb3][0xc][0x12]H[0xffffffc6][0xffffffb5][0x6][0xffffffb3][0xc][0x1][0xffffffce]l[0xffffffd7]^[0xffffff9f]e(j[0xffffff96][0xffffffe1][0xffffffbc][0x15][0xffffffea][0xffffffb7][0xffffffb1][0xffffff82][0xffffffcf]2[0x14][0xffffff83]Y[0xffffff86][0x12]/[0xffffff8d]'[0xffffffe2]\[0xffffffb0]Y[0xffffff86][0xffffffb2]_[0x14]']+PD\+[0xffffff81]D\+[0xffffffb0]Lwm[0xffffff80]3[0xffffffd9][0xffffffb5][0x1][0xffffffd1][0x17]\[0xffffffab][0xffffffee]|[0xffffff9d]G[0xffffffa7]v[0xffffffcf][0x14][0xfffffffc][0xffffffce]W1[0xffffffb8][0xfffffff3]U[0xffffffe2][0xffffffe5][0xffffff9a]L[0xffffff9c][0xffffffb1];_e[0xffffffbf]P[0xffffff83][0xffffffba][0xffffffd6][0xffffffe4][0xffffffce][0xffffff97][0x4][0xffffff92]q[0xffffffad][0xffffffc1][0xffffff9d][0xffffffaf][0x0]g"
08:17:55.049 [TestNG-PoolService-2] DEBUG org.apache.hc.client5.http.wire -- http-outgoing-5 << "[0xffffffb6]k[0xffffffaf][0xffffffdf][0xfffffff9]*[0xffffffea][0xffffffbb][0xc][0xffffffac]k[0xffffffe1]Y[0xffffff86]b[0xfffffff0]][0xffffff86][0x12][0x17][0xffffffe0][0xffffffe7][0xffffffe2][0xc][0xffffffcd]2[0xffffff94]}[0xffffffe9]=[0xffffffec]Z[0xffffff8b]Y[0x6][0x9]$[0xffffffe5]Z|[0xffffff96]![0xffffffc0][0xffffff99][0xffffffef][0xffffffda][0xffffffab][0xffffffb3][0xc][0xffffffa5][0xffffffaa][0xffffffae]m[0xffffff9d][0xffffff9a]ex;[0xf][0xffffffec][0xffffffda]j[0xffffffd0][0xffffffb5]5[0x4]D&[0xffffffce][0x15][0xffffffeb][0xffffffda][0xffffffea][0xffffffd4][0xffffffb5][0x11]E[0xffffffc6][0xffffffb5][\n]"
08:17:55.050 [TestNG-PoolService-2] DEBUG org.apache.hc.client5.http.wire -- http-outgoing-5 << "H[0xffffffc6][0xffffffb5][0x11][0xffffffcb]|[0xffffffd7][0xffffffee]pf[0xffffffbb]vG[0xfffffff4][0x5][0xffffffd7]6[0xffffffd5][0xffffffb5]cb][0xffffffdb][0xfffffff0][0xffffffae]m[0x6]][0xffffffdb]B@d[0xffffffe2][0xffffffdc][0xffffffb0][0xffffffae]mN][0x1b]Qd\[0xffffffab][0xffffff80]d\[0x1b][0xffffffb1][0xffffffcc]w[0xffffffed][0xe]g[0xffffffb6]kwD_p[0xffffffad][0xffffff9a]e[0xffffff98][0xffffffb7][0xffffffd1])[0xffffffd7][0xffffffe2][0xffffffb3][0xc][0xffffffc5]`[0xffffff96][0xffffffa1][0xffffffc4]K[0xffffffe3][0xffffff99]8c[0xffffffb3][0xc]e[0xffffffbf]([0xffffff8e][0xffffffba][0xffffffd6]d[0xffffff96]A[0x2][0xffffffc9][0xffffffb8][0xffffffd6]`[0xffffff96]![0xffffffc0][0xffffff99][0xffffffed][0xffffffda][0xffffffeb][0xffffffb3][0xc]E[0xffffffcd]2[0xffffffcc][0xffffffda][0x16][0xffffffe5]Z|[0xffffff96][0xffffffa1][0x18][0xffffffcc]2[0xffffff94]xi<[0x13]gl[0xffffff96][0xffffffa1][0xffffffec][0x17][0xffffffc5]Q[0xffffffd7][0xffffff9a][0xffffffcc]2H [0x19][0xffffffd7][0x1a][0xffffffcc]2[0x4]8[0xffffffb3]]{}[0xffffff96][0xffffffa1][0xffffff9c][0xffffffca][0xffffffb5][0xffffffa3]`[0xffffffae]=q[0xffffffd7][0xffffff9e][0x6][0xffffffae]=[0x3][0xffffffd4][0xffffff99]8[0xffffff9f][0xffffff98]kO'[0xffffffd7]F[0x14][0x19][0xffffffd7]* [0x19][0xffffffd7]F,[0xfffffff3]][0xffffffbb][0xffffffc3][0xffffff99][0xffffffed][0xffffffda][0x1d][0xffffffd1][0x17]\[0xffffffab]f[0x19]&[0xfffffff7][0xffffffbd][0xffffffb1][0xffffff82][0xffffffcf]2[0x14][0xffffff83]Y[0xffffff86][0x12]/[0xffffff8d]g[0xffffffe2][0xffffff8c][0xffffffcd]2[0xffffff94][0xfffffffd][0xffffffa2]8[0xffffffea]Z[0xffffff93]Y[0x6][0x9]$[0xffffffe3]Z[0xffffff83]Y[0xffffff86][0x0]g[0xffffffb6]k[0x7f]b[0xffffff96]a[0x9][0xffffffd7][0xffffffae][0xffffffd2][0xffffffa9]}[0x8]o[0xffffffe7][0xffffff81]][0xffffffbb][0xc]\[0xffffffbb][0x2][0xffffffd4][0xffffff99]8/[0xffffffcc][0xffffffb5][0xffffffcb][0xffffffc9][0xffffffb5][0x11]E[0xffffffc6][0xffffffb5][\n]"
08:17:55.050 [TestNG-PoolService-2] DEBUG org.apache.hc.client5.http.wire -- http-outgoing-5 << "H[0xffffffc6][0xffffffb5][0x11][0xffffffcb]|[0xffffffd7][0xffffffee]pf[0xffffffbb]vG[0xfffffff4][0xffffffb7][0xffffffbb][0xffffffb6][0xffffffaa][0xffffffb9][0xffffffb1][0xffffffd5]f[0xffffff83]\[[0xfffffff1][0xffffffb9][0xffffffb1]j07V[0xffffffe3][0xffffff80]N"[0xffffffce][0x15][0xffffff9b][0x1b][0xffffffab][0xfffffffb]P[0xe][0xffffffe9]Z[0xffffff81]"[0xffffffe2]Z[0x9]$[0xffffffe2]Z[0xffffff81]e[0xffffffba]k[0x3][0xffffff9c][0xffffffc9][0xffffffae][\r][0xffffff88][0xffffffbe][0xffffffe0]Z[0xfffffff5][\r][0xffffff9c]ub[0xffffffef][0x10]*[0xfffffffe][\r][0xffffff9c]j[0xfffffff0][\r][0xffffff9c][0x1a]?6[0xffffff92][0xffffff89]3[0xfffffff6][\r][0xffffff9c][0xffffffba][0x7f]`[0x4]u[0xffffffad][0xffffffc9]7p$[0xffffff90][0xffffff8c]k[\r][0xffffffbe][0xffffff81][0x13][0xffffffe0][0xffffffcc]v[0xffffffed][0xfffffff5]o[0xffffffe0]T1[0xffffffa3];o[0xffffffb7]rP[0xffffffae][0xffffffc5]gt[0xffffffab][0xffffffc1][0xffffff8c]n[0xffffff8d][0xffffffc3][0xffffff90][0xffffff99]8c3[0xffffffba]u[0x1f][0xffffff80]D]k2[0xffffffa3]+[0xffffff81]d\k0[0xffffffa3][0x1b][0xffffffe0][0xffffffcc]v[0xffffffed][0xfffffff5][0x19][0xffffffdd]*[0xffffffe6][0xffffffc6][0xffffffee][0xffffffae][0xffffffe5][0xffffffba][0x16][0xffffff9f][0x1b][0xffffffab][0x6]sc5[0xe][0xffffffe8]d[0xffffffe2][0xffffff8c][0xffffffcd][0xffffff8d][0xffffffd5]}([0x7]u[0xffffffad][0xffffffc9][0xffffffdc][0xffffff98][0x4][0xffffff92]q[0xffffffad][0xffffffc1][0xffffffdc]X[0xffffff80]3[0xffffffdb][0xffffffb5][0xffffffd7][0xffffffe7][0xffffffc6][0xffffffaa][0xfffffff8][0x6][0xffffffce][0xffffffdd][0xffffffb5][0xffffff93][0xffffffda][0xfffffff3]U[0xfffffff1]o[0xffffffe0]T[0xffffff83]o[0xffffffe0][0xffffffd4][0xfffffff8][0xffffffb1][0xffffff91]L[0xffffff9c][0xffffffb1]o[0xffffffe0][0xffffffd4][0xfffffffd][0x3]#[0xffffffa8]kM[0xffffffbe][0xffffff81]#[0xffffff81]d\k[0xfffffff0][\r][0xffffff9c][0x0]g[0xffffffb6]k[0xffffffaf][0x7f][0x3][0xffffffa7][0xffffff8a][0xffffffb9][0xffffffb1]y+7[0xffffffea][0x1e]B[0xffffffc5][0xffffffe7][0xffffffc6][0xffffffaa][0xffffffc1][0xffffffdc]X[0xffffff8d][0x3]:[0xffffff99]8cscu[0x1f][0xffffffca]A]k27&[0xffffff81]d\k07[0x16][0xffffffe0][0xffffffcc]v[0xffffffed][0xfffffff5][0xffffffb9][0xffffffb1]*[0xffffffe6][0xffffffc6][0xffffffe6][0xffffffad]W[0xffffffac]k[0xfffffff1][0xffffffb9][0xffffffb1]j07V[0xffffffe3][0xffffff80]N&[0xffffffce][0xffffffd8][0xffffffdc]X[0xffffffdd][0xffffff87]rP[0xffffffd7][0xffffff9a][0xffffffcc][0xffffff8d]I [0x19][0xffffffd7][0x1a][0xffffffcc][0xffffff8d][0x5]8[0xffffffb3]]{}n[0xffffffac][0xffffff9e][0xffffffca][0xffffffb5][0xfffffff3][0xffffffc0]~[0x1b];q[0xffffffd7][0xffffff9e][0x6][0xffffffae]=[0x3][0xffffffd4][0xffffff99]8[0xffffff9f][0xffffff98]kO'[0xffffffd7]F[0x14][0x19][0xffffffd7]* [0x19][0xffffffd7]F,[0xfffffff3]][0xffffffbb][0xffffffc3][0xffffff99][0xffffffed][0xffffffda][0x1d][0xffffffd1][0x17]\+[0xffffffe6][0xffffffc6][0xffffffe6]Qn[0xffffffd4][0xffffffee][0xffffff99][0xffffff8a][0xffffffcf][0xffffff8d]U[0xffffff83][0xffffffb9][0xffffffb1][0x1a][0x7]t2q[0xffffffc6][0xffffffe6][0xffffffc6][0xffffffea]>[0xffffff94][0xffffff83][0xffffffba][0xffffffd6]dnL[0x2][0xffffffc9][0xffffffb8][0xffffffd6]`n,[0xffffffc0][0xffffff99][0xffffffed][0xffffffda][0xffffffeb]sc[0xfffffff7]?-f[0xffffffae][0xffffff85]w*>N[0xffffffc0][0xffffffbb][0x16][0xffffffdc][0xffffffa9][0xfffffff8]x:[0xffffffe5]Z[0xffffff9f][0xffffff9d][0xffffff8a][0x2]E[0xffffffca][0xffffffb5]&;[0x15][0x5][0xffffff96][0xffffff84]k[0xffffffd1][0xffffff9d][0xffffff8a][0x1][0xffffffd1][0xffffff97]\[0xffffffdb][0xffffffcc]\[0xffffffdb]p[0xffffffd7]6[0x3][0xffffffd7]6[0xffffffd4][0xffffffb5][\r]smsr[0xffffffed][0xffffff8e]"[0xffffffe5][0xffffffda][0x8]$[0xffffffe5][0xffffffda][0x1d]K[0xffffffc2][0xffffffb5][\r]vm[0xffffffbb][0xffffffee][0xffffffda][0xffffffc7][0xffffffbb]Y'[0xffffffd9][0x1e][0x7]n[0xffffffdb][0xfffffffb][0x11]x[0xffffffdd]~[0x1c][0xffffff82][0xfffffff2][0xffffffed][0xfffffffd][0xfffffff1][0xffffff94]p[0xffffffdf][0x1f][0xffffffed]b[0xffffffdc][0xffffffc0]#[0xffffffa5]\A%[0xffffffe5][0xffffffdc][0xffffffc0]&![0xffffffdd][0xffffff8d][0xffffffd0]|[0xffffffeb]n[0xffffff9c][0xffffffbe][0xffffffa4][0xffffffdd]b[0xfffffff7]>[0xffffffc1][0xffffffe0][0xffffff85][0xffffff82][0xffffffc5][0x1b][0x5][0xfffffff8][0xffffff95][0x2][0xfffffff8]N[0xffffffc1][0xffffffeb][0xffffffa5][0xffffff82][0xffffffcd][[0x5][0xffffffa3][0xffffffd7][\n]"
08:17:55.050 [TestNG-PoolService-2] DEBUG org.apache.hc.client5.http.wire -- http-outgoing-5 << "[0x16][0xffffffef][0x15][0xfffffff0][0x17][0xb]?[0xfffffff1]f[0xffffffa1]v3[0xffffffed][0xffffffd6][0xffffff8e]k[0xfffffff7]~[0x4]^[0xffffffbb][0x1f][0xffffff87][0xffffffa0][0xffffffb4]{[0x7f]<[0xffffffa5][0xffffffdd][0xfffffff7]G[0xffffffbb]h7[0xfffffff0]HiWPIi7[0xffffffb0]Ihw#4_[0xffffffbb][0x1b][0xffffffa7]/i[0xffffffb7]M3[0xffffffed][0xffffffb6][0xffffff89]k[0xfffffff7]~[0x4]^[0xffffffbb][0x1f][0xffffff87][0xffffffa0][0xffffffb4]{[0x7f]<[0xffffffa5][0xffffffdd][0xfffffff7]G[0xffffffbb]h7[0xfffffff0]HiWPIi7[0xffffffb0]Ihw#4_[0xffffffbb][0x1b][0xffffffa7]/iw[0xffffffb8][0xffffffbd]d[0x18][0xfffffffc]K[0xffffff86][0xffffffe1][0xfffffff0][0xffffff92]a[0xffffffb0]/[0x19][0x6][0xfffffff7][0xffffff92]aX[0xffffffbd]d[0x8]<R[0xffffffda][0x15]TR[0xffffffda][\r]l[0x12][0xffffffda][0x1d][0xfffffff4]K[0xffffff86][0xfffffff1][0x13]/[0x19][0xffffffa6][[0xffffffed]N[0xffffffbe]v[0xffffffa7]C[0xffffffed]N[0xffffffb6]v'W[0xffffffbb][0xffffffd3][0xffffffaa]v[0x3][0xffffff8f][0xffffff94]v[0x5][0xffffff95][0xffffff94]v[0x3][0xffffff9b][0xffffff84]v'][0xffffffbb][0xfffffff3]'jw[0xffffffb9][0xffffffd5][0xffffffee][0xffffffe2]kw9[0xffffffd4][0xffffffee]bkwq[0xffffffb5][0xffffffbb][0xffffffac]j7[0xfffffff0]HiWPIi7[0xffffffb0]Ihw[0xffffffd1][0xffffffb5][0xffffffbb]~[0xffffffa2]v[0xffffff8f][0xffffffc7][0x17]x[0xffffff9d][0xffffffbc]{?[0x11].[0xffffffde][0xffffffb7]3[0xfffffff0][0xffffffe6][0xfffffffd]v[\n]"
08:17:55.050 [TestNG-PoolService-3] DEBUG org.apache.hc.client5.http.wire -- http-outgoing-4 << "/[0xffffff8d]'[0xffffffe2]\[0xffffffb0]Y[0xffffff86][0xffffffb2]_[0x14]']+PD\+[0xffffff81]D\+[0xffffffb0]Lwm[0xffffff80]3[0xffffffd9][0xffffffb5][0x1][0xffffffd1][0x17]\[0xffffffab][0xffffffee]|[0xffffff9d]G[0xffffffa7]v[0xffffffcf][0x14][0xfffffffc][0xffffffce]W1[0xffffffb8][0xfffffff3]U[0xffffffe2][0xffffffe5][0xffffff9a]L[0xffffff9c][0xffffffb1];_e[0xffffffbf]P[0xffffff83][0xffffffba][0xffffffd6][0xffffffe4][0xffffffce][0xffffff97][0x4][0xffffff92]q[0xffffffad][0xffffffc1][0xffffff9d][0xffffffaf][0x0]g[0xffffffb6]k[0xffffffaf][0xffffffdf][0xfffffff9]*[0xffffffea][0xffffffbb][0xc][0xffffffac]k[0xffffffe1]Y[0xffffff86]b[0xfffffff0]][0xffffff86][0x12][0x17][0xffffffe0][0xffffffe7][0xffffffe2][0xc][0xffffffcd]2[0xffffff94]}[0xffffffe9]=[0xffffffec]Z[0xffffff8b]Y[0x6][0x9]$[0xffffffe5]Z|[0xffffff96]![0xffffffc0][0xffffff99][0xffffffef][0xffffffda][0xffffffab][0xffffffb3][0xc][0xffffffa5][0xffffffaa][0xffffffae]m[0xffffff9d][0xffffff9a]ex;[0xf][0xffffffec][0xffffffda]j[0xffffffd0][0xffffffb5]5[0x4]D&[0xffffffce][0x15][0xffffffeb][0xffffffda][0xffffffea][0xffffffd4][0xffffffb5][0x11]E[0xffffffc6][0xffffffb5][\n]"
08:17:55.050 [TestNG-PoolService-2] DEBUG org.apache.hc.client5.http.wire -- http-outgoing-5 << "J[0xffffffbd]o[0xffffffcf][0xffffffa7][0xffffffdc][0xfffffffb][0xfffffff1]l[0x17][0xfffffff9]F()[0xfffffffb]*4)[0xfffffffd]F@[0x9][0xffffffff][0xffffffee][0xffffff98][0xffffffe6][0xb]x[0xffffff87][0xfffffff5][0xffffffb7][0x18]x[0xffffffbe][0xffffffff][0xffffffb1][0xfffffff8][0xffffffa4][0xffffffd9]<[0xffffffc6][0xffffffca][0xffffffff]T[0xffffffef][0xffffffe7]y([0xfffffffb]~9[0x1][0xffffffe6][0xffffffde][0xffffffed][0xc][0xffffffc9][0xffffffe6][0xfffffffd][0xfffffff2][0xfffffff4]d[0xffffffef][0xfffffffe][0xfffffffa][0xffffffc9][0xffffffb0]u[0xffffff9f][0xffffffa2][0xffffff98][0xffffffec][0xffffffdc][0x1f][0x0][0xffffff99]l[0xffffffdc][0xffffffa7]X&[0xfffffffa][0xfffffff6][0x9][0xffffff9c]i[0xffffffb6]}[0xffffff82][0xffffffe8]owm[0x13][0xffffff9f]4[0xffffff9b][0xffffffc7]Z[0xfffffff9][0xffffffab][0xffffffc4]>[0xffffffcf][0xffffffc3][0xffffffba][0xffffffb6][0xffffffa1][0xffffff9f]4[0xffffffdb][0xffffffce][0xffffff80][0xffffffb8][0xffffffb6][0x1][0xffffff9f]4[0xfffffffb][0xfffffff5][0xffffff93]-\+PD\+[0xffffff81]D\+[0xffffffb0]Lwm[0xffffff80]3[0xffffffd9][0xffffffb5][0x1][0xffffffd1][0x17]\+>i6Km[0xffffff98]k[0xffffffc1]O[0xffffff9a]}9[0x1][0xffffffed]Z[0xffffffe8][0xffffff93]f_[0xffffff9e][0xffffffce][0xffffffb8][0xffffffd6][0xffffffe3][0xffffff93]fOQd\k[0xfffffff0]I[0xffffffb3][0xffffffa7]X[0xffffffe6][0xffffffbb][0x16][0xfffffffb][0xffffffa4][0xffffffd9][0x13]D_p[0xffffffad][0xfffffffa][0xffffffa4]Y[0xffffffe9][0xffffffc0][0xffffffda][0xffffffc6]"
08:17:55.051 [TestNG-PoolService-3] DEBUG org.apache.hc.client5.http.wire -- http-outgoing-4 << "H[0xffffffc6][0xffffffb5][0x11][0xffffffcb]|[0xffffffd7][0xffffffee]pf[0xffffffbb]vG[0xfffffff4][0x5][0xffffffd7]6[0xffffffd5][0xffffffb5]cb][0xffffffdb][0xfffffff0][0xffffffae]m[0x6]][0xffffffdb]B@d[0xffffffe2][0xffffffdc][0xffffffb0][0xffffffae]mN][0x1b]Qd\[0xffffffab][0xffffff80]d\[0x1b][0xffffffb1][0xffffffcc]w[0xffffffed][0xe]g[0xffffffb6]kwD_p[0xffffffad][0xffffff9a]e[0xffffff98][0xffffffb7][0xffffffd1])[0xffffffd7][0xffffffe2][0xffffffb3][0xc][0xffffffc5]`[0xffffff96][0xffffffa1][0xffffffc4]K[0xffffffe3][0xffffff99]8c[0xffffffb3][0xc]e[0xffffffbf]([0xffffff8e][0xffffffba][0xffffffd6]d[0xffffff96]A[0x2][0xffffffc9][0xffffffb8][0xffffffd6]`[0xffffff96]![0xffffffc0][0xffffff99][0xffffffed][0xffffffda][0xffffffeb][0xffffffb3][0xc]E[0xffffffcd]2[0xffffffcc][0xffffffda][0x16][0xffffffe5]Z|[0xffffff96][0xffffffa1][0x18][0xffffffcc]2[0xffffff94]xi<[0x13]gl[0xffffff96][0xffffffa1][0xffffffec][0x17][0xffffffc5]Q[0xffffffd7][0xffffff9a][0xffffffcc]2H [0x19][0xffffffd7][0x1a][0xffffffcc]2[0x4]8[0xffffffb3]]{}[0xffffff96][0xffffffa1][0xffffff9c][0xffffffca][0xffffffb5][0xffffffa3]`[0xffffffae]=q[0xffffffd7][0xffffff9e][0x6][0xffffffae]=[0x3][0xffffffd4][0xffffff99]8[0xffffff9f][0xffffff98]kO'[0xffffffd7]F[0x14][0x19][0xffffffd7]* [0x19][0xffffffd7]F,[0xfffffff3]][0xffffffbb][0xffffffc3][0xffffff99][0xffffffed][0xffffffda][0x1d][0xffffffd1][0x17]\[0xffffffab]f[0x19]&[0xfffffff7][0xffffffbd][0xffffffb1][0xffffff82][0xffffffcf]2[0x14][0xffffff83]Y[0xffffff86][0x12]/[0xffffff8d]g[0xffffffe2][0xffffff8c][0xffffffcd]2[0xffffff94][0xfffffffd][0xffffffa2]8[0xffffffea]Z[0xffffff93]Y[0x6][0x9]$[0xffffffe3]Z[0xffffff83]Y[0xffffff86][0x0]g[0xffffffb6]k[0x7f]b[0xffffff96]a[0x9][0xffffffd7][0xffffffae][0xffffffd2][0xffffffa9]}[0x8]o[0xffffffe7][0xffffff81]][0xffffffbb][0xc]\[0xffffffbb][0x2][0xffffffd4][0xffffff99]8/[0xffffffcc][0xffffffb5][0xffffffcb][0xffffffc9][0xffffffb5][0x11]E[0xffffffc6][0xffffffb5][\n]"
08:17:55.064 [TestNG-PoolService-3] DEBUG org.apache.hc.client5.http.wire -- http-outgoing-4 << "H[0xffffffc6][0xffffffb5][0x11][0xffffffcb]|[0xffffffd7][0xffffffee]pf[0xffffffbb]vG[0xfffffff4][0xffffffb7][0xffffffbb][0xffffffb6][0xffffffaa][0xffffffb9][0xffffffb1][0xffffffd5]f[0xffffff83]\[[0xfffffff1][0xffffffb9][0xffffffb1]j07V[0xffffffe3][0xffffff80]N"[0xffffffce][0x15][0xffffff9b][0x1b][0xffffffab][0xfffffffb]P[0xe][0xffffffe9]Z[0xffffff81]"[0xffffffe2]Z[0x9]$[0xffffffe2]Z[0xffffff81]e[0xffffffba]k[0x3][0xffffff9c][0xffffffc9][0xffffffae][\r][0xffffff88][0xffffffbe][0xffffffe0]Z[0xfffffff5][\r][0xffffff9c]ub[0xffffffef][0x10]*[0xfffffffe][\r][0xffffff9c]j[0xfffffff0][\r][0xffffff9c][0x1a]?6[0xffffff92][0xffffff89]3[0xfffffff6][\r][0xffffff9c][0xffffffba][0x7f]`[0x4]u[0xffffffad][0xffffffc9]7p$[0xffffff90][0xffffff8c]k[\r][0xffffffbe][0xffffff81][0x13][0xffffffe0][0xffffffcc]v[0xffffffed][0xfffffff5]o[0xffffffe0]T1[0xffffffa3];o[0xffffffb7]rP[0xffffffae][0xffffffc5]gt[0xffffffab][0xffffffc1][0xffffff8c]n[0xffffff8d][0xffffffc3][0xffffff90][0xffffff99]8c3[0xffffffba]u[0x1f][0xffffff80]D]k2[0xffffffa3]+[0xffffff81]d\k0[0xffffffa3][0x1b][0xffffffe0][0xffffffcc]v[0xffffffed][0xfffffff5][0x19][0xffffffdd]*[0xffffffe6][0xffffffc6][0xffffffee][0xffffffae][0xffffffe5][0xffffffba][0x16][0xffffff9f][0x1b][0xffffffab][0x6]sc5[0xe][0xffffffe8]d[0xffffffe2][0xffffff8c][0xffffffcd][0xffffff8d][0xffffffd5]}([0x7]u[0xffffffad][0xffffffc9][0xffffffdc][0xffffff98][0x4][0xffffff92]q[0xffffffad][0xffffffc1][0xffffffdc]X[0xffffff80]3[0xffffffdb][0xffffffb5][0xffffffd7][0xffffffe7][0xffffffc6][0xffffffaa][0xfffffff8][0x6][0xffffffce][0xffffffdd][0xffffffb5][0xffffff93][0xffffffda][0xfffffff3]U[0xfffffff1]o[0xffffffe0]T[0xffffff83]o[0xffffffe0][0xffffffd4][0xfffffff8][0xffffffb1][0xffffff91]L[0xffffff9c][0xffffffb1]o[0xffffffe0][0xffffffd4][0xfffffffd][0x3]#[0xffffffa8]kM[0xffffffbe][0xffffff81]#[0xffffff81]d\k[0xfffffff0][\r][0xffffff9c][0x0]g[0xffffffb6]k[0xffffffaf][0x7f][0x3][0xffffffa7][0xffffff8a][0xffffffb9][0xffffffb1]y+7[0xffffffea][0x1e]B[0xffffffc5][0xffffffe7][0xffffffc6][0xffffffaa][0xffffffc1][0xffffffdc]X[0xffffff8d][0x3]:[0xffffff99]8cscu[0x1f][0xffffffca]A]k27&[0xffffff81]d\k07[0x16][0xffffffe0][0xffffffcc]v[0xffffffed][0xfffffff5][0xffffffb9][0xffffffb1]*[0xffffffe6][0xffffffc6][0xffffffe6][0xffffffad]W[0xffffffac]k[0xfffffff1][0xffffffb9][0xffffffb1]j07V[0xffffffe3][0xffffff80]N&[0xffffffce][0xffffffd8][0xffffffdc]X[0xffffffdd][0xffffff87]rP[0xffffffd7][0xffffff9a][0xffffffcc][0xffffff8d]I [0x19][0xffffffd7][0x1a][0xffffffcc][0xffffff8d][0x5]8[0xffffffb3]]{}n[0xffffffac][0xffffff9e][0xffffffca][0xffffffb5][0xfffffff3][0xffffffc0]~[0x1b];q[0xffffffd7][0xffffff9e][0x6][0xffffffae]=[0x3][0xffffffd4][0xffffff99]8[0xffffff9f][0xffffff98]kO'[0xffffffd7]F[0x14][0x19][0xffffffd7]* [0x19][0xffffffd7]F,[0xfffffff3]][0xffffffbb][0xffffffc3][0xffffff99][0xffffffed][0xffffffda][0x1d][0xffffffd1][0x17]\+[0xffffffe6][0xffffffc6][0xffffffe6]Qn[0xffffffd4][0xffffffee][0xffffff99][0xffffff8a][0xffffffcf][0xffffff8d]U[0xffffff83][0xffffffb9][0xffffffb1][0x1a][0x7]t2q[0xffffffc6][0xffffffe6][0xffffffc6][0xffffffea]>[0xffffff94][0xffffff83][0xffffffba][0xffffffd6]dnL[0x2][0xffffffc9][0xffffffb8][0xffffffd6]`n,[0xffffffc0][0xffffff99][0xffffffed][0xffffffda][0xffffffeb]sc[0xfffffff7]?-f[0xffffffae][0xffffff85]w*>N[0xffffffc0][0xffffffbb][0x16][0xffffffdc][0xffffffa9][0xfffffff8]x:[0xffffffe5]Z[0xffffff9f][0xffffff9d][0xffffff8a][0x2]E[0xffffffca][0xffffffb5]&;[0x15][0x5][0xffffff96][0xffffff84]k[0xffffffd1][0xffffff9d][0xffffff8a][0x1][0xffffffd1][0xffffff97]\[0xffffffdb][0xffffffcc]\[0xffffffdb]p[0xffffffd7]6[0x3][0xffffffd7]6[0xffffffd4][0xffffffb5][\r]smsr[0xffffffed][0xffffff8e]"[0xffffffe5][0xffffffda][0x8]$[0xffffffe5][0xffffffda][0x1d]K[0xffffffc2][0xffffffb5][\r]vm[0xffffffbb][0xffffffee][0xffffffda][0xffffffc7][0xffffffbb]Y'[0xffffffd9][0x1e][0x7]n[0xffffffdb][0xfffffffb][0x11]x[0xffffffdd]~[0x1c][0xffffff82][0xfffffff2][0xffffffed][0xfffffffd][0xfffffff1][0xffffff94]p[0xffffffdf][0x1f][0xffffffed]b[0xffffffdc][0xffffffc0]#[0xffffffa5]\A%[0xffffffe5][0xffffffdc][0xffffffc0]&![0xffffffdd][0xffffff8d][0xffffffd0]|[0xffffffeb]n[0xffffff9c][0xffffffbe][0xffffffa4][0xffffffdd]b[0xfffffff7]>[0xffffffc1][0xffffffe0][0xffffff85][0xffffff82][0xffffffc5][0x1b][0x5][0xfffffff8][0xffffff95][0x2][0xfffffff8]N[0xffffffc1][0xffffffeb][0xffffffa5][0xffffff82][0xffffffcd][[0x5][0xffffffa3][0xffffffd7][\n]"
08:17:55.065 [TestNG-PoolService-3] DEBUG org.apache.hc.client5.http.wire -- http-outgoing-4 << "[0x16][0xffffffef][0x15][0xfffffff0][0x17][0xb]?[0xfffffff1]f[0xffffffa1]v3[0xffffffed][0xffffffd6][0xffffff8e]k[0xfffffff7]~[0x4]^[0xffffffbb][0x1f][0xffffff87][0xffffffa0][0xffffffb4]{[0x7f]<[0xffffffa5][0xffffffdd][0xfffffff7]G[0xffffffbb]h7[0xfffffff0]HiWPIi7[0xffffffb0]Ihw#4_[0xffffffbb][0x1b][0xffffffa7]/i[0xffffffb7]M3[0xffffffed][0xffffffb6][0xffffff89]k[0xfffffff7]~[0x4]^[0xffffffbb][0x1f][0xffffff87][0xffffffa0][0xffffffb4]{[0x7f]<[0xffffffa5][0xffffffdd][0xfffffff7]G[0xffffffbb]h7[0xfffffff0]HiWPIi7[0xffffffb0]Ihw#4_[0xffffffbb][0x1b][0xffffffa7]/iw[0xffffffb8][0xffffffbd]d[0x18][0xfffffffc]K[0xffffff86][0xffffffe1][0xfffffff0][0xffffff92]a[0xffffffb0]/[0x19][0x6][0xfffffff7][0xffffff92]aX[0xffffffbd]d[0x8]<R[0xffffffda][0x15]TR[0xffffffda][\r]l[0x12][0xffffffda][0x1d][0xfffffff4]K[0xffffff86][0xfffffff1][0x13]/[0x19][0xffffffa6][[0xffffffed]N[0xffffffbe]v[0xffffffa7]C[0xffffffed]N[0xffffffb6]v'W[0xffffffbb][0xffffffd3][0xffffffaa]v[0x3][0xffffff8f][0xffffff94]v[0x5][0xffffff95][0xffffff94]v[0x3][0xffffff9b][0xffffff84]v'][0xffffffbb][0xfffffff3]'jw[0xffffffb9][0xffffffd5][0xffffffee][0xffffffe2]kw9[0xffffffd4][0xffffffee]bkwq[0xffffffb5][0xffffffbb][0xffffffac]j7[0xfffffff0]HiWPIi7[0xffffffb0]Ihw[0xffffffd1][0xffffffb5][0xffffffbb]~[0xffffffa2]v[0xffffff8f][0xffffffc7][0x17]x[0xffffff9d][0xffffffbc]{?[0x11].[0xffffffde][0xffffffb7]3[0xfffffff0][0xffffffe6][0xfffffffd]v[\n]"
08:17:55.066 [TestNG-PoolService-3] DEBUG org.apache.hc.client5.http.wire -- http-outgoing-4 << "J[0xffffffbd]o[0xffffffcf][0xffffffa7][0xffffffdc][0xfffffffb][0xfffffff1]l[0x17][0xfffffff9]F()[0xfffffffb]*4)[0xfffffffd]F@[0x9][0xffffffff][0xffffffee][0xffffff98][0xffffffe6][0xb]x[0xffffff87][0xfffffff5][0xffffffb7][0x18]x[0xffffffbe][0xffffffff][0xffffffb1][0xfffffff8][0xffffffa4][0xffffffd9]<[0xffffffc6][0xffffffca][0xffffffff]T[0xffffffef][0xffffffe7]y([0xfffffffb]~9[0x1][0xffffffe6][0xffffffde][0xffffffed][0xc][0xffffffc9][0xffffffe6][0xfffffffd][0xfffffff2][0xfffffff4]d[0xffffffef][0xfffffffe][0xfffffffa][0xffffffc9][0xffffffb0]u[0xffffff9f][0xffffffa2][0xffffff98][0xffffffec][0xffffffdc][0x1f][0x0][0xffffff99]l[0xffffffdc][0xffffffa7]X&[0xfffffffa][0xfffffff6][0x9][0xffffff9c]i[0xffffffb6]}[0xffffff82][0xffffffe8]owm[0x13][0xffffff9f]4[0xffffff9b][0xffffffc7]Z[0xfffffff9][0xffffffab][0xffffffc4]>[0xffffffcf][0xffffffc3][0xffffffba][0xffffffb6][0xffffffa1][0xffffff9f]4[0xffffffdb][0xffffffce][0xffffff80][0xffffffb8][0xffffffb6][0x1][0xffffff9f]4[0xfffffffb][0xfffffff5][0xffffff93]-\+PD\+[0xffffff81]D\+[0xffffffb0]Lwm[0xffffff80]3[0xffffffd9][0xffffffb5][0x1][0xffffffd1][0x17]\+>i6Km[0xffffff98]k[0xffffffc1]O[0xffffff9a]}9[0x1][0xffffffed]Z[0xffffffe8][0xffffff93]f_[0xffffff9e][0xffffffce][0xffffffb8][0xffffffd6][0xffffffe3][0xffffff93]fOQd\k[0xfffffff0]I[0xffffffb3][0xffffffa7]X[0xffffffe6][0xffffffbb][0x16][0xfffffffb][0xffffffa4][0xffffffd9][0x13]D_p[0xffffffad][0xfffffffa][0xffffffa4]Y[0xffffffe9][0xffffffc0][0xffffffda][0xffffffc6][0xffffffcf][0xfffffff3][0xffffffc0][0xffffffae]E?i[0xffffffb6][0xffffff9d][0xffffff81]q-[0xfffffff0]I[0xffffffb3]_?[0xffffffd9][0xffffffc3][0xffffffb5][0xfffffff8]'[0xffffffcd]~[0x0]$[0xffffffe3]Z[0xfffffff4][0xffffff93]fO[0xffffffe0][0xffffffcc]v[0xffffffed][0xffffff95]O[0xffffff9a]}[0xfffffffc][0xffffffa9][0xfffffffa][0xffffffa4]Y9W[0xffffffa5]\[0xb]~[0xffffffd2][0xffffffec][0xffffffcb][0x9]h[0xffffffd7]B[0xffffff9f]4[0xfffffffb][0xfffffff2]t[0xffffffc6][0xffffffb5][0x1e][0xffffff9f]4{[0xffffff8a]"[0xffffffe3]Z[0xffffff83]O[0xffffff9a]=[0xffffffc5]2[0xffffffdf][0xffffffb5][0xffffffd8]'[0xffffffcd][0xffffff9e] [0xfffffffa][0xffffffdb]][0xffffffdb][0xffffffd5][0xfffffffb][0xffffffda][0xffffffda][[0xfffffffe]gv>[0xffffffcf][0xffffffc3][0xffffffba][0xffffffb6][0x1b][0xffffffbc][0xffffffaf][0xffffffed][0xfffffff1][0xffffffc5]X"[0xffffffce][0x1d]{_[0xffffffdb][0xfffffff7][0xffffff97]a[0xffffffa4]k[0x5][0xffffff8a][0xffffff88]k%[0xffffff90][0xffffff88]k[0x5][0xffffff96][0xffffffe9][0xffffffae][\r]p&[0xffffffbb]6 [0xfffffffa][0xffffff82]k[0xffffffd5][0xfffffffb][0xffffffda]z[0xe][0xffffffaa]k;[0xfffffffe][0xffffffbe][0xffffffb6][0x1b][0xffffffbc][0xffffffaf][0xffffffed][0xfffffff1][0xffffffc5]X&[0xffffffce][0xffffffd8][0xfffffffb][0xffffffda][0xffffffbe][0xffffffbf][0xc]C]k[0xfffffff2][0xffffffbe]V[0x2][0xffffffc9][0xffffffb8][0xffffffd6][0xffffffe0]}m[0xffffff80]3[0xffffffdb][0xffffffb5][0xffffffd7][0xffffffdf][0xffffffd7][0xfffffff6]"[0xffffffd6][0xffffff91][0xffffffb7][0xffffffdb][0xffffffcc][0xffffffbf]s[0xfffffffb]y[0x1e][0xffffffd8][0xffffffb5][0xffffff85]\G[0xffffffbe][0xffffff9d][0xffffff81]qm[0xffffffc9]_G[0xfffffffe][0xffffffeb]'{[0xffffffb8]6[0xffffffa2][0xffffffc8][0xffffffb8]V[0x1][0xffffffc9][0xffffffb8]6b[0xffffff99][0xffffffef][0xffffffda][0x1d][0xffffffce]l[0xffffffd7][0xffffffee][0xffffff88][0xffffffbe][0xffffffe0]Z[0xfffffff5][0xffffffbe][0xffffffb6][0xffffff95][0xffffff85][0xffffffbd]C[0xffffffc0][0xffffffdf][0xffffffd7]v[0xffffff83][0xfffffff7][0xffffffb5]=[0xffffffbe][0x18][0xffffffcb][0xffffffc4][0x19]{_[0xffffffdb][0xfffffff7][0xffffff97]a[0xffffffa8]kM[0xffffffde][0xffffffd7]J [0x19][0xffffffd7][0x1a][0xffffffbc][0xffffffaf][\r]pf[0xffffffbb][0xfffffff6]'[0xffffffde][0xffffffd7]6[0xffffffe5][0xffffffda]q[0xffffffc3][0xffffffde]!4[0xffffffdc][0xffffffb5][0xffffffcd][0xffffffc0][0xffffffb5]-@[0xffffff9d][0xffffff89]s[0xffffffc3]\[0xffffffdb][0xffffff9c]\[0x1b]Qd\[0xffffffab][0xffffff80]d\[0x1b][0xffffffb1][0xffffffcc]w[0xffffffed][0xe]g[0xffffffb6]kwD_pmW[0xffffffae][0xffffff9d][0xffffffdc][0xfffffffb][0xffffffda][0xffffff8e][0xffffffbb][0xffffffb6][0x1b][0xffffffb8][0xffffffb6][0x7][0xffffffa8]3q[0xffffffee][0xffffff98]k[0xffffffbb][0xffffff93]k#[0xffffff8a][0xffffff8c]k[0x15][0xffffff90][0xffffff8c]k#[0xffffff96][0xfffffff9][0xffffffae][0xffffffdd][0xffffffe1][0xffffffcc]v[0xffffffed][0xffffff8e][0xffffffe8][0xb][0xffffffae][0x1d][0xffffffe2][0xffffff93]f[0xfffffffd]8[0xffffffb0][0xfffffff7][0xffffffb5][0xffffff83][0xfffffffb][0xffffffa4][0xffffffd9][0xffffff97][0x13][0xffffffd0][0xffffffae][0x1d][0xffffffe1][0xffffffdb]Q[0xffffff99]8[0xffffff8f][0xfffffffc]O[0xffffff9a][0xfffffffd][0xfffffffa][0xffffffc9][0x1e][0xffffffae][0xffffff8d](2[0xffffffae]U@2[0xffffffae][0xffffff8d]X[0xffffffe6][0xffffffbb]v[0xffffff87]3[0xffffffdb][0xffffffb5];[0xffffffa2]/[0xffffffb8][0xfffffff6][0x14]][0xffffffdb][0xffffffdb][0xffffffed][0xffffffa4]\{[0xffffffe2]]{[0x1a]t[0xffffffed][0x19][0x2]"[0x13][0xffffffe7][0x13][0xffffffeb][0xffffffda][0xffffffd3][0xffffffa9]k#[0xffffff8a][0xffffff8c]k[0x15][0xffffff90][0xffffff8c]k#[0xffffff96][0xfffffff9][0xffffffae][0xffffffdd][0xffffffe1][0xffffffcc]v[0xffffffed][0xffffff8e][0xffffffe8][0xb][0xffffffae][0xffffff9d][0xffffffca][0xffffffb5][0xffffffbd]4[0xffffffca][0xffffffb5][0x13]w[0xffffffed]4p[0xffffffed][0xc]Pg[0xffffffe2]<1[0xffffffd7]N'[0xffffffd7]F[0x14][0x19][0xffffffd7]* [0x19][0xffffffd7]F,[0xfffffff3]][0xffffffbb][0xffffffc3][0xffffff99][0xffffffed][0xffffffda][0x1d][0xffffffd1][0x17]\[0xffffffab][0xfffffff6]|[0xfffffff5][0xfffffffe][0xfffffff8][0xffffffc4][0x3][0xffffffe2]Z|[0xffffffcf]W7[0xffffffd8][0xfffffff3][0xffffffd5][0xffffffe3]B[0xffffffa5]L[0xffffff9c][0xffffffb1]=_}_[0xffffffa2][0xffffff84][0xffffffba][0xffffffd6]d[0xffffffcf][0xffffff97][0x4][0xffffff92]q[0xffffffad][0xffffffc1][0xffffff9e][0xffffffaf][0x0]g[0xffffffb6]k[0xffffffaf][0xffffffef][0xfffffff9][0x1a]jn[0xffffffac][0xffffff8f]cB[0xffffffae][0x1d][0xfffffff8][0xffffffdc][0xffffffd8]0[0xffffff98][0x1b][0x1b]q@'[0x11][0xffffffe7][0xffffff81][0xffffffcd][0xffffff8d][0xffffff8d]}([0xffffff87]t[0xffffffad]@[0x11]q[0xffffffad][0x4][0x12]q[0xffffffad][0xffffffc0]2[0xffffffdd][0xffffffb5][0x1][0xffffffce]d[0xffffffd7][0x6]D_p[0xffffffad][0xffffff9a][0x1b][0xffffffeb][0xffffffa3]S[0xfffffff7][0x10][0x6]>76[0xc][0xffffffe6][0xffffffc6]F[0x1c][0xffffffd0][0xffffffc9][0xffffffc4][0x19][0xffffff9b][0x1b][0x1b][0xfffffffb]P[0xe][0xffffffea]Z[0xffffff93][0xffffffb9]1[0x9]$[0xffffffe3]Z[0xffffff83][0xffffffb9][0xffffffb1][0x0]g[0xffffffb6]k[0xffffffaf][0xffffffcf][0xffffff8d][\r][0xffffffb5][0xffffffe7][0xffffffab][0xffffff9f][0xffffff83][0xffffffda][0x15]>[0xfffffff0]=_[0xffffffc3]`[0xffffffcf][0xffffffd7][0xffffff88][0xb][0xffffff95]2q[0xffffffc6][0xfffffff6]|[0xffffff8d]}[0xffffff89][0x12][0xffffffea]Z[0xffffff93]=_[0x12]H[0xffffffc6][0xffffffb5][0x6]{[0xffffffbe][0x2][0xffffff9c][0xffffffd9][0xffffffae][0xffffffbd][0xffffffbe][0xffffffe7]k[0xffffffa8]Y[0xffffff86]Q[0x7]576[0xfffffff0]Y[0xffffff86]a0[0xffffffcb]0[0xffffffe2][0xffffffa5][0xfffffff1]L[0xffffff9c][0xffffffb1]Y[0xffffff86][0xffffffb1]_[0x14]G]k2[0xffffffcb] [0xffffff81]d\k0[0xffffffcb][0x10][0xffffffe0][0xffffffcc]v[0xffffffed][0xfffffff5]Y[0xffffff86]1[0xffffff84]k[0xffffffcf][0xffffffa3]S[0xfffffffb]k[0xffffffdf][0xffffffce][0x3][0xffffffbb]v[0x18][0xffffffb8]v[0x4][0xffffffa8]3q[0x1e][0xffffff98]k[0xffffff87][0xffffff93]k#[0xffffff8a][0xffffff8c]k[0x15][0xffffff90][0xffffff8c]k#[0xffffff96][0xfffffff9][0xffffffae][0xffffffdd][0xffffffe1][0xffffffcc]v[0xffffffed][0xffffff8e][0xffffffe8][0xb][0xffffffae][0xffffff9d][0xffffffca][0xffffffb5]'v[0xffffffbf][0xfffffff6][0xffffffed]<[0xffffffb0]k[0xffffffa7][0xffffff81]kg[0xffffff80]:[0x13][0xffffffe7][0xffffff89][0xffffffb9]v:[0xffffffb9]6[0xffffffa2][0xffffffc8][0xffffffb8]V[0x1][0xffffffc9][0xffffffb8]6b[0xffffff99][0xffffffef][0xffffffda][0x1d][0xffffffce]l[0xffffffd7][0xffffffee][0xffffff88][0xffffffbe][0xffffffe0]Zu[0xffffffe7]k[0xffffffde][0x6]v[0xf][0x1][0xffffffbf][0xfffffff3]5[0xc][0xffffffee]|[0xffffff8d]x[0xffffffb9]&[0x13]g[0xffffffec][0xffffffce][0xffffffd7][0xffffffd8]/[0xffffffd4][0xffffffa0][0xffffffae]5[0xffffffb9][0xfffffff3]%[0xffffff81]d\kp[0xffffffe7]+[0xffffffc0][0xffffff99][0xffffffed][0xffffffda][0xffffffeb]w[0xffffffbe]Nu[0xffffffe7]k[0xffffff96][0xffffffd6] [0xffffffd7][0xffffff9e][0xfffffff8][0xffffff9d][0xffffffaf][0xffffffd3][0xffffffe0][0xffffffce][0xffffffd7][0x19]/[0xffffffd7]$[0xffffffe2]|bw[0xffffffbe][0xffffffce][0xfffffffd]B[\r][0xffffffe9]Z[0xffffff81]"[0xffffffe2]Z[0x9]$[0xffffffe2]Z[0xffffff81]e[0xffffffba]k[0x3][0xffffff9c][0xffffffc9][0xffffffae][\r][0xffffff88][0xffffffbe][0xffffffe0]Zu[0xffffffe7]k[0xfffffff6]F[0xffffffed]C8[0xfffffff1];_[0xffffffa7][0xffffffc1][0xffffff9d][0xffffffaf]3^[0xffffffae][0xffffffc9][0xffffffc4][0x19][0xffffffbb][0xfffffff3]u[0xffffffee][0x17]jP[0xffffffd7][0xffffff9a][0xffffffdc][0xfffffff9][0xffffff92]@2[0xffffffae]5[0xffffffb8][0xfffffff3][0x15][0xffffffe0][0xffffffcc]v[0xffffffed][0xfffffff5];_[0xffffffa7][0xffffffba][0xfffffff3]5[0xffffffc7]I[0xffffffdd][0xfffffff9]:[0xfffffff1];_[0xffffffa7][0xffffffc1][0xffffff9d][0xffffffaf]3^[0xffffffae][0xffffffc9][0xffffffc4][0x19][0xffffffbb][0xfffffff3]u[0xffffffee][0x17]jP[0xffffffd7][0xffffff9a][0xffffffdc][0xfffffff9][0xffffff92]@2[0xffffffae]5[0xffffffb8][0xfffffff3][0x15][0xffffffe0][0xffffffcc]v[0xffffffed][0xfffffff5];_[0xffffffa7][0xffffffda][0x15]>[0xffffffcf]B[0xffffffcd]2[0xffffff9c][0xfffffff8][0xffffffae][0xfffffff0][0xffffffd3]`W[0xfffffff8][0x19][0xffffff97]2g[0xffffffe2][0xffffff8c][0xffffffed][\n]"
08:17:55.067 [TestNG-PoolService-3] DEBUG org.apache.hc.client5.http.wire -- http-outgoing-4 << "?[0xfffffff7]E[0xffffffcc][0xffffffa8]kMv[0xffffff85]K [0x19][0xffffffd7][0x1a][0xffffffec][\n]"
08:17:55.067 [TestNG-PoolService-3] DEBUG org.apache.hc.client5.http.wire -- http-outgoing-4 << "[0xf]pf[0xffffffbb][0xfffffff6][0xfffffffa][0xffffffae][0xfffffff0]S[0xffffffdd][0xffffffaf][0xffffff9d][0xffffffe7][0xffffffe3]t[0xffffff88]k[0xfffffff1][0xfffffffb][0xffffffb5][0xffffffa7][0xffffffc1][0xfffffffd][0xffffffda]3^d[0xffffffcc][0xffffffc4][0x19][0xffffffbb]_{[0xffffffee][0xffffff97][0x17]Q[0xffffffd7][0xffffff9a][0xffffffdc][0xffffffaf][0xffffff95]@2[0xffffffae]5[0xffffffb8]_[0x1b][0xffffffe0][0xffffffcc]v[0xffffffed][0xfffffff5][0xfffffffb][0xffffffb5][0xffffffa7][0xffffffda][0x15]>[0xffffffcf][0xffffff85][0xffffffbd]C[0xffffffc0]w[0xffffff85][0xffffff9f][0x6][0xffffffbb][0xffffffc2][0xffffffcf][0xffffffb8][0xffffff94]9[0x13]glW[0xfffffff8][0xffffffb9]/bF]k[0xffffffb2]+\[0x2][0xffffffc9][0xffffffb8][0xffffffd6]`Wx[0xffffff80]3[0xffffffdb][0xffffffb5][0xffffffd7]w[0xffffff85][0xffffff9f]j[0xffffff96]a[0xffffffae][0x1b][0xfffffff6][0xffffffdb][0x18]>[0xffffffcb]p[0x1a][0xffffffcc]2[0xffffff9c][0xfffffff1][0xffffffd2]x&[0xffffffce][0xffffffd8],[0xffffffc3][0xffffffb9]_[0x14]G]k2[0xffffffcb] [0xffffff81]d\k0[0xffffffcb][0x10][0xffffffe0][0xffffffcc]v[0xffffffed][0xfffffff5]Y[0xffffff86]S[0xffffffed][\n]"
08:17:55.067 [TestNG-PoolService-3] DEBUG org.apache.hc.client5.http.wire -- http-outgoing-4 << "_[0xffffffe5][0xffffffa0]f[0x19]N|W[0xfffffff8]i[0xffffffb0]+[0xfffffffc][0xffffff8c]K[0xffffff99]3q[0xffffffc6]v[0xffffff85][0xffffff9f][0xfffffffb]"f[0xffffffd4][0xffffffb5]&[0xffffffbb][0xffffffc2]%[0xffffff90][0xffffff8c]k[\r]v[0xffffff85][0x7]8[0xffffffb3]]{}W[0xfffffff8]9[0xffffff95]k[0x1b][0xffffffb6]S[0xfffffff1][0xffffffed]<[0xffffffb0]k[0xffffffa7][0xffffff81]kg[0xffffff80]:[0x13][0xffffffe7][0xffffff89][0xffffffb9]v:[0xffffffb9]6[0xffffffa2][0xffffffc8][0xffffffb8]V[0x1][0xffffffc9][0xffffffb8]6b[0xffffff99][0xffffffef][0xffffffda][0x1d][0xffffffce]l[0xffffffd7][0xffffffee][0xffffff88][0xffffffbe][0xffffffe0]Z57[0xffffffb6][0xffffffce][0xffffff8e]u->7v[0x1a][0xffffffcc][0xffffff8d][0xffffff9d]q@'[0x13]gln[0xffffffec][0xffffffdc][0xffffff87]rP[0xffffffd7][0xffffff9a][0xffffffcc][0xffffff8d]I [0x19][0xffffffd7][0x1a][0xffffffcc][0xffffff8d][0x5]8[0xffffffb3]]{}nl[0xffffffaa][0xffffffb9][0xffffffb1][0xffffffb5][0xffffffb0][0xffffffdf][0xffffffc6]&>76[\r][0xffffffe6][0xffffffc6]f[0x1c][0xffffffd0]I[0xffffffc4]ybscs[0x1f][0xffffffca]!]+PD\+[0xffffff81]D\+[0xffffffb0]Lwm[0xffffff80]3[0xffffffd9][0xffffffb5][0x1][0xffffffd1][0x17]\+[0xffffffe6][0xffffffc6][0xffffffd6][0xffffffad][0xffffffce]B[0xffffffb9][0x16][0xffffff9f][0x1b][0xffffff9b][0x6]sc3[0xe][0xffffffe8]d[0xffffffe2][0xffffff8c][0xffffffcd][0xffffff8d][0xffffffcd]}([0x7]u[0xffffffad][0xffffffc9][0xffffffdc][0xffffff98][0x4][0xffffff92]q[0xffffffad][0xffffffc1][0xffffffdc]X[0xffffff80]3[0xffffffdb][0xffffffb5][0xffffffd7][0xffffffe7][0xffffffc6][0xffffffa6][0xffffff98][0x1b][[0xffffffb7][0xffffffd1][0xffffffa8][0xfffffffd][0xffffffb5][0x13][0xffffff9f][0x1b][0xffffff9b][0x6]sc3[0xe][0xffffffe8]d[0xffffffe2][0xffffff8c][0xffffffcd][0xffffff8d][0xffffffcd]}([0x7]u[0xffffffad][0xffffffc9][0xffffffdc][0xffffff98][0x4][0xffffff92]q[0xffffffad][0xffffffc1][0xffffffdc]X[0xffffff80]3[0xffffffdb][0xffffffb5][0xffffffd7][0xffffffe7][0xffffffc6][0xffffff96][0xffffff98][0x1b][[0xffffffa5][0xffffffaf][0x6][0xffffffb9]v[0xffffffe1]sc[0xffffffcb]`nl[0xffffffc5][0x1][0xffffff9d]D[0xffffff9c][0x17]67[0xffffffb6][0xfffffff6][0xffffffa1][0x1c][0xffffffd2][0xffffffb5][0x2]E[0xffffffc4][0xffffffb5][0x12]H[0xffffffc4][0xffffffb5][0x2][0xffffffcb]t[0xffffffd7][0x6]8[0xffffff93]][0x1b][0x10]}[0xffffffc9][0xffffffb5][0xffffffd5][0xffffffcc][0xffffffb5][0x15]wm5pmE][1[0xffffffd7]V'[0xffffffd7][0xffffffee](R[0xffffffae][0xffffff8d]@R[0xffffffae][0xffffffdd][0xffffffb1]$\[a[0xffffffd7][0xffffffd6][0xffffffeb][0xffffffae]}[0xffffffdc][0xffffffef]r[0xffffff92][0xffffffed]1q[0xffffffdb][0xffffffde][0xffffff8f][0xffffffc0][0xffffffeb][0xfffffff6][0xffffffe3][0x10][0xffffff94]o[0xffffffef][0xffffff8f][0xffffffa7][0xffffff84][0xfffffffb][0xfffffffe]h[0x17][0xffffffe3][0x6][0x1e])[0xffffffe5][\n]"
08:17:55.068 [TestNG-PoolService-3] DEBUG org.apache.hc.client5.http.wire -- http-outgoing-4 << "*)[0xffffffe7][0x6]6[0x9][0xffffffe9]n[0xffffff84][0xffffffe6][w[0xffffffe3][0xfffffff4]%[0xffffffed]>[0xfffffffe]w[0xffffffe1][0xffffffa4][0xffffffdd][0xfffffffb][0xffffffff][0x1e]i[0xffffffed][0xffffffde][0xffffff8f][0xffffffc0]k[0xfffffff7][0xffffffe3][0x10][0xffffff94]v[0xffffffef][0xffffff8f][0xffffffa7][0xffffffb4][0xfffffffb][0xfffffffe]h[0x17][0xffffffed][0x6][0x1e])[0xffffffed][\n]"
08:17:55.068 [TestNG-PoolService-3] DEBUG org.apache.hc.client5.http.wire -- http-outgoing-4 << "*)[0xffffffed][0x6]6[0x9][0xffffffed]n[0xffffff84][0xffffffe6]kw[0xffffffe3][0xfffffff4]%[0xffffffed][0xfffffff6]f[0xffffffa6][0xffffffdd][0xffffffde]p[0xffffffed][0xffffffde][0xffffff8f][0xffffffc0]k[0xfffffff7][0xffffffe3][0x10][0xffffff94]v[0xffffffef][0xffffff8f][0xffffffa7][0xffffffb4][0xfffffffb][0xfffffffe]h[0x17][0xffffffed][0x6][0x1e])[0xffffffed][\n]"
08:17:55.068 [TestNG-PoolService-1] DEBUG org.apache.hc.client5.http.wire -- http-outgoing-3 << "/[0xffffff8d]'[0xffffffe2]\[0xffffffb0]Y[0xffffff86][0xffffffb2]_[0x14]']+PD\+[0xffffff81]D\+[0xffffffb0]Lwm[0xffffff80]3[0xffffffd9][0xffffffb5][0x1][0xffffffd1][0x17]\[0xffffffab][0xffffffee]|[0xffffff9d]G[0xffffffa7]v[0xffffffcf][0x14][0xfffffffc][0xffffffce]W1[0xffffffb8][0xfffffff3]U[0xffffffe2][0xffffffe5][0xffffff9a]L[0xffffff9c][0xffffffb1];_e[0xffffffbf]P[0xffffff83][0xffffffba][0xffffffd6][0xffffffe4][0xffffffce][0xffffff97][0x4][0xffffff92]q[0xffffffad][0xffffffc1][0xffffff9d][0xffffffaf][0x0]g[0xffffffb6]k[0xffffffaf][0xffffffdf][0xfffffff9]*[0xffffffea][0xffffffbb][0xc][0xffffffac]k[0xffffffe1]Y[0xffffff86]b[0xfffffff0]][0xffffff86][0x12][0x17][0xffffffe0][0xffffffe7][0xffffffe2][0xc][0xffffffcd]2[0xffffff94]}[0xffffffe9]=[0xffffffec]Z[0xffffff8b]Y[0x6][0x9]$[0xffffffe5]Z|[0xffffff96]![0xffffffc0][0xffffff99][0xffffffef][0xffffffda][0xffffffab][0xffffffb3][0xc][0xffffffa5][0xffffffaa][0xffffffae]m[0xffffff9d][0xffffff9a]ex;[0xf][0xffffffec][0xffffffda]j[0xffffffd0][0xffffffb5]5[0x4]D&[0xffffffce][0x15][0xffffffeb][0xffffffda][0xffffffea][0xffffffd4][0xffffffb5][0x11]E[0xffffffc6][0xffffffb5][\n]"
08:17:55.068 [TestNG-PoolService-1] DEBUG org.apache.hc.client5.http.wire -- http-outgoing-3 << "H[0xffffffc6][0xffffffb5][0x11][0xffffffcb]|[0xffffffd7][0xffffffee]pf[0xffffffbb]vG[0xfffffff4][0x5][0xffffffd7]6[0xffffffd5][0xffffffb5]cb][0xffffffdb][0xfffffff0][0xffffffae]m[0x6]][0xffffffdb]B@d[0xffffffe2][0xffffffdc][0xffffffb0][0xffffffae]mN][0x1b]Qd\[0xffffffab][0xffffff80]d\[0x1b][0xffffffb1][0xffffffcc]w[0xffffffed][0xe]g[0xffffffb6]kwD_p[0xffffffad][0xffffff9a]e[0xffffff98][0xffffffb7][0xffffffd1])[0xffffffd7][0xffffffe2][0xffffffb3][0xc][0xffffffc5]`[0xffffff96][0xffffffa1][0xffffffc4]K[0xffffffe3][0xffffff99]8c[0xffffffb3][0xc]e[0xffffffbf]([0xffffff8e][0xffffffba][0xffffffd6]d[0xffffff96]A[0x2][0xffffffc9][0xffffffb8][0xffffffd6]`[0xffffff96]![0xffffffc0][0xffffff99][0xffffffed][0xffffffda][0xffffffeb][0xffffffb3][0xc]E[0xffffffcd]2[0xffffffcc][0xffffffda][0x16][0xffffffe5]Z|[0xffffff96][0xffffffa1][0x18][0xffffffcc]2[0xffffff94]xi<[0x13]gl[0xffffff96][0xffffffa1][0xffffffec][0x17][0xffffffc5]Q[0xffffffd7][0xffffff9a][0xffffffcc]2H [0x19][0xffffffd7][0x1a][0xffffffcc]2[0x4]8[0xffffffb3]]{}[0xffffff96][0xffffffa1][0xffffff9c][0xffffffca][0xffffffb5][0xffffffa3]`[0xffffffae]=q[0xffffffd7][0xffffff9e][0x6][0xffffffae]=[0x3][0xffffffd4][0xffffff99]8[0xffffff9f][0xffffff98]kO'[0xffffffd7]F[0x14][0x19][0xffffffd7]* [0x19][0xffffffd7]F,[0xfffffff3]][0xffffffbb][0xffffffc3][0xffffff99][0xffffffed][0xffffffda][0x1d][0xffffffd1][0x17]\[0xffffffab]f[0x19]&[0xfffffff7][0xffffffbd][0xffffffb1][0xffffff82][0xffffffcf]2[0x14][0xffffff83]Y[0xffffff86][0x12]/[0xffffff8d]g[0xffffffe2][0xffffff8c][0xffffffcd]2[0xffffff94][0xfffffffd][0xffffffa2]8[0xffffffea]Z[0xffffff93]Y[0x6][0x9]$[0xffffffe3]Z[0xffffff83]Y[0xffffff86][0x0]g[0xffffffb6]k[0x7f]b[0xffffff96]a[0x9][0xffffffd7][0xffffffae][0xffffffd2][0xffffffa9]}[0x8]o[0xffffffe7][0xffffff81]][0xffffffbb][0xc]\[0xffffffbb][0x2][0xffffffd4][0xffffff99]8/[0xffffffcc][0xffffffb5][0xffffffcb][0xffffffc9][0xffffffb5][0x11]E[0xffffffc6][0xffffffb5][\n]"
08:17:55.069 [TestNG-PoolService-3] DEBUG org.apache.hc.client5.http.wire -- http-outgoing-4 << "*)[0xffffffed][0x6]6[0x9][0xffffffed]n[0xffffff84][0xffffffe6]kw[0xffffffe3][0xfffffff4]%[0xffffffed][0xffffff9e]n[0xffffffbf][0xffffff9e][0xffffff9d][0xfffffffc][0xffffffcf]g[0xfffffff7]#[0xfffffff0][0xffffffda][0xfffffffd]8[0x4][0xffffffa5][0xffffffdd][0xffffff93][0xfffffffb][0x5][0xffffffed][0xffffffb4][0xfffffffa][0x9]-[0xfffffff0]HiWPIi7[0xffffffb0]Ih[0xfffffff7][0xffffffa4][0x7f]F;_[0xffffffff][0x1d]m[0xffffffbd][0xffffffff][0xffffffad][0xffffffd8][0xffffff9d][0xffffffb0]*1[0xfffffff7][0xfffffff0]y[0x1e]J[0xffffffba]_N[0xffffff80]9w;C[0xffffffb2]r[0xffffffbf]<=[0xffffffd9][0xffffffb8][0xffffffbf]~2,[0xffffffdc][0xffffffa7](&[0xfffffffb][0xfffffff6][0x7]@&[0xffffffeb][0xfffffff6])[0xffffff96][0xffffff89][0xffffffb6]}[0x2]g[0xffffff9a]l[0xffffff9f] [0xfffffffa][0xffffff82]k[0xffffffc5]<[0xffffffef]jm[0xffffffe4][0xffffffcf]=|[0xffffff9e][0x7]v-:[0xffffffcf][0xffffffbb][0xffffff9d][0xffffff81]q-0[0xffffffcf][0xfffffffb][0xffffffeb]'{[0xffffffb8][0x16][0xffffff9f][0xffffffe7][0xfffffffd][0x1][0xffffff90][0xffffff8c]k[0xffffffd1]y[0xffffffde]'pf[0xffffffbb]vG[0xfffffff4][0xffffffb7][0xffffffba]v[0xffffffdc]nb[0xffffff9e]w[0xffffffb5]^[0xfffffff2]w'|[0xffffff9e][0xffffff87]t[0xffffffed][0xffffffc7][0x9]P[0xffffffd7]~9[0x3][0xffffffe0][0xffffffda][0xffffff8f][0xffffffa7][0x3][0xffffffae][0xfffffffd]|[0xffffffb2][0xffffff81]k%[0xffffff8a][0xffffff80]k[0xffffff9f][0x0][0x9][0xffffffb8]Vb[0xffffff99][0xffffffec]Z[0x1]g[0xffffffaa]k[0x5][0xffffffa2]/[0xffffffb8]V[0xffffffcd][0xfffffff3][0xffffffb6][0xfffffffe]x[0xffffff9d][0xffffff8b][0xffffffb8][0x16][0xffffff9c][0xffffffe7][0xfffffffd]r[0x2][0xffffffda][0xffffffb5][0xffffffd0]<[0xffffffef][0xffffff97][0xffffffa7]3[0xffffffae][0xfffffff5][0xffffff98][0xffffffe7]}[0xffffff8a]"[0xffffffe3]Z[0xffffff83]y[0xffffffde][0xffffffa7]X[0xffffffe6][0xffffffbb][0x16][0xffffff9b][0xffffffe7]}[0xffffff82][0xffffffe8][0xb][0xffffffae]U[0xfffffff3][0xffffffbc]mp][0xb][0xffffffce][0xfffffff3]~9[0x1][0xffffffed]Zh[0xffffff9e][0xfffffff7][0xffffffcb][0xffffffd3][0x19][0xffffffd7]z[0xffffffcc][0xfffffff3]>E[0xffffff91]q[0xffffffad][0xffffffc1]<[0xffffffef]S,[0xfffffff3]][0xffffff8b][0xffffffcd][0xfffffff3]>A[0xfffffff4][0x5][0xffffffd7][0xffffffaa]y[0xffffffde]v[0xfffffff6][0xfffffffc]o8|[0xffffff9e][0x7]v-:[0xffffffcf][0xffffffbb][0xffffff9d][0xffffff81]q-0[0xffffffcf][0xfffffffb][0xffffffeb]'{[0xffffffb8][0x16][0xffffff9f][0xffffffe7][0xfffffffd][0x1][0xffffff90][0xffffff8c]k[0xffffffd1]y[0xffffffde]'pf[0xffffffbb][0xfffffff6][0xffffffca]<[0xffffffef][0xffffffc7][0xffffff9f][0xffffff8a][0xffffffef]@[0xffffffae][0xffffffb6]:s[0xf][0xffffffe1][0xfffffffd]<[0xffffffb0]k[0xffffffd1][0xffffffef]@ng`\[0xb]|[0x7][0xfffffff2][0xffffffd7]O[0xfffffff6]p-[0xfffffffe][0x1d][0xffffffc8][0x1f][0x0][0xffffffc9][0xffffffb8][0x16][0xfffffffd][0xe][0xffffffe4][0x13]8[0xffffffb3]]{[0xffffffe5];[0xffffff90][0x1f][0x7f]*[0xffffffbe][0x3][0xffffffb9]zY[0xffffffcc]=[0xffffff84][0xfffffff7][0xfffffff3][0xffffffc0][0xffffffae]E[0xffffffbf][0x3][0xffffffb9][0xffffff9d][0xffffff81]q-[0xfffffff0][0x1d][0xffffffc8]_?[0xffffffd9][0xffffffc3][0xffffffb5][0xfffffff8]w [0x7f][0x0]$[0xffffffe3]Z[0xfffffff4];[0xffffff90]O[0xffffffe0][0xffffffcc]v[0xffffffed][0xffffff95][0xffffffef]@~[0xfffffffc][0xffffffa9][0xffffffba]_[0xffffffdb][0xffffffe7]<([0xffffffd7][0xffffffc2][0xfffffff7]k?N@[0xffffffbb][0x16][0xffffffbc]_[0xfffffffb][0xfffffff1]t[0xffffffc6][0xffffffb5]>[0xfffffff7]k%[0xffffff8a][0xffffff8c]kM[0xffffffee][0xffffffd7]J,[0xfffffff3]][0xffffff8b][0xffffffde][0xffffffaf][0x15][0xffffff88][0xffffffbe][0xffffffe0][0xffffffda])\;[0xffffff8e]Q)[0xffffffd7]N[0xffffffdc][0xffffffb5][0xffffffd3][0xffffffc0][0xffffffb5]3@[0xffffff9d][0xffffff89][0xfffffff3][0xffffffc4]\;[0xffffff9d]\[0x1b]Qd\[0xffffffab][0xffffff80]d\[0x1b][0xffffffb1][0xffffffcc]w[0xffffffed][0xe]g[0xffffffb6]kwD[0x7f][0xffffffbb]k[0xf][0xffffffe5][0xffffffda]Yf[0xffffff83]\{[0xffffffe0][0xffffffae]=[0xc]\{D[0xffffffa8][0x13]q>0[0xffffffd7][0x1e];[0xffffffc8][0xffffffa4]k[0x5][0xffffff8a][0xffffff88]k%[0xffffff90][0xffffff88]k[0x5][0xffffff96][0xffffffe9][0xffffffae][\r]p&[0xffffffbb]6 [0xfffffffa][0xffffff92]k[0xffffff9b][0xffffff99]k[0xffffffb1]}4_N[0xffffffc0][0xffffffbb][0x16][0xffffffd9]F[0xfffffff3][0xffffffe5][0xffffffe9][0xffffff94]k[0x1d]v[0xffffffd1]<E[0xffffff91]r-[0xffffffbe][0xffffff89][0xffffffe6])[0xffffff96][0xffffff84]k[0xffffffa1]=4O[0x10][0xfffffffd][0xffffffed][0xffffffae]-[0xffffffb7]_Jt[0xffffffed]*[0xffffffd4]=[0xffffff84][0xffffffb7][0xfffffff3][0xffffffb0][0xffffffae]}[0xffffff9c][0x0]v[0xffffffed][0xfffffff7]3 [0xffffffae]}<[0x1d]q[0xffffffed][0xffffffb7]'[[0xffffffb8]V[0xffffffa0][0xffffff88][0xffffffb8]V[0x2][0xffffff89][0xffffffb8]V`[0xffffff99][0xffffffee][0xffffffda][0x0]g[0xffffffb2]k[0x3][0xffffffa2]/[0xffffffb8]V[0xffffffcd]2[0xffffffac]vR[0xffffffb3][0xc][0x5][0xffffff9f]e([0x6][0xffffffb3][0xc]%^[0x1a][0xffffffcf][0xffffffc4][0x19][0xffffff9b]e([0xfffffffb]Eq[0xffffffd4][0xffffffb5]&[0xffffffb3][0xc][0x12]H[0xffffffc6][0xffffffb5][0x6][0xffffffb3][0xc][0x1][0xffffffce]l[0xffffffd7]^[0xffffff9f]e(j[0xffffff96]a[0xffffffcd]B[0xffffffcd]2[0x14]|[0xffffff96][0xffffffa1][0x18][0xffffffcc]2[0xffffff94]xi<[0x13]gl[0xffffff96][0xffffffa1][0xffffffec][0x17][0xffffffc5]Q[0xffffffd7][0xffffff9a][0xffffffcc]2H [0x19][0xffffffd7][0x1a][0xffffffcc]2[0x4]8[0xffffffb3]]{}[0xffffff96][0xffffffa1][0xffffffc4]Y[0xffffff86]r[0xffffffbb][0xffffffdd][0x16][0xffffffb5][0xf][0xffffffa1][0xffffffe0][0xffffffb3][0xc][0xffffffc5]`[0xffffff96][0xffffffa1][0xffffffc4]K[0xffffffe3][0xffffff99]8c[0xffffffb3][0xc]e[0xffffffbf]([0xffffff8e][0xffffffba][0xffffffd6]d[0xffffff96]A[0x2][0xffffffc9][0xffffffb8][0xffffffd6]`[0xffffff96]![0xffffffc0][0xffffff99][0xffffffed][0xffffffda][0xffffffeb][0xffffffb3][0xc]e([0xffffffd7][0xffffff8e]:)[0xffffffd7][0xe][0xffffffdc][0xffffffb5][0xffffffc3][0xffffffc0][0xffffffb5]#@[0xffffff9d][0xffffff89][0xfffffff3][0xffffffc0]\;[0xffffff9c]\[0x1b]Qd\[0xffffffab][0xffffff80]d\[0x1b][0xffffffb1][0xffffffcc]w[0xffffffed][0xe]g[0xffffffb6]kwD_pm[0xffffff9c]exs[0xffffffed][0xffffffa4][0xffffffe6][0xffffffc6][\n]"
08:17:55.069 [TestNG-PoolService-3] DEBUG org.apache.hc.client5.http.wire -- http-outgoing-4 << ">[0xffffffcb]P[0xc]f[0x19]J[0xffffffbc]4[0xffffff9e][0xffffff89]36[0xffffffcb]P[0xfffffff6][0xffffff8b][0xffffffe2][0xffffffa8]kMf[0x19]$[0xffffff90][0xffffff8c]k[\r]f[0x19][0x2][0xffffff9c][0xffffffd9][0xffffffae][0xffffffbd]>[0xffffffcb]P[0xffffffe2][0xfffffffd][0xffffffda][0xffffffbb]kO[0xffffffee]}-~[0xffffffbf][0xffffffb6][0x18][0xffffffdc][0xffffffaf]-[0xfffffff1]"c&[0xffffffce][0xffffffd8][0xfffffffd][0xffffffda][0xffffffb2]_^D]kr[0xffffffbf]V[0x2][0xffffffc9][0xffffffb8][0xffffffd6][0xffffffe0]~m[0xffffff80]3[0xffffffdb][0xffffffb5][0xffffffd7][0xffffffef][0xffffffd7][0xffffff96]%][0xffffff8b][0xffffffcd][0xffffffe8][0xffffffbe][0xffffff9d][0x7]v[0xffffffed]2p[0xffffffed][\n]"
08:17:55.069 [TestNG-PoolService-1] DEBUG org.apache.hc.client5.http.wire -- http-outgoing-3 << "H[0xffffffc6][0xffffffb5][0x11][0xffffffcb]|[0xffffffd7][0xffffffee]pf[0xffffffbb]vG[0xfffffff4][0xffffffb7][0xffffffbb][0xffffffb6][0xffffffaa][0xffffffb9][0xffffffb1][0xffffffd5]f[0xffffff83]\[[0xfffffff1][0xffffffb9][0xffffffb1]j07V[0xffffffe3][0xffffff80]N"[0xffffffce][0x15][0xffffff9b][0x1b][0xffffffab][0xfffffffb]P[0xe][0xffffffe9]Z[0xffffff81]"[0xffffffe2]Z[0x9]$[0xffffffe2]Z[0xffffff81]e[0xffffffba]k[0x3][0xffffff9c][0xffffffc9][0xffffffae][\r][0xffffff88][0xffffffbe][0xffffffe0]Z[0xfffffff5][\r][0xffffff9c]ub[0xffffffef][0x10]*[0xfffffffe][\r][0xffffff9c]j[0xfffffff0][\r][0xffffff9c][0x1a]?6[0xffffff92][0xffffff89]3[0xfffffff6][\r][0xffffff9c][0xffffffba][0x7f]`[0x4]u[0xffffffad][0xffffffc9]7p$[0xffffff90][0xffffff8c]k[\r][0xffffffbe][0xffffff81][0x13][0xffffffe0][0xffffffcc]v[0xffffffed][0xfffffff5]o[0xffffffe0]T1[0xffffffa3];o[0xffffffb7]rP[0xffffffae][0xffffffc5]gt[0xffffffab][0xffffffc1][0xffffff8c]n[0xffffff8d][0xffffffc3][0xffffff90][0xffffff99]8c3[0xffffffba]u[0x1f][0xffffff80]D]k2[0xffffffa3]+[0xffffff81]d\k0[0xffffffa3][0x1b][0xffffffe0][0xffffffcc]v[0xffffffed][0xfffffff5][0x19][0xffffffdd]*[0xffffffe6][0xffffffc6][0xffffffee][0xffffffae][0xffffffe5][0xffffffba][0x16][0xffffff9f][0x1b][0xffffffab][0x6]sc5[0xe][0xffffffe8]d[0xffffffe2][0xffffff8c][0xffffffcd][0xffffff8d][0xffffffd5]}([0x7]u[0xffffffad][0xffffffc9][0xffffffdc][0xffffff98][0x4][0xffffff92]q[0xffffffad][0xffffffc1][0xffffffdc]X[0xffffff80]3[0xffffffdb][0xffffffb5][0xffffffd7][0xffffffe7][0xffffffc6][0xffffffaa][0xfffffff8][0x6][0xffffffce][0xffffffdd][0xffffffb5][0xffffff93][0xffffffda][0xfffffff3]U[0xfffffff1]o[0xffffffe0]T[0xffffff83]o[0xffffffe0][0xffffffd4][0xfffffff8][0xffffffb1][0xffffff91]L[0xffffff9c][0xffffffb1]o[0xffffffe0][0xffffffd4][0xfffffffd][0x3]#[0xffffffa8]kM[0xffffffbe][0xffffff81]#[0xffffff81]d\k[0xfffffff0][\r][0xffffff9c][0x0]g[0xffffffb6]k[0xffffffaf][0x7f][0x3][0xffffffa7][0xffffff8a][0xffffffb9][0xffffffb1]y+7[0xffffffea][0x1e]B[0xffffffc5][0xffffffe7][0xffffffc6][0xffffffaa][0xffffffc1][0xffffffdc]X[0xffffff8d][0x3]:[0xffffff99]8cscu[0x1f][0xffffffca]A]k27&[0xffffff81]d\k07[0x16][0xffffffe0][0xffffffcc]v[0xffffffed][0xfffffff5][0xffffffb9][0xffffffb1]*[0xffffffe6][0xffffffc6][0xffffffe6][0xffffffad]W[0xffffffac]k[0xfffffff1][0xffffffb9][0xffffffb1]j07V[0xffffffe3][0xffffff80]N&[0xffffffce][0xffffffd8][0xffffffdc]X[0xffffffdd][0xffffff87]rP[0xffffffd7][0xffffff9a][0xffffffcc][0xffffff8d]I [0x19][0xffffffd7][0x1a][0xffffffcc][0xffffff8d][0x5]8[0xffffffb3]]{}n[0xffffffac][0xffffff9e][0xffffffca][0xffffffb5][0xfffffff3][0xffffffc0]~[0x1b];q[0xffffffd7][0xffffff9e][0x6][0xffffffae]=[0x3][0xffffffd4][0xffffff99]8[0xffffff9f][0xffffff98]kO'[0xffffffd7]F[0x14][0x19][0xffffffd7]* [0x19][0xffffffd7]F,[0xfffffff3]][0xffffffbb][0xffffffc3][0xffffff99][0xffffffed][0xffffffda][0x1d][0xffffffd1][0x17]\+[0xffffffe6][0xffffffc6][0xffffffe6]Qn[0xffffffd4][0xffffffee][0xffffff99][0xffffff8a][0xffffffcf][0xffffff8d]U[0xffffff83][0xffffffb9][0xffffffb1][0x1a][0x7]t2q[0xffffffc6][0xffffffe6][0xffffffc6][0xffffffea]>[0xffffff94][0xffffff83][0xffffffba][0xffffffd6]dnL[0x2][0xffffffc9][0xffffffb8][0xffffffd6]`n,[0xffffffc0][0xffffff99][0xffffffed][0xffffffda][0xffffffeb]sc[0xfffffff7]?-f[0xffffffae][0xffffff85]w*>N[0xffffffc0][0xffffffbb][0x16][0xffffffdc][0xffffffa9][0xfffffff8]x:[0xffffffe5]Z[0xffffff9f][0xffffff9d][0xffffff8a][0x2]E[0xffffffca][0xffffffb5]&;[0x15][0x5][0xffffff96][0xffffff84]k[0xffffffd1][0xffffff9d][0xffffff8a][0x1][0xffffffd1][0xffffff97]\[0xffffffdb][0xffffffcc]\[0xffffffdb]p[0xffffffd7]6[0x3][0xffffffd7]6[0xffffffd4][0xffffffb5][\r]smsr[0xffffffed][0xffffff8e]"[0xffffffe5][0xffffffda][0x8]$[0xffffffe5][0xffffffda][0x1d]K[0xffffffc2][0xffffffb5][\r]vm[0xffffffbb][0xffffffee][0xffffffda][0xffffffc7][0xffffffbb]Y'[0xffffffd9][0x1e][0x7]n[0xffffffdb][0xfffffffb][0x11]x[0xffffffdd]~[0x1c][0xffffff82][0xfffffff2][0xffffffed][0xfffffffd][0xfffffff1][0xffffff94]p[0xffffffdf][0x1f][0xffffffed]b[0xffffffdc][0xffffffc0]#[0xffffffa5]\A%[0xffffffe5][0xffffffdc][0xffffffc0]&![0xffffffdd][0xffffff8d][0xffffffd0]|[0xffffffeb]n[0xffffff9c][0xffffffbe][0xffffffa4][0xffffffdd]b[0xfffffff7]>[0xffffffc1][0xffffffe0][0xffffff85][0xffffff82][0xffffffc5][0x1b][0x5][0xfffffff8][0xffffff95][0x2][0xfffffff8]N[0xffffffc1][0xffffffeb][0xffffffa5][0xffffff82][0xffffffcd][[0x5][0xffffffa3][0xffffffd7][\n]"
08:17:55.070 [TestNG-PoolService-1] DEBUG org.apache.hc.client5.http.wire -- http-outgoing-3 << "[0x16][0xffffffef][0x15][0xfffffff0][0x17][0xb]?[0xfffffff1]f[0xffffffa1]v3[0xffffffed][0xffffffd6][0xffffff8e]k[0xfffffff7]~[0x4]^[0xffffffbb][0x1f][0xffffff87][0xffffffa0][0xffffffb4]{[0x7f]<[0xffffffa5][0xffffffdd][0xfffffff7]G[0xffffffbb]h7[0xfffffff0]HiWPIi7[0xffffffb0]Ihw#4_[0xffffffbb][0x1b][0xffffffa7]/i[0xffffffb7]M3[0xffffffed][0xffffffb6][0xffffff89]k[0xfffffff7]~[0x4]^[0xffffffbb][0x1f][0xffffff87][0xffffffa0][0xffffffb4]{[0x7f]<[0xffffffa5][0xffffffdd][0xfffffff7]G[0xffffffbb]h7[0xfffffff0]HiWPIi7[0xffffffb0]Ihw#4_[0xffffffbb][0x1b][0xffffffa7]/iw[0xffffffb8][0xffffffbd]d[0x18][0xfffffffc]K[0xffffff86][0xffffffe1][0xfffffff0][0xffffff92]a[0xffffffb0]/[0x19][0x6][0xfffffff7][0xffffff92]aX[0xffffffbd]d[0x8]<R[0xffffffda][0x15]TR[0xffffffda][\r]l[0x12][0xffffffda][0x1d][0xfffffff4]K[0xffffff86][0xfffffff1][0x13]/[0x19][0xffffffa6][[0xffffffed]N[0xffffffbe]v[0xffffffa7]C[0xffffffed]N[0xffffffb6]v'W[0xffffffbb][0xffffffd3][0xffffffaa]v[0x3][0xffffff8f][0xffffff94]v[0x5][0xffffff95][0xffffff94]v[0x3][0xffffff9b][0xffffff84]v'][0xffffffbb][0xfffffff3]'jw[0xffffffb9][0xffffffd5][0xffffffee][0xffffffe2]kw9[0xffffffd4][0xffffffee]bkwq[0xffffffb5][0xffffffbb][0xffffffac]j7[0xfffffff0]HiWPIi7[0xffffffb0]Ihw[0xffffffd1][0xffffffb5][0xffffffbb]~[0xffffffa2]v[0xffffff8f][0xffffffc7][0x17]x[0xffffff9d][0xffffffbc]{?[0x11].[0xffffffde][0xffffffb7]3[0xfffffff0][0xffffffe6][0xfffffffd]v[\n]"
08:17:55.070 [TestNG-PoolService-2] DEBUG org.apache.hc.client5.http.wire -- http-outgoing-5 << "[0xffffffcf][0xfffffff3][0xffffffc0][0xffffffae]E?i[0xffffffb6][0xffffff9d][0xffffff81]q-[0xfffffff0]I[0xffffffb3]_?[0xffffffd9][0xffffffc3][0xffffffb5][0xfffffff8]'[0xffffffcd]~[0x0]$[0xffffffe3]Z[0xfffffff4][0xffffff93]fO[0xffffffe0][0xffffffcc]v[0xffffffed][0xffffff95]O[0xffffff9a]}[0xfffffffc][0xffffffa9][0xfffffffa][0xffffffa4]Y9W[0xffffffa5]\[0xb]~[0xffffffd2][0xffffffec][0xffffffcb][0x9]h[0xffffffd7]B[0xffffff9f]4[0xfffffffb][0xfffffff2]t[0xffffffc6][0xffffffb5][0x1e][0xffffff9f]4{[0xffffff8a]"[0xffffffe3]Z[0xffffff83]O[0xffffff9a]=[0xffffffc5]2[0xffffffdf][0xffffffb5][0xffffffd8]'[0xffffffcd][0xffffff9e] [0xfffffffa][0xffffffdb]][0xffffffdb][0xffffffd5][0xfffffffb][0xffffffda][0xffffffda][[0xfffffffe]gv>[0xffffffcf][0xffffffc3][0xffffffba][0xffffffb6][0x1b][0xffffffbc][0xffffffaf][0xffffffed][0xfffffff1][0xffffffc5]X"[0xffffffce][0x1d]{_[0xffffffdb][0xfffffff7][0xffffff97]a[0xffffffa4]k[0x5][0xffffff8a][0xffffff88]k%[0xffffff90][0xffffff88]k[0x5][0xffffff96][0xffffffe9][0xffffffae][\r]p&[0xffffffbb]6 [0xfffffffa][0xffffff82]k[0xffffffd5][0xfffffffb][0xffffffda]z[0xe][0xffffffaa]k;[0xfffffffe][0xffffffbe][0xffffffb6][0x1b][0xffffffbc][0xffffffaf][0xffffffed][0xfffffff1][0xffffffc5]X&[0xffffffce][0xffffffd8][0xfffffffb][0xffffffda][0xffffffbe][0xffffffbf][0xc]C]k[0xfffffff2][0xffffffbe]V[0x2][0xffffffc9][0xffffffb8][0xffffffd6][0xffffffe0]}m[0xffffff80]3[0xffffffdb][0xffffffb5][0xffffffd7][0xffffffdf][0xffffffd7][0xfffffff6]"[0xffffffd6][0xffffff91][0xffffffb7][0xffffffdb][0xffffffcc][0xffffffbf]s[0xfffffffb]y[0x1e][0xffffffd8][0xffffffb5][0xffffff85]\G[0xffffffbe][0xffffff9d][0xffffff81]qm[0xffffffc9]_G[0xfffffffe][0xffffffeb]'{[0xffffffb8]6[0xffffffa2][0xffffffc8][0xffffffb8]V[0x1][0xffffffc9][0xffffffb8]6b[0xffffff99][0xffffffef][0xffffffda][0x1d][0xffffffce]l[0xffffffd7][0xffffffee][0xffffff88][0xffffffbe][0xffffffe0]Z[0xfffffff5][0xffffffbe][0xffffffb6][0xffffff95][0xffffff85][0xffffffbd]C[0xffffffc0][0xffffffdf][0xffffffd7]v[0xffffff83][0xfffffff7][0xffffffb5]=[0xffffffbe][0x18][0xffffffcb][0xffffffc4][0x19]{_[0xffffffdb][0xfffffff7][0xffffff97]a[0xffffffa8]kM[0xffffffde][0xffffffd7]J [0x19][0xffffffd7][0x1a][0xffffffbc][0xffffffaf][\r]pf[0xffffffbb][0xfffffff6]'[0xffffffde][0xffffffd7]6[0xffffffe5][0xffffffda]q[0xffffffc3][0xffffffde]!4[0xffffffdc][0xffffffb5][0xffffffcd][0xffffffc0][0xffffffb5]-@[0xffffff9d][0xffffff89]s[0xffffffc3]\[0xffffffdb][0xffffff9c]\[0x1b]Qd\[0xffffffab][0xffffff80]d\[0x1b][0xffffffb1][0xffffffcc]w[0xffffffed][0xe]g[0xffffffb6]kwD_pmW[0xffffffae][0xffffff9d][0xffffffdc][0xfffffffb][0xffffffda][0xffffff8e][0xffffffbb][0xffffffb6][0x1b][0xffffffb8][0xffffffb6][0x7][0xffffffa8]3q[0xffffffee][0xffffff98]k[0xffffffbb][0xffffff93]k#[0xffffff8a][0xffffff8c]k[0x15][0xffffff90][0xffffff8c]k#[0xffffff96][0xfffffff9][0xffffffae][0xffffffdd][0xffffffe1][0xffffffcc]v[0xffffffed][0xffffff8e][0xffffffe8][0xb][0xffffffae][0x1d][0xffffffe2][0xffffff93]f[0xfffffffd]8[0xffffffb0][0xfffffff7][0xffffffb5][0xffffff83][0xfffffffb][0xffffffa4][0xffffffd9][0xffffff97][0x13][0xffffffd0][0xffffffae][0x1d][0xffffffe1][0xffffffdb]Q[0xffffff99]8[0xffffff8f][0xfffffffc]O[0xffffff9a][0xfffffffd][0xfffffffa][0xffffffc9][0x1e][0xffffffae][0xffffff8d](2[0xffffffae]U@2[0xffffffae][0xffffff8d]X[0xffffffe6][0xffffffbb]v[0xffffff87]3[0xffffffdb][0xffffffb5];[0xffffffa2]/[0xffffffb8][0xfffffff6][0x14]][0xffffffdb][0xffffffdb][0xffffffed][0xffffffa4]\{[0xffffffe2]]{[0x1a]t[0xffffffed][0x19][0x2]"[0x13][0xffffffe7][0x13][0xffffffeb][0xffffffda][0xffffffd3][0xffffffa9]k#[0xffffff8a][0xffffff8c]k[0x15][0xffffff90][0xffffff8c]k#[0xffffff96][0xfffffff9][0xffffffae][0xffffffdd][0xffffffe1][0xffffffcc]v[0xffffffed][0xffffff8e][0xffffffe8][0xb][0xffffffae][0xffffff9d][0xffffffca][0xffffffb5][0xffffffbd]4[0xffffffca][0xffffffb5][0x13]w[0xffffffed]4p[0xffffffed][0xc]Pg[0xffffffe2]<1[0xffffffd7]N'[0xffffffd7]F[0x14][0x19][0xffffffd7]* [0x19][0xffffffd7]F,[0xfffffff3]][0xffffffbb][0xffffffc3][0xffffff99][0xffffffed][0xffffffda][0x1d][0xffffffd1][0x17]\[0xffffffab][0xfffffff6]|[0xfffffff5][0xfffffffe][0xfffffff8][0xffffffc4][0x3][0xffffffe2]Z|[0xffffffcf]W7[0xffffffd8][0xfffffff3][0xffffffd5][0xffffffe3]B[0xffffffa5]L[0xffffff9c][0xffffffb1]=_}_[0xffffffa2][0xffffff84][0xffffffba][0xffffffd6]d[0xffffffcf][0xffffff97][0x4][0xffffff92]q[0xffffffad][0xffffffc1][0xffffff9e][0xffffffaf][0x0]g[0xffffffb6]k[0xffffffaf][0xffffffef][0xfffffff9][0x1a]jn[0xffffffac][0xffffff8f]cB[0xffffffae][0x1d][0xfffffff8][0xffffffdc][0xffffffd8]0[0xffffff98][0x1b][0x1b]q@'[0x11][0xffffffe7][0xffffff81][0xffffffcd][0xffffff8d][0xffffff8d]}([0xffffff87]t[0xffffffad]@[0x11]q[0xffffffad][0x4][0x12]q[0xffffffad][0xffffffc0]2[0xffffffdd][0xffffffb5][0x1][0xffffffce]d[0xffffffd7][0x6]D_p[0xffffffad][0xffffff9a][0x1b][0xffffffeb][0xffffffa3]S[0xfffffff7][0x10][0x6]>76[0xc][0xffffffe6][0xffffffc6]F[0x1c][0xffffffd0][0xffffffc9][0xffffffc4][0x19][0xffffff9b][0x1b][0x1b][0xfffffffb]P[0xe][0xffffffea]Z[0xffffff93][0xffffffb9]1[0x9]$[0xffffffe3]Z[0xffffff83][0xffffffb9][0xffffffb1][0x0]g[0xffffffb6]k[0xffffffaf][0xffffffcf][0xffffff8d][\r][0xffffffb5][0xffffffe7][0xffffffab][0xffffff9f][0xffffff83][0xffffffda][0x15]>[0xfffffff0]=_[0xffffffc3]`[0xffffffcf][0xffffffd7][0xffffff88][0xb][0xffffff95]2q[0xffffffc6][0xfffffff6]|[0xffffff8d]}[0xffffff89][0x12][0xffffffea]Z[0xffffff93]=_[0x12]H[0xffffffc6][0xffffffb5][0x6]{[0xffffffbe][0x2][0xffffff9c][0xffffffd9][0xffffffae][0xffffffbd][0xffffffbe][0xffffffe7]k[0xffffffa8]Y[0xffffff86]Q[0x7]576[0xfffffff0]Y[0xffffff86]a0[0xffffffcb]0[0xffffffe2][0xffffffa5][0xfffffff1]L[0xffffff9c][0xffffffb1]Y[0xffffff86][0xffffffb1]_[0x14]G]k2[0xffffffcb] [0xffffff81]d\k0[0xffffffcb][0x10][0xffffffe0][0xffffffcc]v[0xffffffed][0xfffffff5]Y[0xffffff86]1[0xffffff84]k[0xffffffcf][0xffffffa3]S[0xfffffffb]k[0xffffffdf][0xffffffce][0x3][0xffffffbb]v[0x18][0xffffffb8]v[0x4][0xffffffa8]3q[0x1e][0xffffff98]k[0xffffff87][0xffffff93]k#[0xffffff8a][0xffffff8c]k[0x15][0xffffff90][0xffffff8c]k#[0xffffff96][0xfffffff9][0xffffffae][0xffffffdd][0xffffffe1][0xffffffcc]v[0xffffffed][0xffffff8e][0xffffffe8][0xb][0xffffffae][0xffffff9d][0xffffffca][0xffffffb5]'v[0xffffffbf][0xfffffff6][0xffffffed]<[0xffffffb0]k[0xffffffa7][0xffffff81]kg[0xffffff80]:[0x13][0xffffffe7][0xffffff89][0xffffffb9]v:[0xffffffb9]6[0xffffffa2][0xffffffc8][0xffffffb8]V[0x1][0xffffffc9][0xffffffb8]6b[0xffffff99][0xffffffef][0xffffffda][0x1d][0xffffffce]l[0xffffffd7][0xffffffee][0xffffff88][0xffffffbe][0xffffffe0]Zu[0xffffffe7]k[0xffffffde][0x6]v[0xf][0x1][0xffffffbf][0xfffffff3]5[0xc][0xffffffee]|[0xffffff8d]x[0xffffffb9]&[0x13]g[0xffffffec][0xffffffce][0xffffffd7][0xffffffd8]/[0xffffffd4][0xffffffa0][0xffffffae]5[0xffffffb9][0xfffffff3]%[0xffffff81]d\kp[0xffffffe7]+[0xffffffc0][0xffffff99][0xffffffed][0xffffffda][0xffffffeb]w[0xffffffbe]Nu[0xffffffe7]k[0xffffff96][0xffffffd6] [0xffffffd7][0xffffff9e][0xfffffff8][0xffffff9d][0xffffffaf][0xffffffd3][0xffffffe0][0xffffffce][0xffffffd7][0x19]/[0xffffffd7]$[0xffffffe2]|bw[0xffffffbe][0xffffffce][0xfffffffd]B[\r][0xffffffe9]Z[0xffffff81]"[0xffffffe2]Z[0x9]$[0xffffffe2]Z[0xffffff81]e[0xffffffba]k[0x3][0xffffff9c][0xffffffc9][0xffffffae][\r][0xffffff88][0xffffffbe][0xffffffe0]Zu[0xffffffe7]k[0xfffffff6]F[0xffffffed]C8[0xfffffff1];_[0xffffffa7][0xffffffc1][0xffffff9d][0xffffffaf]3^[0xffffffae][0xffffffc9][0xffffffc4][0x19][0xffffffbb][0xfffffff3]u[0xffffffee][0x17]jP[0xffffffd7][0xffffff9a][0xffffffdc][0xfffffff9][0xffffff92]@2[0xffffffae]5[0xffffffb8][0xfffffff3][0x15][0xffffffe0][0xffffffcc]v[0xffffffed][0xfffffff5];_[0xffffffa7][0xffffffba][0xfffffff3]5[0xffffffc7]I[0xffffffdd][0xfffffff9]:[0xfffffff1];_[0xffffffa7][0xffffffc1][0xffffff9d][0xffffffaf]3^[0xffffffae][0xffffffc9][0xffffffc4][0x19][0xffffffbb][0xfffffff3]u[0xffffffee][0x17]jP[0xffffffd7][0xffffff9a][0xffffffdc][0xfffffff9][0xffffff92]@2[0xffffffae]5[0xffffffb8][0xfffffff3][0x15][0xffffffe0][0xffffffcc]v[0xffffffed][0xfffffff5];_[0xffffffa7][0xffffffda][0x15]>[0xffffffcf]B[0xffffffcd]2[0xffffff9c][0xfffffff8][0xffffffae][0xfffffff0][0xffffffd3]`W[0xfffffff8][0x19][0xffffff97]2g[0xffffffe2][0xffffff8c][0xffffffed][\n]"
08:17:55.070 [TestNG-PoolService-2] DEBUG org.apache.hc.client5.http.wire -- http-outgoing-5 << "?[0xfffffff7]E[0xffffffcc][0xffffffa8]kMv[0xffffff85]K [0x19][0xffffffd7][0x1a][0xffffffec][\n]"
08:17:55.070 [TestNG-PoolService-2] DEBUG org.apache.hc.client5.http.wire -- http-outgoing-5 << "[0xf]pf[0xffffffbb][0xfffffff6][0xfffffffa][0xffffffae][0xfffffff0]S[0xffffffdd][0xffffffaf][0xffffff9d][0xffffffe7][0xffffffe3]t[0xffffff88]k[0xfffffff1][0xfffffffb][0xffffffb5][0xffffffa7][0xffffffc1][0xfffffffd][0xffffffda]3^d[0xffffffcc][0xffffffc4][0x19][0xffffffbb]_{[0xffffffee][0xffffff97][0x17]Q[0xffffffd7][0xffffff9a][0xffffffdc][0xffffffaf][0xffffff95]@2[0xffffffae]5[0xffffffb8]_[0x1b][0xffffffe0][0xffffffcc]v[0xffffffed][0xfffffff5][0xfffffffb][0xffffffb5][0xffffffa7][0xffffffda][0x15]>[0xffffffcf][0xffffff85][0xffffffbd]C[0xffffffc0]w[0xffffff85][0xffffff9f][0x6][0xffffffbb][0xffffffc2][0xffffffcf][0xffffffb8][0xffffff94]9[0x13]glW[0xfffffff8][0xffffffb9]/bF]k[0xffffffb2]+\[0x2][0xffffffc9][0xffffffb8][0xffffffd6]`Wx[0xffffff80]3[0xffffffdb][0xffffffb5][0xffffffd7]w[0xffffff85][0xffffff9f]j[0xffffff96]a[0xffffffae][0x1b][0xfffffff6][0xffffffdb][0x18]>[0xffffffcb]p[0x1a][0xffffffcc]2[0xffffff9c][0xfffffff1][0xffffffd2]x&[0xffffffce][0xffffffd8],[0xffffffc3][0xffffffb9]_[0x14]G]k2[0xffffffcb] [0xffffff81]d\k0[0xffffffcb][0x10][0xffffffe0][0xffffffcc]v[0xffffffed][0xfffffff5]Y[0xffffff86]S[0xffffffed][\n]"
08:17:55.071 [TestNG-PoolService-2] DEBUG org.apache.hc.client5.http.wire -- http-outgoing-5 << "_[0xffffffe5][0xffffffa0]f[0x19]N|W[0xfffffff8]i[0xffffffb0]+[0xfffffffc][0xffffff8c]K[0xffffff99]3q[0xffffffc6]v[0xffffff85][0xffffff9f][0xfffffffb]"f[0xffffffd4][0xffffffb5]&[0xffffffbb][0xffffffc2]%[0xffffff90][0xffffff8c]k[\r]v[0xffffff85][0x7]8[0xffffffb3]]{}W[0xfffffff8]9[0xffffff95]k[0x1b][0xffffffb6]S[0xfffffff1][0xffffffed]<[0xffffffb0]k[0xffffffa7][0xffffff81]kg[0xffffff80]:[0x13][0xffffffe7][0xffffff89][0xffffffb9]v:[0xffffffb9]6[0xffffffa2][0xffffffc8][0xffffffb8]V[0x1][0xffffffc9][0xffffffb8]6b[0xffffff99][0xffffffef][0xffffffda][0x1d][0xffffffce]l[0xffffffd7][0xffffffee][0xffffff88][0xffffffbe][0xffffffe0]Z57[0xffffffb6][0xffffffce][0xffffff8e]u->7v[0x1a][0xffffffcc][0xffffff8d][0xffffff9d]q@'[0x13]gln[0xffffffec][0xffffffdc][0xffffff87]rP[0xffffffd7][0xffffff9a][0xffffffcc][0xffffff8d]I [0x19][0xffffffd7][0x1a][0xffffffcc][0xffffff8d][0x5]8[0xffffffb3]]{}nl[0xffffffaa][0xffffffb9][0xffffffb1][0xffffffb5][0xffffffb0][0xffffffdf][0xffffffc6]"
08:17:55.071 [TestNG-PoolService-1] DEBUG org.apache.hc.client5.http.wire -- http-outgoing-3 << "J[0xffffffbd]o[0xffffffcf][0xffffffa7][0xffffffdc][0xfffffffb][0xfffffff1]l[0x17][0xfffffff9]F()[0xfffffffb]*4)[0xfffffffd]F@[0x9][0xffffffff][0xffffffee][0xffffff98][0xffffffe6][0xb]x[0xffffff87][0xfffffff5][0xffffffb7][0x18]x[0xffffffbe][0xffffffff][0xffffffb1][0xfffffff8][0xffffffa4][0xffffffd9]<[0xffffffc6][0xffffffca][0xffffffff]T[0xffffffef][0xffffffe7]y([0xfffffffb]~9[0x1][0xffffffe6][0xffffffde][0xffffffed][0xc][0xffffffc9][0xffffffe6][0xfffffffd][0xfffffff2][0xfffffff4]d[0xffffffef][0xfffffffe][0xfffffffa][0xffffffc9][0xffffffb0]u[0xffffff9f][0xffffffa2][0xffffff98][0xffffffec][0xffffffdc][0x1f][0x0][0xffffff99]l[0xffffffdc][0xffffffa7]X&[0xfffffffa][0xfffffff6][0x9][0xffffff9c]i[0xffffffb6]}[0xffffff82][0xffffffe8]owm[0x13][0xffffff9f]4[0xffffff9b][0xffffffc7]Z[0xfffffff9][0xffffffab][0xffffffc4]>[0xffffffcf][0xffffffc3][0xffffffba][0xffffffb6][0xffffffa1][0xffffff9f]4[0xffffffdb][0xffffffce][0xffffff80][0xffffffb8][0xffffffb6][0x1][0xffffff9f]4[0xfffffffb][0xfffffff5][0xffffff93]-\+PD\+[0xffffff81]D\+[0xffffffb0]Lwm[0xffffff80]3[0xffffffd9][0xffffffb5][0x1][0xffffffd1][0x17]\+>i6Km[0xffffff98]k[0xffffffc1]O[0xffffff9a]}9[0x1][0xffffffed]Z[0xffffffe8][0xffffff93]f_[0xffffff9e][0xffffffce][0xffffffb8][0xffffffd6][0xffffffe3][0xffffff93]fOQd\k[0xfffffff0]I[0xffffffb3][0xffffffa7]X[0xffffffe6][0xffffffbb][0x16][0xfffffffb][0xffffffa4][0xffffffd9][0x13]D_p[0xffffffad][0xfffffffa][0xffffffa4]Y[0xffffffe9][0xffffffc0][0xffffffda][0xffffffc6][0xffffffcf][0xfffffff3][0xffffffc0][0xffffffae]E?i[0xffffffb6][0xffffff9d][0xffffff81]q-[0xfffffff0]I[0xffffffb3]_?[0xffffffd9][0xffffffc3][0xffffffb5][0xfffffff8]'[0xffffffcd]~[0x0]$[0xffffffe3]Z[0xfffffff4][0xffffff93]fO[0xffffffe0][0xffffffcc]v[0xffffffed][0xffffff95]O[0xffffff9a]}[0xfffffffc][0xffffffa9][0xfffffffa][0xffffffa4]Y9W[0xffffffa5]\[0xb]~[0xffffffd2][0xffffffec][0xffffffcb][0x9]h[0xffffffd7]B[0xffffff9f]4[0xfffffffb][0xfffffff2]t[0xffffffc6][0xffffffb5][0x1e][0xffffff9f]4{[0xffffff8a]"[0xffffffe3]Z[0xffffff83]O[0xffffff9a]=[0xffffffc5]2[0xffffffdf][0xffffffb5][0xffffffd8]'[0xffffffcd][0xffffff9e] [0xfffffffa][0xffffffdb]][0xffffffdb][0xffffffd5][0xfffffffb][0xffffffda][0xffffffda][[0xfffffffe]gv>[0xffffffcf][0xffffffc3][0xffffffba][0xffffffb6][0x1b][0xffffffbc][0xffffffaf][0xffffffed][0xfffffff1][0xffffffc5]X"[0xffffffce][0x1d]{_[0xffffffdb][0xfffffff7][0xffffff97]a[0xffffffa4]k[0x5][0xffffff8a][0xffffff88]k%[0xffffff90][0xffffff88]k[0x5][0xffffff96][0xffffffe9][0xffffffae][\r]p&[0xffffffbb]6 [0xfffffffa][0xffffff82]k[0xffffffd5][0xfffffffb][0xffffffda]z[0xe][0xffffffaa]k;[0xfffffffe][0xffffffbe][0xffffffb6][0x1b][0xffffffbc][0xffffffaf][0xffffffed][0xfffffff1][0xffffffc5]X&[0xffffffce][0xffffffd8][0xfffffffb][0xffffffda][0xffffffbe][0xffffffbf][0xc]C]k[0xfffffff2][0xffffffbe]V[0x2][0xffffffc9][0xffffffb8][0xffffffd6][0xffffffe0]}m[0xffffff80]3[0xffffffdb][0xffffffb5][0xffffffd7][0xffffffdf][0xffffffd7][0xfffffff6]"[0xffffffd6][0xffffff91][0xffffffb7][0xffffffdb][0xffffffcc][0xffffffbf]s[0xfffffffb]y[0x1e][0xffffffd8][0xffffffb5][0xffffff85]\G[0xffffffbe][0xffffff9d][0xffffff81]qm[0xffffffc9]_G[0xfffffffe][0xffffffeb]'{[0xffffffb8]6[0xffffffa2][0xffffffc8][0xffffffb8]V[0x1][0xffffffc9][0xffffffb8]6b[0xffffff99][0xffffffef][0xffffffda][0x1d][0xffffffce]l[0xffffffd7][0xffffffee][0xffffff88][0xffffffbe][0xffffffe0]Z[0xfffffff5][0xffffffbe][0xffffffb6][0xffffff95][0xffffff85][0xffffffbd]C[0xffffffc0][0xffffffdf][0xffffffd7]v[0xffffff83][0xfffffff7][0xffffffb5]=[0xffffffbe][0x18][0xffffffcb][0xffffffc4][0x19]{_[0xffffffdb][0xfffffff7][0xffffff97]a[0xffffffa8]kM[0xffffffde][0xffffffd7]J [0x19][0xffffffd7][0x1a][0xffffffbc][0xffffffaf][\r]pf[0xffffffbb][0xfffffff6]'[0xffffffde][0xffffffd7]6[0xffffffe5][0xffffffda]q[0xffffffc3][0xffffffde]!4[0xffffffdc][0xffffffb5][0xffffffcd][0xffffffc0][0xffffffb5]-@[0xffffff9d][0xffffff89]s[0xffffffc3]\[0xffffffdb][0xffffff9c]\[0x1b]Qd\[0xffffffab][0xffffff80]d\[0x1b][0xffffffb1][0xffffffcc]w[0xffffffed][0xe]g[0xffffffb6]kwD_pmW[0xffffffae][0xffffff9d][0xffffffdc][0xfffffffb][0xffffffda][0xffffff8e][0xffffffbb][0xffffffb6][0x1b][0xffffffb8][0xffffffb6][0x7][0xffffffa8]3q[0xffffffee][0xffffff98]k[0xffffffbb][0xffffff93]k#[0xffffff8a][0xffffff8c]k[0x15][0xffffff90][0xffffff8c]k#[0xffffff96][0xfffffff9][0xffffffae][0xffffffdd][0xffffffe1][0xffffffcc]v[0xffffffed][0xffffff8e][0xffffffe8][0xb][0xffffffae][0x1d][0xffffffe2][0xffffff93]f[0xfffffffd]8[0xffffffb0][0xfffffff7][0xffffffb5][0xffffff83][0xfffffffb][0xffffffa4][0xffffffd9][0xffffff97][0x13][0xffffffd0][0xffffffae][0x1d][0xffffffe1][0xffffffdb]Q[0xffffff99]8[0xffffff8f][0xfffffffc]O[0xffffff9a][0xfffffffd][0xfffffffa][0xffffffc9][0x1e][0xffffffae][0xffffff8d](2[0xffffffae]U@2[0xffffffae][0xffffff8d]X[0xffffffe6][0xffffffbb]v[0xffffff87]3[0xffffffdb][0xffffffb5];[0xffffffa2]/[0xffffffb8][0xfffffff6][0x14]][0xffffffdb][0xffffffdb][0xffffffed][0xffffffa4]\{[0xffffffe2]]{[0x1a]t[0xffffffed][0x19][0x2]"[0x13][0xffffffe7][0x13][0xffffffeb][0xffffffda][0xffffffd3][0xffffffa9]k#[0xffffff8a][0xffffff8c]k[0x15][0xffffff90][0xffffff8c]k#[0xffffff96][0xfffffff9][0xffffffae][0xffffffdd][0xffffffe1][0xffffffcc]v[0xffffffed][0xffffff8e][0xffffffe8][0xb][0xffffffae][0xffffff9d][0xffffffca][0xffffffb5][0xffffffbd]4[0xffffffca][0xffffffb5][0x13]w[0xffffffed]4p[0xffffffed][0xc]Pg[0xffffffe2]<1[0xffffffd7]N'[0xffffffd7]F[0x14][0x19][0xffffffd7]* [0x19][0xffffffd7]F,[0xfffffff3]][0xffffffbb][0xffffffc3][0xffffff99][0xffffffed][0xffffffda][0x1d][0xffffffd1][0x17]\[0xffffffab][0xfffffff6]|[0xfffffff5][0xfffffffe][0xfffffff8][0xffffffc4][0x3][0xffffffe2]Z|[0xffffffcf]W7[0xffffffd8][0xfffffff3][0xffffffd5][0xffffffe3]B[0xffffffa5]L[0xffffff9c][0xffffffb1]=_}_[0xffffffa2][0xffffff84][0xffffffba][0xffffffd6]d[0xffffffcf][0xffffff97][0x4][0xffffff92]q[0xffffffad][0xffffffc1][0xffffff9e][0xffffffaf][0x0]g[0xffffffb6]k[0xffffffaf][0xffffffef][0xfffffff9][0x1a]jn[0xffffffac][0xffffff8f]cB[0xffffffae][0x1d][0xfffffff8][0xffffffdc][0xffffffd8]0[0xffffff98][0x1b][0x1b]q@'[0x11][0xffffffe7][0xffffff81][0xffffffcd][0xffffff8d][0xffffff8d]}([0xffffff87]t[0xffffffad]@[0x11]q[0xffffffad][0x4][0x12]q[0xffffffad][0xffffffc0]2[0xffffffdd][0xffffffb5][0x1][0xffffffce]d[0xffffffd7][0x6]D_p[0xffffffad][0xffffff9a][0x1b][0xffffffeb][0xffffffa3]S[0xfffffff7][0x10][0x6]>76[0xc][0xffffffe6][0xffffffc6]F[0x1c][0xffffffd0][0xffffffc9][0xffffffc4][0x19][0xffffff9b][0x1b][0x1b][0xfffffffb]P[0xe][0xffffffea]Z[0xffffff93][0xffffffb9]1[0x9]$[0xffffffe3]Z[0xffffff83][0xffffffb9][0xffffffb1][0x0]g[0xffffffb6]k[0xffffffaf][0xffffffcf][0xffffff8d][\r][0xffffffb5][0xffffffe7][0xffffffab][0xffffff9f][0xffffff83][0xffffffda][0x15]>[0xfffffff0]=_[0xffffffc3]`[0xffffffcf][0xffffffd7][0xffffff88][0xb][0xffffff95]2q[0xffffffc6][0xfffffff6]|[0xffffff8d]}[0xffffff89][0x12][0xffffffea]Z[0xffffff93]=_[0x12]H[0xffffffc6][0xffffffb5][0x6]{[0xffffffbe][0x2][0xffffff9c][0xffffffd9][0xffffffae][0xffffffbd][0xffffffbe][0xffffffe7]k[0xffffffa8]Y[0xffffff86]Q[0x7]576[0xfffffff0]Y[0xffffff86]a0[0xffffffcb]0[0xffffffe2][0xffffffa5][0xfffffff1]L[0xffffff9c][0xffffffb1]Y[0xffffff86][0xffffffb1]_[0x14]G]k2[0xffffffcb] [0xffffff81]d\k0[0xffffffcb][0x10][0xffffffe0][0xffffffcc]v[0xffffffed][0xfffffff5]Y[0xffffff86]1[0xffffff84]k[0xffffffcf][0xffffffa3]S[0xfffffffb]k[0xffffffdf][0xffffffce][0x3][0xffffffbb]v[0x18][0xffffffb8]v[0x4][0xffffffa8]3q[0x1e][0xffffff98]k[0xffffff87][0xffffff93]k#[0xffffff8a][0xffffff8c]k[0x15][0xffffff90][0xffffff8c]k#[0xffffff96][0xfffffff9][0xffffffae][0xffffffdd][0xffffffe1][0xffffffcc]v[0xffffffed][0xffffff8e][0xffffffe8][0xb][0xffffffae][0xffffff9d][0xffffffca][0xffffffb5]'v[0xffffffbf][0xfffffff6][0xffffffed]<[0xffffffb0]k[0xffffffa7][0xffffff81]kg[0xffffff80]:[0x13][0xffffffe7][0xffffff89][0xffffffb9]v:[0xffffffb9]6[0xffffffa2][0xffffffc8][0xffffffb8]V[0x1][0xffffffc9][0xffffffb8]6b[0xffffff99][0xffffffef][0xffffffda][0x1d][0xffffffce]l[0xffffffd7][0xffffffee][0xffffff88][0xffffffbe][0xffffffe0]Zu[0xffffffe7]k[0xffffffde][0x6]v[0xf][0x1][0xffffffbf][0xfffffff3]5[0xc][0xffffffee]|[0xffffff8d]x[0xffffffb9]&[0x13]g[0xffffffec][0xffffffce][0xffffffd7][0xffffffd8]/[0xffffffd4][0xffffffa0][0xffffffae]5[0xffffffb9][0xfffffff3]%[0xffffff81]d\kp[0xffffffe7]+[0xffffffc0][0xffffff99][0xffffffed][0xffffffda][0xffffffeb]w[0xffffffbe]Nu[0xffffffe7]k[0xffffff96][0xffffffd6] [0xffffffd7][0xffffff9e][0xfffffff8][0xffffff9d][0xffffffaf][0xffffffd3][0xffffffe0][0xffffffce][0xffffffd7][0x19]/[0xffffffd7]$[0xffffffe2]|bw[0xffffffbe][0xffffffce][0xfffffffd]B[\r][0xffffffe9]Z[0xffffff81]"[0xffffffe2]Z[0x9]$[0xffffffe2]Z[0xffffff81]e[0xffffffba]k[0x3][0xffffff9c][0xffffffc9][0xffffffae][\r][0xffffff88][0xffffffbe][0xffffffe0]Zu[0xffffffe7]k[0xfffffff6]F[0xffffffed]C8[0xfffffff1];_[0xffffffa7][0xffffffc1][0xffffff9d][0xffffffaf]3^[0xffffffae][0xffffffc9][0xffffffc4][0x19][0xffffffbb][0xfffffff3]u[0xffffffee][0x17]jP[0xffffffd7][0xffffff9a][0xffffffdc][0xfffffff9][0xffffff92]@2[0xffffffae]5[0xffffffb8][0xfffffff3][0x15][0xffffffe0][0xffffffcc]v[0xffffffed][0xfffffff5];_[0xffffffa7][0xffffffba][0xfffffff3]5[0xffffffc7]I[0xffffffdd][0xfffffff9]:[0xfffffff1];_[0xffffffa7][0xffffffc1][0xffffff9d][0xffffffaf]3^[0xffffffae][0xffffffc9][0xffffffc4][0x19][0xffffffbb][0xfffffff3]u[0xffffffee][0x17]jP[0xffffffd7][0xffffff9a][0xffffffdc][0xfffffff9][0xffffff92]@2[0xffffffae]5[0xffffffb8][0xfffffff3][0x15][0xffffffe0][0xffffffcc]v[0xffffffed][0xfffffff5];_[0xffffffa7][0xffffffda][0x15]>[0xffffffcf]B[0xffffffcd]2[0xffffff9c][0xfffffff8][0xffffffae][0xfffffff0][0xffffffd3]`W[0xfffffff8][0x19][0xffffff97]2g[0xffffffe2][0xffffff8c][0xffffffed][\n]"
08:17:55.071 [TestNG-PoolService-1] DEBUG org.apache.hc.client5.http.wire -- http-outgoing-3 << "?[0xfffffff7]E[0xffffffcc][0xffffffa8]kMv[0xffffff85]K [0x19][0xffffffd7][0x1a][0xffffffec][\n]"
08:17:55.072 [TestNG-PoolService-1] DEBUG org.apache.hc.client5.http.wire -- http-outgoing-3 << "[0xf]pf[0xffffffbb][0xfffffff6][0xfffffffa][0xffffffae][0xfffffff0]S[0xffffffdd][0xffffffaf][0xffffff9d][0xffffffe7][0xffffffe3]t[0xffffff88]k[0xfffffff1][0xfffffffb][0xffffffb5][0xffffffa7][0xffffffc1][0xfffffffd][0xffffffda]3^d[0xffffffcc][0xffffffc4][0x19][0xffffffbb]_{[0xffffffee][0xffffff97][0x17]Q[0xffffffd7][0xffffff9a][0xffffffdc][0xffffffaf][0xffffff95]@2[0xffffffae]5[0xffffffb8]_[0x1b][0xffffffe0][0xffffffcc]v[0xffffffed][0xfffffff5][0xfffffffb][0xffffffb5][0xffffffa7][0xffffffda][0x15]>[0xffffffcf][0xffffff85][0xffffffbd]C[0xffffffc0]w[0xffffff85][0xffffff9f][0x6][0xffffffbb][0xffffffc2][0xffffffcf][0xffffffb8][0xffffff94]9[0x13]glW[0xfffffff8][0xffffffb9]/bF]k[0xffffffb2]+\[0x2][0xffffffc9][0xffffffb8][0xffffffd6]`Wx[0xffffff80]3[0xffffffdb][0xffffffb5][0xffffffd7]w[0xffffff85][0xffffff9f]j[0xffffff96]a[0xffffffae][0x1b][0xfffffff6][0xffffffdb][0x18]>[0xffffffcb]p[0x1a][0xffffffcc]2[0xffffff9c][0xfffffff1][0xffffffd2]x&[0xffffffce][0xffffffd8],[0xffffffc3][0xffffffb9]_[0x14]G]k2[0xffffffcb] [0xffffff81]d\k0[0xffffffcb][0x10][0xffffffe0][0xffffffcc]v[0xffffffed][0xfffffff5]Y[0xffffff86]S[0xffffffed][\n]"
08:17:55.072 [TestNG-PoolService-3] DEBUG org.apache.hc.client5.http.wire -- http-outgoing-4 << "Pg[0xffffffe2][0xffffffbc]0[0xffffffd7].'[0xffffffd7]F[0x14][0x19][0xffffffd7]* [0x19][0xffffffd7]F,[0xfffffff3]][0xffffffbb][0xffffffc3][0xffffff99][0xffffffed][0xffffffda][0x1d][0xffffffd1][0xffffffdf][0xffffffee][0xffffffda][0xffffffda]~[0xffffffa9][0xffffffc1][0xffffffb5][0xffffffc7]:[0x1b][0xffffffe4][0xffffffda][0xffffffb7][0xfffffff3][0xffffffb0][0xffffffae]}[0xffffff9c][0x0]v[0xffffffed][0xfffffff7]3 [0xffffffae]}<[0x1d]q[0xffffffed][0xffffffb7]'[[0xffffffb8]V[0xffffffa0][0xffffff88][0xffffffb8]V[0x2][0xffffff89][0xffffffb8]V`[0xffffff99][0xffffffee][0xffffffda][0x0]g[0xffffffb2]k[0x3][0xffffffa2]/[0xffffffb8]V[0xfffffffd]6V[0xfffffffa]9([0xffffffd7][0xffffffe2][0xffffffbf][0xffffff8d]U[0xffffff83][0xffffffdf][0xffffffc6]j[0xfffffffc][0x11]"[0x13]g[0xffffffec][0xffffffb7][0xffffffb1][0xffffffba][0xffffffff][0xfffffff0][0xffffff80][0xffffffba][0xffffffd6][0xffffffe4][0xffffffb7]1[0x9]$[0xffffffe3]Z[0xffffff83][0xffffffdf][0xffffffc6][0x2][0xffffff9c][0xffffffd9][0xffffffae][0xffffffbd][0xfffffffe][0xffffffdb]X][0xffffffc2][0xffffffb5][0xffffffb5][0xffffffdf][0xffffffa8][0xffffffdd]3o[0xffffffe7][0xffffff81]][0xffffffbb][0x4][0xffffffda][0xffffffd9]P[0xffffffaf][0x0]u&[0xffffffce][0xb]s[0xffffffed]rrmD[0xffffff91]q[0xffffffad][0x2][0xffffff92]qm[0xffffffc4]2[0xffffffdf][0xffffffb5];[0xffffff9c][0xffffffd9][0xffffffae][0xffffffdd][0x11][0xfffffffd][0xffffffed][0xffffffae]m[0xfffffff1][0xffffffdb][0xffffff8e]w[0xffffffd7][0xffffff8e]A[0xffffffbd][0xffffffaf]m[0xfffffff8][0xffffffb7][0x1d][0xffffff9b][0xffffffc1][0xffffffb7][0x1d][[0xfffffffc][0xffffff88]^"[0xffffffce][\r][0xfffffffb][0xffffffb6]c[0xffffffdb]?[0xffffff9c]G[0xffffffba]V[0xffffffa0][0xffffff88][0xffffffb8]V[0x2][0xffffff89][0xffffffb8]V`[0xffffff99][0xffffffee][0xffffffda][0x0]g[0xffffffb2]k[0x3][0xffffffa2]/[0xffffffb8]6~[0xffffffdb][0xfffffff1][0xffffffee][0xffffffda][0xfffffff3][0xffffffa0]ft[0x1b][0xfffffffe]m[0xffffffc7]f[0xfffffff0]m[0xffffffc7][0x16]?[0xffffffa2][0xffffff97][0xffffff89]3[0xfffffff6]m[0xffffffc7][0xffffffb6][0x7f]8[0xf]u[0xffffffad][0xffffffc9][0xffffffb7][0x1d]%[0xffffff90][0xffffff8c]k[\r][0xffffffbe][0xffffffed][0x18][0xffffffe0][0xffffffcc]v[0xffffffed][0xfffffff5]o;[0xffffffb6][0xffffffb8][0xf][0xffffffe1][0xffffffcd][0xffffffb5][0xffffff9d][0xffffff9a]eh[0xfffffff8]>[0xffffff84]f[0xffffffb0][0xf][0xffffffa1][0xffffffc5][0xffffffc1][0xfffffff3]L[0xffffff9c][0xffffffb1]}[0x8]m[0x1f]6G]k[0xffffffb2][0xf]A[0x2][0xffffffc9][0xffffffb8][0xffffffd6]`[0x1f]B[0xffffff80]3[0xffffffdb][0xffffffb5][0xffffffd7][0xfffffff7]!45[0xffffffa3][[0xffffffe7][0xffffffa0][0xfffffff6]|5|F[0xffffffb7][0x19][0xffffffcc][0xffffffe8][0xffffffb6]8[0xc][0xffffff99][0xffffff89]36[0xffffffa3][0xffffffdb][0xfffffff6][0x1]H[0xffffffd4][0xffffffb5]&3[0xffffffba][0x12]H[0xffffffc6][0xffffffb5][0x6]3[0xffffffba][0x1][0xffffffce]l[0xffffffd7]^[0xffffff9f][0xffffffd1]m[0xfffffff1]{c[0xffffffe5][0xffffffee][0xffffffee]J[0xffffffcd][0xffffff8d]5[0xfffffffc]{c[0xffffffcd][0xffffffe0]{c-~[0xffffffd8])[0x13]g[0xffffffec]{cm[0xffffffff][0xffffff98][0x13][0xffffffea]Z[0xffffff93][0xffffffef][0xffffff8d]I [0x19][0xffffffd7][0x1a]|o,[0xffffffc0][0xffffff99][0xffffffed][0xffffffda][0xffffffeb][0xffffffdf][0x1b][0xffffffbb][0xffffffff][0xffffffe9]0s[0xffffffed][0xffffffc0]];[0xc]\;P[0xffffffd7][0xe][0xffffffcc][0xffffffb5][0xffffffc3][0xffffffc9][0xffffffb5];[0xffffff8a][0xffffff94]k#[0xffffff90][0xffffff94]kw,[0x9][0xffffffd7][0xe][0xffffffd8][0xffffffb5][0xffffffe3][0xffffffba]k[0xffffff97][0xffffff99]k[0x17][0xffffffee][0xffffffda]e[0xffffffe0][0xffffffda][0xffffff85][0xffffffba]va[0xffffffae]]N[0xffffffae][0xffffffdd]Q[0xffffffa4]\[0x1b][0xffffff81][0xffffffa4]\[0xffffffbb]cI[0xffffffb8]v[0xffffffc1][0xffffffae]][0xffffffd7]][[0xe]3[0xffffffd9][0xffffff96][0x3][0xffffffb7][0xffffffed][0xfffffffd][0x8][0xffffffbc]n?[0xe]A[0xfffffff9][0xfffffff6][0xfffffffe]xJ[0xffffffb8][0xffffffef][0xffffff8f]v1n[0xffffffe0][0xffffff91]R[0xffffffae][0xffffffa0][0xffffff92]rn`[0xffffff93][0xffffff90][0xffffffee]Fh[0xffffffbe]u7N_[0xffffffd2]nwk[0xffffffdc][0xffffffce]Gnw[0xffffffa8][0xffffffdc][0xffffffce]fn[0xffffffe7]:[0xffffffb7][[0xffffff85]n[0xffffffe0][0xffffff91][0xffffffd2][0xffffffae][0xffffffa0][0xffffff92][0xffffffd2]n`[0xffffff93][0xffffffd0]n[0xffffffa7]c[0xffffffb7][0xffffffff]D[0xffffffed][0x1e][0xffffffb7]n[0xffffffe6][0xffffffdd][0xfffffffb][0xffffff89]p[0xfffffff1][0xffffffbe][0xffffff9d][0xffffff81]7[0xffffffef][0xffffffb7]SP[0xffffffea]}{>[0xffffffe5][0xffffffde][0xffffff8f]g[0xffffffbb][0xffffffc8]7BI[0xffffffd9]W[0xffffffa1]I[0xffffffe9]7[0x2]J[0xfffffff8]w[0xffffffc7]4_[0xffffffc0];[0xffffffac][0xffffffbf][0xffffffc1][0xffffffc0][0xffffffe5][0xfffffff6][0xfffffffe][0xffffffc7]jwB[G[0xfffffffa][0xffffffee][0xffffff84]/[0xffffffe7][0xffffff81][0xffffffec][0xfffffffb][0xfffffff5][0x4][0xffffff94]{[0xfffffff7]3[0xffffffe4][0xffffff9a][0xfffffff7][0xffffffeb][0xffffffd3]s[0xffffffbd][0xffffffbb]=[0xffffff99][0xffffffb5][0xffffffee]s[0x14]s[0xffffff9d][0xfffffffb]# s[0xffffff8d][0xfffffffb][0x1c][0xffffffcb]<[0xffffffdf]>[0xffffff83]3[0xffffffcb][0xffffffb6][0xffffffcf][0x10]}[0xffffffc1][0xffffffb5]j[0xffffffd7]m[0xffffffef]+}w[0xffffffc2][0xffffff97][0xfffffff3][0xffffffc0][0xffffffae]%w[0xffffffdd][0xffffffee]g`\[0xffffff9b][0xffffffbf][0xffffffeb]v{[0xffffffb2][0xffffff87]k[0xffffffe9]][0xffffffb7]?[0x2][0xffffff92]q-[0xffffffb9][0xffffffeb][0xfffffff6][0x19][0xffffff9c][0xffffffd9][0xffffffae][0xffffffbd][0xffffffb0][0xffffffeb][0xfffffff6][0xffffffdb][0xffffff9f].[0xffffffe5][0xffffffda]yK[0xffffff9f]{[0xfffffff8]r[0x1e][0xffffffd8][0xffffffb5][0xffffffcb][0xffffffc0][0xffffffb5]+@[0xffffff9d][0xffffff89][0xfffffff3][0xffffffc2]\[0xffffffbb][0xffffff9c]\[0x1b]Qd\[0xffffffab][0xffffff80]d\[0x1b][0xffffffb1][0xffffffcc]w[0xffffffed][0xe]g[0xffffffb6]kwD[0x7f][0xffffffbb]k[0xfffffffb]M[0xffffffb8]v[0x1c]#}w[0xffffffc2][0xffffff97][0xfffffff3][0xffffffb0][0xffffffae]}[0xffffff9c][0x0]v[0xffffffed][0xfffffff7]3 [0xffffffae]}<[0x1d]q[0xffffffed][0xffffffb7]'[[0xffffffb8]V[0xffffffa0][0xffffff88][0xffffffb8]V[0x2][0xffffff89][0xffffffb8]V`[0xffffff99][0xffffffee][0xffffffda][0x0]g[0xffffffb2]k[0x3][0xffffffa2]/[0xffffffb8]V[0xffffffed][0xffffffa9][0x19][0xffffffb5][0xffffffa5][0xffffffef][0x4][0xfffffffb]r[0x1e][0xffffffd8][0xffffffb5][0xffffffe4][0xffffff9e][0xffffff9a][0xfffffffd][0xc][0xffffff8c]k[0xfffffff3][0xfffffff7][0xffffffd4]lO[0xfffffff6]p-[0xffffffbd][0xffffffa7][0xffffffe6]G@2[0xffffffae]%[0xfffffff7][0xffffffd4]<[0xffffff83]3[0xffffffdb][0xffffffb5][0x17][0xfffffff6][0xffffffd4]|[0xfffffffe]i1sm[0xffffffc1]][[0xc]\[P[0xffffffd7][0x16][0xffffffcc][0xffffffb5][0xffffffc5][0xffffffc9][0xffffffb5];[0xffffff8a][0xffffff94]k#[0xffffff90][0xffffff94]kw,[0x9][0xffffffd7][0x16][0xffffffd8][0xffffffb5][0xffffffe5][0xffffffaa]k[0xffffffd5][0xffffffee][0xffffff84]1g[0xfffffffa]N[0xffffffb0]/[0xffffffe7][0xffffff81]]K[0xffffffee]N[0xffffffd8][0xffffffcf][0xffffffc0][0xffffffb8]6[0x7f]w[0xffffffc2][0xfffffff6]d[0xf][0xffffffd7][0xffffffd2][0xffffffbb][0x13]~[0x4]$[0xffffffe3]Zrw[0xffffffc2]38[0xffffffb3]]{aw[0xffffffc2][0xffffffb7]?U[0xffffffdf]7?o[0xffffffbd]Q[0xffffffae][0xffffffe5][0xffffffbe]o[0xfffffffe][0xfffffff5][0x4][0xffffffb4]k[0xffffff99][0xffffffef][0xffffff9b][0x7f]}:[0xffffffe3]Z[0xffffff8b][0xffffffef][0xffffff9b]?G[0xffffff91]q-[0xffffffff]}[0xfffffff3][0xffffffe7]X[0xffffffe6][0xffffffbb][0xffffff96][0xfffffffa][0xffffffbe][0xfffffff9]3D[0x7f][0xffffffbb]k[0xffffff87]z_;[0xffffff8f]E[0xffffffb9]v[0xffffffe0][0xffffffef]k[0xffffff87][0xffffffc1][0xfffffffb][0xffffffda][0x11]_[0xffffff8c]%[0xffffffe2]<[0xffffffb0][0xfffffff7][0xffffffb5]c[0x7f][0x19]F[0xffffffba]V[0xffffffa0][0xffffff88][0xffffffb8]V[0x2][0xffffff89][0xffffffb8]V`[0xffffff99][0xffffffee][0xffffffda][0x0]g[0xffffffb2]k[0x3][0xffffffa2]/[0xffffffb8][0xffffffb6][0xffffff88][0xfffffff7][0xffffffb5][0xffffffb3][0xf][0xffffffea][0x1d][0xffffffc2][0xffffffdb]y`[0xffffffd7][0x16][0xfffffffe]}[0xffffffed][0xfffffff7]30[0xffffffae]-[0xffffffd4][0xfffffffb][0xffffffda]oO[0xfffffff6]pmD[0xffffff91]q[0xffffffad][0x2][0xffffff92]qm[0xffffffc4]2[0xffffffdf][0xffffffb5];[0xffffff9c][0xffffffd9][0xffffffae][0xffffffdd][0x11]}[0xffffffc1][0xffffffb5][0xffffffea]}[0xffffffed]j7[0xffffffea][0xffffffb7][0xffffffb1][0xffffff81][0xffffffbf][0xffffffaf][0x1d][0x6][0xffffffef]kG|1[0xffffff96][0xffffff89]3[0xfffffff6][0xffffffbe]v[0xffffffec]/[0xffffffc3]P[0xffffffd7][0xffffff9a][0xffffffbc][0xffffffaf][0xffffff95]@2[0xffffffae]5x_[0x1b][0xffffffe0][0xffffffcc]v[0xffffffed][0xfffffff5][0xfffffff7][0xffffffb5]C[0xffffffcd][0xffffffe8][0xffffffae]3[0x7f]G[0xffffffc2][0xffffff97][0xfffffff3][0xffffffc0][0xffffffae]5[0xffffff98][0xffffffd1][0x1d]q[0x18]2[0x13]glFw[0xffffffec][0x3][0xffffff90][0xffffffa8]kMft%[0xffffff90][0xffffff8c]k[\r]ft[0x3][0xffffff9c][0xffffffd9][0xffffffae][0xffffffbd]>[0xffffffa3];[0xffffffd4]ock[0x1e]7[0xffffffca][0xffffffb5][0xfffffff8]oc[0xffffffc3][0xffffffe0][0xffffffb7][0xffffffb1][0x11][0x7f][0xffffff84][0xffffffc8][0xffffffc4][0x19][0xfffffffb]ml[0xffffffec]?<[0xffffffa0][0xffffffae]5[0xfffffff9]mL[0x2][0xffffffc9][0xffffffb8][0xffffffd6][0xffffffe0][0xffffffb7][0xffffffb1][0x0]g[0xffffffb6]k[0x7f][0xffffffe2][0xffffffb7]1[0xffffffb5][0xf]a[0xffffffcd][0xffffffc7][0xffffffe9][0x10][0xffffffd7][0xffffffe2][0xfffffffb][0x10][0xffffff86][0xffffffc1]>[0xffffff84][0x11][0x7][0xffffffcf]3q[0xffffffc6][0xfffffff6]![0xffffff8c]}[0xffffffd8][0x1c]u[0xffffffad][0xffffffc9]>[0x4][0x9]$[0xffffffe3]Z[0xffffff83]}[0x8][0x1][0xffffffce]l[0xffffffd7]^[0xffffffdf][0xffffff87]0[0xffffffd4]>[0xffffff84][0xffffffb5][0xe][0xffffffec][0x1d][0x2][0xffffffbe][0xf]a[0x18][0xffffffec]C[0x18]q[0xfffffff0]<[0x13]gl[0x1f][0xffffffc2][0xffffffd8][0xffffff87][0xffffffcd]Q[0xffffffd7][0xffffff9a][0xffffffec]C[0xffffff90]@2[0xffffffae]5[0xffffffd8][0xffffff87][0x10][0xffffffe0][0xffffffcc]v[0xffffffed][0xfffffff5]}[0x8][0xffffffe7]M[0xffffffba][0xfffffff6][0xffffffa4][0xfffffff6]|[0xffffffbd][0xffffff9d][0xffffff87]u[0xffffffed][0xffffffe3][0x4][0xffffffb0]k[0xffffffbf][0xffffff9f][0x1]q[0xffffffed][0xffffffe3][0xffffffe9][0xffffff88]k[0xffffffbf]=[0xffffffd9][0xffffffc2][0xffffffb5][0x2]E[0xffffffc4][0xffffffb5][0x12]H[0xffffffc4][0xffffffb5][0x2][0xffffffcb]t[0xffffffd7][0x6]8[0xffffff93]][0x1b][0x10]}[0xffffffc1][0xffffffb5][0xffffffe2]~[0xffffffed]q;:[0xffffffb5][0xffffffe7][0xffffffeb][0xffffffc4][0xffffffef][0xffffffd7][0xffffff9e][0x6][0xfffffff7]k[0xffffffcf]x[0xffffff91]1[0x13]g[0xffffffec]~[0xffffffed][0xffffffb9]_^D]kr[0xffffffbf]V[0x2][0xffffffc9][0xffffffb8][0xffffffd6][0xffffffe0]~m[0xffffff80]3[0xffffffdb][0xffffffb5][0xffffffd7][0xffffffef][0xffffffd7][0xffffff9e]E[0xffffffb9][0xffffffb6]OjW[0xfffffff8][0xffffffdb]y`[0xffffffd7][0x16][0x3][0xffffffd7][0xffffff96][0x0]u&[0xffffffce][0x5]smqrmD[0xffffff91]q[0xffffffad][0x2][0xffffff92]qm[0xffffffc4]2[0xffffffdf][0xffffffb5];[0xffffff9c][0xffffffd9][0xffffffae][0xffffffdd][0x11]}[0xffffffc1][0xffffffb5]U[0xffffffb9][0xfffffff6][0xffffffc4]v[0xffffff85][0xffffffbf][0xffffff9d][0x7]vm5pm[\r]Pg[0xffffffe2]\1[0xffffffd7]V'[0xffffffd7]F[0x14][0x19][0xffffffd7]* [0x19][0xffffffd7]F,[0xfffffff3]][0xffffffbb][0xffffffc3][0xffffff99][0xffffffed][0xffffffda][0x1d][0xffffffd1][0x17]\+f[0x19][0xffffff8e][0xffffffa3]q[0xffffffef]k[0xfffffff1]Y[0xffffff86][0xffffffd3]`[0xffffff96][0xffffffe1][0xffffff8c][0xffffff97][0xffffffc6]3q[0xffffffc6]f[0x19][0xffffffce][0xfffffffd][0xffffffa2]8[0xffffffea]Z[0xffffff93]Y[0x6][0x9]$[0xffffffe3]Z[0xffffff83]Y[0xffffff86][0x0]g[0xffffffb6]k[0xffffffaf][0xffffffcf]2[0xffffff9c][0xffffffe2]~[0xffffffed][0xfffffffd][0xffffffbf]wP3[0xffffffba]'~[0xffffffbf][0xfffffff6]4[0xffffffb8]_{[0xffffffc6][0xffffff8b][0xffffff8c][0xffffff99]8c[0xfffffff7]k[0xffffffcf][0xfffffffd][0xfffffff2]"[0xffffffea]Z[0xffffff93][0xfffffffb][0xffffffb5][0x12]H[0xffffffc6][0xffffffb5][0x6][0xfffffff7]k[0x3][0xffffff9c][0xffffffd9][0xffffffae][0xffffffbd]~[0xffffffbf][0xfffffff6][0x14][0xfffffff7]k[0xffffff8f][0xffffffd2][0xffffff8f]F[0xffffffb9][0x16][0xffffffbf]_{[0x1a][0xffffffdc][0xffffffaf]=[0xffffffe3]E[0xffffffc6]L[0xffffff9c][0xffffffb1][0xfffffffb][0xffffffb5][0xffffffe7]~y[0x11]u[0xffffffad][0xffffffc9][0xfffffffd]Z[0x9]$[0xffffffe3]Z[0xffffff83][0xfffffffb][0xffffffb5][0x1][0xffffffce]l[0xffffffd7]^[0xffffffbf]_{[0xffffff8a][0xfffffffb][0xffffffb5]G9[0xffffff8f]N[0xffffffb9][0x16][0xffffffbf]_{[0x1a][0xffffffdc][0xffffffaf]=[0xffffffe3]E[0xffffffc6]L[0xffffff9c][0xffffffb1][0xfffffffb][0xffffffb5][0xffffffe7]~y[0x11]u[0xffffffad][0xffffffc9][0xfffffffd]Z[0x9]$[0xffffffe3]Z[0xffffff83][0xfffffffb][0xffffffb5][0x1][0xffffffce]l[0xffffffd7]^[0xffffffbf]_;o[0xffffffc2][0xffffffb5][0xfffffff5][0xffffffd6][0xffffffa9][0xffffffef][0xffffff8d][0xffffffbd][0xffffff9d][0xffffff87]u[0xffffffed][0xffffffe3][0x4][0xffffffb0]k[0xffffffbf][0xffffff9f][0x1]q[0xffffffed][0xffffffe3][0xffffffe9][0xffffff88]k[0xffffffbf]=[0xffffffd9][0xffffffc2][0xffffffb5][0x2]E[0xffffffc4][0xffffffb5][0x12]H[0xffffffc4][0xffffffb5][0x2][0xffffffcb]t[0xffffffd7][0x6]8[0xffffff93]][0x1b][0x10]}[0xffffffc1][0xffffffb5][0xffffffea]~m[0xffffffbd]-[0xffffffea]~[0xffffffed][0xffffffc4][0xffffffef][0xffffffd7]N[0xffffff83][0xfffffffb][0xffffffb5]3^d[0xffffffcc][0xffffffc4][0x19][0xffffffbb]_;[0xfffffff7][0xffffffcb][0xffffff8b][0xffffffa8]kM[0xffffffee][0xffffffd7]J [0x19][0xffffffd7][0x1a][0xffffffdc][0xffffffaf][\r]pf[0xffffffbb][0xfffffff6][0xfffffffa][0xfffffffd][0xffffffda][0xffffffa9][0xffffffee][0xffffffd7][0xffffffd6]c`[0xffffffae][0xffffffc5][0xffffffef][0xffffffd7]N[0xffffff83][0xfffffffb][0xffffffb5]3^d[0xffffffcc][0xffffffc4][0x19][0xffffffbb]_;[0xfffffff7][0xffffffcb][0xffffff8b][0xffffffa8]kM[0xffffffee][0xffffffd7]J [0x19][0xffffffd7][0x1a][0xffffffdc][0xffffffaf][\r]pf[0xffffffbb][0xfffffff6][0xfffffffa][0xfffffffd][0xffffffda][0xffffffd9][0xffffff94]k[0xffffffcb][0xffffffa0][0xfffffff6]![0xffffffbc][0xffffff9d][0x7]vm3pm[0xb]Pg[0xffffffe2][0xffffffdc]0[0xffffffd7]6'[0xffffffd7]F[0x14][0x19][0xffffffd7]* [0x19][0xffffffd7]F,[0xfffffff3]][0xffffffbb][0xffffffc3][0xffffff99][0xffffffed][0xffffffda][0x1d][0xffffffd1][0x17]\+[0xfffffff6][0xffffffd7][0x1e]uN[0xffffffcc][0xffffffb5][0xfffffff8][0xfffffffe][0xffffffda]i[0xffffffb0][0xffffffbf]v[0xffffffc6]E[0xffffffa1][0xffffff99]8c[0xfffffffb]k[0xffffffe7][0xffffffbe][0x1c][0x14]u[0xffffffad][0xffffffc9][0xfffffffe]Z[0x9]$[0xffffffe3]Z[0xffffff83][0xfffffffd][0xffffffb5][0x1][0xffffffce]l[0xffffffd7]^[0xffffffdf]_;[0xffffffd5][0xfffffffd][0xffffffda]v`[0xfffffff7]k'~[0xffffffbf]v[0x1a][0xffffffdc][0xffffffaf][0xffffff9d][0xfffffff1]"c&[0xffffffce][0xffffffd8][0xfffffffd][0xffffffda][0xffffffb9]_^D]kr[0xffffffbf]V[0x2][0xffffffc9][0xffffffb8][0xffffffd6][0xffffffe0]~m[0xffffff80]3[0xffffffdb][0xffffffb5][0xffffffd7][0xffffffef][0xffffffd7][0xffffffce][0x19][0xffffffbf]7v[0xffffffb4][0xfffffffe]8[0x1d][0xffffffe2][0xffffffda]I[0x7f]o[0xffffffec]q[0x2][0xffffffda][0xffffffb5]3|[0xffffffd8])[0x13][0xffffffe7]I}o[0xffffffec][0xffffffdb][0xffffff93]=\[0x1b]Qd\[0xffffffab][0xffffff80]d\[0x1b][0xffffffb1][0xffffffcc]w[0xffffffed][0xe]g[0xffffffb6]kwD_p[0xffffffad][0xffffffba]_[0xffffffdb]N[0xffffffee][0xffffffb7]1[0xfffffffc]~[0xffffffed]4[0xffffffb8]_;[0xffffffe3]E[0xffffffc6]L[0xffffff9c][0xffffffb1][0xfffffffb][0xffffffb5]s[0xffffffbf][0xffffffbc][0xffffff88][0xffffffba][0xffffffd6][0xffffffe4]~[0xffffffad][0x4][0xffffff92]q[0xffffffad][0xffffffc1][0xfffffffd][0xffffffda][0x0]g[0xffffffb6]k[0x7f][0xffffffe2]~[0xffffffed][0xfffffffa][0xffffffa5][0xffffff9a][0xffffffb9][0xffffffb6][0xffffffe2][0xffffffae][0xffffffad][0x6][0xffffffae][0xffffffad][0xffffffa8]k+[0xffffffe6][0xffffffda][0xffffffea][0xffffffe4][0xffffffda][0x1d]E[0xffffffca][0xffffffb5][0x11]H[0xffffffca][0xffffffb5];[0xffffff96][0xffffff84]k+[0xffffffec][0xffffffda]z[0xffffffd1][0xffffffb5]K[0xffffffdd][0xffffffaf][0xffffffed][0x15]{_[0xffffffbb][0xfffffff0][0xfffffffb][0xffffffb5][0xffffffcb][0xffffffe0]~[0xffffffed][0xffffff8a][0x17][0x19][0x13]q^[0xffffffd8][0xfffffffd][0xffffffda][0xffffffb5]_^$]+PD\+[0xffffff81]D\+[0xffffffb0]Lwm[0xffffff80]3[0xffffffd9][0xffffffb5][0x1][0xffffffd1][0x17]\[0xffffffab][0xffffffee][0xffffffd7][0xffffff8e][0x3][0xffffffbb][0xffffff87][0xffffffb0][0xfffffff0][0xfffffffb][0xffffffb5][0xffffffcb][0xffffffe0]~[0xffffffed][0xffffff8a][0x17][0x19]3q[0xffffffc6][0xffffffee][0xffffffd7][0xffffffae][0xfffffffd][0xfffffff2]"[0xffffffea]Z[0xffffff93][0xfffffffb][0xffffffb5][0x12]H[0xffffffc6][0xffffffb5][0x6][0xfffffff7]k[0x3][0xffffff9c][0xffffffd9][0xffffffae][0xffffffbd]~[0xffffffbf]v[0xffffffa9][0xfffffffd][0xffffffb5][0xffffffa3][0x1f][0xffffffd4]N[0xffffffc5][0xffffff85][0xffffffef][0xffffffaf]][0x6][0xfffffffb]kW\[0x14][0xffffff9a][0xffffff89]3[0xffffffb6][0xffffffbf]v[0xffffffed][0xffffffcb]AQ[0xffffffd7][0xffffff9a][0xffffffec][0xffffffaf][0xffffff95]@2[0xffffffae]5[0xffffffd8]_[0x1b][0xffffffe0][0xffffffcc]v[0xffffffed][0xfffffff5][0xfffffffd][0xffffffb5]K[0xffffffcd]2[0xffffff8c]~[0x1e][0xffffff94]k[0xfffffff1]Y[0xffffff86]e0[0xffffffcb][0xffffffb0][0xffffffe2][0xffffffa5][0xfffffff1]L[0xffffff9c][0xffffffb1]Y[0xffffff86][0xffffffb5]_[0x14]G]k2[0xffffffcb] [0xffffff81]d\k0[0xffffffcb][0x10][0xffffffe0][0xffffffcc]v[0xffffffed][0xfffffff5]Y[0xffffff86][0xffffffa5]v[0xffffff85][0xffffff8f][0xffffff81][0xffffffed][0xfffffff9]Z[0xfffffff8][0xffffffae][0xfffffff0]e[0xffffffb0]+|[0xffffffc5][0xffffffa5][0xffffffcc][0xffffff99]8c[0xffffffbb][0xffffffc2][0xffffffd7][0xffffffbe][0xffffff88][0x19]u[0xffffffad][0xffffffc9][0xffffffae]p[0x9]$[0xffffffe3]Z[0xffffff83]][0xffffffe1][0x1][0xffffffce]l[0xffffffd7]^[0xffffffdf][0x15][0xffffffbe][0xffffffd4][0xffffffdc][0xffffffd8][0x18][0x3][0xfffffffb]m[0xc][0xffffff9f][0x1b][[0x6]sc+[0xe][0xffffffe8]d[0xffffffe2][0xffffff8c][0xffffffcd][0xffffff8d][0xffffffad]}([0x7]u[0xffffffad][0xffffffc9][0xffffffdc][0xffffff98][0x4][0xffffff92]q[0xffffffad][0xffffffc1][0xffffffdc]X[0xffffff80]3[0xffffffdb][0xffffffb5][0xffffffd7][0xffffffe7][0xffffffc6][0xffffff96][0xffffff9a][0x1b][0x1b]g[0xffffffa3][0xffffffbe][0xffffffed][0xffffffb8][0xfffffff0][0xffffffb9][0xffffffb1]e07[0xffffffb6][0xffffffe2][0xffffff80]N&[0xffffffce][0xffffffd8][0xffffffdc][0xffffffd8][0xffffffda][0xffffff87]rP[0xffffffd7][0xffffff9a][0xffffffcc][0xffffff8d]I [0x19][0xffffffd7][0x1a][0xffffffcc][0xffffff8d][0x5]8[0xffffffb3]]{}nl[0xffffffa9][0xffffffef]2[0xffffff8c]u[0xffffffa3][0xfffffff6][0xffffffd7].[0xfffffffc][0xffffffbb][0xc][0xffffffcb][0xffffffe0][0xffffffbb][0xc]+.[0xffffffc0][0xffffffcf][0xffffffc4][0x19][0xfffffffb].[0xffffffc3][0xffffffda][0xffffff97][0xffffffde][0xffffffa3][0xffffffae]5[0xfffffff9].[0xffffff83][0x4][0xffffff92]q[0xffffffad][0xffffffc1]w[0x19][0x2][0xffffff9c][0xffffffd9][0xffffffae][0xfffffffd][\r][0xffffffdf]e[0xfffffff8][0x6][0xffffffea][0xffffffef][0xffffffff][0xfffffff5][0xffffff8f][0x7f][0xfffffff8][0xffffffe7]?[0xffffffff][0xfffffff1]o[0x7f][0xfffffffb][0xfffffffd][0xffffffdf][0xfffffffe][0xfffffff5][0xffffff8f][0x7f][0xfffffffe]3A[0xffffffec]v[0x4][0x7]t[0xfffffff7]#[0xffffffe1][0xc][0xffffffab][0x3]A0[0xffffffef]G[0xffffffc1][0xffffffa8][0x16][0x7][0xfffffff9][0xffffffdf][0xffffffa6][0xffffff84][0x1a][0xffffff8b]<+[0xffffffb6][0xffffffc6]n[0xffffffe1]c[0xffffff91][0xffffffcb]`,r[0xffffffc5][0xfffffff9][0xffffffb3]L[0xffffffc0][0xffffffb1][0xffffffb1][0xffffffc8][0xffffffb5][0xffffffcf][0xffffff9c][0xffffffa1])a2[0x16])[0xffffff81]dR[0xffffffc2]`,2[0xffffffc0][0xffffff99][0xffffff9d][0x12][0xffffffbf]a,[0x12]K[0x9]!O6%[0xffffffa4]K[0xffffffd9][0xffffff94][0x10]j[0xffffffe5]R"[0xffffff98][0xffffff96]J[0xffffff89] [0xffffffde]K)[0x11][0xffffffb7][0xffffffd9][0xffffffb0])[0x1]o[0xffffffb3]y[0xffffff9c][0xffffff80]O[0x9]p[0xffffff9b][0xffffffcd][0xffffffe3][0xffffffe9]TJ[0xfffffff8]l[0xffffffb3][0x11](R)a[0xffffffb2][0xffffffcd]F`I[0xffffffa4][0x4][0xffffffba][0xffffffcd]& [0xffffffea][0xffffff95][0x12]A[0xffffff9e]tJ[0x8][0xffffff97][0xffffffd2])[0x11][0xffffffd4]J[0xffffffa6]DqI[0xffffff89][0xfffffff2]wH[0xffffff89]n[0xffffff96][0x12][0x1d]O[0xffffff89]n[0xffffff90][0x12][0x1d]M[0xffffff89][0xffffff8e][0xffffffa5]DwJ[0xffffff89][0x1d]E*%"[0xffffff90]TJ[0xffffffec]X[0x12])[0xffffffd1][0xffffffe1][0xffffff94][0xffffffe8][0xffffffc6])[0x11][0xffffffe4]I[0xffffffa7][0xffffff84]p)[0xffffff9d][0x12]A[0xffffffad]dJt[0xffffff97][0xffffff94][0xffffffe8][0x7f][0xffffff87][0xffffff94]x[0xffffffec][0xffffffc2]qj[0xffffff89]c[0xffffffe2]1q?[0x2]_[0x13][0x1f][0xffffff87][0xffffffa0]r[0xffffffe2][0xfffffffe]x[0xffffffaa]'[0xffffffde][0x1f][0xffffffed][0x12][0x14][0xffffff81]G[0xffffffaa]([0x4][0xffffff95]TR[0x4]6[0xffffff89][0xffffffa6][0xffffffd8][0x8][0xffffffcd][0xffffff8f][0xffffff8a][0xffffff8d]S[0xffffffaf][0xffffffaa][0xffffff88][0x1a][0xffffffa5][0xffffffb3]BY[0xffffff95][0xffffffee][0xffffff8a](Y2,v[0xffffffe7]re[0xffffffb1]+[0xfffffff8]RZ[0x14][0xffffffb7][0xffffffb4](|Z[0x14][0xffffff87][0xffffffb4](lZ[0x14].-[0xffffff8a]UZ[0x4][0x1e][0xffffffa9][0xffffffb4][0x10]TRi[0x11][0xffffffd8]$[0xffffffd2][0xffffffa2][0xffffffd0]iQ[0xffffff9c][0xffffffd3]"j[0xffffff94]N[0xb]eU:-[0xffffffa2]d[0xffffffc9][0xffffffb4][0xffffffd8][0xffffff9d][0xffffffcb][0xffffffa5][0xffffffc5][0xffffffae][0xffffffe0]KiQ[0xffffffdd]~[0x1][0xffffffa9][0xfffffffc]O [0xffffffd5][0xffffffe1]7[0xffffff90][0xffffffca][0xfffffffe][0x8]R[0xffffffb9]_A[0xffffffaa][0xffffffd5][0xffffffcf] [0xffffff81]G*-[0x4][0xffffff95]TZ[0x4]6[0xffffff89][0xffffffb4][0xffffffa8][0xfffffff4]O![0xffffffd5][0xfffffff9][0xffffffb7][0xffffff90][0xffffffa8]Q:-[0xffffff94]U[0xffffffe9][0xffffffb4][0xffffff88][0xffffff92]%[0xffffffd3]bw.[0xffffff97][0x16][0xffffffbb][0xffffff82]/[0xffffffa5]E[0x1f]fi[0xffffffd1][0x7][0xffffff9e][0x16][0xfffffff7]#[0xfffffff0]i[0xfffffff1]q[0x8]*-[0xffffffee][0xffffff8f][0xffffffa7][0xffffffd2][0xffffffe2][0xfffffffd][0xffffffd1].i[0x11]x[0xffffffa4][0xffffffd2]BPI[0xffffffa5]E`[0xffffff93]H[0xffffff8b][0xffffff8d][0xffffffd0][0xfffffffc][0xffffffb4][0xffffffd8]8[0xfffffff5]J[0xffffff8b][0xffffffa8]Q:-[0xffffff94]U[0xffffffe9][0xffffffb4][0xffffff88][0xffffff92]%[0xffffffd3]bw.[0xffffff97][0x16][0xffffffbb][0xffffff82]/[0xffffffa5][0xffffffc5]p[0x1b][0x1][0x19][0xfffffffc][0xc][0xffffffc8]p[0x18][0x2][0x19][0xffffffec][0x14][0xffffffc8][0xffffffe0][0xffffffc6]@[0xffffff86][0xffffffd5][0x1c]H[0xffffffe0][0xffffff91]J[0xb]A%[0xffffff95][0x16][0xffffff81]M"-[0x6]=[0xb]2[0xffffff9c][0xffffff87]A[0xffffffa2]F[0xffffffe9][0xffffffb4]PV[0xffffffa5][0xffffffd3]"J[0xffffff96]L[0xffffff8b][0xffffffdd][0xffffffb9]\Z[0xffffffec][\n]"
08:17:55.072 [TestNG-PoolService-1] DEBUG org.apache.hc.client5.http.wire -- http-outgoing-3 << "_[0xffffffe5][0xffffffa0]f[0x19]N|W[0xfffffff8]i[0xffffffb0]+[0xfffffffc][0xffffff8c]K[0xffffff99]3q[0xffffffc6]v[0xffffff85][0xffffff9f][0xfffffffb]"f[0xffffffd4][0xffffffb5]&[0xffffffbb][0xffffffc2]%[0xffffff90][0xffffff8c]k[\r]v[0xffffff85][0x7]8[0xffffffb3]]{}W[0xfffffff8]9[0xffffff95]k[0x1b][0xffffffb6]S[0xfffffff1][0xffffffed]<[0xffffffb0]k[0xffffffa7][0xffffff81]kg[0xffffff80]:[0x13][0xffffffe7][0xffffff89][0xffffffb9]v:[0xffffffb9]6[0xffffffa2][0xffffffc8][0xffffffb8]V[0x1][0xffffffc9][0xffffffb8]6b[0xffffff99][0xffffffef][0xffffffda][0x1d][0xffffffce]l[0xffffffd7][0xffffffee][0xffffff88][0xffffffbe][0xffffffe0]Z57[0xffffffb6][0xffffffce][0xffffff8e]u->7v[0x1a][0xffffffcc][0xffffff8d][0xffffff9d]q@'[0x13]gln[0xffffffec][0xffffffdc][0xffffff87]rP[0xffffffd7][0xffffff9a][0xffffffcc][0xffffff8d]I [0x19][0xffffffd7][0x1a][0xffffffcc][0xffffff8d][0x5]8[0xffffffb3]]{}nl[0xffffffaa][0xffffffb9][0xffffffb1][0xffffffb5][0xffffffb0][0xffffffdf][0xffffffc6]&>76[\r][0xffffffe6][0xffffffc6]f[0x1c][0xffffffd0]I[0xffffffc4]ybscs[0x1f][0xffffffca]!]+PD\+[0xffffff81]D\+[0xffffffb0]Lwm[0xffffff80]3[0xffffffd9][0xffffffb5][0x1][0xffffffd1][0x17]\+[0xffffffe6][0xffffffc6][0xffffffd6][0xffffffad][0xffffffce]B[0xffffffb9][0x16][0xffffff9f][0x1b][0xffffff9b][0x6]sc3[0xe][0xffffffe8]d[0xffffffe2][0xffffff8c][0xffffffcd][0xffffff8d][0xffffffcd]}([0x7]u[0xffffffad][0xffffffc9][0xffffffdc][0xffffff98][0x4][0xffffff92]q[0xffffffad][0xffffffc1][0xffffffdc]X[0xffffff80]3[0xffffffdb][0xffffffb5][0xffffffd7][0xffffffe7][0xffffffc6][0xffffffa6][0xffffff98][0x1b][[0xffffffb7][0xffffffd1][0xffffffa8][0xfffffffd][0xffffffb5][0x13][0xffffff9f][0x1b][0xffffff9b][0x6]sc3[0xe][0xffffffe8]d[0xffffffe2][0xffffff8c][0xffffffcd][0xffffff8d][0xffffffcd]}([0x7]u[0xffffffad][0xffffffc9][0xffffffdc][0xffffff98][0x4][0xffffff92]q[0xffffffad][0xffffffc1][0xffffffdc]X[0xffffff80]3[0xffffffdb][0xffffffb5][0xffffffd7][0xffffffe7][0xffffffc6][0xffffff96][0xffffff98][0x1b][[0xffffffa5][0xffffffaf][0x6][0xffffffb9]v[0xffffffe1]sc[0xffffffcb]`nl[0xffffffc5][0x1][0xffffff9d]D[0xffffff9c][0x17]67[0xffffffb6][0xfffffff6][0xffffffa1][0x1c][0xffffffd2][0xffffffb5][0x2]E[0xffffffc4][0xffffffb5][0x12]H[0xffffffc4][0xffffffb5][0x2][0xffffffcb]t[0xffffffd7][0x6]8[0xffffff93]][0x1b][0x10]}[0xffffffc9][0xffffffb5][0xffffffd5][0xffffffcc][0xffffffb5][0x15]wm5pmE][1[0xffffffd7]V'[0xffffffd7][0xffffffee](R[0xffffffae][0xffffff8d]@R[0xffffffae][0xffffffdd][0xffffffb1]$\[a[0xffffffd7][0xffffffd6][0xffffffeb][0xffffffae]}[0xffffffdc][0xffffffef]r[0xffffff92][0xffffffed]1q[0xffffffdb][0xffffffde][0xffffff8f][0xffffffc0][0xffffffeb][0xfffffff6][0xffffffe3][0x10][0xffffff94]o[0xffffffef][0xffffff8f][0xffffffa7][0xffffff84][0xfffffffb][0xfffffffe]h[0x17][0xffffffe3][0x6][0x1e])[0xffffffe5][\n]"
08:17:55.073 [TestNG-PoolService-1] DEBUG org.apache.hc.client5.http.wire -- http-outgoing-3 << "*)[0xffffffe7][0x6]6[0x9][0xffffffe9]n[0xffffff84][0xffffffe6][w[0xffffffe3][0xfffffff4]%[0xffffffed]>[0xfffffffe]w[0xffffffe1][0xffffffa4][0xffffffdd][0xfffffffb][0xffffffff][0x1e]i[0xffffffed][0xffffffde][0xffffff8f][0xffffffc0]k[0xfffffff7][0xffffffe3][0x10][0xffffff94]v[0xffffffef][0xffffff8f][0xffffffa7][0xffffffb4][0xfffffffb][0xfffffffe]h[0x17][0xffffffed][0x6][0x1e])[0xffffffed][\n]"
08:17:55.073 [TestNG-PoolService-3] DEBUG org.apache.hc.client5.http.wire -- http-outgoing-4 << "[0xffffffbe][0xffffff94][0x16][0xffffff8f][0xffffffcf][0x11]8[0xffffffa5][0xffffffc5]y[0xffffffe0]iq?[0x2][0xffffff9f][0x16][0x1f][0xffffff87][0xffffffa0][0xffffffd2][0xffffffe2][0xfffffffe]x*-[0xffffffde][0x1f][0xffffffed][0xffffff92][0x16][0xffffff81]G*-[0x4][0xffffff95]TZ[0x4]6[0xffffff89][0xffffffb4][0xffffffd8][0x8][0xffffffcd]O[0xffffff8b][0xffffff8d]S[0xffffffaf][0xffffffb4][0xffffff88][0x1a][0xffffffa5][0xffffffd3]BY[0xffffff95]N[0xffffff8b](Y2-v[0xffffffe7]ri[0xffffffb1]+[0xfffffff8]RZ[0x1c][0xffffffb7]e[0xffffffd6][0x16][0xfffffff7][0x13][0xffffffe1]q[0xfffffff1]v[0x6][0xffffffbe].[0xffffffbe][0xffffff9d][0xffffff82][0xffffffca][0xffffff8b][0xffffffb7][0xffffffe7]S}[0xfffffff1][0xfffffff1]l[0xffffff97][0xffffffc0][0xffffff88]PR[0xffffff85][0xffffffa1][0xffffffd0][0xffffffa4][0x12]#[0x2]J4[0xffffffc6][0xffffff8e]i~d[0xffffffec][0xffffffb0]zU[0xffffff86][0x10]*[0xffffff9d][0x19][0xffffffd2][0xffffffaf]tg[0x8][0xffffffdd][0xffffff92][0xffffffa1][0x11][0xffffffec][0xffffffcb][0xffffff95]F[0xffffff90][0xfffffff1]+[0xffffffa9]q[0xffffffbc][0xfffffffd]S[0xffffff8e][0xffffffdb]Mm[0xffffffdb]\s[0xffffffa5][0xffffff87][0xffffffc6][0xffffffe7]y[0xffffffa8][0xffffffcc][0xfffffff8]r[0x2],2[0xffffffb6]3$'[0xffffffc6][0xffffff97][0xffffffa7]'[0x7][0xffffffc6][0xffffffaf][0xffffff9f][0xc][0xffffffe7][0xffffffc5]S[0x14][0xffffff93][0xffffffe3][0xffffffe2][0x7]@&[0xffffffa7][0xffffffc5]S,[0x13][0xffffffc3][0xffffffe2][0x9][0xffffff9c]iY[0xfffffff1][0x4]Q[0xffffff8b][0xffffffa8]x.O()~[0xffffffe4]R(([0xffffff9e][0xffffffab][0x15][0xffffffc8][0xffffff89]g[0xffffffa6]M[0xffffff8f][0xffffff89]g[0xffffffe2][0xffffffbd][0xffffff90][0x12][0xffffff87]H[0xffffff89]y[0xffffff9c][0xfffffff9][0xffffffdf][0xffffffb6][0xfffffffb]<[0xf][0xffffff9c][0x12][0xffffff87]AJ[0x1c][0xffffff91][0xfffffff7]D[0xffffffc0][0xf],%[0xe][0xffffffa7][0xffffff94][0xffffff88](2)[0xffffffa1][0xffffff80]dR"b[0xffffff99][0xffffff9f][0x12];[0xffffff9c][0xffffffd9])[0xffffffb1]#[0xffffffea][0xffffff94][0x12]B[0xffffff9e]lJH[0xffffff97][0xffffffb2])![0xffffffd4][0xffffffca][0xffffffa5]D0-[0xffffff95][0x12]A[0xffffffbc][0x17]R[0xffffffa2][0xffffffa8][0xffffff94][0xffffffe8]+[0xffffffff][0xffffffd3][0xffffff8d][0xffffff9f][0xffffffe7][0xffffff81]S[0xffffffa2][0x18][0xffffffa4]D[0xffffff89][0xffffffbc]'[0x2]^[0xffffffb0][0xffffff94](N)[0x11]QdRB[0x1][0xffffffc9][0xffffffa4]D[0xffffffc4]2?%v8[0xffffffb3]SbG[0xffffffd4])%[0xffffff84]<[0xffffffd9][0xffffff94][0xffffff90].eSB[0xffffffa8][0xffffff95]K[0xffffff89]`Z*%[0xffffff82]x/[0xffffffa4]DU)q[0xffffffce][0xfffffffc][0xffffff9b][0x14][0xffffff9f][0xffffffe7][0xffffff81]S[0xffffffa2][0x1a][0xffffffa4]D[0xffffff8d][0xffffffbc]'[0x2]^[0xffffffb1][0xffffff94][0xffffffa8]N)[0x11]QdRB[0x1][0xffffffc9][0xffffffa4]D[0xffffffc4]2?%v8[0xffffffb3]SbG[0xffffffd4])%[0xffffff84]<[0xffffffd9][0xffffff94][0xffffff90].eSB[0xffffffa8][0xffffff95]K[0xffffff89]`Z*%[0xffffff82]x/[0xffffffa5]D5K[0xffffff89][0xffffff8a][0xffffffa7]D5H[0xffffff89][0xffffff8a][0xffffffa6]D[0xffffffc5]R[0xffffffa2]:[0xffffffa5][0xffffffc4][0xffffff8e]"[0xffffff95][0x12][0x11]H*%v,[0xffffff89][0xffffff94][0xffffffa8]pJT[0xffffffe3][0xffffff94][0x8][0xfffffff2][0xffffffa4]SB[0xffffffb8][0xffffff94]N[0xffffff89][0xffffffa0]V2%[0xffffffaa]KJ[0xffffffd4][0xffffff9f]N[0xffffff89]&[0xffffffde]J[0xffffffac][0xffffffd2]+[0xffffff95][0x12][\r][0x7f]+[0xffffffd1][0xc][0xffffffde]J[0xffffffb4][0xffffff98][0xffffffce][0xffffff89][0xffffff80]7[0xffffffec][0xffffffad]Dsz+[0x11]QdRB[0x1][0xffffffc9][0xffffffa4]D[0xffffffc4]2?%v8[0xffffffb3]SbG[0xffffffd4])%[0xffffff84]<[0xffffffd9][0xffffff94][0xffffff90].eSB[0xffffffa8][0xffffff95]K[0xffffff89]`Z*%[0xffffff82]x/[0xffffffa4]DW)[0xffffffd1][0xffffffda]A[0xffffffa5]D[0xffffffc7]S[0xffffffa2][0x1b][0xffffffa4]D[0xffffff8f][0xffffffbc]'[0x2][0xffffffde][0xffffffb1][0xffffff94][0xffffffe8]N)[0x11]QdRB[0x1][0xffffffc9][0xffffffa4]D[0xffffffc4]2?%v8[0xffffffb3]SbG[0xffffffd4])%[0xffffff84]<[0xffffffd9][0xffffff94][0xffffff90].eSB[0xffffffa8][0xffffff95]K[0xffffff89]`Z*%[0xffffff82]x/[0xffffffa5]D1K[0x9]lW[0xffffffe6][0xffffff97][0x13][0xfffffff0])[0xffffff81]l[0xffffffca][0xfffffffc][0xfffffff2]t*%[0x1c][0xfffffff6]d>E[0xffffff91]J[0x9]|K[0xffffffe6]S,[0xffffff89][0xffffff94][0xffffff80]vd>A[0xffffffd4]+%\6d[0xfffffffe][0xffffffc8][0xffffffa5]tJ8[0xffffffec][0xffffffc7]|fZ.%~b;[0xffffffe6][0xffffffc7]?c[0xffffffa8][0xffffffb7][0x12][0xffffffb3][0xffffff9d]TJ[0xc][0xfffffffc][0xffffffad][0xffffffc4]0x+1b:'[0x2]>[0xffffffb0][0xffffffb7][0x12][0xffffffc3][0xffffffe9][0xffffffad]DD[0xffffff91]I[0x9][0x5]$[0xffffff93][0x12][0x11][0xffffffcb][0xfffffffc][0xffffff94][0xffffffd8][0xffffffe1][0xffffffcc]N[0xffffff89][0x1d]Q[0xffffffa7][0xffffff94][0x10][0xfffffff2]dSB[0xffffffba][0xffffff94]M[0x9][0xffffffa1]V.%[0xffffff82]i[0xffffffa9][0xffffff94][0x8][0xffffffe2][0xffffffbd][0xffffff90][0x12][0xffffffa7]J[0xffffff89]u`o%N<%N[0xffffff83][0xffffff94]8#[0xffffffef][0xffffff89][0xffffff80][0xffffff9f]XJ[0xffffff9c]N)[0x11]QdRB[0x1][0xffffffc9][0xffffffa4]D[0xffffffc4]2?%v8[0xffffffb3]SbG[0xffffffd4])%[0xffffff84]<[0xffffffd9][0xffffff94][0xffffff90].eSB[0xffffffa8][0xffffff95]K[0xffffff89]`Z*%[0xffffff82]x/[0xffffffa4][0xffffffc4][0xffffff94])1[0xffffffb0]m[0xffffff97][0x13]O[0xffffff89]i[0xffffff90][0x12]3[0xfffffff2][0xffffff9e][0x8][0xfffffff8][0xffffffc4]Rb:[0xffffffa5]DD[0xffffff91]I[0x9][0x5]$[0xffffff93][0x12][0x11][0xffffffcb][0xfffffffc][0xffffff94][0xffffffd8][0xffffffe1][0xffffffcc]N[0xffffff89][0x1d]Q[0xffffffa7][0xffffff94][0x10][0xfffffff2]dSB[0xffffffba][0xffffff94]M[0x9][0xffffffa1]V.%[0xffffff82]i[0xffffffa9][0xffffff94][0x8][0xffffffe2][0xffffffbd][0xffffff90][0x12]+[0xffffffa6]D[0xffffffb9][0xffffffdd][0xffffffb8][0xffffffb7][0x12][0xb]O[0xffffff89]e[0xffffff90][0x12]+[0xfffffff2][0xffffff9e][0x8][0xfffffff8][0xffffffc2]Rb9[0xffffffa5]D"
08:17:55.073 [TestNG-PoolService-1] DEBUG org.apache.hc.client5.http.wire -- http-outgoing-3 << "*)[0xffffffed][0x6]6[0x9][0xffffffed]n[0xffffff84][0xffffffe6]kw[0xffffffe3][0xfffffff4]%[0xffffffed][0xfffffff6]f[0xffffffa6][0xffffffdd][0xffffffde]p[0xffffffed][0xffffffde][0xffffff8f][0xffffffc0]k[0xfffffff7][0xffffffe3][0x10][0xffffff94]v[0xffffffef][0xffffff8f][0xffffffa7][0xffffffb4][0xfffffffb][0xfffffffe]h[0x17][0xffffffed][0x6][0x1e])[0xffffffed][\n]"
08:17:55.074 [TestNG-PoolService-2] DEBUG org.apache.hc.client5.http.wire -- http-outgoing-5 << "&>76[\r][0xffffffe6][0xffffffc6]f[0x1c][0xffffffd0]I[0xffffffc4]ybscs[0x1f][0xffffffca]!]+PD\+[0xffffff81]D\+[0xffffffb0]Lwm[0xffffff80]3[0xffffffd9][0xffffffb5][0x1][0xffffffd1][0x17]\+[0xffffffe6][0xffffffc6][0xffffffd6][0xffffffad][0xffffffce]B[0xffffffb9][0x16][0xffffff9f][0x1b][0xffffff9b][0x6]sc3[0xe][0xffffffe8]d[0xffffffe2][0xffffff8c][0xffffffcd][0xffffff8d][0xffffffcd]}([0x7]u[0xffffffad][0xffffffc9][0xffffffdc][0xffffff98][0x4][0xffffff92]q[0xffffffad][0xffffffc1][0xffffffdc]X[0xffffff80]3[0xffffffdb][0xffffffb5][0xffffffd7][0xffffffe7][0xffffffc6][0xffffffa6][0xffffff98][0x1b][[0xffffffb7][0xffffffd1][0xffffffa8][0xfffffffd][0xffffffb5][0x13][0xffffff9f][0x1b][0xffffff9b][0x6]sc3[0xe][0xffffffe8]d[0xffffffe2][0xffffff8c][0xffffffcd][0xffffff8d][0xffffffcd]}([0x7]u[0xffffffad][0xffffffc9][0xffffffdc][0xffffff98][0x4][0xffffff92]q[0xffffffad][0xffffffc1][0xffffffdc]X[0xffffff80]3[0xffffffdb][0xffffffb5][0xffffffd7][0xffffffe7][0xffffffc6][0xffffff96][0xffffff98][0x1b][[0xffffffa5][0xffffffaf][0x6][0xffffffb9]v[0xffffffe1]sc[0xffffffcb]`nl[0xffffffc5][0x1][0xffffff9d]D[0xffffff9c][0x17]67[0xffffffb6][0xfffffff6][0xffffffa1][0x1c][0xffffffd2][0xffffffb5][0x2]E[0xffffffc4][0xffffffb5][0x12]H[0xffffffc4][0xffffffb5][0x2][0xffffffcb]t[0xffffffd7][0x6]8[0xffffff93]][0x1b][0x10]}[0xffffffc9][0xffffffb5][0xffffffd5][0xffffffcc][0xffffffb5][0x15]wm5pmE][1[0xffffffd7]V'[0xffffffd7][0xffffffee](R[0xffffffae][0xffffff8d]@R[0xffffffae][0xffffffdd][0xffffffb1]$\[a[0xffffffd7][0xffffffd6][0xffffffeb][0xffffffae]}[0xffffffdc][0xffffffef]r[0xffffff92][0xffffffed]1q[0xffffffdb][0xffffffde][0xffffff8f][0xffffffc0][0xffffffeb][0xfffffff6][0xffffffe3][0x10][0xffffff94]o[0xffffffef][0xffffff8f][0xffffffa7][0xffffff84][0xfffffffb][0xfffffffe]h[0x17][0xffffffe3][0x6][0x1e])[0xffffffe5][\n]"
08:17:55.074 [TestNG-PoolService-2] DEBUG org.apache.hc.client5.http.wire -- http-outgoing-5 << "*)[0xffffffe7][0x6]6[0x9][0xffffffe9]n[0xffffff84][0xffffffe6][w[0xffffffe3][0xfffffff4]%[0xffffffed]>[0xfffffffe]w[0xffffffe1][0xffffffa4][0xffffffdd][0xfffffffb][0xffffffff][0x1e]i[0xffffffed][0xffffffde][0xffffff8f][0xffffffc0]k[0xfffffff7][0xffffffe3][0x10][0xffffff94]v[0xffffffef][0xffffff8f][0xffffffa7][0xffffffb4][0xfffffffb][0xfffffffe]h[0x17][0xffffffed][0x6][0x1e])[0xffffffed][\n]"
08:17:55.074 [TestNG-PoolService-2] DEBUG org.apache.hc.client5.http.wire -- http-outgoing-5 << "*)[0xffffffed][0x6]6[0x9][0xffffffed]n[0xffffff84][0xffffffe6]kw[0xffffffe3][0xfffffff4]%[0xffffffed][0xfffffff6]f[0xffffffa6][0xffffffdd][0xffffffde]p[0xffffffed][0xffffffde][0xffffff8f][0xffffffc0]k[0xfffffff7][0xffffffe3][0x10][0xffffff94]v[0xffffffef][0xffffff8f][0xffffffa7][0xffffffb4][0xfffffffb][0xfffffffe]h[0x17][0xffffffed][0x6][0x1e])[0xffffffed][\n]"
08:17:55.074 [TestNG-PoolService-1] DEBUG org.apache.hc.client5.http.wire -- http-outgoing-3 << "*)[0xffffffed][0x6]6[0x9][0xffffffed]n[0xffffff84][0xffffffe6]kw[0xffffffe3][0xfffffff4]%[0xffffffed][0xffffff9e]n[0xffffffbf][0xffffff9e][0xffffff9d][0xfffffffc][0xffffffcf]g[0xfffffff7]#[0xfffffff0][0xffffffda][0xfffffffd]8[0x4][0xffffffa5][0xffffffdd][0xffffff93][0xfffffffb][0x5][0xffffffed][0xffffffb4][0xfffffffa][0x9]-[0xfffffff0]HiWPIi7[0xffffffb0]Ih[0xfffffff7][0xffffffa4][0x7f]F;_[0xffffffff][0x1d]m[0xffffffbd][0xffffffff][0xffffffad][0xffffffd8][0xffffff9d][0xffffffb0]*1[0xfffffff7][0xfffffff0]y[0x1e]J[0xffffffba]_N[0xffffff80]9w;C[0xffffffb2]r[0xffffffbf]<=[0xffffffd9][0xffffffb8][0xffffffbf]~2,[0xffffffdc][0xffffffa7](&[0xfffffffb][0xfffffff6][0x7]@&[0xffffffeb][0xfffffff6])[0xffffff96][0xffffff89][0xffffffb6]}[0x2]g[0xffffff9a]l[0xffffff9f] [0xfffffffa][0xffffff82]k[0xffffffc5]<[0xffffffef]jm[0xffffffe4][0xffffffcf]=|[0xffffff9e][0x7]v-:[0xffffffcf][0xffffffbb][0xffffff9d][0xffffff81]q-0[0xffffffcf][0xfffffffb][0xffffffeb]'{[0xffffffb8][0x16][0xffffff9f][0xffffffe7][0xfffffffd][0x1][0xffffff90][0xffffff8c]k[0xffffffd1]y[0xffffffde]'pf[0xffffffbb]vG[0xfffffff4][0xffffffb7][0xffffffba]v[0xffffffdc]nb[0xffffff9e]w[0xffffffb5]^[0xfffffff2]w'|[0xffffff9e][0xffffff87]t[0xffffffed][0xffffffc7][0x9]P[0xffffffd7]~9[0x3][0xffffffe0][0xffffffda][0xffffff8f][0xffffffa7][0x3][0xffffffae][0xfffffffd]|[0xffffffb2][0xffffff81]k%[0xffffff8a][0xffffff80]k[0xffffff9f][0x0][0x9][0xffffffb8]Vb[0xffffff99][0xffffffec]Z[0x1]g[0xffffffaa]k[0x5][0xffffffa2]/[0xffffffb8]V[0xffffffcd][0xfffffff3][0xffffffb6][0xfffffffe]x[0xffffff9d][0xffffff8b][0xffffffb8][0x16][0xffffff9c][0xffffffe7][0xfffffffd]r[0x2][0xffffffda][0xffffffb5][0xffffffd0]<[0xffffffef][0xffffff97][0xffffffa7]3[0xffffffae][0xfffffff5][0xffffff98][0xffffffe7]}[0xffffff8a]"[0xffffffe3]Z[0xffffff83]y[0xffffffde][0xffffffa7]X[0xffffffe6][0xffffffbb][0x16][0xffffff9b][0xffffffe7]}[0xffffff82][0xffffffe8][0xb][0xffffffae]U[0xfffffff3][0xffffffbc]mp][0xb][0xffffffce][0xfffffff3]~9[0x1][0xffffffed]Zh[0xffffff9e][0xfffffff7][0xffffffcb][0xffffffd3][0x19][0xffffffd7]z[0xffffffcc][0xfffffff3]>E[0xffffff91]q[0xffffffad][0xffffffc1]<[0xffffffef]S,[0xfffffff3]][0xffffff8b][0xffffffcd][0xfffffff3]>A[0xfffffff4][0x5][0xffffffd7][0xffffffaa]y[0xffffffde]v[0xfffffff6][0xfffffffc]o8|[0xffffff9e][0x7]v-:[0xffffffcf][0xffffffbb][0xffffff9d][0xffffff81]q-0[0xffffffcf][0xfffffffb][0xffffffeb]'{[0xffffffb8][0x16][0xffffff9f][0xffffffe7][0xfffffffd][0x1][0xffffff90][0xffffff8c]k[0xffffffd1]y[0xffffffde]'pf[0xffffffbb][0xfffffff6][0xffffffca]<[0xffffffef][0xffffffc7][0xffffff9f][0xffffff8a][0xffffffef]@[0xffffffae][0xffffffb6]:s[0xf][0xffffffe1][0xfffffffd]<[0xffffffb0]k[0xffffffd1][0xffffffef]@ng`\[0xb]|[0x7][0xfffffff2][0xffffffd7]O[0xfffffff6]p-[0xfffffffe][0x1d][0xffffffc8][0x1f][0x0][0xffffffc9][0xffffffb8][0x16][0xfffffffd][0xe][0xffffffe4][0x13]8[0xffffffb3]]{[0xffffffe5];[0xffffff90][0x1f][0x7f]*[0xffffffbe][0x3][0xffffffb9]zY[0xffffffcc]=[0xffffff84][0xfffffff7][0xfffffff3][0xffffffc0][0xffffffae]E[0xffffffbf][0x3][0xffffffb9][0xffffff9d][0xffffff81]q-[0xfffffff0][0x1d][0xffffffc8]_?[0xffffffd9][0xffffffc3][0xffffffb5][0xfffffff8]w [0x7f][0x0]$[0xffffffe3]Z[0xfffffff4];[0xffffff90]O[0xffffffe0][0xffffffcc]v[0xffffffed][0xffffff95][0xffffffef]@~[0xfffffffc][0xffffffa9][0xffffffba]_[0xffffffdb][0xffffffe7]<([0xffffffd7][0xffffffc2][0xfffffff7]k?N@[0xffffffbb][0x16][0xffffffbc]_[0xfffffffb][0xfffffff1]t[0xffffffc6][0xffffffb5]>[0xfffffff7]k%[0xffffff8a][0xffffff8c]kM[0xffffffee][0xffffffd7]J,[0xfffffff3]][0xffffff8b][0xffffffde][0xffffffaf][0x15][0xffffff88][0xffffffbe][0xffffffe0][0xffffffda])\;[0xffffff8e]Q)[0xffffffd7]N[0xffffffdc][0xffffffb5][0xffffffd3][0xffffffc0][0xffffffb5]3@[0xffffff9d][0xffffff89][0xfffffff3][0xffffffc4]\;[0xffffff9d]\[0x1b]Qd\[0xffffffab][0xffffff80]d\[0x1b][0xffffffb1][0xffffffcc]w[0xffffffed][0xe]g[0xffffffb6]kwD[0x7f][0xffffffbb]k[0xf][0xffffffe5][0xffffffda]Yf[0xffffff83]\{[0xffffffe0][0xffffffae]=[0xc]\{D[0xffffffa8][0x13]q>0[0xffffffd7][0x1e];[0xffffffc8][0xffffffa4]k[0x5][0xffffff8a][0xffffff88]k%[0xffffff90][0xffffff88]k[0x5][0xffffff96][0xffffffe9][0xffffffae][\r]p&[0xffffffbb]6 [0xfffffffa][0xffffff92]k[0xffffff9b][0xffffff99]k[0xffffffb1]}4_N[0xffffffc0][0xffffffbb][0x16][0xffffffd9]F[0xfffffff3][0xffffffe5][0xffffffe9][0xffffff94]k[0x1d]v[0xffffffd1]<E[0xffffff91]r-[0xffffffbe][0xffffff89][0xffffffe6])[0xffffff96][0xffffff84]k[0xffffffa1]=4O[0x10][0xfffffffd][0xffffffed][0xffffffae]-[0xffffffb7]_Jt[0xffffffed]*[0xffffffd4]=[0xffffff84][0xffffffb7][0xfffffff3][0xffffffb0][0xffffffae]}[0xffffff9c][0x0]v[0xffffffed][0xfffffff7]3 [0xffffffae]}<[0x1d]q[0xffffffed][0xffffffb7]'[[0xffffffb8]V[0xffffffa0][0xffffff88][0xffffffb8]V[0x2][0xffffff89][0xffffffb8]V`[0xffffff99][0xffffffee][0xffffffda][0x0]g[0xffffffb2]k[0x3][0xffffffa2]/[0xffffffb8]V[0xffffffcd]2[0xffffffac]vR[0xffffffb3][0xc][0x5][0xffffff9f]e([0x6][0xffffffb3][0xc]%^[0x1a][0xffffffcf][0xffffffc4][0x19][0xffffff9b]e([0xfffffffb]Eq[0xffffffd4][0xffffffb5]&[0xffffffb3][0xc][0x12]H[0xffffffc6][0xffffffb5][0x6][0xffffffb3][0xc][0x1][0xffffffce]l[0xffffffd7]^[0xffffff9f]e(j[0xffffff96]a[0xffffffcd]B[0xffffffcd]2[0x14]|[0xffffff96][0xffffffa1][0x18][0xffffffcc]2[0xffffff94]xi<[0x13]gl[0xffffff96][0xffffffa1][0xffffffec][0x17][0xffffffc5]Q[0xffffffd7][0xffffff9a][0xffffffcc]2H [0x19][0xffffffd7][0x1a][0xffffffcc]2[0x4]8[0xffffffb3]]{}[0xffffff96][0xffffffa1][0xffffffc4]Y[0xffffff86]r[0xffffffbb][0xffffffdd][0x16][0xffffffb5][0xf][0xffffffa1][0xffffffe0][0xffffffb3][0xc][0xffffffc5]`[0xffffff96][0xffffffa1][0xffffffc4]K[0xffffffe3][0xffffff99]8c[0xffffffb3][0xc]e[0xffffffbf]([0xffffff8e][0xffffffba][0xffffffd6]d[0xffffff96]A[0x2][0xffffffc9][0xffffffb8][0xffffffd6]`[0xffffff96]![0xffffffc0][0xffffff99][0xffffffed][0xffffffda][0xffffffeb][0xffffffb3][0xc]e([0xffffffd7][0xffffff8e]:)[0xffffffd7][0xe][0xffffffdc][0xffffffb5][0xffffffc3][0xffffffc0][0xffffffb5]#@[0xffffff9d][0xffffff89][0xfffffff3][0xffffffc0]\;[0xffffff9c]\[0x1b]Qd\[0xffffffab][0xffffff80]d\[0x1b][0xffffffb1][0xffffffcc]w[0xffffffed][0xe]g[0xffffffb6]kwD_pm[0xffffff9c]exs[0xffffffed][0xffffffa4][0xffffffe6][0xffffffc6][\n]"
08:17:55.074 [TestNG-PoolService-1] DEBUG org.apache.hc.client5.http.wire -- http-outgoing-3 << ">[0xffffffcb]P[0xc]f[0x19]J[0xffffffbc]4[0xffffff9e][0xffffff89]36[0xffffffcb]P[0xfffffff6][0xffffff8b][0xffffffe2][0xffffffa8]kMf[0x19]$[0xffffff90][0xffffff8c]k[\r]f[0x19][0x2][0xffffff9c][0xffffffd9][0xffffffae][0xffffffbd]>[0xffffffcb]P[0xffffffe2][0xfffffffd][0xffffffda][0xffffffbb]kO[0xffffffee]}-~[0xffffffbf][0xffffffb6][0x18][0xffffffdc][0xffffffaf]-[0xfffffff1]"c&[0xffffffce][0xffffffd8][0xfffffffd][0xffffffda][0xffffffb2]_^D]kr[0xffffffbf]V[0x2][0xffffffc9][0xffffffb8][0xffffffd6][0xffffffe0]~m[0xffffff80]3[0xffffffdb][0xffffffb5][0xffffffd7][0xffffffef][0xffffffd7][0xffffff96]%][0xffffff8b][0xffffffcd][0xffffffe8][0xffffffbe][0xffffff9d][0x7]v[0xffffffed]2p[0xffffffed][\n]"
08:17:55.074 [TestNG-PoolService-2] DEBUG org.apache.hc.client5.http.wire -- http-outgoing-5 << "*)[0xffffffed][0x6]6[0x9][0xffffffed]n[0xffffff84][0xffffffe6]kw[0xffffffe3][0xfffffff4]%[0xffffffed][0xffffff9e]n[0xffffffbf][0xffffff9e][0xffffff9d][0xfffffffc][0xffffffcf]g[0xfffffff7]#[0xfffffff0][0xffffffda][0xfffffffd]8[0x4][0xffffffa5][0xffffffdd][0xffffff93][0xfffffffb][0x5][0xffffffed][0xffffffb4][0xfffffffa][0x9]-[0xfffffff0]HiWPIi7[0xffffffb0]Ih[0xfffffff7][0xffffffa4][0x7f]F;_[0xffffffff][0x1d]m[0xffffffbd][0xffffffff][0xffffffad][0xffffffd8][0xffffff9d][0xffffffb0]*1[0xfffffff7][0xfffffff0]y[0x1e]J[0xffffffba]_N[0xffffff80]9w;C[0xffffffb2]r[0xffffffbf]<=[0xffffffd9][0xffffffb8][0xffffffbf]~2,[0xffffffdc][0xffffffa7](&[0xfffffffb][0xfffffff6][0x7]@&[0xffffffeb][0xfffffff6])[0xffffff96][0xffffff89][0xffffffb6]}[0x2]g[0xffffff9a]l[0xffffff9f] [0xfffffffa][0xffffff82]k[0xffffffc5]<[0xffffffef]jm[0xffffffe4][0xffffffcf]=|[0xffffff9e][0x7]v-:[0xffffffcf][0xffffffbb][0xffffff9d][0xffffff81]q-0[0xffffffcf][0xfffffffb][0xffffffeb]'{[0xffffffb8][0x16][0xffffff9f][0xffffffe7][0xfffffffd][0x1][0xffffff90][0xffffff8c]k[0xffffffd1]y[0xffffffde]'pf[0xffffffbb]vG[0xfffffff4][0xffffffb7][0xffffffba]v[0xffffffdc]nb[0xffffff9e]w[0xffffffb5]^[0xfffffff2]w'|[0xffffff9e][0xffffff87]t[0xffffffed][0xffffffc7][0x9]P[0xffffffd7]~9[0x3][0xffffffe0][0xffffffda][0xffffff8f][0xffffffa7][0x3][0xffffffae][0xfffffffd]|[0xffffffb2][0xffffff81]k%[0xffffff8a][0xffffff80]k[0xffffff9f][0x0][0x9][0xffffffb8]Vb[0xffffff99][0xffffffec]Z[0x1]g[0xffffffaa]k[0x5][0xffffffa2]/[0xffffffb8]V[0xffffffcd][0xfffffff3][0xffffffb6][0xfffffffe]x[0xffffff9d][0xffffff8b][0xffffffb8][0x16][0xffffff9c][0xffffffe7][0xfffffffd]r[0x2][0xffffffda][0xffffffb5][0xffffffd0]<[0xffffffef][0xffffff97][0xffffffa7]3[0xffffffae][0xfffffff5][0xffffff98][0xffffffe7]}[0xffffff8a]"[0xffffffe3]Z[0xffffff83]y[0xffffffde][0xffffffa7]X[0xffffffe6][0xffffffbb][0x16][0xffffff9b][0xffffffe7]}[0xffffff82][0xffffffe8][0xb][0xffffffae]U[0xfffffff3][0xffffffbc]mp][0xb][0xffffffce][0xfffffff3]~9[0x1][0xffffffed]Zh[0xffffff9e][0xfffffff7][0xffffffcb][0xffffffd3][0x19][0xffffffd7]z[0xffffffcc][0xfffffff3]>E[0xffffff91]q[0xffffffad][0xffffffc1]<[0xffffffef]S,[0xfffffff3]][0xffffff8b][0xffffffcd][0xfffffff3]>A[0xfffffff4][0x5][0xffffffd7][0xffffffaa]y[0xffffffde]v[0xfffffff6][0xfffffffc]o8|[0xffffff9e][0x7]v-:[0xffffffcf][0xffffffbb][0xffffff9d][0xffffff81]q-0[0xffffffcf][0xfffffffb][0xffffffeb]'{[0xffffffb8][0x16][0xffffff9f][0xffffffe7][0xfffffffd][0x1][0xffffff90][0xffffff8c]k[0xffffffd1]y[0xffffffde]'pf[0xffffffbb][0xfffffff6][0xffffffca]<[0xffffffef][0xffffffc7][0xffffff9f][0xffffff8a][0xffffffef]@[0xffffffae][0xffffffb6]:s[0xf][0xffffffe1][0xfffffffd]<[0xffffffb0]k[0xffffffd1][0xffffffef]@ng`\[0xb]|[0x7][0xfffffff2][0xffffffd7]O[0xfffffff6]p-[0xfffffffe][0x1d][0xffffffc8][0x1f][0x0][0xffffffc9][0xffffffb8][0x16][0xfffffffd][0xe][0xffffffe4][0x13]8[0xffffffb3]]{[0xffffffe5];[0xffffff90][0x1f][0x7f]*[0xffffffbe][0x3][0xffffffb9]zY[0xffffffcc]=[0xffffff84][0xfffffff7][0xfffffff3][0xffffffc0][0xffffffae]E[0xffffffbf][0x3][0xffffffb9][0xffffff9d][0xffffff81]q-[0xfffffff0][0x1d][0xffffffc8]_?[0xffffffd9][0xffffffc3][0xffffffb5][0xfffffff8]w [0x7f][0x0]$[0xffffffe3]Z[0xfffffff4];[0xffffff90]O[0xffffffe0][0xffffffcc]v[0xffffffed][0xffffff95][0xffffffef]@~[0xfffffffc][0xffffffa9][0xffffffba]_[0xffffffdb][0xffffffe7]<([0xffffffd7][0xffffffc2][0xfffffff7]k?N@[0xffffffbb][0x16][0xffffffbc]_[0xfffffffb][0xfffffff1]t[0xffffffc6][0xffffffb5]>[0xfffffff7]k%[0xffffff8a][0xffffff8c]kM[0xffffffee][0xffffffd7]J,[0xfffffff3]][0xffffff8b][0xffffffde][0xffffffaf][0x15][0xffffff88][0xffffffbe][0xffffffe0][0xffffffda])\;[0xffffff8e]Q)[0xffffffd7]N[0xffffffdc][0xffffffb5][0xffffffd3][0xffffffc0][0xffffffb5]3@[0xffffff9d][0xffffff89][0xfffffff3][0xffffffc4]\;[0xffffff9d]\[0x1b]Qd\[0xffffffab][0xffffff80]d\[0x1b][0xffffffb1][0xffffffcc]w[0xffffffed][0xe]g[0xffffffb6]kwD[0x7f][0xffffffbb]k[0xf][0xffffffe5][0xffffffda]Yf[0xffffff83]\{[0xffffffe0][0xffffffae]=[0xc]\{D[0xffffffa8][0x13]q>0[0xffffffd7][0x1e];[0xffffffc8][0xffffffa4]k[0x5][0xffffff8a][0xffffff88]k%[0xffffff90][0xffffff88]k[0x5][0xffffff96][0xffffffe9][0xffffffae][\r]p&[0xffffffbb]6 [0xfffffffa][0xffffff92]k[0xffffff9b][0xffffff99]k[0xffffffb1]}4_N[0xffffffc0][0xffffffbb][0x16][0xffffffd9]F[0xfffffff3][0xffffffe5][0xffffffe9][0xffffff94]k[0x1d]v[0xffffffd1]<E[0xffffff91]r-[0xffffffbe][0xffffff89][0xffffffe6])[0xffffff96][0xffffff84]k[0xffffffa1]=4O[0x10][0xfffffffd][0xffffffed][0xffffffae]-[0xffffffb7]_Jt[0xffffffed]*[0xffffffd4]=[0xffffff84][0xffffffb7][0xfffffff3][0xffffffb0][0xffffffae]}[0xffffff9c][0x0]v[0xffffffed][0xfffffff7]3 [0xffffffae]}<[0x1d]q[0xffffffed][0xffffffb7]'[[0xffffffb8]V[0xffffffa0][0xffffff88][0xffffffb8]V[0x2][0xffffff89][0xffffffb8]V`[0xffffff99][0xffffffee][0xffffffda][0x0]g[0xffffffb2]k[0x3][0xffffffa2]/[0xffffffb8]V[0xffffffcd]2[0xffffffac]vR[0xffffffb3][0xc][0x5][0xffffff9f]e([0x6][0xffffffb3][0xc]%^[0x1a][0xffffffcf][0xffffffc4][0x19][0xffffff9b]e([0xfffffffb]Eq[0xffffffd4][0xffffffb5]&[0xffffffb3][0xc][0x12]H[0xffffffc6][0xffffffb5][0x6][0xffffffb3][0xc][0x1][0xffffffce]l[0xffffffd7]^[0xffffff9f]e(j[0xffffff96]a[0xffffffcd]B[0xffffffcd]2[0x14]|[0xffffff96][0xffffffa1][0x18][0xffffffcc]2[0xffffff94]xi<[0x13]gl[0xffffff96][0xffffffa1][0xffffffec][0x17][0xffffffc5]Q[0xffffffd7][0xffffff9a][0xffffffcc]2H [0x19][0xffffffd7][0x1a][0xffffffcc]2[0x4]8[0xffffffb3]]{}[0xffffff96][0xffffffa1][0xffffffc4]Y[0xffffff86]r[0xffffffbb][0xffffffdd][0x16][0xffffffb5][0xf][0xffffffa1][0xffffffe0][0xffffffb3][0xc][0xffffffc5]`[0xffffff96][0xffffffa1][0xffffffc4]K[0xffffffe3][0xffffff99]8c[0xffffffb3][0xc]e[0xffffffbf]([0xffffff8e][0xffffffba][0xffffffd6]d[0xffffff96]A[0x2][0xffffffc9][0xffffffb8][0xffffffd6]`[0xffffff96]![0xffffffc0][0xffffff99][0xffffffed][0xffffffda][0xffffffeb][0xffffffb3][0xc]e([0xffffffd7][0xffffff8e]:)[0xffffffd7][0xe][0xffffffdc][0xffffffb5][0xffffffc3][0xffffffc0][0xffffffb5]#@[0xffffff9d][0xffffff89][0xfffffff3][0xffffffc0]\;[0xffffff9c]\[0x1b]Qd\[0xffffffab][0xffffff80]d\[0x1b][0xffffffb1][0xffffffcc]w[0xffffffed][0xe]g[0xffffffb6]kwD_pm[0xffffff9c]exs[0xffffffed][0xffffffa4][0xffffffe6][0xffffffc6][\n]"
08:17:55.075 [TestNG-PoolService-2] DEBUG org.apache.hc.client5.http.wire -- http-outgoing-5 << ">[0xffffffcb]P[0xc]f[0x19]J[0xffffffbc]4[0xffffff9e][0xffffff89]36[0xffffffcb]P[0xfffffff6][0xffffff8b][0xffffffe2][0xffffffa8]kMf[0x19]$[0xffffff90][0xffffff8c]k[\r]f[0x19][0x2][0xffffff9c][0xffffffd9][0xffffffae][0xffffffbd]>[0xffffffcb]P[0xffffffe2][0xfffffffd][0xffffffda][0xffffffbb]kO[0xffffffee]}-~[0xffffffbf][0xffffffb6][0x18][0xffffffdc][0xffffffaf]-[0xfffffff1]"c&[0xffffffce][0xffffffd8][0xfffffffd][0xffffffda][0xffffffb2]_^D]kr[0xffffffbf]V[0x2][0xffffffc9][0xffffffb8][0xffffffd6][0xffffffe0]~m[0xffffff80]3[0xffffffdb][0xffffffb5][0xffffffd7][0xffffffef][0xffffffd7][0xffffff96]%][0xffffff8b][0xffffffcd][0xffffffe8][0xffffffbe][0xffffff9d][0x7]v[0xffffffed]2p[0xffffffed][\n]"
08:17:55.075 [TestNG-PoolService-2] DEBUG org.apache.hc.client5.http.wire -- http-outgoing-5 << "Pg[0xffffffe2][0xffffffbc]0[0xffffffd7].'[0xffffffd7]F[0x14][0x19][0xffffffd7]* [0x19][0xffffffd7]F,[0xfffffff3]][0xffffffbb][0xffffffc3][0xffffff99][0xffffffed][0xffffffda][0x1d][0xffffffd1][0xffffffdf][0xffffffee][0xffffffda][0xffffffda]~[0xffffffa9][0xffffffc1][0xffffffb5][0xffffffc7]:[0x1b][0xffffffe4][0xffffffda][0xffffffb7][0xfffffff3][0xffffffb0]"
08:17:55.076 [TestNG-PoolService-1] DEBUG org.apache.hc.client5.http.wire -- http-outgoing-3 << "Pg[0xffffffe2][0xffffffbc]0[0xffffffd7].'[0xffffffd7]F[0x14][0x19][0xffffffd7]* [0x19][0xffffffd7]F,[0xfffffff3]][0xffffffbb][0xffffffc3][0xffffff99][0xffffffed][0xffffffda][0x1d][0xffffffd1][0xffffffdf][0xffffffee][0xffffffda][0xffffffda]~[0xffffffa9][0xffffffc1][0xffffffb5][0xffffffc7]:[0x1b][0xffffffe4][0xffffffda][0xffffffb7][0xfffffff3][0xffffffb0][0xffffffae]}[0xffffff9c][0x0]v[0xffffffed][0xfffffff7]3 [0xffffffae]}<[0x1d]q[0xffffffed][0xffffffb7]'[[0xffffffb8]V[0xffffffa0][0xffffff88][0xffffffb8]V[0x2][0xffffff89][0xffffffb8]V`[0xffffff99][0xffffffee][0xffffffda][0x0]g[0xffffffb2]k[0x3][0xffffffa2]/[0xffffffb8]V[0xfffffffd]6V[0xfffffffa]9([0xffffffd7][0xffffffe2][0xffffffbf][0xffffff8d]U[0xffffff83][0xffffffdf][0xffffffc6]j[0xfffffffc][0x11]"[0x13]g[0xffffffec][0xffffffb7][0xffffffb1][0xffffffba][0xffffffff][0xfffffff0][0xffffff80][0xffffffba][0xffffffd6][0xffffffe4][0xffffffb7]1[0x9]$[0xffffffe3]Z[0xffffff83][0xffffffdf][0xffffffc6][0x2][0xffffff9c][0xffffffd9][0xffffffae][0xffffffbd][0xfffffffe][0xffffffdb]X][0xffffffc2][0xffffffb5][0xffffffb5][0xffffffdf][0xffffffa8][0xffffffdd]3o[0xffffffe7][0xffffff81]][0xffffffbb][0x4][0xffffffda][0xffffffd9]P[0xffffffaf][0x0]u&[0xffffffce][0xb]s[0xffffffed]rrmD[0xffffff91]q[0xffffffad][0x2][0xffffff92]qm[0xffffffc4]2[0xffffffdf][0xffffffb5];[0xffffff9c][0xffffffd9][0xffffffae][0xffffffdd][0x11][0xfffffffd][0xffffffed][0xffffffae]m[0xfffffff1][0xffffffdb][0xffffff8e]w[0xffffffd7][0xffffff8e]A[0xffffffbd][0xffffffaf]m[0xfffffff8][0xffffffb7][0x1d][0xffffff9b][0xffffffc1][0xffffffb7][0x1d][[0xfffffffc][0xffffff88]^"[0xffffffce][\r][0xfffffffb][0xffffffb6]c[0xffffffdb]?[0xffffff9c]G[0xffffffba]V[0xffffffa0][0xffffff88][0xffffffb8]V[0x2][0xffffff89][0xffffffb8]V`[0xffffff99][0xffffffee][0xffffffda][0x0]g[0xffffffb2]k[0x3][0xffffffa2]/[0xffffffb8]6~[0xffffffdb][0xfffffff1][0xffffffee][0xffffffda][0xfffffff3][0xffffffa0]ft[0x1b][0xfffffffe]m[0xffffffc7]f[0xfffffff0]m[0xffffffc7][0x16]?[0xffffffa2][0xffffff97][0xffffff89]3[0xfffffff6]m[0xffffffc7][0xffffffb6][0x7f]8[0xf]u[0xffffffad][0xffffffc9][0xffffffb7][0x1d]%[0xffffff90][0xffffff8c]k[\r][0xffffffbe][0xffffffed][0x18][0xffffffe0][0xffffffcc]v[0xffffffed][0xfffffff5]o;[0xffffffb6][0xffffffb8][0xf][0xffffffe1][0xffffffcd][0xffffffb5][0xffffff9d][0xffffff9a]eh[0xfffffff8]>[0xffffff84]f[0xffffffb0][0xf][0xffffffa1][0xffffffc5][0xffffffc1][0xfffffff3]L[0xffffff9c][0xffffffb1]}[0x8]m[0x1f]6G]k[0xffffffb2][0xf]A[0x2][0xffffffc9][0xffffffb8][0xffffffd6]`[0x1f]B[0xffffff80]3[0xffffffdb][0xffffffb5][0xffffffd7][0xfffffff7]!45[0xffffffa3][[0xffffffe7][0xffffffa0][0xfffffff6]|5|F[0xffffffb7][0x19][0xffffffcc][0xffffffe8][0xffffffb6]8[0xc][0xffffff99][0xffffff89]36[0xffffffa3][0xffffffdb][0xfffffff6][0x1]H[0xffffffd4][0xffffffb5]&3[0xffffffba][0x12]H[0xffffffc6][0xffffffb5][0x6]3[0xffffffba][0x1][0xffffffce]l[0xffffffd7]^[0xffffff9f][0xffffffd1]m[0xfffffff1]{c[0xffffffe5][0xffffffee][0xffffffee]J[0xffffffcd][0xffffff8d]5[0xfffffffc]{c[0xffffffcd][0xffffffe0]{c-~[0xffffffd8])[0x13]g[0xffffffec]{cm[0xffffffff][0xffffff98][0x13][0xffffffea]Z[0xffffff93][0xffffffef][0xffffff8d]I [0x19][0xffffffd7][0x1a]|o,[0xffffffc0][0xffffff99][0xffffffed][0xffffffda][0xffffffeb][0xffffffdf][0x1b][0xffffffbb][0xffffffff][0xffffffe9]0s[0xffffffed][0xffffffc0]];[0xc]\;P[0xffffffd7][0xe][0xffffffcc][0xffffffb5][0xffffffc3][0xffffffc9][0xffffffb5];[0xffffff8a][0xffffff94]k#[0xffffff90][0xffffff94]kw,[0x9][0xffffffd7][0xe][0xffffffd8][0xffffffb5][0xffffffe3][0xffffffba]k[0xffffff97][0xffffff99]k[0x17][0xffffffee][0xffffffda]e[0xffffffe0][0xffffffda][0xffffff85][0xffffffba]va[0xffffffae]]N[0xffffffae][0xffffffdd]Q[0xffffffa4]\[0x1b][0xffffff81][0xffffffa4]\[0xffffffbb]cI[0xffffffb8]v[0xffffffc1][0xffffffae]][0xffffffd7]][[0xe]3[0xffffffd9][0xffffff96][0x3][0xffffffb7][0xffffffed][0xfffffffd][0x8][0xffffffbc]n?[0xe]A[0xfffffff9][0xfffffff6][0xfffffffe]xJ[0xffffffb8][0xffffffef][0xffffff8f]v1n[0xffffffe0][0xffffff91]R[0xffffffae][0xffffffa0][0xffffff92]rn`[0xffffff93][0xffffff90][0xffffffee]Fh[0xffffffbe]u7N_[0xffffffd2]nwk[0xffffffdc][0xffffffce]Gnw[0xffffffa8][0xffffffdc][0xffffffce]fn[0xffffffe7]:[0xffffffb7][[0xffffff85]n[0xffffffe0][0xffffff91][0xffffffd2][0xffffffae][0xffffffa0][0xffffff92][0xffffffd2]n`[0xffffff93][0xffffffd0]n[0xffffffa7]c[0xffffffb7][0xffffffff]D[0xffffffed][0x1e][0xffffffb7]n[0xffffffe6][0xffffffdd][0xfffffffb][0xffffff89]p[0xfffffff1][0xffffffbe][0xffffff9d][0xffffff81]7[0xffffffef][0xffffffb7]SP[0xffffffea]}{>[0xffffffe5][0xffffffde][0xffffff8f]g[0xffffffbb][0xffffffc8]7BI[0xffffffd9]W[0xffffffa1]I[0xffffffe9]7[0x2]J[0xfffffff8]w[0xffffffc7]4_[0xffffffc0];[0xffffffac][0xffffffbf][0xffffffc1][0xffffffc0][0xffffffe5][0xfffffff6][0xfffffffe][0xffffffc7]jwB[G[0xfffffffa][0xffffffee][0xffffff84]/[0xffffffe7][0xffffff81][0xffffffec][0xfffffffb][0xfffffff5][0x4][0xffffff94]{[0xfffffff7]3[0xffffffe4][0xffffff9a][0xfffffff7][0xffffffeb][0xffffffd3]s[0xffffffbd][0xffffffbb]=[0xffffff99][0xffffffb5][0xffffffee]s[0x14]s[0xffffff9d][0xfffffffb]# s[0xffffff8d][0xfffffffb][0x1c][0xffffffcb]<[0xffffffdf]>[0xffffff83]3[0xffffffcb][0xffffffb6][0xffffffcf][0x10]}[0xffffffc1][0xffffffb5]j[0xffffffd7]m[0xffffffef]+}w[0xffffffc2][0xffffff97][0xfffffff3][0xffffffc0][0xffffffae]%w[0xffffffdd][0xffffffee]g`\[0xffffff9b][0xffffffbf][0xffffffeb]v{[0xffffffb2][0xffffff87]k[0xffffffe9]][0xffffffb7]?[0x2][0xffffff92]q-[0xffffffb9][0xffffffeb][0xfffffff6][0x19][0xffffff9c][0xffffffd9][0xffffffae][0xffffffbd][0xffffffb0][0xffffffeb][0xfffffff6][0xffffffdb][0xffffff9f].[0xffffffe5][0xffffffda]yK[0xffffff9f]{[0xfffffff8]r[0x1e][0xffffffd8][0xffffffb5][0xffffffcb][0xffffffc0][0xffffffb5]+@[0xffffff9d][0xffffff89][0xfffffff3][0xffffffc2]\[0xffffffbb][0xffffff9c]\[0x1b]Qd\[0xffffffab][0xffffff80]d\[0x1b][0xffffffb1][0xffffffcc]w[0xffffffed][0xe]g[0xffffffb6]kwD[0x7f][0xffffffbb]k[0xfffffffb]M[0xffffffb8]v[0x1c]#}w[0xffffffc2][0xffffff97][0xfffffff3][0xffffffb0][0xffffffae]}[0xffffff9c][0x0]v[0xffffffed][0xfffffff7]3 [0xffffffae]}<[0x1d]q[0xffffffed][0xffffffb7]'[[0xffffffb8]V[0xffffffa0][0xffffff88][0xffffffb8]V[0x2][0xffffff89][0xffffffb8]V`[0xffffff99][0xffffffee][0xffffffda][0x0]g[0xffffffb2]k[0x3][0xffffffa2]/[0xffffffb8]V[0xffffffed][0xffffffa9][0x19][0xffffffb5][0xffffffa5][0xffffffef][0x4][0xfffffffb]r[0x1e][0xffffffd8][0xffffffb5][0xffffffe4][0xffffff9e][0xffffff9a][0xfffffffd][0xc][0xffffff8c]k[0xfffffff3][0xfffffff7][0xffffffd4]lO[0xfffffff6]p-[0xffffffbd][0xffffffa7][0xffffffe6]G@2[0xffffffae]%[0xfffffff7][0xffffffd4]<[0xffffff83]3[0xffffffdb][0xffffffb5][0x17][0xfffffff6][0xffffffd4]|[0xfffffffe]i1sm[0xffffffc1]][[0xc]\[P[0xffffffd7][0x16][0xffffffcc][0xffffffb5][0xffffffc5][0xffffffc9][0xffffffb5];[0xffffff8a][0xffffff94]k#[0xffffff90][0xffffff94]kw,[0x9][0xffffffd7][0x16][0xffffffd8][0xffffffb5][0xffffffe5][0xffffffaa]k[0xffffffd5][0xffffffee][0xffffff84]1g[0xfffffffa]N[0xffffffb0]/[0xffffffe7][0xffffff81]]K[0xffffffee]N[0xffffffd8][0xffffffcf][0xffffffc0][0xffffffb8]6[0x7f]w[0xffffffc2][0xfffffff6]d[0xf][0xffffffd7][0xffffffd2][0xffffffbb][0x13]~[0x4]$[0xffffffe3]Zrw[0xffffffc2]38[0xffffffb3]]{aw[0xffffffc2][0xffffffb7]?U[0xffffffdf]7?o[0xffffffbd]Q[0xffffffae][0xffffffe5][0xffffffbe]o[0xfffffffe][0xfffffff5][0x4][0xffffffb4]k[0xffffff99][0xffffffef][0xffffff9b][0x7f]}:[0xffffffe3]Z[0xffffff8b][0xffffffef][0xffffff9b]?G[0xffffff91]q-[0xffffffff]}[0xfffffff3][0xffffffe7]X[0xffffffe6][0xffffffbb][0xffffff96][0xfffffffa][0xffffffbe][0xfffffff9]3D[0x7f][0xffffffbb]k[0xffffff87]z_;[0xffffff8f]E[0xffffffb9]v[0xffffffe0][0xffffffef]k[0xffffff87][0xffffffc1][0xfffffffb][0xffffffda][0x11]_[0xffffff8c]%[0xffffffe2]<[0xffffffb0][0xfffffff7][0xffffffb5]c[0x7f][0x19]F[0xffffffba]V[0xffffffa0][0xffffff88][0xffffffb8]V[0x2][0xffffff89][0xffffffb8]V`[0xffffff99][0xffffffee][0xffffffda][0x0]g[0xffffffb2]k[0x3][0xffffffa2]/[0xffffffb8][0xffffffb6][0xffffff88][0xfffffff7][0xffffffb5][0xffffffb3][0xf][0xffffffea][0x1d][0xffffffc2][0xffffffdb]y`[0xffffffd7][0x16][0xfffffffe]}[0xffffffed][0xfffffff7]30[0xffffffae]-[0xffffffd4][0xfffffffb][0xffffffda]oO[0xfffffff6]pmD[0xffffff91]q[0xffffffad][0x2][0xffffff92]qm[0xffffffc4]2[0xffffffdf][0xffffffb5];[0xffffff9c][0xffffffd9][0xffffffae][0xffffffdd][0x11]}[0xffffffc1][0xffffffb5][0xffffffea]}[0xffffffed]j7[0xffffffea][0xffffffb7][0xffffffb1][0xffffff81][0xffffffbf][0xffffffaf][0x1d][0x6][0xffffffef]kG|1[0xffffff96][0xffffff89]3[0xfffffff6][0xffffffbe]v[0xffffffec]/[0xffffffc3]P[0xffffffd7][0xffffff9a][0xffffffbc][0xffffffaf][0xffffff95]@2[0xffffffae]5x_[0x1b][0xffffffe0][0xffffffcc]v[0xffffffed][0xfffffff5][0xfffffff7][0xffffffb5]C[0xffffffcd][0xffffffe8][0xffffffae]3[0x7f]G[0xffffffc2][0xffffff97][0xfffffff3][0xffffffc0][0xffffffae]5[0xffffff98][0xffffffd1][0x1d]q[0x18]2[0x13]glFw[0xffffffec][0x3][0xffffff90][0xffffffa8]kMft%[0xffffff90][0xffffff8c]k[\r]ft[0x3][0xffffff9c][0xffffffd9][0xffffffae][0xffffffbd]>[0xffffffa3];[0xffffffd4]ock[0x1e]7[0xffffffca][0xffffffb5][0xfffffff8]oc[0xffffffc3][0xffffffe0][0xffffffb7][0xffffffb1][0x11][0x7f][0xffffff84][0xffffffc8][0xffffffc4][0x19][0xfffffffb]ml[0xffffffec]?<[0xffffffa0][0xffffffae]5[0xfffffff9]mL[0x2][0xffffffc9][0xffffffb8][0xffffffd6][0xffffffe0][0xffffffb7][0xffffffb1][0x0]g[0xffffffb6]k[0x7f][0xffffffe2][0xffffffb7]1[0xffffffb5][0xf]a[0xffffffcd][0xffffffc7][0xffffffe9][0x10][0xffffffd7][0xffffffe2][0xfffffffb][0x10][0xffffff86][0xffffffc1]>[0xffffff84][0x11][0x7][0xffffffcf]3q[0xffffffc6][0xfffffff6]![0xffffff8c]}[0xffffffd8][0x1c]u[0xffffffad][0xffffffc9]>[0x4][0x9]$[0xffffffe3]Z[0xffffff83]}[0x8][0x1][0xffffffce]l[0xffffffd7]^[0xffffffdf][0xffffff87]0[0xffffffd4]>[0xffffff84][0xffffffb5][0xe][0xffffffec][0x1d][0x2][0xffffffbe][0xf]a[0x18][0xffffffec]C[0x18]q[0xfffffff0]<[0x13]gl[0x1f][0xffffffc2][0xffffffd8][0xffffff87][0xffffffcd]Q[0xffffffd7][0xffffff9a][0xffffffec]C[0xffffff90]@2[0xffffffae]5[0xffffffd8][0xffffff87][0x10][0xffffffe0][0xffffffcc]v[0xffffffed][0xfffffff5]}[0x8][0xffffffe7]M[0xffffffba][0xfffffff6][0xffffffa4][0xfffffff6]|[0xffffffbd][0xffffff9d][0xffffff87]u[0xffffffed][0xffffffe3][0x4][0xffffffb0]k[0xffffffbf][0xffffff9f][0x1]q[0xffffffed][0xffffffe3][0xffffffe9][0xffffff88]k[0xffffffbf]=[0xffffffd9][0xffffffc2][0xffffffb5][0x2]E[0xffffffc4][0xffffffb5][0x12]H[0xffffffc4][0xffffffb5][0x2][0xffffffcb]t[0xffffffd7][0x6]8[0xffffff93]][0x1b][0x10]}[0xffffffc1][0xffffffb5][0xffffffe2]~[0xffffffed]q;:[0xffffffb5][0xffffffe7][0xffffffeb][0xffffffc4][0xffffffef][0xffffffd7][0xffffff9e][0x6][0xfffffff7]k[0xffffffcf]x[0xffffff91]1[0x13]g[0xffffffec]~[0xffffffed][0xffffffb9]_^D]kr[0xffffffbf]V[0x2][0xffffffc9][0xffffffb8][0xffffffd6][0xffffffe0]~m[0xffffff80]3[0xffffffdb][0xffffffb5][0xffffffd7][0xffffffef][0xffffffd7][0xffffff9e]E[0xffffffb9][0xffffffb6]OjW[0xfffffff8][0xffffffdb]y`[0xffffffd7][0x16][0x3][0xffffffd7][0xffffff96][0x0]u&[0xffffffce][0x5]smqrmD[0xffffff91]q[0xffffffad][0x2][0xffffff92]qm[0xffffffc4]2[0xffffffdf][0xffffffb5];[0xffffff9c][0xffffffd9][0xffffffae][0xffffffdd][0x11]}[0xffffffc1][0xffffffb5]U[0xffffffb9][0xfffffff6][0xffffffc4]v[0xffffff85][0xffffffbf][0xffffff9d][0x7]vm5pm[\r]Pg[0xffffffe2]\1[0xffffffd7]V'[0xffffffd7]F[0x14][0x19][0xffffffd7]* [0x19][0xffffffd7]F,[0xfffffff3]][0xffffffbb][0xffffffc3][0xffffff99][0xffffffed][0xffffffda][0x1d][0xffffffd1][0x17]\+f[0x19][0xffffff8e][0xffffffa3]q[0xffffffef]k[0xfffffff1]Y[0xffffff86][0xffffffd3]`[0xffffff96][0xffffffe1][0xffffff8c][0xffffff97][0xffffffc6]3q[0xffffffc6]f[0x19][0xffffffce][0xfffffffd][0xffffffa2]8[0xffffffea]Z[0xffffff93]Y[0x6][0x9]$[0xffffffe3]Z[0xffffff83]Y[0xffffff86][0x0]g[0xffffffb6]k[0xffffffaf][0xffffffcf]2[0xffffff9c][0xffffffe2]~[0xffffffed][0xfffffffd][0xffffffbf]wP3[0xffffffba]'~[0xffffffbf][0xfffffff6]4[0xffffffb8]_{[0xffffffc6][0xffffff8b][0xffffff8c][0xffffff99]8c[0xfffffff7]k[0xffffffcf][0xfffffffd][0xfffffff2]"[0xffffffea]Z[0xffffff93][0xfffffffb][0xffffffb5][0x12]H[0xffffffc6][0xffffffb5][0x6][0xfffffff7]k[0x3][0xffffff9c][0xffffffd9][0xffffffae][0xffffffbd]~[0xffffffbf][0xfffffff6][0x14][0xfffffff7]k[0xffffff8f][0xffffffd2][0xffffff8f]F[0xffffffb9][0x16][0xffffffbf]_{[0x1a][0xffffffdc][0xffffffaf]=[0xffffffe3]E[0xffffffc6]L[0xffffff9c][0xffffffb1][0xfffffffb][0xffffffb5][0xffffffe7]~y[0x11]u[0xffffffad][0xffffffc9][0xfffffffd]Z[0x9]$[0xffffffe3]Z[0xffffff83][0xfffffffb][0xffffffb5][0x1][0xffffffce]l[0xffffffd7]^[0xffffffbf]_{[0xffffff8a][0xfffffffb][0xffffffb5]G9[0xffffff8f]N[0xffffffb9][0x16][0xffffffbf]_{[0x1a][0xffffffdc][0xffffffaf]=[0xffffffe3]E[0xffffffc6]L[0xffffff9c][0xffffffb1][0xfffffffb][0xffffffb5][0xffffffe7]~y[0x11]u[0xffffffad][0xffffffc9][0xfffffffd]Z[0x9]$[0xffffffe3]Z[0xffffff83][0xfffffffb][0xffffffb5][0x1][0xffffffce]l[0xffffffd7]^[0xffffffbf]_;o[0xffffffc2][0xffffffb5][0xfffffff5][0xffffffd6][0xffffffa9][0xffffffef][0xffffff8d][0xffffffbd][0xffffff9d][0xffffff87]u[0xffffffed][0xffffffe3][0x4][0xffffffb0]k[0xffffffbf][0xffffff9f][0x1]q[0xffffffed][0xffffffe3][0xffffffe9][0xffffff88]k[0xffffffbf]=[0xffffffd9][0xffffffc2][0xffffffb5][0x2]E[0xffffffc4][0xffffffb5][0x12]H[0xffffffc4][0xffffffb5][0x2][0xffffffcb]t[0xffffffd7][0x6]8[0xffffff93]][0x1b][0x10]}[0xffffffc1][0xffffffb5][0xffffffea]~m[0xffffffbd]-[0xffffffea]~[0xffffffed][0xffffffc4][0xffffffef][0xffffffd7]N[0xffffff83][0xfffffffb][0xffffffb5]3^d[0xffffffcc][0xffffffc4][0x19][0xffffffbb]_;[0xfffffff7][0xffffffcb][0xffffff8b][0xffffffa8]kM[0xffffffee][0xffffffd7]J [0x19][0xffffffd7][0x1a][0xffffffdc][0xffffffaf][\r]pf[0xffffffbb][0xfffffff6][0xfffffffa][0xfffffffd][0xffffffda][0xffffffa9][0xffffffee][0xffffffd7][0xffffffd6]c`[0xffffffae][0xffffffc5][0xffffffef][0xffffffd7]N[0xffffff83][0xfffffffb][0xffffffb5]3^d[0xffffffcc][0xffffffc4][0x19][0xffffffbb]_;[0xfffffff7][0xffffffcb][0xffffff8b][0xffffffa8]kM[0xffffffee][0xffffffd7]J [0x19][0xffffffd7][0x1a][0xffffffdc][0xffffffaf][\r]pf[0xffffffbb][0xfffffff6][0xfffffffa][0xfffffffd][0xffffffda][0xffffffd9][0xffffff94]k[0xffffffcb][0xffffffa0][0xfffffff6]![0xffffffbc][0xffffff9d][0x7]vm3pm[0xb]Pg[0xffffffe2][0xffffffdc]0[0xffffffd7]6'[0xffffffd7]F[0x14][0x19][0xffffffd7]* [0x19][0xffffffd7]F,[0xfffffff3]][0xffffffbb][0xffffffc3][0xffffff99][0xffffffed][0xffffffda][0x1d][0xffffffd1][0x17]\+[0xfffffff6][0xffffffd7][0x1e]uN[0xffffffcc][0xffffffb5][0xfffffff8][0xfffffffe][0xffffffda]i[0xffffffb0][0xffffffbf]v[0xffffffc6]E[0xffffffa1][0xffffff99]8c[0xfffffffb]k[0xffffffe7][0xffffffbe][0x1c][0x14]u[0xffffffad][0xffffffc9][0xfffffffe]Z[0x9]$[0xffffffe3]Z[0xffffff83][0xfffffffd][0xffffffb5][0x1][0xffffffce]l[0xffffffd7]^[0xffffffdf]_;[0xffffffd5][0xfffffffd][0xffffffda]v`[0xfffffff7]k'~[0xffffffbf]v[0x1a][0xffffffdc][0xffffffaf][0xffffff9d][0xfffffff1]"c&[0xffffffce][0xffffffd8][0xfffffffd][0xffffffda][0xffffffb9]_^D]kr[0xffffffbf]V[0x2][0xffffffc9][0xffffffb8][0xffffffd6][0xffffffe0]~m[0xffffff80]3[0xffffffdb][0xffffffb5][0xffffffd7][0xffffffef][0xffffffd7][0xffffffce][0x19][0xffffffbf]7v[0xffffffb4][0xfffffffe]8[0x1d][0xffffffe2][0xffffffda]I[0x7f]o[0xffffffec]q[0x2][0xffffffda][0xffffffb5]3|[0xffffffd8])[0x13][0xffffffe7]I}o[0xffffffec][0xffffffdb][0xffffff93]=\[0x1b]Qd\[0xffffffab][0xffffff80]d\[0x1b][0xffffffb1][0xffffffcc]w[0xffffffed][0xe]g[0xffffffb6]kwD_p[0xffffffad][0xffffffba]_[0xffffffdb]N[0xffffffee][0xffffffb7]1[0xfffffffc]~[0xffffffed]4[0xffffffb8]_;[0xffffffe3]E[0xffffffc6]L[0xffffff9c][0xffffffb1][0xfffffffb][0xffffffb5]s[0xffffffbf][0xffffffbc][0xffffff88][0xffffffba][0xffffffd6][0xffffffe4]~[0xffffffad][0x4][0xffffff92]q[0xffffffad][0xffffffc1][0xfffffffd][0xffffffda][0x0]g[0xffffffb6]k[0x7f][0xffffffe2]~[0xffffffed][0xfffffffa][0xffffffa5][0xffffff9a][0xffffffb9][0xffffffb6][0xffffffe2][0xffffffae][0xffffffad][0x6][0xffffffae][0xffffffad][0xffffffa8]k+[0xffffffe6][0xffffffda][0xffffffea][0xffffffe4][0xffffffda][0x1d]E[0xffffffca][0xffffffb5][0x11]H[0xffffffca][0xffffffb5];[0xffffff96][0xffffff84]k+[0xffffffec][0xffffffda]z[0xffffffd1][0xffffffb5]K[0xffffffdd][0xffffffaf][0xffffffed][0x15]{_[0xffffffbb][0xfffffff0][0xfffffffb][0xffffffb5][0xffffffcb][0xffffffe0]~[0xffffffed][0xffffff8a][0x17][0x19][0x13]q^[0xffffffd8][0xfffffffd][0xffffffda][0xffffffb5]_^$]+PD\+[0xffffff81]D\+[0xffffffb0]Lwm[0xffffff80]3[0xffffffd9][0xffffffb5][0x1][0xffffffd1][0x17]\[0xffffffab][0xffffffee][0xffffffd7][0xffffff8e][0x3][0xffffffbb][0xffffff87][0xffffffb0][0xfffffff0][0xfffffffb][0xffffffb5][0xffffffcb][0xffffffe0]~[0xffffffed][0xffffff8a][0x17][0x19]3q[0xffffffc6][0xffffffee][0xffffffd7][0xffffffae][0xfffffffd][0xfffffff2]"[0xffffffea]Z[0xffffff93][0xfffffffb][0xffffffb5][0x12]H[0xffffffc6][0xffffffb5][0x6][0xfffffff7]k[0x3][0xffffff9c][0xffffffd9][0xffffffae][0xffffffbd]~[0xffffffbf]v[0xffffffa9][0xfffffffd][0xffffffb5][0xffffffa3][0x1f][0xffffffd4]N[0xffffffc5][0xffffff85][0xffffffef][0xffffffaf]][0x6][0xfffffffb]kW\[0x14][0xffffff9a][0xffffff89]3[0xffffffb6][0xffffffbf]v[0xffffffed][0xffffffcb]AQ[0xffffffd7][0xffffff9a][0xffffffec][0xffffffaf][0xffffff95]@2[0xffffffae]5[0xffffffd8]_[0x1b][0xffffffe0][0xffffffcc]v[0xffffffed][0xfffffff5][0xfffffffd][0xffffffb5]K[0xffffffcd]2[0xffffff8c]~[0x1e][0xffffff94]k[0xfffffff1]Y[0xffffff86]e0[0xffffffcb][0xffffffb0][0xffffffe2][0xffffffa5][0xfffffff1]L[0xffffff9c][0xffffffb1]Y[0xffffff86][0xffffffb5]_[0x14]G]k2[0xffffffcb] [0xffffff81]d\k0[0xffffffcb][0x10][0xffffffe0][0xffffffcc]v[0xffffffed][0xfffffff5]Y[0xffffff86][0xffffffa5]v[0xffffff85][0xffffff8f][0xffffff81][0xffffffed][0xfffffff9]Z[0xfffffff8][0xffffffae][0xfffffff0]e[0xffffffb0]+|[0xffffffc5][0xffffffa5][0xffffffcc][0xffffff99]8c[0xffffffbb][0xffffffc2][0xffffffd7][0xffffffbe][0xffffff88][0x19]u[0xffffffad][0xffffffc9][0xffffffae]p[0x9]$[0xffffffe3]Z[0xffffff83]][0xffffffe1][0x1][0xffffffce]l[0xffffffd7]^[0xffffffdf][0x15][0xffffffbe][0xffffffd4][0xffffffdc][0xffffffd8][0x18][0x3][0xfffffffb]m[0xc][0xffffff9f][0x1b][[0x6]sc+[0xe][0xffffffe8]d[0xffffffe2][0xffffff8c][0xffffffcd][0xffffff8d][0xffffffad]}([0x7]u[0xffffffad][0xffffffc9][0xffffffdc][0xffffff98][0x4][0xffffff92]q[0xffffffad][0xffffffc1][0xffffffdc]X[0xffffff80]3[0xffffffdb][0xffffffb5][0xffffffd7][0xffffffe7][0xffffffc6][0xffffff96][0xffffff9a][0x1b][0x1b]g[0xffffffa3][0xffffffbe][0xffffffed][0xffffffb8][0xfffffff0][0xffffffb9][0xffffffb1]e07[0xffffffb6][0xffffffe2][0xffffff80]N&[0xffffffce][0xffffffd8][0xffffffdc][0xffffffd8][0xffffffda][0xffffff87]rP[0xffffffd7][0xffffff9a][0xffffffcc][0xffffff8d]I [0x19][0xffffffd7][0x1a][0xffffffcc][0xffffff8d][0x5]8[0xffffffb3]]{}nl[0xffffffa9][0xffffffef]2[0xffffff8c]u[0xffffffa3][0xfffffff6][0xffffffd7].[0xfffffffc][0xffffffbb][0xc][0xffffffcb][0xffffffe0][0xffffffbb][0xc]+.[0xffffffc0][0xffffffcf][0xffffffc4][0x19][0xfffffffb].[0xffffffc3][0xffffffda][0xffffff97][0xffffffde][0xffffffa3][0xffffffae]5[0xfffffff9].[0xffffff83][0x4][0xffffff92]q[0xffffffad][0xffffffc1]w[0x19][0x2][0xffffff9c][0xffffffd9][0xffffffae][0xfffffffd][\r][0xffffffdf]e[0xfffffff8][0x6][0xffffffea][0xffffffef][0xffffffff][0xfffffff5][0xffffff8f][0x7f][0xfffffff8][0xffffffe7]?[0xffffffff][0xfffffff1]o[0x7f][0xfffffffb][0xfffffffd][0xffffffdf][0xfffffffe][0xfffffff5][0xffffff8f][0x7f][0xfffffffe]3A[0xffffffec]v[0x4][0x7]t[0xfffffff7]#[0xffffffe1][0xc][0xffffffab][0x3]A0[0xffffffef]G[0xffffffc1][0xffffffa8][0x16][0x7][0xfffffff9][0xffffffdf][0xffffffa6][0xffffff84][0x1a][0xffffff8b]<+[0xffffffb6][0xffffffc6]n[0xffffffe1]c[0xffffff91][0xffffffcb]`,r[0xffffffc5][0xfffffff9][0xffffffb3]L[0xffffffc0][0xffffffb1][0xffffffb1][0xffffffc8][0xffffffb5][0xffffffcf][0xffffff9c][0xffffffa1])a2[0x16])[0xffffff81]dR[0xffffffc2]`,2[0xffffffc0][0xffffff99][0xffffff9d][0x12][0xffffffbf]a,[0x12]K[0x9]!O6%[0xffffffa4]K[0xffffffd9][0xffffff94][0x10]j[0xffffffe5]R"[0xffffff98][0xffffff96]J[0xffffff89] [0xffffffde]K)[0x11][0xffffffb7][0xffffffd9][0xffffffb0])[0x1]o[0xffffffb3]y[0xffffff9c][0xffffff80]O[0x9]p[0xffffff9b][0xffffffcd][0xffffffe3][0xffffffe9]TJ[0xfffffff8]l[0xffffffb3][0x11](R)a[0xffffffb2][0xffffffcd]F`I[0xffffffa4][0x4][0xffffffba][0xffffffcd]& [0xffffffea][0xffffff95][0x12]A[0xffffff9e]tJ[0x8][0xffffff97][0xffffffd2])[0x11][0xffffffd4]J[0xffffffa6]DqI[0xffffff89][0xfffffff2]wH[0xffffff89]n[0xffffff96][0x12][0x1d]O[0xffffff89]n[0xffffff90][0x12][0x1d]M[0xffffff89][0xffffff8e][0xffffffa5]DwJ[0xffffff89][0x1d]E*%"[0xffffff90]TJ[0xffffffec]X[0x12])[0xffffffd1][0xffffffe1][0xffffff94][0xffffffe8][0xffffffc6])[0x11][0xffffffe4]I[0xffffffa7][0xffffff84]p)[0xffffff9d][0x12]A[0xffffffad]dJt[0xffffff97][0xffffff94][0xffffffe8][0x7f][0xffffff87][0xffffff94]x[0xffffffec][0xffffffc2]qj[0xffffff89]c[0xffffffe2]1q?[0x2]_[0x13][0x1f][0xffffff87][0xffffffa0]r[0xffffffe2][0xfffffffe]x[0xffffffaa]'[0xffffffde][0x1f][0xffffffed][0x12][0x14][0xffffff81]G[0xffffffaa]([0x4][0xffffff95]TR[0x4]6[0xffffff89][0xffffffa6][0xffffffd8][0x8][0xffffffcd][0xffffff8f][0xffffff8a][0xffffff8d]S[0xffffffaf][0xffffffaa][0xffffff88][0x1a][0xffffffa5][0xffffffb3]BY[0xffffff95][0xffffffee][0xffffff8a](Y2,v[0xffffffe7]re[0xffffffb1]+[0xfffffff8]RZ[0x14][0xffffffb7][0xffffffb4](|Z[0x14][0xffffff87][0xffffffb4](lZ[0x14].-[0xffffff8a]UZ[0x4][0x1e][0xffffffa9][0xffffffb4][0x10]TRi[0x11][0xffffffd8]$[0xffffffd2][0xffffffa2][0xffffffd0]iQ[0xffffff9c][0xffffffd3]"j[0xffffff94]N[0xb]eU:-[0xffffffa2]d[0xffffffc9][0xffffffb4][0xffffffd8][0xffffff9d][0xffffffcb][0xffffffa5][0xffffffc5][0xffffffae][0xffffffe0]KiQ[0xffffffdd]~[0x1][0xffffffa9][0xfffffffc]O [0xffffffd5][0xffffffe1]7[0xffffff90][0xffffffca][0xfffffffe][0x8]R[0xffffffb9]_A[0xffffffaa][0xffffffd5][0xffffffcf] [0xffffff81]G*-[0x4][0xffffff95]TZ[0x4]6[0xffffff89][0xffffffb4][0xffffffa8][0xfffffff4]O![0xffffffd5][0xfffffff9][0xffffffb7][0xffffff90][0xffffffa8]Q:-[0xffffff94]U[0xffffffe9][0xffffffb4][0xffffff88][0xffffff92]%[0xffffffd3]bw.[0xffffff97][0x16][0xffffffbb][0xffffff82]/[0xffffffa5]E[0x1f]fi[0xffffffd1][0x7][0xffffff9e][0x16][0xfffffff7]#[0xfffffff0]i[0xfffffff1]q[0x8]*-[0xffffffee][0xffffff8f][0xffffffa7][0xffffffd2][0xffffffe2][0xfffffffd][0xffffffd1].i[0x11]x[0xffffffa4][0xffffffd2]BPI[0xffffffa5]E`[0xffffff93]H[0xffffff8b][0xffffff8d][0xffffffd0][0xfffffffc][0xffffffb4][0xffffffd8]8[0xfffffff5]J[0xffffff8b][0xffffffa8]Q:-[0xffffff94]U[0xffffffe9][0xffffffb4][0xffffff88][0xffffff92]%[0xffffffd3]bw.[0xffffff97][0x16][0xffffffbb][0xffffff82]/[0xffffffa5][0xffffffc5]p[0x1b][0x1][0x19][0xfffffffc][0xc][0xffffffc8]p[0x18][0x2][0x19][0xffffffec][0x14][0xffffffc8][0xffffffe0][0xffffffc6]@[0xffffff86][0xffffffd5][0x1c]H[0xffffffe0][0xffffff91]J[0xb]A%[0xffffff95][0x16][0xffffff81]M"-[0x6]=[0xb]2[0xffffff9c][0xffffff87]A[0xffffffa2]F[0xffffffe9][0xffffffb4]PV[0xffffffa5][0xffffffd3]"J[0xffffff96]L[0xffffff8b][0xffffffdd][0xffffffb9]\Z[0xffffffec][\n]"
08:17:55.078 [TestNG-PoolService-1] DEBUG org.apache.hc.client5.http.wire -- http-outgoing-3 << "[0xffffffbe][0xffffff94][0x16][0xffffff8f][0xffffffcf][0x11]8[0xffffffa5][0xffffffc5]y[0xffffffe0]iq?[0x2][0xffffff9f][0x16][0x1f][0xffffff87][0xffffffa0][0xffffffd2][0xffffffe2][0xfffffffe]x*-[0xffffffde][0x1f][0xffffffed][0xffffff92][0x16][0xffffff81]G*-[0x4][0xffffff95]TZ[0x4]6[0xffffff89][0xffffffb4][0xffffffd8][0x8][0xffffffcd]O[0xffffff8b][0xffffff8d]S[0xffffffaf][0xffffffb4][0xffffff88][0x1a][0xffffffa5][0xffffffd3]BY[0xffffff95]N[0xffffff8b](Y2-v[0xffffffe7]ri[0xffffffb1]+[0xfffffff8]RZ[0x1c][0xffffffb7]e[0xffffffd6][0x16][0xfffffff7][0x13][0xffffffe1]q[0xfffffff1]v[0x6][0xffffffbe].[0xffffffbe][0xffffff9d][0xffffff82][0xffffffca][0xffffff8b][0xffffffb7][0xffffffe7]S}[0xfffffff1][0xfffffff1]l[0xffffff97][0xffffffc0][0xffffff88]PR[0xffffff85][0xffffffa1][0xffffffd0][0xffffffa4][0x12]#[0x2]J4[0xffffffc6][0xffffff8e]i~d[0xffffffec][0xffffffb0]zU[0xffffff86][0x10]*[0xffffff9d][0x19][0xffffffd2][0xffffffaf]tg[0x8][0xffffffdd][0xffffff92][0xffffffa1][0x11][0xffffffec][0xffffffcb][0xffffff95]F[0xffffff90][0xfffffff1]+[0xffffffa9]q[0xffffffbc][0xfffffffd]S[0xffffff8e][0xffffffdb]Mm[0xffffffdb]\s[0xffffffa5][0xffffff87][0xffffffc6][0xffffffe7]y[0xffffffa8][0xffffffcc][0xfffffff8]r[0x2],2[0xffffffb6]3$'[0xffffffc6][0xffffff97][0xffffffa7]'[0x7][0xffffffc6][0xffffffaf][0xffffff9f][0xc][0xffffffe7][0xffffffc5]S[0x14][0xffffff93][0xffffffe3][0xffffffe2][0x7]@&[0xffffffa7][0xffffffc5]S,[0x13][0xffffffc3][0xffffffe2][0x9][0xffffff9c]iY[0xfffffff1][0x4]Q[0xffffff8b][0xffffffa8]x.O()~[0xffffffe4]R(([0xffffff9e][0xffffffab][0x15][0xffffffc8][0xffffff89]g[0xffffffa6]M[0xffffff8f][0xffffff89]g[0xffffffe2][0xffffffbd][0xffffff90][0x12][0xffffff87]H[0xffffff89]y[0xffffff9c][0xfffffff9][0xffffffdf][0xffffffb6][0xfffffffb]<[0xf][0xffffff9c][0x12][0xffffff87]AJ[0x1c][0xffffff91][0xfffffff7]D[0xffffffc0][0xf],%[0xe][0xffffffa7][0xffffff94][0xffffff88](2)[0xffffffa1][0xffffff80]dR"b[0xffffff99][0xffffff9f][0x12];[0xffffff9c][0xffffffd9])[0xffffffb1]#[0xffffffea][0xffffff94][0x12]B[0xffffff9e]lJH[0xffffff97][0xffffffb2])![0xffffffd4][0xffffffca][0xffffffa5]D0-[0xffffff95][0x12]A[0xffffffbc][0x17]R[0xffffffa2][0xffffffa8][0xffffff94][0xffffffe8]+[0xffffffff][0xffffffd3][0xffffff8d][0xffffff9f][0xffffffe7][0xffffff81]S[0xffffffa2][0x18][0xffffffa4]D[0xffffff89][0xffffffbc]'[0x2]^[0xffffffb0][0xffffff94](N)[0x11]QdRB[0x1][0xffffffc9][0xffffffa4]D[0xffffffc4]2?%v8[0xffffffb3]SbG[0xffffffd4])%[0xffffff84]<[0xffffffd9][0xffffff94][0xffffff90].eSB[0xffffffa8][0xffffff95]K[0xffffff89]`Z*%[0xffffff82]x/[0xffffffa4]DU)q[0xffffffce][0xfffffffc][0xffffff9b][0x14][0xffffff9f][0xffffffe7][0xffffff81]S[0xffffffa2][0x1a][0xffffffa4]D[0xffffff8d][0xffffffbc]'[0x2]^[0xffffffb1][0xffffff94][0xffffffa8]N)[0x11]QdRB[0x1][0xffffffc9][0xffffffa4]D[0xffffffc4]2?%v8[0xffffffb3]SbG[0xffffffd4])%[0xffffff84]<[0xffffffd9][0xffffff94][0xffffff90].eSB[0xffffffa8][0xffffff95]K[0xffffff89]`Z*%[0xffffff82]x/[0xffffffa5]D5K[0xffffff89][0xffffff8a][0xffffffa7]D5H[0xffffff89][0xffffff8a][0xffffffa6]D[0xffffffc5]R[0xffffffa2]:[0xffffffa5][0xffffffc4][0xffffff8e]"[0xffffff95][0x12][0x11]H*%v,[0xffffff89][0xffffff94][0xffffffa8]pJT[0xffffffe3][0xffffff94][0x8][0xfffffff2][0xffffffa4]SB[0xffffffb8][0xffffff94]N[0xffffff89][0xffffffa0]V2%[0xffffffaa]KJ[0xffffffd4][0xffffff9f]N[0xffffff89]&[0xffffffde]J[0xffffffac][0xffffffd2]+[0xffffff95][0x12][\r][0x7f]+[0xffffffd1][0xc][0xffffffde]J[0xffffffb4][0xffffff98][0xffffffce][0xffffff89][0xffffff80]7[0xffffffec][0xffffffad]Dsz+[0x11]QdRB[0x1][0xffffffc9][0xffffffa4]D[0xffffffc4]2?%v8[0xffffffb3]SbG[0xffffffd4])%[0xffffff84]<[0xffffffd9][0xffffff94][0xffffff90].eSB[0xffffffa8][0xffffff95]K[0xffffff89]`Z*%[0xffffff82]x/[0xffffffa4]DW)[0xffffffd1][0xffffffda]A[0xffffffa5]D[0xffffffc7]S[0xffffffa2][0x1b][0xffffffa4]D[0xffffff8f][0xffffffbc]'[0x2][0xffffffde][0xffffffb1][0xffffff94][0xffffffe8]N)[0x11]QdRB[0x1][0xffffffc9][0xffffffa4]D[0xffffffc4]2?%v8[0xffffffb3]SbG[0xffffffd4])%[0xffffff84]<[0xffffffd9][0xffffff94][0xffffff90].eSB[0xffffffa8][0xffffff95]K[0xffffff89]`Z*%[0xffffff82]x/[0xffffffa5]D1K[0x9]lW[0xffffffe6][0xffffff97][0x13][0xfffffff0])[0xffffff81]l[0xffffffca][0xfffffffc][0xfffffff2]t*%[0x1c][0xfffffff6]d>E[0xffffff91]J[0x9]|K[0xffffffe6]S,[0xffffff89][0xffffff94][0xffffff80]vd>A[0xffffffd4]+%\6d[0xfffffffe][0xffffffc8][0xffffffa5]tJ8[0xffffffec][0xffffffc7]|fZ.%~b;[0xffffffe6][0xffffffc7]?c[0xffffffa8][0xffffffb7][0x12][0xffffffb3][0xffffff9d]TJ[0xc][0xfffffffc][0xffffffad][0xffffffc4]0x+1b:'[0x2]>[0xffffffb0][0xffffffb7][0x12][0xffffffc3][0xffffffe9][0xffffffad]DD[0xffffff91]I[0x9][0x5]$[0xffffff93][0x12][0x11][0xffffffcb][0xfffffffc][0xffffff94][0xffffffd8][0xffffffe1][0xffffffcc]N[0xffffff89][0x1d]Q[0xffffffa7][0xffffff94][0x10][0xfffffff2]dSB[0xffffffba][0xffffff94]M[0x9][0xffffffa1]V.%[0xffffff82]i[0xffffffa9][0xffffff94][0x8][0xffffffe2][0xffffffbd][0xffffff90][0x12][0xffffffa7]J[0xffffff89]u`o%N<%N[0xffffff83][0xffffff94]8#[0xffffffef][0xffffff89][0xffffff80][0xffffff9f]XJ[0xffffff9c]N)[0x11]QdRB[0x1][0xffffffc9][0xffffffa4]D[0xffffffc4]2?%v8[0xffffffb3]SbG[0xffffffd4])%[0xffffff84]<[0xffffffd9][0xffffff94][0xffffff90].eSB[0xffffffa8][0xffffff95]K[0xffffff89]`Z*%[0xffffff82]x/[0xffffffa4][0xffffffc4][0xffffff94])1[0xffffffb0]m[0xffffff97][0x13]O[0xffffff89]i[0xffffff90][0x12]3[0xfffffff2][0xffffff9e][0x8][0xfffffff8][0xffffffc4]Rb:[0xffffffa5]DD[0xffffff91]I[0x9][0x5]$[0xffffff93][0x12][0x11][0xffffffcb][0xfffffffc][0xffffff94][0xffffffd8][0xffffffe1][0xffffffcc]N[0xffffff89][0x1d]Q[0xffffffa7][0xffffff94][0x10][0xfffffff2]dSB[0xffffffba][0xffffff94]M[0x9][0xffffffa1]V.%[0xffffff82]i[0xffffffa9][0xffffff94][0x8][0xffffffe2][0xffffffbd][0xffffff90][0x12]+[0xffffffa6]D[0xffffffb9][0xffffffdd][0xffffffb8][0xffffffb7][0x12][0xb]O[0xffffff89]e[0xffffff90][0x12]+[0xfffffff2][0xffffff9e][0x8][0xfffffff8][0xffffffc2]Rb9[0xffffffa5]D"
08:17:55.083 [TestNG-PoolService-2] DEBUG org.apache.hc.client5.http.wire -- http-outgoing-5 << "[0xffffffae]}[0xffffff9c][0x0]v[0xffffffed][0xfffffff7]3 [0xffffffae]}<[0x1d]q[0xffffffed][0xffffffb7]'[[0xffffffb8]V[0xffffffa0][0xffffff88][0xffffffb8]V[0x2][0xffffff89][0xffffffb8]V`[0xffffff99][0xffffffee][0xffffffda][0x0]g[0xffffffb2]k[0x3][0xffffffa2]/[0xffffffb8]V[0xfffffffd]6V[0xfffffffa]9([0xffffffd7][0xffffffe2][0xffffffbf][0xffffff8d]U[0xffffff83][0xffffffdf][0xffffffc6]j[0xfffffffc][0x11]"[0x13]g[0xffffffec][0xffffffb7][0xffffffb1][0xffffffba][0xffffffff][0xfffffff0][0xffffff80][0xffffffba][0xffffffd6][0xffffffe4][0xffffffb7]1[0x9]$[0xffffffe3]Z[0xffffff83][0xffffffdf][0xffffffc6][0x2][0xffffff9c][0xffffffd9][0xffffffae][0xffffffbd][0xfffffffe][0xffffffdb]X][0xffffffc2][0xffffffb5][0xffffffb5][0xffffffdf][0xffffffa8][0xffffffdd]3o[0xffffffe7][0xffffff81]][0xffffffbb][0x4][0xffffffda][0xffffffd9]P[0xffffffaf][0x0]u&[0xffffffce][0xb]s[0xffffffed]rrmD[0xffffff91]q[0xffffffad][0x2][0xffffff92]qm[0xffffffc4]2[0xffffffdf][0xffffffb5];[0xffffff9c][0xffffffd9][0xffffffae][0xffffffdd][0x11][0xfffffffd][0xffffffed][0xffffffae]m[0xfffffff1][0xffffffdb][0xffffff8e]w[0xffffffd7][0xffffff8e]A[0xffffffbd][0xffffffaf]m[0xfffffff8][0xffffffb7][0x1d][0xffffff9b][0xffffffc1][0xffffffb7][0x1d][[0xfffffffc][0xffffff88]^"[0xffffffce][\r][0xfffffffb][0xffffffb6]c[0xffffffdb]?[0xffffff9c]G[0xffffffba]V[0xffffffa0][0xffffff88][0xffffffb8]V[0x2][0xffffff89][0xffffffb8]V`[0xffffff99][0xffffffee][0xffffffda][0x0]g[0xffffffb2]k[0x3][0xffffffa2]/[0xffffffb8]6~[0xffffffdb][0xfffffff1][0xffffffee][0xffffffda][0xfffffff3][0xffffffa0]ft[0x1b][0xfffffffe]m[0xffffffc7]f[0xfffffff0]m[0xffffffc7][0x16]?[0xffffffa2][0xffffff97][0xffffff89]3[0xfffffff6]m[0xffffffc7][0xffffffb6][0x7f]8[0xf]u[0xffffffad][0xffffffc9][0xffffffb7][0x1d]%[0xffffff90][0xffffff8c]k[\r][0xffffffbe][0xffffffed][0x18][0xffffffe0][0xffffffcc]v[0xffffffed][0xfffffff5]o;[0xffffffb6][0xffffffb8][0xf][0xffffffe1][0xffffffcd][0xffffffb5][0xffffff9d][0xffffff9a]eh[0xfffffff8]>[0xffffff84]f[0xffffffb0][0xf][0xffffffa1][0xffffffc5][0xffffffc1][0xfffffff3]L[0xffffff9c][0xffffffb1]}[0x8]m[0x1f]6G]k[0xffffffb2][0xf]A[0x2][0xffffffc9][0xffffffb8][0xffffffd6]`[0x1f]B[0xffffff80]3[0xffffffdb][0xffffffb5][0xffffffd7][0xfffffff7]!45[0xffffffa3][[0xffffffe7][0xffffffa0][0xfffffff6]|5|F[0xffffffb7][0x19][0xffffffcc][0xffffffe8][0xffffffb6]8[0xc][0xffffff99][0xffffff89]36[0xffffffa3][0xffffffdb][0xfffffff6][0x1]H[0xffffffd4][0xffffffb5]&3[0xffffffba][0x12]H[0xffffffc6][0xffffffb5][0x6]3[0xffffffba][0x1][0xffffffce]l[0xffffffd7]^[0xffffff9f][0xffffffd1]m[0xfffffff1]{c[0xffffffe5][0xffffffee][0xffffffee]J[0xffffffcd][0xffffff8d]5[0xfffffffc]{c[0xffffffcd][0xffffffe0]{c-~[0xffffffd8])[0x13]g[0xffffffec]{cm[0xffffffff][0xffffff98][0x13][0xffffffea]Z[0xffffff93][0xffffffef][0xffffff8d]I [0x19][0xffffffd7][0x1a]|o,[0xffffffc0][0xffffff99][0xffffffed][0xffffffda][0xffffffeb][0xffffffdf][0x1b][0xffffffbb][0xffffffff][0xffffffe9]0s[0xffffffed][0xffffffc0]];[0xc]\;P[0xffffffd7][0xe][0xffffffcc][0xffffffb5][0xffffffc3][0xffffffc9][0xffffffb5];[0xffffff8a][0xffffff94]k#[0xffffff90][0xffffff94]kw,[0x9][0xffffffd7][0xe][0xffffffd8][0xffffffb5][0xffffffe3][0xffffffba]k[0xffffff97][0xffffff99]k[0x17][0xffffffee][0xffffffda]e[0xffffffe0][0xffffffda][0xffffff85][0xffffffba]va[0xffffffae]]N[0xffffffae][0xffffffdd]Q[0xffffffa4]\[0x1b][0xffffff81][0xffffffa4]\[0xffffffbb]cI[0xffffffb8]v[0xffffffc1][0xffffffae]][0xffffffd7]][[0xe]3[0xffffffd9][0xffffff96][0x3][0xffffffb7][0xffffffed][0xfffffffd][0x8][0xffffffbc]n?[0xe]A[0xfffffff9][0xfffffff6][0xfffffffe]xJ[0xffffffb8][0xffffffef][0xffffff8f]v1n[0xffffffe0][0xffffff91]R[0xffffffae][0xffffffa0][0xffffff92]rn`[0xffffff93][0xffffff90][0xffffffee]Fh[0xffffffbe]u7N_[0xffffffd2]nwk[0xffffffdc][0xffffffce]Gnw[0xffffffa8][0xffffffdc][0xffffffce]fn[0xffffffe7]:[0xffffffb7][[0xffffff85]n[0xffffffe0][0xffffff91][0xffffffd2][0xffffffae][0xffffffa0][0xffffff92][0xffffffd2]n`[0xffffff93][0xffffffd0]n[0xffffffa7]c[0xffffffb7][0xffffffff]D[0xffffffed][0x1e][0xffffffb7]n[0xffffffe6][0xffffffdd][0xfffffffb][0xffffff89]p[0xfffffff1][0xffffffbe][0xffffff9d][0xffffff81]7[0xffffffef][0xffffffb7]SP[0xffffffea]}{>[0xffffffe5][0xffffffde][0xffffff8f]g[0xffffffbb][0xffffffc8]7BI[0xffffffd9]W[0xffffffa1]I[0xffffffe9]7[0x2]J[0xfffffff8]w[0xffffffc7]4_[0xffffffc0];[0xffffffac][0xffffffbf][0xffffffc1][0xffffffc0][0xffffffe5][0xfffffff6][0xfffffffe][0xffffffc7]jwB[G[0xfffffffa][0xffffffee][0xffffff84]/[0xffffffe7][0xffffff81][0xffffffec][0xfffffffb][0xfffffff5][0x4][0xffffff94]{[0xfffffff7]3[0xffffffe4][0xffffff9a][0xfffffff7][0xffffffeb][0xffffffd3]s[0xffffffbd][0xffffffbb]=[0xffffff99][0xffffffb5][0xffffffee]s[0x14]s[0xffffff9d][0xfffffffb]# s[0xffffff8d][0xfffffffb][0x1c][0xffffffcb]<[0xffffffdf]>[0xffffff83]3[0xffffffcb][0xffffffb6][0xffffffcf][0x10]}[0xffffffc1][0xffffffb5]j[0xffffffd7]m[0xffffffef]+}w[0xffffffc2][0xffffff97][0xfffffff3][0xffffffc0][0xffffffae]%w[0xffffffdd][0xffffffee]g`\[0xffffff9b][0xffffffbf][0xffffffeb]v{[0xffffffb2][0xffffff87]k[0xffffffe9]][0xffffffb7]?[0x2][0xffffff92]q-[0xffffffb9][0xffffffeb][0xfffffff6][0x19][0xffffff9c][0xffffffd9][0xffffffae][0xffffffbd][0xffffffb0][0xffffffeb][0xfffffff6][0xffffffdb][0xffffff9f].[0xffffffe5][0xffffffda]yK[0xffffff9f]{[0xfffffff8]r[0x1e][0xffffffd8][0xffffffb5][0xffffffcb][0xffffffc0][0xffffffb5]+@[0xffffff9d][0xffffff89][0xfffffff3][0xffffffc2]\[0xffffffbb][0xffffff9c]\[0x1b]Qd\[0xffffffab][0xffffff80]d\[0x1b][0xffffffb1][0xffffffcc]w[0xffffffed][0xe]g[0xffffffb6]kwD[0x7f][0xffffffbb]k[0xfffffffb]M[0xffffffb8]v[0x1c]#}w[0xffffffc2][0xffffff97][0xfffffff3][0xffffffb0][0xffffffae]}[0xffffff9c][0x0]v[0xffffffed][0xfffffff7]3 [0xffffffae]}<[0x1d]q[0xffffffed][0xffffffb7]'[[0xffffffb8]V[0xffffffa0][0xffffff88][0xffffffb8]V[0x2][0xffffff89][0xffffffb8]V`[0xffffff99][0xffffffee][0xffffffda][0x0]g[0xffffffb2]k[0x3][0xffffffa2]/[0xffffffb8]V[0xffffffed][0xffffffa9][0x19][0xffffffb5][0xffffffa5][0xffffffef][0x4][0xfffffffb]r[0x1e][0xffffffd8][0xffffffb5][0xffffffe4][0xffffff9e][0xffffff9a][0xfffffffd][0xc][0xffffff8c]k[0xfffffff3][0xfffffff7][0xffffffd4]lO[0xfffffff6]p-[0xffffffbd][0xffffffa7][0xffffffe6]G@2[0xffffffae]%[0xfffffff7][0xffffffd4]<[0xffffff83]3[0xffffffdb][0xffffffb5][0x17][0xfffffff6][0xffffffd4]|[0xfffffffe]i1sm[0xffffffc1]][[0xc]\[P[0xffffffd7][0x16][0xffffffcc][0xffffffb5][0xffffffc5][0xffffffc9][0xffffffb5];[0xffffff8a][0xffffff94]k#[0xffffff90][0xffffff94]kw,[0x9][0xffffffd7][0x16][0xffffffd8][0xffffffb5][0xffffffe5][0xffffffaa]k[0xffffffd5][0xffffffee][0xffffff84]1g[0xfffffffa]N[0xffffffb0]/[0xffffffe7][0xffffff81]]K[0xffffffee]N[0xffffffd8][0xffffffcf][0xffffffc0][0xffffffb8]6[0x7f]w[0xffffffc2][0xfffffff6]d[0xf][0xffffffd7][0xffffffd2][0xffffffbb][0x13]~[0x4]$[0xffffffe3]Zrw[0xffffffc2]38[0xffffffb3]]{aw[0xffffffc2][0xffffffb7]?U[0xffffffdf]7?o[0xffffffbd]Q[0xffffffae][0xffffffe5][0xffffffbe]o[0xfffffffe][0xfffffff5][0x4][0xffffffb4]k[0xffffff99][0xffffffef][0xffffff9b][0x7f]}:[0xffffffe3]Z[0xffffff8b][0xffffffef][0xffffff9b]?G[0xffffff91]q-[0xffffffff]}[0xfffffff3][0xffffffe7]X[0xffffffe6][0xffffffbb][0xffffff96][0xfffffffa][0xffffffbe][0xfffffff9]3D[0x7f][0xffffffbb]k[0xffffff87]z_;[0xffffff8f]E[0xffffffb9]v[0xffffffe0][0xffffffef]k[0xffffff87][0xffffffc1][0xfffffffb][0xffffffda][0x11]_[0xffffff8c]%[0xffffffe2]<[0xffffffb0][0xfffffff7][0xffffffb5]c[0x7f][0x19]F[0xffffffba]V[0xffffffa0][0xffffff88][0xffffffb8]V[0x2][0xffffff89][0xffffffb8]V`[0xffffff99][0xffffffee][0xffffffda][0x0]g[0xffffffb2]k[0x3][0xffffffa2]/[0xffffffb8][0xffffffb6][0xffffff88][0xfffffff7][0xffffffb5][0xffffffb3][0xf][0xffffffea][0x1d][0xffffffc2][0xffffffdb]y`[0xffffffd7][0x16][0xfffffffe]}[0xffffffed][0xfffffff7]30[0xffffffae]-[0xffffffd4][0xfffffffb][0xffffffda]oO[0xfffffff6]pmD[0xffffff91]q[0xffffffad][0x2][0xffffff92]qm[0xffffffc4]2[0xffffffdf][0xffffffb5];[0xffffff9c][0xffffffd9][0xffffffae][0xffffffdd][0x11]}[0xffffffc1][0xffffffb5][0xffffffea]}[0xffffffed]j7[0xffffffea][0xffffffb7][0xffffffb1][0xffffff81][0xffffffbf][0xffffffaf][0x1d][0x6][0xffffffef]kG|1[0xffffff96][0xffffff89]3[0xfffffff6][0xffffffbe]v[0xffffffec]/[0xffffffc3]P[0xffffffd7][0xffffff9a][0xffffffbc][0xffffffaf][0xffffff95]@2[0xffffffae]5x_[0x1b][0xffffffe0][0xffffffcc]v[0xffffffed][0xfffffff5][0xfffffff7][0xffffffb5]C[0xffffffcd][0xffffffe8][0xffffffae]3[0x7f]G[0xffffffc2][0xffffff97][0xfffffff3][0xffffffc0][0xffffffae]5[0xffffff98][0xffffffd1][0x1d]q[0x18]2[0x13]glFw[0xffffffec][0x3][0xffffff90][0xffffffa8]kMft%[0xffffff90][0xffffff8c]k[\r]ft[0x3][0xffffff9c][0xffffffd9][0xffffffae][0xffffffbd]>[0xffffffa3];[0xffffffd4]ock[0x1e]7[0xffffffca][0xffffffb5][0xfffffff8]oc[0xffffffc3][0xffffffe0][0xffffffb7][0xffffffb1][0x11][0x7f][0xffffff84][0xffffffc8][0xffffffc4][0x19][0xfffffffb]ml[0xffffffec]?<[0xffffffa0][0xffffffae]5[0xfffffff9]mL[0x2][0xffffffc9][0xffffffb8][0xffffffd6][0xffffffe0][0xffffffb7][0xffffffb1][0x0]g[0xffffffb6]k[0x7f][0xffffffe2][0xffffffb7]1[0xffffffb5][0xf]a[0xffffffcd][0xffffffc7][0xffffffe9][0x10][0xffffffd7][0xffffffe2][0xfffffffb][0x10][0xffffff86][0xffffffc1]>[0xffffff84][0x11][0x7][0xffffffcf]3q[0xffffffc6][0xfffffff6]![0xffffff8c]}[0xffffffd8][0x1c]u[0xffffffad][0xffffffc9]>[0x4][0x9]$[0xffffffe3]Z[0xffffff83]}[0x8][0x1][0xffffffce]l[0xffffffd7]^[0xffffffdf][0xffffff87]0[0xffffffd4]>[0xffffff84][0xffffffb5][0xe][0xffffffec][0x1d][0x2][0xffffffbe][0xf]a[0x18][0xffffffec]C[0x18]q[0xfffffff0]<[0x13]gl[0x1f][0xffffffc2][0xffffffd8][0xffffff87][0xffffffcd]Q[0xffffffd7][0xffffff9a][0xffffffec]C[0xffffff90]@2[0xffffffae]5[0xffffffd8][0xffffff87][0x10][0xffffffe0][0xffffffcc]v[0xffffffed][0xfffffff5]}[0x8][0xffffffe7]M[0xffffffba][0xfffffff6][0xffffffa4][0xfffffff6]|[0xffffffbd][0xffffff9d][0xffffff87]u[0xffffffed][0xffffffe3][0x4][0xffffffb0]k[0xffffffbf][0xffffff9f][0x1]q[0xffffffed][0xffffffe3][0xffffffe9][0xffffff88]k[0xffffffbf]=[0xffffffd9][0xffffffc2][0xffffffb5][0x2]E[0xffffffc4][0xffffffb5][0x12]H[0xffffffc4][0xffffffb5][0x2][0xffffffcb]t[0xffffffd7][0x6]8[0xffffff93]][0x1b][0x10]}[0xffffffc1][0xffffffb5][0xffffffe2]~[0xffffffed]q;:[0xffffffb5][0xffffffe7][0xffffffeb][0xffffffc4][0xffffffef][0xffffffd7][0xffffff9e]"
08:17:55.085 [TestNG-PoolService-2] DEBUG org.apache.hc.client5.http.wire -- http-outgoing-5 << "[0x6][0xfffffff7]k[0xffffffcf]x[0xffffff91]1[0x13]g[0xffffffec]~[0xffffffed][0xffffffb9]_^D]kr[0xffffffbf]V[0x2][0xffffffc9][0xffffffb8][0xffffffd6][0xffffffe0]~m[0xffffff80]3[0xffffffdb][0xffffffb5][0xffffffd7][0xffffffef][0xffffffd7][0xffffff9e]E[0xffffffb9][0xffffffb6]OjW[0xfffffff8][0xffffffdb]y`[0xffffffd7][0x16][0x3][0xffffffd7][0xffffff96][0x0]u&[0xffffffce][0x5]smqrmD[0xffffff91]q[0xffffffad][0x2][0xffffff92]qm[0xffffffc4]2[0xffffffdf][0xffffffb5];[0xffffff9c][0xffffffd9][0xffffffae][0xffffffdd][0x11]}[0xffffffc1][0xffffffb5]U[0xffffffb9][0xfffffff6][0xffffffc4]v[0xffffff85][0xffffffbf][0xffffff9d][0x7]vm5pm[\r]Pg[0xffffffe2]\1[0xffffffd7]V'[0xffffffd7]F[0x14][0x19][0xffffffd7]* [0x19][0xffffffd7]F,[0xfffffff3]][0xffffffbb][0xffffffc3][0xffffff99][0xffffffed][0xffffffda][0x1d][0xffffffd1][0x17]\+f[0x19][0xffffff8e][0xffffffa3]q[0xffffffef]k[0xfffffff1]Y[0xffffff86][0xffffffd3]`[0xffffff96][0xffffffe1][0xffffff8c][0xffffff97][0xffffffc6]3q[0xffffffc6]f[0x19][0xffffffce][0xfffffffd][0xffffffa2]8[0xffffffea]Z[0xffffff93]Y[0x6][0x9]$[0xffffffe3]Z[0xffffff83]Y[0xffffff86][0x0]g[0xffffffb6]k[0xffffffaf][0xffffffcf]2[0xffffff9c][0xffffffe2]~[0xffffffed][0xfffffffd][0xffffffbf]wP3[0xffffffba]'~[0xffffffbf][0xfffffff6]4[0xffffffb8]_{[0xffffffc6][0xffffff8b][0xffffff8c][0xffffff99]8c[0xfffffff7]k[0xffffffcf][0xfffffffd][0xfffffff2]"[0xffffffea]Z[0xffffff93][0xfffffffb][0xffffffb5][0x12]H[0xffffffc6][0xffffffb5][0x6][0xfffffff7]k[0x3][0xffffff9c][0xffffffd9][0xffffffae][0xffffffbd]~[0xffffffbf][0xfffffff6][0x14][0xfffffff7]k[0xffffff8f][0xffffffd2][0xffffff8f]F[0xffffffb9][0x16][0xffffffbf]_{[0x1a][0xffffffdc][0xffffffaf]=[0xffffffe3]E[0xffffffc6]L[0xffffff9c][0xffffffb1][0xfffffffb][0xffffffb5][0xffffffe7]~y[0x11]u[0xffffffad][0xffffffc9][0xfffffffd]Z[0x9]$[0xffffffe3]Z[0xffffff83][0xfffffffb][0xffffffb5][0x1][0xffffffce]l[0xffffffd7]^[0xffffffbf]_{[0xffffff8a][0xfffffffb][0xffffffb5]G9[0xffffff8f]N[0xffffffb9][0x16][0xffffffbf]_{[0x1a][0xffffffdc][0xffffffaf]=[0xffffffe3]E[0xffffffc6]L[0xffffff9c][0xffffffb1][0xfffffffb][0xffffffb5][0xffffffe7]~y[0x11]u[0xffffffad][0xffffffc9][0xfffffffd]Z[0x9]$[0xffffffe3]Z[0xffffff83][0xfffffffb][0xffffffb5][0x1][0xffffffce]l[0xffffffd7]^[0xffffffbf]_;o[0xffffffc2][0xffffffb5][0xfffffff5][0xffffffd6][0xffffffa9][0xffffffef][0xffffff8d][0xffffffbd][0xffffff9d][0xffffff87]u[0xffffffed][0xffffffe3][0x4][0xffffffb0]k[0xffffffbf][0xffffff9f][0x1]q[0xffffffed][0xffffffe3][0xffffffe9][0xffffff88]k[0xffffffbf]=[0xffffffd9][0xffffffc2][0xffffffb5][0x2]E[0xffffffc4][0xffffffb5][0x12]H[0xffffffc4][0xffffffb5][0x2][0xffffffcb]t[0xffffffd7][0x6]8[0xffffff93]][0x1b][0x10]}[0xffffffc1][0xffffffb5][0xffffffea]~m[0xffffffbd]-[0xffffffea]~[0xffffffed][0xffffffc4][0xffffffef][0xffffffd7]N[0xffffff83][0xfffffffb][0xffffffb5]3^d[0xffffffcc][0xffffffc4][0x19][0xffffffbb]_;[0xfffffff7][0xffffffcb][0xffffff8b][0xffffffa8]kM[0xffffffee][0xffffffd7]J [0x19][0xffffffd7][0x1a][0xffffffdc][0xffffffaf][\r]pf[0xffffffbb][0xfffffff6][0xfffffffa][0xfffffffd][0xffffffda][0xffffffa9][0xffffffee][0xffffffd7][0xffffffd6]c`[0xffffffae][0xffffffc5][0xffffffef][0xffffffd7]N[0xffffff83][0xfffffffb][0xffffffb5]3^d[0xffffffcc][0xffffffc4][0x19][0xffffffbb]_;[0xfffffff7][0xffffffcb][0xffffff8b][0xffffffa8]kM[0xffffffee][0xffffffd7]J [0x19][0xffffffd7][0x1a][0xffffffdc][0xffffffaf][\r]pf[0xffffffbb][0xfffffff6][0xfffffffa][0xfffffffd][0xffffffda][0xffffffd9][0xffffff94]k[0xffffffcb][0xffffffa0][0xfffffff6]![0xffffffbc][0xffffff9d][0x7]vm3pm[0xb]Pg[0xffffffe2][0xffffffdc]0[0xffffffd7]6'[0xffffffd7]F[0x14][0x19][0xffffffd7]* [0x19][0xffffffd7]F,[0xfffffff3]][0xffffffbb][0xffffffc3][0xffffff99][0xffffffed][0xffffffda][0x1d][0xffffffd1][0x17]\+[0xfffffff6][0xffffffd7][0x1e]uN[0xffffffcc][0xffffffb5][0xfffffff8][0xfffffffe][0xffffffda]i[0xffffffb0][0xffffffbf]v[0xffffffc6]E[0xffffffa1][0xffffff99]8c[0xfffffffb]k[0xffffffe7][0xffffffbe][0x1c][0x14]u[0xffffffad][0xffffffc9][0xfffffffe]Z[0x9]$[0xffffffe3]Z[0xffffff83][0xfffffffd][0xffffffb5][0x1][0xffffffce]l[0xffffffd7]^[0xffffffdf]_;[0xffffffd5][0xfffffffd][0xffffffda]v`[0xfffffff7]k'~[0xffffffbf]v[0x1a][0xffffffdc][0xffffffaf][0xffffff9d][0xfffffff1]"c&[0xffffffce][0xffffffd8][0xfffffffd][0xffffffda][0xffffffb9]_^D]kr[0xffffffbf]V[0x2][0xffffffc9][0xffffffb8][0xffffffd6][0xffffffe0]~m[0xffffff80]3[0xffffffdb][0xffffffb5][0xffffffd7][0xffffffef][0xffffffd7][0xffffffce][0x19][0xffffffbf]7v[0xffffffb4][0xfffffffe]8[0x1d][0xffffffe2][0xffffffda]I[0x7f]o[0xffffffec]q[0x2][0xffffffda][0xffffffb5]3|[0xffffffd8])[0x13][0xffffffe7]I}o[0xffffffec][0xffffffdb][0xffffff93]=\[0x1b]Qd\[0xffffffab][0xffffff80]d\[0x1b][0xffffffb1][0xffffffcc]w[0xffffffed][0xe]g[0xffffffb6]kwD_p[0xffffffad][0xffffffba]_[0xffffffdb]N[0xffffffee][0xffffffb7]1[0xfffffffc]~[0xffffffed]4[0xffffffb8]_;[0xffffffe3]E[0xffffffc6]L[0xffffff9c][0xffffffb1][0xfffffffb][0xffffffb5]s[0xffffffbf][0xffffffbc][0xffffff88][0xffffffba][0xffffffd6][0xffffffe4]~[0xffffffad][0x4][0xffffff92]q[0xffffffad][0xffffffc1][0xfffffffd][0xffffffda][0x0]g[0xffffffb6]k[0x7f][0xffffffe2]~[0xffffffed][0xfffffffa][0xffffffa5][0xffffff9a][0xffffffb9][0xffffffb6][0xffffffe2][0xffffffae][0xffffffad][0x6][0xffffffae][0xffffffad][0xffffffa8]k+[0xffffffe6][0xffffffda][0xffffffea][0xffffffe4][0xffffffda][0x1d]E[0xffffffca][0xffffffb5][0x11]H[0xffffffca][0xffffffb5];[0xffffff96][0xffffff84]k+[0xffffffec][0xffffffda]z[0xffffffd1][0xffffffb5]K[0xffffffdd][0xffffffaf][0xffffffed][0x15]{_[0xffffffbb][0xfffffff0][0xfffffffb][0xffffffb5][0xffffffcb][0xffffffe0]~[0xffffffed][0xffffff8a][0x17][0x19][0x13]q^[0xffffffd8][0xfffffffd][0xffffffda][0xffffffb5]_^$]+PD\+[0xffffff81]D\+[0xffffffb0]Lwm[0xffffff80]3[0xffffffd9][0xffffffb5][0x1][0xffffffd1][0x17]\[0xffffffab][0xffffffee][0xffffffd7][0xffffff8e][0x3][0xffffffbb][0xffffff87][0xffffffb0][0xfffffff0][0xfffffffb][0xffffffb5][0xffffffcb][0xffffffe0]~[0xffffffed][0xffffff8a][0x17][0x19]3q[0xffffffc6][0xffffffee][0xffffffd7][0xffffffae][0xfffffffd][0xfffffff2]"[0xffffffea]Z[0xffffff93][0xfffffffb][0xffffffb5][0x12]H[0xffffffc6][0xffffffb5][0x6][0xfffffff7]k[0x3][0xffffff9c][0xffffffd9][0xffffffae][0xffffffbd]~[0xffffffbf]v[0xffffffa9][0xfffffffd][0xffffffb5][0xffffffa3][0x1f][0xffffffd4]N[0xffffffc5][0xffffff85][0xffffffef][0xffffffaf]][0x6][0xfffffffb]kW\[0x14][0xffffff9a][0xffffff89]3[0xffffffb6][0xffffffbf]v[0xffffffed][0xffffffcb]AQ[0xffffffd7][0xffffff9a][0xffffffec][0xffffffaf][0xffffff95]@2[0xffffffae]5[0xffffffd8]_[0x1b][0xffffffe0][0xffffffcc]v[0xffffffed][0xfffffff5][0xfffffffd][0xffffffb5]K[0xffffffcd]2[0xffffff8c]~[0x1e][0xffffff94]k[0xfffffff1]Y[0xffffff86]e0[0xffffffcb][0xffffffb0][0xffffffe2][0xffffffa5][0xfffffff1]L[0xffffff9c][0xffffffb1]Y[0xffffff86][0xffffffb5]_[0x14]G]k2[0xffffffcb] [0xffffff81]d\k0[0xffffffcb][0x10][0xffffffe0][0xffffffcc]v[0xffffffed][0xfffffff5]Y[0xffffff86][0xffffffa5]v[0xffffff85][0xffffff8f][0xffffff81][0xffffffed][0xfffffff9]Z[0xfffffff8][0xffffffae][0xfffffff0]e[0xffffffb0]+|[0xffffffc5][0xffffffa5][0xffffffcc][0xffffff99]8c[0xffffffbb][0xffffffc2][0xffffffd7][0xffffffbe][0xffffff88][0x19]u[0xffffffad][0xffffffc9][0xffffffae]p[0x9]$[0xffffffe3]Z[0xffffff83]][0xffffffe1][0x1][0xffffffce]l[0xffffffd7]^[0xffffffdf][0x15][0xffffffbe][0xffffffd4][0xffffffdc][0xffffffd8][0x18][0x3][0xfffffffb]m[0xc][0xffffff9f][0x1b][[0x6]sc+[0xe][0xffffffe8]d[0xffffffe2][0xffffff8c][0xffffffcd][0xffffff8d][0xffffffad]}([0x7]u[0xffffffad][0xffffffc9][0xffffffdc][0xffffff98][0x4][0xffffff92]q[0xffffffad][0xffffffc1][0xffffffdc]X[0xffffff80]3[0xffffffdb][0xffffffb5][0xffffffd7][0xffffffe7][0xffffffc6][0xffffff96][0xffffff9a][0x1b][0x1b]g[0xffffffa3][0xffffffbe][0xffffffed][0xffffffb8][0xfffffff0][0xffffffb9][0xffffffb1]e07[0xffffffb6][0xffffffe2][0xffffff80]N&[0xffffffce][0xffffffd8][0xffffffdc][0xffffffd8][0xffffffda][0xffffff87]rP[0xffffffd7][0xffffff9a][0xffffffcc][0xffffff8d]I [0x19][0xffffffd7][0x1a][0xffffffcc][0xffffff8d][0x5]8[0xffffffb3]]{}nl[0xffffffa9][0xffffffef]2[0xffffff8c]u[0xffffffa3][0xfffffff6][0xffffffd7].[0xfffffffc][0xffffffbb][0xc][0xffffffcb][0xffffffe0][0xffffffbb][0xc]+.[0xffffffc0][0xffffffcf][0xffffffc4][0x19][0xfffffffb].[0xffffffc3][0xffffffda][0xffffff97][0xffffffde][0xffffffa3][0xffffffae]5[0xfffffff9].[0xffffff83][0x4][0xffffff92]q[0xffffffad][0xffffffc1]w[0x19][0x2][0xffffff9c][0xffffffd9][0xffffffae][0xfffffffd][\r][0xffffffdf]e[0xfffffff8][0x6][0xffffffea][0xffffffef][0xffffffff][0xfffffff5][0xffffff8f][0x7f][0xfffffff8][0xffffffe7]?[0xffffffff][0xfffffff1]o[0x7f][0xfffffffb][0xfffffffd][0xffffffdf][0xfffffffe][0xfffffff5][0xffffff8f][0x7f][0xfffffffe]3A[0xffffffec]v[0x4][0x7]t[0xfffffff7]#[0xffffffe1][0xc][0xffffffab][0x3]A0[0xffffffef]G[0xffffffc1][0xffffffa8][0x16][0x7][0xfffffff9][0xffffffdf][0xffffffa6][0xffffff84][0x1a][0xffffff8b]<+[0xffffffb6][0xffffffc6]n[0xffffffe1]c[0xffffff91][0xffffffcb]`,r[0xffffffc5][0xfffffff9][0xffffffb3]L[0xffffffc0][0xffffffb1][0xffffffb1][0xffffffc8][0xffffffb5][0xffffffcf][0xffffff9c][0xffffffa1])a2[0x16])[0xffffff81]dR[0xffffffc2]`,2[0xffffffc0][0xffffff99][0xffffff9d][0x12][0xffffffbf]a,[0x12]K[0x9]!O6%[0xffffffa4]K[0xffffffd9][0xffffff94][0x10]j[0xffffffe5]R"[0xffffff98][0xffffff96]J[0xffffff89] [0xffffffde]K)[0x11][0xffffffb7][0xffffffd9][0xffffffb0])[0x1]o[0xffffffb3]y[0xffffff9c][0xffffff80]O[0x9]p[0xffffff9b][0xffffffcd][0xffffffe3][0xffffffe9]TJ[0xfffffff8]l[0xffffffb3][0x11](R)a[0xffffffb2][0xffffffcd]F`I[0xffffffa4][0x4][0xffffffba][0xffffffcd]& [0xffffffea][0xffffff95][0x12]A[0xffffff9e]tJ[0x8][0xffffff97][0xffffffd2])[0x11][0xffffffd4]J[0xffffffa6]DqI[0xffffff89][0xfffffff2]wH[0xffffff89]n[0xffffff96][0x12][0x1d]O[0xffffff89]n[0xffffff90][0x12][0x1d]M[0xffffff89][0xffffff8e][0xffffffa5]DwJ[0xffffff89][0x1d]E*%"[0xffffff90]TJ[0xffffffec]X[0x12])[0xffffffd1][0xffffffe1][0xffffff94][0xffffffe8][0xffffffc6])[0x11][0xffffffe4]I[0xffffffa7][0xffffff84]p)[0xffffff9d][0x12]A[0xffffffad]dJt[0xffffff97][0xffffff94][0xffffffe8][0x7f][0xffffff87][0xffffff94]x[0xffffffec][0xffffffc2]qj[0xffffff89]c[0xffffffe2]1q?[0x2]_[0x13][0x1f][0xffffff87][0xffffffa0]r[0xffffffe2][0xfffffffe]x[0xffffffaa]'[0xffffffde]"
08:17:55.087 [TestNG-PoolService-2] DEBUG org.apache.hc.client5.http.wire -- http-outgoing-5 << "[0x1f][0xffffffed][0x12][0x14][0xffffff81]G[0xffffffaa]([0x4][0xffffff95]TR[0x4]6[0xffffff89][0xffffffa6][0xffffffd8][0x8][0xffffffcd][0xffffff8f][0xffffff8a][0xffffff8d]S[0xffffffaf][0xffffffaa][0xffffff88][0x1a][0xffffffa5][0xffffffb3]BY[0xffffff95][0xffffffee][0xffffff8a](Y2,v[0xffffffe7]re[0xffffffb1]+[0xfffffff8]RZ[0x14][0xffffffb7][0xffffffb4](|Z[0x14][0xffffff87][0xffffffb4](lZ[0x14].-[0xffffff8a]UZ[0x4][0x1e][0xffffffa9][0xffffffb4][0x10]TRi[0x11][0xffffffd8]$[0xffffffd2][0xffffffa2][0xffffffd0]iQ[0xffffff9c][0xffffffd3]"j[0xffffff94]N[0xb]eU:-[0xffffffa2]d[0xffffffc9][0xffffffb4][0xffffffd8][0xffffff9d][0xffffffcb][0xffffffa5][0xffffffc5][0xffffffae][0xffffffe0]KiQ[0xffffffdd]~[0x1][0xffffffa9][0xfffffffc]O [0xffffffd5][0xffffffe1]7[0xffffff90][0xffffffca][0xfffffffe][0x8]R[0xffffffb9]_A[0xffffffaa][0xffffffd5][0xffffffcf] [0xffffff81]G*-[0x4][0xffffff95]TZ[0x4]6[0xffffff89][0xffffffb4][0xffffffa8][0xfffffff4]O![0xffffffd5][0xfffffff9][0xffffffb7][0xffffff90][0xffffffa8]Q:-[0xffffff94]U[0xffffffe9][0xffffffb4][0xffffff88][0xffffff92]%[0xffffffd3]bw.[0xffffff97][0x16][0xffffffbb][0xffffff82]/[0xffffffa5]E[0x1f]fi[0xffffffd1][0x7][0xffffff9e][0x16][0xfffffff7]#[0xfffffff0]i[0xfffffff1]q[0x8]*-[0xffffffee][0xffffff8f][0xffffffa7][0xffffffd2][0xffffffe2][0xfffffffd][0xffffffd1].i[0x11]x[0xffffffa4][0xffffffd2]BPI[0xffffffa5]E`[0xffffff93]H[0xffffff8b][0xffffff8d][0xffffffd0][0xfffffffc][0xffffffb4][0xffffffd8]8[0xfffffff5]J[0xffffff8b][0xffffffa8]Q:-[0xffffff94]U[0xffffffe9][0xffffffb4][0xffffff88][0xffffff92]%[0xffffffd3]bw.[0xffffff97][0x16][0xffffffbb][0xffffff82]/[0xffffffa5][0xffffffc5]p[0x1b][0x1][0x19][0xfffffffc][0xc][0xffffffc8]p[0x18][0x2][0x19][0xffffffec][0x14][0xffffffc8][0xffffffe0][0xffffffc6]@[0xffffff86][0xffffffd5][0x1c]H[0xffffffe0][0xffffff91]J[0xb]A%[0xffffff95][0x16][0xffffff81]M"-[0x6]=[0xb]2[0xffffff9c][0xffffff87]A[0xffffffa2]F[0xffffffe9][0xffffffb4]PV[0xffffffa5][0xffffffd3]"J[0xffffff96]L[0xffffff8b][0xffffffdd][0xffffffb9]\Z[0xffffffec][\n]"
08:17:55.087 [TestNG-PoolService-2] DEBUG org.apache.hc.client5.http.wire -- http-outgoing-5 << "[0xffffffbe][0xffffff94][0x16][0xffffff8f][0xffffffcf][0x11]8[0xffffffa5][0xffffffc5]y[0xffffffe0]iq?[0x2][0xffffff9f][0x16][0x1f][0xffffff87][0xffffffa0][0xffffffd2][0xffffffe2][0xfffffffe]x*-[0xffffffde][0x1f][0xffffffed][0xffffff92][0x16][0xffffff81]G*-[0x4][0xffffff95]TZ[0x4]6[0xffffff89][0xffffffb4][0xffffffd8][0x8][0xffffffcd]O[0xffffff8b][0xffffff8d]S[0xffffffaf][0xffffffb4][0xffffff88][0x1a][0xffffffa5][0xffffffd3]BY[0xffffff95]N[0xffffff8b](Y2-v[0xffffffe7]ri[0xffffffb1]+[0xfffffff8]RZ[0x1c][0xffffffb7]e[0xffffffd6][0x16][0xfffffff7][0x13][0xffffffe1]q[0xfffffff1]v[0x6][0xffffffbe].[0xffffffbe][0xffffff9d][0xffffff82][0xffffffca][0xffffff8b][0xffffffb7][0xffffffe7]S}[0xfffffff1][0xfffffff1]l[0xffffff97][0xffffffc0][0xffffff88]PR[0xffffff85][0xffffffa1][0xffffffd0][0xffffffa4][0x12]#[0x2]J4[0xffffffc6][0xffffff8e]i~d[0xffffffec][0xffffffb0]zU[0xffffff86][0x10]*[0xffffff9d][0x19][0xffffffd2][0xffffffaf]tg[0x8][0xffffffdd][0xffffff92][0xffffffa1][0x11][0xffffffec][0xffffffcb][0xffffff95]F[0xffffff90][0xfffffff1]+[0xffffffa9]q[0xffffffbc][0xfffffffd]S[0xffffff8e][0xffffffdb]Mm[0xffffffdb]\s[0xffffffa5][0xffffff87]"
08:17:55.087 [TestNG-PoolService-3] DEBUG org.apache.hc.client5.http.wire -- http-outgoing-4 << "D[0xffffff91]I[0x9][0x5]$[0xffffff93][0x12][0x11][0xffffffcb][0xfffffffc][0xffffff94][0xffffffd8][0xffffffe1][0xffffffcc]N[0xffffff89][0x1d]Q[0xffffffa7][0xffffff94][0x10][0xfffffff2]dSB[0xffffffba][0xffffff94]M[0x9][0xffffffa1]V.%[0xffffff82]i[0xffffffa9][0xffffff94][0x8][0xffffffe2]}=%[0xffffff8e]C[0xffffffa5]D[0xffffffa9][0xffffffd4]^[0xffffff89][0xffffffb7][0xfffffff3][0xffffffb0])[0xfffffff1]8[0x1][0xffffff9c][0x12][0xffffffdf][0xffffffcf][0xffffff80][0xffffffa4][0xffffffc4][0xffffffe3][0xffffffe9]HJ|{[0xffffffb2]EJ[0x8][0x14][0xffffff91][0xffffff94][0xffffff90]@")![0xffffffb0]LO[0xffffff89][0x0]grJ[0x4]D[0xffffff8d]RB[0xffffffc9][0x13]M[0x9][0xffffffed]R4%[0xffffff94]Z[0xffffffb1][0xffffff94][0xffffff88][0xffffffa6][0xffffff85]R"[0xffffff8a][0xfffffff7]BJ[0xffffff88][0xffffffbd][0x12][0xffffffe5][0xffffffb6]n[0xffffff8d]J[0x9]|[0xffffffaf][0xffffffc4]a[0xffffffb0]W[0xffffffe2][0x10][0xffffffc3][0xffffffcf][0xffffff89][0xffffff80]c{%[0xffffff8e]0[0xffffffde]L[0xffffffa6][0xffffff84][0xffffffc9]^[0x9][0x9]$[0xffffff93][0x12][0x6]{%[0x2][0xffffff9c][0xffffffd9])a[0xffffffbc]WB[0xffffffc9][0xffffff93]M[0x9][0xffffffbf][0xffffffbd][0x12]J[0xffffffad]\J[0xffffffb8][0xffffffec][0xffffff95][0xffffff88][0xffffffe2][0xffffffbd][0xffffff90][0x12]b[0x18][0xffffffb4][0x1c]eu*%[0xfffffff0]a[0xffffffd0][0xffffffc3]`[0x18][0xfffffff4][0x10][0x13]K[0xffffff89][0xffffff80]c[0xffffffc3][0xffffffa0]G[0xffffff98]I"S[0xffffffc2]d[0x18]T[0x2][0xffffffc9][0xffffffa4][0xffffff84][0xffffffc1]0h[0xffffff80]3;%[0xffffff8c][0xffffff87]A[0xffffff95]<[0xffffffd9][0xffffff94][0xfffffff0][0x1b][0x6]Uj[0xffffffe5]R[0xffffffc2]e[0x18]4[0xffffff8a][0xfffffff7]BJ[0xffffffa8][0xffffffbb][0x12]eL[0xffffffea][0xffffffcb][0xffffffa0][0x7]~W[0xffffffe2]0[0xffffffb8]+q[0xffffff88][0x1f][0xfffffff4][0x12][0x1][0xffffffc7][0xffffffee]J[0x1c][0xffffffe1]';2%L[0xffffffee]JH [0xffffff99][0xffffff94]0[0xffffffb8]+[0x11][0xffffffe0][0xffffffcc]N[0x9][0xffffffe3][0xffffffbb][0x12]J[0xffffff9e]lJ[0xfffffff8][0xffffffdd][0xffffff95]Pj[0xffffffe5]R[0xffffffc2][0xffffffe5][0xffffffae]D[0x14][0xffffffef][0xffffffeb])Qn*%[0xffffffd6][0xffffff8d][0xffffffba]+[0xfffffff1]v[0x1e]6%[0xffffffca]M[0xffffffe1][0xffffff9f][0xffffffcb][0xfffffffb][0xfffffff7]3 )QnTJ|{[0xffffffb2]EJ[0x8][0x14][0xffffff91][0xffffff94][0xffffff90]@")![0xffffffb0]LO[0xffffff89][0x0]grJ[0x4]D[0xffffff8d]RB[0xffffffc9][0x13]M[0x9][0xffffffed]R4%[0xffffff94]Z[0xffffffb1][0xffffff94][0xffffff88][0xffffffa6][0xffffff85]R"[0xffffff8a][0xfffffff7]BJ[0xffffff88][0xffffff8f][0xffffff8c][0xffffff97]Z[0xffffffcb][0xffffff8d]J[0x9][0xfffffffc]#[0xffffffe3][0xffffffc5][0xffffffe0]#[0xffffffe3]E|[0x9]7[0x11]p[0xffffffec]#[0xffffffe3]%|[0xffffffeb][0xffffff96]L[0x9][0xffffff93][0xffffff8f][0xffffff8c]K [0xffffff99][0xffffff94]0[0xfffffff8][0xffffffc8]x[0xffffff80]3;%[0xffffff8c]?2[0xffffffae][0xffffffe4][0xffffffc9][0xffffffa6][0xffffff84][0xffffffdf]G[0xffffffc6][0xffffff95]Z[0xffffffb9][0xffffff94]p[0xfffffff9][0xffffffc8]x[0x14][0xffffffef][0xffffff85][0xffffff94][0x10][0x1f][0x19][0xffffffbf][0xffffffa7][0x4][0xfffffff6]9[0xffffffaf][0xffffff82][0x7f]d[0xffffffbc][0x18]|d[0xffffffbc][0xffffff88]/[0xffffffe1]&[0x2][0xffffff8e]}d[0xffffffbc][0xffffff84]o[0xffffffdd][0xffffff92])a[0xfffffff2][0xffffff91]q[0x9]$[0xffffff93][0x12][0x6][0x1f][0x19][0xf]pf[0xffffffa7][0xffffff84][0xfffffff1]G[0xffffffc6][0xffffff95]<[0xffffffd9][0xffffff94][0xfffffff0][0xfffffffb][0xffffffc8][0xffffffb8]R+[0xffffff97][0x12].[0x1f][0x19][0xffffff8f][0xffffffe2][0xffffffbd][0xffffff90][0x12]j[0xffffff82][0xffffffa3][0xffffffd6][0xffffff89][0xffffffbd][0xffffff95][0xffffffc0]'8[0xffffff8a][0xffffffc1][0x4]G[0x11][0xffffffd7][0xffffff8c][0x13][0x1][0xffffffc7]&8J[0xffffffb8]HL[0xffffffa6][0xffffff84][0xffffffc9][0x4][0xffffff87][0x4][0xffffff92]I[0x9][0xffffff83][0x9][0xffffff8e][0x0]gvJ[0x18]Op(y[0xffffffb2])[0xffffffe1]7[0xffffffc1][0xffffffa1][0xffffffd4][0xffffffca][0xffffffa5][0xffffff84][0xffffffcb][0x4]G[0x14][0xffffffef][0xffffff85][0xffffff94][0x10]_[0x6]-[0xffffffb5]U[0xffffffea][0x1b][0x1c][0x5][0xffffffff]2h1[0xfffffff8]2h[0x11][0xffffff9f][0xffffffaf]K[0x4][0x1c][0xfffffffb]2h[0x9][0x1f][0xffffffa8]#S[0xffffffc2][0xffffffe4][0xffffffcb][0xffffffa0][0x12]H&%[0xc][0xffffffbe][0xc][0x1a][0xffffffe0][0xffffffcc]N[0x9][0xffffffe3]/[0xffffff83]*y[0xffffffb2])[0xffffffe1][0xfffffff7]eP[0xffffffa5]V.%\[0xffffffbe][0xc][0x1a][0xffffffc5]{!%[0xffffffc4][0xffffffe7][0xffffffbc]J[0xffffffed][0xffffff8b][0xffffff9a][0xffffffe0]([0xfffffff8][0xffffffe7][0xffffffbc][0xffffff8a][0xffffffc1][0xffffffe7][0xffffffbc][0xffffff8a][0xfffffff8][0xffffffe6]L"[0xffffffe0][0xffffffd8][0xffffffe7][0xffffffbc]J[0xfffffff8][0xffffffaa][0xc][0xffffff99][0x12]&[0xffffff9f][0xfffffff3][0xffffff92]@2)a[0xfffffff0]9[0xffffffaf][0x0]gvJ[0x18][0x7f][0xffffffce]K[0xffffffc9][0xffffff93]M[0x9][0xffffffbf][0xffffffcf]y)[0xffffffb5]r)[0xffffffe1][0xfffffff2]9[0xffffffaf]([0xffffffde][0xb])!>[0xffffffe7]U[0xffffffda][0xffffffad]S{%[\n]"
08:17:55.088 [TestNG-PoolService-1] DEBUG org.apache.hc.client5.http.wire -- http-outgoing-3 << "D[0xffffff91]I[0x9][0x5]$[0xffffff93][0x12][0x11][0xffffffcb][0xfffffffc][0xffffff94][0xffffffd8][0xffffffe1][0xffffffcc]N[0xffffff89][0x1d]Q[0xffffffa7][0xffffff94][0x10][0xfffffff2]dSB[0xffffffba][0xffffff94]M[0x9][0xffffffa1]V.%[0xffffff82]i[0xffffffa9][0xffffff94][0x8][0xffffffe2]}=%[0xffffff8e]C[0xffffffa5]D[0xffffffa9][0xffffffd4]^[0xffffff89][0xffffffb7][0xfffffff3][0xffffffb0])[0xfffffff1]8[0x1][0xffffff9c][0x12][0xffffffdf][0xffffffcf][0xffffff80][0xffffffa4][0xffffffc4][0xffffffe3][0xffffffe9]HJ|{[0xffffffb2]EJ[0x8][0x14][0xffffff91][0xffffff94][0xffffff90]@")![0xffffffb0]LO[0xffffff89][0x0]grJ[0x4]D[0xffffff8d]RB[0xffffffc9][0x13]M[0x9][0xffffffed]R4%[0xffffff94]Z[0xffffffb1][0xffffff94][0xffffff88][0xffffffa6][0xffffff85]R"[0xffffff8a][0xfffffff7]BJ[0xffffff88][0xffffffbd][0x12][0xffffffe5][0xffffffb6]n[0xffffff8d]J[0x9]|[0xffffffaf][0xffffffc4]a[0xffffffb0]W[0xffffffe2][0x10][0xffffffc3][0xffffffcf][0xffffff89][0xffffff80]c{%[0xffffff8e]0[0xffffffde]L[0xffffffa6][0xffffff84][0xffffffc9]^[0x9][0x9]$[0xffffff93][0x12][0x6]{%[0x2][0xffffff9c][0xffffffd9])a[0xffffffbc]WB[0xffffffc9][0xffffff93]M[0x9][0xffffffbf][0xffffffbd][0x12]J[0xffffffad]\J[0xffffffb8][0xffffffec][0xffffff95][0xffffff88][0xffffffe2][0xffffffbd][0xffffff90][0x12]b[0x18][0xffffffb4][0x1c]eu*%[0xfffffff0]a[0xffffffd0][0xffffffc3]`[0x18][0xfffffff4][0x10][0x13]K[0xffffff89][0xffffff80]c[0xffffffc3][0xffffffa0]G[0xffffff98]I"S[0xffffffc2]d[0x18]T[0x2][0xffffffc9][0xffffffa4][0xffffff84][0xffffffc1]0h[0xffffff80]3;%[0xffffff8c][0xffffff87]A[0xffffff95]<[0xffffffd9][0xffffff94][0xfffffff0][0x1b][0x6]Uj[0xffffffe5]R[0xffffffc2]e[0x18]4[0xffffff8a][0xfffffff7]BJ[0xffffffa8][0xffffffbb][0x12]eL[0xffffffea][0xffffffcb][0xffffffa0][0x7]~W[0xffffffe2]0[0xffffffb8]+q[0xffffff88][0x1f][0xfffffff4][0x12][0x1][0xffffffc7][0xffffffee]J[0x1c][0xffffffe1]';2%L[0xffffffee]JH [0xffffff99][0xffffff94]0[0xffffffb8]+[0x11][0xffffffe0][0xffffffcc]N[0x9][0xffffffe3][0xffffffbb][0x12]J[0xffffff9e]lJ[0xfffffff8][0xffffffdd][0xffffff95]Pj[0xffffffe5]R[0xffffffc2][0xffffffe5][0xffffffae]D[0x14][0xffffffef][0xffffffeb])Qn*%[0xffffffd6][0xffffff8d][0xffffffba]+[0xfffffff1]v[0x1e]6%[0xffffffca]M[0xffffffe1][0xffffff9f][0xffffffcb][0xfffffffb][0xfffffff7]3 )QnTJ|{[0xffffffb2]EJ[0x8][0x14][0xffffff91][0xffffff94][0xffffff90]@")![0xffffffb0]LO[0xffffff89][0x0]grJ[0x4]D[0xffffff8d]RB[0xffffffc9][0x13]M[0x9][0xffffffed]R4%[0xffffff94]Z[0xffffffb1][0xffffff94][0xffffff88][0xffffffa6][0xffffff85]R"[0xffffff8a][0xfffffff7]BJ[0xffffff88][0xffffff8f][0xffffff8c][0xffffff97]Z[0xffffffcb][0xffffff8d]J[0x9][0xfffffffc]#[0xffffffe3][0xffffffc5][0xffffffe0]#[0xffffffe3]E|[0x9]7[0x11]p[0xffffffec]#[0xffffffe3]%|[0xffffffeb][0xffffff96]L[0x9][0xffffff93][0xffffff8f][0xffffff8c]K [0xffffff99][0xffffff94]0[0xfffffff8][0xffffffc8]x[0xffffff80]3;%[0xffffff8c]?2[0xffffffae][0xffffffe4][0xffffffc9][0xffffffa6][0xffffff84][0xffffffdf]G[0xffffffc6][0xffffff95]Z[0xffffffb9][0xffffff94]p[0xfffffff9][0xffffffc8]x[0x14][0xffffffef][0xffffff85][0xffffff94][0x10][0x1f][0x19][0xffffffbf][0xffffffa7][0x4][0xfffffff6]9[0xffffffaf][0xffffff82][0x7f]d[0xffffffbc][0x18]|d[0xffffffbc][0xffffff88]/[0xffffffe1]&[0x2][0xffffff8e]}d[0xffffffbc][0xffffff84]o[0xffffffdd][0xffffff92])a[0xfffffff2][0xffffff91]q[0x9]$[0xffffff93][0x12][0x6][0x1f][0x19][0xf]pf[0xffffffa7][0xffffff84][0xfffffff1]G[0xffffffc6][0xffffff95]<[0xffffffd9][0xffffff94][0xfffffff0][0xfffffffb][0xffffffc8][0xffffffb8]R+[0xffffff97][0x12].[0x1f][0x19][0xffffff8f][0xffffffe2][0xffffffbd][0xffffff90][0x12]j[0xffffff82][0xffffffa3][0xffffffd6][0xffffff89][0xffffffbd][0xffffff95][0xffffffc0]'8[0xffffff8a][0xffffffc1][0x4]G[0x11][0xffffffd7][0xffffff8c][0x13][0x1][0xffffffc7]&8J[0xffffffb8]HL[0xffffffa6][0xffffff84][0xffffffc9][0x4][0xffffff87][0x4][0xffffff92]I[0x9][0xffffff83][0x9][0xffffff8e][0x0]gvJ[0x18]Op(y[0xffffffb2])[0xffffffe1]7[0xffffffc1][0xffffffa1][0xffffffd4][0xffffffca][0xffffffa5][0xffffff84][0xffffffcb][0x4]G[0x14][0xffffffef][0xffffff85][0xffffff94][0x10]_[0x6]-[0xffffffb5]U[0xffffffea][0x1b][0x1c][0x5][0xffffffff]2h1[0xfffffff8]2h[0x11][0xffffff9f][0xffffffaf]K[0x4][0x1c][0xfffffffb]2h[0x9][0x1f][0xffffffa8]#S[0xffffffc2][0xffffffe4][0xffffffcb][0xffffffa0][0x12]H&%[0xc][0xffffffbe][0xc][0x1a][0xffffffe0][0xffffffcc]N[0x9][0xffffffe3]/[0xffffff83]*y[0xffffffb2])[0xffffffe1][0xfffffff7]eP[0xffffffa5]V.%\[0xffffffbe][0xc][0x1a][0xffffffc5]{!%[0xffffffc4][0xffffffe7][0xffffffbc]J[0xffffffed][0xffffff8b][0xffffff9a][0xffffffe0]([0xfffffff8][0xffffffe7][0xffffffbc][0xffffff8a][0xffffffc1][0xffffffe7][0xffffffbc][0xffffff8a][0xfffffff8][0xffffffe6]L"[0xffffffe0][0xffffffd8][0xffffffe7][0xffffffbc]J[0xfffffff8][0xffffffaa][0xc][0xffffff99][0x12]&[0xffffff9f][0xfffffff3][0xffffff92]@2)a[0xfffffff0]9[0xffffffaf][0x0]gvJ[0x18][0x7f][0xffffffce]K[0xffffffc9][0xffffff93]M[0x9][0xffffffbf][0xffffffcf]y)[0xffffffb5]r)[0xffffffe1][0xfffffff2]9[0xffffffaf]([0xffffffde][0xb])!>[0xffffffe7]U[0xffffffda][0xffffffad]S{%[\n]"
08:17:55.088 [TestNG-PoolService-3] DEBUG org.apache.hc.client5.http.wire -- http-outgoing-4 << "[0xfffffffe]9[0xffffffaf]b[0xfffffff0]9[0xffffffaf]"[0xffffffbe]9[0xffffff93][0x8]8[0xfffffff6]9[0xffffffaf][0x12][0xffffffbe]*C[0xffffffa6][0xffffff84][0xffffffc9][0xffffffe7][0xffffffbc]$[0xffffff90]LJ[0x18]|[0xffffffce]+[0xffffffc0][0xffffff99][0xffffff9d][0x12][0xffffffc6][0xffffff9f][0xfffffff3]R[0xfffffff2]dS[0xffffffc2][0xffffffef]s^J[0xffffffad]\J[0xffffffb8]|[0xffffffce]+[0xffffff8a][0xfffffff7]BJ[0xffffff88][0xffffffcf]y[0xffffff95]V[0xffffffce]F[0xffffffa5][0x4][0xfffffffe]9[0xffffffaf]b[0xfffffff0]9[0xffffffaf]"[0xffffffbe]9[0xffffff93][0x8]8[0xfffffff6]9[0xffffffaf][0x12][0xffffffbe]*C[0xffffffa6][0xffffff84][0xffffffc9][0xffffffe7][0xffffffbc]$[0xffffff90]LJ[0x18]|[0xffffffce]+[0xffffffc0][0xffffff99][0xffffff9d][0x12][0xffffffc6][0xffffff9f][0xfffffff3]R[0xfffffff2]dS[0xffffffc2][0xffffffef]s^J[0xffffffad]\J[0xffffffb8]|[0xffffffce]+[0xffffff8a][0xfffffff7]RJ[0xffffffc4]m[0xffffff97]lJ[0xffffffc0][0xffffffdb].[0x1f]'[0xffffffe0]S[0x2][0xffffffdc]v[0xfffffff9]x:[0xffffff95][0x12]>[0xffffffdb].[0x5][0xffffff8a]TJ[0xffffff98]l[0xffffffbb][0x14]X[0x12])[0xffffff81]n[0xffffffbb][0xc][0xffffff88]z[0xffffffa5][0xffffff84][0xffffffd7][0xffffffb6]K[0xffffffed]R:%|[0xffffffb6]]F[0xffffffd3]r)[0xfffffff1][0xffffffd3][0xffffffdb].[0xffffff8b][0xffffffda]v[0xffffffd9][0xffffffce][0x1b][0xfffffff5]e[0xffffffd0][0xffffff82]o[0xffffffbb],[0x6][0xffffffdb].[0xffffff8b]X[0xffffffc9][0xffffff96][0x8]8[0xffffffb6][0xffffffed][0xffffffb2][0xffffff84][0xffffffa5]kdJ[0xffffff98]l[0xffffffbb][0xffffff94]@2)a[0xffffffb0][0xffffffed]2[0xffffffc0][0xffffff99][0xffffff9d][0x12][0xffffffc6][0xffffffdb].[0xffffff95]<[0xffffffd9][0xffffff94][0xfffffff0][0xffffffdb]v[0xffffffa9][0xffffffd4][0xffffffca][0xffffffa5][0xffffff84][0xffffffcb][0xffffffb6][0xffffffcb]([0xffffffde][0xffffffd7]S[0xffffffa2][0xffffffaa]m[0xffffff97][0xffffff8d][0xffffffdb]vY[0xfffffff1]m[0xffffff97][0xffffffd5]`[0xffffffdb]e[0x15]+[0xffffffd9][0xfffffff2][0x0][0xffffffaf][0xffffffd8][0xffffffb6][0xffffffcb][0x1a][0xffffff96][0xffffffae][0xffffff81])!PDRB[0x2][0xffffff89][0xffffffa4][0xffffff84][0xffffffc0]2=%[0x2][0xffffff9c][0xffffffc9])[0x11][0x10]5J[0x9]%O4%[0xffffffb4]K[0xffffffd1][0xffffff94]Pj[0xffffffc5]R"[0xffffff9a][0x16]J[0xffffff89]([0xffffffde][0xb])[0xffffffa1]VT[0xfffffff5]9[0xffffffa8]a[0xffffffd0][0xffffff8a][0xffffffaf][0xffffffa8][0xffffffaa][0x6]+[0xffffffaa][0xffffffaa][0xffffffd8][0xffffffa3][0xffffff92][0x8]8[0xffffffb6][0xffffffa2][0xffffffaa][0xffffff86]M)dJ[0xffffff98][0xffffffac][0xffffffa8][0xffffff92]@2)a[0xffffffb0][0xffffffa2]*[0xffffffc0][0xffffff99][0xffffff9d][0x12][0xffffffc6]+[0xffffffaa][0xffffff94]<[0xffffffd9][0xffffff94][0xfffffff0][Q[0xffffffa5][0xffffffd4][0xffffffca][0xffffffa5][0xffffff84][0xffffffcb][0xffffff8a][0xffffffaa]([0xffffffde][0xb])[0xffffffa1]VT[0xffffff8d][0xffffffdb][0xffffff89][0xffffffbd][0xffffff95][0xffffffc0]WTU[0xffffff83][0x15]UU[0xffffffec]QI[0x4][0x1c][QU[0xffffffc3][0xffffffa6][0x14]2%LVTI [0xffffff99][0xffffff94]0XQ[0x15][0xffffffe0][0xffffffcc]N[0x9][0xffffffe3][0x15]UJ[0xffffff9e]lJ[0xfffffff8][0xffffffad][0xffffffa8]Rj[0xffffffe5]R[0xffffffc2]eEU[0x14][0xffffffef][0xffffff85][0xffffff94]P{%F[0xffffffc7]VTU|[0xffffffaf]D5[0xffffffd8]+Q[0xffffffc5][0xfffffff0]s"[0xffffffe0][0xffffffd8]^[0xffffff89][0x1a][0xffffffc6][0xffffff9b][0xffffffc9][0xffffff94]0[0xffffffd9]+![0xffffff81]dR[0xffffffc2]`[0xffffffaf]D[0xffffff80]3;%[0xffffff8c][0xfffffff7]J(y[0xffffffb2])[0xffffffe1][0xffffffb7]WB[0xffffffa9][0xffffff95]K[0x9][0xffffff97][0xffffffbd][0x12]Q[0xffffffbc][0x17]RB[0xffffffed][0xffffff95][0x18][0xffffffa3]5*%[0xfffffff0][0xffffffbd][0x12][0xffffffd5]`[0xffffffaf]D[0x15][0xffffffc3][0xffffffcf][0xffffff89][0xffffff80]c{%j[0x18]o&S[0xffffffc2]d[0xffffffaf][0xffffff84][0x4][0xffffff92]I[0x9][0xffffff83][0xffffffbd][0x12][0x1][0xffffffce][0xffffffec][0xffffff94]0[0xffffffde]+[0xffffffa1][0xffffffe4][0xffffffc9][0xffffffa6][0xffffff84][0xffffffdf]^[0x9][0xffffffa5]V.%\[0xfffffff6]JD[0xfffffff1]^H[0x9]5[0xffffffc1]q[0x1e][0xffffff93][0xfffffffa][0xffffff9c]W[0xffffffc5]'8[0xffffffaa][0xffffffc1][0x4]G[0x15][0xffffffd7][0xffffff8c][0x13][0x1][0xffffffc7]&8j[0xffffffb8]HL[0xffffffa6][0xffffff84][0xffffffc9][0x4][0xffffff87][0x4][0xffffff92]I[0x9][0xffffff83][0x9][0xffffff8e][0x0]gvJ[0x18]Op(y[0xffffffb2])[0xffffffe1]7[0xffffffc1][0xffffffa1][0xffffffd4][0xffffffca][0xffffffa5][0xffffff84][0xffffffcb][0x4]G[0x14][0xffffffef][0xffffffeb])[0xffffffd1][0xffffffd4][0x4][0xffffffc7]Y[0xfffffffb][0xffffff80]R[0xffffffa2][0xffffffe1][0x13][0x1c][0xffffffcd]`[0xffffff82][0xffffffa3][0xffffff89]k[0xffffffc6]y[0xffffff80]7l[0xffffff82][0xffffffa3][0xffffff85][0xffffff8b][0xffffffc4]`J[0x8][0x14][0xffffff91][0xffffff94][0xffffff90]@")![0xffffffb0]LO[0xffffff89][0x0]grJ[0x4]D[0xffffff8d]RB[0xffffffc9][0x13]M[0x9][0xffffffed]R4%[0xffffff94]Z[0xffffffb1][0xffffff94][0xffffff88][0xffffffa6][0xffffff85]R"[0xffffff8a][0xfffffff7]BJ[0x1c]*%[0xffffffce]N}[0xffffff83][0xffffffe3][0xffffffed]<pJ[0x1c][0x6])qD[0xffffffde][0x13][0x1]?[0xffffffb0][0xffffff94]8[0xffffff9c]R"[0xffffffa2][0xffffffc8][0xffffffa4][0xffffff84][0x2][0xffffff92]I[0xffffff89][0xffffff88]e~J[0xffffffec]pf[0xffffffa7][0xffffffc4][0xffffff8e][0xffffffa8]SJ[0x8]y[0xffffffb2])!][0xffffffca][0xffffffa6][0xffffff84]P+[0xffffff97][0x12][0xffffffc1][0xffffffb4]TJ[0x4][0xfffffff1]^H[0xffffff89][0xffffffa2]Rb[0xfffffff5]E[0xffffffa5]D[0xffffffc1]S[0xffffffa2][0x18][0xffffffa4]D[0xffffff89][0xffffffbc]'[0x2]^[0xffffffb0][0xffffff94](N)[0x11]QdRB[0x1][0xffffffc9][0xffffffa4]D[0xffffffc4]2?%v8[0xffffffb3]SbG[0xffffffd4])%[0xffffff84]<[0xffffffd9][0xffffff94][0xffffff90].eSB[0xffffffa8][0xffffff95]K[0xffffff89]`Z*%[0xffffff82]x/[0xffffffa4][0xffffff84][0xffffffda]+1K[0xffffffa7][0xffffff86]A[0x1b][0xffffffbe]W[0xffffffa2][0x19][0xffffffec][0xffffff95]hb[0xfffffff8]9[0x11]pl[0xffffffaf]D[0xb][0xffffffe3][0xffffffcd]dJ[0xffffff98][0xffffffec][0xffffff95][0xffffff90]@2)a[0xffffffb0]W"[0xffffffc0][0xffffff99][0xffffff9d][0x12][0xffffffc6]{%[0xffffff94]<[0xffffffd9][0xffffff94][0xfffffff0][0xffffffdb]+[0xffffffa1][0xffffffd4][0xffffffca][0xffffffa5][0xffffff84][0xffffffcb]^[0xffffff89]([0xffffffde][0xb])[0xffffffa1][0xfffffff6]J[0xffffffcc][0xffffffd6][0xffffffa8][0xffffffc5][0xffffffd9][\r][0xffffffdf]+[0xffffffd1][0xc][0xfffffff6]J41[0xfffffffc][0xffffff9c][0x8]8[0xffffffb6]W[0xffffffa2][0xffffff85][0xfffffff1]f2%L[0xfffffff6]JH [0xffffff99][0xffffff94]0[0xffffffd8]+[0x11][0xffffffe0][0xffffffcc]N[0x9][0xffffffe3][0xffffffbd][0x12]J[0xffffff9e]lJ[0xfffffff8][0xffffffed][0xffffff95]Pj[0xffffffe5]R[0xffffffc2]e[0xffffffaf]D[0x14][0xffffffef][0xffffff85][0xffffff94][0xffffffe8]*%F[0xffffffc5][0xffffffde]Jt<%[0xffffffba]AJ[0xfffffff4][0xffffffc8]{"[0xffffffe0][0x1d]K[0xffffff89][0xffffffee][0xffffff94][0x12][0x11]E&%[0x14][0xffffff90]LJD,[0xfffffff3]Sb[0xffffff87]3;%vD[0xffffff9d]RB[0xffffffc8][0xffffff93]M[0x9][0xffffffe9]R6%[0xffffff84]Z[0xffffffb9][0xffffff94][0x8][0xffffffa6][0xffffffa5]R"[0xffffff88][0xfffffff7]BJ[0xffffffa8][0x15]U[0xfffffff3]<;[0xffffff95][0x12][0xfffffff8][0xffffff8a][0xffffffaa]f[0xffffffb0][0xffffffa2][0xffffffaa][0xffffff89]=*[0xffffff89][0xffffff80]c+[0xffffffaa]Z[0xffffffd8][0xffffff94]B[0xffffffa6][0xffffff84][0xffffffc9][0xffffff8a]*[0x9]$[0xffffff93][0x12][0x6]+[0xffffffaa][0x2][0xffffff9c][0xffffffd9])a[0xffffffbc][0xffffffa2]J[0xffffffc9][0xffffff93]M[0x9][0xffffffbf][0x15]UJ[0xffffffad]\J[0xffffffb8][0xffffffac][0xffffffa8][0xffffff8a][0xffffffe2][0xffffffbd][0xffffff90][0x12]jE[0xffffffd5]\[0x7][0xfffffff6]V[0x2]_Q[0xffffffd5][0xc]VT5[0xffffffb1]G%[0x11]plEU[0xb][0xffffff9b]R[0xffffffc8][0xffffff94]0YQ%[0xffffff81]dR[0xffffffc2]`EU[0xffffff80]3;%[0xffffff8c]WT)y[0xffffffb2])[0xffffffe1][0xffffffb7][0xffffffa2]J[0xffffffa9][0xffffff95]K[0x9][0xffffff97][0x15]UQ[0xffffffbc][0x17]Rb[0xffffffca][0xffffff94]x[0x1c][0x13]I[0xffffff89][0xffffff89][0xffffffa7][0xffffffc4]4H[0xffffff89][0x19]yO[0x4]|b)1[0xffffff9d]R"[0xffffffa2][0xffffffc8][0xffffffa4][0xffffff84][0x2][0xffffff92]I[0xffffff89][0xffffff88]e~J[0xffffffec]pf[0xffffffa7][0xffffffc4][0xffffff8e][0xffffffa8]SJ[0x8]y[0xffffffb2])!][0xffffffca][0xffffffa6][0xffffff84]P+[0xffffff97][0x12][0xffffffc1][0xffffffb4]TJ[0x4][0xfffffff1][0xffffffbe][0xffffff9e][0x12]][0xffffffad][0xffffffa8]Z[0xffffffb7][0xfffffff3][0x6][0xffffffa5]D[0xffffffc7]WTu[0xffffff83][0x15]U][0xffffffec]Q[0xffffffc9][0x3][0xffffffbc]c+[0xffffffaa]z[0xffffffd8][0xffffff94][0x2][0xffffffa6][0xffffff84]@[0x11]I[0x9][0x9]$[0xffffff92][0x12][0x2][0xffffffcb][0xfffffff4][0xffffff94][0x8]p&[0xffffffa7]D@[0xffffffd4](%[0xffffff94]<[0xffffffd1][0xffffff94][0xffffffd0].ESB[0xffffffa9][0x15]K[0xffffff89]hZ(%[0xffffffa2]x/[0xffffffa4][0xffffff84][0xffffffda]+[0xffffffb1][0xffffffea][0xffffff8d][0xfffffffa][0xffffff9c]W[0xffffffc7][0xfffffff7]Jt[0xffffff83][0xffffffbd][0x12]][0xc]?'[0x2][0xffffff8e][0xffffffed][0xffffff95][0xffffffe8]a[0xffffffbc][0xffffff99]L[0x9][0xffffff93][0xffffffbd][0x12][0x12]H&%[0xc][0xfffffff6]J[0x4]8[0xffffffb3]S[0xffffffc2]x[0xffffffaf][0xffffff84][0xffffff92]'[0xffffff9b][0x12]~{%[0xffffff94]Z[0xffffffb9][0xffffff94]p[0xffffffd9]+[0x11][0xffffffc5]{!%[0xffffffd4]0[0xffffffe8][0xffffff9a]'5[0xc][0xffffffda][0xfffffff1]a[0xffffffd0]n0[0xc][0xffffffda][0xffffffc5][0xffffffc4]R"[0xffffffe0][0xffffffd8]0h[0xf]3IdJ[0xffffff98][0xc][0xffffff83]J [0xffffff99][0xffffff94]0[0x18][0x6][\r]pf[0xffffffa7][0xffffff84][0xfffffff1]0[0xffffffa8][0xffffff92]'[0xffffff9b][0x12]~[0xffffffc3][0xffffffa0]J[0xffffffad]\J[0xffffffb8][0xc][0xffffff83]F[0xfffffff1]^H[0x9]1[0xffffffc1]Qo[0xfffffffd][0xffffff86][0xffffffa5][0x4]>[0xffffffc1][0xffffffd1][\r]&8[0xffffffba][0xffffffb8]f[0xffffff9c][0x8]86[0xffffffc1][0xffffffd1][0xffffffc3]Eb2%L&8$[0xffffff90]LJ[0x18]Lp[0x4]8[0xffffffb3]S[0xffffffc2]x[0xffffff82]C[0xffffffc9][0xffffff93]M[0x9][0xffffffbf][0x9][0xe][0xffffffa5]V.%\&8[0xffffffa2]x/[0xffffffa5]D1K[0xffffff89][0xffffff82][0xffffffa7]D1H[0xffffff89][0xffffff82][0xffffffa6]D[0xffffffc1]R[0xffffffa2]8[0xffffffa5][0xffffffc4][0xffffff8e]"[0xffffff95][0x12][0x11]H*%v,[0xffffff89][0xffffff94](pJ[0x14][0xffffffe3][0xffffff94][0x8][0xfffffff2][0xffffffa4]SB[0xffffffb8][0xffffff94]N[0xffffff89][0xffffffa0]V2%[0xffffff8a]KJ[0xffffff94][0xffffff9f]M[0xffffff89][0xffffffa1][0xffffffde]J[0xffffff94][0xffffffb1][0xffffffa8][0xffffffbd][0x12][0x3][0x7f]+1[0xc][0xffffffde]J[0xc][0xffffff91][0xffffffce]y[0xffffff80][0xf][0xffffffec][0xffffffad][0xffffffc4][0x8]q[0xc][0xffffffa6][0xffffff84]@[0x11]I[0x9][0x9]$[0xffffff92][0x12][0x2][0xffffffcb][0xfffffff4][0xffffff94][0x8]p&[0xffffffa7]D@[0xffffffd4](%[0xffffff94]<[0xffffffd1][0xffffff94][0xffffffd0].ESB[0xffffffa9][0x15]K[0xffffff89]hZ(%[0xffffffa2]x/[0xffffffa4][0xffffff84][0xffffffd8]+Q[0xffffffeb][0xffffff81]][0xffffffbb][0x1c][0xfffffff8]^[0xffffff89]a[0xffffffb0]Wb[0xffffff88][0xffffffe1][0xffffffe7]D[0xffffffc0][0xffffffb1][0xffffffbd][0x12]#[0xffffff8c]7[0xffffff93])a[0xffffffb2]WB[0x2][0xffffffc9][0xffffffa4][0xffffff84][0xffffffc1]^[0xffffff89][0x0]gvJ[0x18][0xffffffef][0xffffff95]P[0xfffffff2]dS[0xffffffc2]o[0xffffffaf][0xffffff84]R+[0xffffff97][0x12].{%[0xffffffa2]x/[0xffffffa5]D[0xfffffffc][0xffffff81][0xffffff83]M[0x9][0xfffffff8][0x7][0xffffff8e][0xffffffc7][0x9][0xfffffff8][0xffffff94][0x0][0x7f][0xffffffe0]x<[0xffffff9d]J[0x9][0xffffff9f][0x1f]8[0x4][0xffffff8a]TJ[0xffffff98][0xfffffffc][0xffffffc0]![0xffffffb0]$R[0x2][0xfffffffd][0xffffff81]# [0xffffffea][0xffffff95][0x12]^?ph[0xffffff97][0xffffffd2])[0xffffffe1][0xfffffff3][0x3]G4-[0xffffff97][0x12]?[0xffffffff][0x3][0xffffffc7][0xfffffff9][0xffffffcb]4K[0xffffff89][0xffffff89][0xffffffa7][0xffffffc4]4H[0xffffff89][0xffffff89][0xffffffa6][0xffffffc4][0xffffffc4]Rb:[0xffffffa5][0xffffffc4][0xffffff8e]"[0xffffff95][0x12][0x11]H*%v,[0xffffff89][0xffffff94][0xffffff98]pJL[0xffffffe3][0xffffff94][0x8][0xfffffff2][0xffffffa4]SB[0xffffffb8][0xffffff94]N[0xffffff89][0xffffffa0]V2%[0xffffffa6]KJ[0xffffffcc][0xffffffbf]CJ[0x1c][0xffffffc3][0xffffffac]%[0xffffff8e][0xffffff81][0xffffffc7][0xffffffc4][0xfffffffd][0x8]|M|[0x1c][0xffffff82][0xffffffca][0xffffff89][0xfffffffb][0xffffffe3][0xffffffa9][0xffffff9e]x[0x7f][0xffffffb4]KP[0x4][0x1e][0xffffffa9][0xffffffa2][0x10]TRI[0x11][0xffffffd8]$[0xffffff9a]b#4?*6N[0xffffffbd][0xffffffaa]"j[0xffffff94][0xffffffce][\n]"
08:17:55.089 [TestNG-PoolService-3] DEBUG org.apache.hc.client5.http.wire -- http-outgoing-4 << "eU[0xffffffba]+[0xffffffa2]d[0xffffffc9][0xffffffb0][0xffffffd8][0xffffff9d][0xffffffcb][0xffffff95][0xffffffc5][0xffffffae][0xffffffe0]Ki[0xffffffd1]N[0xffffffb3][0xffffffb4]h'[0xffffff9e][0x16][0xfffffff7]#[0xfffffff0]i[0xfffffff1]q[0x8]*-[0xffffffee][0xffffff8f][0xffffffa7][0xffffffd2][0xffffffe2][0xfffffffd][0xffffffd1].i[0x11]x[0xffffffa4][0xffffffd2]BPI[0xffffffa5]E`[0xffffff93]H[0xffffff8b][0xffffff8d][0xffffffd0][0xfffffffc][0xffffffb4][0xffffffd8]8[0xfffffff5]J[0xffffff8b][0xffffffa8]Q:-[0xffffff94]U[0xffffffe9][0xffffffb4][0xffffff88][0xffffff92]%[0xffffffd3]bw.[0xffffff97][0x16][0xffffffbb][0xffffff82]/[0xffffffa5]EwK[0xffffff8b][0xffffffce][0xffffffa7]EwH[0xffffff8b][0xffffffce][0xffffffa6]E[0xffffffe7][0xffffffd2][0xffffffa2][[0xffffffa5]E[0xffffffe0][0xffffff91]J[0xb]A%[0xffffff95][0x16][0xffffff81]M"-:[0xffffff9d][0x16][0xffffffdd]9-[0xffffffa2]F[0xffffffe9][0xffffffb4]PV[0xffffffa5][0xffffffd3]"J[0xffffff96]L[0xffffff8b][0xffffffdd][0xffffffb9]\Z[0xffffffec][\n]"
08:17:55.089 [TestNG-PoolService-3] DEBUG org.apache.hc.client5.http.wire -- http-outgoing-4 << "[0xffffffbe][0xffffff94][0x16][0xffffffb3][0xffffff9b][0xffffffa5][0xffffffc5][0xffffffec]xZ[0xffffffdc][0xffffff8f][0xffffffc0][0xffffffa7][0xffffffc5][0xffffffc7]![0xffffffa8][0xffffffb4][0xffffffb8]?[0xffffff9e]J[0xffffff8b][0xfffffff7]G[0xffffffbb][0xffffffa4]E[0xffffffe0][0xffffff91]J[0xb]A%[0xffffff95][0x16][0xffffff81]M"-6B[0xfffffff3][0xffffffd3]b[0xffffffe3][0xffffffd4]+-[0xffffffa2]F[0xffffffe9][0xffffffb4]PV[0xffffffa5][0xffffffd3]"J[0xffffff96]L[0xffffff8b][0xffffffdd][0xffffffb9]\Z[0xffffffec][\n]"
08:17:55.089 [TestNG-PoolService-3] DEBUG org.apache.hc.client5.http.wire -- http-outgoing-4 << "[0xffffffbe][0xffffff94][0x16][0xffffffc7]lfmq?[0x11][0x1e][0x17]og[0xffffffe0][0xffffffeb][0xffffffe2][0xffffffdb])[0xffffffa8][0xffffffbc]x{>[0xffffffd5][0x17][0x1f][0xffffffcf]v[0x9][0xffffff8c][0x8]%U[0x18][\n]"
08:17:55.089 [TestNG-PoolService-1] DEBUG org.apache.hc.client5.http.wire -- http-outgoing-3 << "[0xfffffffe]9[0xffffffaf]b[0xfffffff0]9[0xffffffaf]"[0xffffffbe]9[0xffffff93][0x8]8[0xfffffff6]9[0xffffffaf][0x12][0xffffffbe]*C[0xffffffa6][0xffffff84][0xffffffc9][0xffffffe7][0xffffffbc]$[0xffffff90]LJ[0x18]|[0xffffffce]+[0xffffffc0][0xffffff99][0xffffff9d][0x12][0xffffffc6][0xffffff9f][0xfffffff3]R[0xfffffff2]dS[0xffffffc2][0xffffffef]s^J[0xffffffad]\J[0xffffffb8]|[0xffffffce]+[0xffffff8a][0xfffffff7]BJ[0xffffff88][0xffffffcf]y[0xffffff95]V[0xffffffce]F[0xffffffa5][0x4][0xfffffffe]9[0xffffffaf]b[0xfffffff0]9[0xffffffaf]"[0xffffffbe]9[0xffffff93][0x8]8[0xfffffff6]9[0xffffffaf][0x12][0xffffffbe]*C[0xffffffa6][0xffffff84][0xffffffc9][0xffffffe7][0xffffffbc]$[0xffffff90]LJ[0x18]|[0xffffffce]+[0xffffffc0][0xffffff99][0xffffff9d][0x12][0xffffffc6][0xffffff9f][0xfffffff3]R[0xfffffff2]dS[0xffffffc2][0xffffffef]s^J[0xffffffad]\J[0xffffffb8]|[0xffffffce]+[0xffffff8a][0xfffffff7]RJ[0xffffffc4]m[0xffffff97]lJ[0xffffffc0][0xffffffdb].[0x1f]'[0xffffffe0]S[0x2][0xffffffdc]v[0xfffffff9]x:[0xffffff95][0x12]>[0xffffffdb].[0x5][0xffffff8a]TJ[0xffffff98]l[0xffffffbb][0x14]X[0x12])[0xffffff81]n[0xffffffbb][0xc][0xffffff88]z[0xffffffa5][0xffffff84][0xffffffd7][0xffffffb6]K[0xffffffed]R:%|[0xffffffb6]]F[0xffffffd3]r)[0xfffffff1][0xffffffd3][0xffffffdb].[0xffffff8b][0xffffffda]v[0xffffffd9][0xffffffce][0x1b][0xfffffff5]e[0xffffffd0][0xffffff82]o[0xffffffbb],[0x6][0xffffffdb].[0xffffff8b]X[0xffffffc9][0xffffff96][0x8]8[0xffffffb6][0xffffffed][0xffffffb2][0xffffff84][0xffffffa5]kdJ[0xffffff98]l[0xffffffbb][0xffffff94]@2)a[0xffffffb0][0xffffffed]2[0xffffffc0][0xffffff99][0xffffff9d][0x12][0xffffffc6][0xffffffdb].[0xffffff95]<[0xffffffd9][0xffffff94][0xfffffff0][0xffffffdb]v[0xffffffa9][0xffffffd4][0xffffffca][0xffffffa5][0xffffff84][0xffffffcb][0xffffffb6][0xffffffcb]([0xffffffde][0xffffffd7]S[0xffffffa2][0xffffffaa]m[0xffffff97][0xffffff8d][0xffffffdb]vY[0xfffffff1]m[0xffffff97][0xffffffd5]`[0xffffffdb]e[0x15]+[0xffffffd9][0xfffffff2][0x0][0xffffffaf][0xffffffd8][0xffffffb6][0xffffffcb][0x1a][0xffffff96][0xffffffae][0xffffff81])!PDRB[0x2][0xffffff89][0xffffffa4][0xffffff84][0xffffffc0]2=%[0x2][0xffffff9c][0xffffffc9])[0x11][0x10]5J[0x9]%O4%[0xffffffb4]K[0xffffffd1][0xffffff94]Pj[0xffffffc5]R"[0xffffff9a][0x16]J[0xffffff89]([0xffffffde][0xb])[0xffffffa1]VT[0xfffffff5]9[0xffffffa8]a[0xffffffd0][0xffffff8a][0xffffffaf][0xffffffa8][0xffffffaa][0x6]+[0xffffffaa][0xffffffaa][0xffffffd8][0xffffffa3][0xffffff92][0x8]8[0xffffffb6][0xffffffa2][0xffffffaa][0xffffff86]M)dJ[0xffffff98][0xffffffac][0xffffffa8][0xffffff92]@2)a[0xffffffb0][0xffffffa2]*[0xffffffc0][0xffffff99][0xffffff9d][0x12][0xffffffc6]+[0xffffffaa][0xffffff94]<[0xffffffd9][0xffffff94][0xfffffff0][Q[0xffffffa5][0xffffffd4][0xffffffca][0xffffffa5][0xffffff84][0xffffffcb][0xffffff8a][0xffffffaa]([0xffffffde][0xb])[0xffffffa1]VT[0xffffff8d][0xffffffdb][0xffffff89][0xffffffbd][0xffffff95][0xffffffc0]WTU[0xffffff83][0x15]UU[0xffffffec]QI[0x4][0x1c][QU[0xffffffc3][0xffffffa6][0x14]2%LVTI [0xffffff99][0xffffff94]0XQ[0x15][0xffffffe0][0xffffffcc]N[0x9][0xffffffe3][0x15]UJ[0xffffff9e]lJ[0xfffffff8][0xffffffad][0xffffffa8]Rj[0xffffffe5]R[0xffffffc2]eEU[0x14][0xffffffef][0xffffff85][0xffffff94]P{%F[0xffffffc7]VTU|[0xffffffaf]D5[0xffffffd8]+Q[0xffffffc5][0xfffffff0]s"[0xffffffe0][0xffffffd8]^[0xffffff89][0x1a][0xffffffc6][0xffffff9b][0xffffffc9][0xffffff94]0[0xffffffd9]+![0xffffff81]dR[0xffffffc2]`[0xffffffaf]D[0xffffff80]3;%[0xffffff8c][0xfffffff7]J(y[0xffffffb2])[0xffffffe1][0xffffffb7]WB[0xffffffa9][0xffffff95]K[0x9][0xffffff97][0xffffffbd][0x12]Q[0xffffffbc][0x17]RB[0xffffffed][0xffffff95][0x18][0xffffffa3]5*%[0xfffffff0][0xffffffbd][0x12][0xffffffd5]`[0xffffffaf]D[0x15][0xffffffc3][0xffffffcf][0xffffff89][0xffffff80]c{%j[0x18]o&S[0xffffffc2]d[0xffffffaf][0xffffff84][0x4][0xffffff92]I[0x9][0xffffff83][0xffffffbd][0x12][0x1][0xffffffce][0xffffffec][0xffffff94]0[0xffffffde]+[0xffffffa1][0xffffffe4][0xffffffc9][0xffffffa6][0xffffff84][0xffffffdf]^[0x9][0xffffffa5]V.%\[0xfffffff6]JD[0xfffffff1]^H[0x9]5[0xffffffc1]q[0x1e][0xffffff93][0xfffffffa][0xffffff9c]W[0xffffffc5]'8[0xffffffaa][0xffffffc1][0x4]G[0x15][0xffffffd7][0xffffff8c][0x13][0x1][0xffffffc7]&8j[0xffffffb8]HL[0xffffffa6][0xffffff84][0xffffffc9][0x4][0xffffff87][0x4][0xffffff92]I[0x9][0xffffff83][0x9][0xffffff8e][0x0]gvJ[0x18]Op(y[0xffffffb2])[0xffffffe1]7[0xffffffc1][0xffffffa1][0xffffffd4][0xffffffca][0xffffffa5][0xffffff84][0xffffffcb][0x4]G[0x14][0xffffffef][0xffffffeb])[0xffffffd1][0xffffffd4][0x4][0xffffffc7]Y[0xfffffffb][0xffffff80]R[0xffffffa2][0xffffffe1][0x13][0x1c][0xffffffcd]`[0xffffff82][0xffffffa3][0xffffff89]k[0xffffffc6]y[0xffffff80]7l[0xffffff82][0xffffffa3][0xffffff85][0xffffff8b][0xffffffc4]`J[0x8][0x14][0xffffff91][0xffffff94][0xffffff90]@")![0xffffffb0]LO[0xffffff89][0x0]grJ[0x4]D[0xffffff8d]RB[0xffffffc9][0x13]M[0x9][0xffffffed]R4%[0xffffff94]Z[0xffffffb1][0xffffff94][0xffffff88][0xffffffa6][0xffffff85]R"[0xffffff8a][0xfffffff7]BJ[0x1c]*%[0xffffffce]N}[0xffffff83][0xffffffe3][0xffffffed]<pJ[0x1c][0x6])qD[0xffffffde][0x13][0x1]?[0xffffffb0][0xffffff94]8[0xffffff9c]R"[0xffffffa2][0xffffffc8][0xffffffa4][0xffffff84][0x2][0xffffff92]I[0xffffff89][0xffffff88]e~J[0xffffffec]pf[0xffffffa7][0xffffffc4][0xffffff8e][0xffffffa8]SJ[0x8]y[0xffffffb2])!][0xffffffca][0xffffffa6][0xffffff84]P+[0xffffff97][0x12][0xffffffc1][0xffffffb4]TJ[0x4][0xfffffff1]^H[0xffffff89][0xffffffa2]Rb[0xfffffff5]E[0xffffffa5]D[0xffffffc1]S[0xffffffa2][0x18][0xffffffa4]D[0xffffff89][0xffffffbc]'[0x2]^[0xffffffb0][0xffffff94](N)[0x11]QdRB[0x1][0xffffffc9][0xffffffa4]D[0xffffffc4]2?%v8[0xffffffb3]SbG[0xffffffd4])%[0xffffff84]<[0xffffffd9][0xffffff94][0xffffff90].eSB[0xffffffa8][0xffffff95]K[0xffffff89]`Z*%[0xffffff82]x/[0xffffffa4][0xffffff84][0xffffffda]+1K[0xffffffa7][0xffffff86]A[0x1b][0xffffffbe]W[0xffffffa2][0x19][0xffffffec][0xffffff95]hb[0xfffffff8]9[0x11]pl[0xffffffaf]D[0xb][0xffffffe3][0xffffffcd]dJ[0xffffff98][0xffffffec][0xffffff95][0xffffff90]@2)a[0xffffffb0]W"[0xffffffc0][0xffffff99][0xffffff9d][0x12][0xffffffc6]{%[0xffffff94]<[0xffffffd9][0xffffff94][0xfffffff0][0xffffffdb]+[0xffffffa1][0xffffffd4][0xffffffca][0xffffffa5][0xffffff84][0xffffffcb]^[0xffffff89]([0xffffffde][0xb])[0xffffffa1][0xfffffff6]J[0xffffffcc][0xffffffd6][0xffffffa8][0xffffffc5][0xffffffd9][\r][0xffffffdf]+[0xffffffd1][0xc][0xfffffff6]J41[0xfffffffc][0xffffff9c][0x8]8[0xffffffb6]W[0xffffffa2][0xffffff85][0xfffffff1]f2%L[0xfffffff6]JH [0xffffff99][0xffffff94]0[0xffffffd8]+[0x11][0xffffffe0][0xffffffcc]N[0x9][0xffffffe3][0xffffffbd][0x12]J[0xffffff9e]lJ[0xfffffff8][0xffffffed][0xffffff95]Pj[0xffffffe5]R[0xffffffc2]e[0xffffffaf]D[0x14][0xffffffef][0xffffff85][0xffffff94][0xffffffe8]*%F[0xffffffc5][0xffffffde]Jt<%[0xffffffba]AJ[0xfffffff4][0xffffffc8]{"[0xffffffe0][0x1d]K[0xffffff89][0xffffffee][0xffffff94][0x12][0x11]E&%[0x14][0xffffff90]LJD,[0xfffffff3]Sb[0xffffff87]3;%vD[0xffffff9d]RB[0xffffffc8][0xffffff93]M[0x9][0xffffffe9]R6%[0xffffff84]Z[0xffffffb9][0xffffff94][0x8][0xffffffa6][0xffffffa5]R"[0xffffff88][0xfffffff7]BJ[0xffffffa8][0x15]U[0xfffffff3]<;[0xffffff95][0x12][0xfffffff8][0xffffff8a][0xffffffaa]f[0xffffffb0][0xffffffa2][0xffffffaa][0xffffff89]=*[0xffffff89][0xffffff80]c+[0xffffffaa]Z[0xffffffd8][0xffffff94]B[0xffffffa6][0xffffff84][0xffffffc9][0xffffff8a]*[0x9]$[0xffffff93][0x12][0x6]+[0xffffffaa][0x2][0xffffff9c][0xffffffd9])a[0xffffffbc][0xffffffa2]J[0xffffffc9][0xffffff93]M[0x9][0xffffffbf][0x15]UJ[0xffffffad]\J[0xffffffb8][0xffffffac][0xffffffa8][0xffffff8a][0xffffffe2][0xffffffbd][0xffffff90][0x12]jE[0xffffffd5]\[0x7][0xfffffff6]V[0x2]_Q[0xffffffd5][0xc]VT5[0xffffffb1]G%[0x11]plEU[0xb][0xffffff9b]R[0xffffffc8][0xffffff94]0YQ%[0xffffff81]dR[0xffffffc2]`EU[0xffffff80]3;%[0xffffff8c]WT)y[0xffffffb2])[0xffffffe1][0xffffffb7][0xffffffa2]J[0xffffffa9][0xffffff95]K[0x9][0xffffff97][0x15]UQ[0xffffffbc][0x17]Rb[0xffffffca][0xffffff94]x[0x1c][0x13]I[0xffffff89][0xffffff89][0xffffffa7][0xffffffc4]4H[0xffffff89][0x19]yO[0x4]|b)1[0xffffff9d]R"[0xffffffa2][0xffffffc8][0xffffffa4][0xffffff84][0x2][0xffffff92]I[0xffffff89][0xffffff88]e~J[0xffffffec]pf[0xffffffa7][0xffffffc4][0xffffff8e][0xffffffa8]SJ[0x8]y[0xffffffb2])!][0xffffffca][0xffffffa6][0xffffff84]P+[0xffffff97][0x12][0xffffffc1][0xffffffb4]TJ[0x4][0xfffffff1][0xffffffbe][0xffffff9e][0x12]][0xffffffad][0xffffffa8]Z[0xffffffb7][0xfffffff3][0x6][0xffffffa5]D[0xffffffc7]WTu[0xffffff83][0x15]U][0xffffffec]Q[0xffffffc9][0x3][0xffffffbc]c+[0xffffffaa]z[0xffffffd8][0xffffff94][0x2][0xffffffa6][0xffffff84]@[0x11]I[0x9][0x9]$[0xffffff92][0x12][0x2][0xffffffcb][0xfffffff4][0xffffff94][0x8]p&[0xffffffa7]D@[0xffffffd4](%[0xffffff94]<[0xffffffd1][0xffffff94][0xffffffd0].ESB[0xffffffa9][0x15]K[0xffffff89]hZ(%[0xffffffa2]x/[0xffffffa4][0xffffff84][0xffffffda]+[0xffffffb1][0xffffffea][0xffffff8d][0xfffffffa][0xffffff9c]W[0xffffffc7][0xfffffff7]Jt[0xffffff83][0xffffffbd][0x12]][0xc]?'[0x2][0xffffff8e][0xffffffed][0xffffff95][0xffffffe8]a[0xffffffbc][0xffffff99]L[0x9][0xffffff93][0xffffffbd][0x12][0x12]H&%[0xc][0xfffffff6]J[0x4]8[0xffffffb3]S[0xffffffc2]x[0xffffffaf][0xffffff84][0xffffff92]'[0xffffff9b][0x12]~{%[0xffffff94]Z[0xffffffb9][0xffffff94]p[0xffffffd9]+[0x11][0xffffffc5]{!%[0xffffffd4]0[0xffffffe8][0xffffff9a]'5[0xc][0xffffffda][0xfffffff1]a[0xffffffd0]n0[0xc][0xffffffda][0xffffffc5][0xffffffc4]R"[0xffffffe0][0xffffffd8]0h[0xf]3IdJ[0xffffff98][0xc][0xffffff83]J [0xffffff99][0xffffff94]0[0x18][0x6][\r]pf[0xffffffa7][0xffffff84][0xfffffff1]0[0xffffffa8][0xffffff92]'[0xffffff9b][0x12]~[0xffffffc3][0xffffffa0]J[0xffffffad]\J[0xffffffb8][0xc][0xffffff83]F[0xfffffff1]^H[0x9]1[0xffffffc1]Qo[0xfffffffd][0xffffff86][0xffffffa5][0x4]>[0xffffffc1][0xffffffd1][\r]&8[0xffffffba][0xffffffb8]f[0xffffff9c][0x8]86[0xffffffc1][0xffffffd1][0xffffffc3]Eb2%L&8$[0xffffff90]LJ[0x18]Lp[0x4]8[0xffffffb3]S[0xffffffc2]x[0xffffff82]C[0xffffffc9][0xffffff93]M[0x9][0xffffffbf][0x9][0xe][0xffffffa5]V.%\&8[0xffffffa2]x/[0xffffffa5]D1K[0xffffff89][0xffffff82][0xffffffa7]D1H[0xffffff89][0xffffff82][0xffffffa6]D[0xffffffc1]R[0xffffffa2]8[0xffffffa5][0xffffffc4][0xffffff8e]"[0xffffff95][0x12][0x11]H*%v,[0xffffff89][0xffffff94](pJ[0x14][0xffffffe3][0xffffff94][0x8][0xfffffff2][0xffffffa4]SB[0xffffffb8][0xffffff94]N[0xffffff89][0xffffffa0]V2%[0xffffff8a]KJ[0xffffff94][0xffffff9f]M[0xffffff89][0xffffffa1][0xffffffde]J[0xffffff94][0xffffffb1][0xffffffa8][0xffffffbd][0x12][0x3][0x7f]+1[0xc][0xffffffde]J[0xc][0xffffff91][0xffffffce]y[0xffffff80][0xf][0xffffffec][0xffffffad][0xffffffc4][0x8]q[0xc][0xffffffa6][0xffffff84]@[0x11]I[0x9][0x9]$[0xffffff92][0x12][0x2][0xffffffcb][0xfffffff4][0xffffff94][0x8]p&[0xffffffa7]D@[0xffffffd4](%[0xffffff94]<[0xffffffd1][0xffffff94][0xffffffd0].ESB[0xffffffa9][0x15]K[0xffffff89]hZ(%[0xffffffa2]x/[0xffffffa4][0xffffff84][0xffffffd8]+Q[0xffffffeb][0xffffff81]][0xffffffbb][0x1c][0xfffffff8]^[0xffffff89]a[0xffffffb0]Wb[0xffffff88][0xffffffe1][0xffffffe7]D[0xffffffc0][0xffffffb1][0xffffffbd][0x12]#[0xffffff8c]7[0xffffff93])a[0xffffffb2]WB[0x2][0xffffffc9][0xffffffa4][0xffffff84][0xffffffc1]^[0xffffff89][0x0]gvJ[0x18][0xffffffef][0xffffff95]P[0xfffffff2]dS[0xffffffc2]o[0xffffffaf][0xffffff84]R+[0xffffff97][0x12].{%[0xffffffa2]x/[0xffffffa5]D[0xfffffffc][0xffffff81][0xffffff83]M[0x9][0xfffffff8][0x7][0xffffff8e][0xffffffc7][0x9][0xfffffff8][0xffffff94][0x0][0x7f][0xffffffe0]x<[0xffffff9d]J[0x9][0xffffff9f][0x1f]8[0x4][0xffffff8a]TJ[0xffffff98][0xfffffffc][0xffffffc0]![0xffffffb0]$R[0x2][0xfffffffd][0xffffff81]# [0xffffffea][0xffffff95][0x12]^?ph[0xffffff97][0xffffffd2])[0xffffffe1][0xfffffff3][0x3]G4-[0xffffff97][0x12]?[0xffffffff][0x3][0xffffffc7][0xfffffff9][0xffffffcb]4K[0xffffff89][0xffffff89][0xffffffa7][0xffffffc4]4H[0xffffff89][0xffffff89][0xffffffa6][0xffffffc4][0xffffffc4]Rb:[0xffffffa5][0xffffffc4][0xffffff8e]"[0xffffff95][0x12][0x11]H*%v,[0xffffff89][0xffffff94][0xffffff98]pJL[0xffffffe3][0xffffff94][0x8][0xfffffff2][0xffffffa4]SB[0xffffffb8][0xffffff94]N[0xffffff89][0xffffffa0]V2%[0xffffffa6]KJ[0xffffffcc][0xffffffbf]CJ[0x1c][0xffffffc3][0xffffffac]%[0xffffff8e][0xffffff81][0xffffffc7][0xffffffc4][0xfffffffd][0x8]|M|[0x1c][0xffffff82][0xffffffca][0xffffff89][0xfffffffb][0xffffffe3][0xffffffa9][0xffffff9e]x[0x7f][0xffffffb4]KP[0x4][0x1e][0xffffffa9][0xffffffa2][0x10]TRI[0x11][0xffffffd8]$[0xffffff9a]b#4?*6N[0xffffffbd][0xffffffaa]"j[0xffffff94][0xffffffce][\n]"
08:17:55.090 [TestNG-PoolService-3] DEBUG org.apache.hc.client5.http.wire -- http-outgoing-4 << "M*1"[0xffffffa0]Dc[0xffffffec][0xffffff98][0xffffffe6]G[0xffffffc6][0xe][0xffffffab]We[0x8][0xffffffa1][0xffffffd2][0xffffff99]![0xfffffffd]Jw[0xffffff86][0xffffffd0]-[0x19][0x1a][0xffffffc1][0xffffffbe]\i[0x4][0x19][0xffffffbf][0xffffff92][0x1a][0xffffffe5][0xfffffffd][0xffffff9f]">b^[0xffffffeb]Ykzh|[0xffffff9e][0xffffff87][0xffffffca][0xffffff8c]/'[0xffffffc0]"c;Crb|yzr`[0xfffffffc][0xfffffffa][0xffffffc9]p^<E19.~[0x0]drZ<[0xffffffc5]21,[0xffffff9e][0xffffffc0][0xffffff99][0xffffff96][0x15]O[0x10][0xffffffb5][0xffffff88][0xffffff8a][0xffffffe7][0xfffffff2][0xffffff84][0xffffff92][0xffffffe2]G.[0xffffff85][0xffffff82][0xffffffe2][0xffffffb9]Z[0xffffff81][0xffffff9c]xf[0xffffffda][0xfffffff4][0xffffff98]x&[0xffffffde][0xb])[0xffffffb1]TJ[0xffffffac]#[0x7f]1[0xfffffff7][0xffffffe7]y[0xffffffe0][0xffffff94]X[0x6])[0xffffffb1]"[0xffffffef][0xffffff89][0xffffff80]/,%[0xffffff96]SJD[0x14][0xffffff99][0xffffff94]P@2)[0x11][0xffffffb1][0xffffffcc]O[0xffffff89][0x1d][0xffffffce][0xffffffec][0xffffff94][0xffffffd8][0x11]uJ[0x9]!O6%[0xffffffa4]K[0xffffffd9][0xffffff94][0x10]j[0xffffffe5]R"[0xffffff98][0xffffff96]J[0xffffff89] [0xffffffde][0xffffffd7]S[0xffffffe2][0xffffffbc][0xffffff89][0xffffff94]hG[0xffffffbd]A)[0xfffffff1]v[0x1e]6%[0x1e]'[0xffffff80]S[0xffffffe2][0xfffffffb][0x19][0xffffff90][0xffffff94]x<[0x1d]I[0xffffff89]oO[0xffffffb6]H[0x9][0xffffff81]"[0xffffff92][0x12][0x12]H$%[0x4][0xffffff96][0xffffffe9])[0x11][0xffffffe0]LN[0xffffff89][0xffffff80][0xffffffa8]QJ(y[0xffffffa2])[0xffffffa1]][0xffffff8a][0xffffffa6][0xffffff84]R+[0xffffff96][0x12][0xffffffd1][0xffffffb4]PJD[0xfffffff1]^J[0xffffff89]j[0xffffff96][0x12][0x15]O[0xffffff89]j[0xffffff90][0x12][0x15]M[0xffffff89][0xffffff8a][0xffffffa5]DuJ[0xffffff89][0x1d]E*%"[0xffffff90]TJ[0xffffffec]X[0x12])Q[0xffffffe1][0xffffff94][0xffffffa8][0xffffffc6])[0x11][0xffffffe4]I[0xffffffa7][0xffffff84]p)[0xffffff9d][0x12]A[0xffffffad]dJT[0xffffff97][0xffffff94][0xffffffa8][0x7f][0xffffff87][0xffffff94][0xffffff88][0x3][0x1f]lJ`[0xfffffff3][0x1e]_N[0xffffffc0][0xffffffa7][0x4]2[0xffffffed][0xfffffff1][0xffffffe5][0xffffffe9]TJ8[0xffffffcc]z<E[0xffffff91]J[0x9]|[0xffffffd2][0xffffffe3])[0xffffff96]DJ@s[0x1e]O[0x10][0xfffffff5]J[0x9][0xffffff97])[0xffffff8f][0x1f][0xffffffb9][0xffffff94]N[0x9][0xffffff87][0x19][0xffffff8f]g[0xffffffa6][0xffffffe5]R[0xffffffe2]'&<>[0xfffffffe][0x19][0xffffff87][0xfffffffa][0xffffff81][0xffffffa3][0xffffff9d][0xfffffff9][0xfffffff3][0x1d][0xffffff9f][0xffffffe7][0xffffff81]S[0xffffffe2]0[0xfffffff8][0xffffff81][0xffffffe3][0xffffff88]o[0xffffffe1][0x12][0x1]?[0xffffffb0][0x1f]8[0xe][0xffffffa7][0x1f]8"[0xffffff8a]LJ( [0xffffff99][0xffffff94][0xffffff88]X[0xffffffe6][0xffffffa7][0xffffffc4][0xe]gvJ[0xffffffec][0xffffff88]:[0xffffffa5][0xffffff84][0xffffff90]'[0xffffff9b][0x12][0xffffffd2][0xffffffa5]lJ[0x8][0xffffffb5]r)[0x11]LK[0xffffffa5]D[0x10][0xffffffef][0xffffff85][0xffffff94](*%f[0xffffffc1][0xffffffde]J[0x14]<%[0xffffff8a]AJ[0xffffff94][0xffffffc8]{"[0xffffffe0][0x5]K[0xffffff89][0xffffffe2][0xffffff94][0x12][0x11]E&%[0x14][0xffffff90]LJD,[0xfffffff3]Sb[0xffffff87]3;%vD[0xffffff9d]RB[0xffffffc8][0xffffff93]M[0x9][0xffffffe9]R6%[0xffffff84]Z[0xffffffb9][0xffffff94][0x8][0xffffffa6][0xffffffa5]R"[0xffffff88][0xfffffff7]BJT[0xffffff99][0x12][0xffffffe7][0xffffffa4]R[0xffffffa2][0xffffffe2])Q[\r]R[0xffffffa2]F[0xffffffde][0x13][0x1][0xffffffaf]XJT[0xffffffa7][0xffffff94][0xffffff88](2)[0xffffffa1][0xffffff80]dR"b[0xffffff99][0xffffff9f][0x12];[0xffffff9c][0xffffffd9])[0xffffffb1]#[0xffffffea][0xffffff94][0x12]B[0xffffff9e]lJH[0xffffff97][0xffffffb2])![0xffffffd4][0xffffffca][0xffffffa5]D0-[0xffffff95][0x12]A[0xffffffbc][0x17]R[0xffffffa2][0xffffff89][0xffffff94][0xffffffe8]u,*%[0x1a][0xffffff9e][0x12][0xffffffcd] %Z[0xffffffe4]=[0x11][0xfffffff0][0xffffff86][0xffffffa5]DsJ[0xffffff89][0xffffff88]"[0xffffff93][0x12][\n]"
08:17:55.090 [TestNG-PoolService-1] DEBUG org.apache.hc.client5.http.wire -- http-outgoing-3 << "eU[0xffffffba]+[0xffffffa2]d[0xffffffc9][0xffffffb0][0xffffffd8][0xffffff9d][0xffffffcb][0xffffff95][0xffffffc5][0xffffffae][0xffffffe0]Ki[0xffffffd1]N[0xffffffb3][0xffffffb4]h'[0xffffff9e][0x16][0xfffffff7]#[0xfffffff0]i[0xfffffff1]q[0x8]*-[0xffffffee][0xffffff8f][0xffffffa7][0xffffffd2][0xffffffe2][0xfffffffd][0xffffffd1].i[0x11]x[0xffffffa4][0xffffffd2]BPI[0xffffffa5]E`[0xffffff93]H[0xffffff8b][0xffffff8d][0xffffffd0][0xfffffffc][0xffffffb4][0xffffffd8]8[0xfffffff5]J[0xffffff8b][0xffffffa8]Q:-[0xffffff94]U[0xffffffe9][0xffffffb4][0xffffff88][0xffffff92]%[0xffffffd3]bw.[0xffffff97][0x16][0xffffffbb][0xffffff82]/[0xffffffa5]EwK[0xffffff8b][0xffffffce][0xffffffa7]EwH[0xffffff8b][0xffffffce][0xffffffa6]E[0xffffffe7][0xffffffd2][0xffffffa2][[0xffffffa5]E[0xffffffe0][0xffffff91]J[0xb]A%[0xffffff95][0x16][0xffffff81]M"-:[0xffffff9d][0x16][0xffffffdd]9-[0xffffffa2]F[0xffffffe9][0xffffffb4]PV[0xffffffa5][0xffffffd3]"J[0xffffff96]L[0xffffff8b][0xffffffdd][0xffffffb9]\Z[0xffffffec][\n]"
08:17:55.090 [TestNG-PoolService-3] DEBUG org.apache.hc.client5.http.wire -- http-outgoing-4 << "H&%"[0xffffff96][0xfffffff9])[0xffffffb1][0xffffffc3][0xffffff99][0xffffff9d][0x12];[0xffffffa2]N)![0xffffffe4][0xffffffc9][0xffffffa6][0xffffff84]t)[0xffffff9b][0x12]B[0xffffffad]\J[0x4][0xffffffd3]R)[0x11][0xffffffc4]{!%[0xffffffba]J[0xffffff89]vP+[0xffffffaa][0xffffffde][0xffffffce][0x3][0xffffffa7]D7H[0xffffff89][0x1e]yO[0x4][0xffffffbc]c)[0xffffffd1][0xffffff9d]R"[0xffffffa2][0xffffffc8][0xffffffa4][0xffffff84][0x2][0xffffff92]I[0xffffff89][0xffffff88]e~J[0xffffffec]pf[0xffffffa7][0xffffffc4][0xffffff8e][0xffffffa8]SJ[0x8]y[0xffffffb2])!][0xffffffca][0xffffffa6][0xffffff84]P+[0xffffff97][0x12][0xffffffc1][0xffffffb4]TJ[0x4][0xfffffff1]^H[0xffffff89]!S[0xffffffa2][0xf]*%[0x6][0xffffff9e][0x12][0xffffffc3] %F[0xffffffe4]=[0x11][0xfffffff0][0xffffff81][0xffffffa5][0xffffffc4]pJ[0xffffff89][0xffffff88]"[0xffffff93][0x12][\n]"
08:17:55.090 [TestNG-PoolService-1] DEBUG org.apache.hc.client5.http.wire -- http-outgoing-3 << "[0xffffffbe][0xffffff94][0x16][0xffffffb3][0xffffff9b][0xffffffa5][0xffffffc5][0xffffffec]xZ[0xffffffdc][0xffffff8f][0xffffffc0][0xffffffa7][0xffffffc5][0xffffffc7]![0xffffffa8][0xffffffb4][0xffffffb8]?[0xffffff9e]J[0xffffff8b][0xfffffff7]G[0xffffffbb][0xffffffa4]E[0xffffffe0][0xffffff91]J[0xb]A%[0xffffff95][0x16][0xffffff81]M"-6B[0xfffffff3][0xffffffd3]b[0xffffffe3][0xffffffd4]+-[0xffffffa2]F[0xffffffe9][0xffffffb4]PV[0xffffffa5][0xffffffd3]"J[0xffffff96]L[0xffffff8b][0xffffffdd][0xffffffb9]\Z[0xffffffec][\n]"
08:17:55.090 [TestNG-PoolService-3] DEBUG org.apache.hc.client5.http.wire -- http-outgoing-4 << "H&%"[0xffffff96][0xfffffff9])[0xffffffb1][0xffffffc3][0xffffff99][0xffffff9d][0x12];[0xffffffa2]N)![0xffffffe4][0xffffffc9][0xffffffa6][0xffffff84]t)[0xffffff9b][0x12]B[0xffffffad]\J[0x4][0xffffffd3]R)[0x11][0xffffffc4]{!%N[0xffffff99][0x12][0xb][0xffffffbb]+q[0xffffffe2])q[0x1a][0xffffffa4][0xffffffc4][0x19]yO[0x4][0xfffffffc][0xffffffc4]R[0xffffffe2]tJ[0xffffff89][0xffffff88]"[0xffffff93][0x12][\n]"
08:17:55.090 [TestNG-PoolService-1] DEBUG org.apache.hc.client5.http.wire -- http-outgoing-3 << "[0xffffffbe][0xffffff94][0x16][0xffffffc7]lfmq?[0x11][0x1e][0x17]og[0xffffffe0][0xffffffeb][0xffffffe2][0xffffffdb])[0xffffffa8][0xffffffbc]x{>[0xffffffd5][0x17][0x1f][0xffffffcf]v[0x9][0xffffff8c][0x8]%U[0x18][\n]"
08:17:55.090 [TestNG-PoolService-2] DEBUG org.apache.hc.client5.http.wire -- http-outgoing-5 << "[0xffffffc6][0xffffffe7]y[0xffffffa8][0xffffffcc][0xfffffff8]r[0x2],2[0xffffffb6]3$'[0xffffffc6][0xffffff97][0xffffffa7]'[0x7][0xffffffc6][0xffffffaf][0xffffff9f][0xc][0xffffffe7][0xffffffc5]S[0x14][0xffffff93][0xffffffe3][0xffffffe2][0x7]@&[0xffffffa7][0xffffffc5]S,[0x13][0xffffffc3][0xffffffe2][0x9][0xffffff9c]iY[0xfffffff1][0x4]Q[0xffffff8b][0xffffffa8]x.O()~[0xffffffe4]R(([0xffffff9e][0xffffffab][0x15][0xffffffc8][0xffffff89]g[0xffffffa6]M[0xffffff8f][0xffffff89]g[0xffffffe2][0xffffffbd][0xffffff90][0x12][0xffffff87]H[0xffffff89]y[0xffffff9c][0xfffffff9][0xffffffdf][0xffffffb6][0xfffffffb]<[0xf][0xffffff9c][0x12][0xffffff87]AJ[0x1c][0xffffff91][0xfffffff7]D[0xffffffc0][0xf],%[0xe][0xffffffa7][0xffffff94][0xffffff88](2)[0xffffffa1][0xffffff80]dR"b[0xffffff99][0xffffff9f][0x12];[0xffffff9c][0xffffffd9])[0xffffffb1]#[0xffffffea][0xffffff94][0x12]B[0xffffff9e]lJH[0xffffff97][0xffffffb2])![0xffffffd4][0xffffffca][0xffffffa5]D0-[0xffffff95][0x12]A[0xffffffbc][0x17]R[0xffffffa2][0xffffffa8][0xffffff94][0xffffffe8]+[0xffffffff][0xffffffd3][0xffffff8d][0xffffff9f][0xffffffe7][0xffffff81]S[0xffffffa2][0x18][0xffffffa4]D[0xffffff89][0xffffffbc]'[0x2]^[0xffffffb0][0xffffff94](N)[0x11]QdRB[0x1][0xffffffc9][0xffffffa4]D[0xffffffc4]2?%v8[0xffffffb3]SbG[0xffffffd4])%[0xffffff84]<[0xffffffd9][0xffffff94][0xffffff90].eSB[0xffffffa8][0xffffff95]K[0xffffff89]`Z*%[0xffffff82]x/[0xffffffa4]DU)q[0xffffffce][0xfffffffc][0xffffff9b][0x14][0xffffff9f][0xffffffe7][0xffffff81]S[0xffffffa2][0x1a][0xffffffa4]D[0xffffff8d][0xffffffbc]'[0x2]^[0xffffffb1][0xffffff94][0xffffffa8]N)[0x11]QdRB[0x1][0xffffffc9][0xffffffa4]D[0xffffffc4]2?%v8[0xffffffb3]SbG[0xffffffd4])%[0xffffff84]<[0xffffffd9][0xffffff94][0xffffff90].eSB[0xffffffa8][0xffffff95]K[0xffffff89]`Z*%[0xffffff82]x/[0xffffffa5]D5K[0xffffff89][0xffffff8a][0xffffffa7]D5H[0xffffff89][0xffffff8a][0xffffffa6]D[0xffffffc5]R[0xffffffa2]:[0xffffffa5][0xffffffc4][0xffffff8e]"[0xffffff95][0x12][0x11]H*%v,[0xffffff89][0xffffff94][0xffffffa8]pJT[0xffffffe3][0xffffff94][0x8][0xfffffff2][0xffffffa4]SB[0xffffffb8][0xffffff94]N[0xffffff89][0xffffffa0]V2%[0xffffffaa]KJ[0xffffffd4][0xffffff9f]N[0xffffff89]&[0xffffffde]J[0xffffffac][0xffffffd2]+[0xffffff95][0x12][\r][0x7f]+[0xffffffd1][0xc][0xffffffde]J[0xffffffb4][0xffffff98][0xffffffce][0xffffff89][0xffffff80]7[0xffffffec][0xffffffad]Dsz+[0x11]QdRB[0x1][0xffffffc9][0xffffffa4]D[0xffffffc4]2?%v8[0xffffffb3]SbG[0xffffffd4])%[0xffffff84]<[0xffffffd9][0xffffff94][0xffffff90].eSB[0xffffffa8][0xffffff95]K[0xffffff89]`Z*%[0xffffff82]x/[0xffffffa4]DW)[0xffffffd1][0xffffffda]A[0xffffffa5]D[0xffffffc7]S[0xffffffa2][0x1b][0xffffffa4]D[0xffffff8f][0xffffffbc]'[0x2][0xffffffde][0xffffffb1][0xffffff94][0xffffffe8]N)[0x11]QdRB[0x1][0xffffffc9][0xffffffa4]D[0xffffffc4]2?%v8[0xffffffb3]SbG[0xffffffd4])%[0xffffff84]<[0xffffffd9][0xffffff94][0xffffff90].eSB[0xffffffa8][0xffffff95]K[0xffffff89]`Z*%[0xffffff82]x/[0xffffffa5]D1K[0x9]lW[0xffffffe6][0xffffff97][0x13][0xfffffff0])[0xffffff81]l[0xffffffca][0xfffffffc][0xfffffff2]t*%[0x1c][0xfffffff6]d>E[0xffffff91]J[0x9]|K[0xffffffe6]S,[0xffffff89][0xffffff94][0xffffff80]vd>A[0xffffffd4]+%\6d[0xfffffffe][0xffffffc8][0xffffffa5]tJ8[0xffffffec][0xffffffc7]|fZ.%~b;[0xffffffe6][0xffffffc7]?c[0xffffffa8][0xffffffb7][0x12][0xffffffb3][0xffffff9d]TJ[0xc][0xfffffffc][0xffffffad][0xffffffc4]0x+1b:'[0x2]>[0xffffffb0][0xffffffb7][0x12][0xffffffc3][0xffffffe9][0xffffffad]DD[0xffffff91]I[0x9][0x5]$[0xffffff93][0x12][0x11][0xffffffcb][0xfffffffc][0xffffff94][0xffffffd8][0xffffffe1][0xffffffcc]N[0xffffff89][0x1d]Q[0xffffffa7][0xffffff94][0x10][0xfffffff2]dSB[0xffffffba][0xffffff94]M[0x9][0xffffffa1]V.%[0xffffff82]i[0xffffffa9][0xffffff94][0x8][0xffffffe2][0xffffffbd][0xffffff90][0x12][0xffffffa7]J[0xffffff89]u`o%N<%N[0xffffff83][0xffffff94]8#[0xffffffef][0xffffff89][0xffffff80][0xffffff9f]XJ[0xffffff9c]N)[0x11]QdRB[0x1][0xffffffc9][0xffffffa4]D[0xffffffc4]2?%v8[0xffffffb3]SbG[0xffffffd4])%[0xffffff84]<[0xffffffd9][0xffffff94][0xffffff90].eSB[0xffffffa8][0xffffff95]K[0xffffff89]`Z*%[0xffffff82]x/[0xffffffa4][0xffffffc4][0xffffff94])1[0xffffffb0]m[0xffffff97][0x13]O[0xffffff89]i[0xffffff90][0x12]3[0xfffffff2][0xffffff9e][0x8][0xfffffff8][0xffffffc4]Rb:[0xffffffa5]DD[0xffffff91]I[0x9][0x5]$[0xffffff93][0x12][0x11][0xffffffcb][0xfffffffc][0xffffff94][0xffffffd8][0xffffffe1][0xffffffcc]N[0xffffff89][0x1d]Q[0xffffffa7][0xffffff94][0x10][0xfffffff2]dSB[0xffffffba][0xffffff94]M[0x9][0xffffffa1]V.%[0xffffff82]i[0xffffffa9][0xffffff94][0x8][0xffffffe2][0xffffffbd][0xffffff90][0x12]+[0xffffffa6]D[0xffffffb9][0xffffffdd][0xffffffb8][0xffffffb7][0x12][0xb]O[0xffffff89]e[0xffffff90][0x12]+[0xfffffff2][0xffffff9e][0x8][0xfffffff8][0xffffffc2]Rb9[0xffffffa5]DD[0xffffff91]I[0x9][0x5]$[0xffffff93][0x12][0x11][0xffffffcb][0xfffffffc][0xffffff94][0xffffffd8][0xffffffe1][0xffffffcc]N[0xffffff89][0x1d]Q[0xffffffa7][0xffffff94][0x10][0xfffffff2]dSB[0xffffffba][0xffffff94]M[0x9][0xffffffa1]V.%[0xffffff82]i[0xffffffa9][0xffffff94][0x8][0xffffffe2]}=%[0xffffff8e]C[0xffffffa5]D[0xffffffa9][0xffffffd4]^[0xffffff89][0xffffffb7][0xfffffff3][0xffffffb0])[0xfffffff1]8[0x1][0xffffff9c][0x12][0xffffffdf][0xffffffcf][0xffffff80][0xffffffa4][0xffffffc4][0xffffffe3][0xffffffe9]HJ|{[0xffffffb2]EJ[0x8][0x14][0xffffff91][0xffffff94][0xffffff90]@")![0xffffffb0]LO[0xffffff89][0x0]grJ[0x4]D[0xffffff8d]RB[0xffffffc9][0x13]M[0x9][0xffffffed]R4%[0xffffff94]Z[0xffffffb1][0xffffff94][0xffffff88][0xffffffa6][0xffffff85]R"[0xffffff8a][0xfffffff7]BJ[0xffffff88][0xffffffbd][0x12][0xffffffe5][0xffffffb6]n[0xffffff8d]J[0x9]|[0xffffffaf][0xffffffc4]a[0xffffffb0]W[0xffffffe2][0x10][0xffffffc3][0xffffffcf][0xffffff89][0xffffff80]c{%[0xffffff8e]0[0xffffffde]L[0xffffffa6][0xffffff84][0xffffffc9]^[0x9][0x9]$[0xffffff93][0x12][0x6]{%[0x2][0xffffff9c][0xffffffd9])a[0xffffffbc]WB[0xffffffc9][0xffffff93]M[0x9][0xffffffbf][0xffffffbd][0x12]J[0xffffffad]\J[0xffffffb8][0xffffffec][0xffffff95][0xffffff88][0xffffffe2][0xffffffbd][0xffffff90][0x12]b[0x18][0xffffffb4][0x1c]eu*%[0xfffffff0]a[0xffffffd0][0xffffffc3]`[0x18][0xfffffff4][0x10][0x13]K[0xffffff89][0xffffff80]c[0xffffffc3][0xffffffa0]G[0xffffff98]I"S[0xffffffc2]d[0x18]T[0x2][0xffffffc9][0xffffffa4][0xffffff84][0xffffffc1]0h[0xffffff80]3;%[0xffffff8c][0xffffff87]A[0xffffff95]<[0xffffffd9][0xffffff94][0xfffffff0][0x1b][0x6]Uj[0xffffffe5]R[0xffffffc2]e[0x18]4[0xffffff8a][0xfffffff7]BJ[0xffffffa8][0xffffffbb][0x12]eL[0xffffffea][0xffffffcb][0xffffffa0][0x7]~W[0xffffffe2]0[0xffffffb8]+q[0xffffff88][0x1f][0xfffffff4][0x12][0x1][0xffffffc7][0xffffffee]J[0x1c][0xffffffe1]';2%L[0xffffffee]JH [0xffffff99][0xffffff94]0[0xffffffb8]+[0x11][0xffffffe0][0xffffffcc]N[0x9][0xffffffe3][0xffffffbb][0x12]J[0xffffff9e]lJ[0xfffffff8][0xffffffdd][0xffffff95]Pj[0xffffffe5]R[0xffffffc2][0xffffffe5][0xffffffae]D[0x14][0xffffffef][0xffffffeb])Qn*%[0xffffffd6][0xffffff8d][0xffffffba]+[0xfffffff1]v[0x1e]6%[0xffffffca]M[0xffffffe1][0xffffff9f][0xffffffcb][0xfffffffb][0xfffffff7]3 )QnTJ|{[0xffffffb2]EJ[0x8][0x14][0xffffff91][0xffffff94][0xffffff90]@")![0xffffffb0]LO[0xffffff89][0x0]grJ[0x4]D[0xffffff8d]RB[0xffffffc9][0x13]M[0x9][0xffffffed]R4%[0xffffff94]Z[0xffffffb1][0xffffff94][0xffffff88][0xffffffa6][0xffffff85]R"[0xffffff8a][0xfffffff7]BJ[0xffffff88][0xffffff8f][0xffffff8c][0xffffff97]Z[0xffffffcb][0xffffff8d]J[0x9][0xfffffffc]#[0xffffffe3][0xffffffc5][0xffffffe0]#[0xffffffe3]E|[0x9]7[0x11]p[0xffffffec]#[0xffffffe3]%|[0xffffffeb][0xffffff96]L[0x9][0xffffff93][0xffffff8f][0xffffff8c]K [0xffffff99][0xffffff94]0[0xfffffff8][0xffffffc8]x[0xffffff80]3;%[0xffffff8c]?2[0xffffffae][0xffffffe4][0xffffffc9][0xffffffa6][0xffffff84][0xffffffdf]G[0xffffffc6][0xffffff95]Z[0xffffffb9][0xffffff94]p[0xfffffff9][0xffffffc8]x[0x14][0xffffffef][0xffffff85][0xffffff94][0x10][0x1f][0x19][0xffffffbf][0xffffffa7][0x4][0xfffffff6]9[0xffffffaf][0xffffff82][0x7f]d[0xffffffbc][0x18]|d[0xffffffbc][0xffffff88]/[0xffffffe1]&[0x2][0xffffff8e]}d[0xffffffbc][0xffffff84]o[0xffffffdd][0xffffff92])a[0xfffffff2][0xffffff91]q[0x9]$[0xffffff93][0x12][0x6][0x1f][0x19][0xf]pf[0xffffffa7][0xffffff84][0xfffffff1]G[0xffffffc6][0xffffff95]<[0xffffffd9][0xffffff94][0xfffffff0][0xfffffffb][0xffffffc8][0xffffffb8]R+[0xffffff97][0x12].[0x1f][0x19][0xffffff8f][0xffffffe2][0xffffffbd][0xffffff90][0x12]j[0xffffff82][0xffffffa3][0xffffffd6][0xffffff89][0xffffffbd][0xffffff95][0xffffffc0]'8[0xffffff8a][0xffffffc1][0x4]G[0x11][0xffffffd7][0xffffff8c][0x13][0x1][0xffffffc7]&8J[0xffffffb8]HL[0xffffffa6][0xffffff84][0xffffffc9][0x4][0xffffff87][0x4][0xffffff92]I[0x9][0xffffff83][0x9][0xffffff8e][0x0]gvJ[0x18]Op(y[0xffffffb2])[0xffffffe1]7[0xffffffc1][0xffffffa1][0xffffffd4][0xffffffca][0xffffffa5][0xffffff84][0xffffffcb][0x4]G[0x14][0xffffffef][0xffffff85][0xffffff94][0x10]_[0x6]-[0xffffffb5]U[0xffffffea][0x1b][0x1c][0x5][0xffffffff]2h1[0xfffffff8]2h[0x11][0xffffff9f][0xffffffaf]K[0x4][0x1c][0xfffffffb]2h[0x9][0x1f][0xffffffa8]#S[0xffffffc2][0xffffffe4][0xffffffcb][0xffffffa0][0x12]H&%[0xc][0xffffffbe][0xc][0x1a][0xffffffe0][0xffffffcc]N[0x9][0xffffffe3]/[0xffffff83]*y[0xffffffb2])[0xffffffe1][0xfffffff7]eP[0xffffffa5]V.%\[0xffffffbe][0xc][0x1a][0xffffffc5]{!%[0xffffffc4][0xffffffe7][0xffffffbc]J[0xffffffed][0xffffff8b][0xffffff9a][0xffffffe0]([0xfffffff8][0xffffffe7][0xffffffbc][0xffffff8a][0xffffffc1][0xffffffe7][0xffffffbc][0xffffff8a][0xfffffff8][0xffffffe6]L"[0xffffffe0][0xffffffd8][0xffffffe7][0xffffffbc]J[0xfffffff8][0xffffffaa][0xc][0xffffff99][0x12]&[0xffffff9f][0xfffffff3][0xffffff92]@2)a[0xfffffff0]9[0xffffffaf][0x0]gvJ[0x18][0x7f][0xffffffce]K[0xffffffc9][0xffffff93]M[0x9][0xffffffbf][0xffffffcf]y)[0xffffffb5]r)[0xffffffe1][0xfffffff2]9[0xffffffaf]([0xffffffde][0xb])!>[0xffffffe7]U[0xffffffda][0xffffffad]S{%[\n]"
08:17:55.090 [TestNG-PoolService-1] DEBUG org.apache.hc.client5.http.wire -- http-outgoing-3 << "M*1"[0xffffffa0]Dc[0xffffffec][0xffffff98][0xffffffe6]G[0xffffffc6][0xe][0xffffffab]We[0x8][0xffffffa1][0xffffffd2][0xffffff99]![0xfffffffd]Jw[0xffffff86][0xffffffd0]-[0x19][0x1a][0xffffffc1][0xffffffbe]\i[0x4][0x19][0xffffffbf][0xffffff92][0x1a][0xffffffe5][0xfffffffd][0xffffff9f]">b^[0xffffffeb]Ykzh|[0xffffff9e][0xffffff87][0xffffffca][0xffffff8c]/'[0xffffffc0]"c;Crb|yzr`[0xfffffffc][0xfffffffa][0xffffffc9]p^<E19.~[0x0]drZ<[0xffffffc5]21,[0xffffff9e][0xffffffc0][0xffffff99][0xffffff96][0x15]O[0x10][0xffffffb5][0xffffff88][0xffffff8a][0xffffffe7][0xfffffff2][0xffffff84][0xffffff92][0xffffffe2]G.[0xffffff85][0xffffff82][0xffffffe2][0xffffffb9]Z[0xffffff81][0xffffff9c]xf[0xffffffda][0xfffffff4][0xffffff98]x&[0xffffffde][0xb])[0xffffffb1]TJ[0xffffffac]#[0x7f]1[0xfffffff7][0xffffffe7]y[0xffffffe0][0xffffff94]X[0x6])[0xffffffb1]"[0xffffffef][0xffffff89][0xffffff80]/,%[0xffffff96]SJD[0x14][0xffffff99][0xffffff94]P@2)[0x11][0xffffffb1][0xffffffcc]O[0xffffff89][0x1d][0xffffffce][0xffffffec][0xffffff94][0xffffffd8][0x11]uJ[0x9]!O6%[0xffffffa4]K[0xffffffd9][0xffffff94][0x10]j[0xffffffe5]R"[0xffffff98][0xffffff96]J[0xffffff89] [0xffffffde][0xffffffd7]S[0xffffffe2][0xffffffbc][0xffffff89][0xffffff94]hG[0xffffffbd]A)[0xfffffff1]v[0x1e]6%[0x1e]'[0xffffff80]S[0xffffffe2][0xfffffffb][0x19][0xffffff90][0xffffff94]x<[0x1d]I[0xffffff89]oO[0xffffffb6]H[0x9][0xffffff81]"[0xffffff92][0x12][0x12]H$%[0x4][0xffffff96][0xffffffe9])[0x11][0xffffffe0]LN[0xffffff89][0xffffff80][0xffffffa8]QJ(y[0xffffffa2])[0xffffffa1]][0xffffff8a][0xffffffa6][0xffffff84]R+[0xffffff96][0x12][0xffffffd1][0xffffffb4]PJD[0xfffffff1]^J[0xffffff89]j[0xffffff96][0x12][0x15]O[0xffffff89]j[0xffffff90][0x12][0x15]M[0xffffff89][0xffffff8a][0xffffffa5]DuJ[0xffffff89][0x1d]E*%"[0xffffff90]TJ[0xffffffec]X[0x12])Q[0xffffffe1][0xffffff94][0xffffffa8][0xffffffc6])[0x11][0xffffffe4]I[0xffffffa7][0xffffff84]p)[0xffffff9d][0x12]A[0xffffffad]dJT[0xffffff97][0xffffff94][0xffffffa8][0x7f][0xffffff87][0xffffff94][0xffffff88][0x3][0x1f]lJ`[0xfffffff3][0x1e]_N[0xffffffc0][0xffffffa7][0x4]2[0xffffffed][0xfffffff1][0xffffffe5][0xffffffe9]TJ8[0xffffffcc]z<E[0xffffff91]J[0x9]|[0xffffffd2][0xffffffe3])[0xffffff96]DJ@s[0x1e]O[0x10][0xfffffff5]J[0x9][0xffffff97])[0xffffff8f][0x1f][0xffffffb9][0xffffff94]N[0x9][0xffffff87][0x19][0xffffff8f]g[0xffffffa6][0xffffffe5]R[0xffffffe2]'&<>[0xfffffffe][0x19][0xffffff87][0xfffffffa][0xffffff81][0xffffffa3][0xffffff9d][0xfffffff9][0xfffffff3][0x1d][0xffffff9f][0xffffffe7][0xffffff81]S[0xffffffe2]0[0xfffffff8][0xffffff81][0xffffffe3][0xffffff88]o[0xffffffe1][0x12][0x1]?[0xffffffb0][0x1f]8[0xe][0xffffffa7][0x1f]8"[0xffffff8a]LJ( [0xffffff99][0xffffff94][0xffffff88]X[0xffffffe6][0xffffffa7][0xffffffc4][0xe]gvJ[0xffffffec][0xffffff88]:[0xffffffa5][0xffffff84][0xffffff90]'[0xffffff9b][0x12][0xffffffd2][0xffffffa5]lJ[0x8][0xffffffb5]r)[0x11]LK[0xffffffa5]D[0x10][0xffffffef][0xffffff85][0xffffff94](*%f[0xffffffc1][0xffffffde]J[0x14]<%[0xffffff8a]AJ[0xffffff94][0xffffffc8]{"[0xffffffe0][0x5]K[0xffffff89][0xffffffe2][0xffffff94][0x12][0x11]E&%[0x14][0xffffff90]LJD,[0xfffffff3]Sb[0xffffff87]3;%vD[0xffffff9d]RB[0xffffffc8][0xffffff93]M[0x9][0xffffffe9]R6%[0xffffff84]Z[0xffffffb9][0xffffff94][0x8][0xffffffa6][0xffffffa5]R"[0xffffff88][0xfffffff7]BJT[0xffffff99][0x12][0xffffffe7][0xffffffa4]R[0xffffffa2][0xffffffe2])Q[\r]R[0xffffffa2]F[0xffffffde][0x13][0x1][0xffffffaf]XJT[0xffffffa7][0xffffff94][0xffffff88](2)[0xffffffa1][0xffffff80]dR"b[0xffffff99][0xffffff9f][0x12];[0xffffff9c][0xffffffd9])[0xffffffb1]#[0xffffffea][0xffffff94][0x12]B[0xffffff9e]lJH[0xffffff97][0xffffffb2])![0xffffffd4][0xffffffca][0xffffffa5]D0-[0xffffff95][0x12]A[0xffffffbc][0x17]R[0xffffffa2][0xffffff89][0xffffff94][0xffffffe8]u,*%[0x1a][0xffffff9e][0x12][0xffffffcd] %Z[0xffffffe4]=[0x11][0xfffffff0][0xffffff86][0xffffffa5]DsJ[0xffffff89][0xffffff88]"[0xffffff93][0x12][\n]"
08:17:55.091 [TestNG-PoolService-3] DEBUG org.apache.hc.client5.http.wire -- http-outgoing-4 << "H&%"[0xffffff96][0xfffffff9])[0xffffffb1][0xffffffc3][0xffffff99][0xffffff9d][0x12];[0xffffffa2]N)![0xffffffe4][0xffffffc9][0xffffffa6][0xffffff84]t)[0xffffff9b][0x12]B[0xffffffad]\J[0x4][0xffffffd3]R)[0x11][0xffffffc4]{!%[0xffffffd4]78z[0xffffffef][0xffffffd8]][0x9][0xfffffffc][0x1b][0x1c][0xffffffa7][0xffffffc1]78N[0xffffffb1](>[0x11]p[0xffffffec][0x1b][0x1c]gX[0x5]O[0xffffffa6][0xffffff84][0xffffffc9]78$[0xffffff90]LJ[0x18]|[0xffffff83]#[0xffffffc0][0xffffff99][0xffffff9d][0x12][0xffffffc6][0xffffffdf][0xffffffe0]P[0xfffffff2]dS[0xffffffc2][0xffffffef][0x1b][0x1c]J[0xffffffad]\J[0xffffffb8]|[0xffffff83]#[0xffffff8a][0xfffffff7]BJ[0xffffffa8]op[0xfffffff4][0xfffffff3][0xffffff86][0xffffffbd][0xffffff95][0xffffffc0][0xffffffbf][0xffffffc1]q[0x1a]|[0xffffff83][0xffffffe3][0x14][0xffffff8b][0xffffffe2][0x13][0x1][0xffffffc7][0xffffffbe][0xffffffc1]q[0xffffff86]U[0xfffffff0]dJ[0xffffff98]|[0xffffff83]C[0x2][0xffffffc9][0xffffffa4][0xffffff84][0xffffffc1]78[0x2][0xffffff9c][0xffffffd9])a[0xfffffffc][\r][0xe]%O6%[0xfffffffc][0xffffffbe][0xffffffc1][0xffffffa1][0xffffffd4][0xffffffca][0xffffffa5][0xffffff84][0xffffffcb]78[0xffffffa2]x/[0xffffffa5]D1K[0xffffff89][0xffffff82][0xffffffa7]D1H[0xffffff89][0xffffff82][0xffffffa6]D[0xffffffc1]R[0xffffffa2]8[0xffffffa5][0xffffffc4][0xffffff8e]"[0xffffff95][0x12][0x11]H*%v,[0xffffff89][0xffffff94](pJ[0x14][0xffffffe3][0xffffff94][0x8][0xfffffff2][0xffffffa4]SB[0xffffffb8][0xffffff94]N[0xffffff89][0xffffffa0]V2%[0xffffff8a]KJ[0xffffff94][0xffffff9f]M[0xffffff89][0xffffffa9]>[0xffffffe7]5[0xffffff8e][0x1b][0xfffffff5][0x3][0xffffffc7][0xffffffc4]?[0xffffffe7]5[\r]>[0xffffffe7]5[0xffffffc5]7g[0xfffffff2][0x0][0xffffff9f][0xffffffd8][0xffffffe7][0xffffffbc]f[0xfffffff8][0xffffffaa][0xc][0xffffff98][0x12][0x2]E$%$[0xffffff90]HJ[0x8],[0xffffffd3]S"[0xffffffc0][0xffffff99][0xffffff9c][0x12][0x1]Q[0xffffffa3][0xffffff94]P[0xfffffff2]DSB[0xffffffbb][0x14]M[0x9][0xffffffa5]V,%[0xffffffa2]i[0xffffffa1][0xffffff94][0xffffff88][0xffffffe2][0xffffffbd][0xffffff90][0x12]jq[0xfffffff6]([0xffffff93]z+1[0xfffffff1][0xffffffc5][0xffffffd9][0xffffffd3]`q[0xfffffff6][0x14][0xffffffdb]][0x13][0x1][0xffffffc7][0x16]g[0xffffffcf][0xffffffb0][0xffffffbf][0xffffff95]L[0x9][0xffffff93][0xffffffc5][0xffffffd9][0x12]H&%[0xc][0x16]g[0x7]8[0xffffffb3]S[0xffffffc2]xq[0xffffffb6][0xffffff92]'[0xffffff9b][0x12]~[0xffffff8b][0xffffffb3][0xffffff95]Z[0xffffffb9][0xffffff94]pY[0xffffff9c][0x1d][0xffffffc5]{!%[0xffffff8a]J[0xffffff89][0xffffffb3]a)Q[0xfffffff0][0xffffff94]([0x6])Q"[0xffffffef][0xffffff89][0xffffff80][0x17],%[0xffffff8a]SJD[0x14][0xffffff99][0xffffff94]P@2)[0x11][0xffffffb1][0xffffffcc]O[0xffffff89][0x1d][0xffffffce][0xffffffec][0xffffff94][0xffffffd8][0x11]uJ[0x9]!O6%[0xffffffa4]K[0xffffffd9][0xffffff94][0x10]j[0xffffffe5]R"[0xffffff98][0xffffff96]J[0xffffff89] [0xffffffde][0xb])[0xffffffa1][0x16]g[0xffffff8f]u`)[0xffffff81]/[0xffffffce][0xffffff9e][0x6][0xffffff8b][0xffffffb3][0xffffffa7][0xffffffd8][0xffffffee][0xffffff9a][0x8]8[0xffffffb6]8{[0xffffff86][0xfffffffd][0xffffffad]dJ[0xffffff98],[0xffffffce][0xffffff96]@2)a[0xffffffb0]8;[0xffffffc0][0xffffff99][0xffffff9d][0x12][0xffffffc6][0xffffff8b][0xffffffb3][0xffffff95]<[0xffffffd9][0xffffff94][0xfffffff0][[0xffffff9c][0xffffffad][0xffffffd4][0xffffffca][0xffffffa5][0xffffff84][0xffffffcb][0xffffffe2][0xffffffec]([0xffffffde][0xb])[0xffffffa1][0x16]g[0xffffff9f][0xfffffff5][0xffffffd6][0xffffffa9][0xffffff94][0xffffffc0][0x17]gO[0xffffff83][0xffffffc5][0xffffffd9]SlwM[0x4][0x1c][[0xffffff9c]=[0xffffffc3][0xfffffffe]V2%L[0x16]gK [0xffffff99][0xffffff94]0X[0xffffff9c][0x1d][0xffffffe0][0xffffffcc]N[0x9][0xffffffe3][0xffffffc5][0xffffffd9]J[0xffffff9e]lJ[0xfffffff8]-[0xffffffce]Vj[0xffffffe5]R[0xffffffc2]eqv[0x14][0xffffffef][0xffffff85][0xffffff94]P[0xffffff8b][0xffffffb3][0xffffffcf][0xffffffb6][0xffffffb0]k[0xffffff97][0xfffffff8][0xffffffe2][0xffffffec]i[0xffffffb0]8{[0xffffff8a][0xffffffed][0xffffffae][0xffffff89][0xffffff80]c[0xffffff8b][0xffffffb3]g[0xffffffd8][0xffffffdf]J[0xffffffa6][0xffffff84][0xffffffc9][0xffffffe2]l[0x9]$[0xffffff93][0x12][0x6][0xffffff8b][0xffffffb3][0x3][0xffffff9c][0xffffffd9])a[0xffffffbc]8[[0xffffffc9][0xffffff93]M[0x9][0xffffffbf][0xffffffc5][0xffffffd9]J[0xffffffad]\J[0xffffffb8],[0xffffffce][0xffffff8e][0xffffffe2][0xffffffbd][0xffffff90][0x12]jq[0xfffffff6]9[0x17][0xfffffff5][0xffffff91][0xfffffff1][0xffffff89]/[0xffffffce][0xffffff9e][0x6][0xffffff8b][0xffffffb3][0xffffffa7][0xffffffd8][0xffffffee][0xffffff9a][0x8]8[0xffffffb6]8{[0xffffff86][0xfffffffd][0xffffffad]dJ[0xffffff98],[0xffffffce][0xffffff96]@2)a[0xffffffb0]8;[0xffffffc0][0xffffff99][0xffffff9d][0x12][0xffffffc6][0xffffff8b][0xffffffb3][0xffffff95]<[0xffffffd9][0xffffff94][0xfffffff0][[0xffffff9c][0xffffffad][0xffffffd4][0xffffffca][0xffffffa5][0xffffff84][0xffffffcb][0xffffffe2][0xffffffec]([0xffffffde][0xb])[0xffffffa1][0x16]g[0xffffffcf][0x1b][0xfffffff6][\r][0xffffff8e][0xffffff89]/[0xffffffce][0xffffff9e][0x6][0xffffff8b][0xffffffb3][0xffffffa7][0xffffffd8][0xffffffee][0xffffff9a][0x8]8[0xffffffb6]8{[0xffffff86][0xfffffffd][0xffffffad]dJ[0xffffff98],[0xffffffce][0xffffff96]@2)a[0xffffffb0]8;[0xffffffc0][0xffffff99][0xffffff9d][0x12][0xffffffc6][0xffffff8b][0xffffffb3][0xffffff95]<[0xffffffd9][0xffffff94][0xfffffff0][[0xffffff9c][0xffffffad][0xffffffd4][0xffffffca][0xffffffa5][0xffffff84][0xffffffcb][0xffffffe2][0xffffffec]([0xffffffde][0xb])[0xffffffa1][0x16]g[0xffffffcf][0xffffff8a]-[0xffffffce][0xffffff9e][0xfffffff8][0xffffffe2][0xffffffec]i[0xffffffb0]8{[0xffffff8a][0xffffffed][0xffffffae][0xffffff89][0xffffff80]c[0xffffff8b][0xffffffb3]g[0xffffffd8][0xffffffdf]J[0xffffffa6][0xffffff84][0xffffffc9][0xffffffe2]l[0x9]$[0xffffff93][0x12][0x6][0xffffff8b][0xffffffb3][0x3][0xffffff9c][0xffffffd9])a[0xffffffbc]8[[0xffffffc9][0xffffff93]M[0x9][0xffffffbf][0xffffffc5][0xffffffd9]J[0xffffffad]\J[0xffffffb8],[0xffffffce][0xffffff8e][0xffffffe2][0xffffffbd][0xffffff90][0x12]jq[0xfffffff6][0xffffffe4]>2>[0xfffffff1][0xffffffc5][0xffffffd9][0xffffffd3]`q[0xfffffff6][0x14][0xffffffdb]][0x13][0x1][0xffffffc7][0x16]g[0xffffffcf][0xffffffb0][0xffffffbf][0xffffff95]L[0x9][0xffffff93][0xffffffc5][0xffffffd9][0x12]H&%[0xc][0x16]g[0x7]8[0xffffffb3]S[0xffffffc2]xq[0xffffffb6][0xffffff92]'[0xffffff9b][0x12]~[0xffffff8b][0xffffffb3][0xffffff95]Z[0xffffffb9][0xffffff94]pY[0xffffff9c][0x1d][0xffffffc5][0xfffffffb]zJ,[0xffffffb5][0xffffffed]r[0xffffffb6]J[0xffffffbd][0xffffff95]X[0xfffffff8][0xffffffb6][0xffffffcb]e[0xffffffb0][0xffffffed]r[0xffffff89][0xffffff95]ly[0xffffff80]/l[0xffffffdb][0xffffffe5][\n]"
08:17:55.091 [TestNG-PoolService-3] DEBUG org.apache.hc.client5.http.wire -- http-outgoing-4 << "K[0xffffffd7][0xffffffc0][0xffffff94][0x10](")![0xffffff81]DRB`[0xffffff99][0xffffff9e][0x12][0x1][0xffffffce][0xffffffe4][0xffffff94][0x8][0xffffff88][0x1a][0xffffffa5][0xffffff84][0xffffff92]'[0xffffff9a][0x12][0xffffffda][0xffffffa5]hJ([0xffffffb5]b)[0x11]M[0xb][0xffffffa5]D[0x14][0xffffffef][0xffffff85][0xffffff94](2%[0xffffffd6]A[0xffffffa5]D[0xffffffc1]S[0xffffffa2][0x18][0xffffffa4]D[0xffffff89][0xffffffbc]'[0x2]^[0xffffffb0][0xffffff94](N)[0x11]QdRB[0x1][0xffffffc9][0xffffffa4]D[0xffffffc4]2?%v8[0xffffffb3]SbG[0xffffffd4])%[0xffffff84]<[0xffffffd9][0xffffff94][0xffffff90].eSB[0xffffffa8][0xffffff95]K[0xffffff89]`Z*%[0xffffff82]x/[0xffffffa4][0xffffff84]ZQ5[0xfffffffb][0xffffffa4]~[0xffffffe0]X[0xfffffff8][0xffffff8a][0xffffffaa]e[0xffffffb0][0xffffffa2]j[0xffffff89]=*[0xffffff89][0xffffff80]c+[0xffffffaa]V[0xffffffd8][0xffffff94]B[0xffffffa6][0xffffff84][0xffffffc9][0xffffff8a]*[0x9]$[0xffffff93][0x12][0x6]+[0xffffffaa][0x2][0xffffff9c][0xffffffd9])a[0xffffffbc][0xffffffa2]J[0xffffffc9][0xffffff93]M[0x9][0xffffffbf][0x15]UJ[0xffffffad]\J[0xffffffb8][0xffffffac][0xffffffa8][0xffffff8a][0xffffffe2][0xffffffbd][0xffffff90][0x12]jE[0xffffffd5]\[0x7]5[0xffffffc1][0xffffffb1][0xfffffff0][0x15]U[0xffffffcb]`E[0xffffffd5][0x12]{T[0x12][0x1][0xffffffc7]VT[0xffffffad][0xffffffb0])[0xffffff85]L[0x9][0xffffff93][0x15]U[0x12]H&%[0xc]VT[0x5]8[0xffffffb3]S[0xffffffc2]xE[0xffffff95][0xffffff92]'[0xffffff9b][0x12]~+[0xffffffaa][0xffffff94]Z[0xffffffb9][0xffffff94]pYQ[0x15][0xffffffc5]{!%[0xffffffd4][0xffffff8a][0xffffffaa]u`[0xffffff8b][0xffffffb3][0x17][0xffffffbe][0xffffffa2]j[0x19][0xffffffac][0xffffffa8]Zb[0xffffff8f]J"[0xffffffe0][0xffffffd8][0xffffff8a][0xffffffaa][0x15]6[0xffffffa5][0xffffff90])a[0xffffffb2][0xffffffa2]J[0x2][0xffffffc9][0xffffffa4][0xffffff84][0xffffffc1][0xffffff8a][0xffffffaa][0x0]gvJ[0x18][0xffffffaf][0xffffffa8]R[0xfffffff2]dS[0xffffffc2]oE[0xffffff95]R+[0xffffff97][0x12].+[0xffffffaa][0xffffffa2]x/[0xffffffa5]D1K[0xffffff89][0xffffff82][0xffffffa7]D1H[0xffffff89][0xffffff82][0xffffffa6]D[0xffffffc1]R[0xffffffa2]8[0xffffffa5][0xffffffc4][0xffffff8e]"[0xffffff95][0x12][0x11]H*%v,[0xffffff89][0xffffff94](pJ[0x14][0xffffffe3][0xffffff94][0x8][0xfffffff2][0xffffffa4]SB[0xffffffb8][0xffffff94]N[0xffffff89][0xffffffa0]V2%[0xffffff8a]KJ[0xffffff94][0xffffff9f]N[0x9][0xffffffb5][0xffffffed]r[0xfffffff5][0xffffffe3][0xffffffa4]R[0x2][0xffffffdf]v[0xffffffb9][0xc][0xffffffb6]].[0xffffffb1][0xffffff92]-[0x11]pl[0xffffffdb][0xffffffe5][\n]"
08:17:55.091 [TestNG-PoolService-1] DEBUG org.apache.hc.client5.http.wire -- http-outgoing-3 << "H&%"[0xffffff96][0xfffffff9])[0xffffffb1][0xffffffc3][0xffffff99][0xffffff9d][0x12];[0xffffffa2]N)![0xffffffe4][0xffffffc9][0xffffffa6][0xffffff84]t)[0xffffff9b][0x12]B[0xffffffad]\J[0x4][0xffffffd3]R)[0x11][0xffffffc4]{!%[0xffffffba]J[0xffffff89]vP+[0xffffffaa][0xffffffde][0xffffffce][0x3][0xffffffa7]D7H[0xffffff89][0x1e]yO[0x4][0xffffffbc]c)[0xffffffd1][0xffffff9d]R"[0xffffffa2][0xffffffc8][0xffffffa4][0xffffff84][0x2][0xffffff92]I[0xffffff89][0xffffff88]e~J[0xffffffec]pf[0xffffffa7][0xffffffc4][0xffffff8e][0xffffffa8]SJ[0x8]y[0xffffffb2])!][0xffffffca][0xffffffa6][0xffffff84]P+[0xffffff97][0x12][0xffffffc1][0xffffffb4]TJ[0x4][0xfffffff1]^H[0xffffff89]!S[0xffffffa2][0xf]*%[0x6][0xffffff9e][0x12][0xffffffc3] %F[0xffffffe4]=[0x11][0xfffffff0][0xffffff81][0xffffffa5][0xffffffc4]pJ[0xffffff89][0xffffff88]"[0xffffff93][0x12][\n]"
08:17:55.091 [TestNG-PoolService-2] DEBUG org.apache.hc.client5.http.wire -- http-outgoing-5 << "[0xfffffffe]9[0xffffffaf]b[0xfffffff0]9[0xffffffaf]"[0xffffffbe]9[0xffffff93][0x8]8[0xfffffff6]9[0xffffffaf][0x12][0xffffffbe]*C[0xffffffa6][0xffffff84][0xffffffc9][0xffffffe7][0xffffffbc]$[0xffffff90]LJ[0x18]|[0xffffffce]+[0xffffffc0][0xffffff99][0xffffff9d][0x12][0xffffffc6][0xffffff9f][0xfffffff3]R[0xfffffff2]dS[0xffffffc2][0xffffffef]s^J[0xffffffad]\J[0xffffffb8]|[0xffffffce]+[0xffffff8a][0xfffffff7]BJ[0xffffff88][0xffffffcf]y[0xffffff95]V[0xffffffce]F[0xffffffa5][0x4][0xfffffffe]9[0xffffffaf]b[0xfffffff0]9[0xffffffaf]"[0xffffffbe]9[0xffffff93][0x8]8[0xfffffff6]9[0xffffffaf][0x12][0xffffffbe]*C[0xffffffa6][0xffffff84][0xffffffc9][0xffffffe7][0xffffffbc]$[0xffffff90]LJ[0x18]|[0xffffffce]+[0xffffffc0][0xffffff99][0xffffff9d][0x12][0xffffffc6][0xffffff9f][0xfffffff3]R[0xfffffff2]dS[0xffffffc2][0xffffffef]s^J[0xffffffad]\J[0xffffffb8]|[0xffffffce]+[0xffffff8a][0xfffffff7]RJ[0xffffffc4]m[0xffffff97]lJ[0xffffffc0][0xffffffdb].[0x1f]'[0xffffffe0]S[0x2][0xffffffdc]v[0xfffffff9]x:[0xffffff95][0x12]>[0xffffffdb].[0x5][0xffffff8a]TJ[0xffffff98]l[0xffffffbb][0x14]X[0x12])[0xffffff81]n[0xffffffbb][0xc][0xffffff88]z[0xffffffa5][0xffffff84][0xffffffd7][0xffffffb6]K[0xffffffed]R:%|[0xffffffb6]]F[0xffffffd3]r)[0xfffffff1][0xffffffd3][0xffffffdb].[0xffffff8b][0xffffffda]v[0xffffffd9][0xffffffce][0x1b][0xfffffff5]e[0xffffffd0][0xffffff82]o[0xffffffbb],[0x6][0xffffffdb].[0xffffff8b]X[0xffffffc9][0xffffff96][0x8]8[0xffffffb6][0xffffffed][0xffffffb2][0xffffff84][0xffffffa5]kdJ[0xffffff98]l[0xffffffbb][0xffffff94]@2)a[0xffffffb0][0xffffffed]2[0xffffffc0][0xffffff99][0xffffff9d][0x12][0xffffffc6][0xffffffdb].[0xffffff95]<[0xffffffd9][0xffffff94][0xfffffff0][0xffffffdb]v[0xffffffa9][0xffffffd4][0xffffffca][0xffffffa5][0xffffff84][0xffffffcb][0xffffffb6][0xffffffcb]([0xffffffde][0xffffffd7]S[0xffffffa2][0xffffffaa]m[0xffffff97][0xffffff8d][0xffffffdb]vY[0xfffffff1]m[0xffffff97][0xffffffd5]`[0xffffffdb]e[0x15]+[0xffffffd9][0xfffffff2][0x0][0xffffffaf][0xffffffd8][0xffffffb6][0xffffffcb][0x1a][0xffffff96][0xffffffae][0xffffff81])!PDRB[0x2][0xffffff89][0xffffffa4][0xffffff84][0xffffffc0]2=%[0x2][0xffffff9c][0xffffffc9])[0x11][0x10]5J[0x9]%O4%[0xffffffb4]K[0xffffffd1][0xffffff94]Pj[0xffffffc5]R"[0xffffff9a][0x16]J[0xffffff89]([0xffffffde][0xb])[0xffffffa1]VT[0xfffffff5]9[0xffffffa8]a[0xffffffd0][0xffffff8a][0xffffffaf][0xffffffa8][0xffffffaa][0x6]+[0xffffffaa][0xffffffaa][0xffffffd8][0xffffffa3][0xffffff92][0x8]8[0xffffffb6][0xffffffa2][0xffffffaa][0xffffff86]M)dJ[0xffffff98][0xffffffac][0xffffffa8][0xffffff92]@2)a[0xffffffb0][0xffffffa2]*[0xffffffc0][0xffffff99][0xffffff9d][0x12][0xffffffc6]+[0xffffffaa][0xffffff94]<[0xffffffd9][0xffffff94][0xfffffff0][Q[0xffffffa5][0xffffffd4][0xffffffca][0xffffffa5][0xffffff84][0xffffffcb][0xffffff8a][0xffffffaa]([0xffffffde][0xb])[0xffffffa1]VT[0xffffff8d][0xffffffdb][0xffffff89][0xffffffbd][0xffffff95][0xffffffc0]WTU[0xffffff83][0x15]UU[0xffffffec]QI[0x4][0x1c][QU[0xffffffc3][0xffffffa6][0x14]2%LVTI [0xffffff99][0xffffff94]0XQ[0x15][0xffffffe0][0xffffffcc]N[0x9][0xffffffe3][0x15]UJ[0xffffff9e]lJ[0xfffffff8][0xffffffad][0xffffffa8]Rj[0xffffffe5]R[0xffffffc2]eEU[0x14][0xffffffef][0xffffff85][0xffffff94]P{%F[0xffffffc7]VTU|[0xffffffaf]D5[0xffffffd8]+Q[0xffffffc5][0xfffffff0]s"[0xffffffe0][0xffffffd8]^[0xffffff89][0x1a][0xffffffc6][0xffffff9b][0xffffffc9][0xffffff94]0[0xffffffd9]+![0xffffff81]dR[0xffffffc2]`[0xffffffaf]D[0xffffff80]3;%[0xffffff8c][0xfffffff7]J(y[0xffffffb2])[0xffffffe1][0xffffffb7]WB[0xffffffa9][0xffffff95]K[0x9][0xffffff97][0xffffffbd][0x12]Q[0xffffffbc][0x17]RB[0xffffffed][0xffffff95][0x18][0xffffffa3]5*%[0xfffffff0][0xffffffbd][0x12][0xffffffd5]`[0xffffffaf]D[0x15][0xffffffc3][0xffffffcf][0xffffff89][0xffffff80]c{%j[0x18]o&S[0xffffffc2]d[0xffffffaf][0xffffff84][0x4][0xffffff92]I[0x9][0xffffff83][0xffffffbd][0x12][0x1][0xffffffce][0xffffffec][0xffffff94]0[0xffffffde]+[0xffffffa1][0xffffffe4][0xffffffc9][0xffffffa6][0xffffff84][0xffffffdf]^[0x9][0xffffffa5]V.%\[0xfffffff6]JD[0xfffffff1]^H[0x9]5[0xffffffc1]q[0x1e][0xffffff93][0xfffffffa][0xffffff9c]W[0xffffffc5]'8[0xffffffaa][0xffffffc1][0x4]G[0x15][0xffffffd7][0xffffff8c][0x13][0x1][0xffffffc7]&8j[0xffffffb8]HL[0xffffffa6][0xffffff84][0xffffffc9][0x4][0xffffff87][0x4][0xffffff92]I[0x9][0xffffff83][0x9][0xffffff8e][0x0]gvJ[0x18]Op(y[0xffffffb2])[0xffffffe1]7[0xffffffc1][0xffffffa1][0xffffffd4][0xffffffca][0xffffffa5][0xffffff84][0xffffffcb][0x4]G[0x14][0xffffffef][0xffffffeb])[0xffffffd1][0xffffffd4][0x4][0xffffffc7]Y[0xfffffffb][0xffffff80]R[0xffffffa2][0xffffffe1][0x13][0x1c][0xffffffcd]`[0xffffff82][0xffffffa3][0xffffff89]k[0xffffffc6]y[0xffffff80]7l[0xffffff82][0xffffffa3][0xffffff85][0xffffff8b][0xffffffc4]`J[0x8][0x14][0xffffff91][0xffffff94][0xffffff90]@")![0xffffffb0]LO[0xffffff89][0x0]grJ[0x4]D[0xffffff8d]RB[0xffffffc9][0x13]M[0x9][0xffffffed]R4%[0xffffff94]Z[0xffffffb1][0xffffff94][0xffffff88][0xffffffa6][0xffffff85]R"[0xffffff8a][0xfffffff7]BJ[0x1c]*%[0xffffffce]N}[0xffffff83][0xffffffe3][0xffffffed]<pJ[0x1c][0x6])qD[0xffffffde][0x13][0x1]?[0xffffffb0][0xffffff94]8[0xffffff9c]R"[0xffffffa2][0xffffffc8][0xffffffa4][0xffffff84][0x2][0xffffff92]I[0xffffff89][0xffffff88]e~J[0xffffffec]pf[0xffffffa7][0xffffffc4][0xffffff8e][0xffffffa8]SJ[0x8]y[0xffffffb2])!][0xffffffca][0xffffffa6][0xffffff84]P+[0xffffff97][0x12][0xffffffc1][0xffffffb4]TJ[0x4][0xfffffff1]^H[0xffffff89][0xffffffa2]Rb[0xfffffff5]E[0xffffffa5]D[0xffffffc1]S[0xffffffa2][0x18][0xffffffa4]D[0xffffff89][0xffffffbc]'[0x2]^[0xffffffb0][0xffffff94](N)[0x11]QdRB[0x1][0xffffffc9][0xffffffa4]D[0xffffffc4]2?%v8[0xffffffb3]SbG[0xffffffd4])%[0xffffff84]<[0xffffffd9][0xffffff94][0xffffff90].eSB[0xffffffa8][0xffffff95]K[0xffffff89]`Z*%[0xffffff82]x/[0xffffffa4][0xffffff84][0xffffffda]+1K[0xffffffa7][0xffffff86]A[0x1b][0xffffffbe]W[0xffffffa2][0x19][0xffffffec][0xffffff95]hb[0xfffffff8]9[0x11]pl[0xffffffaf]D[0xb][0xffffffe3][0xffffffcd]dJ[0xffffff98][0xffffffec][0xffffff95][0xffffff90]@2)a[0xffffffb0]W"[0xffffffc0][0xffffff99][0xffffff9d][0x12][0xffffffc6]{%[0xffffff94]<[0xffffffd9][0xffffff94][0xfffffff0][0xffffffdb]+[0xffffffa1][0xffffffd4][0xffffffca][0xffffffa5][0xffffff84][0xffffffcb]^[0xffffff89]([0xffffffde][0xb])[0xffffffa1][0xfffffff6]J[0xffffffcc][0xffffffd6][0xffffffa8][0xffffffc5][0xffffffd9][\r][0xffffffdf]+[0xffffffd1][0xc][0xfffffff6]J41[0xfffffffc][0xffffff9c][0x8]8[0xffffffb6]W[0xffffffa2][0xffffff85][0xfffffff1]f2%L[0xfffffff6]JH [0xffffff99][0xffffff94]0[0xffffffd8]+[0x11][0xffffffe0][0xffffffcc]N[0x9][0xffffffe3][0xffffffbd][0x12]J[0xffffff9e]lJ[0xfffffff8][0xffffffed][0xffffff95]Pj[0xffffffe5]R[0xffffffc2]e[0xffffffaf]D[0x14][0xffffffef][0xffffff85][0xffffff94][0xffffffe8]*%F[0xffffffc5][0xffffffde]Jt<%[0xffffffba]AJ[0xfffffff4][0xffffffc8]{"[0xffffffe0][0x1d]K[0xffffff89][0xffffffee][0xffffff94][0x12][0x11]E&%[0x14][0xffffff90]LJD,[0xfffffff3]Sb[0xffffff87]3;%vD[0xffffff9d]RB[0xffffffc8][0xffffff93]M[0x9][0xffffffe9]R6%[0xffffff84]Z[0xffffffb9][0xffffff94][0x8][0xffffffa6][0xffffffa5]R"[0xffffff88][0xfffffff7]BJ[0xffffffa8][0x15]U[0xfffffff3]<;[0xffffff95][0x12][0xfffffff8][0xffffff8a][0xffffffaa]f[0xffffffb0][0xffffffa2][0xffffffaa][0xffffff89]=*[0xffffff89][0xffffff80]c+[0xffffffaa]Z[0xffffffd8][0xffffff94]B[0xffffffa6][0xffffff84][0xffffffc9][0xffffff8a]*[0x9]$[0xffffff93][0x12][0x6]+[0xffffffaa][0x2][0xffffff9c][0xffffffd9])a[0xffffffbc][0xffffffa2]J[0xffffffc9][0xffffff93]M[0x9][0xffffffbf][0x15]UJ[0xffffffad]\J[0xffffffb8][0xffffffac][0xffffffa8][0xffffff8a][0xffffffe2][0xffffffbd][0xffffff90][0x12]jE[0xffffffd5]\[0x7][0xfffffff6]V[0x2]_Q[0xffffffd5][0xc]VT5[0xffffffb1]G%[0x11]plEU[0xb][0xffffff9b]R[0xffffffc8][0xffffff94]0YQ%[0xffffff81]dR[0xffffffc2]`EU[0xffffff80]3;%[0xffffff8c]WT)y[0xffffffb2])[0xffffffe1][0xffffffb7][0xffffffa2]J[0xffffffa9][0xffffff95]K[0x9][0xffffff97][0x15]UQ[0xffffffbc][0x17]Rb[0xffffffca][0xffffff94]x[0x1c][0x13]I[0xffffff89][0xffffff89][0xffffffa7][0xffffffc4]4H[0xffffff89][0x19]yO[0x4]|b)1[0xffffff9d]R"[0xffffffa2][0xffffffc8][0xffffffa4][0xffffff84][0x2][0xffffff92]I[0xffffff89][0xffffff88]e~J[0xffffffec]pf[0xffffffa7][0xffffffc4][0xffffff8e][0xffffffa8]SJ[0x8]y[0xffffffb2])!][0xffffffca][0xffffffa6][0xffffff84]P+[0xffffff97][0x12][0xffffffc1][0xffffffb4]TJ[0x4][0xfffffff1][0xffffffbe][0xffffff9e][0x12]][0xffffffad][0xffffffa8]Z[0xffffffb7][0xfffffff3][0x6][0xffffffa5]D[0xffffffc7]WTu[0xffffff83][0x15]U][0xffffffec]Q[0xffffffc9][0x3][0xffffffbc]c+[0xffffffaa]z[0xffffffd8][0xffffff94][0x2][0xffffffa6][0xffffff84]@[0x11]I[0x9][0x9]$[0xffffff92][0x12][0x2][0xffffffcb][0xfffffff4][0xffffff94][0x8]p&[0xffffffa7]D@[0xffffffd4](%[0xffffff94]<[0xffffffd1][0xffffff94][0xffffffd0].ESB[0xffffffa9][0x15]K[0xffffff89]hZ(%[0xffffffa2]x/[0xffffffa4][0xffffff84][0xffffffda]+[0xffffffb1][0xffffffea][0xffffff8d][0xfffffffa][0xffffff9c]W[0xffffffc7][0xfffffff7]Jt[0xffffff83][0xffffffbd][0x12]][0xc]?'[0x2][0xffffff8e][0xffffffed][0xffffff95][0xffffffe8]a[0xffffffbc][0xffffff99]L[0x9][0xffffff93][0xffffffbd][0x12][0x12]H&%[0xc][0xfffffff6]J[0x4]8[0xffffffb3]S[0xffffffc2]x[0xffffffaf][0xffffff84][0xffffff92]'[0xffffff9b][0x12]~{%[0xffffff94]Z[0xffffffb9][0xffffff94]p[0xffffffd9]+[0x11][0xffffffc5]{!%[0xffffffd4]0[0xffffffe8][0xffffff9a]'5[0xc][0xffffffda][0xfffffff1]a[0xffffffd0]n0[0xc][0xffffffda][0xffffffc5][0xffffffc4]R"[0xffffffe0][0xffffffd8]0h[0xf]3IdJ[0xffffff98][0xc][0xffffff83]J [0xffffff99][0xffffff94]0[0x18][0x6][\r]pf[0xffffffa7][0xffffff84][0xfffffff1]0[0xffffffa8][0xffffff92]'[0xffffff9b][0x12]~[0xffffffc3][0xffffffa0]J[0xffffffad]\J[0xffffffb8][0xc][0xffffff83]F[0xfffffff1]^H[0x9]1[0xffffffc1]Qo[0xfffffffd][0xffffff86][0xffffffa5][0x4]>[0xffffffc1][0xffffffd1][\r]&8[0xffffffba][0xffffffb8]f[0xffffff9c][0x8]86[0xffffffc1][0xffffffd1][0xffffffc3]Eb2%L&8$[0xffffff90]LJ[0x18]Lp[0x4]8[0xffffffb3]S[0xffffffc2]x[0xffffff82]C[0xffffffc9][0xffffff93]M[0x9][0xffffffbf][0x9][0xe][0xffffffa5]V.%\&8[0xffffffa2]x/[0xffffffa5]D1K[0xffffff89][0xffffff82][0xffffffa7]D1H[0xffffff89][0xffffff82][0xffffffa6]D[0xffffffc1]R[0xffffffa2]8[0xffffffa5][0xffffffc4][0xffffff8e]"[0xffffff95][0x12][0x11]H*%v,[0xffffff89][0xffffff94](pJ[0x14][0xffffffe3][0xffffff94][0x8][0xfffffff2][0xffffffa4]SB[0xffffffb8][0xffffff94]N[0xffffff89][0xffffffa0]V2%[0xffffff8a]KJ[0xffffff94][0xffffff9f]M[0xffffff89][0xffffffa1][0xffffffde]J[0xffffff94][0xffffffb1][0xffffffa8][0xffffffbd][0x12][0x3][0x7f]+1[0xc][0xffffffde]J[0xc][0xffffff91][0xffffffce]y[0xffffff80][0xf][0xffffffec][0xffffffad][0xffffffc4][0x8]q[0xc][0xffffffa6][0xffffff84]@[0x11]I[0x9][0x9]$[0xffffff92][0x12][0x2][0xffffffcb][0xfffffff4][0xffffff94][0x8]p&[0xffffffa7]D@[0xffffffd4](%[0xffffff94]<[0xffffffd1][0xffffff94][0xffffffd0].ESB[0xffffffa9][0x15]K[0xffffff89]hZ(%[0xffffffa2]x/[0xffffffa4][0xffffff84][0xffffffd8]+Q[0xffffffeb][0xffffff81]][0xffffffbb][0x1c][0xfffffff8]^[0xffffff89]a[0xffffffb0]Wb[0xffffff88][0xffffffe1][0xffffffe7]D[0xffffffc0][0xffffffb1][0xffffffbd][0x12]#[0xffffff8c]7[0xffffff93])a[0xffffffb2]WB[0x2][0xffffffc9][0xffffffa4][0xffffff84][0xffffffc1]^[0xffffff89][0x0]gvJ[0x18][0xffffffef][0xffffff95]P[0xfffffff2]dS[0xffffffc2]o[0xffffffaf][0xffffff84]R+[0xffffff97][0x12].{%[0xffffffa2]x/[0xffffffa5]D[0xfffffffc][0xffffff81][0xffffff83]M[0x9][0xfffffff8][0x7][0xffffff8e][0xffffffc7][0x9][0xfffffff8][0xffffff94][0x0][0x7f][0xffffffe0]x<[0xffffff9d]J[0x9][0xffffff9f][0x1f]8[0x4][0xffffff8a]TJ[0xffffff98][0xfffffffc][0xffffffc0]![0xffffffb0]$R[0x2][0xfffffffd][0xffffff81]# [0xffffffea][0xffffff95][0x12]^?ph[0xffffff97][0xffffffd2])[0xffffffe1][0xfffffff3][0x3]G4-[0xffffff97][0x12]?[0xffffffff][0x3][0xffffffc7][0xfffffff9][0xffffffcb]4K[0xffffff89][0xffffff89][0xffffffa7][0xffffffc4]4H[0xffffff89][0xffffff89][0xffffffa6][0xffffffc4][0xffffffc4]Rb:[0xffffffa5][0xffffffc4][0xffffff8e]"[0xffffff95][0x12][0x11]H*%v,[0xffffff89][0xffffff94][0xffffff98]pJL[0xffffffe3][0xffffff94][0x8][0xfffffff2][0xffffffa4]SB[0xffffffb8][0xffffff94]N[0xffffff89][0xffffffa0]V2%[0xffffffa6]KJ[0xffffffcc][0xffffffbf]CJ[0x1c][0xffffffc3][0xffffffac]%[0xffffff8e][0xffffff81][0xffffffc7][0xffffffc4][0xfffffffd][0x8]|M|[0x1c][0xffffff82][0xffffffca][0xffffff89][0xfffffffb][0xffffffe3][0xffffffa9][0xffffff9e]x[0x7f][0xffffffb4]KP[0x4][0x1e][0xffffffa9][0xffffffa2][0x10]TRI[0x11][0xffffffd8]$[0xffffff9a]b#4?*6N[0xffffffbd][0xffffffaa]"j[0xffffff94][0xffffffce][\n]"
08:17:55.092 [TestNG-PoolService-1] DEBUG org.apache.hc.client5.http.wire -- http-outgoing-3 << "H&%"[0xffffff96][0xfffffff9])[0xffffffb1][0xffffffc3][0xffffff99][0xffffff9d][0x12];[0xffffffa2]N)![0xffffffe4][0xffffffc9][0xffffffa6][0xffffff84]t)[0xffffff9b][0x12]B[0xffffffad]\J[0x4][0xffffffd3]R)[0x11][0xffffffc4]{!%N[0xffffff99][0x12][0xb][0xffffffbb]+q[0xffffffe2])q[0x1a][0xffffffa4][0xffffffc4][0x19]yO[0x4][0xfffffffc][0xffffffc4]R[0xffffffe2]tJ[0xffffff89][0xffffff88]"[0xffffff93][0x12][\n]"
08:17:55.092 [TestNG-PoolService-3] DEBUG org.apache.hc.client5.http.wire -- http-outgoing-4 << "K[0xffffffd7][0xffffffc8][0xffffff94]0[0xffffffd9]v)[0xffffff81]dR[0xffffffc2]`[0xffffffdb]e[0xffffff80]3;%[0xffffff8c][0xffffffb7]]*y[0xffffffb2])[0xffffffe1][0xffffffb7][0xffffffed]R[0xffffffa9][0xffffff95]K[0x9][0xffffff97]m[0xffffff97]Q[0xffffffbc][0x17]RBm[0xffffffbb]\[0xffffffa3]a[0x13][0x1c][0xfffffff8][0xffffffb6][0xffffffcb]e[0xffffffb0][0xffffffed]r[0xffffff89][0xffffff95]l[0xffffff89][0xffffff80]c[0xffffffdb].WX[0xffffffba]F[0xffffffa6][0xffffff84][0xffffffc9][0xffffffb6]K[0x9]$[0xffffff93][0x12][0x6][0xffffffdb].[0x3][0xffffff9c][0xffffffd9])a[0xffffffbc][0xffffffed]R[0xffffffc9][0xffffff93]M[0x9][0xffffffbf]m[0xffffff97]J[0xffffffad]\J[0xffffffb8]l[0xffffffbb][0xffffff8c][0xffffffe2][0xffffffbd][0xffffff90][0x12]bEU[0xffffffbb][0x1d][0xffffffb7]F[0xffffffa5][0x4][0xffffffbe][0xffffffa2]j[0x19][0xffffffac][0xffffffa8]Zb[0xffffff8f]J"[0xffffffe0][0xffffffd8][0xffffff8a][0xffffffaa][0x15]6[0xffffffa5][0xffffff90])a[0xffffffb2][0xffffffa2]J[0x2][0xffffffc9][0xffffffa4][0xffffff84][0xffffffc1][0xffffff8a][0xffffffaa][0x0]gvJ[0x18][0xffffffaf][0xffffffa8]R[0xfffffff2]dS[0xffffffc2]oE[0xffffff95]R+[0xffffff97][0x12].+[0xffffffaa][0xffffffa2]x_N[0xffffff89]r[0x13]+[0xffffffaa][0xffffffda][0xffffffad][0x15][0xffffffe8][0x7][0xffffff8e][0xffffffc7]y[0xffffffd0][0xffffff94]x?[0x1][0xffffff9b][0x12][0xffffff9f]g R[0xffffffe2][0xfffffffd][0xffffffe9]DJ|[0x7f][0xffffffb2]CJ([0x14][0xffffff89][0xffffff94][0xffffffd0]@[0x12])[0xffffffa1][0xffffffb0][0xffffffcc]N[0xffffff89][0x8]gnJDD}RB[0xffffffca][0xffffff93]L[0xffffff89]'.%SB[0xffffffaa][0xffffff95]J[0x9]aZ&%[0xffffff84]x/[0xffffffa4][0xffffffc4][0xffffffa1]R[0xffffffa2][0xf][0xffffffe8][0x7][0xffffff8e][0xffffffc7]y[0xffffffe0][0xffffff94]8[0xc]R[0xffffffe2][0xffffff88][0xffffffbc]'[0x2]~`)q8[0xffffffa5]DD[0xffffff91]I[0x9][0x5]$[0xffffff93][0x12][0x11][0xffffffcb][0xfffffffc][0xffffff94][0xffffffd8][0xffffffe1][0xffffffcc]N[0xffffff89][0x1d]Q[0xffffffa7][0xffffff94][0x10][0xfffffff2]dSB[0xffffffba][0xffffff94]M[0x9][0xffffffa1]V.%[0xffffff82]i[0xffffffa9][0xffffff94][0x8][0xffffffe2][0xffffffbd][0xffffff90][0x12]E[0xffffffa5][0xffffffc4][0xffffffe8][0xffffffd0][0xffffff8a][0xffffffaa][0xffffffc7]y[0xffffffe0][0xffffff94]([0x6])Q"[0xffffffef][0xffffff89][0xffffff80][0x17],%[0xffffff8a]SJD[0x14][0xffffff99][0xffffff94]P@2)[0x11][0xffffffb1][0xffffffcc]O[0xffffff89][0x1d][0xffffffce][0xffffffec][0xffffff94][0xffffffd8][0x11]uJ[0x9]!O6%[0xffffffa4]K[0xffffffd9][0xffffff94][0x10]j[0xffffffe5]R"[0xffffff98][0xffffff96]J[0xffffff89] [0xffffffde][0xb])![0xffffffb6]][0xffffffb6][0xffffffdb]y[0xffffffbb]Q)Ao[0xffffffbb]|?[0x1][0xffffff9d][0x12][0xffffffe4][0xffffffb6][0xffffffcb][0xfffffff7][0xffffffa7]3)a[0xffffffb4][0xffffffed]R[0xffffffa1][0xffffffc8][0xffffffa4][0xffffff84][0xffffffcb][0xffffffb6]K[0xffffff85]e~J[0xffffffb0][0xffffffdb].#[0xffffffa2]N)a[0xffffffb6][0xffffffed][0xfffffff2][0xffffff89]K[0xffffffd9][0xffffff94]0[0xffffffda]v)LK[0xffffffa5][0xffffffc4][0xffffffcf]o[0xffffffbb],7[0xffffffb1][0xffffffed][0xfffffff2][0xffffff9e][0x12][0xffffffd4][0x4][0xffffffc7][0xffffffe3]<pJ[0xfffffff0][0xffffffdb].?[0xffffffcf][0xffffffc0][0xffffffa4][0x4][0xffffffb5][0xffffffed][0xfffffff2][0xfffffffb][0xffffff93]=R[0xffffffc2]c[0xffffffdb][0xffffffa5][0x6][0xffffff92]I[0x9]~[0xffffffdb]e[0xffffff84]3;%|[0xffffffb7]]Jy[0xffffffb2])a[0xffffffb7][0xffffffed]R[0xffffffaa][0xffffff95]K[0x9][0xffffff93]m[0xffffff97]B[0xffffffbc][0x17]RB[0xffffffec][0xffffff95]h[0xffffffb7]Y[0xffffffb1][0x1f]8[0xffffffe8][0xffffffbd][0x12][0xffffffef]'[0xffffffa0]S[0xffffff82][0xffffffdc]+[0xfffffff1][0xfffffffe]t&%[0xffffff8c][0xfffffff6]J([0x14][0xffffff99][0xffffff94]p[0xffffffd9]+[0xffffffa1][0xffffffb0][0xffffffcc]O[0x9]v[0xffffffaf]DD[0xffffffd4])%[0xffffffcc][0xfffffff6]J<q)[0xffffff9b][0x12]F{%[0xffffff84]i[0xffffffa9][0xffffff94][0xfffffff8][0xfffffff9][0xffffffbd][0x12][0xffffffe5]&[0xfffffff6]J[0xffffffdc]SbB[0x1f][0x19][0x7f][0xffffff9c][0x7]N[0x9]~[0xffffffaf][0xffffffc4][0xffffffe7][0x19][0xffffff98][0xffffff94][0xffffffa0][0xfffffff6]J|[0x7f][0xffffffb2]GJx[0xffffffec][0xffffff95][0xffffffd0]@2)[0xffffffc1][0xffffffef][0xffffff95][0xffffff88]pf[0xffffffa7][0xffffff84][0xffffffef]^[0x9])O6%[0xffffffec][0xfffffff6]JH[0xffffffb5]r)a[0xffffffb2]WB[0xffffff88][0xfffffff7]BJL[0xffffff95][0x12][0xffffffab]aw%&[0xffffff9e][0x12][0xffffffd3] %f[0xffffffe4]=[0x11][0xfffffff0][0xffffff89][0xffffffa5][0xffffffc4]tJ[0xffffff89][0xffffff88]"[0xffffff93][0x12][\n]"
08:17:55.092 [TestNG-PoolService-2] DEBUG org.apache.hc.client5.http.wire -- http-outgoing-5 << "eU[0xffffffba]+[0xffffffa2]d[0xffffffc9][0xffffffb0][0xffffffd8][0xffffff9d][0xffffffcb][0xffffff95][0xffffffc5][0xffffffae][0xffffffe0]Ki[0xffffffd1]N[0xffffffb3][0xffffffb4]h'[0xffffff9e][0x16][0xfffffff7]#[0xfffffff0]i[0xfffffff1]q[0x8]*-[0xffffffee][0xffffff8f][0xffffffa7][0xffffffd2][0xffffffe2][0xfffffffd][0xffffffd1].i[0x11]x[0xffffffa4][0xffffffd2]BPI[0xffffffa5]E`[0xffffff93]H[0xffffff8b][0xffffff8d][0xffffffd0][0xfffffffc][0xffffffb4][0xffffffd8]8[0xfffffff5]J[0xffffff8b][0xffffffa8]Q:-[0xffffff94]U[0xffffffe9][0xffffffb4][0xffffff88][0xffffff92]%[0xffffffd3]bw.[0xffffff97][0x16][0xffffffbb][0xffffff82]/[0xffffffa5]EwK[0xffffff8b][0xffffffce][0xffffffa7]EwH[0xffffff8b][0xffffffce][0xffffffa6]E[0xffffffe7][0xffffffd2][0xffffffa2][[0xffffffa5]E[0xffffffe0][0xffffff91]J[0xb]A%[0xffffff95][0x16][0xffffff81]M"-:[0xffffff9d][0x16][0xffffffdd]9-[0xffffffa2]F[0xffffffe9][0xffffffb4]PV[0xffffffa5][0xffffffd3]"J[0xffffff96]L[0xffffff8b][0xffffffdd][0xffffffb9]\Z[0xffffffec][\n]"
08:17:55.093 [TestNG-PoolService-3] DEBUG org.apache.hc.client5.http.wire -- http-outgoing-4 << "H&%"[0xffffff96][0xfffffff9])[0xffffffb1][0xffffffc3][0xffffff99][0xffffff9d][0x12];[0xffffffa2]N)![0xffffffe4][0xffffffc9][0xffffffa6][0xffffff84]t)[0xffffff9b][0x12]B[0xffffffad]\J[0x4][0xffffffd3]R)[0x11][0xffffffc4]{!%[0xffffffe4][0xffffff8a][0xffffffaa][0xffffffb5][0x1a][0xffffff95][0x12][0xfffffff4][0xffffff8a][0xffffffaa][0xfffffff7][0x13][0xffffffd0])A[0xffffffae][0xffffffa8]z[0x7f]:[0xffffff93][0x12]F+[0xffffffaa][0x14][0xffffff8a]LJ[0xffffffb8][0xffffffac][0xffffffa8]RX[0xffffffe6][0xffffffa7][0x4][0xffffffbb][0xffffffa2]*"[0xffffffea][0xffffff94][0x12]f+[0xffffffaa][0xffffff9e][0xffffffb8][0xffffff94]M[0x9][0xffffffa3][0x15]U[0xffffffc2][0xffffffb4]TJ[0xfffffffc][0x1d]VT[0x1d]jE[0xffffffd5]q[0xffffffc3]~[0xffffffe0]8[0xfffffff0][0x15]U[0xffffff87][0xffffffc1][0xffffff8a][0xffffffaa]C[0xffffffec]Q[0xffffffc9][0x3][0xfffffffc][0xffffffc0]VT[0x1d]aS[\n]"
08:17:55.093 [TestNG-PoolService-2] DEBUG org.apache.hc.client5.http.wire -- http-outgoing-5 << "[0xffffffbe][0xffffff94][0x16][0xffffffb3][0xffffff9b][0xffffffa5][0xffffffc5][0xffffffec]xZ[0xffffffdc][0xffffff8f][0xffffffc0][0xffffffa7][0xffffffc5][0xffffffc7]![0xffffffa8][0xffffffb4][0xffffffb8]?[0xffffff9e]J[0xffffff8b][0xfffffff7]G[0xffffffbb][0xffffffa4]E[0xffffffe0][0xffffff91]J[0xb]A%[0xffffff95][0x16][0xffffff81]M"-6B[0xfffffff3][0xffffffd3]b[0xffffffe3][0xffffffd4]+-[0xffffffa2]F[0xffffffe9][0xffffffb4]PV[0xffffffa5][0xffffffd3]"J[0xffffff96]L[0xffffff8b][0xffffffdd][0xffffffb9]\Z[0xffffffec][\n]"
08:17:55.093 [TestNG-PoolService-3] DEBUG org.apache.hc.client5.http.wire -- http-outgoing-4 << "[0xffffff98][0x12][0x2]E$%$[0xffffff90]HJ[0x8],[0xffffffd3]S"[0xffffffc0][0xffffff99][0xffffff9c][0x12][0x1]Q[0xffffffa3][0xffffff94]P[0xfffffff2]DSB[0xffffffbb][0x14]M[0x9][0xffffffa5]V,%[0xffffffa2]i[0xffffffa1][0xffffff94][0xffffff88][0xffffffe2][0xffffffbd][0xffffff90][0x12]jE[0xffffffd5]q`{%[0xe]|E[0xffffffd5]a[0xffffffb0][0xffffffa2][0xffffffea][0x10]{T[0x12][0x1][0xffffffc7]VT[0x1d]aS[\n]"
08:17:55.093 [TestNG-PoolService-1] DEBUG org.apache.hc.client5.http.wire -- http-outgoing-3 << "H&%"[0xffffff96][0xfffffff9])[0xffffffb1][0xffffffc3][0xffffff99][0xffffff9d][0x12];[0xffffffa2]N)![0xffffffe4][0xffffffc9][0xffffffa6][0xffffff84]t)[0xffffff9b][0x12]B[0xffffffad]\J[0x4][0xffffffd3]R)[0x11][0xffffffc4]{!%[0xffffffd4]78z[0xffffffef][0xffffffd8]][0x9][0xfffffffc][0x1b][0x1c][0xffffffa7][0xffffffc1]78N[0xffffffb1](>[0x11]p[0xffffffec][0x1b][0x1c]gX[0x5]O[0xffffffa6][0xffffff84][0xffffffc9]78$[0xffffff90]LJ[0x18]|[0xffffff83]#[0xffffffc0][0xffffff99][0xffffff9d][0x12][0xffffffc6][0xffffffdf][0xffffffe0]P[0xfffffff2]dS[0xffffffc2][0xffffffef][0x1b][0x1c]J[0xffffffad]\J[0xffffffb8]|[0xffffff83]#[0xffffff8a][0xfffffff7]BJ[0xffffffa8]op[0xfffffff4][0xfffffff3][0xffffff86][0xffffffbd][0xffffff95][0xffffffc0][0xffffffbf][0xffffffc1]q[0x1a]|[0xffffff83][0xffffffe3][0x14][0xffffff8b][0xffffffe2][0x13][0x1][0xffffffc7][0xffffffbe][0xffffffc1]q[0xffffff86]U[0xfffffff0]dJ[0xffffff98]|[0xffffff83]C[0x2][0xffffffc9][0xffffffa4][0xffffff84][0xffffffc1]78[0x2][0xffffff9c][0xffffffd9])a[0xfffffffc][\r][0xe]%O6%[0xfffffffc][0xffffffbe][0xffffffc1][0xffffffa1][0xffffffd4][0xffffffca][0xffffffa5][0xffffff84][0xffffffcb]78[0xffffffa2]x/[0xffffffa5]D1K[0xffffff89][0xffffff82][0xffffffa7]D1H[0xffffff89][0xffffff82][0xffffffa6]D[0xffffffc1]R[0xffffffa2]8[0xffffffa5][0xffffffc4][0xffffff8e]"[0xffffff95][0x12][0x11]H*%v,[0xffffff89][0xffffff94](pJ[0x14][0xffffffe3][0xffffff94][0x8][0xfffffff2][0xffffffa4]SB[0xffffffb8][0xffffff94]N[0xffffff89][0xffffffa0]V2%[0xffffff8a]KJ[0xffffff94][0xffffff9f]M[0xffffff89][0xffffffa9]>[0xffffffe7]5[0xffffff8e][0x1b][0xfffffff5][0x3][0xffffffc7][0xffffffc4]?[0xffffffe7]5[\r]>[0xffffffe7]5[0xffffffc5]7g[0xfffffff2][0x0][0xffffff9f][0xffffffd8][0xffffffe7][0xffffffbc]f[0xfffffff8][0xffffffaa][0xc][0xffffff98][0x12][0x2]E$%$[0xffffff90]HJ[0x8],[0xffffffd3]S"[0xffffffc0][0xffffff99][0xffffff9c][0x12][0x1]Q[0xffffffa3][0xffffff94]P[0xfffffff2]DSB[0xffffffbb][0x14]M[0x9][0xffffffa5]V,%[0xffffffa2]i[0xffffffa1][0xffffff94][0xffffff88][0xffffffe2][0xffffffbd][0xffffff90][0x12]jq[0xfffffff6]([0xffffff93]z+1[0xfffffff1][0xffffffc5][0xffffffd9][0xffffffd3]`q[0xfffffff6][0x14][0xffffffdb]][0x13][0x1][0xffffffc7][0x16]g[0xffffffcf][0xffffffb0][0xffffffbf][0xffffff95]L[0x9][0xffffff93][0xffffffc5][0xffffffd9][0x12]H&%[0xc][0x16]g[0x7]8[0xffffffb3]S[0xffffffc2]xq[0xffffffb6][0xffffff92]'[0xffffff9b][0x12]~[0xffffff8b][0xffffffb3][0xffffff95]Z[0xffffffb9][0xffffff94]pY[0xffffff9c][0x1d][0xffffffc5]{!%[0xffffff8a]J[0xffffff89][0xffffffb3]a)Q[0xfffffff0][0xffffff94]([0x6])Q"[0xffffffef][0xffffff89][0xffffff80][0x17],%[0xffffff8a]SJD[0x14][0xffffff99][0xffffff94]P@2)[0x11][0xffffffb1][0xffffffcc]O[0xffffff89][0x1d][0xffffffce][0xffffffec][0xffffff94][0xffffffd8][0x11]uJ[0x9]!O6%[0xffffffa4]K[0xffffffd9][0xffffff94][0x10]j[0xffffffe5]R"[0xffffff98][0xffffff96]J[0xffffff89] [0xffffffde][0xb])[0xffffffa1][0x16]g[0xffffff8f]u`)[0xffffff81]/[0xffffffce][0xffffff9e][0x6][0xffffff8b][0xffffffb3][0xffffffa7][0xffffffd8][0xffffffee][0xffffff9a][0x8]8[0xffffffb6]8{[0xffffff86][0xfffffffd][0xffffffad]dJ[0xffffff98],[0xffffffce][0xffffff96]@2)a[0xffffffb0]8;[0xffffffc0][0xffffff99][0xffffff9d][0x12][0xffffffc6][0xffffff8b][0xffffffb3][0xffffff95]<[0xffffffd9][0xffffff94][0xfffffff0][[0xffffff9c][0xffffffad][0xffffffd4][0xffffffca][0xffffffa5][0xffffff84][0xffffffcb][0xffffffe2][0xffffffec]([0xffffffde][0xb])[0xffffffa1][0x16]g[0xffffff9f][0xfffffff5][0xffffffd6][0xffffffa9][0xffffff94][0xffffffc0][0x17]gO[0xffffff83][0xffffffc5][0xffffffd9]SlwM[0x4][0x1c][[0xffffff9c]=[0xffffffc3][0xfffffffe]V2%L[0x16]gK [0xffffff99][0xffffff94]0X[0xffffff9c][0x1d][0xffffffe0][0xffffffcc]N[0x9][0xffffffe3][0xffffffc5][0xffffffd9]J[0xffffff9e]lJ[0xfffffff8]-[0xffffffce]Vj[0xffffffe5]R[0xffffffc2]eqv[0x14][0xffffffef][0xffffff85][0xffffff94]P[0xffffff8b][0xffffffb3][0xffffffcf][0xffffffb6][0xffffffb0]k[0xffffff97][0xfffffff8][0xffffffe2][0xffffffec]i[0xffffffb0]8{[0xffffff8a][0xffffffed][0xffffffae][0xffffff89][0xffffff80]c[0xffffff8b][0xffffffb3]g[0xffffffd8][0xffffffdf]J[0xffffffa6][0xffffff84][0xffffffc9][0xffffffe2]l[0x9]$[0xffffff93][0x12][0x6][0xffffff8b][0xffffffb3][0x3][0xffffff9c][0xffffffd9])a[0xffffffbc]8[[0xffffffc9][0xffffff93]M[0x9][0xffffffbf][0xffffffc5][0xffffffd9]J[0xffffffad]\J[0xffffffb8],[0xffffffce][0xffffff8e][0xffffffe2][0xffffffbd][0xffffff90][0x12]jq[0xfffffff6]9[0x17][0xfffffff5][0xffffff91][0xfffffff1][0xffffff89]/[0xffffffce][0xffffff9e][0x6][0xffffff8b][0xffffffb3][0xffffffa7][0xffffffd8][0xffffffee][0xffffff9a][0x8]8[0xffffffb6]8{[0xffffff86][0xfffffffd][0xffffffad]dJ[0xffffff98],[0xffffffce][0xffffff96]@2)a[0xffffffb0]8;[0xffffffc0][0xffffff99][0xffffff9d][0x12][0xffffffc6][0xffffff8b][0xffffffb3][0xffffff95]<[0xffffffd9][0xffffff94][0xfffffff0][[0xffffff9c][0xffffffad][0xffffffd4][0xffffffca][0xffffffa5][0xffffff84][0xffffffcb][0xffffffe2][0xffffffec]([0xffffffde][0xb])[0xffffffa1][0x16]g[0xffffffcf][0x1b][0xfffffff6][\r][0xffffff8e][0xffffff89]/[0xffffffce][0xffffff9e][0x6][0xffffff8b][0xffffffb3][0xffffffa7][0xffffffd8][0xffffffee][0xffffff9a][0x8]8[0xffffffb6]8{[0xffffff86][0xfffffffd][0xffffffad]dJ[0xffffff98],[0xffffffce][0xffffff96]@2)a[0xffffffb0]8;[0xffffffc0][0xffffff99][0xffffff9d][0x12][0xffffffc6][0xffffff8b][0xffffffb3][0xffffff95]<[0xffffffd9][0xffffff94][0xfffffff0][[0xffffff9c][0xffffffad][0xffffffd4][0xffffffca][0xffffffa5][0xffffff84][0xffffffcb][0xffffffe2][0xffffffec]([0xffffffde][0xb])[0xffffffa1][0x16]g[0xffffffcf][0xffffff8a]-[0xffffffce][0xffffff9e][0xfffffff8][0xffffffe2][0xffffffec]i[0xffffffb0]8{[0xffffff8a][0xffffffed][0xffffffae][0xffffff89][0xffffff80]c[0xffffff8b][0xffffffb3]g[0xffffffd8][0xffffffdf]J[0xffffffa6][0xffffff84][0xffffffc9][0xffffffe2]l[0x9]$[0xffffff93][0x12][0x6][0xffffff8b][0xffffffb3][0x3][0xffffff9c][0xffffffd9])a[0xffffffbc]8[[0xffffffc9][0xffffff93]M[0x9][0xffffffbf][0xffffffc5][0xffffffd9]J[0xffffffad]\J[0xffffffb8],[0xffffffce][0xffffff8e][0xffffffe2][0xffffffbd][0xffffff90][0x12]jq[0xfffffff6][0xffffffe4]>2>[0xfffffff1][0xffffffc5][0xffffffd9][0xffffffd3]`q[0xfffffff6][0x14][0xffffffdb]][0x13][0x1][0xffffffc7][0x16]g[0xffffffcf][0xffffffb0][0xffffffbf][0xffffff95]L[0x9][0xffffff93][0xffffffc5][0xffffffd9][0x12]H&%[0xc][0x16]g[0x7]8[0xffffffb3]S[0xffffffc2]xq[0xffffffb6][0xffffff92]'[0xffffff9b][0x12]~[0xffffff8b][0xffffffb3][0xffffff95]Z[0xffffffb9][0xffffff94]pY[0xffffff9c][0x1d][0xffffffc5][0xfffffffb]zJ,[0xffffffb5][0xffffffed]r[0xffffffb6]J[0xffffffbd][0xffffff95]X[0xfffffff8][0xffffffb6][0xffffffcb]e[0xffffffb0][0xffffffed]r[0xffffff89][0xffffff95]ly[0xffffff80]/l[0xffffffdb][0xffffffe5][\n]"
08:17:55.093 [TestNG-PoolService-2] DEBUG org.apache.hc.client5.http.wire -- http-outgoing-5 << "[0xffffffbe][0xffffff94][0x16][0xffffffc7]lfmq?[0x11][0x1e][0x17]og[0xffffffe0][0xffffffeb][0xffffffe2][0xffffffdb])[0xffffffa8][0xffffffbc]x{>[0xffffffd5][0x17][0x1f][0xffffffcf]v[0x9][0xffffff8c][0x8]%U[0x18][\n]"
08:17:55.093 [TestNG-PoolService-1] DEBUG org.apache.hc.client5.http.wire -- http-outgoing-3 << "K[0xffffffd7][0xffffffc0][0xffffff94][0x10](")![0xffffff81]DRB`[0xffffff99][0xffffff9e][0x12][0x1][0xffffffce][0xffffffe4][0xffffff94][0x8][0xffffff88][0x1a][0xffffffa5][0xffffff84][0xffffff92]'[0xffffff9a][0x12][0xffffffda][0xffffffa5]hJ([0xffffffb5]b)[0x11]M[0xb][0xffffffa5]D[0x14][0xffffffef][0xffffff85][0xffffff94](2%[0xffffffd6]A[0xffffffa5]D[0xffffffc1]S[0xffffffa2][0x18][0xffffffa4]D[0xffffff89][0xffffffbc]'[0x2]^[0xffffffb0][0xffffff94](N)[0x11]QdRB[0x1][0xffffffc9][0xffffffa4]D[0xffffffc4]2?%v8[0xffffffb3]SbG[0xffffffd4])%[0xffffff84]<[0xffffffd9][0xffffff94][0xffffff90].eSB[0xffffffa8][0xffffff95]K[0xffffff89]`Z*%[0xffffff82]x/[0xffffffa4][0xffffff84]ZQ5[0xfffffffb][0xffffffa4]~[0xffffffe0]X[0xfffffff8][0xffffff8a][0xffffffaa]e[0xffffffb0][0xffffffa2]j[0xffffff89]=*[0xffffff89][0xffffff80]c+[0xffffffaa]V[0xffffffd8][0xffffff94]B[0xffffffa6][0xffffff84][0xffffffc9][0xffffff8a]*[0x9]$[0xffffff93][0x12][0x6]+[0xffffffaa][0x2][0xffffff9c][0xffffffd9])a[0xffffffbc][0xffffffa2]J[0xffffffc9][0xffffff93]M[0x9][0xffffffbf][0x15]UJ[0xffffffad]\J[0xffffffb8][0xffffffac][0xffffffa8][0xffffff8a][0xffffffe2][0xffffffbd][0xffffff90][0x12]jE[0xffffffd5]\[0x7]5[0xffffffc1][0xffffffb1][0xfffffff0][0x15]U[0xffffffcb]`E[0xffffffd5][0x12]{T[0x12][0x1][0xffffffc7]VT[0xffffffad][0xffffffb0])[0xffffff85]L[0x9][0xffffff93][0x15]U[0x12]H&%[0xc]VT[0x5]8[0xffffffb3]S[0xffffffc2]xE[0xffffff95][0xffffff92]'[0xffffff9b][0x12]~+[0xffffffaa][0xffffff94]Z[0xffffffb9][0xffffff94]pYQ[0x15][0xffffffc5]{!%[0xffffffd4][0xffffff8a][0xffffffaa]u`[0xffffff8b][0xffffffb3][0x17][0xffffffbe][0xffffffa2]j[0x19][0xffffffac][0xffffffa8]Zb[0xffffff8f]J"[0xffffffe0][0xffffffd8][0xffffff8a][0xffffffaa][0x15]6[0xffffffa5][0xffffff90])a[0xffffffb2][0xffffffa2]J[0x2][0xffffffc9][0xffffffa4][0xffffff84][0xffffffc1][0xffffff8a][0xffffffaa][0x0]gvJ[0x18][0xffffffaf][0xffffffa8]R[0xfffffff2]dS[0xffffffc2]oE[0xffffff95]R+[0xffffff97][0x12].+[0xffffffaa][0xffffffa2]x/[0xffffffa5]D1K[0xffffff89][0xffffff82][0xffffffa7]D1H[0xffffff89][0xffffff82][0xffffffa6]D[0xffffffc1]R[0xffffffa2]8[0xffffffa5][0xffffffc4][0xffffff8e]"[0xffffff95][0x12][0x11]H*%v,[0xffffff89][0xffffff94](pJ[0x14][0xffffffe3][0xffffff94][0x8][0xfffffff2][0xffffffa4]SB[0xffffffb8][0xffffff94]N[0xffffff89][0xffffffa0]V2%[0xffffff8a]KJ[0xffffff94][0xffffff9f]N[0x9][0xffffffb5][0xffffffed]r[0xfffffff5][0xffffffe3][0xffffffa4]R[0x2][0xffffffdf]v[0xffffffb9][0xc][0xffffffb6]].[0xffffffb1][0xffffff92]-[0x11]pl[0xffffffdb][0xffffffe5][\n]"
08:17:55.093 [TestNG-PoolService-3] DEBUG org.apache.hc.client5.http.wire -- http-outgoing-4 << "[0xffffff99][0x12]&+[0xffffffaa]$[0xffffff90]LJ[0x18][0xffffffac][0xffffffa8][\n]"
08:17:55.093 [TestNG-PoolService-2] DEBUG org.apache.hc.client5.http.wire -- http-outgoing-5 << "M*1"[0xffffffa0]Dc[0xffffffec][0xffffff98][0xffffffe6]G[0xffffffc6][0xe][0xffffffab]We[0x8][0xffffffa1][0xffffffd2][0xffffff99]![0xfffffffd]Jw[0xffffff86][0xffffffd0]-[0x19][0x1a][0xffffffc1][0xffffffbe]\i[0x4][0x19][0xffffffbf][0xffffff92][0x1a][0xffffffe5][0xfffffffd][0xffffff9f]">b^[0xffffffeb]Ykzh|[0xffffff9e][0xffffff87][0xffffffca][0xffffff8c]/'[0xffffffc0]"c;Crb|yzr`[0xfffffffc][0xfffffffa][0xffffffc9]p^<E19.~[0x0]drZ<[0xffffffc5]21,[0xffffff9e][0xffffffc0][0xffffff99][0xffffff96][0x15]O[0x10][0xffffffb5][0xffffff88][0xffffff8a][0xffffffe7][0xfffffff2][0xffffff84][0xffffff92][0xffffffe2]G.[0xffffff85][0xffffff82][0xffffffe2][0xffffffb9]Z[0xffffff81][0xffffff9c]xf[0xffffffda][0xfffffff4][0xffffff98]x&[0xffffffde][0xb])[0xffffffb1]TJ[0xffffffac]#[0x7f]1[0xfffffff7][0xffffffe7]y[0xffffffe0][0xffffff94]X[0x6])[0xffffffb1]"[0xffffffef][0xffffff89][0xffffff80]/,%[0xffffff96]SJD[0x14][0xffffff99][0xffffff94]P@2)[0x11][0xffffffb1][0xffffffcc]O[0xffffff89][0x1d][0xffffffce][0xffffffec][0xffffff94][0xffffffd8][0x11]uJ[0x9]!O6%[0xffffffa4]K[0xffffffd9][0xffffff94][0x10]j[0xffffffe5]R"[0xffffff98][0xffffff96]J[0xffffff89] [0xffffffde][0xffffffd7]S[0xffffffe2][0xffffffbc][0xffffff89][0xffffff94]hG[0xffffffbd]A)[0xfffffff1]v[0x1e]6%[0x1e]'[0xffffff80]S[0xffffffe2][0xfffffffb][0x19][0xffffff90][0xffffff94]x<[0x1d]I[0xffffff89]oO[0xffffffb6]H[0x9][0xffffff81]"[0xffffff92][0x12][0x12]H$%[0x4][0xffffff96][0xffffffe9])[0x11][0xffffffe0]LN[0xffffff89][0xffffff80][0xffffffa8]QJ(y[0xffffffa2])[0xffffffa1]][0xffffff8a][0xffffffa6][0xffffff84]R+[0xffffff96][0x12][0xffffffd1][0xffffffb4]PJD[0xfffffff1]^J[0xffffff89]j[0xffffff96][0x12][0x15]O[0xffffff89]j[0xffffff90][0x12][0x15]M[0xffffff89][0xffffff8a][0xffffffa5]DuJ[0xffffff89][0x1d]E*%"[0xffffff90]TJ[0xffffffec]X[0x12])Q[0xffffffe1][0xffffff94][0xffffffa8][0xffffffc6])[0x11][0xffffffe4]I[0xffffffa7][0xffffff84]p)[0xffffff9d][0x12]A[0xffffffad]dJT[0xffffff97][0xffffff94][0xffffffa8][0x7f][0xffffff87][0xffffff94][0xffffff88][0x3][0x1f]lJ`[0xfffffff3][0x1e]_N[0xffffffc0][0xffffffa7][0x4]2[0xffffffed][0xfffffff1][0xffffffe5][0xffffffe9]TJ8[0xffffffcc]z<E[0xffffff91]J[0x9]|[0xffffffd2][0xffffffe3])[0xffffff96]DJ@s[0x1e]O[0x10][0xfffffff5]J[0x9][0xffffff97])[0xffffff8f][0x1f][0xffffffb9][0xffffff94]N[0x9][0xffffff87][0x19][0xffffff8f]g[0xffffffa6][0xffffffe5]R[0xffffffe2]'&<>[0xfffffffe][0x19][0xffffff87][0xfffffffa][0xffffff81][0xffffffa3][0xffffff9d][0xfffffff9][0xfffffff3][0x1d][0xffffff9f][0xffffffe7][0xffffff81]S[0xffffffe2]0[0xfffffff8][0xffffff81][0xffffffe3][0xffffff88]o[0xffffffe1][0x12][0x1]?[0xffffffb0][0x1f]8[0xe][0xffffffa7][0x1f]8"[0xffffff8a]LJ( [0xffffff99][0xffffff94][0xffffff88]X[0xffffffe6][0xffffffa7][0xffffffc4][0xe]gvJ[0xffffffec][0xffffff88]:[0xffffffa5][0xffffff84][0xffffff90]'[0xffffff9b][0x12][0xffffffd2][0xffffffa5]lJ[0x8][0xffffffb5]r)[0x11]LK[0xffffffa5]D[0x10][0xffffffef][0xffffff85][0xffffff94](*%f[0xffffffc1][0xffffffde]J[0x14]<%[0xffffff8a]AJ[0xffffff94][0xffffffc8]{"[0xffffffe0][0x5]K[0xffffff89][0xffffffe2][0xffffff94][0x12][0x11]E&%[0x14][0xffffff90]LJD,[0xfffffff3]Sb[0xffffff87]3;%vD[0xffffff9d]RB[0xffffffc8][0xffffff93]M[0x9][0xffffffe9]R6%[0xffffff84]Z[0xffffffb9][0xffffff94][0x8][0xffffffa6][0xffffffa5]R"[0xffffff88][0xfffffff7]BJT[0xffffff99][0x12][0xffffffe7][0xffffffa4]R[0xffffffa2][0xffffffe2])Q[\r]R[0xffffffa2]F[0xffffffde][0x13][0x1][0xffffffaf]XJT[0xffffffa7][0xffffff94][0xffffff88](2)[0xffffffa1][0xffffff80]dR"b[0xffffff99][0xffffff9f][0x12];[0xffffff9c][0xffffffd9])[0xffffffb1]#[0xffffffea][0xffffff94][0x12]B[0xffffff9e]lJH[0xffffff97][0xffffffb2])![0xffffffd4][0xffffffca][0xffffffa5]D0-[0xffffff95][0x12]A[0xffffffbc][0x17]R[0xffffffa2][0xffffff89][0xffffff94][0xffffffe8]u,*%[0x1a][0xffffff9e][0x12][0xffffffcd] %Z[0xffffffe4]=[0x11][0xfffffff0][0xffffff86][0xffffffa5]DsJ[0xffffff89][0xffffff88]"[0xffffff93][0x12][\n]"
08:17:55.094 [TestNG-PoolService-1] DEBUG org.apache.hc.client5.http.wire -- http-outgoing-3 << "K[0xffffffd7][0xffffffc8][0xffffff94]0[0xffffffd9]v)[0xffffff81]dR[0xffffffc2]`[0xffffffdb]e[0xffffff80]3;%[0xffffff8c][0xffffffb7]]*y[0xffffffb2])[0xffffffe1][0xffffffb7][0xffffffed]R[0xffffffa9][0xffffff95]K[0x9][0xffffff97]m[0xffffff97]Q[0xffffffbc][0x17]RBm[0xffffffbb]\[0xffffffa3]a[0x13][0x1c][0xfffffff8][0xffffffb6][0xffffffcb]e[0xffffffb0][0xffffffed]r[0xffffff89][0xffffff95]l[0xffffff89][0xffffff80]c[0xffffffdb].WX[0xffffffba]F[0xffffffa6][0xffffff84][0xffffffc9][0xffffffb6]K[0x9]$[0xffffff93][0x12][0x6][0xffffffdb].[0x3][0xffffff9c][0xffffffd9])a[0xffffffbc][0xffffffed]R[0xffffffc9][0xffffff93]M[0x9][0xffffffbf]m[0xffffff97]J[0xffffffad]\J[0xffffffb8]l[0xffffffbb][0xffffff8c][0xffffffe2][0xffffffbd][0xffffff90][0x12]bEU[0xffffffbb][0x1d][0xffffffb7]F[0xffffffa5][0x4][0xffffffbe][0xffffffa2]j[0x19][0xffffffac][0xffffffa8]Zb[0xffffff8f]J"[0xffffffe0][0xffffffd8][0xffffff8a][0xffffffaa][0x15]6[0xffffffa5][0xffffff90])a[0xffffffb2][0xffffffa2]J[0x2][0xffffffc9][0xffffffa4][0xffffff84][0xffffffc1][0xffffff8a][0xffffffaa][0x0]gvJ[0x18][0xffffffaf][0xffffffa8]R[0xfffffff2]dS[0xffffffc2]oE[0xffffff95]R+[0xffffff97][0x12].+[0xffffffaa][0xffffffa2]x_N[0xffffff89]r[0x13]+[0xffffffaa][0xffffffda][0xffffffad][0x15][0xffffffe8][0x7][0xffffff8e][0xffffffc7]y[0xffffffd0][0xffffff94]x?[0x1][0xffffff9b][0x12][0xffffff9f]g R[0xffffffe2][0xfffffffd][0xffffffe9]DJ|[0x7f][0xffffffb2]CJ([0x14][0xffffff89][0xffffff94][0xffffffd0]@[0x12])[0xffffffa1][0xffffffb0][0xffffffcc]N[0xffffff89][0x8]gnJDD}RB[0xffffffca][0xffffff93]L[0xffffff89]'.%SB[0xffffffaa][0xffffff95]J[0x9]aZ&%[0xffffff84]x/[0xffffffa4][0xffffffc4][0xffffffa1]R[0xffffffa2][0xf][0xffffffe8][0x7][0xffffff8e][0xffffffc7]y[0xffffffe0][0xffffff94]8[0xc]R[0xffffffe2][0xffffff88][0xffffffbc]'[0x2]~`)q8[0xffffffa5]DD[0xffffff91]I[0x9][0x5]$[0xffffff93][0x12][0x11][0xffffffcb][0xfffffffc][0xffffff94][0xffffffd8][0xffffffe1][0xffffffcc]N[0xffffff89][0x1d]Q[0xffffffa7][0xffffff94][0x10][0xfffffff2]dSB[0xffffffba][0xffffff94]M[0x9][0xffffffa1]V.%[0xffffff82]i[0xffffffa9][0xffffff94][0x8][0xffffffe2][0xffffffbd][0xffffff90][0x12]E[0xffffffa5][0xffffffc4][0xffffffe8][0xffffffd0][0xffffff8a][0xffffffaa][0xffffffc7]y[0xffffffe0][0xffffff94]([0x6])Q"[0xffffffef][0xffffff89][0xffffff80][0x17],%[0xffffff8a]SJD[0x14][0xffffff99][0xffffff94]P@2)[0x11][0xffffffb1][0xffffffcc]O[0xffffff89][0x1d][0xffffffce][0xffffffec][0xffffff94][0xffffffd8][0x11]uJ[0x9]!O6%[0xffffffa4]K[0xffffffd9][0xffffff94][0x10]j[0xffffffe5]R"[0xffffff98][0xffffff96]J[0xffffff89] [0xffffffde][0xb])![0xffffffb6]][0xffffffb6][0xffffffdb]y[0xffffffbb]Q)Ao[0xffffffbb]|?[0x1][0xffffff9d][0x12][0xffffffe4][0xffffffb6][0xffffffcb][0xfffffff7][0xffffffa7]3)a[0xffffffb4][0xffffffed]R[0xffffffa1][0xffffffc8][0xffffffa4][0xffffff84][0xffffffcb][0xffffffb6]K[0xffffff85]e~J[0xffffffb0][0xffffffdb].#[0xffffffa2]N)a[0xffffffb6][0xffffffed][0xfffffff2][0xffffff89]K[0xffffffd9][0xffffff94]0[0xffffffda]v)LK[0xffffffa5][0xffffffc4][0xffffffcf]o[0xffffffbb],7[0xffffffb1][0xffffffed][0xfffffff2][0xffffff9e][0x12][0xffffffd4][0x4][0xffffffc7][0xffffffe3]<pJ[0xfffffff0][0xffffffdb].?[0xffffffcf][0xffffffc0][0xffffffa4][0x4][0xffffffb5][0xffffffed][0xfffffff2][0xfffffffb][0xffffff93]=R[0xffffffc2]c[0xffffffdb][0xffffffa5][0x6][0xffffff92]I[0x9]~[0xffffffdb]e[0xffffff84]3;%|[0xffffffb7]]Jy[0xffffffb2])a[0xffffffb7][0xffffffed]R[0xffffffaa][0xffffff95]K[0x9][0xffffff93]m[0xffffff97]B[0xffffffbc][0x17]RB[0xffffffec][0xffffff95]h[0xffffffb7]Y[0xffffffb1][0x1f]8[0xffffffe8][0xffffffbd][0x12][0xffffffef]'[0xffffffa0]S[0xffffff82][0xffffffdc]+[0xfffffff1][0xfffffffe]t&%[0xffffff8c][0xfffffff6]J([0x14][0xffffff99][0xffffff94]p[0xffffffd9]+[0xffffffa1][0xffffffb0][0xffffffcc]O[0x9]v[0xffffffaf]DD[0xffffffd4])%[0xffffffcc][0xfffffff6]J<q)[0xffffff9b][0x12]F{%[0xffffff84]i[0xffffffa9][0xffffff94][0xfffffff8][0xfffffff9][0xffffffbd][0x12][0xffffffe5]&[0xfffffff6]J[0xffffffdc]SbB[0x1f][0x19][0x7f][0xffffff9c][0x7]N[0x9]~[0xffffffaf][0xffffffc4][0xffffffe7][0x19][0xffffff98][0xffffff94][0xffffffa0][0xfffffff6]J|[0x7f][0xffffffb2]GJx[0xffffffec][0xffffff95][0xffffffd0]@2)[0xffffffc1][0xffffffef][0xffffff95][0xffffff88]pf[0xffffffa7][0xffffff84][0xffffffef]^[0x9])O6%[0xffffffec][0xfffffff6]JH[0xffffffb5]r)a[0xffffffb2]WB[0xffffff88][0xfffffff7]BJL[0xffffff95][0x12][0xffffffab]aw%&[0xffffff9e][0x12][0xffffffd3] %f[0xffffffe4]=[0x11][0xfffffff0][0xffffff89][0xffffffa5][0xffffffc4]tJ[0xffffff89][0xffffff88]"[0xffffff93][0x12][\n]"
08:17:55.094 [TestNG-PoolService-2] DEBUG org.apache.hc.client5.http.wire -- http-outgoing-5 << "H&%"[0xffffff96][0xfffffff9])[0xffffffb1][0xffffffc3][0xffffff99][0xffffff9d][0x12];[0xffffffa2]N)![0xffffffe4][0xffffffc9][0xffffffa6][0xffffff84]t)[0xffffff9b][0x12]B[0xffffffad]\J[0x4][0xffffffd3]R)[0x11][0xffffffc4]{!%[0xffffffba]J[0xffffff89]vP+[0xffffffaa][0xffffffde][0xffffffce][0x3][0xffffffa7]D7H[0xffffff89][0x1e]yO[0x4][0xffffffbc]c)[0xffffffd1][0xffffff9d]R"[0xffffffa2][0xffffffc8][0xffffffa4][0xffffff84][0x2][0xffffff92]I[0xffffff89][0xffffff88]e~J[0xffffffec]pf[0xffffffa7][0xffffffc4][0xffffff8e][0xffffffa8]SJ[0x8]y[0xffffffb2])!][0xffffffca][0xffffffa6][0xffffff84]P+[0xffffff97][0x12][0xffffffc1][0xffffffb4]TJ[0x4][0xfffffff1]^H[0xffffff89]!S[0xffffffa2][0xf]*%[0x6][0xffffff9e][0x12][0xffffffc3] %F[0xffffffe4]=[0x11][0xfffffff0][0xffffff81][0xffffffa5][0xffffffc4]pJ[0xffffff89][0xffffff88]"[0xffffff93][0x12][\n]"
08:17:55.094 [TestNG-PoolService-3] DEBUG org.apache.hc.client5.http.wire -- http-outgoing-4 << "pf[0xffffffa7][0xffffff84][0xfffffff1][0xffffff8a]*%O6%[0xfffffffc]VT)[0xffffffb5]r)[0xffffffe1][0xffffffb2][0xffffffa2]*[0xffffff8a][0xfffffff7]BJ[0x14][0xffffff95][0x12]eQw%[0xffffffde][0xffffffce][0x3][0xffffffa7]D1H[0xffffff89][0x12]yO[0x4][0xffffffbc]`)Q[0xffffff9c]R"[0xffffffa2][0xffffffc8][0xffffffa4][0xffffff84][0x2][0xffffff92]I[0xffffff89][0xffffff88]e~J[0xffffffec]pf[0xffffffa7][0xffffffc4][0xffffff8e][0xffffffa8]SJ[0x8]y[0xffffffb2])!][0xffffffca][0xffffffa6][0xffffff84]P+[0xffffff97][0x12][0xffffffc1][0xffffffb4]TJ[0x4][0xfffffff1]^H[0x9][0xffffffb5]W[0xffffffe2]h[0xffffff95][0xfffffffa][0x6][0xffffffc7][0xffffff81][0xffffffef][0xffffff95]8[0xc][0xfffffff6]J[0x1c]b[0xfffffff8]9[0x11]pl[0xffffffaf][0xffffffc4][0x11][0xffffffc6][0xffffff9b][0xffffffc9][0xffffff94]0[0xffffffd9]+![0xffffff81]dR[0xffffffc2]`[0xffffffaf]D[0xffffff80]3;%[0xffffff8c][0xfffffff7]J(y[0xffffffb2])[0xffffffe1][0xffffffb7]WB[0xffffffa9][0xffffff95]K[0x9][0xffffff97][0xffffffbd][0x12]Q[0xffffffbc][0x17]R[0xffffffa2][0xffffffab][0xffffff94][0xffffffe8]7[0xffffffec][0xffffffae]D[0xffffffc7]S[0xffffffa2][0x1b][0xffffffa4]D[0xffffff8f][0xffffffbc]'[0x2][0xffffffde][0xffffffb1][0xffffff94][0xffffffe8]N)[0x11]QdRB[0x1][0xffffffc9][0xffffffa4]D[0xffffffc4]2?%v8[0xffffffb3]SbG[0xffffffd4])%[0xffffff84]<[0xffffffd9][0xffffff94][0xffffff90].eSB[0xffffffa8][0xffffff95]K[0xffffff89]`Z*%[0xffffff82]x/[0xffffffa4][0xffffff84]ZQu[0xfffffff4]1[0xffffffa8][0xffffff94][0xffffffc0]WT[0x1d][0x6]+[0xffffffaa][0xe][0xffffffb1]G%[0x11]plE[0xffffffd5][0x11]6[0xffffffa5][0xffffff90])a[0xffffffb2][0xffffffa2]J[0x2][0xffffffc9][0xffffffa4][0xffffff84][0xffffffc1][0xffffff8a][0xffffffaa][0x0]gvJ[0x18][0xffffffaf][0xffffffa8]R[0xfffffff2]dS[0xffffffc2]oE[0xffffff95]R+[0xffffff97][0x12].+[0xffffffaa][0xffffffa2]x/[0xffffffa4][0xffffff84]ZQu[0xfffffff4]U[0xffffffa8][0xffffff94][0xffffffc0]WT[0x1d][0x6]+[0xffffffaa][0xe][0xffffffb1]G%[0x11]plE[0xffffffd5][0x11]6[0xffffffa5][0xffffff90])a[0xffffffb2][0xffffffa2]J[0x2][0xffffffc9][0xffffffa4][0xffffff84][0xffffffc1][0xffffff8a][0xffffffaa][0x0]gvJ[0x18][0xffffffaf][0xffffffa8]R[0xfffffff2]dS[0xffffffc2]oE[0xffffff95]R+[0xffffff97][0x12].+[0xffffffaa][0xffffffa2]x/[0xffffffa4][0xffffff84]ZQu[0xffffff8c]:[0xffffffa9][0xffffff94][0xffffffc0]WT[0x1d][0x6]+[0xffffffaa][0xe][0xffffffb1]G%[0x11]plE[0xffffffd5][0x11]6[0xffffffa5][0xffffff90])a[0xffffffb2][0xffffffa2]J[0x2][0xffffffc9][0xffffffa4][0xffffff84][0xffffffc1][0xffffff8a][0xffffffaa][0x0]gvJ[0x18][0xffffffaf][0xffffffa8]R[0xfffffff2]dS[0xffffffc2]oE[0xffffff95]R+[0xffffff97][0x12].+[0xffffffaa][0xffffffa2]x_O[0xffffff89][0xffffffa2][0xffffffbe][0xc]z[0xffffffcc]I[0xffffffa5]D[0xffffffc1][0xffffffbf][0xc]Z[0xc][0xffffffbe][0xc]Z[0xffffffc4][0xffffffe7][0xffffffeb][0xfffffff2][0x0]/[0xffffffd8][0xffffff97]AK[0xfffffff8]@[0x1d][0xffffff98][0x12][0x2]E$%$[0xffffff90]HJ[0x8],[0xffffffd3]S"[0xffffffc0][0xffffff99][0xffffff9c][0x12][0x1]Q[0xffffffa3][0xffffff94]P[0xfffffff2]DSB[0xffffffbb][0x14]M[0x9][0xffffffa5]V,%[0xffffffa2]i[0xffffffa1][0xffffff94][0xffffff88][0xffffffe2][0xffffffbd][0xffffff90][0x12]j[0xffffff82][0xffffffe3][0xfffffffe]O[0xffffffa6][0xffffffae]][0x16]|[0xffffff82][0xffffffa3][0x18]Lp[0x14]q[0xffffffcd]8[0x11]pl[0xffffff82][0xffffffa3][0xffffff84][0xffffff8b][0xffffffc4]dJ[0xffffff98]LpH [0xffffff99][0xffffff94]0[0xffffff98][0xffffffe0][0x8]pf[0xffffffa7][0xffffff84][0xfffffff1][0x4][0xffffff87][0xffffff92]'[0xffffff9b][0x12]~[0x13][0x1c]J[0xffffffad]\J[0xffffffb8]LpD[0xfffffff1]^H[0x9]5[0xffffffc1][0xfffffff1][0xfffffff6][0x13][0x7][0xffffff95][0x12][0xfffffff8][0x4]G1[0xffffff98][0xffffffe0]([0xffffffe2][0xffffff9a]q"[0xffffffe0][0xffffffd8][0x4]G[0x9][0x17][0xffffff89][0xffffffc9][0xffffff94]0[0xffffff99][0xffffffe0][0xffffff90]@2)a0[0xffffffc1][0x11][0xffffffe0][0xffffffcc]N[0x9][0xffffffe3][0x9][0xe]%O6%[0xfffffffc]&8[0xffffff94]Z[0xffffffb9][0xffffff94]p[0xffffff99][0xffffffe0][0xffffff88][0xffffffe2][0xffffffbd][0xffffff90][0x12]j[0xffffff82][0xffffffa3][0xffffff9c][0xffffffe3][0xffffffa0]R[0x2][0xffffff9f][0xffffffe0]([0x6][0x13][0x1c]E\3N[0x4][0x1c][0xffffff9b][0xffffffe0]([0xffffffe1]"1[0xffffff99][0x12]&[0x13][0x1c][0x12]H&%[0xc]&8[0x2][0xffffff9c][0xffffffd9])a<[0xffffffc1][0xffffffa1][0xffffffe4][0xffffffc9][0xffffffa6][0xffffff84][0xffffffdf][0x4][0xffffff87]R+[0xffffff97][0x12].[0x13][0x1c]Q[0xffffffbc][0xffffff97]R[0xffffffa2][0xffffff98][0xffffffa5]D[0xffffffc1]S[0xffffffa2][0x18][0xffffffa4]DAS[0xffffffa2]`)Q[0xffffff9c]RbG[0xffffff91]J[0xffffff89][0x8]$[0xffffff95][0x12];[0xffffff96]DJ[0x14]8%[0xffffff8a]qJ[0x4]y[0xffffffd2])!\J[0xffffffa7]DP+[0xffffff99][0x12][0xffffffc5]%%[0xffffffca]O[0xffffffa7][0xffffffc4][0xfffffff9]K[0xffffff8d])1[0xffffffb1][0xffffffc5][0xffffffd9]o[0xffffffe7][0xffffff81]S[0xffffffe2][0xffffffed][0x4]tJ|;[0x3][0xffffff93][0x12]oOgR[0xffffffe2][0xffffffe3][0xffffffc9][0x1e])[0x11]QdRB[0x1][0xffffffc9][0xffffffa4]D[0xffffffc4]2?%v8[0xffffffb3]SbG[0xffffffd4])%[0xffffff84]<[0xffffffd9][0xffffff94][0xffffff90].eSB[0xffffffa8][0xffffff95]K[0xffffff89]`Z*%[0xffffff82]x/[0xffffffa4][0xffffff84][0x1a][0x6][0xffffffad][0xffffffa5]c)[0xffffff81][0xf][0xffffff83][0x16][0xffffff83]a[0xffffffd0]"&[0xffffff96][0x12][0x1][0xffffffc7][0xffffff86]AK[0xffffff98]I"S[0xffffffc2]d[0x18]T[0x2][0xffffffc9][0xffffffa4][0xffffff84][0xffffffc1]0h[0xffffff80]3;%[0xffffff8c][0xffffff87]A[0xffffff95]<[0xffffffd9][0xffffff94][0xfffffff0][0x1b][0x6]Uj[0xffffffe5]R[0xffffffc2]e[0x18]4[0xffffff8a][0xfffffff7]BJ,[0xffffff95][0x12][0xffffffad]P+[0xffffffaa][0xffffffde][0xffffffce][0x3][0xffffffa7][0xffffffc4]R[0xfffffff8]'[0xfffffff3][0xffffffbe]"[0xffffffef][0xffffff89][0xffffff80]/,%[0xffffff96]SJD[0x14][0xffffff99][0xffffff94]P@2)[0x11][0xffffffb1][0xffffffcc]O[0xffffff89][0x1d][0xffffffce][0xffffffec][0xffffff94][0xffffffd8][0x11]uJ[0x9]!O6%[0xffffffa4]K[0xffffffd9][0xffffff94][0x10]j[0xffffffe5]R"[0xffffff98][0xffffff96]J[0xffffff89] [0xffffffde][0xffffffd7]S[0xffffffa2][0xffffffaa][0xffffff8f][0xffffff8c][0xffffffd7][0xffffffb3]S)Q[0xfffffff1][0xffffff8f][0xffffff8c]W[0xffffff83][0xffffff8f][0xffffff8c]W[0xfffffff1]%[0xffffffdc]<[0xffffffc0]+[0xfffffff6][0xffffff91][0xfffffff1][0x1a][0xffffffbe]u[0xb][0xffffffa6][0xffffff84]@[0x11]I[0x9][0x9]$[0xffffff92][0x12][0x2][0xffffffcb][0xfffffff4][0xffffff94][0x8]p&[0xffffffa7]D@[0xffffffd4](%[0xffffff94]<[0xffffffd1][0xffffff94][0xffffffd0].ESB[0xffffffa9][0x15]K[0xffffff89]hZ(%[0xffffffa2]x/[0xffffffa4][0xffffff84]ZQUg[0xffffffad]TJ[0xffffffe0]+[0xffffffaa][0xffffffaa][0xffffffc1][0xffffff8a][0xffffffaa]*[0xfffffff6][0xffffffa8]$[0x2][0xffffff8e][0xffffffad][0xffffffa8][0xffffffaa]aS[\n]"
08:17:55.094 [TestNG-PoolService-3] DEBUG org.apache.hc.client5.http.wire -- http-outgoing-4 << "[0xffffff99][0x12]&+[0xffffffaa]$[0xffffff90]LJ[0x18][0xffffffac][0xffffffa8][\n]"
08:17:55.094 [TestNG-PoolService-3] DEBUG org.apache.hc.client5.http.wire -- http-outgoing-4 << "pf[0xffffffa7][0xffffff84][0xfffffff1][0xffffff8a]*%O6%[0xfffffffc]VT)[0xffffffb5]r)[0xffffffe1][0xffffffb2][0xffffffa2]*[0xffffff8a][0xfffffff7]BJ[0xffffffa8][0x15]Uu[0xffffff9e]XJ[0xffffffe0]+[0xffffffaa][0xffffffaa][0xffffffc1][0xffffff8a][0xffffffaa]*[0xfffffff6][0xffffffa8]$[0x2][0xffffff8e][0xffffffad][0xffffffa8][0xffffffaa]aS[\n]"
08:17:55.094 [TestNG-PoolService-3] DEBUG org.apache.hc.client5.http.wire -- http-outgoing-4 << "[0xffffff99][0x12]&+[0xffffffaa]$[0xffffff90]LJ[0x18][0xffffffac][0xffffffa8][\n]"
08:17:55.094 [TestNG-PoolService-1] DEBUG org.apache.hc.client5.http.wire -- http-outgoing-3 << "H&%"[0xffffff96][0xfffffff9])[0xffffffb1][0xffffffc3][0xffffff99][0xffffff9d][0x12];[0xffffffa2]N)![0xffffffe4][0xffffffc9][0xffffffa6][0xffffff84]t)[0xffffff9b][0x12]B[0xffffffad]\J[0x4][0xffffffd3]R)[0x11][0xffffffc4]{!%[0xffffffe4][0xffffff8a][0xffffffaa][0xffffffb5][0x1a][0xffffff95][0x12][0xfffffff4][0xffffff8a][0xffffffaa][0xfffffff7][0x13][0xffffffd0])A[0xffffffae][0xffffffa8]z[0x7f]:[0xffffff93][0x12]F+[0xffffffaa][0x14][0xffffff8a]LJ[0xffffffb8][0xffffffac][0xffffffa8]RX[0xffffffe6][0xffffffa7][0x4][0xffffffbb][0xffffffa2]*"[0xffffffea][0xffffff94][0x12]f+[0xffffffaa][0xffffff9e][0xffffffb8][0xffffff94]M[0x9][0xffffffa3][0x15]U[0xffffffc2][0xffffffb4]TJ[0xfffffffc][0x1d]VT[0x1d]jE[0xffffffd5]q[0xffffffc3]~[0xffffffe0]8[0xfffffff0][0x15]U[0xffffff87][0xffffffc1][0xffffff8a][0xffffffaa]C[0xffffffec]Q[0xffffffc9][0x3][0xfffffffc][0xffffffc0]VT[0x1d]aS[\n]"
08:17:55.094 [TestNG-PoolService-2] DEBUG org.apache.hc.client5.http.wire -- http-outgoing-5 << "H&%"[0xffffff96][0xfffffff9])[0xffffffb1][0xffffffc3][0xffffff99][0xffffff9d][0x12];[0xffffffa2]N)![0xffffffe4][0xffffffc9][0xffffffa6][0xffffff84]t)[0xffffff9b][0x12]B[0xffffffad]\J[0x4][0xffffffd3]R)[0x11][0xffffffc4]{!%N[0xffffff99][0x12][0xb][0xffffffbb]+q[0xffffffe2])q[0x1a][0xffffffa4][0xffffffc4][0x19]yO[0x4][0xfffffffc][0xffffffc4]R[0xffffffe2]tJ[0xffffff89][0xffffff88]"[0xffffff93][0x12][\n]"
08:17:55.094 [TestNG-PoolService-3] DEBUG org.apache.hc.client5.http.wire -- http-outgoing-4 << "pf[0xffffffa7][0xffffff84][0xfffffff1][0xffffff8a]*%O6%[0xfffffffc]VT)[0xffffffb5]r)[0xffffffe1][0xffffffb2][0xffffffa2]*[0xffffff8a][0xfffffff7]BJ[0xffffffa8][0x15]U[0xffffffed]V[0x1a][0xffffff95][0x12][0xfffffff8][0xffffff8a][0xffffffaa]j[0xffffffb0][0xffffffa2][0xffffffaa][0xffffff8a]=*[0xffffff89][0xffffff80]c+[0xffffffaa]j[0xffffffd8][0xffffff94]B[0xffffffa6][0xffffff84][0xffffffc9][0xffffff8a]*[0x9]$[0xffffff93][0x12][0x6]+[0xffffffaa][0x2][0xffffff9c][0xffffffd9])a[0xffffffbc][0xffffffa2]J[0xffffffc9][0xffffff93]M[0x9][0xffffffbf][0x15]UJ[0xffffffad]\J[0xffffffb8][0xffffffac][0xffffffa8][0xffffff8a][0xffffffe2][0xffffffbd][0xffffff94][0x12]q[0x18][0xffffff94]M[0x9]x[0x18][0xfffffff4]q[0x2]>%[0xffffffc0]a[0xffffffd0][0xffffffc7][0xffffffd3][0xffffffa9][0xffffff94][0xfffffff0][0x19][0x6][0x15](R)a2[0xc]*[0xffffffb0]$R[0x2][0x1d][0x6][\r][0xffffff88]z[0xffffffa5][0xffffff84][0xffffffd7]0[0xffffffa8]v)[0xffffff9d][0x12]>[0xffffffc3][0xffffffa0][0xffffffd1][0xffffffb4]\J[0xfffffffc][0xfffffff4]0hU+[0xffffffaa]Z[0xffffffe1]~[0xffffffe0][0xffffffc0]WTU[0xffffff83][0x15]UU[0xffffffec]QI[0x4][0x1c][QU[0xffffffc3][0xffffffa6][0x14]2%LVTI [0xffffff99][0xffffff94]0XQ[0x15][0xffffffe0][0xffffffcc]N[0x9][0xffffffe3][0x15]UJ[0xffffff9e]lJ[0xfffffff8][0xffffffad][0xffffffa8]Rj[0xffffffe5]R[0xffffffc2]eEU[0x14][0xffffffef][0xffffff85][0xffffff94]8[0xffffffd5][0xf][0x1c][0x1d][0xfffffffb][0xffffffc8][0xfffffff8][0xffffffdb]y[0xffffffe0][0xffffff94]8[0xffffffd5]K[0xffffffb9]d[0xffffffde][0xffffffcf][0xfffffff8][0x16].[0x11][0xfffffff0][0x13][0xfffffffb][0xffffff81][0xffffffe3]t[0xfffffffa][0xffffff81]#[0xffffffa2][0xffffffc8][0xffffffa4][0xffffff84][0x2][0xffffff92]I[0xffffff89][0xffffff88]e~J[0xffffffec]pf[0xffffffa7][0xffffffc4][0xffffff8e][0xffffffa8]SJ[0x8]y[0xffffffb2])!][0xffffffca][0xffffffa6][0xffffff84]P+[0xffffff97][0x12][0xffffffc1][0xffffffb4]TJ[0x4][0xfffffff1]^H[0xffffff89][0xffffffa9][0xffffffde]J[0xffffffcc][0xffffffd5][0xffffffa9][0xffffff94][0xffffff98][0xfffffff8][[0xffffff89]i[0xfffffff0]Vb[0xffffffc6]tN[0x4]|bo%[0xffffffa6][0xffffffd3][[0xffffff89][0xffffff88]"[0xffffff93][0x12][\n]"
08:17:55.094 [TestNG-PoolService-1] DEBUG org.apache.hc.client5.http.wire -- http-outgoing-3 << "[0xffffff98][0x12][0x2]E$%$[0xffffff90]HJ[0x8],[0xffffffd3]S"[0xffffffc0][0xffffff99][0xffffff9c][0x12][0x1]Q[0xffffffa3][0xffffff94]P[0xfffffff2]DSB[0xffffffbb][0x14]M[0x9][0xffffffa5]V,%[0xffffffa2]i[0xffffffa1][0xffffff94][0xffffff88][0xffffffe2][0xffffffbd][0xffffff90][0x12]jE[0xffffffd5]q`{%[0xe]|E[0xffffffd5]a[0xffffffb0][0xffffffa2][0xffffffea][0x10]{T[0x12][0x1][0xffffffc7]VT[0x1d]aS[\n]"
08:17:55.095 [TestNG-PoolService-1] DEBUG org.apache.hc.client5.http.wire -- http-outgoing-3 << "[0xffffff99][0x12]&+[0xffffffaa]$[0xffffff90]LJ[0x18][0xffffffac][0xffffffa8][\n]"
08:17:55.096 [TestNG-PoolService-2] DEBUG org.apache.hc.client5.http.wire -- http-outgoing-5 << "H&%"[0xffffff96][0xfffffff9])[0xffffffb1][0xffffffc3][0xffffff99][0xffffff9d][0x12];[0xffffffa2]N)![0xffffffe4][0xffffffc9][0xffffffa6][0xffffff84]t)[0xffffff9b][0x12]B[0xffffffad]\J[0x4][0xffffffd3]R)[0x11][0xffffffc4]{!%[0xffffffd4]78z[0xffffffef][0xffffffd8]][0x9][0xfffffffc][0x1b][0x1c][0xffffffa7][0xffffffc1]78N[0xffffffb1](>[0x11]p[0xffffffec][0x1b][0x1c]gX[0x5]O[0xffffffa6][0xffffff84][0xffffffc9]78$[0xffffff90]LJ[0x18]|[0xffffff83]#[0xffffffc0][0xffffff99][0xffffff9d][0x12][0xffffffc6][0xffffffdf][0xffffffe0]P[0xfffffff2]dS[0xffffffc2][0xffffffef][0x1b][0x1c]J[0xffffffad]\J[0xffffffb8]|[0xffffff83]#[0xffffff8a][0xfffffff7]BJ[0xffffffa8]op[0xfffffff4][0xfffffff3][0xffffff86][0xffffffbd][0xffffff95][0xffffffc0][0xffffffbf][0xffffffc1]q[0x1a]|[0xffffff83][0xffffffe3][0x14][0xffffff8b][0xffffffe2][0x13][0x1][0xffffffc7][0xffffffbe][0xffffffc1]q[0xffffff86]U[0xfffffff0]dJ[0xffffff98]|[0xffffff83]C[0x2][0xffffffc9][0xffffffa4][0xffffff84][0xffffffc1]78[0x2][0xffffff9c][0xffffffd9])a[0xfffffffc][\r][0xe]%O6%[0xfffffffc][0xffffffbe][0xffffffc1][0xffffffa1][0xffffffd4][0xffffffca][0xffffffa5][0xffffff84][0xffffffcb]78[0xffffffa2]x/[0xffffffa5]D1K[0xffffff89][0xffffff82][0xffffffa7]D1H[0xffffff89][0xffffff82][0xffffffa6]D[0xffffffc1]R[0xffffffa2]8[0xffffffa5][0xffffffc4][0xffffff8e]"[0xffffff95][0x12][0x11]H*%v,[0xffffff89][0xffffff94](pJ[0x14][0xffffffe3][0xffffff94][0x8][0xfffffff2][0xffffffa4]SB[0xffffffb8][0xffffff94]N[0xffffff89][0xffffffa0]V2%[0xffffff8a]KJ[0xffffff94][0xffffff9f]M[0xffffff89][0xffffffa9]>[0xffffffe7]5[0xffffff8e][0x1b][0xfffffff5][0x3][0xffffffc7][0xffffffc4]?[0xffffffe7]5[\r]>[0xffffffe7]5[0xffffffc5]7g[0xfffffff2][0x0][0xffffff9f][0xffffffd8][0xffffffe7][0xffffffbc]f[0xfffffff8][0xffffffaa][0xc][0xffffff98][0x12][0x2]E$%$[0xffffff90]HJ[0x8],[0xffffffd3]S"[0xffffffc0][0xffffff99][0xffffff9c][0x12][0x1]Q[0xffffffa3][0xffffff94]P[0xfffffff2]DSB[0xffffffbb][0x14]M[0x9][0xffffffa5]V,%[0xffffffa2]i[0xffffffa1][0xffffff94][0xffffff88][0xffffffe2][0xffffffbd][0xffffff90][0x12]jq[0xfffffff6]([0xffffff93]z+1[0xfffffff1][0xffffffc5][0xffffffd9][0xffffffd3]`q[0xfffffff6][0x14][0xffffffdb]][0x13][0x1][0xffffffc7][0x16]g[0xffffffcf][0xffffffb0][0xffffffbf][0xffffff95]L[0x9][0xffffff93][0xffffffc5][0xffffffd9][0x12]H&%[0xc][0x16]g[0x7]8[0xffffffb3]S[0xffffffc2]xq[0xffffffb6][0xffffff92]'[0xffffff9b][0x12]~[0xffffff8b][0xffffffb3][0xffffff95]Z[0xffffffb9][0xffffff94]pY[0xffffff9c][0x1d][0xffffffc5]{!%[0xffffff8a]J[0xffffff89][0xffffffb3]a)Q[0xfffffff0][0xffffff94]([0x6])Q"[0xffffffef][0xffffff89][0xffffff80][0x17],%[0xffffff8a]SJD[0x14][0xffffff99][0xffffff94]P@2)[0x11][0xffffffb1][0xffffffcc]O[0xffffff89][0x1d][0xffffffce][0xffffffec][0xffffff94][0xffffffd8][0x11]uJ[0x9]!O6%[0xffffffa4]K[0xffffffd9][0xffffff94][0x10]j[0xffffffe5]R"[0xffffff98][0xffffff96]J[0xffffff89] [0xffffffde][0xb])[0xffffffa1][0x16]g[0xffffff8f]u`)[0xffffff81]/[0xffffffce][0xffffff9e][0x6][0xffffff8b][0xffffffb3][0xffffffa7][0xffffffd8][0xffffffee][0xffffff9a][0x8]8[0xffffffb6]8{[0xffffff86][0xfffffffd][0xffffffad]dJ[0xffffff98],[0xffffffce][0xffffff96]@2)a[0xffffffb0]8;[0xffffffc0][0xffffff99][0xffffff9d][0x12][0xffffffc6][0xffffff8b][0xffffffb3][0xffffff95]<[0xffffffd9][0xffffff94][0xfffffff0][[0xffffff9c][0xffffffad][0xffffffd4][0xffffffca][0xffffffa5][0xffffff84][0xffffffcb][0xffffffe2][0xffffffec]([0xffffffde][0xb])[0xffffffa1][0x16]g[0xffffff9f][0xfffffff5][0xffffffd6][0xffffffa9][0xffffff94][0xffffffc0][0x17]gO[0xffffff83][0xffffffc5][0xffffffd9]SlwM[0x4][0x1c][[0xffffff9c]=[0xffffffc3][0xfffffffe]V2%L[0x16]gK [0xffffff99][0xffffff94]0X[0xffffff9c][0x1d][0xffffffe0][0xffffffcc]N[0x9][0xffffffe3][0xffffffc5][0xffffffd9]J[0xffffff9e]lJ[0xfffffff8]-[0xffffffce]Vj[0xffffffe5]R[0xffffffc2]eqv[0x14][0xffffffef][0xffffff85][0xffffff94]P[0xffffff8b][0xffffffb3][0xffffffcf][0xffffffb6][0xffffffb0]k[0xffffff97][0xfffffff8][0xffffffe2][0xffffffec]i[0xffffffb0]8{[0xffffff8a][0xffffffed][0xffffffae][0xffffff89][0xffffff80]c[0xffffff8b][0xffffffb3]g[0xffffffd8][0xffffffdf]J[0xffffffa6][0xffffff84][0xffffffc9][0xffffffe2]l[0x9]$[0xffffff93][0x12][0x6][0xffffff8b][0xffffffb3][0x3][0xffffff9c][0xffffffd9])a[0xffffffbc]8[[0xffffffc9][0xffffff93]M[0x9][0xffffffbf][0xffffffc5][0xffffffd9]J[0xffffffad]\J[0xffffffb8],[0xffffffce][0xffffff8e][0xffffffe2][0xffffffbd][0xffffff90][0x12]jq[0xfffffff6]9[0x17][0xfffffff5][0xffffff91][0xfffffff1][0xffffff89]/[0xffffffce][0xffffff9e][0x6][0xffffff8b][0xffffffb3][0xffffffa7][0xffffffd8][0xffffffee][0xffffff9a][0x8]8[0xffffffb6]8{[0xffffff86][0xfffffffd][0xffffffad]dJ[0xffffff98],[0xffffffce][0xffffff96]@2)a[0xffffffb0]8;[0xffffffc0][0xffffff99][0xffffff9d][0x12][0xffffffc6][0xffffff8b][0xffffffb3][0xffffff95]<[0xffffffd9][0xffffff94][0xfffffff0][[0xffffff9c][0xffffffad][0xffffffd4][0xffffffca][0xffffffa5][0xffffff84][0xffffffcb][0xffffffe2][0xffffffec]([0xffffffde][0xb])[0xffffffa1][0x16]g[0xffffffcf][0x1b][0xfffffff6][\r][0xffffff8e][0xffffff89]/[0xffffffce][0xffffff9e][0x6][0xffffff8b][0xffffffb3][0xffffffa7][0xffffffd8][0xffffffee][0xffffff9a][0x8]8[0xffffffb6]8{[0xffffff86][0xfffffffd][0xffffffad]dJ[0xffffff98],[0xffffffce][0xffffff96]@2)a[0xffffffb0]8;[0xffffffc0][0xffffff99][0xffffff9d][0x12][0xffffffc6][0xffffff8b][0xffffffb3][0xffffff95]<[0xffffffd9][0xffffff94][0xfffffff0][[0xffffff9c][0xffffffad][0xffffffd4][0xffffffca][0xffffffa5][0xffffff84][0xffffffcb][0xffffffe2][0xffffffec]([0xffffffde][0xb])[0xffffffa1][0x16]g[0xffffffcf][0xffffff8a]-[0xffffffce][0xffffff9e][0xfffffff8][0xffffffe2][0xffffffec]i[0xffffffb0]8{[0xffffff8a][0xffffffed][0xffffffae][0xffffff89][0xffffff80]c[0xffffff8b][0xffffffb3]g[0xffffffd8][0xffffffdf]J[0xffffffa6][0xffffff84][0xffffffc9][0xffffffe2]l[0x9]$[0xffffff93][0x12][0x6][0xffffff8b][0xffffffb3][0x3][0xffffff9c][0xffffffd9])a[0xffffffbc]8[[0xffffffc9][0xffffff93]M[0x9][0xffffffbf][0xffffffc5][0xffffffd9]J[0xffffffad]\J[0xffffffb8],[0xffffffce][0xffffff8e][0xffffffe2][0xffffffbd][0xffffff90][0x12]jq[0xfffffff6][0xffffffe4]>2>[0xfffffff1][0xffffffc5][0xffffffd9][0xffffffd3]`q[0xfffffff6][0x14][0xffffffdb]][0x13][0x1][0xffffffc7][0x16]g[0xffffffcf][0xffffffb0][0xffffffbf][0xffffff95]L[0x9][0xffffff93][0xffffffc5][0xffffffd9][0x12]H&%[0xc][0x16]g[0x7]8[0xffffffb3]S[0xffffffc2]xq[0xffffffb6][0xffffff92]'[0xffffff9b][0x12]~[0xffffff8b][0xffffffb3][0xffffff95]Z[0xffffffb9][0xffffff94]pY[0xffffff9c][0x1d][0xffffffc5][0xfffffffb]zJ,[0xffffffb5][0xffffffed]r[0xffffffb6]J[0xffffffbd][0xffffff95]X[0xfffffff8][0xffffffb6][0xffffffcb]e[0xffffffb0][0xffffffed]r[0xffffff89][0xffffff95]ly[0xffffff80]/l[0xffffffdb][0xffffffe5][\n]"
08:17:55.096 [TestNG-PoolService-3] DEBUG org.apache.hc.client5.http.wire -- http-outgoing-4 << "H&%"[0xffffff96][0xfffffff9])[0xffffffb1][0xffffffc3][0xffffff99][0xffffff9d][0x12];[0xffffffa2]N)![0xffffffe4][0xffffffc9][0xffffffa6][0xffffff84]t)[0xffffff9b][0x12]B[0xffffffad]\J[0x4][0xffffffd3]R)[0x11][0xffffffc4]{!%[0xffffffd4][0xffffff8a][0xffffffaa]^n[0xffffffd4][0xffffff97]A+[0xffffffbe][0xffffffa2][0xffffffaa][0x1a][0xffffffac][0xffffffa8][0xffffffaa]b[0xffffff8f]J"[0xffffffe0][0xffffffd8][0xffffff8a][0xffffffaa][0x1a]6[0xffffffa5][0xffffff90])a[0xffffffb2][0xffffffa2]J[0x2][0xffffffc9][0xffffffa4][0xffffff84][0xffffffc1][0xffffff8a][0xffffffaa][0x0]gvJ[0x18][0xffffffaf][0xffffffa8]R[0xfffffff2]dS[0xffffffc2]oE[0xffffff95]R+[0xffffff97][0x12].+[0xffffffaa][0xffffffa2]x/[0xffffffa5]D|+[0xffffffc1][0xffffffa6][0x4][0xfffffffd]Vb[0x19][0xffffffbc][0xffffff95]X1[0xffffff9d]S[0x1][0xffffffa7][0xffffffde]J,[0xffffffa7][0xffffffb7][0x12][0x11]E*%\[0xffffffde]JD,[0xffffff89][0xffffff94]`[0xffffffdf]J[0xffffffec][0xffffff88]z[0xffffffa5][0xffffff84][0xffffffd9][[0x9][0xffffffe9]R:%[0xffffff8c][0xffffffde]J[0x4][0xffffffd3]r)[0xfffffff1][0xffffffd3]o%[0xffffffda]M[0xffffffbd][0xffffff95][0xffffffe8][0xffffffab]A)[0xfffffff1]v[0x1e]6%[0x1e]'[0xffffff80]S[0xffffffe2][0xfffffffb][0x19][0xffffff90][0xffffff94]x<[0x1d]I[0xffffff89]oO[0xffffffb6]H[0x9][0xffffff81]"[0xffffff92][0x12][0x12]H$%[0x4][0xffffff96][0xffffffe9])[0x11][0xffffffe0]LN[0xffffff89][0xffffff80][0xffffffa8]QJ(y[0xffffffa2])[0xffffffa1]][0xffffff8a][0xffffffa6][0xffffff84]R+[0xffffff96][0x12][0xffffffd1][0xffffffb4]PJD[0xfffffff1]^H[0x9][0xffffffb5]8[0xffffffbb]s[0xffffffdb].[0x1b][0xffffffbe]8[0xffffffbb][0x19],[0xffffffce]nb[0xffffffbb]k"[0xffffffe0][0xffffffd8][0xffffffe2][0xffffffec][0x16][0xfffffff6][0xffffffb7][0xffffff92])a[0xffffffb2]8[[0x2][0xffffffc9][0xffffffa4][0xffffff84][0xffffffc1][0xffffffe2][0xffffffec][0x0]gvJ[0x18]/[0xffffffce]V[0xfffffff2]dS[0xffffffc2]oq[0xffffffb6]R+[0xffffff97][0x12].[0xffffff8b][0xffffffb3][0xffffffa3]x/[0xffffffa5]D[0xffffffdc]+[0xffffffc1][0xffffffa6][0x4][0xffffffbc]W[0xffffffe2]q[0x2]>%[0xffffffc0][0xffffffbd][0x12][0xffffff8f][0xffffffa7]S)[0xffffffe1][0xffffffb3]WB[0xffffffa0]H[0xffffffa5][0xffffff84][0xffffffc9]^[0x9][0xffffff81]%[0xffffff91][0x12][0xffffffe8]^[0xffffff89][0xffffff80][0xffffffa8]WJx[0xffffffed][0xffffff95][0xffffffd0].[0xffffffa5]S[0xffffffc2]g[0xffffffaf]D4-[0xffffff97][0x12]?[0xffffffbd]W[0xffffffe2][0xfffffffe][0xffffffcf]hf)[0xffffffd1][0xfffffff0][0xffffff94]h[0x6])[0xffffffd1][0xffffffd0][0xffffff94]hXJ4[0xffffffa7][0xffffff94][0xffffffd8]Q[0xffffffa4]R"[0x2]I[0xffffffa5][0xffffffc4][0xffffff8e]%[0xffffff91][0x12][\r]N[0xffffff89]f[0xffffff9c][0x12]A[0xffffff9e]tJ[0x8][0xffffff97][0xffffffd2])[0x11][0xffffffd4]J[0xffffffa6]DsI[0xffffff89][0xfffffff6]wH[0xffffff89]n[0xffffff96][0x12][0x1d]O[0xffffff89]n[0xffffff90][0x12][0x1d]M[0xffffff89][0xffffff8e][0xffffffa5]DwJ[0xffffff89][0x1d]E*%"[0xffffff90]TJ[0xffffffec]X[0x12])[0xffffffd1][0xffffffe1][0xffffff94][0xffffffe8][0xffffffc6])[0x11][0xffffffe4]I[0xffffffa7][0xffffff84]p)[0xffffff9d][0x12]A[0xffffffad]dJt[0xffffff97][0xffffff94][0xffffffe8]?[0xffffff9d][0x12][0xffffffea]s^c[0x14]j[0xffffff82][0xffffffa3][0xffffffe1][0xffffff9f][0xfffffff3]j[0x6][0xffffff9f][0xfffffff3]j[0xffffffe2][0xffffff9b]3[0xffffff89][0xffffff80]c[0xffffff9f][0xfffffff3]j[0xffffffe1][0xffffffab]2dJ[0xffffff98]|[0xffffffce]K[0x2][0xffffffc9][0xffffffa4][0xffffff84][0xffffffc1][0xffffffe7][0xffffffbc][0x2][0xffffff9c][0xffffffd9])a[0xfffffffc]9/%O6%[0xfffffffc]>[0xffffffe7][0xffffffa5][0xffffffd4][0xffffffca][0xffffffa5][0xffffff84][0xffffffcb][0xffffffe7][0xffffffbc][0xffffffa2]x/[0xffffffa4][0xffffff84][0xfffffffa][0xffffff9c][0xffffffd7]8[0x17][0xffffffb5][0xffffffed][0xffffffb2][0xffffffe1][0xffffff9f][0xfffffff3]j[0x6][0xffffff9f][0xfffffff3]j[0xffffffe2][0xffffff9b]3[0xffffff89][0xffffff80]c[0xffffff9f][0xfffffff3]j[0xffffffe1][0xffffffab]2dJ[0xffffff98]|[0xffffffce]K[0x2][0xffffffc9][0xffffffa4][0xffffff84][0xffffffc1][0xffffffe7][0xffffffbc][0x2][0xffffff9c][0xffffffd9])a[0xfffffffc]9/%O6%[0xfffffffc]>[0xffffffe7][0xffffffa5][0xffffffd4][0xffffffca][0xffffffa5][0xffffff84][0xffffffcb][0xffffffe7][0xffffffbc][0xffffffa2]x/[0xffffffa4][0xffffffc4]P)1[0x7][0xfffffff6]Vb[0xffffffe0])1[0xc]RbD[0xffffffde][0x13][0x1][0x1f]XJ[0xc][0xffffffa7][0xffffff94][0xffffff88](2)[0xffffffa1][0xffffff80]dR"b[0xffffff99][0xffffff9f][0x12];[0xffffff9c][0xffffffd9])[0xffffffb1]#[0xffffffea][0xffffff94][0x12]B[0xffffff9e]lJH[0xffffff97][0xffffffb2])![0xffffffd4][0xffffffca][0xffffffa5]D0-[0xffffff95][0x12]A[0xffffffbc][0x17]Rb[0xffffffaa][0xffffff94]X[0x15]K[0xffffff89][0xffffff89][0xffffffa7][0xffffffc4]4H[0xffffff89][0x19]yO[0x4]|b)1[0xffffff9d]R"[0xffffffa2][0xffffffc8][0xffffffa4][0xffffff84][0x2][0xffffff92]I[0xffffff89][0xffffff88]e~J[0xffffffec]pf[0xffffffa7][0xffffffc4][0xffffff8e][0xffffffa8]SJ[0x8]y[0xffffffb2])!][0xffffffca][0xffffffa6][0xffffff84]P+[0xffffff97][0x12][0xffffffc1][0xffffffb4]TJ[0x4][0xfffffff1]^H[0x9][0xffffffb5]8{[0xffffffac]uR)[0xffffff81]/[0xffffffce]n[0x6][0xffffff8b][0xffffffb3][0xffffff9b][0xffffffd8][0xffffffee][0xffffff9a][0x8]8[0xffffffb6]8[0xffffffbb][0xffffff85][0xfffffffd][0xffffffad]dJ[0xffffff98],[0xffffffce][0xffffff96]@2)a[0xffffffb0]8;[0xffffffc0][0xffffff99][0xffffff9d][0x12][0xffffffc6][0xffffff8b][0xffffffb3][0xffffff95]<[0xffffffd9][0xffffff94][0xfffffff0]["
08:17:55.096 [TestNG-PoolService-1] DEBUG org.apache.hc.client5.http.wire -- http-outgoing-3 << "pf[0xffffffa7][0xffffff84][0xfffffff1][0xffffff8a]*%O6%[0xfffffffc]VT)[0xffffffb5]r)[0xffffffe1][0xffffffb2][0xffffffa2]*[0xffffff8a][0xfffffff7]BJ[0x14][0xffffff95][0x12]eQw%[0xffffffde][0xffffffce][0x3][0xffffffa7]D1H[0xffffff89][0x12]yO[0x4][0xffffffbc]`)Q[0xffffff9c]R"[0xffffffa2][0xffffffc8][0xffffffa4][0xffffff84][0x2][0xffffff92]I[0xffffff89][0xffffff88]e~J[0xffffffec]pf[0xffffffa7][0xffffffc4][0xffffff8e][0xffffffa8]SJ[0x8]y[0xffffffb2])!][0xffffffca][0xffffffa6][0xffffff84]P+[0xffffff97][0x12][0xffffffc1][0xffffffb4]TJ[0x4][0xfffffff1]^H[0x9][0xffffffb5]W[0xffffffe2]h[0xffffff95][0xfffffffa][0x6][0xffffffc7][0xffffff81][0xffffffef][0xffffff95]8[0xc][0xfffffff6]J[0x1c]b[0xfffffff8]9[0x11]pl[0xffffffaf][0xffffffc4][0x11][0xffffffc6][0xffffff9b][0xffffffc9][0xffffff94]0[0xffffffd9]+![0xffffff81]dR[0xffffffc2]`[0xffffffaf]D[0xffffff80]3;%[0xffffff8c][0xfffffff7]J(y[0xffffffb2])[0xffffffe1][0xffffffb7]WB[0xffffffa9][0xffffff95]K[0x9][0xffffff97][0xffffffbd][0x12]Q[0xffffffbc][0x17]R[0xffffffa2][0xffffffab][0xffffff94][0xffffffe8]7[0xffffffec][0xffffffae]D[0xffffffc7]S[0xffffffa2][0x1b][0xffffffa4]D[0xffffff8f][0xffffffbc]'[0x2][0xffffffde][0xffffffb1][0xffffff94][0xffffffe8]N)[0x11]QdRB[0x1][0xffffffc9][0xffffffa4]D[0xffffffc4]2?%v8[0xffffffb3]SbG[0xffffffd4])%[0xffffff84]<[0xffffffd9][0xffffff94][0xffffff90].eSB[0xffffffa8][0xffffff95]K[0xffffff89]`Z*%[0xffffff82]x/[0xffffffa4][0xffffff84]ZQu[0xfffffff4]1[0xffffffa8][0xffffff94][0xffffffc0]WT[0x1d][0x6]+[0xffffffaa][0xe][0xffffffb1]G%[0x11]plE[0xffffffd5][0x11]6[0xffffffa5][0xffffff90])a[0xffffffb2][0xffffffa2]J[0x2][0xffffffc9][0xffffffa4][0xffffff84][0xffffffc1][0xffffff8a][0xffffffaa][0x0]gvJ[0x18][0xffffffaf][0xffffffa8]R[0xfffffff2]dS[0xffffffc2]oE[0xffffff95]R+[0xffffff97][0x12].+[0xffffffaa][0xffffffa2]x/[0xffffffa4][0xffffff84]ZQu[0xfffffff4]U[0xffffffa8][0xffffff94][0xffffffc0]WT[0x1d][0x6]+[0xffffffaa][0xe][0xffffffb1]G%[0x11]plE[0xffffffd5][0x11]6[0xffffffa5][0xffffff90])a[0xffffffb2][0xffffffa2]J[0x2][0xffffffc9][0xffffffa4][0xffffff84][0xffffffc1][0xffffff8a][0xffffffaa][0x0]gvJ[0x18][0xffffffaf][0xffffffa8]R[0xfffffff2]dS[0xffffffc2]oE[0xffffff95]R+[0xffffff97][0x12].+[0xffffffaa][0xffffffa2]x/[0xffffffa4][0xffffff84]ZQu[0xffffff8c]:[0xffffffa9][0xffffff94][0xffffffc0]WT[0x1d][0x6]+[0xffffffaa][0xe][0xffffffb1]G%[0x11]plE[0xffffffd5][0x11]6[0xffffffa5][0xffffff90])a[0xffffffb2][0xffffffa2]J[0x2][0xffffffc9][0xffffffa4][0xffffff84][0xffffffc1][0xffffff8a][0xffffffaa][0x0]gvJ[0x18][0xffffffaf][0xffffffa8]R[0xfffffff2]dS[0xffffffc2]oE[0xffffff95]R+[0xffffff97][0x12].+[0xffffffaa][0xffffffa2]x_O[0xffffff89][0xffffffa2][0xffffffbe][0xc]z[0xffffffcc]I[0xffffffa5]D[0xffffffc1][0xffffffbf][0xc]Z[0xc][0xffffffbe][0xc]Z[0xffffffc4][0xffffffe7][0xffffffeb][0xfffffff2][0x0]/[0xffffffd8][0xffffff97]AK[0xfffffff8]@[0x1d][0xffffff98][0x12][0x2]E$%$[0xffffff90]HJ[0x8],[0xffffffd3]S"[0xffffffc0][0xffffff99][0xffffff9c][0x12][0x1]Q[0xffffffa3][0xffffff94]P[0xfffffff2]DSB[0xffffffbb][0x14]M[0x9][0xffffffa5]V,%[0xffffffa2]i[0xffffffa1][0xffffff94][0xffffff88][0xffffffe2][0xffffffbd][0xffffff90][0x12]j[0xffffff82][0xffffffe3][0xfffffffe]O[0xffffffa6][0xffffffae]][0x16]|[0xffffff82][0xffffffa3][0x18]Lp[0x14]q[0xffffffcd]8[0x11]pl[0xffffff82][0xffffffa3][0xffffff84][0xffffff8b][0xffffffc4]dJ[0xffffff98]LpH [0xffffff99][0xffffff94]0[0xffffff98][0xffffffe0][0x8]pf[0xffffffa7][0xffffff84][0xfffffff1][0x4][0xffffff87][0xffffff92]'[0xffffff9b][0x12]~[0x13][0x1c]J[0xffffffad]\J[0xffffffb8]LpD[0xfffffff1]^H[0x9]5[0xffffffc1][0xfffffff1][0xfffffff6][0x13][0x7][0xffffff95][0x12][0xfffffff8][0x4]G1[0xffffff98][0xffffffe0]([0xffffffe2][0xffffff9a]q"[0xffffffe0][0xffffffd8][0x4]G[0x9][0x17][0xffffff89][0xffffffc9][0xffffff94]0[0xffffff99][0xffffffe0][0xffffff90]@2)a0[0xffffffc1][0x11][0xffffffe0][0xffffffcc]N[0x9][0xffffffe3][0x9][0xe]%O6%[0xfffffffc]&8[0xffffff94]Z[0xffffffb9][0xffffff94]p[0xffffff99][0xffffffe0][0xffffff88][0xffffffe2][0xffffffbd][0xffffff90][0x12]j[0xffffff82][0xffffffa3][0xffffff9c][0xffffffe3][0xffffffa0]R[0x2][0xffffff9f][0xffffffe0]([0x6][0x13][0x1c]E\3N[0x4][0x1c][0xffffff9b][0xffffffe0]([0xffffffe1]"1[0xffffff99][0x12]&[0x13][0x1c][0x12]H&%[0xc]&8[0x2][0xffffff9c][0xffffffd9])a<[0xffffffc1][0xffffffa1][0xffffffe4][0xffffffc9][0xffffffa6][0xffffff84][0xffffffdf][0x4][0xffffff87]R+[0xffffff97][0x12].[0x13][0x1c]Q[0xffffffbc][0xffffff97]R[0xffffffa2][0xffffff98][0xffffffa5]D[0xffffffc1]S[0xffffffa2][0x18][0xffffffa4]DAS[0xffffffa2]`)Q[0xffffff9c]RbG[0xffffff91]J[0xffffff89][0x8]$[0xffffff95][0x12];[0xffffff96]DJ[0x14]8%[0xffffff8a]qJ[0x4]y[0xffffffd2])!\J[0xffffffa7]DP+[0xffffff99][0x12][0xffffffc5]%%[0xffffffca]O[0xffffffa7][0xffffffc4][0xfffffff9]K[0xffffff8d])1[0xffffffb1][0xffffffc5][0xffffffd9]o[0xffffffe7][0xffffff81]S[0xffffffe2][0xffffffed][0x4]tJ|;[0x3][0xffffff93][0x12]oOgR[0xffffffe2][0xffffffe3][0xffffffc9][0x1e])[0x11]QdRB[0x1][0xffffffc9][0xffffffa4]D[0xffffffc4]2?%v8[0xffffffb3]SbG[0xffffffd4])%[0xffffff84]<[0xffffffd9][0xffffff94][0xffffff90].eSB[0xffffffa8][0xffffff95]K[0xffffff89]`Z*%[0xffffff82]x/[0xffffffa4][0xffffff84][0x1a][0x6][0xffffffad][0xffffffa5]c)[0xffffff81][0xf][0xffffff83][0x16][0xffffff83]a[0xffffffd0]"&[0xffffff96][0x12][0x1][0xffffffc7][0xffffff86]AK[0xffffff98]I"S[0xffffffc2]d[0x18]T[0x2][0xffffffc9][0xffffffa4][0xffffff84][0xffffffc1]0h[0xffffff80]3;%[0xffffff8c][0xffffff87]A[0xffffff95]<[0xffffffd9][0xffffff94][0xfffffff0][0x1b][0x6]Uj[0xffffffe5]R[0xffffffc2]e[0x18]4[0xffffff8a][0xfffffff7]BJ,[0xffffff95][0x12][0xffffffad]P+[0xffffffaa][0xffffffde][0xffffffce][0x3][0xffffffa7][0xffffffc4]R[0xfffffff8]'[0xfffffff3][0xffffffbe]"[0xffffffef][0xffffff89][0xffffff80]/,%[0xffffff96]SJD[0x14][0xffffff99][0xffffff94]P@2)[0x11][0xffffffb1][0xffffffcc]O[0xffffff89][0x1d][0xffffffce][0xffffffec][0xffffff94][0xffffffd8][0x11]uJ[0x9]!O6%[0xffffffa4]K[0xffffffd9][0xffffff94][0x10]j[0xffffffe5]R"[0xffffff98][0xffffff96]J[0xffffff89] [0xffffffde][0xffffffd7]S[0xffffffa2][0xffffffaa][0xffffff8f][0xffffff8c][0xffffffd7][0xffffffb3]S)Q[0xfffffff1][0xffffff8f][0xffffff8c]W[0xffffff83][0xffffff8f][0xffffff8c]W[0xfffffff1]%[0xffffffdc]<[0xffffffc0]+[0xfffffff6][0xffffff91][0xfffffff1][0x1a][0xffffffbe]u[0xb][0xffffffa6][0xffffff84]@[0x11]I[0x9][0x9]$[0xffffff92][0x12][0x2][0xffffffcb][0xfffffff4][0xffffff94][0x8]p&[0xffffffa7]D@[0xffffffd4](%[0xffffff94]<[0xffffffd1][0xffffff94][0xffffffd0].ESB[0xffffffa9][0x15]K[0xffffff89]hZ(%[0xffffffa2]x/[0xffffffa4][0xffffff84]ZQUg[0xffffffad]TJ[0xffffffe0]+[0xffffffaa][0xffffffaa][0xffffffc1][0xffffff8a][0xffffffaa]*[0xfffffff6][0xffffffa8]$[0x2][0xffffff8e][0xffffffad][0xffffffa8][0xffffffaa]aS[\n]"
08:17:55.096 [TestNG-PoolService-2] DEBUG org.apache.hc.client5.http.wire -- http-outgoing-5 << "K[0xffffffd7][0xffffffc0][0xffffff94][0x10](")![0xffffff81]DRB`[0xffffff99][0xffffff9e][0x12][0x1][0xffffffce][0xffffffe4][0xffffff94][0x8][0xffffff88][0x1a][0xffffffa5][0xffffff84][0xffffff92]'[0xffffff9a][0x12][0xffffffda][0xffffffa5]hJ([0xffffffb5]b)[0x11]M[0xb][0xffffffa5]D[0x14][0xffffffef][0xffffff85][0xffffff94](2%[0xffffffd6]A[0xffffffa5]D[0xffffffc1]S[0xffffffa2][0x18][0xffffffa4]D[0xffffff89][0xffffffbc]'[0x2]^[0xffffffb0][0xffffff94](N)[0x11]QdRB[0x1][0xffffffc9][0xffffffa4]D[0xffffffc4]2?%v8[0xffffffb3]SbG[0xffffffd4])%[0xffffff84]<[0xffffffd9][0xffffff94][0xffffff90].eSB[0xffffffa8][0xffffff95]K[0xffffff89]`Z*%[0xffffff82]x/[0xffffffa4][0xffffff84]ZQ5[0xfffffffb][0xffffffa4]~[0xffffffe0]X[0xfffffff8][0xffffff8a][0xffffffaa]e[0xffffffb0][0xffffffa2]j[0xffffff89]=*[0xffffff89][0xffffff80]c+[0xffffffaa]V[0xffffffd8][0xffffff94]B[0xffffffa6][0xffffff84][0xffffffc9][0xffffff8a]*[0x9]$[0xffffff93][0x12][0x6]+[0xffffffaa][0x2][0xffffff9c][0xffffffd9])a[0xffffffbc][0xffffffa2]J[0xffffffc9][0xffffff93]M[0x9][0xffffffbf][0x15]UJ[0xffffffad]\J[0xffffffb8][0xffffffac][0xffffffa8][0xffffff8a][0xffffffe2][0xffffffbd][0xffffff90][0x12]jE[0xffffffd5]\[0x7]5[0xffffffc1][0xffffffb1][0xfffffff0][0x15]U[0xffffffcb]`E[0xffffffd5][0x12]{T[0x12][0x1][0xffffffc7]VT[0xffffffad][0xffffffb0])[0xffffff85]L[0x9][0xffffff93][0x15]U[0x12]H&%[0xc]VT[0x5]8[0xffffffb3]S[0xffffffc2]xE[0xffffff95][0xffffff92]'[0xffffff9b][0x12]~+[0xffffffaa][0xffffff94]Z[0xffffffb9][0xffffff94]pYQ[0x15][0xffffffc5]{!%[0xffffffd4][0xffffff8a][0xffffffaa]u`[0xffffff8b][0xffffffb3][0x17][0xffffffbe][0xffffffa2]j[0x19][0xffffffac][0xffffffa8]Zb[0xffffff8f]J"[0xffffffe0][0xffffffd8][0xffffff8a][0xffffffaa][0x15]6[0xffffffa5][0xffffff90])a[0xffffffb2][0xffffffa2]J[0x2][0xffffffc9][0xffffffa4][0xffffff84][0xffffffc1][0xffffff8a][0xffffffaa][0x0]gvJ[0x18][0xffffffaf][0xffffffa8]R[0xfffffff2]dS[0xffffffc2]oE[0xffffff95]R+[0xffffff97][0x12].+[0xffffffaa][0xffffffa2]x/[0xffffffa5]D1K[0xffffff89][0xffffff82][0xffffffa7]D1H[0xffffff89][0xffffff82][0xffffffa6]D[0xffffffc1]R[0xffffffa2]8[0xffffffa5][0xffffffc4][0xffffff8e]"[0xffffff95][0x12][0x11]H*%v,[0xffffff89][0xffffff94](pJ[0x14][0xffffffe3][0xffffff94][0x8][0xfffffff2][0xffffffa4]SB[0xffffffb8][0xffffff94]N[0xffffff89][0xffffffa0]V2%[0xffffff8a]KJ[0xffffff94][0xffffff9f]N[0x9][0xffffffb5][0xffffffed]r[0xfffffff5][0xffffffe3][0xffffffa4]R[0x2][0xffffffdf]v[0xffffffb9][0xc][0xffffffb6]].[0xffffffb1][0xffffff92]-[0x11]pl[0xffffffdb][0xffffffe5][\n]"
08:17:55.097 [TestNG-PoolService-1] DEBUG org.apache.hc.client5.http.wire -- http-outgoing-3 << "[0xffffff99][0x12]&+[0xffffffaa]$[0xffffff90]LJ[0x18][0xffffffac][0xffffffa8][\n]"
08:17:55.097 [TestNG-PoolService-2] DEBUG org.apache.hc.client5.http.wire -- http-outgoing-5 << "K[0xffffffd7][0xffffffc8][0xffffff94]0[0xffffffd9]v)[0xffffff81]dR[0xffffffc2]`[0xffffffdb]e[0xffffff80]3;%[0xffffff8c][0xffffffb7]]*y[0xffffffb2])[0xffffffe1][0xffffffb7][0xffffffed]R[0xffffffa9][0xffffff95]K[0x9][0xffffff97]m[0xffffff97]Q[0xffffffbc][0x17]RBm[0xffffffbb]\[0xffffffa3]a[0x13][0x1c][0xfffffff8][0xffffffb6][0xffffffcb]e[0xffffffb0][0xffffffed]r[0xffffff89][0xffffff95]l[0xffffff89][0xffffff80]c[0xffffffdb].WX[0xffffffba]F[0xffffffa6][0xffffff84][0xffffffc9][0xffffffb6]K[0x9]$[0xffffff93][0x12][0x6][0xffffffdb].[0x3][0xffffff9c][0xffffffd9])a[0xffffffbc][0xffffffed]R[0xffffffc9][0xffffff93]M[0x9][0xffffffbf]m[0xffffff97]J[0xffffffad]\J[0xffffffb8]l[0xffffffbb][0xffffff8c][0xffffffe2][0xffffffbd][0xffffff90][0x12]bEU[0xffffffbb][0x1d][0xffffffb7]F[0xffffffa5][0x4][0xffffffbe][0xffffffa2]j[0x19][0xffffffac][0xffffffa8]Zb[0xffffff8f]J"[0xffffffe0][0xffffffd8][0xffffff8a][0xffffffaa][0x15]6[0xffffffa5][0xffffff90])a[0xffffffb2][0xffffffa2]J[0x2][0xffffffc9][0xffffffa4][0xffffff84][0xffffffc1][0xffffff8a][0xffffffaa][0x0]gvJ[0x18][0xffffffaf][0xffffffa8]R[0xfffffff2]dS[0xffffffc2]oE[0xffffff95]R+[0xffffff97][0x12].+[0xffffffaa][0xffffffa2]x_N[0xffffff89]r[0x13]+[0xffffffaa][0xffffffda][0xffffffad][0x15][0xffffffe8][0x7][0xffffff8e][0xffffffc7]y[0xffffffd0][0xffffff94]x?[0x1][0xffffff9b][0x12][0xffffff9f]g R[0xffffffe2][0xfffffffd][0xffffffe9]DJ|[0x7f][0xffffffb2]CJ([0x14][0xffffff89][0xffffff94][0xffffffd0]@[0x12])[0xffffffa1][0xffffffb0][0xffffffcc]N[0xffffff89][0x8]gnJDD}RB[0xffffffca][0xffffff93]L[0xffffff89]'.%SB[0xffffffaa][0xffffff95]J[0x9]aZ&%[0xffffff84]x/[0xffffffa4][0xffffffc4][0xffffffa1]R[0xffffffa2][0xf][0xffffffe8][0x7][0xffffff8e][0xffffffc7]y[0xffffffe0][0xffffff94]8[0xc]R[0xffffffe2][0xffffff88][0xffffffbc]'[0x2]~`)q8[0xffffffa5]DD[0xffffff91]I[0x9][0x5]$[0xffffff93][0x12][0x11][0xffffffcb][0xfffffffc][0xffffff94][0xffffffd8][0xffffffe1][0xffffffcc]N[0xffffff89][0x1d]Q[0xffffffa7][0xffffff94][0x10][0xfffffff2]dSB[0xffffffba][0xffffff94]M[0x9][0xffffffa1]V.%[0xffffff82]i[0xffffffa9][0xffffff94][0x8][0xffffffe2][0xffffffbd][0xffffff90][0x12]E[0xffffffa5][0xffffffc4][0xffffffe8][0xffffffd0][0xffffff8a][0xffffffaa][0xffffffc7]y[0xffffffe0][0xffffff94]([0x6])Q"[0xffffffef][0xffffff89][0xffffff80][0x17],%[0xffffff8a]SJD[0x14][0xffffff99][0xffffff94]P@2)[0x11][0xffffffb1][0xffffffcc]O[0xffffff89][0x1d][0xffffffce][0xffffffec][0xffffff94][0xffffffd8][0x11]uJ[0x9]!O6%[0xffffffa4]K[0xffffffd9][0xffffff94][0x10]j[0xffffffe5]R"[0xffffff98][0xffffff96]J[0xffffff89] [0xffffffde][0xb])![0xffffffb6]][0xffffffb6][0xffffffdb]y[0xffffffbb]Q)Ao[0xffffffbb]|?[0x1][0xffffff9d][0x12][0xffffffe4][0xffffffb6][0xffffffcb][0xfffffff7][0xffffffa7]3)a[0xffffffb4][0xffffffed]R[0xffffffa1][0xffffffc8][0xffffffa4][0xffffff84][0xffffffcb][0xffffffb6]K[0xffffff85]e~J[0xffffffb0][0xffffffdb].#[0xffffffa2]N)a[0xffffffb6][0xffffffed][0xfffffff2][0xffffff89]K[0xffffffd9][0xffffff94]0[0xffffffda]v)LK[0xffffffa5][0xffffffc4][0xffffffcf]o[0xffffffbb],7[0xffffffb1][0xffffffed][0xfffffff2][0xffffff9e][0x12][0xffffffd4][0x4][0xffffffc7][0xffffffe3]<pJ[0xfffffff0][0xffffffdb].?[0xffffffcf][0xffffffc0][0xffffffa4][0x4][0xffffffb5][0xffffffed][0xfffffff2][0xfffffffb][0xffffff93]=R[0xffffffc2]c[0xffffffdb][0xffffffa5][0x6][0xffffff92]I[0x9]~[0xffffffdb]e[0xffffff84]3;%|[0xffffffb7]]Jy[0xffffffb2])a[0xffffffb7][0xffffffed]R[0xffffffaa][0xffffff95]K[0x9][0xffffff93]m[0xffffff97]B[0xffffffbc][0x17]RB[0xffffffec][0xffffff95]h[0xffffffb7]Y[0xffffffb1][0x1f]8[0xffffffe8][0xffffffbd][0x12][0xffffffef]'[0xffffffa0]S[0xffffff82][0xffffffdc]+[0xfffffff1][0xfffffffe]t&%[0xffffff8c][0xfffffff6]J([0x14][0xffffff99][0xffffff94]p[0xffffffd9]+[0xffffffa1][0xffffffb0][0xffffffcc]O[0x9]v[0xffffffaf]DD[0xffffffd4])%[0xffffffcc][0xfffffff6]J<q)[0xffffff9b][0x12]F{%[0xffffff84]i[0xffffffa9][0xffffff94][0xfffffff8][0xfffffff9][0xffffffbd][0x12][0xffffffe5]&[0xfffffff6]J[0xffffffdc]SbB[0x1f][0x19][0x7f][0xffffff9c][0x7]N[0x9]~[0xffffffaf][0xffffffc4][0xffffffe7][0x19][0xffffff98][0xffffff94][0xffffffa0][0xfffffff6]J|[0x7f][0xffffffb2]GJx[0xffffffec][0xffffff95][0xffffffd0]@2)[0xffffffc1][0xffffffef][0xffffff95][0xffffff88]pf[0xffffffa7][0xffffff84][0xffffffef]^[0x9])O6%[0xffffffec][0xfffffff6]JH[0xffffffb5]r)a[0xffffffb2]WB[0xffffff88][0xfffffff7]BJL[0xffffff95][0x12][0xffffffab]aw%&[0xffffff9e][0x12][0xffffffd3] %f[0xffffffe4]=[0x11][0xfffffff0][0xffffff89][0xffffffa5][0xffffffc4]tJ[0xffffff89][0xffffff88]"[0xffffff93][0x12][\n]"
08:17:55.097 [TestNG-PoolService-2] DEBUG org.apache.hc.client5.http.wire -- http-outgoing-5 << "H&%"[0xffffff96][0xfffffff9])[0xffffffb1][0xffffffc3][0xffffff99][0xffffff9d][0x12];[0xffffffa2]N)![0xffffffe4][0xffffffc9][0xffffffa6][0xffffff84]t)[0xffffff9b][0x12]B[0xffffffad]\J[0x4][0xffffffd3]R)[0x11][0xffffffc4]{!%[0xffffffe4][0xffffff8a][0xffffffaa][0xffffffb5][0x1a][0xffffff95][0x12][0xfffffff4][0xffffff8a][0xffffffaa][0xfffffff7][0x13][0xffffffd0])A[0xffffffae][0xffffffa8]z[0x7f]:[0xffffff93][0x12]F+[0xffffffaa][0x14][0xffffff8a]LJ[0xffffffb8][0xffffffac][0xffffffa8]RX[0xffffffe6][0xffffffa7][0x4][0xffffffbb][0xffffffa2]*"[0xffffffea][0xffffff94][0x12]f+[0xffffffaa][0xffffff9e][0xffffffb8][0xffffff94]M[0x9][0xffffffa3][0x15]U[0xffffffc2][0xffffffb4]TJ[0xfffffffc][0x1d]VT[0x1d]jE[0xffffffd5]q[0xffffffc3]~[0xffffffe0]8[0xfffffff0][0x15]U[0xffffff87][0xffffffc1][0xffffff8a][0xffffffaa]C[0xffffffec]Q[0xffffffc9][0x3][0xfffffffc][0xffffffc0]VT[0x1d]aS[\n]"
08:17:55.097 [TestNG-PoolService-2] DEBUG org.apache.hc.client5.http.wire -- http-outgoing-5 << "[0xffffff98][0x12][0x2]E$%$[0xffffff90]HJ[0x8],[0xffffffd3]S"[0xffffffc0][0xffffff99][0xffffff9c][0x12][0x1]Q[0xffffffa3][0xffffff94]P[0xfffffff2]DSB[0xffffffbb][0x14]M[0x9][0xffffffa5]V,%[0xffffffa2]i[0xffffffa1][0xffffff94][0xffffff88][0xffffffe2][0xffffffbd][0xffffff90][0x12]jE[0xffffffd5]q`{%[0xe]|E[0xffffffd5]a[0xffffffb0][0xffffffa2][0xffffffea][0x10]{T[0x12][0x1][0xffffffc7]VT[0x1d]aS[\n]"
08:17:55.097 [TestNG-PoolService-2] DEBUG org.apache.hc.client5.http.wire -- http-outgoing-5 << "[0xffffff99][0x12]&+[0xffffffaa]$[0xffffff90]LJ[0x18][0xffffffac][0xffffffa8][\n]"
08:17:55.097 [TestNG-PoolService-1] DEBUG org.apache.hc.client5.http.wire -- http-outgoing-3 << "pf[0xffffffa7][0xffffff84][0xfffffff1][0xffffff8a]*%O6%[0xfffffffc]VT)[0xffffffb5]r)[0xffffffe1][0xffffffb2][0xffffffa2]*[0xffffff8a][0xfffffff7]BJ[0xffffffa8][0x15]Uu[0xffffff9e]XJ[0xffffffe0]+[0xffffffaa][0xffffffaa][0xffffffc1][0xffffff8a][0xffffffaa]*[0xfffffff6][0xffffffa8]$[0x2][0xffffff8e][0xffffffad][0xffffffa8][0xffffffaa]aS[\n]"
08:17:55.098 [TestNG-PoolService-1] DEBUG org.apache.hc.client5.http.wire -- http-outgoing-3 << "[0xffffff99][0x12]&+[0xffffffaa]$[0xffffff90]LJ[0x18][0xffffffac][0xffffffa8][\n]"
08:17:55.098 [TestNG-PoolService-2] DEBUG org.apache.hc.client5.http.wire -- http-outgoing-5 << "pf[0xffffffa7][0xffffff84][0xfffffff1][0xffffff8a]*%O6%[0xfffffffc]VT)[0xffffffb5]r)[0xffffffe1][0xffffffb2][0xffffffa2]*[0xffffff8a][0xfffffff7]BJ[0x14][0xffffff95][0x12]eQw%[0xffffffde][0xffffffce][0x3][0xffffffa7]D1H[0xffffff89][0x12]yO[0x4][0xffffffbc]`)Q[0xffffff9c]R"[0xffffffa2][0xffffffc8][0xffffffa4][0xffffff84][0x2][0xffffff92]I[0xffffff89][0xffffff88]e~J[0xffffffec]pf[0xffffffa7][0xffffffc4][0xffffff8e][0xffffffa8]SJ[0x8]y[0xffffffb2])!][0xffffffca][0xffffffa6][0xffffff84]P+[0xffffff97][0x12][0xffffffc1][0xffffffb4]TJ[0x4][0xfffffff1]^H[0x9][0xffffffb5]W[0xffffffe2]h[0xffffff95][0xfffffffa][0x6][0xffffffc7][0xffffff81][0xffffffef][0xffffff95]8[0xc][0xfffffff6]J[0x1c]b[0xfffffff8]9[0x11]pl[0xffffffaf][0xffffffc4][0x11][0xffffffc6][0xffffff9b][0xffffffc9][0xffffff94]0[0xffffffd9]+![0xffffff81]dR[0xffffffc2]`[0xffffffaf]D[0xffffff80]3;%[0xffffff8c][0xfffffff7]J(y[0xffffffb2])[0xffffffe1][0xffffffb7]WB[0xffffffa9][0xffffff95]K[0x9][0xffffff97][0xffffffbd][0x12]Q[0xffffffbc][0x17]R[0xffffffa2][0xffffffab][0xffffff94][0xffffffe8]7[0xffffffec][0xffffffae]D[0xffffffc7]S[0xffffffa2][0x1b][0xffffffa4]D[0xffffff8f][0xffffffbc]'[0x2][0xffffffde][0xffffffb1][0xffffff94][0xffffffe8]N)[0x11]QdRB[0x1][0xffffffc9][0xffffffa4]D[0xffffffc4]2?%v8[0xffffffb3]SbG[0xffffffd4])%[0xffffff84]<[0xffffffd9][0xffffff94][0xffffff90].eSB[0xffffffa8][0xffffff95]K[0xffffff89]`Z*%[0xffffff82]x/[0xffffffa4][0xffffff84]ZQu[0xfffffff4]1[0xffffffa8][0xffffff94][0xffffffc0]WT[0x1d][0x6]+[0xffffffaa][0xe][0xffffffb1]G%[0x11]plE[0xffffffd5][0x11]6[0xffffffa5][0xffffff90])a[0xffffffb2][0xffffffa2]J[0x2][0xffffffc9][0xffffffa4][0xffffff84][0xffffffc1][0xffffff8a][0xffffffaa][0x0]gvJ[0x18][0xffffffaf][0xffffffa8]R[0xfffffff2]dS[0xffffffc2]oE[0xffffff95]R+[0xffffff97][0x12].+[0xffffffaa][0xffffffa2]x/[0xffffffa4][0xffffff84]ZQu[0xfffffff4]U[0xffffffa8][0xffffff94][0xffffffc0]WT[0x1d][0x6]+[0xffffffaa][0xe][0xffffffb1]G%[0x11]plE[0xffffffd5][0x11]6[0xffffffa5][0xffffff90])a[0xffffffb2][0xffffffa2]J[0x2][0xffffffc9][0xffffffa4][0xffffff84][0xffffffc1][0xffffff8a][0xffffffaa][0x0]gvJ[0x18][0xffffffaf][0xffffffa8]R[0xfffffff2]dS[0xffffffc2]oE[0xffffff95]R+[0xffffff97][0x12].+[0xffffffaa][0xffffffa2]x/[0xffffffa4][0xffffff84]ZQu[0xffffff8c]:[0xffffffa9][0xffffff94][0xffffffc0]WT[0x1d][0x6]+[0xffffffaa][0xe][0xffffffb1]G%[0x11]plE[0xffffffd5][0x11]6[0xffffffa5][0xffffff90])a[0xffffffb2][0xffffffa2]J[0x2][0xffffffc9][0xffffffa4][0xffffff84][0xffffffc1][0xffffff8a][0xffffffaa][0x0]gvJ[0x18][0xffffffaf][0xffffffa8]R[0xfffffff2]dS[0xffffffc2]oE[0xffffff95]R+[0xffffff97][0x12].+[0xffffffaa][0xffffffa2]x_O[0xffffff89][0xffffffa2][0xffffffbe][0xc]z[0xffffffcc]I[0xffffffa5]D[0xffffffc1][0xffffffbf][0xc]Z[0xc][0xffffffbe][0xc]Z[0xffffffc4][0xffffffe7][0xffffffeb][0xfffffff2][0x0]/[0xffffffd8][0xffffff97]AK[0xfffffff8]@[0x1d][0xffffff98][0x12][0x2]E$%$[0xffffff90]HJ[0x8],[0xffffffd3]S"[0xffffffc0][0xffffff99][0xffffff9c][0x12][0x1]Q[0xffffffa3][0xffffff94]P[0xfffffff2]DSB[0xffffffbb][0x14]M[0x9][0xffffffa5]V,%[0xffffffa2]i[0xffffffa1][0xffffff94][0xffffff88][0xffffffe2][0xffffffbd][0xffffff90][0x12]j[0xffffff82][0xffffffe3][0xfffffffe]O[0xffffffa6][0xffffffae]][0x16]|[0xffffff82][0xffffffa3][0x18]Lp[0x14]q[0xffffffcd]8[0x11]pl[0xffffff82][0xffffffa3][0xffffff84][0xffffff8b][0xffffffc4]dJ[0xffffff98]LpH [0xffffff99][0xffffff94]0[0xffffff98][0xffffffe0][0x8]pf[0xffffffa7][0xffffff84][0xfffffff1][0x4][0xffffff87][0xffffff92]'[0xffffff9b][0x12]~[0x13][0x1c]J[0xffffffad]\J[0xffffffb8]LpD[0xfffffff1]^H[0x9]5[0xffffffc1][0xfffffff1][0xfffffff6][0x13][0x7][0xffffff95][0x12][0xfffffff8][0x4]G1[0xffffff98][0xffffffe0]([0xffffffe2][0xffffff9a]q"[0xffffffe0][0xffffffd8][0x4]G[0x9][0x17][0xffffff89][0xffffffc9][0xffffff94]0[0xffffff99][0xffffffe0][0xffffff90]@2)a0[0xffffffc1][0x11][0xffffffe0][0xffffffcc]N[0x9][0xffffffe3][0x9][0xe]%O6%[0xfffffffc]&8[0xffffff94]Z[0xffffffb9][0xffffff94]p[0xffffff99][0xffffffe0][0xffffff88][0xffffffe2][0xffffffbd][0xffffff90][0x12]j[0xffffff82][0xffffffa3][0xffffff9c][0xffffffe3][0xffffffa0]R[0x2][0xffffff9f][0xffffffe0]([0x6][0x13][0x1c]E\3N[0x4][0x1c][0xffffff9b][0xffffffe0]([0xffffffe1]"1[0xffffff99][0x12]&[0x13][0x1c][0x12]H&%[0xc]&8[0x2][0xffffff9c][0xffffffd9])a<[0xffffffc1][0xffffffa1][0xffffffe4][0xffffffc9][0xffffffa6][0xffffff84][0xffffffdf][0x4][0xffffff87]R+[0xffffff97][0x12].[0x13][0x1c]Q[0xffffffbc][0xffffff97]R[0xffffffa2][0xffffff98][0xffffffa5]D[0xffffffc1]S[0xffffffa2][0x18][0xffffffa4]DAS[0xffffffa2]`)Q[0xffffff9c]RbG[0xffffff91]J[0xffffff89][0x8]$[0xffffff95][0x12];[0xffffff96]DJ[0x14]8%[0xffffff8a]qJ[0x4]y[0xffffffd2])!\J[0xffffffa7]DP+[0xffffff99][0x12][0xffffffc5]%%[0xffffffca]O[0xffffffa7][0xffffffc4][0xfffffff9]K[0xffffff8d])1[0xffffffb1][0xffffffc5][0xffffffd9]o[0xffffffe7][0xffffff81]S[0xffffffe2][0xffffffed][0x4]tJ|;[0x3][0xffffff93][0x12]oOgR[0xffffffe2][0xffffffe3][0xffffffc9][0x1e])[0x11]QdRB[0x1][0xffffffc9][0xffffffa4]D[0xffffffc4]2?%v8[0xffffffb3]SbG[0xffffffd4])%[0xffffff84]<[0xffffffd9][0xffffff94][0xffffff90].eSB[0xffffffa8][0xffffff95]K[0xffffff89]`Z*%[0xffffff82]x/[0xffffffa4][0xffffff84][0x1a][0x6][0xffffffad][0xffffffa5]c)[0xffffff81][0xf][0xffffff83][0x16][0xffffff83]a[0xffffffd0]"&[0xffffff96][0x12][0x1][0xffffffc7][0xffffff86]AK[0xffffff98]I"S[0xffffffc2]d[0x18]T[0x2][0xffffffc9][0xffffffa4][0xffffff84][0xffffffc1]0h[0xffffff80]3;%[0xffffff8c][0xffffff87]A[0xffffff95]<[0xffffffd9][0xffffff94][0xfffffff0][0x1b][0x6]Uj[0xffffffe5]R[0xffffffc2]e[0x18]4[0xffffff8a][0xfffffff7]BJ,[0xffffff95][0x12][0xffffffad]P+[0xffffffaa][0xffffffde][0xffffffce][0x3][0xffffffa7][0xffffffc4]R[0xfffffff8]'[0xfffffff3][0xffffffbe]"[0xffffffef][0xffffff89][0xffffff80]/,%[0xffffff96]SJD[0x14][0xffffff99][0xffffff94]P@2)[0x11][0xffffffb1][0xffffffcc]O[0xffffff89][0x1d][0xffffffce][0xffffffec][0xffffff94][0xffffffd8][0x11]uJ[0x9]!O6%[0xffffffa4]K[0xffffffd9][0xffffff94][0x10]j[0xffffffe5]R"[0xffffff98][0xffffff96]J[0xffffff89] [0xffffffde][0xffffffd7]S[0xffffffa2][0xffffffaa][0xffffff8f][0xffffff8c][0xffffffd7][0xffffffb3]S)Q[0xfffffff1][0xffffff8f][0xffffff8c]W[0xffffff83][0xffffff8f][0xffffff8c]W[0xfffffff1]%[0xffffffdc]<[0xffffffc0]+[0xfffffff6][0xffffff91][0xfffffff1][0x1a][0xffffffbe]u[0xb][0xffffffa6][0xffffff84]@[0x11]I[0x9][0x9]$[0xffffff92][0x12][0x2][0xffffffcb][0xfffffff4][0xffffff94][0x8]p&[0xffffffa7]D@[0xffffffd4](%[0xffffff94]<[0xffffffd1][0xffffff94][0xffffffd0].ESB[0xffffffa9][0x15]K[0xffffff89]hZ(%[0xffffffa2]x/[0xffffffa4][0xffffff84]ZQUg[0xffffffad]TJ[0xffffffe0]+[0xffffffaa][0xffffffaa][0xffffffc1][0xffffff8a][0xffffffaa]*[0xfffffff6][0xffffffa8]$[0x2][0xffffff8e][0xffffffad][0xffffffa8][0xffffffaa]aS[\n]"
08:17:55.098 [TestNG-PoolService-2] DEBUG org.apache.hc.client5.http.wire -- http-outgoing-5 << "[0xffffff99][0x12]&+[0xffffffaa]$[0xffffff90]LJ[0x18][0xffffffac][0xffffffa8][\n]"
08:17:55.098 [TestNG-PoolService-1] DEBUG org.apache.hc.client5.http.wire -- http-outgoing-3 << "pf[0xffffffa7][0xffffff84][0xfffffff1][0xffffff8a]*%O6%[0xfffffffc]VT)[0xffffffb5]r)[0xffffffe1][0xffffffb2][0xffffffa2]*[0xffffff8a][0xfffffff7]BJ[0xffffffa8][0x15]U[0xffffffed]V[0x1a][0xffffff95][0x12][0xfffffff8][0xffffff8a][0xffffffaa]j[0xffffffb0][0xffffffa2][0xffffffaa][0xffffff8a]=*[0xffffff89][0xffffff80]c+[0xffffffaa]j[0xffffffd8][0xffffff94]B[0xffffffa6][0xffffff84][0xffffffc9][0xffffff8a]*[0x9]$[0xffffff93][0x12][0x6]+[0xffffffaa][0x2][0xffffff9c][0xffffffd9])a[0xffffffbc][0xffffffa2]J[0xffffffc9][0xffffff93]M[0x9][0xffffffbf][0x15]UJ[0xffffffad]\J[0xffffffb8][0xffffffac][0xffffffa8][0xffffff8a][0xffffffe2][0xffffffbd][0xffffff94][0x12]q[0x18][0xffffff94]M[0x9]x[0x18][0xfffffff4]q[0x2]>%[0xffffffc0]a[0xffffffd0][0xffffffc7][0xffffffd3][0xffffffa9][0xffffff94][0xfffffff0][0x19][0x6][0x15](R)a2[0xc]*[0xffffffb0]$R[0x2][0x1d][0x6][\r][0xffffff88]z[0xffffffa5][0xffffff84][0xffffffd7]0[0xffffffa8]v)[0xffffff9d][0x12]>[0xffffffc3][0xffffffa0][0xffffffd1][0xffffffb4]\J[0xfffffffc][0xfffffff4]0hU+[0xffffffaa]Z[0xffffffe1]~[0xffffffe0][0xffffffc0]WTU[0xffffff83][0x15]UU[0xffffffec]QI[0x4][0x1c][QU[0xffffffc3][0xffffffa6][0x14]2%LVTI [0xffffff99][0xffffff94]0XQ[0x15][0xffffffe0][0xffffffcc]N[0x9][0xffffffe3][0x15]UJ[0xffffff9e]lJ[0xfffffff8][0xffffffad][0xffffffa8]Rj[0xffffffe5]R[0xffffffc2]eEU[0x14][0xffffffef][0xffffff85][0xffffff94]8[0xffffffd5][0xf][0x1c][0x1d][0xfffffffb][0xffffffc8][0xfffffff8][0xffffffdb]y[0xffffffe0][0xffffff94]8[0xffffffd5]K[0xffffffb9]d[0xffffffde][0xffffffcf][0xfffffff8][0x16].[0x11][0xfffffff0][0x13][0xfffffffb][0xffffff81][0xffffffe3]t[0xfffffffa][0xffffff81]#[0xffffffa2][0xffffffc8][0xffffffa4][0xffffff84][0x2][0xffffff92]I[0xffffff89][0xffffff88]e~J[0xffffffec]pf[0xffffffa7][0xffffffc4][0xffffff8e][0xffffffa8]SJ[0x8]y[0xffffffb2])!][0xffffffca][0xffffffa6][0xffffff84]P+[0xffffff97][0x12][0xffffffc1][0xffffffb4]TJ[0x4][0xfffffff1]^H[0xffffff89][0xffffffa9][0xffffffde]J[0xffffffcc][0xffffffd5][0xffffffa9][0xffffff94][0xffffff98][0xfffffff8][[0xffffff89]i[0xfffffff0]Vb[0xffffffc6]tN[0x4]|bo%[0xffffffa6][0xffffffd3][[0xffffff89][0xffffff88]"[0xffffff93][0x12][\n]"
08:17:55.098 [TestNG-PoolService-2] DEBUG org.apache.hc.client5.http.wire -- http-outgoing-5 << "pf[0xffffffa7][0xffffff84][0xfffffff1][0xffffff8a]*%O6%[0xfffffffc]VT)[0xffffffb5]r)[0xffffffe1][0xffffffb2][0xffffffa2]*[0xffffff8a][0xfffffff7]BJ[0xffffffa8][0x15]Uu[0xffffff9e]XJ[0xffffffe0]+[0xffffffaa][0xffffffaa][0xffffffc1][0xffffff8a][0xffffffaa]*[0xfffffff6][0xffffffa8]$[0x2][0xffffff8e][0xffffffad][0xffffffa8][0xffffffaa]aS[\n]"
08:17:55.098 [TestNG-PoolService-2] DEBUG org.apache.hc.client5.http.wire -- http-outgoing-5 << "[0xffffff99][0x12]&+[0xffffffaa]$[0xffffff90]LJ[0x18][0xffffffac][0xffffffa8][\n]"
08:17:55.098 [TestNG-PoolService-2] DEBUG org.apache.hc.client5.http.wire -- http-outgoing-5 << "pf[0xffffffa7][0xffffff84][0xfffffff1][0xffffff8a]*%O6%[0xfffffffc]VT)[0xffffffb5]r)[0xffffffe1][0xffffffb2][0xffffffa2]*[0xffffff8a][0xfffffff7]BJ[0xffffffa8][0x15]U[0xffffffed]V[0x1a][0xffffff95][0x12][0xfffffff8][0xffffff8a][0xffffffaa]j[0xffffffb0][0xffffffa2][0xffffffaa][0xffffff8a]=*[0xffffff89][0xffffff80]c+[0xffffffaa]j[0xffffffd8][0xffffff94]B[0xffffffa6][0xffffff84][0xffffffc9][0xffffff8a]*[0x9]$[0xffffff93][0x12][0x6]+[0xffffffaa][0x2][0xffffff9c][0xffffffd9])a[0xffffffbc][0xffffffa2]J[0xffffffc9][0xffffff93]M[0x9][0xffffffbf][0x15]UJ[0xffffffad]\J[0xffffffb8][0xffffffac][0xffffffa8][0xffffff8a][0xffffffe2][0xffffffbd][0xffffff94][0x12]q[0x18][0xffffff94]M[0x9]x[0x18][0xfffffff4]q[0x2]>%[0xffffffc0]a[0xffffffd0][0xffffffc7][0xffffffd3][0xffffffa9][0xffffff94][0xfffffff0][0x19][0x6][0x15](R)a2[0xc]*[0xffffffb0]$R[0x2][0x1d][0x6][\r][0xffffff88]z[0xffffffa5][0xffffff84][0xffffffd7]0[0xffffffa8]v)[0xffffff9d][0x12]>[0xffffffc3][0xffffffa0][0xffffffd1][0xffffffb4]\J[0xfffffffc][0xfffffff4]0hU+[0xffffffaa]Z[0xffffffe1]~[0xffffffe0][0xffffffc0]WTU[0xffffff83][0x15]UU[0xffffffec]QI[0x4][0x1c][QU[0xffffffc3][0xffffffa6][0x14]2%LVTI [0xffffff99][0xffffff94]0XQ[0x15][0xffffffe0][0xffffffcc]N[0x9][0xffffffe3][0x15]UJ[0xffffff9e]lJ[0xfffffff8][0xffffffad][0xffffffa8]Rj[0xffffffe5]R[0xffffffc2]eEU[0x14][0xffffffef][0xffffff85][0xffffff94]8[0xffffffd5][0xf][0x1c][0x1d][0xfffffffb][0xffffffc8][0xfffffff8][0xffffffdb]y[0xffffffe0][0xffffff94]8[0xffffffd5]K[0xffffffb9]d[0xffffffde][0xffffffcf][0xfffffff8][0x16].[0x11][0xfffffff0][0x13][0xfffffffb][0xffffff81][0xffffffe3]t[0xfffffffa][0xffffff81]#[0xffffffa2][0xffffffc8][0xffffffa4][0xffffff84][0x2][0xffffff92]I[0xffffff89][0xffffff88]e~J[0xffffffec]pf[0xffffffa7][0xffffffc4][0xffffff8e][0xffffffa8]SJ[0x8]y[0xffffffb2])!][0xffffffca][0xffffffa6][0xffffff84]P+[0xffffff97][0x12][0xffffffc1][0xffffffb4]TJ[0x4][0xfffffff1]^H[0xffffff89][0xffffffa9][0xffffffde]J[0xffffffcc][0xffffffd5][0xffffffa9][0xffffff94][0xffffff98][0xfffffff8][[0xffffff89]i[0xfffffff0]Vb[0xffffffc6]tN[0x4]|bo%[0xffffffa6][0xffffffd3][[0xffffff89][0xffffff88]"[0xffffff93][0x12][\n]"
08:17:55.098 [TestNG-PoolService-1] DEBUG org.apache.hc.client5.http.wire -- http-outgoing-3 << "H&%"[0xffffff96][0xfffffff9])[0xffffffb1][0xffffffc3][0xffffff99][0xffffff9d][0x12];[0xffffffa2]N)![0xffffffe4][0xffffffc9][0xffffffa6][0xffffff84]t)[0xffffff9b][0x12]B[0xffffffad]\J[0x4][0xffffffd3]R)[0x11][0xffffffc4]{!%[0xffffffd4][0xffffff8a][0xffffffaa]^n[0xffffffd4][0xffffff97]A+[0xffffffbe][0xffffffa2][0xffffffaa][0x1a][0xffffffac][0xffffffa8][0xffffffaa]b[0xffffff8f]J"[0xffffffe0][0xffffffd8][0xffffff8a][0xffffffaa][0x1a]6[0xffffffa5][0xffffff90])a[0xffffffb2][0xffffffa2]J[0x2][0xffffffc9][0xffffffa4][0xffffff84][0xffffffc1][0xffffff8a][0xffffffaa][0x0]gvJ[0x18][0xffffffaf][0xffffffa8]R[0xfffffff2]dS[0xffffffc2]oE[0xffffff95]R+[0xffffff97][0x12].+[0xffffffaa][0xffffffa2]x/[0xffffffa5]D|+[0xffffffc1][0xffffffa6][0x4][0xfffffffd]Vb[0x19][0xffffffbc][0xffffff95]X1[0xffffff9d]S[0x1][0xffffffa7][0xffffffde]J,[0xffffffa7][0xffffffb7][0x12][0x11]E*%\[0xffffffde]JD,[0xffffff89][0xffffff94]`[0xffffffdf]J[0xffffffec][0xffffff88]z[0xffffffa5][0xffffff84][0xffffffd9][[0x9][0xffffffe9]R:%[0xffffff8c][0xffffffde]J[0x4][0xffffffd3]r)[0xfffffff1][0xffffffd3]o%[0xffffffda]M[0xffffffbd][0xffffff95][0xffffffe8][0xffffffab]A)[0xfffffff1]v[0x1e]6%[0x1e]'[0xffffff80]S[0xffffffe2][0xfffffffb][0x19][0xffffff90][0xffffff94]x<[0x1d]I[0xffffff89]oO[0xffffffb6]H[0x9][0xffffff81]"[0xffffff92][0x12][0x12]H$%[0x4][0xffffff96][0xffffffe9])[0x11][0xffffffe0]LN[0xffffff89][0xffffff80][0xffffffa8]QJ(y[0xffffffa2])[0xffffffa1]][0xffffff8a][0xffffffa6][0xffffff84]R+[0xffffff96][0x12][0xffffffd1][0xffffffb4]PJD[0xfffffff1]^H[0x9][0xffffffb5]8[0xffffffbb]s[0xffffffdb].[0x1b][0xffffffbe]8[0xffffffbb][0x19],[0xffffffce]nb[0xffffffbb]k"[0xffffffe0][0xffffffd8][0xffffffe2][0xffffffec][0x16][0xfffffff6][0xffffffb7][0xffffff92])a[0xffffffb2]8[[0x2][0xffffffc9][0xffffffa4][0xffffff84][0xffffffc1][0xffffffe2][0xffffffec][0x0]gvJ[0x18]/[0xffffffce]V[0xfffffff2]dS[0xffffffc2]oq[0xffffffb6]R+[0xffffff97][0x12].[0xffffff8b][0xffffffb3][0xffffffa3]x/[0xffffffa5]D[0xffffffdc]+[0xffffffc1][0xffffffa6][0x4][0xffffffbc]W[0xffffffe2]q[0x2]>%[0xffffffc0][0xffffffbd][0x12][0xffffff8f][0xffffffa7]S)[0xffffffe1][0xffffffb3]WB[0xffffffa0]H[0xffffffa5][0xffffff84][0xffffffc9]^[0x9][0xffffff81]%[0xffffff91][0x12][0xffffffe8]^[0xffffff89][0xffffff80][0xffffffa8]WJx[0xffffffed][0xffffff95][0xffffffd0].[0xffffffa5]S[0xffffffc2]g[0xffffffaf]D4-[0xffffff97][0x12]?[0xffffffbd]W[0xffffffe2][0xfffffffe][0xffffffcf]hf)[0xffffffd1][0xfffffff0][0xffffff94]h[0x6])[0xffffffd1][0xffffffd0][0xffffff94]hXJ4[0xffffffa7][0xffffff94][0xffffffd8]Q[0xffffffa4]R"[0x2]I[0xffffffa5][0xffffffc4][0xffffff8e]%[0xffffff91][0x12][\r]N[0xffffff89]f[0xffffff9c][0x12]A[0xffffff9e]tJ[0x8][0xffffff97][0xffffffd2])[0x11][0xffffffd4]J[0xffffffa6]DsI[0xffffff89][0xfffffff6]wH[0xffffff89]n[0xffffff96][0x12][0x1d]O[0xffffff89]n[0xffffff90][0x12][0x1d]M[0xffffff89][0xffffff8e][0xffffffa5]DwJ[0xffffff89][0x1d]E*%"[0xffffff90]TJ[0xffffffec]X[0x12])[0xffffffd1][0xffffffe1][0xffffff94][0xffffffe8][0xffffffc6])[0x11][0xffffffe4]I[0xffffffa7][0xffffff84]p)[0xffffff9d][0x12]A[0xffffffad]dJt[0xffffff97][0xffffff94][0xffffffe8]?[0xffffff9d][0x12][0xffffffea]s^c[0x14]j[0xffffff82][0xffffffa3][0xffffffe1][0xffffff9f][0xfffffff3]j[0x6][0xffffff9f][0xfffffff3]j[0xffffffe2][0xffffff9b]3[0xffffff89][0xffffff80]c[0xffffff9f][0xfffffff3]j[0xffffffe1][0xffffffab]2dJ[0xffffff98]|[0xffffffce]K[0x2][0xffffffc9][0xffffffa4][0xffffff84][0xffffffc1][0xffffffe7][0xffffffbc][0x2][0xffffff9c][0xffffffd9])a[0xfffffffc]9/%O6%[0xfffffffc]>[0xffffffe7][0xffffffa5][0xffffffd4][0xffffffca][0xffffffa5][0xffffff84][0xffffffcb][0xffffffe7][0xffffffbc][0xffffffa2]x/[0xffffffa4][0xffffff84][0xfffffffa][0xffffff9c][0xffffffd7]8[0x17][0xffffffb5][0xffffffed][0xffffffb2][0xffffffe1][0xffffff9f][0xfffffff3]j[0x6][0xffffff9f][0xfffffff3]j[0xffffffe2][0xffffff9b]3[0xffffff89][0xffffff80]c[0xffffff9f][0xfffffff3]j[0xffffffe1][0xffffffab]2dJ[0xffffff98]|[0xffffffce]K[0x2][0xffffffc9][0xffffffa4][0xffffff84][0xffffffc1][0xffffffe7][0xffffffbc][0x2][0xffffff9c][0xffffffd9])a[0xfffffffc]9/%O6%[0xfffffffc]>[0xffffffe7][0xffffffa5][0xffffffd4][0xffffffca][0xffffffa5][0xffffff84][0xffffffcb][0xffffffe7][0xffffffbc][0xffffffa2]x/[0xffffffa4][0xffffffc4]P)1[0x7][0xfffffff6]Vb[0xffffffe0])1[0xc]RbD[0xffffffde][0x13][0x1][0x1f]XJ[0xc][0xffffffa7][0xffffff94][0xffffff88](2)[0xffffffa1][0xffffff80]dR"b[0xffffff99][0xffffff9f][0x12];[0xffffff9c][0xffffffd9])[0xffffffb1]#[0xffffffea][0xffffff94][0x12]B[0xffffff9e]lJH[0xffffff97][0xffffffb2])![0xffffffd4][0xffffffca][0xffffffa5]D0-[0xffffff95][0x12]A[0xffffffbc][0x17]Rb[0xffffffaa][0xffffff94]X[0x15]K[0xffffff89][0xffffff89][0xffffffa7][0xffffffc4]4H[0xffffff89][0x19]yO[0x4]|b)1[0xffffff9d]R"[0xffffffa2][0xffffffc8][0xffffffa4][0xffffff84][0x2][0xffffff92]I[0xffffff89][0xffffff88]e~J[0xffffffec]pf[0xffffffa7][0xffffffc4][0xffffff8e][0xffffffa8]SJ[0x8]y[0xffffffb2])!][0xffffffca][0xffffffa6][0xffffff84]P+[0xffffff97][0x12][0xffffffc1][0xffffffb4]TJ[0x4][0xfffffff1]^H[0x9][0xffffffb5]8{[0xffffffac]uR)[0xffffff81]/[0xffffffce]n[0x6][0xffffff8b][0xffffffb3][0xffffff9b][0xffffffd8][0xffffffee][0xffffff9a][0x8]8[0xffffffb6]8[0xffffffbb][0xffffff85][0xfffffffd][0xffffffad]dJ[0xffffff98],[0xffffffce][0xffffff96]@2)a[0xffffffb0]8;[0xffffffc0][0xffffff99][0xffffff9d][0x12][0xffffffc6][0xffffff8b][0xffffffb3][0xffffff95]<[0xffffffd9][0xffffff94][0xfffffff0]["
08:17:55.099 [TestNG-PoolService-2] DEBUG org.apache.hc.client5.http.wire -- http-outgoing-5 << "H&%"[0xffffff96][0xfffffff9])[0xffffffb1][0xffffffc3][0xffffff99][0xffffff9d][0x12];[0xffffffa2]N)![0xffffffe4][0xffffffc9][0xffffffa6][0xffffff84]t)[0xffffff9b][0x12]B[0xffffffad]\J[0x4][0xffffffd3]R)"
08:17:55.101 [TestNG-PoolService-3] DEBUG org.apache.hc.client5.http.wire -- http-outgoing-4 << "[0xffffff9c][0xffffffad][0xffffffd4][0xffffffca][0xffffffa5][0xffffff84][0xffffffcb][0xffffffe2][0xffffffec]([0xffffffde][0xffffffd7]S[0xffffffa2][0xffffffab][0x15]Ugm[0xffffffd4][0xffffffe7][0xffffffbc]:[0xffffffbe][0xffffffa2][0xffffffaa][0x1b][0xffffffac][0xffffffa8][0xffffffea]b[0xffffff8f]J[0x1e][0xffffffe0][0x1d][Q[0xffffffd5][0xffffffc3][0xffffffa6][0x14]0%[0x4][0xffffff8a]HJH [0xffffff91][0xffffff94][0x10]X[0xffffffa6][0xffffffa7]D[0xffffff80]39%[0x2][0xffffffa2]F)[0xffffffa1][0xffffffe4][0xffffff89][0xffffffa6][0xffffff84]v)[0xffffff9a][0x12]J[0xffffffad]XJD[0xffffffd3]B)[0x11][0xffffffc5]{!%[0xffffff8a][0xffffffd8]+q[0xffffffb6]V[0xffffffa8][0xffffff94]([0xfffffff4]^[0xffffff89][0xffffffc7][0x9][0xffffffe8][0xffffff94](q[0xfffffff8]9[0x11][0xfffffff0]B[0xffffffed][0xffffff95][0xfffffff8][0xfffffff6]d[0xffffff8f][0xffffff94][0xffffff88](2)[0xffffffa1][0xffffff80]dR"b[0xffffff99][0xffffff9f][0x12];[0xffffff9c][0xffffffd9])[0xffffffb1]#[0xffffffea][0xffffff94][0x12]B[0xffffff9e]lJH[0xffffff97][0xffffffb2])![0xffffffd4][0xffffffca][0xffffffa5]D0-[0xffffff95][0x12]A[0xffffffbc][0x17]R[0xffffffa2][0xffffffaa][0xffffffb7][0x12]sQ{%[0xffffffde][0xffffffce][0x3][0xffffffa7]D5x+Qc:'[0x2]^[0xffffffb1][0xffffffb7][0x12][0xffffffd5][0xffffffe9][0xffffffad]DD[0xffffff91]I[0x9][0x5]$[0xffffff93][0x12][0x11][0xffffffcb][0xfffffffc][0xffffff94][0xffffffd8][0xffffffe1][0xffffffcc]N[0xffffff89][0x1d]Q[0xffffffa7][0xffffff94][0x10][0xfffffff2]dSB[0xffffffba][0xffffff94]M[0x9][0xffffffa1]V.%[0xffffff82]i[0xffffffa9][0xffffff94][0x8][0xffffffe2][0xffffffbd][0xffffff94][0x12]qq6[0xffffff9b][0x12][0xfffffff0][0xffffffe2][0xffffffec][0xffffffc7][0x9][0xfffffff8][0xffffff94][0x0][0x17]g?[0xffffff9e]N[0xffffffa5][0xffffff84][0xffffffcf][0xffffffe2]l[0xffffff81]"[0xffffff95][0x12]&[0xffffff8b][0xffffffb3][0x5][0xffffff96]DJ[0xffffffa0][0xffffff8b][0xffffffb3][0x3][0xffffffa2]^)[0xffffffe1][0xffffffb5]8[[0xffffffbb][0xffffff94]N[0x9][0xffffff9f][0xffffffc5][0xffffffd9][0xffffffd1][0xffffffb4]\J[0xfffffffc][0xfffffff4][0xffffffe2][0xffffffec][0xffffffae]VT[0xffffffcd][0xffffffe3]F][0xffffffbb][0xffffffec][0xfffffff8][0xffffff8a][0xffffffaa]n[0xffffffb0][0xffffffa2][0xffffffaa][0xffffff8b]=*[0xffffff89][0xffffff80]c+[0xffffffaa]z[0xffffffd8][0xffffff94]B[0xffffffa6][0xffffff84][0xffffffc9][0xffffff8a]*[0x9]$[0xffffff93][0x12][0x6]+[0xffffffaa][0x2][0xffffff9c][0xffffffd9])a[0xffffffbc][0xffffffa2]J[0xffffffc9][0xffffff93]M[0x9][0xffffffbf][0x15]UJ[0xffffffad]\J[0xffffffb8][0xffffffac][0xffffffa8][0xffffff8a][0xffffffe2][0xffffffbd][0xffffff90][0x12]jE[0xffffffd5][0xffffffec][\r]{+[0xffffff81][0xffffffaf][0xffffffa8][0xffffffea][0x6]+[0xffffffaa][0xffffffba][0xffffffd8][0xffffffa3][0xffffff92][0x8]8[0xffffffb6][0xffffffa2][0xffffffaa][0xffffff87]M)dJ[0xffffff98][0xffffffac][0xffffffa8][0xffffff92]@2)a[0xffffffb0][0xffffffa2]*[0xffffffc0][0xffffff99][0xffffff9d][0x12][0xffffffc6]+[0xffffffaa][0xffffff94]<[0xffffffd9][0xffffff94][0xfffffff0][Q[0xffffffa5][0xffffffd4][0xffffffca][0xffffffa5][0xffffff84][0xffffffcb][0xffffff8a][0xffffffaa]([0xffffffde][0xb])1~)1%[0xffffffce]zP)q?[0xf][0xffffff9c][0x12]o'[0xffffffa0]S[0xffffffe2][0xffffffdb][0x19][0xffffff98][0xffffff94]x{:[0xffffff93][0x12][0x1f]O[0xfffffff6]H[0xffffff89][0xffffff88]"[0xffffff93][0x12][\n]"
08:17:55.101 [TestNG-PoolService-3] DEBUG org.apache.hc.client5.http.wire -- http-outgoing-4 << "H&%"[0xffffff96][0xfffffff9])[0xffffffb1][0xffffffc3][0xffffff99][0xffffff9d][0x12];[0xffffffa2]N)![0xffffffe4][0xffffffc9][0xffffffa6][0xffffff84]t)[0xffffff9b][0x12]B[0xffffffad]\J[0x4][0xffffffd3]R)[0x11][0xffffffc4]{!%N[0xfffffff1]Vb[0x1d][0xffffffd8][0xffffffe2][0xffffffec][0xffffffb7][0xfffffff3][0xffffffc0])q[0x1a][0xffffffbc][0xffffff95]8c:'[0x2]~bo%N[0xffffffa7][0xffffffb7][0x12][0x11]E&%[0x14][0xffffff90]LJD,[0xfffffff3]Sb[0xffffff87]3;%vD[0xffffff9d]RB[0xffffffc8][0xffffff93]M[0x9][0xffffffe9]R6%[0xffffff84]Z[0xffffffb9][0xffffff94][0x8][0xffffffa6][0xffffffa5]R"[0xffffff88][0xfffffff7]BJ[0xffffffa8]m[0xffffff97][0xffffffab]r[0xffffffc3][0xffffffa0][0xfffffff8][0xffffffb6][0xffffffcb]n[0xffffffb0][0xffffffed][0xffffffb2][0xffffff8b][0xffffff95]l[0xffffff89][0xffffff80]c[0xffffffdb].{X[0xffffffba]F[0xffffffa6][0xffffff84][0xffffffc9][0xffffffb6]K[0x9]$[0xffffff93][0x12][0x6][0xffffffdb].[0x3][0xffffff9c][0xffffffd9])a[0xffffffbc][0xffffffed]R[0xffffffc9][0xffffff93]M[0x9][0xffffffbf]m[0xffffff97]J[0xffffffad]\J[0xffffffb8]l[0xffffffbb][0xffffff8c][0xffffffe2][0xffffffbd][0xffffff90][0x12]j[0xffffffdb][0xffffffe5][0xffffffea][0x1d][0xffffffbb]v[0xffffff89]o[0xffffffbb][0xffffffec][0x6][0xffffffdb].[0xffffffbb]X[0xffffffc9][0xffffff96][0x8]8[0xffffffb6][0xffffffed][0xffffffb2][0xffffff87][0xffffffa5]kdJ[0xffffff98]l[0xffffffbb][0xffffff94]@2)a[0xffffffb0][0xffffffed]2[0xffffffc0][0xffffff99][0xffffff9d][0x12][0xffffffc6][0xffffffdb].[0xffffff95]<[0xffffffd9][0xffffff94][0xfffffff0][0xffffffdb]v[0xffffffa9][0xffffffd4][0xffffffca][0xffffffa5][0xffffff84][0xffffffcb][0xffffffb6][0xffffffcb]([0xffffffde][0xffffffd7]Sb[0xffffffdc]bJ[0xfffffff4][0xffffffdb][0xffffffad]R[0xffffffdb].[0xffffffdf][0xffffffce][0xffffffc3][0xffffffa6][0xffffffc4][0xffffffe3][0x4]pJ|?[0x3][0xffffff92][0x12][0xffffff8f][0xffffffa7]#)[0xfffffff1][0xffffffed][0xffffffc9][0x16])!PDRB[0x2][0xffffff89][0xffffffa4][0xffffff84][0xffffffc0]2=%[0x2][0xffffff9c][0xffffffc9])[0x11][0x10]5J[0x9]%O4%[0xffffffb4]K[0xffffffd1][0xffffff94]Pj[0xffffffc5]R"[0xffffff9a][0x16]J[0xffffff89]([0xffffffde][0xb])![0x16]g[0xfffffff7][[0xffffff9f]7*%[0xfffffff0][0xffffffc5][0xffffffd9][0xffffffc3]`q[0xfffffff6][0x10][0xffffffdb]][0x13][0x1][0xffffffc7][0x16]g[0xffffff8f][0xffffffb0][0xffffffbf][0xffffff95]L[0x9][0xffffff93][0xffffffc5][0xffffffd9][0x12]H&%[0xc][0x16]g[0x7]8[0xffffffb3]S[0xffffffc2]xq[0xffffffb6][0xffffff92]'[0xffffff9b][0x12]~[0xffffff8b][0xffffffb3][0xffffff95]Z[0xffffffb9][0xffffff94]pY[0xffffff9c][0x1d][0xffffffc5]{)%[0xffffffc2][0xffffff8a]*8%[0xffffffe0][0x15]U[0xffffff8f][0x13][0xfffffff0])[0x1][0xffffffae][0xffffffa8]z<[0xffffff9d]J[0x9][0xffffff9f][0x15]U[0x2]E*%LVT[0x9],[0xffffff89][0xffffff94]@WT[0x5]D[0xffffffbd]R[0xffffffc2]kE[0xffffff95]v)[0xffffff9d][0x12]>+[0xffffffaa][0xffffffa2]i[0xffffffb9][0xffffff94][0xfffffff8][0xffffffe9][0x15]U[0xfffffff7][0x7f][0xffffffc6]0K[0xffffff89][0xffffff81][0xffffffa7][0xffffffc4]0H[0xffffff89][0xffffff81][0xffffffa6][0xffffffc4][0xffffffc0]Rb8[0xffffffa5][0xffffffc4][0xffffff8e]"[0xffffff95][0x12][0x11]H*%v,[0xffffff89][0xffffff94][0x18]pJ[0xc][0xffffffe3][0xffffff94][0x8][0xfffffff2][0xffffffa4]SB[0xffffffb8][0xffffff94]N[0xffffff89][0xffffffa0]V2%[0xffffff86]KJ[0xffffff8c][0xffffffbf]CJ[0x1c][0xffffffd3][0xffffffac]%[0xffffff8e][0xffffff89][0xffffffc7][0xffffffc4][0xfffffffd][0x8]|M|[0x1c][0xffffff82][0xffffffca][0xffffff89][0xfffffffb][0xffffffe3][0xffffffa9][0xffffff9e]x[0x7f][0xffffffb4]KP[0x4][0x1e][0xffffffa9][0xffffffa2][0x10]TRI[0x11][0xffffffd8]$[0xffffff9a]b#4?*6N[0xffffffbd][0xffffffaa]"j[0xffffff94][0xffffffce][\n]"
08:17:55.101 [TestNG-PoolService-3] DEBUG org.apache.hc.client5.http.wire -- http-outgoing-4 << "eU[0xffffffba]+[0xffffffa2]d[0xffffffc9][0xffffffb0][0xffffffd8][0xffffff9d][0xffffffcb][0xffffff95][0xffffffc5][0xffffffae][0xffffffe0]KiQ[0xffffff96]YZ[0xffffff94][0xffffff85][0xffffffa7][0xffffffc5][0xfffffffd][0x8]|Z|[0x1c][0xffffff82]J[0xffffff8b][0xfffffffb][0xffffffe3][0xffffffa9][0xffffffb4]x[0x7f][0xffffffb4]KZ[0x4][0x1e][0xffffffa9][0xffffffb4][0x10]TRi[0x11][0xffffffd8]$[0xffffffd2]b#4?-6N[0xffffffbd][0xffffffd2]"j[0xffffff94]N[0xb]eU:-[0xffffffa2]d[0xffffffc9][0xffffffb4][0xffffffd8][0xffffff9d][0xffffffcb][0xffffffa5][0xffffffc5][0xffffffae][0xffffffe0]KiQ[0xffffffdd][0xffffffd2][0xffffffa2][0xfffffff2]iQ[0x1d][0xffffffd2][0xffffffa2][0xffffffb2]iQ[0xffffffb9][0xffffffb4][0xffffffa8]Vi[0x11]x[0xffffffa4][0xffffffd2]BPI[0xffffffa5]E`[0xffffff93]H[0xffffff8b]J[0xffffffa7]EuN[0xffffff8b][0xffffffa8]Q:-[0xffffff94]U[0xffffffe9][0xffffffb4][0xffffff88][0xffffff92]%[0xffffffd3]bw.[0xffffff97][0x16][0xffffffbb][0xffffff82]/[0xffffffa5][0xffffffc5]c[0xffffffe7][0xffffff84]SZ[0xfffffff4][0x13]O[0xffffff8b][0xfffffffb][0x11][0xfffffff8][0xffffffb4][0xfffffff8]8[0x4][0xffffff95][0x16][0xfffffff7][0xffffffc7]Si[0xfffffff1][0xfffffffe]h[0xffffff97][0xffffffb4][0x8]<Ri![0xffffffa8][0xffffffa4][0xffffffd2]"[0xffffffb0]I[0xffffffa4][0xffffffc5]Fh~Zl[0xffffff9c]z[0xffffffa5]E[0xffffffd4]([0xffffff9d][0x16][0xffffffca][0xffffffaa]tZD[0xffffffc9][0xffffff92]i[0xffffffb1];[0xffffff97]K[0xffffff8b]][0xffffffc1][0xffffff97][0xffffffd2]b[0xffffffb8][0xffffffbd][0xffffffb5][0x18][0xfffffffc][[0xffffff8b][0xffffffe1][0xfffffff0][0xffffffd6]b[0xffffffb0]o-[0x6][0xfffffff7][0xffffffd6]bX[0xffffffbd][0xffffffb5][0x8]<Ri![0xffffffa8][0xffffffa4][0xffffffd2]"[0xffffffb0]I[0xffffffa4][0xffffffc5][0xffffffa0][0xffffffdf]Z[0xc][0xffffffe7][0xffffffb7][0x16]Q[0xffffffa3]tZ([0xffffffab][0xffffffd2]i[0x11]%K[0xffffffa6][0xffffffc5][0xffffffee]\.-v[0x5]_J[0xffffff8b][0xffffffd5][0xffffffcc][0xffffffd2]b5<-[0xffffffee]G[0xffffffe0][0xffffffd3][0xffffffe2][0xffffffe3][0x10]TZ[0xffffffdc][0x1f]O[0xffffffa5][0xffffffc5][0xfffffffb][0xffffffa3]][0xffffffd2]"[0xfffffff0]H[0xffffffa5][0xffffff85][0xffffffa0][0xffffff92]J[0xffffff8b][0xffffffc0]&[0xffffff91][0x16][0x1b][0xffffffa1][0xfffffff9]i[0xffffffb1]q[0xffffffea][0xffffff95][0x16]Q[0xffffffa3]tZ([0xffffffab][0xffffffd2]i[0x11]%K[0xffffffa6][0xffffffc5][0xffffffee]\.-v[0x5]_J[0xffffff8b][0xffffffe3]8[0xffffffcc][0xffffffda][0xffffffe2]~"<.[0xffffffde][0xffffffce][0xffffffc0][0xffffffd7][0xffffffc5][0xffffffb7]SPy[0xfffffff1][0xfffffff6]|[0xffffffaa]/>[0xffffff9e][0xffffffed][0x12][0x18][0x11]J[0xffffffaa]0[0x14][0xffffff9a]TbD@[0xffffff89][0xffffffc6][0xffffffd8]1[0xffffffcd][0xffffff8f][0xffffff8c][0x1d]V[0xffffffaf][0xffffffca][0x10]B[0xffffffa5]3C[0xfffffffa][0xffffff95][0xffffffee][0xc][0xffffffa1][24[0xffffff82]}[0xffffffb9][0xffffffd2][0x8]2[0xffffffbe][0xffffff96][0x1a][0xffffffc5]n[0x1a][0xffffffb5][0x18][0xffffff8c][0xffffffa3][0x16][0xffffff8b]y[0xffffffd4][0x2][0xf][0xffffffa4][0x16]p"[0xffffffb5]x[0xffffff8d][0xffffffa4][0x6]([0xffffffb1][0xffffffd4][0x10]hb[0xffffffa9][0x11][0x0]ER[0xffffffa3][0xffffffe0]c[0xffffffa9][0xffffffc5]z.5[\n]"
08:17:55.101 [TestNG-PoolService-3] DEBUG org.apache.hc.client5.http.wire -- http-outgoing-4 << "[0x15]O[\r][0xffffffe5]W<5[0xffffffa2]n[0xffffffd1][0xffffffd4][0xffffffd8][0xffffffed][0xb][0xffffffa6][0xffffffc6].[0xffffffe3]WR[0xffffffa3][0xffffffbe][0xffffffff]S[0xffffff8a]X[0xffffffec]}[0x1c][0xffffffab][0xffffffa6][0xffffff87][0xffffffc6][0xffffffe7]y[0xffffffa8][0xffffffcc][0xfffffff8]r[0x2],2[0xffffffb6]3$'[0xffffffc6][0xffffff97][0xffffffa7]'[0x7][0xffffffc6][0xffffffaf][0xffffff9f][0xc][0xffffffe7][0xffffffc5]S[0x14][0xffffff93][0xffffffe3][0xffffffe2][0x7]@&[0xffffffa7][0xffffffc5]S,[0x13][0xffffffc3][0xffffffe2][0x9][0xffffff9c]iY[0xfffffff1][0x4]Q[0xffffff8b][0xffffffa8]x.O()~[0xffffffe4]R(([0xffffff9e][0xffffffab][0x15][0xffffffc8][0xffffff89]g[0xffffffa6]M[0xffffff8f][0xffffff89]g[0xffffffe2][0xffffffbd][0xffffff94][0x12][0xffffffdd],%:[0xffffff9e][0x12][0xffffffdd] %:[0xffffff9a][0x12][0x1d]K[0xffffff89][0xffffffee][0xffffff94][0x12];[0xffffff8a]TJD [0xffffffa9][0xffffff94][0xffffffd8][0xffffffb1]$R[0xffffffa2][0xffffffc3])[0xffffffd1][0xffffff8d]S"[0xffffffc8][0xffffff93]N[0x9][0xffffffe1]R:%[0xffffff82]Z[0xffffffc9][0xffffff94][0xffffffe8].)[0xffffffd1][0x7f]:%[0xffffffaa]z+Qg[0xffffffa1]R[0xffffffa2][0xffffffe2]o%[0xffffffaa][0xffffffc1][[0xffffff89][0x1a][0xffffffd3]9[0x11][0xfffffff0][0xffffff8a][0xffffffbd][0xffffff95][0xffffffa8]No%"[0xffffff8a]LJ( [0xffffff99][0xffffff94][0xffffff88]X[0xffffffe6][0xffffffa7][0xffffffc4][0xe]gvJ[0xffffffec][0xffffff88]:[0xffffffa5][0xffffff84][0xffffff90]'[0xffffff9b][0x12][0xffffffd2][0xffffffa5]lJ[0x8][0xffffffb5]r)[0x11]LK[0xffffffa5]D[0x10][0xffffffef][0xffffff85][0xffffff94][0xffffffe8]"%[0xffffffca][0xffffffad][0xc]*%:[0xffffff9e][0x12][0xffffffdd] %z[0xffffffe4]=[0x11][0xfffffff0][0xffffff8e][0xffffffa5]DwJ[0xffffff89][0xffffff88]"[0xffffff93][0x12][\n]"
08:17:55.102 [TestNG-PoolService-3] DEBUG org.apache.hc.client5.http.wire -- http-outgoing-4 << "H&%"[0xffffff96][0xfffffff9])[0xffffffb1][0xffffffc3][0xffffff99][0xffffff9d][0x12];[0xffffffa2]N)![0xffffffe4][0xffffffc9][0xffffffa6][0xffffff84]t)[0xffffff9b][0x12]B[0xffffffad]\J[0x4][0xffffffd3]R)[0x11][0xffffffc4]{!%[0xffffffa6]J[0xffffff89]5[0xe]*%&[0xffffff9e][0x12][0xffffffd3] %f[0xffffffe4]=[0x11][0xfffffff0][0xffffff89][0xffffffa5][0xffffffc4]tJ[0xffffff89][0xffffff88]"[0xffffff93][0x12][\n]"
08:17:55.102 [TestNG-PoolService-3] DEBUG org.apache.hc.client5.http.wire -- http-outgoing-4 << "H&%"[0xffffff96][0xfffffff9])[0xffffffb1][0xffffffc3][0xffffff99][0xffffff9d][0x12];[0xffffffa2]N)![0xffffffe4][0xffffffc9][0xffffffa6][0xffffff84]t)[0xffffff9b][0x12]B[0xffffffad]\J[0x4][0xffffffd3]R)[0x11][0xffffffc4]{!%[0xffffff96]H[0xffffff89]Z[0xfffffffa][0xffffffa2]Rb[0xffffffe1])[0xffffffb1][0xc]RbE[0xffffffde][0x13][0x1]_XJ,[0xffffffa7][0xffffff94][0xffffff88](2)[0xffffffa1][0xffffff80]dR"b[0xffffff99][0xffffff9f][0x12];[0xffffff9c][0xffffffd9])[0xffffffb1]#[0xffffffea][0xffffff94][0x12]B[0xffffff9e]lJH[0xffffff97][0xffffffb2])![0xffffffd4][0xffffffca][0xffffffa5]D0-[0xffffff95][0x12]A[0xffffffbc][0xffffff97]R[0xffffffa2][0xffffff98][0xffffffa5]D[0xffffffc1]S[0xffffffa2][0x18][0xffffffa4]DAS[0xffffffa2]`)Q[0xffffff9c]RbG[0xffffff91]J[0xffffff89][0x8]$[0xffffff95][0x12];[0xffffff96]DJ[0x14]8%[0xffffff8a]qJ[0x4]y[0xffffffd2])!\J[0xffffffa7]DP+[0xffffff99][0x12][0xffffffc5]%%[0xffffffca][0xffffffcf][0xffffffa6][0xffffffc4]ySo%[0x6]v[0xffffffed][0xfffffff2][0xffffffed]<lJ<N[0x0][0xffffffa7][0xffffffc4][0xfffffff7]3 )[0xfffffff1]x:[0xffffff92][0x12][0xffffffdf][0xffffff9e]l[0xffffff91][0x12][0x2]E$%$[0xffffff90]HJ[0x8],[0xffffffd3]S"[0xffffffc0][0xffffff99][0xffffff9c][0x12][0x1]Q[0xffffffa3][0xffffff94]P[0xfffffff2]DSB[0xffffffbb][0x14]M[0x9][0xffffffa5]V,%[0xffffffa2]i[0xffffffa1][0xffffff94][0xffffff88][0xffffffe2][0xffffffbd][0xffffff90][0x12][0xffffff87]J[0xffffff89]y6*%[0xe]<%[0xe][0xffffff83][0xffffff94]8"[0xffffffef][0xffffff89][0xffffff80][0x1f]XJ[0x1c]N)[0x11]QdRB[0x1][0xffffffc9][0xffffffa4]D[0xffffffc4]2?%v8[0xffffffb3]SbG[0xffffffd4])%[0xffffff84]<[0xffffffd9][0xffffff94][0xffffff90].eSB[0xffffffa8][0xffffff95]K[0xffffff89]`Z*%[0xffffff82]x/[0xffffffa4][0xffffff84]ZQ[0xffffffd5][0xffffffea][0xffffff8d][0xfffffffa][0xffffff81][0xffffffe3][0xffffffc4]WT[0xffffff9d][0x6]+[0xffffffaa]N[0xffffffb1]G%[0x11]plE[0xffffffd5][0x19]6[0xffffffa5][0xffffff90])a[0xffffffb2][0xffffffa2]J[0x2][0xffffffc9][0xffffffa4][0xffffff84][0xffffffc1][0xffffff8a][0xffffffaa][0x0]gvJ[0x18][0xffffffaf][0xffffffa8]R[0xfffffff2]dS[0xffffffc2]oE[0xffffff95]R+[0xffffff97][0x12].+[0xffffffaa][0xffffffa2]x/[0xffffffa5]D[0xffffffbc]+[0xffffffc1][0xffffffa6][0x4]|W[0xffffffe2]q[0x2]>%[0xffffffc0][0xffffffbb][0x12][0xffffff8f][0xffffffa7]S)[0xffffffe1]sWB[0xffffffa0]H[0xffffffa5][0xffffff84][0xffffffc9]][0x9][0xffffff81]%[0xffffff91][0x12][0xffffffe8]][0xffffff89][0xffffff80][0xffffffa8]WJx[0xffffffdd][0xffffff95][0xffffffd0].[0xffffffa5]S[0xffffffc2][0xffffffe7][0xffffffae]D4-[0xffffff97][0x12]?[0x7f]W[0xffffffa2][0xffffffaa][0xffffffb7][0x12][0xffffffed][0xffffffec]TJT[0xfffffffc][0xffffffad]D5x+Qc:'[0x2]^[0xffffffb1][0xffffffb7][0x12][0xffffffd5][0xffffffe9][0xffffffad]DD[0xffffff91]I[0x9][0x5]$[0xffffff93][0x12][0x11][0xffffffcb][0xfffffffc][0xffffff94][0xffffffd8][0xffffffe1][0xffffffcc]N[0xffffff89][0x1d]Q[0xffffffa7][0xffffff94][0x10][0xfffffff2]dSB[0xffffffba][0xffffff94]M[0x9][0xffffffa1]V.%[0xffffff82]i[0xffffffa9][0xffffff94][0x8][0xffffffe2][0xffffffbd][0xffffff90][0x12]M[0xffffffa5][0xffffffc4][0xffffff9c][0xffffff8d]J[0xffffff89][0xffffff86][0xffffffa7]D3H[0xffffff89][0x16]yO[0x4][0xffffffbc]a)[0xffffffd1][0xffffff9c]R"[0xffffffa2][0xffffffc8][0xffffffa4][0xffffff84][0x2][0xffffff92]I[0xffffff89][0xffffff88]e~J[0xffffffec]pf[0xffffffa7][0xffffffc4][0xffffff8e][0xffffffa8]SJ[0x8]y[0xffffffb2])!][0xffffffca][0xffffffa6][0xffffff84]P+[0xffffff97][0x12][0xffffffc1][0xffffffb4]TJ[0x4][0xfffffff1]^H[0x9][0xffffffb5][0xffffffed][0xffffffb2][0xffffffdf]J[0xfffffffe]wC?[0xffffffcf][0x3][0xffffffa7][0xffffff84][0xffffffc1][0xffffffb6][0xffffffcb]S[0xffffffac]dK[0x4][0x1c][0xffffffdb]vy[0xffffff86][0xffffffa5]kdJ[0xffffff98]l[0xffffffbb][0xffffff94]@2)a[0xffffffb0][0xffffffed]2[0xffffffc0][0xffffff99][0xffffff9d][0x12][0xffffffc6][0xffffffdb].[0xffffff95]<[0xffffffd9][0xffffff94][0xfffffff0][0xffffffdb]v[0xffffffa9][0xffffffd4][0xffffffca][0xffffffa5][0xffffff84][0xffffffcb][0xffffffb6][0xffffffcb]([0xffffffde][0xb])1TJ[0xffffffb4][0xffffff83]Z[0xffffff9c][0xfffffffd]v[0x1e]8%[0xffffff86]AJ[0xffffff8c][0xffffffc8]{"[0xffffffe0][0x3]K[0xffffff89][0xffffffe1][0xffffff94][0x12][0x11]E&%[0x14][0xffffff90]LJD,[0xfffffff3]Sb[0xffffff87]3;%vD[0xffffff9d]RB[0xffffffc8][0xffffff93]M[0x9][0xffffffe9]R6%[0xffffff84]Z[0xffffffb9][0xffffff94][0x8][0xffffffa6][0xffffffa5]R"[0xffffff88][0xfffffff7]BJ[0xffffff9c]*%:[0xffffffb6][0xffffffa2][0xffffffea][0xffffffed]<pJ[0xffffff9c][0x6])qF[0xffffffde][0x13][0x1]?[0xffffffb1][0xffffff94]8[0xffffff9d]R"[0xffffffa2][0xffffffc8][0xffffffa4][0xffffff84][0x2][0xffffff92]I[0xffffff89][0xffffff88]e~J[0xffffffec]pf[0xffffffa7][0xffffffc4][0xffffff8e][0xffffffa8]SJ[0x8]y[0xffffffb2])!][0xffffffca][0xffffffa6][0xffffff84]P+[0xffffff97][0x12][0xffffffc1][0xffffffb4]TJ[0x4][0xfffffff1]^H[0x9][0xfffffff5][\r][0xffffff8e]>'[0xfffffff5][\r][0xffffff8e][0x13][0xffffffff][0x6][0xffffffc7]i[0xfffffff0][\r][0xffffff8e]S,[0xffffff8a]O[0x4][0x1c][0xfffffffb][0x6][0xffffffc7][0x19]V[0xffffffc1][0xffffff93])a[0xfffffff2][\r][0xe][0x9]$[0xffffff93][0x12][0x6][0xffffffdf][0xffffffe0][0x8]pf[0xffffffa7][0xffffff84][0xfffffff1]78[0xffffff94]<[0xffffffd9][0xffffff94][0xfffffff0][0xfffffffb][0x6][0xffffff87]R+[0xffffff97][0x12].[0xffffffdf][0xffffffe0][0xffffff88][0xffffffe2][0xffffffbd][0xffffff90][0x12][0xffffffea][0x1b][0x1c]}Ul[0xffffffdb]%[0xfffffffe][\r][0xffffff8e][0xffffffd3][0xffffffe0][0x1b][0x1c][0xffffffa7]X[0x14][0xffffff9f][0x8]8[0xfffffff6][\r][0xffffff8e]3[0xffffffac][0xffffff82]'S[0xffffffc2][0xffffffe4][0x1b][0x1c][0x12]H&%[0xc][0xffffffbe][0xffffffc1][0x11][0xffffffe0][0xffffffcc]N[0x9][0xffffffe3]op(y[0xffffffb2])[0xffffffe1][0xfffffff7][\r][0xe][0xffffffa5]V.%\[0xffffffbe][0xffffffc1][0x11][0xffffffc5][0xfffffffb]zJL[0xffffffb5]8[0xffffffbb][0xffffffaf]A[0xffffffdd][0xffffff95][0xffffff98][0xfffffff8][0xffffffe2][0xffffffec]i[0xffffffb0]8{[0xffffff8a][0xffffffed][0xffffffae]y[0xffffff80]Olq[0xfffffff6][0xc][0xfffffffb][[0xffffffc1][0xffffff94][0x10](")![0xffffff81]DRB`[0xffffff99][0xffffff9e][0x12][0x1][0xffffffce][0xffffffe4][0xffffff94][0x8][0xffffff88][0x1a][0xffffffa5][0xffffff84][0xffffff92]'[0xffffff9a][0x12][0xffffffda][0xffffffa5]hJ([0xffffffb5]b)[0x11]M[0xb][0xffffffa5]D[0x14][0xffffffef][0xffffff85][0xffffff94]P[0xffffff8b][0xffffffb3][0xfffffffb]Z[0xffffffd4]^[0xffffff89][0xffffff89]/[0xffffffce][0xffffff9e][0x6][0xffffff8b][0xffffffb3][0xffffffa7][0xffffffd8][0xffffffee][0xffffff9a][0x8]8[0xffffffb6]8{[0xffffff86][0xfffffffd][0xffffffad]dJ[0xffffff98],[0xffffffce][0xffffff96]@2)a[0xffffffb0]8;[0xffffffc0][0xffffff99][0xffffff9d][0x12][0xffffffc6][0xffffff8b][0xffffffb3][0xffffff95]<[0xffffffd9][0xffffff94][0xfffffff0][[0xffffff9c][0xffffffad][0xffffffd4][0xffffffca][0xffffffa5][0xffffff84][0xffffffcb][0xffffffe2][0xffffffec]([0xffffffde][0xb])QEJ[0xffffff8c]cU*%*[0xffffff9e][0x12][0xffffffd5] %j[0xffffffe4]=[0x11][0xfffffff0][0xffffff8a][0xffffffa5]DuJ[0xffffff89][0xffffff88]"[0xffffff93][0x12][\n]"
08:17:55.102 [TestNG-PoolService-3] DEBUG org.apache.hc.client5.http.wire -- http-outgoing-4 << "H&%"[0xffffff96][0xfffffff9])[0xffffffb1][0xffffffc3][0xffffff99][0xffffff9d][0x12];[0xffffffa2]N)![0xffffffe4][0xffffffc9][0xffffffa6][0xffffff84]t)[0xffffff9b][0x12]B[0xffffffad]\J[0x4][0xffffffd3]R)[0x11][0xffffffc4]{!%[0xffffffd4][0xffffff8a][0xffffffaa][0xffffffd1][0xffffffc7][0xffffffa4]R[0x2]_Q5[\r]VTM[0xffffffb1]G%[0x11]plE[0xffffffd5][0xc][0xffffff9b]R[0xffffffc8][0xffffff94]0YQ%[0xffffff81]dR[0xffffffc2]`EU[0xffffff80]3;%[0xffffff8c]WT)y[0xffffffb2])[0xffffffe1][0xffffffb7][0xffffffa2]J[0xffffffa9][0xffffff95]K[0x9][0xffffff97][0x15]UQ[0xffffffbc][0x17]RB[0xffffffad][0xffffffa8][0x1a]g[0xffffffc1]R[0x2]_Q5[\r]VTM[0xffffffb1]G%[0x11]plE[0xffffffd5][0xc][0xffffff9b]R[0xffffffc8][0xffffff94]0YQ%[0xffffff81]dR[0xffffffc2]`EU[0xffffff80]3;%[0xffffff8c]WT)y[0xffffffb2])[0xffffffe1][0xffffffb7][0xffffffa2]J[0xffffffa9][0xffffff95]K[0x9][0xffffff97][0x15]UQ[0xffffffbc][0x17]RB[0xffffffad][0xffffffa8]:[0xffffff8f][0xffffff86][0xfffffffd][0xffffffc0][0xffffff81][0xffffffaf][0xffffffa8][0xffffff9a][0x6]+[0xffffffaa][0xffffffa6][0xffffffd8][0xffffffa3][0xffffff92][0x8]8[0xffffffb6][0xffffffa2]j[0xffffff86]M)dJ[0xffffff98][0xffffffac][0xffffffa8][0xffffff92]@2)a[0xffffffb0][0xffffffa2]*[0xffffffc0][0xffffff99][0xffffff9d][0x12][0xffffffc6]+[0xffffffaa][0xffffff94]<[0xffffffd9][0xffffff94][0xfffffff0][Q[0xffffffa5][0xffffffd4][0xffffffca][0xffffffa5][0xffffff84][0xffffffcb][0xffffff8a][0xffffffaa]([0xffffffde][0xb])[0xffffffa1]VT[0xffffff9d][0xfffffff5][0xffffffc0]R[0x2]_Q5[\r]VTM[0xffffffb1]G%[0x11]plE[0xffffffd5][0xc][0xffffff9b]R[0xffffffc8][0xffffff94]0YQ%[0xffffff81]dR[0xffffffc2]`EU[0xffffff80]3;%[0xffffff8c]WT)y[0xffffffb2])[0xffffffe1][0xffffffb7][0xffffffa2]J[0xffffffa9][0xffffff95]K[0x9][0xffffff97][0x15]UQ[0xffffffbc][0x17]RB[0xffffffad][0xffffffa8]:Olq[0xfffffff6][0xffffffc4]WTM[0xffffff83][0x15]US[0xffffffec]QI[0x4][0x1c][Q5[0xffffffc3][0xffffffa6][0x14]2%LVTI [0xffffff99][0xffffff94]0XQ[0x15][0xffffffe0][0xffffffcc]N[0x9][0xffffffe3][0x15]UJ[0xffffff9e]lJ[0xfffffff8][0xffffffad][0xffffffa8]Rj[0xffffffe5]R[0xffffffc2]eEU[0x14][0xffffffef][0xffffff85][0xffffff94]P+[0xffffffaa][0xffffffce]u[0xffffffc3]R[0x2]_Q5[\r]VTM[0xffffffb1]G%[0x11]plE[0xffffffd5][0xc][0xffffff9b]R[0xffffffc8][0xffffff94]0YQ%[0xffffff81]dR[0xffffffc2]`EU[0xffffff80]3;%[0xffffff8c]WT)y[0xffffffb2])[0xffffffe1][0xffffffb7][0xffffffa2]J[0xffffffa9][0xffffff95]K[0x9][0xffffff97][0x15]UQ[0xffffffbc][0xffffffaf][0xffffffa7][0xffffffc4]R+[0xffffffaa]f=[0x1a][0xffffff94][0x12][0xb]_Q[0xffffffb5][0xc]VT-[0xffffffb1]G%[0xf][0xfffffff0][0xffffff85][0xffffffad][0xffffffa8]ZaS[\n]"
08:17:55.102 [TestNG-PoolService-3] DEBUG org.apache.hc.client5.http.wire -- http-outgoing-4 << "[0xffffff98][0x12][0x2]E$%$[0xffffff90]HJ[0x8],[0xffffffd3]S"[0xffffffc0][0xffffff99][0xffffff9c][0x12][0x1]Q[0xffffffa3][0xffffff94]P[0xfffffff2]DSB[0xffffffbb][0x14]M[0x9][0xffffffa5]V,%[0xffffffa2]i[0xffffffa1][0xffffff94][0xffffff88][0xffffffe2][0xffffffbd][0xffffff90][0x12]jE[0xffffffd5]l[0xffffff85][0xffffffba]+[0xffffffb1][0xfffffff0][0x15]U[0xffffffcb]`E[0xffffffd5][0x12]{T[0x12][0x1][0xffffffc7]VT[0xffffffad][0xffffffb0])[0xffffff85]L[0x9][0xffffff93][0x15]U[0x12]H&%[0xc]VT[0x5]8[0xffffffb3]S[0xffffffc2]xE[0xffffff95][0xffffff92]'[0xffffff9b][0x12]~+[0xffffffaa][0xffffff94]Z[0xffffffb9][0xffffff94]pYQ[0x15][0xffffffc5]{!%[0xffffff8a]J[0xffffff89][0xffffffd9][0xffffffa8][0x1f]8[0xffffffde][0xffffffce][0x3][0xffffffa7]D1H[0xffffff89][0x12]yO[0x4][0xffffffbc]`)Q[0xffffff9c]R"[0xffffffa2][0xffffffc8][0xffffffa4][0xffffff84][0x2][0xffffff92]I[0xffffff89][0xffffff88]e~J[0xffffffec]pf[0xffffffa7][0xffffffc4][0xffffff8e][0xffffffa8]SJ[0x8]y[0xffffffb2])!][0xffffffca][0xffffffa6][0xffffff84]P+[0xffffff97][0x12][0xffffffc1][0xffffffb4]TJ[0x4][0xfffffff1]^H[0xffffff89]*Sbb)Q[0xfffffff1][0xffffff94][0xffffffa8][0x6])Q#[0xffffffef][0xffffff89][0xffffff80]W,%[0xffffffaa]SJD[0x14][0xffffff99][0xffffff94]P@2)[0x11][0xffffffb1][0xffffffcc]O[0xffffff89][0x1d][0xffffffce][0xffffffec][0xffffff94][0xffffffd8][0x11]uJ[0x9]!O6%[0xffffffa4]K[0xffffffd9][0xffffff94][0x10]j[0xffffffe5]R"[0xffffff98][0xffffff96]J[0xffffff89] [0xffffffde][0xb])[0xffffffa1][0xffffffb6]][0xffffffce]U[\n]"
08:17:55.102 [TestNG-PoolService-3] DEBUG org.apache.hc.client5.http.wire -- http-outgoing-4 << "[0xffffff95][0x12][0xfffffff8][0xffffffb6][0xffffffcb]e[0xffffffb0][0xffffffed]r[0xffffff89][0xffffff95]l[0xffffff89][0xffffff80]c[0xffffffdb].WX[0xffffffba]F[0xffffffa6][0xffffff84][0xffffffc9][0xffffffb6]K[0x9]$[0xffffff93][0x12][0x6][0xffffffdb].[0x3][0xffffff9c][0xffffffd9])a[0xffffffbc][0xffffffed]R[0xffffffc9][0xffffff93]M[0x9][0xffffffbf]m[0xffffff97]J[0xffffffad]\J[0xffffffb8]l[0xffffffbb][0xffffff8c][0xffffffe2][0xffffffbd][0xffffff90][0x12]j[0xffffffdb][0xffffffe5]\[0xfffffffd][0xffffffa0]R[0x2][0xffffffdf]v[0xffffffb9][0xc][0xffffffb6]].[0xffffffb1][0xffffff92]-[0x11]pl[0xffffffdb][0xffffffe5][\n]"
08:17:55.103 [TestNG-PoolService-3] DEBUG org.apache.hc.client5.http.wire -- http-outgoing-4 << "K[0xffffffd7][0xffffffc8][0xffffff94]0[0xffffffd9]v)[0xffffff81]dR[0xffffffc2]`[0xffffffdb]e[0xffffff80]3;%[0xffffff8c][0xffffffb7]]*y[0xffffffb2])[0xffffffe1][0xffffffb7][0xffffffed]R[0xffffffa9][0xffffff95]K[0x9][0xffffff97]m[0xffffff97]Q[0xffffffbc][0x17]RBm[0xffffffbb]\[0xffffffb7][0xffffffdb]I[0xffffffa5][0x4][0xffffffbe][0xffffffed]r[0x19]l[0xffffffbb]\b%["[0xffffffe0][0xffffffd8][0xffffffb6][0xffffffcb][0x15][0xffffff96][0xffffffae][0xffffff91])a[0xffffffb2][0xffffffed]R[0x2][0xffffffc9][0xffffffa4][0xffffff84][0xffffffc1][0xffffffb6][0xffffffcb][0x0]gvJ[0x18]o[0xffffffbb]T[0xfffffff2]dS[0xffffffc2]o[0xffffffdb][0xffffffa5]R+[0xffffff97][0x12].[0xffffffdb].[0xffffffa3]x/[0xffffffa4][0xffffff84][0xffffffda]v[0xffffffb9][0xffffff8e]N}[0xffffff83]c[0xffffffe1][0xffffffdb].[0xffffff97][0xffffffc1][0xffffffb6][0xffffffcb]%V[0xffffffb2]%[0x2][0xffffff8e]m[0xffffffbb]\a[0xffffffe9][0x1a][0xffffff99][0x12]&[0xffffffdb].%[0xffffff90]LJ[0x18]l[0xffffffbb][0xc]pf[0xffffffa7][0xffffff84][0xfffffff1][0xffffffb6]K%O6%[0xfffffffc][0xffffffb6]]*[0xffffffb5]r)[0xffffffe1][0xffffffb2][0xffffffed]2[0xffffff8a][0xfffffff7]RJ[0x14][0xffffffb3][0xffffff94](xJ[0x14][0xffffff83][0xffffff94](hJ[0x14],%[0xffffff8a]SJ[0xffffffec](R)[0x11][0xffffff81][0xffffffa4]Rb[0xffffffc7][0xffffff92]H[0xffffff89][0x2][0xffffffa7]D1N[0xffffff89] O:%[0xffffff84]K[0xffffffe9][0xffffff94][0x8]j%S[0xffffffa2][0xffffffb8][0xffffffa4]D[0xfffffff9][0xffffffe9][0xffffff94]P[0xffffff8b][0xffffffb3][0xffffffd7][0xffffffa8][0xffffffd8]^[0x9]|q[0xfffffff6]2X[0xffffff9c][0xffffffbd][0xffffffc4]v[0xffffffd7]D[0xffffffc0][0xffffffb1][0xffffffc5][0xffffffd9]+[0xffffffec]o%S[0xffffffc2]dq[0xffffffb6][0x4][0xffffff92]I[0x9][0xffffff83][0xffffffc5][0xffffffd9][0x1][0xffffffce][0xffffffec][0xffffff94]0^[0xffffff9c][0xffffffad][0xffffffe4][0xffffffc9][0xffffffa6][0xffffff84][0xffffffdf][0xffffffe2]l[0xffffffa5]V.%\[0x16]gG[0xfffffff1]^H[0x9][0xffffffb5]8{[0xffffffcd][0x3][0xffffffbb]+[0xffffff81]/[0xffffffce]^[0x6][0xffffff8b][0xffffffb3][0xffffff97][0xffffffd8][0xffffffee][0xffffff9a][0x8]8[0xffffffb6]8{[0xffffff85][0xfffffffd][0xffffffad]dJ[0xffffff98],[0xffffffce][0xffffff96]@2)a[0xffffffb0]8;[0xffffffc0][0xffffff99][0xffffff9d][0x12][0xffffffc6][0xffffff8b][0xffffffb3][0xffffff95]<[0xffffffd9][0xffffff94][0xfffffff0][[0xffffff9c][0xffffffad][0xffffffd4][0xffffffca][0xffffffa5][0xffffff84][0xffffffcb][0xffffffe2][0xffffffec]([0xffffffde][0xffffff97]S[0xffffffa2][0xffffffde]n[0xfffffff1][0x7][0xffffff8e]q[0xffffffbb]Q[0xffffffdb].[0x1f][0xffffffe7]AS[0xffffffe2][0xfffffffd][0x4]lJ|[0xffffff9e][0xffffff81]H[0xffffff89][0xfffffff7][0xffffffa7][0x13])[0xfffffff1][0xfffffffd][0xffffffc9][0xe])[0xffffffa1]P$RB[0x3]I[0xffffffa4][0xffffff84][0xffffffc2]2;%"[0xffffff9c][0xffffffb9])[0x11][0x11][0xfffffff5]I[0x9])O2%[0xffffff9e][0xffffffb8][0xffffff94]L[0x9][0xffffffa9]V*%[0xffffff84]i[0xffffff99][0xffffff94][0x10][0xffffffe2][0xffffffbd][0xffffff94][0x12][0xffffffd5],%*[0xffffff9e][0x12][0xffffffd5] %*[0xffffff9a][0x12][0x15]K[0xffffff89][0xffffffea][0xffffff94][0x12];[0xffffff8a]TJD [0xffffffa9][0xffffff94][0xffffffd8][0xffffffb1]$R[0xffffffa2][0xffffffc2])Q[0xffffff8d]S"[0xffffffc8][0xffffff93]N[0x9][0xffffffe1]R:%[0xffffff82]Z[0xffffffc9][0xffffff94][0xffffffa8].)Q[0x7f]:%[0xffffffc4]78[0xffffffc6][0xffffffad]Q[0xffffff9f][0xfffffff3]z[0xffffff9c][0x7]N[0x9][0xfffffffe][0x1b][0x1c][0xffffff9f]g`R[0xffffff82][0xfffffffa][0x6][0xffffffc7][0xfffffff7]'{[0xffffffa4][0xffffff84][0xffffffc7]784[0xffffff90]LJ[0xfffffff0][0xffffffdf][0xffffffe0][0xffffff88]pf[0xffffffa7][0xffffff84][0xffffffef]78[0xffffffa4]<[0xffffffd9][0xffffff94][0xffffffb0][0xfffffffb][0x6][0xffffff87]T+[0xffffff97][0x12]&[0xffffffdf][0xffffffe0][0x10][0xffffffe2][0xffffffbd][0xffffff94][0x12][0xffffffe2][0x7][0xe]4%[0xffffffe8][0x1f]8[0xe][0xffffff83][0x1f]8[0xffffff8e][0xfffffff8][0x16].[0x15]p[0xffffffea][0x7][0xffffff8e][0xffffffc3][0xffffffe9][0x7][0xffffff8e][0xffffff88]"[0xffffff95][0x12].?pD,[0xffffff89][0xffffff94]`[0x7f][0xffffffe0][0xffffffd8][0x11][0xfffffff5]J[0x9][0xffffffb3][0x1f]8[0xffffffa4]K[0xffffffe9][0xffffff94]0[0xfffffffa][0xffffff81]#[0xffffff98][0xffffff96]K[0xffffff89][0xffffff9f][0xffffffff][0xffffff81]C[0xffffffac][0xffffffa8][0x1a][0xffffffc7]Z[0xffffffd0]78[0x1e][0xffffffe7][0xffffff81]S[0xffffff82]_Q[0xfffffff5]y[0x6]&%[0xffffffa8][0x15]U[0xffffffdf][0xffffff9f][0xffffffec][0xffffff91][0x12][0x1e]+[0xffffffaa]4[0xffffff90]LJ[0xfffffff0]+[0xffffffaa]"[0xffffff9c][0xffffffd9])[0xffffffe1][0xffffffbb][0xffffffa2]J[0xffffffca][0xffffff93]M[0x9][0xffffffbb][0x15]UR[0xffffffad]\J[0xffffff98][0xffffffac][0xffffffa8][0x12][0xffffffe2][0xffffffbd][0xffffff94][0x12][0xfffffff1][0xffffffad][0x4][0xffffff9b][0x12][0xfffffff4][[0xffffff89]a[0xfffffff0]Vb[0xffffffc4]tN[0x5][0xffffff9c]z+1[0xffffff9c][0xffffffde]JD[0x14][0xffffffa9][0xffffff94]py+[0x11][0xffffffb1]$R[0xffffff82]}+[0xffffffb1]#[0xffffffea][0xffffff95][0x12]fo%[0xffffffa4]K[0xffffffe9][0xffffff94]0z+[0x11]L[0xffffffcb][0xffffffa5][0xffffffc4][0xffffffcf][0xffffffbf][0xffffff95][0x10][0xffffffdb].G[0xffffffb9][0xffffffcd]F[0xffffffa5][0x4][0xffffffbd][0xffffffed][0xfffffff2][0xfffffffd][0x4]tJ[0xffffff90][0xffffffdb].[0xffffffdf][0xffffff9f][0xffffffce][0xffffffa4][0xffffff84][0xffffffd1][0xffffffb6]K[0xffffff85]"[0xffffff93][0x12].[0xffffffdb].[0x15][0xffffff96][0xfffffff9])[0xffffffc1]n[0xffffffbb][0xffffff8c][0xffffff88]:[0xffffffa5][0xffffff84][0xffffffd9][0xffffffb6][0xffffffcb]'.eS[0xffffffc2]h[0xffffffdb][0xffffffa5]0-[0xffffff95][0x12]?[0xffffffbf][0xffffffed][0xffffffb2][0xffffffde][0xffffffc4][0xffffff8a][0xffffffaa]Q[0xffffffee][0xffffffff][0xffffff97]J[0x9]zE[0xffffffd5][0xfffffffb][0x9][0xffffffe8][0xffffff94] WT[0xffffffbd]?[0xffffff9d]I[0x9][0xffffffa3][0x15]U[\n]"
08:17:55.103 [TestNG-PoolService-2] DEBUG org.apache.hc.client5.http.wire -- http-outgoing-5 << "[0x11][0xffffffc4]{!%[0xffffffd4][0xffffff8a][0xffffffaa]^n[0xffffffd4][0xffffff97]A+[0xffffffbe][0xffffffa2][0xffffffaa][0x1a][0xffffffac][0xffffffa8][0xffffffaa]b[0xffffff8f]J"[0xffffffe0][0xffffffd8][0xffffff8a][0xffffffaa][0x1a]6[0xffffffa5][0xffffff90])a[0xffffffb2][0xffffffa2]J[0x2][0xffffffc9][0xffffffa4][0xffffff84][0xffffffc1][0xffffff8a][0xffffffaa][0x0]gvJ[0x18][0xffffffaf][0xffffffa8]R[0xfffffff2]dS[0xffffffc2]oE[0xffffff95]R+[0xffffff97][0x12].+[0xffffffaa][0xffffffa2]x/[0xffffffa5]D|+[0xffffffc1][0xffffffa6][0x4][0xfffffffd]Vb[0x19][0xffffffbc][0xffffff95]X1[0xffffff9d]S[0x1][0xffffffa7][0xffffffde]J,[0xffffffa7][0xffffffb7][0x12][0x11]E*%\[0xffffffde]JD,[0xffffff89][0xffffff94]`[0xffffffdf]J[0xffffffec][0xffffff88]z[0xffffffa5][0xffffff84][0xffffffd9][[0x9][0xffffffe9]R:%[0xffffff8c][0xffffffde]J[0x4][0xffffffd3]r)[0xfffffff1][0xffffffd3]o%[0xffffffda]M[0xffffffbd][0xffffff95][0xffffffe8][0xffffffab]A)[0xfffffff1]v[0x1e]6%[0x1e]'[0xffffff80]S[0xffffffe2][0xfffffffb][0x19][0xffffff90][0xffffff94]x<[0x1d]I[0xffffff89]oO[0xffffffb6]H[0x9][0xffffff81]"[0xffffff92][0x12][0x12]H$%[0x4][0xffffff96][0xffffffe9])[0x11][0xffffffe0]LN[0xffffff89][0xffffff80][0xffffffa8]QJ(y[0xffffffa2])[0xffffffa1]][0xffffff8a][0xffffffa6][0xffffff84]R+[0xffffff96][0x12][0xffffffd1][0xffffffb4]PJD[0xfffffff1]^H[0x9][0xffffffb5]8[0xffffffbb]s[0xffffffdb].[0x1b][0xffffffbe]8[0xffffffbb][0x19],[0xffffffce]nb[0xffffffbb]k"[0xffffffe0][0xffffffd8][0xffffffe2][0xffffffec][0x16][0xfffffff6][0xffffffb7][0xffffff92])a[0xffffffb2]8[[0x2][0xffffffc9][0xffffffa4][0xffffff84][0xffffffc1][0xffffffe2][0xffffffec][0x0]gvJ[0x18]/[0xffffffce]V[0xfffffff2]dS[0xffffffc2]oq[0xffffffb6]R+[0xffffff97][0x12].[0xffffff8b][0xffffffb3][0xffffffa3]x/[0xffffffa5]D[0xffffffdc]+[0xffffffc1][0xffffffa6][0x4][0xffffffbc]W[0xffffffe2]q[0x2]>%[0xffffffc0][0xffffffbd][0x12][0xffffff8f][0xffffffa7]S)[0xffffffe1][0xffffffb3]WB[0xffffffa0]H[0xffffffa5][0xffffff84][0xffffffc9]^[0x9][0xffffff81]%[0xffffff91][0x12][0xffffffe8]^[0xffffff89][0xffffff80][0xffffffa8]WJx[0xffffffed][0xffffff95][0xffffffd0].[0xffffffa5]S[0xffffffc2]g[0xffffffaf]D4-[0xffffff97][0x12]?[0xffffffbd]W[0xffffffe2][0xfffffffe][0xffffffcf]hf)[0xffffffd1][0xfffffff0][0xffffff94]h[0x6])[0xffffffd1][0xffffffd0][0xffffff94]hXJ4[0xffffffa7][0xffffff94][0xffffffd8]Q[0xffffffa4]R"[0x2]I[0xffffffa5][0xffffffc4][0xffffff8e]%[0xffffff91][0x12][\r]N[0xffffff89]f[0xffffff9c][0x12]A[0xffffff9e]tJ[0x8][0xffffff97][0xffffffd2])[0x11][0xffffffd4]J[0xffffffa6]DsI[0xffffff89][0xfffffff6]wH[0xffffff89]n[0xffffff96][0x12][0x1d]O[0xffffff89]n[0xffffff90][0x12][0x1d]M[0xffffff89][0xffffff8e][0xffffffa5]DwJ[0xffffff89][0x1d]E*%"[0xffffff90]TJ[0xffffffec]X[0x12])[0xffffffd1][0xffffffe1][0xffffff94][0xffffffe8][0xffffffc6])[0x11][0xffffffe4]I[0xffffffa7][0xffffff84]p)[0xffffff9d][0x12]A[0xffffffad]dJt[0xffffff97][0xffffff94][0xffffffe8]?[0xffffff9d][0x12][0xffffffea]s^c[0x14]j[0xffffff82][0xffffffa3][0xffffffe1][0xffffff9f][0xfffffff3]j[0x6][0xffffff9f][0xfffffff3]j[0xffffffe2][0xffffff9b]3[0xffffff89][0xffffff80]c[0xffffff9f][0xfffffff3]j[0xffffffe1][0xffffffab]2dJ[0xffffff98]|[0xffffffce]K[0x2][0xffffffc9][0xffffffa4][0xffffff84][0xffffffc1][0xffffffe7][0xffffffbc][0x2][0xffffff9c][0xffffffd9])a[0xfffffffc]9/%O6%[0xfffffffc]>[0xffffffe7][0xffffffa5][0xffffffd4][0xffffffca][0xffffffa5][0xffffff84][0xffffffcb][0xffffffe7][0xffffffbc][0xffffffa2]x/[0xffffffa4][0xffffff84][0xfffffffa][0xffffff9c][0xffffffd7]8[0x17][0xffffffb5][0xffffffed][0xffffffb2][0xffffffe1][0xffffff9f][0xfffffff3]j[0x6][0xffffff9f][0xfffffff3]j[0xffffffe2][0xffffff9b]3[0xffffff89][0xffffff80]c[0xffffff9f][0xfffffff3]j[0xffffffe1][0xffffffab]2dJ[0xffffff98]|[0xffffffce]K[0x2][0xffffffc9][0xffffffa4][0xffffff84][0xffffffc1][0xffffffe7][0xffffffbc][0x2][0xffffff9c][0xffffffd9])a[0xfffffffc]9/%O6%[0xfffffffc]>[0xffffffe7][0xffffffa5][0xffffffd4][0xffffffca][0xffffffa5][0xffffff84][0xffffffcb][0xffffffe7][0xffffffbc][0xffffffa2]x/[0xffffffa4][0xffffffc4]P)1[0x7][0xfffffff6]Vb[0xffffffe0])1[0xc]RbD[0xffffffde][0x13][0x1][0x1f]XJ[0xc][0xffffffa7][0xffffff94][0xffffff88](2)[0xffffffa1][0xffffff80]dR"b[0xffffff99][0xffffff9f][0x12];[0xffffff9c][0xffffffd9])[0xffffffb1]#[0xffffffea][0xffffff94][0x12]B[0xffffff9e]lJH[0xffffff97][0xffffffb2])![0xffffffd4][0xffffffca][0xffffffa5]D0-[0xffffff95][0x12]A[0xffffffbc][0x17]Rb[0xffffffaa][0xffffff94]X[0x15]K[0xffffff89][0xffffff89][0xffffffa7][0xffffffc4]4H[0xffffff89][0x19]yO[0x4]|b)1[0xffffff9d]R"[0xffffffa2][0xffffffc8][0xffffffa4][0xffffff84][0x2][0xffffff92]I[0xffffff89][0xffffff88]e~J[0xffffffec]pf[0xffffffa7][0xffffffc4][0xffffff8e][0xffffffa8]SJ[0x8]y[0xffffffb2])!][0xffffffca][0xffffffa6][0xffffff84]P+[0xffffff97][0x12][0xffffffc1][0xffffffb4]TJ[0x4][0xfffffff1]^H[0x9][0xffffffb5]8{[0xffffffac]uR)[0xffffff81]/[0xffffffce]n[0x6][0xffffff8b][0xffffffb3][0xffffff9b][0xffffffd8][0xffffffee][0xffffff9a][0x8]8[0xffffffb6]8[0xffffffbb][0xffffff85][0xfffffffd][0xffffffad]dJ[0xffffff98],[0xffffffce][0xffffff96]@2)a[0xffffffb0]8;[0xffffffc0][0xffffff99][0xffffff9d][0x12][0xffffffc6][0xffffff8b][0xffffffb3][0xffffff95]<[0xffffffd9][0xffffff94][0xfffffff0][[0xffffff9c][0xffffffad][0xffffffd4][0xffffffca][0xffffffa5][0xffffff84][0xffffffcb][0xffffffe2][0xffffffec]([0xffffffde][0xffffffd7]S[0xffffffa2][0xffffffab][0x15]Ugm[0xffffffd4][0xffffffe7][0xffffffbc]:[0xffffffbe][0xffffffa2][0xffffffaa][0x1b][0xffffffac][0xffffffa8][0xffffffea]b[0xffffff8f]J[0x1e][0xffffffe0][0x1d][Q[0xffffffd5][0xffffffc3][0xffffffa6][0x14]0%[0x4][0xffffff8a]HJH [0xffffff91][0xffffff94][0x10]X[0xffffffa6][0xffffffa7]D[0xffffff80]39%[0x2][0xffffffa2]F)[0xffffffa1][0xffffffe4][0xffffff89][0xffffffa6][0xffffff84]v)[0xffffff9a][0x12]J[0xffffffad]XJD[0xffffffd3]B)[0x11][0xffffffc5]{!%[0xffffff8a][0xffffffd8]+q[0xffffffb6]V[0xffffffa8][0xffffff94]([0xfffffff4]^[0xffffff89][0xffffffc7][0x9][0xffffffe8][0xffffff94](q[0xfffffff8]9[0x11][0xfffffff0]B[0xffffffed][0xffffff95][0xfffffff8][0xfffffff6]d[0xffffff8f][0xffffff94][0xffffff88](2)[0xffffffa1][0xffffff80]dR"b[0xffffff99][0xffffff9f][0x12];[0xffffff9c][0xffffffd9])[0xffffffb1]#[0xffffffea][0xffffff94][0x12]B[0xffffff9e]lJH[0xffffff97][0xffffffb2])![0xffffffd4][0xffffffca][0xffffffa5]D0-[0xffffff95][0x12]A[0xffffffbc][0x17]R[0xffffffa2][0xffffffaa][0xffffffb7][0x12]sQ{%[0xffffffde][0xffffffce][0x3][0xffffffa7]D5x+Qc:'[0x2]^[0xffffffb1][0xffffffb7][0x12][0xffffffd5][0xffffffe9][0xffffffad]DD[0xffffff91]I[0x9][0x5]$[0xffffff93][0x12][0x11][0xffffffcb][0xfffffffc][0xffffff94][0xffffffd8][0xffffffe1][0xffffffcc]N[0xffffff89][0x1d]Q[0xffffffa7][0xffffff94][0x10][0xfffffff2]dSB[0xffffffba][0xffffff94]M[0x9][0xffffffa1]V.%[0xffffff82]i[0xffffffa9][0xffffff94][0x8][0xffffffe2][0xffffffbd][0xffffff94][0x12]qq6[0xffffff9b][0x12][0xfffffff0][0xffffffe2][0xffffffec][0xffffffc7][0x9][0xfffffff8][0xffffff94][0x0][0x17]g?[0xffffff9e]N[0xffffffa5][0xffffff84][0xffffffcf][0xffffffe2]l[0xffffff81]"[0xffffff95][0x12]&[0xffffff8b][0xffffffb3][0x5][0xffffff96]DJ[0xffffffa0][0xffffff8b][0xffffffb3][0x3][0xffffffa2]^)[0xffffffe1][0xffffffb5]8[[0xffffffbb][0xffffff94]N[0x9][0xffffff9f][0xffffffc5][0xffffffd9][0xffffffd1][0xffffffb4]\J[0xfffffffc][0xfffffff4][0xffffffe2][0xffffffec][0xffffffae]VT[0xffffffcd][0xffffffe3]F][0xffffffbb][0xffffffec][0xfffffff8][0xffffff8a][0xffffffaa]n[0xffffffb0][0xffffffa2][0xffffffaa][0xffffff8b]=*[0xffffff89][0xffffff80]c+[0xffffffaa]z[0xffffffd8][0xffffff94]B[0xffffffa6][0xffffff84][0xffffffc9][0xffffff8a]*[0x9]$[0xffffff93][0x12][0x6]+[0xffffffaa][0x2][0xffffff9c][0xffffffd9])a[0xffffffbc][0xffffffa2]J[0xffffffc9][0xffffff93]M[0x9][0xffffffbf][0x15]UJ[0xffffffad]\J[0xffffffb8][0xffffffac][0xffffffa8][0xffffff8a][0xffffffe2][0xffffffbd][0xffffff90][0x12]jE[0xffffffd5][0xffffffec][\r]{+[0xffffff81][0xffffffaf][0xffffffa8][0xffffffea][0x6]+[0xffffffaa][0xffffffba][0xffffffd8][0xffffffa3][0xffffff92][0x8]8[0xffffffb6][0xffffffa2][0xffffffaa][0xffffff87]M)dJ[0xffffff98][0xffffffac][0xffffffa8][0xffffff92]@2)a[0xffffffb0][0xffffffa2]*[0xffffffc0][0xffffff99][0xffffff9d][0x12][0xffffffc6]+[0xffffffaa][0xffffff94]<[0xffffffd9][0xffffff94][0xfffffff0][Q[0xffffffa5][0xffffffd4][0xffffffca][0xffffffa5][0xffffff84][0xffffffcb][0xffffff8a][0xffffffaa]([0xffffffde][0xb])1~)1%[0xffffffce]zP)q?[0xf][0xffffff9c][0x12]o'[0xffffffa0]S[0xffffffe2][0xffffffdb][0x19][0xffffff98][0xffffff94]x{:[0xffffff93][0x12][0x1f]O[0xfffffff6]H[0xffffff89][0xffffff88]"[0xffffff93][0x12][\n]"
08:17:55.103 [TestNG-PoolService-3] DEBUG org.apache.hc.client5.http.wire -- http-outgoing-4 << "E&%\VT),[0xfffffff3]S[0xffffff82]]Q[0x15][0x11]uJ[0x9][0xffffffb3][0x15]UO\[0xffffffca][0xffffffa6][0xffffff84][0xffffffd1][0xffffff8a]*aZ*%~~EU[0xffffffbd][0xffffff89][0x15]U[0xfffffff7][0xffffff94][0x18][0xffffffd0][0xffffff97]A[0x1f][0xffffffe7][0xffffff81]S[0xffffff82]_Q[0xfffffff5]y[0x6]&%[0xffffffa8][0x15]U[0xffffffdf][0xffffff9f][0xffffffec][0xffffff91][0x12][0x1e]+[0xffffffaa]4[0xffffff90]LJ[0xfffffff0]+[0xffffffaa]"[0xffffff9c][0xffffffd9])[0xffffffe1][0xffffffbb][0xffffffa2]J[0xffffffca][0xffffff93]M[0x9][0xffffffbb][0x15]UR[0xffffffad]\J[0xffffff98][0xffffffac][0xffffffa8][0x12][0xffffffe2]}=%[0xffffff8e][0xffffff9b]L[0xffffff89][0xffffffb5][0xffffffa0][0xffffff94]x;[0xf][0xffffff9b][0x12][0xffffff8f][0x13][0xffffffc0])[0xfffffff1][0xfffffffd][0xc]HJ<[0xffffff9e][0xffffff8e][0xffffffa4][0xffffffc4][0xffffffb7]'[[0xffffffa4][0xffffff84]@[0x11]I[0x9][0x9]$[0xffffff92][0x12][0x2][0xffffffcb][0xfffffff4][0xffffff94][0x8]p&[0xffffffa7]D@[0xffffffd4](%[0xffffff94]<[0xffffffd1][0xffffff94][0xffffffd0].ESB[0xffffffa9][0x15]K[0xffffff89]hZ(%[0xffffffa2]x/[0xffffffa4][0xffffff84][0xffffffda]+Q[0xffffffea]I[0xffffffbd][0xffffff95]8[0xfffffff0][0xffffffbd][0x12][0xffffff87][0xffffffc1]^[0xffffff89]C[0xc]?'[0x2][0xffffff8e][0xffffffed][0xffffff95]8[0xffffffc2]x3[0xffffff99][0x12]&{%$[0xffffff90]LJ[0x18][0xffffffec][0xffffff95][0x8]pf[0xffffffa7][0xffffff84][0xfffffff1]^[0x9]%O6%[0xfffffffc][0xfffffff6]J([0xffffffb5]r)[0xffffffe1][0xffffffb2]W"[0xffffff8a][0xfffffff7]BJ[0x14][0xffffff95][0x12][0xfffffffd]F[0xffffffdd][0xffffff95]x;[0xf][0xffffff9c][0x12][0xffffffc5] %J[0xffffffe4]=[0x11][0xfffffff0][0xffffff82][0xffffffa5]DqJ[0xffffff89][0xffffff88]"[0xffffff93][0x12][\n]"
08:17:55.103 [TestNG-PoolService-2] DEBUG org.apache.hc.client5.http.wire -- http-outgoing-5 << "H&%"[0xffffff96][0xfffffff9])[0xffffffb1][0xffffffc3][0xffffff99][0xffffff9d][0x12];[0xffffffa2]N)![0xffffffe4][0xffffffc9][0xffffffa6][0xffffff84]t)[0xffffff9b][0x12]B[0xffffffad]\J[0x4][0xffffffd3]R)[0x11][0xffffffc4]{!%N[0xfffffff1]Vb[0x1d][0xffffffd8][0xffffffe2][0xffffffec][0xffffffb7][0xfffffff3][0xffffffc0])q[0x1a][0xffffffbc][0xffffff95]8c:'[0x2]~bo%N[0xffffffa7][0xffffffb7][0x12][0x11]E&%[0x14][0xffffff90]LJD,[0xfffffff3]Sb[0xffffff87]3;%vD[0xffffff9d]RB[0xffffffc8][0xffffff93]M[0x9][0xffffffe9]R6%[0xffffff84]Z[0xffffffb9][0xffffff94][0x8][0xffffffa6][0xffffffa5]R"[0xffffff88][0xfffffff7]BJ[0xffffffa8]m[0xffffff97][0xffffffab]r[0xffffffc3][0xffffffa0][0xfffffff8][0xffffffb6][0xffffffcb]n[0xffffffb0][0xffffffed][0xffffffb2][0xffffff8b][0xffffff95]l[0xffffff89][0xffffff80]c[0xffffffdb].{X[0xffffffba]F[0xffffffa6][0xffffff84][0xffffffc9][0xffffffb6]K[0x9]$[0xffffff93][0x12][0x6][0xffffffdb].[0x3][0xffffff9c][0xffffffd9])a[0xffffffbc][0xffffffed]R[0xffffffc9][0xffffff93]M[0x9][0xffffffbf]m[0xffffff97]J[0xffffffad]\J[0xffffffb8]l[0xffffffbb][0xffffff8c][0xffffffe2][0xffffffbd][0xffffff90][0x12]j[0xffffffdb][0xffffffe5][0xffffffea][0x1d][0xffffffbb]v[0xffffff89]o[0xffffffbb][0xffffffec][0x6][0xffffffdb].[0xffffffbb]X[0xffffffc9][0xffffff96][0x8]8[0xffffffb6][0xffffffed][0xffffffb2][0xffffff87][0xffffffa5]kdJ[0xffffff98]l[0xffffffbb][0xffffff94]@2)a[0xffffffb0][0xffffffed]2[0xffffffc0][0xffffff99][0xffffff9d][0x12][0xffffffc6][0xffffffdb].[0xffffff95]<[0xffffffd9][0xffffff94][0xfffffff0][0xffffffdb]v[0xffffffa9][0xffffffd4][0xffffffca][0xffffffa5][0xffffff84][0xffffffcb][0xffffffb6][0xffffffcb]([0xffffffde][0xffffffd7]Sb[0xffffffdc]bJ[0xfffffff4][0xffffffdb][0xffffffad]R[0xffffffdb].[0xffffffdf][0xffffffce][0xffffffc3][0xffffffa6][0xffffffc4][0xffffffe3][0x4]pJ|?[0x3][0xffffff92][0x12][0xffffff8f][0xffffffa7]#)[0xfffffff1][0xffffffed][0xffffffc9][0x16])!PDRB[0x2][0xffffff89][0xffffffa4][0xffffff84][0xffffffc0]2=%[0x2][0xffffff9c][0xffffffc9])[0x11][0x10]5J[0x9]%O4%[0xffffffb4]K[0xffffffd1][0xffffff94]Pj[0xffffffc5]R"[0xffffff9a][0x16]J[0xffffff89]([0xffffffde][0xb])![0x16]g[0xfffffff7][[0xffffff9f]7*%[0xfffffff0][0xffffffc5][0xffffffd9][0xffffffc3]`q[0xfffffff6][0x10][0xffffffdb]][0x13][0x1][0xffffffc7][0x16]g[0xffffff8f][0xffffffb0][0xffffffbf][0xffffff95]L[0x9][0xffffff93][0xffffffc5][0xffffffd9][0x12]H&%[0xc][0x16]g[0x7]8[0xffffffb3]S[0xffffffc2]xq[0xffffffb6][0xffffff92]'[0xffffff9b][0x12]~[0xffffff8b][0xffffffb3][0xffffff95]Z[0xffffffb9][0xffffff94]pY[0xffffff9c][0x1d][0xffffffc5]{)%[0xffffffc2][0xffffff8a]*8%[0xffffffe0][0x15]U[0xffffff8f][0x13][0xfffffff0])[0x1][0xffffffae][0xffffffa8]z<[0xffffff9d]J[0x9][0xffffff9f][0x15]U[0x2]E*%LVT[0x9],[0xffffff89][0xffffff94]@WT[0x5]D[0xffffffbd]R[0xffffffc2]kE[0xffffff95]v)[0xffffff9d][0x12]>+[0xffffffaa][0xffffffa2]i[0xffffffb9][0xffffff94][0xfffffff8][0xffffffe9][0x15]U[0xfffffff7][0x7f][0xffffffc6]0K[0xffffff89][0xffffff81][0xffffffa7][0xffffffc4]0H[0xffffff89][0xffffff81][0xffffffa6][0xffffffc4][0xffffffc0]Rb8[0xffffffa5][0xffffffc4][0xffffff8e]"[0xffffff95][0x12][0x11]H*%v,[0xffffff89][0xffffff94][0x18]pJ[0xc][0xffffffe3][0xffffff94][0x8][0xfffffff2][0xffffffa4]SB[0xffffffb8][0xffffff94]N[0xffffff89][0xffffffa0]V2%[0xffffff86]KJ[0xffffff8c][0xffffffbf]CJ[0x1c][0xffffffd3][0xffffffac]%[0xffffff8e][0xffffff89][0xffffffc7][0xffffffc4][0xfffffffd][0x8]|M|[0x1c][0xffffff82][0xffffffca][0xffffff89][0xfffffffb][0xffffffe3][0xffffffa9][0xffffff9e]x[0x7f][0xffffffb4]KP[0x4][0x1e][0xffffffa9][0xffffffa2][0x10]TRI[0x11][0xffffffd8]$[0xffffff9a]b#4?*6N[0xffffffbd][0xffffffaa]"j[0xffffff94][0xffffffce][\n]"
08:17:55.103 [TestNG-PoolService-1] DEBUG org.apache.hc.client5.http.wire -- http-outgoing-3 << "[0xffffff9c][0xffffffad][0xffffffd4][0xffffffca][0xffffffa5][0xffffff84][0xffffffcb][0xffffffe2][0xffffffec]([0xffffffde][0xffffffd7]S[0xffffffa2][0xffffffab][0x15]Ugm[0xffffffd4][0xffffffe7][0xffffffbc]:[0xffffffbe][0xffffffa2][0xffffffaa][0x1b][0xffffffac][0xffffffa8][0xffffffea]b[0xffffff8f]J[0x1e][0xffffffe0][0x1d][Q[0xffffffd5][0xffffffc3][0xffffffa6][0x14]0%[0x4][0xffffff8a]HJH [0xffffff91][0xffffff94][0x10]X[0xffffffa6][0xffffffa7]D[0xffffff80]39%[0x2][0xffffffa2]F)[0xffffffa1][0xffffffe4][0xffffff89][0xffffffa6][0xffffff84]v)[0xffffff9a][0x12]J[0xffffffad]XJD[0xffffffd3]B)[0x11][0xffffffc5]{!%[0xffffff8a][0xffffffd8]+q[0xffffffb6]V[0xffffffa8][0xffffff94]([0xfffffff4]^[0xffffff89][0xffffffc7][0x9][0xffffffe8][0xffffff94](q[0xfffffff8]9[0x11][0xfffffff0]B[0xffffffed][0xffffff95][0xfffffff8][0xfffffff6]d[0xffffff8f][0xffffff94][0xffffff88](2)[0xffffffa1][0xffffff80]dR"b[0xffffff99][0xffffff9f][0x12];[0xffffff9c][0xffffffd9])[0xffffffb1]#[0xffffffea][0xffffff94][0x12]B[0xffffff9e]lJH[0xffffff97][0xffffffb2])![0xffffffd4][0xffffffca][0xffffffa5]D0-[0xffffff95][0x12]A[0xffffffbc][0x17]R[0xffffffa2][0xffffffaa][0xffffffb7][0x12]sQ{%[0xffffffde][0xffffffce][0x3][0xffffffa7]D5x+Qc:'[0x2]^[0xffffffb1][0xffffffb7][0x12][0xffffffd5][0xffffffe9][0xffffffad]DD[0xffffff91]I[0x9][0x5]$[0xffffff93][0x12][0x11][0xffffffcb][0xfffffffc][0xffffff94][0xffffffd8][0xffffffe1][0xffffffcc]N[0xffffff89][0x1d]Q[0xffffffa7][0xffffff94][0x10][0xfffffff2]dSB[0xffffffba][0xffffff94]M[0x9][0xffffffa1]V.%[0xffffff82]i[0xffffffa9][0xffffff94][0x8][0xffffffe2][0xffffffbd][0xffffff94][0x12]qq6[0xffffff9b][0x12][0xfffffff0][0xffffffe2][0xffffffec][0xffffffc7][0x9][0xfffffff8][0xffffff94][0x0][0x17]g?[0xffffff9e]N[0xffffffa5][0xffffff84][0xffffffcf][0xffffffe2]l[0xffffff81]"[0xffffff95][0x12]&[0xffffff8b][0xffffffb3][0x5][0xffffff96]DJ[0xffffffa0][0xffffff8b][0xffffffb3][0x3][0xffffffa2]^)[0xffffffe1][0xffffffb5]8[[0xffffffbb][0xffffff94]N[0x9][0xffffff9f][0xffffffc5][0xffffffd9][0xffffffd1][0xffffffb4]\J[0xfffffffc][0xfffffff4][0xffffffe2][0xffffffec][0xffffffae]VT[0xffffffcd][0xffffffe3]F][0xffffffbb][0xffffffec][0xfffffff8][0xffffff8a][0xffffffaa]n[0xffffffb0][0xffffffa2][0xffffffaa][0xffffff8b]=*[0xffffff89][0xffffff80]c+[0xffffffaa]z[0xffffffd8][0xffffff94]B[0xffffffa6][0xffffff84][0xffffffc9][0xffffff8a]*[0x9]$[0xffffff93][0x12][0x6]+[0xffffffaa][0x2][0xffffff9c][0xffffffd9])a[0xffffffbc][0xffffffa2]J[0xffffffc9][0xffffff93]M[0x9][0xffffffbf][0x15]UJ[0xffffffad]\J[0xffffffb8][0xffffffac][0xffffffa8][0xffffff8a][0xffffffe2][0xffffffbd][0xffffff90][0x12]jE[0xffffffd5][0xffffffec][\r]{+[0xffffff81][0xffffffaf][0xffffffa8][0xffffffea][0x6]+[0xffffffaa][0xffffffba][0xffffffd8][0xffffffa3][0xffffff92][0x8]8[0xffffffb6][0xffffffa2][0xffffffaa][0xffffff87]M)dJ[0xffffff98][0xffffffac][0xffffffa8][0xffffff92]@2)a[0xffffffb0][0xffffffa2]*[0xffffffc0][0xffffff99][0xffffff9d][0x12][0xffffffc6]+[0xffffffaa][0xffffff94]<[0xffffffd9][0xffffff94][0xfffffff0][Q[0xffffffa5][0xffffffd4][0xffffffca][0xffffffa5][0xffffff84][0xffffffcb][0xffffff8a][0xffffffaa]([0xffffffde][0xb])1~)1%[0xffffffce]zP)q?[0xf][0xffffff9c][0x12]o'[0xffffffa0]S[0xffffffe2][0xffffffdb][0x19][0xffffff98][0xffffff94]x{:[0xffffff93][0x12][0x1f]O[0xfffffff6]H[0xffffff89][0xffffff88]"[0xffffff93][0x12][\n]"
08:17:55.103 [TestNG-PoolService-3] DEBUG org.apache.hc.client5.http.wire -- http-outgoing-4 << "H&%"[0xffffff96][0xfffffff9])[0xffffffb1][0xffffffc3][0xffffff99][0xffffff9d][0x12];[0xffffffa2]N)![0xffffffe4][0xffffffc9][0xffffffa6][0xffffff84]t)[0xffffff9b][0x12]B[0xffffffad]\J[0x4][0xffffffd3]R)[0x11][0xffffffc4]{)%[0xffffffe2]0([0xffffff9b][0x12][0xfffffff0]0[0xffffffe8][0xffffffe3][0x4]|J[0xffffff80][0xffffffc3][0xffffffa0][0xffffff8f][0xffffffa7]S)[0xffffffe1]3[0xc]*P[0xffffffa4]R[0xffffffc2]d[0x18]T`I[0xffffffa4][0x4]:[0xc][0x1a][0x10][0xfffffff5]J[0x9][0xffffffaf]aP[0xffffffed]R:%|[0xffffff86]A[0xffffffa3]i[0xffffffb9][0xffffff94][0xfffffff8][0xffffffe9]a[0xffffffd0][0xfffffffb]?[0xffffffa3][0xffffff99][0xffffffa5]D[0xffffffc3]S[0xffffffa2][0x19][0xffffffa4]DCS[0xffffffa2]a)[0xffffffd1][0xffffff9c]RbG[0xffffff91]J[0xffffff89][0x8]$[0xffffff95][0x12];[0xffffff96]DJ48%[0xffffff9a]qJ[0x4]y[0xffffffd2])!\J[0xffffffa7]DP+[0xffffff99][0x12][0xffffffcd]%%[0xffffffda][0xffffffdf]!%[0xe][0xffffffb7]_8[0xe][0xfffffffe]'[0xffffff8e][0xfffffffb][0x11][0xfffffff8][0xffffff9a][0xfffffff8]8[0x4][0xffffff95][0x13][0x7][0xfffffff7]+[0xffffffc7]a[0xfffffff5]3G[0xffffffe0][0xffffff91]*[\n]"
08:17:55.104 [TestNG-PoolService-1] DEBUG org.apache.hc.client5.http.wire -- http-outgoing-3 << "H&%"[0xffffff96][0xfffffff9])[0xffffffb1][0xffffffc3][0xffffff99][0xffffff9d][0x12];[0xffffffa2]N)![0xffffffe4][0xffffffc9][0xffffffa6][0xffffff84]t)[0xffffff9b][0x12]B[0xffffffad]\J[0x4][0xffffffd3]R)[0x11][0xffffffc4]{!%N[0xfffffff1]Vb[0x1d][0xffffffd8][0xffffffe2][0xffffffec][0xffffffb7][0xfffffff3][0xffffffc0])q[0x1a][0xffffffbc][0xffffff95]8c:'[0x2]~bo%N[0xffffffa7][0xffffffb7][0x12][0x11]E&%[0x14][0xffffff90]LJD,[0xfffffff3]Sb[0xffffff87]3;%vD[0xffffff9d]RB[0xffffffc8][0xffffff93]M[0x9][0xffffffe9]R6%[0xffffff84]Z[0xffffffb9][0xffffff94][0x8][0xffffffa6][0xffffffa5]R"[0xffffff88][0xfffffff7]BJ[0xffffffa8]m[0xffffff97][0xffffffab]r[0xffffffc3][0xffffffa0][0xfffffff8][0xffffffb6][0xffffffcb]n[0xffffffb0][0xffffffed][0xffffffb2][0xffffff8b][0xffffff95]l[0xffffff89][0xffffff80]c[0xffffffdb].{X[0xffffffba]F[0xffffffa6][0xffffff84][0xffffffc9][0xffffffb6]K[0x9]$[0xffffff93][0x12][0x6][0xffffffdb].[0x3][0xffffff9c][0xffffffd9])a[0xffffffbc][0xffffffed]R[0xffffffc9][0xffffff93]M[0x9][0xffffffbf]m[0xffffff97]J[0xffffffad]\J[0xffffffb8]l[0xffffffbb][0xffffff8c][0xffffffe2][0xffffffbd][0xffffff90][0x12]j[0xffffffdb][0xffffffe5][0xffffffea][0x1d][0xffffffbb]v[0xffffff89]o[0xffffffbb][0xffffffec][0x6][0xffffffdb].[0xffffffbb]X[0xffffffc9][0xffffff96][0x8]8[0xffffffb6][0xffffffed][0xffffffb2][0xffffff87][0xffffffa5]kdJ[0xffffff98]l[0xffffffbb][0xffffff94]@2)a[0xffffffb0][0xffffffed]2[0xffffffc0][0xffffff99][0xffffff9d][0x12][0xffffffc6][0xffffffdb].[0xffffff95]<[0xffffffd9][0xffffff94][0xfffffff0][0xffffffdb]v[0xffffffa9][0xffffffd4][0xffffffca][0xffffffa5][0xffffff84][0xffffffcb][0xffffffb6][0xffffffcb]([0xffffffde][0xffffffd7]Sb[0xffffffdc]bJ[0xfffffff4][0xffffffdb][0xffffffad]R[0xffffffdb].[0xffffffdf][0xffffffce][0xffffffc3][0xffffffa6][0xffffffc4][0xffffffe3][0x4]pJ|?[0x3][0xffffff92][0x12][0xffffff8f][0xffffffa7]#)[0xfffffff1][0xffffffed][0xffffffc9][0x16])!PDRB[0x2][0xffffff89][0xffffffa4][0xffffff84][0xffffffc0]2=%[0x2][0xffffff9c][0xffffffc9])[0x11][0x10]5J[0x9]%O4%[0xffffffb4]K[0xffffffd1][0xffffff94]Pj[0xffffffc5]R"[0xffffff9a][0x16]J[0xffffff89]([0xffffffde][0xb])![0x16]g[0xfffffff7][[0xffffff9f]7*%[0xfffffff0][0xffffffc5][0xffffffd9][0xffffffc3]`q[0xfffffff6][0x10][0xffffffdb]][0x13][0x1][0xffffffc7][0x16]g[0xffffff8f][0xffffffb0][0xffffffbf][0xffffff95]L[0x9][0xffffff93][0xffffffc5][0xffffffd9][0x12]H&%[0xc][0x16]g[0x7]8[0xffffffb3]S[0xffffffc2]xq[0xffffffb6][0xffffff92]'[0xffffff9b][0x12]~[0xffffff8b][0xffffffb3][0xffffff95]Z[0xffffffb9][0xffffff94]pY[0xffffff9c][0x1d][0xffffffc5]{)%[0xffffffc2][0xffffff8a]*8%[0xffffffe0][0x15]U[0xffffff8f][0x13][0xfffffff0])[0x1][0xffffffae][0xffffffa8]z<[0xffffff9d]J[0x9][0xffffff9f][0x15]U[0x2]E*%LVT[0x9],[0xffffff89][0xffffff94]@WT[0x5]D[0xffffffbd]R[0xffffffc2]kE[0xffffff95]v)[0xffffff9d][0x12]>+[0xffffffaa][0xffffffa2]i[0xffffffb9][0xffffff94][0xfffffff8][0xffffffe9][0x15]U[0xfffffff7][0x7f][0xffffffc6]0K[0xffffff89][0xffffff81][0xffffffa7][0xffffffc4]0H[0xffffff89][0xffffff81][0xffffffa6][0xffffffc4][0xffffffc0]Rb8[0xffffffa5][0xffffffc4][0xffffff8e]"[0xffffff95][0x12][0x11]H*%v,[0xffffff89][0xffffff94][0x18]pJ[0xc][0xffffffe3][0xffffff94][0x8][0xfffffff2][0xffffffa4]SB[0xffffffb8][0xffffff94]N[0xffffff89][0xffffffa0]V2%[0xffffff86]KJ[0xffffff8c][0xffffffbf]CJ[0x1c][0xffffffd3][0xffffffac]%[0xffffff8e][0xffffff89][0xffffffc7][0xffffffc4][0xfffffffd][0x8]|M|[0x1c][0xffffff82][0xffffffca][0xffffff89][0xfffffffb][0xffffffe3][0xffffffa9][0xffffff9e]x[0x7f][0xffffffb4]KP[0x4][0x1e][0xffffffa9][0xffffffa2][0x10]TRI[0x11][0xffffffd8]$[0xffffff9a]b#4?*6N[0xffffffbd][0xffffffaa]"j[0xffffff94][0xffffffce][\n]"
08:17:55.104 [TestNG-PoolService-3] DEBUG org.apache.hc.client5.http.wire -- http-outgoing-4 << "A%[0xffffff95][0x14][0xffffff81]M[0xffffffa2])[0xe][0xfffffffa][0xffffffa7][0xffffff8e][0xffffffc3][0xfffffff9][0xffffffb7][0xffffff8e][0xffffffa8]Q:+[0xffffff94]U[0xffffffe9][0xffffffae][0xffffff88][0xffffff92]%[0xffffffc3]bw.W[0x16][0xffffffbb][0xffffff82]/[0xffffffa5]E[0xffffffb1][0xfffffffb][0xffffffc5][0xffffffc3][0xffffffe0]'[0xf][0xffffff8b][0xffffffdf]<[0xffffffe0][0x1f]=[0xffffffc0]_=[0xffffffbc]~[0xfffffff6][0xffffffb0][0xfffffff9][0xffffffdd][0xffffffc3][0xffffffe8][0xffffff87][0xf][0xffffff8b]_>[0xfffffff0][0xffffff9f]>[0xffffffac][0x7f][0xfffffffb][0xfffffff0][0xfffffffb][0xfffffff1][0xffffffc3][0xfffffff1][0xffffffd7][0xf][0xffffffaf][0xffffff9f]?|~[0xffffffff][0xfffffff8]{[0xfffffffc][0x0]R[0xffffffa6][ZL>-[0xffffffa6]CZL6-&[0xffffff97][0x16][0xffffffd3]*-v[0x1e][0xffffffb1][0xffffffb4][0xffffff88]Tbi[0xffffffb1][0xffffffb3][0xffffff89][0xffffffa4][0xffffffc5][0xffffffa4][0xffffffd3]b:[0xffffffa7]E[0xffffffd0]([0xffffff9e][0x16][0xffffffc2][0xffffffaa]xZ[0x4][0xffffffc9][0xffffffa2]i1m[0xffffffd2]b[0xfffffffe][0x1d][0xffffffd2][0xffffffa2][\r][0xffffffb3][0xffffffb4]h[0x3]O[0xffffff8b][0xfffffffb][0x11][0xfffffff8][0xffffffb4][0xfffffff8]8[0x4][0xffffff95][0x16][0xfffffff7][0xffffffc7]Si[0xfffffff1][0xfffffffe]h[0xffffff97][0xffffffb4][0x8]<Ri![0xffffffa8][0xffffffa4][0xffffffd2]"[0xffffffb0]I[0xffffffa4][0xffffffc5]Fh~Zl[0xffffff9c]z[0xffffffa5]E[0xffffffd4]([0xffffff9d][0x16][0xffffffca][0xffffffaa]tZD[0xffffffc9][0xffffff92]i[0xffffffb1];[0xffffff97]K[0xffffff8b]][0xffffffc1][0xffffff97][0xffffffd2][0xffffffa2][0xffffffbb][0xffffffbd][0xffffffb5][0xffffffe8][0xfffffffc][[0xffffff8b][0xffffffee][0xfffffff0][0xffffffd6][0xffffffa2][0xffffffb3]o-:[0xfffffff7][0xffffffd6][0xffffffa2][[0xffffffbd][0xffffffb5][0x8]<Ri![0xffffffa8][0xffffffa4][0xffffffd2]"[0xffffffb0]I[0xffffffa4]E[0xffffffa7][0xffffffdf]Zt[0xffffffe7][0xffffffb7][0x16]Q[0xffffffa3]tZ([0xffffffab][0xffffffd2]i[0x11]%K[0xffffffa6][0xffffffc5][0xffffffee]\.-v[0x5]_J[0xffffff8b][0xffffffe9][0xfffffff6][0xffffffd6]b[0xfffffff2]o-[0xffffffa6][0xffffffc3][[0xffffff8b][0xffffffc9][0xffffffbe][0xffffffb5][0xffffff98][0xffffffdc][[0xffffff8b]i[0xfffffff5][0xffffffd6]"[0xfffffff0]H[0xffffffa5][0xffffff85][0xffffffa0][0xffffff92]J[0xffffff8b][0xffffffc0]&[0xffffff91][0x16][0xffffff93]~k1[0xffffff9d][0xffffffdf]ZD[0xffffff8d][0xffffffd2]i[0xffffffa1][0xffffffac]J[0xffffffa7]E[0xffffff94],[0xffffff99][0x16][0xffffffbb]s[0xffffffb9][0xffffffb4][0xffffffd8][0x15]|)-[0xffffff8e][7k[0xffffff8b][0xfffffffb][0xffffff89][0xfffffff0][0xffffffb8]x;[0x3]_[0x17][0xffffffdf]NA[0xffffffe5][0xffffffc5][0xffffffdb][0xfffffff3][0xffffffa9][0xffffffbe][0xfffffff8]x[0xffffffb6]K`D([0xffffffa9][0xffffffc2]PhR[0xffffff89][0x11][0x1]%[0x1a]c[0xffffffc7]4?2vX[0xffffffbd]*C[0x8][0xffffff95][0xffffffce][0xc][0xffffffe9]W[0xffffffba]3[0xffffff84]n[0xffffffc9][0xffffffd0][0x8][0xfffffff6][0xffffffe5]J#[0xffffffc8][0xfffffff8]Zj[0xffffffd8][0xffffff8d][0xffffff8c][0x1c][0x6]3#[0xffffff87][0xffffffc5][0xffffffd0][0xffffffc8][0x11]/4[0xffffffe7][0xffffffc2][0xe][0xffffff8e][0xffffff8d][0x1c]^s#[0x11]J,5[0xffffff8c]&G"[0xffffffa0]Hj[0xffffffe0][0xffffffb3]#;[0xffffffac]f[0xffffffa9][0xffffffe1]7="[0xfffffffd][0xffffff8a][0xffffffa7][0xffffff86][0xffffffd7][0xfffffffc]H[0xffffffb0]/[0xffffff98][0x1a]?3A[0xffffffd2][0x1e][0xffffffff][0xffffff94][0xffffffd2][0xffffffc5]b[0xffffffef][0xffffffde][0xffffffd7][0xffffff99][0x1e][0x1a][0xffffff9f][0xffffffe7][0xffffffa1]2[0xffffffe3][0xffffffcb][0x9][0xffffffb0][0xffffffc8][0xffffffd8][0xffffffce][0xffffff90][0xffffff9c][0x18]_[0xffffff9e][0xffffff9e][0x1c][0x18][0xffffffbf]~2[0xffffff9c][0x17]OQL[0xffffff8e][0xffffff8b][0x1f][0x0][0xffffff99][0xffffff9c][0x16]O[0xffffffb1]L[0xc][0xffffff8b]'p[0xffffffa6]e[0xffffffc5][0x13]D-[0xffffffa2][0xffffffe2][0xffffffb9]<[0xffffffa1][0xffffffa4][0xfffffff8][0xffffff91]K[0xffffffa1][0xffffffa0]x[0xffffffae]V '[0xffffff9e][0xffffff99]6=&[0xffffff9e][0xffffff89][0xfffffff7]BJ[0xc][0xffffff95][0x12][0xffffffe3][0xffffffc4]Rb[0xffffffe0])1[0xc]RbD[0xffffffde][0x13][0x1][0x1f]XJ[0xc][0xffffffa7][0xffffff94][0xffffff88](2)[0xffffffa1][0xffffff80]dR"b[0xffffff99][0xffffff9f][0x12];[0xffffff9c][0xffffffd9])[0xffffffb1]#[0xffffffea][0xffffff94][0x12]B[0xffffff9e]lJH[0xffffff97][0xffffffb2])![0xffffffd4][0xffffffca][0xffffffa5]D0-[0xffffff95][0x12]A[0xffffffbc][0x17]Rb[0xffffff8a][0xffffff94][0x18]uU*%&[0xffffff9e][0x12][0xffffffd3] %f[0xffffffe4]=[0x11][0xfffffff0][0xffffff89][0xffffffa5][0xffffffc4]tJ[0xffffff89][0xffffff88]"[0xffffff93][0x12][\n]"
08:17:55.104 [TestNG-PoolService-2] DEBUG org.apache.hc.client5.http.wire -- http-outgoing-5 << "eU[0xffffffba]+[0xffffffa2]d[0xffffffc9][0xffffffb0][0xffffffd8][0xffffff9d][0xffffffcb][0xffffff95][0xffffffc5][0xffffffae][0xffffffe0]KiQ[0xffffff96]YZ[0xffffff94][0xffffff85][0xffffffa7][0xffffffc5][0xfffffffd][0x8]|Z|[0x1c][0xffffff82]J[0xffffff8b][0xfffffffb][0xffffffe3][0xffffffa9][0xffffffb4]x[0x7f][0xffffffb4]KZ[0x4][0x1e][0xffffffa9][0xffffffb4][0x10]TRi[0x11][0xffffffd8]$[0xffffffd2]b#4?-6N[0xffffffbd][0xffffffd2]"j[0xffffff94]N[0xb]eU:-[0xffffffa2]d[0xffffffc9][0xffffffb4][0xffffffd8][0xffffff9d][0xffffffcb][0xffffffa5][0xffffffc5][0xffffffae][0xffffffe0]KiQ[0xffffffdd][0xffffffd2][0xffffffa2][0xfffffff2]iQ[0x1d][0xffffffd2][0xffffffa2][0xffffffb2]iQ[0xffffffb9][0xffffffb4][0xffffffa8]Vi[0x11]x[0xffffffa4][0xffffffd2]BPI[0xffffffa5]E`[0xffffff93]H[0xffffff8b]J[0xffffffa7]EuN[0xffffff8b][0xffffffa8]Q:-[0xffffff94]U[0xffffffe9][0xffffffb4][0xffffff88][0xffffff92]%[0xffffffd3]bw.[0xffffff97][0x16][0xffffffbb][0xffffff82]/[0xffffffa5][0xffffffc5]c[0xffffffe7][0xffffff84]SZ[0xfffffff4][0x13]O[0xffffff8b][0xfffffffb][0x11][0xfffffff8][0xffffffb4][0xfffffff8]8[0x4][0xffffff95][0x16][0xfffffff7][0xffffffc7]Si[0xfffffff1][0xfffffffe]h[0xffffff97][0xffffffb4][0x8]<Ri![0xffffffa8][0xffffffa4][0xffffffd2]"[0xffffffb0]I[0xffffffa4][0xffffffc5]Fh~Zl[0xffffff9c]z[0xffffffa5]E[0xffffffd4]([0xffffff9d][0x16][0xffffffca][0xffffffaa]tZD[0xffffffc9][0xffffff92]i[0xffffffb1];[0xffffff97]K[0xffffff8b]][0xffffffc1][0xffffff97][0xffffffd2]b[0xffffffb8][0xffffffbd][0xffffffb5][0x18][0xfffffffc][[0xffffff8b][0xffffffe1][0xfffffff0][0xffffffd6]b[0xffffffb0]o-[0x6][0xfffffff7][0xffffffd6]bX[0xffffffbd][0xffffffb5][0x8]<Ri![0xffffffa8][0xffffffa4][0xffffffd2]"[0xffffffb0]I[0xffffffa4][0xffffffc5][0xffffffa0][0xffffffdf]Z[0xc][0xffffffe7][0xffffffb7][0x16]Q[0xffffffa3]tZ([0xffffffab][0xffffffd2]i[0x11]%K[0xffffffa6][0xffffffc5][0xffffffee]\.-v[0x5]_J[0xffffff8b][0xffffffd5][0xffffffcc][0xffffffd2]b5<-[0xffffffee]G[0xffffffe0][0xffffffd3][0xffffffe2][0xffffffe3][0x10]TZ[0xffffffdc][0x1f]O[0xffffffa5][0xffffffc5][0xfffffffb][0xffffffa3]][0xffffffd2]"[0xfffffff0]H[0xffffffa5][0xffffff85][0xffffffa0][0xffffff92]J[0xffffff8b][0xffffffc0]&[0xffffff91][0x16][0x1b][0xffffffa1][0xfffffff9]i[0xffffffb1]q[0xffffffea][0xffffff95][0x16]Q[0xffffffa3]tZ([0xffffffab][0xffffffd2]i[0x11]%K[0xffffffa6][0xffffffc5][0xffffffee]\.-v[0x5]_J[0xffffff8b][0xffffffe3]8[0xffffffcc][0xffffffda][0xffffffe2]~"<.[0xffffffde][0xffffffce][0xffffffc0][0xffffffd7][0xffffffc5][0xffffffb7]SPy[0xfffffff1][0xfffffff6]|[0xffffffaa]/>[0xffffff9e][0xffffffed][0x12][0x18][0x11]J[0xffffffaa]0[0x14][0xffffff9a]TbD@[0xffffff89][0xffffffc6][0xffffffd8]1[0xffffffcd][0xffffff8f][0xffffff8c][0x1d]V[0xffffffaf][0xffffffca][0x10]B[0xffffffa5]3C[0xfffffffa][0xffffff95][0xffffffee][0xc][0xffffffa1][24[0xffffff82]}[0xffffffb9][0xffffffd2][0x8]2[0xffffffbe][0xffffff96][0x1a][0xffffffc5]n[0x1a][0xffffffb5][0x18][0xffffff8c][0xffffffa3][0x16][0xffffff8b]y[0xffffffd4][0x2][0xf][0xffffffa4][0x16]p"[0xffffffb5]x[0xffffff8d][0xffffffa4][0x6]([0xffffffb1][0xffffffd4][0x10]hb[0xffffffa9][0x11][0x0]ER[0xffffffa3][0xffffffe0]c[0xffffffa9][0xffffffc5]z.5[\n]"
08:17:55.104 [TestNG-PoolService-1] DEBUG org.apache.hc.client5.http.wire -- http-outgoing-3 << "eU[0xffffffba]+[0xffffffa2]d[0xffffffc9][0xffffffb0][0xffffffd8][0xffffff9d][0xffffffcb][0xffffff95][0xffffffc5][0xffffffae][0xffffffe0]KiQ[0xffffff96]YZ[0xffffff94][0xffffff85][0xffffffa7][0xffffffc5][0xfffffffd][0x8]|Z|[0x1c][0xffffff82]J[0xffffff8b][0xfffffffb][0xffffffe3][0xffffffa9][0xffffffb4]x[0x7f][0xffffffb4]KZ[0x4][0x1e][0xffffffa9][0xffffffb4][0x10]TRi[0x11][0xffffffd8]$[0xffffffd2]b#4?-6N[0xffffffbd][0xffffffd2]"j[0xffffff94]N[0xb]eU:-[0xffffffa2]d[0xffffffc9][0xffffffb4][0xffffffd8][0xffffff9d][0xffffffcb][0xffffffa5][0xffffffc5][0xffffffae][0xffffffe0]KiQ[0xffffffdd][0xffffffd2][0xffffffa2][0xfffffff2]iQ[0x1d][0xffffffd2][0xffffffa2][0xffffffb2]iQ[0xffffffb9][0xffffffb4][0xffffffa8]Vi[0x11]x[0xffffffa4][0xffffffd2]BPI[0xffffffa5]E`[0xffffff93]H[0xffffff8b]J[0xffffffa7]EuN[0xffffff8b][0xffffffa8]Q:-[0xffffff94]U[0xffffffe9][0xffffffb4][0xffffff88][0xffffff92]%[0xffffffd3]bw.[0xffffff97][0x16][0xffffffbb][0xffffff82]/[0xffffffa5][0xffffffc5]c[0xffffffe7][0xffffff84]SZ[0xfffffff4][0x13]O[0xffffff8b][0xfffffffb][0x11][0xfffffff8][0xffffffb4][0xfffffff8]8[0x4][0xffffff95][0x16][0xfffffff7][0xffffffc7]Si[0xfffffff1][0xfffffffe]h[0xffffff97][0xffffffb4][0x8]<Ri![0xffffffa8][0xffffffa4][0xffffffd2]"[0xffffffb0]I[0xffffffa4][0xffffffc5]Fh~Zl[0xffffff9c]z[0xffffffa5]E[0xffffffd4]([0xffffff9d][0x16][0xffffffca][0xffffffaa]tZD[0xffffffc9][0xffffff92]i[0xffffffb1];[0xffffff97]K[0xffffff8b]][0xffffffc1][0xffffff97][0xffffffd2]b[0xffffffb8][0xffffffbd][0xffffffb5][0x18][0xfffffffc][[0xffffff8b][0xffffffe1][0xfffffff0][0xffffffd6]b[0xffffffb0]o-[0x6][0xfffffff7][0xffffffd6]bX[0xffffffbd][0xffffffb5][0x8]<Ri![0xffffffa8][0xffffffa4][0xffffffd2]"[0xffffffb0]I[0xffffffa4][0xffffffc5][0xffffffa0][0xffffffdf]Z[0xc][0xffffffe7][0xffffffb7][0x16]Q[0xffffffa3]tZ([0xffffffab][0xffffffd2]i[0x11]%K[0xffffffa6][0xffffffc5][0xffffffee]\.-v[0x5]_J[0xffffff8b][0xffffffd5][0xffffffcc][0xffffffd2]b5<-[0xffffffee]G[0xffffffe0][0xffffffd3][0xffffffe2][0xffffffe3][0x10]TZ[0xffffffdc][0x1f]O[0xffffffa5][0xffffffc5][0xfffffffb][0xffffffa3]][0xffffffd2]"[0xfffffff0]H[0xffffffa5][0xffffff85][0xffffffa0][0xffffff92]J[0xffffff8b][0xffffffc0]&[0xffffff91][0x16][0x1b][0xffffffa1][0xfffffff9]i[0xffffffb1]q[0xffffffea][0xffffff95][0x16]Q[0xffffffa3]tZ([0xffffffab][0xffffffd2]i[0x11]%K[0xffffffa6][0xffffffc5][0xffffffee]\.-v[0x5]_J[0xffffff8b][0xffffffe3]8[0xffffffcc][0xffffffda][0xffffffe2]~"<.[0xffffffde][0xffffffce][0xffffffc0][0xffffffd7][0xffffffc5][0xffffffb7]SPy[0xfffffff1][0xfffffff6]|[0xffffffaa]/>[0xffffff9e][0xffffffed][0x12][0x18][0x11]J[0xffffffaa]0[0x14][0xffffff9a]TbD@[0xffffff89][0xffffffc6][0xffffffd8]1[0xffffffcd][0xffffff8f][0xffffff8c][0x1d]V[0xffffffaf][0xffffffca][0x10]B[0xffffffa5]3C[0xfffffffa][0xffffff95][0xffffffee][0xc][0xffffffa1][24[0xffffff82]}[0xffffffb9][0xffffffd2][0x8]2[0xffffffbe][0xffffff96][0x1a][0xffffffc5]n[0x1a][0xffffffb5][0x18][0xffffff8c][0xffffffa3][0x16][0xffffff8b]y[0xffffffd4][0x2][0xf][0xffffffa4][0x16]p"[0xffffffb5]x[0xffffff8d][0xffffffa4][0x6]([0xffffffb1][0xffffffd4][0x10]hb[0xffffffa9][0x11][0x0]ER[0xffffffa3][0xffffffe0]c[0xffffffa9][0xffffffc5]z.5[\n]"
08:17:55.104 [TestNG-PoolService-3] DEBUG org.apache.hc.client5.http.wire -- http-outgoing-4 << "H&%"[0xffffff96][0xfffffff9])[0xffffffb1][0xffffffc3][0xffffff99][0xffffff9d][0x12];[0xffffffa2]N)![0xffffffe4][0xffffffc9][0xffffffa6][0xffffff84]t)[0xffffff9b][0x12]B[0xffffffad]\J[0x4][0xffffffd3]R)[0x11][0xffffffc4]{!%[0xffffff96]J[0xffffff89][0xffffffb3]/*%[0x16][0xffffff9e][0x12][0xffffffcb] %V[0xffffffe4]=[0x11][0xfffffff0][0xffffff85][0xffffffa5][0xffffffc4]rJ[0xffffff89][0xffffff88]"[0xffffff93][0x12][\n]"
08:17:55.104 [TestNG-PoolService-2] DEBUG org.apache.hc.client5.http.wire -- http-outgoing-5 << "[0x15]O[\r][0xffffffe5]W<5[0xffffffa2]n[0xffffffd1][0xffffffd4][0xffffffd8][0xffffffed][0xb][0xffffffa6][0xffffffc6].[0xffffffe3]WR[0xffffffa3][0xffffffbe][0xffffffff]S[0xffffff8a]X[0xffffffec]}[0x1c][0xffffffab][0xffffffa6][0xffffff87][0xffffffc6][0xffffffe7]y[0xffffffa8][0xffffffcc][0xfffffff8]r[0x2],2[0xffffffb6]3$'[0xffffffc6][0xffffff97][0xffffffa7]'[0x7][0xffffffc6][0xffffffaf][0xffffff9f][0xc][0xffffffe7][0xffffffc5]S[0x14][0xffffff93][0xffffffe3][0xffffffe2][0x7]@&[0xffffffa7][0xffffffc5]S,[0x13][0xffffffc3][0xffffffe2][0x9][0xffffff9c]iY[0xfffffff1][0x4]Q[0xffffff8b][0xffffffa8]x.O()~[0xffffffe4]R(([0xffffff9e][0xffffffab][0x15][0xffffffc8][0xffffff89]g[0xffffffa6]M[0xffffff8f][0xffffff89]g[0xffffffe2][0xffffffbd][0xffffff94][0x12][0xffffffdd],%:[0xffffff9e][0x12][0xffffffdd] %:[0xffffff9a][0x12][0x1d]K[0xffffff89][0xffffffee][0xffffff94][0x12];[0xffffff8a]TJD [0xffffffa9][0xffffff94][0xffffffd8][0xffffffb1]$R[0xffffffa2][0xffffffc3])[0xffffffd1][0xffffff8d]S"[0xffffffc8][0xffffff93]N[0x9][0xffffffe1]R:%[0xffffff82]Z[0xffffffc9][0xffffff94][0xffffffe8].)[0xffffffd1][0x7f]:%[0xffffffaa]z+Qg[0xffffffa1]R[0xffffffa2][0xffffffe2]o%[0xffffffaa][0xffffffc1][[0xffffff89][0x1a][0xffffffd3]9[0x11][0xfffffff0][0xffffff8a][0xffffffbd][0xffffff95][0xffffffa8]No%"[0xffffff8a]LJ( [0xffffff99][0xffffff94][0xffffff88]X[0xffffffe6][0xffffffa7][0xffffffc4][0xe]gvJ[0xffffffec][0xffffff88]:[0xffffffa5][0xffffff84][0xffffff90]'[0xffffff9b][0x12][0xffffffd2][0xffffffa5]lJ[0x8][0xffffffb5]r)[0x11]LK[0xffffffa5]D[0x10][0xffffffef][0xffffff85][0xffffff94][0xffffffe8]"%[0xffffffca][0xffffffad][0xc]*%:[0xffffff9e][0x12][0xffffffdd] %z[0xffffffe4]=[0x11][0xfffffff0][0xffffff8e][0xffffffa5]DwJ[0xffffff89][0xffffff88]"[0xffffff93][0x12][\n]"
08:17:55.105 [TestNG-PoolService-2] DEBUG org.apache.hc.client5.http.wire -- http-outgoing-5 << "H&%"[0xffffff96][0xfffffff9])[0xffffffb1][0xffffffc3][0xffffff99][0xffffff9d][0x12];[0xffffffa2]N)![0xffffffe4][0xffffffc9][0xffffffa6][0xffffff84]t)[0xffffff9b][0x12]B[0xffffffad]\J[0x4][0xffffffd3]R)[0x11][0xffffffc4]{!%[0xffffffa6]J[0xffffff89]5[0xe]*%&[0xffffff9e][0x12][0xffffffd3] %f[0xffffffe4]=[0x11][0xfffffff0][0xffffff89][0xffffffa5][0xffffffc4]tJ[0xffffff89][0xffffff88]"[0xffffff93][0x12][\n]"
08:17:55.105 [TestNG-PoolService-1] DEBUG org.apache.hc.client5.http.wire -- http-outgoing-3 << "[0x15]O[\r][0xffffffe5]W<5[0xffffffa2]n[0xffffffd1][0xffffffd4][0xffffffd8][0xffffffed][0xb][0xffffffa6][0xffffffc6].[0xffffffe3]WR[0xffffffa3][0xffffffbe][0xffffffff]S[0xffffff8a]X[0xffffffec]}[0x1c][0xffffffab][0xffffffa6][0xffffff87][0xffffffc6][0xffffffe7]y[0xffffffa8][0xffffffcc][0xfffffff8]r[0x2],2[0xffffffb6]3$'[0xffffffc6][0xffffff97][0xffffffa7]'[0x7][0xffffffc6][0xffffffaf][0xffffff9f][0xc][0xffffffe7][0xffffffc5]S[0x14][0xffffff93][0xffffffe3][0xffffffe2][0x7]@&[0xffffffa7][0xffffffc5]S,[0x13][0xffffffc3][0xffffffe2][0x9][0xffffff9c]iY[0xfffffff1][0x4]Q[0xffffff8b][0xffffffa8]x.O()~[0xffffffe4]R(([0xffffff9e][0xffffffab][0x15][0xffffffc8][0xffffff89]g[0xffffffa6]M[0xffffff8f][0xffffff89]g[0xffffffe2][0xffffffbd][0xffffff94][0x12][0xffffffdd],%:[0xffffff9e][0x12][0xffffffdd] %:[0xffffff9a][0x12][0x1d]K[0xffffff89][0xffffffee][0xffffff94][0x12];[0xffffff8a]TJD [0xffffffa9][0xffffff94][0xffffffd8][0xffffffb1]$R[0xffffffa2][0xffffffc3])[0xffffffd1][0xffffff8d]S"[0xffffffc8][0xffffff93]N[0x9][0xffffffe1]R:%[0xffffff82]Z[0xffffffc9][0xffffff94][0xffffffe8].)[0xffffffd1][0x7f]:%[0xffffffaa]z+Qg[0xffffffa1]R[0xffffffa2][0xffffffe2]o%[0xffffffaa][0xffffffc1][[0xffffff89][0x1a][0xffffffd3]9[0x11][0xfffffff0][0xffffff8a][0xffffffbd][0xffffff95][0xffffffa8]No%"[0xffffff8a]LJ( [0xffffff99][0xffffff94][0xffffff88]X[0xffffffe6][0xffffffa7][0xffffffc4][0xe]gvJ[0xffffffec][0xffffff88]:[0xffffffa5][0xffffff84][0xffffff90]'[0xffffff9b][0x12][0xffffffd2][0xffffffa5]lJ[0x8][0xffffffb5]r)[0x11]LK[0xffffffa5]D[0x10][0xffffffef][0xffffff85][0xffffff94][0xffffffe8]"%[0xffffffca][0xffffffad][0xc]*%:[0xffffff9e][0x12][0xffffffdd] %z[0xffffffe4]=[0x11][0xfffffff0][0xffffff8e][0xffffffa5]DwJ[0xffffff89][0xffffff88]"[0xffffff93][0x12][\n]"
08:17:55.105 [TestNG-PoolService-2] DEBUG org.apache.hc.client5.http.wire -- http-outgoing-5 << "H&%"[0xffffff96][0xfffffff9])[0xffffffb1][0xffffffc3][0xffffff99][0xffffff9d][0x12];[0xffffffa2]N)![0xffffffe4][0xffffffc9][0xffffffa6][0xffffff84]t)[0xffffff9b][0x12]B[0xffffffad]\J[0x4][0xffffffd3]R)[0x11][0xffffffc4]{!%[0xffffff96]H[0xffffff89]Z[0xfffffffa][0xffffffa2]Rb[0xffffffe1])[0xffffffb1][0xc]RbE[0xffffffde][0x13][0x1]_XJ,[0xffffffa7][0xffffff94][0xffffff88](2)[0xffffffa1][0xffffff80]dR"b[0xffffff99][0xffffff9f][0x12];[0xffffff9c][0xffffffd9])[0xffffffb1]#[0xffffffea][0xffffff94][0x12]B[0xffffff9e]lJH[0xffffff97][0xffffffb2])![0xffffffd4][0xffffffca][0xffffffa5]D0-[0xffffff95][0x12]A[0xffffffbc][0xffffff97]R[0xffffffa2][0xffffff98][0xffffffa5]D[0xffffffc1]S[0xffffffa2][0x18][0xffffffa4]DAS[0xffffffa2]`)Q[0xffffff9c]RbG[0xffffff91]J[0xffffff89][0x8]$[0xffffff95][0x12];[0xffffff96]DJ[0x14]8%[0xffffff8a]qJ[0x4]y[0xffffffd2])!\J[0xffffffa7]DP+[0xffffff99][0x12][0xffffffc5]%%[0xffffffca][0xffffffcf][0xffffffa6][0xffffffc4]ySo%[0x6]v[0xffffffed][0xfffffff2][0xffffffed]<lJ<N[0x0][0xffffffa7][0xffffffc4][0xfffffff7]3 )[0xfffffff1]x:[0xffffff92][0x12][0xffffffdf][0xffffff9e]l[0xffffff91][0x12][0x2]E$%$[0xffffff90]HJ[0x8],[0xffffffd3]S"[0xffffffc0][0xffffff99][0xffffff9c][0x12][0x1]Q[0xffffffa3][0xffffff94]P[0xfffffff2]DSB[0xffffffbb][0x14]M[0x9][0xffffffa5]V,%[0xffffffa2]i[0xffffffa1][0xffffff94][0xffffff88][0xffffffe2][0xffffffbd][0xffffff90][0x12][0xffffff87]J[0xffffff89]y6*%[0xe]<%[0xe][0xffffff83][0xffffff94]8"[0xffffffef][0xffffff89][0xffffff80][0x1f]XJ[0x1c]N)[0x11]QdRB[0x1][0xffffffc9][0xffffffa4]D[0xffffffc4]2?%v8[0xffffffb3]SbG[0xffffffd4])%[0xffffff84]<[0xffffffd9][0xffffff94][0xffffff90].eSB[0xffffffa8][0xffffff95]K[0xffffff89]`Z*%[0xffffff82]x/[0xffffffa4][0xffffff84]ZQ[0xffffffd5][0xffffffea][0xffffff8d][0xfffffffa][0xffffff81][0xffffffe3][0xffffffc4]WT[0xffffff9d][0x6]+[0xffffffaa]N[0xffffffb1]G%[0x11]plE[0xffffffd5][0x19]6[0xffffffa5][0xffffff90])a[0xffffffb2][0xffffffa2]J[0x2][0xffffffc9][0xffffffa4][0xffffff84][0xffffffc1][0xffffff8a][0xffffffaa][0x0]gvJ[0x18][0xffffffaf][0xffffffa8]R[0xfffffff2]dS[0xffffffc2]oE[0xffffff95]R+[0xffffff97][0x12].+[0xffffffaa][0xffffffa2]x/[0xffffffa5]D[0xffffffbc]+[0xffffffc1][0xffffffa6][0x4]|W[0xffffffe2]q[0x2]>%[0xffffffc0][0xffffffbb][0x12][0xffffff8f][0xffffffa7]S)[0xffffffe1]sWB[0xffffffa0]H[0xffffffa5][0xffffff84][0xffffffc9]][0x9][0xffffff81]%[0xffffff91][0x12][0xffffffe8]][0xffffff89][0xffffff80][0xffffffa8]WJx[0xffffffdd][0xffffff95][0xffffffd0].[0xffffffa5]S[0xffffffc2][0xffffffe7][0xffffffae]D4-[0xffffff97][0x12]?[0x7f]W[0xffffffa2][0xffffffaa][0xffffffb7][0x12][0xffffffed][0xffffffec]TJT[0xfffffffc][0xffffffad]D5x+Qc:'[0x2]^[0xffffffb1][0xffffffb7][0x12][0xffffffd5][0xffffffe9][0xffffffad]DD[0xffffff91]I[0x9][0x5]$[0xffffff93][0x12][0x11][0xffffffcb][0xfffffffc][0xffffff94][0xffffffd8][0xffffffe1][0xffffffcc]N[0xffffff89][0x1d]Q[0xffffffa7][0xffffff94][0x10][0xfffffff2]dSB[0xffffffba][0xffffff94]M[0x9][0xffffffa1]V.%[0xffffff82]i[0xffffffa9][0xffffff94][0x8][0xffffffe2][0xffffffbd][0xffffff90][0x12]M[0xffffffa5][0xffffffc4][0xffffff9c][0xffffff8d]J[0xffffff89][0xffffff86][0xffffffa7]D3H[0xffffff89][0x16]yO[0x4][0xffffffbc]a)[0xffffffd1][0xffffff9c]R"[0xffffffa2][0xffffffc8][0xffffffa4][0xffffff84][0x2][0xffffff92]I[0xffffff89][0xffffff88]e~J[0xffffffec]pf[0xffffffa7][0xffffffc4][0xffffff8e][0xffffffa8]SJ[0x8]y[0xffffffb2])!][0xffffffca][0xffffffa6][0xffffff84]P+[0xffffff97][0x12][0xffffffc1][0xffffffb4]TJ[0x4][0xfffffff1]^H[0x9][0xffffffb5][0xffffffed][0xffffffb2][0xffffffdf]J[0xfffffffe]wC?[0xffffffcf][0x3][0xffffffa7][0xffffff84][0xffffffc1][0xffffffb6][0xffffffcb]S[0xffffffac]dK[0x4][0x1c][0xffffffdb]vy[0xffffff86][0xffffffa5]kdJ[0xffffff98]l[0xffffffbb][0xffffff94]@2)a[0xffffffb0][0xffffffed]2[0xffffffc0][0xffffff99][0xffffff9d][0x12][0xffffffc6][0xffffffdb].[0xffffff95]<[0xffffffd9][0xffffff94][0xfffffff0][0xffffffdb]v[0xffffffa9][0xffffffd4][0xffffffca][0xffffffa5][0xffffff84][0xffffffcb][0xffffffb6][0xffffffcb]([0xffffffde][0xb])1TJ[0xffffffb4][0xffffff83]Z[0xffffff9c][0xfffffffd]v[0x1e]8%[0xffffff86]AJ[0xffffff8c][0xffffffc8]{"[0xffffffe0][0x3]K[0xffffff89][0xffffffe1][0xffffff94][0x12][0x11]E&%[0x14][0xffffff90]LJD,[0xfffffff3]Sb[0xffffff87]3;%vD[0xffffff9d]RB[0xffffffc8][0xffffff93]M[0x9][0xffffffe9]R6%[0xffffff84]Z[0xffffffb9][0xffffff94][0x8][0xffffffa6][0xffffffa5]R"[0xffffff88][0xfffffff7]BJ[0xffffff9c]*%:[0xffffffb6][0xffffffa2][0xffffffea][0xffffffed]<pJ[0xffffff9c][0x6])qF[0xffffffde][0x13][0x1]?[0xffffffb1][0xffffff94]8[0xffffff9d]R"[0xffffffa2][0xffffffc8][0xffffffa4][0xffffff84][0x2][0xffffff92]I[0xffffff89][0xffffff88]e~J[0xffffffec]pf[0xffffffa7][0xffffffc4][0xffffff8e][0xffffffa8]SJ[0x8]y[0xffffffb2])!][0xffffffca][0xffffffa6][0xffffff84]P+[0xffffff97][0x12][0xffffffc1][0xffffffb4]TJ[0x4][0xfffffff1]^H[0x9][0xfffffff5][\r][0xffffff8e]>'[0xfffffff5][\r][0xffffff8e][0x13][0xffffffff][0x6][0xffffffc7]i[0xfffffff0][\r][0xffffff8e]S,[0xffffff8a]O[0x4][0x1c][0xfffffffb][0x6][0xffffffc7][0x19]V[0xffffffc1][0xffffff93])a[0xfffffff2][\r][0xe][0x9]$[0xffffff93][0x12][0x6][0xffffffdf][0xffffffe0][0x8]pf[0xffffffa7][0xffffff84][0xfffffff1]78[0xffffff94]<[0xffffffd9][0xffffff94][0xfffffff0][0xfffffffb][0x6][0xffffff87]R+[0xffffff97][0x12].[0xffffffdf][0xffffffe0][0xffffff88][0xffffffe2][0xffffffbd][0xffffff90][0x12][0xffffffea][0x1b][0x1c]}Ul[0xffffffdb]%[0xfffffffe][\r][0xffffff8e][0xffffffd3][0xffffffe0][0x1b][0x1c][0xffffffa7]X[0x14][0xffffff9f][0x8]8[0xfffffff6][\r][0xffffff8e]3[0xffffffac][0xffffff82]'S[0xffffffc2][0xffffffe4][0x1b][0x1c][0x12]H&%[0xc][0xffffffbe][0xffffffc1][0x11][0xffffffe0][0xffffffcc]N[0x9][0xffffffe3]op(y[0xffffffb2])[0xffffffe1][0xfffffff7][\r][0xe][0xffffffa5]V.%\[0xffffffbe][0xffffffc1][0x11][0xffffffc5][0xfffffffb]zJL[0xffffffb5]8[0xffffffbb][0xffffffaf]A[0xffffffdd][0xffffff95][0xffffff98][0xfffffff8][0xffffffe2][0xffffffec]i[0xffffffb0]8{[0xffffff8a][0xffffffed][0xffffffae]y[0xffffff80]Olq[0xfffffff6][0xc][0xfffffffb][[0xffffffc1][0xffffff94][0x10](")![0xffffff81]DRB`[0xffffff99][0xffffff9e][0x12][0x1][0xffffffce][0xffffffe4][0xffffff94][0x8][0xffffff88][0x1a][0xffffffa5][0xffffff84][0xffffff92]'[0xffffff9a][0x12][0xffffffda][0xffffffa5]hJ([0xffffffb5]b)[0x11]M[0xb][0xffffffa5]D[0x14][0xffffffef][0xffffff85][0xffffff94]P[0xffffff8b][0xffffffb3][0xfffffffb]Z[0xffffffd4]^[0xffffff89][0xffffff89]/[0xffffffce][0xffffff9e][0x6][0xffffff8b][0xffffffb3][0xffffffa7][0xffffffd8][0xffffffee][0xffffff9a][0x8]8[0xffffffb6]8{[0xffffff86][0xfffffffd][0xffffffad]dJ[0xffffff98],[0xffffffce][0xffffff96]@2)a[0xffffffb0]8;[0xffffffc0][0xffffff99][0xffffff9d][0x12][0xffffffc6][0xffffff8b][0xffffffb3][0xffffff95]<[0xffffffd9][0xffffff94][0xfffffff0][[0xffffff9c][0xffffffad][0xffffffd4][0xffffffca][0xffffffa5][0xffffff84][0xffffffcb][0xffffffe2][0xffffffec]([0xffffffde][0xb])QEJ[0xffffff8c]cU*%*[0xffffff9e][0x12][0xffffffd5] %j[0xffffffe4]=[0x11][0xfffffff0][0xffffff8a][0xffffffa5]DuJ[0xffffff89][0xffffff88]"[0xffffff93][0x12][\n]"
08:17:55.105 [TestNG-PoolService-3] DEBUG org.apache.hc.client5.http.wire -- http-outgoing-4 << "H&%"[0xffffff96][0xfffffff9])[0xffffffb1][0xffffffc3][0xffffff99][0xffffff9d][0x12];[0xffffffa2]N)![0xffffffe4][0xffffffc9][0xffffffa6][0xffffff84]t)[0xffffff9b][0x12]B[0xffffffad]\J[0x4][0xffffffd3]R)[0x11][0xffffffc4][0xfffffffb]zJ[0xffffffd4][0xffffff9b]J[0xffffff89]5&[0xffffff94][0x12]o[0xffffffe7]aS[0xffffffe2]q[0x2]8%[0xffffffbe][0xffffff9f][0x1]I[0xffffff89][0xffffffc7][0xffffffd3][0xffffff91][0xffffff94][0xfffffff8][0xfffffff6]d[0xffffff8b][0xffffff94][0x10](")![0xffffff81]DRB`[0xffffff99][0xffffff9e][0x12][0x1][0xffffffce][0xffffffe4][0xffffff94][0x8][0xffffff88][0x1a][0xffffffa5][0xffffff84][0xffffff92]'[0xffffff9a][0x12][0xffffffda][0xffffffa5]hJ([0xffffffb5]b)[0x11]M[0xb][0xffffffa5]D[0x14][0xffffffef][0xffffff85][0xffffff94]8DJ[0xffffff9c][0xffffffc7][0xffffffa4][0xffffffde]J[0xffffffbc][0xffffff9d][0x7]N[0xffffff89][0xffffffc3] %[0xffffff8e][0xffffffc8]{"[0xffffffe0][0x7][0xffffff96][0x12][0xffffff87]SJD[0x14][0xffffff99][0xffffff94]P@2)[0x11][0xffffffb1][0xffffffcc]O[0xffffff89][0x1d][0xffffffce][0xffffffec][0xffffff94][0xffffffd8][0x11]uJ[0x9]!O6%[0xffffffa4]K[0xffffffd9][0xffffff94][0x10]j[0xffffffe5]R"[0xffffff98][0xffffff96]J[0xffffff89] [0xffffffde][0xb])QTJ[0xffffffd4][0xffffffd9][0xffffffa9][0xffffff94](xJ[0x14][0xffffff83][0xffffff94]([0xffffff91][0xfffffff7]D[0xffffffc0][0xb][0xffffff96][0x12][0xffffffc5])%"[0xffffff8a]LJ( [0xffffff99][0xffffff94][0xffffff88]X[0xffffffe6][0xffffffa7][0xffffffc4][0xe]gvJ[0xffffffec][0xffffff88]:[0xffffffa5][0xffffff84][0xffffff90]'[0xffffff9b][0x12][0xffffffd2][0xffffffa5]lJ[0x8][0xffffffb5]r)[0x11]LK[0xffffffa5]D[0x10][0xffffffef][0xffffff85][0xffffff94][0xffffffa8]*%[0x1a][0xffffff97][0x12][0x15]O[0xffffff89]j[0xffffff90][0x12]5[0xfffffff2][0xffffff9e][0x8]x[0xffffffc5]R[0xffffffa2]:[0xffffffa5]DD[0xffffff91]I[0x9][0x5]$[0xffffff93][0x12][0x11][0xffffffcb][0xfffffffc][0xffffff94][0xffffffd8][0xffffffe1][0xffffffcc]N[0xffffff89][0x1d]Q[0xffffffa7][0xffffff94][0x10][0xfffffff2]dSB[0xffffffba][0xffffff94]M[0x9][0xffffffa1]V.%[0xffffff82]i[0xffffffa9][0xffffff94][0x8][0xffffffe2][0xffffffbd][0xffffff90][0x12]M[0xffffffa5]D/7*%[0x1a][0xffffff9e][0x12][0xffffffcd] %Z[0xffffffe4]=[0x11][0xfffffff0][0xffffff86][0xffffffa5]DsJ[0xffffff89][0xffffff88]"[0xffffff93][0x12][\n]"
08:17:55.105 [TestNG-PoolService-1] DEBUG org.apache.hc.client5.http.wire -- http-outgoing-3 << "H&%"[0xffffff96][0xfffffff9])[0xffffffb1][0xffffffc3][0xffffff99][0xffffff9d][0x12];[0xffffffa2]N)![0xffffffe4][0xffffffc9][0xffffffa6][0xffffff84]t)[0xffffff9b][0x12]B[0xffffffad]\J[0x4][0xffffffd3]R)[0x11][0xffffffc4]{!%[0xffffffa6]J[0xffffff89]5[0xe]*%&[0xffffff9e][0x12][0xffffffd3] %f[0xffffffe4]=[0x11][0xfffffff0][0xffffff89][0xffffffa5][0xffffffc4]tJ[0xffffff89][0xffffff88]"[0xffffff93][0x12][\n]"
08:17:55.105 [TestNG-PoolService-2] DEBUG org.apache.hc.client5.http.wire -- http-outgoing-5 << "H&%"[0xffffff96][0xfffffff9])[0xffffffb1][0xffffffc3][0xffffff99][0xffffff9d][0x12];[0xffffffa2]N)![0xffffffe4][0xffffffc9][0xffffffa6][0xffffff84]t)[0xffffff9b][0x12]B[0xffffffad]\J[0x4][0xffffffd3]R)[0x11][0xffffffc4]{!%[0xffffffd4][0xffffff8a][0xffffffaa][0xffffffd1][0xffffffc7][0xffffffa4]R[0x2]_Q5[\r]VTM[0xffffffb1]G%[0x11]plE[0xffffffd5][0xc][0xffffff9b]R[0xffffffc8][0xffffff94]0YQ%[0xffffff81]dR[0xffffffc2]`EU[0xffffff80]3;%[0xffffff8c]WT)y[0xffffffb2])[0xffffffe1][0xffffffb7][0xffffffa2]J[0xffffffa9][0xffffff95]K[0x9][0xffffff97][0x15]UQ[0xffffffbc][0x17]RB[0xffffffad][0xffffffa8][0x1a]g[0xffffffc1]R[0x2]_Q5[\r]VTM[0xffffffb1]G%[0x11]plE[0xffffffd5][0xc][0xffffff9b]R[0xffffffc8][0xffffff94]0YQ%[0xffffff81]dR[0xffffffc2]`EU[0xffffff80]3;%[0xffffff8c]WT)y[0xffffffb2])[0xffffffe1][0xffffffb7][0xffffffa2]J[0xffffffa9][0xffffff95]K[0x9][0xffffff97][0x15]UQ[0xffffffbc][0x17]RB[0xffffffad][0xffffffa8]:[0xffffff8f][0xffffff86][0xfffffffd][0xffffffc0][0xffffff81][0xffffffaf][0xffffffa8][0xffffff9a][0x6]+[0xffffffaa][0xffffffa6][0xffffffd8][0xffffffa3][0xffffff92][0x8]8[0xffffffb6][0xffffffa2]j[0xffffff86]M)dJ[0xffffff98][0xffffffac][0xffffffa8][0xffffff92]@2)a[0xffffffb0][0xffffffa2]*[0xffffffc0][0xffffff99][0xffffff9d][0x12][0xffffffc6]+[0xffffffaa][0xffffff94]<[0xffffffd9][0xffffff94][0xfffffff0][Q[0xffffffa5][0xffffffd4][0xffffffca][0xffffffa5][0xffffff84][0xffffffcb][0xffffff8a][0xffffffaa]([0xffffffde][0xb])[0xffffffa1]VT[0xffffff9d][0xfffffff5][0xffffffc0]R[0x2]_Q5[\r]VTM[0xffffffb1]G%[0x11]plE[0xffffffd5][0xc][0xffffff9b]R[0xffffffc8][0xffffff94]0YQ%[0xffffff81]dR[0xffffffc2]`EU[0xffffff80]3;%[0xffffff8c]WT)y[0xffffffb2])[0xffffffe1][0xffffffb7][0xffffffa2]J[0xffffffa9][0xffffff95]K[0x9][0xffffff97][0x15]UQ[0xffffffbc][0x17]RB[0xffffffad][0xffffffa8]:Olq[0xfffffff6][0xffffffc4]WTM[0xffffff83][0x15]US[0xffffffec]QI[0x4][0x1c][Q5[0xffffffc3][0xffffffa6][0x14]2%LVTI [0xffffff99][0xffffff94]0XQ[0x15][0xffffffe0][0xffffffcc]N[0x9][0xffffffe3][0x15]UJ[0xffffff9e]lJ[0xfffffff8][0xffffffad][0xffffffa8]Rj[0xffffffe5]R[0xffffffc2]eEU[0x14][0xffffffef][0xffffff85][0xffffff94]P+[0xffffffaa][0xffffffce]u[0xffffffc3]R[0x2]_Q5[\r]VTM[0xffffffb1]G%[0x11]plE[0xffffffd5][0xc][0xffffff9b]R[0xffffffc8][0xffffff94]0YQ%[0xffffff81]dR[0xffffffc2]`EU[0xffffff80]3;%[0xffffff8c]WT)y[0xffffffb2])[0xffffffe1][0xffffffb7][0xffffffa2]J[0xffffffa9][0xffffff95]K[0x9][0xffffff97][0x15]UQ[0xffffffbc][0xffffffaf][0xffffffa7][0xffffffc4]R+[0xffffffaa]f=[0x1a][0xffffff94][0x12][0xb]_Q[0xffffffb5][0xc]VT-[0xffffffb1]G%[0xf][0xfffffff0][0xffffff85][0xffffffad][0xffffffa8]ZaS[\n]"
08:17:55.105 [TestNG-PoolService-3] DEBUG org.apache.hc.client5.http.wire -- http-outgoing-4 << "H&%"[0xffffff96][0xfffffff9])[0xffffffb1][0xffffffc3][0xffffff99][0xffffff9d][0x12];[0xffffffa2]N)![0xffffffe4][0xffffffc9][0xffffffa6][0xffffff84]t)[0xffffff9b][0x12]B[0xffffffad]\J[0x4][0xffffffd3]R)[0x11][0xffffffc4]{!%[0xffffffd4][0xffffff8a][0xffffffaa][0xffffffb3][0xffffff8f]B[0xffffffa5][0x4][0xffffffbe][0xffffffa2][0xffffffaa][0x1a][0xffffffac][0xffffffa8][0xffffffaa]b[0xffffff8f]J"[0xffffffe0][0xffffffd8][0xffffff8a][0xffffffaa][0x1a]6[0xffffffa5][0xffffff90])a[0xffffffb2][0xffffffa2]J[0x2][0xffffffc9][0xffffffa4][0xffffff84][0xffffffc1][0xffffff8a][0xffffffaa][0x0]gvJ[0x18][0xffffffaf][0xffffffa8]R[0xfffffff2]dS[0xffffffc2]oE[0xffffff95]R+[0xffffff97][0x12].+[0xffffffaa][0xffffffa2]x/[0xffffffa4][0xffffff84]ZQu[0xfffffff6][0xffffff85]][0xffffffbb][0xffffffc4]WTU[0xffffff83][0x15]UU[0xffffffec]QI[0x4][0x1c][QU[0xffffffc3][0xffffffa6][0x14]2%LVTI [0xffffff99][0xffffff94]0XQ[0x15][0xffffffe0][0xffffffcc]N[0x9][0xffffffe3][0x15]UJ[0xffffff9e]lJ[0xfffffff8][0xffffffad][0xffffffa8]Rj[0xffffffe5]R[0xffffffc2]eEU[0x14][0xffffffef][0xffffff85][0xffffff94]8UJ[0xffffff8c][0xffffff86][0xffffffbd][0xffffff95]8[0xfffffff1][0xffffff94]8[\r]R[0xffffffe2][0xffffff8c][0xffffffbc]'[0x2]~b)q:[0xffffffa5]DD[0xffffff91]I[0x9][0x5]$[0xffffff93][0x12][0x11][0xffffffcb][0xfffffffc][0xffffff94][0xffffffd8][0xffffffe1][0xffffffcc]N[0xffffff89][0x1d]Q[0xffffffa7][0xffffff94][0x10][0xfffffff2]dSB[0xffffffba][0xffffff94]M[0x9][0xffffffa1]V.%[0xffffff82]i[0xffffffa9][0xffffff94][0x8][0xffffffe2][0xffffffbd][0xffffff90][0x12]j[0xffffffdb][0xffffffe5]y.l[0xffffffaf][0x4][0xffffffbe][0xffffffed][0xffffffb2][0x1a]l[0xffffffbb][0xffffffac]b%["[0xffffffe0][0xffffffd8][0xffffffb6][0xffffffcb][0x1a][0xffffff96][0xffffffae][0xffffff91])a[0xffffffb2][0xffffffed]R[0x2][0xffffffc9][0xffffffa4][0xffffff84][0xffffffc1][0xffffffb6][0xffffffcb][0x0]gvJ[0x18]o[0xffffffbb]T[0xfffffff2]dS[0xffffffc2]o[0xffffffdb][0xffffffa5]R+[0xffffff97][0x12].[0xffffffdb].[0xffffffa3]x/[0xffffffa4][0xffffff84][0xffffffda]v9[0xffffff8f][0xffffff8a][0xffffffbd][0xffffff95][0xffffffc0][0xffffffb7]]V[0xffffff83]m[0xffffff97]U[0xffffffac]dK[0x4][0x1c][0xffffffdb]vY[0xffffffc3][0xffffffd2]52%L[0xffffffb6]]J [0xffffff99][0xffffff94]0[0xffffffd8]v[0x19][0xffffffe0][0xffffffcc]N[0x9][0xffffffe3]m[0xffffff97]J[0xffffff9e]lJ[0xfffffff8]m[0xffffffbb]Tj[0xffffffe5]R[0xffffffc2]e[0xffffffdb]e[0x14][0xffffffef][0xffffffeb])[0xffffffd1][0xffffffd4][0xffffff8a][0xffffffaa]9nTJ4|EU3XQ[0xffffffd5][0xffffffc4][0x1e][0xffffff95]<[0xffffffc0][0x1b][0xffffffb6][0xffffffa2][0xffffffaa][0xffffff85]M)`J[0x8][0x14][0xffffff91][0xffffff94][0xffffff90]@")![0xffffffb0]LO[0xffffff89][0x0]grJ[0x4]D[0xffffff8d]RB[0xffffffc9][0x13]M[0x9][0xffffffed]R4%[0xffffff94]Z[0xffffffb1][0xffffff94][0xffffff88][0xffffffa6][0xffffff85]R"[0xffffff8a][0xfffffff7]BJ[0xffffff94]_JL[0xffffff89][0xffffffd5][0xf]*%[0xffffffee][0xffffffe7][0xffffff81]S[0xffffffe2][0xffffffed][0x4]tJ|;[0x3][0xffffff93][0x12]oOgR[0xffffffe2][0xffffffe3][0xffffffc9][0x1e])[0x11]QdRB[0x1][0xffffffc9][0xffffffa4]D[0xffffffc4]2?%v8[0xffffffb3]SbG[0xffffffd4])%[0xffffff84]<[0xffffffd9][0xffffff94][0xffffff90].eSB[0xffffffa8][0xffffff95]K[0xffffff89]`Z*%[0xffffff82]x/[0xffffffa5]D5K[0xffffff89][0xffffff8a][0xffffffa7]D5H[0xffffff89][0xffffff8a][0xffffffa6]D[0xffffffc5]R[0xffffffa2]:[0xffffffa5][0xffffffc4][0xffffff8e]"[0xffffff95][0x12][0x11]H*%v,[0xffffff89][0xffffff94][0xffffffa8]pJT[0xffffffe3][0xffffff94][0x8][0xfffffff2][0xffffffa4]SB[0xffffffb8][0xffffff94]N[0xffffff89][0xffffffa0]V2%[0xffffffaa]KJ[0xffffffd4][0xffffff9f]N[0x9][0xffffffb5][0xffffffed]r[0xffffffd5]Am[0xffffffbb]l[0xfffffff8][0xffffffb6][0xffffffcb]f[0xffffffb0][0xffffffed][0xffffffb2][0xffffff89][0xffffff95]l[0xffffff89][0xffffff80]c[0xffffffdb].[X[0xffffffba]F[0xffffffa6][0xffffff84][0xffffffc9][0xffffffb6]K[0x9]$[0xffffff93][0x12][0x6][0xffffffdb].[0x3][0xffffff9c][0xffffffd9])a[0xffffffbc][0xffffffed]R[0xffffffc9][0xffffff93]M[0x9][0xffffffbf]m[0xffffff97]J[0xffffffad]\J[0xffffffb8]l[0xffffffbb][0xffffff8c][0xffffffe2][0xffffffbd][0xffffff90][0x12]M[0xffffffa5]D;O*%[0x1a][0xffffff9e][0x12][0xffffffcd] %Z[0xffffffe4]=[0x11][0xfffffff0][0xffffff86][0xffffffa5]DsJ[0xffffff89][0xffffff88]"[0xffffff93][0x12][\n]"
08:17:55.106 [TestNG-PoolService-3] DEBUG org.apache.hc.client5.http.wire -- http-outgoing-4 << "H&%"[0xffffff96][0xfffffff9])[0xffffffb1][0xffffffc3][0xffffff99][0xffffff9d][0x12];[0xffffffa2]N)![0xffffffe4][0xffffffc9][0xffffffa6][0xffffff84]t)[0xffffff9b][0x12]B[0xffffffad]\J[0x4][0xffffffd3]R)[0x11][0xffffffc4]{!%[0xffffffd4][0xffffffb6][0xffffffcb][0xffffffb5][0xffffffce]A[0xffffffa5][0x4][0xffffffbe][0xffffffed][0xffffffb2][0x19]l[0xffffffbb]lb%["[0xffffffe0][0xffffffd8][0xffffffb6][0xffffffcb][0x16][0xffffff96][0xffffffae][0xffffff91])a[0xffffffb2][0xffffffed]R[0x2][0xffffffc9][0xffffffa4][0xffffff84][0xffffffc1][0xffffffb6][0xffffffcb][0x0]gvJ[0x18]o[0xffffffbb]T[0xfffffff2]dS[0xffffffc2]o[0xffffffdb][0xffffffa5]R+[0xffffff97][0x12].[0xffffffdb].[0xffffffa3]x/[0xffffffa4][0xffffff84][0xffffffd8]vy[0xffffffde][0xffffffb8]a[0xffffffd0][0xffffff86]o[0xffffffbb]l[0x6][0xffffffdb].[0xffffff9b]X[0xffffffc9][0xffffff96][0x8]8[0xffffffb6][0xffffffed][0xffffffb2][0xffffff85][0xffffffa5]kdJ[0xffffff98]l[0xffffffbb][0xffffff94]@2)a[0xffffffb0][0xffffffed]2[0xffffffc0][0xffffff99][0xffffff9d][0x12][0xffffffc6][0xffffffdb].[0xffffff95]<[0xffffffd9][0xffffff94][0xfffffff0][0xffffffdb]v[0xffffffa9][0xffffffd4][0xffffffca][0xffffffa5][0xffffff84][0xffffffcb][0xffffffb6][0xffffffcb]([0xffffffde][0xb])![0xffffffb6]][0xffffff9e][0xffffffb7]~P+[0xffffffaa][0x1a][0xffffffbe][0xffffffed][0xffffffb2][0x19]l[0xffffffbb]lb%["[0xffffffe0][0xffffffd8][0xffffffb6][0xffffffcb][0x16][0xffffff96][0xffffffae][0xffffff91])a[0xffffffb2][0xffffffed]R[0x2][0xffffffc9][0xffffffa4][0xffffff84][0xffffffc1][0xffffffb6][0xffffffcb][0x0]gvJ[0x18]o[0xffffffbb]T[0xfffffff2]dS[0xffffffc2]o[0xffffffdb][0xffffffa5]R+[0xffffff97][0x12].[0xffffffdb].[0xffffffa3]x/[0xffffffa4][0xffffff84][0xffffffd8]vy[0xffffffde][0x6][0xffffff97][0x12][0xfffffff8][0xffffffb6][0xffffffcb]f[0xffffffb0][0xffffffed][0xffffffb2][0xffffff89][0xffffff95]l[0xffffff89][0xffffff80]c[0xffffffdb].[X[0xffffffba]F[0xffffffa6][0xffffff84][0xffffffc9][0xffffffb6]K[0x9]$[0xffffff93][0x12][0x6][0xffffffdb].[0x3][0xffffff9c][0xffffffd9])a[0xffffffbc][0xffffffed]R[0xffffffc9][0xffffff93]M[0x9][0xffffffbf]m[0xffffff97]J[0xffffffad]\J[0xffffffb8]l[0xffffffbb][0xffffff8c][0xffffffe2][0xffffffbd][0xffffff90][0x12]b[0xffffffdb][0xffffffe5]=%[0x6][0xffffff96][0x12][0xfffffff8][0xffffffb6][0xffffffcb]f[0xffffffb0][0xffffffed][0xffffffb2][0xffffff89][0xffffff95]l[0xffffff89][0xffffff80]c[0xffffffdb].[X[0xffffffba]F[0xffffffa6][0xffffff84][0xffffffc9][0xffffffb6]K[0x9]$[0xffffff93][0x12][0x6][0xffffffdb].[0x3][0xffffff9c][0xffffffd9])a[0xffffffbc][0xffffffed]R[0xffffffc9][0xffffff93]M[0x9][0xffffffbf]m[0xffffff97]J[0xffffffad]\J[0xffffffb8]l[0xffffffbb][0xffffff8c][0xffffffe2]}=%[0xfffffffa]M[0xffffffa5][0xffffffc4]=&[0xffffffa0][0xffffff94]x;[0xf][0xffffff9b][0x12][0xffffff8f][0x13][0xffffffc0])[0xfffffff1][0xfffffffd][0xc]HJ<[0xffffff9e][0xffffff8e][0xffffffa4][0xffffffc4][0xffffffb7]'[[0xffffffa4][0xffffff84]@[0x11]I[0x9][0x9]$[0xffffff92][0x12][0x2][0xffffffcb][0xfffffff4][0xffffff94][0x8]p&[0xffffffa7]D@[0xffffffd4](%[0xffffff94]<[0xffffffd1][0xffffff94][0xffffffd0].ESB[0xffffffa9][0x15]K[0xffffff89]hZ(%[0xffffffa2]x/[0xffffffa4][0xffffff84]X[0xffffff9c]}O[0xffffff89][0xffffffc7]1[0xffffff91][0xffffff94][0xffffffc0][0x17]gw[0xffffff83][0xffffffc5][0xffffffd9]]lwM[0x4][0x1c][[0xffffff9c][0xffffffdd][0xffffffc3][0xfffffffe]V2%L[0x16]gK [0xffffff99][0xffffff94]0X[0xffffff9c][0x1d][0xffffffe0][0xffffffcc]N[0x9][0xffffffe3][0xffffffc5][0xffffffd9]J[0xffffff9e]lJ[0xfffffff8]-[0xffffffce]Vj[0xffffffe5]R[0xffffffc2]eqv[0x14][0xffffffef][0xffffff85][0xffffff94]([0xffffffbf][0x1c]1%V[0xffffffbf]Q)q?[0xf][0xffffff9c][0x12]o'[0xffffffa0]S[0xffffffe2][0xffffffdb][0x19][0xffffff98][0xffffff94]x{:[0xffffff93][0x12][0x1f]O[0xfffffff6]H[0xffffff89][0xffffff88]"[0xffffff93][0x12][\n]"
08:17:55.106 [TestNG-PoolService-1] DEBUG org.apache.hc.client5.http.wire -- http-outgoing-3 << "H&%"[0xffffff96][0xfffffff9])[0xffffffb1][0xffffffc3][0xffffff99][0xffffff9d][0x12];[0xffffffa2]N)![0xffffffe4][0xffffffc9][0xffffffa6][0xffffff84]t)[0xffffff9b][0x12]B[0xffffffad]\J[0x4][0xffffffd3]R)[0x11][0xffffffc4]{!%[0xffffff96]H[0xffffff89]Z[0xfffffffa][0xffffffa2]Rb[0xffffffe1])[0xffffffb1][0xc]RbE[0xffffffde][0x13][0x1]_XJ,[0xffffffa7][0xffffff94][0xffffff88](2)[0xffffffa1][0xffffff80]dR"b[0xffffff99][0xffffff9f][0x12];[0xffffff9c][0xffffffd9])[0xffffffb1]#[0xffffffea][0xffffff94][0x12]B[0xffffff9e]lJH[0xffffff97][0xffffffb2])![0xffffffd4][0xffffffca][0xffffffa5]D0-[0xffffff95][0x12]A[0xffffffbc][0xffffff97]R[0xffffffa2][0xffffff98][0xffffffa5]D[0xffffffc1]S[0xffffffa2][0x18][0xffffffa4]DAS[0xffffffa2]`)Q[0xffffff9c]RbG[0xffffff91]J[0xffffff89][0x8]$[0xffffff95][0x12];[0xffffff96]DJ[0x14]8%[0xffffff8a]qJ[0x4]y[0xffffffd2])!\J[0xffffffa7]DP+[0xffffff99][0x12][0xffffffc5]%%[0xffffffca][0xffffffcf][0xffffffa6][0xffffffc4]ySo%[0x6]v[0xffffffed][0xfffffff2][0xffffffed]<lJ<N[0x0][0xffffffa7][0xffffffc4][0xfffffff7]3 )[0xfffffff1]x:[0xffffff92][0x12][0xffffffdf][0xffffff9e]l[0xffffff91][0x12][0x2]E$%$[0xffffff90]HJ[0x8],[0xffffffd3]S"[0xffffffc0][0xffffff99][0xffffff9c][0x12][0x1]Q[0xffffffa3][0xffffff94]P[0xfffffff2]DSB[0xffffffbb][0x14]M[0x9][0xffffffa5]V,%[0xffffffa2]i[0xffffffa1][0xffffff94][0xffffff88][0xffffffe2][0xffffffbd][0xffffff90][0x12][0xffffff87]J[0xffffff89]y6*%[0xe]<%[0xe][0xffffff83][0xffffff94]8"[0xffffffef][0xffffff89][0xffffff80][0x1f]XJ[0x1c]N)[0x11]QdRB[0x1][0xffffffc9][0xffffffa4]D[0xffffffc4]2?%v8[0xffffffb3]SbG[0xffffffd4])%[0xffffff84]<[0xffffffd9][0xffffff94][0xffffff90].eSB[0xffffffa8][0xffffff95]K[0xffffff89]`Z*%[0xffffff82]x/[0xffffffa4][0xffffff84]ZQ[0xffffffd5][0xffffffea][0xffffff8d][0xfffffffa][0xffffff81][0xffffffe3][0xffffffc4]WT[0xffffff9d][0x6]+[0xffffffaa]N[0xffffffb1]G%[0x11]plE[0xffffffd5][0x19]6[0xffffffa5][0xffffff90])a[0xffffffb2][0xffffffa2]J[0x2][0xffffffc9][0xffffffa4][0xffffff84][0xffffffc1][0xffffff8a][0xffffffaa][0x0]gvJ[0x18][0xffffffaf][0xffffffa8]R[0xfffffff2]dS[0xffffffc2]oE[0xffffff95]R+[0xffffff97][0x12].+[0xffffffaa][0xffffffa2]x/[0xffffffa5]D[0xffffffbc]+[0xffffffc1][0xffffffa6][0x4]|W[0xffffffe2]q[0x2]>%[0xffffffc0][0xffffffbb][0x12][0xffffff8f][0xffffffa7]S)[0xffffffe1]sWB[0xffffffa0]H[0xffffffa5][0xffffff84][0xffffffc9]][0x9][0xffffff81]%[0xffffff91][0x12][0xffffffe8]][0xffffff89][0xffffff80][0xffffffa8]WJx[0xffffffdd][0xffffff95][0xffffffd0].[0xffffffa5]S[0xffffffc2][0xffffffe7][0xffffffae]D4-[0xffffff97][0x12]?[0x7f]W[0xffffffa2][0xffffffaa][0xffffffb7][0x12][0xffffffed][0xffffffec]TJT[0xfffffffc][0xffffffad]D5x+Qc:'[0x2]^[0xffffffb1][0xffffffb7][0x12][0xffffffd5][0xffffffe9][0xffffffad]DD[0xffffff91]I[0x9][0x5]$[0xffffff93][0x12][0x11][0xffffffcb][0xfffffffc][0xffffff94][0xffffffd8][0xffffffe1][0xffffffcc]N[0xffffff89][0x1d]Q[0xffffffa7][0xffffff94][0x10][0xfffffff2]dSB[0xffffffba][0xffffff94]M[0x9][0xffffffa1]V.%[0xffffff82]i[0xffffffa9][0xffffff94][0x8][0xffffffe2][0xffffffbd][0xffffff90][0x12]M[0xffffffa5][0xffffffc4][0xffffff9c][0xffffff8d]J[0xffffff89][0xffffff86][0xffffffa7]D3H[0xffffff89][0x16]yO[0x4][0xffffffbc]a)[0xffffffd1][0xffffff9c]R"[0xffffffa2][0xffffffc8][0xffffffa4][0xffffff84][0x2][0xffffff92]I[0xffffff89][0xffffff88]e~J[0xffffffec]pf[0xffffffa7][0xffffffc4][0xffffff8e][0xffffffa8]SJ[0x8]y[0xffffffb2])!][0xffffffca][0xffffffa6][0xffffff84]P+[0xffffff97][0x12][0xffffffc1][0xffffffb4]TJ[0x4][0xfffffff1]^H[0x9][0xffffffb5][0xffffffed][0xffffffb2][0xffffffdf]J[0xfffffffe]wC?[0xffffffcf][0x3][0xffffffa7][0xffffff84][0xffffffc1][0xffffffb6][0xffffffcb]S[0xffffffac]dK[0x4][0x1c][0xffffffdb]vy[0xffffff86][0xffffffa5]kdJ[0xffffff98]l[0xffffffbb][0xffffff94]@2)a[0xffffffb0][0xffffffed]2[0xffffffc0][0xffffff99][0xffffff9d][0x12][0xffffffc6][0xffffffdb].[0xffffff95]<[0xffffffd9][0xffffff94][0xfffffff0][0xffffffdb]v[0xffffffa9][0xffffffd4][0xffffffca][0xffffffa5][0xffffff84][0xffffffcb][0xffffffb6][0xffffffcb]([0xffffffde][0xb])1TJ[0xffffffb4][0xffffff83]Z[0xffffff9c][0xfffffffd]v[0x1e]8%[0xffffff86]AJ[0xffffff8c][0xffffffc8]{"[0xffffffe0][0x3]K[0xffffff89][0xffffffe1][0xffffff94][0x12][0x11]E&%[0x14][0xffffff90]LJD,[0xfffffff3]Sb[0xffffff87]3;%vD[0xffffff9d]RB[0xffffffc8][0xffffff93]M[0x9][0xffffffe9]R6%[0xffffff84]Z[0xffffffb9][0xffffff94][0x8][0xffffffa6][0xffffffa5]R"[0xffffff88][0xfffffff7]BJ[0xffffff9c]*%:[0xffffffb6][0xffffffa2][0xffffffea][0xffffffed]<pJ[0xffffff9c][0x6])qF[0xffffffde][0x13][0x1]?[0xffffffb1][0xffffff94]8[0xffffff9d]R"[0xffffffa2][0xffffffc8][0xffffffa4][0xffffff84][0x2][0xffffff92]I[0xffffff89][0xffffff88]e~J[0xffffffec]pf[0xffffffa7][0xffffffc4][0xffffff8e][0xffffffa8]SJ[0x8]y[0xffffffb2])!][0xffffffca][0xffffffa6][0xffffff84]P+[0xffffff97][0x12][0xffffffc1][0xffffffb4]TJ[0x4][0xfffffff1]^H[0x9][0xfffffff5][\r][0xffffff8e]>'[0xfffffff5][\r][0xffffff8e][0x13][0xffffffff][0x6][0xffffffc7]i[0xfffffff0][\r][0xffffff8e]S,[0xffffff8a]O[0x4][0x1c][0xfffffffb][0x6][0xffffffc7][0x19]V[0xffffffc1][0xffffff93])a[0xfffffff2][\r][0xe][0x9]$[0xffffff93][0x12][0x6][0xffffffdf][0xffffffe0][0x8]pf[0xffffffa7][0xffffff84][0xfffffff1]78[0xffffff94]<[0xffffffd9][0xffffff94][0xfffffff0][0xfffffffb][0x6][0xffffff87]R+[0xffffff97][0x12].[0xffffffdf][0xffffffe0][0xffffff88][0xffffffe2][0xffffffbd][0xffffff90][0x12][0xffffffea][0x1b][0x1c]}Ul[0xffffffdb]%[0xfffffffe][\r][0xffffff8e][0xffffffd3][0xffffffe0][0x1b][0x1c][0xffffffa7]X[0x14][0xffffff9f][0x8]8[0xfffffff6][\r][0xffffff8e]3[0xffffffac][0xffffff82]'S[0xffffffc2][0xffffffe4][0x1b][0x1c][0x12]H&%[0xc][0xffffffbe][0xffffffc1][0x11][0xffffffe0][0xffffffcc]N[0x9][0xffffffe3]op(y[0xffffffb2])[0xffffffe1][0xfffffff7][\r][0xe][0xffffffa5]V.%\[0xffffffbe][0xffffffc1][0x11][0xffffffc5][0xfffffffb]zJL[0xffffffb5]8[0xffffffbb][0xffffffaf]A[0xffffffdd][0xffffff95][0xffffff98][0xfffffff8][0xffffffe2][0xffffffec]i[0xffffffb0]8{[0xffffff8a][0xffffffed][0xffffffae]y[0xffffff80]Olq[0xfffffff6][0xc][0xfffffffb][[0xffffffc1][0xffffff94][0x10](")![0xffffff81]DRB`[0xffffff99][0xffffff9e][0x12][0x1][0xffffffce][0xffffffe4][0xffffff94][0x8][0xffffff88][0x1a][0xffffffa5][0xffffff84][0xffffff92]'[0xffffff9a][0x12][0xffffffda][0xffffffa5]hJ([0xffffffb5]b)[0x11]M[0xb][0xffffffa5]D[0x14][0xffffffef][0xffffff85][0xffffff94]P[0xffffff8b][0xffffffb3][0xfffffffb]Z[0xffffffd4]^[0xffffff89][0xffffff89]/[0xffffffce][0xffffff9e][0x6][0xffffff8b][0xffffffb3][0xffffffa7][0xffffffd8][0xffffffee][0xffffff9a][0x8]8[0xffffffb6]8{[0xffffff86][0xfffffffd][0xffffffad]dJ[0xffffff98],[0xffffffce][0xffffff96]@2)a[0xffffffb0]8;[0xffffffc0][0xffffff99][0xffffff9d][0x12][0xffffffc6][0xffffff8b][0xffffffb3][0xffffff95]<[0xffffffd9][0xffffff94][0xfffffff0][[0xffffff9c][0xffffffad][0xffffffd4][0xffffffca][0xffffffa5][0xffffff84][0xffffffcb][0xffffffe2][0xffffffec]([0xffffffde][0xb])QEJ[0xffffff8c]cU*%*[0xffffff9e][0x12][0xffffffd5] %j[0xffffffe4]=[0x11][0xfffffff0][0xffffff8a][0xffffffa5]DuJ[0xffffff89][0xffffff88]"[0xffffff93][0x12][\n]"
08:17:55.106 [TestNG-PoolService-2] DEBUG org.apache.hc.client5.http.wire -- http-outgoing-5 << "[0xffffff98][0x12][0x2]E$%$[0xffffff90]HJ[0x8],[0xffffffd3]S"[0xffffffc0][0xffffff99][0xffffff9c][0x12][0x1]Q[0xffffffa3][0xffffff94]P[0xfffffff2]DSB[0xffffffbb][0x14]M[0x9][0xffffffa5]V,%[0xffffffa2]i[0xffffffa1][0xffffff94][0xffffff88][0xffffffe2][0xffffffbd][0xffffff90][0x12]jE[0xffffffd5]l[0xffffff85][0xffffffba]+[0xffffffb1][0xfffffff0][0x15]U[0xffffffcb]`E[0xffffffd5][0x12]{T[0x12][0x1][0xffffffc7]VT[0xffffffad][0xffffffb0])[0xffffff85]L[0x9][0xffffff93][0x15]U[0x12]H&%[0xc]VT[0x5]8[0xffffffb3]S[0xffffffc2]xE[0xffffff95][0xffffff92]'[0xffffff9b][0x12]~+[0xffffffaa][0xffffff94]Z[0xffffffb9][0xffffff94]pYQ[0x15][0xffffffc5]{!%[0xffffff8a]J[0xffffff89][0xffffffd9][0xffffffa8][0x1f]8[0xffffffde][0xffffffce][0x3][0xffffffa7]D1H[0xffffff89][0x12]yO[0x4][0xffffffbc]`)Q[0xffffff9c]R"[0xffffffa2][0xffffffc8][0xffffffa4][0xffffff84][0x2][0xffffff92]I[0xffffff89][0xffffff88]e~J[0xffffffec]pf[0xffffffa7][0xffffffc4][0xffffff8e][0xffffffa8]SJ[0x8]y[0xffffffb2])!][0xffffffca][0xffffffa6][0xffffff84]P+[0xffffff97][0x12][0xffffffc1][0xffffffb4]TJ[0x4][0xfffffff1]^H[0xffffff89]*Sbb)Q[0xfffffff1][0xffffff94][0xffffffa8][0x6])Q#[0xffffffef][0xffffff89][0xffffff80]W,%[0xffffffaa]SJD[0x14][0xffffff99][0xffffff94]P@2)[0x11][0xffffffb1][0xffffffcc]O[0xffffff89][0x1d][0xffffffce][0xffffffec][0xffffff94][0xffffffd8][0x11]uJ[0x9]!O6%[0xffffffa4]K[0xffffffd9][0xffffff94][0x10]j[0xffffffe5]R"[0xffffff98][0xffffff96]J[0xffffff89] [0xffffffde][0xb])[0xffffffa1][0xffffffb6]][0xffffffce]U[\n]"
08:17:55.106 [TestNG-PoolService-3] DEBUG org.apache.hc.client5.http.wire -- http-outgoing-4 << "H&%"[0xffffff96][0xfffffff9])[0xffffffb1][0xffffffc3][0xffffff99][0xffffff9d][0x12];[0xffffffa2]N)![0xffffffe4][0xffffffc9][0xffffffa6][0xffffff84]t)[0xffffff9b][0x12]B[0xffffffad]\J[0x4][0xffffffd3]R)[0x11][0xffffffc4]{!%[0xffffffc4][0xffffffb6][0xffffffcb][0xfffffff3][0xffffffa8][0xffffff85][0xffffffda]v[0xffffffd9][0xfffffff1]m[0xffffff97][0xffffffdd]`[0xffffffdb]e[0x17]+[0xffffffd9][0x12][0x1][0xffffffc7][0xffffffb6]][0xfffffff6][0xffffffb0]t[0xffffff8d]L[0x9][0xffffff93]m[0xffffff97][0x12]H&%[0xc][0xffffffb6]][0x6]8[0xffffffb3]S[0xffffffc2]x[0xffffffdb][0xffffffa5][0xffffff92]'[0xffffff9b][0x12]~[0xffffffdb].[0xffffff95]Z[0xffffffb9][0xffffff94]p[0xffffffd9]v[0x19][0xffffffc5]{!%[0xffffff9a]J[0xffffff89]~4*%[0x1a][0xffffff9e][0x12][0xffffffcd] %Z[0xffffffe4]=[0x11][0xfffffff0][0xffffff86][0xffffffa5]DsJ[0xffffff89][0xffffff88]"[0xffffff93][0x12][\n]"
08:17:55.106 [TestNG-PoolService-1] DEBUG org.apache.hc.client5.http.wire -- http-outgoing-3 << "H&%"[0xffffff96][0xfffffff9])[0xffffffb1][0xffffffc3][0xffffff99][0xffffff9d][0x12];[0xffffffa2]N)![0xffffffe4][0xffffffc9][0xffffffa6][0xffffff84]t)[0xffffff9b][0x12]B[0xffffffad]\J[0x4][0xffffffd3]R)[0x11][0xffffffc4]{!%[0xffffffd4][0xffffff8a][0xffffffaa][0xffffffd1][0xffffffc7][0xffffffa4]R[0x2]_Q5[\r]VTM[0xffffffb1]G%[0x11]plE[0xffffffd5][0xc][0xffffff9b]R[0xffffffc8][0xffffff94]0YQ%[0xffffff81]dR[0xffffffc2]`EU[0xffffff80]3;%[0xffffff8c]WT)y[0xffffffb2])[0xffffffe1][0xffffffb7][0xffffffa2]J[0xffffffa9][0xffffff95]K[0x9][0xffffff97][0x15]UQ[0xffffffbc][0x17]RB[0xffffffad][0xffffffa8][0x1a]g[0xffffffc1]R[0x2]_Q5[\r]VTM[0xffffffb1]G%[0x11]plE[0xffffffd5][0xc][0xffffff9b]R[0xffffffc8][0xffffff94]0YQ%[0xffffff81]dR[0xffffffc2]`EU[0xffffff80]3;%[0xffffff8c]WT)y[0xffffffb2])[0xffffffe1][0xffffffb7][0xffffffa2]J[0xffffffa9][0xffffff95]K[0x9][0xffffff97][0x15]UQ[0xffffffbc][0x17]RB[0xffffffad][0xffffffa8]:[0xffffff8f][0xffffff86][0xfffffffd][0xffffffc0][0xffffff81][0xffffffaf][0xffffffa8][0xffffff9a][0x6]+[0xffffffaa][0xffffffa6][0xffffffd8][0xffffffa3][0xffffff92][0x8]8[0xffffffb6][0xffffffa2]j[0xffffff86]M)dJ[0xffffff98][0xffffffac][0xffffffa8][0xffffff92]@2)a[0xffffffb0][0xffffffa2]*[0xffffffc0][0xffffff99][0xffffff9d][0x12][0xffffffc6]+[0xffffffaa][0xffffff94]<[0xffffffd9][0xffffff94][0xfffffff0][Q[0xffffffa5][0xffffffd4][0xffffffca][0xffffffa5][0xffffff84][0xffffffcb][0xffffff8a][0xffffffaa]([0xffffffde][0xb])[0xffffffa1]VT[0xffffff9d][0xfffffff5][0xffffffc0]R[0x2]_Q5[\r]VTM[0xffffffb1]G%[0x11]plE[0xffffffd5][0xc][0xffffff9b]R[0xffffffc8][0xffffff94]0YQ%[0xffffff81]dR[0xffffffc2]`EU[0xffffff80]3;%[0xffffff8c]WT)y[0xffffffb2])[0xffffffe1][0xffffffb7][0xffffffa2]J[0xffffffa9][0xffffff95]K[0x9][0xffffff97][0x15]UQ[0xffffffbc][0x17]RB[0xffffffad][0xffffffa8]:Olq[0xfffffff6][0xffffffc4]WTM[0xffffff83][0x15]US[0xffffffec]QI[0x4][0x1c][Q5[0xffffffc3][0xffffffa6][0x14]2%LVTI [0xffffff99][0xffffff94]0XQ[0x15][0xffffffe0][0xffffffcc]N[0x9][0xffffffe3][0x15]UJ[0xffffff9e]lJ[0xfffffff8][0xffffffad][0xffffffa8]Rj[0xffffffe5]R[0xffffffc2]eEU[0x14][0xffffffef][0xffffff85][0xffffff94]P+[0xffffffaa][0xffffffce]u[0xffffffc3]R[0x2]_Q5[\r]VTM[0xffffffb1]G%[0x11]plE[0xffffffd5][0xc][0xffffff9b]R[0xffffffc8][0xffffff94]0YQ%[0xffffff81]dR[0xffffffc2]`EU[0xffffff80]3;%[0xffffff8c]WT)y[0xffffffb2])[0xffffffe1][0xffffffb7][0xffffffa2]J[0xffffffa9][0xffffff95]K[0x9][0xffffff97][0x15]UQ[0xffffffbc][0xffffffaf][0xffffffa7][0xffffffc4]R+[0xffffffaa]f=[0x1a][0xffffff94][0x12][0xb]_Q[0xffffffb5][0xc]VT-[0xffffffb1]G%[0xf][0xfffffff0][0xffffff85][0xffffffad][0xffffffa8]ZaS[\n]"
08:17:55.107 [TestNG-PoolService-3] DEBUG org.apache.hc.client5.http.wire -- http-outgoing-4 << "H&%"[0xffffff96][0xfffffff9])[0xffffffb1][0xffffffc3][0xffffff99][0xffffff9d][0x12];[0xffffffa2]N)![0xffffffe4][0xffffffc9][0xffffffa6][0xffffff84]t)[0xffffff9b][0x12]B[0xffffffad]\J[0x4][0xffffffd3]R)[0x11][0xffffffc4]{!%[0xffffffc4][0xffffffb6][0xffffffcb][0xfffffff3][0xffffff98]sQ)[0xffffff81]o[0xffffffbb][0xffffffec][0x6][0xffffffdb].[0xffffffbb]X[0xffffffc9][0xffffff96][0x8]8[0xffffffb6][0xffffffed][0xffffffb2][0xffffff87][0xffffffa5]kdJ[0xffffff98]l[0xffffffbb][0xffffff94]@2)a[0xffffffb0][0xffffffed]2[0xffffffc0][0xffffff99][0xffffff9d][0x12][0xffffffc6][0xffffffdb].[0xffffff95]<[0xffffffd9][0xffffff94][0xfffffff0][0xffffffdb]v[0xffffffa9][0xffffffd4][0xffffffca][0xffffffa5][0xffffff84][0xffffffcb][0xffffffb6][0xffffffcb]([0xffffffde][0xb])[0xffffffa1][0xffffffb6]][0xffffff96][0xffffffe3]F}[0xffffff83][0xffffffa3][0xffffffe3][0xffffffdb].[0xffffffbb][0xffffffc1][0xffffffb6][0xffffffcb].V[0xffffffb2]%[0x2][0xffffff8e]m[0xffffffbb][0xffffffec]a[0xffffffe9][0x1a][0xffffff99][0x12]&[0xffffffdb].%[0xffffff90]LJ[0x18]l[0xffffffbb][0xc]pf[0xffffffa7][0xffffff84][0xfffffff1][0xffffffb6]K%O6%[0xfffffffc][0xffffffb6]]*[0xffffffb5]r)[0xffffffe1][0xffffffb2][0xffffffed]2[0xffffff8a][0xfffffff7]RJ[0x14][0xffffffb3][0xffffff94](xJ[0x14][0xffffff83][0xffffff94](hJ[0x14],%[0xffffff8a]SJ[0xffffffec](R)[0x11][0xffffff81][0xffffffa4]Rb[0xffffffc7][0xffffff92]H[0xffffff89][0x2][0xffffffa7]D1N[0xffffff89] O:%[0xffffff84]K[0xffffffe9][0xffffff94][0x8]j%S[0xffffffa2][0xffffffb8][0xffffffa4]D[0xfffffff9][0xffffffe9][0xffffff94]P[0xffffff8b][0xffffffb3]K[0xffffffaf][0xffffff8d]J[0x9]|qv7X[0xffffff9c][0xffffffdd][0xffffffc5]v[0xffffffd7]D[0xffffffc0][0xffffffb1][0xffffffc5][0xffffffd9]=[0xffffffec]o%S[0xffffffc2]dq[0xffffffb6][0x4][0xffffff92]I[0x9][0xffffff83][0xffffffc5][0xffffffd9][0x1][0xffffffce][0xffffffec][0xffffff94]0^[0xffffff9c][0xffffffad][0xffffffe4][0xffffffc9][0xffffffa6][0xffffff84][0xffffffdf][0xffffffe2]l[0xffffffa5]V.%\[0x16]gG[0xfffffff1]^H[0x9][0xffffffb5]8[0xfffffffb][0xfffffffe][0x7f][\n]"
08:17:55.106 [TestNG-PoolService-2] DEBUG org.apache.hc.client5.http.wire -- http-outgoing-5 << "[0xffffff95][0x12][0xfffffff8][0xffffffb6][0xffffffcb]e[0xffffffb0][0xffffffed]r[0xffffff89][0xffffff95]l[0xffffff89][0xffffff80]c[0xffffffdb].WX[0xffffffba]F[0xffffffa6][0xffffff84][0xffffffc9][0xffffffb6]K[0x9]$[0xffffff93][0x12][0x6][0xffffffdb].[0x3][0xffffff9c][0xffffffd9])a[0xffffffbc][0xffffffed]R[0xffffffc9][0xffffff93]M[0x9][0xffffffbf]m[0xffffff97]J[0xffffffad]\J[0xffffffb8]l[0xffffffbb][0xffffff8c][0xffffffe2][0xffffffbd][0xffffff90][0x12]j[0xffffffdb][0xffffffe5]\[0xfffffffd][0xffffffa0]R[0x2][0xffffffdf]v[0xffffffb9][0xc][0xffffffb6]].[0xffffffb1][0xffffff92]-[0x11]pl[0xffffffdb][0xffffffe5][\n]"
08:17:55.107 [TestNG-PoolService-1] DEBUG org.apache.hc.client5.http.wire -- http-outgoing-3 << "[0xffffff98][0x12][0x2]E$%$[0xffffff90]HJ[0x8],[0xffffffd3]S"[0xffffffc0][0xffffff99][0xffffff9c][0x12][0x1]Q[0xffffffa3][0xffffff94]P[0xfffffff2]DSB[0xffffffbb][0x14]M[0x9][0xffffffa5]V,%[0xffffffa2]i[0xffffffa1][0xffffff94][0xffffff88][0xffffffe2][0xffffffbd][0xffffff90][0x12]jE[0xffffffd5]l[0xffffff85][0xffffffba]+[0xffffffb1][0xfffffff0][0x15]U[0xffffffcb]`E[0xffffffd5][0x12]{T[0x12][0x1][0xffffffc7]VT[0xffffffad][0xffffffb0])[0xffffff85]L[0x9][0xffffff93][0x15]U[0x12]H&%[0xc]VT[0x5]8[0xffffffb3]S[0xffffffc2]xE[0xffffff95][0xffffff92]'[0xffffff9b][0x12]~+[0xffffffaa][0xffffff94]Z[0xffffffb9][0xffffff94]pYQ[0x15][0xffffffc5]{!%[0xffffff8a]J[0xffffff89][0xffffffd9][0xffffffa8][0x1f]8[0xffffffde][0xffffffce][0x3][0xffffffa7]D1H[0xffffff89][0x12]yO[0x4][0xffffffbc]`)Q[0xffffff9c]R"[0xffffffa2][0xffffffc8][0xffffffa4][0xffffff84][0x2][0xffffff92]I[0xffffff89][0xffffff88]e~J[0xffffffec]pf[0xffffffa7][0xffffffc4][0xffffff8e][0xffffffa8]SJ[0x8]y[0xffffffb2])!][0xffffffca][0xffffffa6][0xffffff84]P+[0xffffff97][0x12][0xffffffc1][0xffffffb4]TJ[0x4][0xfffffff1]^H[0xffffff89]*Sbb)Q[0xfffffff1][0xffffff94][0xffffffa8][0x6])Q#[0xffffffef][0xffffff89][0xffffff80]W,%[0xffffffaa]SJD[0x14][0xffffff99][0xffffff94]P@2)[0x11][0xffffffb1][0xffffffcc]O[0xffffff89][0x1d][0xffffffce][0xffffffec][0xffffff94][0xffffffd8][0x11]uJ[0x9]!O6%[0xffffffa4]K[0xffffffd9][0xffffff94][0x10]j[0xffffffe5]R"[0xffffff98][0xffffff96]J[0xffffff89] [0xffffffde][0xb])[0xffffffa1][0xffffffb6]][0xffffffce]U[\n]"
08:17:55.107 [TestNG-PoolService-3] DEBUG org.apache.hc.client5.http.wire -- http-outgoing-4 << "[0xffffff95][0x12][0xfffffff8][0xffffffe2][0xffffffec]n[0xffffffb0]8[0xffffffbb][0xffffff8b][0xffffffed][0xffffffae][0xffffff89][0xffffff80]c[0xffffff8b][0xffffffb3]{[0xffffffd8][0xffffffdf]J[0xffffffa6][0xffffff84][0xffffffc9][0xffffffe2]l[0x9]$[0xffffff93][0x12][0x6][0xffffff8b][0xffffffb3][0x3][0xffffff9c][0xffffffd9])a[0xffffffbc]8[[0xffffffc9][0xffffff93]M[0x9][0xffffffbf][0xffffffc5][0xffffffd9]J[0xffffffad]\J[0xffffffb8],[0xffffffce][0xffffff8e][0xffffffe2][0xffffffbd][0xffffff90][0x12]jqv=[0xffffffb0][0xffffff8f][0xffffff8c]w|qv7X[0xffffff9c][0xffffffdd][0xffffffc5]v[0xffffffd7]D[0xffffffc0][0xffffffb1][0xffffffc5][0xffffffd9]=[0xffffffec]o%S[0xffffffc2]dq[0xffffffb6][0x4][0xffffff92]I[0x9][0xffffff83][0xffffffc5][0xffffffd9][0x1][0xffffffce][0xffffffec][0xffffff94]0^[0xffffff9c][0xffffffad][0xffffffe4][0xffffffc9][0xffffffa6][0xffffff84][0xffffffdf][0xffffffe2]l[0xffffffa5]V.%\[0x16]gG[0xfffffff1][0xffffffbe][0xffffff9e][0x12]C-[0xffffffce][0xffffffae][0xffffffb5]S{%[0x6][0xffffffbe]8{[0x18],[0xffffffce][0x1e]b[0xffffffbb]k[0x1e][0xffffffe0][0x3][[0xffffff9c]=[0xffffffc2][0xfffffffe]V0%[0x4][0xffffff8a]HJH [0xffffff91][0xffffff94][0x10]X[0xffffffa6][0xffffffa7]D[0xffffff80]39%[0x2][0xffffffa2]F)[0xffffffa1][0xffffffe4][0xffffff89][0xffffffa6][0xffffff84]v)[0xffffff9a][0x12]J[0xffffffad]XJD[0xffffffd3]B)[0x11][0xffffffc5]{!%[0xffffffd4][0xffffffe2][0xffffffec]zb[0xffffffdb].[0x7][0xffffffbe]8{[0x18],[0xffffffce][0x1e]b[0xffffffbb]k"[0xffffffe0][0xffffffd8][0xffffffe2][0xffffffec][0x11][0xfffffff6][0xffffffb7][0xffffff92])a[0xffffffb2]8[[0x2][0xffffffc9][0xffffffa4][0xffffff84][0xffffffc1][0xffffffe2][0xffffffec][0x0]gvJ[0x18]/[0xffffffce]V[0xfffffff2]dS[0xffffffc2]oq[0xffffffb6]R+[0xffffff97][0x12].[0xffffff8b][0xffffffb3][0xffffffa3]x/[0xffffffa4]DQ)1[0xffffffb1][0xffffff8f][0xffffff8c][0xffffffbf][0xffffff9d][0x7]N[0xffffff89]b[0xffffff90][0x12]%[0xfffffff2][0xffffff9e][0x8]x[0xffffffc1]R[0xffffffa2]8[0xffffffa5]DD[0xffffff91]I[0x9][0x5]$[0xffffff93][0x12][0xffffffff]?s[0xfffffff7][0xffffffba]*[0xffffffb9][0xffffff8e]&a[0xfffffff8][0xffffff8e][0xffffff86][0xffffff94]l[0xffffffcb][0xffffffd6][0xfffffffd][0xffffffdf][0xffffffd8][0xffffffac]C[0x1d]v+"7[0xffffff94]j[0xfffffff3][0xffffffbd]A[0xffffffff][0x18][0xffffffe8][0xffffff81]J[0xffffffd3][0x4][0xffffffc1][0xffffff83][0xffffff97][0x15][0xffffffd2]X[0xffffffd6]Sb[\r]g5%[0xffffffd6][0xffffff88]&Q[0xffffffc2][0xffffff94]'K[0x9][0xffffffdb][0xffffffa5],%L[0xffffffb5]r[0xffffff94][0xffffff90][0xffffffa6][0xffffffa5](![0xffffffc5][0xffffffbb]A[0x9]7[0xffffff9c]}<[0xffffffd8]%[0xffffffe3][0x3][0x1f][0xffffffce][0x1e][0x1][0xffffffc3][0xffffffd9][0xffffffc3][0xffffffac][0xffffffbb][0x16][0x6][0x1c][0x1b][0xffffffce][0x1e][0xffffffb2][0xffffffdf]JR"d8[0xffffffdb][0x6][0xffffff92][0xffffffa1]D[0xffffffc0]p[0xffffffb6][0xffffff84][0xffffffb3][0xffffff9a][0x12][0xffffffc1][0xffffffc3][0xffffffd9][0xffffffae]<YJ[0xffffffe4][\r]g[0xffffffbb]j[0xffffffe5]([0xffffff91]2[0xffffff9c][0xffffffad][0xffffffc5][0xffffffbb]A[0xffffff89][0xffffffd3]Qb6[0xffffffec][0xf][0x1c]'N[0xffffff89]3[0xffffff80][0x12][0xffffffa7][0xffffffe6][0xffffffbd]0[0xffffffe0]'F[0xffffff89]3[0xffffff89][0x12][0x1a]E[0xffffff86][0x12].[0xffffff90][0xc]%4[0xffffff96][0xfffffff5][0xffffff94]X[0xffffffc3]YM[0xffffff89]5[0xffffffa2]I[0xffffff94]0[0xffffffe5][0xffffffc9]R[0xffffffc2]v)K[0x9]"
08:17:55.107 [TestNG-PoolService-1] DEBUG org.apache.hc.client5.http.wire -- http-outgoing-3 << "[0xffffff95][0x12][0xfffffff8][0xffffffb6][0xffffffcb]e[0xffffffb0][0xffffffed]r[0xffffff89][0xffffff95]l[0xffffff89][0xffffff80]c[0xffffffdb].WX[0xffffffba]F[0xffffffa6][0xffffff84][0xffffffc9][0xffffffb6]K[0x9]$[0xffffff93][0x12][0x6][0xffffffdb].[0x3][0xffffff9c][0xffffffd9])a[0xffffffbc][0xffffffed]R[0xffffffc9][0xffffff93]M[0x9][0xffffffbf]m[0xffffff97]J[0xffffffad]\J[0xffffffb8]l[0xffffffbb][0xffffff8c][0xffffffe2][0xffffffbd][0xffffff90][0x12]j[0xffffffdb][0xffffffe5]\[0xfffffffd][0xffffffa0]R[0x2][0xffffffdf]v[0xffffffb9][0xc][0xffffffb6]].[0xffffffb1][0xffffff92]-[0x11]pl[0xffffffdb][0xffffffe5][\n]"
08:17:55.107 [TestNG-PoolService-2] DEBUG org.apache.hc.client5.http.wire -- http-outgoing-5 << "K[0xffffffd7][0xffffffc8][0xffffff94]0[0xffffffd9]v)[0xffffff81]dR[0xffffffc2]`[0xffffffdb]e[0xffffff80]3;%[0xffffff8c][0xffffffb7]]*y[0xffffffb2])[0xffffffe1][0xffffffb7][0xffffffed]R[0xffffffa9][0xffffff95]K[0x9][0xffffff97]m[0xffffff97]Q[0xffffffbc][0x17]RBm[0xffffffbb]\[0xffffffb7][0xffffffdb]I[0xffffffa5][0x4][0xffffffbe][0xffffffed]r[0x19]l[0xffffffbb]\b%["[0xffffffe0][0xffffffd8][0xffffffb6][0xffffffcb][0x15][0xffffff96][0xffffffae][0xffffff91])a[0xffffffb2][0xffffffed]R[0x2][0xffffffc9][0xffffffa4][0xffffff84][0xffffffc1][0xffffffb6][0xffffffcb][0x0]gvJ[0x18]o[0xffffffbb]T[0xfffffff2]dS[0xffffffc2]o[0xffffffdb][0xffffffa5]R+[0xffffff97][0x12].[0xffffffdb].[0xffffffa3]x/[0xffffffa4][0xffffff84][0xffffffda]v[0xffffffb9][0xffffff8e]N}[0xffffff83]c[0xffffffe1][0xffffffdb].[0xffffff97][0xffffffc1][0xffffffb6][0xffffffcb]%V[0xffffffb2]%[0x2][0xffffff8e]m[0xffffffbb]\a[0xffffffe9][0x1a][0xffffff99][0x12]&[0xffffffdb].%[0xffffff90]LJ[0x18]l[0xffffffbb][0xc]pf[0xffffffa7][0xffffff84][0xfffffff1][0xffffffb6]K%O6%[0xfffffffc][0xffffffb6]]*[0xffffffb5]r)[0xffffffe1][0xffffffb2][0xffffffed]2[0xffffff8a][0xfffffff7]RJ[0x14][0xffffffb3][0xffffff94](xJ[0x14][0xffffff83][0xffffff94](hJ[0x14],%[0xffffff8a]SJ[0xffffffec](R)[0x11][0xffffff81][0xffffffa4]Rb[0xffffffc7][0xffffff92]H[0xffffff89][0x2][0xffffffa7]D1N[0xffffff89] O:%[0xffffff84]K[0xffffffe9][0xffffff94][0x8]j%S[0xffffffa2][0xffffffb8][0xffffffa4]D[0xfffffff9][0xffffffe9][0xffffff94]P[0xffffff8b][0xffffffb3][0xffffffd7][0xffffffa8][0xffffffd8]^[0x9]|q[0xfffffff6]2X[0xffffff9c][0xffffffbd][0xffffffc4]v[0xffffffd7]D[0xffffffc0][0xffffffb1][0xffffffc5][0xffffffd9]+[0xffffffec]o%S[0xffffffc2]dq[0xffffffb6][0x4][0xffffff92]I[0x9][0xffffff83][0xffffffc5][0xffffffd9][0x1][0xffffffce][0xffffffec][0xffffff94]0^[0xffffff9c][0xffffffad][0xffffffe4][0xffffffc9][0xffffffa6][0xffffff84][0xffffffdf][0xffffffe2]l[0xffffffa5]V.%\[0x16]gG[0xfffffff1]^H[0x9][0xffffffb5]8{[0xffffffcd][0x3][0xffffffbb]+[0xffffff81]/[0xffffffce]^[0x6][0xffffff8b][0xffffffb3][0xffffff97][0xffffffd8][0xffffffee][0xffffff9a][0x8]8[0xffffffb6]8{[0xffffff85][0xfffffffd][0xffffffad]dJ[0xffffff98],[0xffffffce][0xffffff96]@2)a[0xffffffb0]8;[0xffffffc0][0xffffff99][0xffffff9d][0x12][0xffffffc6][0xffffff8b][0xffffffb3][0xffffff95]<[0xffffffd9][0xffffff94][0xfffffff0][[0xffffff9c][0xffffffad][0xffffffd4][0xffffffca][0xffffffa5][0xffffff84][0xffffffcb][0xffffffe2][0xffffffec]([0xffffffde][0xffffff97]S[0xffffffa2][0xffffffde]n[0xfffffff1][0x7][0xffffff8e]q[0xffffffbb]Q[0xffffffdb].[0x1f][0xffffffe7]AS[0xffffffe2][0xfffffffd][0x4]lJ|[0xffffff9e][0xffffff81]H[0xffffff89][0xfffffff7][0xffffffa7][0x13])[0xfffffff1][0xfffffffd][0xffffffc9][0xe])[0xffffffa1]P$RB[0x3]I[0xffffffa4][0xffffff84][0xffffffc2]2;%"[0xffffff9c][0xffffffb9])[0x11][0x11][0xfffffff5]I[0x9])O2%[0xffffff9e][0xffffffb8][0xffffff94]L[0x9][0xffffffa9]V*%[0xffffff84]i[0xffffff99][0xffffff94][0x10][0xffffffe2][0xffffffbd][0xffffff94][0x12][0xffffffd5],%*[0xffffff9e][0x12][0xffffffd5] %*[0xffffff9a][0x12][0x15]K[0xffffff89][0xffffffea][0xffffff94][0x12];[0xffffff8a]TJD [0xffffffa9][0xffffff94][0xffffffd8][0xffffffb1]$R[0xffffffa2][0xffffffc2])Q[0xffffff8d]S"[0xffffffc8][0xffffff93]N[0x9][0xffffffe1]R:%[0xffffff82]Z[0xffffffc9][0xffffff94][0xffffffa8].)Q[0x7f]:%[0xffffffc4]78[0xffffffc6][0xffffffad]Q[0xffffff9f][0xfffffff3]z[0xffffff9c][0x7]N[0x9][0xfffffffe][0x1b][0x1c][0xffffff9f]g`R[0xffffff82][0xfffffffa][0x6][0xffffffc7][0xfffffff7]'{[0xffffffa4][0xffffff84][0xffffffc7]784[0xffffff90]LJ[0xfffffff0][0xffffffdf][0xffffffe0][0xffffff88]pf[0xffffffa7][0xffffff84][0xffffffef]78[0xffffffa4]<[0xffffffd9][0xffffff94][0xffffffb0][0xfffffffb][0x6][0xffffff87]T+[0xffffff97][0x12]&[0xffffffdf][0xffffffe0][0x10][0xffffffe2][0xffffffbd][0xffffff94][0x12][0xffffffe2][0x7][0xe]4%[0xffffffe8][0x1f]8[0xe][0xffffff83][0x1f]8[0xffffff8e][0xfffffff8][0x16].[0x15]p[0xffffffea][0x7][0xffffff8e][0xffffffc3][0xffffffe9][0x7][0xffffff8e][0xffffff88]"[0xffffff95][0x12].?pD,[0xffffff89][0xffffff94]`[0x7f][0xffffffe0][0xffffffd8][0x11][0xfffffff5]J[0x9][0xffffffb3][0x1f]8[0xffffffa4]K[0xffffffe9][0xffffff94]0[0xfffffffa][0xffffff81]#[0xffffff98][0xffffff96]K[0xffffff89][0xffffff9f][0xffffffff][0xffffff81]C[0xffffffac][0xffffffa8][0x1a][0xffffffc7]Z[0xffffffd0]78[0x1e][0xffffffe7][0xffffff81]S[0xffffff82]_Q[0xfffffff5]y[0x6]&%[0xffffffa8][0x15]U[0xffffffdf][0xffffff9f][0xffffffec][0xffffff91][0x12][0x1e]+[0xffffffaa]4[0xffffff90]LJ[0xfffffff0]+[0xffffffaa]"[0xffffff9c][0xffffffd9])[0xffffffe1][0xffffffbb][0xffffffa2]J[0xffffffca][0xffffff93]M[0x9][0xffffffbb][0x15]UR[0xffffffad]\J[0xffffff98][0xffffffac][0xffffffa8][0x12][0xffffffe2][0xffffffbd][0xffffff94][0x12][0xfffffff1][0xffffffad][0x4][0xffffff9b][0x12][0xfffffff4][[0xffffff89]a[0xfffffff0]Vb[0xffffffc4]tN[0x5][0xffffff9c]z+1[0xffffff9c][0xffffffde]JD[0x14][0xffffffa9][0xffffff94]py+[0x11][0xffffffb1]$R[0xffffff82]}+[0xffffffb1]#[0xffffffea][0xffffff95][0x12]fo%[0xffffffa4]K[0xffffffe9][0xffffff94]0z+[0x11]L[0xffffffcb][0xffffffa5][0xffffffc4][0xffffffcf][0xffffffbf][0xffffff95][0x10][0xffffffdb].G[0xffffffb9][0xffffffcd]F[0xffffffa5][0x4][0xffffffbd][0xffffffed][0xfffffff2][0xfffffffd][0x4]tJ[0xffffff90][0xffffffdb].[0xffffffdf][0xffffff9f][0xffffffce][0xffffffa4][0xffffff84][0xffffffd1][0xffffffb6]K[0xffffff85]"[0xffffff93][0x12].[0xffffffdb].[0x15][0xffffff96][0xfffffff9])[0xffffffc1]n[0xffffffbb][0xffffff8c][0xffffff88]:[0xffffffa5][0xffffff84][0xffffffd9][0xffffffb6][0xffffffcb]'.eS[0xffffffc2]h[0xffffffdb][0xffffffa5]0-[0xffffff95][0x12]?[0xffffffbf][0xffffffed][0xffffffb2][0xffffffde][0xffffffc4][0xffffff8a][0xffffffaa]Q[0xffffffee][0xffffffff][0xffffff97]J[0x9]zE[0xffffffd5][0xfffffffb][0x9][0xffffffe8][0xffffff94] WT[0xffffffbd]?[0xffffff9d]I[0x9][0xffffffa3][0x15]U[\n]"
08:17:55.107 [TestNG-PoolService-1] DEBUG org.apache.hc.client5.http.wire -- http-outgoing-3 << "K[0xffffffd7][0xffffffc8][0xffffff94]0[0xffffffd9]v)[0xffffff81]dR[0xffffffc2]`[0xffffffdb]e[0xffffff80]3;%[0xffffff8c][0xffffffb7]]*y[0xffffffb2])[0xffffffe1][0xffffffb7][0xffffffed]R[0xffffffa9][0xffffff95]K[0x9][0xffffff97]m[0xffffff97]Q[0xffffffbc][0x17]RBm[0xffffffbb]\[0xffffffb7][0xffffffdb]I[0xffffffa5][0x4][0xffffffbe][0xffffffed]r[0x19]l[0xffffffbb]\b%["[0xffffffe0][0xffffffd8][0xffffffb6][0xffffffcb][0x15][0xffffff96][0xffffffae][0xffffff91])a[0xffffffb2][0xffffffed]R[0x2][0xffffffc9][0xffffffa4][0xffffff84][0xffffffc1][0xffffffb6][0xffffffcb][0x0]gvJ[0x18]o[0xffffffbb]T[0xfffffff2]dS[0xffffffc2]o[0xffffffdb][0xffffffa5]R+[0xffffff97][0x12].[0xffffffdb].[0xffffffa3]x/[0xffffffa4][0xffffff84][0xffffffda]v[0xffffffb9][0xffffff8e]N}[0xffffff83]c[0xffffffe1][0xffffffdb].[0xffffff97][0xffffffc1][0xffffffb6][0xffffffcb]%V[0xffffffb2]%[0x2][0xffffff8e]m[0xffffffbb]\a[0xffffffe9][0x1a][0xffffff99][0x12]&[0xffffffdb].%[0xffffff90]LJ[0x18]l[0xffffffbb][0xc]pf[0xffffffa7][0xffffff84][0xfffffff1][0xffffffb6]K%O6%[0xfffffffc][0xffffffb6]]*[0xffffffb5]r)[0xffffffe1][0xffffffb2][0xffffffed]2[0xffffff8a][0xfffffff7]RJ[0x14][0xffffffb3][0xffffff94](xJ[0x14][0xffffff83][0xffffff94](hJ[0x14],%[0xffffff8a]SJ[0xffffffec](R)[0x11][0xffffff81][0xffffffa4]Rb[0xffffffc7][0xffffff92]H[0xffffff89][0x2][0xffffffa7]D1N[0xffffff89] O:%[0xffffff84]K[0xffffffe9][0xffffff94][0x8]j%S[0xffffffa2][0xffffffb8][0xffffffa4]D[0xfffffff9][0xffffffe9][0xffffff94]P[0xffffff8b][0xffffffb3][0xffffffd7][0xffffffa8][0xffffffd8]^[0x9]|q[0xfffffff6]2X[0xffffff9c][0xffffffbd][0xffffffc4]v[0xffffffd7]D[0xffffffc0][0xffffffb1][0xffffffc5][0xffffffd9]+[0xffffffec]o%S[0xffffffc2]dq[0xffffffb6][0x4][0xffffff92]I[0x9][0xffffff83][0xffffffc5][0xffffffd9][0x1][0xffffffce][0xffffffec][0xffffff94]0^[0xffffff9c][0xffffffad][0xffffffe4][0xffffffc9][0xffffffa6][0xffffff84][0xffffffdf][0xffffffe2]l[0xffffffa5]V.%\[0x16]gG[0xfffffff1]^H[0x9][0xffffffb5]8{[0xffffffcd][0x3][0xffffffbb]+[0xffffff81]/[0xffffffce]^[0x6][0xffffff8b][0xffffffb3][0xffffff97][0xffffffd8][0xffffffee][0xffffff9a][0x8]8[0xffffffb6]8{[0xffffff85][0xfffffffd][0xffffffad]dJ[0xffffff98],[0xffffffce][0xffffff96]@2)a[0xffffffb0]8;[0xffffffc0][0xffffff99][0xffffff9d][0x12][0xffffffc6][0xffffff8b][0xffffffb3][0xffffff95]<[0xffffffd9][0xffffff94][0xfffffff0][[0xffffff9c][0xffffffad][0xffffffd4][0xffffffca][0xffffffa5][0xffffff84][0xffffffcb][0xffffffe2][0xffffffec]([0xffffffde][0xffffff97]S[0xffffffa2][0xffffffde]n[0xfffffff1][0x7][0xffffff8e]q[0xffffffbb]Q[0xffffffdb].[0x1f][0xffffffe7]AS[0xffffffe2][0xfffffffd][0x4]lJ|[0xffffff9e][0xffffff81]H[0xffffff89][0xfffffff7][0xffffffa7][0x13])[0xfffffff1][0xfffffffd][0xffffffc9][0xe])[0xffffffa1]P$RB[0x3]I[0xffffffa4][0xffffff84][0xffffffc2]2;%"[0xffffff9c][0xffffffb9])[0x11][0x11][0xfffffff5]I[0x9])O2%[0xffffff9e][0xffffffb8][0xffffff94]L[0x9][0xffffffa9]V*%[0xffffff84]i[0xffffff99][0xffffff94][0x10][0xffffffe2][0xffffffbd][0xffffff94][0x12][0xffffffd5],%*[0xffffff9e][0x12][0xffffffd5] %*[0xffffff9a][0x12][0x15]K[0xffffff89][0xffffffea][0xffffff94][0x12];[0xffffff8a]TJD [0xffffffa9][0xffffff94][0xffffffd8][0xffffffb1]$R[0xffffffa2][0xffffffc2])Q[0xffffff8d]S"[0xffffffc8][0xffffff93]N[0x9][0xffffffe1]R:%[0xffffff82]Z[0xffffffc9][0xffffff94][0xffffffa8].)Q[0x7f]:%[0xffffffc4]78[0xffffffc6][0xffffffad]Q[0xffffff9f][0xfffffff3]z[0xffffff9c][0x7]N[0x9][0xfffffffe][0x1b][0x1c][0xffffff9f]g`R[0xffffff82][0xfffffffa][0x6][0xffffffc7][0xfffffff7]'{[0xffffffa4][0xffffff84][0xffffffc7]784[0xffffff90]LJ[0xfffffff0][0xffffffdf][0xffffffe0][0xffffff88]pf[0xffffffa7][0xffffff84][0xffffffef]78[0xffffffa4]<[0xffffffd9][0xffffff94][0xffffffb0][0xfffffffb][0x6][0xffffff87]T+[0xffffff97][0x12]&[0xffffffdf][0xffffffe0][0x10][0xffffffe2][0xffffffbd][0xffffff94][0x12][0xffffffe2][0x7][0xe]4%[0xffffffe8][0x1f]8[0xe][0xffffff83][0x1f]8[0xffffff8e][0xfffffff8][0x16].[0x15]p[0xffffffea][0x7][0xffffff8e][0xffffffc3][0xffffffe9][0x7][0xffffff8e][0xffffff88]"[0xffffff95][0x12].?pD,[0xffffff89][0xffffff94]`[0x7f][0xffffffe0][0xffffffd8][0x11][0xfffffff5]J[0x9][0xffffffb3][0x1f]8[0xffffffa4]K[0xffffffe9][0xffffff94]0[0xfffffffa][0xffffff81]#[0xffffff98][0xffffff96]K[0xffffff89][0xffffff9f][0xffffffff][0xffffff81]C[0xffffffac][0xffffffa8][0x1a][0xffffffc7]Z[0xffffffd0]78[0x1e][0xffffffe7][0xffffff81]S[0xffffff82]_Q[0xfffffff5]y[0x6]&%[0xffffffa8][0x15]U[0xffffffdf][0xffffff9f][0xffffffec][0xffffff91][0x12][0x1e]+[0xffffffaa]4[0xffffff90]LJ[0xfffffff0]+[0xffffffaa]"[0xffffff9c][0xffffffd9])[0xffffffe1][0xffffffbb][0xffffffa2]J[0xffffffca][0xffffff93]M[0x9][0xffffffbb][0x15]UR[0xffffffad]\J[0xffffff98][0xffffffac][0xffffffa8][0x12][0xffffffe2][0xffffffbd][0xffffff94][0x12][0xfffffff1][0xffffffad][0x4][0xffffff9b][0x12][0xfffffff4][[0xffffff89]a[0xfffffff0]Vb[0xffffffc4]tN[0x5][0xffffff9c]z+1[0xffffff9c][0xffffffde]JD[0x14][0xffffffa9][0xffffff94]py+[0x11][0xffffffb1]$R[0xffffff82]}+[0xffffffb1]#[0xffffffea][0xffffff95][0x12]fo%[0xffffffa4]K[0xffffffe9][0xffffff94]0z+[0x11]L[0xffffffcb][0xffffffa5][0xffffffc4][0xffffffcf][0xffffffbf][0xffffff95][0x10][0xffffffdb].G[0xffffffb9][0xffffffcd]F[0xffffffa5][0x4][0xffffffbd][0xffffffed][0xfffffff2][0xfffffffd][0x4]tJ[0xffffff90][0xffffffdb].[0xffffffdf][0xffffff9f][0xffffffce][0xffffffa4][0xffffff84][0xffffffd1][0xffffffb6]K[0xffffff85]"[0xffffff93][0x12].[0xffffffdb].[0x15][0xffffff96][0xfffffff9])[0xffffffc1]n[0xffffffbb][0xffffff8c][0xffffff88]:[0xffffffa5][0xffffff84][0xffffffd9][0xffffffb6][0xffffffcb]'.eS[0xffffffc2]h[0xffffffdb][0xffffffa5]0-[0xffffff95][0x12]?[0xffffffbf][0xffffffed][0xffffffb2][0xffffffde][0xffffffc4][0xffffff8a][0xffffffaa]Q[0xffffffee][0xffffffff][0xffffff97]J[0x9]zE[0xffffffd5][0xfffffffb][0x9][0xffffffe8][0xffffff94] WT[0xffffffbd]?[0xffffff9d]I[0x9][0xffffffa3][0x15]U[\n]"
08:17:55.107 [TestNG-PoolService-2] DEBUG org.apache.hc.client5.http.wire -- http-outgoing-5 << "E&%\VT),[0xfffffff3]S[0xffffff82]]Q[0x15][0x11]uJ[0x9][0xffffffb3][0x15]UO\[0xffffffca][0xffffffa6][0xffffff84][0xffffffd1][0xffffff8a]*aZ*%~~EU[0xffffffbd][0xffffff89][0x15]U[0xfffffff7][0xffffff94][0x18][0xffffffd0][0xffffff97]A[0x1f][0xffffffe7][0xffffff81]S[0xffffff82]_Q[0xfffffff5]y[0x6]&%[0xffffffa8][0x15]U[0xffffffdf][0xffffff9f][0xffffffec][0xffffff91][0x12][0x1e]+[0xffffffaa]4[0xffffff90]LJ[0xfffffff0]+[0xffffffaa]"[0xffffff9c][0xffffffd9])[0xffffffe1][0xffffffbb][0xffffffa2]J[0xffffffca][0xffffff93]M[0x9][0xffffffbb][0x15]UR[0xffffffad]\J[0xffffff98][0xffffffac][0xffffffa8][0x12][0xffffffe2]}=%[0xffffff8e][0xffffff9b]L[0xffffff89][0xffffffb5][0xffffffa0][0xffffff94]x;[0xf][0xffffff9b][0x12][0xffffff8f][0x13][0xffffffc0])[0xfffffff1][0xfffffffd][0xc]HJ<[0xffffff9e][0xffffff8e][0xffffffa4][0xffffffc4][0xffffffb7]'[[0xffffffa4][0xffffff84]@[0x11]I[0x9][0x9]$[0xffffff92][0x12][0x2][0xffffffcb][0xfffffff4][0xffffff94][0x8]p&[0xffffffa7]D@[0xffffffd4](%[0xffffff94]<[0xffffffd1][0xffffff94][0xffffffd0].ESB[0xffffffa9][0x15]K[0xffffff89]hZ(%[0xffffffa2]x/[0xffffffa4][0xffffff84][0xffffffda]+Q[0xffffffea]I[0xffffffbd][0xffffff95]8[0xfffffff0][0xffffffbd][0x12][0xffffff87][0xffffffc1]^[0xffffff89]C[0xc]?'[0x2][0xffffff8e][0xffffffed][0xffffff95]8[0xffffffc2]x3[0xffffff99][0x12]&{%$[0xffffff90]LJ[0x18][0xffffffec][0xffffff95][0x8]pf[0xffffffa7][0xffffff84][0xfffffff1]^[0x9]%O6%[0xfffffffc][0xfffffff6]J([0xffffffb5]r)[0xffffffe1][0xffffffb2]W"[0xffffff8a][0xfffffff7]BJ[0x14][0xffffff95][0x12][0xfffffffd]F[0xffffffdd][0xffffff95]x;[0xf][0xffffff9c][0x12][0xffffffc5] %J[0xffffffe4]=[0x11][0xfffffff0][0xffffff82][0xffffffa5]DqJ[0xffffff89][0xffffff88]"[0xffffff93][0x12][\n]"
08:17:55.108 [TestNG-PoolService-1] DEBUG org.apache.hc.client5.http.wire -- http-outgoing-3 << "E&%\VT),[0xfffffff3]S[0xffffff82]]Q[0x15][0x11]uJ[0x9][0xffffffb3][0x15]UO\[0xffffffca][0xffffffa6][0xffffff84][0xffffffd1][0xffffff8a]*aZ*%~~EU[0xffffffbd][0xffffff89][0x15]U[0xfffffff7][0xffffff94][0x18][0xffffffd0][0xffffff97]A[0x1f][0xffffffe7][0xffffff81]S[0xffffff82]_Q[0xfffffff5]y[0x6]&%[0xffffffa8][0x15]U[0xffffffdf][0xffffff9f][0xffffffec][0xffffff91][0x12][0x1e]+[0xffffffaa]4[0xffffff90]LJ[0xfffffff0]+[0xffffffaa]"[0xffffff9c][0xffffffd9])[0xffffffe1][0xffffffbb][0xffffffa2]J[0xffffffca][0xffffff93]M[0x9][0xffffffbb][0x15]UR[0xffffffad]\J[0xffffff98][0xffffffac][0xffffffa8][0x12][0xffffffe2]}=%[0xffffff8e][0xffffff9b]L[0xffffff89][0xffffffb5][0xffffffa0][0xffffff94]x;[0xf][0xffffff9b][0x12][0xffffff8f][0x13][0xffffffc0])[0xfffffff1][0xfffffffd][0xc]HJ<[0xffffff9e][0xffffff8e][0xffffffa4][0xffffffc4][0xffffffb7]'[[0xffffffa4][0xffffff84]@[0x11]I[0x9][0x9]$[0xffffff92][0x12][0x2][0xffffffcb][0xfffffff4][0xffffff94][0x8]p&[0xffffffa7]D@[0xffffffd4](%[0xffffff94]<[0xffffffd1][0xffffff94][0xffffffd0].ESB[0xffffffa9][0x15]K[0xffffff89]hZ(%[0xffffffa2]x/[0xffffffa4][0xffffff84][0xffffffda]+Q[0xffffffea]I[0xffffffbd][0xffffff95]8[0xfffffff0][0xffffffbd][0x12][0xffffff87][0xffffffc1]^[0xffffff89]C[0xc]?'[0x2][0xffffff8e][0xffffffed][0xffffff95]8[0xffffffc2]x3[0xffffff99][0x12]&{%$[0xffffff90]LJ[0x18][0xffffffec][0xffffff95][0x8]pf[0xffffffa7][0xffffff84][0xfffffff1]^[0x9]%O6%[0xfffffffc][0xfffffff6]J([0xffffffb5]r)[0xffffffe1][0xffffffb2]W"[0xffffff8a][0xfffffff7]BJ[0x14][0xffffff95][0x12][0xfffffffd]F[0xffffffdd][0xffffff95]x;[0xf][0xffffff9c][0x12][0xffffffc5] %J[0xffffffe4]=[0x11][0xfffffff0][0xffffff82][0xffffffa5]DqJ[0xffffff89][0xffffff88]"[0xffffff93][0x12][\n]"
08:17:55.108 [TestNG-PoolService-2] DEBUG org.apache.hc.client5.http.wire -- http-outgoing-5 << "H&%"[0xffffff96][0xfffffff9])[0xffffffb1][0xffffffc3][0xffffff99][0xffffff9d][0x12];[0xffffffa2]N)![0xffffffe4][0xffffffc9][0xffffffa6][0xffffff84]t)[0xffffff9b][0x12]B[0xffffffad]\J[0x4][0xffffffd3]R)[0x11][0xffffffc4]{)%[0xffffffe2]0([0xffffff9b][0x12][0xfffffff0]0[0xffffffe8][0xffffffe3][0x4]|J[0xffffff80][0xffffffc3][0xffffffa0][0xffffff8f][0xffffffa7]S)[0xffffffe1]3[0xc]*P[0xffffffa4]R[0xffffffc2]d[0x18]T`I[0xffffffa4][0x4]:[0xc][0x1a][0x10][0xfffffff5]J[0x9][0xffffffaf]aP[0xffffffed]R:%|[0xffffff86]A[0xffffffa3]i[0xffffffb9][0xffffff94][0xfffffff8][0xffffffe9]a[0xffffffd0][0xfffffffb]?[0xffffffa3][0xffffff99][0xffffffa5]D[0xffffffc3]S[0xffffffa2][0x19][0xffffffa4]DCS[0xffffffa2]a)[0xffffffd1][0xffffff9c]RbG[0xffffff91]J[0xffffff89][0x8]$[0xffffff95][0x12];[0xffffff96]DJ48%[0xffffff9a]qJ[0x4]y[0xffffffd2])!\J[0xffffffa7]DP+[0xffffff99][0x12][0xffffffcd]%%[0xffffffda][0xffffffdf]!%[0xe][0xffffffb7]_8[0xe][0xfffffffe]'[0xffffff8e][0xfffffffb][0x11][0xfffffff8][0xffffff9a][0xfffffff8]8[0x4][0xffffff95][0x13][0x7][0xfffffff7]+[0xffffffc7]a[0xfffffff5]3G[0xffffffe0][0xffffff91]*[\n]"
08:17:55.108 [TestNG-PoolService-1] DEBUG org.apache.hc.client5.http.wire -- http-outgoing-3 << "H&%"[0xffffff96][0xfffffff9])[0xffffffb1][0xffffffc3][0xffffff99][0xffffff9d][0x12];[0xffffffa2]N)![0xffffffe4][0xffffffc9][0xffffffa6][0xffffff84]t)[0xffffff9b][0x12]B[0xffffffad]\J[0x4][0xffffffd3]R)[0x11][0xffffffc4]{)%[0xffffffe2]0([0xffffff9b][0x12][0xfffffff0]0[0xffffffe8][0xffffffe3][0x4]|J[0xffffff80][0xffffffc3][0xffffffa0][0xffffff8f][0xffffffa7]S)[0xffffffe1]3[0xc]*P[0xffffffa4]R[0xffffffc2]d[0x18]T`I[0xffffffa4][0x4]:[0xc][0x1a][0x10][0xfffffff5]J[0x9][0xffffffaf]aP[0xffffffed]R:%|[0xffffff86]A[0xffffffa3]i[0xffffffb9][0xffffff94][0xfffffff8][0xffffffe9]a[0xffffffd0][0xfffffffb]?[0xffffffa3][0xffffff99][0xffffffa5]D[0xffffffc3]S[0xffffffa2][0x19][0xffffffa4]DCS[0xffffffa2]a)[0xffffffd1][0xffffff9c]RbG[0xffffff91]J[0xffffff89][0x8]$[0xffffff95][0x12];[0xffffff96]DJ48%[0xffffff9a]qJ[0x4]y[0xffffffd2])!\J[0xffffffa7]DP+[0xffffff99][0x12][0xffffffcd]%%[0xffffffda][0xffffffdf]!%[0xe][0xffffffb7]_8[0xe][0xfffffffe]'[0xffffff8e][0xfffffffb][0x11][0xfffffff8][0xffffff9a][0xfffffff8]8[0x4][0xffffff95][0x13][0x7][0xfffffff7]+[0xffffffc7]a[0xfffffff5]3G[0xffffffe0][0xffffff91]*[\n]"
08:17:55.108 [TestNG-PoolService-2] DEBUG org.apache.hc.client5.http.wire -- http-outgoing-5 << "A%[0xffffff95][0x14][0xffffff81]M[0xffffffa2])[0xe][0xfffffffa][0xffffffa7][0xffffff8e][0xffffffc3][0xfffffff9][0xffffffb7][0xffffff8e][0xffffffa8]Q:+[0xffffff94]U[0xffffffe9][0xffffffae][0xffffff88][0xffffff92]%[0xffffffc3]bw.W[0x16][0xffffffbb][0xffffff82]/[0xffffffa5]E[0xffffffb1][0xfffffffb][0xffffffc5][0xffffffc3][0xffffffe0]'[0xf][0xffffff8b][0xffffffdf]<[0xffffffe0][0x1f]=[0xffffffc0]_=[0xffffffbc]~[0xfffffff6][0xffffffb0][0xfffffff9][0xffffffdd][0xffffffc3][0xffffffe8][0xffffff87][0xf][0xffffff8b]_>[0xfffffff0][0xffffff9f]>[0xffffffac][0x7f][0xfffffffb][0xfffffff0][0xfffffffb][0xfffffff1][0xffffffc3][0xfffffff1][0xffffffd7][0xf][0xffffffaf][0xffffff9f]?|~[0xffffffff][0xfffffff8]{[0xfffffffc][0x0]R[0xffffffa6][ZL>-[0xffffffa6]CZL6-&[0xffffff97][0x16][0xffffffd3]*-v[0x1e][0xffffffb1][0xffffffb4][0xffffff88]Tbi[0xffffffb1][0xffffffb3][0xffffff89][0xffffffa4][0xffffffc5][0xffffffa4][0xffffffd3]b:[0xffffffa7]E[0xffffffd0]([0xffffff9e][0x16][0xffffffc2][0xffffffaa]xZ[0x4][0xffffffc9][0xffffffa2]i1m[0xffffffd2]b[0xfffffffe][0x1d][0xffffffd2][0xffffffa2][\r][0xffffffb3][0xffffffb4]h[0x3]O[0xffffff8b][0xfffffffb][0x11][0xfffffff8][0xffffffb4][0xfffffff8]8[0x4][0xffffff95][0x16][0xfffffff7][0xffffffc7]Si[0xfffffff1][0xfffffffe]h[0xffffff97][0xffffffb4][0x8]<Ri![0xffffffa8][0xffffffa4][0xffffffd2]"[0xffffffb0]I[0xffffffa4][0xffffffc5]Fh~Zl[0xffffff9c]z[0xffffffa5]E[0xffffffd4]([0xffffff9d][0x16][0xffffffca][0xffffffaa]tZD[0xffffffc9][0xffffff92]i[0xffffffb1];[0xffffff97]K[0xffffff8b]][0xffffffc1][0xffffff97][0xffffffd2][0xffffffa2][0xffffffbb][0xffffffbd][0xffffffb5][0xffffffe8][0xfffffffc][[0xffffff8b][0xffffffee][0xfffffff0][0xffffffd6][0xffffffa2][0xffffffb3]o-:[0xfffffff7][0xffffffd6][0xffffffa2][[0xffffffbd][0xffffffb5][0x8]<Ri![0xffffffa8][0xffffffa4][0xffffffd2]"[0xffffffb0]I[0xffffffa4]E[0xffffffa7][0xffffffdf]Zt[0xffffffe7][0xffffffb7][0x16]Q[0xffffffa3]tZ([0xffffffab][0xffffffd2]i[0x11]%K[0xffffffa6][0xffffffc5][0xffffffee]\.-v[0x5]_J[0xffffff8b][0xffffffe9][0xfffffff6][0xffffffd6]b[0xfffffff2]o-[0xffffffa6][0xffffffc3][[0xffffff8b][0xffffffc9][0xffffffbe][0xffffffb5][0xffffff98][0xffffffdc][[0xffffff8b]i[0xfffffff5][0xffffffd6]"[0xfffffff0]H[0xffffffa5][0xffffff85][0xffffffa0][0xffffff92]J[0xffffff8b][0xffffffc0]&[0xffffff91][0x16][0xffffff93]~k1[0xffffff9d][0xffffffdf]ZD[0xffffff8d][0xffffffd2]i[0xffffffa1][0xffffffac]J[0xffffffa7]E[0xffffff94],[0xffffff99][0x16][0xffffffbb]s[0xffffffb9][0xffffffb4][0xffffffd8][0x15]|)-[0xffffff8e][7k[0xffffff8b][0xfffffffb][0xffffff89][0xfffffff0][0xffffffb8]x;[0x3]_[0x17][0xffffffdf]NA[0xffffffe5][0xffffffc5][0xffffffdb][0xfffffff3][0xffffffa9][0xffffffbe][0xfffffff8]x[0xffffffb6]K`D([0xffffffa9][0xffffffc2]PhR[0xffffff89][0x11][0x1]%[0x1a]c[0xffffffc7]4?2vX[0xffffffbd]*C[0x8][0xffffff95][0xffffffce][0xc][0xffffffe9]W[0xffffffba]3[0xffffff84]n[0xffffffc9][0xffffffd0][0x8][0xfffffff6][0xffffffe5]J#[0xffffffc8][0xfffffff8]Zj[0xffffffd8][0xffffff8d][0xffffff8c][0x1c][0x6]3#[0xffffff87][0xffffffc5][0xffffffd0][0xffffffc8][0x11]/4[0xffffffe7][0xffffffc2][0xe][0xffffff8e][0xffffff8d][0x1c]^s#[0x11]J,5[0xffffff8c]&G"[0xffffffa0]Hj[0xffffffe0][0xffffffb3]#;[0xffffffac]f[0xffffffa9][0xffffffe1]7="[0xfffffffd][0xffffff8a][0xffffffa7][0xffffff86][0xffffffd7][0xfffffffc]H[0xffffffb0]/[0xffffff98][0x1a]?3A[0xffffffd2][0x1e][0xffffffff][0xffffff94][0xffffffd2][0xffffffc5]b[0xffffffef][0xffffffde][0xffffffd7][0xffffff99][0x1e][0x1a][0xffffff9f][0xffffffe7][0xffffffa1]2[0xffffffe3][0xffffffcb][0x9][0xffffffb0][0xffffffc8][0xffffffd8][0xffffffce][0xffffff90][0xffffff9c][0x18]_[0xffffff9e][0xffffff9e][0x1c][0x18][0xffffffbf]~2[0xffffff9c][0x17]OQL[0xffffff8e][0xffffff8b][0x1f][0x0][0xffffff99][0xffffff9c][0x16]O[0xffffffb1]L[0xc][0xffffff8b]'p[0xffffffa6]e[0xffffffc5][0x13]D-[0xffffffa2][0xffffffe2][0xffffffb9]<[0xffffffa1][0xffffffa4][0xfffffff8][0xffffff91]K[0xffffffa1][0xffffffa0]x[0xffffffae]V '[0xffffff9e][0xffffff99]6=&[0xffffff9e][0xffffff89][0xfffffff7]BJ[0xc][0xffffff95][0x12][0xffffffe3][0xffffffc4]Rb[0xffffffe0])1[0xc]RbD[0xffffffde][0x13][0x1][0x1f]XJ[0xc][0xffffffa7][0xffffff94][0xffffff88](2)[0xffffffa1][0xffffff80]dR"b[0xffffff99][0xffffff9f][0x12];[0xffffff9c][0xffffffd9])[0xffffffb1]#[0xffffffea][0xffffff94][0x12]B[0xffffff9e]lJH[0xffffff97][0xffffffb2])![0xffffffd4][0xffffffca][0xffffffa5]D0-[0xffffff95][0x12]A[0xffffffbc][0x17]Rb[0xffffff8a][0xffffff94][0x18]uU*%&[0xffffff9e][0x12][0xffffffd3] %f[0xffffffe4]=[0x11][0xfffffff0][0xffffff89][0xffffffa5][0xffffffc4]tJ[0xffffff89][0xffffff88]"[0xffffff93][0x12][\n]"
08:17:55.108 [TestNG-PoolService-2] DEBUG org.apache.hc.client5.http.wire -- http-outgoing-5 << "H&%"[0xffffff96][0xfffffff9])[0xffffffb1][0xffffffc3][0xffffff99][0xffffff9d][0x12];[0xffffffa2]N)![0xffffffe4][0xffffffc9][0xffffffa6][0xffffff84]t)[0xffffff9b][0x12]B[0xffffffad]\J[0x4][0xffffffd3]R)[0x11][0xffffffc4]{!%[0xffffff96]J[0xffffff89][0xffffffb3]/*%[0x16][0xffffff9e][0x12][0xffffffcb] %V[0xffffffe4]=[0x11][0xfffffff0][0xffffff85][0xffffffa5][0xffffffc4]rJ[0xffffff89][0xffffff88]"[0xffffff93][0x12][\n]"
08:17:55.108 [TestNG-PoolService-1] DEBUG org.apache.hc.client5.http.wire -- http-outgoing-3 << "A%[0xffffff95][0x14][0xffffff81]M[0xffffffa2])[0xe][0xfffffffa][0xffffffa7][0xffffff8e][0xffffffc3][0xfffffff9][0xffffffb7][0xffffff8e][0xffffffa8]Q:+[0xffffff94]U[0xffffffe9][0xffffffae][0xffffff88][0xffffff92]%[0xffffffc3]bw.W[0x16][0xffffffbb][0xffffff82]/[0xffffffa5]E[0xffffffb1][0xfffffffb][0xffffffc5][0xffffffc3][0xffffffe0]'[0xf][0xffffff8b][0xffffffdf]<[0xffffffe0][0x1f]=[0xffffffc0]_=[0xffffffbc]~[0xfffffff6][0xffffffb0][0xfffffff9][0xffffffdd][0xffffffc3][0xffffffe8][0xffffff87][0xf][0xffffff8b]_>[0xfffffff0][0xffffff9f]>[0xffffffac][0x7f][0xfffffffb][0xfffffff0][0xfffffffb][0xfffffff1][0xffffffc3][0xfffffff1][0xffffffd7][0xf][0xffffffaf][0xffffff9f]?|~[0xffffffff][0xfffffff8]{[0xfffffffc][0x0]R[0xffffffa6][ZL>-[0xffffffa6]CZL6-&[0xffffff97][0x16][0xffffffd3]*-v[0x1e][0xffffffb1][0xffffffb4][0xffffff88]Tbi[0xffffffb1][0xffffffb3][0xffffff89][0xffffffa4][0xffffffc5][0xffffffa4][0xffffffd3]b:[0xffffffa7]E[0xffffffd0]([0xffffff9e][0x16][0xffffffc2][0xffffffaa]xZ[0x4][0xffffffc9][0xffffffa2]i1m[0xffffffd2]b[0xfffffffe][0x1d][0xffffffd2][0xffffffa2][\r][0xffffffb3][0xffffffb4]h[0x3]O[0xffffff8b][0xfffffffb][0x11][0xfffffff8][0xffffffb4][0xfffffff8]8[0x4][0xffffff95][0x16][0xfffffff7][0xffffffc7]Si[0xfffffff1][0xfffffffe]h[0xffffff97][0xffffffb4][0x8]<Ri![0xffffffa8][0xffffffa4][0xffffffd2]"[0xffffffb0]I[0xffffffa4][0xffffffc5]Fh~Zl[0xffffff9c]z[0xffffffa5]E[0xffffffd4]([0xffffff9d][0x16][0xffffffca][0xffffffaa]tZD[0xffffffc9][0xffffff92]i[0xffffffb1];[0xffffff97]K[0xffffff8b]][0xffffffc1][0xffffff97][0xffffffd2][0xffffffa2][0xffffffbb][0xffffffbd][0xffffffb5][0xffffffe8][0xfffffffc][[0xffffff8b][0xffffffee][0xfffffff0][0xffffffd6][0xffffffa2][0xffffffb3]o-:[0xfffffff7][0xffffffd6][0xffffffa2][[0xffffffbd][0xffffffb5][0x8]<Ri![0xffffffa8][0xffffffa4][0xffffffd2]"[0xffffffb0]I[0xffffffa4]E[0xffffffa7][0xffffffdf]Zt[0xffffffe7][0xffffffb7][0x16]Q[0xffffffa3]tZ([0xffffffab][0xffffffd2]i[0x11]%K[0xffffffa6][0xffffffc5][0xffffffee]\.-v[0x5]_J[0xffffff8b][0xffffffe9][0xfffffff6][0xffffffd6]b[0xfffffff2]o-[0xffffffa6][0xffffffc3][[0xffffff8b][0xffffffc9][0xffffffbe][0xffffffb5][0xffffff98][0xffffffdc][[0xffffff8b]i[0xfffffff5][0xffffffd6]"[0xfffffff0]H[0xffffffa5][0xffffff85][0xffffffa0][0xffffff92]J[0xffffff8b][0xffffffc0]&[0xffffff91][0x16][0xffffff93]~k1[0xffffff9d][0xffffffdf]ZD[0xffffff8d][0xffffffd2]i[0xffffffa1][0xffffffac]J[0xffffffa7]E[0xffffff94],[0xffffff99][0x16][0xffffffbb]s[0xffffffb9][0xffffffb4][0xffffffd8][0x15]|)-[0xffffff8e][7k[0xffffff8b][0xfffffffb][0xffffff89][0xfffffff0][0xffffffb8]x;[0x3]_[0x17][0xffffffdf]NA[0xffffffe5][0xffffffc5][0xffffffdb][0xfffffff3][0xffffffa9][0xffffffbe][0xfffffff8]x[0xffffffb6]K`D([0xffffffa9][0xffffffc2]PhR[0xffffff89][0x11][0x1]%[0x1a]c[0xffffffc7]4?2vX[0xffffffbd]*C[0x8][0xffffff95][0xffffffce][0xc][0xffffffe9]W[0xffffffba]3[0xffffff84]n[0xffffffc9][0xffffffd0][0x8][0xfffffff6][0xffffffe5]J#[0xffffffc8][0xfffffff8]Zj[0xffffffd8][0xffffff8d][0xffffff8c][0x1c][0x6]3#[0xffffff87][0xffffffc5][0xffffffd0][0xffffffc8][0x11]/4[0xffffffe7][0xffffffc2][0xe][0xffffff8e][0xffffff8d][0x1c]^s#[0x11]J,5[0xffffff8c]&G"[0xffffffa0]Hj[0xffffffe0][0xffffffb3]#;[0xffffffac]f[0xffffffa9][0xffffffe1]7="[0xfffffffd][0xffffff8a][0xffffffa7][0xffffff86][0xffffffd7][0xfffffffc]H[0xffffffb0]/[0xffffff98][0x1a]?3A[0xffffffd2][0x1e][0xffffffff][0xffffff94][0xffffffd2][0xffffffc5]b[0xffffffef][0xffffffde][0xffffffd7][0xffffff99][0x1e][0x1a][0xffffff9f][0xffffffe7][0xffffffa1]2[0xffffffe3][0xffffffcb][0x9][0xffffffb0][0xffffffc8][0xffffffd8][0xffffffce][0xffffff90][0xffffff9c][0x18]_[0xffffff9e][0xffffff9e][0x1c][0x18][0xffffffbf]~2[0xffffff9c][0x17]OQL[0xffffff8e][0xffffff8b][0x1f][0x0][0xffffff99][0xffffff9c][0x16]O[0xffffffb1]L[0xc][0xffffff8b]'p[0xffffffa6]e[0xffffffc5][0x13]D-[0xffffffa2][0xffffffe2][0xffffffb9]<[0xffffffa1][0xffffffa4][0xfffffff8][0xffffff91]K[0xffffffa1][0xffffffa0]x[0xffffffae]V '[0xffffff9e][0xffffff99]6=&[0xffffff9e][0xffffff89][0xfffffff7]BJ[0xc][0xffffff95][0x12][0xffffffe3][0xffffffc4]Rb[0xffffffe0])1[0xc]RbD[0xffffffde][0x13][0x1][0x1f]XJ[0xc][0xffffffa7][0xffffff94][0xffffff88](2)[0xffffffa1][0xffffff80]dR"b[0xffffff99][0xffffff9f][0x12];[0xffffff9c][0xffffffd9])[0xffffffb1]#[0xffffffea][0xffffff94][0x12]B[0xffffff9e]lJH[0xffffff97][0xffffffb2])![0xffffffd4][0xffffffca][0xffffffa5]D0-[0xffffff95][0x12]A[0xffffffbc][0x17]Rb[0xffffff8a][0xffffff94][0x18]uU*%&[0xffffff9e][0x12][0xffffffd3] %f[0xffffffe4]=[0x11][0xfffffff0][0xffffff89][0xffffffa5][0xffffffc4]tJ[0xffffff89][0xffffff88]"[0xffffff93][0x12][\n]"
08:17:55.108 [TestNG-PoolService-2] DEBUG org.apache.hc.client5.http.wire -- http-outgoing-5 << "H&%"[0xffffff96][0xfffffff9])[0xffffffb1][0xffffffc3][0xffffff99][0xffffff9d][0x12];[0xffffffa2]N)![0xffffffe4][0xffffffc9][0xffffffa6][0xffffff84]t)[0xffffff9b][0x12]B[0xffffffad]\J[0x4][0xffffffd3]R)[0x11][0xffffffc4][0xfffffffb]zJ[0xffffffd4][0xffffff9b]J[0xffffff89]5&[0xffffff94][0x12]o[0xffffffe7]aS[0xffffffe2]q[0x2]8%[0xffffffbe][0xffffff9f][0x1]I[0xffffff89][0xffffffc7][0xffffffd3][0xffffff91][0xffffff94][0xfffffff8][0xfffffff6]d[0xffffff8b][0xffffff94][0x10](")![0xffffff81]DRB`[0xffffff99][0xffffff9e][0x12][0x1][0xffffffce][0xffffffe4][0xffffff94][0x8][0xffffff88][0x1a][0xffffffa5][0xffffff84][0xffffff92]'[0xffffff9a][0x12][0xffffffda][0xffffffa5]hJ([0xffffffb5]b)[0x11]M[0xb][0xffffffa5]D[0x14][0xffffffef][0xffffff85][0xffffff94]8DJ[0xffffff9c][0xffffffc7][0xffffffa4][0xffffffde]J[0xffffffbc][0xffffff9d][0x7]N[0xffffff89][0xffffffc3] %[0xffffff8e][0xffffffc8]{"[0xffffffe0][0x7][0xffffff96][0x12][0xffffff87]SJD[0x14][0xffffff99][0xffffff94]P@2)[0x11][0xffffffb1][0xffffffcc]O[0xffffff89][0x1d][0xffffffce][0xffffffec][0xffffff94][0xffffffd8][0x11]uJ[0x9]!O6%[0xffffffa4]K[0xffffffd9][0xffffff94][0x10]j[0xffffffe5]R"[0xffffff98][0xffffff96]J[0xffffff89] [0xffffffde][0xb])QTJ[0xffffffd4][0xffffffd9][0xffffffa9][0xffffff94](xJ[0x14][0xffffff83][0xffffff94]([0xffffff91][0xfffffff7]D[0xffffffc0][0xb][0xffffff96][0x12][0xffffffc5])%"[0xffffff8a]LJ( [0xffffff99][0xffffff94][0xffffff88]X[0xffffffe6][0xffffffa7][0xffffffc4][0xe]gvJ[0xffffffec][0xffffff88]:[0xffffffa5][0xffffff84][0xffffff90]'[0xffffff9b][0x12][0xffffffd2][0xffffffa5]lJ[0x8][0xffffffb5]r)[0x11]LK[0xffffffa5]D[0x10][0xffffffef][0xffffff85][0xffffff94][0xffffffa8]*%[0x1a][0xffffff97][0x12][0x15]O[0xffffff89]j[0xffffff90][0x12]5[0xfffffff2][0xffffff9e][0x8]x[0xffffffc5]R[0xffffffa2]:[0xffffffa5]DD[0xffffff91]I[0x9][0x5]$[0xffffff93][0x12][0x11][0xffffffcb][0xfffffffc][0xffffff94][0xffffffd8][0xffffffe1][0xffffffcc]N[0xffffff89][0x1d]Q[0xffffffa7][0xffffff94][0x10][0xfffffff2]dSB[0xffffffba][0xffffff94]M[0x9][0xffffffa1]V.%[0xffffff82]i[0xffffffa9][0xffffff94][0x8][0xffffffe2][0xffffffbd][0xffffff90][0x12]M[0xffffffa5]D/7*%[0x1a][0xffffff9e][0x12][0xffffffcd] %Z[0xffffffe4]=[0x11][0xfffffff0][0xffffff86][0xffffffa5]DsJ[0xffffff89][0xffffff88]"[0xffffff93][0x12][\n]"
08:17:55.109 [TestNG-PoolService-1] DEBUG org.apache.hc.client5.http.wire -- http-outgoing-3 << "H&%"[0xffffff96][0xfffffff9])[0xffffffb1][0xffffffc3][0xffffff99][0xffffff9d][0x12];[0xffffffa2]N)![0xffffffe4][0xffffffc9][0xffffffa6][0xffffff84]t)[0xffffff9b][0x12]B[0xffffffad]\J[0x4][0xffffffd3]R)[0x11][0xffffffc4]{!%[0xffffff96]J[0xffffff89][0xffffffb3]/*%[0x16][0xffffff9e][0x12][0xffffffcb] %V[0xffffffe4]=[0x11][0xfffffff0][0xffffff85][0xffffffa5][0xffffffc4]rJ[0xffffff89][0xffffff88]"[0xffffff93][0x12][\n]"
08:17:55.109 [TestNG-PoolService-2] DEBUG org.apache.hc.client5.http.wire -- http-outgoing-5 << "H&%"[0xffffff96][0xfffffff9])[0xffffffb1][0xffffffc3][0xffffff99][0xffffff9d][0x12];[0xffffffa2]N)![0xffffffe4][0xffffffc9][0xffffffa6][0xffffff84]t)[0xffffff9b][0x12]B[0xffffffad]\J[0x4][0xffffffd3]R)[0x11][0xffffffc4]{!%[0xffffffd4][0xffffff8a][0xffffffaa][0xffffffb3][0xffffff8f]B[0xffffffa5][0x4][0xffffffbe][0xffffffa2][0xffffffaa][0x1a][0xffffffac][0xffffffa8][0xffffffaa]b[0xffffff8f]J"[0xffffffe0][0xffffffd8][0xffffff8a][0xffffffaa][0x1a]6[0xffffffa5][0xffffff90])a[0xffffffb2][0xffffffa2]J[0x2][0xffffffc9][0xffffffa4][0xffffff84][0xffffffc1][0xffffff8a][0xffffffaa][0x0]gvJ[0x18][0xffffffaf][0xffffffa8]R[0xfffffff2]dS[0xffffffc2]oE[0xffffff95]R+[0xffffff97][0x12].+[0xffffffaa][0xffffffa2]x/[0xffffffa4][0xffffff84]ZQu[0xfffffff6][0xffffff85]][0xffffffbb][0xffffffc4]WTU[0xffffff83][0x15]UU[0xffffffec]QI[0x4][0x1c][QU[0xffffffc3][0xffffffa6][0x14]2%LVTI [0xffffff99][0xffffff94]0XQ[0x15][0xffffffe0][0xffffffcc]N[0x9][0xffffffe3][0x15]UJ[0xffffff9e]lJ[0xfffffff8][0xffffffad][0xffffffa8]Rj[0xffffffe5]R[0xffffffc2]eEU[0x14][0xffffffef][0xffffff85][0xffffff94]8UJ[0xffffff8c][0xffffff86][0xffffffbd][0xffffff95]8[0xfffffff1][0xffffff94]8[\r]R[0xffffffe2][0xffffff8c][0xffffffbc]'[0x2]~b)q:[0xffffffa5]DD[0xffffff91]I[0x9][0x5]$[0xffffff93][0x12][0x11][0xffffffcb][0xfffffffc][0xffffff94][0xffffffd8][0xffffffe1][0xffffffcc]N[0xffffff89][0x1d]Q[0xffffffa7][0xffffff94][0x10][0xfffffff2]dSB[0xffffffba][0xffffff94]M[0x9][0xffffffa1]V.%[0xffffff82]i[0xffffffa9][0xffffff94][0x8][0xffffffe2][0xffffffbd][0xffffff90][0x12]j[0xffffffdb][0xffffffe5]y.l[0xffffffaf][0x4][0xffffffbe][0xffffffed][0xffffffb2][0x1a]l[0xffffffbb][0xffffffac]b%["[0xffffffe0][0xffffffd8][0xffffffb6][0xffffffcb][0x1a][0xffffff96][0xffffffae][0xffffff91])a[0xffffffb2][0xffffffed]R[0x2][0xffffffc9][0xffffffa4][0xffffff84][0xffffffc1][0xffffffb6][0xffffffcb][0x0]gvJ[0x18]o[0xffffffbb]T[0xfffffff2]dS[0xffffffc2]o[0xffffffdb][0xffffffa5]R+[0xffffff97][0x12].[0xffffffdb].[0xffffffa3]x/[0xffffffa4][0xffffff84][0xffffffda]v9[0xffffff8f][0xffffff8a][0xffffffbd][0xffffff95][0xffffffc0][0xffffffb7]]V[0xffffff83]m[0xffffff97]U[0xffffffac]dK[0x4][0x1c][0xffffffdb]vY[0xffffffc3][0xffffffd2]52%L[0xffffffb6]]J [0xffffff99][0xffffff94]0[0xffffffd8]v[0x19][0xffffffe0][0xffffffcc]N[0x9][0xffffffe3]m[0xffffff97]J[0xffffff9e]lJ[0xfffffff8]m[0xffffffbb]Tj[0xffffffe5]R[0xffffffc2]e[0xffffffdb]e[0x14][0xffffffef][0xffffffeb])[0xffffffd1][0xffffffd4][0xffffff8a][0xffffffaa]9nTJ4|EU3XQ[0xffffffd5][0xffffffc4][0x1e][0xffffff95]<[0xffffffc0][0x1b][0xffffffb6][0xffffffa2][0xffffffaa][0xffffff85]M)`J[0x8][0x14][0xffffff91][0xffffff94][0xffffff90]@")![0xffffffb0]LO[0xffffff89][0x0]grJ[0x4]D[0xffffff8d]RB[0xffffffc9][0x13]M[0x9][0xffffffed]R4%[0xffffff94]Z[0xffffffb1][0xffffff94][0xffffff88][0xffffffa6][0xffffff85]R"[0xffffff8a][0xfffffff7]BJ[0xffffff94]_JL[0xffffff89][0xffffffd5][0xf]*%[0xffffffee][0xffffffe7][0xffffff81]S[0xffffffe2][0xffffffed][0x4]tJ|;[0x3][0xffffff93][0x12]oOgR[0xffffffe2][0xffffffe3][0xffffffc9][0x1e])[0x11]QdRB[0x1][0xffffffc9][0xffffffa4]D[0xffffffc4]2?%v8[0xffffffb3]SbG[0xffffffd4])%[0xffffff84]<[0xffffffd9][0xffffff94][0xffffff90].eSB[0xffffffa8][0xffffff95]K[0xffffff89]`Z*%[0xffffff82]x/[0xffffffa5]D5K[0xffffff89][0xffffff8a][0xffffffa7]D5H[0xffffff89][0xffffff8a][0xffffffa6]D[0xffffffc5]R[0xffffffa2]:[0xffffffa5][0xffffffc4][0xffffff8e]"[0xffffff95][0x12][0x11]H*%v,[0xffffff89][0xffffff94][0xffffffa8]pJT[0xffffffe3][0xffffff94][0x8][0xfffffff2][0xffffffa4]SB[0xffffffb8][0xffffff94]N[0xffffff89][0xffffffa0]V2%[0xffffffaa]KJ[0xffffffd4][0xffffff9f]N[0x9][0xffffffb5][0xffffffed]r[0xffffffd5]Am[0xffffffbb]l[0xfffffff8][0xffffffb6][0xffffffcb]f[0xffffffb0][0xffffffed][0xffffffb2][0xffffff89][0xffffff95]l[0xffffff89][0xffffff80]c[0xffffffdb].[X[0xffffffba]F[0xffffffa6][0xffffff84][0xffffffc9][0xffffffb6]K[0x9]$[0xffffff93][0x12][0x6][0xffffffdb].[0x3][0xffffff9c][0xffffffd9])a[0xffffffbc][0xffffffed]R[0xffffffc9][0xffffff93]M[0x9][0xffffffbf]m[0xffffff97]J[0xffffffad]\J[0xffffffb8]l[0xffffffbb][0xffffff8c][0xffffffe2][0xffffffbd][0xffffff90][0x12]M[0xffffffa5]D;O*%[0x1a][0xffffff9e][0x12][0xffffffcd] %Z[0xffffffe4]=[0x11][0xfffffff0][0xffffff86][0xffffffa5]DsJ[0xffffff89][0xffffff88]"[0xffffff93][0x12][\n]"
08:17:55.109 [TestNG-PoolService-1] DEBUG org.apache.hc.client5.http.wire -- http-outgoing-3 << "H&%"[0xffffff96][0xfffffff9])[0xffffffb1][0xffffffc3][0xffffff99][0xffffff9d][0x12];[0xffffffa2]N)![0xffffffe4][0xffffffc9][0xffffffa6][0xffffff84]t)[0xffffff9b][0x12]B[0xffffffad]\J[0x4][0xffffffd3]R)[0x11][0xffffffc4][0xfffffffb]zJ[0xffffffd4][0xffffff9b]J[0xffffff89]5&[0xffffff94][0x12]o[0xffffffe7]aS[0xffffffe2]q[0x2]8%[0xffffffbe][0xffffff9f][0x1]I[0xffffff89][0xffffffc7][0xffffffd3][0xffffff91][0xffffff94][0xfffffff8][0xfffffff6]d[0xffffff8b][0xffffff94][0x10](")![0xffffff81]DRB`[0xffffff99][0xffffff9e][0x12][0x1][0xffffffce][0xffffffe4][0xffffff94][0x8][0xffffff88][0x1a][0xffffffa5][0xffffff84][0xffffff92]'[0xffffff9a][0x12][0xffffffda][0xffffffa5]hJ([0xffffffb5]b)[0x11]M[0xb][0xffffffa5]D[0x14][0xffffffef][0xffffff85][0xffffff94]8DJ[0xffffff9c][0xffffffc7][0xffffffa4][0xffffffde]J[0xffffffbc][0xffffff9d][0x7]N[0xffffff89][0xffffffc3] %[0xffffff8e][0xffffffc8]{"[0xffffffe0][0x7][0xffffff96][0x12][0xffffff87]SJD[0x14][0xffffff99][0xffffff94]P@2)[0x11][0xffffffb1][0xffffffcc]O[0xffffff89][0x1d][0xffffffce][0xffffffec][0xffffff94][0xffffffd8][0x11]uJ[0x9]!O6%[0xffffffa4]K[0xffffffd9][0xffffff94][0x10]j[0xffffffe5]R"[0xffffff98][0xffffff96]J[0xffffff89] [0xffffffde][0xb])QTJ[0xffffffd4][0xffffffd9][0xffffffa9][0xffffff94](xJ[0x14][0xffffff83][0xffffff94]([0xffffff91][0xfffffff7]D[0xffffffc0][0xb][0xffffff96][0x12][0xffffffc5])%"[0xffffff8a]LJ( [0xffffff99][0xffffff94][0xffffff88]X[0xffffffe6][0xffffffa7][0xffffffc4][0xe]gvJ[0xffffffec][0xffffff88]:[0xffffffa5][0xffffff84][0xffffff90]'[0xffffff9b][0x12][0xffffffd2][0xffffffa5]lJ[0x8][0xffffffb5]r)[0x11]LK[0xffffffa5]D[0x10][0xffffffef][0xffffff85][0xffffff94][0xffffffa8]*%[0x1a][0xffffff97][0x12][0x15]O[0xffffff89]j[0xffffff90][0x12]5[0xfffffff2][0xffffff9e][0x8]x[0xffffffc5]R[0xffffffa2]:[0xffffffa5]DD[0xffffff91]I[0x9][0x5]$[0xffffff93][0x12][0x11][0xffffffcb][0xfffffffc][0xffffff94][0xffffffd8][0xffffffe1][0xffffffcc]N[0xffffff89][0x1d]Q[0xffffffa7][0xffffff94][0x10][0xfffffff2]dSB[0xffffffba][0xffffff94]M[0x9][0xffffffa1]V.%[0xffffff82]i[0xffffffa9][0xffffff94][0x8][0xffffffe2][0xffffffbd][0xffffff90][0x12]M[0xffffffa5]D/7*%[0x1a][0xffffff9e][0x12][0xffffffcd] %Z[0xffffffe4]=[0x11][0xfffffff0][0xffffff86][0xffffffa5]DsJ[0xffffff89][0xffffff88]"[0xffffff93][0x12][\n]"
08:17:55.109 [TestNG-PoolService-2] DEBUG org.apache.hc.client5.http.wire -- http-outgoing-5 << "H&%"[0xffffff96][0xfffffff9])[0xffffffb1][0xffffffc3][0xffffff99][0xffffff9d][0x12];[0xffffffa2]N)![0xffffffe4][0xffffffc9][0xffffffa6][0xffffff84]t)[0xffffff9b][0x12]B[0xffffffad]\J[0x4][0xffffffd3]R)[0x11][0xffffffc4]{!%[0xffffffd4][0xffffffb6][0xffffffcb][0xffffffb5][0xffffffce]A[0xffffffa5][0x4][0xffffffbe][0xffffffed][0xffffffb2][0x19]l[0xffffffbb]lb%["[0xffffffe0][0xffffffd8][0xffffffb6][0xffffffcb][0x16][0xffffff96][0xffffffae][0xffffff91])a[0xffffffb2][0xffffffed]R[0x2][0xffffffc9][0xffffffa4][0xffffff84][0xffffffc1][0xffffffb6][0xffffffcb][0x0]gvJ[0x18]o[0xffffffbb]T[0xfffffff2]dS[0xffffffc2]o[0xffffffdb][0xffffffa5]R+[0xffffff97][0x12].[0xffffffdb].[0xffffffa3]x/[0xffffffa4][0xffffff84][0xffffffd8]vy[0xffffffde][0xffffffb8]a[0xffffffd0][0xffffff86]o[0xffffffbb]l[0x6][0xffffffdb].[0xffffff9b]X[0xffffffc9][0xffffff96][0x8]8[0xffffffb6][0xffffffed][0xffffffb2][0xffffff85][0xffffffa5]kdJ[0xffffff98]l[0xffffffbb][0xffffff94]@2)a[0xffffffb0][0xffffffed]2[0xffffffc0][0xffffff99][0xffffff9d][0x12][0xffffffc6][0xffffffdb].[0xffffff95]<[0xffffffd9][0xffffff94][0xfffffff0][0xffffffdb]v[0xffffffa9][0xffffffd4][0xffffffca][0xffffffa5][0xffffff84][0xffffffcb][0xffffffb6][0xffffffcb]([0xffffffde][0xb])![0xffffffb6]][0xffffff9e][0xffffffb7]~P+[0xffffffaa][0x1a][0xffffffbe][0xffffffed][0xffffffb2][0x19]l[0xffffffbb]lb%["[0xffffffe0][0xffffffd8][0xffffffb6][0xffffffcb][0x16][0xffffff96][0xffffffae][0xffffff91])a[0xffffffb2][0xffffffed]R[0x2][0xffffffc9][0xffffffa4][0xffffff84][0xffffffc1][0xffffffb6][0xffffffcb][0x0]gvJ[0x18]o[0xffffffbb]T[0xfffffff2]dS[0xffffffc2]o[0xffffffdb][0xffffffa5]R+[0xffffff97][0x12].[0xffffffdb].[0xffffffa3]x/[0xffffffa4][0xffffff84][0xffffffd8]vy[0xffffffde][0x6][0xffffff97][0x12][0xfffffff8][0xffffffb6][0xffffffcb]f[0xffffffb0][0xffffffed][0xffffffb2][0xffffff89][0xffffff95]l[0xffffff89][0xffffff80]c[0xffffffdb].[X[0xffffffba]F[0xffffffa6][0xffffff84][0xffffffc9][0xffffffb6]K[0x9]$[0xffffff93][0x12][0x6][0xffffffdb].[0x3][0xffffff9c][0xffffffd9])a[0xffffffbc][0xffffffed]R[0xffffffc9][0xffffff93]M[0x9][0xffffffbf]m[0xffffff97]J[0xffffffad]\J[0xffffffb8]l[0xffffffbb][0xffffff8c][0xffffffe2][0xffffffbd][0xffffff90][0x12]b[0xffffffdb][0xffffffe5]=%[0x6][0xffffff96][0x12][0xfffffff8][0xffffffb6][0xffffffcb]f[0xffffffb0][0xffffffed][0xffffffb2][0xffffff89][0xffffff95]l[0xffffff89][0xffffff80]c[0xffffffdb].[X[0xffffffba]F[0xffffffa6][0xffffff84][0xffffffc9][0xffffffb6]K[0x9]$[0xffffff93][0x12][0x6][0xffffffdb].[0x3][0xffffff9c][0xffffffd9])a[0xffffffbc][0xffffffed]R[0xffffffc9][0xffffff93]M[0x9][0xffffffbf]m[0xffffff97]J[0xffffffad]\J[0xffffffb8]l[0xffffffbb][0xffffff8c][0xffffffe2]}=%[0xfffffffa]M[0xffffffa5][0xffffffc4]=&[0xffffffa0][0xffffff94]x;[0xf][0xffffff9b][0x12][0xffffff8f][0x13][0xffffffc0])[0xfffffff1][0xfffffffd][0xc]HJ<[0xffffff9e][0xffffff8e][0xffffffa4][0xffffffc4][0xffffffb7]'[[0xffffffa4][0xffffff84]@[0x11]I[0x9][0x9]$[0xffffff92][0x12][0x2][0xffffffcb][0xfffffff4][0xffffff94][0x8]p&[0xffffffa7]D@[0xffffffd4](%[0xffffff94]<[0xffffffd1][0xffffff94][0xffffffd0].ESB[0xffffffa9][0x15]K[0xffffff89]hZ(%[0xffffffa2]x/[0xffffffa4][0xffffff84]X[0xffffff9c]}O[0xffffff89][0xffffffc7]1[0xffffff91][0xffffff94][0xffffffc0][0x17]gw[0xffffff83][0xffffffc5][0xffffffd9]]lwM[0x4][0x1c][[0xffffff9c][0xffffffdd][0xffffffc3][0xfffffffe]V2%L[0x16]gK [0xffffff99][0xffffff94]0X[0xffffff9c][0x1d][0xffffffe0][0xffffffcc]N[0x9][0xffffffe3][0xffffffc5][0xffffffd9]J[0xffffff9e]lJ[0xfffffff8]-[0xffffffce]Vj[0xffffffe5]R[0xffffffc2]eqv[0x14][0xffffffef][0xffffff85][0xffffff94]([0xffffffbf][0x1c]1%V[0xffffffbf]Q)q?[0xf][0xffffff9c][0x12]o'[0xffffffa0]S[0xffffffe2][0xffffffdb][0x19][0xffffff98][0xffffff94]x{:[0xffffff93][0x12][0x1f]O[0xfffffff6]H[0xffffff89][0xffffff88]"[0xffffff93][0x12][\n]"
08:17:55.109 [TestNG-PoolService-1] DEBUG org.apache.hc.client5.http.wire -- http-outgoing-3 << "H&%"[0xffffff96][0xfffffff9])[0xffffffb1][0xffffffc3][0xffffff99][0xffffff9d][0x12];[0xffffffa2]N)![0xffffffe4][0xffffffc9][0xffffffa6][0xffffff84]t)[0xffffff9b][0x12]B[0xffffffad]\J[0x4][0xffffffd3]R)[0x11][0xffffffc4]{!%[0xffffffd4][0xffffff8a][0xffffffaa][0xffffffb3][0xffffff8f]B[0xffffffa5][0x4][0xffffffbe][0xffffffa2][0xffffffaa][0x1a][0xffffffac][0xffffffa8][0xffffffaa]b[0xffffff8f]J"[0xffffffe0][0xffffffd8][0xffffff8a][0xffffffaa][0x1a]6[0xffffffa5][0xffffff90])a[0xffffffb2][0xffffffa2]J[0x2][0xffffffc9][0xffffffa4][0xffffff84][0xffffffc1][0xffffff8a][0xffffffaa][0x0]gvJ[0x18][0xffffffaf][0xffffffa8]R[0xfffffff2]dS[0xffffffc2]oE[0xffffff95]R+[0xffffff97][0x12].+[0xffffffaa][0xffffffa2]x/[0xffffffa4][0xffffff84]ZQu[0xfffffff6][0xffffff85]][0xffffffbb][0xffffffc4]WTU[0xffffff83][0x15]UU[0xffffffec]QI[0x4][0x1c][QU[0xffffffc3][0xffffffa6][0x14]2%LVTI [0xffffff99][0xffffff94]0XQ[0x15][0xffffffe0][0xffffffcc]N[0x9][0xffffffe3][0x15]UJ[0xffffff9e]lJ[0xfffffff8][0xffffffad][0xffffffa8]Rj[0xffffffe5]R[0xffffffc2]eEU[0x14][0xffffffef][0xffffff85][0xffffff94]8UJ[0xffffff8c][0xffffff86][0xffffffbd][0xffffff95]8[0xfffffff1][0xffffff94]8[\r]R[0xffffffe2][0xffffff8c][0xffffffbc]'[0x2]~b)q:[0xffffffa5]DD[0xffffff91]I[0x9][0x5]$[0xffffff93][0x12][0x11][0xffffffcb][0xfffffffc][0xffffff94][0xffffffd8][0xffffffe1][0xffffffcc]N[0xffffff89][0x1d]Q[0xffffffa7][0xffffff94][0x10][0xfffffff2]dSB[0xffffffba][0xffffff94]M[0x9][0xffffffa1]V.%[0xffffff82]i[0xffffffa9][0xffffff94][0x8][0xffffffe2][0xffffffbd][0xffffff90][0x12]j[0xffffffdb][0xffffffe5]y.l[0xffffffaf][0x4][0xffffffbe][0xffffffed][0xffffffb2][0x1a]l[0xffffffbb][0xffffffac]b%["[0xffffffe0][0xffffffd8][0xffffffb6][0xffffffcb][0x1a][0xffffff96][0xffffffae][0xffffff91])a[0xffffffb2][0xffffffed]R[0x2][0xffffffc9][0xffffffa4][0xffffff84][0xffffffc1][0xffffffb6][0xffffffcb][0x0]gvJ[0x18]o[0xffffffbb]T[0xfffffff2]dS[0xffffffc2]o[0xffffffdb][0xffffffa5]R+[0xffffff97][0x12].[0xffffffdb].[0xffffffa3]x/[0xffffffa4][0xffffff84][0xffffffda]v9[0xffffff8f][0xffffff8a][0xffffffbd][0xffffff95][0xffffffc0][0xffffffb7]]V[0xffffff83]m[0xffffff97]U[0xffffffac]dK[0x4][0x1c][0xffffffdb]vY[0xffffffc3][0xffffffd2]52%L[0xffffffb6]]J [0xffffff99][0xffffff94]0[0xffffffd8]v[0x19][0xffffffe0][0xffffffcc]N[0x9][0xffffffe3]m[0xffffff97]J[0xffffff9e]lJ[0xfffffff8]m[0xffffffbb]Tj[0xffffffe5]R[0xffffffc2]e[0xffffffdb]e[0x14][0xffffffef][0xffffffeb])[0xffffffd1][0xffffffd4][0xffffff8a][0xffffffaa]9nTJ4|EU3XQ[0xffffffd5][0xffffffc4][0x1e][0xffffff95]<[0xffffffc0][0x1b][0xffffffb6][0xffffffa2][0xffffffaa][0xffffff85]M)`J[0x8][0x14][0xffffff91][0xffffff94][0xffffff90]@")![0xffffffb0]LO[0xffffff89][0x0]grJ[0x4]D[0xffffff8d]RB[0xffffffc9][0x13]M[0x9][0xffffffed]R4%[0xffffff94]Z[0xffffffb1][0xffffff94][0xffffff88][0xffffffa6][0xffffff85]R"[0xffffff8a][0xfffffff7]BJ[0xffffff94]_JL[0xffffff89][0xffffffd5][0xf]*%[0xffffffee][0xffffffe7][0xffffff81]S[0xffffffe2][0xffffffed][0x4]tJ|;[0x3][0xffffff93][0x12]oOgR[0xffffffe2][0xffffffe3][0xffffffc9][0x1e])[0x11]QdRB[0x1][0xffffffc9][0xffffffa4]D[0xffffffc4]2?%v8[0xffffffb3]SbG[0xffffffd4])%[0xffffff84]<[0xffffffd9][0xffffff94][0xffffff90].eSB[0xffffffa8][0xffffff95]K[0xffffff89]`Z*%[0xffffff82]x/[0xffffffa5]D5K[0xffffff89][0xffffff8a][0xffffffa7]D5H[0xffffff89][0xffffff8a][0xffffffa6]D[0xffffffc5]R[0xffffffa2]:[0xffffffa5][0xffffffc4][0xffffff8e]"[0xffffff95][0x12][0x11]H*%v,[0xffffff89][0xffffff94][0xffffffa8]pJT[0xffffffe3][0xffffff94][0x8][0xfffffff2][0xffffffa4]SB[0xffffffb8][0xffffff94]N[0xffffff89][0xffffffa0]V2%[0xffffffaa]KJ[0xffffffd4][0xffffff9f]N[0x9][0xffffffb5][0xffffffed]r[0xffffffd5]Am[0xffffffbb]l[0xfffffff8][0xffffffb6][0xffffffcb]f[0xffffffb0][0xffffffed][0xffffffb2][0xffffff89][0xffffff95]l[0xffffff89][0xffffff80]c[0xffffffdb].[X[0xffffffba]F[0xffffffa6][0xffffff84][0xffffffc9][0xffffffb6]K[0x9]$[0xffffff93][0x12][0x6][0xffffffdb].[0x3][0xffffff9c][0xffffffd9])a[0xffffffbc][0xffffffed]R[0xffffffc9][0xffffff93]M[0x9][0xffffffbf]m[0xffffff97]J[0xffffffad]\J[0xffffffb8]l[0xffffffbb][0xffffff8c][0xffffffe2][0xffffffbd][0xffffff90][0x12]M[0xffffffa5]D;O*%[0x1a][0xffffff9e][0x12][0xffffffcd] %Z[0xffffffe4]=[0x11][0xfffffff0][0xffffff86][0xffffffa5]DsJ[0xffffff89][0xffffff88]"[0xffffff93][0x12][\n]"
08:17:55.110 [TestNG-PoolService-2] DEBUG org.apache.hc.client5.http.wire -- http-outgoing-5 << "H&%"[0xffffff96][0xfffffff9])[0xffffffb1][0xffffffc3][0xffffff99][0xffffff9d][0x12];[0xffffffa2]N)![0xffffffe4][0xffffffc9][0xffffffa6][0xffffff84]t)[0xffffff9b][0x12]B[0xffffffad]\J[0x4][0xffffffd3]R)[0x11][0xffffffc4]{!%[0xffffffc4][0xffffffb6][0xffffffcb][0xfffffff3][0xffffffa8][0xffffff85][0xffffffda]v[0xffffffd9][0xfffffff1]m[0xffffff97][0xffffffdd]`[0xffffffdb]e[0x17]+[0xffffffd9][0x12][0x1][0xffffffc7][0xffffffb6]][0xfffffff6][0xffffffb0]t[0xffffff8d]L[0x9][0xffffff93]m[0xffffff97][0x12]H&%[0xc][0xffffffb6]][0x6]8[0xffffffb3]S[0xffffffc2]x[0xffffffdb][0xffffffa5][0xffffff92]'[0xffffff9b][0x12]~[0xffffffdb].[0xffffff95]Z[0xffffffb9][0xffffff94]p[0xffffffd9]v[0x19][0xffffffc5]{!%[0xffffff9a]J[0xffffff89]~4*%[0x1a][0xffffff9e][0x12][0xffffffcd] %Z[0xffffffe4]=[0x11][0xfffffff0][0xffffff86][0xffffffa5]DsJ[0xffffff89][0xffffff88]"[0xffffff93][0x12][\n]"
08:17:55.110 [TestNG-PoolService-1] DEBUG org.apache.hc.client5.http.wire -- http-outgoing-3 << "H&%"[0xffffff96][0xfffffff9])[0xffffffb1][0xffffffc3][0xffffff99][0xffffff9d][0x12];[0xffffffa2]N)![0xffffffe4][0xffffffc9][0xffffffa6][0xffffff84]t)[0xffffff9b][0x12]B[0xffffffad]\J[0x4][0xffffffd3]R)[0x11][0xffffffc4]{!%[0xffffffd4][0xffffffb6][0xffffffcb][0xffffffb5][0xffffffce]A[0xffffffa5][0x4][0xffffffbe][0xffffffed][0xffffffb2][0x19]l[0xffffffbb]lb%["[0xffffffe0][0xffffffd8][0xffffffb6][0xffffffcb][0x16][0xffffff96][0xffffffae][0xffffff91])a[0xffffffb2][0xffffffed]R[0x2][0xffffffc9][0xffffffa4][0xffffff84][0xffffffc1][0xffffffb6][0xffffffcb][0x0]gvJ[0x18]o[0xffffffbb]T[0xfffffff2]dS[0xffffffc2]o[0xffffffdb][0xffffffa5]R+[0xffffff97][0x12].[0xffffffdb].[0xffffffa3]x/[0xffffffa4][0xffffff84][0xffffffd8]vy[0xffffffde][0xffffffb8]a[0xffffffd0][0xffffff86]o[0xffffffbb]l[0x6][0xffffffdb].[0xffffff9b]X[0xffffffc9][0xffffff96][0x8]8[0xffffffb6][0xffffffed][0xffffffb2][0xffffff85][0xffffffa5]kdJ[0xffffff98]l[0xffffffbb][0xffffff94]@2)a[0xffffffb0][0xffffffed]2[0xffffffc0][0xffffff99][0xffffff9d][0x12][0xffffffc6][0xffffffdb].[0xffffff95]<[0xffffffd9][0xffffff94][0xfffffff0][0xffffffdb]v[0xffffffa9][0xffffffd4][0xffffffca][0xffffffa5][0xffffff84][0xffffffcb][0xffffffb6][0xffffffcb]([0xffffffde][0xb])![0xffffffb6]][0xffffff9e][0xffffffb7]~P+[0xffffffaa][0x1a][0xffffffbe][0xffffffed][0xffffffb2][0x19]l[0xffffffbb]lb%["[0xffffffe0][0xffffffd8][0xffffffb6][0xffffffcb][0x16][0xffffff96][0xffffffae][0xffffff91])a[0xffffffb2][0xffffffed]R[0x2][0xffffffc9][0xffffffa4][0xffffff84][0xffffffc1][0xffffffb6][0xffffffcb][0x0]gvJ[0x18]o[0xffffffbb]T[0xfffffff2]dS[0xffffffc2]o[0xffffffdb][0xffffffa5]R+[0xffffff97][0x12].[0xffffffdb].[0xffffffa3]x/[0xffffffa4][0xffffff84][0xffffffd8]vy[0xffffffde][0x6][0xffffff97][0x12][0xfffffff8][0xffffffb6][0xffffffcb]f[0xffffffb0][0xffffffed][0xffffffb2][0xffffff89][0xffffff95]l[0xffffff89][0xffffff80]c[0xffffffdb].[X[0xffffffba]F[0xffffffa6][0xffffff84][0xffffffc9][0xffffffb6]K[0x9]$[0xffffff93][0x12][0x6][0xffffffdb].[0x3][0xffffff9c][0xffffffd9])a[0xffffffbc][0xffffffed]R[0xffffffc9][0xffffff93]M[0x9][0xffffffbf]m[0xffffff97]J[0xffffffad]\J[0xffffffb8]l[0xffffffbb][0xffffff8c][0xffffffe2][0xffffffbd][0xffffff90][0x12]b[0xffffffdb][0xffffffe5]=%[0x6][0xffffff96][0x12][0xfffffff8][0xffffffb6][0xffffffcb]f[0xffffffb0][0xffffffed][0xffffffb2][0xffffff89][0xffffff95]l[0xffffff89][0xffffff80]c[0xffffffdb].[X[0xffffffba]F[0xffffffa6][0xffffff84][0xffffffc9][0xffffffb6]K[0x9]$[0xffffff93][0x12][0x6][0xffffffdb].[0x3][0xffffff9c][0xffffffd9])a[0xffffffbc][0xffffffed]R[0xffffffc9][0xffffff93]M[0x9][0xffffffbf]m[0xffffff97]J[0xffffffad]\J[0xffffffb8]l[0xffffffbb][0xffffff8c][0xffffffe2]}=%[0xfffffffa]M[0xffffffa5][0xffffffc4]=&[0xffffffa0][0xffffff94]x;[0xf][0xffffff9b][0x12][0xffffff8f][0x13][0xffffffc0])[0xfffffff1][0xfffffffd][0xc]HJ<[0xffffff9e][0xffffff8e][0xffffffa4][0xffffffc4][0xffffffb7]'[[0xffffffa4][0xffffff84]@[0x11]I[0x9][0x9]$[0xffffff92][0x12][0x2][0xffffffcb][0xfffffff4][0xffffff94][0x8]p&[0xffffffa7]D@[0xffffffd4](%[0xffffff94]<[0xffffffd1][0xffffff94][0xffffffd0].ESB[0xffffffa9][0x15]K[0xffffff89]hZ(%[0xffffffa2]x/[0xffffffa4][0xffffff84]X[0xffffff9c]}O[0xffffff89][0xffffffc7]1[0xffffff91][0xffffff94][0xffffffc0][0x17]gw[0xffffff83][0xffffffc5][0xffffffd9]]lwM[0x4][0x1c][[0xffffff9c][0xffffffdd][0xffffffc3][0xfffffffe]V2%L[0x16]gK [0xffffff99][0xffffff94]0X[0xffffff9c][0x1d][0xffffffe0][0xffffffcc]N[0x9][0xffffffe3][0xffffffc5][0xffffffd9]J[0xffffff9e]lJ[0xfffffff8]-[0xffffffce]Vj[0xffffffe5]R[0xffffffc2]eqv[0x14][0xffffffef][0xffffff85][0xffffff94]([0xffffffbf][0x1c]1%V[0xffffffbf]Q)q?[0xf][0xffffff9c][0x12]o'[0xffffffa0]S[0xffffffe2][0xffffffdb][0x19][0xffffff98][0xffffff94]x{:[0xffffff93][0x12][0x1f]O[0xfffffff6]H[0xffffff89][0xffffff88]"[0xffffff93][0x12][\n]"
08:17:55.110 [TestNG-PoolService-2] DEBUG org.apache.hc.client5.http.wire -- http-outgoing-5 << "H&%"[0xffffff96][0xfffffff9])[0xffffffb1][0xffffffc3][0xffffff99][0xffffff9d][0x12];[0xffffffa2]N)![0xffffffe4][0xffffffc9][0xffffffa6][0xffffff84]t)"
08:17:55.110 [TestNG-PoolService-1] DEBUG org.apache.hc.client5.http.wire -- http-outgoing-3 << "H&%"[0xffffff96][0xfffffff9])[0xffffffb1][0xffffffc3][0xffffff99][0xffffff9d][0x12];[0xffffffa2]N)![0xffffffe4][0xffffffc9][0xffffffa6][0xffffff84]t)[0xffffff9b][0x12]B[0xffffffad]\J[0x4][0xffffffd3]R)[0x11][0xffffffc4]{!%[0xffffffc4][0xffffffb6][0xffffffcb][0xfffffff3][0xffffffa8][0xffffff85][0xffffffda]v[0xffffffd9][0xfffffff1]m[0xffffff97][0xffffffdd]`[0xffffffdb]e[0x17]+[0xffffffd9][0x12][0x1][0xffffffc7][0xffffffb6]][0xfffffff6][0xffffffb0]t[0xffffff8d]L[0x9][0xffffff93]m[0xffffff97][0x12]H&%[0xc][0xffffffb6]][0x6]8[0xffffffb3]S[0xffffffc2]x[0xffffffdb][0xffffffa5][0xffffff92]'[0xffffff9b][0x12]~[0xffffffdb].[0xffffff95]Z[0xffffffb9][0xffffff94]p[0xffffffd9]v[0x19][0xffffffc5]{!%[0xffffff9a]J[0xffffff89]~4*%[0x1a][0xffffff9e][0x12][0xffffffcd] %Z[0xffffffe4]=[0x11][0xfffffff0][0xffffff86][0xffffffa5]DsJ[0xffffff89][0xffffff88]"[0xffffff93][0x12][\n]"
08:17:55.110 [TestNG-PoolService-1] DEBUG org.apache.hc.client5.http.wire -- http-outgoing-3 << "H&%"[0xffffff96][0xfffffff9])[0xffffffb1][0xffffffc3][0xffffff99][0xffffff9d][0x12];[0xffffffa2]N)![0xffffffe4][0xffffffc9][0xffffffa6][0xffffff84]t)[0xffffff9b][0x12]B[0xffffffad]\J[0x4][0xffffffd3]R)[0x11][0xffffffc4]{!%[0xffffffc4][0xffffffb6][0xffffffcb][0xfffffff3][0xffffff98]sQ)[0xffffff81]o[0xffffffbb][0xffffffec][0x6][0xffffffdb].[0xffffffbb]X[0xffffffc9][0xffffff96][0x8]8[0xffffffb6][0xffffffed][0xffffffb2][0xffffff87][0xffffffa5]kdJ[0xffffff98]l[0xffffffbb][0xffffff94]@2)a[0xffffffb0][0xffffffed]2[0xffffffc0][0xffffff99][0xffffff9d][0x12][0xffffffc6][0xffffffdb].[0xffffff95]<[0xffffffd9][0xffffff94][0xfffffff0][0xffffffdb]v[0xffffffa9][0xffffffd4][0xffffffca][0xffffffa5][0xffffff84][0xffffffcb][0xffffffb6][0xffffffcb]([0xffffffde][0xb])[0xffffffa1][0xffffffb6]][0xffffff96][0xffffffe3]F}[0xffffff83][0xffffffa3][0xffffffe3][0xffffffdb].[0xffffffbb][0xffffffc1][0xffffffb6][0xffffffcb].V[0xffffffb2]%[0x2][0xffffff8e]m[0xffffffbb][0xffffffec]a[0xffffffe9][0x1a][0xffffff99][0x12]&[0xffffffdb].%[0xffffff90]LJ[0x18]l[0xffffffbb][0xc]pf[0xffffffa7][0xffffff84][0xfffffff1][0xffffffb6]K%O6%[0xfffffffc][0xffffffb6]]*[0xffffffb5]r)[0xffffffe1][0xffffffb2][0xffffffed]2[0xffffff8a][0xfffffff7]RJ[0x14][0xffffffb3][0xffffff94](xJ[0x14][0xffffff83][0xffffff94](hJ[0x14],%[0xffffff8a]SJ[0xffffffec](R)[0x11][0xffffff81][0xffffffa4]Rb[0xffffffc7][0xffffff92]H[0xffffff89][0x2][0xffffffa7]D1N[0xffffff89] O:%[0xffffff84]K[0xffffffe9][0xffffff94][0x8]j%S[0xffffffa2][0xffffffb8][0xffffffa4]D[0xfffffff9][0xffffffe9][0xffffff94]P[0xffffff8b][0xffffffb3]K[0xffffffaf][0xffffff8d]J[0x9]|qv7X[0xffffff9c][0xffffffdd][0xffffffc5]v[0xffffffd7]D[0xffffffc0][0xffffffb1][0xffffffc5][0xffffffd9]=[0xffffffec]o%S[0xffffffc2]dq[0xffffffb6][0x4][0xffffff92]I[0x9][0xffffff83][0xffffffc5][0xffffffd9][0x1][0xffffffce][0xffffffec][0xffffff94]0^[0xffffff9c][0xffffffad][0xffffffe4][0xffffffc9][0xffffffa6][0xffffff84][0xffffffdf][0xffffffe2]l[0xffffffa5]V.%\[0x16]gG[0xfffffff1]^H[0x9][0xffffffb5]8[0xfffffffb][0xfffffffe][0x7f][\n]"
08:17:55.110 [TestNG-PoolService-1] DEBUG org.apache.hc.client5.http.wire -- http-outgoing-3 << "[0xffffff95][0x12][0xfffffff8][0xffffffe2][0xffffffec]n[0xffffffb0]8[0xffffffbb][0xffffff8b][0xffffffed][0xffffffae][0xffffff89][0xffffff80]c[0xffffff8b][0xffffffb3]{[0xffffffd8][0xffffffdf]J[0xffffffa6][0xffffff84][0xffffffc9][0xffffffe2]l[0x9]$[0xffffff93][0x12][0x6][0xffffff8b][0xffffffb3][0x3][0xffffff9c][0xffffffd9])a[0xffffffbc]8[[0xffffffc9][0xffffff93]M[0x9][0xffffffbf][0xffffffc5][0xffffffd9]J[0xffffffad]\J[0xffffffb8],[0xffffffce][0xffffff8e][0xffffffe2][0xffffffbd][0xffffff90][0x12]jqv=[0xffffffb0][0xffffff8f][0xffffff8c]w|qv7X[0xffffff9c][0xffffffdd][0xffffffc5]v[0xffffffd7]D[0xffffffc0][0xffffffb1][0xffffffc5][0xffffffd9]=[0xffffffec]o%S[0xffffffc2]dq[0xffffffb6][0x4][0xffffff92]I[0x9][0xffffff83][0xffffffc5][0xffffffd9][0x1][0xffffffce][0xffffffec][0xffffff94]0^[0xffffff9c][0xffffffad][0xffffffe4][0xffffffc9][0xffffffa6][0xffffff84][0xffffffdf][0xffffffe2]l[0xffffffa5]V.%\[0x16]gG[0xfffffff1][0xffffffbe][0xffffff9e][0x12]C-[0xffffffce][0xffffffae][0xffffffb5]S{%[0x6][0xffffffbe]8{[0x18],[0xffffffce][0x1e]b[0xffffffbb]k[0x1e][0xffffffe0][0x3][[0xffffff9c]=[0xffffffc2][0xfffffffe]V0%[0x4][0xffffff8a]HJH [0xffffff91][0xffffff94][0x10]X[0xffffffa6][0xffffffa7]D[0xffffff80]39%[0x2][0xffffffa2]F)[0xffffffa1][0xffffffe4][0xffffff89][0xffffffa6][0xffffff84]v)[0xffffff9a][0x12]J[0xffffffad]XJD[0xffffffd3]B)[0x11][0xffffffc5]{!%[0xffffffd4][0xffffffe2][0xffffffec]zb[0xffffffdb].[0x7][0xffffffbe]8{[0x18],[0xffffffce][0x1e]b[0xffffffbb]k"[0xffffffe0][0xffffffd8][0xffffffe2][0xffffffec][0x11][0xfffffff6][0xffffffb7][0xffffff92])a[0xffffffb2]8[[0x2][0xffffffc9][0xffffffa4][0xffffff84][0xffffffc1][0xffffffe2][0xffffffec][0x0]gvJ[0x18]/[0xffffffce]V[0xfffffff2]dS[0xffffffc2]oq[0xffffffb6]R+[0xffffff97][0x12].[0xffffff8b][0xffffffb3][0xffffffa3]x/[0xffffffa4]DQ)1[0xffffffb1][0xffffff8f][0xffffff8c][0xffffffbf][0xffffff9d][0x7]N[0xffffff89]b[0xffffff90][0x12]%[0xfffffff2][0xffffff9e][0x8]x[0xffffffc1]R[0xffffffa2]8[0xffffffa5]DD[0xffffff91]I[0x9][0x5]$[0xffffff93][0x12][0xffffffff]?s[0xfffffff7][0xffffffba]*[0xffffffb9][0xffffff8e]&a[0xfffffff8][0xffffff8e][0xffffff86][0xffffff94]l[0xffffffcb][0xffffffd6][0xfffffffd][0xffffffdf][0xffffffd8][0xffffffac]C[0x1d]v+"7[0xffffff94]j[0xfffffff3][0xffffffbd]A[0xffffffff][0x18][0xffffffe8][0xffffff81]J[0xffffffd3][0x4][0xffffffc1][0xffffff83][0xffffff97][0x15][0xffffffd2]X[0xffffffd6]Sb[\r]g5%[0xffffffd6][0xffffff88]&Q[0xffffffc2][0xffffff94]'K[0x9][0xffffffdb][0xffffffa5],%L[0xffffffb5]r[0xffffff94][0xffffff90][0xffffffa6][0xffffffa5](![0xffffffc5][0xffffffbb]A[0x9]7[0xffffff9c]}<[0xffffffd8]%[0xffffffe3][0x3][0x1f][0xffffffce][0x1e][0x1][0xffffffc3][0xffffffd9][0xffffffc3][0xffffffac][0xffffffbb][0x16][0x6][0x1c][0x1b][0xffffffce][0x1e][0xffffffb2][0xffffffdf]JR"d8[0xffffffdb][0x6][0xffffff92][0xffffffa1]D[0xffffffc0]p[0xffffffb6][0xffffff84][0xffffffb3][0xffffff9a][0x12][0xffffffc1][0xffffffc3][0xffffffd9][0xffffffae]<YJ[0xffffffe4][\r]g[0xffffffbb]j[0xffffffe5]([0xffffff91]2[0xffffff9c][0xffffffad][0xffffffc5][0xffffffbb]A[0xffffff89][0xffffffd3]Qb6[0xffffffec][0xf][0x1c]'N[0xffffff89]3[0xffffff80][0x12][0xffffffa7][0xffffffe6][0xffffffbd]0[0xffffffe0]'F[0xffffff89]3[0xffffff89][0x12][0x1a]E[0xffffff86][0x12].[0xffffff90][0xc]%4[0xffffff96][0xfffffff5][0xffffff94]X[0xffffffc3]YM[0xffffff89]5[0xffffffa2]I[0xffffff94]0[0xffffffe5][0xffffffc9]R[0xffffffc2]v)K[0x9]"
08:17:55.113 [TestNG-PoolService-3] DEBUG org.apache.hc.client5.http.wire -- http-outgoing-4 << "S[0xffffffad][0x1c]%[0xffffffa4]i)JH[0xfffffff1]nP[0xffffffc2][\r]g[0x1f]sP'8[0x6]>[0xffffff9c]=[0x2][0xffffff86][0xffffffb3][0xffffff87]Yw-[0xc]86[0xffffff9c]=d[0xffffffbf][0xffffff95][0xffffffa4]D[0xffffffc8]p[0xffffffb6][\r]$C[0xffffff89][0xffffff80][0xffffffe1]l[0x9]g5%[0xffffff82][0xffffff87][0xffffffb3]]y[0xffffffb2][0xffffff94][0xffffffc8][0x1b][0xffffffce]v[0xffffffd5][0xffffffca]Q"e8[[0xffffff8b]w[0xffffff83][0x12]n8[0xfffffffb]l/[0xffffffec][0xf][0x1c][0xfffffff8]p[0xfffffff6][0x8][0x18][0xffffffce][0x1e]f[0xffffffdd][0xffffffb5]0[0xffffffe0][0xffffffd8]p[0xfffffff6][0xffffff90][0xfffffffd]V[0xffffff92][0x12]![0xffffffc3][0xffffffd9]6[0xffffff90][0xc]%[0x2][0xffffff86][0xffffffb3]%[0xffffff9c][0xffffffd5][0xffffff94][0x8][0x1e][0xffffffce]v[0xffffffe5][0xffffffc9]R"o8[0xffffffdb]U+G[0xffffff89][0xffffff94][0xffffffe1]l-[0xffffffde]-J[0xfffffff4]0J[0xffffffc0][0xffffffc3][0xffffffd9]#`8{[0xffffff98]u[0xffffffd7][0xffffffd2][0xffffff80]C[0xffffffc3][0xffffffd9]C[0xfffffff6][YJD[0xc]g[0xffffffdb]@R[0xffffff94][0xffffffc0][0xffffff87][0xffffffb3]%[0xffffff9c][0xfffffff5][0xffffff94][0xffffff88][0x1d][0xffffffce]v[0xffffffe5]IS"m8[0xffffffdb]U+I[0xffffff89][0xffffff8c][0xffffffe1]l-[0xffffffde][\r]J[0xffffffb8][0xffffffe1][0xffffffec][0xfffffff3]:[0xffffffa9][0xffffffb5][0xffffffcb][0xffffff81][0xf]g[0xffffff8f][0xffffff80][0xffffffe1][0xffffffec]a[0xffffffd6]][0xb][0x3][0xffffff8e][\r]g[0xf][0xffffffd9]o%)[0x11]2[0xffffff9c]m[0x3][0xffffffc9]P"`8[[0xffffffc2]YM[0xffffff89][0xffffffe0][0xffffffe1]lW[0xffffff9e],%[0xfffffff2][0xffffff86][0xffffffb3]][0xffffffb5]r[0xffffff94]H[0x19][0xffffffce][0xffffffd6][0xffffffe2][0xffffffdd][0xffffffa2][0xffffff84]y+[0xffffff81]R[0xffffff82]~+q[0x7][0xffffffbc][0xffffff95][0xffffffb8][0xffffff95][0xffffffce][0xffffffa5][0x1][0xffffffa7][0xffffffde]J[0xffffffdc]Io%4[0xffffff8a][0x14]%R[0xffffffde]Jh,[0x9]J[0xffffffb0]o%[0xffffffd6][0xffffff88]fQ"[0xffffffec][0xffffffad][0xffffff84][0xffffffed]R[0xffffff9a][0x12]Ao%[0xffffffa4]i9J[0xfffffffc][0x17]o%[0xffffff9e]0J<8%[0xffffff9e][0x0]J<(%[0x1e][0xffffff8c][0x12]O[0x12]%[0xffffffd6](R[0xffffff94][0xffffffd0]@R[0xffffff94]XcIP[0xffffffe2][0xffffff81])[0xfffffff1][0x4]SB[0xffffffca][0xffffff93][0xffffffa6][0xffffff84][0xffffffe9]R[0xffffff9a][0x12]R[0xffffffad]$%[0xffffff9e][0x14]J<[0xffffffff][0x1]%[0xfffffffa][0xc][0xffffffb3]D[0xffffff9f]8&>[0x1e][0xffffff81][0xffffffd7][0xffffffc4][0xffffff8f][0xffffff87][0xffffffa0]8[0xfffffff1][0xfffffff1][0xfffffff3][0xffffff94]'[0xffffffbe][0x7f]:[0x5][0x14][0xffffff92]GJ[0x14]&[0xffffff95][0x14])$[0xffffff9b][0xffffff84])[0xffffff96][0xffffff84][0xffffffd6][0xffffffa3]b[0xffffffc9]i[0xffffff96]*[0xffffffb4]FiV[0xffffffb8]V[0xffffffa5]][0xffffffa1]%K[0xffffffc2]b[0xffffffed]\N[0x16]k[0x5]o[0xffffffd1][0xffffffe2]L[0xffffffa3][0xffffffc5][0xffffffc9][0xffffffd3][0xffffffe2]L[0xffffffa0][0xffffffc5][0xffffffc9][0xffffffd2][0xffffffe2][0xffffffe4]hqF[0xffffffd1]B[0xfffffff2]H[0xffffffd1][0xffffffc2][0xffffffa4][0xffffff92][0xffffffa2][0xffffff85]d[0xffffff93][0xffffffa0][0xffffffc5]I[0xffffffd3][0xffffffe2]L[0xffffffa6][0xffffff85][0xffffffd6](M[0xb][0xffffffd7][0xffffffaa]4-[0xffffffb4]dIZ[0xffffffac][0xffffff9d][0xffffffcb][0xffffffd1]b[0xffffffad][0xffffffe0]-Z[0xffffff8c][0xffffffb4][0xffffffef]2[0x7][0xffffffff]a[0xffffffe6][0xffffffc7]#[0xfffffff0][0xffffffb4][0xfffffff8][0xfffffff1][0x10][0x14]-[0x6][0xfffffff7]m[0xffffffe6][0xffffff88][0xfffffffa]8S[0xfffffff2]H[0xffffffd1][0xffffffc2][0xffffffa4][0xffffff92][0xffffffa2][0xffffff85]d[0xffffff93][0xffffffa0][0xffffffc5][0xffffffa0]?[0xffffffd0][0x1c][0xffffffc9]_hj[0xffffff8d][0xffffffd2][0xffffffb4]p[0xffffffad]J[0xffffffd3]BK[0xffffff96][0xffffffa4][0xffffffc5][0xffffffda][0xffffffb9][0x1c]-[0xffffffd6][\n]"
08:17:55.113 [TestNG-PoolService-3] DEBUG org.apache.hc.client5.http.wire -- http-outgoing-4 << "[0xffffffde][0xffffffa2][0xffffffc5][0xffffff9d][0xfffffff6]q[0xffffffc5][0xffffffcd][0x7f]]q'|^q[0xffffffb3][0xffffffdf]W[0xffffffdc][0xffffffdc][0x7][0x16]w[0xffffffd4][0x17][0x16][0xffffff92]G[0xffffff8a][0x16]&[0xffffff95][0x14]-$[0xffffff9b][0x4]-n[0xfffffffa]+[0xffffff8b];[0xfffffff9]3[0xb][0xffffffad]Q[0xffffff9a][0x16][0xffffffae]UiZh[0xffffffc9][0xffffff92][0xffffffb4]X;[0xffffff97][0xffffffa3][0xffffffc5]Z[0xffffffc1][[0xffffffb4][0xffffff98]-[0xffffff8c][0x16][0xffffffb3][0xffffffe1][0xffffffb4][0xfffffff8]x[0x4][0xffffff9e][0x16]?[0x1e][0xffffff82][0xffffffa2][0xffffffc5][0xffffffc7][0xffffffcf]S[0xffffffb4][0xfffffff8][0xfffffffe][0xffffffe9][0x14]ZH[0x1e])Z[0xffffff98]TR[0xffffffb4][0xffffff90]l[0x12][0xffffffb4]X[0x12]ZO[0xffffff8b]%[0xffffffa7]Y[0xffffffb4][0xffffffd0][0x1a][0xffffffa5]i[0xffffffe1]Z[0xffffff95][0xffffffa6][0xffffff85][0xffffff96],I[0xffffff8b][0xffffffb5]s9Z[0xffffffac][0x15][0xffffffbc]E[0xffffff8b]v]a[0xffffffb6][0xfffffff8]x"[0x1c][0x17][0xffffff9f][0xffffffcf][0xffffffc0][0xffffffeb][0xffffffe2][0xffffffe7]SP[0xffffffbc][0xfffffff8][0xfffffffc]}[0xffffffca][0x17]?~;[0x5][0x18][0x1a]JJ[0x18].[0xffffff9a][0x14]14[0xffffffa0][0xffffff84]1[0xffffffd6][0xffffff98][0xffffffd6]#c[\r]k[0xffffff96]2L[0xffffffa1][0xffffffd2][0xffffffcc][0xffffffb0][0xfffffffd]J;[0xffffffc3][0xffffffd4]-[0x9][\r]i_N[0x1a]R[0xffffffc6][[0xffffffd4][0xffffffe8][0xffffffaf][0xffffffb4][0xffffffd7][0x18][0x1f]O[0xffffff84]S[0xffffffe3][0xfffffff3][0x19]xj[0xfffffffc]|[\n]"
08:17:55.113 [TestNG-PoolService-3] DEBUG org.apache.hc.client5.http.wire -- http-outgoing-4 << "[0xffffff8a][0x1a][0xffffff9f][0xffffffbf]OQ[0xffffffe3][0xffffffc7]o[0xffffffa7]PCCIQ[0xffffffc3]E[0xffffff93][0xffffffa2][0xffffff86][0x6][0xffffff94][0xffffffa0][0xffffffc6][0x1a][0xffffffd3]zj[0xffffffac]a[0xffffffcd][0xffffffa2][0xffffff86])T[0xffffff9a][0x1a][0xffffffb6]_ij[0xffffff98][0xffffffba]%[0xffffffa9]![0xffffffed][0xffffffcb]QC[0xffffffca]x[0xffffff93][0x1a]w[0x1c]5[0xffffffee][0x0]j[0xffffffdc][0x11][0xffffffd4][0xffffffb8]aj[0xffffffdc] 5[0xffffffee],j[0xffffffac][0xffffffa1][0xffffffe4][0xffffffa8][0xffffffa1][0xffffffd1][0xffffffe4][0xffffffa8][0xffffffb1][0x6][0xffffff94][0xffffffa1][0xffffffc6][0xffffff8d]S[0xffffffe3][0xffffff8e][0xffffffa6][0xffffff86][0x14]*O[\r][0xffffffd3][0xffffffaf]<5[0xffffffa4]nYj[0xffffffdc]9[0xffffffd4][0xffffffb8][0xfffffff7][0xffffffa9]q}[0xffffffff]+[0xffffff8f][0x19][0xfffffffa][0xffffffbe][0xffffff8e][0xffffffab][0xffffff95]C[0xffffffe3][0xfffffff7][0xfffffff3]P[0xffffffcc][0xfffffff8][0xffffffc7][0x13]`[0xffffffc8]X[0xffffff9e][0xffffffa1][0xffffff98][0x18][0xffffffff][0xfffffff8][0xfffffff5]b`[0xfffffffc][0xffffffef]/[0xffffffc3][0xffffffbc]x[0x1b][0xffffffc5]b\[0xfffffffc]K [0xffffff8b]i[0xfffffff1]6[0xffffff96][0xffffff85][0xffffffb0]x[0x13][0xffffffce]2V[0xffffffbc][0xffffff89]h[0x4]*[0xffffffde][0xffffff97]'D[0xffffff8a][0x7f][0xffffffeb]R[0x8][0x14][0xffffffef][0xffffffab][0x15][0xffffffe0][0xffffffc4][0xffffffbb][0xffffffa6]-[0xffffffc7][0xffffffc4][0xffffffbb][0xffffffe2][0xffffffdd][0xffffffa2]D[0xf][0xffffffa3][0x4]6[0xfffffff4][0xfffffffd][0xffffff8f]'[0xffffffe0])[0xffffff81][0xc]}[0xffffffff][0xffffffe3][0xffffffd7])J$[0xc]}[0xffffffbf][0xffffff8d]"E[0x9]|[0xffffffe8][0xfffffffb]m,[0x9]J@C[0xffffffdf]o"[0xffffff9a]E[0xffffff89][0xffffff94][0xffffffa1][0xffffffef][0x7f][0xffffffeb]R[0xffffff9a][0x12][0x9]C[0xffffffdf][0xffffffef][0xffffff9a][0xffffff96][0xffffffa3][0xffffffc4]_[0xc]}[0xffffffff][0xfffffff8]7[0xffffffa6]{+q[0x1d][0x18]%&[0xfffffffe]Vb[0x6][0xffffffbc][0xffffff95][0xffffff98]J[0xffffffe7][0xffffffc2][0xffffff80]O[0xffffffec][0xffffffad][0xffffffc4]Lz+[0xffffffa1]Qd([0xffffffe1][0x2][0xffffffc9]PBcYO[0xffffff89]5[0xffffff9c][0xffffffd5][0xffffff94]X#[0xffffff9a]D[0x9]S[0xffffff9e],%l[0xffffff97][0xffffffb2][0xffffff94]0[0xffffffd5][0xffffffca]QB[0xffffff9a][0xffffff96][0xffffffa2][0xffffff84][0x14][0xffffffef][0xffffff9f]S[0xffffffe2]~9J[0xffffffcc]{B[0xffffff94][0xfffffff8]|[0x1e][0xffffff96][0x12]_O[0x0]S[0xffffffe2][0xffffffd7]3 [0xffffff94][0xfffffff8][0xfffffffa]u[0xffffff84][0x12]?[0x7f]9[0xffffff82][0x12]&[0xffffff8a][0x8]%l [0x11]J[0xffffff98]X[0xffffff96]SB[0xffffffc2]YL[0x9][0xffffff89]h[0x10]%\y[0xffffffa2][0xffffff94][0xfffffff0]][0xffffff8a]R[0xffffffc2]U+F[0x9]mZ[0xffffff88][0x12]Z[0xffffffbc][0x1b][0xffffff94]h[0xffffff86][0x12][0xffffffa3][0xffffff8d][0xffffff87][0xffffffa2]D[0xffffffc3])[0xffffffd1][0x2]([0xffffffd1]4[0xffffffef][0xffffff85][0x1]o[0x18]%Z[0x12]%4[0xffffff8a][0xc]%\ [0x19]Jh,[0xffffffeb])[0xffffffb1][0xffffff86][0xffffffb3][0xffffff9a][0x12]kD[0xffffff93](a[0xffffffca][0xffffff93][0xffffffa5][0xffffff84][0xffffffed]R[0xffffff96][0x12][0xffffffa6]Z9JH[0xffffffd3]R[0xffffff94][0xffffff90][0xffffffe2][0xffffffdd][0xffffffa0]Dw[0xffffff94][0x18][0xffffffe7]IQ[0xffffffa2][0xffffffe3][0xffffff94][0xffffffe8][0x1][0xffffff94][0xffffffe8][0xffffff9a][0xfffffff7][0xffffffc2][0xffffff80]w[0xffffff8c][0x12]=[0xffffff89][0x12][0x1a]E[0xffffff86][0x12].[0xffffff90][0xc]%4[0xffffff96][0xfffffff5][0xffffff94]X[0xffffffc3]YM[0xffffff89]5[0xffffffa2]I[0xffffff94]0[0xffffffe5][0xffffffc9]R[0xffffffc2]v)K[0x9]S[0xffffffad][0x1c]%[0xffffffa4]i)JH[0xfffffff1]nP[0xffffffe2]p[0xffffff94]x[0xffffffce]AQ[0xffffffe2][0xffffffc0])q[0x4]P[0xffffffe2][0xffffffd0][0xffffffbc][0x17][0x6][0xfffffffc][0xffffffc0](q$QB[0xffffffa3][0xffffffc8]P[0xffffffc2][0x5][0xffffff92][0xffffffa1][0xffffff84][0xffffffc6][0xffffffb2][0xffffff9e][0x12]k8[0xffffffab])[0xffffffb1]F4[0xffffff89][0x12][0xffffffa6]<YJ[0xffffffd8].e)a[0xffffffaa][0xffffff95][0xffffffa3][0xffffff84]4-E[0x9])[0xffffffde][\r]J[0xffffff9c][0xffffff86][0x12]w[0x7f][0xffffffbd](J[0xffffff9c]8%[0xffffffce][0x0]J[0xffffff9c][0xffffff9a][0xfffffff7][0xffffffc2][0xffffff80][0xffffff9f][0x18]%[0xffffffce]$Jh[0x14][0x19]J[0xffffffb8]@2[0xffffff94][0xffffffd0]X[0xffffffd6]Sb[\r]g5%[0xffffffd6][0xffffff88]&Q[0xffffffc2][0xffffff94]'K[0x9][0xffffffdb][0xffffffa5],%L[0xffffffb5]r[0xffffff94][0xffffff90][0xffffffa6][0xffffffa5](![0xffffffc5][0xffffffbb]A[0xffffff89][0xffffffcb]Rb`o%.[0xffffff9c][0x12]W[0x0]%.[0xffffffcd]{a[0xffffffc0]/[0xffffff8c][0x12]W[0x12]%4[0xffffff8a][0xc]%\ [0x19]Jh,[0xffffffeb])[0xffffffb1][0xffffff86][0xffffffb3][0xffffff9a][0x12]kD[0xffffff93](a[0xffffffca][0xffffff93][0xffffffa5][0xffffff84][0xffffffed]R[0xffffff96][0x12][0xffffffa6]Z9JH[0xffffffd3]R[0xffffff94][0xffffff90][0xffffffe2][0xffffffdd][0xffffffa0][0xffffffc4]p[0xffffff94]8:v[0xffffff82]c[0xffffffe0][0xffffff94][0x18][0x1][0xffffff94][0x18][0xffffff9a][0xfffffff7][0xffffffc2][0xffffff80][0xf][0xffffff8c][0x12]#[0xffffff89][0x12][0x1a]E[0xffffff86][0x12].[0xffffff90][0xc]%4[0xffffff96][0xfffffff5][0xffffff94]X[0xffffffc3]YM[0xffffff89]5[0xffffffa2]I[0xffffff94]0[0xffffffe5][0xffffffc9]R[0xffffffc2]v)K[0x9]S[0xffffffad][0x1c]%[0xffffffa4]i)JH[0xfffffff1]nP[0xffffffe2][0xffffffb6][0xffffff94][0xffffffb8];E[0xffffff89][0x1b][0xffffffa7][0xffffffc4][0x1d]@[0xffffff89][[0xfffffff3]^[0x18][0xfffffff0][0x1b][0xffffffa3][0xffffffc4][0xffffff9d]D[0x9][0xffffff8d]"C[0x9][0x17]H[0xffffff86][0x12][0x1a][0xffffffcb]zJ[0xffffffac][0xffffffe1][0xffffffac][0xffffffa6][0xffffffc4][0x1a][0xffffffd1]$J[0xffffff98][0xfffffff2]d)a[0xffffffbb][0xffffff94][0xffffffa5][0xffffff84][0xffffffa9]V[0xffffff8e][0x12][0xffffffd2][0xffffffb4][0x14]%[0xffffffa4]x7([0xffffffe1][0xffffff86][0xffffffb3][0xffffffef][0xfffffff3][0xffffffc0]([0xffffff81][0xf]g[0xffffffdf][0x1][0xffffffc3][0xffffffd9][0xffffffb7]Yw-[0xc]86[0xffffff9c]}[0xffffffcb]~+I[0xffffff89][0xffffff90][0xffffffe1]l[0x1b]H[0xffffff86][0x12][0x1][0xffffffc3][0xffffffd9][0x12][0xffffffce]jJ[0x4][0xf]g[0xffffffbb][0xfffffff2]d)[0xffffff91]7[0xffffff9c][0xffffffed][0xffffffaa][0xffffff95][0xffffffa3]D[0xffffffca]p[0xffffffb6][0x16][0xffffffef][0x6]%[0xffffffdc][0xffffffda][0xffffffe5]}}=&B[0x9]|[0xffffffed][0xfffffff2][0xe]X[0xffffffbb][0xffffffbc][0xffffffcd]$[a[0xffffffc0][0xffffffb1][0xffffffb5][0xffffffcb][F[0xffffffd7]HJ[0xffffff84][0xffffffac]][0xffffffda]@2[0xffffff94][0x8]X[0xffffffbb][0xffffff94]pVS"x[0xffffffed][0xffffffd2][0xffffff95]'K[0xffffff89][0xffffffbc][0xffffffb5]KW[0xffffffad][0x1c]%R[0xffffffd6].[0xffffffb5]x[0xffffffb7](q[0xffffff84]Q[0xffffffe2][0xffffffc0])q[0x4]P[0xffffffe2]@)q`[0xffffff94]8[0xffffff92]([0xffffffb1]F[0xffffff91][0xffffffa2][0xffffff84][0x6][0xffffff92][0xffffffa2][0xffffffc4][0x1a]K[0xffffff82][0x12][0x7]L[0xffffff89]#[0xffffff98][0x12]R[0xffffff9e]4%L[0xffffff97][0xffffffd2][0xffffff94][0xffffff90]j%)q[0xffffffa4]P[0xffffffe2][0xfffffff8][J<n[0xffffffed][0xfffffff2]9[0xffffffe7][0x1]Q[0xffffffe2][0xffffffc1][0xffffffd7].[0xffffff9f][0xffffff80][0xffffffb5][0xffffffcb][0xffffffc7]L[0xffffffb2][0xffffffd5][0x5][0xfffffffc][0xffffffc1][0xffffffd6].[0x1f][0x19]][0x3])a[0xffffffa2][0xffffff88]P[0xffffffc2][0x6][0x12][0xffffffa1][0xffffff84][0xffffff89]e9%$[0xffffff9c][0xffffffc5][0xffffff94][0xffffff90][0xffffff88][0x6]Q[0xffffffc2][0xffffff95]'J[0x9][0xffffffdf][0xffffffa5](%\[0xffffffb5]b[0xffffff94][0xffffffd0][0xffffffa6][0xffffff85]([0xffffffa1][0xffffffc5][0xffffffbb]A[0x9][0xffffffb7]v[0xfffffff9][0xffffff8c][0x7][0xffffffa3][0x4][0xffffffbe]v[0xfffffff9][0x4][0xffffffac]]]]><![CDATA[>f[0xffffff92][0xffffffad]0[0xffffffe0][0xffffffd8][0xffffffda][0xffffffe5]#[0xffffffa3]k$%B[0xffffffd6].m [0x19]J[0x4][0xffffffac]]J8[0xffffffab])[0x11][0xffffffbc]v[0xffffffe9][0xffffffca][0xffffff93][0xffffffa5]D[0xffffffde][0xffffffda][0xffffffa5][0xffffffab]V[0xffffff8e][0x12])k[0xffffff97]Z[0xffffffbc][0x1b][0xffffff94]pk[0xffffff97][0xffffffcf]|Q7[0xffffff83]>[0xfffffff8][0xffffffda][0xffffffe5][0x13][0xffffffb0]v[0xfffffff9][0xffffff98]I[0xffffffb6][0xffffffc2][0xffffff80]ck[0xffffff97][0xffffff8f][0xffffff8c][0xffffffae][0xffffff91][0xffffff94][0x8]Y[0xffffffbb][0xffffffb4][0xffffff81]d([0x11][0xffffffb0]v)[0xffffffe1][0xffffffac][0xffffffa6]D[0xfffffff0][0xffffffda][0xffffffa5]+O[0xffffff96][0x12]yk[0xffffff97][0xffffffae]Z9J[0xffffffa4][0xffffffac]]j[0xfffffff1]nP[0xffffffc2][0xffffffad]][0xffffffce]~bo%[0xfffffff0][0xffffffb5][0xffffffcb]'`[0xffffffed][0xfffffff2]1[0xffffff93]l[0xffffff85][0x1][0xffffffc7][0xffffffd6].[0x1f][0x19]]#)[0x11][0xffffffb2]vi[0x3][0xffffffc9]P"`[0xffffffed]R[0xffffffc2]YM[0xffffff89][0xffffffe0][0xffffffb5]KW[0xffffff9e],%[0xfffffff2][0xffffffd6].][0xffffffb5]r[0xffffff94]HY[0xffffffbb][0xffffffd4][0xffffffe2][0xffffffdd][0xffffffa0][0xffffffc4][0xffffffe5](q[\r]j[0xffffffa2][0xffffffea][0xfffffff3]y`J\[0x1][0xffffff94][0xffffffb8]4[0xffffffef][0xffffff85][0x1][0xffffffbf]0J\I[0xffffff94][0xffffffd0](2[0xffffff94]p[0xffffff81]d([0xffffffa1][0xffffffb1][0xffffffac][0xffffffa7][0xffffffc4][0x1a][0xffffffce]jJ[0xffffffac][0x11]M[0xffffffa2][0xffffff84])O[0xffffff96][0x12][0xffffffb6]KYJ[0xffffff98]j[0xffffffe5](!MKQB[0xffffff8a]w[0xffffff83][0x12]n[0xffffffed]r[0xffffffce]yS[0xffffff94][0xffffffc0][0xffffffd7].[0xffffff9f][0xffffff80][0xffffffb5][0xffffffcb][0xffffffc7]L[0xffffffb2][0x15][0x6][0x1c][[0xffffffbb]|dt[0xffffff8d][0xffffffa4]D[0xffffffc8][0xffffffda][0xffffffa5][\r]$C[0xffffff89][0xffffff80][0xffffffb5]K[0x9]g5%[0xffffff82][0xffffffd7].]y[0xffffffb2][0xffffff94][0xffffffc8][[0xffffffbb]t[0xffffffd5][0xffffffca]Q"e[0xffffffed]R[0xffffff8b]w[0xffffff83][0x12]f[0xffffffed][0xfffffff2]y[0xffffffb5][0x3][0xfffffffb][0x3][0x7][0xffffffbe]v[0xfffffff9][0x4][0xffffffac]]]]><![CDATA[>f[0xffffff92][0xffffffad]0[0xffffffe0][0xffffffd8][0xffffffda][0xffffffe5]#[0xffffffa3]k$%B[0xffffffd6].m [0x19]J[0x4][0xffffffac]]J8[0xffffffab])[0x11][0xffffffbc]v[0xffffffe9][0xffffffca][0xffffff93][0xffffffa5]D[0xffffffde][0xffffffda][0xffffffa5][0xffffffab]V[0xffffff8e][0x12])k[0xffffff97]Z[0xffffffbc][0x1b][0xffffff94]0k[0xffffff97][0xffffffcf][0xffffffeb]<[0x1f][0xffffff8a][0x12][0xfffffff8][0xffffffda][0xffffffe5][0x13][0xffffffb0]v[0xfffffff9][0xffffff98]I[0xffffffb6][0xffffffc2][0xffffff80]ck[0xffffff97][0xffffff8f][0xffffff8c][0xffffffae][0xffffff91][0xffffff94][0x8]Y[0xffffffbb][0xffffffb4][0xffffff81]d([0x11][0xffffffb0]v)[0xffffffe1][0xffffffac][0xffffffa6]D[0xfffffff0][0xffffffda][0xffffffa5]+O[0xffffff96][0x12]yk[0xffffff97][0xffffffae]Z9J[0xffffffa4][0xffffffac]]j[0xfffffff1]nP[0xffffffc2][0xffffffac]]]]><![CDATA[>[0xffffffaf][0xffffffab]c'8[0xfffffff0][0xffffffb5][0xffffffcb]'`[0xffffffed][0xfffffff2]1[0xffffff93]l[0xffffff85][0x1][0xffffffc7][0xffffffd6].[0x1f][0x19]]#)[0x11][0xffffffb2]vi[0x3][0xffffffc9]P"`[0xffffffed]R[0xffffffc2]YM[0xffffff89][0xffffffe0][0xffffffb5]KW[0xffffff9e],%[0xfffffff2][0xffffffd6].][0xffffffb5]r[0xffffff94]HY[0xffffffbb][0xffffffd4][0xffffffe2][0xfffffffd]sJ[0xffffffcc][0xffffff97][0xffffffa5][0xffffffc4][0xffffffe8][0x10]%>[0xffffff9f][0xffffff87][0xffffffa5][0xffffffc4][0xffffffd7][0x13][0xffffffc0][0xffffff94][0xfffffff8][0xfffffff5][0xc][0x8]%[0xffffffbe]~[0x1d][0xffffffa1][0xffffffc4][0xffffffcf]_[0xffffff8e][0xffffffa0][0xffffff84][0xffffff89]"B[0x9][0x1b]H[0xffffff84][0x12]&[0xffffff96][0xffffffe5][0xffffff94][0xffffff90]p[0x16]SB"[0x1a]D[0x9]W[0xffffff9e](%|[0xffffff97][0xffffffa2][0xffffff94]p[0xffffffd5][0xffffff8a]QB[0xffffff9b][0x16][0xffffffa2][0xffffff84][0x16][0xffffffef][0x6]%[0xffffffcc][0xffffffda][0xffffffe5][0x7]%[0xffffffe6]IQ[0x2]_[0xffffffbb][0xffffff9c][0x1]k[0xffffff97][0xffffffd3]L[0xffffffb2][0x15][0x6][0x1c][[0xffffffbb][0xffffff9c]2[0xffffffba]FR"d[0xffffffed][0xffffffd2][0x6][0xffffff92][0xffffffa1]D[0xffffffc0][0xffffffda][0xffffffa5][0xffffff84][0xffffffb3][0xffffff9a][0x12][0xffffffc1]k[0xffffff97][0xffffffae]<YJ[0xffffffe4][0xffffffad]][0xffffffba]j[0xffffffe5]([0xffffff91][0xffffffb2]v[0xffffffa9][0xffffffc5][0xffffffbb]A[0x9][0xffffffb3]v[0xfffffff9][0xffffffbc][0x6][0xfffffff6][0xffffffd9][0xffffffe5][0xffffffc4][0xffffffd7].g[0xffffffc0][0xffffffda][0xffffffe5]4[0xffffff93]l[0xffffff85][0x1][0xffffffc7][0xffffffd6].[0xffffffa7][0xffffff8c][0xffffffae][0xffffff91][0xffffff94][0x8]Y[0xffffffbb][0xffffffb4][0xffffff81]d([0x11][0xffffffb0]v)[0xffffffe1][0xffffffac][0xffffffa6]D[0xfffffff0][0xffffffda][0xffffffa5]+O[0xffffff96][0x12]yk[0xffffff97][0xffffffae]Z9J[0xffffffa4][0xffffffac]]j[0xfffffff1]nP[0xffffffc2][0xffffffac]]~P[0x2];[0xc]:[0xfffffff1][0xffffffb5][0xffffffcb][0x19][0xffffffb0]v9[0xffffffcd]$[a[0xffffffc0][0xffffffb1][0xffffffb5][0xffffffcb])[0xffffffa3]k$%B[0xffffffd6].m [0x19]J[0x4][0xffffffac]]J8[0xffffffab])[0x11][0xffffffbc]v[0xffffffe9][0xffffffca][0xffffff93][0xffffffa5]D[0xffffffde][0xffffffda][0xffffffa5][0xffffffab]V[0xffffff8e][0x12])k[0xffffff97]Z[0xffffffbc][0x1b][0xffffff94]0k[0xffffff97][0xffffffcf]k[0xffffff9e][0x18]%[0xfffffff0][0xffffffb5][0xffffffcb][0x19][0xffffffb0]v9[0xffffffcd]$[a[0xffffffc0][0xffffffb1][0xffffffb5][0xffffffcb])[0xffffffa3]k$%B[0xffffffd6].m [0x19]J[0x4][0xffffffac]]J8[0xffffffab])[0x11][0xffffffbc]v[0xffffffe9][0xffffffca][0xffffff93][0xffffffa5]D[0xffffffde][0xffffffda][0xffffffa5][0xffffffab]V[0xffffff8e][0x12])k[0xffffff97]Z[0xffffffbc][0x1b][0xffffff94][0xffffffb8][0xc]%Z{[\r][0xffffff8a][0x12][0x17]N[0xffffff89]+[0xffffff80][0x12][0xffffff97][0xffffffe6][0xffffffbd]0[0xffffffe0][0x17]F[0xffffff89]+[0xffffff89][0x12][0x1a]E[0xffffff86][0x12].[0xffffff90][0xc]%4[0xffffff96][0xfffffff5][0xffffff94]X[0xffffffc3]YM[0xffffff89]5[0xffffffa2]I[0xffffff94]0[0xffffffe5][0xffffffc9]R[0xffffffc2]v)K[0x9]S[0xffffffad][0x1c]%[0xffffffa4]i)JH[0xfffffff1]nP[0xffffffc2][0xffffffac]]]]><![CDATA[>[0xffffffed][0xffffff9a][0xffffffd4]a[0xffffffd0][0xffffff89][0xffffffaf]][0xffffffce][0xffffff80][0xffffffb5][0xffffffcb]i&[0xffffffd9][\n]"
08:17:55.114 [TestNG-PoolService-3] DEBUG org.apache.hc.client5.http.wire -- http-outgoing-4 << "[0x3][0xffffff8e][0xffffffad]]N[0x19]]#)[0x11][0xffffffb2]vi[0x3][0xffffffc9]P"`[0xffffffed]R[0xffffffc2]YM[0xffffff89][0xffffffe0][0xffffffb5]KW[0xffffff9e],%[0xfffffff2][0xffffffd6].][0xffffffb5]r[0xffffff94]HY[0xffffffbb][0xffffffd4][0xffffffe2][0xffffffdd][0xffffffa2][0xffffffc4][0x11]F[0xffffff89][0x3][0xffffffa7][0xffffffc4][0x11]@[0xffffff89][0x3][0xffffffa5][0xffffffc4][0xffffff81]Q[0xffffffe2]H[0xffffffa2][0xffffffc4][0x1a]E[0xffffff8a][0x12][0x1a]H[0xffffff8a][0x12]k,[0x9]J[0x1c]0%[0xffffff8e]`JHy[0xffffffd2][0xffffff94]0]JSB[0xffffffaa][0xffffff95][0xffffffa4][0xffffffc4][0xffffff91]B[0xffffff89][0xffffffe3][0xffffffaf])[0xffffffe1][0xffffff86][0xffffffb3][0xffffffdb]}a[0x7f][0xffffffe0][0xffffffc0][0xffffff87][0xffffffb3]g[0xffffffc0]p[0xfffffff6]4[0xffffffeb][0xffffffae][0xffffff85][0x1][0xffffffc7][0xffffff86][0xffffffb3][0xffffffa7][0xffffffec][0xffffffb7][0xffffff92][0xffffff94][0x8][0x19][0xffffffce][0xffffffb6][0xffffff81]d([0x11]0[0xffffff9c]-[0xffffffe1][0xffffffac][0xffffffa6]D[0xfffffff0]p[0xffffffb6]+O[0xffffff96][0x12]y[0xffffffc3][0xffffffd9][0xffffffae]Z9J[0xffffffa4][0xc]gk[0xfffffff1]nP[0xffffffc2][\r]g[0xfffffff7][0xffffffde][0xffffffb1][0xffffffc3][0xffffffa0][0xfffffff8]p[0xfffffff6][0xc][0x18][0xffffffce][0xffffff9e]f[0xffffffdd][0xffffffb5]0[0xffffffe0][0xffffffd8]p[0xfffffff6][0xffffff94][0xfffffffd]V[0xffffff92][0x12]![0xffffffc3][0xffffffd9]6[0xffffff90][0xc]%[0x2][0xffffff86][0xffffffb3]%[0xffffff9c][0xffffffd5][0xffffff94][0x8][0x1e][0xffffffce]v[0xffffffe5][0xffffffc9]R"o8[0xffffffdb]U+G[0xffffff89][0xffffff94][0xffffffe1]l-[0xffffffde][\r]J[0xffffffb8][0xffffffe1][0xffffffec]~6[0xffffffec][0xffffffad][0x4]>[0xffffff9c]=[0x3][0xffffff86][0xffffffb3][0xffffffa7]Yw-[0xc]86[0xffffff9c]=e[0xffffffbf][0xffffff95][0xffffffa4]D[0xffffffc8]p[0xffffffb6][\r]$C[0xffffff89][0xffffff80][0xffffffe1]l[0x9]g5%[0xffffff82][0xffffff87][0xffffffb3]]y[0xffffffb2][0xffffff94][0xffffffc8][0x1b][0xffffffce]v[0xffffffd5][0xffffffca]Q"e8[[0xffffff8b][0xfffffff7][0xffffff8f])q[0xffffffbe][0xffffffdc]pv[0x7f][0xffffff9e][0xffffffce]P[0xffffffe2][0xffffffeb]yPJ|?[0x1]K[0xffffff89][0xffffffdf][0xffffffcf]@P[0xffffffe2][0xfffffffb][0xffffffd7][0x9]J[0xfffffffc][0xfffffffa][0xffffffe5][0x4]J[0xffffffb8]([0x12][0xffffff94][0xfffffff0][0xffffff81]$([0xffffffe1]bYM[0x9][\r]g-%4[0xffffffa2]9[0xffffff94][0xffffffb0][0xffffffe5]IR[0xffffffe2]M[0xffffff97][0xffffff92][0xffffff94][0xffffffb0][0xffffffd5]JQ[0xffffffc2]4-C[0x9]S[0xffffffbc][0x1b][0xffffff94]p[0xffffffc3][0xffffffd9][0xffffffc7][0xffffffab]C[0xffffffbb][0x12]_[0xffffffcf][0x3]S[0xffffff82][0x1f][0xffffffce][0xfffffffe][0xfffffffd][0xc][0xc]%[0xffffffa8][0xffffffe1][0xffffffec]_[0xffffffbf][0xffffff9c]A[0xffffff89][0xffffff8c][0xffffffe1]l[0x1f]H[0xffffff86][0x12][0xfffffffc]p[0xffffffb6][0xffffff86][0xffffffb3][0xffffff9a][0x12][0xffffffb9][0xffffffc3][0xffffffd9][0xffffffb6]<YJ[0xffffffc4][\r]g[0xffffffdb]j[0xffffffe5]([0x11]2[0xffffff9c]m[0xffffff8a]w[0xffffff83][0x12]n8[0xfffffffb]8o[0xffffffe8][0x4][0xffffffc7][0xffffffd7][0xfffffff3][0xffffffc0][0xffffff94][0xffffffe0][0xffffff87][0xffffffb3][0x7f]?[0x3]C[0x9]j8[0xfffffffb][0xffffffd7]/gP"c8[0xffffffdb][0x7][0xffffff92][0xffffffa1][0x4]?[0xffffff9c][0xffffffad][0xffffffe1][0xffffffac][0xffffffa6]D[0xffffffee]p[0xffffffb6]-O[0xffffff96][0x12]q[0xffffffc3][0xffffffd9][0xffffffb6]Z9J[0xffffff84][0xc]g[0xffffff9b][0xffffffe2][0xffffffdd][0xffffffa0][0xffffff84][0x1b][0xffffffce]>[0xffffffae][0xfffffffb][0xffffffa4](A[0xf]g[0x7f]?[0x1]M[0x9]r8[0xfffffffb][0xfffffffb][0xffffffd7][0x19]J[0x4][\r]g[0xffffffbb](2[0xffffff94]H[0x19][0xffffffce]v[0xffffffb1][0xffffffac][0xffffffa7][0x4];[0xffffff9c][0xffffffad][0x11]M[0xffffffa2]D[0xffffffd8]p[0xfffffff6][0xffffff9b].e)[0x11]4[0xffffff9c]m[0xffffff9a][0xffffff96][0xffffffa2][0xffffffc4][0xffffffdf][0xf]g[0xffffff9f]/7[0xffffff9c]}[0xffffff8c][0xffffffd7][0xffffffa4](A[0xf]g[0x7f]?[0x1]M[0x9]r8[0xfffffffb][0xfffffffb][0xffffffd7][0x19]J[0x4][\r]g[0xffffffbb](2[0xffffff94]H[0x19][0xffffffce]v[0xffffffb1][0xffffffac][0xffffffa7][0x4];[0xffffff9c][0xffffffad][0x11]M[0xffffffa2]D[0xffffffd8]p[0xfffffff6][0xffffff9b].e)[0x11]4[0xffffff9c]m[0xffffff9a][0xffffff96][0xffffffa2][0xffffffc4][0xffffffdf][0xf]g[0xffffff9f][0xffffffaf][0xffffffcb]R[0xffffffa2][0xffffffbd](J\8%[0xffffffae][0x0]J\[0xffffff9a][0xfffffff7][0xffffffc2][0xffffff80]_[0x18]%[0xffffffae]$Jh[0x14][0x19]J[0xffffffb8]@2[0xffffff94][0xffffffd0]X[0xffffffd6]Sb[\r]g5%[0xffffffd6][0xffffff88]&Q[0xffffffc2][0xffffff94]'K[0x9][0xffffffdb][0xffffffa5],%L[0xffffffb5]r[0xffffff94][0xffffff90][0xffffffa6][0xffffffa5](![0xffffffc5][0xffffffbb]A[0x9]7[0xffffff9c]}[0xffffff8c][0xffffff89]Q[0xffffff82][0x1e][0xffffffce][0xfffffffe]~[0x2][0xffffff9a][0x12][0xffffffe4]p[0xfffffff6][0xfffffff7][0xffffffaf]3[0xffffff94][0x8][0x1a][0xffffffce]vQd([0xffffff91]2[0xffffff9c][0xffffffed]bYO[0x9]v8[#[0xffffff9a]D[0xffffff89][0xffffffb0][0xffffffe1][0xffffffec]7][0xffffffca]R"h8[0xffffffdb]4-E[0xffffff89][0xffffffbf][0x1f][0xffffffce]>_n[0xffffffed][0xfffffff2]x[0x1a]4Q[0xfffffff5][0xfffffff5]<0%[0xfffffff8][0xffffffb5][0xffffffcb][0xffffffdf][0xffffffcf][0xffffffc0]P[0xffffff82]Z[0xffffffbb][0xfffffffc][0xfffffff5][0xffffffcb][0x19][0xffffff94][0xffffffc8]X[0xffffffbb][0xfffffff4][0xffffff81]d([0xffffffc1][0xffffffaf]]j8[0xffffffab])[0xffffff91][0xffffffbb]vi[0xffffffcb][0xffffff93][0xffffffa5]D[0xffffffdc][0xffffffda][0xffffffa5][0xffffffad]V[0xffffff8e][0x12]!k[0xffffff97][0xffffffa6]x7([0xffffffe1][0xffffffd6].[0xffffffcf]vbo%[0xffffffe8][0xffffffb5][0xffffffcb][0xffffffef]'[0xffffffa0])A[0xffffffae]]~[0xffffffff]:C[0xffffff89][0xffffffa0][0xffffffb5]K[0x17]E[0xffffff86][0x12])k[0xffffff97].[0xffffff96][0xfffffff5][0xffffff94]`[0xffffffd7].5[0xffffffa2]I[0xffffff94][0x8][[0xffffffbb]|[0xffffffd3][0xffffffa5],%[0xffffff82][0xffffffd6].M[0xffffffd3]R[0xffffff94][0xfffffff8][0xfffffffb][0xffffffb5][0xffffffcb][0xfffffff3][0xffffffe5][0xffffffd6].[0xffffffcf][0xfffffff3][0xffffff85][0x1d][0x6][0xffffffa5][0xffffffd7].[0xffffffbf][0xffffff9f][0xffffff80][0xffffffa6][0x4][0xffffffb9]v[0xfffffff9][0xfffffffd][0xffffffeb][0xc]%[0xffffff82][0xffffffd6].][0x14][0x19]J[0xffffffa4][0xffffffac]][0xffffffba]X[0xffffffd6]S[0xffffff82]][0xffffffbb][0xffffffd4][0xffffff88]&Q"l[0xffffffed][0xfffffff2]M[0xffffff97][0xffffffb2][0xffffff94][0x8]Z[0xffffffbb]4MKQ[0xffffffe2]?X[0xffffffbb]ln[0xffffffed][0xfffffff2][0xffffffbc][0xffffffc7][0x3]Q[0xffffffa2][0xffffffe1]k[0xffffff97]-`[0xffffffed][0xffffffb2][0xffffff99]I[0xffffffb6][0xffffffba][0xffffff80]7l[0xffffffed][0xffffffb2][0xffffffc9][0xffffffe8][0x1a]H[0x9][0x13]E[0xffffff84][0x12]6[0xffffff90][0x8]%L,[0xffffffcb])![0xffffffe1],[0xffffffa6][0xffffff84]D4[0xffffff88][0x12][0xffffffae]<QJ[0xfffffff8].E)[0xffffffe1][0xffffffaa][0x15][0xffffffa3][0xffffff84]6-D[0x9]-[0xffffffde][\r]J4s[0xffffffc9][0xfffffff8][0xfffffff5][0xffffffba][0xffffffa8]?p|>[0xf]L[0xffffff89][0xffffff86]_2[0xfffffffe][0xfffffffb][0x19][0x18]J4[0xffffffe8][0xffffff92][0xfffffff1]_[0xffffffbf][0xffffff9c]A[0x9][0xffffff8d]"C[0x9][0x17]H[0xffffff86][0x12][0x1a][0xffffffcb]zJ[0xffffffac][0xffffffe1][0xffffffac][0xffffffa6][0xffffffc4][0x1a][0xffffffd1]$J[0xffffff98][0xfffffff2]d)a[0xffffffbb][0xffffff94][0xffffffa5][0xffffff84][0xffffffa9]V[0xffffff8e][0x12][0xffffffd2][0xffffffb4][0x14]%[0xffffffa4]x7([0xffffffe1][0xffffffd6].[0xffffffaf][0xffffffb3]Q[0xffffffc3][0xffffffd9][\r]_[0xffffffbb]l[0x1]k[0xffffff97][0xffffffcd]L[0xffffffb2][0x15][0x6][0x1c][[0xffffffbb]l2[0xffffffba]FR"d[0xffffffed][0xffffffd2][0x6][0xffffff92][0xffffffa1]D[0xffffffc0][0xffffffda][0xffffffa5][0xffffff84][0xffffffb3][0xffffff9a][0x12][0xffffffc1]k[0xffffff97][0xffffffae]<YJ[0xffffffe4][0xffffffad]][0xffffffba]j[0xffffffe5]([0xffffff91][0xffffffb2]v[0xffffffa9][0xffffffc5][0xffffffbb]A[0x9][0xffffffb7]vy[0xffffffdd]g[0xffffffa7]([0xffffff81][0xffffffaf]][0xffffffb6][0xffffff80][0xffffffb5][0xffffffcb]f&[0xffffffd9][\n]"
08:17:55.114 [TestNG-PoolService-3] DEBUG org.apache.hc.client5.http.wire -- http-outgoing-4 << "[0x3][0xffffff8e][0xffffffad]]6[0x19]]#)[0x11][0xffffffb2]vi[0x3][0xffffffc9]P"`[0xffffffed]R[0xffffffc2]YM[0xffffff89][0xffffffe0][0xffffffb5]KW[0xffffff9e],%[0xfffffff2][0xffffffd6].][0xffffffb5]r[0xffffff94]HY[0xffffffbb][0xffffffd4][0xffffffe2][0xffffffdd][0xffffffa0][0xffffff84][[0xffffffbb][0x1c][0xffffffaf][0xb][0xffffffa3][0x4][0xffffffbe]v[0xffffffd9][0x2][0xffffffd6].[0xffffff9b][0xffffff99]d+[0xc]8[0xffffffb6]v[0xffffffd9]dt[0xffffff8d][0xffffffa4]D[0xffffffc8][0xffffffda][0xffffffa5][\r]$C[0xffffff89][0xffffff80][0xffffffb5]K[0x9]g5%[0xffffff82][0xffffffd7].]y[0xffffffb2][0xffffff94][0xffffffc8][[0xffffffbb]t[0xffffffd5][0xffffffca]Q"e[0xffffffed]R[0xffffff8b]w[0xffffff83][0x12][0xffffff97][0xffffffa3][0xffffffc4][0xffffffd9][0xffffffb1][0xffffffcf]./[0xffffff9c][0x12]W[0x0]%.[0xffffffcd]{a[0xffffffc0]/[0xffffff8c][0x12]W[0x12]%4[0xffffff8a][0xc]%\ [0x19]Jh,[0xffffffeb])[0xffffffb1][0xffffff86][0xffffffb3][0xffffff9a][0x12]kD[0xffffff93](a[0xffffffca][0xffffff93][0xffffffa5][0xffffff84][0xffffffed]R[0xffffff96][0x12][0xffffffa6]Z9JH[0xffffffd3]R[0xffffff94][0xffffff90][0xffffffe2][0xffffffdd][0xffffffa0][0xffffff84][[0xffffffbb][0x1c][0xfffffff7]yR[0xffffff94][0xffffffc0][0xffffffd7].[[0xffffffc0][0xffffffda]e3[0xffffff93]l[0xffffff85][0x1][0xffffffc7][0xffffffd6].[0xffffff9b][0xffffff8c][0xffffffae][0xffffff91][0xffffff94][0x8]Y[0xffffffbb][0xffffffb4][0xffffff81]d([0x11][0xffffffb0]v)[0xffffffe1][0xffffffac][0xffffffa6]D[0xfffffff0][0xffffffda][0xffffffa5]+O[0xffffff96][0x12]yk[0xffffff97][0xffffffae]Z9J[0xffffffa4][0xffffffac]]j[0xfffffff1]nP[0xffffffc2][0xffffffad]][0xffffff8e]ya[0xffffff9f]][0xffffffe2]k[0xffffff97]-`[0xffffffed][0xffffffb2][0xffffff99]I[0xffffffb6][0xffffffc2][0xffffff80]ck[0xffffff97]MF[0xffffffd7]HJ[0xffffff84][0xffffffac]][0xffffffda]@2[0xffffff94][0x8]X[0xffffffbb][0xffffff94]pVS"x[0xffffffed][0xffffffd2][0xffffff95]'K[0xffffff89][0xffffffbc][0xffffffb5]KW[0xffffffad][0x1c]%R[0xffffffd6].[0xffffffb5]x7([0xffffffe1][0xffffffd6].[0xffffffef]W[0xffffffc3][0xffffffde]J[0xffffffe0]k[0xffffff97]-`[0xffffffed][0xffffffb2][0xffffff99]I[0xffffffb6][0xffffffc2][0xffffff80]ck[0xffffff97]MF[0xffffffd7]HJ[0xffffff84][0xffffffac]][0xffffffda]@2[0xffffff94][0x8]X[0xffffffbb][0xffffff94]pVS"x[0xffffffed][0xffffffd2][0xffffff95]'K[0xffffff89][0xffffffbc][0xffffffb5]KW[0xffffffad][0x1c]%R[0xffffffd6].[0xffffffb5]x7([0xffffffe1][0xffffffd6].opW[0x2]_[0xffffffbb]l[0x1]k[0xffffff97][0xffffffcd]L[0xffffffb2][0x15][0x6][0x1c][[0xffffffbb]l2[0xffffffba]FR"d[0xffffffed][0xffffffd2][0x6][0xffffff92][0xffffffa1]D[0xffffffc0][0xffffffda][0xffffffa5][0xffffff84][0xffffffb3][0xffffff9a][0x12][0xffffffc1]k[0xffffff97][0xffffffae]<YJ[0xffffffe4][0xffffffad]][0xffffffba]j[0xffffffe5]([0xffffff91][0xffffffb2]v[0xffffffa9][0xffffffc5][0xfffffffb][0xffffffe7][0xffffff94][0xffffffe8]n[0xffffffed][0xfffffff2]n/[0xffffff8a][0x12][0x1d]_[0xffffffbb][0xffffffec][0x1]k[0xffffff97][0xffffffdd]L[0xffffffb2][0xffffffd5][0x5][0xffffffbc]ck[0xffffff97]]F[0xffffffd7]@J[0xffffff98]("[0xffffff94][0xffffffb0][0xffffff81]D(abYN[0x9][0x9]g1%$[0xffffffa2]A[0xffffff94]p[0xffffffe5][0xffffff89]R[0xffffffc2]w)J[0x9]W[0xffffffad][0x18]%[0xffffffb4]i!Jh[0xfffffff1]nQB[0xffffffd7].YJ[0xffffffc0]k[0xffffff97]_O[0xffffffc0]S[0x2]\[0xffffffbb][0xfffffffc][0xfffffffa]u[0xffffff8a][0x12]9k[0xffffff97]&[0xffffff8a][0x14]%B[0xffffffd6].M,[0x9]J[0xffffffa0]k[0xffffff97][0x12][0xffffffd1],Jd[0xffffffad]][0xfffffffa].[0xffffffa5])[0xffffff91][0xffffffb3]v[0xffffffa9]M[0xffffffcb]Q[0xffffffe2][0xffffffaf][0xffffffd7].{so%z[0xffffffbf](J4[0xfffffffc][0xffffffad]D[0xb]x+[0xffffffd1][0xffffff94][0xffffffce][0xffffff85][0x1]o[0xffffffd8][[0xffffff89][0xffffff96][0xfffffff4]VB[0xffffffa3][0xffffffc8]P[0xffffffc2][0x5][0xffffff92][0xffffffa1][0xffffff84][0xffffffc6][0xffffffb2][0xffffff9e][0x12]k8[0xffffffab])[0xffffffb1]F4[0xffffff89][0x12][0xffffffa6]<YJ[0xffffffd8].e)a[0xffffffaa][0xffffff95][0xffffffa3][0xffffff84]4-E[0x9])[0xffffffde][\r]J[0xffffffb8][0xffffffe1][0xffffffec][0xfffffffb][0xffffffbe][0xffffffa8][0xffffff9b]A;>[0xffffff9c][0xffffffdd][0x3][0xffffff86][0xffffffb3][0xffffffbb]Yw-[0xc]86[0xffffff9c][0xffffffdd]e[0xffffffbf][0xffffff95][0xffffffa4]D[0xffffffc8]p[0xffffffb6][\r]$C[0xffffff89][0xffffff80][0xffffffe1]l[0x9]g5%[0xffffff82][0xffffff87][0xffffffb3]]y[0xffffffb2][0xffffff94][0xffffffc8][0x1b][0xffffffce]v[0xffffffd5][0xffffffca]Q"e8[[0xffffff8b]w[0xffffff8b][0x12][0xffffffe6][0xf][0x1c](%[0xffffffe8]?p[0xfffffff4][0xffffff80]?pt}[0xb]W[0x1a]p[0xffffffea][0xf][0x1c]=[0xffffffe9][0xf][0x1c][0x1a]E[0xffffff8a][0x12])[0x7f][0xffffffe0][0xffffffd0]X[0x12][0xffffff94]`[0xffffffff][0xffffffc0][0xffffffb1]F4[0xffffff8b][0x12]a[0x7f][0xffffffe0][0xffffffb0]]JS"[0xffffffe8][0xf][0x1c][0xffffffd2][0xffffffb4][0x1c]%[0xfffffffe][0xfffffffe][0xf][0x1c][0xfffffffd][0xffffffff][0xffffffce]0J[0xffffff9c]8%[0xffffffce][0x0]J[0xffffff9c](%N[0xffffff8c][0x12]g[0x12]%[0xffffffd6](R[0xffffff94][0xffffffd0]@R[0xffffff94]XcIP[0xffffffe2][0xffffff84])q[0x6]SB[0xffffffca][0xffffff93][0xffffffa6][0xffffff84][0xffffffe9]R[0xffffff9a][0x12]R[0xffffffad]$%[0xffffffce][0x14]J[0xffffff9c][0xffffffff][0x1]%Z[0xffffff9a]%[0x1a][0xffffff8f][0xffffff89][0xffffff96][0xffffffa0][0xffffff89][0xffffffc6]r[0xffffffa2]q[0xffffff9e]hQ[0xffffffa0][0xffffff90]<R[0xffffffa2]0[0xffffffa9][0xffffffa4]H![0xffffffd9]$L[0xffffffd1]hT[0xffffffb4]dUh[0xffffff8d][0xffffffd2][0xffffffac]p[0xffffffad]J[0xffffffbb]BK[0xffffff96][0xffffff84][0xffffffc5][0xffffffda][0xffffffb9][0xffffff9c],[0xffffffd6][\n]"
08:17:55.115 [TestNG-PoolService-3] DEBUG org.apache.hc.client5.http.wire -- http-outgoing-4 << "[0xffffffde][0xffffffa2]E[0x1f]a[0xffffffb4][0xffffffe8][0x3][0xffffffa7][0xffffffc5][0xffffffc7]#[0xfffffff0][0xffffffb4][0xfffffff8][0xfffffff1][0x10][0x14]->~[0xffffff9e][0xffffffa2][0xffffffc5][0xfffffff7]O[0xffffffa7][0xffffffd0]B[0xfffffff2]H[0xffffffd1][0xffffffc2][0xffffffa4][0xffffff92][0xffffffa2][0xffffff85]d[0xffffff93][0xffffffa0][0xffffffc5][0xffffff92][0xffffffd0]zZ,9[0xffffffcd][0xffffffa2][0xffffff85][0xffffffd6](M[0xb][0xffffffd7][0xffffffaa]4-[0xffffffb4]dIZ[0xffffffac][0xffffff9d][0xffffffcb][0xffffffd1]b[0xffffffad][0xffffffe0]-Z[0xffffff9c]-[0xffffff8c][0x16]g[0xffffffc3]i[0xfffffff1][0xfffffff1][0x8]<-~<[0x4]E[0xffffff8b][0xffffff8f][0xffffff9f][0xffffffa7]h[0xfffffff1][0xfffffffd][0xffffffd3])[0xffffffb4][0xffffff90]<R[0xffffffb4]0[0xffffffa9][0xffffffa4]h![0xffffffd9]$h[0xffffffb1]$[0xffffffb4][0xffffff9e][0x16]KN[0xffffffb3]h[0xffffffa1]5J[0xffffffd3][0xffffffc2][0xffffffb5]*M[0xb]-Y[0xffffff92][0x16]k[0xffffffe7]r[0xffffffb4]X+x[0xffffff8b][0x16]#[0xffffffed][0xffffffc8][0xffffffc7][0xffffffe0][0xffffffcf]||<[0x2]O[0xffffff8b][0x1f][0xf]A[0xffffffd1]bp[0xffffffc7]>F[0xffffffd4][0xffffffb9][0xf][0xffffffc9]#E[0xb][0xffffff93]J[0xffffff8a][0x16][0xffffff92]M[0xffffff82][0x16][0xffffff83]>[0xfffffffb]1[0xffffff92][0xf][0x7f]h[0xffffff8d][0xffffffd2][0xffffffb4]p[0xffffffad]J[0xffffffd3]BK[0xffffff96][0xffffffa4][0xffffffc5][0xffffffda][0xffffffb9][0x1c]-[0xffffffd6][\n]"
08:17:55.115 [TestNG-PoolService-3] DEBUG org.apache.hc.client5.http.wire -- http-outgoing-4 << "[0xffffffde][0xffffffa2][0xffffffc5][0xffffff9d][0xfffffff6][0x7][0xffffff91][0xffffff9b][0xffffffff][0xffffff83][0xffffffc8][0xffffff9d][0xfffffff0][0x7][0xffffff91][0xffffff9b][0xfffffffd][0xffffff83][0xffffffc8][0xffffffcd][0xfffffffd]A[0xffffffe4][0xffffff8e][0xfffffffa][0xffffff83][0xffffff88][0xffffffe4][0xffffff91][0xffffffa2][0xffffff85]I%E[0xb][0xffffffc9]&A[0xffffff8b][0xffffff9b][0xfffffffe][0xffffff83][0xffffffc8][0xffffff9d][0xfffffffc][0x7][0x11][0xffffffad]Q[0xffffff9a][0x16][0xffffffae]UiZh[0xffffffc9][0xffffff92][0xffffffb4]X;[0xffffff97][0xffffffa3][0xffffffc5]Z[0xffffffc1]{[0xffffffb4]x[0xffffffd2]h[0xfffffff1][0xfffffff0][0xffffffb4]x[0x12]h[0xfffffff1][0xffffffb0][0xffffffb4]x8Z<Q[0xffffffb4]X[0xfffffff3][0xffffff88][0xffffffd1]BS[0xffffff89][0xffffffd1]b[0xffffffcd]&B[0xffffff8b][0xffffff87][0xffffffa6][0xffffffc5][0xffffff93]L[0xb][0xffffffa9]Q[0xffffff9c][0x16][0xffffffa6]UqZH[0xffffffc9][0xffffffa2][0xffffffb4]xbh[0xfffffff1][0xfffffffc][0x7][0xffffffb4]hq[0x1f][[0xffffffb4][0xffffff80][0xffffffaf]-Z[0xffffffc4][0xffffffe7][0x16]M[0xffffffff][0x14]X[0x1a][0xfffffff5][0x6]~p[0xffffffd1][0xffffffb2][0xffffffbe][0xffffffb8][0xffffffd0]PR[0xffffffc2]p[0xffffffd1][0xffffffa4][0xffffff88][0xffffffa1][0x1]%[0xffffff8c][0xffffffb1][0xffffffc6][0xffffffb4][0x1e][0x19]kX[0xffffffb3][0xffffff94]a[\n]"
08:17:55.115 [TestNG-PoolService-2] DEBUG org.apache.hc.client5.http.wire -- http-outgoing-5 << "[0xffffff9b][0x12]B[0xffffffad]\J[0x4][0xffffffd3]R)[0x11][0xffffffc4]{!%[0xffffffc4][0xffffffb6][0xffffffcb][0xfffffff3][0xffffff98]sQ)[0xffffff81]o[0xffffffbb][0xffffffec][0x6][0xffffffdb].[0xffffffbb]X[0xffffffc9][0xffffff96][0x8]8[0xffffffb6][0xffffffed][0xffffffb2][0xffffff87][0xffffffa5]kdJ[0xffffff98]l[0xffffffbb][0xffffff94]@2)a[0xffffffb0][0xffffffed]2[0xffffffc0][0xffffff99][0xffffff9d][0x12][0xffffffc6][0xffffffdb].[0xffffff95]<[0xffffffd9][0xffffff94][0xfffffff0][0xffffffdb]v[0xffffffa9][0xffffffd4][0xffffffca][0xffffffa5][0xffffff84][0xffffffcb][0xffffffb6][0xffffffcb]([0xffffffde][0xb])[0xffffffa1][0xffffffb6]][0xffffff96][0xffffffe3]F}[0xffffff83][0xffffffa3][0xffffffe3][0xffffffdb].[0xffffffbb][0xffffffc1][0xffffffb6][0xffffffcb].V[0xffffffb2]%[0x2][0xffffff8e]m[0xffffffbb][0xffffffec]a[0xffffffe9][0x1a][0xffffff99][0x12]&[0xffffffdb].%[0xffffff90]LJ[0x18]l[0xffffffbb][0xc]pf[0xffffffa7][0xffffff84][0xfffffff1][0xffffffb6]K%O6%[0xfffffffc][0xffffffb6]]*[0xffffffb5]r)[0xffffffe1][0xffffffb2][0xffffffed]2[0xffffff8a][0xfffffff7]RJ[0x14][0xffffffb3][0xffffff94](xJ[0x14][0xffffff83][0xffffff94](hJ[0x14],%[0xffffff8a]SJ[0xffffffec](R)[0x11][0xffffff81][0xffffffa4]Rb[0xffffffc7][0xffffff92]H[0xffffff89][0x2][0xffffffa7]D1N[0xffffff89] O:%[0xffffff84]K[0xffffffe9][0xffffff94][0x8]j%S[0xffffffa2][0xffffffb8][0xffffffa4]D[0xfffffff9][0xffffffe9][0xffffff94]P[0xffffff8b][0xffffffb3]K[0xffffffaf][0xffffff8d]J[0x9]|qv7X[0xffffff9c][0xffffffdd][0xffffffc5]v[0xffffffd7]D[0xffffffc0][0xffffffb1][0xffffffc5][0xffffffd9]=[0xffffffec]o%S[0xffffffc2]dq[0xffffffb6][0x4][0xffffff92]I[0x9][0xffffff83][0xffffffc5][0xffffffd9][0x1][0xffffffce][0xffffffec][0xffffff94]0^[0xffffff9c][0xffffffad][0xffffffe4][0xffffffc9][0xffffffa6][0xffffff84][0xffffffdf][0xffffffe2]l[0xffffffa5]V.%\[0x16]gG[0xfffffff1]^H[0x9][0xffffffb5]8[0xfffffffb][0xfffffffe][0x7f][\n]"
08:17:55.115 [TestNG-PoolService-3] DEBUG org.apache.hc.client5.http.wire -- http-outgoing-4 << "[0xffffff95]f[0xffffff86][0xffffffed]W[0xffffffda][0x19][0xffffffa6]nIhH[0xfffffffb]r[0xffffffd2][0xffffff90]2[0xfffffffe][0x13]j[0xffffff8c][0xffffffef][0x7f][0xffffffe5]0k[0xffffff9b][0xffffffcf][0xffffffd9]f94~?[0xf][0xffffffc5][0xffffff8c][0x7f]<[0x1][0xffffff86][0xffffff8c][0xffffffe5][0x19][0xffffff8a][0xffffff89][0xfffffff1][0xffffff8f]_/[0x6][0xffffffc6][0xffffffff][0xfffffffe]2[0xffffffcc][0xffffff8b][0xffffffb7]Q,[0xffffffc6][0xffffffc5][0xffffffbf][0x4][0xffffffb2][0xffffff98][0x16]ocY[0x8][0xffffff8b]7[0xffffffe1],c[0xffffffc5][0xffffff9b][0xffffff88]F[0xffffffa0][0xffffffe2]}yB[0xffffffa4][0xfffffff8][0xffffffb7].[0xffffff85]@[0xfffffff1][0xffffffbe]Z[0x1]N[0xffffffbc]k[0xffffffda]rL[0xffffffbc]+[0xffffffde]-J[0xfffffff4]0Jt[0xffffff9c][0x12]=[0xffffff80][0x12][0x1d][0xffffffa5]D[0xffffffc7]([0xffffffd1][0xffffff93]([0xffffffb1]F[0xffffff91][0xffffffa2][0xffffff84][0x6][0xffffff92][0xffffffa2][0xffffffc4][0x1a]K[0xffffff82][0x12][0x1d][0xffffffa6]D[0xf][0xffffffa6][0xffffff84][0xffffff94]'M[0x9][0xffffffd3][0xffffffa5]4%[0xffffffa4]ZIJ[0xfffffff4][0x14]J[0xfffffff4][0xffffffbf][0xffffffa6][0xffffffc4][0xffffffe9][0xffffffde]J[0xffffff8c][0xffffffd1])J[0xffffff9c][0xfffffff8][[0xffffff89]3[0xffffffe0][0xffffffad][0xffffffc4][0xffffffa9]t.[0xc][0xfffffff8][0xffffff89][0xffffffbd][0xffffff95]8[0xffffff93][0xffffffde]Jh[0x14][0x19]J[0xffffffb8]@2[0xffffff94][0xffffffd0]X[0xffffffd6]Sb[\r]g5%[0xffffffd6][0xffffff88]&Q[0xffffffc2][0xffffff94]'K[0x9][0xffffffdb][0xffffffa5],%L[0xffffffb5]r[0xffffff94][0xffffff90][0xffffffa6][0xffffffa5](![0xffffffc5][0xfffffffb][0xffffffe7][0xffffff94]8[0xffffff86]Rb[0xffffffb6][0xfffffffe][0xffffffa2]([0xfffffff1][0xfffffff9]<,%[0xffffffbe][0xffffff9e][0x0][0xffffffa6][0xffffffc4][0xffffffaf]g@([0xfffffff1][0xfffffff5][0xffffffeb][0x8]%~[0xfffffffe]r[0x4]%L[0x14][0x11]J[0xffffffd8]@"[0xffffff94]0[0xffffffb1],[0xffffffa7][0xffffff84][0xffffff84][0xffffffb3][0xffffff98][0x12][0x12][0xffffffd1] J[0xffffffb8][0xfffffff2]D)[0xffffffe1][0xffffffbb][0x14][0xffffffa5][0xffffff84][0xffffffab]V[0xffffff8c][0x12][0xffffffda][0xffffffb4][0x10]%[0xffffffb4]x7(q;J[0xffffff9c][0xffffffd7]CQ[0xffffffe2][0xffffffc6])q[0x7]P[0xffffffe2][0xffffffd6][0xffffffbc][0x17][0x6][0xfffffffc][0xffffffc6](q'QB[0xffffffa3][0xffffffc8]P[0xffffffc2][0x5][0xffffff92][0xffffffa1][0xffffff84][0xffffffc6][0xffffffb2][0xffffff9e][0x12]k8[0xffffffab])[0xffffffb1]F4[0xffffff89][0x12][0xffffffa6]<YJ[0xffffffd8].e)a[0xffffffaa][0xffffff95][0xffffffa3][0xffffff84]4-E[0x9])[0xffffffde]-J[0xffffffc8][0xffffffb7][0x12]0%[0xffffffe0]o%[0xffffffbe][0xffffff9e][0xffffff80][0xffffffa7][0x4][0xfffffff8][0xffffffad][0xffffffc4][0xffffffd7][0xffffffaf]S[0xffffff94][0xffffffc8][0xfffffff9]V[0xffffffc2]D[0xffffff91][0xffffffa2]D[0xffffffc8][0xffffffb7][0x12]&[0xffffff96][0x4]%[0xffffffd0]o%$[0xffffffa2]Y[0xffffff94][0xffffffc8][0xfffffffa]V[0xffffffc2]w)M[0xffffff89][0xffffff9c]o%[0xffffffb4]i9J[0xfffffffc][0xfffffff5][0xffffffb7][0x12][0xffffffc7][0xffffffe3][0xffffffde]J<[0xffffffed][0xffffffa6]([0xfffffff1][0xffffffe0]o%[0xffffff9e][0xffffff80][0xffffffb7][0x12][0xffffff8f][0xffffffd2][0xffffffb9]0[0xffffffe0][0xf][0xfffffff6]V[0xffffffe2]Iz+[0xffffffa1]Qd([0xffffffe1][0x2][0xffffffc9]PBcYO[0xffffff89]5[0xffffff9c][0xffffffd5][0xffffff94]X#[0xffffff9a]D[0x9]S[0xffffff9e],%l[0xffffff97][0xffffffb2][0xffffff94]0[0xffffffd5][0xffffffca]QB[0xffffff9a][0xffffff96][0xffffffa2][0xffffff84][0x14][0xffffffef][0x16]%[0xffffffcc][[0x9][0xffffff94][0x12][0xfffffff4][[0xffffff89]'[0xffffffe0][0xffffffad][0xffffffc4][0xffffffa3]t.[\r]8[0xfffffff5]V[0xffffffe2]Iz+[0xffffffa1]Q[0xffffffa4]([0xffffff91][0xfffffff2]VBcIP[0xffffff82]}+[0xffffffb1]F4[0xffffff8b][0x12]ao%l[0xffffff97][0xffffffd2][0xffffff94][0x8]z+!M[0xffffffcb]Q[0xffffffe2][0xffffffef][0xffffffdf]JL[0xfffffff3]V[0xffffffa2][0xffffffb7][0xffffffaf]{>[0x10]JL[0xfffffffc][0xffffffad][0xffffffc4][0xc]x+1[0xffffff95][0xffffffce][0xffffff85][0x1][0xffffff9f][0xffffffd8][[0xffffff89][0xffffff99][0xfffffff4]VB[0xffffffa3][0xffffffc8]P[0xffffffc2][0x5][0xffffff92][0xffffffa1][0xffffff84][0xffffffc6][0xffffffb2][0xffffff9e][0x12]k8[0xffffffab])[0xffffffb1]F4[0xffffff89][0x12][0xffffffa6]<YJ[0xffffffd8].e)a[0xffffffaa][0xffffff95][0xffffffa3][0xffffff84]4-E[0x9])[0xffffffde]?[0xffffffa7][0xffffffc4][0xfffffff9]r[0xffffff94]8[0x1e][0xffffffea][0x4][0xffffffc7][0xffffffe7][0xfffffff3][0xffffffb0][0xffffff94][0xfffffff8]z[0x2][0xffffff98][0x12][0xffffffbf][0xffffff9e][0x1][0xffffffa1][0xffffffc4][0xffffffd7][0xffffffaf]#[0xffffff94][0xfffffff8][0xfffffff9][0xffffffcb][0x11][0xffffff94]0QD(a[0x3][0xffffff89]P[0xffffffc2][0xffffffc4][0xffffffb2][0xffffff9c][0x12][0x12][0xffffffce]bJHD[0xffffff83]([0xffffffe1][0xffffffca][0x13][0xffffffa5][0xffffff84][0xffffffef]R[0xffffff94][0x12][0xffffffae]Z1Jh[0xffffffd3]B[0xffffff94][0xffffffd0][0xffffffe2][0xffffffdd][0xffffffa0]Ds[0xffffff94][0xffffffb8]/[0xffffffea][0xf][0x1c][0xffffff9f][0xffffffcf][0x3]S[0xffffffa2][0x5]P[0xffffffa2]i[0xffffffde][0xb][0x3][0xffffffde]0J[0xffffffb4]$Jh[0x14][0x19]J[0xffffffb8]@2[0xffffff94][0xffffffd0]X[0xffffffd6]Sb[\r]g5%[0xffffffd6][0xffffff88]&Q[0xffffffc2][0xffffff94]'K[0x9][0xffffffdb][0xffffffa5],%L[0xffffffb5]r[0xffffff94][0xffffff90][0xffffffa6][0xffffffa5](![0xffffffc5][0xffffffbb]A[0xffffff89][0xffffffee](1[0xffffffaf][0xffffff8b][0xffffffa2]D[0xffffffc7])[0xffffffd1][0x3]([0xffffffd1]5[0xffffffef][0xffffff85][0x1][0xffffffef][0x18]%z[0x12]%4[0xffffff8a][0xc]%\ [0x19]Jh,[0xffffffeb])[0xffffffb1][0xffffff86][0xffffffb3][0xffffff9a][0x12]kD[0xffffff93](a[0xffffffca][0xffffff93][0xffffffa5][0xffffff84][0xffffffed]R[0xffffff96][0x12][0xffffffa6]Z9JH[0xffffffd3]R[0xffffff94][0xffffff90][0xffffffe2][0xffffffdd][0xffffffa0][0xffffff84][0xffffffb9][0xffffff83]c[0x1e]G?)J[0xffffffe0]wp[0xffffff9c][0x1]wp[0xffffff9c]f([0xffffffbe]0[0xffffffe0][0xffffffd8][0x1d][0x1c][0xffffffa7]L[0xffffffc1][0xffffff93][0xffffff94][0x8][0xffffffb9][0xffffff83][0xffffffc3][0x6][0xffffff92][0xffffffa1]D[0xffffffc0][0x1d][0x1c][0x12][0xffffffce]jJ[0x4][0xffffffdf][0xffffffc1][0xffffffe1][0xffffffca][0xffffff93][0xffffffa5]D[0xffffffde][0x1d][0x1c][0xffffffae]Z9J[0xffffffa4][0xffffffdc][0xffffffc1][0xffffffa1][0xffffffc5][0xffffffbb]A[0x9]3[0xffffff9c][0xfffffffd]A[0xffffff89]9(J[0xffffffe0][0xffffffc3][0xffffffd9]g[0xffffffc0]p[0xfffffff6]i[0xffffffd6]][0xb][0x3][0xffffff8e][\r]g[0xffffff9f][0xffffffb2][0xffffffdf]JR"d8[0xffffffdb][0x6][0xffffff92][0xffffffa1]D[0xffffffc0]p[0xffffffb6][0xffffff84][0xffffffb3][0xffffff9a][0x12][0xffffffc1][0xffffffc3][0xffffffd9][0xffffffae]<YJ[0xffffffe4][\r]g[0xffffffbb]j[0xffffffe5]([0xffffff91]2[0xffffff9c][0xffffffad][0xffffffc5][0xffffffbb]A[0xffffff89][0xffffffcb]Q[0xffffffe2]<[0xffffffea][0xffffffaf] [0xffffffff][0xfffffffd]<0%[0xffffffae][0x0]J\[0xffffff9a][0xfffffff7][0xffffffc2][0xffffff80]_[0x18]%[0xffffffae]$Jh[0x14][0x19]J[0xffffffb8]@2[0xffffff94][0xffffffd0]X[0xffffffd6]Sb[\r]g5%[0xffffffd6][0xffffff88]&Q[0xffffffc2][0xffffff94]'K[0x9][0xffffffdb][0xffffffa5],%L[0xffffffb5]r[0xffffff94][0xffffff90][0xffffffa6][0xffffffa5](![0xffffffc5][0xffffffbb]A[0xffffff89]a)qS[0xffffff87]A?[0xffffff9f][0x7][0xffffffa6][0xffffffc4][0x8][0xffffffa0][0xffffffc4][0xffffffd0][0xffffffbc][0x17][0x6]|`[0xffffff94][0x18]I[0xffffff94][0xffffffd0](2[0xffffff94]p[0xffffff81]d([0xffffffa1][0xffffffb1][0xffffffac][0xffffffa7][0xffffffc4][0x1a][0xffffffce]jJ[0xffffffac][0x11]M[0xffffffa2][0xffffff84])O[0xffffff96][0x12][0xffffffb6]KYJ[0xffffff98]j[0xffffffe5](!MKQB[0xffffff8a]w[0xffffff83][0x12][0xffffffee][0xe][0xffffff8e][0xffffffe3][0xffffff9c][0x18]%[0xfffffff0];8[0xffffffce][0xffffff80];8N3[0x14]_[0x18]p[0xffffffec][0xe][0xffffff8e]S[0xffffffa6][0xffffffe0]IJ[0xffffff84][0xffffffdc][0xffffffc1]a[0x3][0xffffffc9]P"[0xffffffe0][0xe][0xe][0x9]g5%[0xffffff82][0xffffffef][0xffffffe0]p[0xffffffe5][0xffffffc9]R"[0xffffffef][0xe][0xe]W[0xffffffad][0x1c]%R[0xffffffee][0xffffffe0][0xffffffd0][0xffffffe2][0xffffffdd][0xffffffa0][0xffffff84][0x1b][0xffffffce]>F[0xffffff9b][0x14]%[0xfffffff0][0xffffffe1][0xffffffec]3`8[0xfffffffb]4[0xffffffeb][0xffffffae][0xffffff85][0x1][0xffffffc7][0xffffff86][0xffffffb3]O[0xffffffd9]o%)[0x11]2[0xffffff9c]m[0x3][0xffffffc9]P"`8[[0xffffffc2]YM[0xffffff89][0xffffffe0][0xffffffe1]lW[0xffffff9e],%[0xfffffff2][0xffffff86][0xffffffb3]][0xffffffb5]r[0xffffff94]H[0x19][0xffffffce][0xffffffd6][0xffffffe2][0xffffffdd][0xffffffa0][0xffffff84][[0xffffffbb]<[0xffffff9e][0x7][0xfffffffb][0xffffffec][0x12]_[0xffffffbb]<[0x3][0xffffffd6].O3[0xffffffc9]V[0x18]pl[0xffffffed][0xfffffff2][0xffffff94][0xffffffd1]5[0xffffff92][0x12]!k[0xffffff97]6[0xffffff90][0xc]%[0x2][0xffffffd6].%[0xffffff9c][0xffffffd5][0xffffff94][0x8]^[0xffffffbb]t[0xffffffe5][0xffffffc9]R"o[0xffffffed][0xffffffd2]U+G[0xffffff89][0xffffff94][0xffffffb5]K-[0xffffffde]?[0xffffffa7][0xffffffc4]5[0xc]%[0xffffffae][0xffffffe7][0xffffffa1]&[0xffffffaa]>[0xffffff9f][0xffffff87][0xffffffa5][0xffffffc4][0xffffffd7][0x13][0xffffffc0][0xffffff94][0xfffffff8][0xfffffff5][0xc][0x8]%[0xffffffbe]~[0x1d][0xffffffa1][0xffffffc4][0xffffffcf]_[0xffffff8e][0xffffffa0][0xffffff84][0xffffff89]"B[0x9][0x1b]H[0xffffff84][0x12]&[0xffffff96][0xffffffe5][0xffffff94][0xffffff90]p[0x16]SB"[0x1a]D[0x9]W[0xffffff9e](%|[0xffffff97][0xffffffa2][0xffffff94]p[0xffffffd5][0xffffff8a]QB[0xffffff9b][0x16][0xffffffa2][0xffffff84][0x16][0xffffffef][0x6]%[0xffffffdc][0xffffffb7][0x12][0xffffffe3]uP[0xffffffdf]J\[0xfffffff8][0xffffffb7][0x12]W[0xffffffc0][0xffffffb7][0x12][0xffffff97][0xfffffff9][0xffffff83]^a[0xffffffc0][0xffffffb1]o%.[0xfffffff9][0xffffff93][0x1d]I[0xffffff89][0xffffff90]o%l [0x19]J[0x4]|+![0xffffffe1][0xffffffac][0xffffffa6]D[0xfffffff0][0xffffffb7][0x12][0xffffffae]<YJ[0xffffffe4]}+[0xffffffe1][0xffffffaa][0xffffff95][0xffffffa3]D[0xffffffca][0xffffffb7][0x12]Z[0xffffffbc][0x1b][0xffffff94]p[0xffffffdf]J|[0xfffffffc][0xffffffd7][0xffffffd4][0xffffffb7][0x12][0x17][0xfffffffe][0xffffffad][0xffffffc4][0x15][0xfffffff0][0xffffffad][0xffffffc4]e[0xfffffffe][0xffffffa0]W[0x18]p[0xffffffec][[0xffffff89]K[0xfffffffe]dGR"[0xffffffe4][[0x9][0x1b]H[0xffffff86][0x12][0x1][0xffffffdf]JH8[0xffffffab])[0x11][0xfffffffc][0xffffffad][0xffffff84]+O[0xffffff96][0x12]y[0xffffffdf]J[0xffffffb8]j[0xffffffe5]([0xffffff91][0xfffffff2][0xffffffad][0xffffff84][0x16][0xffffffef][0xffffff9f]Sb[0xffffffb8][0xffffffeb][0xffffffbc][0xffffffc6][0xfffffff5]P[0xffffffc3][0xffffffd9][0x3][0xffffffbf][0xffffffce]k[0x4]\[0xffffffe7]5[0xffffffcc][0xffffff9d]3u[0x1][0x1f][0xffffffd8]u^Cn[0xffffff95][0x1])a[0xffffffa2][0xffffff88]P[0xffffffc2][0x6][0x12][0xffffffa1][0xffffff84][0xffffff89]e9%$[0xffffff9c][0xffffffc5][0xffffff94][0xffffff90][0xffffff88][0x6]Q[0xffffffc2][0xffffff95]'J[0x9][0xffffffdf][0xffffffa5](%\[0xffffffb5]b[0xffffff94][0xffffffd0][0xffffffa6][0xffffff85]([0xffffffa1][0xffffffc5][0xffffffbb]A[0x9]w[0xffffff9d][0xffffffd7][0x18][0xffffffd8]p[0xfffffff6][0xffffffc0][0xffffffaf][0xfffffff3][0x1a][0x1][0xffffffd7]y[\r]s[0xffffffe7]La[0xffffffc0][0xffffffb1][0xffffffeb][0xffffffbc][0xffffff86][0xffffffdc]*CR"[0xffffffe4]:/[0x1b]H[0xffffff86][0x12][0x1][0xffffffd7]yI8[0xffffffab])[0x11]|[0xffffff9d][0xffffff97]+O[0xffffff96][0x12]y[0xffffffd7]y[0xffffffb9]j[0xffffffe5]([0xffffff91]r[0xffffff9d][0xffffff97][0x16][0xffffffef][0x6]%[0xffffffdc]u^c[0xffffffdc][0xffffff9d][0xffffffa2][0x4]~[0xffffff9d][0xffffffd7][0x8][0xffffffb8][0xffffffce]k[0xffffff98];g[\n]"
08:17:55.115 [TestNG-PoolService-2] DEBUG org.apache.hc.client5.http.wire -- http-outgoing-5 << "[0xffffff95][0x12][0xfffffff8][0xffffffe2][0xffffffec]n[0xffffffb0]8[0xffffffbb][0xffffff8b][0xffffffed][0xffffffae][0xffffff89][0xffffff80]c[0xffffff8b][0xffffffb3]{[0xffffffd8][0xffffffdf]J[0xffffffa6][0xffffff84][0xffffffc9][0xffffffe2]l[0x9]$[0xffffff93][0x12][0x6][0xffffff8b][0xffffffb3][0x3][0xffffff9c][0xffffffd9])a[0xffffffbc]8[[0xffffffc9][0xffffff93]M[0x9][0xffffffbf][0xffffffc5][0xffffffd9]J[0xffffffad]\J[0xffffffb8],[0xffffffce][0xffffff8e][0xffffffe2][0xffffffbd][0xffffff90][0x12]jqv=[0xffffffb0][0xffffff8f][0xffffff8c]w|qv7X[0xffffff9c][0xffffffdd][0xffffffc5]v[0xffffffd7]D[0xffffffc0][0xffffffb1][0xffffffc5][0xffffffd9]=[0xffffffec]o%S[0xffffffc2]dq[0xffffffb6][0x4][0xffffff92]I[0x9][0xffffff83][0xffffffc5][0xffffffd9][0x1][0xffffffce][0xffffffec][0xffffff94]0^[0xffffff9c][0xffffffad][0xffffffe4][0xffffffc9][0xffffffa6][0xffffff84][0xffffffdf][0xffffffe2]l[0xffffffa5]V.%\[0x16]gG[0xfffffff1][0xffffffbe][0xffffff9e][0x12]C-[0xffffffce][0xffffffae][0xffffffb5]S{%[0x6][0xffffffbe]8{[0x18],[0xffffffce][0x1e]b[0xffffffbb]k[0x1e][0xffffffe0][0x3][[0xffffff9c]=[0xffffffc2][0xfffffffe]V0%[0x4][0xffffff8a]HJH [0xffffff91][0xffffff94][0x10]X[0xffffffa6][0xffffffa7]D[0xffffff80]39%[0x2][0xffffffa2]F)[0xffffffa1][0xffffffe4][0xffffff89][0xffffffa6][0xffffff84]v)[0xffffff9a][0x12]J[0xffffffad]XJD[0xffffffd3]B)[0x11][0xffffffc5]{!%[0xffffffd4][0xffffffe2][0xffffffec]zb[0xffffffdb].[0x7][0xffffffbe]8{[0x18],[0xffffffce][0x1e]b[0xffffffbb]k"[0xffffffe0][0xffffffd8][0xffffffe2][0xffffffec][0x11][0xfffffff6][0xffffffb7][0xffffff92])a[0xffffffb2]8[[0x2][0xffffffc9][0xffffffa4][0xffffff84][0xffffffc1][0xffffffe2][0xffffffec][0x0]gvJ[0x18]/[0xffffffce]V[0xfffffff2]dS[0xffffffc2]oq[0xffffffb6]R+[0xffffff97][0x12].[0xffffff8b][0xffffffb3][0xffffffa3]x/[0xffffffa4]DQ)1[0xffffffb1][0xffffff8f][0xffffff8c][0xffffffbf][0xffffff9d][0x7]N[0xffffff89]b[0xffffff90][0x12]%[0xfffffff2][0xffffff9e][0x8]x[0xffffffc1]R[0xffffffa2]8[0xffffffa5]DD[0xffffff91]I[0x9][0x5]$[0xffffff93][0x12][0xffffffff]?s[0xfffffff7][0xffffffba]*[0xffffffb9][0xffffff8e]&a[0xfffffff8][0xffffff8e][0xffffff86][0xffffff94]l[0xffffffcb][0xffffffd6][0xfffffffd][0xffffffdf][0xffffffd8][0xffffffac]C[0x1d]v+"7[0xffffff94]j[0xfffffff3][0xffffffbd]A[0xffffffff][0x18][0xffffffe8][0xffffff81]J[0xffffffd3][0x4][0xffffffc1][0xffffff83][0xffffff97][0x15][0xffffffd2]X[0xffffffd6]Sb[\r]g5%[0xffffffd6][0xffffff88]&Q[0xffffffc2][0xffffff94]'K[0x9][0xffffffdb][0xffffffa5],%L[0xffffffb5]r[0xffffff94][0xffffff90][0xffffffa6][0xffffffa5](![0xffffffc5][0xffffffbb]A[0x9]7[0xffffff9c]}<[0xffffffd8]%[0xffffffe3][0x3][0x1f][0xffffffce][0x1e][0x1][0xffffffc3][0xffffffd9][0xffffffc3][0xffffffac][0xffffffbb][0x16][0x6][0x1c][0x1b][0xffffffce][0x1e][0xffffffb2][0xffffffdf]JR"d8[0xffffffdb][0x6][0xffffff92][0xffffffa1]D[0xffffffc0]p[0xffffffb6][0xffffff84][0xffffffb3][0xffffff9a][0x12][0xffffffc1][0xffffffc3][0xffffffd9][0xffffffae]<YJ[0xffffffe4][\r]g[0xffffffbb]j[0xffffffe5]([0xffffff91]2[0xffffff9c][0xffffffad][0xffffffc5][0xffffffbb]A[0xffffff89][0xffffffd3]Qb6[0xffffffec][0xf][0x1c]'N[0xffffff89]3[0xffffff80][0x12][0xffffffa7][0xffffffe6][0xffffffbd]0[0xffffffe0]'F[0xffffff89]3[0xffffff89][0x12][0x1a]E[0xffffff86][0x12].[0xffffff90][0xc]%4[0xffffff96][0xfffffff5][0xffffff94]X[0xffffffc3]YM[0xffffff89]5[0xffffffa2]I[0xffffff94]0[0xffffffe5][0xffffffc9]R[0xffffffc2]v)K[0x9]S[0xffffffad][0x1c]%[0xffffffa4]i)JH[0xfffffff1]nP[0xffffffc2][\r]g[0x1f]sP'8[0x6]>[0xffffff9c]=[0x2][0xffffff86][0xffffffb3][0xffffff87]Yw-[0xc]86[0xffffff9c]=d[0xffffffbf][0xffffff95][0xffffffa4]D[0xffffffc8]p[0xffffffb6][\r]$C[0xffffff89][0xffffff80][0xffffffe1]l[0x9]g5%[0xffffff82][0xffffff87][0xffffffb3]]y[0xffffffb2][0xffffff94][0xffffffc8][0x1b][0xffffffce]v[0xffffffd5][0xffffffca]Q"e8[[0xffffff8b]w[0xffffff83][0x12]n8[0xfffffffb]l/[0xffffffec][0xf][0x1c][0xfffffff8]p[0xfffffff6][0x8][0x18][0xffffffce][0x1e]f[0xffffffdd][0xffffffb5]0[0xffffffe0][0xffffffd8]p[0xfffffff6][0xffffff90][0xfffffffd]V[0xffffff92][0x12]![0xffffffc3][0xffffffd9]6[0xffffff90][0xc]%[0x2][0xffffff86][0xffffffb3]%[0xffffff9c][0xffffffd5][0xffffff94][0x8][0x1e][0xffffffce]v[0xffffffe5][0xffffffc9]R"o8[0xffffffdb]U+G[0xffffff89][0xffffff94][0xffffffe1]l-[0xffffffde]-J[0xfffffff4]0J[0xffffffc0][0xffffffc3][0xffffffd9]#`8{[0xffffff98]u[0xffffffd7][0xffffffd2][0xffffff80]C[0xffffffc3][0xffffffd9]C[0xfffffff6][YJD[0xc]g[0xffffffdb]@R[0xffffff94][0xffffffc0][0xffffff87][0xffffffb3]%[0xffffff9c][0xfffffff5][0xffffff94][0xffffff88][0x1d][0xffffffce]v[0xffffffe5]IS"m8[0xffffffdb]U+I[0xffffff89][0xffffff8c][0xffffffe1]l-[0xffffffde][\r]J[0xffffffb8][0xffffffe1][0xffffffec][0xfffffff3]:[0xffffffa9][0xffffffb5][0xffffffcb][0xffffff81][0xf]g[0xffffff8f][0xffffff80][0xffffffe1][0xffffffec]a[0xffffffd6]][0xb][0x3][0xffffff8e][\r]g[0xf][0xffffffd9]o%)[0x11]2[0xffffff9c]m[0x3][0xffffffc9]P"`8[[0xffffffc2]YM[0xffffff89][0xffffffe0][0xffffffe1]lW[0xffffff9e],%[0xfffffff2][0xffffff86][0xffffffb3]][0xffffffb5]r[0xffffff94]H[0x19][0xffffffce][0xffffffd6][0xffffffe2][0xffffffdd][0xffffffa2][0xffffff84]y+[0xffffff81]R[0xffffff82]~+q[0x7][0xffffffbc][0xffffff95][0xffffffb8][0xffffff95][0xffffffce][0xffffffa5][0x1][0xffffffa7][0xffffffde]J[0xffffffdc]Io%4[0xffffff8a][0x14]%R[0xffffffde]Jh,[0x9]J[0xffffffb0]o%[0xffffffd6][0xffffff88]fQ"[0xffffffec][0xffffffad][0xffffff84][0xffffffed]R[0xffffff9a][0x12]Ao%[0xffffffa4]i9J[0xfffffffc][0x17]o%[0xffffff9e]0J<8%[0xffffff9e][0x0]J<(%[0x1e][0xffffff8c][0x12]O[0x12]%[0xffffffd6](R[0xffffff94][0xffffffd0]@R[0xffffff94]XcIP[0xffffffe2][0xffffff81])[0xfffffff1][0x4]SB[0xffffffca][0xffffff93][0xffffffa6][0xffffff84][0xffffffe9]R[0xffffff9a][0x12]R[0xffffffad]$%[0xffffff9e][0x14]J<[0xffffffff][0x1]%[0xfffffffa][0xc][0xffffffb3]D[0xffffff9f]8&>[0x1e][0xffffff81][0xffffffd7][0xffffffc4][0xffffff8f][0xffffff87][0xffffffa0]8[0xfffffff1][0xfffffff1][0xfffffff3][0xffffff94]'[0xffffffbe][0x7f]:[0x5][0x14][0xffffff92]GJ[0x14]&[0xffffff95][0x14])$[0xffffff9b][0xffffff84])[0xffffff96][0xffffff84][0xffffffd6][0xffffffa3]b[0xffffffc9]i[0xffffff96]*[0xffffffb4]FiV[0xffffffb8]V[0xffffffa5]][0xffffffa1]%K[0xffffffc2]b[0xffffffed]\N[0x16]k[0x5]o[0xffffffd1][0xffffffe2]L[0xffffffa3][0xffffffc5][0xffffffc9][0xffffffd3][0xffffffe2]L[0xffffffa0][0xffffffc5][0xffffffc9][0xffffffd2][0xffffffe2][0xffffffe4]hqF[0xffffffd1]B[0xfffffff2]H[0xffffffd1][0xffffffc2][0xffffffa4][0xffffff92][0xffffffa2][0xffffff85]d[0xffffff93][0xffffffa0][0xffffffc5]I[0xffffffd3][0xffffffe2]L[0xffffffa6][0xffffff85][0xffffffd6](M[0xb][0xffffffd7][0xffffffaa]4-[0xffffffb4]dIZ[0xffffffac][0xffffff9d][0xffffffcb][0xffffffd1]b[0xffffffad][0xffffffe0]-Z[0xffffff8c][0xffffffb4][0xffffffef]2[0x7][0xffffffff]a[0xffffffe6][0xffffffc7]#[0xfffffff0][0xffffffb4][0xfffffff8][0xfffffff1][0x10][0x14]-[0x6][0xfffffff7]m[0xffffffe6][0xffffff88][0xfffffffa]8S[0xfffffff2]H[0xffffffd1][0xffffffc2][0xffffffa4][0xffffff92][0xffffffa2][0xffffff85]d[0xffffff93][0xffffffa0][0xffffffc5][0xffffffa0]?[0xffffffd0][0x1c][0xffffffc9]_hj[0xffffff8d][0xffffffd2][0xffffffb4]p[0xffffffad]J[0xffffffd3]BK[0xffffff96][0xffffffa4][0xffffffc5][0xffffffda][0xffffffb9][0x1c]-[0xffffffd6][\n]"
08:17:55.116 [TestNG-PoolService-3] DEBUG org.apache.hc.client5.http.wire -- http-outgoing-4 << "[0x3][0xffffff8e]][0xffffffe7]5[0xffffffe4]V[0x19][0xffffff92][0x12]![0xffffffd7]y[0xffffffd9]@2[0xffffff94][0x8][0xffffffb8][0xffffffce]K[0xffffffc2]YM[0xffffff89][0xffffffe0][0xffffffeb][0xffffffbc]\y[0xffffffb2][0xffffff94][0xffffffc8][0xffffffbb][0xffffffce][0xffffffcb]U+G[0xffffff89][0xffffff94][0xffffffeb][0xffffffbc][0xffffffb4]x7([0xffffffe1][0xffffffae][0xfffffff3][0x1a][0xfffffff7][0xffffff8d][0xfffffffd][0xffffff81][0x3][0xffffffbf][0xffffffce]k[0x4]\[0xffffffe7]5[0xffffffcc][0xffffff9d]3[0xffffff85][0x1][0xffffffc7][0xffffffae][0xfffffff3][0x1a]r[0xffffffab][0xc]I[0xffffff89][0xffffff90][0xffffffeb][0xffffffbc]l [0x19]J[0x4]\[0xffffffe7]%[0xffffffe1][0xffffffac][0xffffffa6]D[0xfffffff0]u^[0xffffffae]<YJ[0xffffffe4]][0xffffffe7][0xffffffe5][0xffffffaa][0xffffff95][0xffffffa3]D[0xffffffca]u^Z[0xffffffbc][0x1b][0xffffff94]p[0xffffffd7]y[0xffffffdd][0xfffffffd][0xffffffc0]([0xffffff81]_[0xffffffe7]5[0x2][0xffffffae][0xfffffff3][0x1a][0xffffffe6][0xffffffce][0xffffff99][0xffffffc2][0xffffff80]c[0xffffffd7]y[\r][0xffffffb9]U[0xffffff86][0xffffffa4]D[0xffffffc8]u^6[0xffffff90][0xc]%[0x2][0xffffffae][0xfffffff3][0xffffff92]pVS"[0xfffffff8]:/W[0xffffff9e],%[0xfffffff2][0xffffffae][0xfffffff3]r[0xffffffd5][0xffffffca]Q"[0xffffffe5]:/-[0xffffffde][\r]J[0xffffffb8][0xffffffeb][0xffffffbc][0xffffffee][0xffffff93][0xffffffa3][0x4]~[0xffffff9d][0xffffffd7][0x8][0xffffffb8][0xffffffce]k[0xffffff98];g[\n]"
08:17:55.116 [TestNG-PoolService-1] DEBUG org.apache.hc.client5.http.wire -- http-outgoing-3 << "S[0xffffffad][0x1c]%[0xffffffa4]i)JH[0xfffffff1]nP[0xffffffc2][\r]g[0x1f]sP'8[0x6]>[0xffffff9c]=[0x2][0xffffff86][0xffffffb3][0xffffff87]Yw-[0xc]86[0xffffff9c]=d[0xffffffbf][0xffffff95][0xffffffa4]D[0xffffffc8]p[0xffffffb6][\r]$C[0xffffff89][0xffffff80][0xffffffe1]l[0x9]g5%[0xffffff82][0xffffff87][0xffffffb3]]y[0xffffffb2][0xffffff94][0xffffffc8][0x1b][0xffffffce]v[0xffffffd5][0xffffffca]Q"e8[[0xffffff8b]w[0xffffff83][0x12]n8[0xfffffffb]l/[0xffffffec][0xf][0x1c][0xfffffff8]p[0xfffffff6][0x8][0x18][0xffffffce][0x1e]f[0xffffffdd][0xffffffb5]0[0xffffffe0][0xffffffd8]p[0xfffffff6][0xffffff90][0xfffffffd]V[0xffffff92][0x12]![0xffffffc3][0xffffffd9]6[0xffffff90][0xc]%[0x2][0xffffff86][0xffffffb3]%[0xffffff9c][0xffffffd5][0xffffff94][0x8][0x1e][0xffffffce]v[0xffffffe5][0xffffffc9]R"o8[0xffffffdb]U+G[0xffffff89][0xffffff94][0xffffffe1]l-[0xffffffde]-J[0xfffffff4]0J[0xffffffc0][0xffffffc3][0xffffffd9]#`8{[0xffffff98]u[0xffffffd7][0xffffffd2][0xffffff80]C[0xffffffc3][0xffffffd9]C[0xfffffff6][YJD[0xc]g[0xffffffdb]@R[0xffffff94][0xffffffc0][0xffffff87][0xffffffb3]%[0xffffff9c][0xfffffff5][0xffffff94][0xffffff88][0x1d][0xffffffce]v[0xffffffe5]IS"m8[0xffffffdb]U+I[0xffffff89][0xffffff8c][0xffffffe1]l-[0xffffffde][\r]J[0xffffffb8][0xffffffe1][0xffffffec][0xfffffff3]:[0xffffffa9][0xffffffb5][0xffffffcb][0xffffff81][0xf]g[0xffffff8f][0xffffff80][0xffffffe1][0xffffffec]a[0xffffffd6]][0xb][0x3][0xffffff8e][\r]g[0xf][0xffffffd9]o%)[0x11]2[0xffffff9c]m[0x3][0xffffffc9]P"`8[[0xffffffc2]YM[0xffffff89][0xffffffe0][0xffffffe1]lW[0xffffff9e],%[0xfffffff2][0xffffff86][0xffffffb3]][0xffffffb5]r[0xffffff94]H[0x19][0xffffffce][0xffffffd6][0xffffffe2][0xffffffdd][0xffffffa2][0xffffff84]y+[0xffffff81]R[0xffffff82]~+q[0x7][0xffffffbc][0xffffff95][0xffffffb8][0xffffff95][0xffffffce][0xffffffa5][0x1][0xffffffa7][0xffffffde]J[0xffffffdc]Io%4[0xffffff8a][0x14]%R[0xffffffde]Jh,[0x9]J[0xffffffb0]o%[0xffffffd6][0xffffff88]fQ"[0xffffffec][0xffffffad][0xffffff84][0xffffffed]R[0xffffff9a][0x12]Ao%[0xffffffa4]i9J[0xfffffffc][0x17]o%[0xffffff9e]0J<8%[0xffffff9e][0x0]J<(%[0x1e][0xffffff8c][0x12]O[0x12]%[0xffffffd6](R[0xffffff94][0xffffffd0]@R[0xffffff94]XcIP[0xffffffe2][0xffffff81])[0xfffffff1][0x4]SB[0xffffffca][0xffffff93][0xffffffa6][0xffffff84][0xffffffe9]R[0xffffff9a][0x12]R[0xffffffad]$%[0xffffff9e][0x14]J<[0xffffffff][0x1]%[0xfffffffa][0xc][0xffffffb3]D[0xffffff9f]8&>[0x1e][0xffffff81][0xffffffd7][0xffffffc4][0xffffff8f][0xffffff87][0xffffffa0]8[0xfffffff1][0xfffffff1][0xfffffff3][0xffffff94]'[0xffffffbe][0x7f]:[0x5][0x14][0xffffff92]GJ[0x14]&[0xffffff95][0x14])$[0xffffff9b][0xffffff84])[0xffffff96][0xffffff84][0xffffffd6][0xffffffa3]b[0xffffffc9]i[0xffffff96]*[0xffffffb4]FiV[0xffffffb8]V[0xffffffa5]][0xffffffa1]%K[0xffffffc2]b[0xffffffed]\N[0x16]k[0x5]o[0xffffffd1][0xffffffe2]L[0xffffffa3][0xffffffc5][0xffffffc9][0xffffffd3][0xffffffe2]L[0xffffffa0][0xffffffc5][0xffffffc9][0xffffffd2][0xffffffe2][0xffffffe4]hqF[0xffffffd1]B[0xfffffff2]H[0xffffffd1][0xffffffc2][0xffffffa4][0xffffff92][0xffffffa2][0xffffff85]d[0xffffff93][0xffffffa0][0xffffffc5]I[0xffffffd3][0xffffffe2]L[0xffffffa6][0xffffff85][0xffffffd6](M[0xb][0xffffffd7][0xffffffaa]4-[0xffffffb4]dIZ[0xffffffac][0xffffff9d][0xffffffcb][0xffffffd1]b[0xffffffad][0xffffffe0]-Z[0xffffff8c][0xffffffb4][0xffffffef]2[0x7][0xffffffff]a[0xffffffe6][0xffffffc7]#[0xfffffff0][0xffffffb4][0xfffffff8][0xfffffff1][0x10][0x14]-[0x6][0xfffffff7]m[0xffffffe6][0xffffff88][0xfffffffa]8S[0xfffffff2]H[0xffffffd1][0xffffffc2][0xffffffa4][0xffffff92][0xffffffa2][0xffffff85]d[0xffffff93][0xffffffa0][0xffffffc5][0xffffffa0]?[0xffffffd0][0x1c][0xffffffc9]_hj[0xffffff8d][0xffffffd2][0xffffffb4]p[0xffffffad]J[0xffffffd3]BK[0xffffff96][0xffffffa4][0xffffffc5][0xffffffda][0xffffffb9][0x1c]-[0xffffffd6][\n]"
08:17:55.116 [TestNG-PoolService-3] DEBUG org.apache.hc.client5.http.wire -- http-outgoing-4 << "[0x3][0xffffff8e]][0xffffffe7]5[0xffffffe4]V[0x19][0xffffff92][0x12]![0xffffffd7]y[0xffffffd9]@2[0xffffff94][0x8][0xffffffb8][0xffffffce]K[0xffffffc2]YM[0xffffff89][0xffffffe0][0xffffffeb][0xffffffbc]\y[0xffffffb2][0xffffff94][0xffffffc8][0xffffffbb][0xffffffce][0xffffffcb]U+G[0xffffff89][0xffffff94][0xffffffeb][0xffffffbc][0xffffffb4]x[0xffffffb7]([0xffffffd1][0xffffffc3]([0xffffffd1]qJ[0xfffffff4][0x0]Jt[0xffffff94][0x12][0x1d][0xffffffa3]DO[0xffffffa2][0xffffffc4][0x1a]E[0xffffff8a][0x12][0x1a]H[0xffffff8a][0x12]k,[0x9]Jt[0xffffff98][0x12]=[0xffffff98][0x12]R[0xffffff9e]4%L[0xffffff97][0xffffffd2][0xffffff94][0xffffff90]j%)[0xffffffd1]S([0xffffffd1][0xffffffff][0xffffff9a][0x12][0xffffffc3][0xffffffbd][0xffffff95]x[0xffffffbe][0x1e][0x13][0xffffffa1][0xffffffc4][0xffffffc0][0xffffffdf]J[0xffffff8c][0xffffff80][0xffffffb7][0x12]C[0xffffffe9]\[0x18][0xfffffff0][0xffffff81][0xffffffbd][0xffffff95][0x18]Io%4[0xffffff8a][0xc]%\ [0x19]Jh,[0xffffffeb])[0xffffffb1][0xffffff86][0xffffffb3][0xffffff9a][0x12]kD[0xffffff93](a[0xffffffca][0xffffff93][0xffffffa5][0xffffff84][0xffffffed]R[0xffffff96][0x12][0xffffffa6]Z9JH[0xffffffd3]R[0xffffff94][0xffffff90][0xffffffe2][0xffffffdd][0xffffffa0][0xffffff84][[0xffffffbb]|^'v[0xffffff82][0x3]_[0xffffffbb][0x1c][0x1]k[0xffffff97][0xffffffc3]L[0xffffffb2][0x15][0x6][0x1c][[0xffffffbb][0x1c]2[0xffffffba]FR"d[0xffffffed][0xffffffd2][0x6][0xffffff92][0xffffffa1]D[0xffffffc0][0xffffffda][0xffffffa5][0xffffff84][0xffffffb3][0xffffff9a][0x12][0xffffffc1]k[0xffffff97][0xffffffae]<YJ[0xffffffe4][0xffffffad]][0xffffffba]j[0xffffffe5]([0xffffff91][0xffffffb2]v[0xffffffa9][0xffffffc5][0xffffffbb]E[0x9][0xfffffffd][0x3][0x7]K[0x9][0xfffffffa][0xf][0x1c]w[0xffffffc0][0x1f]8n}[0xb]W[0x1a]p[0xffffffea][0xf][0x1c]w[0xffffffd2][0x1f]84[0xffffff8a][0x14]%R[0xfffffffe][0xffffffc0][0xffffffa1][0xffffffb1]$([0xffffffc1][0xfffffffe][0xffffff81]c[0xffffff8d]h[0x16]%[0xffffffc2][0xfffffffe][0xffffffc0]a[0xffffffbb][0xffffff94][0xffffffa6]D[0xffffffd0][0x1f]8[0xffffffa4]i9J[0xfffffffc][0xfffffffd][0x1f]8[0xffffffdc]p[0xfffffff6]s[0x1e][0xffffffd4][0xffffffcd][0xffffffa0][0x3][0x1f][0xffffffce][0x1e][0x1][0xffffffc3][0xffffffd9][0xffffffc3][0xffffffac][0xffffffbb][0x16][0x6][0x1c][0x1b][0xffffffce][0x1e][0xffffffb2][0xffffffdf]JR"d8[0xffffffdb][0x6][0xffffff92][0xffffffa1]D[0xffffffc0]p[0xffffffb6][0xffffff84][0xffffffb3][0xffffff9a][0x12][0xffffffc1][0xffffffc3][0xffffffd9][0xffffffae]<YJ[0xffffffe4][\r]g[0xffffffbb]j[0xffffffe5]([0xffffff91]2[0xffffff9c][0xffffffad][0xffffffc5][0xffffffbb]E[0x9][0xfffffff3]V[0x2][0xffffffa5][0x4][0xfffffffd]V[0xffffffe2][0x9]x+[0xfffffff1]([0xffffff9d]K[0x3]N[0xffffffbd][0xffffff95]x[0xffffff92][0xffffffde]Jh[0x14])J[0xffffffa4][0xffffffbc][0xffffff95][0xffffffd0]X[0x12][0xffffff94]`[0xffffffdf]J[0xffffffac][0x11][0xffffffcd][0xffffffa2]D[0xffffffd8][[0x9][0xffffffdb][0xffffffa5]4%[0xffffff82][0xffffffde]JH[0xffffffd3]r[0xffffff94][0xfffffff8][0xfffffffb][0xffffffb7][0x12][0xffffffd3][0xffffffbd][0xffffff95][0xffffffb8][0xffffffc6]CQb[0xffffffe2]o%[0xffffffa6][0xffffff93]tq[0xffffffde][0xffffffa7][0xffffffd2][0xffffffb9]0[0xffffffe0][0x13]{+1[0xffffff93][0xffffffde]Jh[0x14][0x19]J[0xffffffb8]@2[0xffffff94][0xffffffd0]X[0xffffffd6]Sb[\r]g5%[0xffffffd6][0xffffff88]&Q[0xffffffc2][0xffffff94]'K[0x9][0xffffffdb][0xffffffa5],%L[0xffffffb5]r[0xffffff94][0xffffff90][0xffffffa6][0xffffffa5](![0xffffffc5][0xffffffbb]E[0x9][0xfffffff3]V[0x2][0xffffffa5][0x4][0xfffffffd]Vb[0x6][0xffffffbc][0xffffff95][0xffffff98]J[0xffffffe7][0xffffffd2][0xffffff80]So%f[0xffffffd2][[0x9][0xffffff8d]"E[0xffffff89][0xffffff94][0xffffffb7][0x12][0x1a]K[0xffffff82][0x12][0xffffffec][[0xffffff89]5[0xffffffa2]Y[0xffffff94][0x8]{+a[0xffffffbb][0xffffff94][0xffffffa6]D[0xffffffd0][[0x9]iZ[0xffffff8e][0x12][0x7f][0xfffffffd]V[0xffffffe2]v7[0xffffff83][0xffffffce]W[0x7f]A[0xffffff94][0xffffffb8][0xfffffff1][0xffffff9b]A[0xffffffef][0xffffff80][0xffffff9b]Aos}]][0xffffffc0]o[0xffffffec]f[0xffffffd0][.[0xffffffa8][0x3])a[0xffffffa2][0xffffff88]P[0xffffffc2][0x6][0x12][0xffffffa1][0xffffff84][0xffffff89]e9%$[0xffffff9c][0xffffffc5][0xffffff94][0xffffff90][0xffffff88][0x6]Q[0xffffffc2][0xffffff95]'J[0x9][0xffffffdf][0xffffffa5](%\[0xffffffb5]b[0xffffff94][0xffffffd0][0xffffffa6][0xffffff85]([0xffffffa1][0xffffffc5][0xffffffbb]A[0x9]w3[0xffffffe8]lmR[0xffffff94][0xffffffc0]o[0x6][0xffffffbd][0x3]n[0x6][0xffffffbd][0xffffffcd][0xfffffff5]u[0xffffff85][0x1][0xffffffc7]n[0x6][0xffffffbd][0xffffffe5][0xffffff82]:[0xffffff92][0x12]!7[0xffffff83][0xffffffda]@2[0xffffff94][0x8][0xffffffb8][0x19]T[0xffffffc2]YM[0xffffff89][0xffffffe0][0xffffff9b]A]y[0xffffffb2][0xffffff94][0xffffffc8][0xffffffbb][0x19][0xffffffd4]U+G[0xffffff89][0xffffff94][0xffffff9b]A[0xffffffb5]x7([0xffffffe1]n[0x6][0xffffff9d][0x1f][0xffffffff]=E[0x9][0xfffffffc]f[0xffffffd0];[0xffffffe0]f[0xffffffd0][0xffffffdb]\_W[0x18]p[0xffffffec]f[0xffffffd0][.[0xffffffa8]#)[0x11]r3[0xffffffa8][\r]$C[0xffffff89][0xffffff80][0xffffff9b]A%[0xffffff9c][0xffffffd5][0xffffff94][0x8][0xffffffbe][0x19][0xffffffd4][0xffffff95]'K[0xffffff89][0xffffffbc][0xffffff9b]A][0xffffffb5]r[0xffffff94]H[0xffffffb9][0x19]T[0xffffff8b]w[0xffffff83][0x12][0xffffffee]f[0xffffffd0]yso%[0xfffffff0][0xffffff9b]A[0xffffffef][0xffffff80][0xffffff9b]Aos}]a[0xffffffc0][0xffffffb1][0xffffff9b]Ao[0xffffffb9][0xffffffa0][0xffffff8e][0xffffffa4]D[0xffffffc8][0xffffffcd][0xffffffa0]6[0xffffff90][0xc]%[0x2]n[0x6][0xffffff95]pVS"[0xfffffff8]fPW[0xffffff9e],%[0xfffffff2]n[0x6]u[0xffffffd5][0xffffffca]Q"[0xffffffe5]fP-[0xffffffde][\r]J[0xffffffb8][0xffffff9b]A[0xffffffe7]}c[0xffffff94][0xffffffc0]o[0x6][0xffffffbd][0x3]n[0x6][0xffffffbd][0xffffffcd][0xfffffff5]u[0xffffff85][0x1][0xffffffc7]n[0x6][0xffffffbd][0xffffffe5][0xffffff82]:[0xffffff92][0x12]!7[0xffffff83][0xffffffda]@2[0xffffff94][0x8][0xffffffb8][0x19]T[0xffffffc2]YM[0xffffff89][0xffffffe0][0xffffff9b]A]y[0xffffffb2][0xffffff94][0xffffffc8][0xffffffbb][0x19][0xffffffd4]U+G[0xffffff89][0xffffff94][0xffffff9b]A[0xffffffb5]x7([0xffffffe1]n[0x6][0xffffff9d][0xffffffcf][0xffffffeb][0xffffffa0]([0xffffff81][0xffffffdf][0xc]z[0x7][0xffffffdc][0xc]z[0xffffff9b][0xffffffeb][0xffffffeb][\n]"
08:17:55.116 [TestNG-PoolService-2] DEBUG org.apache.hc.client5.http.wire -- http-outgoing-5 << "[0xffffffde][0xffffffa2][0xffffffc5][0xffffff9d][0xfffffff6]q[0xffffffc5][0xffffffcd][0x7f]]q'|^q[0xffffffb3][0xffffffdf]W[0xffffffdc][0xffffffdc][0x7][0x16]w[0xffffffd4][0x17][0x16][0xffffff92]G[0xffffff8a][0x16]&[0xffffff95][0x14]-$[0xffffff9b][0x4]-n[0xfffffffa]+[0xffffff8b];[0xfffffff9]3[0xb][0xffffffad]Q[0xffffff9a][0x16][0xffffffae]UiZh[0xffffffc9][0xffffff92][0xffffffb4]X;[0xffffff97][0xffffffa3][0xffffffc5]Z[0xffffffc1][[0xffffffb4][0xffffff98]-[0xffffff8c][0x16][0xffffffb3][0xffffffe1][0xffffffb4][0xfffffff8]x[0x4][0xffffff9e][0x16]?[0x1e][0xffffff82][0xffffffa2][0xffffffc5][0xffffffc7][0xffffffcf]S[0xffffffb4][0xfffffff8][0xfffffffe][0xffffffe9][0x14]ZH[0x1e])Z[0xffffff98]TR[0xffffffb4][0xffffff90]l[0x12][0xffffffb4]X[0x12]ZO[0xffffff8b]%[0xffffffa7]Y[0xffffffb4][0xffffffd0][0x1a][0xffffffa5]i[0xffffffe1]Z[0xffffff95][0xffffffa6][0xffffff85][0xffffff96],I[0xffffff8b][0xffffffb5]s9Z[0xffffffac][0x15][0xffffffbc]E[0xffffff8b]v]a[0xffffffb6][0xfffffff8]x"[0x1c][0x17][0xffffff9f][0xffffffcf][0xffffffc0][0xffffffeb][0xffffffe2][0xffffffe7]SP[0xffffffbc][0xfffffff8][0xfffffffc]}[0xffffffca][0x17]?~;[0x5][0x18][0x1a]JJ[0x18].[0xffffff9a][0x14]14[0xffffffa0][0xffffff84]1[0xffffffd6][0xffffff98][0xffffffd6]#c[\r]k[0xffffff96]2L[0xffffffa1][0xffffffd2][0xffffffcc][0xffffffb0][0xfffffffd]J;[0xffffffc3][0xffffffd4]-[0x9][\r]i_N[0x1a]R[0xffffffc6][[0xffffffd4][0xffffffe8][0xffffffaf][0xffffffb4][0xffffffd7][0x18][0x1f]O[0xffffff84]S[0xffffffe3][0xfffffff3][0x19]xj[0xfffffffc]|[\n]"
08:17:55.116 [TestNG-PoolService-1] DEBUG org.apache.hc.client5.http.wire -- http-outgoing-3 << "[0xffffffde][0xffffffa2][0xffffffc5][0xffffff9d][0xfffffff6]q[0xffffffc5][0xffffffcd][0x7f]]q'|^q[0xffffffb3][0xffffffdf]W[0xffffffdc][0xffffffdc][0x7][0x16]w[0xffffffd4][0x17][0x16][0xffffff92]G[0xffffff8a][0x16]&[0xffffff95][0x14]-$[0xffffff9b][0x4]-n[0xfffffffa]+[0xffffff8b];[0xfffffff9]3[0xb][0xffffffad]Q[0xffffff9a][0x16][0xffffffae]UiZh[0xffffffc9][0xffffff92][0xffffffb4]X;[0xffffff97][0xffffffa3][0xffffffc5]Z[0xffffffc1][[0xffffffb4][0xffffff98]-[0xffffff8c][0x16][0xffffffb3][0xffffffe1][0xffffffb4][0xfffffff8]x[0x4][0xffffff9e][0x16]?[0x1e][0xffffff82][0xffffffa2][0xffffffc5][0xffffffc7][0xffffffcf]S[0xffffffb4][0xfffffff8][0xfffffffe][0xffffffe9][0x14]ZH[0x1e])Z[0xffffff98]TR[0xffffffb4][0xffffff90]l[0x12][0xffffffb4]X[0x12]ZO[0xffffff8b]%[0xffffffa7]Y[0xffffffb4][0xffffffd0][0x1a][0xffffffa5]i[0xffffffe1]Z[0xffffff95][0xffffffa6][0xffffff85][0xffffff96],I[0xffffff8b][0xffffffb5]s9Z[0xffffffac][0x15][0xffffffbc]E[0xffffff8b]v]a[0xffffffb6][0xfffffff8]x"[0x1c][0x17][0xffffff9f][0xffffffcf][0xffffffc0][0xffffffeb][0xffffffe2][0xffffffe7]SP[0xffffffbc][0xfffffff8][0xfffffffc]}[0xffffffca][0x17]?~;[0x5][0x18][0x1a]JJ[0x18].[0xffffff9a][0x14]14[0xffffffa0][0xffffff84]1[0xffffffd6][0xffffff98][0xffffffd6]#c[\r]k[0xffffff96]2L[0xffffffa1][0xffffffd2][0xffffffcc][0xffffffb0][0xfffffffd]J;[0xffffffc3][0xffffffd4]-[0x9][\r]i_N[0x1a]R[0xffffffc6][[0xffffffd4][0xffffffe8][0xffffffaf][0xffffffb4][0xffffffd7][0x18][0x1f]O[0xffffff84]S[0xffffffe3][0xfffffff3][0x19]xj[0xfffffffc]|[\n]"
08:17:55.116 [TestNG-PoolService-3] DEBUG org.apache.hc.client5.http.wire -- http-outgoing-4 << "[0x3][0xffffff8e][0xffffffdd][0xc]z[0xffffffcb][0x5]u$%Bn[0x6][0xffffffb5][0xffffff81]d([0x11]p3[0xffffffa8][0xffffff84][0xffffffb3][0xffffff9a][0x12][0xffffffc1]7[0xffffff83][0xffffffba][0xfffffff2]d)[0xffffff91]w3[0xffffffa8][0xffffffab]V[0xffffff8e][0x12])7[0xffffff83]j[0xfffffff1]nP[0xffffffc2][0xffffffdd][0xffffffc1][0xfffffff1]a[0x9][0xffffffec][0xffffffad][0x4]~[0x7][0xffffffc7][0x1d]p[0x7][0xffffffc7]m[0xffffff86][0xffffffe2][0xb][0x3][0xffffff8e][0xffffffdd][0xffffffc1]q[0xffffffcb][0x14]<I[0xffffff89][0xffffff90];8l [0x19]J[0x4][0xffffffdc][0xffffffc1]![0xffffffe1][0xffffffac][0xffffffa6]D[0xfffffff0][0x1d][0x1c][0xffffffae]<YJ[0xffffffe4][0xffffffdd][0xffffffc1][0xffffffe1][0xffffffaa][0xffffff95][0xffffffa3]D[0xffffffca][0x1d][0x1c]Z[0xffffffbc][[0xffffff94]8[0xffffffc2](q[0xffffffe0][0xffffff94]8[0x2](q[0xffffffa0][0xffffff94]80"
08:17:55.117 [TestNG-PoolService-2] DEBUG org.apache.hc.client5.http.wire -- http-outgoing-5 << "[0xffffff8a][0x1a][0xffffff9f][0xffffffbf]OQ[0xffffffe3][0xffffffc7]o[0xffffffa7]PCCIQ[0xffffffc3]E[0xffffff93][0xffffffa2][0xffffff86][0x6][0xffffff94][0xffffffa0][0xffffffc6][0x1a][0xffffffd3]zj[0xffffffac]a[0xffffffcd][0xffffffa2][0xffffff86])T[0xffffff9a][0x1a][0xffffffb6]_ij[0xffffff98][0xffffffba]%[0xffffffa9]![0xffffffed][0xffffffcb]QC[0xffffffca]x[0xffffff93][0x1a]w[0x1c]5[0xffffffee][0x0]j[0xffffffdc][0x11][0xffffffd4][0xffffffb8]aj[0xffffffdc] 5[0xffffffee],j[0xffffffac][0xffffffa1][0xffffffe4][0xffffffa8][0xffffffa1][0xffffffd1][0xffffffe4][0xffffffa8][0xffffffb1][0x6][0xffffff94][0xffffffa1][0xffffffc6][0xffffff8d]S[0xffffffe3][0xffffff8e][0xffffffa6][0xffffff86][0x14]*O[\r][0xffffffd3][0xffffffaf]<5[0xffffffa4]nYj[0xffffffdc]9[0xffffffd4][0xffffffb8][0xfffffff7][0xffffffa9]q}[0xffffffff]+[0xffffff8f][0x19][0xfffffffa][0xffffffbe][0xffffff8e][0xffffffab][0xffffff95]C[0xffffffe3][0xfffffff7][0xfffffff3]P[0xffffffcc][0xfffffff8][0xffffffc7][0x13]`[0xffffffc8]X[0xffffff9e][0xffffffa1][0xffffff98][0x18][0xffffffff][0xfffffff8][0xfffffff5]b`[0xfffffffc][0xffffffef]/[0xffffffc3][0xffffffbc]x[0x1b][0xffffffc5]b\[0xfffffffc]K [0xffffff8b]i[0xfffffff1]6[0xffffff96][0xffffff85][0xffffffb0]x[0x13][0xffffffce]2V[0xffffffbc][0xffffff89]h[0x4]*[0xffffffde][0xffffff97]'D[0xffffff8a][0x7f][0xffffffeb]R[0x8][0x14][0xffffffef][0xffffffab][0x15][0xffffffe0][0xffffffc4][0xffffffbb][0xffffffa6]-[0xffffffc7][0xffffffc4][0xffffffbb][0xffffffe2][0xffffffdd][0xffffffa2]D[0xf][0xffffffa3][0x4]6[0xfffffff4][0xfffffffd][0xffffff8f]'[0xffffffe0])[0xffffff81][0xc]}[0xffffffff][0xffffffe3][0xffffffd7])J$[0xc]}[0xffffffbf][0xffffff8d]"E[0x9]|[0xffffffe8][0xfffffffb]m,[0x9]J@C[0xffffffdf]o"[0xffffff9a]E[0xffffff89][0xffffff94][0xffffffa1][0xffffffef][0x7f][0xffffffeb]R[0xffffff9a][0x12][0x9]C[0xffffffdf][0xffffffef][0xffffff9a][0xffffff96][0xffffffa3][0xffffffc4]_[0xc]}[0xffffffff][0xfffffff8]7[0xffffffa6]{+q[0x1d][0x18]%&[0xfffffffe]Vb[0x6][0xffffffbc][0xffffff95][0xffffff98]J[0xffffffe7][0xffffffc2][0xffffff80]O[0xffffffec][0xffffffad][0xffffffc4]Lz+[0xffffffa1]Qd([0xffffffe1][0x2][0xffffffc9]PBcYO[0xffffff89]5[0xffffff9c][0xffffffd5][0xffffff94]X#[0xffffff9a]D[0x9]S[0xffffff9e],%l[0xffffff97][0xffffffb2][0xffffff94]0[0xffffffd5][0xffffffca]QB[0xffffff9a][0xffffff96][0xffffffa2][0xffffff84][0x14][0xffffffef][0xffffff9f]S[0xffffffe2]~9J[0xffffffcc]{B[0xffffff94][0xfffffff8]|[0x1e][0xffffff96][0x12]_O[0x0]S[0xffffffe2][0xffffffd7]3 [0xffffff94][0xfffffff8][0xfffffffa]u[0xffffff84][0x12]?[0x7f]9[0xffffff82][0x12]&[0xffffff8a][0x8]%l [0x11]J[0xffffff98]X[0xffffff96]SB[0xffffffc2]YL[0x9][0xffffff89]h[0x10]%\y[0xffffffa2][0xffffff94][0xfffffff0]][0xffffff8a]R[0xffffffc2]U+F[0x9]mZ[0xffffff88][0x12]Z[0xffffffbc][0x1b][0xffffff94]h[0xffffff86][0x12][0xffffffa3][0xffffff8d][0xffffff87][0xffffffa2]D[0xffffffc3])[0xffffffd1][0x2]([0xffffffd1]4[0xffffffef][0xffffff85][0x1]o[0x18]%Z[0x12]%4[0xffffff8a][0xc]%\ [0x19]Jh,[0xffffffeb])[0xffffffb1][0xffffff86][0xffffffb3][0xffffff9a][0x12]kD[0xffffff93](a[0xffffffca][0xffffff93][0xffffffa5][0xffffff84][0xffffffed]R[0xffffff96][0x12][0xffffffa6]Z9JH[0xffffffd3]R[0xffffff94][0xffffff90][0xffffffe2][0xffffffdd][0xffffffa0]Dw[0xffffff94][0x18][0xffffffe7]IQ[0xffffffa2][0xffffffe3][0xffffff94][0xffffffe8][0x1][0xffffff94][0xffffffe8][0xffffff9a][0xfffffff7][0xffffffc2][0xffffff80]w[0xffffff8c][0x12]=[0xffffff89][0x12][0x1a]E[0xffffff86][0x12].[0xffffff90][0xc]%4[0xffffff96][0xfffffff5][0xffffff94]X[0xffffffc3]YM[0xffffff89]5[0xffffffa2]I[0xffffff94]0[0xffffffe5][0xffffffc9]R[0xffffffc2]v)K[0x9]S[0xffffffad][0x1c]%[0xffffffa4]i)JH[0xfffffff1]nP[0xffffffe2]p[0xffffff94]x[0xffffffce]AQ[0xffffffe2][0xffffffc0])q[0x4]P[0xffffffe2][0xffffffd0][0xffffffbc][0x17][0x6][0xfffffffc][0xffffffc0](q$QB[0xffffffa3][0xffffffc8]P[0xffffffc2][0x5][0xffffff92][0xffffffa1][0xffffff84][0xffffffc6][0xffffffb2][0xffffff9e][0x12]k8[0xffffffab])[0xffffffb1]F4[0xffffff89][0x12][0xffffffa6]<YJ[0xffffffd8].e)a[0xffffffaa][0xffffff95][0xffffffa3][0xffffff84]4-E[0x9])[0xffffffde][\r]J[0xffffff9c][0xffffff86][0x12]w[0x7f][0xffffffbd](J[0xffffff9c]8%[0xffffffce][0x0]J[0xffffff9c][0xffffff9a][0xfffffff7][0xffffffc2][0xffffff80][0xffffff9f][0x18]%[0xffffffce]$Jh[0x14][0x19]J[0xffffffb8]@2[0xffffff94][0xffffffd0]X[0xffffffd6]Sb[\r]g5%[0xffffffd6][0xffffff88]&Q[0xffffffc2][0xffffff94]'K[0x9][0xffffffdb][0xffffffa5],%L[0xffffffb5]r[0xffffff94][0xffffff90][0xffffffa6][0xffffffa5](![0xffffffc5][0xffffffbb]A[0xffffff89][0xffffffcb]Rb`o%.[0xffffff9c][0x12]W[0x0]%.[0xffffffcd]{a[0xffffffc0]/[0xffffff8c][0x12]W[0x12]%4[0xffffff8a][0xc]%\ [0x19]Jh,[0xffffffeb])[0xffffffb1][0xffffff86][0xffffffb3][0xffffff9a][0x12]kD[0xffffff93](a[0xffffffca][0xffffff93][0xffffffa5][0xffffff84][0xffffffed]R[0xffffff96][0x12][0xffffffa6]Z9JH[0xffffffd3]R[0xffffff94][0xffffff90][0xffffffe2][0xffffffdd][0xffffffa0][0xffffffc4]p[0xffffff94]8:v[0xffffff82]c[0xffffffe0][0xffffff94][0x18][0x1][0xffffff94][0x18][0xffffff9a][0xfffffff7][0xffffffc2][0xffffff80][0xf][0xffffff8c][0x12]#[0xffffff89][0x12][0x1a]E[0xffffff86][0x12].[0xffffff90][0xc]%4[0xffffff96][0xfffffff5][0xffffff94]X[0xffffffc3]YM[0xffffff89]5[0xffffffa2]I[0xffffff94]0[0xffffffe5][0xffffffc9]R[0xffffffc2]v)K[0x9]S[0xffffffad][0x1c]%[0xffffffa4]i)JH[0xfffffff1]nP[0xffffffe2][0xffffffb6][0xffffff94][0xffffffb8];E[0xffffff89][0x1b][0xffffffa7][0xffffffc4][0x1d]@[0xffffff89][[0xfffffff3]^[0x18][0xfffffff0][0x1b][0xffffffa3][0xffffffc4][0xffffff9d]D[0x9][0xffffff8d]"C[0x9][0x17]H[0xffffff86][0x12][0x1a][0xffffffcb]zJ[0xffffffac][0xffffffe1][0xffffffac][0xffffffa6][0xffffffc4][0x1a][0xffffffd1]$J[0xffffff98][0xfffffff2]d)a[0xffffffbb][0xffffff94][0xffffffa5][0xffffff84][0xffffffa9]V[0xffffff8e][0x12][0xffffffd2][0xffffffb4][0x14]%[0xffffffa4]x7([0xffffffe1][0xffffff86][0xffffffb3][0xffffffef][0xfffffff3][0xffffffc0]([0xffffff81][0xf]g[0xffffffdf][0x1][0xffffffc3][0xffffffd9][0xffffffb7]Yw-[0xc]86[0xffffff9c]}[0xffffffcb]~+I[0xffffff89][0xffffff90][0xffffffe1]l[0x1b]H[0xffffff86][0x12][0x1][0xffffffc3][0xffffffd9][0x12][0xffffffce]jJ[0x4][0xf]g[0xffffffbb][0xfffffff2]d)[0xffffff91]7[0xffffff9c][0xffffffed][0xffffffaa][0xffffff95][0xffffffa3]D[0xffffffca]p[0xffffffb6][0x16][0xffffffef][0x6]%[0xffffffdc][0xffffffda][0xffffffe5]}}=&B[0x9]|[0xffffffed][0xfffffff2][0xe]X[0xffffffbb][0xffffffbc][0xffffffcd]$[a[0xffffffc0][0xffffffb1][0xffffffb5][0xffffffcb][F[0xffffffd7]HJ[0xffffff84][0xffffffac]][0xffffffda]@2[0xffffff94][0x8]X[0xffffffbb][0xffffff94]pVS"x[0xffffffed][0xffffffd2][0xffffff95]'K[0xffffff89][0xffffffbc][0xffffffb5]KW[0xffffffad][0x1c]%R[0xffffffd6].[0xffffffb5]x[0xffffffb7](q[0xffffff84]Q[0xffffffe2][0xffffffc0])q[0x4]P[0xffffffe2]@)q`[0xffffff94]8[0xffffff92]([0xffffffb1]F[0xffffff91][0xffffffa2][0xffffff84][0x6][0xffffff92][0xffffffa2][0xffffffc4][0x1a]K[0xffffff82][0x12][0x7]L[0xffffff89]#[0xffffff98][0x12]R[0xffffff9e]4%L[0xffffff97][0xffffffd2][0xffffff94][0xffffff90]j%)q[0xffffffa4]P[0xffffffe2][0xfffffff8][J<n[0xffffffed][0xfffffff2]9[0xffffffe7][0x1]Q[0xffffffe2][0xffffffc1][0xffffffd7].[0xffffff9f][0xffffff80][0xffffffb5][0xffffffcb][0xffffffc7]L[0xffffffb2][0xffffffd5][0x5][0xfffffffc][0xffffffc1][0xffffffd6].[0x1f][0x19]][0x3])a[0xffffffa2][0xffffff88]P[0xffffffc2][0x6][0x12][0xffffffa1][0xffffff84][0xffffff89]e9%$[0xffffff9c][0xffffffc5][0xffffff94][0xffffff90][0xffffff88][0x6]Q[0xffffffc2][0xffffff95]'J[0x9][0xffffffdf][0xffffffa5](%\[0xffffffb5]b[0xffffff94][0xffffffd0][0xffffffa6][0xffffff85]([0xffffffa1][0xffffffc5][0xffffffbb]A[0x9][0xffffffb7]v[0xfffffff9][0xffffff8c][0x7][0xffffffa3][0x4][0xffffffbe]v[0xfffffff9][0x4][0xffffffac]]]]><![CDATA[>f[0xffffff92][0xffffffad]0[0xffffffe0][0xffffffd8][0xffffffda][0xffffffe5]#[0xffffffa3]k$%B[0xffffffd6].m [0x19]J[0x4][0xffffffac]]J8[0xffffffab])[0x11][0xffffffbc]v[0xffffffe9][0xffffffca][0xffffff93][0xffffffa5]D[0xffffffde][0xffffffda][0xffffffa5][0xffffffab]V[0xffffff8e][0x12])k[0xffffff97]Z[0xffffffbc][0x1b][0xffffff94]pk[0xffffff97][0xffffffcf]|Q7[0xffffff83]>[0xfffffff8][0xffffffda][0xffffffe5][0x13][0xffffffb0]v[0xfffffff9][0xffffff98]I[0xffffffb6][0xffffffc2][0xffffff80]ck[0xffffff97][0xffffff8f][0xffffff8c][0xffffffae][0xffffff91][0xffffff94][0x8]Y[0xffffffbb][0xffffffb4][0xffffff81]d([0x11][0xffffffb0]v)[0xffffffe1][0xffffffac][0xffffffa6]D[0xfffffff0][0xffffffda][0xffffffa5]+O[0xffffff96][0x12]yk[0xffffff97][0xffffffae]Z9J[0xffffffa4][0xffffffac]]j[0xfffffff1]nP[0xffffffc2][0xffffffad]][0xffffffce]~bo%[0xfffffff0][0xffffffb5][0xffffffcb]'`[0xffffffed][0xfffffff2]1[0xffffff93]l[0xffffff85][0x1][0xffffffc7][0xffffffd6].[0x1f][0x19]]#)[0x11][0xffffffb2]vi[0x3][0xffffffc9]P"`[0xffffffed]R[0xffffffc2]YM[0xffffff89][0xffffffe0][0xffffffb5]KW[0xffffff9e],%[0xfffffff2][0xffffffd6].][0xffffffb5]r[0xffffff94]HY[0xffffffbb][0xffffffd4][0xffffffe2][0xffffffdd][0xffffffa0][0xffffffc4][0xffffffe5](q[\r]j[0xffffffa2][0xffffffea][0xfffffff3]y`J\[0x1][0xffffff94][0xffffffb8]4[0xffffffef][0xffffff85][0x1][0xffffffbf]0J\I[0xffffff94][0xffffffd0](2[0xffffff94]p[0xffffff81]d([0xffffffa1][0xffffffb1][0xffffffac][0xffffffa7][0xffffffc4][0x1a][0xffffffce]jJ[0xffffffac][0x11]M[0xffffffa2][0xffffff84])O[0xffffff96][0x12][0xffffffb6]KYJ[0xffffff98]j[0xffffffe5](!MKQB[0xffffff8a]w[0xffffff83][0x12]n[0xffffffed]r[0xffffffce]yS[0xffffff94][0xffffffc0][0xffffffd7].[0xffffff9f][0xffffff80][0xffffffb5][0xffffffcb][0xffffffc7]L[0xffffffb2][0x15][0x6][0x1c][[0xffffffbb]|dt[0xffffff8d][0xffffffa4]D[0xffffffc8][0xffffffda][0xffffffa5][\r]$C[0xffffff89][0xffffff80][0xffffffb5]K[0x9]g5%[0xffffff82][0xffffffd7].]y[0xffffffb2][0xffffff94][0xffffffc8][[0xffffffbb]t[0xffffffd5][0xffffffca]Q"e[0xffffffed]R[0xffffff8b]w[0xffffff83][0x12]f[0xffffffed][0xfffffff2]y[0xffffffb5][0x3][0xfffffffb][0x3][0x7][0xffffffbe]v[0xfffffff9][0x4][0xffffffac]]]]><![CDATA[>f[0xffffff92][0xffffffad]0[0xffffffe0][0xffffffd8][0xffffffda][0xffffffe5]#[0xffffffa3]k$%B[0xffffffd6].m [0x19]J[0x4][0xffffffac]]J8[0xffffffab])[0x11][0xffffffbc]v[0xffffffe9][0xffffffca][0xffffff93][0xffffffa5]D[0xffffffde][0xffffffda][0xffffffa5][0xffffffab]V[0xffffff8e][0x12])k[0xffffff97]Z[0xffffffbc][0x1b][0xffffff94]0k[0xffffff97][0xffffffcf][0xffffffeb]<[0x1f][0xffffff8a][0x12][0xfffffff8][0xffffffda][0xffffffe5][0x13][0xffffffb0]v[0xfffffff9][0xffffff98]I[0xffffffb6][0xffffffc2][0xffffff80]ck[0xffffff97][0xffffff8f][0xffffff8c][0xffffffae][0xffffff91][0xffffff94][0x8]Y[0xffffffbb][0xffffffb4][0xffffff81]d([0x11][0xffffffb0]v)[0xffffffe1][0xffffffac][0xffffffa6]D[0xfffffff0][0xffffffda][0xffffffa5]+O[0xffffff96][0x12]yk[0xffffff97][0xffffffae]Z9J[0xffffffa4][0xffffffac]]j[0xfffffff1]nP[0xffffffc2][0xffffffac]]]]><![CDATA[>[0xffffffaf][0xffffffab]c'8[0xfffffff0][0xffffffb5][0xffffffcb]'`[0xffffffed][0xfffffff2]1[0xffffff93]l[0xffffff85][0x1][0xffffffc7][0xffffffd6].[0x1f][0x19]]#)[0x11][0xffffffb2]vi[0x3][0xffffffc9]P"`[0xffffffed]R[0xffffffc2]YM[0xffffff89][0xffffffe0][0xffffffb5]KW[0xffffff9e],%[0xfffffff2][0xffffffd6].][0xffffffb5]r[0xffffff94]HY[0xffffffbb][0xffffffd4][0xffffffe2][0xfffffffd]sJ[0xffffffcc][0xffffff97][0xffffffa5][0xffffffc4][0xffffffe8][0x10]%>[0xffffff9f][0xffffff87][0xffffffa5][0xffffffc4][0xffffffd7][0x13][0xffffffc0][0xffffff94][0xfffffff8][0xfffffff5][0xc][0x8]%[0xffffffbe]~[0x1d][0xffffffa1][0xffffffc4][0xffffffcf]_[0xffffff8e][0xffffffa0][0xffffff84][0xffffff89]"B[0x9][0x1b]H[0xffffff84][0x12]&[0xffffff96][0xffffffe5][0xffffff94][0xffffff90]p[0x16]SB"[0x1a]D[0x9]W[0xffffff9e](%|[0xffffff97][0xffffffa2][0xffffff94]p[0xffffffd5][0xffffff8a]QB[0xffffff9b][0x16][0xffffffa2][0xffffff84][0x16][0xffffffef][0x6]%[0xffffffcc][0xffffffda][0xffffffe5][0x7]%[0xffffffe6]IQ[0x2]_[0xffffffbb][0xffffff9c][0x1]k[0xffffff97][0xffffffd3]L[0xffffffb2][0x15][0x6][0x1c][[0xffffffbb][0xffffff9c]2[0xffffffba]FR"d[0xffffffed][0xffffffd2][0x6][0xffffff92][0xffffffa1]D[0xffffffc0][0xffffffda][0xffffffa5][0xffffff84][0xffffffb3][0xffffff9a][0x12][0xffffffc1]k[0xffffff97][0xffffffae]<YJ[0xffffffe4][0xffffffad]][0xffffffba]j[0xffffffe5]([0xffffff91][0xffffffb2]v[0xffffffa9][0xffffffc5][0xffffffbb]A[0x9][0xffffffb3]v[0xfffffff9][0xffffffbc][0x6][0xfffffff6][0xffffffd9][0xffffffe5][0xffffffc4][0xffffffd7].g[0xffffffc0][0xffffffda][0xffffffe5]4[0xffffff93]l[0xffffff85][0x1][0xffffffc7][0xffffffd6].[0xffffffa7][0xffffff8c][0xffffffae][0xffffff91][0xffffff94][0x8]Y[0xffffffbb][0xffffffb4][0xffffff81]d([0x11][0xffffffb0]v)[0xffffffe1][0xffffffac][0xffffffa6]D[0xfffffff0][0xffffffda][0xffffffa5]+O[0xffffff96][0x12]yk[0xffffff97][0xffffffae]Z9J[0xffffffa4][0xffffffac]]j[0xfffffff1]nP[0xffffffc2][0xffffffac]]~P[0x2];[0xc]:[0xfffffff1][0xffffffb5][0xffffffcb][0x19][0xffffffb0]v9[0xffffffcd]$[a[0xffffffc0][0xffffffb1][0xffffffb5][0xffffffcb])[0xffffffa3]k$%B[0xffffffd6].m [0x19]J[0x4][0xffffffac]]J8[0xffffffab])[0x11][0xffffffbc]v[0xffffffe9][0xffffffca][0xffffff93][0xffffffa5]D[0xffffffde][0xffffffda][0xffffffa5][0xffffffab]V[0xffffff8e][0x12])k[0xffffff97]Z[0xffffffbc][0x1b][0xffffff94]0k[0xffffff97][0xffffffcf]k[0xffffff9e][0x18]%[0xfffffff0][0xffffffb5][0xffffffcb][0x19][0xffffffb0]v9[0xffffffcd]$[a[0xffffffc0][0xffffffb1][0xffffffb5][0xffffffcb])[0xffffffa3]k$%B[0xffffffd6].m [0x19]J[0x4][0xffffffac]]J8[0xffffffab])[0x11][0xffffffbc]v[0xffffffe9][0xffffffca][0xffffff93][0xffffffa5]D[0xffffffde][0xffffffda][0xffffffa5][0xffffffab]V[0xffffff8e][0x12])k[0xffffff97]Z[0xffffffbc][0x1b][0xffffff94][0xffffffb8][0xc]%Z{[\r][0xffffff8a][0x12][0x17]N[0xffffff89]+[0xffffff80][0x12][0xffffff97][0xffffffe6][0xffffffbd]0[0xffffffe0][0x17]F[0xffffff89]+[0xffffff89][0x12][0x1a]E[0xffffff86][0x12].[0xffffff90][0xc]%4[0xffffff96][0xfffffff5][0xffffff94]X[0xffffffc3]YM[0xffffff89]5[0xffffffa2]I[0xffffff94]0[0xffffffe5][0xffffffc9]R[0xffffffc2]v)K[0x9]S[0xffffffad][0x1c]%[0xffffffa4]i)JH[0xfffffff1]nP[0xffffffc2][0xffffffac]]]]><![CDATA[>[0xffffffed][0xffffff9a][0xffffffd4]a[0xffffffd0][0xffffff89][0xffffffaf]][0xffffffce][0xffffff80][0xffffffb5][0xffffffcb]i&[0xffffffd9][\n]"
08:17:55.117 [TestNG-PoolService-1] DEBUG org.apache.hc.client5.http.wire -- http-outgoing-3 << "[0xffffff8a][0x1a][0xffffff9f][0xffffffbf]OQ[0xffffffe3][0xffffffc7]o[0xffffffa7]PCCIQ[0xffffffc3]E[0xffffff93][0xffffffa2][0xffffff86][0x6][0xffffff94][0xffffffa0][0xffffffc6][0x1a][0xffffffd3]zj[0xffffffac]a[0xffffffcd][0xffffffa2][0xffffff86])T[0xffffff9a][0x1a][0xffffffb6]_ij[0xffffff98][0xffffffba]%[0xffffffa9]![0xffffffed][0xffffffcb]QC[0xffffffca]x[0xffffff93][0x1a]w[0x1c]5[0xffffffee][0x0]j[0xffffffdc][0x11][0xffffffd4][0xffffffb8]aj[0xffffffdc] 5[0xffffffee],j[0xffffffac][0xffffffa1][0xffffffe4][0xffffffa8][0xffffffa1][0xffffffd1][0xffffffe4][0xffffffa8][0xffffffb1][0x6][0xffffff94][0xffffffa1][0xffffffc6][0xffffff8d]S[0xffffffe3][0xffffff8e][0xffffffa6][0xffffff86][0x14]*O[\r][0xffffffd3][0xffffffaf]<5[0xffffffa4]nYj[0xffffffdc]9[0xffffffd4][0xffffffb8][0xfffffff7][0xffffffa9]q}[0xffffffff]+[0xffffff8f][0x19][0xfffffffa][0xffffffbe][0xffffff8e][0xffffffab][0xffffff95]C[0xffffffe3][0xfffffff7][0xfffffff3]P[0xffffffcc][0xfffffff8][0xffffffc7][0x13]`[0xffffffc8]X[0xffffff9e][0xffffffa1][0xffffff98][0x18][0xffffffff][0xfffffff8][0xfffffff5]b`[0xfffffffc][0xffffffef]/[0xffffffc3][0xffffffbc]x[0x1b][0xffffffc5]b\[0xfffffffc]K [0xffffff8b]i[0xfffffff1]6[0xffffff96][0xffffff85][0xffffffb0]x[0x13][0xffffffce]2V[0xffffffbc][0xffffff89]h[0x4]*[0xffffffde][0xffffff97]'D[0xffffff8a][0x7f][0xffffffeb]R[0x8][0x14][0xffffffef][0xffffffab][0x15][0xffffffe0][0xffffffc4][0xffffffbb][0xffffffa6]-[0xffffffc7][0xffffffc4][0xffffffbb][0xffffffe2][0xffffffdd][0xffffffa2]D[0xf][0xffffffa3][0x4]6[0xfffffff4][0xfffffffd][0xffffff8f]'[0xffffffe0])[0xffffff81][0xc]}[0xffffffff][0xffffffe3][0xffffffd7])J$[0xc]}[0xffffffbf][0xffffff8d]"E[0x9]|[0xffffffe8][0xfffffffb]m,[0x9]J@C[0xffffffdf]o"[0xffffff9a]E[0xffffff89][0xffffff94][0xffffffa1][0xffffffef][0x7f][0xffffffeb]R[0xffffff9a][0x12][0x9]C[0xffffffdf][0xffffffef][0xffffff9a][0xffffff96][0xffffffa3][0xffffffc4]_[0xc]}[0xffffffff][0xfffffff8]7[0xffffffa6]{+q[0x1d][0x18]%&[0xfffffffe]Vb[0x6][0xffffffbc][0xffffff95][0xffffff98]J[0xffffffe7][0xffffffc2][0xffffff80]O[0xffffffec][0xffffffad][0xffffffc4]Lz+[0xffffffa1]Qd([0xffffffe1][0x2][0xffffffc9]PBcYO[0xffffff89]5[0xffffff9c][0xffffffd5][0xffffff94]X#[0xffffff9a]D[0x9]S[0xffffff9e],%l[0xffffff97][0xffffffb2][0xffffff94]0[0xffffffd5][0xffffffca]QB[0xffffff9a][0xffffff96][0xffffffa2][0xffffff84][0x14][0xffffffef][0xffffff9f]S[0xffffffe2]~9J[0xffffffcc]{B[0xffffff94][0xfffffff8]|[0x1e][0xffffff96][0x12]_O[0x0]S[0xffffffe2][0xffffffd7]3 [0xffffff94][0xfffffff8][0xfffffffa]u[0xffffff84][0x12]?[0x7f]9[0xffffff82][0x12]&[0xffffff8a][0x8]%l [0x11]J[0xffffff98]X[0xffffff96]SB[0xffffffc2]YL[0x9][0xffffff89]h[0x10]%\y[0xffffffa2][0xffffff94][0xfffffff0]][0xffffff8a]R[0xffffffc2]U+F[0x9]mZ[0xffffff88][0x12]Z[0xffffffbc][0x1b][0xffffff94]h[0xffffff86][0x12][0xffffffa3][0xffffff8d][0xffffff87][0xffffffa2]D[0xffffffc3])[0xffffffd1][0x2]([0xffffffd1]4[0xffffffef][0xffffff85][0x1]o[0x18]%Z[0x12]%4[0xffffff8a][0xc]%\ [0x19]Jh,[0xffffffeb])[0xffffffb1][0xffffff86][0xffffffb3][0xffffff9a][0x12]kD[0xffffff93](a[0xffffffca][0xffffff93][0xffffffa5][0xffffff84][0xffffffed]R[0xffffff96][0x12][0xffffffa6]Z9JH[0xffffffd3]R[0xffffff94][0xffffff90][0xffffffe2][0xffffffdd][0xffffffa0]Dw[0xffffff94][0x18][0xffffffe7]IQ[0xffffffa2][0xffffffe3][0xffffff94][0xffffffe8][0x1][0xffffff94][0xffffffe8][0xffffff9a][0xfffffff7][0xffffffc2][0xffffff80]w[0xffffff8c][0x12]=[0xffffff89][0x12][0x1a]E[0xffffff86][0x12].[0xffffff90][0xc]%4[0xffffff96][0xfffffff5][0xffffff94]X[0xffffffc3]YM[0xffffff89]5[0xffffffa2]I[0xffffff94]0[0xffffffe5][0xffffffc9]R[0xffffffc2]v)K[0x9]S[0xffffffad][0x1c]%[0xffffffa4]i)JH[0xfffffff1]nP[0xffffffe2]p[0xffffff94]x[0xffffffce]AQ[0xffffffe2][0xffffffc0])q[0x4]P[0xffffffe2][0xffffffd0][0xffffffbc][0x17][0x6][0xfffffffc][0xffffffc0](q$QB[0xffffffa3][0xffffffc8]P[0xffffffc2][0x5][0xffffff92][0xffffffa1][0xffffff84][0xffffffc6][0xffffffb2][0xffffff9e][0x12]k8[0xffffffab])[0xffffffb1]F4[0xffffff89][0x12][0xffffffa6]<YJ[0xffffffd8].e)a[0xffffffaa][0xffffff95][0xffffffa3][0xffffff84]4-E[0x9])[0xffffffde][\r]J[0xffffff9c][0xffffff86][0x12]w[0x7f][0xffffffbd](J[0xffffff9c]8%[0xffffffce][0x0]J[0xffffff9c][0xffffff9a][0xfffffff7][0xffffffc2][0xffffff80][0xffffff9f][0x18]%[0xffffffce]$Jh[0x14][0x19]J[0xffffffb8]@2[0xffffff94][0xffffffd0]X[0xffffffd6]Sb[\r]g5%[0xffffffd6][0xffffff88]&Q[0xffffffc2][0xffffff94]'K[0x9][0xffffffdb][0xffffffa5],%L[0xffffffb5]r[0xffffff94][0xffffff90][0xffffffa6][0xffffffa5](![0xffffffc5][0xffffffbb]A[0xffffff89][0xffffffcb]Rb`o%.[0xffffff9c][0x12]W[0x0]%.[0xffffffcd]{a[0xffffffc0]/[0xffffff8c][0x12]W[0x12]%4[0xffffff8a][0xc]%\ [0x19]Jh,[0xffffffeb])[0xffffffb1][0xffffff86][0xffffffb3][0xffffff9a][0x12]kD[0xffffff93](a[0xffffffca][0xffffff93][0xffffffa5][0xffffff84][0xffffffed]R[0xffffff96][0x12][0xffffffa6]Z9JH[0xffffffd3]R[0xffffff94][0xffffff90][0xffffffe2][0xffffffdd][0xffffffa0][0xffffffc4]p[0xffffff94]8:v[0xffffff82]c[0xffffffe0][0xffffff94][0x18][0x1][0xffffff94][0x18][0xffffff9a][0xfffffff7][0xffffffc2][0xffffff80][0xf][0xffffff8c][0x12]#[0xffffff89][0x12][0x1a]E[0xffffff86][0x12].[0xffffff90][0xc]%4[0xffffff96][0xfffffff5][0xffffff94]X[0xffffffc3]YM[0xffffff89]5[0xffffffa2]I[0xffffff94]0[0xffffffe5][0xffffffc9]R[0xffffffc2]v)K[0x9]S[0xffffffad][0x1c]%[0xffffffa4]i)JH[0xfffffff1]nP[0xffffffe2][0xffffffb6][0xffffff94][0xffffffb8];E[0xffffff89][0x1b][0xffffffa7][0xffffffc4][0x1d]@[0xffffff89][[0xfffffff3]^[0x18][0xfffffff0][0x1b][0xffffffa3][0xffffffc4][0xffffff9d]D[0x9][0xffffff8d]"C[0x9][0x17]H[0xffffff86][0x12][0x1a][0xffffffcb]zJ[0xffffffac][0xffffffe1][0xffffffac][0xffffffa6][0xffffffc4][0x1a][0xffffffd1]$J[0xffffff98][0xfffffff2]d)a[0xffffffbb][0xffffff94][0xffffffa5][0xffffff84][0xffffffa9]V[0xffffff8e][0x12][0xffffffd2][0xffffffb4][0x14]%[0xffffffa4]x7([0xffffffe1][0xffffff86][0xffffffb3][0xffffffef][0xfffffff3][0xffffffc0]([0xffffff81][0xf]g[0xffffffdf][0x1][0xffffffc3][0xffffffd9][0xffffffb7]Yw-[0xc]86[0xffffff9c]}[0xffffffcb]~+I[0xffffff89][0xffffff90][0xffffffe1]l[0x1b]H[0xffffff86][0x12][0x1][0xffffffc3][0xffffffd9][0x12][0xffffffce]jJ[0x4][0xf]g[0xffffffbb][0xfffffff2]d)[0xffffff91]7[0xffffff9c][0xffffffed][0xffffffaa][0xffffff95][0xffffffa3]D[0xffffffca]p[0xffffffb6][0x16][0xffffffef][0x6]%[0xffffffdc][0xffffffda][0xffffffe5]}}=&B[0x9]|[0xffffffed][0xfffffff2][0xe]X[0xffffffbb][0xffffffbc][0xffffffcd]$[a[0xffffffc0][0xffffffb1][0xffffffb5][0xffffffcb][F[0xffffffd7]HJ[0xffffff84][0xffffffac]][0xffffffda]@2[0xffffff94][0x8]X[0xffffffbb][0xffffff94]pVS"x[0xffffffed][0xffffffd2][0xffffff95]'K[0xffffff89][0xffffffbc][0xffffffb5]KW[0xffffffad][0x1c]%R[0xffffffd6].[0xffffffb5]x[0xffffffb7](q[0xffffff84]Q[0xffffffe2][0xffffffc0])q[0x4]P[0xffffffe2]@)q`[0xffffff94]8[0xffffff92]([0xffffffb1]F[0xffffff91][0xffffffa2][0xffffff84][0x6][0xffffff92][0xffffffa2][0xffffffc4][0x1a]K[0xffffff82][0x12][0x7]L[0xffffff89]#[0xffffff98][0x12]R[0xffffff9e]4%L[0xffffff97][0xffffffd2][0xffffff94][0xffffff90]j%)q[0xffffffa4]P[0xffffffe2][0xfffffff8][J<n[0xffffffed][0xfffffff2]9[0xffffffe7][0x1]Q[0xffffffe2][0xffffffc1][0xffffffd7].[0xffffff9f][0xffffff80][0xffffffb5][0xffffffcb][0xffffffc7]L[0xffffffb2][0xffffffd5][0x5][0xfffffffc][0xffffffc1][0xffffffd6].[0x1f][0x19]][0x3])a[0xffffffa2][0xffffff88]P[0xffffffc2][0x6][0x12][0xffffffa1][0xffffff84][0xffffff89]e9%$[0xffffff9c][0xffffffc5][0xffffff94][0xffffff90][0xffffff88][0x6]Q[0xffffffc2][0xffffff95]'J[0x9][0xffffffdf][0xffffffa5](%\[0xffffffb5]b[0xffffff94][0xffffffd0][0xffffffa6][0xffffff85]([0xffffffa1][0xffffffc5][0xffffffbb]A[0x9][0xffffffb7]v[0xfffffff9][0xffffff8c][0x7][0xffffffa3][0x4][0xffffffbe]v[0xfffffff9][0x4][0xffffffac]]]]><![CDATA[>f[0xffffff92][0xffffffad]0[0xffffffe0][0xffffffd8][0xffffffda][0xffffffe5]#[0xffffffa3]k$%B[0xffffffd6].m [0x19]J[0x4][0xffffffac]]J8[0xffffffab])[0x11][0xffffffbc]v[0xffffffe9][0xffffffca][0xffffff93][0xffffffa5]D[0xffffffde][0xffffffda][0xffffffa5][0xffffffab]V[0xffffff8e][0x12])k[0xffffff97]Z[0xffffffbc][0x1b][0xffffff94]pk[0xffffff97][0xffffffcf]|Q7[0xffffff83]>[0xfffffff8][0xffffffda][0xffffffe5][0x13][0xffffffb0]v[0xfffffff9][0xffffff98]I[0xffffffb6][0xffffffc2][0xffffff80]ck[0xffffff97][0xffffff8f][0xffffff8c][0xffffffae][0xffffff91][0xffffff94][0x8]Y[0xffffffbb][0xffffffb4][0xffffff81]d([0x11][0xffffffb0]v)[0xffffffe1][0xffffffac][0xffffffa6]D[0xfffffff0][0xffffffda][0xffffffa5]+O[0xffffff96][0x12]yk[0xffffff97][0xffffffae]Z9J[0xffffffa4][0xffffffac]]j[0xfffffff1]nP[0xffffffc2][0xffffffad]][0xffffffce]~bo%[0xfffffff0][0xffffffb5][0xffffffcb]'`[0xffffffed][0xfffffff2]1[0xffffff93]l[0xffffff85][0x1][0xffffffc7][0xffffffd6].[0x1f][0x19]]#)[0x11][0xffffffb2]vi[0x3][0xffffffc9]P"`[0xffffffed]R[0xffffffc2]YM[0xffffff89][0xffffffe0][0xffffffb5]KW[0xffffff9e],%[0xfffffff2][0xffffffd6].][0xffffffb5]r[0xffffff94]HY[0xffffffbb][0xffffffd4][0xffffffe2][0xffffffdd][0xffffffa0][0xffffffc4][0xffffffe5](q[\r]j[0xffffffa2][0xffffffea][0xfffffff3]y`J\[0x1][0xffffff94][0xffffffb8]4[0xffffffef][0xffffff85][0x1][0xffffffbf]0J\I[0xffffff94][0xffffffd0](2[0xffffff94]p[0xffffff81]d([0xffffffa1][0xffffffb1][0xffffffac][0xffffffa7][0xffffffc4][0x1a][0xffffffce]jJ[0xffffffac][0x11]M[0xffffffa2][0xffffff84])O[0xffffff96][0x12][0xffffffb6]KYJ[0xffffff98]j[0xffffffe5](!MKQB[0xffffff8a]w[0xffffff83][0x12]n[0xffffffed]r[0xffffffce]yS[0xffffff94][0xffffffc0][0xffffffd7].[0xffffff9f][0xffffff80][0xffffffb5][0xffffffcb][0xffffffc7]L[0xffffffb2][0x15][0x6][0x1c][[0xffffffbb]|dt[0xffffff8d][0xffffffa4]D[0xffffffc8][0xffffffda][0xffffffa5][\r]$C[0xffffff89][0xffffff80][0xffffffb5]K[0x9]g5%[0xffffff82][0xffffffd7].]y[0xffffffb2][0xffffff94][0xffffffc8][[0xffffffbb]t[0xffffffd5][0xffffffca]Q"e[0xffffffed]R[0xffffff8b]w[0xffffff83][0x12]f[0xffffffed][0xfffffff2]y[0xffffffb5][0x3][0xfffffffb][0x3][0x7][0xffffffbe]v[0xfffffff9][0x4][0xffffffac]]]]><![CDATA[>f[0xffffff92][0xffffffad]0[0xffffffe0][0xffffffd8][0xffffffda][0xffffffe5]#[0xffffffa3]k$%B[0xffffffd6].m [0x19]J[0x4][0xffffffac]]J8[0xffffffab])[0x11][0xffffffbc]v[0xffffffe9][0xffffffca][0xffffff93][0xffffffa5]D[0xffffffde][0xffffffda][0xffffffa5][0xffffffab]V[0xffffff8e][0x12])k[0xffffff97]Z[0xffffffbc][0x1b][0xffffff94]0k[0xffffff97][0xffffffcf][0xffffffeb]<[0x1f][0xffffff8a][0x12][0xfffffff8][0xffffffda][0xffffffe5][0x13][0xffffffb0]v[0xfffffff9][0xffffff98]I[0xffffffb6][0xffffffc2][0xffffff80]ck[0xffffff97][0xffffff8f][0xffffff8c][0xffffffae][0xffffff91][0xffffff94][0x8]Y[0xffffffbb][0xffffffb4][0xffffff81]d([0x11][0xffffffb0]v)[0xffffffe1][0xffffffac][0xffffffa6]D[0xfffffff0][0xffffffda][0xffffffa5]+O[0xffffff96][0x12]yk[0xffffff97][0xffffffae]Z9J[0xffffffa4][0xffffffac]]j[0xfffffff1]nP[0xffffffc2][0xffffffac]]]]><![CDATA[>[0xffffffaf][0xffffffab]c'8[0xfffffff0][0xffffffb5][0xffffffcb]'`[0xffffffed][0xfffffff2]1[0xffffff93]l[0xffffff85][0x1][0xffffffc7][0xffffffd6].[0x1f][0x19]]#)[0x11][0xffffffb2]vi[0x3][0xffffffc9]P"`[0xffffffed]R[0xffffffc2]YM[0xffffff89][0xffffffe0][0xffffffb5]KW[0xffffff9e],%[0xfffffff2][0xffffffd6].][0xffffffb5]r[0xffffff94]HY[0xffffffbb][0xffffffd4][0xffffffe2][0xfffffffd]sJ[0xffffffcc][0xffffff97][0xffffffa5][0xffffffc4][0xffffffe8][0x10]%>[0xffffff9f][0xffffff87][0xffffffa5][0xffffffc4][0xffffffd7][0x13][0xffffffc0][0xffffff94][0xfffffff8][0xfffffff5][0xc][0x8]%[0xffffffbe]~[0x1d][0xffffffa1][0xffffffc4][0xffffffcf]_[0xffffff8e][0xffffffa0][0xffffff84][0xffffff89]"B[0x9][0x1b]H[0xffffff84][0x12]&[0xffffff96][0xffffffe5][0xffffff94][0xffffff90]p[0x16]SB"[0x1a]D[0x9]W[0xffffff9e](%|[0xffffff97][0xffffffa2][0xffffff94]p[0xffffffd5][0xffffff8a]QB[0xffffff9b][0x16][0xffffffa2][0xffffff84][0x16][0xffffffef][0x6]%[0xffffffcc][0xffffffda][0xffffffe5][0x7]%[0xffffffe6]IQ[0x2]_[0xffffffbb][0xffffff9c][0x1]k[0xffffff97][0xffffffd3]L[0xffffffb2][0x15][0x6][0x1c][[0xffffffbb][0xffffff9c]2[0xffffffba]FR"d[0xffffffed][0xffffffd2][0x6][0xffffff92][0xffffffa1]D[0xffffffc0][0xffffffda][0xffffffa5][0xffffff84][0xffffffb3][0xffffff9a][0x12][0xffffffc1]k[0xffffff97][0xffffffae]<YJ[0xffffffe4][0xffffffad]][0xffffffba]j[0xffffffe5]([0xffffff91][0xffffffb2]v[0xffffffa9][0xffffffc5][0xffffffbb]A[0x9][0xffffffb3]v[0xfffffff9][0xffffffbc][0x6][0xfffffff6][0xffffffd9][0xffffffe5][0xffffffc4][0xffffffd7].g[0xffffffc0][0xffffffda][0xffffffe5]4[0xffffff93]l[0xffffff85][0x1][0xffffffc7][0xffffffd6].[0xffffffa7][0xffffff8c][0xffffffae][0xffffff91][0xffffff94][0x8]Y[0xffffffbb][0xffffffb4][0xffffff81]d([0x11][0xffffffb0]v)[0xffffffe1][0xffffffac][0xffffffa6]D[0xfffffff0][0xffffffda][0xffffffa5]+O[0xffffff96][0x12]yk[0xffffff97][0xffffffae]Z9J[0xffffffa4][0xffffffac]]j[0xfffffff1]nP[0xffffffc2][0xffffffac]]~P[0x2];[0xc]:[0xfffffff1][0xffffffb5][0xffffffcb][0x19][0xffffffb0]v9[0xffffffcd]$[a[0xffffffc0][0xffffffb1][0xffffffb5][0xffffffcb])[0xffffffa3]k$%B[0xffffffd6].m [0x19]J[0x4][0xffffffac]]J8[0xffffffab])[0x11][0xffffffbc]v[0xffffffe9][0xffffffca][0xffffff93][0xffffffa5]D[0xffffffde][0xffffffda][0xffffffa5][0xffffffab]V[0xffffff8e][0x12])k[0xffffff97]Z[0xffffffbc][0x1b][0xffffff94]0k[0xffffff97][0xffffffcf]k[0xffffff9e][0x18]%[0xfffffff0][0xffffffb5][0xffffffcb][0x19][0xffffffb0]v9[0xffffffcd]$[a[0xffffffc0][0xffffffb1][0xffffffb5][0xffffffcb])[0xffffffa3]k$%B[0xffffffd6].m [0x19]J[0x4][0xffffffac]]J8[0xffffffab])[0x11][0xffffffbc]v[0xffffffe9][0xffffffca][0xffffff93][0xffffffa5]D[0xffffffde][0xffffffda][0xffffffa5][0xffffffab]V[0xffffff8e][0x12])k[0xffffff97]Z[0xffffffbc][0x1b][0xffffff94][0xffffffb8][0xc]%Z{[\r][0xffffff8a][0x12][0x17]N[0xffffff89]+[0xffffff80][0x12][0xffffff97][0xffffffe6][0xffffffbd]0[0xffffffe0][0x17]F[0xffffff89]+[0xffffff89][0x12][0x1a]E[0xffffff86][0x12].[0xffffff90][0xc]%4[0xffffff96][0xfffffff5][0xffffff94]X[0xffffffc3]YM[0xffffff89]5[0xffffffa2]I[0xffffff94]0[0xffffffe5][0xffffffc9]R[0xffffffc2]v)K[0x9]S[0xffffffad][0x1c]%[0xffffffa4]i)JH[0xfffffff1]nP[0xffffffc2][0xffffffac]]]]><![CDATA[>[0xffffffed][0xffffff9a][0xffffffd4]a[0xffffffd0][0xffffff89][0xffffffaf]][0xffffffce][0xffffff80][0xffffffb5][0xffffffcb]i&[0xffffffd9][\n]"
08:17:55.118 [TestNG-PoolService-2] DEBUG org.apache.hc.client5.http.wire -- http-outgoing-5 << "[0x3][0xffffff8e][0xffffffad]]N[0x19]]#)[0x11][0xffffffb2]vi[0x3][0xffffffc9]P"`[0xffffffed]R[0xffffffc2]YM[0xffffff89][0xffffffe0][0xffffffb5]KW[0xffffff9e],%[0xfffffff2][0xffffffd6].][0xffffffb5]r[0xffffff94]HY[0xffffffbb][0xffffffd4][0xffffffe2][0xffffffdd][0xffffffa2][0xffffffc4][0x11]F[0xffffff89][0x3][0xffffffa7][0xffffffc4][0x11]@[0xffffff89][0x3][0xffffffa5][0xffffffc4][0xffffff81]Q[0xffffffe2]H[0xffffffa2][0xffffffc4][0x1a]E[0xffffff8a][0x12][0x1a]H[0xffffff8a][0x12]k,[0x9]J[0x1c]0%[0xffffff8e]`JHy[0xffffffd2][0xffffff94]0]JSB[0xffffffaa][0xffffff95][0xffffffa4][0xffffffc4][0xffffff91]B[0xffffff89][0xffffffe3][0xffffffaf])[0xffffffe1][0xffffff86][0xffffffb3][0xffffffdb]}a[0x7f][0xffffffe0][0xffffffc0][0xffffff87][0xffffffb3]g[0xffffffc0]p[0xfffffff6]4[0xffffffeb][0xffffffae][0xffffff85][0x1][0xffffffc7][0xffffff86][0xffffffb3][0xffffffa7][0xffffffec][0xffffffb7][0xffffff92][0xffffff94][0x8][0x19][0xffffffce][0xffffffb6][0xffffff81]d([0x11]0[0xffffff9c]-[0xffffffe1][0xffffffac][0xffffffa6]D[0xfffffff0]p[0xffffffb6]+O[0xffffff96][0x12]y[0xffffffc3][0xffffffd9][0xffffffae]Z9J[0xffffffa4][0xc]gk[0xfffffff1]nP[0xffffffc2][\r]g[0xfffffff7][0xffffffde][0xffffffb1][0xffffffc3][0xffffffa0][0xfffffff8]p[0xfffffff6][0xc][0x18][0xffffffce][0xffffff9e]f[0xffffffdd][0xffffffb5]0[0xffffffe0][0xffffffd8]p[0xfffffff6][0xffffff94][0xfffffffd]V[0xffffff92][0x12]![0xffffffc3][0xffffffd9]6[0xffffff90][0xc]%[0x2][0xffffff86][0xffffffb3]%[0xffffff9c][0xffffffd5][0xffffff94][0x8][0x1e][0xffffffce]v[0xffffffe5][0xffffffc9]R"o8[0xffffffdb]U+G[0xffffff89][0xffffff94][0xffffffe1]l-[0xffffffde][\r]J[0xffffffb8][0xffffffe1][0xffffffec]~6[0xffffffec][0xffffffad][0x4]>[0xffffff9c]=[0x3][0xffffff86][0xffffffb3][0xffffffa7]Yw-[0xc]86[0xffffff9c]=e[0xffffffbf][0xffffff95][0xffffffa4]D[0xffffffc8]p[0xffffffb6][\r]$C[0xffffff89][0xffffff80][0xffffffe1]l[0x9]g5%[0xffffff82][0xffffff87][0xffffffb3]]y[0xffffffb2][0xffffff94][0xffffffc8][0x1b][0xffffffce]v[0xffffffd5][0xffffffca]Q"e8[[0xffffff8b][0xfffffff7][0xffffff8f])q[0xffffffbe][0xffffffdc]pv[0x7f][0xffffff9e][0xffffffce]P[0xffffffe2][0xffffffeb]yPJ|?[0x1]K[0xffffff89][0xffffffdf][0xffffffcf]@P[0xffffffe2][0xfffffffb][0xffffffd7][0x9]J[0xfffffffc][0xfffffffa][0xffffffe5][0x4]J[0xffffffb8]([0x12][0xffffff94][0xfffffff0][0xffffff81]$([0xffffffe1]bYM[0x9][\r]g-%4[0xffffffa2]9[0xffffff94][0xffffffb0][0xffffffe5]IR[0xffffffe2]M[0xffffff97][0xffffff92][0xffffff94][0xffffffb0][0xffffffd5]JQ[0xffffffc2]4-C[0x9]S[0xffffffbc][0x1b][0xffffff94]p[0xffffffc3][0xffffffd9][0xffffffc7][0xffffffab]C[0xffffffbb][0x12]_[0xffffffcf][0x3]S[0xffffff82][0x1f][0xffffffce][0xfffffffe][0xfffffffd][0xc][0xc]%[0xffffffa8][0xffffffe1][0xffffffec]_[0xffffffbf][0xffffff9c]A[0xffffff89][0xffffff8c][0xffffffe1]l[0x1f]H[0xffffff86][0x12][0xfffffffc]p[0xffffffb6][0xffffff86][0xffffffb3][0xffffff9a][0x12][0xffffffb9][0xffffffc3][0xffffffd9][0xffffffb6]<YJ[0xffffffc4][\r]g[0xffffffdb]j[0xffffffe5]([0x11]2[0xffffff9c]m[0xffffff8a]w[0xffffff83][0x12]n8[0xfffffffb]8o[0xffffffe8][0x4][0xffffffc7][0xffffffd7][0xfffffff3][0xffffffc0][0xffffff94][0xffffffe0][0xffffff87][0xffffffb3][0x7f]?[0x3]C[0x9]j8[0xfffffffb][0xffffffd7]/gP"c8[0xffffffdb][0x7][0xffffff92][0xffffffa1][0x4]?[0xffffff9c][0xffffffad][0xffffffe1][0xffffffac][0xffffffa6]D[0xffffffee]p[0xffffffb6]-O[0xffffff96][0x12]q[0xffffffc3][0xffffffd9][0xffffffb6]Z9J[0xffffff84][0xc]g[0xffffff9b][0xffffffe2][0xffffffdd][0xffffffa0][0xffffff84][0x1b][0xffffffce]>[0xffffffae][0xfffffffb][0xffffffa4](A[0xf]g[0x7f]?[0x1]M[0x9]r8[0xfffffffb][0xfffffffb][0xffffffd7][0x19]J[0x4][\r]g[0xffffffbb](2[0xffffff94]H[0x19][0xffffffce]v[0xffffffb1][0xffffffac][0xffffffa7][0x4];[0xffffff9c][0xffffffad][0x11]M[0xffffffa2]D[0xffffffd8]p[0xfffffff6][0xffffff9b].e)[0x11]4[0xffffff9c]m[0xffffff9a][0xffffff96][0xffffffa2][0xffffffc4][0xffffffdf][0xf]g[0xffffff9f]/7[0xffffff9c]}[0xffffff8c][0xffffffd7][0xffffffa4](A[0xf]g[0x7f]?[0x1]M[0x9]r8[0xfffffffb][0xfffffffb][0xffffffd7][0x19]J[0x4][\r]g[0xffffffbb](2[0xffffff94]H[0x19][0xffffffce]v[0xffffffb1][0xffffffac][0xffffffa7][0x4];[0xffffff9c][0xffffffad][0x11]M[0xffffffa2]D[0xffffffd8]p[0xfffffff6][0xffffff9b].e)[0x11]4[0xffffff9c]m[0xffffff9a][0xffffff96][0xffffffa2][0xffffffc4][0xffffffdf][0xf]g[0xffffff9f][0xffffffaf][0xffffffcb]R[0xffffffa2][0xffffffbd](J\8%[0xffffffae][0x0]J\[0xffffff9a][0xfffffff7][0xffffffc2][0xffffff80]_[0x18]%[0xffffffae]$Jh[0x14][0x19]J[0xffffffb8]@2[0xffffff94][0xffffffd0]X[0xffffffd6]Sb[\r]g5%[0xffffffd6][0xffffff88]&Q[0xffffffc2][0xffffff94]'K[0x9][0xffffffdb][0xffffffa5],%L[0xffffffb5]r[0xffffff94][0xffffff90][0xffffffa6][0xffffffa5](![0xffffffc5][0xffffffbb]A[0x9]7[0xffffff9c]}[0xffffff8c][0xffffff89]Q[0xffffff82][0x1e][0xffffffce][0xfffffffe]~[0x2][0xffffff9a][0x12][0xffffffe4]p[0xfffffff6][0xfffffff7][0xffffffaf]3[0xffffff94][0x8][0x1a][0xffffffce]vQd([0xffffff91]2[0xffffff9c][0xffffffed]bYO[0x9]v8[#[0xffffff9a]D[0xffffff89][0xffffffb0][0xffffffe1][0xffffffec]7][0xffffffca]R"h8[0xffffffdb]4-E[0xffffff89][0xffffffbf][0x1f][0xffffffce]>_n[0xffffffed][0xfffffff2]x[0x1a]4Q[0xfffffff5][0xfffffff5]<0%[0xfffffff8][0xffffffb5][0xffffffcb][0xffffffdf][0xffffffcf][0xffffffc0]P[0xffffff82]Z[0xffffffbb][0xfffffffc][0xfffffff5][0xffffffcb][0x19][0xffffff94][0xffffffc8]X[0xffffffbb][0xfffffff4][0xffffff81]d([0xffffffc1][0xffffffaf]]j8[0xffffffab])[0xffffff91][0xffffffbb]vi[0xffffffcb][0xffffff93][0xffffffa5]D[0xffffffdc][0xffffffda][0xffffffa5][0xffffffad]V[0xffffff8e][0x12]!k[0xffffff97][0xffffffa6]x7([0xffffffe1][0xffffffd6].[0xffffffcf]vbo%[0xffffffe8][0xffffffb5][0xffffffcb][0xffffffef]'[0xffffffa0])A[0xffffffae]]~[0xffffffff]:C[0xffffff89][0xffffffa0][0xffffffb5]K[0x17]E[0xffffff86][0x12])k[0xffffff97].[0xffffff96][0xfffffff5][0xffffff94]`[0xffffffd7].5[0xffffffa2]I[0xffffff94][0x8][[0xffffffbb]|[0xffffffd3][0xffffffa5],%[0xffffff82][0xffffffd6].M[0xffffffd3]R[0xffffff94][0xfffffff8][0xfffffffb][0xffffffb5][0xffffffcb][0xfffffff3][0xffffffe5][0xffffffd6].[0xffffffcf][0xfffffff3][0xffffff85][0x1d][0x6][0xffffffa5][0xffffffd7].[0xffffffbf][0xffffff9f][0xffffff80][0xffffffa6][0x4][0xffffffb9]v[0xfffffff9][0xfffffffd][0xffffffeb][0xc]%[0xffffff82][0xffffffd6].][0x14][0x19]J[0xffffffa4][0xffffffac]][0xffffffba]X[0xffffffd6]S[0xffffff82]][0xffffffbb][0xffffffd4][0xffffff88]&Q"l[0xffffffed][0xfffffff2]M[0xffffff97][0xffffffb2][0xffffff94][0x8]Z[0xffffffbb]4MKQ[0xffffffe2]?X[0xffffffbb]ln[0xffffffed][0xfffffff2][0xffffffbc][0xffffffc7][0x3]Q[0xffffffa2][0xffffffe1]k[0xffffff97]-`[0xffffffed][0xffffffb2][0xffffff99]I[0xffffffb6][0xffffffba][0xffffff80]7l[0xffffffed][0xffffffb2][0xffffffc9][0xffffffe8][0x1a]H[0x9][0x13]E[0xffffff84][0x12]6[0xffffff90][0x8]%L,[0xffffffcb])![0xffffffe1],[0xffffffa6][0xffffff84]D4[0xffffff88][0x12][0xffffffae]<QJ[0xfffffff8].E)[0xffffffe1][0xffffffaa][0x15][0xffffffa3][0xffffff84]6-D[0x9]-[0xffffffde][\r]J4s[0xffffffc9][0xfffffff8][0xfffffff5][0xffffffba][0xffffffa8]?p|>[0xf]L[0xffffff89][0xffffff86]_2[0xfffffffe][0xfffffffb][0x19][0x18]J4[0xffffffe8][0xffffff92][0xfffffff1]_[0xffffffbf][0xffffff9c]A[0x9][0xffffff8d]"C[0x9][0x17]H[0xffffff86][0x12][0x1a][0xffffffcb]zJ[0xffffffac][0xffffffe1][0xffffffac][0xffffffa6][0xffffffc4][0x1a][0xffffffd1]$J[0xffffff98][0xfffffff2]d)a[0xffffffbb][0xffffff94][0xffffffa5][0xffffff84][0xffffffa9]V[0xffffff8e][0x12][0xffffffd2][0xffffffb4][0x14]%[0xffffffa4]x7([0xffffffe1][0xffffffd6].[0xffffffaf][0xffffffb3]Q[0xffffffc3][0xffffffd9][\r]_[0xffffffbb]l[0x1]k[0xffffff97][0xffffffcd]L[0xffffffb2][0x15][0x6][0x1c][[0xffffffbb]l2[0xffffffba]FR"d[0xffffffed][0xffffffd2][0x6][0xffffff92][0xffffffa1]D[0xffffffc0][0xffffffda][0xffffffa5][0xffffff84][0xffffffb3][0xffffff9a][0x12][0xffffffc1]k[0xffffff97][0xffffffae]<YJ[0xffffffe4][0xffffffad]][0xffffffba]j[0xffffffe5]([0xffffff91][0xffffffb2]v[0xffffffa9][0xffffffc5][0xffffffbb]A[0x9][0xffffffb7]vy[0xffffffdd]g[0xffffffa7]([0xffffff81][0xffffffaf]][0xffffffb6][0xffffff80][0xffffffb5][0xffffffcb]f&[0xffffffd9][\n]"
08:17:55.118 [TestNG-PoolService-1] DEBUG org.apache.hc.client5.http.wire -- http-outgoing-3 << "[0x3][0xffffff8e][0xffffffad]]N[0x19]]#)[0x11][0xffffffb2]vi[0x3][0xffffffc9]P"`[0xffffffed]R[0xffffffc2]YM[0xffffff89][0xffffffe0][0xffffffb5]KW[0xffffff9e],%[0xfffffff2][0xffffffd6].][0xffffffb5]r[0xffffff94]HY[0xffffffbb][0xffffffd4][0xffffffe2][0xffffffdd][0xffffffa2][0xffffffc4][0x11]F[0xffffff89][0x3][0xffffffa7][0xffffffc4][0x11]@[0xffffff89][0x3][0xffffffa5][0xffffffc4][0xffffff81]Q[0xffffffe2]H[0xffffffa2][0xffffffc4][0x1a]E[0xffffff8a][0x12][0x1a]H[0xffffff8a][0x12]k,[0x9]J[0x1c]0%[0xffffff8e]`JHy[0xffffffd2][0xffffff94]0]JSB[0xffffffaa][0xffffff95][0xffffffa4][0xffffffc4][0xffffff91]B[0xffffff89][0xffffffe3][0xffffffaf])[0xffffffe1][0xffffff86][0xffffffb3][0xffffffdb]}a[0x7f][0xffffffe0][0xffffffc0][0xffffff87][0xffffffb3]g[0xffffffc0]p[0xfffffff6]4[0xffffffeb][0xffffffae][0xffffff85][0x1][0xffffffc7][0xffffff86][0xffffffb3][0xffffffa7][0xffffffec][0xffffffb7][0xffffff92][0xffffff94][0x8][0x19][0xffffffce][0xffffffb6][0xffffff81]d([0x11]0[0xffffff9c]-[0xffffffe1][0xffffffac][0xffffffa6]D[0xfffffff0]p[0xffffffb6]+O[0xffffff96][0x12]y[0xffffffc3][0xffffffd9][0xffffffae]Z9J[0xffffffa4][0xc]gk[0xfffffff1]nP[0xffffffc2][\r]g[0xfffffff7][0xffffffde][0xffffffb1][0xffffffc3][0xffffffa0][0xfffffff8]p[0xfffffff6][0xc][0x18][0xffffffce][0xffffff9e]f[0xffffffdd][0xffffffb5]0[0xffffffe0][0xffffffd8]p[0xfffffff6][0xffffff94][0xfffffffd]V[0xffffff92][0x12]![0xffffffc3][0xffffffd9]6[0xffffff90][0xc]%[0x2][0xffffff86][0xffffffb3]%[0xffffff9c][0xffffffd5][0xffffff94][0x8][0x1e][0xffffffce]v[0xffffffe5][0xffffffc9]R"o8[0xffffffdb]U+G[0xffffff89][0xffffff94][0xffffffe1]l-[0xffffffde][\r]J[0xffffffb8][0xffffffe1][0xffffffec]~6[0xffffffec][0xffffffad][0x4]>[0xffffff9c]=[0x3][0xffffff86][0xffffffb3][0xffffffa7]Yw-[0xc]86[0xffffff9c]=e[0xffffffbf][0xffffff95][0xffffffa4]D[0xffffffc8]p[0xffffffb6][\r]$C[0xffffff89][0xffffff80][0xffffffe1]l[0x9]g5%[0xffffff82][0xffffff87][0xffffffb3]]y[0xffffffb2][0xffffff94][0xffffffc8][0x1b][0xffffffce]v[0xffffffd5][0xffffffca]Q"e8[[0xffffff8b][0xfffffff7][0xffffff8f])q[0xffffffbe][0xffffffdc]pv[0x7f][0xffffff9e][0xffffffce]P[0xffffffe2][0xffffffeb]yPJ|?[0x1]K[0xffffff89][0xffffffdf][0xffffffcf]@P[0xffffffe2][0xfffffffb][0xffffffd7][0x9]J[0xfffffffc][0xfffffffa][0xffffffe5][0x4]J[0xffffffb8]([0x12][0xffffff94][0xfffffff0][0xffffff81]$([0xffffffe1]bYM[0x9][\r]g-%4[0xffffffa2]9[0xffffff94][0xffffffb0][0xffffffe5]IR[0xffffffe2]M[0xffffff97][0xffffff92][0xffffff94][0xffffffb0][0xffffffd5]JQ[0xffffffc2]4-C[0x9]S[0xffffffbc][0x1b][0xffffff94]p[0xffffffc3][0xffffffd9][0xffffffc7][0xffffffab]C[0xffffffbb][0x12]_[0xffffffcf][0x3]S[0xffffff82][0x1f][0xffffffce][0xfffffffe][0xfffffffd][0xc][0xc]%[0xffffffa8][0xffffffe1][0xffffffec]_[0xffffffbf][0xffffff9c]A[0xffffff89][0xffffff8c][0xffffffe1]l[0x1f]H[0xffffff86][0x12][0xfffffffc]p[0xffffffb6][0xffffff86][0xffffffb3][0xffffff9a][0x12][0xffffffb9][0xffffffc3][0xffffffd9][0xffffffb6]<YJ[0xffffffc4][\r]g[0xffffffdb]j[0xffffffe5]([0x11]2[0xffffff9c]m[0xffffff8a]w[0xffffff83][0x12]n8[0xfffffffb]8o[0xffffffe8][0x4][0xffffffc7][0xffffffd7][0xfffffff3][0xffffffc0][0xffffff94][0xffffffe0][0xffffff87][0xffffffb3][0x7f]?[0x3]C[0x9]j8[0xfffffffb][0xffffffd7]/gP"c8[0xffffffdb][0x7][0xffffff92][0xffffffa1][0x4]?[0xffffff9c][0xffffffad][0xffffffe1][0xffffffac][0xffffffa6]D[0xffffffee]p[0xffffffb6]-O[0xffffff96][0x12]q[0xffffffc3][0xffffffd9][0xffffffb6]Z9J[0xffffff84][0xc]g[0xffffff9b][0xffffffe2][0xffffffdd][0xffffffa0][0xffffff84][0x1b][0xffffffce]>[0xffffffae][0xfffffffb][0xffffffa4](A[0xf]g[0x7f]?[0x1]M[0x9]r8[0xfffffffb][0xfffffffb][0xffffffd7][0x19]J[0x4][\r]g[0xffffffbb](2[0xffffff94]H[0x19][0xffffffce]v[0xffffffb1][0xffffffac][0xffffffa7][0x4];[0xffffff9c][0xffffffad][0x11]M[0xffffffa2]D[0xffffffd8]p[0xfffffff6][0xffffff9b].e)[0x11]4[0xffffff9c]m[0xffffff9a][0xffffff96][0xffffffa2][0xffffffc4][0xffffffdf][0xf]g[0xffffff9f]/7[0xffffff9c]}[0xffffff8c][0xffffffd7][0xffffffa4](A[0xf]g[0x7f]?[0x1]M[0x9]r8[0xfffffffb][0xfffffffb][0xffffffd7][0x19]J[0x4][\r]g[0xffffffbb](2[0xffffff94]H[0x19][0xffffffce]v[0xffffffb1][0xffffffac][0xffffffa7][0x4];[0xffffff9c][0xffffffad][0x11]M[0xffffffa2]D[0xffffffd8]p[0xfffffff6][0xffffff9b].e)[0x11]4[0xffffff9c]m[0xffffff9a][0xffffff96][0xffffffa2][0xffffffc4][0xffffffdf][0xf]g[0xffffff9f][0xffffffaf][0xffffffcb]R[0xffffffa2][0xffffffbd](J\8%[0xffffffae][0x0]J\[0xffffff9a][0xfffffff7][0xffffffc2][0xffffff80]_[0x18]%[0xffffffae]$Jh[0x14][0x19]J[0xffffffb8]@2[0xffffff94][0xffffffd0]X[0xffffffd6]Sb[\r]g5%[0xffffffd6][0xffffff88]&Q[0xffffffc2][0xffffff94]'K[0x9][0xffffffdb][0xffffffa5],%L[0xffffffb5]r[0xffffff94][0xffffff90][0xffffffa6][0xffffffa5](![0xffffffc5][0xffffffbb]A[0x9]7[0xffffff9c]}[0xffffff8c][0xffffff89]Q[0xffffff82][0x1e][0xffffffce][0xfffffffe]~[0x2][0xffffff9a][0x12][0xffffffe4]p[0xfffffff6][0xfffffff7][0xffffffaf]3[0xffffff94][0x8][0x1a][0xffffffce]vQd([0xffffff91]2[0xffffff9c][0xffffffed]bYO[0x9]v8[#[0xffffff9a]D[0xffffff89][0xffffffb0][0xffffffe1][0xffffffec]7][0xffffffca]R"h8[0xffffffdb]4-E[0xffffff89][0xffffffbf][0x1f][0xffffffce]>_n[0xffffffed][0xfffffff2]x[0x1a]4Q[0xfffffff5][0xfffffff5]<0%[0xfffffff8][0xffffffb5][0xffffffcb][0xffffffdf][0xffffffcf][0xffffffc0]P[0xffffff82]Z[0xffffffbb][0xfffffffc][0xfffffff5][0xffffffcb][0x19][0xffffff94][0xffffffc8]X[0xffffffbb][0xfffffff4][0xffffff81]d([0xffffffc1][0xffffffaf]]j8[0xffffffab])[0xffffff91][0xffffffbb]vi[0xffffffcb][0xffffff93][0xffffffa5]D[0xffffffdc][0xffffffda][0xffffffa5][0xffffffad]V[0xffffff8e][0x12]!k[0xffffff97][0xffffffa6]x7([0xffffffe1][0xffffffd6].[0xffffffcf]vbo%[0xffffffe8][0xffffffb5][0xffffffcb][0xffffffef]'[0xffffffa0])A[0xffffffae]]~[0xffffffff]:C[0xffffff89][0xffffffa0][0xffffffb5]K[0x17]E[0xffffff86][0x12])k[0xffffff97].[0xffffff96][0xfffffff5][0xffffff94]`[0xffffffd7].5[0xffffffa2]I[0xffffff94][0x8][[0xffffffbb]|[0xffffffd3][0xffffffa5],%[0xffffff82][0xffffffd6].M[0xffffffd3]R[0xffffff94][0xfffffff8][0xfffffffb][0xffffffb5][0xffffffcb][0xfffffff3][0xffffffe5][0xffffffd6].[0xffffffcf][0xfffffff3][0xffffff85][0x1d][0x6][0xffffffa5][0xffffffd7].[0xffffffbf][0xffffff9f][0xffffff80][0xffffffa6][0x4][0xffffffb9]v[0xfffffff9][0xfffffffd][0xffffffeb][0xc]%[0xffffff82][0xffffffd6].][0x14][0x19]J[0xffffffa4][0xffffffac]][0xffffffba]X[0xffffffd6]S[0xffffff82]][0xffffffbb][0xffffffd4][0xffffff88]&Q"l[0xffffffed][0xfffffff2]M[0xffffff97][0xffffffb2][0xffffff94][0x8]Z[0xffffffbb]4MKQ[0xffffffe2]?X[0xffffffbb]ln[0xffffffed][0xfffffff2][0xffffffbc][0xffffffc7][0x3]Q[0xffffffa2][0xffffffe1]k[0xffffff97]-`[0xffffffed][0xffffffb2][0xffffff99]I[0xffffffb6][0xffffffba][0xffffff80]7l[0xffffffed][0xffffffb2][0xffffffc9][0xffffffe8][0x1a]H[0x9][0x13]E[0xffffff84][0x12]6[0xffffff90][0x8]%L,[0xffffffcb])![0xffffffe1],[0xffffffa6][0xffffff84]D4[0xffffff88][0x12][0xffffffae]<QJ[0xfffffff8].E)[0xffffffe1][0xffffffaa][0x15][0xffffffa3][0xffffff84]6-D[0x9]-[0xffffffde][\r]J4s[0xffffffc9][0xfffffff8][0xfffffff5][0xffffffba][0xffffffa8]?p|>[0xf]L[0xffffff89][0xffffff86]_2[0xfffffffe][0xfffffffb][0x19][0x18]J4[0xffffffe8][0xffffff92][0xfffffff1]_[0xffffffbf][0xffffff9c]A[0x9][0xffffff8d]"C[0x9][0x17]H[0xffffff86][0x12][0x1a][0xffffffcb]zJ[0xffffffac][0xffffffe1][0xffffffac][0xffffffa6][0xffffffc4][0x1a][0xffffffd1]$J[0xffffff98][0xfffffff2]d)a[0xffffffbb][0xffffff94][0xffffffa5][0xffffff84][0xffffffa9]V[0xffffff8e][0x12][0xffffffd2][0xffffffb4][0x14]%[0xffffffa4]x7([0xffffffe1][0xffffffd6].[0xffffffaf][0xffffffb3]Q[0xffffffc3][0xffffffd9][\r]_[0xffffffbb]l[0x1]k[0xffffff97][0xffffffcd]L[0xffffffb2][0x15][0x6][0x1c][[0xffffffbb]l2[0xffffffba]FR"d[0xffffffed][0xffffffd2][0x6][0xffffff92][0xffffffa1]D[0xffffffc0][0xffffffda][0xffffffa5][0xffffff84][0xffffffb3][0xffffff9a][0x12][0xffffffc1]k[0xffffff97][0xffffffae]<YJ[0xffffffe4][0xffffffad]][0xffffffba]j[0xffffffe5]([0xffffff91][0xffffffb2]v[0xffffffa9][0xffffffc5][0xffffffbb]A[0x9][0xffffffb7]vy[0xffffffdd]g[0xffffffa7]([0xffffff81][0xffffffaf]][0xffffffb6][0xffffff80][0xffffffb5][0xffffffcb]f&[0xffffffd9][\n]"
08:17:55.118 [TestNG-PoolService-2] DEBUG org.apache.hc.client5.http.wire -- http-outgoing-5 << "[0x3][0xffffff8e][0xffffffad]]6[0x19]]#)[0x11][0xffffffb2]vi[0x3][0xffffffc9]P"`[0xffffffed]R[0xffffffc2]YM[0xffffff89][0xffffffe0][0xffffffb5]KW[0xffffff9e],%[0xfffffff2][0xffffffd6].][0xffffffb5]r[0xffffff94]HY[0xffffffbb][0xffffffd4][0xffffffe2][0xffffffdd][0xffffffa0][0xffffff84][[0xffffffbb][0x1c][0xffffffaf][0xb][0xffffffa3][0x4][0xffffffbe]v[0xffffffd9][0x2][0xffffffd6].[0xffffff9b][0xffffff99]d+[0xc]8[0xffffffb6]v[0xffffffd9]dt[0xffffff8d][0xffffffa4]D[0xffffffc8][0xffffffda][0xffffffa5][\r]$C[0xffffff89][0xffffff80][0xffffffb5]K[0x9]g5%[0xffffff82][0xffffffd7].]y[0xffffffb2][0xffffff94][0xffffffc8][[0xffffffbb]t[0xffffffd5][0xffffffca]Q"e[0xffffffed]R[0xffffff8b]w[0xffffff83][0x12][0xffffff97][0xffffffa3][0xffffffc4][0xffffffd9][0xffffffb1][0xffffffcf]./[0xffffff9c][0x12]W[0x0]%.[0xffffffcd]{a[0xffffffc0]/[0xffffff8c][0x12]W[0x12]%4[0xffffff8a][0xc]%\ [0x19]Jh,[0xffffffeb])[0xffffffb1][0xffffff86][0xffffffb3][0xffffff9a][0x12]kD[0xffffff93](a[0xffffffca][0xffffff93][0xffffffa5][0xffffff84][0xffffffed]R[0xffffff96][0x12][0xffffffa6]Z9JH[0xffffffd3]R[0xffffff94][0xffffff90][0xffffffe2][0xffffffdd][0xffffffa0][0xffffff84][[0xffffffbb][0x1c][0xfffffff7]yR[0xffffff94][0xffffffc0][0xffffffd7].[[0xffffffc0][0xffffffda]e3[0xffffff93]l[0xffffff85][0x1][0xffffffc7][0xffffffd6].[0xffffff9b][0xffffff8c][0xffffffae][0xffffff91][0xffffff94][0x8]Y[0xffffffbb][0xffffffb4][0xffffff81]d([0x11][0xffffffb0]v)[0xffffffe1][0xffffffac][0xffffffa6]D[0xfffffff0][0xffffffda][0xffffffa5]+O[0xffffff96][0x12]yk[0xffffff97][0xffffffae]Z9J[0xffffffa4][0xffffffac]]j[0xfffffff1]nP[0xffffffc2][0xffffffad]][0xffffff8e]ya[0xffffff9f]][0xffffffe2]k[0xffffff97]-`[0xffffffed][0xffffffb2][0xffffff99]I[0xffffffb6][0xffffffc2][0xffffff80]ck[0xffffff97]MF[0xffffffd7]HJ[0xffffff84][0xffffffac]][0xffffffda]@2[0xffffff94][0x8]X[0xffffffbb][0xffffff94]pVS"x[0xffffffed][0xffffffd2][0xffffff95]'K[0xffffff89][0xffffffbc][0xffffffb5]KW[0xffffffad][0x1c]%R[0xffffffd6].[0xffffffb5]x7([0xffffffe1][0xffffffd6].[0xffffffef]W[0xffffffc3][0xffffffde]J[0xffffffe0]k[0xffffff97]-`[0xffffffed][0xffffffb2][0xffffff99]I[0xffffffb6][0xffffffc2][0xffffff80]ck[0xffffff97]MF[0xffffffd7]HJ[0xffffff84][0xffffffac]][0xffffffda]@2[0xffffff94][0x8]X[0xffffffbb][0xffffff94]pVS"x[0xffffffed][0xffffffd2][0xffffff95]'K[0xffffff89][0xffffffbc][0xffffffb5]KW[0xffffffad][0x1c]%R[0xffffffd6].[0xffffffb5]x7([0xffffffe1][0xffffffd6].opW[0x2]_[0xffffffbb]l[0x1]k[0xffffff97][0xffffffcd]L[0xffffffb2][0x15][0x6][0x1c][[0xffffffbb]l2[0xffffffba]FR"d[0xffffffed][0xffffffd2][0x6][0xffffff92][0xffffffa1]D[0xffffffc0][0xffffffda][0xffffffa5][0xffffff84][0xffffffb3][0xffffff9a][0x12][0xffffffc1]k[0xffffff97][0xffffffae]<YJ[0xffffffe4][0xffffffad]][0xffffffba]j[0xffffffe5]([0xffffff91][0xffffffb2]v[0xffffffa9][0xffffffc5][0xfffffffb][0xffffffe7][0xffffff94][0xffffffe8]n[0xffffffed][0xfffffff2]n/[0xffffff8a][0x12][0x1d]_[0xffffffbb][0xffffffec][0x1]k[0xffffff97][0xffffffdd]L[0xffffffb2][0xffffffd5][0x5][0xffffffbc]ck[0xffffff97]]F[0xffffffd7]@J[0xffffff98]("[0xffffff94][0xffffffb0][0xffffff81]D(abYN[0x9][0x9]g1%$[0xffffffa2]A[0xffffff94]p[0xffffffe5][0xffffff89]R[0xffffffc2]w)J[0x9]W[0xffffffad][0x18]%[0xffffffb4]i!Jh[0xfffffff1]nQB[0xffffffd7].YJ[0xffffffc0]k[0xffffff97]_O[0xffffffc0]S[0x2]\[0xffffffbb][0xfffffffc][0xfffffffa]u[0xffffff8a][0x12]9k[0xffffff97]&[0xffffff8a][0x14]%B[0xffffffd6].M,[0x9]J[0xffffffa0]k[0xffffff97][0x12][0xffffffd1],Jd[0xffffffad]][0xfffffffa].[0xffffffa5])[0xffffff91][0xffffffb3]v[0xffffffa9]M[0xffffffcb]Q[0xffffffe2][0xffffffaf][0xffffffd7].{so%z[0xffffffbf](J4[0xfffffffc][0xffffffad]D[0xb]x+[0xffffffd1][0xffffff94][0xffffffce][0xffffff85][0x1]o[0xffffffd8][[0xffffff89][0xffffff96][0xfffffff4]VB[0xffffffa3][0xffffffc8]P[0xffffffc2][0x5][0xffffff92][0xffffffa1][0xffffff84][0xffffffc6][0xffffffb2][0xffffff9e][0x12]k8[0xffffffab])[0xffffffb1]F4[0xffffff89][0x12][0xffffffa6]<YJ[0xffffffd8].e)a[0xffffffaa][0xffffff95][0xffffffa3][0xffffff84]4-E[0x9])[0xffffffde][\r]J[0xffffffb8][0xffffffe1][0xffffffec][0xfffffffb][0xffffffbe][0xffffffa8][0xffffff9b]A;>[0xffffff9c][0xffffffdd][0x3][0xffffff86][0xffffffb3][0xffffffbb]Yw-[0xc]86[0xffffff9c][0xffffffdd]e[0xffffffbf][0xffffff95][0xffffffa4]D[0xffffffc8]p[0xffffffb6][\r]$C[0xffffff89][0xffffff80][0xffffffe1]l[0x9]g5%[0xffffff82][0xffffff87][0xffffffb3]]y[0xffffffb2][0xffffff94][0xffffffc8][0x1b][0xffffffce]v[0xffffffd5][0xffffffca]Q"e8[[0xffffff8b]w[0xffffff8b][0x12][0xffffffe6][0xf][0x1c](%[0xffffffe8]?p[0xfffffff4][0xffffff80]?pt}[0xb]W[0x1a]p[0xffffffea][0xf][0x1c]=[0xffffffe9][0xf][0x1c][0x1a]E[0xffffff8a][0x12])[0x7f][0xffffffe0][0xffffffd0]X[0x12][0xffffff94]`[0xffffffff][0xffffffc0][0xffffffb1]F4[0xffffff8b][0x12]a[0x7f][0xffffffe0][0xffffffb0]]JS"[0xffffffe8][0xf][0x1c][0xffffffd2][0xffffffb4][0x1c]%[0xfffffffe][0xfffffffe][0xf][0x1c][0xfffffffd][0xffffffff][0xffffffce]0J[0xffffff9c]8%[0xffffffce][0x0]J[0xffffff9c](%N[0xffffff8c][0x12]g[0x12]%[0xffffffd6](R[0xffffff94][0xffffffd0]@R[0xffffff94]XcIP[0xffffffe2][0xffffff84])q[0x6]SB[0xffffffca][0xffffff93][0xffffffa6][0xffffff84][0xffffffe9]R[0xffffff9a][0x12]R[0xffffffad]$%[0xffffffce][0x14]J[0xffffff9c][0xffffffff][0x1]%Z[0xffffff9a]%[0x1a][0xffffff8f][0xffffff89][0xffffff96][0xffffffa0][0xffffff89][0xffffffc6]r[0xffffffa2]q[0xffffff9e]hQ[0xffffffa0][0xffffff90]<R[0xffffffa2]0[0xffffffa9][0xffffffa4]H![0xffffffd9]$L[0xffffffd1]hT[0xffffffb4]dUh[0xffffff8d][0xffffffd2][0xffffffac]p[0xffffffad]J[0xffffffbb]BK[0xffffff96][0xffffff84][0xffffffc5][0xffffffda][0xffffffb9][0xffffff9c],[0xffffffd6][\n]"
08:17:55.119 [TestNG-PoolService-1] DEBUG org.apache.hc.client5.http.wire -- http-outgoing-3 << "[0x3][0xffffff8e][0xffffffad]]6[0x19]]#)[0x11][0xffffffb2]vi[0x3][0xffffffc9]P"`[0xffffffed]R[0xffffffc2]YM[0xffffff89][0xffffffe0][0xffffffb5]KW[0xffffff9e],%[0xfffffff2][0xffffffd6].][0xffffffb5]r[0xffffff94]HY[0xffffffbb][0xffffffd4][0xffffffe2][0xffffffdd][0xffffffa0][0xffffff84][[0xffffffbb][0x1c][0xffffffaf][0xb][0xffffffa3][0x4][0xffffffbe]v[0xffffffd9][0x2][0xffffffd6].[0xffffff9b][0xffffff99]d+[0xc]8[0xffffffb6]v[0xffffffd9]dt[0xffffff8d][0xffffffa4]D[0xffffffc8][0xffffffda][0xffffffa5][\r]$C[0xffffff89][0xffffff80][0xffffffb5]K[0x9]g5%[0xffffff82][0xffffffd7].]y[0xffffffb2][0xffffff94][0xffffffc8][[0xffffffbb]t[0xffffffd5][0xffffffca]Q"e[0xffffffed]R[0xffffff8b]w[0xffffff83][0x12][0xffffff97][0xffffffa3][0xffffffc4][0xffffffd9][0xffffffb1][0xffffffcf]./[0xffffff9c][0x12]W[0x0]%.[0xffffffcd]{a[0xffffffc0]/[0xffffff8c][0x12]W[0x12]%4[0xffffff8a][0xc]%\ [0x19]Jh,[0xffffffeb])[0xffffffb1][0xffffff86][0xffffffb3][0xffffff9a][0x12]kD[0xffffff93](a[0xffffffca][0xffffff93][0xffffffa5][0xffffff84][0xffffffed]R[0xffffff96][0x12][0xffffffa6]Z9JH[0xffffffd3]R[0xffffff94][0xffffff90][0xffffffe2][0xffffffdd][0xffffffa0][0xffffff84][[0xffffffbb][0x1c][0xfffffff7]yR[0xffffff94][0xffffffc0][0xffffffd7].[[0xffffffc0][0xffffffda]e3[0xffffff93]l[0xffffff85][0x1][0xffffffc7][0xffffffd6].[0xffffff9b][0xffffff8c][0xffffffae][0xffffff91][0xffffff94][0x8]Y[0xffffffbb][0xffffffb4][0xffffff81]d([0x11][0xffffffb0]v)[0xffffffe1][0xffffffac][0xffffffa6]D[0xfffffff0][0xffffffda][0xffffffa5]+O[0xffffff96][0x12]yk[0xffffff97][0xffffffae]Z9J[0xffffffa4][0xffffffac]]j[0xfffffff1]nP[0xffffffc2][0xffffffad]][0xffffff8e]ya[0xffffff9f]][0xffffffe2]k[0xffffff97]-`[0xffffffed][0xffffffb2][0xffffff99]I[0xffffffb6][0xffffffc2][0xffffff80]ck[0xffffff97]MF[0xffffffd7]HJ[0xffffff84][0xffffffac]][0xffffffda]@2[0xffffff94][0x8]X[0xffffffbb][0xffffff94]pVS"x[0xffffffed][0xffffffd2][0xffffff95]'K[0xffffff89][0xffffffbc][0xffffffb5]KW[0xffffffad][0x1c]%R[0xffffffd6].[0xffffffb5]x7([0xffffffe1][0xffffffd6].[0xffffffef]W[0xffffffc3][0xffffffde]J[0xffffffe0]k[0xffffff97]-`[0xffffffed][0xffffffb2][0xffffff99]I[0xffffffb6][0xffffffc2][0xffffff80]ck[0xffffff97]MF[0xffffffd7]HJ[0xffffff84][0xffffffac]][0xffffffda]@2[0xffffff94][0x8]X[0xffffffbb][0xffffff94]pVS"x[0xffffffed][0xffffffd2][0xffffff95]'K[0xffffff89][0xffffffbc][0xffffffb5]KW[0xffffffad][0x1c]%R[0xffffffd6].[0xffffffb5]x7([0xffffffe1][0xffffffd6].opW[0x2]_[0xffffffbb]l[0x1]k[0xffffff97][0xffffffcd]L[0xffffffb2][0x15][0x6][0x1c][[0xffffffbb]l2[0xffffffba]FR"d[0xffffffed][0xffffffd2][0x6][0xffffff92][0xffffffa1]D[0xffffffc0][0xffffffda][0xffffffa5][0xffffff84][0xffffffb3][0xffffff9a][0x12][0xffffffc1]k[0xffffff97][0xffffffae]<YJ[0xffffffe4][0xffffffad]][0xffffffba]j[0xffffffe5]([0xffffff91][0xffffffb2]v[0xffffffa9][0xffffffc5][0xfffffffb][0xffffffe7][0xffffff94][0xffffffe8]n[0xffffffed][0xfffffff2]n/[0xffffff8a][0x12][0x1d]_[0xffffffbb][0xffffffec][0x1]k[0xffffff97][0xffffffdd]L[0xffffffb2][0xffffffd5][0x5][0xffffffbc]ck[0xffffff97]]F[0xffffffd7]@J[0xffffff98]("[0xffffff94][0xffffffb0][0xffffff81]D(abYN[0x9][0x9]g1%$[0xffffffa2]A[0xffffff94]p[0xffffffe5][0xffffff89]R[0xffffffc2]w)J[0x9]W[0xffffffad][0x18]%[0xffffffb4]i!Jh[0xfffffff1]nQB[0xffffffd7].YJ[0xffffffc0]k[0xffffff97]_O[0xffffffc0]S[0x2]\[0xffffffbb][0xfffffffc][0xfffffffa]u[0xffffff8a][0x12]9k[0xffffff97]&[0xffffff8a][0x14]%B[0xffffffd6].M,[0x9]J[0xffffffa0]k[0xffffff97][0x12][0xffffffd1],Jd[0xffffffad]][0xfffffffa].[0xffffffa5])[0xffffff91][0xffffffb3]v[0xffffffa9]M[0xffffffcb]Q[0xffffffe2][0xffffffaf][0xffffffd7].{so%z[0xffffffbf](J4[0xfffffffc][0xffffffad]D[0xb]x+[0xffffffd1][0xffffff94][0xffffffce][0xffffff85][0x1]o[0xffffffd8][[0xffffff89][0xffffff96][0xfffffff4]VB[0xffffffa3][0xffffffc8]P[0xffffffc2][0x5][0xffffff92][0xffffffa1][0xffffff84][0xffffffc6][0xffffffb2][0xffffff9e][0x12]k8[0xffffffab])[0xffffffb1]F4[0xffffff89][0x12][0xffffffa6]<YJ[0xffffffd8].e)a[0xffffffaa][0xffffff95][0xffffffa3][0xffffff84]4-E[0x9])[0xffffffde][\r]J[0xffffffb8][0xffffffe1][0xffffffec][0xfffffffb][0xffffffbe][0xffffffa8][0xffffff9b]A;>[0xffffff9c][0xffffffdd][0x3][0xffffff86][0xffffffb3][0xffffffbb]Yw-[0xc]86[0xffffff9c][0xffffffdd]e[0xffffffbf][0xffffff95][0xffffffa4]D[0xffffffc8]p[0xffffffb6][\r]$C[0xffffff89][0xffffff80][0xffffffe1]l[0x9]g5%[0xffffff82][0xffffff87][0xffffffb3]]y[0xffffffb2][0xffffff94][0xffffffc8][0x1b][0xffffffce]v[0xffffffd5][0xffffffca]Q"e8[[0xffffff8b]w[0xffffff8b][0x12][0xffffffe6][0xf][0x1c](%[0xffffffe8]?p[0xfffffff4][0xffffff80]?pt}[0xb]W[0x1a]p[0xffffffea][0xf][0x1c]=[0xffffffe9][0xf][0x1c][0x1a]E[0xffffff8a][0x12])[0x7f][0xffffffe0][0xffffffd0]X[0x12][0xffffff94]`[0xffffffff][0xffffffc0][0xffffffb1]F4[0xffffff8b][0x12]a[0x7f][0xffffffe0][0xffffffb0]]JS"[0xffffffe8][0xf][0x1c][0xffffffd2][0xffffffb4][0x1c]%[0xfffffffe][0xfffffffe][0xf][0x1c][0xfffffffd][0xffffffff][0xffffffce]0J[0xffffff9c]8%[0xffffffce][0x0]J[0xffffff9c](%N[0xffffff8c][0x12]g[0x12]%[0xffffffd6](R[0xffffff94][0xffffffd0]@R[0xffffff94]XcIP[0xffffffe2][0xffffff84])q[0x6]SB[0xffffffca][0xffffff93][0xffffffa6][0xffffff84][0xffffffe9]R[0xffffff9a][0x12]R[0xffffffad]$%[0xffffffce][0x14]J[0xffffff9c][0xffffffff][0x1]%Z[0xffffff9a]%[0x1a][0xffffff8f][0xffffff89][0xffffff96][0xffffffa0][0xffffff89][0xffffffc6]r[0xffffffa2]q[0xffffff9e]hQ[0xffffffa0][0xffffff90]<R[0xffffffa2]0[0xffffffa9][0xffffffa4]H![0xffffffd9]$L[0xffffffd1]hT[0xffffffb4]dUh[0xffffff8d][0xffffffd2][0xffffffac]p[0xffffffad]J[0xffffffbb]BK[0xffffff96][0xffffff84][0xffffffc5][0xffffffda][0xffffffb9][0xffffff9c],[0xffffffd6][\n]"
08:17:55.119 [TestNG-PoolService-2] DEBUG org.apache.hc.client5.http.wire -- http-outgoing-5 << "[0xffffffde][0xffffffa2]E[0x1f]a[0xffffffb4][0xffffffe8][0x3][0xffffffa7][0xffffffc5][0xffffffc7]#[0xfffffff0][0xffffffb4][0xfffffff8][0xfffffff1][0x10][0x14]->~[0xffffff9e][0xffffffa2][0xffffffc5][0xfffffff7]O[0xffffffa7][0xffffffd0]B[0xfffffff2]H[0xffffffd1][0xffffffc2][0xffffffa4][0xffffff92][0xffffffa2][0xffffff85]d[0xffffff93][0xffffffa0][0xffffffc5][0xffffff92][0xffffffd0]zZ,9[0xffffffcd][0xffffffa2][0xffffff85][0xffffffd6](M[0xb][0xffffffd7][0xffffffaa]4-[0xffffffb4]dIZ[0xffffffac][0xffffff9d][0xffffffcb][0xffffffd1]b[0xffffffad][0xffffffe0]-Z[0xffffff9c]-[0xffffff8c][0x16]g[0xffffffc3]i[0xfffffff1][0xfffffff1][0x8]<-~<[0x4]E[0xffffff8b][0xffffff8f][0xffffff9f][0xffffffa7]h[0xfffffff1][0xfffffffd][0xffffffd3])[0xffffffb4][0xffffff90]<R[0xffffffb4]0[0xffffffa9][0xffffffa4]h![0xffffffd9]$h[0xffffffb1]$[0xffffffb4][0xffffff9e][0x16]KN[0xffffffb3]h[0xffffffa1]5J[0xffffffd3][0xffffffc2][0xffffffb5]*M[0xb]-Y[0xffffff92][0x16]k[0xffffffe7]r[0xffffffb4]X+x[0xffffff8b][0x16]#[0xffffffed][0xffffffc8][0xffffffc7][0xffffffe0][0xffffffcf]||<[0x2]O[0xffffff8b][0x1f][0xf]A[0xffffffd1]bp[0xffffffc7]>F[0xffffffd4][0xffffffb9][0xf][0xffffffc9]#E[0xb][0xffffff93]J[0xffffff8a][0x16][0xffffff92]M[0xffffff82][0x16][0xffffff83]>[0xfffffffb]1[0xffffff92][0xf][0x7f]h[0xffffff8d][0xffffffd2][0xffffffb4]p[0xffffffad]J[0xffffffd3]BK[0xffffff96][0xffffffa4][0xffffffc5][0xffffffda][0xffffffb9][0x1c]-[0xffffffd6][\n]"
08:17:55.119 [TestNG-PoolService-2] DEBUG org.apache.hc.client5.http.wire -- http-outgoing-5 << "[0xffffffde][0xffffffa2][0xffffffc5][0xffffff9d][0xfffffff6][0x7][0xffffff91][0xffffff9b][0xffffffff][0xffffff83][0xffffffc8][0xffffff9d][0xfffffff0][0x7][0xffffff91][0xffffff9b][0xfffffffd][0xffffff83][0xffffffc8][0xffffffcd][0xfffffffd]A[0xffffffe4][0xffffff8e][0xfffffffa][0xffffff83][0xffffff88][0xffffffe4][0xffffff91][0xffffffa2][0xffffff85]I%E[0xb][0xffffffc9]&A[0xffffff8b][0xffffff9b][0xfffffffe][0xffffff83][0xffffffc8][0xffffff9d][0xfffffffc][0x7][0x11][0xffffffad]Q[0xffffff9a][0x16][0xffffffae]UiZh[0xffffffc9][0xffffff92][0xffffffb4]X;[0xffffff97][0xffffffa3][0xffffffc5]Z[0xffffffc1]{[0xffffffb4]x[0xffffffd2]h[0xfffffff1][0xfffffff0][0xffffffb4]x[0x12]h[0xfffffff1][0xffffffb0][0xffffffb4]x8Z<Q[0xffffffb4]X[0xfffffff3][0xffffff88][0xffffffd1]BS[0xffffff89][0xffffffd1]b[0xffffffcd]&B[0xffffff8b][0xffffff87][0xffffffa6][0xffffffc5][0xffffff93]L[0xb][0xffffffa9]Q[0xffffff9c][0x16][0xffffffa6]UqZH[0xffffffc9][0xffffffa2][0xffffffb4]xbh[0xfffffff1][0xfffffffc][0x7][0xffffffb4]hq[0x1f][[0xffffffb4][0xffffff80][0xffffffaf]-Z[0xffffffc4][0xffffffe7][0x16]M[0xffffffff][0x14]X[0x1a][0xfffffff5][0x6]~p[0xffffffd1][0xffffffb2][0xffffffbe][0xffffffb8][0xffffffd0]PR[0xffffffc2]p[0xffffffd1][0xffffffa4][0xffffff88][0xffffffa1][0x1]%[0xffffff8c][0xffffffb1][0xffffffc6][0xffffffb4][0x1e][0x19]kX[0xffffffb3][0xffffff94]a[\n]"
08:17:55.119 [TestNG-PoolService-1] DEBUG org.apache.hc.client5.http.wire -- http-outgoing-3 << "[0xffffffde][0xffffffa2]E[0x1f]a[0xffffffb4][0xffffffe8][0x3][0xffffffa7][0xffffffc5][0xffffffc7]#[0xfffffff0][0xffffffb4][0xfffffff8][0xfffffff1][0x10][0x14]->~[0xffffff9e][0xffffffa2][0xffffffc5][0xfffffff7]O[0xffffffa7][0xffffffd0]B[0xfffffff2]H[0xffffffd1][0xffffffc2][0xffffffa4][0xffffff92][0xffffffa2][0xffffff85]d[0xffffff93][0xffffffa0][0xffffffc5][0xffffff92][0xffffffd0]zZ,9[0xffffffcd][0xffffffa2][0xffffff85][0xffffffd6](M[0xb][0xffffffd7][0xffffffaa]4-[0xffffffb4]dIZ[0xffffffac][0xffffff9d][0xffffffcb][0xffffffd1]b[0xffffffad][0xffffffe0]-Z[0xffffff9c]-[0xffffff8c][0x16]g[0xffffffc3]i[0xfffffff1][0xfffffff1][0x8]<-~<[0x4]E[0xffffff8b][0xffffff8f][0xffffff9f][0xffffffa7]h[0xfffffff1][0xfffffffd][0xffffffd3])[0xffffffb4][0xffffff90]<R[0xffffffb4]0[0xffffffa9][0xffffffa4]h![0xffffffd9]$h[0xffffffb1]$[0xffffffb4][0xffffff9e][0x16]KN[0xffffffb3]h[0xffffffa1]5J[0xffffffd3][0xffffffc2][0xffffffb5]*M[0xb]-Y[0xffffff92][0x16]k[0xffffffe7]r[0xffffffb4]X+x[0xffffff8b][0x16]#[0xffffffed][0xffffffc8][0xffffffc7][0xffffffe0][0xffffffcf]||<[0x2]O[0xffffff8b][0x1f][0xf]A[0xffffffd1]bp[0xffffffc7]>F[0xffffffd4][0xffffffb9][0xf][0xffffffc9]#E[0xb][0xffffff93]J[0xffffff8a][0x16][0xffffff92]M[0xffffff82][0x16][0xffffff83]>[0xfffffffb]1[0xffffff92][0xf][0x7f]h[0xffffff8d][0xffffffd2][0xffffffb4]p[0xffffffad]J[0xffffffd3]BK[0xffffff96][0xffffffa4][0xffffffc5][0xffffffda][0xffffffb9][0x1c]-[0xffffffd6][\n]"
08:17:55.119 [TestNG-PoolService-1] DEBUG org.apache.hc.client5.http.wire -- http-outgoing-3 << "[0xffffffde][0xffffffa2][0xffffffc5][0xffffff9d][0xfffffff6][0x7][0xffffff91][0xffffff9b][0xffffffff][0xffffff83][0xffffffc8][0xffffff9d][0xfffffff0][0x7][0xffffff91][0xffffff9b][0xfffffffd][0xffffff83][0xffffffc8][0xffffffcd][0xfffffffd]A[0xffffffe4][0xffffff8e][0xfffffffa][0xffffff83][0xffffff88][0xffffffe4][0xffffff91][0xffffffa2][0xffffff85]I%E[0xb][0xffffffc9]&A[0xffffff8b][0xffffff9b][0xfffffffe][0xffffff83][0xffffffc8][0xffffff9d][0xfffffffc][0x7][0x11][0xffffffad]Q[0xffffff9a][0x16][0xffffffae]UiZh[0xffffffc9][0xffffff92][0xffffffb4]X;[0xffffff97][0xffffffa3][0xffffffc5]Z[0xffffffc1]{[0xffffffb4]x[0xffffffd2]h[0xfffffff1][0xfffffff0][0xffffffb4]x[0x12]h[0xfffffff1][0xffffffb0][0xffffffb4]x8Z<Q[0xffffffb4]X[0xfffffff3][0xffffff88][0xffffffd1]BS[0xffffff89][0xffffffd1]b[0xffffffcd]&B[0xffffff8b][0xffffff87][0xffffffa6][0xffffffc5][0xffffff93]L[0xb][0xffffffa9]Q[0xffffff9c][0x16][0xffffffa6]UqZH[0xffffffc9][0xffffffa2][0xffffffb4]xbh[0xfffffff1][0xfffffffc][0x7][0xffffffb4]hq[0x1f][[0xffffffb4][0xffffff80][0xffffffaf]-Z[0xffffffc4][0xffffffe7][0x16]M[0xffffffff][0x14]X[0x1a][0xfffffff5][0x6]~p[0xffffffd1][0xffffffb2][0xffffffbe][0xffffffb8][0xffffffd0]PR[0xffffffc2]p[0xffffffd1][0xffffffa4][0xffffff88][0xffffffa1][0x1]%[0xffffff8c][0xffffffb1][0xffffffc6][0xffffffb4][0x1e][0x19]kX[0xffffffb3][0xffffff94]a[\n]"
08:17:55.120 [TestNG-PoolService-2] DEBUG org.apache.hc.client5.http.wire -- http-outgoing-5 << "[0xffffff95]f[0xffffff86][0xffffffed]W[0xffffffda][0x19][0xffffffa6]nIhH[0xfffffffb]r[0xffffffd2][0xffffff90]2[0xfffffffe][0x13]j[0xffffff8c][0xffffffef][0x7f][0xffffffe5]0k[0xffffff9b][0xffffffcf][0xffffffd9]f94~?[0xf][0xffffffc5][0xffffff8c][0x7f]<[0x1][0xffffff86][0xffffff8c][0xffffffe5][0x19][0xffffff8a][0xffffff89][0xfffffff1][0xffffff8f]_/[0x6][0xffffffc6][0xffffffff][0xfffffffe]2[0xffffffcc][0xffffff8b][0xffffffb7]Q,[0xffffffc6][0xffffffc5][0xffffffbf][0x4][0xffffffb2][0xffffff98][0x16]ocY[0x8][0xffffff8b]7[0xffffffe1],c[0xffffffc5][0xffffff9b][0xffffff88]F[0xffffffa0][0xffffffe2]}yB[0xffffffa4][0xfffffff8][0xffffffb7].[0xffffff85]@[0xfffffff1][0xffffffbe]Z[0x1]N[0xffffffbc]k[0xffffffda]rL[0xffffffbc]+[0xffffffde]-J[0xfffffff4]0Jt[0xffffff9c][0x12]=[0xffffff80][0x12][0x1d][0xffffffa5]D[0xffffffc7]([0xffffffd1][0xffffff93]([0xffffffb1]F[0xffffff91][0xffffffa2][0xffffff84][0x6][0xffffff92][0xffffffa2][0xffffffc4][0x1a]K[0xffffff82][0x12][0x1d][0xffffffa6]D[0xf][0xffffffa6][0xffffff84][0xffffff94]'M[0x9][0xffffffd3][0xffffffa5]4%[0xffffffa4]ZIJ[0xfffffff4][0x14]J[0xfffffff4][0xffffffbf][0xffffffa6][0xffffffc4][0xffffffe9][0xffffffde]J[0xffffff8c][0xffffffd1])J[0xffffff9c][0xfffffff8][[0xffffff89]3[0xffffffe0][0xffffffad][0xffffffc4][0xffffffa9]t.[0xc][0xfffffff8][0xffffff89][0xffffffbd][0xffffff95]8[0xffffff93][0xffffffde]Jh[0x14][0x19]J[0xffffffb8]@2[0xffffff94][0xffffffd0]X[0xffffffd6]Sb[\r]g5%[0xffffffd6][0xffffff88]&Q[0xffffffc2][0xffffff94]'K[0x9][0xffffffdb][0xffffffa5],%L[0xffffffb5]r[0xffffff94][0xffffff90][0xffffffa6][0xffffffa5](![0xffffffc5][0xfffffffb][0xffffffe7][0xffffff94]8[0xffffff86]Rb[0xffffffb6][0xfffffffe][0xffffffa2]([0xfffffff1][0xfffffff9]<,%[0xffffffbe][0xffffff9e][0x0][0xffffffa6][0xffffffc4][0xffffffaf]g@([0xfffffff1][0xfffffff5][0xffffffeb][0x8]%~[0xfffffffe]r[0x4]%L[0x14][0x11]J[0xffffffd8]@"[0xffffff94]0[0xffffffb1],[0xffffffa7][0xffffff84][0xffffff84][0xffffffb3][0xffffff98][0x12][0x12][0xffffffd1] J[0xffffffb8][0xfffffff2]D)[0xffffffe1][0xffffffbb][0x14][0xffffffa5][0xffffff84][0xffffffab]V[0xffffff8c][0x12][0xffffffda][0xffffffb4][0x10]%[0xffffffb4]x7(q;J[0xffffff9c][0xffffffd7]CQ[0xffffffe2][0xffffffc6])q[0x7]P[0xffffffe2][0xffffffd6][0xffffffbc][0x17][0x6][0xfffffffc][0xffffffc6](q'QB[0xffffffa3][0xffffffc8]P[0xffffffc2][0x5][0xffffff92][0xffffffa1][0xffffff84][0xffffffc6][0xffffffb2][0xffffff9e][0x12]k8[0xffffffab])[0xffffffb1]F4[0xffffff89][0x12][0xffffffa6]<YJ[0xffffffd8].e)a[0xffffffaa][0xffffff95][0xffffffa3][0xffffff84]4-E[0x9])[0xffffffde]-J[0xffffffc8][0xffffffb7][0x12]0%[0xffffffe0]o%[0xffffffbe][0xffffff9e][0xffffff80][0xffffffa7][0x4][0xfffffff8][0xffffffad][0xffffffc4][0xffffffd7][0xffffffaf]S[0xffffff94][0xffffffc8][0xfffffff9]V[0xffffffc2]D[0xffffff91][0xffffffa2]D[0xffffffc8][0xffffffb7][0x12]&[0xffffff96][0x4]%[0xffffffd0]o%$[0xffffffa2]Y[0xffffff94][0xffffffc8][0xfffffffa]V[0xffffffc2]w)M[0xffffff89][0xffffff9c]o%[0xffffffb4]i9J[0xfffffffc][0xfffffff5][0xffffffb7][0x12][0xffffffc7][0xffffffe3][0xffffffde]J<[0xffffffed][0xffffffa6]([0xfffffff1][0xffffffe0]o%[0xffffff9e][0xffffff80][0xffffffb7][0x12][0xffffff8f][0xffffffd2][0xffffffb9]0[0xffffffe0][0xf][0xfffffff6]V[0xffffffe2]Iz+[0xffffffa1]Qd([0xffffffe1][0x2][0xffffffc9]PBcYO[0xffffff89]5[0xffffff9c][0xffffffd5][0xffffff94]X#[0xffffff9a]D[0x9]S[0xffffff9e],%l[0xffffff97][0xffffffb2][0xffffff94]0[0xffffffd5][0xffffffca]QB[0xffffff9a][0xffffff96][0xffffffa2][0xffffff84][0x14][0xffffffef][0x16]%[0xffffffcc][[0x9][0xffffff94][0x12][0xfffffff4][[0xffffff89]'[0xffffffe0][0xffffffad][0xffffffc4][0xffffffa3]t.[\r]8[0xfffffff5]V[0xffffffe2]Iz+[0xffffffa1]Q[0xffffffa4]([0xffffff91][0xfffffff2]VBcIP[0xffffff82]}+[0xffffffb1]F4[0xffffff8b][0x12]ao%l[0xffffff97][0xffffffd2][0xffffff94][0x8]z+!M[0xffffffcb]Q[0xffffffe2][0xffffffef][0xffffffdf]JL[0xfffffff3]V[0xffffffa2][0xffffffb7][0xffffffaf]{>[0x10]JL[0xfffffffc][0xffffffad][0xffffffc4][0xc]x+1[0xffffff95][0xffffffce][0xffffff85][0x1][0xffffff9f][0xffffffd8][[0xffffff89][0xffffff99][0xfffffff4]VB[0xffffffa3][0xffffffc8]P[0xffffffc2][0x5][0xffffff92][0xffffffa1][0xffffff84][0xffffffc6][0xffffffb2][0xffffff9e][0x12]k8[0xffffffab])[0xffffffb1]F4[0xffffff89][0x12][0xffffffa6]<YJ[0xffffffd8].e)a[0xffffffaa][0xffffff95][0xffffffa3][0xffffff84]4-E[0x9])[0xffffffde]?[0xffffffa7][0xffffffc4][0xfffffff9]r[0xffffff94]8[0x1e][0xffffffea][0x4][0xffffffc7][0xffffffe7][0xfffffff3][0xffffffb0][0xffffff94][0xfffffff8]z[0x2][0xffffff98][0x12][0xffffffbf][0xffffff9e][0x1][0xffffffa1][0xffffffc4][0xffffffd7][0xffffffaf]#[0xffffff94][0xfffffff8][0xfffffff9][0xffffffcb][0x11][0xffffff94]0QD(a[0x3][0xffffff89]P[0xffffffc2][0xffffffc4][0xffffffb2][0xffffff9c][0x12][0x12][0xffffffce]bJHD[0xffffff83]([0xffffffe1][0xffffffca][0x13][0xffffffa5][0xffffff84][0xffffffef]R[0xffffff94][0x12][0xffffffae]Z1Jh[0xffffffd3]B[0xffffff94][0xffffffd0][0xffffffe2][0xffffffdd][0xffffffa0]Ds[0xffffff94][0xffffffb8]/[0xffffffea][0xf][0x1c][0xffffff9f][0xffffffcf][0x3]S[0xffffffa2][0x5]P[0xffffffa2]i[0xffffffde][0xb][0x3][0xffffffde]0J[0xffffffb4]$Jh[0x14][0x19]J[0xffffffb8]@2[0xffffff94][0xffffffd0]X[0xffffffd6]Sb[\r]g5%[0xffffffd6][0xffffff88]&Q[0xffffffc2][0xffffff94]'K[0x9][0xffffffdb][0xffffffa5],%L[0xffffffb5]r[0xffffff94][0xffffff90][0xffffffa6][0xffffffa5](![0xffffffc5][0xffffffbb]A[0xffffff89][0xffffffee](1[0xffffffaf][0xffffff8b][0xffffffa2]D[0xffffffc7])[0xffffffd1][0x3]([0xffffffd1]5[0xffffffef][0xffffff85][0x1][0xffffffef][0x18]%z[0x12]%4[0xffffff8a][0xc]%\ [0x19]Jh,[0xffffffeb])[0xffffffb1][0xffffff86][0xffffffb3][0xffffff9a][0x12]kD[0xffffff93](a[0xffffffca][0xffffff93][0xffffffa5][0xffffff84][0xffffffed]R[0xffffff96][0x12][0xffffffa6]Z9JH[0xffffffd3]R[0xffffff94][0xffffff90][0xffffffe2][0xffffffdd][0xffffffa0][0xffffff84][0xffffffb9][0xffffff83]c[0x1e]G?)J[0xffffffe0]wp[0xffffff9c][0x1]wp[0xffffff9c]f([0xffffffbe]0[0xffffffe0][0xffffffd8][0x1d][0x1c][0xffffffa7]L[0xffffffc1][0xffffff93][0xffffff94][0x8][0xffffffb9][0xffffff83][0xffffffc3][0x6][0xffffff92][0xffffffa1]D[0xffffffc0][0x1d][0x1c][0x12][0xffffffce]jJ[0x4][0xffffffdf][0xffffffc1][0xffffffe1][0xffffffca][0xffffff93][0xffffffa5]D[0xffffffde][0x1d][0x1c][0xffffffae]Z9J[0xffffffa4][0xffffffdc][0xffffffc1][0xffffffa1][0xffffffc5][0xffffffbb]A[0x9]3[0xffffff9c][0xfffffffd]A[0xffffff89]9(J[0xffffffe0][0xffffffc3][0xffffffd9]g[0xffffffc0]p[0xfffffff6]i[0xffffffd6]][0xb][0x3][0xffffff8e][\r]g[0xffffff9f][0xffffffb2][0xffffffdf]JR"d8[0xffffffdb][0x6][0xffffff92][0xffffffa1]D[0xffffffc0]p[0xffffffb6][0xffffff84][0xffffffb3][0xffffff9a][0x12][0xffffffc1][0xffffffc3][0xffffffd9][0xffffffae]<YJ[0xffffffe4][\r]g[0xffffffbb]j[0xffffffe5]([0xffffff91]2[0xffffff9c][0xffffffad][0xffffffc5][0xffffffbb]A[0xffffff89][0xffffffcb]Q[0xffffffe2]<[0xffffffea][0xffffffaf] [0xffffffff][0xfffffffd]<0%[0xffffffae][0x0]J\[0xffffff9a][0xfffffff7][0xffffffc2][0xffffff80]_[0x18]%[0xffffffae]$Jh[0x14][0x19]J[0xffffffb8]@2[0xffffff94][0xffffffd0]X[0xffffffd6]Sb[\r]g5%[0xffffffd6][0xffffff88]&Q[0xffffffc2][0xffffff94]'K[0x9][0xffffffdb][0xffffffa5],%L[0xffffffb5]r[0xffffff94][0xffffff90][0xffffffa6][0xffffffa5](![0xffffffc5][0xffffffbb]A[0xffffff89]a)qS[0xffffff87]A?[0xffffff9f][0x7][0xffffffa6][0xffffffc4][0x8][0xffffffa0][0xffffffc4][0xffffffd0][0xffffffbc][0x17][0x6]|`[0xffffff94][0x18]I[0xffffff94][0xffffffd0](2[0xffffff94]p[0xffffff81]d([0xffffffa1][0xffffffb1][0xffffffac][0xffffffa7][0xffffffc4][0x1a][0xffffffce]jJ[0xffffffac][0x11]M[0xffffffa2][0xffffff84])O[0xffffff96][0x12][0xffffffb6]KYJ[0xffffff98]j[0xffffffe5](!MKQB[0xffffff8a]w[0xffffff83][0x12][0xffffffee][0xe][0xffffff8e][0xffffffe3][0xffffff9c][0x18]%[0xfffffff0];8[0xffffffce][0xffffff80];8N3[0x14]_[0x18]p[0xffffffec][0xe][0xffffff8e]S[0xffffffa6][0xffffffe0]IJ[0xffffff84][0xffffffdc][0xffffffc1]a[0x3][0xffffffc9]P"[0xffffffe0][0xe][0xe][0x9]g5%[0xffffff82][0xffffffef][0xffffffe0]p[0xffffffe5][0xffffffc9]R"[0xffffffef][0xe][0xe]W[0xffffffad][0x1c]%R[0xffffffee][0xffffffe0][0xffffffd0][0xffffffe2][0xffffffdd][0xffffffa0][0xffffff84][0x1b][0xffffffce]>F[0xffffff9b][0x14]%[0xfffffff0][0xffffffe1][0xffffffec]3`8[0xfffffffb]4[0xffffffeb][0xffffffae][0xffffff85][0x1][0xffffffc7][0xffffff86][0xffffffb3]O[0xffffffd9]o%)[0x11]2[0xffffff9c]m[0x3][0xffffffc9]P"`8[[0xffffffc2]YM[0xffffff89][0xffffffe0][0xffffffe1]lW[0xffffff9e],%[0xfffffff2][0xffffff86][0xffffffb3]][0xffffffb5]r[0xffffff94]H[0x19][0xffffffce][0xffffffd6][0xffffffe2][0xffffffdd][0xffffffa0][0xffffff84][[0xffffffbb]<[0xffffff9e][0x7][0xfffffffb][0xffffffec][0x12]_[0xffffffbb]<[0x3][0xffffffd6].O3[0xffffffc9]V[0x18]pl[0xffffffed][0xfffffff2][0xffffff94][0xffffffd1]5[0xffffff92][0x12]!k[0xffffff97]6[0xffffff90][0xc]%[0x2][0xffffffd6].%[0xffffff9c][0xffffffd5][0xffffff94][0x8]^[0xffffffbb]t[0xffffffe5][0xffffffc9]R"o[0xffffffed][0xffffffd2]U+G[0xffffff89][0xffffff94][0xffffffb5]K-[0xffffffde]?[0xffffffa7][0xffffffc4]5[0xc]%[0xffffffae][0xffffffe7][0xffffffa1]&[0xffffffaa]>[0xffffff9f][0xffffff87][0xffffffa5][0xffffffc4][0xffffffd7][0x13][0xffffffc0][0xffffff94][0xfffffff8][0xfffffff5][0xc][0x8]%[0xffffffbe]~[0x1d][0xffffffa1][0xffffffc4][0xffffffcf]_[0xffffff8e][0xffffffa0][0xffffff84][0xffffff89]"B[0x9][0x1b]H[0xffffff84][0x12]&[0xffffff96][0xffffffe5][0xffffff94][0xffffff90]p[0x16]SB"[0x1a]D[0x9]W[0xffffff9e](%|[0xffffff97][0xffffffa2][0xffffff94]p[0xffffffd5][0xffffff8a]QB[0xffffff9b][0x16][0xffffffa2][0xffffff84][0x16][0xffffffef][0x6]%[0xffffffdc][0xffffffb7][0x12][0xffffffe3]uP[0xffffffdf]J\[0xfffffff8][0xffffffb7][0x12]W[0xffffffc0][0xffffffb7][0x12][0xffffff97][0xfffffff9][0xffffff83]^a[0xffffffc0][0xffffffb1]o%.[0xfffffff9][0xffffff93][0x1d]I[0xffffff89][0xffffff90]o%l [0x19]J[0x4]|+![0xffffffe1][0xffffffac][0xffffffa6]D[0xfffffff0][0xffffffb7][0x12][0xffffffae]<YJ[0xffffffe4]}+[0xffffffe1][0xffffffaa][0xffffff95][0xffffffa3]D[0xffffffca][0xffffffb7][0x12]Z[0xffffffbc][0x1b][0xffffff94]p[0xffffffdf]J|[0xfffffffc][0xffffffd7][0xffffffd4][0xffffffb7][0x12][0x17][0xfffffffe][0xffffffad][0xffffffc4][0x15][0xfffffff0][0xffffffad][0xffffffc4]e[0xfffffffe][0xffffffa0]W[0x18]p[0xffffffec][[0xffffff89]K[0xfffffffe]dGR"[0xffffffe4][[0x9][0x1b]H[0xffffff86][0x12][0x1][0xffffffdf]JH8[0xffffffab])[0x11][0xfffffffc][0xffffffad][0xffffff84]+O[0xffffff96][0x12]y[0xffffffdf]J[0xffffffb8]j[0xffffffe5]([0xffffff91][0xfffffff2][0xffffffad][0xffffff84][0x16][0xffffffef][0xffffff9f]Sb[0xffffffb8][0xffffffeb][0xffffffbc][0xffffffc6][0xfffffff5]P[0xffffffc3][0xffffffd9][0x3][0xffffffbf][0xffffffce]k[0x4]\[0xffffffe7]5[0xffffffcc][0xffffff9d]3u[0x1][0x1f][0xffffffd8]u^Cn[0xffffff95][0x1])a[0xffffffa2][0xffffff88]P[0xffffffc2][0x6][0x12][0xffffffa1][0xffffff84][0xffffff89]e9%$[0xffffff9c][0xffffffc5][0xffffff94][0xffffff90][0xffffff88][0x6]Q[0xffffffc2][0xffffff95]'J[0x9][0xffffffdf][0xffffffa5](%\[0xffffffb5]b[0xffffff94][0xffffffd0][0xffffffa6][0xffffff85]([0xffffffa1][0xffffffc5][0xffffffbb]A[0x9]w[0xffffff9d][0xffffffd7][0x18][0xffffffd8]p[0xfffffff6][0xffffffc0][0xffffffaf][0xfffffff3][0x1a][0x1][0xffffffd7]y[\r]s[0xffffffe7]La[0xffffffc0][0xffffffb1][0xffffffeb][0xffffffbc][0xffffff86][0xffffffdc]*CR"[0xffffffe4]:/[0x1b]H[0xffffff86][0x12][0x1][0xffffffd7]yI8[0xffffffab])[0x11]|[0xffffff9d][0xffffff97]+O[0xffffff96][0x12]y[0xffffffd7]y[0xffffffb9]j[0xffffffe5]([0xffffff91]r[0xffffff9d][0xffffff97][0x16][0xffffffef][0x6]%[0xffffffdc]u^c[0xffffffdc][0xffffff9d][0xffffffa2][0x4]~[0xffffff9d][0xffffffd7][0x8][0xffffffb8][0xffffffce]k[0xffffff98];g[\n]"
08:17:55.120 [TestNG-PoolService-1] DEBUG org.apache.hc.client5.http.wire -- http-outgoing-3 << "[0xffffff95]f[0xffffff86][0xffffffed]W[0xffffffda][0x19][0xffffffa6]nIhH[0xfffffffb]r[0xffffffd2][0xffffff90]2[0xfffffffe][0x13]j[0xffffff8c][0xffffffef][0x7f][0xffffffe5]0k[0xffffff9b][0xffffffcf][0xffffffd9]f94~?[0xf][0xffffffc5][0xffffff8c][0x7f]<[0x1][0xffffff86][0xffffff8c][0xffffffe5][0x19][0xffffff8a][0xffffff89][0xfffffff1][0xffffff8f]_/[0x6][0xffffffc6][0xffffffff][0xfffffffe]2[0xffffffcc][0xffffff8b][0xffffffb7]Q,[0xffffffc6][0xffffffc5][0xffffffbf][0x4][0xffffffb2][0xffffff98][0x16]ocY[0x8][0xffffff8b]7[0xffffffe1],c[0xffffffc5][0xffffff9b][0xffffff88]F[0xffffffa0][0xffffffe2]}yB[0xffffffa4][0xfffffff8][0xffffffb7].[0xffffff85]@[0xfffffff1][0xffffffbe]Z[0x1]N[0xffffffbc]k[0xffffffda]rL[0xffffffbc]+[0xffffffde]-J[0xfffffff4]0Jt[0xffffff9c][0x12]=[0xffffff80][0x12][0x1d][0xffffffa5]D[0xffffffc7]([0xffffffd1][0xffffff93]([0xffffffb1]F[0xffffff91][0xffffffa2][0xffffff84][0x6][0xffffff92][0xffffffa2][0xffffffc4][0x1a]K[0xffffff82][0x12][0x1d][0xffffffa6]D[0xf][0xffffffa6][0xffffff84][0xffffff94]'M[0x9][0xffffffd3][0xffffffa5]4%[0xffffffa4]ZIJ[0xfffffff4][0x14]J[0xfffffff4][0xffffffbf][0xffffffa6][0xffffffc4][0xffffffe9][0xffffffde]J[0xffffff8c][0xffffffd1])J[0xffffff9c][0xfffffff8][[0xffffff89]3[0xffffffe0][0xffffffad][0xffffffc4][0xffffffa9]t.[0xc][0xfffffff8][0xffffff89][0xffffffbd][0xffffff95]8[0xffffff93][0xffffffde]Jh[0x14][0x19]J[0xffffffb8]@2[0xffffff94][0xffffffd0]X[0xffffffd6]Sb[\r]g5%[0xffffffd6][0xffffff88]&Q[0xffffffc2][0xffffff94]'K[0x9][0xffffffdb][0xffffffa5],%L[0xffffffb5]r[0xffffff94][0xffffff90][0xffffffa6][0xffffffa5](![0xffffffc5][0xfffffffb][0xffffffe7][0xffffff94]8[0xffffff86]Rb[0xffffffb6][0xfffffffe][0xffffffa2]([0xfffffff1][0xfffffff9]<,%[0xffffffbe][0xffffff9e][0x0][0xffffffa6][0xffffffc4][0xffffffaf]g@([0xfffffff1][0xfffffff5][0xffffffeb][0x8]%~[0xfffffffe]r[0x4]%L[0x14][0x11]J[0xffffffd8]@"[0xffffff94]0[0xffffffb1],[0xffffffa7][0xffffff84][0xffffff84][0xffffffb3][0xffffff98][0x12][0x12][0xffffffd1] J[0xffffffb8][0xfffffff2]D)[0xffffffe1][0xffffffbb][0x14][0xffffffa5][0xffffff84][0xffffffab]V[0xffffff8c][0x12][0xffffffda][0xffffffb4][0x10]%[0xffffffb4]x7(q;J[0xffffff9c][0xffffffd7]CQ[0xffffffe2][0xffffffc6])q[0x7]P[0xffffffe2][0xffffffd6][0xffffffbc][0x17][0x6][0xfffffffc][0xffffffc6](q'QB[0xffffffa3][0xffffffc8]P[0xffffffc2][0x5][0xffffff92][0xffffffa1][0xffffff84][0xffffffc6][0xffffffb2][0xffffff9e][0x12]k8[0xffffffab])[0xffffffb1]F4[0xffffff89][0x12][0xffffffa6]<YJ[0xffffffd8].e)a[0xffffffaa][0xffffff95][0xffffffa3][0xffffff84]4-E[0x9])[0xffffffde]-J[0xffffffc8][0xffffffb7][0x12]0%[0xffffffe0]o%[0xffffffbe][0xffffff9e][0xffffff80][0xffffffa7][0x4][0xfffffff8][0xffffffad][0xffffffc4][0xffffffd7][0xffffffaf]S[0xffffff94][0xffffffc8][0xfffffff9]V[0xffffffc2]D[0xffffff91][0xffffffa2]D[0xffffffc8][0xffffffb7][0x12]&[0xffffff96][0x4]%[0xffffffd0]o%$[0xffffffa2]Y[0xffffff94][0xffffffc8][0xfffffffa]V[0xffffffc2]w)M[0xffffff89][0xffffff9c]o%[0xffffffb4]i9J[0xfffffffc][0xfffffff5][0xffffffb7][0x12][0xffffffc7][0xffffffe3][0xffffffde]J<[0xffffffed][0xffffffa6]([0xfffffff1][0xffffffe0]o%[0xffffff9e][0xffffff80][0xffffffb7][0x12][0xffffff8f][0xffffffd2][0xffffffb9]0[0xffffffe0][0xf][0xfffffff6]V[0xffffffe2]Iz+[0xffffffa1]Qd([0xffffffe1][0x2][0xffffffc9]PBcYO[0xffffff89]5[0xffffff9c][0xffffffd5][0xffffff94]X#[0xffffff9a]D[0x9]S[0xffffff9e],%l[0xffffff97][0xffffffb2][0xffffff94]0[0xffffffd5][0xffffffca]QB[0xffffff9a][0xffffff96][0xffffffa2][0xffffff84][0x14][0xffffffef][0x16]%[0xffffffcc][[0x9][0xffffff94][0x12][0xfffffff4][[0xffffff89]'[0xffffffe0][0xffffffad][0xffffffc4][0xffffffa3]t.[\r]8[0xfffffff5]V[0xffffffe2]Iz+[0xffffffa1]Q[0xffffffa4]([0xffffff91][0xfffffff2]VBcIP[0xffffff82]}+[0xffffffb1]F4[0xffffff8b][0x12]ao%l[0xffffff97][0xffffffd2][0xffffff94][0x8]z+!M[0xffffffcb]Q[0xffffffe2][0xffffffef][0xffffffdf]JL[0xfffffff3]V[0xffffffa2][0xffffffb7][0xffffffaf]{>[0x10]JL[0xfffffffc][0xffffffad][0xffffffc4][0xc]x+1[0xffffff95][0xffffffce][0xffffff85][0x1][0xffffff9f][0xffffffd8][[0xffffff89][0xffffff99][0xfffffff4]VB[0xffffffa3][0xffffffc8]P[0xffffffc2][0x5][0xffffff92][0xffffffa1][0xffffff84][0xffffffc6][0xffffffb2][0xffffff9e][0x12]k8[0xffffffab])[0xffffffb1]F4[0xffffff89][0x12][0xffffffa6]<YJ[0xffffffd8].e)a[0xffffffaa][0xffffff95][0xffffffa3][0xffffff84]4-E[0x9])[0xffffffde]?[0xffffffa7][0xffffffc4][0xfffffff9]r[0xffffff94]8[0x1e][0xffffffea][0x4][0xffffffc7][0xffffffe7][0xfffffff3][0xffffffb0][0xffffff94][0xfffffff8]z[0x2][0xffffff98][0x12][0xffffffbf][0xffffff9e][0x1][0xffffffa1][0xffffffc4][0xffffffd7][0xffffffaf]#[0xffffff94][0xfffffff8][0xfffffff9][0xffffffcb][0x11][0xffffff94]0QD(a[0x3][0xffffff89]P[0xffffffc2][0xffffffc4][0xffffffb2][0xffffff9c][0x12][0x12][0xffffffce]bJHD[0xffffff83]([0xffffffe1][0xffffffca][0x13][0xffffffa5][0xffffff84][0xffffffef]R[0xffffff94][0x12][0xffffffae]Z1Jh[0xffffffd3]B[0xffffff94][0xffffffd0][0xffffffe2][0xffffffdd][0xffffffa0]Ds[0xffffff94][0xffffffb8]/[0xffffffea][0xf][0x1c][0xffffff9f][0xffffffcf][0x3]S[0xffffffa2][0x5]P[0xffffffa2]i[0xffffffde][0xb][0x3][0xffffffde]0J[0xffffffb4]$Jh[0x14][0x19]J[0xffffffb8]@2[0xffffff94][0xffffffd0]X[0xffffffd6]Sb[\r]g5%[0xffffffd6][0xffffff88]&Q[0xffffffc2][0xffffff94]'K[0x9][0xffffffdb][0xffffffa5],%L[0xffffffb5]r[0xffffff94][0xffffff90][0xffffffa6][0xffffffa5](![0xffffffc5][0xffffffbb]A[0xffffff89][0xffffffee](1[0xffffffaf][0xffffff8b][0xffffffa2]D[0xffffffc7])[0xffffffd1][0x3]([0xffffffd1]5[0xffffffef][0xffffff85][0x1][0xffffffef][0x18]%z[0x12]%4[0xffffff8a][0xc]%\ [0x19]Jh,[0xffffffeb])[0xffffffb1][0xffffff86][0xffffffb3][0xffffff9a][0x12]kD[0xffffff93](a[0xffffffca][0xffffff93][0xffffffa5][0xffffff84][0xffffffed]R[0xffffff96][0x12][0xffffffa6]Z9JH[0xffffffd3]R[0xffffff94][0xffffff90][0xffffffe2][0xffffffdd][0xffffffa0][0xffffff84][0xffffffb9][0xffffff83]c[0x1e]G?)J[0xffffffe0]wp[0xffffff9c][0x1]wp[0xffffff9c]f([0xffffffbe]0[0xffffffe0][0xffffffd8][0x1d][0x1c][0xffffffa7]L[0xffffffc1][0xffffff93][0xffffff94][0x8][0xffffffb9][0xffffff83][0xffffffc3][0x6][0xffffff92][0xffffffa1]D[0xffffffc0][0x1d][0x1c][0x12][0xffffffce]jJ[0x4][0xffffffdf][0xffffffc1][0xffffffe1][0xffffffca][0xffffff93][0xffffffa5]D[0xffffffde][0x1d][0x1c][0xffffffae]Z9J[0xffffffa4][0xffffffdc][0xffffffc1][0xffffffa1][0xffffffc5][0xffffffbb]A[0x9]3[0xffffff9c][0xfffffffd]A[0xffffff89]9(J[0xffffffe0][0xffffffc3][0xffffffd9]g[0xffffffc0]p[0xfffffff6]i[0xffffffd6]][0xb][0x3][0xffffff8e][\r]g[0xffffff9f][0xffffffb2][0xffffffdf]JR"d8[0xffffffdb][0x6][0xffffff92][0xffffffa1]D[0xffffffc0]p[0xffffffb6][0xffffff84][0xffffffb3][0xffffff9a][0x12][0xffffffc1][0xffffffc3][0xffffffd9][0xffffffae]<YJ[0xffffffe4][\r]g[0xffffffbb]j[0xffffffe5]([0xffffff91]2[0xffffff9c][0xffffffad][0xffffffc5][0xffffffbb]A[0xffffff89][0xffffffcb]Q[0xffffffe2]<[0xffffffea][0xffffffaf] [0xffffffff][0xfffffffd]<0%[0xffffffae][0x0]J\[0xffffff9a][0xfffffff7][0xffffffc2][0xffffff80]_[0x18]%[0xffffffae]$Jh[0x14][0x19]J[0xffffffb8]@2[0xffffff94][0xffffffd0]X[0xffffffd6]Sb[\r]g5%[0xffffffd6][0xffffff88]&Q[0xffffffc2][0xffffff94]'K[0x9][0xffffffdb][0xffffffa5],%L[0xffffffb5]r[0xffffff94][0xffffff90][0xffffffa6][0xffffffa5](![0xffffffc5][0xffffffbb]A[0xffffff89]a)qS[0xffffff87]A?[0xffffff9f][0x7][0xffffffa6][0xffffffc4][0x8][0xffffffa0][0xffffffc4][0xffffffd0][0xffffffbc][0x17][0x6]|`[0xffffff94][0x18]I[0xffffff94][0xffffffd0](2[0xffffff94]p[0xffffff81]d([0xffffffa1][0xffffffb1][0xffffffac][0xffffffa7][0xffffffc4][0x1a][0xffffffce]jJ[0xffffffac][0x11]M[0xffffffa2][0xffffff84])O[0xffffff96][0x12][0xffffffb6]KYJ[0xffffff98]j[0xffffffe5](!MKQB[0xffffff8a]w[0xffffff83][0x12][0xffffffee][0xe][0xffffff8e][0xffffffe3][0xffffff9c][0x18]%[0xfffffff0];8[0xffffffce][0xffffff80];8N3[0x14]_[0x18]p[0xffffffec][0xe][0xffffff8e]S[0xffffffa6][0xffffffe0]IJ[0xffffff84][0xffffffdc][0xffffffc1]a[0x3][0xffffffc9]P"[0xffffffe0][0xe][0xe][0x9]g5%[0xffffff82][0xffffffef][0xffffffe0]p[0xffffffe5][0xffffffc9]R"[0xffffffef][0xe][0xe]W[0xffffffad][0x1c]%R[0xffffffee][0xffffffe0][0xffffffd0][0xffffffe2][0xffffffdd][0xffffffa0][0xffffff84][0x1b][0xffffffce]>F[0xffffff9b][0x14]%[0xfffffff0][0xffffffe1][0xffffffec]3`8[0xfffffffb]4[0xffffffeb][0xffffffae][0xffffff85][0x1][0xffffffc7][0xffffff86][0xffffffb3]O[0xffffffd9]o%)[0x11]2[0xffffff9c]m[0x3][0xffffffc9]P"`8[[0xffffffc2]YM[0xffffff89][0xffffffe0][0xffffffe1]lW[0xffffff9e],%[0xfffffff2][0xffffff86][0xffffffb3]][0xffffffb5]r[0xffffff94]H[0x19][0xffffffce][0xffffffd6][0xffffffe2][0xffffffdd][0xffffffa0][0xffffff84][[0xffffffbb]<[0xffffff9e][0x7][0xfffffffb][0xffffffec][0x12]_[0xffffffbb]<[0x3][0xffffffd6].O3[0xffffffc9]V[0x18]pl[0xffffffed][0xfffffff2][0xffffff94][0xffffffd1]5[0xffffff92][0x12]!k[0xffffff97]6[0xffffff90][0xc]%[0x2][0xffffffd6].%[0xffffff9c][0xffffffd5][0xffffff94][0x8]^[0xffffffbb]t[0xffffffe5][0xffffffc9]R"o[0xffffffed][0xffffffd2]U+G[0xffffff89][0xffffff94][0xffffffb5]K-[0xffffffde]?[0xffffffa7][0xffffffc4]5[0xc]%[0xffffffae][0xffffffe7][0xffffffa1]&[0xffffffaa]>[0xffffff9f][0xffffff87][0xffffffa5][0xffffffc4][0xffffffd7][0x13][0xffffffc0][0xffffff94][0xfffffff8][0xfffffff5][0xc][0x8]%[0xffffffbe]~[0x1d][0xffffffa1][0xffffffc4][0xffffffcf]_[0xffffff8e][0xffffffa0][0xffffff84][0xffffff89]"B[0x9][0x1b]H[0xffffff84][0x12]&[0xffffff96][0xffffffe5][0xffffff94][0xffffff90]p[0x16]SB"[0x1a]D[0x9]W[0xffffff9e](%|[0xffffff97][0xffffffa2][0xffffff94]p[0xffffffd5][0xffffff8a]QB[0xffffff9b][0x16][0xffffffa2][0xffffff84][0x16][0xffffffef][0x6]%[0xffffffdc][0xffffffb7][0x12][0xffffffe3]uP[0xffffffdf]J\[0xfffffff8][0xffffffb7][0x12]W[0xffffffc0][0xffffffb7][0x12][0xffffff97][0xfffffff9][0xffffff83]^a[0xffffffc0][0xffffffb1]o%.[0xfffffff9][0xffffff93][0x1d]I[0xffffff89][0xffffff90]o%l [0x19]J[0x4]|+![0xffffffe1][0xffffffac][0xffffffa6]D[0xfffffff0][0xffffffb7][0x12][0xffffffae]<YJ[0xffffffe4]}+[0xffffffe1][0xffffffaa][0xffffff95][0xffffffa3]D[0xffffffca][0xffffffb7][0x12]Z[0xffffffbc][0x1b][0xffffff94]p[0xffffffdf]J|[0xfffffffc][0xffffffd7][0xffffffd4][0xffffffb7][0x12][0x17][0xfffffffe][0xffffffad][0xffffffc4][0x15][0xfffffff0][0xffffffad][0xffffffc4]e[0xfffffffe][0xffffffa0]W[0x18]p[0xffffffec][[0xffffff89]K[0xfffffffe]dGR"[0xffffffe4][[0x9][0x1b]H[0xffffff86][0x12][0x1][0xffffffdf]JH8[0xffffffab])[0x11][0xfffffffc][0xffffffad][0xffffff84]+O[0xffffff96][0x12]y[0xffffffdf]J[0xffffffb8]j[0xffffffe5]([0xffffff91][0xfffffff2][0xffffffad][0xffffff84][0x16][0xffffffef][0xffffff9f]Sb[0xffffffb8][0xffffffeb][0xffffffbc][0xffffffc6][0xfffffff5]P[0xffffffc3][0xffffffd9][0x3][0xffffffbf][0xffffffce]k[0x4]\[0xffffffe7]5[0xffffffcc][0xffffff9d]3u[0x1][0x1f][0xffffffd8]u^Cn[0xffffff95][0x1])a[0xffffffa2][0xffffff88]P[0xffffffc2][0x6][0x12][0xffffffa1][0xffffff84][0xffffff89]e9%$[0xffffff9c][0xffffffc5][0xffffff94][0xffffff90][0xffffff88][0x6]Q[0xffffffc2][0xffffff95]'J[0x9][0xffffffdf][0xffffffa5](%\[0xffffffb5]b[0xffffff94][0xffffffd0][0xffffffa6][0xffffff85]([0xffffffa1][0xffffffc5][0xffffffbb]A[0x9]w[0xffffff9d][0xffffffd7][0x18][0xffffffd8]p[0xfffffff6][0xffffffc0][0xffffffaf][0xfffffff3][0x1a][0x1][0xffffffd7]y[\r]s[0xffffffe7]La[0xffffffc0][0xffffffb1][0xffffffeb][0xffffffbc][0xffffff86][0xffffffdc]*CR"[0xffffffe4]:/[0x1b]H[0xffffff86][0x12][0x1][0xffffffd7]yI8[0xffffffab])[0x11]|[0xffffff9d][0xffffff97]+O[0xffffff96][0x12]y[0xffffffd7]y[0xffffffb9]j[0xffffffe5]([0xffffff91]r[0xffffff9d][0xffffff97][0x16][0xffffffef][0x6]%[0xffffffdc]u^c[0xffffffdc][0xffffff9d][0xffffffa2][0x4]~[0xffffff9d][0xffffffd7][0x8][0xffffffb8][0xffffffce]k[0xffffff98];g[\n]"
08:17:55.120 [TestNG-PoolService-2] DEBUG org.apache.hc.client5.http.wire -- http-outgoing-5 << "[0x3][0xffffff8e]][0xffffffe7]5[0xffffffe4]V[0x19][0xffffff92][0x12]![0xffffffd7]y[0xffffffd9]@2[0xffffff94][0x8][0xffffffb8][0xffffffce]K[0xffffffc2]YM[0xffffff89][0xffffffe0][0xffffffeb][0xffffffbc]\y[0xffffffb2][0xffffff94][0xffffffc8][0xffffffbb][0xffffffce][0xffffffcb]U+G[0xffffff89][0xffffff94][0xffffffeb][0xffffffbc][0xffffffb4]x7([0xffffffe1][0xffffffae][0xfffffff3][0x1a][0xfffffff7][0xffffff8d][0xfffffffd][0xffffff81][0x3][0xffffffbf][0xffffffce]k[0x4]\[0xffffffe7]5[0xffffffcc][0xffffff9d]3[0xffffff85][0x1][0xffffffc7][0xffffffae][0xfffffff3][0x1a]r[0xffffffab][0xc]I[0xffffff89][0xffffff90][0xffffffeb][0xffffffbc]l [0x19]J[0x4]\[0xffffffe7]%[0xffffffe1][0xffffffac][0xffffffa6]D[0xfffffff0]u^[0xffffffae]<YJ[0xffffffe4]][0xffffffe7][0xffffffe5][0xffffffaa][0xffffff95][0xffffffa3]D[0xffffffca]u^Z[0xffffffbc][0x1b][0xffffff94]p[0xffffffd7]y[0xffffffdd][0xfffffffd][0xffffffc0]([0xffffff81]_[0xffffffe7]5[0x2][0xffffffae][0xfffffff3][0x1a][0xffffffe6][0xffffffce][0xffffff99][0xffffffc2][0xffffff80]c[0xffffffd7]y[\r][0xffffffb9]U[0xffffff86][0xffffffa4]D[0xffffffc8]u^6[0xffffff90][0xc]%[0x2][0xffffffae][0xfffffff3][0xffffff92]pVS"[0xfffffff8]:/W[0xffffff9e],%[0xfffffff2][0xffffffae][0xfffffff3]r[0xffffffd5][0xffffffca]Q"[0xffffffe5]:/-[0xffffffde][\r]J[0xffffffb8][0xffffffeb][0xffffffbc][0xffffffee][0xffffff93][0xffffffa3][0x4]~[0xffffff9d][0xffffffd7][0x8][0xffffffb8][0xffffffce]k[0xffffff98];g[\n]"
08:17:55.121 [TestNG-PoolService-1] DEBUG org.apache.hc.client5.http.wire -- http-outgoing-3 << "[0x3][0xffffff8e]][0xffffffe7]5[0xffffffe4]V[0x19][0xffffff92][0x12]![0xffffffd7]y[0xffffffd9]@2[0xffffff94][0x8][0xffffffb8][0xffffffce]K[0xffffffc2]YM[0xffffff89][0xffffffe0][0xffffffeb][0xffffffbc]\y[0xffffffb2][0xffffff94][0xffffffc8][0xffffffbb][0xffffffce][0xffffffcb]U+G[0xffffff89][0xffffff94][0xffffffeb][0xffffffbc][0xffffffb4]x7([0xffffffe1][0xffffffae][0xfffffff3][0x1a][0xfffffff7][0xffffff8d][0xfffffffd][0xffffff81][0x3][0xffffffbf][0xffffffce]k[0x4]\[0xffffffe7]5[0xffffffcc][0xffffff9d]3[0xffffff85][0x1][0xffffffc7][0xffffffae][0xfffffff3][0x1a]r[0xffffffab][0xc]I[0xffffff89][0xffffff90][0xffffffeb][0xffffffbc]l [0x19]J[0x4]\[0xffffffe7]%[0xffffffe1][0xffffffac][0xffffffa6]D[0xfffffff0]u^[0xffffffae]<YJ[0xffffffe4]][0xffffffe7][0xffffffe5][0xffffffaa][0xffffff95][0xffffffa3]D[0xffffffca]u^Z[0xffffffbc][0x1b][0xffffff94]p[0xffffffd7]y[0xffffffdd][0xfffffffd][0xffffffc0]([0xffffff81]_[0xffffffe7]5[0x2][0xffffffae][0xfffffff3][0x1a][0xffffffe6][0xffffffce][0xffffff99][0xffffffc2][0xffffff80]c[0xffffffd7]y[\r][0xffffffb9]U[0xffffff86][0xffffffa4]D[0xffffffc8]u^6[0xffffff90][0xc]%[0x2][0xffffffae][0xfffffff3][0xffffff92]pVS"[0xfffffff8]:/W[0xffffff9e],%[0xfffffff2][0xffffffae][0xfffffff3]r[0xffffffd5][0xffffffca]Q"[0xffffffe5]:/-[0xffffffde][\r]J[0xffffffb8][0xffffffeb][0xffffffbc][0xffffffee][0xffffff93][0xffffffa3][0x4]~[0xffffff9d][0xffffffd7][0x8][0xffffffb8][0xffffffce]k[0xffffff98];g[\n]"
08:17:55.121 [TestNG-PoolService-2] DEBUG org.apache.hc.client5.http.wire -- http-outgoing-5 << "[0x3][0xffffff8e]][0xffffffe7]5[0xffffffe4]V[0x19][0xffffff92][0x12]![0xffffffd7]y[0xffffffd9]@2[0xffffff94][0x8][0xffffffb8][0xffffffce]K[0xffffffc2]YM[0xffffff89][0xffffffe0][0xffffffeb][0xffffffbc]\y[0xffffffb2][0xffffff94][0xffffffc8][0xffffffbb][0xffffffce][0xffffffcb]U+G[0xffffff89][0xffffff94][0xffffffeb][0xffffffbc][0xffffffb4]x[0xffffffb7]([0xffffffd1][0xffffffc3]([0xffffffd1]qJ[0xfffffff4][0x0]Jt[0xffffff94][0x12][0x1d][0xffffffa3]DO[0xffffffa2][0xffffffc4][0x1a]E[0xffffff8a][0x12][0x1a]H[0xffffff8a][0x12]k,[0x9]Jt[0xffffff98][0x12]=[0xffffff98][0x12]R[0xffffff9e]4%L[0xffffff97][0xffffffd2][0xffffff94][0xffffff90]j%)[0xffffffd1]S([0xffffffd1][0xffffffff][0xffffff9a][0x12][0xffffffc3][0xffffffbd][0xffffff95]x[0xffffffbe][0x1e][0x13][0xffffffa1][0xffffffc4][0xffffffc0][0xffffffdf]J[0xffffff8c][0xffffff80][0xffffffb7][0x12]C[0xffffffe9]\[0x18][0xfffffff0][0xffffff81][0xffffffbd][0xffffff95][0x18]Io%4[0xffffff8a][0xc]%\ [0x19]Jh,[0xffffffeb])[0xffffffb1][0xffffff86][0xffffffb3][0xffffff9a][0x12]kD[0xffffff93](a[0xffffffca][0xffffff93][0xffffffa5][0xffffff84][0xffffffed]R[0xffffff96][0x12][0xffffffa6]Z9JH[0xffffffd3]R[0xffffff94][0xffffff90][0xffffffe2][0xffffffdd][0xffffffa0][0xffffff84][[0xffffffbb]|^'v[0xffffff82][0x3]_[0xffffffbb][0x1c][0x1]k[0xffffff97][0xffffffc3]L[0xffffffb2][0x15][0x6][0x1c][[0xffffffbb][0x1c]2[0xffffffba]FR"d[0xffffffed][0xffffffd2][0x6][0xffffff92][0xffffffa1]D[0xffffffc0][0xffffffda][0xffffffa5][0xffffff84][0xffffffb3][0xffffff9a][0x12][0xffffffc1]k[0xffffff97][0xffffffae]<YJ[0xffffffe4][0xffffffad]][0xffffffba]j[0xffffffe5]([0xffffff91][0xffffffb2]v[0xffffffa9][0xffffffc5][0xffffffbb]E[0x9][0xfffffffd][0x3][0x7]K[0x9][0xfffffffa][0xf][0x1c]w[0xffffffc0][0x1f]8n}[0xb]W[0x1a]p[0xffffffea][0xf][0x1c]w[0xffffffd2][0x1f]84[0xffffff8a][0x14]%R[0xfffffffe][0xffffffc0][0xffffffa1][0xffffffb1]$([0xffffffc1]"
08:17:55.121 [TestNG-PoolService-1] DEBUG org.apache.hc.client5.http.wire -- http-outgoing-3 << "[0x3][0xffffff8e]][0xffffffe7]5[0xffffffe4]V[0x19][0xffffff92][0x12]![0xffffffd7]y[0xffffffd9]@2[0xffffff94][0x8][0xffffffb8][0xffffffce]K[0xffffffc2]YM[0xffffff89][0xffffffe0][0xffffffeb][0xffffffbc]\y[0xffffffb2][0xffffff94][0xffffffc8][0xffffffbb][0xffffffce][0xffffffcb]U+G[0xffffff89][0xffffff94][0xffffffeb][0xffffffbc][0xffffffb4]x[0xffffffb7]([0xffffffd1][0xffffffc3]([0xffffffd1]qJ[0xfffffff4][0x0]Jt[0xffffff94][0x12][0x1d][0xffffffa3]DO[0xffffffa2][0xffffffc4][0x1a]E[0xffffff8a][0x12][0x1a]H[0xffffff8a][0x12]k,[0x9]Jt[0xffffff98][0x12]=[0xffffff98][0x12]R[0xffffff9e]4%L[0xffffff97][0xffffffd2][0xffffff94][0xffffff90]j%)[0xffffffd1]S([0xffffffd1][0xffffffff][0xffffff9a][0x12][0xffffffc3][0xffffffbd][0xffffff95]x[0xffffffbe][0x1e][0x13][0xffffffa1][0xffffffc4][0xffffffc0][0xffffffdf]J[0xffffff8c][0xffffff80][0xffffffb7][0x12]C[0xffffffe9]\[0x18][0xfffffff0][0xffffff81][0xffffffbd][0xffffff95][0x18]Io%4[0xffffff8a][0xc]%\ [0x19]Jh,[0xffffffeb])[0xffffffb1][0xffffff86][0xffffffb3][0xffffff9a][0x12]kD[0xffffff93](a[0xffffffca][0xffffff93][0xffffffa5][0xffffff84][0xffffffed]R[0xffffff96][0x12][0xffffffa6]Z9JH[0xffffffd3]R[0xffffff94][0xffffff90][0xffffffe2][0xffffffdd][0xffffffa0][0xffffff84][[0xffffffbb]|^'v[0xffffff82][0x3]_[0xffffffbb][0x1c][0x1]k[0xffffff97][0xffffffc3]L[0xffffffb2][0x15][0x6][0x1c][[0xffffffbb][0x1c]2[0xffffffba]FR"d[0xffffffed][0xffffffd2][0x6][0xffffff92][0xffffffa1]D[0xffffffc0][0xffffffda][0xffffffa5][0xffffff84][0xffffffb3][0xffffff9a][0x12][0xffffffc1]k[0xffffff97][0xffffffae]<YJ[0xffffffe4][0xffffffad]][0xffffffba]j[0xffffffe5]([0xffffff91][0xffffffb2]v[0xffffffa9][0xffffffc5][0xffffffbb]E[0x9][0xfffffffd][0x3][0x7]K[0x9][0xfffffffa][0xf][0x1c]w[0xffffffc0][0x1f]8n}[0xb]W[0x1a]p[0xffffffea][0xf][0x1c]w[0xffffffd2][0x1f]84[0xffffff8a][0x14]%R[0xfffffffe][0xffffffc0][0xffffffa1][0xffffffb1]$([0xffffffc1][0xfffffffe][0xffffff81]c[0xffffff8d]h[0x16]%[0xffffffc2][0xfffffffe][0xffffffc0]a[0xffffffbb][0xffffff94][0xffffffa6]D[0xffffffd0][0x1f]8[0xffffffa4]i9J[0xfffffffc][0xfffffffd][0x1f]8[0xffffffdc]p[0xfffffff6]s[0x1e][0xffffffd4][0xffffffcd][0xffffffa0][0x3][0x1f][0xffffffce][0x1e][0x1][0xffffffc3][0xffffffd9][0xffffffc3][0xffffffac][0xffffffbb][0x16][0x6][0x1c][0x1b][0xffffffce][0x1e][0xffffffb2][0xffffffdf]JR"d8[0xffffffdb][0x6][0xffffff92][0xffffffa1]D[0xffffffc0]p[0xffffffb6][0xffffff84][0xffffffb3][0xffffff9a][0x12][0xffffffc1][0xffffffc3][0xffffffd9][0xffffffae]<YJ[0xffffffe4][\r]g[0xffffffbb]j[0xffffffe5]([0xffffff91]2[0xffffff9c][0xffffffad][0xffffffc5][0xffffffbb]E[0x9][0xfffffff3]V[0x2][0xffffffa5][0x4][0xfffffffd]V[0xffffffe2][0x9]x+[0xfffffff1]([0xffffff9d]K[0x3]N[0xffffffbd][0xffffff95]x[0xffffff92][0xffffffde]Jh[0x14])J[0xffffffa4][0xffffffbc][0xffffff95][0xffffffd0]X[0x12][0xffffff94]`[0xffffffdf]J[0xffffffac][0x11][0xffffffcd][0xffffffa2]D[0xffffffd8][[0x9][0xffffffdb][0xffffffa5]4%[0xffffff82][0xffffffde]JH[0xffffffd3]r[0xffffff94][0xfffffff8][0xfffffffb][0xffffffb7][0x12][0xffffffd3][0xffffffbd][0xffffff95][0xffffffb8][0xffffffc6]CQb[0xffffffe2]o%[0xffffffa6][0xffffff93]tq[0xffffffde][0xffffffa7][0xffffffd2][0xffffffb9]0[0xffffffe0][0x13]{+1[0xffffff93][0xffffffde]Jh[0x14][0x19]J[0xffffffb8]@2[0xffffff94][0xffffffd0]X[0xffffffd6]Sb[\r]g5%[0xffffffd6][0xffffff88]&Q[0xffffffc2][0xffffff94]'K[0x9][0xffffffdb][0xffffffa5],%L[0xffffffb5]r[0xffffff94][0xffffff90][0xffffffa6][0xffffffa5](![0xffffffc5][0xffffffbb]E[0x9][0xfffffff3]V[0x2][0xffffffa5][0x4][0xfffffffd]Vb[0x6][0xffffffbc][0xffffff95][0xffffff98]J[0xffffffe7][0xffffffd2][0xffffff80]So%f[0xffffffd2][[0x9][0xffffff8d]"E[0xffffff89][0xffffff94][0xffffffb7][0x12][0x1a]K[0xffffff82][0x12][0xffffffec][[0xffffff89]5[0xffffffa2]Y[0xffffff94][0x8]{+a[0xffffffbb][0xffffff94][0xffffffa6]D[0xffffffd0][[0x9]iZ[0xffffff8e][0x12][0x7f][0xfffffffd]V[0xffffffe2]v7[0xffffff83][0xffffffce]W[0x7f]A[0xffffff94][0xffffffb8][0xfffffff1][0xffffff9b]A[0xffffffef][0xffffff80][0xffffff9b]Aos}]][0xffffffc0]o[0xffffffec]f[0xffffffd0][.[0xffffffa8][0x3])a[0xffffffa2][0xffffff88]P[0xffffffc2][0x6][0x12][0xffffffa1][0xffffff84][0xffffff89]e9%$[0xffffff9c][0xffffffc5][0xffffff94][0xffffff90][0xffffff88][0x6]Q[0xffffffc2][0xffffff95]'J[0x9][0xffffffdf][0xffffffa5](%\[0xffffffb5]b[0xffffff94][0xffffffd0][0xffffffa6][0xffffff85]([0xffffffa1][0xffffffc5][0xffffffbb]A[0x9]w3[0xffffffe8]lmR[0xffffff94][0xffffffc0]o[0x6][0xffffffbd][0x3]n[0x6][0xffffffbd][0xffffffcd][0xfffffff5]u[0xffffff85][0x1][0xffffffc7]n[0x6][0xffffffbd][0xffffffe5][0xffffff82]:[0xffffff92][0x12]!7[0xffffff83][0xffffffda]@2[0xffffff94][0x8][0xffffffb8][0x19]T[0xffffffc2]YM[0xffffff89][0xffffffe0][0xffffff9b]A]y[0xffffffb2][0xffffff94][0xffffffc8][0xffffffbb][0x19][0xffffffd4]U+G[0xffffff89][0xffffff94][0xffffff9b]A[0xffffffb5]x7([0xffffffe1]n[0x6][0xffffff9d][0x1f][0xffffffff]=E[0x9][0xfffffffc]f[0xffffffd0];[0xffffffe0]f[0xffffffd0][0xffffffdb]\_W[0x18]p[0xffffffec]f[0xffffffd0][.[0xffffffa8]#)[0x11]r3[0xffffffa8][\r]$C[0xffffff89][0xffffff80][0xffffff9b]A%[0xffffff9c][0xffffffd5][0xffffff94][0x8][0xffffffbe][0x19][0xffffffd4][0xffffff95]'K[0xffffff89][0xffffffbc][0xffffff9b]A][0xffffffb5]r[0xffffff94]H[0xffffffb9][0x19]T[0xffffff8b]w[0xffffff83][0x12][0xffffffee]f[0xffffffd0]yso%[0xfffffff0][0xffffff9b]A[0xffffffef][0xffffff80][0xffffff9b]Aos}]a[0xffffffc0][0xffffffb1][0xffffff9b]Ao[0xffffffb9][0xffffffa0][0xffffff8e][0xffffffa4]D[0xffffffc8][0xffffffcd][0xffffffa0]6[0xffffff90][0xc]%[0x2]n[0x6][0xffffff95]pVS"[0xfffffff8]fPW[0xffffff9e],%[0xfffffff2]n[0x6]u[0xffffffd5][0xffffffca]Q"[0xffffffe5]fP-[0xffffffde][\r]J[0xffffffb8][0xffffff9b]A[0xffffffe7]}c[0xffffff94][0xffffffc0]o[0x6][0xffffffbd][0x3]n[0x6][0xffffffbd][0xffffffcd][0xfffffff5]u[0xffffff85][0x1][0xffffffc7]n[0x6][0xffffffbd][0xffffffe5][0xffffff82]:[0xffffff92][0x12]!7[0xffffff83][0xffffffda]@2[0xffffff94][0x8][0xffffffb8][0x19]T[0xffffffc2]YM[0xffffff89][0xffffffe0][0xffffff9b]A]y[0xffffffb2][0xffffff94][0xffffffc8][0xffffffbb][0x19][0xffffffd4]U+G[0xffffff89][0xffffff94][0xffffff9b]A[0xffffffb5]x7([0xffffffe1]n[0x6][0xffffff9d][0xffffffcf][0xffffffeb][0xffffffa0]([0xffffff81][0xffffffdf][0xc]z[0x7][0xffffffdc][0xc]z[0xffffff9b][0xffffffeb][0xffffffeb][\n]"
08:17:55.121 [TestNG-PoolService-3] DEBUG org.apache.hc.client5.http.wire -- http-outgoing-4 << "J[0x1c]I[0xffffff94]X[0xffffffa3]HQB[0x3]IQb[0xffffff8d]%A[0xffffff89][0x3][0xffffffa6][0xffffffc4][0x11]L[0x9])O[0xffffff9a][0x12][0xffffffa6]KiJH[0xffffffb5][0xffffff92][0xffffff94]8R(q[0xfffffffc]5%[0xfffffff4][0xe][0xffffff8e][0xffffffe3][0xfffffff5]:[0x1a][0xfffffff6][0x7][0xe][0xfffffffc][0xe][0xffffff8e];[0xffffffe0][0xe][0xffffff8e][0xffffffdb][0xc][0xffffffc5][0x17][0x6][0x1c][0xffffffbb][0xffffff83][0xffffffe3][0xffffff96])x[0xffffff92][0x12]!wp[0xffffffd8]@2[0xffffff94][0x8][0xffffffb8][0xffffff83]C[0xffffffc2]YM[0xffffff89][0xffffffe0];8\y[0xffffffb2][0xffffff94][0xffffffc8][0xffffffbb][0xffffff83][0xffffffc3]U+G[0xffffff89][0xffffff94];8[0xffffffb4]x[0xffffffb7]([0xffffffb1][0xffffffae]][0xffffffd2][0xffffff94][0xffffff80][0xffffffd7].[0xffffffef][0xffffff80];8n3[0x14]_[0x1a]ph[0xffffffed][0xfffffff2][0xffffff96])x[0xffffff96][0x12][0x11]k[0xffffff97]6[0xffffff90][0x14]%[0xfffffff0][0xffffffb5]K[0x9]g=%b[0xffffffd7].]y[0xffffffd2][0xffffff94]H[[0xffffffbb]t[0xffffffd5]JR"c[0xffffffed]R[0xffffff8b]w[0xffffff8b][0x12]w[0x18]%n[0xffffff9c][0x12]w[0x0]%n[0xffffff94][0x12]7F[0xffffff89];[0xffffff89][0x12]k[0x14])Jh )J[0xffffffac][0xffffffb1]$(q[0xffffffc3][0xffffff94][0xffffffb8][0xffffff83])![0xffffffe5]IS[0xffffffc2]t)M[0x9][0xffffffa9]V[0xffffff92][0x12]w[\n]"
08:17:55.121 [TestNG-PoolService-3] DEBUG org.apache.hc.client5.http.wire -- http-outgoing-4 << "%[0xffffffee][0xffffffff][0xffffff80][0x12]-[0xffffffcd][0x12][0xffffff8d][0xffffffc7]DK[0xffffffd0]Dc9[0xffffffd1]8O[0xffffffb4](PH[0x1e])Q[0xffffff98]TR[0xffffffa4][0xffffff90]l[0x12][0xffffffa6]h4*Z[0xffffffb2]*[0xffffffb4]FiV[0xffffffb8]V[0xffffffa5]][0xffffffa1]%K[0xffffffc2]b[0xffffffed]\N[0x16]k[0x5]o[0xffffffd1][0xffffffa2][0xffffff8f]0Z[0xfffffff4][0xffffff81][0xffffffd3][0xffffffe2][0xffffffe3][0x11]xZ[0xfffffffc]x[0x8][0xffffff8a][0x16][0x1f]?O[0xffffffd1][0xffffffe2][0xfffffffb][0xffffffa7]Sh!y[0xffffffa4]haRI[0xffffffd1]B[0xffffffb2]I[0xffffffd0]bIh=-[0xffffff96][0xffffff9c]f[0xffffffd1]Bk[0xffffff94][0xffffffa6][0xffffff85]kU[0xffffff9a][0x16]Z[0xffffffb2]$-[0xffffffd6][0xffffffce][0xffffffe5]h[0xffffffb1]V[0xfffffff0][0x16]-[0xffffff8e]4Z[0x1c]<-[0xffffff8e][0x4]Z[0x1c],-[0xe][0xffffff8e][0x16]G[0x14]-$[0xffffff8f][0x14]-L*)ZH6[0x9]Z[0x1c]4-[0xffffff8e]dZh[0xffffff8d][0xffffffd2][0xffffffb4]p[0xffffffad]J[0xffffffd3]BK[0xffffff96][0xffffffa4][0xffffffc5][0xffffffda][0xffffffb9][0x1c]-[0xffffffd6][\n]"
08:17:55.121 [TestNG-PoolService-3] DEBUG org.apache.hc.client5.http.wire -- http-outgoing-4 << "[0xffffffde][0xffffffa2][0xffffffc5]u[0xffffff85][0xffffffd1][0xffffffe2][0xffffffba]pZ|<[0x2]O[0xffffff8b][0x1f][0xf]A[0xffffffd1][0xffffffe2][0xffffffe3][0xffffffe7])Z|[0xffffffff]t[\n]"
08:17:55.121 [TestNG-PoolService-1] DEBUG org.apache.hc.client5.http.wire -- http-outgoing-3 << "[0x3][0xffffff8e][0xffffffdd][0xc]z[0xffffffcb][0x5]u$%Bn[0x6][0xffffffb5][0xffffff81]d([0x11]p3[0xffffffa8][0xffffff84][0xffffffb3][0xffffff9a][0x12][0xffffffc1]7[0xffffff83][0xffffffba][0xfffffff2]d)[0xffffff91]w3[0xffffffa8][0xffffffab]V[0xffffff8e][0x12])7[0xffffff83]j[0xfffffff1]nP[0xffffffc2][0xffffffdd][0xffffffc1][0xfffffff1]a[0x9][0xffffffec][0xffffffad][0x4]~[0x7][0xffffffc7][0x1d]p[0x7][0xffffffc7]m[0xffffff86][0xffffffe2][0xb][0x3][0xffffff8e][0xffffffdd][0xffffffc1]q[0xffffffcb][0x14]<I[0xffffff89][0xffffff90];8l [0x19]J[0x4][0xffffffdc][0xffffffc1]![0xffffffe1][0xffffffac][0xffffffa6]D[0xfffffff0][0x1d][0x1c][0xffffffae]<YJ[0xffffffe4][0xffffffdd][0xffffffc1][0xffffffe1][0xffffffaa][0xffffff95][0xffffffa3]D[0xffffffca][0x1d][0x1c]Z[0xffffffbc][[0xffffff94]8[0xffffffc2](q[0xffffffe0][0xffffff94]8[0x2](q[0xffffffa0][0xffffff94]80"
08:17:55.122 [TestNG-PoolService-3] DEBUG org.apache.hc.client5.http.wire -- http-outgoing-4 << "-$[0xffffff8f][0x14]-L*)ZH6[0x9]Z,[0x9][0xffffffad][0xffffffa7][0xffffffc5][0xffffff92][0xffffffd3],Zh[0xffffff8d][0xffffffd2][0xffffffb4]p[0xffffffad]J[0xffffffd3]BK[0xffffff96][0xffffffa4][0xffffffc5][0xffffffda][0xffffffb9][0x1c]-[0xffffffd6][\n]"
08:17:55.122 [TestNG-PoolService-3] DEBUG org.apache.hc.client5.http.wire -- http-outgoing-4 << "[0xffffffde][0xffffffa2][0xffffffc5]ha[0xffffffb4][0x18][\r][0xffffffa7][0xffffffc5][0xffffffc7]#[0xfffffff0][0xffffffb4][0xfffffff8][0xfffffff1][0x10][0x14]->~[0xffffff9e][0xffffffa2][0xffffffc5][0xfffffff7]O[0xffffffa7][0xffffffd0]B[0xfffffff2]H[0xffffffd1][0xffffffc2][0xffffffa4][0xffffff92][0xffffffa2][0xffffff85]d[0xffffff93][0xffffffa0][0xffffffc5][0xffffff92][0xffffffd0]zZ,9[0xffffffcd][0xffffffa2][0xffffff85][0xffffffd6](M[0xb][0xffffffd7][0xffffffaa]4-[0xffffffb4]dIZ[0xffffffac][0xffffff9d][0xffffffcb][0xffffffd1]b[0xffffffad][0xffffffe0]=Z[0xffffffa4][0xffffff9d].[0x1d][0xfffffffc][0xfffffff1][0xffffffd2][0xffffff91]p[0xffffffbe]t[0xffffffb0][0x7]L[0x7]w[0xffffffc2]tD[0x1d]1[0xffffff95]<b[0xffffffb4][0xffffffc8]9d*[0xffffffd9]DhA[0x1f]3[0x1d][0xffffffc9][0xffffffe7]L[0xffffffb5]FqZ[0x4][0xffffff9e]4[0xffffffd5][0xffffff92]Ei[0x11]s[0xffffffd6]t[0xffffffad][0xffffffe0]=Z[0xffffffac]s[0xffffff9a]8-[0xffffffe8]=[0xffffffcd][0xffffffaf]G[0x8][0xffffffa0][0x5][0xffffffb9][0xffffffa8][0xfffffff9][0xfffffff5][0xfffffff3][0x18]-[0xffffff82]65M[0x1e]1Z[0xffffffa4][0xffffffac]j[0xffffff9a]l"[0xffffffb4]`w5%[0xffffffa7]a[0xffffffb4][0x8][[0xffffffd6][0xfffffff4][0xffffffad][0xffffff8a][0xffffffd3]"h[S;[0x17][0xffffffa4][0xffffffc5][0x7f][0xffffffb1][0xffffffae][0xffffffd9][0xffffffe2][0xffffff8e][0xffffff88][0xffffffb4][0xffffff80]3"-[0xffffffe2][0xffffff90]H[0xffffffd3][0xf][0xffffff98]K[0xffffffa3][0xffffffde][0xffffffc0]c"-[0xffffffeb][0xffffff9c][0xffffff88][0xffffff86][0xffffff92][0x12][0xffffff86][0xffffff8b]&E[0xc][\r](a[0xffffff8c]5[0xffffffa6][0xfffffff5][0xffffffc8]X[0xffffffc3][0xffffff9a][0xffffffa5][0xc]S[0xffffffa8]43l[0xffffffbf][0xffffffd2][0xffffffce]0uKBC[0xffffffda][0xffffff97][0xffffff93][0xffffff86][0xffffff94][0xfffffff1]&5[0xffffffe2][0xffffff86].z[0xffffffc0][0xffffffd2]E[0xffffff8f][0xffffff98][0xffffffba][0xffffffe8][0xfffffff0][0xffffffd6]E[0x7][0xffffffc7].z[0xffffffd6][0xffffffda][0xffffff85][0xffffff84][0xffffff92][0xffffffa3]F[0xffffffd0][0xffffffde][0xffffff85][0x4][0xffffff94][0xffffffa1][0x6][0xffffffbe]x[0xffffffd1][0xffffffa3]'/[0xffffffb4]Pyj$[0xffffff8e]^h[0xffffffdd][0xffffffb2][0xffffffd4][0xffffffc8][0xffffff99][0xffffffbd]X[0xffffffcb]x[0xffffff8f][0x1a]O[0xffffffda][0xffffffc7][0x18][0x1f]O[0xffffffc4]S[0xffffffe3]I[0xfffffff8][0x1c][0xffffffe3][0xffffffe7]S`[0xffffffd4]x[0xffffffb8][0xf]2~[0xfffffffc]v[0xc]5$[0xffffff94][0x18]5L41jH@[0x11]j<[0xfffffff4]W[0x19]kX[0xffffffc3][0xffffffa8][0xffffffa1][0xffffff85][0xffffff8a]S[0xffffffc3][0xfffffff5]+N[\r][0xffffffad][[0xffffff94][0x1a]k[0xfffffffb][0xffffff82][0xffffffd4]X[0xffffffcb][0xfffffff8]O[0xffffffa8]q[0x7f][0xfffffffd]+[0xffffffcf]a[0xffffffae]'[0xffffffeb][0xffffffaf][0xfffffffb])[0xffffff87][0xffffffc6][0xffffffef][0xffffffe7][0xffffffa1][0xffffff98][0xfffffff1][0xffffff8f]'[0xffffffc0][0xffffff90][0xffffffb1]<C11[0xfffffffe][0xfffffff1][0xffffffeb][0xffffffc5][0xffffffc0][0xfffffff8][0xffffffdf]_[0xffffff86]y[0xfffffff1]6[0xffffff8a][0xffffffc5][0xffffffb8][0xfffffff8][0xffffff97]@[0x16][0xffffffd3][0xffffffe2]m,[0xb]a[0xfffffff1]&[0xffffff9c]e[0xffffffac]x[0x13][0xffffffd1][0x8]T[0xffffffbc]/O[0xffffff88][0x14][0xffffffff][0xffffffd6][0xffffffa5][0x10]([0xffffffde]W+[0xffffffc0][0xffffff89]wM[[0xffffff8e][0xffffff89]w[0xffffffc5][0xffffffbb]A[0xffffff89][0xffffffd3]Q[0xffffffe2][0xffffffb8]N[0xffffff8a][0x12]'N[0xffffff89]3[0xffffff80][0x12][0xffffffa7][0xffffffe6][0xffffffbd]0[0xffffffe0]'F[0xffffff89]3[0xffffff89][0x12][0x1a]E[0xffffff86][0x12].[0xffffff90][0xc]%4[0xffffff96][0xfffffff5][0xffffff94]X[0xffffffc3]YM[0xffffff89]5[0xffffffa2]I[0xffffff94]0[0xffffffe5][0xffffffc9]R[0xffffffc2]v)K[0x9]S[0xffffffad][0x1c]%[0xffffffa4]i)JH[0xfffffff1]nP[0xffffffe2]r[0xffffff94][0xffffffb8]z[0xffffffa3](q[0xffffffe1][0xffffff94][0xffffffb8][0x2](qi[0xffffffde][0xb][0x3]~a[0xffffff94][0xffffffb8][0xffffff92]([0xffffffa1]Qd([0xffffffe1][0x2][0xffffffc9]PBcYO[0xffffff89]5[0xffffff9c][0xffffffd5][0xffffff94]X#[0xffffff9a]D[0x9]S[0xffffff9e],%l[0xffffff97][0xffffffb2][0xffffff94]0[0xffffffd5][0xffffffca]QB[0xffffff9a][0xffffff96][0xffffffa2][0xffffff84][0x14][0xffffffef][0x6]%[0xffffff86][0xffffffa3][0xffffffc4][0xfffffffc]Z[0xffffffe8]D(1pJ[0xffffff8c][0x0]J[0xc][0xffffffcd]{a[0xffffffc0][0x7]F[0xffffff89][0xffffff91]D[0x9][0xffffff8d]"C[0x9][0x17]H[0xffffff86][0x12][0x1a][0xffffffcb]zJ[0xffffffac][0xffffffe1][0xffffffac][0xffffffa6][0xffffffc4][0x1a][0xffffffd1]$J[0xffffff98][0xfffffff2]d)a[0xffffffbb][0xffffff94][0xffffffa5][0xffffff84][0xffffffa9]V[0xffffff8e][0x12][0xffffffd2][0xffffffb4][0x14]%[0xffffffa4]x7(q[0x1b]J|[0xfffffffe][0xffffff87][0xffffffa2][0xffffffc4][0xffffff8d]S[0xffffffe2][0xe][0xffffffa0][0xffffffc4][0xffffffad]y/[0xc][0xfffffff8][0xffffff8d]Q[0xffffffe2]N[0xffffffa2][0xffffff84]F[0xffffff91][0xffffffa1][0xffffff84][0xb]$C[0x9][0xffffff8d]e=%[0xffffffd6]pVSb[0xffffff8d]h[0x12]%Ly[0xffffffb2][0xffffff94][0xffffffb0]][0xffffffca]R[0xffffffc2]T+G[0x9]iZ[0xffffff8a][0x12]R[0xffffffbc][0x1b][0xffffff94]x,%[0xffffff9e][0xffffff93][0xffffffa2][0xffffffc4][0xffffff83]S[0xffffffe2][0x9][0xffffffa0][0xffffffc4][0xffffffa3]y/[0xc][0xfffffff8][0xffffff83]Q[0xffffffe2]I[0xffffffa2][0xffffff84]F[0xffffff91][0xffffffa1][0xffffff84][0xb]$C[0x9][0xffffff8d]e=%[0xffffffd6]pVSb[0xffffff8d]h[0x12]%Ly[0xffffffb2][0xffffff94][0xffffffb0]][0xffffffca]R[0xffffffc2]T+G[0x9]iZ[0xffffff8a][0x12]R[0xffffffbc][0x1b][0xffffff94][0xffffff98][0xffffff8e][0x12][0xffffff8d]{+1qJ[0xffffffcc][0x0]JL[0xffffffcd]{a[0xffffffc0]'F[0xffffff89][0xffffff99]D[0x9][0xffffff8d]"C[0x9][0x17]H[0xffffff86][0x12][0x1a][0xffffffcb]zJ[0xffffffac][0xffffffe1][0xffffffac][0xffffffa6][0xffffffc4][0x1a][0xffffffd1]$J[0xffffff98][0xfffffff2]d)a[0xffffffbb][0xffffff94][0xffffffa5][0xffffff84][0xffffffa9]V[0xffffff8e][0x12][0xffffffd2][0xffffffb4][0x14]%[0xffffffa4]x[0xffffffff][0xffffff9c][0x12][0xfffffff3]e)qO[0xffffff88][0x12][0xffffff9f][0xffffffcf][0xffffffc3]R[0xffffffe2][0xffffffeb][0x9]`J[0xfffffffc]z[0x6][0xffffff84][0x12]_[0xffffffbf][0xffffff8e]P[0xffffffe2][0xffffffe7]/GP[0xffffffc2]D[0x11][0xffffffa1][0xffffff84][\r]$B[0x9][0x13][0xffffffcb]rJH8[0xffffff8b])![0x11][\r][0xffffffa2][0xffffff84]+O[0xffffff94][0x12][0xffffffbe]KQJ[0xffffffb8]j[0xffffffc5]([0xffffffa1]M[0xb]QB[0xffffff8b]w[0xffffff83][0x12][0xffffffcd]Q[0xffffffa2]?[0xffffffd4][[0xffffff89][0xffffffcf][0xffffffe7][0xffffff81])[0xffffffd1][0x2]([0xffffffd1]4[0xffffffef][0xffffff85][0x1]o[0x18]%Z[0x12]%4[0xffffff8a][0xc]%\ [0x19]Jh,[0xffffffeb])[0xffffffb1][0xffffff86][0xffffffb3][0xffffff9a][0x12]kD[0xffffff93](a[0xffffffca][0xffffff93][0xffffffa5][0xffffff84][0xffffffed]R[0xffffff96][0x12][0xffffffa6]Z9JH[0xffffffd3]R[0xffffff94][0xffffff90][0xffffffe2][0xffffffdd][0xffffffa0]Dw[0xffffff94][0xffffffb8]N[0xffffffec][0xffffffad]D[0xffffffc7])[0xffffffd1][0x3]([0xffffffd1]5[0xffffffef][0xffffff85][0x1][0xffffffef][0x18]%z[0x12]%4[0xffffff8a][0xc]%\ [0x19]Jh,[0xffffffeb])[0xffffffb1][0xffffff86][0xffffffb3][0xffffff9a][0x12]kD[0xffffff93](a[0xffffffca][0xffffff93][0xffffffa5][0xffffff84][0xffffffed]R[0xffffff96][0x12][0xffffffa6]Z9JH[0xffffffd3]R[0xffffff94][0xffffff90][0xffffffe2][0xffffffdd][0xffffffa0][0xffffff84][[0xffffffbb]<[0xffffffee][0xffffff86]Q[0x2]_[0xffffffbb][0xffffff9c][0x1]k[0xffffff97][0xffffffd3]L[0xffffffb2][0x15][0x6][0x1c][[0xffffffbb][0xffffff9c]2[0xffffffba]FR"d[0xffffffed][0xffffffd2][0x6][0xffffff92][0xffffffa1]D[0xffffffc0][0xffffffda][0xffffffa5][0xffffff84][0xffffffb3][0xffffff9a][0x12][0xffffffc1]k[0xffffff97][0xffffffae]<YJ[0xffffffe4][0xffffffad]][0xffffffba]j[0xffffffe5]([0xffffff91][0xffffffb2]v[0xffffffa9][0xffffffc5][0xffffffbb]E[0xffffff89][0x1e]F[0x9][0xffffffec]~[0xffffff8e][0x7f]<[0x1]O[0x9][0xffffffe4]n[0xffffff8e][0x7f][0xfffffffc]:E[0xffffff89][0xffffff84]{9[0xffffffde]F[0xffffff91][0xffffffa2][0x4]~'[0xffffffc7][0xffffffdb]X[0x12][0xffffff94][0xffffff80][0xffffffee][0xffffffe3]x[0x13][0xffffffd1],J[0xffffffa4][0xffffffdc][0xffffffc5][0xfffffff1]o]JS"[0xffffffe1][0x1e][0xffffff8e]wM[0xffffffcb]Q[0xffffffe2][0xffffffaf][0xffffffef][0xffffffe0][0xffffff98]n8[0xfffffffb][0xffffffec]/j[0xffffffed]r[0xffffffe2][0xffffffc3][0xffffffd9]3`8{[0xffffff9a]u[0xffffffd7][0xffffffc2][0xffffff80]c[0xffffffc3][0xffffffd9]S[0xfffffff6][IJ[0xffffff84][0xc]g[0xffffffdb]@2[0xffffff94][0x8][0x18][0xffffffce][0xffffff96]pVS"x8[0xffffffdb][0xffffff95]'K[0xffffff89][0xffffffbc][0xffffffe1]lW[0xffffffad][0x1c]%R[0xffffff86][0xffffffb3][0xffffffb5]x7([0xffffffe1][0xffffff86][0xffffffb3][0xffffffcf]c[0xffffffdc][0x14]%[0xfffffff0][0xffffffe1][0xffffffec][0x19]0[0xffffff9c]=[0xffffffcd][0xffffffba]ka[0xffffffc0][0xffffffb1][0xffffffe1][0xffffffec])[0xfffffffb][0xffffffad]$%B[0xffffff86][0xffffffb3]m [0x19]J[0x4][0xc]gK8[0xffffffab])[0x11]<[0xffffff9c][0xffffffed][0xffffffca][0xffffff93][0xffffffa5]D[0xffffffde]p[0xffffffb6][0xffffffab]V[0xffffff8e][0x12])[0xffffffc3][0xffffffd9]Z[0xffffffbc][0x1b][0xffffff94]p[0xffffffc3][0xffffffd9][0xffffffe7][0xffffffdd][0xffffffa9][0xffffffe1][0xffffffec][0xffffff89][0xf]g[0xffffffcf][0xffffff80][0xffffffe1][0xffffffec]i[0xffffffd6]][0xb][0x3][0xffffff8e][\r]gO[0xffffffd9]o%)[0x11]2[0xffffff9c]m[0x3][0xffffffc9]P"`8[[0xffffffc2]YM[0xffffff89][0xffffffe0][0xffffffe1]lW[0xffffff9e],%[0xfffffff2][0xffffff86][0xffffffb3]][0xffffffb5]r[0xffffff94]H[0x19][0xffffffce][0xffffffd6][0xffffffe2][0xffffffdd][0xffffffa0][0xffffffc4]m(q[0xffffffbd][0x1e][0xffffffec][0xf][0x1c]7N[0xffffff89];[0xffffff80][0x12][0xffffffb7][0xffffffe6][0xffffffbd]0[0xffffffe0]7F[0xffffff89];[0xffffff89][0x12][0x1a]E[0xffffff86][0x12].[0xffffff90][0xc]%4[0xffffff96][0xfffffff5][0xffffff94]X[0xffffffc3]YM[0xffffff89]5[0xffffffa2]I[0xffffff94]0[0xffffffe5][0xffffffc9]R[0xffffffc2]v)K[0x9]S[0xffffffad][0x1c]%[0xffffffa4]i)JH[0xfffffff1]nP[0xffffffe2][0xfffffff9][0xffffffbf]C)q[0xffffffb4][0xffffff87][0xffffffa2][0xffffffc4][0xffffffc7][0xfffffff3][0xffffffc0][0xffffff94][0xfffffff8]|[0x2][0xffffff9a][0x12]?[0xffffff9f][0xffffff81][0xffffffa1][0xffffffc4][0xffffffe7][0xffffffaf]3[0xffffff94][0xfffffff8][0xfffffff1][0xffffffcb][0x19][0xffffff94][0xffffffd0](2[0xffffff94]p[0xffffff81]d([0xffffffa1][0xffffffb1][0xffffffac][0xffffffa7][0xffffffc4][0x1a][0xffffffce]jJ[0xffffffac][0x11]M[0xffffffa2][0xffffff84])O[0xffffff96][0x12][0xffffffb6]KYJ[0xffffff98]j[0xffffffe5](!MKQB[0xffffff8a]w[0xffffff83][0x12][0xffffffd3][0xffffff9c][0xffffffe0][0xffffffb8][0xffffffc6][0xffffffdd])JL[0xfffffffc][0x4][0xffffffc7][0xc]8[0xffffffc1]1[0xfffffff5]3[0xffffffe3][0xffffffc2][0xffffff80]O[0xffffffec][0x4][0xffffffc7]L:[0xffffffc1][0xffffffa1]Qd([0xffffffe1][0x2][0xffffffc9]PBcYO[0xffffff89]5[0xffffff9c][0xffffffd5][0xffffff94]X#[0xffffff9a]D[0x9]S[0xffffff9e],%l[0xffffff97][0xffffffb2][0xffffff94]0[0xffffffd5][0xffffffca]QB[0xffffff9a][0xffffff96][0xffffffa2][0xffffff84][0x14][0xffffffef][0x16]%[0xffffffce]0J[0xffffff9c]8%[0xffffffce][0x0]J[0xffffff9c](%N[0xffffff8c][0x12]g[0x12]%[0xffffffd6](R[0xffffff94][0xffffffd0]@R[0xffffff94]XcIP[0xffffffe2][0xffffff84])q[0x6]SB[0xffffffca][0xffffff93][0xffffffa6][0xffffff84][0xffffffe9]R[0xffffff9a][0x12]R[0xffffffad]$%[0xffffffce][0x14]J[0xffffff9c][0x7f]I[0xffffff89][0xffffffeb][0xffffffe5][0xffffffee][0xffffffe0][0x18][0xffffffaf][0x3][0xffffffda][0xffffff95][0xfffffff8]z[0x1e][0xffffff94][0x12][0xffffffdf]O[0xffffffc0]R[0xffffffe2][0xfffffff7]3[0x10][0xffffff94][0xfffffff8][0xfffffffe]u[0xffffff82][0x12][0xffffffbf]~9[0xffffff81][0x12].[0xffffff8a][0x4]%| [0x9]J[0xffffffb8]XVSB[0xffffffc3]YK[0x9][0xffffff8d]h[0xe]%ly[0xffffff92][0xffffff94]x[0xffffffd3][0xffffffa5]$%l[0xffffffb5]R[0xffffff94]0M[0xffffffcb]P[0xffffffc2][0x14][0xffffffef][0x6]%[0xffffffdc][0x1d][0x1c][0xffffffe3]5[0xffffffa1];8[0xffffffbe][0xffffff9e][0x7][0xffffffa6][0x4][0x7f][0x7][0xffffffc7][0xffffffef]g`(A[0xffffffdd][0xffffffc1][0xfffffff1][0xffffffeb][0xffffff97]3([0xffffff91]q[0x7][0xffffff87][0xf]$C[0x9][0xfffffffe][0xe][0xe][\r]g5%r[0xffffffef][0xffffffe0][0xffffffb0][0xffffffe5][0xffffffc9]R"[0xffffffee][0xe][0xe][[0xffffffad][0x1c]%B[0xffffffee][0xffffffe0]0[0xffffffc5][0xffffffbb]A[0xffffff89][0xffffffdb]Q[0xffffffe2][0xffffffa6]>[0xffffffbb][0xfffffffc]z[0x1e][0xffffff98][0x12]w[0x0]%n[0xffffffcd]{a[0xffffffc0]o[0xffffff8c][0x12]w[0x12]%4[0xffffff8a][0xc]%\ [0x19]Jh,[0xffffffeb])[0xffffffb1][0xffffff86][0xffffffb3][0xffffff9a][0x12]kD[0xffffff93](a[0xffffffca][0xffffff93][0xffffffa5][0xffffff84][0xffffffed]R[0xffffff96][0x12][0xffffffa6]Z9JH[0xffffffd3]R[0xffffff94][0xffffff90][0xffffffe2][0xffffffdd][0xffffffa0][0xffffffc4]c(q[0xffffffb7][0xffffff81][0xffffffbd][0xffffff95]xpJ<[0x1][0xffffff94]x4[0xffffffef][0xffffff85][0x1][0x7f]0J<I[0xffffff94][0xffffffd0](2[0xffffff94]p[0xffffff81]d([0xffffffa1][0xffffffb1][0xffffffac][0xffffffa7][0xffffffc4][0x1a][0xffffffce]jJ[0xffffffac][0x11]M[0xffffffa2][0xffffff84])O[0xffffff96][0x12][0xffffffb6]KYJ[0xffffff98]j[0xffffffe5](!MKQB[0xffffff8a]w[0xffffff83][0x12][0xffffffd3]Q[0xffffffe2][0x18][0xffffffd0]g[0xffffff97]_[0xffffffcf][0x3]Sb[0x6]Pbj[0xffffffde][0xb][0x3]>1J[0xffffffcc]$Jh[0x14][0x19]J[0xffffffb8]@2[0xffffff94][0xffffffd0]X[0xffffffd6]Sb[\r]g5%[0xffffffd6][0xffffff88]&Q[0xffffffc2][0xffffff94]'K[0x9][0xffffffdb][0xffffffa5],%L[0xffffffb5]r[0xffffff94][0xffffff90][0xffffffa6][0xffffffa5](![0xffffffc5][0xfffffffb][0xffffffe7][0xffffff94]h[0xffffffee][0xffffffb3][0xffffffcb][0xfffffffb]9[0xffffffa8][0xffffffb7][0x12][\r][0xffffffff][0xffffffec][0xffffffb2][0x5]|v[0xffffffd9][0xffffffcc][0xffffffb7]Au[0x1]o[0xffffffd8]g[0xffffff97]M[0xffffffbe][0xfffffffe][0x1])a[0xffffffa2][0xffffff88]P[0xffffffc2][0x6][0x12][0xffffffa1][0xffffff84][0xffffff89]e9%$[0xffffff9c][0xffffffc5][0xffffff94][0xffffff90][0xffffff88][0x6]Q[0xffffffc2][0xffffff95]'J[0x9][0xffffffdf][0xffffffa5](%\[0xffffffb5]b[0xffffff94][0xffffffd0][0xffffffa6][0xffffff85]([0xffffffa1][0xffffffc5][0xffffffbb]E[0xffffff89]3[0xffffff8c][0x12][0xffffffec]a[0xffffffd0][0xffffffef]'[0xffffffe0])[0xffffffc1][0x1d][0x6][0xfffffffd][0xfffffffe]u[0xffffff8a][0x12]1[0xffffff87]A][0x14])Jd[0x1c][0x6]u[0xffffffb1]$(A[0x1e][0x6][0xffffffd5][0xffffff88]fQ"[0xffffffea]0[0xffffffe8][0xffffff9b].[0xffffffa5])[0x11]s[0x18][0xffffffd4]4-G[0xffffff89][0xffffffbf]>[0xc][0xffffffda][0xffffffdc][0x9][0xffffff8e]{b[0xffffffdf]J4[0xfffffffc][0x4]G[0xb]8[0xffffffc1][0xffffffd1][0xffffffcc]g[0xffffffc6][0xffffff85][0x1][0xffffffc7]Np4[0xfffffff9][0xffffff90][0xffffff98][0xffffffa4]D[0xffffffc8][0x9][0xe][0x1b]H[0xffffff86][0x12][0x1]'8$[0xffffff9c][0xffffffd5][0xffffff94][0x8]>[0xffffffc1][0xffffffe1][0xffffffca][0xffffff93][0xffffffa5]D[0xffffffde][0x9][0xe]W[0xffffffad][0x1c]%RNph[0xfffffff1]nP[0xffffffa2][0x1b]J<g[0xffffffa3][0xffffffbe][0xffffff95][0xfffffff8]|[0x1e][0xffffff98][0x12]=[0xffffff80][0x12]][0xfffffff3]^[0x18][0xfffffff0][0xffffff8e]Q[0xffffffa2]'QB[0xffffffa3][0xffffffc8]P[0xffffffc2][0x5][0xffffff92][0xffffffa1][0xffffff84][0xffffffc6][0xffffffb2][0xffffff9e][0x12]k8[0xffffffab])[0xffffffb1]F4[0xffffff89][0x12][0xffffffa6]<YJ[0xffffffd8].e)a[0xffffffaa][0xffffff95][0xffffffa3][0xffffff84]4-E[0x9])[0xffffffde][\r]J[0xffffffb8]K[0xffffffc6][0xffffffe7][0xffffffeb]E[0x1d][0x6]m[0xfffffff4]%[0xffffffe3][0xffffffdf]O@S[0xffffff82][0xffffffbc]d[0xfffffffc][0xfffffffb][0xffffffd7][0x19]J[0x4]]2[0xffffffee][0xffffffa2][0xffffffc8]P"[0xffffffe5][0xffffff92]q[0x17][0xffffffcb]zJ[0xffffffb0][0xffffff97][0xffffff8c]kD[0xffffff93]([0x11]v[0xffffffc9][0xfffffff8][0xffffff9b].e)[0x11]t[0xffffffc9][0xffffffb8]iZ[0xffffff8a][0x12][0x7f][0x7f][0xffffffc9][0xfffffff8][0xffffffd5][0xffffffdc]%[0xffffffe3][0xfffffff3]50J[0xffffffd0][0xffffff97][0xffffff8c][0x7f]?[0x1]M[0x9][0xfffffff2][0xffffff92][0xfffffff1][0xffffffef]_g([0x11]t[0xffffffc9][0xffffffb8][0xffffff8b]"C[0xffffff89][0xffffff94]K[0xffffffc6]],[0xffffffeb])[0xffffffc1]^2[0xffffffae][0x11]M[0xffffffa2]D[0xffffffd8]%[0xffffffe3]o[0xffffffba][0xffffff94][0xffffffa5]D[0xffffffd0]%[0xffffffe3][0xffffffa6]i)J[0xfffffffc][0xfffffffd]%[0xffffffe3]W[0xffffffbb][0x1d]%[0xffffffda]yS[0xffffff94][0xffffffb8]qJ[0xffffffdc][0x1][0xffffff94][0xffffffb8]5[0xffffffef][0xffffff85][0x1][0xffffffbf]1J[0xffffffdc]I[0xffffff94][0xffffffd0](2[0xffffff94]p[0xffffff81]d([0xffffffa1][0xffffffb1][0xffffffac][0xffffffa7][0xffffffc4][0x1a][0xffffffce]jJ[0xffffffac][0x11]M[0xffffffa2][0xffffff84])O[0xffffff96][0x12][0xffffffb6]KYJ[0xffffff98]j[0xffffffe5](!MKQB[0xffffff8a]w[0xffffff83][0x12][0xffffff8f][0xffffffb9][0x19]t[0xfffffff6]yR[0xffffff94]x[0xffffffe0][0xffffff9b]A[0xffffffbf][0xffffff9f][0xffffff80][0xffffffa6][0xffffffc4][0xffffffa3][0xffffffd7][0xffffffd7][0x15][0x6][0xfffffffc][0xffffff81]n[0x6][0xfffffffd][0xfffffff5][0xffffffcb][0x19][0xffffff94][0xffffffd0](2[0xffffff94]p[0xffffff81]d([0xffffffa1][0xffffffb1][0xffffffac][0xffffffa7][0xffffffc4][0x1a][0xffffffce]jJ[0xffffffac][0x11]M[0xffffffa2][0xffffff84])O[0xffffff96][0x12][0xffffffb6]KYJ[0xffffff98]j[0xffffffe5](!MKQB[0xffffff8a]w[0xffffff83][0x12]n[0xffffffa2]j[0xffffffde]g[0xffffffa3]([0xffffff81]OT[0xffffffb5][0xffffff80][0xffffff89][0xffffffaa]fvT[\n]"
08:17:55.126 [TestNG-PoolService-3] DEBUG org.apache.hc.client5.http.wire -- http-outgoing-4 << "[0x3][0xffffff8e]MT5YJ!)[0x11]2Qe[0x3][0xffffffc9]P"`[0xffffffa2]J[0xffffffc2]YM[0xffffff89][0xffffffe0][0xffffff89]*W[0xffffff9e],%[0xfffffff2]&[0xffffffaa]\[0xffffffb5]r[0xffffff94]H[0xffffff99][0xffffffa8][0xffffffd2][0xffffffe2][0xfffffffd]sJt7Q5[0xffffff9f][0xffffff87]:[0xc][0xffffffda][0xfffffff1][0xffffff89][0xffffffaa][0x1e]0Q[0xffffffd5][0xffffffcd][0xffffff8e]J][0xffffffc0];6Q[0xffffffd5]e)[0x5][0xffffffa4][0xffffff84][0xffffff89]"B[0x9][0x1b]H[0xffffff84][0x12]&[0xffffff96][0xffffffe5][0xffffff94][0xffffff90]p[0x16]SB"[0x1a]D[0x9]W[0xffffff9e](%|[0xffffff97][0xffffffa2][0xffffff94]p[0xffffffd5][0xffffff8a]QB[0xffffff9b][0x16][0xffffffa2][0xffffff84][0x16][0xffffffef][0x6]%[0xffffffcc][0xffffffae]D{[0xffffffb5]A}+[0xffffffd1][0xfffffff1]][0xffffff89][0x1e][0xffffffb0]+[0xffffffd1][0xffffffcd][0xffffffe1][0xffffffe7][0xffffffc2][0xffffff80]c[0xffffffbb][0x12]][0xffffff8e]7[0xffffff93][0xffffff94][0x8][0xffffffd9][0xffffff95][0xffffffb0][0xffffff81]d([0x11][0xffffffb0]+![0xffffffe1][0xffffffac][0xffffffa6]D[0xfffffff0][0xffffffae][0xffffff84]+O[0xffffff96][0x12]y[0xffffffbb][0x12][0xffffffae]Z9J[0xffffffa4][0xffffffec]Jh[0xfffffff1]nP[0xffffffc2][0xffffffec]J[0xffffffb4][0xffffffd7][0xfffffff5][0xffffff9c][0x14]%[0xfffffff0]][0xffffff89][0x1e][0xffffffb0]+[0xffffffd1][0xffffffcd][0xffffffe1][0xffffffe7][0xffffffc2][0xffffff80]c[0xffffffbb][0x12]][0xffffff8e]7[0xffffff93][0xffffff94][0x8][0xffffffd9][0xffffff95][0xffffffb0][0xffffff81]d([0x11][0xffffffb0]+![0xffffffe1][0xffffffac][0xffffffa6]D[0xfffffff0][0xffffffae][0xffffff84]+O[0xffffff96][0x12]y[0xffffffbb][0x12][0xffffffae]Z9J[0xffffffa4][0xffffffec]Jh[0xfffffff1]nP[0xffffffe2]p[0xffffff94][0xffffff98][0x13][0xfffffffb][0x3][0xffffffc7][0xffffff81]S[0xffffffe2][0x8][0xffffffa0][0xffffffc4][0xffffffa1]y/[0xc][0xfffffff8][0xffffff81]Q[0xffffffe2]H[0xffffffa2][0xffffff84]F[0xffffff91][0xffffffa1][0xffffff84][0xb]$C[0x9][0xffffff8d]e=%[0xffffffd6]pVSb[0xffffff8d]h[0x12]%Ly[0xffffffb2][0xffffff94][0xffffffb0]][0xffffffca]R[0xffffffc2]T+G[0x9]iZ[0xffffff8a][0x12]R[0xffffffbc][[0xffffff94]8[0xffffffc3]([0x1][0xffffffdf][0xffffffc1][0xfffffff1][0xfffffff5][0x4]<%[0xffffffc0];8[0xffffffbe]~[0xffffff9d][0xffffffa2]D[0xffffffce][0x1d][0x1c]&[0xffffff8a][0x14]%B[0xffffffee][0xffffffe0]0[0xffffffb1]$([0xffffff81][0xffffffde][0xffffffc1]![0x11][0xffffffcd][0xffffffa2]D[0xffffffd6][0x1d][0x1c][0xffffffbe]KiJ[0xffffffe4][0xffffffdc][0xffffffc1][0xffffffa1]M[0xffffffcb]Q[0xffffffe2][0xffffffaf][0xffffffef][0xffffffe0][0xffffffe8][0xffffffa7]y+[0xffffffd1]z[0xffffffc7](q[0xffffffe2]o%[0xffffffce][0xffffff80][0xffffffb7][0x12][0xffffffa7][0xffffffd2][0xffffffb9]0[0xffffffe0]'[0xfffffff6]V[0xffffffe2]Lz+[0xffffffa1]Qd([0xffffffe1][0x2][0xffffffc9]PBcYO[0xffffff89]5[0xffffff9c][0xffffffd5][0xffffff94]X#[0xffffff9a]D[0x9]S[0xffffff9e],%l[0xffffff97][0xffffffb2][0xffffff94]0[0xffffffd5][0xffffffca]QB[0xffffff9a][0xffffff96][0xffffffa2][0xffffff84][0x14][0xffffffef][0x6]%[0xffffffcc][0xffffffda]ek[0xfffffff3]8)J[0xffffffe0]k[0xffffff97]=`[0xffffffed][0xffffffb2][0xffffff9b]I[0xffffffb6][0xffffffc2][0xffffff80]ck[0xffffff97]]F[0xffffffd7]HJ[0xffffff84][0xffffffac]][0xffffffda]@2[0xffffff94][0x8]X[0xffffffbb][0xffffff94]pVS"x[0xffffffed][0xffffffd2][0xffffff95]'K[0xffffff89][0xffffffbc][0xffffffb5]KW[0xffffffad][0x1c]%R[0xffffffd6].[0xffffffb5]x[0xffffffff][0xffffff9c][0x12][0xffffff87];[0xffffffc1][0xffffffd1][0xffffffaf][0xffffff9b]:[0xffffffc1]q[0xffffffe0]'8[0xffffff8e][0xffffff80][0x13][0x1c][0xffffff87][0xfffffff9][0xffffffcc][0xffffffb8].[0xffffffe0][0x7]v[0xffffff82][0xffffffe3][0xffffff90][0xf][0xffffff89]AJ[0xffffff98]("[0xffffff94][0xffffffb0][0xffffff81]D(abYN[0x9][0x9]g1%$[0xffffffa2]A[0xffffff94]p[0xffffffe5][0xffffff89]R[0xffffffc2]w)J[0x9]W[0xffffffad][0x18]%[0xffffffb4]i!Jh[0xfffffff1]nP[0xffffffc2][0xffffff9d][0xffffffe0][0xffffffe8][0xfffffff7][0xffffff81]Q[0x2]?[0xffffffc1]q[0x4][0xffffff9c][0xffffffe0]8[0xffffffcc]g[0xffffffc6][0xffffff85][0x1][0xffffffc7]Np[0x1c][0xfffffff2]!1I[0xffffff89][0xffffff90][0x13][0x1c]6[0xffffff90][0xc]%[0x2]NpH8[0xffffffab])[0x11]|[0xffffff82][0xffffffc3][0xffffff95]'K[0xffffff89][0xffffffbc][0x13][0x1c][0xffffffae]Z9J[0xffffffa4][0xffffff9c][0xffffffe0][0xffffffd0][0xffffffe2][0xffffffdd][0xffffffa0][0xffffff84];[0xffffffc1]q[0xffffffb4]A[0xffffffad]][0x1e][0xfffffff8][0x9][0xffffff8e]#[0xffffffe0][0x4][0xffffffc7]a>3.[0xc]8v[0xffffff82][0xffffffe3][0xffffff90][0xf][0xffffff89]IJ[0xffffff84][0xffffff9c][0xffffffe0][0xffffffb0][0xffffff81]d([0x11]p[0xffffff82]C[0xffffffc2]YM[0xffffff89][0xffffffe0][0x13][0x1c][0xffffffae]<YJ[0xffffffe4][0xffffff9d][0xffffffe0]p[0xffffffd5][0xffffffca]Q"[0xffffffe5][0x4][0xffffff87][0x16][0xffffffef][0x16]%z[0x18]%[0xffffffe0];8[0xffffffbe][0xffffff9e][0xffffff80][0xffffffa7][0x4]x[0x7][0xffffffc7][0xffffffd7][0xffffffaf]S[0xffffff94][0xffffffc8][0xffffffb9][0xffffff83][0xffffffc3]D[0xffffff91][0xffffffa2]D[0xffffffc8][0x1d][0x1c]&[0xffffff96][0x4]%[0xffffffd0];8$[0xffffffa2]Y[0xffffff94][0xffffffc8][0xffffffba][0xffffff83][0xffffffc3]w)M[0xffffff89][0xffffff9c];8[0xffffffb4]i9J[0xfffffffc][0xfffffff5][0x1d][0x1c][0xffffff87];[0xc][0xffffffca]R[0x2]>[0xc]z[0x4][0x1c][0x6]=[0xffffffcc][0xffffff89][0xffffffa5][0xffffffd2][0xffffff80]C[0xffffff87]A[0xf]9[0xffffff93][0xffffffc4]R"[0xffffffe2]0[0xffffffa8][\r]$E[0x9][0xfffffffc]0[0xffffffa8][0xffffff84][0xffffffb3][0xffffff9e][0x12][0xffffffb1][0xffffff87]A]y[0xffffffd2][0xffffff94]H;[0xc][0xffffffea][0xffffffaa][0xffffff95][0xffffffa4]D[0xffffffc6]aP-[0xffffffde]-J[0xffffffb4];[0xffffffcc][0x12][0xffffffed][0xffffffc6]1[0xfffffff1][0xfffffff1][0x8][0xffffffbc]&~<[0x4][0xffffffc5][0xffffff89][0xffffff8f][0xffffff9f][0xffffffa7]<[0xfffffff1][0xfffffffd][0xffffffd3])[0xffffffa0][0xffffff90]<R[0xffffffa2]0[0xffffffa9][0xffffffa4]H![0xffffffd9]$L[0xffffffb1]$[0xffffffb4][0x1e][0x15]KN[0xffffffb3]T[0xffffffa1]5J[0xffffffb3][0xffffffc2][0xffffffb5]*[0xffffffed][\n]"
08:17:55.127 [TestNG-PoolService-3] DEBUG org.apache.hc.client5.http.wire -- http-outgoing-4 << "-Y[0x12][0x16]k[0xffffffe7]r[0xffffffb2]X+x[0xffffff8b][0x16]}[0xffffff84][0xffffffd1][0xffffffa2][0xf][0xffffff9c][0x16][0x1f][0xffffff8f][0xffffffc0][0xffffffd3][0xffffffe2][0xffffffc7]CP[0xffffffb4][0xfffffff8][0xfffffff8]y[0xffffff8a][0x16][0xffffffdf]?[0xffffff9d]B[0xb][0xffffffc9]#E[0xb][0xffffff93]J[0xffffff8a][0x16][0xffffff92]M[0xffffff82][0x16]KB[0xffffffeb]i[0xffffffb1][0xffffffe4]4[0xffffff8b][0x16]Z[0xffffffa3]4-\[0xffffffab][0xffffffd2][0xffffffb4][0xffffffd0][0xffffff92]%i[0xffffffb1]v.G[0xffffff8b][0xffffffb5][0xffffff82][0xffffffb7]hq[0x1e]a[0xffffffb4]8[0xf][0xffffff9c][0x16][0x1f][0xffffff8f][0xffffffc0][0xffffffd3][0xffffffe2][0xffffffc7]CP[0xffffffb4][0xfffffff8][0xfffffff8]y[0xffffff8a][0x16][0xffffffdf]?[0xffffff9d]B[0xb][0xffffffc9]#E[0xb][0xffffff93]J[0xffffff8a][0x16][0xffffff92]M[0xffffff82][0x16]KB[0xffffffeb]i[0xffffffb1][0xffffffe4]4[0xffffff8b][0x16]Z[0xffffffa3]4-\[0xffffffab][0xffffffd2][0xffffffb4][0xffffffd0][0xffffff92]%i[0xffffffb1]v.G[0xffffff8b][0xffffffb5][0xffffff82][0xffffffb7]hq[0xffffffa5][0xfffffffd]A[0xffffffe4][0xffffffe2][0xffffffff] r%[0xfffffffc]A[0xffffffe4]b[0xffffffff] rq[0x7f][0x10][0xffffffb9][0xffffffa2][0xfffffffe] "y[0xffffffa4]haRI[0xffffffd1]B[0xffffffb2]I[0xffffffd0][0xffffffe2][0xffffffa2][0xffffffff] r%[0xffffffff]ADk[0xffffff94][0xffffffa6][0xffffff85]kU[0xffffff9a][0x16]Z[0xffffffb2]$-[0xffffffd6][0xffffffce][0xffffffe5]h[0xffffffb1]V[0xfffffff0][0x16]-[0xffffffee][0xffffffb4]# 7[0x7f][0x6][0xffffffe4]N8[0x4]r[0xffffffb3][0xffffffa7]@n[0xffffffee][0x18][0xffffffc8][0x1d]u[0xe]D[0xfffffff2]H[0xffffffd1][0xffffffc2][0xffffffa4][0xffffff92][0xffffffa2][0xffffff85]d[0xffffff93][0xffffffa0][0xffffffc5]M[0xffffff9f][0x5][0xffffffb9][0xffffff93][0xf][0xffffff83]h[0xffffff8d][0xffffffd2][0xffffffb4]p[0xffffffad]J[0xffffffd3]BK[0xffffff96][0xffffffa4][0xffffffc5][0xffffffda][0xffffffb9][0x1c]-[0xffffffd6][\n]"
08:17:55.127 [TestNG-PoolService-3] DEBUG org.apache.hc.client5.http.wire -- http-outgoing-4 << "[0xffffffde][0xffffffa2][0xffffffc5][0xfffffff3][0xffffff84][0xffffffd1][0xffffffe2]ypZ|<[0x2]O[0xffffff8b][0x1f][0xf]A[0xffffffd1][0xffffffe2][0xffffffe3][0xffffffe7])Z|[0xffffffff]t[\n]"
08:17:55.127 [TestNG-PoolService-3] DEBUG org.apache.hc.client5.http.wire -- http-outgoing-4 << "-$[0xffffff8f][0x14]-L*)ZH6[0x9]Z,[0x9][0xffffffad][0xffffffa7][0xffffffc5][0xffffff92][0xffffffd3],Zh[0xffffff8d][0xffffffd2][0xffffffb4]p[0xffffffad]J[0xffffffd3]BK[0xffffff96][0xffffffa4][0xffffffc5][0xffffffda][0xffffffb9][0x1c]-[0xffffffd6][\n]"
08:17:55.127 [TestNG-PoolService-3] DEBUG org.apache.hc.client5.http.wire -- http-outgoing-4 << "[0xffffffde][0xffffffa2][0xffffffc5][0xffffff9c]a[0xffffffb4][0xffffff98][0x13][0xffffffa7][0xffffffc5][0xffffffc7]#[0xfffffff0][0xffffffb4][0xfffffff8][0xfffffff1][0x10][0x14]->~[0xffffff9e][0xffffffa2][0xffffffc5][0xfffffff7]O[0xffffffa7][0xffffffd0]B[0xfffffff2]H[0xffffffd1][0xffffffc2][0xffffffa4][0xffffff92][0xffffffa2][0xffffff85]d[0xffffff93][0xffffffa0][0xffffffc5][0xffffff92][0xffffffd0]zZ,9[0xffffffcd][0xffffffa2][0xffffff85][0xffffffd6](M[0xb][0xffffffd7][0xffffffaa]4-[0xffffffb4]dIZ[0xffffffac][0xffffff9d][0xffffffcb][0xffffffd1]b[0xffffffad][0xffffffe0]-Z[0xffffffb4][0xffffff96]f[0xffffff8b][0xffffff8f]'[0xffffffc2]q[0xfffffff1][0xfffffff9][0xc][0xffffffbc].~>[0x5][0xffffffc5][0xffffff8b][0xffffffcf][0xffffffdf][0xffffffa7]|[0xfffffff1][0xffffffe3][0xffffffb7]S[0xffffff80][0xffffffa1][0xffffffa1][0xffffffa4][0xffffff84][0xffffffe1][0xffffffa2]I[0x11]C[0x3]J[0x18]c[0xffffff8d]i=2[0xffffffd6][0xffffffb0]f)[0xffffffc3][0x14]*[0xffffffcd][0xc][0xffffffdb][0xffffffaf][0xffffffb4]3L[0xffffffdd][0xffffff92][0xffffffd0][0xffffff90][0xfffffff6][0xffffffe5][0xffffffa4]!e[0xfffffffc]'[0xffffffd4]x[0xffffffbe][0xffffffff][0x15]w[0xffffffe9][0xfffffff9]q_[0xffffffa3][0x1c][0x1a][0xffffffbf][0xffffff9f][0xffffff87]b[0xffffffc6]?[0xffffff9e][0x0]C[0xffffffc6][0xfffffff2][0xc][0xffffffc5][0xffffffc4][0xfffffff8][0xffffffc7][0xffffffaf][0x17][0x3][0xffffffe3][0x7f][0x7f][0x19][0xffffffe6][0xffffffc5][0xffffffdb]([0x16][0xffffffe3][0xffffffe2]_[0x2]YL[0xffffff8b][0xffffffb7][0xffffffb1],[0xffffff84][0xffffffc5][0xffffff9b]p[0xffffff96][0xffffffb1][0xffffffe2]MD#P[0xfffffff1][0xffffffbe]<!R[0xfffffffc][[0xffffff97]B[0xffffffa0]x_[0xffffffad][0x0]'[0xffffffde]5m9&[0xffffffde][0x15][0xffffffef][0x6]%[0x1e]C[0xffffff89][0xffffffeb][0xfffffff5][0xffffffba](J<8%[0xffffff9e][0x0]J<[0xffffff9a][0xfffffff7][0xffffffc2][0xffffff80]?[0x18]%[0xffffff9e]$Jh[0x14][0x19]J[0xffffffb8]@2[0xffffff94][0xffffffd0]X[0xffffffd6]Sb[\r]g5%[0xffffffd6][0xffffff88]&Q[0xffffffc2][0xffffff94]'K[0x9][0xffffffdb][0xffffffa5],%L[0xffffffb5]r[0xffffff94][0xffffff90][0xffffffa6][0xffffffa5](![0xffffffc5][0xffffffbb]A[0xffffff89][0xffffffe9]([0xffffffd1][0xffffffe6][0xffffff8b][0xffffffa2][0xffffffc4][0xffffffc4])1[0x3](15[0xffffffef][0xffffff85][0x1][0xffffff9f][0x18]%f[0x12]%4[0xffffff8a][0xc]%\ [0x19]Jh,[0xffffffeb])[0xffffffb1][0xffffff86][0xffffffb3][0xffffff9a][0x12]kD[0xffffff93](a[0xffffffca][0xffffff93][0xffffffa5][0xffffff84][0xffffffed]R[0xffffff96][0x12][0xffffffa6]Z9JH[0xffffffd3]R[0xffffff94][0xffffff90][0xffffffe2][0xfffffffd]sJ[0xffffff9c]/G[0xffffff89][0xffffffeb]k&[0xffffff8b][0xffffffa0][0xffffffc4][0xffffffe7][0xfffffff3][0xffffffb0][0xffffff94][0xfffffff8]z[0x2][0xffffff98][0x12][0xffffffbf][0xffffff9e][0x1][0xffffffa1][0xffffffc4][0xffffffd7][0xffffffaf]#[0xffffff94][0xfffffff8][0xfffffff9][0xffffffcb][0x11][0xffffff94]0QD(a[0x3][0xffffff89]P[0xffffffc2][0xffffffc4][0xffffffb2][0xffffff9c][0x12][0x12][0xffffffce]bJHD[0xffffff83]([0xffffffe1][0xffffffca][0x13][0xffffffa5][0xffffff84][0xffffffef]R[0xffffff94][0x12][0xffffffae]Z1Jh[0xffffffd3]B[0xffffff94][0xffffffd0][0xffffffe2][0xffffffdd][0xffffffa0]Ds[0xffffff94][0x18][0xffffffad]S[0xffffff94]h8%Z[0x0]%[0xffffff9a][0xffffffe6][0xffffffbd]0[0xffffffe0][\r][0xffffffa3]DK[0xffffffa2][0xffffff84]F[0xffffff91][0xffffffa1][0xffffff84][0xb]$C[0x9][0xffffff8d]e=%[0xffffffd6]pVSb[0xffffff8d]h[0x12]%Ly[0xffffffb2][0xffffff94][0xffffffb0]][0xffffffca]R[0xffffffc2]T+G[0x9]iZ[0xffffff8a][0x12]R[0xffffffbc][0x1b][0xffffff94][0xffffffe8][0xffffff8e][0x12][0xfffffff7][0xffffffc4][0xffffffde]Jt[0xffffff9c][0x12]=[0xffffff80][0x12]][0xfffffff3]^[0x18][0xfffffff0][0xffffff8e]Q[0xffffffa2]'QB[0xffffffa3][0xffffffc8]P[0xffffffc2][0x5][0xffffff92][0xffffffa1][0xffffff84][0xffffffc6][0xffffffb2][0xffffff9e][0x12]k8[0xffffffab])[0xffffffb1]F4[0xffffff89][0x12][0xffffffa6]<YJ[0xffffffd8].e)a[0xffffffaa][0xffffff95][0xffffffa3][0xffffff84]4-E[0x9])[0xffffffde][\r]J[0x1c][0xffffff86][0x12][0xffffffa3][0xffffffbf][0xffffffa8][0x13][0x1c][0xffffff9f][0xffffffcf][0x3]S[0xffffffe2][0x8][0xffffffa0][0xffffffc4][0xffffffa1]y/[0xc][0xfffffff8][0xffffff81]Q[0xffffffe2]H[0xffffffa2][0xffffff84]F[0xffffff91][0xffffffa1][0xffffff84][0xb]$C[0x9][0xffffff8d]e=%[0xffffffd6]pVSb[0xffffff8d]h[0x12]%Ly[0xffffffb2][0xffffff94][0xffffffb0]][0xffffffca]R[0xffffffc2]T+G[0x9]iZ[0xffffff8a][0x12]R[0xffffffbc][0x1b][0xffffff94]p[0xffffff87]A[0xffffffc7][0xffffffd9][0xffffffa8][0xffffffcf].O[0xfffffffc]0[0xffffffe8][0x19]p[0x18][0xfffffff4]4'[0xffffff96][\n]"
08:17:55.127 [TestNG-PoolService-3] DEBUG org.apache.hc.client5.http.wire -- http-outgoing-4 << "[0x3][0xffffff8e][0x1d][0x6]=[0xffffffe5]L[0x12]I[0xffffff89][0xffffff90][0xffffffc3][0xffffffa0]6[0xffffff90][0xc]%[0x2][0xe][0xffffff83]J8[0xffffffab])[0x11]|[0x18][0xffffffd4][0xffffff95]'K[0xffffff89][0xffffffbc][0xffffffc3][0xffffffa0][0xffffffae]Z9J[0xffffffa4][0x1c][0x6][0xffffffd5][0xffffffe2][0xffffffdd][0xffffffa0][0xffffffc4]c(q[0x1f][0x7]F[0xffffff89][0x7][0xffffffa7][0xffffffc4][0x13]@[0xffffff89]G[0xfffffff3]^[0x18][0xfffffff0][0x7][0xffffffa3][0xffffffc4][0xffffff93]D[0x9][0xffffff8d]"C[0x9][0x17]H[0xffffff86][0x12][0x1a][0xffffffcb]zJ[0xffffffac][0xffffffe1][0xffffffac][0xffffffa6][0xffffffc4][0x1a][0xffffffd1]$J[0xffffff98][0xfffffff2]d)a[0xffffffbb][0xffffff94][0xffffffa5][0xffffff84][0xffffffa9]V[0xffffff8e][0x12][0xffffffd2][0xffffffb4][0x14]%[0xffffffa4]x[0xffffffff][0xffffff9c][0x12][0xffffff97];[0xffffffc1]q?[0xffffff93][0xfffffffa][0xffffffec][0xfffffff2][0xffffffc2]Op\[0x1]'8.[0xfffffff3][0xffffff99]q][0xffffffc0]/[0xffffffec][0x4][0xffffffc7]%[0x1f][0x12][0xffffff83][0xffffff94]0QD(a[0x3][0xffffff89]P[0xffffffc2][0xffffffc4][0xffffffb2][0xffffff9c][0x12][0x12][0xffffffce]bJHD[0xffffff83]([0xffffffe1][0xffffffca][0x13][0xffffffa5][0xffffff84][0xffffffef]R[0xffffff94][0x12][0xffffffae]Z1Jh[0xffffffd3]B[0xffffff94][0xffffffd0][0xffffffe2][0xffffffdd][0xffffffa0][0xffffff84];[0xffffffc1][0xfffffff1][0xfffffff4][0xffffffe3][0xffffffa6]([0xffffff81][0xffffff9f][0xffffffe0][0xffffffb8][0x2]Np\[0xffffffe6]3[0xffffffe3][0xffffffc2][0xffffff80]c'8.[0xfffffff9][0xffffff90][0xffffff98][0xffffffa4]D[0xffffffc8][0x9][0xe][0x1b]H[0xffffff86][0x12][0x1]'8$[0xffffff9c][0xffffffd5][0xffffff94][0x8]>[0xffffffc1][0xffffffe1][0xffffffca][0xffffff93][0xffffffa5]D[0xffffffde][0x9][0xe]W[0xffffffad][0x1c]%RNph[0xfffffff1]nP[0xffffffc2][0xffffff9d][0xffffffe0]x[0xfffffffa][0xffffffd7][0xffffff95]`[0x8]%[0xfffffff0][0x13][0x1c]W[0xffffffc0][0x9][0xffffff8e][0xffffffcb]|f\[0x18]p[0xffffffec][0x4][0xffffffc7]%[0x1f][0x12][0xffffff93][0xffffff94][0x8]9[0xffffffc1]a[0x3][0xffffffc9]P"[0xffffffe0][0x4][0xffffff87][0xffffff84][0xffffffb3][0xffffff9a][0x12][0xffffffc1]'8\y[0xffffffb2][0xffffff94][0xffffffc8];[0xffffffc1][0xffffffe1][0xffffffaa][0xffffff95][0xffffffa3]D[0xffffffca][0x9][0xe]-[0xffffffde][\r]J[0xffffffb8][0x13][0x1c][0xffffffcf][0xfffffff1][0xffffffc2][0xfffffffe][0xffffffc0][0xffffff81][0xffffff9f][0xffffffe0][0xffffffb8][0x2]Np\[0xffffffe6]3[0xffffffe3][0xffffffc2][0xffffff80]c'8.[0xfffffff9][0xffffff90][0xffffff98][0xffffffa4]D[0xffffffc8][0x9][0xe][0x1b]H[0xffffff86][0x12][0x1]'8$[0xffffff9c][0xffffffd5][0xffffff94][0x8]>[0xffffffc1][0xffffffe1][0xffffffca][0xffffff93][0xffffffa5]D[0xffffffde][0x9][0xe]W[0xffffffad][0x1c]%RNph[0xfffffff1]nP[0xffffffc2][0xffffff9d][0xffffffe0]x[0xffffff8e][0x3][0xffffffa3][0x4]~[0xffffff82][0xffffffe3][\n]"
08:17:55.127 [TestNG-PoolService-3] DEBUG org.apache.hc.client5.http.wire -- http-outgoing-4 << "8[0xffffffc1]q[0xffffff99][0xffffffcf][0xffffff8c][0xb][0x3][0xffffff8e][0xffffff9d][0xffffffe0][0xffffffb8][0xffffffe4]Cb[0xffffff92][0x12]!'8l [0x19]J[0x4][0xffffff9c][0xffffffe0][0xffffff90]pVS"[0xfffffff8][0x4][0xffffff87]+O[0xffffff96][0x12]y'8\[0xffffffb5]r[0xffffff94]H9[0xffffffc1][0xffffffa1][0xffffffc5][0xffffffbb]A[0xffffff89][0xffffffcb]R[0xffffff82][0xfffffffb][0x3][0xffffffc7][0xffffff85]S[0xffffffe2][\n]"
08:17:55.128 [TestNG-PoolService-3] DEBUG org.apache.hc.client5.http.wire -- http-outgoing-4 << "[0xffffffa0][0xffffffc4][0xffffffa5]y/[0xc][0xfffffff8][0xffffff85]Q[0xffffffe2]J[0xffffffa2][0xffffff84]F[0xffffff91][0xffffffa1][0xffffff84][0xb]$C[0x9][0xffffff8d]e=%[0xffffffd6]pVSb[0xffffff8d]h[0x12]%Ly[0xffffffb2][0xffffff94][0xffffffb0]][0xffffffca]R[0xffffffc2]T+G[0x9]iZ[0xffffff8a][0x12]R[0xffffffbc][[0xffffff94][0xffffffe8]a[0xffffff94][0xffffffe8]8%z[0x0]%:J[0xffffff89][0xffffff8e]Q[0xffffffa2]'Qb[0xffffff8d]"E[0x9][\r]$E[0xffffff89]5[0xffffff96][0x4]%:L[0xffffff89][0x1e]L[0x9])O[0xffffff9a][0x12][0xffffffa6]KiJH[0xffffffb5][0xffffff92][0xffffff94][0xffffffe8])[0xffffff94][0xffffffe8][0x7f]M[0xffffff89][0xffffffe1](q[0xffffff9d][0xf]E[0xffffff89][0xffffff81]Sb[0x4]Pbh[0xffffffde][0xb][0x3]>0J[0xffffff8c]$Jh[0x14][0x19]J[0xffffffb8]@2[0xffffff94][0xffffffd0]X[0xffffffd6]Sb[\r]g5%[0xffffffd6][0xffffff88]&Q[0xffffffc2][0xffffff94]'K[0x9][0xffffffdb][0xffffffa5],%L[0xffffffb5]r[0xffffff94][0xffffff90][0xffffffa6][0xffffffa5](![0xffffffc5][0xffffffbb]A[0x9]w[0xffffffc9][0xfffffff8][0x1c][0x7]F[0x9][0xfffffffc][0xffffff92][0xfffffff1]+[0xffffffe0][0xffffff92][0xfffffff1][0xffffffcb][0xffffffdc][0xffffff84][[0x18]p[0xffffffec][0xffffff92][0xfffffff1]K[0xffffffee][0xffffffba]%)[0x11]r[0xffffffc9][0xffffffb8][\r]$C[0xffffff89][0xffffff80]K[0xffffffc6]%[0xffffff9c][0xffffffd5][0xffffff94][0x8][0xffffffbe]d[0xffffffdc][0xffffff95]'K[0xffffff89][0xffffffbc]K[0xffffffc6]][0xffffffb5]r[0xffffff94]H[0xffffffb9]d\[0xffffff8b][0xfffffff7][0xffffffcf])1[0xffffffdc]D[0xffffffd5][0xffffffbc];[0xffffffb5]v9[0xfffffff0][0xffffff89][0xffffffaa][0x11]0Q5[0xffffffcc][0xffffff8e]J][0xffffffc0][0x7]6Q5d)[0x5][0xffffffa4][0xffffff84][0xffffff89]"B[0x9][0x1b]H[0xffffff84][0x12]&[0xffffff96][0xffffffe5][0xffffff94][0xffffff90]p[0x16]SB"[0x1a]D[0x9]W[0xffffff9e](%|[0xffffff97][0xffffffa2][0xffffff94]p[0xffffffd5][0xffffff8a]QB[0xffffff9b][0x16][0xffffffa2][0xffffff84][0x16][0xffffffef][0x6]%[0xffffffcc][0xffffffae]D[0x7f]q[0xffffffc3][0xffffffd9][0x3][0xffffffdf][0xffffff95][0x18][0x1][0xffffffbb][0x12][0xffffffc3][0x1c]~.[0xc]8[0xffffffb6]+1[0xffffffe4]x3I[0xffffff89][0xffffff90]][0x9][0x1b]H[0xffffff86][0x12][0x1][0xffffffbb][0x12][0x12][0xffffffce]jJ[0x4][0xffffffef]J[0xffffffb8][0xfffffff2]d)[0xffffff91][0xffffffb7]+[0xffffffe1][0xffffffaa][0xffffff95][0xffffffa3]D[0xffffffca][0xffffffae][0xffffff84][0x16][0xffffffef][0x6]%[0xffffffcc]a[0xffffffd0][0xfffffffe][0xffffff9a]G[0xffffffa3]([0xffffff81][0x1f][0x6][0x1d][0x1][0xffffff87]A[0xffffff87]9[0xffffffb1]T[0x18]p[0xffffffec]0[0xffffffe8][0xffffff90]3I$%B[0xe][0xffffff83][0xffffffda]@2[0xffffff94][0x8]8[0xc]*[0xffffffe1][0xffffffac][0xffffffa6]D[0xfffffff0]aPW[0xffffff9e],%[0xfffffff2][0xe][0xffffff83][0xffffffba]j[0xffffffe5]([0xffffff91]r[0x18]T[0xffffff8b]w[0xffffff83][0x12][0xffffffe6]0ho}b[0xffffff94][0xffffffc0][0xf][0xffffff83][0xffffff8e][0xffffff80][0xffffffc3][0xffffffa0][0xffffffc3][0xffffff9c]X*[0xc]8v[0x18]t[0xffffffc8][0xffffff99]$[0xffffff92][0x12]![0xffffff87]Am [0x19]J[0x4][0x1c][0x6][0xffffff95]pVS"[0xfffffff8]0[0xffffffa8]+O[0xffffff96][0x12]y[0xffffff87]A][0xffffffb5]r[0xffffff94]H9[0xc][0xffffffaa][0xffffffc5][0xffffffbb]A[0xffffff89][0xffffffdb]Q[0xffffffe2][0xffffff98][0xffffffd4]g[0xffffff97][0xffffff9f][0xffffffcf][0x3]S[0xffffffe2][0xe][0xffffffa0][0xffffffc4][0xffffffad]y/[0xc][0xfffffff8][0xffffff8d]Q[0xffffffe2]N[0xffffffa2][0xffffff84]F[0xffffff91][0xffffffa1][0xffffff84][0xb]$C[0x9][0xffffff8d]e=%[0xffffffd6]pVSb[0xffffff8d]h[0x12]%Ly[0xffffffb2][0xffffff94][0xffffffb0]][0xffffffca]R[0xffffffc2]T+G[0x9]iZ[0xffffff8a][0x12]R[0xffffffbc][0x1b][0xffffff94]x[0x1c]%N[0xffffffec]:[0xffffffaf][0xffffffcf][0xffffffe7][0xffffff81])[0xfffffff1][0x4]P[0xffffffe2][0xffffffd1][0xffffffbc][0x17][0x6][0xfffffffc][0xffffffc1]([0xfffffff1]$QB[0xffffffa3][0xffffffc8]P[0xffffffc2][0x5][0xffffff92][0xffffffa1][0xffffff84][0xffffffc6][0xffffffb2][0xffffff9e][0x12]k8[0xffffffab])[0xffffffb1]F4[0xffffff89][0x12][0xffffffa6]<YJ[0xffffffd8].e)a[0xffffffaa][0xffffff95][0xffffffa3][0xffffff84]4-E[0x9])[0xffffffde]?[0xffffffa7][0xffffffc4]mNp[0xfffffff4]6[0xffffffae][0x13][0xffffffa2][0xffffffc4][0xffffff8d][0xffffff9f][0xffffffe0][0xffffffb8][0x3]Np[0xffffffdc][0xffffffe6]3[0xffffffe3][0xffffffba][0xffffff80][0xffffffdf][0xffffffd8][0x9][0xffffff8e][>$[0x6])a[0xffffffa2][0xffffff88]P[0xffffffc2][0x6][0x12][0xffffffa1][0xffffff84][0xffffff89]e9%$[0xffffff9c][0xffffffc5][0xffffff94][0xffffff90][0xffffff88][0x6]Q[0xffffffc2][0xffffff95]'J[0x9][0xffffffdf][0xffffffa5](%\[0xffffffb5]b[0xffffff94][0xffffffd0][0xffffffa6][0xffffff85]([0xffffffa1][0xffffffc5][0xffffffbb]A[0x9]s[0xffffffc9]xo[0xfffffff3][0xffffffa2][0xffffffde]J[0xffffffdc][0xfffffff8]%[0xffffffe3]w[0xffffffc0]%[0xffffffe3][0xffffffb7][0xffffffb9][0x9][0xffffffb7]0[0xffffffe0][0xffffffd8]%[0xffffffe3][0xffffffb7][0xffffffdc]uKR"[0xffffffe4][0xffffff92]q[0x1b]H[0xffffff86][0x12][0x1][0xffffff97][0xffffff8c]K8[0xffffffab])[0x11]|[0xffffffc9][0xffffffb8]+O[0xffffff96][0x12]y[0xffffff97][0xffffff8c][0xffffffbb]j[0xffffffe5]([0xffffff91]r[0xffffffc9][0xffffffb8][0x16][0xffffffef][0x6]%[0xffffffdc]a[0xffffffd0][0xffffffde].[0xffffffea][0xffffffb3][0xffffffcb][0x1b]?[0xc]z[0x7][0x1c][0x6][0xffffffbd][0xffffffcd][0xffffff89][0xffffffa5][0xffffffc2][0xffffff80]c[0xffffff87]Ao9[0xffffff93]DR"[0xffffffe4]0[0xffffffa8][\r]$C[0xffffff89][0xffffff80][0xffffffc3][0xffffffa0][0x12][0xffffffce]jJ[0x4][0x1f][0x6]u[0xffffffe5][0xffffffc9]R"[0xffffffef]0[0xffffffa8][0xffffffab]V[0xffffff8e][0x12])[0xffffff87]A[0xffffffb5]x7(a.[0x19][0xffffffef][0xfffffffd][0xffffffc2]&[0xffffffaa]n[0xfffffffc][0xffffff92][0xfffffff1];[0xffffffe0][0xffffff92][0xfffffff1][0xffffffdb][0xffffffdc][0xffffff84][[0x18]p[0xffffffec][0xffffff92][0xfffffff1][[0xffffffee][0xffffffba]%)[0x11]r[0xffffffc9][0xffffffb8][\r]$C[0xffffff89][0xffffff80]K[0xffffffc6]%[0xffffff9c][0xffffffd5][0xffffff94][0x8][0xffffffbe]d[0xffffffdc][0xffffff95]'K[0xffffff89][0xffffffbc]K[0xffffffc6]][0xffffffb5]r[0xffffff94]H[0xffffffb9]d\[0xffffff8b]w[0xffffff83][0x12]nW[0xffffffa2][0xffffffdf][0xffffffd8][0x1d][0x1c]7[0xffffffbe]+q[0x7][0xffffffec]J[0xffffffdc][0xffffffe6][0xfffffff0]sa[0xffffffc0][0xffffffb1]][0xffffff89][[0xffffff8e]7[0xffffff93][0xffffff94][0x8][0xffffffd9][0xffffff95][0xffffffb0][0xffffff81]d([0x11][0xffffffb0]+![0xffffffe1][0xffffffac][0xffffffa6]D[0xfffffff0][0xffffffae][0xffffff84]+O[0xffffff96][0x12]y[0xffffffbb][0x12][0xffffffae]Z9J[0xffffffa4][0xffffffec]Jh[0xfffffff1]nP[0xffffffc2][0xffffffed]J[0x1c][0xffffffed][0xffffffc4][0xffffffde]J[0xffffffe0][0xffffffbb][0x12]w[0xffffffc0][0xffffffae][0xffffffc4]m[0xe]?[0x17][0x6][0x1c][0xffffffdb][0xffffff95][0xffffffb8][0xffffffe5]x3I[0xffffff89][0xffffff90]][0x9][0x1b]H[0xffffff86][0x12][0x1][0xffffffbb][0x12][0x12][0xffffffce]jJ[0x4][0xffffffef]J[0xffffffb8][0xfffffff2]d)[0xffffff91][0xffffffb7]+[0xffffffe1][0xffffffaa][0xffffff95][0xffffffa3]D[0xffffffca][0xffffffae][0xffffff84][0x16][0xffffffef][0x6]%[0xffffff86][0xffffffa3][0xffffffc4][0xffffffd1][0xffffffb0][0xffffffcf].[0x7]N[0xffffff89][0x11]@[0xffffff89][0xffffffa1]y/[0xc][0xfffffff8][0xffffffc0](1[0xffffff92]([0xffffffa1]Qd([0xffffffe1][0x2][0xffffffc9]PBcYO[0xffffff89]5[0xffffff9c][0xffffffd5][0xffffff94]X#[0xffffff9a]D[0x9]S[0xffffff9e],%l[0xffffff97][0xffffffb2][0xffffff94]0[0xffffffd5][0xffffffca]QB[0xffffff9a][0xffffff96][0xffffffa2][0xffffff84][0x14][0xffffffef][0x6]%[0xffffffdc]D[0xffffffd5]q5[0xffffffec][0xffffffb3]K|[0xffffffa2][0xffffffea][0xe][0xffffff98][0xffffffa8][0xffffffba][0xffffffcd][0xffffff8e]Ja[0xffffffc0][0xffffffb1][0xffffff89][0xffffffaa][[0xffffff96]RHJ[0xffffff84]LT[0xffffffd9]@2[0xffffff94][0x8][0xffffff98][0xffffffa8][0xffffff92]pVS"x[0xffffffa2][0xffffffca][0xffffff95]'K[0xffffff89][0xffffffbc][0xffffff89]*W[0xffffffad][0x1c]%R&[0xffffffaa][0xffffffb4]x7([0xfffffff1]8J[0xffffff8c][0x7][0xfffffffb][0x3][0xffffffc7][0xffffff83]S[0xffffffe2][0x9][0xffffffa0][0xffffffc4][0xffffffa3]y/[0xc][0xfffffff8][0xffffff83]Q[0xffffffe2]I[0xffffffa2][0xffffff84]F[0xffffff91][0xffffffa1][0xffffff84][0xb]$C[0x9][0xffffff8d]e=%[0xffffffd6]pVSb[0xffffff8d]h[0x12]%Ly[0xffffffb2][0xffffff94][0xffffffb0]][0xffffffca]R[0xffffffc2]T+G[0x9]iZ[0xffffff8a][0x12]R[0xffffffbc][0x1b][0xffffff94][0xffffff98][0xffffff8e][0x12]O[0xffffff9b][0x14]%&N[0xffffff89][0xffffffe9][0xffffffe2]_[0xffffff9c][0xfffffff7][0xffffffa9]y/[0xc][0xfffffff8][0xffffffc4](1[0xffffff93]([0xffffffa1]Qd([0xffffffe1][0x2][0xffffffc9]PBcYO[0xffffff89]5[0xffffff9c][0xffffffd5][0xffffff94]X#[0xffffff9a]D[0x9]S[0xffffff9e],%l[0xffffff97][0xffffffb2][0xffffff94]0[0xffffffd5][0xffffffca]QB[0xffffff9a][0xffffff96][0xffffffa2][0xffffff84][0x14][0xffffffef][0xffffff9f]S[0xffffffe2]qk[0xffffff97][0xffffffc7]s[0xf][0xffffff88][0x12][0xf][0xffffffbe]v[0xfffffff9][0x4][0xffffffac]]]]><![CDATA[>f[0xffffff92][0xffffffad].[0xffffffe0][0xf][0xffffffb6]v[0xfffffff9][0xffffffc8][0xffffffe8][0x1a]H[0x9][0x13]E[0xffffff84][0x12]6[0xffffff90][0x8]%L,[0xffffffcb])![0xffffffe1],[0xffffffa6][0xffffff84]D4[0xffffff88][0x12][0xffffffae]<QJ[0xfffffff8].E)[0xffffffe1][0xffffffaa][0x15][0xffffffa3][0xffffff84]6-D[0x9]-[0xffffffde][\r]J[0xffffffb8][0xffffffb5][0xffffffcb]cv[0xffffffea][[0xffffff89][0x7]_[0xffffffbb]|[0x2][0xffffffd6].[0x1f]3[0xffffffc9]V[0x18]pl[0xffffffed][0xfffffff2][0xffffff91][0xffffffd1]5[0xffffff92][0x12]!k[0xffffff97]6[0xffffff90][0xc]%[0x2][0xffffffd6].%[0xffffff9c][0xffffffd5][0xffffff94][0x8]^[0xffffffbb]t[0xffffffe5][0xffffffc9]R"o[0xffffffed][0xffffffd2]U+G[0xffffff89][0xffffff94][0xffffffb5]K-[0xffffffde][\r]J[0xffffffb8][0xffffffb5][0xffffffcb]cbwp<[0xfffffff8][0xffffffda][0xffffffe5][0x13][0xffffffb0]v[0xfffffff9][0xffffff98]I[0xffffffb6][0xffffffc2][0xffffff80]ck[0xffffff97][0xffffff8f][0xffffff8c][0xffffffae][0xffffff91][0xffffff94][0x8]Y[0xffffffbb][0xffffffb4][0xffffff81]d([0x11][0xffffffb0]v)[0xffffffe1][0xffffffac][0xffffffa6]D[0xfffffff0][0xffffffda][0xffffffa5]+O[0xffffff96][0x12]yk[0xffffff97][0xffffffae]Z9J[0xffffffa4][0xffffffac]]j[0xfffffff1]nP[0xffffffc2][0xffffffad]][0x1e]sb[0x7f][0xffffffe0][0xffffffc0][0xffffffd7].[0xffffff9f][0xffffff80][0xffffffb5][0xffffffcb][0xffffffc7]L[0xffffffb2][0x15][0x6][0x1c][[0xffffffbb]|dt[0xffffff8d][0xffffffa4]D[0xffffffc8][0xffffffda][0xffffffa5][\r]$C[0xffffff89][0xffffff80][0xffffffb5]K[0x9]g5%[0xffffff82][0xffffffd7].]y[0xffffffb2][0xffffff94][0xffffffc8][[0xffffffbb]t[0xffffffd5][0xffffffca]Q"e[0xffffffed]R[0xffffff8b]w[0xffffff83][0x12]n[0xffffffa2][0xffffffea]<[0xffffffb9][0xffffffb7][0x12][0xfffffff8]D[0xffffffd5][0x13]0Q[0xfffffff5][0xffffff98][0x1d][0xffffff95][0xffffffc2][0xffffff80]c[0x13]U[0xffffff8f],[0xffffffa5][0xffffff90][0xffffff94][0x8][0xffffff99][0xffffffa8][0xffffffb2][0xffffff81]d([0x11]0Q%[0xffffffe1][0xffffffac][0xffffffa6]D[0xfffffff0]D[0xffffff95]+O[0xffffff96][0x12]y[0x13]U[0xffffffae]Z9J[0xffffffa4]LTi[0xfffffff1]nP[0xffffffc2][0xffffffed]J\[0x1f][0xffffffff][0xffffffa1]([0xffffff81][0xffffffef]J<[0x1][0xffffffbb][0x12][0xffffff8f]9[0xfffffffc]\[0x18]plW[0xffffffe2][0xffffff91][0xffffffe3][0xffffffcd]$%Bv%l [0x19]J[0x4][0xffffffec]JH8[0xffffffab])[0x11][0xffffffbc]+[0xffffffe1][0xffffffca][0xffffff93][0xffffffa5]D[0xffffffde][0xffffffae][0xffffff84][0xffffffab]V[0xffffff8e][0x12])[0xffffffbb][0x12]Z[0xffffffbc][0x1b][0xffffff94]x[0x1c]%[0xffffffce][0x13]{+[0xfffffff1][0xffffffe0][0xffffff94]x[0x2]([0xfffffff1]h[0xffffffde][0xb][0x3][0xfffffffe]`[0xffffff94]x[0xffffff92]([0xffffffa1]Qd([0xffffffe1][0x2][0xffffffc9]PBcYO[0xffffff89]5[0xffffff9c][0xffffffd5][0xffffff94]X#[0xffffff9a]D[0x9]S[0xffffff9e],%l[0xffffff97][0xffffffb2][0xffffff94]0[0xffffffd5][0xffffffca]QB[0xffffff9a][0xffffff96][0xffffffa2][0xffffff84][0x14][0xffffffef][0x6]%[0xffffffdc][0xffffffae][0xffffffc4]u[0xffffffb7][0xffffff83][0xffffffa2][0x4][0xffffffbe]+[0xfffffff1][0x4][0xffffffec]J<[0xffffffe6][0xfffffff0]sa[0xffffffc0][0xffffffb1]][0xffffff89]G[0xffffff8e]7[0xffffff93][0xffffff94][0x8][0xffffffd9][0xffffff95][0xffffffb0][0xffffff81]d([0x11][0xffffffb0]+![0xffffffe1][0xffffffac][0xffffffa6]D[0xfffffff0][0xffffffae][0xffffff84]+O[0xffffff96][0x12]y[0xffffffbb][0x12][0xffffffae]Z9J[0xffffffa4][0xffffffec]Jh[0xfffffff1][0xfffffffe]9%[0xffffffa6];[0xc]:[0xffffffce][0xffffff87][0xffffffa2][0xffffffc4][0xffffffc4][0xf][0xffffff83][0xffffffce][0xffffff80][0xffffffc3][0xffffffa0][0xffffffd3][0xffffff9c]X[0xffffffaa][0xb][0xfffffff8][0xffffffc4][0xe][0xffffff83]N9[0xffffff93][0x4]R[0xffffffc2]D[0x11][0xffffffa1][0xffffff84][\r]$B[0x9][0x13][0xffffffcb]rJH8[0xffffff8b])![0x11][\r][0xffffffa2][0xffffff84]+O[0xffffff94][0x12][0xffffffbe]KQJ[0xffffffb8]j[0xffffffc5]([0xffffffa1]M[0xb]QB[0xffffff8b]w[0xffffff83][0x12][0xffffffee]0[0xffffffe8][0xffffffb8][0xf][0xffffffea][[0xffffff89][0xffffff89][0x1f][0x6][0xffffff9d][0x1][0xffffff87]A[0xffffffa7]9[0xffffffb1]T[0x18]p[0xffffffec]0[0xffffffe8][0xffffff94]3I$%B[0xe][0xffffff83][0xffffffda]@2[0xffffff94][0x8]8[0xc]*[0xffffffe1][0xffffffac][0xffffffa6]D[0xfffffff0]aPW[0xffffff9e],%[0xfffffff2][0xe][0xffffff83][0xffffffba]j[0xffffffe5]([0xffffff91]r[0x18]T[0xffffff8b]w[0xffffff83][0x12][0xffffffa7][0xffffffa1][0xffffffc4][0xffffffdd][0xffffffc6]EQ[0xffffffe2][0xffffffc4])q[0xffffffba][0xfffffff8][0x17][0xffffffe7][0xfffffffd][0xffffffd4][0xffffffbc][0x17][0x6][0xfffffffc][0xffffffc4](q&QB[0xffffffa3][0xffffffc8]P[0xffffffc2][0x5][0xffffff92][0xffffffa1][0xffffff84][0xffffffc6][0xffffffb2][0xffffff9e][0x12]k8[0xffffffab])[0xffffffb1]F4[0xffffff89][0x12][0xffffffa6]<YJ[0xffffffd8].e)a[0xffffffaa][0xffffff95][0xffffffa3][0xffffff84]4-E[0x9])[0xffffffde][\r]J[0xffffffb8][0xffffffc3][0xffffffa0]w[0x7f]a[0xffffff94][0xffffffc0][0xf][0xffffff83][0xffffffce][0xffffff80][0xffffffc3][0xffffffa0][0xffffffd3][0xffffff9c]X*[0xc]8v[0x18]t[0xffffffca][0xffffff99]$[0xffffff92][0x12]![0xffffff87]Am [0x19]J[0x4][0x1c][0x6][0xffffff95]pVS"[0xfffffff8]0[0xffffffa8]+O[0xffffff96][0x12]y[0xffffff87]A][0xffffffb5]r[0xffffff94]H9[0xc][0xffffffaa][0xffffffc5][0xffffffbb]A[0xffffff89]a)qa[0xffffff94][0x18]8%[0xffffff86][0xffffff8b][0x7f]q[0xffffffde][0xffffff87][0xffffffe6][0xffffffbd]0[0xffffffe0][0x3][0xffffffa3][0xffffffc4]H[0xffffffa2][0xffffff84]F[0xffffff91][0xffffffa1][0xffffff84][0xb]$C[0x9][0xffffff8d]e=%[0xffffffd6]pVSb[0xffffff8d]h[0x12]%Ly[0xffffffb2][0xffffff94][0xffffffb0]][0xffffffca]R[0xffffffc2]T+G[0x9]iZ[0xffffff8a][0x12]R[0xffffffbc][0x1b][0xffffff94]p[0xffffffbb][0x12][0xfffffff7][0xfffffff1][0xffffffa2][0xffffffd6].'[0xffffffbe]+1[0x3]v%[0xffffffa6]9[0xfffffffc]\[0x18]plWb[0xffffffca][0xfffffff1]f[0xffffff92][0x12]![0xffffffbb][0x12]6[0xffffff90][0xc]%[0x2]v%$[0xffffff9c][0xffffffd5][0xffffff94][0x8][0xffffffde][0xffffff95]p[0xffffffe5][0xffffffc9]R"oW[0xffffffc2]U+G[0xffffff89][0xffffff94]][0x9]-[0xffffffde][\r]J[0xffffffb8][0xffffffc3][0xffffffa0][0xfffffff7][0xffffffec][0xffffffd8]g[0xffffff97][0xfffffff8]a[0xffffffd0][0x19]p[0x18]t[0xffffff9a][0x13]K[0xffffff85][0x1][0xffffffc7][0xe][0xffffff83]N9[0xffffff93]DR"[0xffffffe4]0[0xffffffa8][\r]$C[0xffffff89][0xffffff80][0xffffffc3][0xffffffa0][0x12][0xffffffce]jJ[0x4][0x1f][0x6]u[0xffffffe5][0xffffffc9]R"[0xffffffef]0[0xffffffa8][0xffffffab]V[0xffffff8e][0x12])[0xffffff87]A[0xffffffb5]x[0xffffffff][0xffffff98][0x12][0xffffffe3][0xffffffe5].[0x19][0x7f][0x1a]E[0xffffff89][0xffffffaf][0xffffffe7]A)[0xfffffff1][0xfffffffd][0x4],%~?[0x3]A[0xffffff89][0xffffffef]_'([0xfffffff1][0xffffffeb][0xffffff97][0x13]([0xffffffe1][0xffffffa2]HP[0xffffffc2][0x7][0xffffff92][0xffffffa0][0xffffff84][0xffffff8b]e5%4[0xffffff9c][0xffffffb5][0xffffff94][0xffffffd0][0xffffff88][0xffffffe6]P[0xffffffc2][0xffffff96]'I[0xffffff89]7]JR[0xffffffc2]V+E[0x9][0xffffffd3][0xffffffb4][0xc]%L[0xfffffff1]nP[0xffffffc2][0xffffffed]J<[0xffffffd7]|(J[0xffffffd0][0xffffffbb][0x12][0xffffffdf]O@S[0xffffff82][0xffffffdc][0xffffff95][0xfffffff8][0xfffffffe]u[0xffffff86][0x12]A[0xffffffbb][0x12].[0xffffff8a][0xc]%Rv%\,[0xffffffeb])[0xffffffc1][0xffffffee]JhD[0xffffff93]([0x11][0xffffffb6]+[0xfffffff1][0xffffffa6]KYJ[0x4][0xffffffed]J[0xffffff98][0xffffffa6][0xffffffa5]([0xfffffff1][0xfffffff7][0xffffffbb][0x12][0xffffff9f][0xffffffff]F[0xf][0xffffffa3]D[0xffffffc7])[0xffffffd1][0x3]([0xffffffd1]QJt[0xffffff8c][0x12]=[0xffffff89][0x12]k[0x14])Jh )J[0xffffffac][0xffffffb1]$([0xffffffd1]aJ[0xfffffff4]`JHy[0xffffffd2][0xffffff94]0]JSB[0xffffffaa][0xffffff95][0xffffffa4]DO[0xffffffa1]D[0xffffffff]kJ[0xffffffb8][0xffffff89][0xffffffaa][0xffffffe7][0xffffffe9]'E[0x9]z[0xffffffa2][0xffffffea][0xfffffffb][0x9]hJ[0xffffff90][0x13]U[0xffffffdf][0xffffffbf][0xffffffce]P"h[0xffffffa2][0xffffffca]E[0xffffff91][0xffffffa1]D[0xffffffca]D[0xffffff95][0xffffff8b]e=%[0xffffffd8][0xffffff89]*[0xffffff8d]h[0x12]%[0xffffffc2]&[0xffffffaa][0xffffffde]t)K[0xffffff89][0xffffffa0][0xffffff89]*[0xffffffd3][0xffffffb4][0x14]%[0xfffffffe]~[0xffffffa2][0xffffffea][0xfffffff3][0xffffffdf]0o%PJ[0xffffffd0]o%z[0xffffffc0][[0xffffff89][0xffffffae]t.[\r]8[0xfffffff5]V[0xffffffa2]'[0xffffffbd][0xffffff95][0xffffffd0](R[0xffffff94]Hy+[0xffffffa1][0xffffffb1]$([0xffffffc1][0xffffffbe][0xffffff95]X#[0xffffff9a]E[0xffffff89][0xffffffb0][0xffffffb7][0x12][0xffffffb6]KiJ[0x4][0xffffffbd][0xffffff95][0xffffff90][0xffffffa6][0xffffffe5]([0xfffffff1][0xfffffff7]o%[0xe][0xfffffff3]Vb[0xfffffff6][0xfffffffb]EQ[0xffffffe2][0xffffffc0][0xffffffdf]J[0x1c][0x1]o%[0xe][0xffffffa5]sa[0xffffffc0][0xf][0xffffffec][0xffffffad][0xffffffc4][0xffffff91][0xfffffff4]VB[0xffffffa3][0xffffffc8]P[0xffffffc2][0x5][0xffffff92][0xffffffa1][0xffffff84][0xffffffc6][0xffffffb2][0xffffff9e][0x12]k8[0xffffffab])[0xffffffb1]F4[0xffffff89][0x12][0xffffffa6]<YJ[0xffffffd8].e)a[0xffffffaa][0xffffff95][0xffffffa3][0xffffff84]4-E[0x9])[0xffffffde][\r]J[0xffffffb8][0xffffffe1][0xffffffec]y[0xffffff8e]FQ[0xffffff82][0x1e][0xffffffce][0xfffffffe]~[0x2][0xffffff9a][0x12][0xffffffe4]p[0xfffffff6][0xfffffff7][0xffffffaf]3[0xffffff94][0x8][0x1a][0xffffffce]vQd([0xffffff91]2[0xffffff9c][0xffffffed]bYO[0x9]v8[#[0xffffff9a]D[0xffffff89][0xffffffb0][0xffffffe1][0xffffffec]7][0xffffffca]R"h8[0xffffffdb]4-E[0xffffff89][0xffffffbf][0x1f][0xffffffce][0x1e]/7[0xffffff9c]=[0xffffffc7][0xffffff84][0xffffffd6].[0xffffffbf][0xffffff9e][0x7][0xffffffa6][0x4]?[0xffffff9c][0xfffffffd][0xfffffffb][0x19][0x18]JP[0xffffffc3][0xffffffd9][0xffffffbf]~"
08:17:55.128 [TestNG-PoolService-2] DEBUG org.apache.hc.client5.http.wire -- http-outgoing-5 << "[0xfffffffe][0xffffff81]c[0xffffff8d]h[0x16]%[0xffffffc2][0xfffffffe][0xffffffc0]a[0xffffffbb][0xffffff94][0xffffffa6]D[0xffffffd0][0x1f]8[0xffffffa4]i9J[0xfffffffc][0xfffffffd][0x1f]8[0xffffffdc]p[0xfffffff6]s[0x1e][0xffffffd4][0xffffffcd][0xffffffa0][0x3][0x1f][0xffffffce][0x1e][0x1][0xffffffc3][0xffffffd9][0xffffffc3][0xffffffac][0xffffffbb][0x16][0x6][0x1c][0x1b][0xffffffce][0x1e][0xffffffb2][0xffffffdf]JR"d8[0xffffffdb][0x6][0xffffff92][0xffffffa1]D[0xffffffc0]p[0xffffffb6][0xffffff84][0xffffffb3][0xffffff9a][0x12][0xffffffc1][0xffffffc3][0xffffffd9][0xffffffae]<YJ[0xffffffe4][\r]g[0xffffffbb]j[0xffffffe5]([0xffffff91]2[0xffffff9c][0xffffffad][0xffffffc5][0xffffffbb]E[0x9][0xfffffff3]V[0x2][0xffffffa5][0x4][0xfffffffd]V[0xffffffe2][0x9]x+[0xfffffff1]([0xffffff9d]K[0x3]N[0xffffffbd][0xffffff95]x[0xffffff92][0xffffffde]Jh[0x14])J[0xffffffa4][0xffffffbc][0xffffff95][0xffffffd0]X[0x12][0xffffff94]`[0xffffffdf]J[0xffffffac][0x11][0xffffffcd][0xffffffa2]D[0xffffffd8][[0x9][0xffffffdb][0xffffffa5]4%[0xffffff82][0xffffffde]JH[0xffffffd3]r[0xffffff94][0xfffffff8][0xfffffffb][0xffffffb7][0x12][0xffffffd3][0xffffffbd][0xffffff95][0xffffffb8][0xffffffc6]CQb[0xffffffe2]o%[0xffffffa6][0xffffff93]tq[0xffffffde][0xffffffa7][0xffffffd2][0xffffffb9]0[0xffffffe0][0x13]{+1[0xffffff93][0xffffffde]Jh[0x14][0x19]J[0xffffffb8]@2[0xffffff94][0xffffffd0]X[0xffffffd6]Sb[\r]g5%[0xffffffd6][0xffffff88]&Q[0xffffffc2][0xffffff94]'K[0x9][0xffffffdb][0xffffffa5],%L[0xffffffb5]r[0xffffff94][0xffffff90][0xffffffa6][0xffffffa5](![0xffffffc5][0xffffffbb]E[0x9][0xfffffff3]V[0x2][0xffffffa5][0x4][0xfffffffd]Vb[0x6][0xffffffbc][0xffffff95][0xffffff98]J[0xffffffe7][0xffffffd2][0xffffff80]So%f[0xffffffd2][[0x9][0xffffff8d]"E[0xffffff89][0xffffff94][0xffffffb7][0x12][0x1a]K[0xffffff82][0x12][0xffffffec][[0xffffff89]5[0xffffffa2]Y[0xffffff94][0x8]{+a[0xffffffbb][0xffffff94][0xffffffa6]D[0xffffffd0][[0x9]iZ[0xffffff8e][0x12][0x7f][0xfffffffd]V[0xffffffe2]v7[0xffffff83][0xffffffce]W[0x7f]A[0xffffff94][0xffffffb8][0xfffffff1][0xffffff9b]A[0xffffffef][0xffffff80][0xffffff9b]Aos}]][0xffffffc0]o[0xffffffec]f[0xffffffd0][.[0xffffffa8][0x3])a[0xffffffa2][0xffffff88]P[0xffffffc2][0x6][0x12][0xffffffa1][0xffffff84][0xffffff89]e9%$[0xffffff9c][0xffffffc5][0xffffff94][0xffffff90][0xffffff88][0x6]Q[0xffffffc2][0xffffff95]'J[0x9][0xffffffdf][0xffffffa5](%\[0xffffffb5]b[0xffffff94][0xffffffd0][0xffffffa6][0xffffff85]([0xffffffa1][0xffffffc5][0xffffffbb]A[0x9]w3[0xffffffe8]lmR[0xffffff94][0xffffffc0]o[0x6][0xffffffbd][0x3]n[0x6][0xffffffbd][0xffffffcd][0xfffffff5]u[0xffffff85][0x1][0xffffffc7]n[0x6][0xffffffbd][0xffffffe5][0xffffff82]:[0xffffff92][0x12]!7[0xffffff83][0xffffffda]@2[0xffffff94][0x8][0xffffffb8][0x19]T[0xffffffc2]YM[0xffffff89][0xffffffe0][0xffffff9b]A]y[0xffffffb2][0xffffff94][0xffffffc8][0xffffffbb][0x19][0xffffffd4]U+G[0xffffff89][0xffffff94][0xffffff9b]A[0xffffffb5]x7([0xffffffe1]n[0x6][0xffffff9d][0x1f][0xffffffff]=E[0x9][0xfffffffc]f[0xffffffd0];[0xffffffe0]f[0xffffffd0][0xffffffdb]\_W[0x18]p[0xffffffec]f[0xffffffd0][.[0xffffffa8]#)[0x11]r3[0xffffffa8][\r]$C[0xffffff89][0xffffff80][0xffffff9b]A%[0xffffff9c][0xffffffd5][0xffffff94][0x8][0xffffffbe][0x19][0xffffffd4][0xffffff95]'K[0xffffff89][0xffffffbc][0xffffff9b]A][0xffffffb5]r[0xffffff94]H[0xffffffb9][0x19]T[0xffffff8b]w[0xffffff83][0x12][0xffffffee]f[0xffffffd0]yso%[0xfffffff0][0xffffff9b]A[0xffffffef][0xffffff80][0xffffff9b]Aos}]a[0xffffffc0][0xffffffb1][0xffffff9b]Ao[0xffffffb9][0xffffffa0][0xffffff8e][0xffffffa4]D[0xffffffc8][0xffffffcd][0xffffffa0]6[0xffffff90][0xc]%[0x2]n[0x6][0xffffff95]pVS"[0xfffffff8]fPW[0xffffff9e],%[0xfffffff2]n[0x6]u[0xffffffd5][0xffffffca]Q"[0xffffffe5]fP-[0xffffffde][\r]J[0xffffffb8][0xffffff9b]A[0xffffffe7]}c[0xffffff94][0xffffffc0]o[0x6][0xffffffbd][0x3]n[0x6][0xffffffbd][0xffffffcd][0xfffffff5]u[0xffffff85][0x1][0xffffffc7]n[0x6][0xffffffbd][0xffffffe5][0xffffff82]:[0xffffff92][0x12]!7[0xffffff83][0xffffffda]@2[0xffffff94][0x8][0xffffffb8][0x19]T[0xffffffc2]YM[0xffffff89][0xffffffe0][0xffffff9b]A]y[0xffffffb2][0xffffff94][0xffffffc8][0xffffffbb][0x19][0xffffffd4]U+G[0xffffff89][0xffffff94][0xffffff9b]A[0xffffffb5]x7([0xffffffe1]n[0x6][0xffffff9d][0xffffffcf][0xffffffeb][0xffffffa0]([0xffffff81][0xffffffdf][0xc]z[0x7][0xffffffdc][0xc]z[0xffffff9b][0xffffffeb][0xffffffeb][\n]"
08:17:55.130 [TestNG-PoolService-2] DEBUG org.apache.hc.client5.http.wire -- http-outgoing-5 << "[0x3][0xffffff8e][0xffffffdd][0xc]z[0xffffffcb][0x5]u$%Bn[0x6][0xffffffb5][0xffffff81]d([0x11]p3[0xffffffa8][0xffffff84][0xffffffb3][0xffffff9a][0x12][0xffffffc1]7[0xffffff83][0xffffffba][0xfffffff2]d)[0xffffff91]w3[0xffffffa8][0xffffffab]V[0xffffff8e][0x12])7[0xffffff83]j[0xfffffff1]nP[0xffffffc2][0xffffffdd][0xffffffc1][0xfffffff1]a[0x9][0xffffffec][0xffffffad][0x4]~[0x7][0xffffffc7][0x1d]p[0x7][0xffffffc7]m[0xffffff86][0xffffffe2][0xb][0x3][0xffffff8e][0xffffffdd][0xffffffc1]q[0xffffffcb][0x14]<I[0xffffff89][0xffffff90];8l [0x19]J[0x4][0xffffffdc][0xffffffc1]![0xffffffe1][0xffffffac][0xffffffa6]D[0xfffffff0][0x1d][0x1c][0xffffffae]<YJ[0xffffffe4][0xffffffdd][0xffffffc1][0xffffffe1][0xffffffaa][0xffffff95][0xffffffa3]D[0xffffffca][0x1d][0x1c]Z[0xffffffbc][[0xffffff94]8[0xffffffc2](q[0xffffffe0][0xffffff94]8[0x2](q[0xffffffa0][0xffffff94]80J[0x1c]I[0xffffff94]X[0xffffffa3]HQB[0x3]IQb[0xffffff8d]%A[0xffffff89][0x3][0xffffffa6][0xffffffc4][0x11]L[0x9])O[0xffffff9a][0x12][0xffffffa6]KiJH[0xffffffb5][0xffffff92][0xffffff94]8R(q[0xfffffffc]5%[0xfffffff4][0xe][0xffffff8e][0xffffffe3][0xfffffff5]:[0x1a][0xfffffff6][0x7][0xe][0xfffffffc][0xe][0xffffff8e];[0xffffffe0][0xe][0xffffff8e][0xffffffdb][0xc][0xffffffc5][0x17][0x6][0x1c][0xffffffbb][0xffffff83][0xffffffe3][0xffffff96])x[0xffffff92][0x12]!wp[0xffffffd8]@2[0xffffff94][0x8][0xffffffb8][0xffffff83]C[0xffffffc2]YM[0xffffff89][0xffffffe0];8\y[0xffffffb2][0xffffff94][0xffffffc8][0xffffffbb][0xffffff83][0xffffffc3]U+G[0xffffff89][0xffffff94];8[0xffffffb4]x[0xffffffb7]([0xffffffb1][0xffffffae]][0xffffffd2][0xffffff94][0xffffff80][0xffffffd7].[0xffffffef][0xffffff80];8n3[0x14]_[0x1a]ph[0xffffffed][0xfffffff2][0xffffff96])x[0xffffff96][0x12][0x11]k[0xffffff97]6[0xffffff90][0x14]%[0xfffffff0][0xffffffb5]K[0x9]g=%b[0xffffffd7].]y[0xffffffd2][0xffffff94]H[[0xffffffbb]t[0xffffffd5]JR"c[0xffffffed]R[0xffffff8b]w[0xffffff8b][0x12]w[0x18]%n[0xffffff9c][0x12]w[0x0]%n[0xffffff94][0x12]7F[0xffffff89];[0xffffff89][0x12]k[0x14])Jh )J[0xffffffac][0xffffffb1]$(q[0xffffffc3][0xffffff94][0xffffffb8][0xffffff83])![0xffffffe5]IS[0xffffffc2]t)M[0x9][0xffffffa9]V[0xffffff92][0x12]w[\n]"
08:17:55.130 [TestNG-PoolService-2] DEBUG org.apache.hc.client5.http.wire -- http-outgoing-5 << "%[0xffffffee][0xffffffff][0xffffff80][0x12]-[0xffffffcd][0x12][0xffffff8d][0xffffffc7]DK[0xffffffd0]Dc9[0xffffffd1]8O[0xffffffb4](PH[0x1e])Q[0xffffff98]TR[0xffffffa4][0xffffff90]l[0x12][0xffffffa6]h4*Z[0xffffffb2]*[0xffffffb4]FiV[0xffffffb8]V[0xffffffa5]][0xffffffa1]%K[0xffffffc2]b[0xffffffed]\N[0x16]k[0x5]o[0xffffffd1][0xffffffa2][0xffffff8f]0Z[0xfffffff4][0xffffff81][0xffffffd3][0xffffffe2][0xffffffe3][0x11]xZ[0xfffffffc]x[0x8][0xffffff8a][0x16][0x1f]?O[0xffffffd1][0xffffffe2][0xfffffffb][0xffffffa7]Sh!y[0xffffffa4]haRI[0xffffffd1]B[0xffffffb2]I[0xffffffd0]bIh=-[0xffffff96][0xffffff9c]f[0xffffffd1]Bk[0xffffff94][0xffffffa6][0xffffff85]kU[0xffffff9a][0x16]Z[0xffffffb2]$-[0xffffffd6][0xffffffce][0xffffffe5]h[0xffffffb1]V[0xfffffff0][0x16]-[0xffffff8e]4Z[0x1c]<-[0xffffff8e][0x4]Z[0x1c],-[0xe][0xffffff8e][0x16]G[0x14]-$[0xffffff8f][0x14]-L*)ZH6[0x9]Z[0x1c]4-[0xffffff8e]dZh[0xffffff8d][0xffffffd2][0xffffffb4]p[0xffffffad]J[0xffffffd3]BK[0xffffff96][0xffffffa4][0xffffffc5][0xffffffda][0xffffffb9][0x1c]-[0xffffffd6][\n]"
08:17:55.130 [TestNG-PoolService-2] DEBUG org.apache.hc.client5.http.wire -- http-outgoing-5 << "[0xffffffde][0xffffffa2][0xffffffc5]u[0xffffff85][0xffffffd1][0xffffffe2][0xffffffba]pZ|<[0x2]O[0xffffff8b][0x1f][0xf]A[0xffffffd1][0xffffffe2][0xffffffe3][0xffffffe7])Z|[0xffffffff]t[\n]"
08:17:55.130 [TestNG-PoolService-2] DEBUG org.apache.hc.client5.http.wire -- http-outgoing-5 << "-$[0xffffff8f][0x14]-L*)ZH6[0x9]Z,[0x9][0xffffffad][0xffffffa7][0xffffffc5][0xffffff92][0xffffffd3],Zh[0xffffff8d][0xffffffd2][0xffffffb4]p[0xffffffad]J[0xffffffd3]BK[0xffffff96][0xffffffa4][0xffffffc5][0xffffffda][0xffffffb9][0x1c]-[0xffffffd6][\n]"
08:17:55.130 [TestNG-PoolService-2] DEBUG org.apache.hc.client5.http.wire -- http-outgoing-5 << "[0xffffffde][0xffffffa2][0xffffffc5]ha[0xffffffb4][0x18][\r][0xffffffa7][0xffffffc5][0xffffffc7]#[0xfffffff0][0xffffffb4][0xfffffff8][0xfffffff1][0x10][0x14]->~[0xffffff9e][0xffffffa2][0xffffffc5][0xfffffff7]O[0xffffffa7][0xffffffd0]B[0xfffffff2]H[0xffffffd1][0xffffffc2][0xffffffa4][0xffffff92][0xffffffa2][0xffffff85]d[0xffffff93][0xffffffa0][0xffffffc5][0xffffff92][0xffffffd0]zZ,9[0xffffffcd][0xffffffa2][0xffffff85][0xffffffd6](M[0xb][0xffffffd7][0xffffffaa]4-[0xffffffb4]dIZ[0xffffffac][0xffffff9d][0xffffffcb][0xffffffd1]b[0xffffffad][0xffffffe0]=Z[0xffffffa4][0xffffff9d].[0x1d][0xfffffffc][0xfffffff1][0xffffffd2][0xffffff91]p[0xffffffbe]t[0xffffffb0][0x7]L[0x7]w[0xffffffc2]tD[0x1d]1[0xffffff95]<b[0xffffffb4][0xffffffc8]9d*[0xffffffd9]DhA[0x1f]3[0x1d][0xffffffc9][0xffffffe7]L[0xffffffb5]FqZ[0x4][0xffffff9e]4[0xffffffd5][0xffffff92]Ei[0x11]s[0xffffffd6]t[0xffffffad][0xffffffe0]=Z[0xffffffac]s[0xffffff9a]8-[0xffffffe8]=[0xffffffcd][0xffffffaf]G[0x8][0xffffffa0][0x5][0xffffffb9][0xffffffa8][0xfffffff9][0xfffffff5][0xfffffff3][0x18]-[0xffffff82]65M[0x1e]1Z[0xffffffa4][0xffffffac]j[0xffffff9a]l"[0xffffffb4]`w5%[0xffffffa7]a[0xffffffb4][0x8][[0xffffffd6][0xfffffff4][0xffffffad][0xffffff8a][0xffffffd3]"h[S;[0x17][0xffffffa4][0xffffffc5][0x7f][0xffffffb1][0xffffffae][0xffffffd9][0xffffffe2][0xffffff8e][0xffffff88][0xffffffb4][0xffffff80]3"-[0xffffffe2][0xffffff90]H[0xffffffd3][0xf][0xffffff98]K[0xffffffa3][0xffffffde][0xffffffc0]c"-[0xffffffeb][0xffffff9c][0xffffff88][0xffffff86][0xffffff92][0x12][0xffffff86][0xffffff8b]&E[0xc][\r](a[0xffffff8c]5[0xffffffa6][0xfffffff5][0xffffffc8]X[0xffffffc3][0xffffff9a][0xffffffa5][0xc]S[0xffffffa8]43l[0xffffffbf][0xffffffd2][0xffffffce]0uKBC[0xffffffda][0xffffff97][0xffffff93][0xffffff86][0xffffff94][0xfffffff1]&5[0xffffffe2][0xffffff86].z[0xffffffc0][0xffffffd2]E[0xffffff8f][0xffffff98][0xffffffba][0xffffffe8][0xfffffff0][0xffffffd6]E[0x7][0xffffffc7].z[0xffffffd6][0xffffffda][0xffffff85][0xffffff84][0xffffff92][0xffffffa3]F[0xffffffd0][0xffffffde][0xffffff85][0x4][0xffffff94][0xffffffa1][0x6][0xffffffbe]x[0xffffffd1][0xffffffa3]'/[0xffffffb4]Pyj$[0xffffff8e]^h[0xffffffdd][0xffffffb2][0xffffffd4][0xffffffc8][0xffffff99][0xffffffbd]X[0xffffffcb]x[0xffffff8f][0x1a]O[0xffffffda][0xffffffc7][0x18][0x1f]O[0xffffffc4]S[0xffffffe3]I[0xfffffff8][0x1c][0xffffffe3][0xffffffe7]S`[0xffffffd4]x[0xffffffb8][0xf]2~[0xfffffffc]v[0xc]5$[0xffffff94][0x18]5L41jH@[0x11]j<[0xfffffff4]W[0x19]kX[0xffffffc3][0xffffffa8][0xffffffa1][0xffffff85][0xffffff8a]S[0xffffffc3][0xfffffff5]+N[\r][0xffffffad][[0xffffff94][0x1a]k[0xfffffffb][0xffffff82][0xffffffd4]X[0xffffffcb][0xfffffff8]O[0xffffffa8]q[0x7f][0xfffffffd]+[0xffffffcf]a[0xffffffae]'[0xffffffeb][0xffffffaf][0xfffffffb])[0xffffff87][0xffffffc6][0xffffffef][0xffffffe7][0xffffffa1][0xffffff98][0xfffffff1][0xffffff8f]'[0xffffffc0][0xffffff90][0xffffffb1]<C11[0xfffffffe][0xfffffff1][0xffffffeb][0xffffffc5][0xffffffc0][0xfffffff8][0xffffffdf]_[0xffffff86]y[0xfffffff1]6[0xffffff8a][0xffffffc5][0xffffffb8][0xfffffff8][0xffffff97]@[0x16][0xffffffd3][0xffffffe2]m,[0xb]a[0xfffffff1]&[0xffffff9c]e[0xffffffac]x[0x13][0xffffffd1][0x8]T[0xffffffbc]/O[0xffffff88][0x14][0xffffffff][0xffffffd6][0xffffffa5][0x10]([0xffffffde]W+[0xffffffc0][0xffffff89]wM[[0xffffff8e][0xffffff89]w[0xffffffc5][0xffffffbb]A[0xffffff89][0xffffffd3]Q[0xffffffe2][0xffffffb8]N[0xffffff8a][0x12]'N[0xffffff89]3[0xffffff80][0x12][0xffffffa7][0xffffffe6][0xffffffbd]0[0xffffffe0]'F[0xffffff89]3[0xffffff89][0x12][0x1a]E[0xffffff86][0x12].[0xffffff90][0xc]%4[0xffffff96][0xfffffff5][0xffffff94]X[0xffffffc3]YM[0xffffff89]5[0xffffffa2]I[0xffffff94]0[0xffffffe5][0xffffffc9]R[0xffffffc2]v)K[0x9]S[0xffffffad][0x1c]%[0xffffffa4]i)JH[0xfffffff1]nP[0xffffffe2]r[0xffffff94][0xffffffb8]z[0xffffffa3](q[0xffffffe1][0xffffff94][0xffffffb8][0x2](qi[0xffffffde][0xb][0x3]~a[0xffffff94][0xffffffb8][0xffffff92]([0xffffffa1]Qd([0xffffffe1][0x2][0xffffffc9]PBcYO[0xffffff89]5[0xffffff9c][0xffffffd5][0xffffff94]X#[0xffffff9a]D[0x9]S[0xffffff9e],%l[0xffffff97][0xffffffb2][0xffffff94]0[0xffffffd5][0xffffffca]QB[0xffffff9a][0xffffff96][0xffffffa2][0xffffff84][0x14][0xffffffef][0x6]%[0xffffff86][0xffffffa3][0xffffffc4][0xfffffffc]Z[0xffffffe8]D(1pJ[0xffffff8c][0x0]J[0xc][0xffffffcd]{a[0xffffffc0][0x7]F[0xffffff89][0xffffff91]D[0x9][0xffffff8d]"C[0x9][0x17]H[0xffffff86][0x12][0x1a][0xffffffcb]zJ[0xffffffac][0xffffffe1][0xffffffac][0xffffffa6][0xffffffc4][0x1a][0xffffffd1]$J[0xffffff98][0xfffffff2]d)a[0xffffffbb][0xffffff94][0xffffffa5][0xffffff84][0xffffffa9]V[0xffffff8e][0x12][0xffffffd2][0xffffffb4][0x14]%[0xffffffa4]x7(q[0x1b]J|[0xfffffffe][0xffffff87][0xffffffa2][0xffffffc4][0xffffff8d]S[0xffffffe2][0xe][0xffffffa0][0xffffffc4][0xffffffad]y/[0xc][0xfffffff8][0xffffff8d]Q[0xffffffe2]N[0xffffffa2][0xffffff84]F[0xffffff91][0xffffffa1][0xffffff84][0xb]$C[0x9][0xffffff8d]e=%[0xffffffd6]pVSb[0xffffff8d]h[0x12]%Ly[0xffffffb2][0xffffff94][0xffffffb0]][0xffffffca]R[0xffffffc2]T+G[0x9]iZ[0xffffff8a][0x12]R[0xffffffbc][0x1b][0xffffff94]x,%[0xffffff9e][0xffffff93][0xffffffa2][0xffffffc4][0xffffff83]S[0xffffffe2][0x9][0xffffffa0][0xffffffc4][0xffffffa3]y/[0xc][0xfffffff8][0xffffff83]Q[0xffffffe2]I[0xffffffa2][0xffffff84]F[0xffffff91][0xffffffa1][0xffffff84][0xb]$C[0x9][0xffffff8d]e=%[0xffffffd6]pVSb[0xffffff8d]h[0x12]%Ly[0xffffffb2][0xffffff94][0xffffffb0]][0xffffffca]R[0xffffffc2]T+G[0x9]iZ[0xffffff8a][0x12]R[0xffffffbc][0x1b][0xffffff94][0xffffff98][0xffffff8e][0x12][0xffffff8d]{+1qJ[0xffffffcc][0x0]JL[0xffffffcd]{a[0xffffffc0]'F[0xffffff89][0xffffff99]D[0x9][0xffffff8d]"C[0x9][0x17]H[0xffffff86][0x12][0x1a][0xffffffcb]zJ[0xffffffac][0xffffffe1][0xffffffac][0xffffffa6][0xffffffc4][0x1a][0xffffffd1]$J[0xffffff98][0xfffffff2]d)a[0xffffffbb][0xffffff94][0xffffffa5][0xffffff84][0xffffffa9]V[0xffffff8e][0x12][0xffffffd2][0xffffffb4][0x14]%[0xffffffa4]x[0xffffffff][0xffffff9c][0x12][0xfffffff3]e)qO[0xffffff88][0x12][0xffffff9f][0xffffffcf][0xffffffc3]R[0xffffffe2][0xffffffeb][0x9]`J[0xfffffffc]z[0x6][0xffffff84][0x12]_[0xffffffbf][0xffffff8e]P[0xffffffe2][0xffffffe7]/GP[0xffffffc2]D[0x11][0xffffffa1][0xffffff84][\r]$B[0x9][0x13][0xffffffcb]rJH8[0xffffff8b])![0x11][\r][0xffffffa2][0xffffff84]+O[0xffffff94][0x12][0xffffffbe]KQJ[0xffffffb8]j[0xffffffc5]([0xffffffa1]M[0xb]QB[0xffffff8b]w[0xffffff83][0x12][0xffffffcd]Q[0xffffffa2]?[0xffffffd4][[0xffffff89][0xffffffcf][0xffffffe7][0xffffff81])[0xffffffd1][0x2]([0xffffffd1]4[0xffffffef][0xffffff85][0x1]o[0x18]%Z[0x12]%4[0xffffff8a][0xc]%\ [0x19]Jh,[0xffffffeb])[0xffffffb1][0xffffff86][0xffffffb3][0xffffff9a][0x12]kD[0xffffff93](a[0xffffffca][0xffffff93][0xffffffa5][0xffffff84][0xffffffed]R[0xffffff96][0x12][0xffffffa6]Z9JH[0xffffffd3]R[0xffffff94][0xffffff90][0xffffffe2][0xffffffdd][0xffffffa0]Dw[0xffffff94][0xffffffb8]N[0xffffffec][0xffffffad]D[0xffffffc7])[0xffffffd1][0x3]([0xffffffd1]5[0xffffffef][0xffffff85][0x1][0xffffffef][0x18]%z[0x12]%4[0xffffff8a][0xc]%\ [0x19]Jh,[0xffffffeb])[0xffffffb1][0xffffff86][0xffffffb3][0xffffff9a][0x12]kD[0xffffff93](a[0xffffffca][0xffffff93][0xffffffa5][0xffffff84][0xffffffed]R[0xffffff96][0x12][0xffffffa6]Z9JH[0xffffffd3]R[0xffffff94][0xffffff90][0xffffffe2][0xffffffdd][0xffffffa0][0xffffff84][[0xffffffbb]<[0xffffffee][0xffffff86]Q[0x2]_[0xffffffbb][0xffffff9c][0x1]k[0xffffff97][0xffffffd3]L[0xffffffb2][0x15][0x6][0x1c][[0xffffffbb][0xffffff9c]2[0xffffffba]FR"d[0xffffffed][0xffffffd2][0x6][0xffffff92][0xffffffa1]D[0xffffffc0][0xffffffda][0xffffffa5][0xffffff84][0xffffffb3][0xffffff9a][0x12][0xffffffc1]k[0xffffff97][0xffffffae]<YJ[0xffffffe4][0xffffffad]][0xffffffba]j[0xffffffe5]([0xffffff91][0xffffffb2]v[0xffffffa9][0xffffffc5][0xffffffbb]E[0xffffff89][0x1e]F[0x9][0xffffffec]~[0xffffff8e][0x7f]<[0x1]O[0x9][0xffffffe4]n[0xffffff8e][0x7f][0xfffffffc]:E[0xffffff89][0xffffff84]{9[0xffffffde]F[0xffffff91][0xffffffa2][0x4]~'[0xffffffc7][0xffffffdb]X[0x12][0xffffff94][0xffffff80][0xffffffee][0xffffffe3]x[0x13][0xffffffd1],J[0xffffffa4][0xffffffdc][0xffffffc5][0xfffffff1]o]JS"[0xffffffe1][0x1e][0xffffff8e]wM[0xffffffcb]Q[0xffffffe2][0xffffffaf][0xffffffef][0xffffffe0][0xffffff98]n8[0xfffffffb][0xffffffec]/j[0xffffffed]r[0xffffffe2][0xffffffc3][0xffffffd9]3`8{[0xffffff9a]u[0xffffffd7][0xffffffc2][0xffffff80]c[0xffffffc3][0xffffffd9]S[0xfffffff6][IJ[0xffffff84][0xc]g[0xffffffdb]@2[0xffffff94][0x8][0x18][0xffffffce][0xffffff96]pVS"x8[0xffffffdb][0xffffff95]'K[0xffffff89][0xffffffbc][0xffffffe1]lW[0xffffffad][0x1c]%R[0xffffff86][0xffffffb3][0xffffffb5]x7([0xffffffe1][0xffffff86][0xffffffb3][0xffffffcf]c[0xffffffdc][0x14]%[0xfffffff0][0xffffffe1][0xffffffec][0x19]0[0xffffff9c]=[0xffffffcd][0xffffffba]ka[0xffffffc0][0xffffffb1][0xffffffe1][0xffffffec])[0xfffffffb][0xffffffad]$%B[0xffffff86][0xffffffb3]m [0x19]J[0x4][0xc]gK8[0xffffffab])[0x11]<[0xffffff9c][0xffffffed][0xffffffca][0xffffff93][0xffffffa5]D[0xffffffde]p[0xffffffb6][0xffffffab]V[0xffffff8e][0x12])[0xffffffc3][0xffffffd9]Z[0xffffffbc][0x1b][0xffffff94]p[0xffffffc3][0xffffffd9][0xffffffe7][0xffffffdd][0xffffffa9][0xffffffe1][0xffffffec][0xffffff89][0xf]g[0xffffffcf][0xffffff80][0xffffffe1][0xffffffec]i[0xffffffd6]][0xb][0x3][0xffffff8e][\r]gO[0xffffffd9]o%)[0x11]2[0xffffff9c]m[0x3][0xffffffc9]P"`8[[0xffffffc2]YM[0xffffff89][0xffffffe0][0xffffffe1]lW[0xffffff9e],%[0xfffffff2][0xffffff86][0xffffffb3]][0xffffffb5]r[0xffffff94]H[0x19][0xffffffce][0xffffffd6][0xffffffe2][0xffffffdd][0xffffffa0][0xffffffc4]m(q[0xffffffbd][0x1e][0xffffffec][0xf][0x1c]7N[0xffffff89];[0xffffff80][0x12][0xffffffb7][0xffffffe6][0xffffffbd]0[0xffffffe0]7F[0xffffff89];[0xffffff89][0x12][0x1a]E[0xffffff86][0x12].[0xffffff90][0xc]%4[0xffffff96][0xfffffff5][0xffffff94]X[0xffffffc3]YM[0xffffff89]5[0xffffffa2]I[0xffffff94]0[0xffffffe5][0xffffffc9]R[0xffffffc2]v)K[0x9]S[0xffffffad][0x1c]%[0xffffffa4]i)JH[0xfffffff1]nP[0xffffffe2][0xfffffff9][0xffffffbf]C)q[0xffffffb4][0xffffff87][0xffffffa2][0xffffffc4][0xffffffc7][0xfffffff3][0xffffffc0][0xffffff94][0xfffffff8]|[0x2][0xffffff9a][0x12]?[0xffffff9f][0xffffff81][0xffffffa1][0xffffffc4][0xffffffe7][0xffffffaf]3[0xffffff94][0xfffffff8][0xfffffff1][0xffffffcb][0x19][0xffffff94][0xffffffd0](2[0xffffff94]p[0xffffff81]d([0xffffffa1][0xffffffb1][0xffffffac][0xffffffa7][0xffffffc4][0x1a][0xffffffce]jJ[0xffffffac][0x11]M[0xffffffa2][0xffffff84])O[0xffffff96][0x12][0xffffffb6]KYJ[0xffffff98]j[0xffffffe5](!MKQB[0xffffff8a]w[0xffffff83][0x12][0xffffffd3][0xffffff9c][0xffffffe0][0xffffffb8][0xffffffc6][0xffffffdd])JL[0xfffffffc][0x4][0xffffffc7][0xc]8[0xffffffc1]1[0xfffffff5]3[0xffffffe3][0xffffffc2][0xffffff80]O[0xffffffec][0x4][0xffffffc7]L:[0xffffffc1][0xffffffa1]Qd([0xffffffe1][0x2][0xffffffc9]PBcYO[0xffffff89]5[0xffffff9c][0xffffffd5][0xffffff94]X#[0xffffff9a]D[0x9]S[0xffffff9e],%l[0xffffff97][0xffffffb2][0xffffff94]0[0xffffffd5][0xffffffca]QB[0xffffff9a][0xffffff96][0xffffffa2][0xffffff84][0x14][0xffffffef][0x16]%[0xffffffce]0J[0xffffff9c]8%[0xffffffce][0x0]J[0xffffff9c](%N[0xffffff8c][0x12]g[0x12]%[0xffffffd6](R[0xffffff94][0xffffffd0]@R[0xffffff94]XcIP[0xffffffe2][0xffffff84])q[0x6]SB[0xffffffca][0xffffff93][0xffffffa6][0xffffff84][0xffffffe9]R[0xffffff9a][0x12]R[0xffffffad]$%[0xffffffce][0x14]J[0xffffff9c][0x7f]I[0xffffff89][0xffffffeb][0xffffffe5][0xffffffee][0xffffffe0][0x18][0xffffffaf][0x3][0xffffffda][0xffffff95][0xfffffff8]z[0x1e][0xffffff94][0x12][0xffffffdf]O[0xffffffc0]R[0xffffffe2][0xfffffff7]3[0x10][0xffffff94][0xfffffff8][0xfffffffe]u[0xffffff82][0x12][0xffffffbf]~9[0xffffff81][0x12].[0xffffff8a][0x4]%| [0x9]J[0xffffffb8]XVSB[0xffffffc3]YK[0x9][0xffffff8d]h[0xe]%ly[0xffffff92][0xffffff94]x[0xffffffd3][0xffffffa5]$%l[0xffffffb5]R[0xffffff94]0M[0xffffffcb]P[0xffffffc2][0x14][0xffffffef][0x6]%[0xffffffdc][0x1d][0x1c][0xffffffe3]5[0xffffffa1];8[0xffffffbe][0xffffff9e][0x7][0xffffffa6][0x4][0x7f][0x7][0xffffffc7][0xffffffef]g`(A[0xffffffdd][0xffffffc1][0xfffffff1][0xffffffeb][0xffffff97]3([0xffffff91]q[0x7][0xffffff87][0xf]$C[0x9][0xfffffffe][0xe][0xe][\r]g5%r[0xffffffef][0xffffffe0][0xffffffb0][0xffffffe5][0xffffffc9]R"[0xffffffee][0xe][0xe][[0xffffffad][0x1c]%B[0xffffffee][0xffffffe0]0[0xffffffc5][0xffffffbb]A[0xffffff89][0xffffffdb]Q[0xffffffe2][0xffffffa6]>[0xffffffbb][0xfffffffc]z[0x1e][0xffffff98][0x12]w[0x0]%n[0xffffffcd]{a[0xffffffc0]o[0xffffff8c][0x12]w[0x12]%4[0xffffff8a][0xc]%\ [0x19]Jh,[0xffffffeb])[0xffffffb1][0xffffff86][0xffffffb3][0xffffff9a][0x12]kD[0xffffff93](a[0xffffffca][0xffffff93][0xffffffa5][0xffffff84][0xffffffed]R[0xffffff96][0x12][0xffffffa6]Z9JH[0xffffffd3]R[0xffffff94][0xffffff90][0xffffffe2][0xffffffdd][0xffffffa0][0xffffffc4]c(q[0xffffffb7][0xffffff81][0xffffffbd][0xffffff95]xpJ<[0x1][0xffffff94]x4[0xffffffef][0xffffff85][0x1][0x7f]0J<I[0xffffff94][0xffffffd0](2[0xffffff94]p[0xffffff81]d([0xffffffa1][0xffffffb1][0xffffffac][0xffffffa7][0xffffffc4][0x1a][0xffffffce]jJ[0xffffffac][0x11]M[0xffffffa2][0xffffff84])O[0xffffff96][0x12][0xffffffb6]KYJ[0xffffff98]j[0xffffffe5](!MKQB[0xffffff8a]w[0xffffff83][0x12][0xffffffd3]Q[0xffffffe2][0x18][0xffffffd0]g[0xffffff97]_[0xffffffcf][0x3]Sb[0x6]Pbj[0xffffffde][0xb][0x3]>1J[0xffffffcc]$Jh[0x14][0x19]J[0xffffffb8]@2[0xffffff94][0xffffffd0]X[0xffffffd6]Sb[\r]g5%[0xffffffd6][0xffffff88]&Q[0xffffffc2][0xffffff94]'K[0x9][0xffffffdb][0xffffffa5],%L[0xffffffb5]r[0xffffff94][0xffffff90][0xffffffa6][0xffffffa5](![0xffffffc5][0xfffffffb][0xffffffe7][0xffffff94]h[0xffffffee][0xffffffb3][0xffffffcb][0xfffffffb]9[0xffffffa8][0xffffffb7][0x12][\r][0xffffffff][0xffffffec][0xffffffb2][0x5]|v[0xffffffd9][0xffffffcc][0xffffffb7]Au[0x1]o[0xffffffd8]g[0xffffff97]M[0xffffffbe][0xfffffffe][0x1])a[0xffffffa2][0xffffff88]P[0xffffffc2][0x6][0x12][0xffffffa1][0xffffff84][0xffffff89]e9%$[0xffffff9c][0xffffffc5][0xffffff94][0xffffff90][0xffffff88][0x6]Q[0xffffffc2][0xffffff95]'J[0x9][0xffffffdf][0xffffffa5](%\[0xffffffb5]b[0xffffff94][0xffffffd0][0xffffffa6][0xffffff85]([0xffffffa1][0xffffffc5][0xffffffbb]E[0xffffff89]3[0xffffff8c][0x12][0xffffffec]a[0xffffffd0][0xffffffef]'[0xffffffe0])[0xffffffc1][0x1d][0x6][0xfffffffd][0xfffffffe]u[0xffffff8a][0x12]1[0xffffff87]A][0x14])Jd[0x1c][0x6]u[0xffffffb1]$(A[0x1e][0x6][0xffffffd5][0xffffff88]fQ"[0xffffffea]0[0xffffffe8][0xffffff9b].[0xffffffa5])[0x11]s[0x18][0xffffffd4]4-G[0xffffff89][0xffffffbf]>[0xc][0xffffffda][0xffffffdc][0x9][0xffffff8e]{b[0xffffffdf]J4[0xfffffffc][0x4]G[0xb]8[0xffffffc1][0xffffffd1][0xffffffcc]g[0xffffffc6][0xffffff85][0x1][0xffffffc7]Np4[0xfffffff9][0xffffff90][0xffffff98][0xffffffa4]D[0xffffffc8][0x9][0xe][0x1b]H[0xffffff86][0x12][0x1]'8$[0xffffff9c][0xffffffd5][0xffffff94][0x8]>[0xffffffc1][0xffffffe1][0xffffffca][0xffffff93][0xffffffa5]D[0xffffffde][0x9][0xe]W[0xffffffad][0x1c]%RNph[0xfffffff1]nP[0xffffffa2][0x1b]J<g[0xffffffa3][0xffffffbe][0xffffff95][0xfffffff8]|[0x1e][0xffffff98][0x12]=[0xffffff80][0x12]][0xfffffff3]^[0x18][0xfffffff0][0xffffff8e]Q[0xffffffa2]'QB[0xffffffa3][0xffffffc8]P[0xffffffc2][0x5][0xffffff92][0xffffffa1][0xffffff84][0xffffffc6][0xffffffb2][0xffffff9e][0x12]k8[0xffffffab])[0xffffffb1]F4[0xffffff89][0x12][0xffffffa6]<YJ[0xffffffd8].e)a[0xffffffaa][0xffffff95][0xffffffa3][0xffffff84]4-E[0x9])[0xffffffde][\r]J[0xffffffb8]K[0xffffffc6][0xffffffe7][0xffffffeb]E[0x1d][0x6]m[0xfffffff4]%[0xffffffe3][0xffffffdf]O@S[0xffffff82][0xffffffbc]d[0xfffffffc][0xfffffffb][0xffffffd7][0x19]J[0x4]]2[0xffffffee][0xffffffa2][0xffffffc8]P"[0xffffffe5][0xffffff92]q[0x17][0xffffffcb]zJ[0xffffffb0][0xffffff97][0xffffff8c]kD[0xffffff93]([0x11]v[0xffffffc9][0xfffffff8][0xffffff9b].e)[0x11]t[0xffffffc9][0xffffffb8]iZ[0xffffff8a][0x12][0x7f][0x7f][0xffffffc9][0xfffffff8][0xffffffd5][0xffffffdc]%[0xffffffe3][0xfffffff3]50J[0xffffffd0][0xffffff97][0xffffff8c][0x7f]?[0x1]M[0x9][0xfffffff2][0xffffff92][0xfffffff1][0xffffffef]_g([0x11]t[0xffffffc9][0xffffffb8][0xffffff8b]"C[0xffffff89][0xffffff94]K[0xffffffc6]],[0xffffffeb])[0xffffffc1]^2[0xffffffae][0x11]M[0xffffffa2]D[0xffffffd8]%[0xffffffe3]o[0xffffffba][0xffffff94][0xffffffa5]D[0xffffffd0]%[0xffffffe3][0xffffffa6]i)J[0xfffffffc][0xfffffffd]%[0xffffffe3]W[0xffffffbb][0x1d]%[0xffffffda]yS[0xffffff94][0xffffffb8]qJ[0xffffffdc][0x1][0xffffff94][0xffffffb8]5[0xffffffef][0xffffff85][0x1][0xffffffbf]1J[0xffffffdc]I[0xffffff94][0xffffffd0](2[0xffffff94]p[0xffffff81]d([0xffffffa1][0xffffffb1][0xffffffac][0xffffffa7][0xffffffc4][0x1a][0xffffffce]jJ[0xffffffac][0x11]M[0xffffffa2][0xffffff84])O[0xffffff96][0x12][0xffffffb6]KYJ[0xffffff98]j[0xffffffe5](!MKQB[0xffffff8a]w[0xffffff83][0x12][0xffffff8f][0xffffffb9][0x19]t[0xfffffff6]yR[0xffffff94]x[0xffffffe0][0xffffff9b]A[0xffffffbf][0xffffff9f][0xffffff80][0xffffffa6][0xffffffc4][0xffffffa3][0xffffffd7][0xffffffd7][0x15][0x6][0xfffffffc][0xffffff81]n[0x6][0xfffffffd][0xfffffff5][0xffffffcb][0x19][0xffffff94][0xffffffd0](2[0xffffff94]p[0xffffff81]d([0xffffffa1][0xffffffb1][0xffffffac][0xffffffa7][0xffffffc4][0x1a][0xffffffce]jJ[0xffffffac][0x11]M[0xffffffa2][0xffffff84])O[0xffffff96][0x12][0xffffffb6]KYJ[0xffffff98]j[0xffffffe5](!MKQB[0xffffff8a]w[0xffffff83][0x12]n[0xffffffa2]j[0xffffffde]g[0xffffffa3]([0xffffff81]OT[0xffffffb5][0xffffff80][0xffffff89][0xffffffaa]fvT[\n]"
08:17:55.129 [TestNG-PoolService-1] DEBUG org.apache.hc.client5.http.wire -- http-outgoing-3 << "J[0x1c]I[0xffffff94]X[0xffffffa3]HQB[0x3]IQb[0xffffff8d]%A[0xffffff89][0x3][0xffffffa6][0xffffffc4][0x11]L[0x9])O[0xffffff9a][0x12][0xffffffa6]KiJH[0xffffffb5][0xffffff92][0xffffff94]8R(q[0xfffffffc]5%[0xfffffff4][0xe][0xffffff8e][0xffffffe3][0xfffffff5]:[0x1a][0xfffffff6][0x7][0xe][0xfffffffc][0xe][0xffffff8e];[0xffffffe0][0xe][0xffffff8e][0xffffffdb][0xc][0xffffffc5][0x17][0x6][0x1c][0xffffffbb][0xffffff83][0xffffffe3][0xffffff96])x[0xffffff92][0x12]!wp[0xffffffd8]@2[0xffffff94][0x8][0xffffffb8][0xffffff83]C[0xffffffc2]YM[0xffffff89][0xffffffe0];8\y[0xffffffb2][0xffffff94][0xffffffc8][0xffffffbb][0xffffff83][0xffffffc3]U+G[0xffffff89][0xffffff94];8[0xffffffb4]x[0xffffffb7]([0xffffffb1][0xffffffae]][0xffffffd2][0xffffff94][0xffffff80][0xffffffd7].[0xffffffef][0xffffff80];8n3[0x14]_[0x1a]ph[0xffffffed][0xfffffff2][0xffffff96])x[0xffffff96][0x12][0x11]k[0xffffff97]6[0xffffff90][0x14]%[0xfffffff0][0xffffffb5]K[0x9]g=%b[0xffffffd7].]y[0xffffffd2][0xffffff94]H[[0xffffffbb]t[0xffffffd5]JR"c[0xffffffed]R[0xffffff8b]w[0xffffff8b][0x12]w[0x18]%n[0xffffff9c][0x12]w[0x0]%n[0xffffff94][0x12]7F[0xffffff89];[0xffffff89][0x12]k[0x14])Jh )J[0xffffffac][0xffffffb1]$(q[0xffffffc3][0xffffff94][0xffffffb8][0xffffff83])![0xffffffe5]IS[0xffffffc2]t)M[0x9][0xffffffa9]V[0xffffff92][0x12]w[\n]"
08:17:55.131 [TestNG-PoolService-2] DEBUG org.apache.hc.client5.http.wire -- http-outgoing-5 << "[0x3][0xffffff8e]MT5YJ!)[0x11]2Qe[0x3][0xffffffc9]P"`[0xffffffa2]J[0xffffffc2]YM[0xffffff89][0xffffffe0][0xffffff89]*W[0xffffff9e],%[0xfffffff2]&[0xffffffaa]\[0xffffffb5]r[0xffffff94]H[0xffffff99][0xffffffa8][0xffffffd2][0xffffffe2][0xfffffffd]sJt7Q5[0xffffff9f][0xffffff87]:[0xc][0xffffffda][0xfffffff1][0xffffff89][0xffffffaa][0x1e]0Q[0xffffffd5][0xffffffcd][0xffffff8e]J][0xffffffc0];6Q[0xffffffd5]e)[0x5][0xffffffa4][0xffffff84][0xffffff89]"B[0x9][0x1b]H[0xffffff84][0x12]&[0xffffff96][0xffffffe5][0xffffff94][0xffffff90]p[0x16]SB"[0x1a]D[0x9]W[0xffffff9e](%|[0xffffff97][0xffffffa2][0xffffff94]p[0xffffffd5][0xffffff8a]QB[0xffffff9b][0x16][0xffffffa2][0xffffff84][0x16][0xffffffef][0x6]%[0xffffffcc][0xffffffae]D{[0xffffffb5]A}+[0xffffffd1][0xfffffff1]][0xffffff89][0x1e][0xffffffb0]+[0xffffffd1][0xffffffcd][0xffffffe1][0xffffffe7][0xffffffc2][0xffffff80]c[0xffffffbb][0x12]][0xffffff8e]7[0xffffff93][0xffffff94][0x8][0xffffffd9][0xffffff95][0xffffffb0][0xffffff81]d([0x11][0xffffffb0]+![0xffffffe1][0xffffffac][0xffffffa6]D[0xfffffff0][0xffffffae][0xffffff84]+O[0xffffff96][0x12]y[0xffffffbb][0x12][0xffffffae]Z9J[0xffffffa4][0xffffffec]Jh[0xfffffff1]nP[0xffffffc2][0xffffffec]J[0xffffffb4][0xffffffd7][0xfffffff5][0xffffff9c][0x14]%[0xfffffff0]][0xffffff89][0x1e][0xffffffb0]+[0xffffffd1][0xffffffcd][0xffffffe1][0xffffffe7][0xffffffc2][0xffffff80]c[0xffffffbb][0x12]][0xffffff8e]7[0xffffff93][0xffffff94][0x8][0xffffffd9][0xffffff95][0xffffffb0][0xffffff81]d([0x11][0xffffffb0]+![0xffffffe1][0xffffffac][0xffffffa6]D[0xfffffff0][0xffffffae][0xffffff84]+O[0xffffff96][0x12]y[0xffffffbb][0x12][0xffffffae]Z9J[0xffffffa4][0xffffffec]Jh[0xfffffff1]nP[0xffffffe2]p[0xffffff94][0xffffff98][0x13][0xfffffffb][0x3][0xffffffc7][0xffffff81]S[0xffffffe2][0x8][0xffffffa0][0xffffffc4][0xffffffa1]y/[0xc][0xfffffff8][0xffffff81]Q[0xffffffe2]H[0xffffffa2][0xffffff84]F[0xffffff91][0xffffffa1][0xffffff84][0xb]$C[0x9][0xffffff8d]e=%[0xffffffd6]pVSb[0xffffff8d]h[0x12]%Ly[0xffffffb2][0xffffff94][0xffffffb0]][0xffffffca]R[0xffffffc2]T+G[0x9]iZ[0xffffff8a][0x12]R[0xffffffbc][[0xffffff94]8[0xffffffc3]([0x1][0xffffffdf][0xffffffc1][0xfffffff1][0xfffffff5][0x4]<%[0xffffffc0];8[0xffffffbe]~[0xffffff9d][0xffffffa2]D[0xffffffce][0x1d][0x1c]&[0xffffff8a][0x14]%B[0xffffffee][0xffffffe0]0[0xffffffb1]$([0xffffff81][0xffffffde][0xffffffc1]![0x11][0xffffffcd][0xffffffa2]D[0xffffffd6][0x1d][0x1c][0xffffffbe]KiJ[0xffffffe4][0xffffffdc][0xffffffc1][0xffffffa1]M[0xffffffcb]Q[0xffffffe2][0xffffffaf][0xffffffef][0xffffffe0][0xffffffe8][0xffffffa7]y+[0xffffffd1]z[0xffffffc7](q[0xffffffe2]o%[0xffffffce][0xffffff80][0xffffffb7][0x12][0xffffffa7][0xffffffd2][0xffffffb9]0[0xffffffe0]'[0xfffffff6]V[0xffffffe2]Lz+[0xffffffa1]Qd([0xffffffe1][0x2][0xffffffc9]PBcYO[0xffffff89]5[0xffffff9c][0xffffffd5][0xffffff94]X#[0xffffff9a]D[0x9]S[0xffffff9e],%l[0xffffff97][0xffffffb2][0xffffff94]0[0xffffffd5][0xffffffca]QB[0xffffff9a][0xffffff96][0xffffffa2][0xffffff84][0x14][0xffffffef][0x6]%[0xffffffcc][0xffffffda]ek[0xfffffff3]8)J[0xffffffe0]k[0xffffff97]=`[0xffffffed][0xffffffb2][0xffffff9b]I[0xffffffb6][0xffffffc2][0xffffff80]ck[0xffffff97]]F[0xffffffd7]HJ[0xffffff84][0xffffffac]][0xffffffda]@2[0xffffff94][0x8]X[0xffffffbb][0xffffff94]pVS"x[0xffffffed][0xffffffd2][0xffffff95]'K[0xffffff89][0xffffffbc][0xffffffb5]KW[0xffffffad][0x1c]%R[0xffffffd6].[0xffffffb5]x[0xffffffff][0xffffff9c][0x12][0xffffff87];[0xffffffc1][0xffffffd1][0xffffffaf][0xffffff9b]:[0xffffffc1]q[0xffffffe0]'8[0xffffff8e][0xffffff80][0x13][0x1c][0xffffff87][0xfffffff9][0xffffffcc][0xffffffb8].[0xffffffe0][0x7]v[0xffffff82][0xffffffe3][0xffffff90][0xf][0xffffff89]AJ[0xffffff98]("[0xffffff94][0xffffffb0][0xffffff81]D(abYN[0x9][0x9]g1%$[0xffffffa2]A[0xffffff94]p[0xffffffe5][0xffffff89]R[0xffffffc2]w)J[0x9]W[0xffffffad][0x18]%[0xffffffb4]i!Jh[0xfffffff1]nP[0xffffffc2][0xffffff9d][0xffffffe0][0xffffffe8][0xfffffff7][0xffffff81]Q[0x2]?[0xffffffc1]q[0x4][0xffffff9c][0xffffffe0]8[0xffffffcc]g[0xffffffc6][0xffffff85][0x1][0xffffffc7]Np[0x1c][0xfffffff2]!1I[0xffffff89][0xffffff90][0x13][0x1c]6[0xffffff90][0xc]%[0x2]NpH8[0xffffffab])[0x11]|[0xffffff82][0xffffffc3][0xffffff95]'K[0xffffff89][0xffffffbc][0x13][0x1c][0xffffffae]Z9J[0xffffffa4][0xffffff9c][0xffffffe0][0xffffffd0][0xffffffe2][0xffffffdd][0xffffffa0][0xffffff84];[0xffffffc1]q[0xffffffb4]A[0xffffffad]][0x1e][0xfffffff8][0x9][0xffffff8e]#[0xffffffe0][0x4][0xffffffc7]a>3.[0xc]8v[0xffffff82][0xffffffe3][0xffffff90][0xf][0xffffff89]IJ[0xffffff84][0xffffff9c][0xffffffe0][0xffffffb0][0xffffff81]d([0x11]p[0xffffff82]C[0xffffffc2]YM[0xffffff89][0xffffffe0][0x13][0x1c][0xffffffae]<YJ[0xffffffe4][0xffffff9d][0xffffffe0]p[0xffffffd5][0xffffffca]Q"[0xffffffe5][0x4][0xffffff87][0x16][0xffffffef][0x16]%z[0x18]%[0xffffffe0];8[0xffffffbe][0xffffff9e][0xffffff80][0xffffffa7][0x4]x[0x7][0xffffffc7][0xffffffd7][0xffffffaf]S[0xffffff94][0xffffffc8][0xffffffb9][0xffffff83][0xffffffc3]D[0xffffff91][0xffffffa2]D[0xffffffc8][0x1d][0x1c]&[0xffffff96][0x4]%[0xffffffd0];8$[0xffffffa2]Y[0xffffff94][0xffffffc8][0xffffffba][0xffffff83][0xffffffc3]w)M[0xffffff89][0xffffff9c];8[0xffffffb4]i9J[0xfffffffc][0xfffffff5][0x1d][0x1c][0xffffff87];[0xc][0xffffffca]R[0x2]>[0xc]z[0x4][0x1c][0x6]=[0xffffffcc][0xffffff89][0xffffffa5][0xffffffd2][0xffffff80]C[0xffffff87]A[0xf]9[0xffffff93][0xffffffc4]R"[0xffffffe2]0[0xffffffa8][\r]$E[0x9][0xfffffffc]0[0xffffffa8][0xffffff84][0xffffffb3][0xffffff9e][0x12][0xffffffb1][0xffffff87]A]y[0xffffffd2][0xffffff94]H;[0xc][0xffffffea][0xffffffaa][0xffffff95][0xffffffa4]D[0xffffffc6]aP-[0xffffffde]-J[0xffffffb4];[0xffffffcc][0x12][0xffffffed][0xffffffc6]1[0xfffffff1][0xfffffff1][0x8][0xffffffbc]&~<[0x4][0xffffffc5][0xffffff89][0xffffff8f][0xffffff9f][0xffffffa7]<[0xfffffff1][0xfffffffd][0xffffffd3])[0xffffffa0][0xffffff90]<R[0xffffffa2]0[0xffffffa9][0xffffffa4]H![0xffffffd9]$L[0xffffffb1]$[0xffffffb4][0x1e][0x15]KN[0xffffffb3]T[0xffffffa1]5J[0xffffffb3][0xffffffc2][0xffffffb5]*[0xffffffed][\n]"
08:17:55.131 [TestNG-PoolService-2] DEBUG org.apache.hc.client5.http.wire -- http-outgoing-5 << "-Y[0x12][0x16]k[0xffffffe7]r[0xffffffb2]X+x[0xffffff8b][0x16]}[0xffffff84][0xffffffd1][0xffffffa2][0xf][0xffffff9c][0x16][0x1f][0xffffff8f][0xffffffc0][0xffffffd3][0xffffffe2][0xffffffc7]CP[0xffffffb4][0xfffffff8][0xfffffff8]y[0xffffff8a][0x16][0xffffffdf]?[0xffffff9d]B[0xb][0xffffffc9]#E[0xb][0xffffff93]J[0xffffff8a][0x16][0xffffff92]M[0xffffff82][0x16]KB[0xffffffeb]i[0xffffffb1][0xffffffe4]4[0xffffff8b][0x16]Z[0xffffffa3]4-\[0xffffffab][0xffffffd2][0xffffffb4][0xffffffd0][0xffffff92]%i[0xffffffb1]v.G[0xffffff8b][0xffffffb5][0xffffff82][0xffffffb7]hq[0x1e]a[0xffffffb4]8[0xf][0xffffff9c][0x16][0x1f][0xffffff8f][0xffffffc0][0xffffffd3][0xffffffe2][0xffffffc7]CP[0xffffffb4][0xfffffff8][0xfffffff8]y[0xffffff8a][0x16][0xffffffdf]?[0xffffff9d]B[0xb][0xffffffc9]#E[0xb][0xffffff93]J[0xffffff8a][0x16][0xffffff92]M[0xffffff82][0x16]KB[0xffffffeb]i[0xffffffb1][0xffffffe4]4[0xffffff8b][0x16]Z[0xffffffa3]4-\[0xffffffab][0xffffffd2][0xffffffb4][0xffffffd0][0xffffff92]%i[0xffffffb1]v.G[0xffffff8b][0xffffffb5][0xffffff82][0xffffffb7]hq[0xffffffa5][0xfffffffd]A[0xffffffe4][0xffffffe2][0xffffffff] r%[0xfffffffc]A[0xffffffe4]b[0xffffffff] rq[0x7f][0x10][0xffffffb9][0xffffffa2][0xfffffffe] "y[0xffffffa4]haRI[0xffffffd1]B[0xffffffb2]I[0xffffffd0][0xffffffe2][0xffffffa2][0xffffffff] r%[0xffffffff]ADk[0xffffff94][0xffffffa6][0xffffff85]kU[0xffffff9a][0x16]Z[0xffffffb2]$-[0xffffffd6][0xffffffce][0xffffffe5]h[0xffffffb1]V[0xfffffff0][0x16]-[0xffffffee][0xffffffb4]# 7[0x7f][0x6][0xffffffe4]N8[0x4]r[0xffffffb3][0xffffffa7]@n[0xffffffee][0x18][0xffffffc8][0x1d]u[0xe]D[0xfffffff2]H[0xffffffd1][0xffffffc2][0xffffffa4][0xffffff92][0xffffffa2][0xffffff85]d[0xffffff93][0xffffffa0][0xffffffc5]M[0xffffff9f][0x5][0xffffffb9][0xffffff93][0xf][0xffffff83]h[0xffffff8d][0xffffffd2][0xffffffb4]p[0xffffffad]J[0xffffffd3]BK[0xffffff96][0xffffffa4][0xffffffc5][0xffffffda][0xffffffb9][0x1c]-[0xffffffd6][\n]"
08:17:55.131 [TestNG-PoolService-2] DEBUG org.apache.hc.client5.http.wire -- http-outgoing-5 << "[0xffffffde][0xffffffa2][0xffffffc5][0xfffffff3][0xffffff84][0xffffffd1][0xffffffe2]ypZ|<[0x2]O[0xffffff8b][0x1f][0xf]A[0xffffffd1][0xffffffe2][0xffffffe3][0xffffffe7])Z|[0xffffffff]t[\n]"
08:17:55.131 [TestNG-PoolService-2] DEBUG org.apache.hc.client5.http.wire -- http-outgoing-5 << "-$[0xffffff8f][0x14]-L*)ZH6[0x9]Z,[0x9][0xffffffad][0xffffffa7][0xffffffc5][0xffffff92][0xffffffd3],Zh[0xffffff8d][0xffffffd2][0xffffffb4]p[0xffffffad]J[0xffffffd3]BK[0xffffff96][0xffffffa4][0xffffffc5][0xffffffda][0xffffffb9][0x1c]-[0xffffffd6][\n]"
08:17:55.131 [TestNG-PoolService-1] DEBUG org.apache.hc.client5.http.wire -- http-outgoing-3 << "%[0xffffffee][0xffffffff][0xffffff80][0x12]-[0xffffffcd][0x12][0xffffff8d][0xffffffc7]DK[0xffffffd0]Dc9[0xffffffd1]8O[0xffffffb4](PH[0x1e])Q[0xffffff98]TR[0xffffffa4][0xffffff90]l[0x12][0xffffffa6]h4*Z[0xffffffb2]*[0xffffffb4]FiV[0xffffffb8]V[0xffffffa5]][0xffffffa1]%K[0xffffffc2]b[0xffffffed]\N[0x16]k[0x5]o[0xffffffd1][0xffffffa2][0xffffff8f]0Z[0xfffffff4][0xffffff81][0xffffffd3][0xffffffe2][0xffffffe3][0x11]xZ[0xfffffffc]x[0x8][0xffffff8a][0x16][0x1f]?O[0xffffffd1][0xffffffe2][0xfffffffb][0xffffffa7]Sh!y[0xffffffa4]haRI[0xffffffd1]B[0xffffffb2]I[0xffffffd0]bIh=-[0xffffff96][0xffffff9c]f[0xffffffd1]Bk[0xffffff94][0xffffffa6][0xffffff85]kU[0xffffff9a][0x16]Z[0xffffffb2]$-[0xffffffd6][0xffffffce][0xffffffe5]h[0xffffffb1]V[0xfffffff0][0x16]-[0xffffff8e]4Z[0x1c]<-[0xffffff8e][0x4]Z[0x1c],-[0xe][0xffffff8e][0x16]G[0x14]-$[0xffffff8f][0x14]-L*)ZH6[0x9]Z[0x1c]4-[0xffffff8e]dZh[0xffffff8d][0xffffffd2][0xffffffb4]p[0xffffffad]J[0xffffffd3]BK[0xffffff96][0xffffffa4][0xffffffc5][0xffffffda][0xffffffb9][0x1c]-[0xffffffd6][\n]"
08:17:55.131 [TestNG-PoolService-1] DEBUG org.apache.hc.client5.http.wire -- http-outgoing-3 << "[0xffffffde][0xffffffa2][0xffffffc5]u[0xffffff85][0xffffffd1][0xffffffe2][0xffffffba]pZ|<[0x2]O[0xffffff8b][0x1f][0xf]A[0xffffffd1][0xffffffe2][0xffffffe3][0xffffffe7])Z|[0xffffffff]t[\n]"
08:17:55.131 [TestNG-PoolService-1] DEBUG org.apache.hc.client5.http.wire -- http-outgoing-3 << "-$[0xffffff8f][0x14]-L*)ZH6[0x9]Z,[0x9][0xffffffad][0xffffffa7][0xffffffc5][0xffffff92][0xffffffd3],Zh[0xffffff8d][0xffffffd2][0xffffffb4]p[0xffffffad]J[0xffffffd3]BK[0xffffff96][0xffffffa4][0xffffffc5][0xffffffda][0xffffffb9][0x1c]-[0xffffffd6][\n]"
08:17:55.132 [TestNG-PoolService-2] DEBUG org.apache.hc.client5.http.wire -- http-outgoing-5 << "[0xffffffde][0xffffffa2][0xffffffc5][0xffffff9c]a[0xffffffb4][0xffffff98][0x13][0xffffffa7][0xffffffc5][0xffffffc7]#[0xfffffff0][0xffffffb4][0xfffffff8][0xfffffff1][0x10][0x14]->~[0xffffff9e][0xffffffa2][0xffffffc5][0xfffffff7]O[0xffffffa7][0xffffffd0]B[0xfffffff2]H[0xffffffd1][0xffffffc2][0xffffffa4][0xffffff92][0xffffffa2][0xffffff85]d[0xffffff93][0xffffffa0][0xffffffc5][0xffffff92][0xffffffd0]zZ,9[0xffffffcd][0xffffffa2][0xffffff85][0xffffffd6](M[0xb][0xffffffd7][0xffffffaa]4-[0xffffffb4]dIZ[0xffffffac][0xffffff9d][0xffffffcb][0xffffffd1]b[0xffffffad][0xffffffe0]-Z[0xffffffb4][0xffffff96]f[0xffffff8b][0xffffff8f]'[0xffffffc2]q[0xfffffff1][0xfffffff9][0xc][0xffffffbc].~>[0x5][0xffffffc5][0xffffff8b][0xffffffcf][0xffffffdf][0xffffffa7]|[0xfffffff1][0xffffffe3][0xffffffb7]S[0xffffff80][0xffffffa1][0xffffffa1][0xffffffa4][0xffffff84][0xffffffe1][0xffffffa2]I[0x11]C[0x3]J[0x18]c[0xffffff8d]i=2[0xffffffd6][0xffffffb0]f)[0xffffffc3][0x14]*[0xffffffcd][0xc][0xffffffdb][0xffffffaf][0xffffffb4]3L[0xffffffdd][0xffffff92][0xffffffd0][0xffffff90][0xfffffff6][0xffffffe5][0xffffffa4]!e[0xfffffffc]'[0xffffffd4]x[0xffffffbe][0xffffffff][0x15]w[0xffffffe9][0xfffffff9]q_[0xffffffa3][0x1c][0x1a][0xffffffbf][0xffffff9f][0xffffff87]b[0xffffffc6]?[0xffffff9e][0x0]C[0xffffffc6][0xfffffff2][0xc][0xffffffc5][0xffffffc4][0xfffffff8][0xffffffc7][0xffffffaf][0x17][0x3][0xffffffe3][0x7f][0x7f][0x19][0xffffffe6][0xffffffc5][0xffffffdb]([0x16][0xffffffe3][0xffffffe2]_[0x2]YL[0xffffff8b][0xffffffb7][0xffffffb1],[0xffffff84][0xffffffc5][0xffffff9b]p[0xffffff96][0xffffffb1][0xffffffe2]MD#P[0xfffffff1][0xffffffbe]<!R[0xfffffffc][[0xffffff97]B[0xffffffa0]x_[0xffffffad][0x0]'[0xffffffde]5m9&[0xffffffde][0x15][0xffffffef][0x6]%[0x1e]C[0xffffff89][0xffffffeb][0xfffffff5][0xffffffba](J<8%[0xffffff9e][0x0]J<[0xffffff9a][0xfffffff7][0xffffffc2][0xffffff80]?[0x18]%[0xffffff9e]$Jh[0x14][0x19]J[0xffffffb8]@2[0xffffff94][0xffffffd0]X[0xffffffd6]Sb[\r]g5%[0xffffffd6][0xffffff88]&Q[0xffffffc2][0xffffff94]'K[0x9][0xffffffdb][0xffffffa5],%L[0xffffffb5]r[0xffffff94][0xffffff90][0xffffffa6][0xffffffa5](![0xffffffc5][0xffffffbb]A[0xffffff89][0xffffffe9]([0xffffffd1][0xffffffe6][0xffffff8b][0xffffffa2][0xffffffc4][0xffffffc4])1[0x3](15[0xffffffef][0xffffff85][0x1][0xffffff9f][0x18]%f[0x12]%4[0xffffff8a][0xc]%\ [0x19]Jh,[0xffffffeb])[0xffffffb1][0xffffff86][0xffffffb3][0xffffff9a][0x12]kD[0xffffff93](a[0xffffffca][0xffffff93][0xffffffa5][0xffffff84][0xffffffed]R[0xffffff96][0x12][0xffffffa6]Z9JH[0xffffffd3]R[0xffffff94][0xffffff90][0xffffffe2][0xfffffffd]sJ[0xffffff9c]/G[0xffffff89][0xffffffeb]k&[0xffffff8b][0xffffffa0][0xffffffc4][0xffffffe7][0xfffffff3][0xffffffb0][0xffffff94][0xfffffff8]z[0x2][0xffffff98][0x12][0xffffffbf][0xffffff9e][0x1][0xffffffa1][0xffffffc4][0xffffffd7][0xffffffaf]#[0xffffff94][0xfffffff8][0xfffffff9][0xffffffcb][0x11][0xffffff94]0QD(a[0x3][0xffffff89]P[0xffffffc2][0xffffffc4][0xffffffb2][0xffffff9c][0x12][0x12][0xffffffce]bJHD[0xffffff83]([0xffffffe1][0xffffffca][0x13][0xffffffa5][0xffffff84][0xffffffef]R[0xffffff94][0x12][0xffffffae]Z1Jh[0xffffffd3]B[0xffffff94][0xffffffd0][0xffffffe2][0xffffffdd][0xffffffa0]Ds[0xffffff94][0x18][0xffffffad]S[0xffffff94]h8%Z[0x0]%[0xffffff9a][0xffffffe6][0xffffffbd]0[0xffffffe0][\r][0xffffffa3]DK[0xffffffa2][0xffffff84]F[0xffffff91][0xffffffa1][0xffffff84][0xb]$C[0x9][0xffffff8d]e=%[0xffffffd6]pVSb[0xffffff8d]h[0x12]%Ly[0xffffffb2][0xffffff94][0xffffffb0]][0xffffffca]R[0xffffffc2]T+G[0x9]iZ[0xffffff8a][0x12]R[0xffffffbc][0x1b][0xffffff94][0xffffffe8][0xffffff8e][0x12][0xfffffff7][0xffffffc4][0xffffffde]Jt[0xffffff9c][0x12]=[0xffffff80][0x12]][0xfffffff3]^[0x18][0xfffffff0][0xffffff8e]Q[0xffffffa2]'QB[0xffffffa3][0xffffffc8]P[0xffffffc2][0x5][0xffffff92][0xffffffa1][0xffffff84][0xffffffc6][0xffffffb2][0xffffff9e][0x12]k8[0xffffffab])[0xffffffb1]F4[0xffffff89][0x12][0xffffffa6]<YJ[0xffffffd8].e)a[0xffffffaa][0xffffff95][0xffffffa3][0xffffff84]4-E[0x9])[0xffffffde][\r]J[0x1c][0xffffff86][0x12][0xffffffa3][0xffffffbf][0xffffffa8][0x13][0x1c][0xffffff9f][0xffffffcf][0x3]S[0xffffffe2][0x8][0xffffffa0][0xffffffc4][0xffffffa1]y/[0xc][0xfffffff8][0xffffff81]Q[0xffffffe2]H[0xffffffa2][0xffffff84]F[0xffffff91][0xffffffa1][0xffffff84][0xb]$C[0x9][0xffffff8d]e=%[0xffffffd6]pVSb[0xffffff8d]h[0x12]%Ly[0xffffffb2][0xffffff94][0xffffffb0]][0xffffffca]R[0xffffffc2]T+G[0x9]iZ[0xffffff8a][0x12]R[0xffffffbc][0x1b][0xffffff94]p[0xffffff87]A[0xffffffc7][0xffffffd9][0xffffffa8][0xffffffcf].O[0xfffffffc]0[0xffffffe8][0x19]p[0x18][0xfffffff4]4'[0xffffff96][\n]"
08:17:55.132 [TestNG-PoolService-2] DEBUG org.apache.hc.client5.http.wire -- http-outgoing-5 << "[0x3][0xffffff8e][0x1d][0x6]=[0xffffffe5]L[0x12]I[0xffffff89][0xffffff90][0xffffffc3][0xffffffa0]6[0xffffff90][0xc]%[0x2][0xe][0xffffff83]J8[0xffffffab])[0x11]|[0x18][0xffffffd4][0xffffff95]'K[0xffffff89][0xffffffbc][0xffffffc3][0xffffffa0][0xffffffae]Z9J[0xffffffa4][0x1c][0x6][0xffffffd5][0xffffffe2][0xffffffdd][0xffffffa0][0xffffffc4]c(q[0x1f][0x7]F[0xffffff89][0x7][0xffffffa7][0xffffffc4][0x13]@[0xffffff89]G[0xfffffff3]^[0x18][0xfffffff0][0x7][0xffffffa3][0xffffffc4][0xffffff93]D[0x9][0xffffff8d]"C[0x9][0x17]H[0xffffff86][0x12][0x1a][0xffffffcb]zJ[0xffffffac][0xffffffe1][0xffffffac][0xffffffa6][0xffffffc4][0x1a][0xffffffd1]$J[0xffffff98][0xfffffff2]d)a[0xffffffbb][0xffffff94][0xffffffa5][0xffffff84][0xffffffa9]V[0xffffff8e][0x12][0xffffffd2][0xffffffb4][0x14]%[0xffffffa4]x[0xffffffff][0xffffff9c][0x12][0xffffff97];[0xffffffc1]q?[0xffffff93][0xfffffffa][0xffffffec][0xfffffff2][0xffffffc2]Op\[0x1]'8.[0xfffffff3][0xffffff99]q][0xffffffc0]/[0xffffffec][0x4][0xffffffc7]%[0x1f][0x12][0xffffff83][0xffffff94]0QD(a[0x3][0xffffff89]P[0xffffffc2][0xffffffc4][0xffffffb2][0xffffff9c][0x12][0x12][0xffffffce]bJHD[0xffffff83]([0xffffffe1][0xffffffca][0x13][0xffffffa5][0xffffff84][0xffffffef]R[0xffffff94][0x12][0xffffffae]Z1Jh[0xffffffd3]B[0xffffff94][0xffffffd0][0xffffffe2][0xffffffdd][0xffffffa0][0xffffff84];[0xffffffc1][0xfffffff1][0xfffffff4][0xffffffe3][0xffffffa6]([0xffffff81][0xffffff9f][0xffffffe0][0xffffffb8][0x2]Np\[0xffffffe6]3[0xffffffe3][0xffffffc2][0xffffff80]c'8.[0xfffffff9][0xffffff90][0xffffff98][0xffffffa4]D[0xffffffc8][0x9][0xe][0x1b]H[0xffffff86][0x12][0x1]'8$[0xffffff9c][0xffffffd5][0xffffff94][0x8]>[0xffffffc1][0xffffffe1][0xffffffca][0xffffff93][0xffffffa5]D[0xffffffde][0x9][0xe]W[0xffffffad][0x1c]%RNph[0xfffffff1]nP[0xffffffc2][0xffffff9d][0xffffffe0]x[0xfffffffa][0xffffffd7][0xffffff95]`[0x8]%[0xfffffff0][0x13][0x1c]W[0xffffffc0][0x9][0xffffff8e][0xffffffcb]|f\[0x18]p[0xffffffec][0x4][0xffffffc7]%[0x1f][0x12][0xffffff93][0xffffff94][0x8]9[0xffffffc1]a[0x3][0xffffffc9]P"[0xffffffe0][0x4][0xffffff87][0xffffff84][0xffffffb3][0xffffff9a][0x12][0xffffffc1]'8\y[0xffffffb2][0xffffff94][0xffffffc8];[0xffffffc1][0xffffffe1][0xffffffaa][0xffffff95][0xffffffa3]D[0xffffffca][0x9][0xe]-[0xffffffde][\r]J[0xffffffb8][0x13][0x1c][0xffffffcf][0xfffffff1][0xffffffc2][0xfffffffe][0xffffffc0][0xffffff81][0xffffff9f][0xffffffe0][0xffffffb8][0x2]Np\[0xffffffe6]3[0xffffffe3][0xffffffc2][0xffffff80]c'8.[0xfffffff9][0xffffff90][0xffffff98][0xffffffa4]D[0xffffffc8][0x9][0xe][0x1b]H[0xffffff86][0x12][0x1]'8$[0xffffff9c][0xffffffd5][0xffffff94][0x8]>[0xffffffc1][0xffffffe1][0xffffffca][0xffffff93][0xffffffa5]D[0xffffffde][0x9][0xe]W[0xffffffad][0x1c]%RNph[0xfffffff1]nP[0xffffffc2][0xffffff9d][0xffffffe0]x[0xffffff8e][0x3][0xffffffa3][0x4]~[0xffffff82][0xffffffe3][\n]"
08:17:55.132 [TestNG-PoolService-2] DEBUG org.apache.hc.client5.http.wire -- http-outgoing-5 << "8[0xffffffc1]q[0xffffff99][0xffffffcf][0xffffff8c][0xb][0x3][0xffffff8e][0xffffff9d][0xffffffe0][0xffffffb8][0xffffffe4]Cb[0xffffff92][0x12]!'8l [0x19]J[0x4][0xffffff9c][0xffffffe0][0xffffff90]pVS"[0xfffffff8][0x4][0xffffff87]+O[0xffffff96][0x12]y'8\[0xffffffb5]r[0xffffff94]H9[0xffffffc1][0xffffffa1][0xffffffc5][0xffffffbb]A[0xffffff89][0xffffffcb]R[0xffffff82][0xfffffffb][0x3][0xffffffc7][0xffffff85]S[0xffffffe2][\n]"
08:17:55.132 [TestNG-PoolService-1] DEBUG org.apache.hc.client5.http.wire -- http-outgoing-3 << "[0xffffffde][0xffffffa2][0xffffffc5]ha[0xffffffb4][0x18][\r][0xffffffa7][0xffffffc5][0xffffffc7]#[0xfffffff0][0xffffffb4][0xfffffff8][0xfffffff1][0x10][0x14]->~[0xffffff9e][0xffffffa2][0xffffffc5][0xfffffff7]O[0xffffffa7][0xffffffd0]B[0xfffffff2]H[0xffffffd1][0xffffffc2][0xffffffa4][0xffffff92][0xffffffa2][0xffffff85]d[0xffffff93][0xffffffa0][0xffffffc5][0xffffff92][0xffffffd0]zZ,9[0xffffffcd][0xffffffa2][0xffffff85][0xffffffd6](M[0xb][0xffffffd7][0xffffffaa]4-[0xffffffb4]dIZ[0xffffffac][0xffffff9d][0xffffffcb][0xffffffd1]b[0xffffffad][0xffffffe0]=Z[0xffffffa4][0xffffff9d].[0x1d][0xfffffffc][0xfffffff1][0xffffffd2][0xffffff91]p[0xffffffbe]t[0xffffffb0][0x7]L[0x7]w[0xffffffc2]tD[0x1d]1[0xffffff95]<b[0xffffffb4][0xffffffc8]9d*[0xffffffd9]DhA[0x1f]3[0x1d][0xffffffc9][0xffffffe7]L[0xffffffb5]FqZ[0x4][0xffffff9e]4[0xffffffd5][0xffffff92]Ei[0x11]s[0xffffffd6]t[0xffffffad][0xffffffe0]=Z[0xffffffac]s[0xffffff9a]8-[0xffffffe8]=[0xffffffcd][0xffffffaf]G[0x8][0xffffffa0][0x5][0xffffffb9][0xffffffa8][0xfffffff9][0xfffffff5][0xfffffff3][0x18]-[0xffffff82]65M[0x1e]1Z[0xffffffa4][0xffffffac]j[0xffffff9a]l"[0xffffffb4]`w5%[0xffffffa7]a[0xffffffb4][0x8][[0xffffffd6][0xfffffff4][0xffffffad][0xffffff8a][0xffffffd3]"h[S;[0x17][0xffffffa4][0xffffffc5][0x7f][0xffffffb1][0xffffffae][0xffffffd9][0xffffffe2][0xffffff8e][0xffffff88][0xffffffb4][0xffffff80]3"-[0xffffffe2][0xffffff90]H[0xffffffd3][0xf][0xffffff98]K[0xffffffa3][0xffffffde][0xffffffc0]c"-[0xffffffeb][0xffffff9c][0xffffff88][0xffffff86][0xffffff92][0x12][0xffffff86][0xffffff8b]&E[0xc][\r](a[0xffffff8c]5[0xffffffa6][0xfffffff5][0xffffffc8]X[0xffffffc3][0xffffff9a][0xffffffa5][0xc]S[0xffffffa8]43l[0xffffffbf][0xffffffd2][0xffffffce]0uKBC[0xffffffda][0xffffff97][0xffffff93][0xffffff86][0xffffff94][0xfffffff1]&5[0xffffffe2][0xffffff86].z[0xffffffc0][0xffffffd2]E[0xffffff8f][0xffffff98][0xffffffba][0xffffffe8][0xfffffff0][0xffffffd6]E[0x7][0xffffffc7].z[0xffffffd6][0xffffffda][0xffffff85][0xffffff84][0xffffff92][0xffffffa3]F[0xffffffd0][0xffffffde][0xffffff85][0x4][0xffffff94][0xffffffa1][0x6][0xffffffbe]x[0xffffffd1][0xffffffa3]'/[0xffffffb4]Pyj$[0xffffff8e]^h[0xffffffdd][0xffffffb2][0xffffffd4][0xffffffc8][0xffffff99][0xffffffbd]X[0xffffffcb]x[0xffffff8f][0x1a]O[0xffffffda][0xffffffc7][0x18][0x1f]O[0xffffffc4]S[0xffffffe3]I[0xfffffff8][0x1c][0xffffffe3][0xffffffe7]S`[0xffffffd4]x[0xffffffb8][0xf]2~[0xfffffffc]v[0xc]5$[0xffffff94][0x18]5L41jH@[0x11]j<[0xfffffff4]W[0x19]kX[0xffffffc3][0xffffffa8][0xffffffa1][0xffffff85][0xffffff8a]S[0xffffffc3][0xfffffff5]+N[\r][0xffffffad][[0xffffff94][0x1a]k[0xfffffffb][0xffffff82][0xffffffd4]X[0xffffffcb][0xfffffff8]O[0xffffffa8]q[0x7f][0xfffffffd]+[0xffffffcf]a[0xffffffae]'[0xffffffeb][0xffffffaf][0xfffffffb])[0xffffff87][0xffffffc6][0xffffffef][0xffffffe7][0xffffffa1][0xffffff98][0xfffffff1][0xffffff8f]'[0xffffffc0][0xffffff90][0xffffffb1]<C11[0xfffffffe][0xfffffff1][0xffffffeb][0xffffffc5][0xffffffc0][0xfffffff8][0xffffffdf]_[0xffffff86]y[0xfffffff1]6[0xffffff8a][0xffffffc5][0xffffffb8][0xfffffff8][0xffffff97]@[0x16][0xffffffd3][0xffffffe2]m,[0xb]a[0xfffffff1]&[0xffffff9c]e[0xffffffac]x[0x13][0xffffffd1][0x8]T[0xffffffbc]/O[0xffffff88][0x14][0xffffffff][0xffffffd6][0xffffffa5][0x10]([0xffffffde]W+[0xffffffc0][0xffffff89]wM[[0xffffff8e][0xffffff89]w[0xffffffc5][0xffffffbb]A[0xffffff89][0xffffffd3]Q[0xffffffe2][0xffffffb8]N[0xffffff8a][0x12]'N[0xffffff89]3[0xffffff80][0x12][0xffffffa7][0xffffffe6][0xffffffbd]0[0xffffffe0]'F[0xffffff89]3[0xffffff89][0x12][0x1a]E[0xffffff86][0x12].[0xffffff90][0xc]%4[0xffffff96][0xfffffff5][0xffffff94]X[0xffffffc3]YM[0xffffff89]5[0xffffffa2]I[0xffffff94]0[0xffffffe5][0xffffffc9]R[0xffffffc2]v)K[0x9]S[0xffffffad][0x1c]%[0xffffffa4]i)JH[0xfffffff1]nP[0xffffffe2]r[0xffffff94][0xffffffb8]z[0xffffffa3](q[0xffffffe1][0xffffff94][0xffffffb8][0x2](qi[0xffffffde][0xb][0x3]~a[0xffffff94][0xffffffb8][0xffffff92]([0xffffffa1]Qd([0xffffffe1][0x2][0xffffffc9]PBcYO[0xffffff89]5[0xffffff9c][0xffffffd5][0xffffff94]X#[0xffffff9a]D[0x9]S[0xffffff9e],%l[0xffffff97][0xffffffb2][0xffffff94]0[0xffffffd5][0xffffffca]QB[0xffffff9a][0xffffff96][0xffffffa2][0xffffff84][0x14][0xffffffef][0x6]%[0xffffff86][0xffffffa3][0xffffffc4][0xfffffffc]Z[0xffffffe8]D(1pJ[0xffffff8c][0x0]J[0xc][0xffffffcd]{a[0xffffffc0][0x7]F[0xffffff89][0xffffff91]D[0x9][0xffffff8d]"C[0x9][0x17]H[0xffffff86][0x12][0x1a][0xffffffcb]zJ[0xffffffac][0xffffffe1][0xffffffac][0xffffffa6][0xffffffc4][0x1a][0xffffffd1]$J[0xffffff98][0xfffffff2]d)a[0xffffffbb][0xffffff94][0xffffffa5][0xffffff84][0xffffffa9]V[0xffffff8e][0x12][0xffffffd2][0xffffffb4][0x14]%[0xffffffa4]x7(q[0x1b]J|[0xfffffffe][0xffffff87][0xffffffa2][0xffffffc4][0xffffff8d]S[0xffffffe2][0xe][0xffffffa0][0xffffffc4][0xffffffad]y/[0xc][0xfffffff8][0xffffff8d]Q[0xffffffe2]N[0xffffffa2][0xffffff84]F[0xffffff91][0xffffffa1][0xffffff84][0xb]$C[0x9][0xffffff8d]e=%[0xffffffd6]pVSb[0xffffff8d]h[0x12]%Ly[0xffffffb2][0xffffff94][0xffffffb0]][0xffffffca]R[0xffffffc2]T+G[0x9]iZ[0xffffff8a][0x12]R[0xffffffbc][0x1b][0xffffff94]x,%[0xffffff9e][0xffffff93][0xffffffa2][0xffffffc4][0xffffff83]S[0xffffffe2][0x9][0xffffffa0][0xffffffc4][0xffffffa3]y/[0xc][0xfffffff8][0xffffff83]Q[0xffffffe2]I[0xffffffa2][0xffffff84]F[0xffffff91][0xffffffa1][0xffffff84][0xb]$C[0x9][0xffffff8d]e=%[0xffffffd6]pVSb[0xffffff8d]h[0x12]%Ly[0xffffffb2][0xffffff94][0xffffffb0]][0xffffffca]R[0xffffffc2]T+G[0x9]iZ[0xffffff8a][0x12]R[0xffffffbc][0x1b][0xffffff94][0xffffff98][0xffffff8e][0x12][0xffffff8d]{+1qJ[0xffffffcc][0x0]JL[0xffffffcd]{a[0xffffffc0]'F[0xffffff89][0xffffff99]D[0x9][0xffffff8d]"C[0x9][0x17]H[0xffffff86][0x12][0x1a][0xffffffcb]zJ[0xffffffac][0xffffffe1][0xffffffac][0xffffffa6][0xffffffc4][0x1a][0xffffffd1]$J[0xffffff98][0xfffffff2]d)a[0xffffffbb][0xffffff94][0xffffffa5][0xffffff84][0xffffffa9]V[0xffffff8e][0x12][0xffffffd2][0xffffffb4][0x14]%[0xffffffa4]x[0xffffffff][0xffffff9c][0x12][0xfffffff3]e)qO[0xffffff88][0x12][0xffffff9f][0xffffffcf][0xffffffc3]R[0xffffffe2][0xffffffeb][0x9]`J[0xfffffffc]z[0x6][0xffffff84][0x12]_[0xffffffbf][0xffffff8e]P[0xffffffe2][0xffffffe7]/GP[0xffffffc2]D[0x11][0xffffffa1][0xffffff84][\r]$B[0x9][0x13][0xffffffcb]rJH8[0xffffff8b])![0x11][\r][0xffffffa2][0xffffff84]+O[0xffffff94][0x12][0xffffffbe]KQJ[0xffffffb8]j[0xffffffc5]([0xffffffa1]M[0xb]QB[0xffffff8b]w[0xffffff83][0x12][0xffffffcd]Q[0xffffffa2]?[0xffffffd4][[0xffffff89][0xffffffcf][0xffffffe7][0xffffff81])[0xffffffd1][0x2]([0xffffffd1]4[0xffffffef][0xffffff85][0x1]o[0x18]%Z[0x12]%4[0xffffff8a][0xc]%\ [0x19]Jh,[0xffffffeb])[0xffffffb1][0xffffff86][0xffffffb3][0xffffff9a][0x12]kD[0xffffff93](a[0xffffffca][0xffffff93][0xffffffa5][0xffffff84][0xffffffed]R[0xffffff96][0x12][0xffffffa6]Z9JH[0xffffffd3]R[0xffffff94][0xffffff90][0xffffffe2][0xffffffdd][0xffffffa0]Dw[0xffffff94][0xffffffb8]N[0xffffffec][0xffffffad]D[0xffffffc7])[0xffffffd1][0x3]([0xffffffd1]5[0xffffffef][0xffffff85][0x1][0xffffffef][0x18]%z[0x12]%4[0xffffff8a][0xc]%\ [0x19]Jh,[0xffffffeb])[0xffffffb1][0xffffff86][0xffffffb3][0xffffff9a][0x12]kD[0xffffff93](a[0xffffffca][0xffffff93][0xffffffa5][0xffffff84][0xffffffed]R[0xffffff96][0x12][0xffffffa6]Z9JH[0xffffffd3]R[0xffffff94][0xffffff90][0xffffffe2][0xffffffdd][0xffffffa0][0xffffff84][[0xffffffbb]<[0xffffffee][0xffffff86]Q[0x2]_[0xffffffbb][0xffffff9c][0x1]k[0xffffff97][0xffffffd3]L[0xffffffb2][0x15][0x6][0x1c][[0xffffffbb][0xffffff9c]2[0xffffffba]FR"d[0xffffffed][0xffffffd2][0x6][0xffffff92][0xffffffa1]D[0xffffffc0][0xffffffda][0xffffffa5][0xffffff84][0xffffffb3][0xffffff9a][0x12][0xffffffc1]k[0xffffff97][0xffffffae]<YJ[0xffffffe4][0xffffffad]][0xffffffba]j[0xffffffe5]([0xffffff91][0xffffffb2]v[0xffffffa9][0xffffffc5][0xffffffbb]E[0xffffff89][0x1e]F[0x9][0xffffffec]~[0xffffff8e][0x7f]<[0x1]O[0x9][0xffffffe4]n[0xffffff8e][0x7f][0xfffffffc]:E[0xffffff89][0xffffff84]{9[0xffffffde]F[0xffffff91][0xffffffa2][0x4]~'[0xffffffc7][0xffffffdb]X[0x12][0xffffff94][0xffffff80][0xffffffee][0xffffffe3]x[0x13][0xffffffd1],J[0xffffffa4][0xffffffdc][0xffffffc5][0xfffffff1]o]JS"[0xffffffe1][0x1e][0xffffff8e]wM[0xffffffcb]Q[0xffffffe2][0xffffffaf][0xffffffef][0xffffffe0][0xffffff98]n8[0xfffffffb][0xffffffec]/j[0xffffffed]r[0xffffffe2][0xffffffc3][0xffffffd9]3`8{[0xffffff9a]u[0xffffffd7][0xffffffc2][0xffffff80]c[0xffffffc3][0xffffffd9]S[0xfffffff6][IJ[0xffffff84][0xc]g[0xffffffdb]@2[0xffffff94][0x8][0x18][0xffffffce][0xffffff96]pVS"x8[0xffffffdb][0xffffff95]'K[0xffffff89][0xffffffbc][0xffffffe1]lW[0xffffffad][0x1c]%R[0xffffff86][0xffffffb3][0xffffffb5]x7([0xffffffe1][0xffffff86][0xffffffb3][0xffffffcf]c[0xffffffdc][0x14]%[0xfffffff0][0xffffffe1][0xffffffec][0x19]0[0xffffff9c]=[0xffffffcd][0xffffffba]ka[0xffffffc0][0xffffffb1][0xffffffe1][0xffffffec])[0xfffffffb][0xffffffad]$%B[0xffffff86][0xffffffb3]m [0x19]J[0x4][0xc]gK8[0xffffffab])[0x11]<[0xffffff9c][0xffffffed][0xffffffca][0xffffff93][0xffffffa5]D[0xffffffde]p[0xffffffb6][0xffffffab]V[0xffffff8e][0x12])[0xffffffc3][0xffffffd9]Z[0xffffffbc][0x1b][0xffffff94]p[0xffffffc3][0xffffffd9][0xffffffe7][0xffffffdd][0xffffffa9][0xffffffe1][0xffffffec][0xffffff89][0xf]g[0xffffffcf][0xffffff80][0xffffffe1][0xffffffec]i[0xffffffd6]][0xb][0x3][0xffffff8e][\r]gO[0xffffffd9]o%)[0x11]2[0xffffff9c]m[0x3][0xffffffc9]P"`8[[0xffffffc2]YM[0xffffff89][0xffffffe0][0xffffffe1]lW[0xffffff9e],%[0xfffffff2][0xffffff86][0xffffffb3]][0xffffffb5]r[0xffffff94]H[0x19][0xffffffce][0xffffffd6][0xffffffe2][0xffffffdd][0xffffffa0][0xffffffc4]m(q[0xffffffbd][0x1e][0xffffffec][0xf][0x1c]7N[0xffffff89];[0xffffff80][0x12][0xffffffb7][0xffffffe6][0xffffffbd]0[0xffffffe0]7F[0xffffff89];[0xffffff89][0x12][0x1a]E[0xffffff86][0x12].[0xffffff90][0xc]%4[0xffffff96][0xfffffff5][0xffffff94]X[0xffffffc3]YM[0xffffff89]5[0xffffffa2]I[0xffffff94]0[0xffffffe5][0xffffffc9]R[0xffffffc2]v)K[0x9]S[0xffffffad][0x1c]%[0xffffffa4]i)JH[0xfffffff1]nP[0xffffffe2][0xfffffff9][0xffffffbf]C)q[0xffffffb4][0xffffff87][0xffffffa2][0xffffffc4][0xffffffc7][0xfffffff3][0xffffffc0][0xffffff94][0xfffffff8]|[0x2][0xffffff9a][0x12]?[0xffffff9f][0xffffff81][0xffffffa1][0xffffffc4][0xffffffe7][0xffffffaf]3[0xffffff94][0xfffffff8][0xfffffff1][0xffffffcb][0x19][0xffffff94][0xffffffd0](2[0xffffff94]p[0xffffff81]d([0xffffffa1][0xffffffb1][0xffffffac][0xffffffa7][0xffffffc4][0x1a][0xffffffce]jJ[0xffffffac][0x11]M[0xffffffa2][0xffffff84])O[0xffffff96][0x12][0xffffffb6]KYJ[0xffffff98]j[0xffffffe5](!MKQB[0xffffff8a]w[0xffffff83][0x12][0xffffffd3][0xffffff9c][0xffffffe0][0xffffffb8][0xffffffc6][0xffffffdd])JL[0xfffffffc][0x4][0xffffffc7][0xc]8[0xffffffc1]1[0xfffffff5]3[0xffffffe3][0xffffffc2][0xffffff80]O[0xffffffec][0x4][0xffffffc7]L:[0xffffffc1][0xffffffa1]Qd([0xffffffe1][0x2][0xffffffc9]PBcYO[0xffffff89]5[0xffffff9c][0xffffffd5][0xffffff94]X#[0xffffff9a]D[0x9]S[0xffffff9e],%l[0xffffff97][0xffffffb2][0xffffff94]0[0xffffffd5][0xffffffca]QB[0xffffff9a][0xffffff96][0xffffffa2][0xffffff84][0x14][0xffffffef][0x16]%[0xffffffce]0J[0xffffff9c]8%[0xffffffce][0x0]J[0xffffff9c](%N[0xffffff8c][0x12]g[0x12]%[0xffffffd6](R[0xffffff94][0xffffffd0]@R[0xffffff94]XcIP[0xffffffe2][0xffffff84])q[0x6]SB[0xffffffca][0xffffff93][0xffffffa6][0xffffff84][0xffffffe9]R[0xffffff9a][0x12]R[0xffffffad]$%[0xffffffce][0x14]J[0xffffff9c][0x7f]I[0xffffff89][0xffffffeb][0xffffffe5][0xffffffee][0xffffffe0][0x18][0xffffffaf][0x3][0xffffffda][0xffffff95][0xfffffff8]z[0x1e][0xffffff94][0x12][0xffffffdf]O[0xffffffc0]R[0xffffffe2][0xfffffff7]3[0x10][0xffffff94][0xfffffff8][0xfffffffe]u[0xffffff82][0x12][0xffffffbf]~9[0xffffff81][0x12].[0xffffff8a][0x4]%| [0x9]J[0xffffffb8]XVSB[0xffffffc3]YK[0x9][0xffffff8d]h[0xe]%ly[0xffffff92][0xffffff94]x[0xffffffd3][0xffffffa5]$%l[0xffffffb5]R[0xffffff94]0M[0xffffffcb]P[0xffffffc2][0x14][0xffffffef][0x6]%[0xffffffdc][0x1d][0x1c][0xffffffe3]5[0xffffffa1];8[0xffffffbe][0xffffff9e][0x7][0xffffffa6][0x4][0x7f][0x7][0xffffffc7][0xffffffef]g`(A[0xffffffdd][0xffffffc1][0xfffffff1][0xffffffeb][0xffffff97]3([0xffffff91]q[0x7][0xffffff87][0xf]$C[0x9][0xfffffffe][0xe][0xe][\r]g5%r[0xffffffef][0xffffffe0][0xffffffb0][0xffffffe5][0xffffffc9]R"[0xffffffee][0xe][0xe][[0xffffffad][0x1c]%B[0xffffffee][0xffffffe0]0[0xffffffc5][0xffffffbb]A[0xffffff89][0xffffffdb]Q[0xffffffe2][0xffffffa6]>[0xffffffbb][0xfffffffc]z[0x1e][0xffffff98][0x12]w[0x0]%n[0xffffffcd]{a[0xffffffc0]o[0xffffff8c][0x12]w[0x12]%4[0xffffff8a][0xc]%\ [0x19]Jh,[0xffffffeb])[0xffffffb1][0xffffff86][0xffffffb3][0xffffff9a][0x12]kD[0xffffff93](a[0xffffffca][0xffffff93][0xffffffa5][0xffffff84][0xffffffed]R[0xffffff96][0x12][0xffffffa6]Z9JH[0xffffffd3]R[0xffffff94][0xffffff90][0xffffffe2][0xffffffdd][0xffffffa0][0xffffffc4]c(q[0xffffffb7][0xffffff81][0xffffffbd][0xffffff95]xpJ<[0x1][0xffffff94]x4[0xffffffef][0xffffff85][0x1][0x7f]0J<I[0xffffff94][0xffffffd0](2[0xffffff94]p[0xffffff81]d([0xffffffa1][0xffffffb1][0xffffffac][0xffffffa7][0xffffffc4][0x1a][0xffffffce]jJ[0xffffffac][0x11]M[0xffffffa2][0xffffff84])O[0xffffff96][0x12][0xffffffb6]KYJ[0xffffff98]j[0xffffffe5](!MKQB[0xffffff8a]w[0xffffff83][0x12][0xffffffd3]Q[0xffffffe2][0x18][0xffffffd0]g[0xffffff97]_[0xffffffcf][0x3]Sb[0x6]Pbj[0xffffffde][0xb][0x3]>1J[0xffffffcc]$Jh[0x14][0x19]J[0xffffffb8]@2[0xffffff94][0xffffffd0]X[0xffffffd6]Sb[\r]g5%[0xffffffd6][0xffffff88]&Q[0xffffffc2][0xffffff94]'K[0x9][0xffffffdb][0xffffffa5],%L[0xffffffb5]r[0xffffff94][0xffffff90][0xffffffa6][0xffffffa5](![0xffffffc5][0xfffffffb][0xffffffe7][0xffffff94]h[0xffffffee][0xffffffb3][0xffffffcb][0xfffffffb]9[0xffffffa8][0xffffffb7][0x12][\r][0xffffffff][0xffffffec][0xffffffb2][0x5]|v[0xffffffd9][0xffffffcc][0xffffffb7]Au[0x1]o[0xffffffd8]g[0xffffff97]M[0xffffffbe][0xfffffffe][0x1])a[0xffffffa2][0xffffff88]P[0xffffffc2][0x6][0x12][0xffffffa1][0xffffff84][0xffffff89]e9%$[0xffffff9c][0xffffffc5][0xffffff94][0xffffff90][0xffffff88][0x6]Q[0xffffffc2][0xffffff95]'J[0x9][0xffffffdf][0xffffffa5](%\[0xffffffb5]b[0xffffff94][0xffffffd0][0xffffffa6][0xffffff85]([0xffffffa1][0xffffffc5][0xffffffbb]E[0xffffff89]3[0xffffff8c][0x12][0xffffffec]a[0xffffffd0][0xffffffef]'[0xffffffe0])[0xffffffc1][0x1d][0x6][0xfffffffd][0xfffffffe]u[0xffffff8a][0x12]1[0xffffff87]A][0x14])Jd[0x1c][0x6]u[0xffffffb1]$(A[0x1e][0x6][0xffffffd5][0xffffff88]fQ"[0xffffffea]0[0xffffffe8][0xffffff9b].[0xffffffa5])[0x11]s[0x18][0xffffffd4]4-G[0xffffff89][0xffffffbf]>[0xc][0xffffffda][0xffffffdc][0x9][0xffffff8e]{b[0xffffffdf]J4[0xfffffffc][0x4]G[0xb]8[0xffffffc1][0xffffffd1][0xffffffcc]g[0xffffffc6][0xffffff85][0x1][0xffffffc7]Np4[0xfffffff9][0xffffff90][0xffffff98][0xffffffa4]D[0xffffffc8][0x9][0xe][0x1b]H[0xffffff86][0x12][0x1]'8$[0xffffff9c][0xffffffd5][0xffffff94][0x8]>[0xffffffc1][0xffffffe1][0xffffffca][0xffffff93][0xffffffa5]D[0xffffffde][0x9][0xe]W[0xffffffad][0x1c]%RNph[0xfffffff1]nP[0xffffffa2][0x1b]J<g[0xffffffa3][0xffffffbe][0xffffff95][0xfffffff8]|[0x1e][0xffffff98][0x12]=[0xffffff80][0x12]][0xfffffff3]^[0x18][0xfffffff0][0xffffff8e]Q[0xffffffa2]'QB[0xffffffa3][0xffffffc8]P[0xffffffc2][0x5][0xffffff92][0xffffffa1][0xffffff84][0xffffffc6][0xffffffb2][0xffffff9e][0x12]k8[0xffffffab])[0xffffffb1]F4[0xffffff89][0x12][0xffffffa6]<YJ[0xffffffd8].e)a[0xffffffaa][0xffffff95][0xffffffa3][0xffffff84]4-E[0x9])[0xffffffde][\r]J[0xffffffb8]K[0xffffffc6][0xffffffe7][0xffffffeb]E[0x1d][0x6]m[0xfffffff4]%[0xffffffe3][0xffffffdf]O@S[0xffffff82][0xffffffbc]d[0xfffffffc][0xfffffffb][0xffffffd7][0x19]J[0x4]]2[0xffffffee][0xffffffa2][0xffffffc8]P"[0xffffffe5][0xffffff92]q[0x17][0xffffffcb]zJ[0xffffffb0][0xffffff97][0xffffff8c]kD[0xffffff93]([0x11]v[0xffffffc9][0xfffffff8][0xffffff9b].e)[0x11]t[0xffffffc9][0xffffffb8]iZ[0xffffff8a][0x12][0x7f][0x7f][0xffffffc9][0xfffffff8][0xffffffd5][0xffffffdc]%[0xffffffe3][0xfffffff3]50J[0xffffffd0][0xffffff97][0xffffff8c][0x7f]?[0x1]M[0x9][0xfffffff2][0xffffff92][0xfffffff1][0xffffffef]_g([0x11]t[0xffffffc9][0xffffffb8][0xffffff8b]"C[0xffffff89][0xffffff94]K[0xffffffc6]],[0xffffffeb])[0xffffffc1]^2[0xffffffae][0x11]M[0xffffffa2]D[0xffffffd8]%[0xffffffe3]o[0xffffffba][0xffffff94][0xffffffa5]D[0xffffffd0]%[0xffffffe3][0xffffffa6]i)J[0xfffffffc][0xfffffffd]%[0xffffffe3]W[0xffffffbb][0x1d]%[0xffffffda]yS[0xffffff94][0xffffffb8]qJ[0xffffffdc][0x1][0xffffff94][0xffffffb8]5[0xffffffef][0xffffff85][0x1][0xffffffbf]1J[0xffffffdc]I[0xffffff94][0xffffffd0](2[0xffffff94]p[0xffffff81]d([0xffffffa1][0xffffffb1][0xffffffac][0xffffffa7][0xffffffc4][0x1a][0xffffffce]jJ[0xffffffac][0x11]M[0xffffffa2][0xffffff84])O[0xffffff96][0x12][0xffffffb6]KYJ[0xffffff98]j[0xffffffe5](!MKQB[0xffffff8a]w[0xffffff83][0x12][0xffffff8f][0xffffffb9][0x19]t[0xfffffff6]yR[0xffffff94]x[0xffffffe0][0xffffff9b]A[0xffffffbf][0xffffff9f][0xffffff80][0xffffffa6][0xffffffc4][0xffffffa3][0xffffffd7][0xffffffd7][0x15][0x6][0xfffffffc][0xffffff81]n[0x6][0xfffffffd][0xfffffff5][0xffffffcb][0x19][0xffffff94][0xffffffd0](2[0xffffff94]p[0xffffff81]d([0xffffffa1][0xffffffb1][0xffffffac][0xffffffa7][0xffffffc4][0x1a][0xffffffce]jJ[0xffffffac][0x11]M[0xffffffa2][0xffffff84])O[0xffffff96][0x12][0xffffffb6]KYJ[0xffffff98]j[0xffffffe5](!MKQB[0xffffff8a]w[0xffffff83][0x12]n[0xffffffa2]j[0xffffffde]g[0xffffffa3]([0xffffff81]OT[0xffffffb5][0xffffff80][0xffffff89][0xffffffaa]fvT[\n]"
08:17:55.132 [TestNG-PoolService-2] DEBUG org.apache.hc.client5.http.wire -- http-outgoing-5 << "[0xffffffa0][0xffffffc4][0xffffffa5]y/[0xc][0xfffffff8][0xffffff85]Q[0xffffffe2]J[0xffffffa2][0xffffff84]F[0xffffff91][0xffffffa1][0xffffff84][0xb]$C[0x9][0xffffff8d]e=%[0xffffffd6]pVSb[0xffffff8d]h[0x12]%Ly[0xffffffb2][0xffffff94][0xffffffb0]][0xffffffca]R[0xffffffc2]T+G[0x9]iZ[0xffffff8a][0x12]R[0xffffffbc][[0xffffff94][0xffffffe8]a[0xffffff94][0xffffffe8]8%z[0x0]%:J[0xffffff89][0xffffff8e]Q[0xffffffa2]'Qb[0xffffff8d]"E[0x9][\r]$E[0xffffff89]5[0xffffff96][0x4]%:L[0xffffff89][0x1e]L[0x9])O[0xffffff9a][0x12][0xffffffa6]KiJH[0xffffffb5][0xffffff92][0xffffff94][0xffffffe8])[0xffffff94][0xffffffe8][0x7f]M[0xffffff89][0xffffffe1](q[0xffffff9d][0xf]E[0xffffff89][0xffffff81]Sb[0x4]Pbh[0xffffffde][0xb][0x3]>0J[0xffffff8c]$Jh[0x14][0x19]J[0xffffffb8]@2[0xffffff94][0xffffffd0]X[0xffffffd6]Sb[\r]g5%[0xffffffd6][0xffffff88]&Q[0xffffffc2][0xffffff94]'K[0x9][0xffffffdb][0xffffffa5],%L[0xffffffb5]r[0xffffff94][0xffffff90][0xffffffa6][0xffffffa5](![0xffffffc5][0xffffffbb]A[0x9]w[0xffffffc9][0xfffffff8][0x1c][0x7]F[0x9][0xfffffffc][0xffffff92][0xfffffff1]+[0xffffffe0][0xffffff92][0xfffffff1][0xffffffcb][0xffffffdc][0xffffff84][[0x18]p[0xffffffec][0xffffff92][0xfffffff1]K[0xffffffee][0xffffffba]%)[0x11]r[0xffffffc9][0xffffffb8][\r]$C[0xffffff89][0xffffff80]K[0xffffffc6]%[0xffffff9c][0xffffffd5][0xffffff94][0x8][0xffffffbe]d[0xffffffdc][0xffffff95]'K[0xffffff89][0xffffffbc]K[0xffffffc6]][0xffffffb5]r[0xffffff94]H[0xffffffb9]d\[0xffffff8b][0xfffffff7][0xffffffcf])1[0xffffffdc]D[0xffffffd5][0xffffffbc];[0xffffffb5]v9[0xfffffff0][0xffffff89][0xffffffaa][0x11]0Q5[0xffffffcc][0xffffff8e]J][0xffffffc0][0x7]6Q5d)[0x5][0xffffffa4][0xffffff84][0xffffff89]"B[0x9][0x1b]H[0xffffff84][0x12]&[0xffffff96][0xffffffe5][0xffffff94][0xffffff90]p[0x16]SB"[0x1a]D[0x9]W[0xffffff9e](%|[0xffffff97][0xffffffa2][0xffffff94]p[0xffffffd5][0xffffff8a]QB[0xffffff9b][0x16][0xffffffa2][0xffffff84][0x16][0xffffffef][0x6]%[0xffffffcc][0xffffffae]D[0x7f]q[0xffffffc3][0xffffffd9][0x3][0xffffffdf][0xffffff95][0x18][0x1][0xffffffbb][0x12][0xffffffc3][0x1c]~.[0xc]8[0xffffffb6]+1[0xffffffe4]x3I[0xffffff89][0xffffff90]][0x9][0x1b]H[0xffffff86][0x12][0x1][0xffffffbb][0x12][0x12][0xffffffce]jJ[0x4][0xffffffef]J[0xffffffb8][0xfffffff2]d)[0xffffff91][0xffffffb7]+[0xffffffe1][0xffffffaa][0xffffff95][0xffffffa3]D[0xffffffca][0xffffffae][0xffffff84][0x16][0xffffffef][0x6]%[0xffffffcc]a[0xffffffd0][0xfffffffe][0xffffff9a]G[0xffffffa3]([0xffffff81][0x1f][0x6][0x1d][0x1][0xffffff87]A[0xffffff87]9[0xffffffb1]T[0x18]p[0xffffffec]0[0xffffffe8][0xffffff90]3I$%B[0xe][0xffffff83][0xffffffda]@2[0xffffff94][0x8]8[0xc]*[0xffffffe1][0xffffffac][0xffffffa6]D[0xfffffff0]aPW[0xffffff9e],%[0xfffffff2][0xe][0xffffff83][0xffffffba]j[0xffffffe5]([0xffffff91]r[0x18]T[0xffffff8b]w[0xffffff83][0x12][0xffffffe6]0ho}b[0xffffff94][0xffffffc0][0xf][0xffffff83][0xffffff8e][0xffffff80][0xffffffc3][0xffffffa0][0xffffffc3][0xffffff9c]X*[0xc]8v[0x18]t[0xffffffc8][0xffffff99]$[0xffffff92][0x12]![0xffffff87]Am [0x19]J[0x4][0x1c][0x6][0xffffff95]pVS"[0xfffffff8]0[0xffffffa8]+O[0xffffff96][0x12]y[0xffffff87]A][0xffffffb5]r[0xffffff94]H9[0xc][0xffffffaa][0xffffffc5][0xffffffbb]A[0xffffff89][0xffffffdb]Q[0xffffffe2][0xffffff98][0xffffffd4]g[0xffffff97][0xffffff9f][0xffffffcf][0x3]S[0xffffffe2][0xe][0xffffffa0][0xffffffc4][0xffffffad]y/[0xc][0xfffffff8][0xffffff8d]Q[0xffffffe2]N[0xffffffa2][0xffffff84]F[0xffffff91][0xffffffa1][0xffffff84][0xb]$C[0x9][0xffffff8d]e=%[0xffffffd6]pVSb[0xffffff8d]h[0x12]%Ly[0xffffffb2][0xffffff94][0xffffffb0]][0xffffffca]R[0xffffffc2]T+G[0x9]iZ[0xffffff8a][0x12]R[0xffffffbc][0x1b][0xffffff94]x[0x1c]%N[0xffffffec]:[0xffffffaf][0xffffffcf][0xffffffe7][0xffffff81])[0xfffffff1][0x4]P[0xffffffe2][0xffffffd1][0xffffffbc][0x17][0x6][0xfffffffc][0xffffffc1]([0xfffffff1]$QB[0xffffffa3][0xffffffc8]P[0xffffffc2][0x5][0xffffff92][0xffffffa1][0xffffff84][0xffffffc6][0xffffffb2][0xffffff9e][0x12]k8[0xffffffab])[0xffffffb1]F4[0xffffff89][0x12][0xffffffa6]<YJ[0xffffffd8].e)a[0xffffffaa][0xffffff95][0xffffffa3][0xffffff84]4-E[0x9])[0xffffffde]?[0xffffffa7][0xffffffc4]mNp[0xfffffff4]6[0xffffffae][0x13][0xffffffa2][0xffffffc4][0xffffff8d][0xffffff9f][0xffffffe0][0xffffffb8][0x3]Np[0xffffffdc][0xffffffe6]3[0xffffffe3][0xffffffba][0xffffff80][0xffffffdf][0xffffffd8][0x9][0xffffff8e][>$[0x6])a[0xffffffa2][0xffffff88]P[0xffffffc2][0x6][0x12][0xffffffa1][0xffffff84][0xffffff89]e9%$[0xffffff9c][0xffffffc5][0xffffff94][0xffffff90][0xffffff88][0x6]Q[0xffffffc2][0xffffff95]'J[0x9][0xffffffdf][0xffffffa5](%\[0xffffffb5]b[0xffffff94][0xffffffd0][0xffffffa6][0xffffff85]([0xffffffa1][0xffffffc5][0xffffffbb]A[0x9]s[0xffffffc9]xo[0xfffffff3][0xffffffa2][0xffffffde]J[0xffffffdc][0xfffffff8]%[0xffffffe3]w[0xffffffc0]%[0xffffffe3][0xffffffb7][0xffffffb9][0x9][0xffffffb7]0[0xffffffe0][0xffffffd8]%[0xffffffe3][0xffffffb7][0xffffffdc]uKR"[0xffffffe4][0xffffff92]q[0x1b]H[0xffffff86][0x12][0x1][0xffffff97][0xffffff8c]K8[0xffffffab])[0x11]|[0xffffffc9][0xffffffb8]+O[0xffffff96][0x12]y[0xffffff97][0xffffff8c][0xffffffbb]j[0xffffffe5]([0xffffff91]r[0xffffffc9][0xffffffb8][0x16][0xffffffef][0x6]%[0xffffffdc]a[0xffffffd0][0xffffffde].[0xffffffea][0xffffffb3][0xffffffcb][0x1b]?[0xc]z[0x7][0x1c][0x6][0xffffffbd][0xffffffcd][0xffffff89][0xffffffa5][0xffffffc2][0xffffff80]c[0xffffff87]Ao9[0xffffff93]DR"[0xffffffe4]0[0xffffffa8][\r]$C[0xffffff89][0xffffff80][0xffffffc3][0xffffffa0][0x12][0xffffffce]jJ[0x4][0x1f][0x6]u[0xffffffe5][0xffffffc9]R"[0xffffffef]0[0xffffffa8][0xffffffab]V[0xffffff8e][0x12])[0xffffff87]A[0xffffffb5]x7(a.[0x19][0xffffffef][0xfffffffd][0xffffffc2]&[0xffffffaa]n[0xfffffffc][0xffffff92][0xfffffff1];[0xffffffe0][0xffffff92][0xfffffff1][0xffffffdb][0xffffffdc][0xffffff84][[0x18]p[0xffffffec][0xffffff92][0xfffffff1][[0xffffffee][0xffffffba]%)[0x11]r[0xffffffc9][0xffffffb8][\r]$C[0xffffff89][0xffffff80]K[0xffffffc6]%[0xffffff9c][0xffffffd5][0xffffff94][0x8][0xffffffbe]d[0xffffffdc][0xffffff95]'K[0xffffff89][0xffffffbc]K[0xffffffc6]][0xffffffb5]r[0xffffff94]H[0xffffffb9]d\[0xffffff8b]w[0xffffff83][0x12]nW[0xffffffa2][0xffffffdf][0xffffffd8][0x1d][0x1c]7[0xffffffbe]+q[0x7][0xffffffec]J[0xffffffdc][0xffffffe6][0xfffffff0]sa[0xffffffc0][0xffffffb1]][0xffffff89][[0xffffff8e]7[0xffffff93][0xffffff94][0x8][0xffffffd9][0xffffff95][0xffffffb0][0xffffff81]d([0x11][0xffffffb0]+![0xffffffe1][0xffffffac][0xffffffa6]D[0xfffffff0][0xffffffae][0xffffff84]+O[0xffffff96][0x12]y[0xffffffbb][0x12][0xffffffae]Z9J[0xffffffa4][0xffffffec]Jh[0xfffffff1]nP[0xffffffc2][0xffffffed]J[0x1c][0xffffffed][0xffffffc4][0xffffffde]J[0xffffffe0][0xffffffbb][0x12]w[0xffffffc0][0xffffffae][0xffffffc4]m[0xe]?[0x17][0x6][0x1c][0xffffffdb][0xffffff95][0xffffffb8][0xffffffe5]x3I[0xffffff89][0xffffff90]][0x9][0x1b]H[0xffffff86][0x12][0x1][0xffffffbb][0x12][0x12][0xffffffce]jJ[0x4][0xffffffef]J[0xffffffb8][0xfffffff2]d)[0xffffff91][0xffffffb7]+[0xffffffe1][0xffffffaa][0xffffff95][0xffffffa3]D[0xffffffca][0xffffffae][0xffffff84][0x16][0xffffffef][0x6]%[0xffffff86][0xffffffa3][0xffffffc4][0xffffffd1][0xffffffb0][0xffffffcf].[0x7]N[0xffffff89][0x11]@[0xffffff89][0xffffffa1]y/[0xc][0xfffffff8][0xffffffc0](1[0xffffff92]([0xffffffa1]Qd([0xffffffe1][0x2][0xffffffc9]PBcYO[0xffffff89]5[0xffffff9c][0xffffffd5][0xffffff94]X#[0xffffff9a]D[0x9]S[0xffffff9e],%l[0xffffff97][0xffffffb2][0xffffff94]0[0xffffffd5][0xffffffca]QB[0xffffff9a][0xffffff96][0xffffffa2][0xffffff84][0x14][0xffffffef][0x6]%[0xffffffdc]D[0xffffffd5]q5[0xffffffec][0xffffffb3]K|[0xffffffa2][0xffffffea][0xe][0xffffff98][0xffffffa8][0xffffffba][0xffffffcd][0xffffff8e]Ja[0xffffffc0][0xffffffb1][0xffffff89][0xffffffaa][[0xffffff96]RHJ[0xffffff84]LT[0xffffffd9]@2[0xffffff94][0x8][0xffffff98][0xffffffa8][0xffffff92]pVS"x[0xffffffa2][0xffffffca][0xffffff95]'K[0xffffff89][0xffffffbc][0xffffff89]*W[0xffffffad][0x1c]%R&[0xffffffaa][0xffffffb4]x7([0xfffffff1]8J[0xffffff8c][0x7][0xfffffffb][0x3][0xffffffc7][0xffffff83]S[0xffffffe2][0x9][0xffffffa0][0xffffffc4][0xffffffa3]y/[0xc][0xfffffff8][0xffffff83]Q[0xffffffe2]I[0xffffffa2][0xffffff84]F[0xffffff91][0xffffffa1][0xffffff84][0xb]$C[0x9][0xffffff8d]e=%[0xffffffd6]pVSb[0xffffff8d]h[0x12]%Ly[0xffffffb2][0xffffff94][0xffffffb0]][0xffffffca]R[0xffffffc2]T+G[0x9]iZ[0xffffff8a][0x12]R[0xffffffbc][0x1b][0xffffff94][0xffffff98][0xffffff8e][0x12]O[0xffffff9b][0x14]%&N[0xffffff89][0xffffffe9][0xffffffe2]_[0xffffff9c][0xfffffff7][0xffffffa9]y/[0xc][0xfffffff8][0xffffffc4](1[0xffffff93]([0xffffffa1]Qd([0xffffffe1][0x2][0xffffffc9]PBcYO[0xffffff89]5[0xffffff9c][0xffffffd5][0xffffff94]X#[0xffffff9a]D[0x9]S[0xffffff9e],%l[0xffffff97][0xffffffb2][0xffffff94]0[0xffffffd5][0xffffffca]QB[0xffffff9a][0xffffff96][0xffffffa2][0xffffff84][0x14][0xffffffef][0xffffff9f]S[0xffffffe2]qk[0xffffff97][0xffffffc7]s[0xf][0xffffff88][0x12][0xf][0xffffffbe]v[0xfffffff9][0x4][0xffffffac]]]]><![CDATA[>f[0xffffff92][0xffffffad].[0xffffffe0][0xf][0xffffffb6]v[0xfffffff9][0xffffffc8][0xffffffe8][0x1a]H[0x9][0x13]E[0xffffff84][0x12]6[0xffffff90][0x8]%L,[0xffffffcb])![0xffffffe1],[0xffffffa6][0xffffff84]D4[0xffffff88][0x12][0xffffffae]<QJ[0xfffffff8].E)[0xffffffe1][0xffffffaa][0x15][0xffffffa3][0xffffff84]6-D[0x9]-[0xffffffde][\r]J[0xffffffb8][0xffffffb5][0xffffffcb]cv[0xffffffea][[0xffffff89][0x7]_[0xffffffbb]|[0x2][0xffffffd6].[0x1f]3[0xffffffc9]V[0x18]pl[0xffffffed][0xfffffff2][0xffffff91][0xffffffd1]5[0xffffff92][0x12]!k[0xffffff97]6[0xffffff90][0xc]%[0x2][0xffffffd6].%[0xffffff9c][0xffffffd5][0xffffff94][0x8]^[0xffffffbb]t[0xffffffe5][0xffffffc9]R"o[0xffffffed][0xffffffd2]U+G[0xffffff89][0xffffff94][0xffffffb5]K-[0xffffffde][\r]J[0xffffffb8][0xffffffb5][0xffffffcb]cbwp<[0xfffffff8][0xffffffda][0xffffffe5][0x13][0xffffffb0]v[0xfffffff9][0xffffff98]I[0xffffffb6][0xffffffc2][0xffffff80]ck[0xffffff97][0xffffff8f][0xffffff8c][0xffffffae][0xffffff91][0xffffff94][0x8]Y[0xffffffbb][0xffffffb4][0xffffff81]d([0x11][0xffffffb0]v)[0xffffffe1][0xffffffac][0xffffffa6]D[0xfffffff0][0xffffffda][0xffffffa5]+O[0xffffff96][0x12]yk[0xffffff97][0xffffffae]Z9J[0xffffffa4][0xffffffac]]j[0xfffffff1]nP[0xffffffc2][0xffffffad]][0x1e]sb[0x7f][0xffffffe0][0xffffffc0][0xffffffd7].[0xffffff9f][0xffffff80][0xffffffb5][0xffffffcb][0xffffffc7]L[0xffffffb2][0x15][0x6][0x1c][[0xffffffbb]|dt[0xffffff8d][0xffffffa4]D[0xffffffc8][0xffffffda][0xffffffa5][\r]$C[0xffffff89][0xffffff80][0xffffffb5]K[0x9]g5%[0xffffff82][0xffffffd7].]y[0xffffffb2][0xffffff94][0xffffffc8][[0xffffffbb]t[0xffffffd5][0xffffffca]Q"e[0xffffffed]R[0xffffff8b]w[0xffffff83][0x12]n[0xffffffa2][0xffffffea]<[0xffffffb9][0xffffffb7][0x12][0xfffffff8]D[0xffffffd5][0x13]0Q[0xfffffff5][0xffffff98][0x1d][0xffffff95][0xffffffc2][0xffffff80]c[0x13]U[0xffffff8f],[0xffffffa5][0xffffff90][0xffffff94][0x8][0xffffff99][0xffffffa8][0xffffffb2][0xffffff81]d([0x11]0Q%[0xffffffe1][0xffffffac][0xffffffa6]D[0xfffffff0]D[0xffffff95]+O[0xffffff96][0x12]y[0x13]U[0xffffffae]Z9J[0xffffffa4]LTi[0xfffffff1]nP[0xffffffc2][0xffffffed]J\[0x1f][0xffffffff][0xffffffa1]([0xffffff81][0xffffffef]J<[0x1][0xffffffbb][0x12][0xffffff8f]9[0xfffffffc]\[0x18]plW[0xffffffe2][0xffffff91][0xffffffe3][0xffffffcd]$%Bv%l [0x19]J[0x4][0xffffffec]JH8[0xffffffab])[0x11][0xffffffbc]+[0xffffffe1][0xffffffca][0xffffff93][0xffffffa5]D[0xffffffde][0xffffffae][0xffffff84][0xffffffab]V[0xffffff8e][0x12])[0xffffffbb][0x12]Z[0xffffffbc][0x1b][0xffffff94]x[0x1c]%[0xffffffce][0x13]{+[0xfffffff1][0xffffffe0][0xffffff94]x[0x2]([0xfffffff1]h[0xffffffde][0xb][0x3][0xfffffffe]`[0xffffff94]x[0xffffff92]([0xffffffa1]Qd([0xffffffe1][0x2][0xffffffc9]PBcYO[0xffffff89]5[0xffffff9c][0xffffffd5][0xffffff94]X#[0xffffff9a]D[0x9]S[0xffffff9e],%l[0xffffff97][0xffffffb2][0xffffff94]0[0xffffffd5][0xffffffca]QB[0xffffff9a][0xffffff96][0xffffffa2][0xffffff84][0x14][0xffffffef][0x6]%[0xffffffdc][0xffffffae][0xffffffc4]u[0xffffffb7][0xffffff83][0xffffffa2][0x4][0xffffffbe]+[0xfffffff1][0x4][0xffffffec]J<[0xffffffe6][0xfffffff0]sa[0xffffffc0][0xffffffb1]][0xffffff89]G[0xffffff8e]7[0xffffff93][0xffffff94][0x8][0xffffffd9][0xffffff95][0xffffffb0][0xffffff81]d([0x11][0xffffffb0]+![0xffffffe1][0xffffffac][0xffffffa6]D[0xfffffff0][0xffffffae][0xffffff84]+O[0xffffff96][0x12]y[0xffffffbb][0x12][0xffffffae]Z9J[0xffffffa4][0xffffffec]Jh[0xfffffff1][0xfffffffe]9%[0xffffffa6];[0xc]:[0xffffffce][0xffffff87][0xffffffa2][0xffffffc4][0xffffffc4][0xf][0xffffff83][0xffffffce][0xffffff80][0xffffffc3][0xffffffa0][0xffffffd3][0xffffff9c]X[0xffffffaa][0xb][0xfffffff8][0xffffffc4][0xe][0xffffff83]N9[0xffffff93][0x4]R[0xffffffc2]D[0x11][0xffffffa1][0xffffff84][\r]$B[0x9][0x13][0xffffffcb]rJH8[0xffffff8b])![0x11][\r][0xffffffa2][0xffffff84]+O[0xffffff94][0x12][0xffffffbe]KQJ[0xffffffb8]j[0xffffffc5]([0xffffffa1]M[0xb]QB[0xffffff8b]w[0xffffff83][0x12][0xffffffee]0[0xffffffe8][0xffffffb8][0xf][0xffffffea][[0xffffff89][0xffffff89][0x1f][0x6][0xffffff9d][0x1][0xffffff87]A[0xffffffa7]9[0xffffffb1]T[0x18]p[0xffffffec]0[0xffffffe8][0xffffff94]3I$%B[0xe][0xffffff83][0xffffffda]@2[0xffffff94][0x8]8[0xc]*[0xffffffe1][0xffffffac][0xffffffa6]D[0xfffffff0]aPW[0xffffff9e],%[0xfffffff2][0xe][0xffffff83][0xffffffba]j[0xffffffe5]([0xffffff91]r[0x18]T[0xffffff8b]w[0xffffff83][0x12][0xffffffa7][0xffffffa1][0xffffffc4][0xffffffdd][0xffffffc6]EQ[0xffffffe2][0xffffffc4])q[0xffffffba][0xfffffff8][0x17][0xffffffe7][0xfffffffd][0xffffffd4][0xffffffbc][0x17][0x6][0xfffffffc][0xffffffc4](q&QB[0xffffffa3][0xffffffc8]P[0xffffffc2][0x5][0xffffff92][0xffffffa1][0xffffff84][0xffffffc6][0xffffffb2][0xffffff9e][0x12]"
08:17:55.133 [TestNG-PoolService-1] DEBUG org.apache.hc.client5.http.wire -- http-outgoing-3 << "[0x3][0xffffff8e]MT5YJ!)[0x11]2Qe[0x3][0xffffffc9]P"`[0xffffffa2]J[0xffffffc2]YM[0xffffff89][0xffffffe0][0xffffff89]*W[0xffffff9e],%[0xfffffff2]&[0xffffffaa]\[0xffffffb5]r[0xffffff94]H[0xffffff99][0xffffffa8][0xffffffd2][0xffffffe2][0xfffffffd]sJt7Q5[0xffffff9f][0xffffff87]:[0xc][0xffffffda][0xfffffff1][0xffffff89][0xffffffaa][0x1e]0Q[0xffffffd5][0xffffffcd][0xffffff8e]J][0xffffffc0];6Q[0xffffffd5]e)[0x5][0xffffffa4][0xffffff84][0xffffff89]"B[0x9][0x1b]H[0xffffff84][0x12]&[0xffffff96][0xffffffe5][0xffffff94][0xffffff90]p[0x16]SB"[0x1a]D[0x9]W[0xffffff9e](%|[0xffffff97][0xffffffa2][0xffffff94]p[0xffffffd5][0xffffff8a]QB[0xffffff9b][0x16][0xffffffa2][0xffffff84][0x16][0xffffffef][0x6]%[0xffffffcc][0xffffffae]D{[0xffffffb5]A}+[0xffffffd1][0xfffffff1]][0xffffff89][0x1e][0xffffffb0]+[0xffffffd1][0xffffffcd][0xffffffe1][0xffffffe7][0xffffffc2][0xffffff80]c[0xffffffbb][0x12]][0xffffff8e]7[0xffffff93][0xffffff94][0x8][0xffffffd9][0xffffff95][0xffffffb0][0xffffff81]d([0x11][0xffffffb0]+![0xffffffe1][0xffffffac][0xffffffa6]D[0xfffffff0][0xffffffae][0xffffff84]+O[0xffffff96][0x12]y[0xffffffbb][0x12][0xffffffae]Z9J[0xffffffa4][0xffffffec]Jh[0xfffffff1]nP[0xffffffc2][0xffffffec]J[0xffffffb4][0xffffffd7][0xfffffff5][0xffffff9c][0x14]%[0xfffffff0]][0xffffff89][0x1e][0xffffffb0]+[0xffffffd1][0xffffffcd][0xffffffe1][0xffffffe7][0xffffffc2][0xffffff80]c[0xffffffbb][0x12]][0xffffff8e]7[0xffffff93][0xffffff94][0x8][0xffffffd9][0xffffff95][0xffffffb0][0xffffff81]d([0x11][0xffffffb0]+![0xffffffe1][0xffffffac][0xffffffa6]D[0xfffffff0][0xffffffae][0xffffff84]+O[0xffffff96][0x12]y[0xffffffbb][0x12][0xffffffae]Z9J[0xffffffa4][0xffffffec]Jh[0xfffffff1]nP[0xffffffe2]p[0xffffff94][0xffffff98][0x13][0xfffffffb][0x3][0xffffffc7][0xffffff81]S[0xffffffe2][0x8][0xffffffa0][0xffffffc4][0xffffffa1]y/[0xc][0xfffffff8][0xffffff81]Q[0xffffffe2]H[0xffffffa2][0xffffff84]F[0xffffff91][0xffffffa1][0xffffff84][0xb]$C[0x9][0xffffff8d]e=%[0xffffffd6]pVSb[0xffffff8d]h[0x12]%Ly[0xffffffb2][0xffffff94][0xffffffb0]][0xffffffca]R[0xffffffc2]T+G[0x9]iZ[0xffffff8a][0x12]R[0xffffffbc][[0xffffff94]8[0xffffffc3]([0x1][0xffffffdf][0xffffffc1][0xfffffff1][0xfffffff5][0x4]<%[0xffffffc0];8[0xffffffbe]~[0xffffff9d][0xffffffa2]D[0xffffffce][0x1d][0x1c]&[0xffffff8a][0x14]%B[0xffffffee][0xffffffe0]0[0xffffffb1]$([0xffffff81][0xffffffde][0xffffffc1]![0x11][0xffffffcd][0xffffffa2]D[0xffffffd6][0x1d][0x1c][0xffffffbe]KiJ[0xffffffe4][0xffffffdc][0xffffffc1][0xffffffa1]M[0xffffffcb]Q[0xffffffe2][0xffffffaf][0xffffffef][0xffffffe0][0xffffffe8][0xffffffa7]y+[0xffffffd1]z[0xffffffc7](q[0xffffffe2]o%[0xffffffce][0xffffff80][0xffffffb7][0x12][0xffffffa7][0xffffffd2][0xffffffb9]0[0xffffffe0]'[0xfffffff6]V[0xffffffe2]Lz+[0xffffffa1]Qd([0xffffffe1][0x2][0xffffffc9]PBcYO[0xffffff89]5[0xffffff9c][0xffffffd5][0xffffff94]X#[0xffffff9a]D[0x9]S[0xffffff9e],%l[0xffffff97][0xffffffb2][0xffffff94]0[0xffffffd5][0xffffffca]QB[0xffffff9a][0xffffff96][0xffffffa2][0xffffff84][0x14][0xffffffef][0x6]%[0xffffffcc][0xffffffda]ek[0xfffffff3]8)J[0xffffffe0]k[0xffffff97]=`[0xffffffed][0xffffffb2][0xffffff9b]I[0xffffffb6][0xffffffc2][0xffffff80]ck[0xffffff97]]F[0xffffffd7]HJ[0xffffff84][0xffffffac]][0xffffffda]@2[0xffffff94][0x8]X[0xffffffbb][0xffffff94]pVS"x[0xffffffed][0xffffffd2][0xffffff95]'K[0xffffff89][0xffffffbc][0xffffffb5]KW[0xffffffad][0x1c]%R[0xffffffd6].[0xffffffb5]x[0xffffffff][0xffffff9c][0x12][0xffffff87];[0xffffffc1][0xffffffd1][0xffffffaf][0xffffff9b]:[0xffffffc1]q[0xffffffe0]'8[0xffffff8e][0xffffff80][0x13][0x1c][0xffffff87][0xfffffff9][0xffffffcc][0xffffffb8].[0xffffffe0][0x7]v[0xffffff82][0xffffffe3][0xffffff90][0xf][0xffffff89]AJ[0xffffff98]("[0xffffff94][0xffffffb0][0xffffff81]D(abYN[0x9][0x9]g1%$[0xffffffa2]A[0xffffff94]p[0xffffffe5][0xffffff89]R[0xffffffc2]w)J[0x9]W[0xffffffad][0x18]%[0xffffffb4]i!Jh[0xfffffff1]nP[0xffffffc2][0xffffff9d][0xffffffe0][0xffffffe8][0xfffffff7][0xffffff81]Q[0x2]?[0xffffffc1]q[0x4][0xffffff9c][0xffffffe0]8[0xffffffcc]g[0xffffffc6][0xffffff85][0x1][0xffffffc7]Np[0x1c][0xfffffff2]!1I[0xffffff89][0xffffff90][0x13][0x1c]6[0xffffff90][0xc]%[0x2]NpH8[0xffffffab])[0x11]|[0xffffff82][0xffffffc3][0xffffff95]'K[0xffffff89][0xffffffbc][0x13][0x1c][0xffffffae]Z9J[0xffffffa4][0xffffff9c][0xffffffe0][0xffffffd0][0xffffffe2][0xffffffdd][0xffffffa0][0xffffff84];[0xffffffc1]q[0xffffffb4]A[0xffffffad]][0x1e][0xfffffff8][0x9][0xffffff8e]#[0xffffffe0][0x4][0xffffffc7]a>3.[0xc]8v[0xffffff82][0xffffffe3][0xffffff90][0xf][0xffffff89]IJ[0xffffff84][0xffffff9c][0xffffffe0][0xffffffb0][0xffffff81]d([0x11]p[0xffffff82]C[0xffffffc2]YM[0xffffff89][0xffffffe0][0x13][0x1c][0xffffffae]<YJ[0xffffffe4][0xffffff9d][0xffffffe0]p[0xffffffd5][0xffffffca]Q"[0xffffffe5][0x4][0xffffff87][0x16][0xffffffef][0x16]%z[0x18]%[0xffffffe0];8[0xffffffbe][0xffffff9e][0xffffff80][0xffffffa7][0x4]x[0x7][0xffffffc7][0xffffffd7][0xffffffaf]S[0xffffff94][0xffffffc8][0xffffffb9][0xffffff83][0xffffffc3]D[0xffffff91][0xffffffa2]D[0xffffffc8][0x1d][0x1c]&[0xffffff96][0x4]%[0xffffffd0];8$[0xffffffa2]Y[0xffffff94][0xffffffc8][0xffffffba][0xffffff83][0xffffffc3]w)M[0xffffff89][0xffffff9c];8[0xffffffb4]i9J[0xfffffffc][0xfffffff5][0x1d][0x1c][0xffffff87];[0xc][0xffffffca]R[0x2]>[0xc]z[0x4][0x1c][0x6]=[0xffffffcc][0xffffff89][0xffffffa5][0xffffffd2][0xffffff80]C[0xffffff87]A[0xf]9[0xffffff93][0xffffffc4]R"[0xffffffe2]0[0xffffffa8][\r]$E[0x9][0xfffffffc]0[0xffffffa8][0xffffff84][0xffffffb3][0xffffff9e][0x12][0xffffffb1][0xffffff87]A]y[0xffffffd2][0xffffff94]H;[0xc][0xffffffea][0xffffffaa][0xffffff95][0xffffffa4]D[0xffffffc6]aP-[0xffffffde]-J[0xffffffb4];[0xffffffcc][0x12][0xffffffed][0xffffffc6]1[0xfffffff1][0xfffffff1][0x8][0xffffffbc]&~<[0x4][0xffffffc5][0xffffff89][0xffffff8f][0xffffff9f][0xffffffa7]<[0xfffffff1][0xfffffffd][0xffffffd3])[0xffffffa0][0xffffff90]<R[0xffffffa2]0[0xffffffa9][0xffffffa4]H![0xffffffd9]$L[0xffffffb1]$[0xffffffb4][0x1e][0x15]KN[0xffffffb3]T[0xffffffa1]5J[0xffffffb3][0xffffffc2][0xffffffb5]*[0xffffffed][\n]"
08:17:55.133 [TestNG-PoolService-1] DEBUG org.apache.hc.client5.http.wire -- http-outgoing-3 << "-Y[0x12][0x16]k[0xffffffe7]r[0xffffffb2]X+x[0xffffff8b][0x16]}[0xffffff84][0xffffffd1][0xffffffa2][0xf][0xffffff9c][0x16][0x1f][0xffffff8f][0xffffffc0][0xffffffd3][0xffffffe2][0xffffffc7]CP[0xffffffb4][0xfffffff8][0xfffffff8]y[0xffffff8a][0x16][0xffffffdf]?[0xffffff9d]B[0xb][0xffffffc9]#E[0xb][0xffffff93]J[0xffffff8a][0x16][0xffffff92]M[0xffffff82][0x16]KB[0xffffffeb]i[0xffffffb1][0xffffffe4]4[0xffffff8b][0x16]Z[0xffffffa3]4-\[0xffffffab][0xffffffd2][0xffffffb4][0xffffffd0][0xffffff92]%i[0xffffffb1]v.G[0xffffff8b][0xffffffb5][0xffffff82][0xffffffb7]hq[0x1e]a[0xffffffb4]8[0xf][0xffffff9c][0x16][0x1f][0xffffff8f][0xffffffc0][0xffffffd3][0xffffffe2][0xffffffc7]CP[0xffffffb4][0xfffffff8][0xfffffff8]y[0xffffff8a][0x16][0xffffffdf]?[0xffffff9d]B[0xb][0xffffffc9]#E[0xb][0xffffff93]J[0xffffff8a][0x16][0xffffff92]M[0xffffff82][0x16]KB[0xffffffeb]i[0xffffffb1][0xffffffe4]4[0xffffff8b][0x16]Z[0xffffffa3]4-\[0xffffffab][0xffffffd2][0xffffffb4][0xffffffd0][0xffffff92]%i[0xffffffb1]v.G[0xffffff8b][0xffffffb5][0xffffff82][0xffffffb7]hq[0xffffffa5][0xfffffffd]A[0xffffffe4][0xffffffe2][0xffffffff] r%[0xfffffffc]A[0xffffffe4]b[0xffffffff] rq[0x7f][0x10][0xffffffb9][0xffffffa2][0xfffffffe] "y[0xffffffa4]haRI[0xffffffd1]B[0xffffffb2]I[0xffffffd0][0xffffffe2][0xffffffa2][0xffffffff] r%[0xffffffff]ADk[0xffffff94][0xffffffa6][0xffffff85]kU[0xffffff9a][0x16]Z[0xffffffb2]$-[0xffffffd6][0xffffffce][0xffffffe5]h[0xffffffb1]V[0xfffffff0][0x16]-[0xffffffee][0xffffffb4]# 7[0x7f][0x6][0xffffffe4]N8[0x4]r[0xffffffb3][0xffffffa7]@n[0xffffffee][0x18][0xffffffc8][0x1d]u[0xe]D[0xfffffff2]H[0xffffffd1][0xffffffc2][0xffffffa4][0xffffff92][0xffffffa2][0xffffff85]d[0xffffff93][0xffffffa0][0xffffffc5]M[0xffffff9f][0x5][0xffffffb9][0xffffff93][0xf][0xffffff83]h[0xffffff8d][0xffffffd2][0xffffffb4]p[0xffffffad]J[0xffffffd3]BK[0xffffff96][0xffffffa4][0xffffffc5][0xffffffda][0xffffffb9][0x1c]-[0xffffffd6][\n]"
08:17:55.133 [TestNG-PoolService-1] DEBUG org.apache.hc.client5.http.wire -- http-outgoing-3 << "[0xffffffde][0xffffffa2][0xffffffc5][0xfffffff3][0xffffff84][0xffffffd1][0xffffffe2]ypZ|<[0x2]O[0xffffff8b][0x1f][0xf]A[0xffffffd1][0xffffffe2][0xffffffe3][0xffffffe7])Z|[0xffffffff]t[\n]"
08:17:55.133 [TestNG-PoolService-1] DEBUG org.apache.hc.client5.http.wire -- http-outgoing-3 << "-$[0xffffff8f][0x14]-L*)ZH6[0x9]Z,[0x9][0xffffffad][0xffffffa7][0xffffffc5][0xffffff92][0xffffffd3],Zh[0xffffff8d][0xffffffd2][0xffffffb4]p[0xffffffad]J[0xffffffd3]BK[0xffffff96][0xffffffa4][0xffffffc5][0xffffffda][0xffffffb9][0x1c]-[0xffffffd6][\n]"
08:17:55.133 [TestNG-PoolService-1] DEBUG org.apache.hc.client5.http.wire -- http-outgoing-3 << "[0xffffffde][0xffffffa2][0xffffffc5][0xffffff9c]a[0xffffffb4][0xffffff98][0x13][0xffffffa7][0xffffffc5][0xffffffc7]#[0xfffffff0][0xffffffb4][0xfffffff8][0xfffffff1][0x10][0x14]->~[0xffffff9e][0xffffffa2][0xffffffc5][0xfffffff7]O[0xffffffa7][0xffffffd0]B[0xfffffff2]H[0xffffffd1][0xffffffc2][0xffffffa4][0xffffff92][0xffffffa2][0xffffff85]d[0xffffff93][0xffffffa0][0xffffffc5][0xffffff92][0xffffffd0]zZ,9[0xffffffcd][0xffffffa2][0xffffff85][0xffffffd6](M[0xb][0xffffffd7][0xffffffaa]4-[0xffffffb4]dIZ[0xffffffac][0xffffff9d][0xffffffcb][0xffffffd1]b[0xffffffad][0xffffffe0]-Z[0xffffffb4][0xffffff96]f[0xffffff8b][0xffffff8f]'[0xffffffc2]q[0xfffffff1][0xfffffff9][0xc][0xffffffbc].~>[0x5][0xffffffc5][0xffffff8b][0xffffffcf][0xffffffdf][0xffffffa7]|[0xfffffff1][0xffffffe3][0xffffffb7]S[0xffffff80][0xffffffa1][0xffffffa1][0xffffffa4][0xffffff84][0xffffffe1][0xffffffa2]I[0x11]C[0x3]J[0x18]c[0xffffff8d]i=2[0xffffffd6][0xffffffb0]f)[0xffffffc3][0x14]*[0xffffffcd][0xc][0xffffffdb][0xffffffaf][0xffffffb4]3L[0xffffffdd][0xffffff92][0xffffffd0][0xffffff90][0xfffffff6][0xffffffe5][0xffffffa4]!e[0xfffffffc]'[0xffffffd4]x[0xffffffbe][0xffffffff][0x15]w[0xffffffe9][0xfffffff9]q_[0xffffffa3][0x1c][0x1a][0xffffffbf][0xffffff9f][0xffffff87]b[0xffffffc6]?[0xffffff9e][0x0]C[0xffffffc6][0xfffffff2][0xc][0xffffffc5][0xffffffc4][0xfffffff8][0xffffffc7][0xffffffaf][0x17][0x3][0xffffffe3][0x7f][0x7f][0x19][0xffffffe6][0xffffffc5][0xffffffdb]([0x16][0xffffffe3][0xffffffe2]_[0x2]YL[0xffffff8b][0xffffffb7][0xffffffb1],[0xffffff84][0xffffffc5][0xffffff9b]p[0xffffff96][0xffffffb1][0xffffffe2]MD#P[0xfffffff1][0xffffffbe]<!R[0xfffffffc][[0xffffff97]B[0xffffffa0]x_[0xffffffad][0x0]'[0xffffffde]5m9&[0xffffffde][0x15][0xffffffef][0x6]%[0x1e]C[0xffffff89][0xffffffeb][0xfffffff5][0xffffffba](J<8%[0xffffff9e][0x0]J<[0xffffff9a][0xfffffff7][0xffffffc2][0xffffff80]?[0x18]%[0xffffff9e]$Jh[0x14][0x19]J[0xffffffb8]@2[0xffffff94][0xffffffd0]X[0xffffffd6]Sb[\r]g5%[0xffffffd6][0xffffff88]&Q[0xffffffc2][0xffffff94]'K[0x9][0xffffffdb][0xffffffa5],%L[0xffffffb5]r[0xffffff94][0xffffff90][0xffffffa6][0xffffffa5](![0xffffffc5][0xffffffbb]A[0xffffff89][0xffffffe9]([0xffffffd1][0xffffffe6][0xffffff8b][0xffffffa2][0xffffffc4][0xffffffc4])1[0x3](15[0xffffffef][0xffffff85][0x1][0xffffff9f][0x18]%f[0x12]%4[0xffffff8a][0xc]%\ [0x19]Jh,[0xffffffeb])[0xffffffb1][0xffffff86][0xffffffb3][0xffffff9a][0x12]kD[0xffffff93](a[0xffffffca][0xffffff93][0xffffffa5][0xffffff84][0xffffffed]R[0xffffff96][0x12][0xffffffa6]Z9JH[0xffffffd3]R[0xffffff94][0xffffff90][0xffffffe2][0xfffffffd]sJ[0xffffff9c]/G[0xffffff89][0xffffffeb]k&[0xffffff8b][0xffffffa0][0xffffffc4][0xffffffe7][0xfffffff3][0xffffffb0][0xffffff94][0xfffffff8]z[0x2][0xffffff98][0x12][0xffffffbf][0xffffff9e][0x1][0xffffffa1][0xffffffc4][0xffffffd7][0xffffffaf]#[0xffffff94][0xfffffff8][0xfffffff9][0xffffffcb][0x11][0xffffff94]0QD(a[0x3][0xffffff89]P[0xffffffc2][0xffffffc4][0xffffffb2][0xffffff9c][0x12][0x12][0xffffffce]bJHD[0xffffff83]([0xffffffe1][0xffffffca][0x13][0xffffffa5][0xffffff84][0xffffffef]R[0xffffff94][0x12][0xffffffae]Z1Jh[0xffffffd3]B[0xffffff94][0xffffffd0][0xffffffe2][0xffffffdd][0xffffffa0]Ds[0xffffff94][0x18][0xffffffad]S[0xffffff94]h8%Z[0x0]%[0xffffff9a][0xffffffe6][0xffffffbd]0[0xffffffe0][\r][0xffffffa3]DK[0xffffffa2][0xffffff84]F[0xffffff91][0xffffffa1][0xffffff84][0xb]$C[0x9][0xffffff8d]e=%[0xffffffd6]pVSb[0xffffff8d]h[0x12]%Ly[0xffffffb2][0xffffff94][0xffffffb0]][0xffffffca]R[0xffffffc2]T+G[0x9]iZ[0xffffff8a][0x12]R[0xffffffbc][0x1b][0xffffff94][0xffffffe8][0xffffff8e][0x12][0xfffffff7][0xffffffc4][0xffffffde]Jt[0xffffff9c][0x12]=[0xffffff80][0x12]][0xfffffff3]^[0x18][0xfffffff0][0xffffff8e]Q[0xffffffa2]'QB[0xffffffa3][0xffffffc8]P[0xffffffc2][0x5][0xffffff92][0xffffffa1][0xffffff84][0xffffffc6][0xffffffb2][0xffffff9e][0x12]k8[0xffffffab])[0xffffffb1]F4[0xffffff89][0x12][0xffffffa6]<YJ[0xffffffd8].e)a[0xffffffaa][0xffffff95][0xffffffa3][0xffffff84]4-E[0x9])[0xffffffde][\r]J[0x1c][0xffffff86][0x12][0xffffffa3][0xffffffbf][0xffffffa8][0x13][0x1c][0xffffff9f][0xffffffcf][0x3]S[0xffffffe2][0x8][0xffffffa0][0xffffffc4][0xffffffa1]y/[0xc][0xfffffff8][0xffffff81]Q[0xffffffe2]H[0xffffffa2][0xffffff84]F[0xffffff91][0xffffffa1][0xffffff84][0xb]$C[0x9][0xffffff8d]e=%[0xffffffd6]pVSb[0xffffff8d]h[0x12]%Ly[0xffffffb2][0xffffff94][0xffffffb0]][0xffffffca]R[0xffffffc2]T+G[0x9]iZ[0xffffff8a][0x12]R[0xffffffbc][0x1b][0xffffff94]p[0xffffff87]A[0xffffffc7][0xffffffd9][0xffffffa8][0xffffffcf].O[0xfffffffc]0[0xffffffe8][0x19]p[0x18][0xfffffff4]4'[0xffffff96][\n]"
08:17:55.134 [TestNG-PoolService-1] DEBUG org.apache.hc.client5.http.wire -- http-outgoing-3 << "[0x3][0xffffff8e][0x1d][0x6]=[0xffffffe5]L[0x12]I[0xffffff89][0xffffff90][0xffffffc3][0xffffffa0]6[0xffffff90][0xc]%[0x2][0xe][0xffffff83]J8[0xffffffab])[0x11]|[0x18][0xffffffd4][0xffffff95]'K[0xffffff89][0xffffffbc][0xffffffc3][0xffffffa0][0xffffffae]Z9J[0xffffffa4][0x1c][0x6][0xffffffd5][0xffffffe2][0xffffffdd][0xffffffa0][0xffffffc4]c(q[0x1f][0x7]F[0xffffff89][0x7][0xffffffa7][0xffffffc4][0x13]@[0xffffff89]G[0xfffffff3]^[0x18][0xfffffff0][0x7][0xffffffa3][0xffffffc4][0xffffff93]D[0x9][0xffffff8d]"C[0x9][0x17]H[0xffffff86][0x12][0x1a][0xffffffcb]zJ[0xffffffac][0xffffffe1][0xffffffac][0xffffffa6][0xffffffc4][0x1a][0xffffffd1]$J[0xffffff98][0xfffffff2]d)a[0xffffffbb][0xffffff94][0xffffffa5][0xffffff84][0xffffffa9]V[0xffffff8e][0x12][0xffffffd2][0xffffffb4][0x14]%[0xffffffa4]x[0xffffffff][0xffffff9c][0x12][0xffffff97];[0xffffffc1]q?[0xffffff93][0xfffffffa][0xffffffec][0xfffffff2][0xffffffc2]Op\[0x1]'8.[0xfffffff3][0xffffff99]q][0xffffffc0]/[0xffffffec][0x4][0xffffffc7]%[0x1f][0x12][0xffffff83][0xffffff94]0QD(a[0x3][0xffffff89]P[0xffffffc2][0xffffffc4][0xffffffb2][0xffffff9c][0x12][0x12][0xffffffce]bJHD[0xffffff83]([0xffffffe1][0xffffffca][0x13][0xffffffa5][0xffffff84][0xffffffef]R[0xffffff94][0x12][0xffffffae]Z1Jh[0xffffffd3]B[0xffffff94][0xffffffd0][0xffffffe2][0xffffffdd][0xffffffa0][0xffffff84];[0xffffffc1][0xfffffff1][0xfffffff4][0xffffffe3][0xffffffa6]([0xffffff81][0xffffff9f][0xffffffe0][0xffffffb8][0x2]Np\[0xffffffe6]3[0xffffffe3][0xffffffc2][0xffffff80]c'8.[0xfffffff9][0xffffff90][0xffffff98][0xffffffa4]D[0xffffffc8][0x9][0xe][0x1b]H[0xffffff86][0x12][0x1]'8$[0xffffff9c][0xffffffd5][0xffffff94][0x8]>[0xffffffc1][0xffffffe1][0xffffffca][0xffffff93][0xffffffa5]D[0xffffffde][0x9][0xe]W[0xffffffad][0x1c]%RNph[0xfffffff1]nP[0xffffffc2][0xffffff9d][0xffffffe0]x[0xfffffffa][0xffffffd7][0xffffff95]`[0x8]%[0xfffffff0][0x13][0x1c]W[0xffffffc0][0x9][0xffffff8e][0xffffffcb]|f\[0x18]p[0xffffffec][0x4][0xffffffc7]%[0x1f][0x12][0xffffff93][0xffffff94][0x8]9[0xffffffc1]a[0x3][0xffffffc9]P"[0xffffffe0][0x4][0xffffff87][0xffffff84][0xffffffb3][0xffffff9a][0x12][0xffffffc1]'8\y[0xffffffb2][0xffffff94][0xffffffc8];[0xffffffc1][0xffffffe1][0xffffffaa][0xffffff95][0xffffffa3]D[0xffffffca][0x9][0xe]-[0xffffffde][\r]J[0xffffffb8][0x13][0x1c][0xffffffcf][0xfffffff1][0xffffffc2][0xfffffffe][0xffffffc0][0xffffff81][0xffffff9f][0xffffffe0][0xffffffb8][0x2]Np\[0xffffffe6]3[0xffffffe3][0xffffffc2][0xffffff80]c'8.[0xfffffff9][0xffffff90][0xffffff98][0xffffffa4]D[0xffffffc8][0x9][0xe][0x1b]H[0xffffff86][0x12][0x1]'8$[0xffffff9c][0xffffffd5][0xffffff94][0x8]>[0xffffffc1][0xffffffe1][0xffffffca][0xffffff93][0xffffffa5]D[0xffffffde][0x9][0xe]W[0xffffffad][0x1c]%RNph[0xfffffff1]nP[0xffffffc2][0xffffff9d][0xffffffe0]x[0xffffff8e][0x3][0xffffffa3][0x4]~[0xffffff82][0xffffffe3][\n]"
08:17:55.134 [TestNG-PoolService-1] DEBUG org.apache.hc.client5.http.wire -- http-outgoing-3 << "8[0xffffffc1]q[0xffffff99][0xffffffcf][0xffffff8c][0xb][0x3][0xffffff8e][0xffffff9d][0xffffffe0][0xffffffb8][0xffffffe4]Cb[0xffffff92][0x12]!'8l [0x19]J[0x4][0xffffff9c][0xffffffe0][0xffffff90]pVS"[0xfffffff8][0x4][0xffffff87]+O[0xffffff96][0x12]y'8\[0xffffffb5]r[0xffffff94]H9[0xffffffc1][0xffffffa1][0xffffffc5][0xffffffbb]A[0xffffff89][0xffffffcb]R[0xffffff82][0xfffffffb][0x3][0xffffffc7][0xffffff85]S[0xffffffe2][\n]"
08:17:55.134 [TestNG-PoolService-3] DEBUG org.apache.hc.client5.http.wire -- http-outgoing-4 << "9[0xffffff83][0x12][0x19][0xffffffc3][0xffffffd9]>[0xffffff90][0xc]%[0xfffffff8][0xffffffe1]l[\r]g5%r[0xffffff87][0xffffffb3]my[0xffffffb2][0xffffff94][0xffffff88][0x1b][0xffffffce][0xffffffb6][0xffffffd5][0xffffffca]Q"d8[0xffffffdb][0x14][0xffffffef][0x16]%[0xfffffff4][[0x9][0xffffff96][0x12][0xfffffff4][0xffffffb7][0x12]W[0xffffffc0][0xffffffb7][0x12][0xffffff97][0xfffffffe]A[0xffffffaf]4[0xffffffe0][0xffffffd4][0xffffffb7][0x12]W[0xffffffd2][0xffffffb7][0x12][0x1a]E[0xffffff8a][0x12])[0xffffffdf]Jh,[0x9]J[0xffffffb0][0xffffffdf]J[0xffffffac][0x11][0xffffffcd][0xffffffa2]D[0xffffffd8][0xffffffb7][0x12][0xffffffb6]KiJ[0x4]}+!M[0xffffffcb]Q[0xffffffe2][0xffffffef][0xffffffbf][0xffffff95]0wp[0x1c][0xffffffaf]N[\r]g[0x7f]=[0xf]L[0x9][0xfffffffe][0xe][0xffffff8e][0xffffffdf][0xffffffcf][0xffffffc0]P[0xffffff82][0xffffffba][0xffffff83][0xffffffe3][0xffffffd7]/gP"[0xffffffe3][0xe][0xe][0x1f]H[0xffffff86][0x12][0xfffffffc][0x1d][0x1c][0x1a][0xffffffce]jJ[0xffffffe4][0xffffffde][0xffffffc1]a[0xffffffcb][0xffffff93][0xffffffa5]D[0xffffffdc][0x1d][0x1c][0xffffffb6]Z9J[0xffffff84][0xffffffdc][0xffffffc1]a[0xffffff8a]w[0xffffff83][0x12][0xffffffe6][0xe][0xffffff8e][0xffffffe3]u='E[0x9][0xfffffffa][0xe][0xffffff8e][0xffffffef]'[0xffffffa0])A[0xffffffde][0xffffffc1][0xfffffff1][0xfffffffd][0xffffffeb][0xc]%[0xffffff82][0xffffffee][0xffffffe0]pQd([0xffffff91]r[0x7][0xffffff87][0xffffff8b]e=%[0xffffffd8];84[0xffffffa2]I[0xffffff94][0x8][0xffffffbb][0xffffff83][0xffffffe3]M[0xffffff97][0xffffffb2][0xffffff94][0x8][0xffffffba][0xffffff83][0xffffffc3]4-E[0xffffff89][0xffffffbf][0xffffffbf][0xffffff83]c[0xffffffbc][0x1e]G[0xffffff89][0xfffffffb]5)J<8%[0xffffff9e][0x0]J<[0xffffff9a][0xfffffff7][0xffffffc2][0xffffff80]?[0x18]%[0xffffff9e]$Jh[0x14][0x19]J[0xffffffb8]@2[0xffffff94][0xffffffd0]X[0xffffffd6]Sb[\r]g5%[0xffffffd6][0xffffff88]&Q[0xffffffc2][0xffffff94]'K[0x9][0xffffffdb][0xffffffa5],%L[0xffffffb5]r[0xffffff94][0xffffff90][0xffffffa6][0xffffffa5](![0xffffffc5][0xffffffbb]A[0x9]s[0xffffff9d][0xffffffd7][0x7]%[0xffffffae][0xffffff9b][0xffffffa2][0x4]}[0xffffff9d][0xffffffd7][0xfffffff7][0x13][0xffffffd0][0xffffff94] [0xffffffaf][0xfffffff3][0xfffffffa][0xfffffffe]u[0xffffff86][0x12]A[0xffffffd7]y[0xffffffb9](2[0xffffff94]H[0xffffffb9][0xffffffce][0xffffffcb][0xffffffc5][0xffffffb2][0xffffff9e][0x12][0xffffffec]u^[0x1a][0xffffffd1]$J[0xffffff84]][0xffffffe7][0xfffffff5][0xffffffa6]KYJ[0x4]][0xffffffe7]e[0xffffff9a][0xffffff96][0xffffffa2][0xffffffc4][0x7f]p[0xffffff9d]W3[0xffffffd7]y[0x1d][0xffffffaf][0xffffffe7]u@[0xffffff94]h[0xfffffff8]u^-[0xffffffe0]:[0xffffffaf]f[0xffffffee][0xffffff9c][0xffffffa9][0xb]x[0xffffffc3][0xffffffae][0xfffffff3]jr[0xffffffab][0xc]H[0x9][0x13]E[0xffffff84][0x12]6[0xffffff90][0x8]%L,[0xffffffcb])![0xffffffe1],[0xffffffa6][0xffffff84]D4[0xffffff88][0x12][0xffffffae]<QJ[0xfffffff8].E)[0xffffffe1][0xffffffaa][0x15][0xffffffa3][0xffffff84]6-D[0x9]-[0xffffffde][\r]J[0xffffff98][0xffffffeb][0xffffffbc]>(1[0xffffffa8][0xffffff89][0xffffffaa][0xffffff86]_[0xffffffe7][0xffffffd5][0x2][0xffffffae][0xfffffff3]j[0xffffffe6][0xffffffce][0xffffff99][0xffffffc2][0xffffff80]c[0xffffffd7]y5[0xffffffb9]U[0xffffff86][0xffffffa4]D[0xffffffc8]u^6[0xffffff90][0xc]%[0x2][0xffffffae][0xfffffff3][0xffffff92]pVS"[0xfffffff8]:/W[0xffffff9e],%[0xfffffff2][0xffffffae][0xfffffff3]r[0xffffffd5][0xffffffca]Q"[0xffffffe5]:/-[0xffffffde][\r]J[0xffffff98];8[0xffffff8e][0xfffffff6]zQ[0x7f][0xffffffe0]h[0xfffffff8][0x1d][0x1c]-[0xffffffe0][0xe][0xffffff8e]f[0xffffff86][0xffffffe2][0xb][0x3][0xffffff8e][0xffffffdd][0xffffffc1][0xffffffd1]d[\n]"
08:17:55.134 [TestNG-PoolService-3] DEBUG org.apache.hc.client5.http.wire -- http-outgoing-4 << "[0xffffff9e][0xffffffa4]D[0xffffffc8][0x1d][0x1c]6[0xffffff90][0xc]%[0x2][0xffffffee][0xffffffe0][0xffffff90]pVS"[0xfffffff8][0xe][0xe]W[0xffffff9e],%[0xfffffff2][0xffffffee][0xffffffe0]p[0xffffffd5][0xffffffca]Q"[0xffffffe5][0xe][0xe]-[0xffffffde][\r]J[0xffffff98][0xffffffe1][0xffffffec][0xffffffa3][0xffffff9d][0xf]u3h[0xffffffc3][0xffffff87][0xffffffb3][[0xffffffc0]pv3[0xffffffeb][0xffffffae][0xffffff85][0x1][0xffffffc7][0xffffff86][0xffffffb3][0xffffff9b][0xffffffec][0xffffffb7][0xffffff92][0xffffff94][0x8][0x19][0xffffffce][0xffffffb6][0xffffff81]d([0x11]0[0xffffff9c]-[0xffffffe1][0xffffffac][0xffffffa6]D[0xfffffff0]p[0xffffffb6]+O[0xffffff96][0x12]y[0xffffffc3][0xffffffd9][0xffffffae]Z9J[0xffffffa4][0xc]gk[0xfffffff1]nQ[0xffffffe2][\n]"
08:17:55.134 [TestNG-PoolService-3] DEBUG org.apache.hc.client5.http.wire -- http-outgoing-4 << "[0xffffffa3][0xffffffc4][0xffffff85]S[0xffffffe2][\n]"
08:17:55.134 [TestNG-PoolService-3] DEBUG org.apache.hc.client5.http.wire -- http-outgoing-4 << "[0xffffffa0][0xffffffc4][0xffffff85]R[0xffffffe2][0xffffffc2](q%Qb[0xffffff8d]"E[0x9][\r]$E[0xffffff89]5[0xffffff96][0x4]%.[0xffffff98][0x12]W0%[0xffffffa4]<iJ[0xffffff98].[0xffffffa5])![0xffffffd5]JR[0xffffffe2]J[0xffffffa1][0xffffffc4][0xfffffff5][0x1f]P[0xffffffa2]=a[0xffffff96]h[0xf][0xffffff8e][0xffffff89][0xffffff8f]G[0xffffffe0]5[0xfffffff1][0xffffffe3]!(N|[0xfffffffc]<[0xffffffe5][0xffffff89][0xffffffef][0xffffff9f]N[0x1][0xffffff85][0xffffffe4][0xffffff91][0x12][0xffffff85]I%E[\n]"
08:17:55.134 [TestNG-PoolService-3] DEBUG org.apache.hc.client5.http.wire -- http-outgoing-4 << "[0xffffffc9]&a[0xffffff8a]%[0xffffffa1][0xfffffff5][0xffffffa8]Xr[0xffffff9a][0xffffffa5][\n]"
08:17:55.134 [TestNG-PoolService-1] DEBUG org.apache.hc.client5.http.wire -- http-outgoing-3 << "[0xffffffa0][0xffffffc4][0xffffffa5]y/[0xc][0xfffffff8][0xffffff85]Q[0xffffffe2]J[0xffffffa2][0xffffff84]F[0xffffff91][0xffffffa1][0xffffff84][0xb]$C[0x9][0xffffff8d]e=%[0xffffffd6]pVSb[0xffffff8d]h[0x12]%Ly[0xffffffb2][0xffffff94][0xffffffb0]][0xffffffca]R[0xffffffc2]T+G[0x9]iZ[0xffffff8a][0x12]R[0xffffffbc][[0xffffff94][0xffffffe8]a[0xffffff94][0xffffffe8]8%z[0x0]%:J[0xffffff89][0xffffff8e]Q[0xffffffa2]'Qb[0xffffff8d]"E[0x9][\r]$E[0xffffff89]5[0xffffff96][0x4]%:L[0xffffff89][0x1e]L[0x9])O[0xffffff9a][0x12][0xffffffa6]KiJH[0xffffffb5][0xffffff92][0xffffff94][0xffffffe8])[0xffffff94][0xffffffe8][0x7f]M[0xffffff89][0xffffffe1](q[0xffffff9d][0xf]E[0xffffff89][0xffffff81]Sb[0x4]Pbh[0xffffffde][0xb][0x3]>0J[0xffffff8c]$Jh[0x14][0x19]J[0xffffffb8]@2[0xffffff94][0xffffffd0]X[0xffffffd6]Sb[\r]g5%[0xffffffd6][0xffffff88]&Q[0xffffffc2][0xffffff94]'K[0x9][0xffffffdb][0xffffffa5],%L[0xffffffb5]r[0xffffff94][0xffffff90][0xffffffa6][0xffffffa5](![0xffffffc5][0xffffffbb]A[0x9]w[0xffffffc9][0xfffffff8][0x1c][0x7]F[0x9][0xfffffffc][0xffffff92][0xfffffff1]+[0xffffffe0][0xffffff92][0xfffffff1][0xffffffcb][0xffffffdc][0xffffff84][[0x18]p[0xffffffec][0xffffff92][0xfffffff1]K[0xffffffee][0xffffffba]%)[0x11]r[0xffffffc9][0xffffffb8][\r]$C[0xffffff89][0xffffff80]K[0xffffffc6]%[0xffffff9c][0xffffffd5][0xffffff94][0x8][0xffffffbe]d[0xffffffdc][0xffffff95]'K[0xffffff89][0xffffffbc]K[0xffffffc6]][0xffffffb5]r[0xffffff94]H[0xffffffb9]d\[0xffffff8b][0xfffffff7][0xffffffcf])1[0xffffffdc]D[0xffffffd5][0xffffffbc];[0xffffffb5]v9[0xfffffff0][0xffffff89][0xffffffaa][0x11]0Q5[0xffffffcc][0xffffff8e]J][0xffffffc0][0x7]6Q5d)[0x5][0xffffffa4][0xffffff84][0xffffff89]"B[0x9][0x1b]H[0xffffff84][0x12]&[0xffffff96][0xffffffe5][0xffffff94][0xffffff90]p[0x16]SB"[0x1a]D[0x9]W[0xffffff9e](%|[0xffffff97][0xffffffa2][0xffffff94]p[0xffffffd5][0xffffff8a]QB[0xffffff9b][0x16][0xffffffa2][0xffffff84][0x16][0xffffffef][0x6]%[0xffffffcc][0xffffffae]D[0x7f]q[0xffffffc3][0xffffffd9][0x3][0xffffffdf][0xffffff95][0x18][0x1][0xffffffbb][0x12][0xffffffc3][0x1c]~.[0xc]8[0xffffffb6]+1[0xffffffe4]x3I[0xffffff89][0xffffff90]][0x9][0x1b]H[0xffffff86][0x12][0x1][0xffffffbb][0x12][0x12][0xffffffce]jJ[0x4][0xffffffef]J[0xffffffb8][0xfffffff2]d)[0xffffff91][0xffffffb7]+[0xffffffe1][0xffffffaa][0xffffff95][0xffffffa3]D[0xffffffca][0xffffffae][0xffffff84][0x16][0xffffffef][0x6]%[0xffffffcc]a[0xffffffd0][0xfffffffe][0xffffff9a]G[0xffffffa3]([0xffffff81][0x1f][0x6][0x1d][0x1][0xffffff87]A[0xffffff87]9[0xffffffb1]T[0x18]p[0xffffffec]0[0xffffffe8][0xffffff90]3I$%B[0xe][0xffffff83][0xffffffda]@2[0xffffff94][0x8]8[0xc]*[0xffffffe1][0xffffffac][0xffffffa6]D[0xfffffff0]aPW[0xffffff9e],%[0xfffffff2][0xe][0xffffff83][0xffffffba]j[0xffffffe5]([0xffffff91]r[0x18]T[0xffffff8b]w[0xffffff83][0x12][0xffffffe6]0ho}b[0xffffff94][0xffffffc0][0xf][0xffffff83][0xffffff8e][0xffffff80][0xffffffc3][0xffffffa0][0xffffffc3][0xffffff9c]X*[0xc]8v[0x18]t[0xffffffc8][0xffffff99]$[0xffffff92][0x12]![0xffffff87]Am [0x19]J[0x4][0x1c][0x6][0xffffff95]pVS"[0xfffffff8]0[0xffffffa8]+O[0xffffff96][0x12]y[0xffffff87]A][0xffffffb5]r[0xffffff94]H9[0xc][0xffffffaa][0xffffffc5][0xffffffbb]A[0xffffff89][0xffffffdb]Q[0xffffffe2][0xffffff98][0xffffffd4]g[0xffffff97][0xffffff9f][0xffffffcf][0x3]S[0xffffffe2][0xe][0xffffffa0][0xffffffc4][0xffffffad]y/[0xc][0xfffffff8][0xffffff8d]Q[0xffffffe2]N[0xffffffa2][0xffffff84]F[0xffffff91][0xffffffa1][0xffffff84][0xb]$C[0x9][0xffffff8d]e=%[0xffffffd6]pVSb[0xffffff8d]h[0x12]%Ly[0xffffffb2][0xffffff94][0xffffffb0]][0xffffffca]R[0xffffffc2]T+G[0x9]iZ[0xffffff8a][0x12]R[0xffffffbc][0x1b][0xffffff94]x[0x1c]%N[0xffffffec]:[0xffffffaf][0xffffffcf][0xffffffe7][0xffffff81])[0xfffffff1][0x4]P[0xffffffe2][0xffffffd1][0xffffffbc][0x17][0x6][0xfffffffc][0xffffffc1]([0xfffffff1]$QB[0xffffffa3][0xffffffc8]P[0xffffffc2][0x5][0xffffff92][0xffffffa1][0xffffff84][0xffffffc6][0xffffffb2][0xffffff9e][0x12]k8[0xffffffab])[0xffffffb1]F4[0xffffff89][0x12][0xffffffa6]<YJ[0xffffffd8].e)a[0xffffffaa][0xffffff95][0xffffffa3][0xffffff84]4-E[0x9])[0xffffffde]?[0xffffffa7][0xffffffc4]mNp[0xfffffff4]6[0xffffffae][0x13][0xffffffa2][0xffffffc4][0xffffff8d][0xffffff9f][0xffffffe0][0xffffffb8][0x3]Np[0xffffffdc][0xffffffe6]3[0xffffffe3][0xffffffba][0xffffff80][0xffffffdf][0xffffffd8][0x9][0xffffff8e][>$[0x6])a[0xffffffa2][0xffffff88]P[0xffffffc2][0x6][0x12][0xffffffa1][0xffffff84][0xffffff89]e9%$[0xffffff9c][0xffffffc5][0xffffff94][0xffffff90][0xffffff88][0x6]Q[0xffffffc2][0xffffff95]'J[0x9][0xffffffdf][0xffffffa5](%\[0xffffffb5]b[0xffffff94][0xffffffd0][0xffffffa6][0xffffff85]([0xffffffa1][0xffffffc5][0xffffffbb]A[0x9]s[0xffffffc9]xo[0xfffffff3][0xffffffa2][0xffffffde]J[0xffffffdc][0xfffffff8]%[0xffffffe3]w[0xffffffc0]%[0xffffffe3][0xffffffb7][0xffffffb9][0x9][0xffffffb7]0[0xffffffe0][0xffffffd8]%[0xffffffe3][0xffffffb7][0xffffffdc]uKR"[0xffffffe4][0xffffff92]q[0x1b]H[0xffffff86][0x12][0x1][0xffffff97][0xffffff8c]K8[0xffffffab])[0x11]|[0xffffffc9][0xffffffb8]+O[0xffffff96][0x12]y[0xffffff97][0xffffff8c][0xffffffbb]j[0xffffffe5]([0xffffff91]r[0xffffffc9][0xffffffb8][0x16][0xffffffef][0x6]%[0xffffffdc]a[0xffffffd0][0xffffffde].[0xffffffea][0xffffffb3][0xffffffcb][0x1b]?[0xc]z[0x7][0x1c][0x6][0xffffffbd][0xffffffcd][0xffffff89][0xffffffa5][0xffffffc2][0xffffff80]c[0xffffff87]Ao9[0xffffff93]DR"[0xffffffe4]0[0xffffffa8][\r]$C[0xffffff89][0xffffff80][0xffffffc3][0xffffffa0][0x12][0xffffffce]jJ[0x4][0x1f][0x6]u[0xffffffe5][0xffffffc9]R"[0xffffffef]0[0xffffffa8][0xffffffab]V[0xffffff8e][0x12])[0xffffff87]A[0xffffffb5]x7(a.[0x19][0xffffffef][0xfffffffd][0xffffffc2]&[0xffffffaa]n[0xfffffffc][0xffffff92][0xfffffff1];[0xffffffe0][0xffffff92][0xfffffff1][0xffffffdb][0xffffffdc][0xffffff84][[0x18]p[0xffffffec][0xffffff92][0xfffffff1][[0xffffffee][0xffffffba]%)[0x11]r[0xffffffc9][0xffffffb8][\r]$C[0xffffff89][0xffffff80]K[0xffffffc6]%[0xffffff9c][0xffffffd5][0xffffff94][0x8][0xffffffbe]d[0xffffffdc][0xffffff95]'K[0xffffff89][0xffffffbc]K[0xffffffc6]][0xffffffb5]r[0xffffff94]H[0xffffffb9]d\[0xffffff8b]w[0xffffff83][0x12]nW[0xffffffa2][0xffffffdf][0xffffffd8][0x1d][0x1c]7[0xffffffbe]+q[0x7][0xffffffec]J[0xffffffdc][0xffffffe6][0xfffffff0]sa[0xffffffc0][0xffffffb1]][0xffffff89][[0xffffff8e]7[0xffffff93][0xffffff94][0x8][0xffffffd9][0xffffff95][0xffffffb0][0xffffff81]d([0x11][0xffffffb0]+![0xffffffe1][0xffffffac][0xffffffa6]D[0xfffffff0][0xffffffae][0xffffff84]+O[0xffffff96][0x12]y[0xffffffbb][0x12][0xffffffae]Z9J[0xffffffa4][0xffffffec]Jh[0xfffffff1]nP[0xffffffc2][0xffffffed]J[0x1c][0xffffffed][0xffffffc4][0xffffffde]J[0xffffffe0][0xffffffbb][0x12]w[0xffffffc0][0xffffffae][0xffffffc4]m[0xe]?[0x17][0x6][0x1c][0xffffffdb][0xffffff95][0xffffffb8][0xffffffe5]x3I[0xffffff89][0xffffff90]][0x9][0x1b]H[0xffffff86][0x12][0x1][0xffffffbb][0x12][0x12][0xffffffce]jJ[0x4][0xffffffef]J[0xffffffb8][0xfffffff2]d)[0xffffff91][0xffffffb7]+[0xffffffe1][0xffffffaa][0xffffff95][0xffffffa3]D[0xffffffca][0xffffffae][0xffffff84][0x16][0xffffffef][0x6]%[0xffffff86][0xffffffa3][0xffffffc4][0xffffffd1][0xffffffb0][0xffffffcf].[0x7]N[0xffffff89][0x11]@[0xffffff89][0xffffffa1]y/[0xc][0xfffffff8][0xffffffc0](1[0xffffff92]([0xffffffa1]Qd([0xffffffe1][0x2][0xffffffc9]PBcYO[0xffffff89]5[0xffffff9c][0xffffffd5][0xffffff94]X#[0xffffff9a]D[0x9]S[0xffffff9e],%l[0xffffff97][0xffffffb2][0xffffff94]0[0xffffffd5][0xffffffca]QB[0xffffff9a][0xffffff96][0xffffffa2][0xffffff84][0x14][0xffffffef][0x6]%[0xffffffdc]D[0xffffffd5]q5[0xffffffec][0xffffffb3]K|[0xffffffa2][0xffffffea][0xe][0xffffff98][0xffffffa8][0xffffffba][0xffffffcd][0xffffff8e]Ja[0xffffffc0][0xffffffb1][0xffffff89][0xffffffaa][[0xffffff96]RHJ[0xffffff84]LT[0xffffffd9]@2[0xffffff94][0x8][0xffffff98][0xffffffa8][0xffffff92]pVS"x[0xffffffa2][0xffffffca][0xffffff95]'K[0xffffff89][0xffffffbc][0xffffff89]*W[0xffffffad][0x1c]%R&[0xffffffaa][0xffffffb4]x7([0xfffffff1]8J[0xffffff8c][0x7][0xfffffffb][0x3][0xffffffc7][0xffffff83]S[0xffffffe2][0x9][0xffffffa0][0xffffffc4][0xffffffa3]y/[0xc][0xfffffff8][0xffffff83]Q[0xffffffe2]I[0xffffffa2][0xffffff84]F[0xffffff91][0xffffffa1][0xffffff84][0xb]$C[0x9][0xffffff8d]e=%[0xffffffd6]pVSb[0xffffff8d]h[0x12]%Ly[0xffffffb2][0xffffff94][0xffffffb0]][0xffffffca]R[0xffffffc2]T+G[0x9]iZ[0xffffff8a][0x12]R[0xffffffbc][0x1b][0xffffff94][0xffffff98][0xffffff8e][0x12]O[0xffffff9b][0x14]%&N[0xffffff89][0xffffffe9][0xffffffe2]_[0xffffff9c][0xfffffff7][0xffffffa9]y/[0xc][0xfffffff8][0xffffffc4](1[0xffffff93]([0xffffffa1]Qd([0xffffffe1][0x2][0xffffffc9]PBcYO[0xffffff89]5[0xffffff9c][0xffffffd5][0xffffff94]X#[0xffffff9a]D[0x9]S[0xffffff9e],%l[0xffffff97][0xffffffb2][0xffffff94]0[0xffffffd5][0xffffffca]QB[0xffffff9a][0xffffff96][0xffffffa2][0xffffff84][0x14][0xffffffef][0xffffff9f]S[0xffffffe2]qk[0xffffff97][0xffffffc7]s[0xf][0xffffff88][0x12][0xf][0xffffffbe]v[0xfffffff9][0x4][0xffffffac]]]]><![CDATA[>f[0xffffff92][0xffffffad].[0xffffffe0][0xf][0xffffffb6]v[0xfffffff9][0xffffffc8][0xffffffe8][0x1a]H[0x9][0x13]E[0xffffff84][0x12]6[0xffffff90][0x8]%L,[0xffffffcb])![0xffffffe1],[0xffffffa6][0xffffff84]D4[0xffffff88][0x12][0xffffffae]<QJ[0xfffffff8].E)[0xffffffe1][0xffffffaa][0x15][0xffffffa3][0xffffff84]6-D[0x9]-[0xffffffde][\r]J[0xffffffb8][0xffffffb5][0xffffffcb]cv[0xffffffea][[0xffffff89][0x7]_[0xffffffbb]|[0x2][0xffffffd6].[0x1f]3[0xffffffc9]V[0x18]pl[0xffffffed][0xfffffff2][0xffffff91][0xffffffd1]5[0xffffff92][0x12]!k[0xffffff97]6[0xffffff90][0xc]%[0x2][0xffffffd6].%[0xffffff9c][0xffffffd5][0xffffff94][0x8]^[0xffffffbb]t[0xffffffe5][0xffffffc9]R"o[0xffffffed][0xffffffd2]U+G[0xffffff89][0xffffff94][0xffffffb5]K-[0xffffffde][\r]J[0xffffffb8][0xffffffb5][0xffffffcb]cbwp<[0xfffffff8][0xffffffda][0xffffffe5][0x13][0xffffffb0]v[0xfffffff9][0xffffff98]I[0xffffffb6][0xffffffc2][0xffffff80]ck[0xffffff97][0xffffff8f][0xffffff8c][0xffffffae][0xffffff91][0xffffff94][0x8]Y[0xffffffbb][0xffffffb4][0xffffff81]d([0x11][0xffffffb0]v)[0xffffffe1][0xffffffac][0xffffffa6]D[0xfffffff0][0xffffffda][0xffffffa5]+O[0xffffff96][0x12]yk[0xffffff97][0xffffffae]Z9J[0xffffffa4][0xffffffac]]j[0xfffffff1]nP[0xffffffc2][0xffffffad]][0x1e]sb[0x7f][0xffffffe0][0xffffffc0][0xffffffd7].[0xffffff9f][0xffffff80][0xffffffb5][0xffffffcb][0xffffffc7]L[0xffffffb2][0x15][0x6][0x1c][[0xffffffbb]|dt[0xffffff8d][0xffffffa4]D[0xffffffc8][0xffffffda][0xffffffa5][\r]$C[0xffffff89][0xffffff80][0xffffffb5]K[0x9]g5%[0xffffff82][0xffffffd7].]y[0xffffffb2][0xffffff94][0xffffffc8][[0xffffffbb]t[0xffffffd5][0xffffffca]Q"e[0xffffffed]R[0xffffff8b]w[0xffffff83][0x12]n[0xffffffa2][0xffffffea]<[0xffffffb9][0xffffffb7][0x12][0xfffffff8]D[0xffffffd5][0x13]0Q[0xfffffff5][0xffffff98][0x1d][0xffffff95][0xffffffc2][0xffffff80]c[0x13]U[0xffffff8f],[0xffffffa5][0xffffff90][0xffffff94][0x8][0xffffff99][0xffffffa8][0xffffffb2][0xffffff81]d([0x11]0Q%[0xffffffe1][0xffffffac][0xffffffa6]D[0xfffffff0]D[0xffffff95]+O[0xffffff96][0x12]y[0x13]U[0xffffffae]Z9J[0xffffffa4]LTi[0xfffffff1]nP[0xffffffc2][0xffffffed]J\[0x1f][0xffffffff][0xffffffa1]([0xffffff81][0xffffffef]J<[0x1][0xffffffbb][0x12][0xffffff8f]9[0xfffffffc]\[0x18]plW[0xffffffe2][0xffffff91][0xffffffe3][0xffffffcd]$%Bv%l [0x19]J[0x4][0xffffffec]JH8[0xffffffab])[0x11][0xffffffbc]+[0xffffffe1][0xffffffca][0xffffff93][0xffffffa5]D[0xffffffde][0xffffffae][0xffffff84][0xffffffab]V[0xffffff8e][0x12])[0xffffffbb][0x12]Z[0xffffffbc][0x1b][0xffffff94]x[0x1c]%[0xffffffce][0x13]{+[0xfffffff1][0xffffffe0][0xffffff94]x[0x2]([0xfffffff1]h[0xffffffde][0xb][0x3][0xfffffffe]`[0xffffff94]x[0xffffff92]([0xffffffa1]Qd([0xffffffe1][0x2][0xffffffc9]PBcYO[0xffffff89]5[0xffffff9c][0xffffffd5][0xffffff94]X#[0xffffff9a]D[0x9]S[0xffffff9e],%l[0xffffff97][0xffffffb2][0xffffff94]0[0xffffffd5][0xffffffca]QB[0xffffff9a][0xffffff96][0xffffffa2][0xffffff84][0x14][0xffffffef][0x6]%[0xffffffdc][0xffffffae][0xffffffc4]u[0xffffffb7][0xffffff83][0xffffffa2][0x4][0xffffffbe]+[0xfffffff1][0x4][0xffffffec]J<[0xffffffe6][0xfffffff0]sa[0xffffffc0][0xffffffb1]][0xffffff89]G[0xffffff8e]7[0xffffff93][0xffffff94][0x8][0xffffffd9][0xffffff95][0xffffffb0][0xffffff81]d([0x11][0xffffffb0]+![0xffffffe1][0xffffffac][0xffffffa6]D[0xfffffff0][0xffffffae][0xffffff84]+O[0xffffff96][0x12]y[0xffffffbb][0x12][0xffffffae]Z9J[0xffffffa4][0xffffffec]Jh[0xfffffff1][0xfffffffe]9%[0xffffffa6];[0xc]:[0xffffffce][0xffffff87][0xffffffa2][0xffffffc4][0xffffffc4][0xf][0xffffff83][0xffffffce][0xffffff80][0xffffffc3][0xffffffa0][0xffffffd3][0xffffff9c]X[0xffffffaa][0xb][0xfffffff8][0xffffffc4][0xe][0xffffff83]N9[0xffffff93][0x4]R[0xffffffc2]D[0x11][0xffffffa1][0xffffff84][\r]$B[0x9][0x13][0xffffffcb]rJH8[0xffffff8b])![0x11][\r][0xffffffa2][0xffffff84]+O[0xffffff94][0x12][0xffffffbe]KQJ[0xffffffb8]j[0xffffffc5]([0xffffffa1]M[0xb]QB[0xffffff8b]w[0xffffff83][0x12][0xffffffee]0[0xffffffe8][0xffffffb8][0xf][0xffffffea][[0xffffff89][0xffffff89][0x1f][0x6][0xffffff9d][0x1][0xffffff87]A[0xffffffa7]9[0xffffffb1]T[0x18]p[0xffffffec]0[0xffffffe8][0xffffff94]3I$%B[0xe][0xffffff83][0xffffffda]@2[0xffffff94][0x8]8[0xc]*[0xffffffe1][0xffffffac][0xffffffa6]D[0xfffffff0]aPW[0xffffff9e],%[0xfffffff2][0xe][0xffffff83][0xffffffba]j[0xffffffe5]([0xffffff91]r[0x18]T[0xffffff8b]w[0xffffff83][0x12][0xffffffa7][0xffffffa1][0xffffffc4][0xffffffdd][0xffffffc6]EQ[0xffffffe2][0xffffffc4])q[0xffffffba][0xfffffff8][0x17][0xffffffe7][0xfffffffd][0xffffffd4][0xffffffbc][0x17][0x6][0xfffffffc][0xffffffc4](q&QB[0xffffffa3][0xffffffc8]P[0xffffffc2][0x5][0xffffff92][0xffffffa1][0xffffff84][0xffffffc6][0xffffffb2][0xffffff9e][0x12]k8[0xffffffab])[0xffffffb1]F4[0xffffff89][0x12][0xffffffa6]<YJ[0xffffffd8].e)a[0xffffffaa][0xffffff95][0xffffffa3][0xffffff84]4-E[0x9])[0xffffffde][\r]J[0xffffffb8][0xffffffc3][0xffffffa0]w[0x7f]a[0xffffff94][0xffffffc0][0xf][0xffffff83][0xffffffce][0xffffff80][0xffffffc3][0xffffffa0][0xffffffd3][0xffffff9c]X*[0xc]8v[0x18]t[0xffffffca][0xffffff99]$[0xffffff92][0x12]![0xffffff87]Am [0x19]J[0x4][0x1c][0x6][0xffffff95]pVS"[0xfffffff8]0[0xffffffa8]+O[0xffffff96][0x12]y[0xffffff87]A][0xffffffb5]r[0xffffff94]H9[0xc][0xffffffaa][0xffffffc5][0xffffffbb]A[0xffffff89]a)qa[0xffffff94][0x18]8%[0xffffff86][0xffffff8b][0x7f]q[0xffffffde][0xffffff87][0xffffffe6][0xffffffbd]0[0xffffffe0][0x3][0xffffffa3][0xffffffc4]H[0xffffffa2][0xffffff84]F[0xffffff91][0xffffffa1][0xffffff84][0xb]$C[0x9][0xffffff8d]e=%[0xffffffd6]pVSb[0xffffff8d]h[0x12]%Ly[0xffffffb2][0xffffff94][0xffffffb0]][0xffffffca]R[0xffffffc2]T+G[0x9]iZ[0xffffff8a][0x12]R[0xffffffbc][0x1b][0xffffff94]p[0xffffffbb][0x12][0xfffffff7][0xfffffff1][0xffffffa2][0xffffffd6].'[0xffffffbe]+1[0x3]v%[0xffffffa6]9[0xfffffffc]\[0x18]plWb[0xffffffca][0xfffffff1]f[0xffffff92][0x12]![0xffffffbb][0x12]6[0xffffff90][0xc]%[0x2]v%$[0xffffff9c][0xffffffd5][0xffffff94][0x8][0xffffffde][0xffffff95]p[0xffffffe5][0xffffffc9]R"oW[0xffffffc2]U+G[0xffffff89][0xffffff94]][0x9]-[0xffffffde][\r]J[0xffffffb8][0xffffffc3][0xffffffa0][0xfffffff7][0xffffffec][0xffffffd8]g[0xffffff97][0xfffffff8]a[0xffffffd0][0x19]p[0x18]t[0xffffff9a][0x13]K[0xffffff85][0x1][0xffffffc7][0xe][0xffffff83]N9[0xffffff93]DR"[0xffffffe4]0[0xffffffa8][\r]$C[0xffffff89][0xffffff80][0xffffffc3][0xffffffa0][0x12][0xffffffce]jJ[0x4][0x1f][0x6]u[0xffffffe5][0xffffffc9]R"[0xffffffef]0[0xffffffa8][0xffffffab]V[0xffffff8e][0x12])[0xffffff87]A[0xffffffb5]x[0xffffffff][0xffffff98][0x12][0xffffffe3][0xffffffe5].[0x19][0x7f][0x1a]E[0xffffff89][0xffffffaf][0xffffffe7]A)[0xfffffff1][0xfffffffd][0x4],%~?[0x3]A[0xffffff89][0xffffffef]_'([0xfffffff1][0xffffffeb][0xffffff97][0x13]([0xffffffe1][0xffffffa2]HP[0xffffffc2][0x7][0xffffff92][0xffffffa0][0xffffff84][0xffffff8b]e5%4[0xffffff9c][0xffffffb5][0xffffff94][0xffffffd0][0xffffff88][0xffffffe6]P[0xffffffc2][0xffffff96]'I[0xffffff89]7]JR[0xffffffc2]V+E[0x9][0xffffffd3][0xffffffb4][0xc]%L[0xfffffff1]nP[0xffffffc2][0xffffffed]J<[0xffffffd7]|(J[0xffffffd0][0xffffffbb][0x12][0xffffffdf]O@S[0xffffff82][0xffffffdc][0xffffff95][0xfffffff8][0xfffffffe]u[0xffffff86][0x12]A[0xffffffbb][0x12].[0xffffff8a][0xc]%Rv%\,[0xffffffeb])[0xffffffc1][0xffffffee]JhD[0xffffff93]([0x11][0xffffffb6]+[0xfffffff1][0xffffffa6]KYJ[0x4][0xffffffed]J[0xffffff98][0xffffffa6][0xffffffa5]([0xfffffff1][0xfffffff7][0xffffffbb][0x12][0xffffff9f][0xffffffff]F[0xf][0xffffffa3]D[0xffffffc7])[0xffffffd1][0x3]([0xffffffd1]QJt[0xffffff8c][0x12]=[0xffffff89][0x12]k[0x14])Jh )J[0xffffffac][0xffffffb1]$([0xffffffd1]aJ[0xfffffff4]`JHy[0xffffffd2][0xffffff94]0]JSB[0xffffffaa][0xffffff95][0xffffffa4]DO[0xffffffa1]D[0xffffffff]kJ[0xffffffb8][0xffffff89][0xffffffaa][0xffffffe7][0xffffffe9]'E[0x9]z[0xffffffa2][0xffffffea][0xfffffffb][0x9]hJ[0xffffff90][0x13]U[0xffffffdf][0xffffffbf][0xffffffce]P"h[0xffffffa2][0xffffffca]E[0xffffff91][0xffffffa1]D[0xffffffca]D[0xffffff95][0xffffff8b]e=%[0xffffffd8][0xffffff89]*[0xffffff8d]h[0x12]%[0xffffffc2]&[0xffffffaa][0xffffffde]t)K[0xffffff89][0xffffffa0][0xffffff89]*[0xffffffd3][0xffffffb4][0x14]%[0xfffffffe]~[0xffffffa2][0xffffffea][0xfffffff3][0xffffffdf]0o%PJ[0xffffffd0]o%z[0xffffffc0][[0xffffff89][0xffffffae]t.[\r]8[0xfffffff5]V[0xffffffa2]'[0xffffffbd][0xffffff95][0xffffffd0](R[0xffffff94]Hy+[0xffffffa1][0xffffffb1]$([0xffffffc1][0xffffffbe][0xffffff95]X#[0xffffff9a]E[0xffffff89][0xffffffb0][0xffffffb7][0x12][0xffffffb6]KiJ[0x4][0xffffffbd][0xffffff95][0xffffff90][0xffffffa6][0xffffffe5]([0xfffffff1][0xfffffff7]o%[0xe][0xfffffff3]Vb[0xfffffff6][0xfffffffb]EQ[0xffffffe2][0xffffffc0][0xffffffdf]J[0x1c][0x1]o%[0xe][0xffffffa5]sa[0xffffffc0][0xf][0xffffffec][0xffffffad][0xffffffc4][0xffffff91][0xfffffff4]VB[0xffffffa3][0xffffffc8]P[0xffffffc2][0x5][0xffffff92][0xffffffa1][0xffffff84][0xffffffc6][0xffffffb2][0xffffff9e][0x12]k8[0xffffffab])[0xffffffb1]F4[0xffffff89][0x12][0xffffffa6]<YJ[0xffffffd8].e)a[0xffffffaa][0xffffff95][0xffffffa3][0xffffff84]4-E[0x9])[0xffffffde][\r]J[0xffffffb8][0xffffffe1][0xffffffec]y[0xffffff8e]FQ[0xffffff82][0x1e][0xffffffce][0xfffffffe]~[0x2][0xffffff9a][0x12][0xffffffe4]p[0xfffffff6][0xfffffff7][0xffffffaf]3[0xffffff94][0x8][0x1a][0xffffffce]vQd([0xffffff91]2[0xffffff9c][0xffffffed]bYO[0x9]v8[#[0xffffff9a]D[0xffffff89][0xffffffb0][0xffffffe1][0xffffffec]7][0xffffffca]R"h8[0xffffffdb]4-E[0xffffff89][0xffffffbf][0x1f][0xffffffce][0x1e]/7[0xffffff9c]=[0xffffffc7][0xffffff84][0xffffffd6].[0xffffffbf][0xffffff9e][0x7][0xffffffa6][0x4]?[0xffffff9c][0xfffffffd][0xfffffffb][0x19][0x18]JP[0xffffffc3][0xffffffd9][0xffffffbf]~"
08:17:55.135 [TestNG-PoolService-3] DEBUG org.apache.hc.client5.http.wire -- http-outgoing-4 << "[0xffffffad]Q[0xffffff9a][0x15][0xffffffae]UiWh[0xffffffc9][0xffffff92][0xffffffb0]X;[0xffffff97][0xffffff93][0xffffffc5]Z[0xffffffc1][[0xffffffb4]8F[0x18]-[0xffffff8e][0xffffff81][0xffffffd3][0xffffffe2][0xffffffe3][0x11]xZ[0xfffffffc]x[0x8][0xffffff8a][0x16][0x1f]?O[0xffffffd1][0xffffffe2][0xfffffffb][0xffffffa7]Sh!y[0xffffffa4]haRI[0xffffffd1]B[0xffffffb2]I[0xffffffd0]bIh=-[0xffffff96][0xffffff9c]f[0xffffffd1]Bk[0xffffff94][0xffffffa6][0xffffff85]kU[0xffffff9a][0x16]Z[0xffffffb2]$-[0xffffffd6][0xffffffce][0xffffffe5]h[0xffffffb1]V[0xfffffff0][0x16]-[0xffffffbe][0xffffff96]/[0xffffff93]h[0xfffffff1][0xffffff9c]8->[0x1e][0xffffff81][0xffffffa7][0xffffffc5][0xffffff8f][0xffffff87][0xffffffa0]h[0xfffffff1][0xfffffff1][0xfffffff3][0x14]-[0xffffffbe][0x7f]:[0xffffff85][0x16][0xffffff92]G[0xffffff8a][0x16]&[0xffffff95][0x14]-$[0xffffff9b][0x4]-[0xffffff96][0xffffff84][0xffffffd6][0xffffffd3]b[0xffffffc9]i[0x16]-[0xffffffb4]FiZ[0xffffffb8]V[0xffffffa5]i[0xffffffa1]%K[0xffffffd2]b[0xffffffed]\[0xffffff8e][0x16]k[0x5][0xffffffef][0xffffffd1]"[0xffffffed][0xffffffad][0xffffffc5][0xffffffc3][0xffffffbf][0xffffffb5]x[0x12][0xffffffde]Z<[0xffffffec][[0xffffff8b][0xffffff87]{k[0xfffffff1]D[0xffffffbd][0xffffffb5][0xffffff90]<b[0xffffffb4][0xffffffc8]yk![0xffffffd9]DhA[0xffffffbf][0xffffffb5]x[0xffffff92][0xffffffdf]Zh[0xffffff8d][0xffffffe2][0xffffffb4][0x8]|k[0xffffffa1]%[0xffffff8b][0xffffffd2]"[0xffffffe6][0xffffffad][0xffffffc5]Z[0xffffffc1][[0xffffffb4]hm[0xffffff86][0xffffffd9][0xffffffe2][0xffffffe3][0xffffff89]p\|>[0x3][0xffffffaf][0xffffff8b][0xffffff9f]OA[0xfffffff1][0xffffffe2][0xfffffff3][0xfffffff7])_[0xfffffffc][0xfffffff8][0xffffffed][0x14]`h()a[0xffffffb8]hR[0xffffffc4][0xffffffd0][0xffffff80][0x12][0xffffffc6]XcZ[0xffffff8f][0xffffff8c]5[0xffffffac]Y[0xffffffca]0[0xffffff85]J3[0xffffffc3][0xfffffff6]+[0xffffffed][0xc]S[0xffffffb7]$4[0xffffffa4]}9iH[0x19][0xffffffef]Q[0xffffffe3][0xffffffb8][0xffffffd3][0xffffffa8]q[0xffffffdc]<5>[0xffffff9e]![0xffffff80][0x1a]?[0xffffff9e][0x2][0xffffffa3][0xffffffc6][0xffffffc7][0xffffffef]c[0xffffffd4][0xfffffff8][0xfffffffe][0xffffffed][0x18]jH(1j[0xffffff98]hb[0xffffffd4][0xffffff90][0xffffff80]"[0xffffffd4]Xb[\n]"
08:17:55.136 [TestNG-PoolService-3] DEBUG org.apache.hc.client5.http.wire -- http-outgoing-4 << "Pc[0x9]k[0x18]5[0xffffffb4]Pqj[0xffffffb8]~[0xffffffc5][0xffffffa9][0xffffffa1]u[0xffffff8b]Rcm_[0xffffff90][0x1a]k[0x19][0xffffffff][0x9]5[0xffffffe6][0xfffffff7][0xffffffbf]r[0xffffff9a]][0xffffff8b][0xfffffffe][0x2][0xffffffae][0x13][0xfffffffb][0xfffffffd]<[0x14]3[0xfffffffe][0xfffffff1][0x4][0x18]2[0xffffff96]g(&[0xffffffc6]?~[0xffffffbd][0x18][0x18][0xffffffff][0xfffffffb][0xffffffcb]0/[0xffffffde]F[0xffffffb1][0x18][0x17][0xffffffff][0x12][0xffffffc8]bZ[0xffffffbc][0xffffff8d]e!,[0xffffffde][0xffffff84][0xffffffb3][0xffffff8c][0x15]o"[0x1a][0xffffff81][0xffffff8a][0xfffffff7][0xffffffe5][0x9][0xffffff91][0xffffffe2][0xffffffdf][0xffffffba][0x14][0x2][0xffffffc5][0xfffffffb]j[0x5]8[0xfffffff1][0xffffffae]i[0xffffffcb]1[0xfffffff1][0xffffffae]x[0xffffffb7](q[0xffffff84]Q[0xffffffe2][0xffffffc0])q[0x4]P[0xffffffe2]@)q`[0xffffff94]8[0xffffff92]([0xffffffb1]F[0xffffff91][0xffffffa2][0xffffff84][0x6][0xffffff92][0xffffffa2][0xffffffc4][0x1a]K[0xffffff82][0x12][0x7]L[0xffffff89]#[0xffffff98][0x12]R[0xffffff9e]4%L[0xffffff97][0xffffffd2][0xffffff94][0xffffff90]j%)q[0xffffffa4]P[0xffffffe2][0xfffffff8]kJ\[0xffffffee][0xffffffad]D[0xffffff9f][0xffffff83][0xffffffa2][0xffffffc4][0xffffff85][0xffffffbf][0xffffff95][0xffffffb8][0x2][0xffffffde]J\J[0xffffffe7][0xffffffc2][0xffffff80]_[0xffffffd8][[0xffffff89]+[0xffffffe9][0xffffffad][0xffffff84]F[0xffffff91][0xffffffa1][0xffffff84][0xb]$C[0x9][0xffffff8d]e=%[0xffffffd6]pVSb[0xffffff8d]h[0x12]%Ly[0xffffffb2][0xffffff94][0xffffffb0]][0xffffffca]R[0xffffffc2]T+G[0x9]iZ[0xffffff8a][0x12]R[0xffffffbc][0x1b][0xffffff94][0x18][0xffffff8e][0x12]w[0xffffffab][0xffffffbf][0xffffff99][0xfffffff4][0xfffffff7][0xfffffff3][0xffffffc0][0xffffff94][0x18][0x1][0xffffff94][0x18][0xffffff9a][0xfffffff7][0xffffffc2][0xffffff80][0xf][0xffffff8c][0x12]#[0xffffff89][0x12][0x1a]E[0xffffff86][0x12].[0xffffff90][0xc]%4[0xffffff96][0xfffffff5][0xffffff94]X[0xffffffc3]YM[0xffffff89]5[0xffffffa2]I[0xffffff94]0[0xffffffe5][0xffffffc9]R[0xffffffc2]v)K[0x9]S[0xffffffad][0x1c]%[0xffffffa4]i)JH[0xfffffff1]nP[0xffffffe2]v[0xffffff94][0xffffff98][0x1c]%n[0xffffff9c][0x12]w[0x0]%n[0xffffffcd]{a[0xffffffc0]o[0xffffff8c][0x12]w[0x12]%4[0xffffff8a][0xc]%\ [0x19]Jh,[0xffffffeb])[0xffffffb1][0xffffff86][0xffffffb3][0xffffff9a][0x12]kD[0xffffff93](a[0xffffffca][0xffffff93][0xffffffa5][0xffffff84][0xffffffed]R[0xffffff96][0x12][0xffffffa6]Z9JH[0xffffffd3]R[0xffffff94][0xffffff90][0xffffffe2][0xffffffdd][0xffffffa0][0xffffffc4]c([0xfffffff1][0xffffff81][0xffffff89][0xfffffffa][0xfffffff3][0x1d][0xffffffbf][0xffffff9f][0x7][0xffffffa6][0xffffffc4][0x13]@[0xffffff89]G[0xfffffff3]^[0x18][0xfffffff0][0x7][0xffffffa3][0xffffffc4][0xffffff93]D[0x9][0xffffff8d]"C[0x9][0x17]H[0xffffff86][0x12][0x1a][0xffffffcb]zJ[0xffffffac][0xffffffe1][0xffffffac][0xffffffa6][0xffffffc4][0x1a][0xffffffd1]$J[0xffffff98][0xfffffff2]d)a[0xffffffbb][0xffffff94][0xffffffa5][0xffffff84][0xffffffa9]V[0xffffff8e][0x12][0xffffffd2][0xffffffb4][0x14]%[0xffffffa4]x7(1[0x1d]%.[0xffffff8e][0x12][0x13][0xffffffa7][0xffffffc4][0xc][0xffffffa0][0xffffffc4][0xffffffd4][0xffffffbc][0x17][0x6]|b[0xffffff94][0xffffff98]I[0xffffff94][0xffffffd0](2[0xffffff94]p[0xffffff81]d([0xffffffa1][0xffffffb1][0xffffffac][0xffffffa7][0xffffffc4][0x1a][0xffffffce]jJ[0xffffffac][0x11]M[0xffffffa2][0xffffff84])O[0xffffff96][0x12][0xffffffb6]KYJ[0xffffff98]j[0xffffffe5](!MKQB[0xffffff8a][0xfffffff7][0xffffffcf])[0xffffffd1]_[0xffffff8e][0x12][0xffffffcf]xA[0xffffff94][0xfffffff8]|[0x1e][0xffffff96][0x12]_O[0x0]S[0xffffffe2][0xffffffd7]3 [0xffffff94][0xfffffff8][0xfffffffa]u[0xffffff84][0x12]?[0x7f]9[0xffffff82][0x12]&[0xffffff8a][0x8]%l [0x11]J[0xffffff98]X[0xffffff96]SB[0xffffffc2]YL[0x9][0xffffff89]h[0x10]%\y[0xffffffa2][0xffffff94][0xfffffff0]][0xffffff8a]R[0xffffffc2]U+F[0x9]mZ[0xffffff88][0x12]Z[0xffffffbc][0x1b][0xffffff94][0xffffffe8][0xffffff8e][0x12][0xfffffff3]n[0x14]%:N[0xffffff89][0x1e]@[0xffffff89][0xffffffae]y/[0xc]x[0xffffffc7]([0xffffffd1][0xffffff93]([0xffffffa1]Qd([0xffffffe1][0x2][0xffffffc9]PBcYO[0xffffff89]5[0xffffff9c][0xffffffd5][0xffffff94]X#[0xffffff9a]D[0x9]S[0xffffff9e],%l[0xffffff97][0xffffffb2][0xffffff94]0[0xffffffd5][0xffffffca]QB[0xffffff9a][0xffffff96][0xffffffa2][0xffffff84][0x14][0xffffffef][0x6]%[0xe]K[0xffffff89]yQ[0xffffff94]8pJ[0x1c][0x1][0xffffff94]84[0xffffffef][0xffffff85][0x1]?0J[0x1c]I[0xffffff94][0xffffffd0](2[0xffffff94]p[0xffffff81]d([0xffffffa1][0xffffffb1][0xffffffac][0xffffffa7][0xffffffc4][0x1a][0xffffffce]jJ[0xffffffac][0x11]M[0xffffffa2][0xffffff84])O[0xffffff96][0x12][0xffffffb6]KYJ[0xffffff98]j[0xffffffe5](!MKQB[0xffffff8a]w[0xffffff83][0x12]n[0xffffffed][0xfffffff2]|[\r][0xffffffea][[0xffffff89][0xffffff8e][0xffffffaf]][0xfffffff6][0xffffff80][0xffffffb5][0xffffffcb]n&[0xffffffd9][\n]"
08:17:55.136 [TestNG-PoolService-3] DEBUG org.apache.hc.client5.http.wire -- http-outgoing-4 << "[0x3][0xffffff8e][0xffffffad]]v[0x19]]#)[0x11][0xffffffb2]vi[0x3][0xffffffc9]P"`[0xffffffed]R[0xffffffc2]YM[0xffffff89][0xffffffe0][0xffffffb5]KW[0xffffff9e],%[0xfffffff2][0xffffffd6].][0xffffffb5]r[0xffffff94]HY[0xffffffbb][0xffffffd4][0xffffffe2][0xffffffdd][0xffffffa0][0xffffff84][0xffffff9b][0xffffffa8]:[0xfffffffb][0xffffff8b]:[0xc][0xffffffda][0xfffffff1][0xffffff89][0xffffffaa][0x1e]0Q[0xffffffd5][0xffffffcd][0xffffff8e]Ja[0xffffffc0][0xffffffb1][0xffffff89][0xffffffaa].K)$%B&[0xffffffaa]l [0x19]J[0x4]LTI8[0xffffffab])[0x11]<Q[0xffffffe5][0xffffffca][0xffffff93][0xffffffa5]D[0xffffffde]D[0xffffff95][0xffffffab]V[0xffffff8e][0x12])[0x13]UZ[0xffffffbc][0x1b][0xffffff94]p[0x13]U[0xffffffe7]5:E[0x9]|[0xffffffa2][0xffffffaa][0x7]LTu[0xffffffb3][0xffffffa3]R[0x18]pl[0xffffffa2][0xffffffaa][0xffffffcb]R[\n]"
08:17:55.136 [TestNG-PoolService-3] DEBUG org.apache.hc.client5.http.wire -- http-outgoing-4 << "I[0xffffff89][0xffffff90][0xffffff89]*[0x1b]H[0xffffff86][0x12][0x1][0x13]U[0x12][0xffffffce]jJ[0x4]OT[0xffffffb9][0xfffffff2]d)[0xffffff91]7Q[0xffffffe5][0xffffffaa][0xffffff95][0xffffffa3]D[0xffffffca]D[0xffffff95][0x16][0xffffffef][0x6]%[0xffffffdc][0xffffffae][0xffffffc4][0xffffffd5]_[0xffffffd8][0xffffffb7][0x12][0xfffffff8][0xffffffae]D[0xf][0xffffffd8][0xffffff95][0xffffffe8][0xffffffe6][0xfffffff0]sa[0xffffffc0][0xffffffb1]][0xffffff89].[0xffffffc7][0xffffff9b]IJ[0xffffff84][0xffffffec]J[0xffffffd8]@2[0xffffff94][0x8][0xffffffd8][0xffffff95][0xffffff90]pVS"xW[0xffffffc2][0xffffff95]'K[0xffffff89][0xffffffbc]][0x9]W[0xffffffad][0x1c]%Rv%[0xffffffb4]x[0xffffffb7]([0xffffffa1][0xffffffd7]y[0xffffffb1][0xffffff94][0xffffff80][0xffffffaf][0xfffffff3][0xfffffffa]z[0x2][0xffffff9e][0x12][0xffffffe0]u^_[0xffffffbf]NQ"[0xffffffe7]:/[0x13]E[0xffffff8a][0x12]![0xffffffd7]y[0xffffff99]X[0x12][0xffffff94]@[0xffffffaf][0xfffffff3][0xffffff92][0xffffff88]fQ"[0xffffffeb]:/[0xffffffdf][0xffffffa5]4%r[0xffffffae][0xfffffff3][0xffffffd2][0xffffffa6][0xffffffe5]([0xfffffff1][0xffffffd7][0xffffffd7]y}[0xfffffffe][0x1f][0xffffffa5][0xffffffc4][0xfffffff1]`[0x7f][0xffffffe0][0xffffff98][0xfffffff8][[0xffffff89][0x19][0xfffffff0]Vb*[0xffffff9d][0xb][0x3]>[0xffffffb1][0xffffffb7][0x12]3[0xffffffe9][0xffffffad][0xffffff84]F[0xffffff91][0xffffffa1][0xffffff84][0xb]$C[0x9][0xffffff8d]e=%[0xffffffd6]pVSb[0xffffff8d]h[0x12]%Ly[0xffffffb2][0xffffff94][0xffffffb0]][0xffffffca]R[0xffffffc2]T+G[0x9]iZ[0xffffff8a][0x12]R[0xffffffbc][0x7f]N[0xffffff89][0xffffffc3]MT][0xfffffff7]sB[0xffffff94]8[0xfffffff0][0xffffff89][0xffffffaa]#`[0xffffffa2][0xffffffea]0;*u[0x1]?[0xffffffb0][0xffffff89][0xffffffaa]C[0xffffff96]R@J[0xffffff98]("[0xffffff94][0xffffffb0][0xffffff81]D(abYN[0x9][0x9]g1%$[0xffffffa2]A[0xffffff94]p[0xffffffe5][0xffffff89]R[0xffffffc2]w)J[0x9]W[0xffffffad][0x18]%[0xffffffb4]i!Jh[0xfffffff1]nP[0xffffffc2]MT[0xffffff8d][0xffffffe3][0xffffffa1][0xe][0xffffff83][0x1e][0xfffffff8]D[0xffffffd5][0x11]0Qu[0xffffff98][0x1d][0xffffff95][0xffffffc2][0xffffff80]c[0x13]U[0xffffff87],[0xffffffa5][0xffffff90][0xffffff94][0x8][0xffffff99][0xffffffa8][0xffffffb2][0xffffff81]d([0x11]0Q%[0xffffffe1][0xffffffac][0xffffffa6]D[0xfffffff0]D[0xffffff95]+O[0xffffff96][0x12]y[0x13]U[0xffffffae]Z9J[0xffffffa4]LTi[0xfffffff1]nP[0xffffffc2]MT[0xffffff8d][0xffffffeb]E[\r]g[0x1f][0xfffffff8]D[0xffffffd5][0x11]0Qu[0xffffff98][0x1d][0xffffff95][0xffffffc2][0xffffff80]c[0x13]U[0xffffff87],[0xffffffa5][0xffffff90][0xffffff94][0x8][0xffffff99][0xffffffa8][0xffffffb2][0xffffff81]d([0x11]0Q%[0xffffffe1][0xffffffac][0xffffffa6]D[0xfffffff0]D[0xffffff95]+O[0xffffff96][0x12]y[0x13]U[0xffffffae]Z9J[0xffffffa4]LTi[0xfffffff1]nP[0xffffffc2]MT[0xffffff8d][0xffffffd9]N[0xffffff8a][0x12][0xfffffff8]D[0xffffffd5][0x11]0Qu[0xffffff98][0x1d][0xffffff95][0xffffffc2][0xffffff80]c[0x13]U[0xffffff87],[0xffffffa5][0xffffff90][0xffffff94][0x8][0xffffff99][0xffffffa8][0xffffffb2][0xffffff81]d([0x11]0Q%[0xffffffe1][0xffffffac][0xffffffa6]D[0xfffffff0]D[0xffffff95]+O[0xffffff96][0x12]y[0x13]U[0xffffffae]Z9J[0xffffffa4]LTi[0xfffffff1]nP[0xffffffc2]MT[0xffffff8d]yS[0xffffff9f]][0x1e][0xfffffff8]D[0xffffffd5][0x11]0Qu[0xffffff98][0x1d][0xffffff95][0xffffffc2][0xffffff80]c[0x13]U[0xffffff87],[0xffffffa5][0xffffff90][0xffffff94][0x8][0xffffff99][0xffffffa8][0xffffffb2][0xffffff81]d([0x11]0Q%[0xffffffe1][0xffffffac][0xffffffa6]D[0xfffffff0]D[0xffffff95]+O[0xffffff96][0x12]y[0x13]U[0xffffffae]Z9J[0xffffffa4]LTi[0xfffffff1]nP[0xffffffe2]6[0xffffff94][0xffffffb8]_[0x17]u[0xffffff9d][0xffffffd7][0xffffffe7][0xfffffff3][0xffffffc0][0xffffff94][0xffffffb8][0x3](qk[0xffffffde][0xb][0x3]~c[0xffffff94][0xffffffb8][0xffffff93]([0xffffffa1]Qd([0xffffffe1][0x2][0xffffffc9]PBcYO[0xffffff89]5[0xffffff9c][0xffffffd5][0xffffff94]X#[0xffffff9a]D[0x9]S[0xffffff9e],%l[0xffffff97][0xffffffb2][0xffffff94]0[0xffffffd5][0xffffffca]QB[0xffffff9a][0xffffff96][0xffffffa2][0xffffff84][0x14][0xffffffef][0x6]%[0xffffffdc]D[0xffffffd5][0xffffffdd][0x1a][0xfffffff6][0xffffffad][0x4]>Qu[0x4]LT[0x1d]fG[0xffffffa5]0[0xffffffe0][0xffffffd8]D[0xffffffd5]!K)$%B&[0xffffffaa]l [0x19]J[0x4]LTI8[0xffffffab])[0x11]<Q[0xffffffe5][0xffffffca][0xffffff93][0xffffffa5]D[0xffffffde]D[0xffffff95][0xffffffab]V[0xffffff8e][0x12])[0x13]UZ[0xffffffbc][0x1b][0xffffff94][0xffffff98][0xffffff8e][0x12][0xfffffffd]>)JL[0xffffff9c][0x12]3[0xffffff80][0x12]S[0xfffffff3]^[0x18][0xfffffff0][0xffffff89]Qb&QB[0xffffffa3][0xffffffc8]P[0xffffffc2][0x5][0xffffff92][0xffffffa1][0xffffff84][0xffffffc6][0xffffffb2][0xffffff9e][0x12]k8[0xffffffab])[0xffffffb1]F4[0xffffff89][0x12][0xffffffa6]<YJ[0xffffffd8].e)a[0xffffffaa][0xffffff95][0xffffffa3][0xffffff84]4-E[0x9])[0xffffffde]?[0xffffffa7][0xffffffc4][0xffffffe9]v%[0xffffffee][0xb][0xffffffdb][0xffffff95]8[0xfffffff1]][0xffffff89]3`W[0xffffffe2]4[0xffffff87][0xffffff9f][0xffffffeb][0x2]~b[0xffffffbb][0x12][0xffffffa7][0x1c]o[0x6])a[0xffffffa2][0xffffff88]P[0xffffffc2][0x6][0x12][0xffffffa1][0xffffff84][0xffffff89]e9%$[0xffffff9c][0xffffffc5][0xffffff94][0xffffff90][0xffffff88][0x6]Q[0xffffffc2][0xffffff95]'J[0x9][0xffffffdf][0xffffffa5](%\[0xffffffb5]b[0xffffff94][0xffffffd0][0xffffffa6][0xffffff85]([0xffffffa1][0xffffffc5][0xffffffbb]A[0x9][0xffffffb7]+[0xfffffff1][0xfffffff4]6)J[0xffffffe0][0xffffffbb][0x12]g[0xffffffc0][0xffffffae][0xffffffc4]i[0xe]?[0x17][0x6][0x1c][0xffffffdb][0xffffff95]8[0xffffffe5]x3I[0xffffff89][0xffffff90]][0x9][0x1b]H[0xffffff86][0x12][0x1][0xffffffbb][0x12][0x12][0xffffffce]jJ[0x4][0xffffffef]J[0xffffffb8][0xfffffff2]d)[0xffffff91][0xffffffb7]+[0xffffffe1][0xffffffaa][0xffffff95][0xffffffa3]D[0xffffffca][0xffffffae][0xffffff84][0x16][0xffffffef][0x6]%[0xffffffdc][0xffffffae][0xffffffc4]s[0x1e][0x18]%[0xfffffff0]][0xffffff89]3`W[0xffffffe2]4[0xffffff87][0xffffff9f][0xb][0x3][0xffffff8e][0xffffffed]J[0xffffff9c]r[0xffffffbc][0xffffff99][0xffffffa4]D[0xffffffc8][0xffffffae][0xffffff84][\r]$C[0xffffff89][0xffffff80]][0x9][0x9]g5%[0xffffff82]w%\y[0xffffffb2][0xffffff94][0xffffffc8][0xffffffdb][0xffffff95]p[0xffffffd5][0xffffffca]Q"eWB[0xffffff8b]w[0xffffff8b][0x12]=[0xffffff8c][0x12][0x1d][0xffffffa7]D[0xf][0xffffffa0]DG)[0xffffffd1]1J[0xfffffff4]$J[0xffffffac]Q[0xffffffa4]([0xffffffa1][0xffffff81][0xffffffa4]([0xffffffb1][0xffffffc6][0xffffff92][0xffffffa0]D[0xffffff87])[0xffffffd1][0xffffff83])![0xffffffe5]IS[0xffffffc2]t)M[0x9][0xffffffa9]V[0xffffff92][0x12]=[0xffffff85][0x12][0xfffffffd][0xffffffaf])[0xffffffe1]&[0xffffffaa][0xffffff9e][0xffffffa7][0xffffffdf][0x14]%[0xfffffff0][0xffffff89][0xffffffaa]3`[0xffffffa2][0xffffffea]4;*[0xffffff85][0x1][0xffffffc7]&[0xffffffaa]NYJ!)[0x11]2Qe[0x3][0xffffffc9]P"`[0xffffffa2]J[0xffffffc2]YM[0xffffff89][0xffffffe0][0xffffff89]*W[0xffffff9e],%[0xfffffff2]&[0xffffffaa]\[0xffffffb5]r[0xffffff94]H[0xffffff99][0xffffffa8][0xffffffd2][0xffffffe2][0xffffffdd][0xffffffa0][0xffffff84][0xffffff9b][0xffffffa8][0xffffff9a][0xffffffaf]~R[0xffffff94][0xffffffc0]'[0xffffffaa][0xffffffce][0xffffff80][0xffffff89][0xffffffaa][0xffffffd3][0xffffffec][0xffffffa8][0x14][0x6][0x1c][0xffffff9b][0xffffffa8]:e)[0xffffff85][0xffffffa4]D[0xffffffc8]D[0xffffff95][\r]$C[0xffffff89][0xffffff80][0xffffff89]*[0x9]g5%[0xffffff82]'[0xffffffaa]\y[0xffffffb2][0xffffff94][0xffffffc8][0xffffff9b][0xffffffa8]r[0xffffffd5][0xffffffca]Q"e[0xffffffa2]J[0xffffff8b]w[0xffffff83][0x12][0xffffffc3]Q[0xffffffe2][0xffffffec][0xffffff83][0xffffffa2][0xffffffc4][0xffffffc0])1[0x2](14[0xffffffef][0xffffff85][0x1][0x1f][0x18]%F[0x12]%4[0xffffff8a][0xc]%\ [0x19]Jh,[0xffffffeb])[0xffffffb1][0xffffff86][0xffffffb3][0xffffff9a][0x12]kD[0xffffff93](a[0xffffffca][0xffffff93][0xffffffa5][0xffffff84][0xffffffed]R[0xffffff96][0x12][0xffffffa6]Z9JH[0xffffffd3]R[0xffffff94][0xffffff90][0xffffffe2][0xffffffdd][0xffffffa0][0xffffff84][[0xffffffbb][0xffffff9c][0xffffffa3]a[0x7f][0xffffffe0][0xffffffc0][0xffffffd7].[0xffffffcf][0xffffff80][0xffffffb5][0xffffffcb][0xffffffd3]L[0xffffffb2][0x15][0x6][0x1c][[0xffffffbb]<et[0xffffff8d][0xffffffa4]D[0xffffffc8][0xffffffda][0xffffffa5][\r]$C[0xffffff89][0xffffff80][0xffffffb5]K[0x9]g5%[0xffffff82][0xffffffd7].]y[0xffffffb2][0xffffff94][0xffffffc8][[0xffffffbb]t[0xffffffd5][0xffffffca]Q"e[0xffffffed]R[0xffffff8b]w[0xffffff83][0x12]n[0xffffffed]r[0xffffffce][0xffffff89]Q[0x2]_[0xffffffbb]<[0x3][0xffffffd6].O3[0xffffffc9]V[0x18]pl[0xffffffed][0xfffffff2][0xffffff94][0xffffffd1]5[0xffffff92][0x12]!k[0xffffff97]6[0xffffff90][0xc]%[0x2][0xffffffd6].%[0xffffff9c][0xffffffd5][0xffffff94][0x8]^[0xffffffbb]t[0xffffffe5][0xffffffc9]R"o[0xffffffed][0xffffffd2]U+G[0xffffff89][0xffffff94][0xffffffb5]K-[0xffffffde][\r]JL[0xffffffa5][0xffffffc4][0xfffffff9]z[0xffffff8d][0xffffff83][0xffffffa2][0xffffffc4][0xffffffc4])1[0x3](15[0xffffffef][0xffffff85][0x1][0xffffff9f][0x18]%f[0x12]%4[0xffffff8a][0xc]%\ [0x19]Jh,[0xffffffeb])[0xffffffb1][0xffffff86][0xffffffb3][0xffffff9a][0x12]kD[0xffffff93](a[0xffffffca][0xffffff93][0xffffffa5][0xffffff84][0xffffffed]R[0xffffff96][0x12][0xffffffa6]Z9JH[0xffffffd3]R[0xffffff94][0xffffff90][0xffffffe2][0xfffffffd]sJ\f[0xffffffed][0xfffffff2]|[0xffffffb5][0x17]u[0x18][0xfffffff4][0xffffffc2][0xffffffd7].[0xffffffaf][0xffffff80][0xffffffb5][0xffffffcb][0xffffffcb]L[0xffffffb2][0xffffffd5][0x5][0xfffffffc][0xffffffc2][0xffffffd6]./[0x19]][0x3])a[0xffffffa2][0xffffff88]P[0xffffffc2][0x6][0x12][0xffffffa1][0xffffff84][0xffffff89]e9%$[0xffffff9c][0xffffffc5][0xffffff94][0xffffff90][0xffffff88][0x6]Q[0xffffffc2][0xffffff95]'J[0x9][0xffffffdf][0xffffffa5](%\[0xffffffb5]b[0xffffff94][0xffffffd0][0xffffffa6][0xffffff85]([0xffffffa1][0xffffffc5][0xffffffbb]A[0xffffff89]f)1:E[0xffffff89][0xffffff86]S[0xffffffa2][0x5]P[0xffffffa2]i[0xffffffde][0xb][0x3][0xffffffde]0J[0xffffffb4]$Jh[0x14][0x19]J[0xffffffb8]@2[0xffffff94][0xffffffd0]X[0xffffffd6]Sb[\r]g5%[0xffffffd6][0xffffff88]&Q[0xffffffc2][0xffffff94]'K[0x9][0xffffffdb][0xffffffa5],%L[0xffffffb5]r[0xffffff94][0xffffff90][0xffffffa6][0xffffffa5](![0xffffffc5][0xffffffbb]A[0x9]3[0xffffff9c]}[0xffffffbe][0xffffffb8][0xffffffe1][0xffffffec][0xb][0x1f][0xffffffce][0xffffffbe][0x2][0xffffff86][0xffffffb3]/[0xffffffb3][0xffffffee]Z[0x18]pl8[0xfffffffb][0xffffff92][0xfffffffd]V[0xffffff92][0x12]![0xffffffc3][0xffffffd9]6[0xffffff90][0xc]%[0x2][0xffffff86][0xffffffb3]%[0xffffff9c][0xffffffd5][0xffffff94][0x8][0x1e][0xffffffce]v[0xffffffe5][0xffffffc9]R"o8[0xffffffdb]U+G[0xffffff89][0xffffff94][0xffffffe1]l-[0xffffffde][\r]J[0xffffff98][0xffffffe1][0xffffffec][0xfffffff3]u[0xc][0xffffffea]0[0xffffffe8][0xffffff85][0xf]g_[0x1][0xffffffc3][0xffffffd9][0xffffff97]Yw-[0xc]86[0xffffff9c]}[0xffffffc9]~+I[0xffffff89][0xffffff90][0xffffffe1]l[0x1b]H[0xffffff86][0x12][0x1][0xffffffc3][0xffffffd9][0x12][0xffffffce]jJ[0x4][0xf]g[0xffffffbb][0xfffffff2]d)[0xffffff91]7[0xffffff9c][0xffffffed][0xffffffaa][0xffffff95][0xffffffa3]D[0xffffffca]p[0xffffffb6][0x16][0xffffffef][0x6]%[0xffffffcc][0xffffffda][0xffffffe5][0xfffffff9][0xffffffba]/[0xffffffea][0x4][0xffffffc7][0xffffff85][0xffffffaf]]^[0x1]k[0xffffff97][0xffffff97][0xffffff99]d+[0xc]8[0xffffffb6]vy[0xffffffc9][0xffffffe8][0x1a]I[0xffffff89][0xffffff90][0xffffffb5]K[0x1b]H[0xffffff86][0x12][0x1]k[0xffffff97][0x12][0xffffffce]jJ[0x4][0xffffffaf]][0xffffffba][0xfffffff2]d)[0xffffff91][0xffffffb7]v[0xffffffe9][0xffffffaa][0xffffff95][0xffffffa3]D[0xffffffca][0xffffffda][0xffffffa5][0x16][0xffffffef][0x6]%[0xffffffcc]D[0xffffffd5][0xffffffd9][0xffffffce][0x17]u[0xffffff82][0xffffffe3][0xffffffc2]'[0xffffffaa][0xffffffae][0xffffff80][0xffffff89][0xffffffaa][0xffffffcb][0xffffffec][0xffffffa8][0x14][0x6][0x1c][0xffffff9b][0xffffffa8][0xffffffba]d)[0xffffff85][0xffffffa4]D[0xffffffc8]D[0xffffff95][\r]$C[0xffffff89][0xffffff80][0xffffff89]*[0x9]g5%[0xffffff82]'[0xffffffaa]\y[0xffffffb2][0xffffff94][0xffffffc8][0xffffff9b][0xffffffa8]r[0xffffffd5][0xffffffca]Q"e[0xffffffa2]J[0xffffff8b]w[0xffffff83][0x12]f[0xffffffa2][0xffffffea]l[0xffffffd7]}R[0xffffff94][0xffffffc0]'[0xffffffaa][0xffffffae][0xffffff80][0xffffff89][0xffffffaa][0xffffffcb][0xffffffec][0xffffffa8][0x14][0x6][0x1c][0xffffff9b][0xffffffa8][0xffffffba]d)[0xffffff85][0xffffffa4]D[0xffffffc8]D[0xffffff95][\r]$C[0xffffff89][0xffffff80][0xffffff89]*[0x9]g5%[0xffffff82]'[0xffffffaa]\y[0xffffffb2][0xffffff94][0xffffffc8][0xffffff9b][0xffffffa8]r[0xffffffd5][0xffffffca]Q"e[0xffffffa2]J[0xffffff8b]w[0xffffff83][0x12]f[0xffffffa2][0xffffffea][0xffffffec][0xffffffaf][0xffffffe7][0xffffffa1]([0xffffff81]OT][0x1][0x13]U[0xffffff97][0xffffffd9]Q)[0xc]86Qu[0xffffffc9]R[\n]"
08:17:55.137 [TestNG-PoolService-3] DEBUG org.apache.hc.client5.http.wire -- http-outgoing-4 << "I[0xffffff89][0xffffff90][0xffffff89]*[0x1b]H[0xffffff86][0x12][0x1][0x13]U[0x12][0xffffffce]jJ[0x4]OT[0xffffffb9][0xfffffff2]d)[0xffffff91]7Q[0xffffffe5][0xffffffaa][0xffffff95][0xffffffa3]D[0xffffffca]D[0xffffff95][0x16][0xffffffef][0x6]%[0xffffffa6][0xffffffa3]D?_[0x14]%&N[0xffffff89][0x19]@[0xffffff89][0xffffffa9]y/[0xc][0xfffffff8][0xffffffc4](1[0xffffff93]([0xffffffa1]Qd([0xffffffe1][0x2][0xffffffc9]PBcYO[0xffffff89]5[0xffffff9c][0xffffffd5][0xffffff94]X#[0xffffff9a]D[0x9]S[0xffffff9e],%l[0xffffff97][0xffffffb2][0xffffff94]0[0xffffffd5][0xffffffca]QB[0xffffff9a][0xffffff96][0xffffffa2][0xffffff84][0x14][0xffffffef][0xffffff9f]Sb[0xffffffb8][0xffffff89][0xffffffaa]>:E[0xffffff89][0xffffff81]OT[0xffffff8d][0xffffff80][0xffffff89][0xffffffaa]avT[0xffffffea][0x2]>[0xffffffb0][0xffffff89][0xffffffaa]!K) %L[0x14][0x11]J[0xffffffd8]@"[0xffffff94]0[0xffffffb1],[0xffffffa7][0xffffff84][0xffffff84][0xffffffb3][0xffffff98][0x12][0x12][0xffffffd1] J[0xffffffb8][0xfffffff2]D)[0xffffffe1][0xffffffbb][0x14][0xffffffa5][0xffffff84][0xffffffab]V[0xffffff8c][0x12][0xffffffda][0xffffffb4][0x10]%[0xffffffb4]x7([0xffffffe1]&[0xffffffaa][0xfffffffa]}R[0xffffff9f]][0xe]|[0xffffffa2]j[0x4]LT[\r][0xffffffb3][0xffffffa3]R[0x18]pl[0xffffffa2]j[0xffffffc8]R[\n]"
08:17:55.137 [TestNG-PoolService-3] DEBUG org.apache.hc.client5.http.wire -- http-outgoing-4 << "I[0xffffff89][0xffffff90][0xffffff89]*[0x1b]H[0xffffff86][0x12][0x1][0x13]U[0x12][0xffffffce]jJ[0x4]OT[0xffffffb9][0xfffffff2]d)[0xffffff91]7Q[0xffffffe5][0xffffffaa][0xffffff95][0xffffffa3]D[0xffffffca]D[0xffffff95][0x16][0xffffffef][0x6]%[0xffffffdc]D[0xffffffd5][0xffffffd1][0xe][0xffffffea][[0xffffff89][0xffffff81]OT[0xffffff8d][0xffffff80][0xffffff89][0xffffffaa]avT[\n]"
08:17:55.137 [TestNG-PoolService-3] DEBUG org.apache.hc.client5.http.wire -- http-outgoing-4 << "[0x3][0xffffff8e]MT[\r]YJ!)[0x11]2Qe[0x3][0xffffffc9]P"`[0xffffffa2]J[0xffffffc2]YM[0xffffff89][0xffffffe0][0xffffff89]*W[0xffffff9e],%[0xfffffff2]&[0xffffffaa]\[0xffffffb5]r[0xffffff94]H[0xffffff99][0xffffffa8][0xffffffd2][0xffffffe2][0xffffffdd][0xffffffa0][0xffffff84][0xffffff9b][0xffffffa8]:[0xffffffb8][0xffffffb5][0xffffffcb][0xffffff81]OT[0xffffff8d][0xffffff80][0xffffff89][0xffffffaa]avT[\n]"
08:17:55.138 [TestNG-PoolService-3] DEBUG org.apache.hc.client5.http.wire -- http-outgoing-4 << "[0x3][0xffffff8e]MT[\r]YJ!)[0x11]2Qe[0x3][0xffffffc9]P"`[0xffffffa2]J[0xffffffc2]YM[0xffffff89][0xffffffe0][0xffffff89]*W[0xffffff9e],%[0xfffffff2]&[0xffffffaa]\[0xffffffb5]r[0xffffff94]H[0xffffff99][0xffffffa8][0xffffffd2][0xffffffe2][0xffffffdd][0xffffffa0][0xffffff84][0xffffff9b][0xffffffa8]:[0xfffffffa]yR[0xffffff94][0xffffffc0]'[0xffffffaa]F[0xffffffc0]D[0xffffffd5]0;*[0xffffff85][0x1][0xffffffc7]&[0xffffffaa][0xffffff86],[0xffffffa5][0xffffff90][0xffffff94][0x8][0xffffff99][0xffffffa8][0xffffffb2][0xffffff81]d([0x11]0Q%[0xffffffe1][0xffffffac][0xffffffa6]D[0xfffffff0]D[0xffffff95]+O[0xffffff96][0x12]y[0x13]U[0xffffffae]Z9J[0xffffffa4]LTi[0xfffffff1]nP[0xffffffe2][0xffffffb2][0xffffff94][0xffffffb8][0xffffffb1]o%.[0xffffff9c][0x12]W[0x0]%.[0xffffffcd]{a[0xffffffc0]/[0xffffff8c][0x12]W[0x12]%4[0xffffff8a][0xc]%\ [0x19]Jh,[0xffffffeb])[0xffffffb1][0xffffff86][0xffffffb3][0xffffff9a][0x12]kD[0xffffff93](a[0xffffffca][0xffffff93][0xffffffa5][0xffffff84][0xffffffed]R[0xffffff96][0x12][0xffffffa6]Z9JH[0xffffffd3]R[0xffffff94][0xffffff90][0xffffffe2][0xffffffdd][0xffffffa0][0xffffff84][[0xffffffbb]<[0xffffff8e][0xffffffd6])J[0xffffffe0]k[0xffffff97]#`[0xffffffed]r[0xffffff98]I[0xffffffb6][0xffffffc2][0xffffff80]ck[0xffffff97]CF[0xffffffd7]HJ[0xffffff84][0xffffffac]][0xffffffda]@2[0xffffff94][0x8]X[0xffffffbb][0xffffff94]pVS"x[0xffffffed][0xffffffd2][0xffffff95]'K[0xffffff89][0xffffffbc][0xffffffb5]KW[0xffffffad][0x1c]%R[0xffffffd6].[0xffffffb5]x7([0xffffffe1][0xffffffd6].[0xffffff8f][0x13][0xffffffbb][0xffffffce]k[0xffffffe0]k[0xffffff97]#`[0xffffffed]r[0xffffff98]I[0xffffffb6][0xffffffc2][0xffffff80]ck[0xffffff97]CF[0xffffffd7]HJ[0xffffff84][0xffffffac]][0xffffffda]@2[0xffffff94][0x8]X[0xffffffbb][0xffffff94]pVS"x[0xffffffed][0xffffffd2][0xffffff95]'K[0xffffff89][0xffffffbc][0xffffffb5]KW[0xffffffad][0x1c]%R[0xffffffd6].[0xffffffb5]x7([0xffffffe1][0xffffffd6].[0xffffff8f]g`[0xffffff9f]][0xffffffe2]k[0xffffff97]#`[0xffffffed]r[0xffffff98]I[0xffffffb6][0xffffffc2][0xffffff80]ck[0xffffff97]CF[0xffffffd7]HJ[0xffffff84][0xffffffac]][0xffffffda]@2[0xffffff94][0x8]X[0xffffffbb][0xffffff94]pVS"x[0xffffffed][0xffffffd2][0xffffff95]'K[0xffffff89][0xffffffbc][0xffffffb5]KW[0xffffffad][0x1c]%R[0xffffffd6].[0xffffffb5]x[0xffffffb7](1[0xffffffc2](1pJ[0xffffff8c][0x0]J[0xc][0xffffff94][0x12][0x3][0xffffffa3][0xffffffc4]H[0xffffffa2][0xffffffc4][0x1a]E[0xffffff8a][0x12][0x1a]H[0xffffff8a][0x12]k,[0x9]J[0xc][0xffffff98][0x12]#[0xffffff98][0x12]R[0xffffff9e]4%L[0xffffff97][0xffffffd2][0xffffff94][0xffffff90]j%)1R(1[0xfffffffe][0x3]J[0xffffffcc]0JL[0xffffff9c][0x12]3[0xffffff80][0x12][0x13][0xffffffa5][0xffffffc4][0xffffffc4](1[0xffffff93]([0xffffffb1]F[0xffffff91][0xffffffa2][0xffffff84][0x6][0xffffff92][0xffffffa2][0xffffffc4][0x1a]K[0xffffff82][0x12][0x13][0xffffffa6][0xffffffc4][0xc][0xffffffa6][0xffffff84][0xffffff94]'M[0x9][0xffffffd3][0xffffffa5]4%[0xffffffa4]ZIJ[0xffffffcc][0x14]J[0xffffffcc][0xffffffff][0xffffff80][0x12]_[0xffffff9f]X&Y[0xffffffa2]u[0x1c][0x13][0x1f][0xffffff8f][0xffffffc0]k[0xffffffe2][0xffffffc7]CP[0xffffff9c][0xfffffff8][0xfffffff8]y[0xffffffca][0x13][0xffffffdf]?[0xffffff9d][0x2][\n]"
08:17:55.138 [TestNG-PoolService-3] DEBUG org.apache.hc.client5.http.wire -- http-outgoing-4 << "[0xffffffc9]#%[\n]"
08:17:55.139 [TestNG-PoolService-2] DEBUG org.apache.hc.client5.http.wire -- http-outgoing-5 << "k8[0xffffffab])[0xffffffb1]F4[0xffffff89][0x12][0xffffffa6]<YJ[0xffffffd8].e)a[0xffffffaa][0xffffff95][0xffffffa3][0xffffff84]4-E[0x9])[0xffffffde][\r]J[0xffffffb8][0xffffffc3][0xffffffa0]w[0x7f]a[0xffffff94][0xffffffc0][0xf][0xffffff83][0xffffffce][0xffffff80][0xffffffc3][0xffffffa0][0xffffffd3][0xffffff9c]X*[0xc]8v[0x18]t[0xffffffca][0xffffff99]$[0xffffff92][0x12]![0xffffff87]Am [0x19]J[0x4][0x1c][0x6][0xffffff95]pVS"[0xfffffff8]0[0xffffffa8]+O[0xffffff96][0x12]y[0xffffff87]A][0xffffffb5]r[0xffffff94]H9[0xc][0xffffffaa][0xffffffc5][0xffffffbb]A[0xffffff89]a)qa[0xffffff94][0x18]8%[0xffffff86][0xffffff8b][0x7f]q[0xffffffde][0xffffff87][0xffffffe6][0xffffffbd]0[0xffffffe0][0x3][0xffffffa3][0xffffffc4]H[0xffffffa2][0xffffff84]F[0xffffff91][0xffffffa1][0xffffff84][0xb]$C[0x9][0xffffff8d]e=%[0xffffffd6]pVSb[0xffffff8d]h[0x12]%Ly[0xffffffb2][0xffffff94][0xffffffb0]][0xffffffca]R[0xffffffc2]T+G[0x9]iZ[0xffffff8a][0x12]R[0xffffffbc][0x1b][0xffffff94]p[0xffffffbb][0x12][0xfffffff7][0xfffffff1][0xffffffa2][0xffffffd6].'[0xffffffbe]+1[0x3]v%[0xffffffa6]9[0xfffffffc]\[0x18]plWb[0xffffffca][0xfffffff1]f[0xffffff92][0x12]![0xffffffbb][0x12]6[0xffffff90][0xc]%[0x2]v%$[0xffffff9c][0xffffffd5][0xffffff94][0x8][0xffffffde][0xffffff95]p[0xffffffe5][0xffffffc9]R"oW[0xffffffc2]U+G[0xffffff89][0xffffff94]][0x9]-[0xffffffde][\r]J[0xffffffb8][0xffffffc3][0xffffffa0][0xfffffff7][0xffffffec][0xffffffd8]g[0xffffff97][0xfffffff8]a[0xffffffd0][0x19]p[0x18]t[0xffffff9a][0x13]K[0xffffff85][0x1][0xffffffc7][0xe][0xffffff83]N9[0xffffff93]DR"[0xffffffe4]0[0xffffffa8][\r]$C[0xffffff89][0xffffff80][0xffffffc3][0xffffffa0][0x12][0xffffffce]jJ[0x4][0x1f][0x6]u[0xffffffe5][0xffffffc9]R"[0xffffffef]0[0xffffffa8][0xffffffab]V[0xffffff8e][0x12])[0xffffff87]A[0xffffffb5]x[0xffffffff][0xffffff98][0x12][0xffffffe3][0xffffffe5].[0x19][0x7f][0x1a]E[0xffffff89][0xffffffaf][0xffffffe7]A)[0xfffffff1][0xfffffffd][0x4],%~?[0x3]A[0xffffff89][0xffffffef]_'([0xfffffff1][0xffffffeb][0xffffff97][0x13]([0xffffffe1][0xffffffa2]HP[0xffffffc2][0x7][0xffffff92][0xffffffa0][0xffffff84][0xffffff8b]e5%4[0xffffff9c][0xffffffb5][0xffffff94][0xffffffd0][0xffffff88][0xffffffe6]P[0xffffffc2][0xffffff96]'I[0xffffff89]7]JR[0xffffffc2]V+E[0x9][0xffffffd3][0xffffffb4][0xc]%L[0xfffffff1]nP[0xffffffc2][0xffffffed]J<[0xffffffd7]|(J[0xffffffd0][0xffffffbb][0x12][0xffffffdf]O@S[0xffffff82][0xffffffdc][0xffffff95][0xfffffff8][0xfffffffe]u[0xffffff86][0x12]A[0xffffffbb][0x12].[0xffffff8a][0xc]%Rv%\,[0xffffffeb])[0xffffffc1][0xffffffee]JhD[0xffffff93]([0x11][0xffffffb6]+[0xfffffff1][0xffffffa6]KYJ[0x4][0xffffffed]J[0xffffff98][0xffffffa6][0xffffffa5]([0xfffffff1][0xfffffff7][0xffffffbb][0x12][0xffffff9f][0xffffffff]F[0xf][0xffffffa3]D[0xffffffc7])[0xffffffd1][0x3]([0xffffffd1]QJt[0xffffff8c][0x12]=[0xffffff89][0x12]k[0x14])Jh )J[0xffffffac][0xffffffb1]$([0xffffffd1]aJ[0xfffffff4]`JHy[0xffffffd2][0xffffff94]0]JSB[0xffffffaa][0xffffff95][0xffffffa4]DO[0xffffffa1]D[0xffffffff]kJ[0xffffffb8][0xffffff89][0xffffffaa][0xffffffe7][0xffffffe9]'E[0x9]z[0xffffffa2][0xffffffea][0xfffffffb][0x9]hJ[0xffffff90][0x13]U[0xffffffdf][0xffffffbf][0xffffffce]P"h[0xffffffa2][0xffffffca]E[0xffffff91][0xffffffa1]D[0xffffffca]D[0xffffff95][0xffffff8b]e=%[0xffffffd8][0xffffff89]*[0xffffff8d]h[0x12]%[0xffffffc2]&[0xffffffaa][0xffffffde]t)K[0xffffff89][0xffffffa0][0xffffff89]*[0xffffffd3][0xffffffb4][0x14]%[0xfffffffe]~[0xffffffa2][0xffffffea][0xfffffff3][0xffffffdf]0o%PJ[0xffffffd0]o%z[0xffffffc0][[0xffffff89][0xffffffae]t.[\r]8[0xfffffff5]V[0xffffffa2]'[0xffffffbd][0xffffff95][0xffffffd0](R[0xffffff94]Hy+[0xffffffa1][0xffffffb1]$([0xffffffc1][0xffffffbe][0xffffff95]X#[0xffffff9a]E[0xffffff89][0xffffffb0][0xffffffb7][0x12][0xffffffb6]KiJ[0x4][0xffffffbd][0xffffff95][0xffffff90][0xffffffa6][0xffffffe5]([0xfffffff1][0xfffffff7]o%[0xe][0xfffffff3]Vb[0xfffffff6][0xfffffffb]EQ[0xffffffe2][0xffffffc0][0xffffffdf]J[0x1c][0x1]o%[0xe][0xffffffa5]sa[0xffffffc0][0xf][0xffffffec][0xffffffad][0xffffffc4][0xffffff91][0xfffffff4]VB[0xffffffa3][0xffffffc8]P[0xffffffc2][0x5][0xffffff92][0xffffffa1][0xffffff84][0xffffffc6][0xffffffb2][0xffffff9e][0x12]k8[0xffffffab])[0xffffffb1]F4[0xffffff89][0x12][0xffffffa6]<YJ[0xffffffd8].e)a[0xffffffaa][0xffffff95][0xffffffa3][0xffffff84]4-E[0x9])[0xffffffde][\r]J[0xffffffb8][0xffffffe1][0xffffffec]y[0xffffff8e]FQ[0xffffff82][0x1e][0xffffffce][0xfffffffe]~[0x2][0xffffff9a][0x12][0xffffffe4]p[0xfffffff6][0xfffffff7][0xffffffaf]3[0xffffff94][0x8][0x1a][0xffffffce]vQd([0xffffff91]2[0xffffff9c][0xffffffed]bYO[0x9]v8[#[0xffffff9a]D[0xffffff89][0xffffffb0][0xffffffe1][0xffffffec]7][0xffffffca]R"h8[0xffffffdb]4-E[0xffffff89][0xffffffbf][0x1f][0xffffffce][0x1e]/7[0xffffff9c]=[0xffffffc7][0xffffff84][0xffffffd6].[0xffffffbf][0xffffff9e][0x7][0xffffffa6][0x4]?[0xffffff9c][0xfffffffd][0xfffffffb][0x19][0x18]JP[0xffffffc3][0xffffffd9][0xffffffbf]~9[0xffffff83][0x12][0x19][0xffffffc3][0xffffffd9]>[0xffffff90][0xc]%[0xfffffff8][0xffffffe1]l[\r]g5%r[0xffffff87][0xffffffb3]my[0xffffffb2][0xffffff94][0xffffff88][0x1b][0xffffffce][0xffffffb6][0xffffffd5][0xffffffca]Q"d8[0xffffffdb][0x14][0xffffffef][0x16]%[0xfffffff4][[0x9][0xffffff96][0x12][0xfffffff4][0xffffffb7][0x12]W[0xffffffc0][0xffffffb7][0x12][0xffffff97][0xfffffffe]A[0xffffffaf]4[0xffffffe0][0xffffffd4][0xffffffb7][0x12]W[0xffffffd2][0xffffffb7][0x12][0x1a]E[0xffffff8a][0x12])[0xffffffdf]Jh,[0x9]J[0xffffffb0][0xffffffdf]J[0xffffffac][0x11][0xffffffcd][0xffffffa2]D[0xffffffd8][0xffffffb7][0x12][0xffffffb6]KiJ[0x4]}+!M[0xffffffcb]Q[0xffffffe2][0xffffffef][0xffffffbf][0xffffff95]0wp[0x1c][0xffffffaf]N[\r]g[0x7f]=[0xf]L[0x9][0xfffffffe][0xe][0xffffff8e][0xffffffdf][0xffffffcf][0xffffffc0]P[0xffffff82][0xffffffba][0xffffff83][0xffffffe3][0xffffffd7]/gP"[0xffffffe3][0xe][0xe][0x1f]H[0xffffff86][0x12][0xfffffffc][0x1d][0x1c][0x1a][0xffffffce]jJ[0xffffffe4][0xffffffde][0xffffffc1]a[0xffffffcb][0xffffff93][0xffffffa5]D[0xffffffdc][0x1d][0x1c][0xffffffb6]Z9J[0xffffff84][0xffffffdc][0xffffffc1]a[0xffffff8a]w[0xffffff83][0x12][0xffffffe6][0xe][0xffffff8e][0xffffffe3]u='E[0x9][0xfffffffa][0xe][0xffffff8e][0xffffffef]'[0xffffffa0])A[0xffffffde][0xffffffc1][0xfffffff1][0xfffffffd][0xffffffeb][0xc]%[0xffffff82][0xffffffee][0xffffffe0]pQd([0xffffff91]r[0x7][0xffffff87][0xffffff8b]e=%[0xffffffd8];84[0xffffffa2]I[0xffffff94][0x8][0xffffffbb][0xffffff83][0xffffffe3]M[0xffffff97][0xffffffb2][0xffffff94][0x8][0xffffffba][0xffffff83][0xffffffc3]4-E[0xffffff89][0xffffffbf][0xffffffbf][0xffffff83]c[0xffffffbc][0x1e]G[0xffffff89][0xfffffffb]5)J<8%[0xffffff9e][0x0]J<[0xffffff9a][0xfffffff7][0xffffffc2][0xffffff80]?[0x18]%[0xffffff9e]$Jh[0x14][0x19]J[0xffffffb8]@2[0xffffff94][0xffffffd0]X[0xffffffd6]Sb[\r]g5%[0xffffffd6][0xffffff88]&Q[0xffffffc2][0xffffff94]'K[0x9][0xffffffdb][0xffffffa5],%L[0xffffffb5]r[0xffffff94][0xffffff90][0xffffffa6][0xffffffa5](![0xffffffc5][0xffffffbb]A[0x9]s[0xffffff9d][0xffffffd7][0x7]%[0xffffffae][0xffffff9b][0xffffffa2][0x4]}[0xffffff9d][0xffffffd7][0xfffffff7][0x13][0xffffffd0][0xffffff94] [0xffffffaf][0xfffffff3][0xfffffffa][0xfffffffe]u[0xffffff86][0x12]A[0xffffffd7]y[0xffffffb9](2[0xffffff94]H[0xffffffb9][0xffffffce][0xffffffcb][0xffffffc5][0xffffffb2][0xffffff9e][0x12][0xffffffec]u^[0x1a][0xffffffd1]$J[0xffffff84]][0xffffffe7][0xfffffff5][0xffffffa6]KYJ[0x4]][0xffffffe7]e[0xffffff9a][0xffffff96][0xffffffa2][0xffffffc4][0x7f]p[0xffffff9d]W3[0xffffffd7]y[0x1d][0xffffffaf][0xffffffe7]u@[0xffffff94]h[0xfffffff8]u^-[0xffffffe0]:[0xffffffaf]f[0xffffffee][0xffffff9c][0xffffffa9][0xb]x[0xffffffc3][0xffffffae][0xfffffff3]jr[0xffffffab][0xc]H[0x9][0x13]E[0xffffff84][0x12]6[0xffffff90][0x8]%L,[0xffffffcb])![0xffffffe1],[0xffffffa6][0xffffff84]D4[0xffffff88][0x12][0xffffffae]<QJ[0xfffffff8].E)[0xffffffe1][0xffffffaa][0x15][0xffffffa3][0xffffff84]6-D[0x9]-[0xffffffde][\r]J[0xffffff98][0xffffffeb][0xffffffbc]>(1[0xffffffa8][0xffffff89][0xffffffaa][0xffffff86]_[0xffffffe7][0xffffffd5][0x2][0xffffffae][0xfffffff3]j[0xffffffe6][0xffffffce][0xffffff99][0xffffffc2][0xffffff80]c[0xffffffd7]y5[0xffffffb9]U[0xffffff86][0xffffffa4]D[0xffffffc8]u^6[0xffffff90][0xc]%[0x2][0xffffffae][0xfffffff3][0xffffff92]pVS"[0xfffffff8]:/W[0xffffff9e],%[0xfffffff2][0xffffffae][0xfffffff3]r[0xffffffd5][0xffffffca]Q"[0xffffffe5]:/-[0xffffffde][\r]J[0xffffff98];8[0xffffff8e][0xfffffff6]zQ[0x7f][0xffffffe0]h[0xfffffff8][0x1d][0x1c]-[0xffffffe0][0xe][0xffffff8e]f[0xffffff86][0xffffffe2][0xb][0x3][0xffffff8e][0xffffffdd][0xffffffc1][0xffffffd1]d[\n]"
08:17:55.139 [TestNG-PoolService-2] DEBUG org.apache.hc.client5.http.wire -- http-outgoing-5 << "[0xffffff9e][0xffffffa4]D[0xffffffc8][0x1d][0x1c]6[0xffffff90][0xc]%[0x2][0xffffffee][0xffffffe0][0xffffff90]pVS"[0xfffffff8][0xe][0xe]W[0xffffff9e],%[0xfffffff2][0xffffffee][0xffffffe0]p[0xffffffd5][0xffffffca]Q"[0xffffffe5][0xe][0xe]-[0xffffffde][\r]J[0xffffff98][0xffffffe1][0xffffffec][0xffffffa3][0xffffff9d][0xf]u3h[0xffffffc3][0xffffff87][0xffffffb3][[0xffffffc0]pv3[0xffffffeb][0xffffffae][0xffffff85][0x1][0xffffffc7][0xffffff86][0xffffffb3][0xffffff9b][0xffffffec][0xffffffb7][0xffffff92][0xffffff94][0x8][0x19][0xffffffce][0xffffffb6][0xffffff81]d([0x11]0[0xffffff9c]-[0xffffffe1][0xffffffac][0xffffffa6]D[0xfffffff0]p[0xffffffb6]+O[0xffffff96][0x12]y[0xffffffc3][0xffffffd9][0xffffffae]Z9J[0xffffffa4][0xc]gk[0xfffffff1]nQ[0xffffffe2][\n]"
08:17:55.139 [TestNG-PoolService-2] DEBUG org.apache.hc.client5.http.wire -- http-outgoing-5 << "[0xffffffa3][0xffffffc4][0xffffff85]S[0xffffffe2][\n]"
08:17:55.139 [TestNG-PoolService-2] DEBUG org.apache.hc.client5.http.wire -- http-outgoing-5 << "[0xffffffa0][0xffffffc4][0xffffff85]R[0xffffffe2][0xffffffc2](q%Qb[0xffffff8d]"E[0x9][\r]$E[0xffffff89]5[0xffffff96][0x4]%.[0xffffff98][0x12]W0%[0xffffffa4]<iJ[0xffffff98].[0xffffffa5])![0xffffffd5]JR[0xffffffe2]J[0xffffffa1][0xffffffc4][0xfffffff5][0x1f]P[0xffffffa2]=a[0xffffff96]h[0xf][0xffffff8e][0xffffff89][0xffffff8f]G[0xffffffe0]5[0xfffffff1][0xffffffe3]!(N|[0xfffffffc]<[0xffffffe5][0xffffff89][0xffffffef][0xffffff9f]N[0x1][0xffffff85][0xffffffe4][0xffffff91][0x12][0xffffff85]I%E[\n]"
08:17:55.139 [TestNG-PoolService-2] DEBUG org.apache.hc.client5.http.wire -- http-outgoing-5 << "[0xffffffc9]&a[0xffffff8a]%[0xffffffa1][0xfffffff5][0xffffffa8]Xr[0xffffff9a][0xffffffa5][\n]"
08:17:55.139 [TestNG-PoolService-2] DEBUG org.apache.hc.client5.http.wire -- http-outgoing-5 << "[0xffffffad]Q[0xffffff9a][0x15][0xffffffae]UiWh[0xffffffc9][0xffffff92][0xffffffb0]X;[0xffffff97][0xffffff93][0xffffffc5]Z[0xffffffc1][[0xffffffb4]8F[0x18]-[0xffffff8e][0xffffff81][0xffffffd3][0xffffffe2][0xffffffe3][0x11]xZ[0xfffffffc]x[0x8][0xffffff8a][0x16][0x1f]?O[0xffffffd1][0xffffffe2][0xfffffffb][0xffffffa7]Sh!y[0xffffffa4]haRI[0xffffffd1]B[0xffffffb2]I[0xffffffd0]bIh=-[0xffffff96][0xffffff9c]f[0xffffffd1]Bk[0xffffff94][0xffffffa6][0xffffff85]kU[0xffffff9a][0x16]Z[0xffffffb2]$-[0xffffffd6][0xffffffce][0xffffffe5]h[0xffffffb1]V[0xfffffff0][0x16]-[0xffffffbe][0xffffff96]/[0xffffff93]h[0xfffffff1][0xffffff9c]8->[0x1e][0xffffff81][0xffffffa7][0xffffffc5][0xffffff8f][0xffffff87][0xffffffa0]h[0xfffffff1][0xfffffff1][0xfffffff3][0x14]-[0xffffffbe][0x7f]:[0xffffff85][0x16][0xffffff92]G[0xffffff8a][0x16]&[0xffffff95][0x14]-$[0xffffff9b][0x4]-[0xffffff96][0xffffff84][0xffffffd6][0xffffffd3]b[0xffffffc9]i[0x16]-[0xffffffb4]FiZ[0xffffffb8]V[0xffffffa5]i[0xffffffa1]%K[0xffffffd2]b[0xffffffed]\[0xffffff8e][0x16]k[0x5][0xffffffef][0xffffffd1]"[0xffffffed][0xffffffad][0xffffffc5][0xffffffc3][0xffffffbf][0xffffffb5]x[0x12][0xffffffde]Z<[0xffffffec][[0xffffff8b][0xffffff87]{k[0xfffffff1]D[0xffffffbd][0xffffffb5][0xffffff90]<b[0xffffffb4][0xffffffc8]yk![0xffffffd9]DhA[0xffffffbf][0xffffffb5]x[0xffffff92][0xffffffdf]Zh[0xffffff8d][0xffffffe2][0xffffffb4][0x8]|k[0xffffffa1]%[0xffffff8b][0xffffffd2]"[0xffffffe6][0xffffffad][0xffffffc5]Z[0xffffffc1][[0xffffffb4]hm[0xffffff86][0xffffffd9][0xffffffe2][0xffffffe3][0xffffff89]p\|>[0x3][0xffffffaf][0xffffff8b][0xffffff9f]OA[0xfffffff1][0xffffffe2][0xfffffff3][0xfffffff7])_[0xfffffffc][0xfffffff8][0xffffffed][0x14]`h()a[0xffffffb8]hR[0xffffffc4][0xffffffd0][0xffffff80][0x12][0xffffffc6]XcZ[0xffffff8f][0xffffff8c]5[0xffffffac]Y[0xffffffca]0[0xffffff85]J3[0xffffffc3][0xfffffff6]+[0xffffffed][0xc]S[0xffffffb7]$4[0xffffffa4]}9iH[0x19][0xffffffef]Q[0xffffffe3][0xffffffb8][0xffffffd3][0xffffffa8]q[0xffffffdc]<5>[0xffffff9e]![0xffffff80][0x1a]?[0xffffff9e][0x2][0xffffffa3][0xffffffc6][0xffffffc7][0xffffffef]c[0xffffffd4][0xfffffff8][0xfffffffe][0xffffffed][0x18]jH(1j[0xffffff98]hb[0xffffffd4][0xffffff90][0xffffff80]"[0xffffffd4]Xb[\n]"
08:17:55.139 [TestNG-PoolService-2] DEBUG org.apache.hc.client5.http.wire -- http-outgoing-5 << "Pc[0x9]k[0x18]5[0xffffffb4]Pqj[0xffffffb8]~[0xffffffc5][0xffffffa9][0xffffffa1]u[0xffffff8b]Rcm_[0xffffff90][0x1a]k[0x19][0xffffffff][0x9]5[0xffffffe6][0xfffffff7][0xffffffbf]r[0xffffff9a]][0xffffff8b][0xfffffffe][0x2][0xffffffae][0x13][0xfffffffb][0xfffffffd]<[0x14]3[0xfffffffe][0xfffffff1][0x4][0x18]2[0xffffff96]g(&[0xffffffc6]?~[0xffffffbd][0x18][0x18][0xffffffff][0xfffffffb][0xffffffcb]0/[0xffffffde]F[0xffffffb1][0x18][0x17][0xffffffff][0x12][0xffffffc8]bZ[0xffffffbc][0xffffff8d]e!,[0xffffffde][0xffffff84][0xffffffb3][0xffffff8c][0x15]o"[0x1a][0xffffff81][0xffffff8a][0xfffffff7][0xffffffe5][0x9][0xffffff91][0xffffffe2][0xffffffdf][0xffffffba][0x14][0x2][0xffffffc5][0xfffffffb]j[0x5]8[0xfffffff1][0xffffffae]i[0xffffffcb]1[0xfffffff1][0xffffffae]x[0xffffffb7](q[0xffffff84]Q[0xffffffe2][0xffffffc0])q[0x4]P[0xffffffe2]@)q`[0xffffff94]8[0xffffff92]([0xffffffb1]F[0xffffff91][0xffffffa2][0xffffff84][0x6][0xffffff92][0xffffffa2][0xffffffc4][0x1a]K[0xffffff82][0x12][0x7]L[0xffffff89]#[0xffffff98][0x12]R[0xffffff9e]4%L[0xffffff97][0xffffffd2][0xffffff94][0xffffff90]j%)q[0xffffffa4]P[0xffffffe2][0xfffffff8]kJ\[0xffffffee][0xffffffad]D[0xffffff9f][0xffffff83][0xffffffa2][0xffffffc4][0xffffff85][0xffffffbf][0xffffff95][0xffffffb8][0x2][0xffffffde]J\J[0xffffffe7][0xffffffc2][0xffffff80]_[0xffffffd8][[0xffffff89]+[0xffffffe9][0xffffffad][0xffffff84]F[0xffffff91][0xffffffa1][0xffffff84][0xb]$C[0x9][0xffffff8d]e=%[0xffffffd6]pVSb[0xffffff8d]h[0x12]%Ly[0xffffffb2][0xffffff94][0xffffffb0]][0xffffffca]R[0xffffffc2]T+G[0x9]iZ[0xffffff8a][0x12]R[0xffffffbc][0x1b][0xffffff94][0x18][0xffffff8e][0x12]w[0xffffffab][0xffffffbf][0xffffff99][0xfffffff4][0xfffffff7][0xfffffff3][0xffffffc0][0xffffff94][0x18][0x1][0xffffff94][0x18][0xffffff9a][0xfffffff7][0xffffffc2][0xffffff80][0xf][0xffffff8c][0x12]#[0xffffff89][0x12][0x1a]E[0xffffff86][0x12].[0xffffff90][0xc]%4[0xffffff96][0xfffffff5][0xffffff94]X[0xffffffc3]YM[0xffffff89]5[0xffffffa2]I[0xffffff94]0[0xffffffe5][0xffffffc9]R[0xffffffc2]v)K[0x9]S[0xffffffad][0x1c]%[0xffffffa4]i)JH[0xfffffff1]nP[0xffffffe2]v[0xffffff94][0xffffff98][0x1c]%n[0xffffff9c][0x12]w[0x0]%n[0xffffffcd]{a[0xffffffc0]o[0xffffff8c][0x12]w[0x12]%4[0xffffff8a][0xc]%\ [0x19]Jh,[0xffffffeb])[0xffffffb1][0xffffff86][0xffffffb3][0xffffff9a][0x12]kD[0xffffff93](a[0xffffffca][0xffffff93][0xffffffa5][0xffffff84][0xffffffed]R[0xffffff96][0x12][0xffffffa6]Z9JH[0xffffffd3]R[0xffffff94][0xffffff90][0xffffffe2][0xffffffdd][0xffffffa0][0xffffffc4]c([0xfffffff1][0xffffff81][0xffffff89][0xfffffffa][0xfffffff3][0x1d][0xffffffbf][0xffffff9f][0x7][0xffffffa6][0xffffffc4][0x13]@[0xffffff89]G[0xfffffff3]^[0x18][0xfffffff0][0x7][0xffffffa3][0xffffffc4][0xffffff93]D[0x9][0xffffff8d]"C[0x9][0x17]H[0xffffff86][0x12][0x1a][0xffffffcb]zJ[0xffffffac][0xffffffe1][0xffffffac][0xffffffa6][0xffffffc4][0x1a][0xffffffd1]$J[0xffffff98][0xfffffff2]d)a[0xffffffbb][0xffffff94][0xffffffa5][0xffffff84][0xffffffa9]V[0xffffff8e][0x12][0xffffffd2][0xffffffb4][0x14]%[0xffffffa4]x7(1[0x1d]%.[0xffffff8e][0x12][0x13][0xffffffa7][0xffffffc4][0xc][0xffffffa0][0xffffffc4][0xffffffd4][0xffffffbc][0x17][0x6]|b[0xffffff94][0xffffff98]I[0xffffff94][0xffffffd0](2[0xffffff94]p[0xffffff81]d([0xffffffa1][0xffffffb1][0xffffffac][0xffffffa7][0xffffffc4][0x1a][0xffffffce]jJ[0xffffffac][0x11]M[0xffffffa2][0xffffff84])O[0xffffff96][0x12][0xffffffb6]KYJ[0xffffff98]j[0xffffffe5](!MKQB[0xffffff8a][0xfffffff7][0xffffffcf])[0xffffffd1]_[0xffffff8e][0x12][0xffffffcf]xA[0xffffff94][0xfffffff8]|[0x1e][0xffffff96][0x12]_O[0x0]S[0xffffffe2][0xffffffd7]3 [0xffffff94][0xfffffff8][0xfffffffa]u[0xffffff84][0x12]?[0x7f]9[0xffffff82][0x12]&[0xffffff8a][0x8]%l [0x11]J[0xffffff98]X[0xffffff96]SB[0xffffffc2]YL[0x9][0xffffff89]h[0x10]%\y[0xffffffa2][0xffffff94][0xfffffff0]][0xffffff8a]R[0xffffffc2]U+F[0x9]mZ[0xffffff88][0x12]Z[0xffffffbc][0x1b][0xffffff94][0xffffffe8][0xffffff8e][0x12][0xfffffff3]n[0x14]%:N[0xffffff89][0x1e]@[0xffffff89][0xffffffae]y/[0xc]x[0xffffffc7]([0xffffffd1][0xffffff93]([0xffffffa1]Qd([0xffffffe1][0x2][0xffffffc9]PBcYO[0xffffff89]5[0xffffff9c][0xffffffd5][0xffffff94]X#[0xffffff9a]D[0x9]S[0xffffff9e],%l[0xffffff97][0xffffffb2][0xffffff94]0[0xffffffd5][0xffffffca]QB[0xffffff9a][0xffffff96][0xffffffa2][0xffffff84][0x14][0xffffffef][0x6]%[0xe]K[0xffffff89]yQ[0xffffff94]8pJ[0x1c][0x1][0xffffff94]84[0xffffffef][0xffffff85][0x1]?0J[0x1c]I[0xffffff94][0xffffffd0](2[0xffffff94]p[0xffffff81]d([0xffffffa1][0xffffffb1][0xffffffac][0xffffffa7][0xffffffc4][0x1a][0xffffffce]jJ[0xffffffac][0x11]M[0xffffffa2][0xffffff84])O[0xffffff96][0x12][0xffffffb6]KYJ[0xffffff98]j[0xffffffe5](!MKQB[0xffffff8a]w[0xffffff83][0x12]n[0xffffffed][0xfffffff2]|[\r][0xffffffea][[0xffffff89][0xffffff8e][0xffffffaf]][0xfffffff6][0xffffff80][0xffffffb5][0xffffffcb]n&[0xffffffd9][\n]"
08:17:55.139 [TestNG-PoolService-2] DEBUG org.apache.hc.client5.http.wire -- http-outgoing-5 << "[0x3][0xffffff8e][0xffffffad]]v[0x19]]#)[0x11][0xffffffb2]vi[0x3][0xffffffc9]P"`[0xffffffed]R[0xffffffc2]YM[0xffffff89][0xffffffe0][0xffffffb5]KW[0xffffff9e],%[0xfffffff2][0xffffffd6].][0xffffffb5]r[0xffffff94]HY[0xffffffbb][0xffffffd4][0xffffffe2][0xffffffdd][0xffffffa0][0xffffff84][0xffffff9b][0xffffffa8]:[0xfffffffb][0xffffff8b]:[0xc][0xffffffda][0xfffffff1][0xffffff89][0xffffffaa][0x1e]0Q[0xffffffd5][0xffffffcd][0xffffff8e]Ja[0xffffffc0][0xffffffb1][0xffffff89][0xffffffaa].K)$%B&[0xffffffaa]l [0x19]J[0x4]LTI8[0xffffffab])[0x11]<Q[0xffffffe5][0xffffffca][0xffffff93][0xffffffa5]D[0xffffffde]D[0xffffff95][0xffffffab]V[0xffffff8e][0x12])[0x13]UZ[0xffffffbc][0x1b][0xffffff94]p[0x13]U[0xffffffe7]5:E[0x9]|[0xffffffa2][0xffffffaa][0x7]LTu[0xffffffb3][0xffffffa3]R[0x18]pl[0xffffffa2][0xffffffaa][0xffffffcb]R[\n]"
08:17:55.141 [TestNG-PoolService-3] DEBUG org.apache.hc.client5.http.wire -- http-outgoing-4 << "[0xffffff93]J[0xffffff8a][0x14][0xffffff92]M[0xffffffc2][0x14]KB[0xffffffeb]Q[0xffffffb1][0xffffffe4]4K[0x15]Z[0xffffffa3]4+\[0xffffffab][0xffffffd2][0xffffffae][0xffffffd0][0xffffff92]%a[0xffffffb1]v.'[0xffffff8b][0xffffffb5][0xffffff82][0xffffffb7]h[0xffffffd1][0xffffffd3]h[0xffffffd1]yZ[0xfffffff4][0x4]Zt[0xffffff96][0x16][0xffffff9d][0xffffffa3]E[0xffffff8f][0xffffffa2][0xffffff85][0xffffffe4][0xffffff91][0xffffffa2][0xffffff85]I%E[0xb][0xffffffc9]&A[0xffffff8b]N[0xffffffd3][0xffffffa2]'[0xffffffd3]Bk[0xffffff94][0xffffffa6][0xffffff85]kU[0xffffff9a][0x16]Z[0xffffffb2]$-[0xffffffd6][0xffffffce][0xffffffe5]h[0xffffffb1]V[0xfffffff0][0x1e]-[0xffffffd2][0xfffffffe][0x2][0xffffffd2][0xfffffff9]?[0xffffff81][0xfffffff4][0xffffff84][0xffffffbf][0xffffff81]t[0xfffffff6][0xffffff8f] [0xffffff9d][0xfffffffb]+H[0xffffff8f][0xfffffffa]3[0xffffff88][0xffffffe4][0x11][0xffffffa3]E[0xffffffce][0x1f]B$[0xffffff9b][0x8]-[0xffffffe8]?[0xffffff85][0xfffffff4][0xffffffe4][0xffffffbf][0xffffff85]h[0xffffff8d][0xffffffe2][0xffffffb4][0x8][0xfffffffc]k[0xffffff88][0xffffff96],J[0xffffff8b][0xffffff98][0xffffffbf][0xffffff87][0xffffffac][0x15][0xffffffbc]E[0xffffff8b]3[0xffffffed][0xffffffad][0xffffffc5][0xffffffc9][0xffffffbf][0xffffffb5]8[0x13][0xffffffde]Z[0xffffff9c][0xffffffec][[0xffffff8b][0xffffff93]{kqF[0xffffffbd][0xffffffb5][0xffffff90]<R[0xffffffb4]0[0xffffffa9][0xffffffa4]h![0xffffffd9]$hq[0xffffffd2]o-[0xffffffce][0xffffffe4][0xffffffb7][0x16]Z[0xffffffa3]4-\[0xffffffab][0xffffffd2][0xffffffb4][0xffffffd0][0xffffff92]%i[0xffffffb1]v.G[0xffffff8b][0xffffffb5][0xffffff82][0xffffffb7]hq=a[0xffffffb4][0xffffffb8][0x1e][0xffffff9c][0x16][0x1f][0xffffff8f][0xffffffc0][0xffffffd3][0xffffffe2][0xffffffc7]CP[0xffffffb4][0xfffffff8][0xfffffff8]y[0xffffff8a][0x16][0xffffffdf]?[0xffffff9d]B[0xb][0xffffffc9]#E[0xb][0xffffff93]J[0xffffff8a][0x16][0xffffff92]M[0xffffff82][0x16]KB[0xffffffeb]i[0xffffffb1][0xffffffe4]4[0xffffff8b][0x16]Z[0xffffffa3]4-\[0xffffffab][0xffffffd2][0xffffffb4][0xffffffd0][0xffffff92]%i[0xffffffb1]v.G[0xffffff8b][0xffffffb5][0xffffff82][0xffffffb7]hq[0xffffffa7][\r]U[0xffffffdc][0xfffffffc]R[0xffffffc5][0xffffffc7]#[0xfffffff0][0xffffffb4][0xfffffff8][0xfffffff1][0x10][0x14]-nn[0xffffffac][0xffffffe2][0xffffff8e]Z[0xffffffab][0xffffff90]<R[0xffffffb4]0[0xffffffa9][0xffffffa4]h![0xffffffd9]$hq[0xffffffd3][0xffffff8b][0x15]w[0xfffffff2]d[0xffffff85][0xffffffd6](M[0xb][0xffffffd7][0xffffffaa]4-[0xffffffb4]dIZ[0xffffffac][0xffffff9d][0xffffffcb][0xffffffd1]b[0xffffffad][0xffffffe0]=Z[0xffffffb4]4Z4[0xffffff9e][0x16]-[0xffffff81][0x16][0xffffff8d][0xffffffa5]E[0xffffffe3]h[0xffffffd1][0xffffffa2]h[0xffffffb1][0xffffffe6][0x11][0xffffffa3][0xffffff85][0xffffffa6][0x12][0xffffffa3][0xffffffc5][0xffffff9a]M[0xffffff84][0x16][0xffffff8d][0xffffffa6]EK[0xffffffa6][0xffffff85][0xffffffd4](N[0xb][0xffffffd3][0xffffffaa]8-[0xffffffa4]dQZ[0xffffffb4][0x18]Z[0xffffffb4][0xffffffff][0xffffff80][0x16]O[0xffffffda]g[0xffffff9c][0xf][0xffffffff][0x19][0xffffffe7][0xffffff93][0xfffffff0][0x19][0xffffffe7][0xffffffc3]~[0xffffffc6][0xfffffff9]p[0xffffff9f]q>Q[0xffffff9f]qJ[0x1e])Z[0xffffff98]TR[0xffffffb4][0xffffff90]l[0x12][0xffffffb4]x[0xffffffe8][0xffffffcf]8[0xffffff9f][0xffffffe4][0xffffffcf]8[0xffffffb5]FiZ[0xffffffb8]V[0xffffffa5]i[0xffffffa1]%K[0xffffffd2]b[0xffffffed]\[0xffffff8e][0x16]k[0x5]o[0xffffffd1]b[0xffffffa6][0xffffffbd][0xffffffb5][0xffffff98][0xfffffffc][[0xffffff8b][0xffffff99][0xfffffff0][0xffffffd6]b[0xffffffb2]o-&[0xfffffff7][0xffffffd6]bF[0xffffffbd][0xffffffb5][0xffffff90]<R[0xffffffb4]0[0xffffffa9][0xffffffa4]h![0xffffffd9]$h1[0xffffffe9][0xffffffb7][0x16]3[0xfffffff9][0xffffffad][0xffffff85][0xffffffd6](M[0xb][0xffffffd7][0xffffffaa]4-[0xffffffb4]dIZ[0xffffffac][0xffffff9d][0xffffffcb][0xffffffd1]b[0xffffffad][0xffffffe0]-Z[0xffffffb4]W[0xffffffda][0xffffffc7][0x16][0x1f]O[0xffffff84][0xffffffe3][0xffffffe2][0xfffffff3][0x19]x][0xfffffffc]|[\n]"
08:17:55.142 [TestNG-PoolService-2] DEBUG org.apache.hc.client5.http.wire -- http-outgoing-5 << "I[0xffffff89][0xffffff90][0xffffff89]*[0x1b]H[0xffffff86][0x12][0x1][0x13]U[0x12][0xffffffce]jJ[0x4]OT[0xffffffb9][0xfffffff2]d)[0xffffff91]7Q[0xffffffe5][0xffffffaa][0xffffff95][0xffffffa3]D[0xffffffca]D[0xffffff95][0x16][0xffffffef][0x6]%[0xffffffdc][0xffffffae][0xffffffc4][0xffffffd5]_[0xffffffd8][0xffffffb7][0x12][0xfffffff8][0xffffffae]D[0xf][0xffffffd8][0xffffff95][0xffffffe8][0xffffffe6][0xfffffff0]sa[0xffffffc0][0xffffffb1]][0xffffff89].[0xffffffc7][0xffffff9b]IJ[0xffffff84][0xffffffec]J[0xffffffd8]@2[0xffffff94][0x8][0xffffffd8][0xffffff95][0xffffff90]pVS"xW[0xffffffc2][0xffffff95]'K[0xffffff89][0xffffffbc]][0x9]W[0xffffffad][0x1c]%Rv%[0xffffffb4]x[0xffffffb7]([0xffffffa1][0xffffffd7]y[0xffffffb1][0xffffff94][0xffffff80][0xffffffaf][0xfffffff3][0xfffffffa]z[0x2][0xffffff9e][0x12][0xffffffe0]u^_[0xffffffbf]NQ"[0xffffffe7]:/[0x13]E[0xffffff8a][0x12]![0xffffffd7]y[0xffffff99]X[0x12][0xffffff94]@[0xffffffaf][0xfffffff3][0xffffff92][0xffffff88]fQ"[0xffffffeb]:/[0xffffffdf][0xffffffa5]4%r[0xffffffae][0xfffffff3][0xffffffd2][0xffffffa6][0xffffffe5]([0xfffffff1][0xffffffd7][0xffffffd7]y}[0xfffffffe][0x1f][0xffffffa5][0xffffffc4][0xfffffff1]`[0x7f][0xffffffe0][0xffffff98][0xfffffff8][[0xffffff89][0x19][0xfffffff0]Vb*[0xffffff9d][0xb][0x3]>[0xffffffb1][0xffffffb7][0x12]3[0xffffffe9][0xffffffad][0xffffff84]F[0xffffff91][0xffffffa1][0xffffff84][0xb]$C[0x9][0xffffff8d]e=%[0xffffffd6]pVSb[0xffffff8d]h[0x12]%Ly[0xffffffb2][0xffffff94][0xffffffb0]][0xffffffca]R[0xffffffc2]T+G[0x9]iZ[0xffffff8a][0x12]R[0xffffffbc][0x7f]N[0xffffff89][0xffffffc3]MT][0xfffffff7]sB[0xffffff94]8[0xfffffff0][0xffffff89][0xffffffaa]#`[0xffffffa2][0xffffffea]0;*u[0x1]?[0xffffffb0][0xffffff89][0xffffffaa]C[0xffffff96]R@J[0xffffff98]("[0xffffff94][0xffffffb0][0xffffff81]D(abYN[0x9][0x9]g1%$[0xffffffa2]A[0xffffff94]p[0xffffffe5][0xffffff89]R[0xffffffc2]w)J[0x9]W[0xffffffad][0x18]%[0xffffffb4]i!Jh[0xfffffff1]nP[0xffffffc2]MT[0xffffff8d][0xffffffe3][0xffffffa1][0xe][0xffffff83][0x1e][0xfffffff8]D[0xffffffd5][0x11]0Qu[0xffffff98][0x1d][0xffffff95][0xffffffc2][0xffffff80]c[0x13]U[0xffffff87],[0xffffffa5][0xffffff90][0xffffff94][0x8][0xffffff99][0xffffffa8][0xffffffb2][0xffffff81]d([0x11]0Q%[0xffffffe1][0xffffffac][0xffffffa6]D[0xfffffff0]D[0xffffff95]+O[0xffffff96][0x12]y[0x13]U[0xffffffae]Z9J[0xffffffa4]LTi[0xfffffff1]nP[0xffffffc2]MT[0xffffff8d][0xffffffeb]E[\r]g[0x1f][0xfffffff8]D[0xffffffd5][0x11]0Qu[0xffffff98][0x1d][0xffffff95][0xffffffc2][0xffffff80]c[0x13]U[0xffffff87],[0xffffffa5][0xffffff90][0xffffff94][0x8][0xffffff99][0xffffffa8][0xffffffb2][0xffffff81]d([0x11]0Q%[0xffffffe1][0xffffffac][0xffffffa6]D[0xfffffff0]D[0xffffff95]+O[0xffffff96][0x12]y[0x13]U[0xffffffae]Z9J[0xffffffa4]LTi[0xfffffff1]nP[0xffffffc2]MT[0xffffff8d][0xffffffd9]N[0xffffff8a][0x12][0xfffffff8]D[0xffffffd5][0x11]0Qu[0xffffff98][0x1d][0xffffff95][0xffffffc2][0xffffff80]c[0x13]U[0xffffff87],[0xffffffa5][0xffffff90][0xffffff94][0x8][0xffffff99][0xffffffa8][0xffffffb2][0xffffff81]d([0x11]0Q%[0xffffffe1][0xffffffac][0xffffffa6]D[0xfffffff0]D[0xffffff95]+O[0xffffff96][0x12]y[0x13]U[0xffffffae]Z9J[0xffffffa4]LTi[0xfffffff1]nP[0xffffffc2]MT[0xffffff8d]yS[0xffffff9f]][0x1e][0xfffffff8]D[0xffffffd5][0x11]0Qu[0xffffff98][0x1d][0xffffff95][0xffffffc2][0xffffff80]c[0x13]U[0xffffff87],[0xffffffa5][0xffffff90][0xffffff94][0x8][0xffffff99][0xffffffa8][0xffffffb2][0xffffff81]d([0x11]0Q%[0xffffffe1][0xffffffac][0xffffffa6]D[0xfffffff0]D[0xffffff95]+O[0xffffff96][0x12]y[0x13]U[0xffffffae]Z9J[0xffffffa4]LTi[0xfffffff1]nP[0xffffffe2]6[0xffffff94][0xffffffb8]_[0x17]u[0xffffff9d][0xffffffd7][0xffffffe7][0xfffffff3][0xffffffc0][0xffffff94][0xffffffb8][0x3](qk[0xffffffde][0xb][0x3]~c[0xffffff94][0xffffffb8][0xffffff93]([0xffffffa1]Qd([0xffffffe1][0x2][0xffffffc9]PBcYO[0xffffff89]5[0xffffff9c][0xffffffd5][0xffffff94]X#[0xffffff9a]D[0x9]S[0xffffff9e],%l[0xffffff97][0xffffffb2][0xffffff94]0[0xffffffd5][0xffffffca]QB[0xffffff9a][0xffffff96][0xffffffa2][0xffffff84][0x14][0xffffffef][0x6]%[0xffffffdc]D[0xffffffd5][0xffffffdd][0x1a][0xfffffff6][0xffffffad][0x4]>Qu[0x4]LT[0x1d]fG[0xffffffa5]0[0xffffffe0][0xffffffd8]D[0xffffffd5]!K)$%B&[0xffffffaa]l [0x19]J[0x4]LTI8[0xffffffab])[0x11]<Q[0xffffffe5][0xffffffca][0xffffff93][0xffffffa5]D[0xffffffde]D[0xffffff95][0xffffffab]V[0xffffff8e][0x12])[0x13]UZ[0xffffffbc][0x1b][0xffffff94][0xffffff98][0xffffff8e][0x12][0xfffffffd]>)JL[0xffffff9c][0x12]3[0xffffff80][0x12]S[0xfffffff3]^[0x18][0xfffffff0][0xffffff89]Qb&QB[0xffffffa3][0xffffffc8]P[0xffffffc2][0x5][0xffffff92][0xffffffa1][0xffffff84][0xffffffc6][0xffffffb2][0xffffff9e][0x12]k8[0xffffffab])[0xffffffb1]F4[0xffffff89][0x12][0xffffffa6]<YJ[0xffffffd8].e)a[0xffffffaa][0xffffff95][0xffffffa3][0xffffff84]4-E[0x9])[0xffffffde]?[0xffffffa7][0xffffffc4][0xffffffe9]v%[0xffffffee][0xb][0xffffffdb][0xffffff95]8[0xfffffff1]][0xffffff89]3`W[0xffffffe2]4[0xffffff87][0xffffff9f][0xffffffeb][0x2]~b[0xffffffbb][0x12][0xffffffa7][0x1c]o[0x6])a[0xffffffa2][0xffffff88]P[0xffffffc2][0x6][0x12][0xffffffa1][0xffffff84][0xffffff89]e9%$[0xffffff9c][0xffffffc5][0xffffff94][0xffffff90][0xffffff88][0x6]Q[0xffffffc2][0xffffff95]'J[0x9][0xffffffdf][0xffffffa5](%\[0xffffffb5]b[0xffffff94][0xffffffd0][0xffffffa6][0xffffff85]([0xffffffa1][0xffffffc5][0xffffffbb]A[0x9][0xffffffb7]+[0xfffffff1][0xfffffff4]6)J[0xffffffe0][0xffffffbb][0x12]g[0xffffffc0][0xffffffae][0xffffffc4]i[0xe]?[0x17][0x6][0x1c][0xffffffdb][0xffffff95]8[0xffffffe5]x3I[0xffffff89][0xffffff90]][0x9][0x1b]H[0xffffff86][0x12][0x1][0xffffffbb][0x12][0x12][0xffffffce]jJ[0x4][0xffffffef]J[0xffffffb8][0xfffffff2]d)[0xffffff91][0xffffffb7]+[0xffffffe1][0xffffffaa][0xffffff95][0xffffffa3]D[0xffffffca][0xffffffae][0xffffff84][0x16][0xffffffef][0x6]%[0xffffffdc][0xffffffae][0xffffffc4]s[0x1e][0x18]%[0xfffffff0]][0xffffff89]3`W[0xffffffe2]4[0xffffff87][0xffffff9f][0xb][0x3][0xffffff8e][0xffffffed]J[0xffffff9c]r[0xffffffbc][0xffffff99][0xffffffa4]D[0xffffffc8][0xffffffae][0xffffff84][\r]$C[0xffffff89][0xffffff80]][0x9][0x9]g5%[0xffffff82]w%\y[0xffffffb2][0xffffff94][0xffffffc8][0xffffffdb][0xffffff95]p[0xffffffd5][0xffffffca]Q"eWB[0xffffff8b]w[0xffffff8b][0x12]=[0xffffff8c][0x12][0x1d][0xffffffa7]D[0xf][0xffffffa0]DG)[0xffffffd1]1J[0xfffffff4]$J[0xffffffac]Q[0xffffffa4]([0xffffffa1][0xffffff81][0xffffffa4]([0xffffffb1][0xffffffc6][0xffffff92][0xffffffa0]D[0xffffff87])[0xffffffd1][0xffffff83])![0xffffffe5]IS[0xffffffc2]t)M[0x9][0xffffffa9]V[0xffffff92][0x12]=[0xffffff85][0x12][0xfffffffd][0xffffffaf])[0xffffffe1]&[0xffffffaa][0xffffff9e][0xffffffa7][0xffffffdf][0x14]%[0xfffffff0][0xffffff89][0xffffffaa]3`[0xffffffa2][0xffffffea]4;*[0xffffff85][0x1][0xffffffc7]&[0xffffffaa]NYJ!)[0x11]2Qe[0x3][0xffffffc9]P"`[0xffffffa2]J[0xffffffc2]YM[0xffffff89][0xffffffe0][0xffffff89]*W[0xffffff9e],%[0xfffffff2]&[0xffffffaa]\[0xffffffb5]r[0xffffff94]H[0xffffff99][0xffffffa8][0xffffffd2][0xffffffe2][0xffffffdd][0xffffffa0][0xffffff84][0xffffff9b][0xffffffa8][0xffffff9a][0xffffffaf]~R[0xffffff94][0xffffffc0]'[0xffffffaa][0xffffffce][0xffffff80][0xffffff89][0xffffffaa][0xffffffd3][0xffffffec][0xffffffa8][0x14][0x6][0x1c][0xffffff9b][0xffffffa8]:e)[0xffffff85][0xffffffa4]D[0xffffffc8]D[0xffffff95][\r]$C[0xffffff89][0xffffff80][0xffffff89]*[0x9]g5%[0xffffff82]'[0xffffffaa]\y[0xffffffb2][0xffffff94][0xffffffc8][0xffffff9b][0xffffffa8]r[0xffffffd5][0xffffffca]Q"e[0xffffffa2]J[0xffffff8b]w[0xffffff83][0x12][0xffffffc3]Q[0xffffffe2][0xffffffec][0xffffff83][0xffffffa2][0xffffffc4][0xffffffc0])1[0x2](14[0xffffffef][0xffffff85][0x1][0x1f][0x18]%F[0x12]%4[0xffffff8a][0xc]%\ [0x19]Jh,[0xffffffeb])[0xffffffb1][0xffffff86][0xffffffb3][0xffffff9a][0x12]kD[0xffffff93](a[0xffffffca][0xffffff93][0xffffffa5][0xffffff84][0xffffffed]R[0xffffff96][0x12][0xffffffa6]Z9JH[0xffffffd3]R[0xffffff94][0xffffff90][0xffffffe2][0xffffffdd][0xffffffa0][0xffffff84][[0xffffffbb][0xffffff9c][0xffffffa3]a[0x7f][0xffffffe0][0xffffffc0][0xffffffd7].[0xffffffcf][0xffffff80][0xffffffb5][0xffffffcb][0xffffffd3]L[0xffffffb2][0x15][0x6][0x1c][[0xffffffbb]<et[0xffffff8d][0xffffffa4]D[0xffffffc8][0xffffffda][0xffffffa5][\r]$C[0xffffff89][0xffffff80][0xffffffb5]K[0x9]g5%[0xffffff82][0xffffffd7].]y[0xffffffb2][0xffffff94][0xffffffc8][[0xffffffbb]t[0xffffffd5][0xffffffca]Q"e[0xffffffed]R[0xffffff8b]w[0xffffff83][0x12]n[0xffffffed]r[0xffffffce][0xffffff89]Q[0x2]_[0xffffffbb]<[0x3][0xffffffd6].O3[0xffffffc9]V[0x18]pl[0xffffffed][0xfffffff2][0xffffff94][0xffffffd1]5[0xffffff92][0x12]!k[0xffffff97]6[0xffffff90][0xc]%[0x2][0xffffffd6].%[0xffffff9c][0xffffffd5][0xffffff94][0x8]^[0xffffffbb]t[0xffffffe5][0xffffffc9]R"o[0xffffffed][0xffffffd2]U+G[0xffffff89][0xffffff94][0xffffffb5]K-[0xffffffde][\r]JL[0xffffffa5][0xffffffc4][0xfffffff9]z[0xffffff8d][0xffffff83][0xffffffa2][0xffffffc4][0xffffffc4])1[0x3](15[0xffffffef][0xffffff85][0x1][0xffffff9f][0x18]%f[0x12]%4[0xffffff8a][0xc]%\ [0x19]Jh,[0xffffffeb])[0xffffffb1][0xffffff86][0xffffffb3][0xffffff9a][0x12]kD[0xffffff93](a[0xffffffca][0xffffff93][0xffffffa5][0xffffff84][0xffffffed]R[0xffffff96][0x12][0xffffffa6]Z9JH[0xffffffd3]R[0xffffff94][0xffffff90][0xffffffe2][0xfffffffd]sJ\f[0xffffffed][0xfffffff2]|[0xffffffb5][0x17]u[0x18][0xfffffff4][0xffffffc2][0xffffffd7].[0xffffffaf][0xffffff80][0xffffffb5][0xffffffcb][0xffffffcb]L[0xffffffb2][0xffffffd5][0x5][0xfffffffc][0xffffffc2][0xffffffd6]./[0x19]][0x3])a[0xffffffa2][0xffffff88]P[0xffffffc2][0x6][0x12][0xffffffa1][0xffffff84][0xffffff89]e9%$[0xffffff9c][0xffffffc5][0xffffff94][0xffffff90][0xffffff88][0x6]Q[0xffffffc2][0xffffff95]'J[0x9][0xffffffdf][0xffffffa5](%\[0xffffffb5]b[0xffffff94][0xffffffd0][0xffffffa6][0xffffff85]([0xffffffa1][0xffffffc5][0xffffffbb]A[0xffffff89]f)1:E[0xffffff89][0xffffff86]S[0xffffffa2][0x5]P[0xffffffa2]i[0xffffffde][0xb][0x3][0xffffffde]0J[0xffffffb4]$Jh[0x14][0x19]J[0xffffffb8]@2[0xffffff94][0xffffffd0]X[0xffffffd6]Sb[\r]g5%[0xffffffd6][0xffffff88]&Q[0xffffffc2][0xffffff94]'K[0x9][0xffffffdb][0xffffffa5],%L[0xffffffb5]r[0xffffff94][0xffffff90][0xffffffa6][0xffffffa5](![0xffffffc5][0xffffffbb]A[0x9]3[0xffffff9c]}[0xffffffbe][0xffffffb8][0xffffffe1][0xffffffec][0xb][0x1f][0xffffffce][0xffffffbe][0x2][0xffffff86][0xffffffb3]/[0xffffffb3][0xffffffee]Z[0x18]pl8[0xfffffffb][0xffffff92][0xfffffffd]V[0xffffff92][0x12]![0xffffffc3][0xffffffd9]6[0xffffff90][0xc]%[0x2][0xffffff86][0xffffffb3]%[0xffffff9c][0xffffffd5][0xffffff94][0x8][0x1e][0xffffffce]v[0xffffffe5][0xffffffc9]R"o8[0xffffffdb]U+G[0xffffff89][0xffffff94][0xffffffe1]l-[0xffffffde][\r]J[0xffffff98][0xffffffe1][0xffffffec][0xfffffff3]u[0xc][0xffffffea]0[0xffffffe8][0xffffff85][0xf]g_[0x1][0xffffffc3][0xffffffd9][0xffffff97]Yw-[0xc]86[0xffffff9c]}[0xffffffc9]~+I[0xffffff89][0xffffff90][0xffffffe1]l[0x1b]H[0xffffff86][0x12][0x1][0xffffffc3][0xffffffd9][0x12][0xffffffce]jJ[0x4][0xf]g[0xffffffbb][0xfffffff2]d)[0xffffff91]7[0xffffff9c][0xffffffed][0xffffffaa][0xffffff95][0xffffffa3]D[0xffffffca]p[0xffffffb6][0x16][0xffffffef][0x6]%[0xffffffcc][0xffffffda][0xffffffe5][0xfffffff9][0xffffffba]/[0xffffffea][0x4][0xffffffc7][0xffffff85][0xffffffaf]]^[0x1]k[0xffffff97][0xffffff97][0xffffff99]d+[0xc]8[0xffffffb6]vy[0xffffffc9][0xffffffe8][0x1a]I[0xffffff89][0xffffff90][0xffffffb5]K[0x1b]H[0xffffff86][0x12][0x1]k[0xffffff97][0x12][0xffffffce]jJ[0x4][0xffffffaf]][0xffffffba][0xfffffff2]d)[0xffffff91][0xffffffb7]v[0xffffffe9][0xffffffaa][0xffffff95][0xffffffa3]D[0xffffffca][0xffffffda][0xffffffa5][0x16][0xffffffef][0x6]%[0xffffffcc]D[0xffffffd5][0xffffffd9][0xffffffce][0x17]u[0xffffff82][0xffffffe3][0xffffffc2]'[0xffffffaa][0xffffffae][0xffffff80][0xffffff89][0xffffffaa][0xffffffcb][0xffffffec][0xffffffa8][0x14][0x6][0x1c][0xffffff9b][0xffffffa8][0xffffffba]d)[0xffffff85][0xffffffa4]D[0xffffffc8]D[0xffffff95][\r]$C[0xffffff89][0xffffff80][0xffffff89]*[0x9]g5%[0xffffff82]'[0xffffffaa]\y[0xffffffb2][0xffffff94][0xffffffc8][0xffffff9b][0xffffffa8]r[0xffffffd5][0xffffffca]Q"e[0xffffffa2]J[0xffffff8b]w[0xffffff83][0x12]f[0xffffffa2][0xffffffea]l[0xffffffd7]}R[0xffffff94][0xffffffc0]'[0xffffffaa][0xffffffae][0xffffff80][0xffffff89][0xffffffaa][0xffffffcb][0xffffffec][0xffffffa8][0x14][0x6][0x1c][0xffffff9b][0xffffffa8][0xffffffba]d)[0xffffff85][0xffffffa4]D[0xffffffc8]D[0xffffff95][\r]$C[0xffffff89][0xffffff80][0xffffff89]*[0x9]g5%[0xffffff82]'[0xffffffaa]\y[0xffffffb2][0xffffff94][0xffffffc8][0xffffff9b][0xffffffa8]r[0xffffffd5][0xffffffca]Q"e[0xffffffa2]J[0xffffff8b]w[0xffffff83][0x12]f[0xffffffa2][0xffffffea][0xffffffec][0xffffffaf][0xffffffe7][0xffffffa1]([0xffffff81]OT][0x1][0x13]U[0xffffff97][0xffffffd9]Q)[0xc]86Qu[0xffffffc9]R[\n]"
08:17:55.142 [TestNG-PoolService-2] DEBUG org.apache.hc.client5.http.wire -- http-outgoing-5 << "I[0xffffff89][0xffffff90][0xffffff89]*[0x1b]H[0xffffff86][0x12][0x1][0x13]U[0x12][0xffffffce]jJ[0x4]OT[0xffffffb9][0xfffffff2]d)[0xffffff91]7Q[0xffffffe5][0xffffffaa][0xffffff95][0xffffffa3]D[0xffffffca]D[0xffffff95][0x16][0xffffffef][0x6]%[0xffffffa6][0xffffffa3]D?_[0x14]%&N[0xffffff89][0x19]@[0xffffff89][0xffffffa9]y/[0xc][0xfffffff8][0xffffffc4](1[0xffffff93]([0xffffffa1]Qd([0xffffffe1][0x2][0xffffffc9]PBcYO[0xffffff89]5[0xffffff9c][0xffffffd5][0xffffff94]X#[0xffffff9a]D[0x9]S[0xffffff9e],%l[0xffffff97][0xffffffb2][0xffffff94]0[0xffffffd5][0xffffffca]QB[0xffffff9a][0xffffff96][0xffffffa2][0xffffff84][0x14][0xffffffef][0xffffff9f]Sb[0xffffffb8][0xffffff89][0xffffffaa]>:E[0xffffff89][0xffffff81]OT[0xffffff8d][0xffffff80][0xffffff89][0xffffffaa]avT[0xffffffea][0x2]>[0xffffffb0][0xffffff89][0xffffffaa]!K) %L[0x14][0x11]J[0xffffffd8]@"[0xffffff94]0[0xffffffb1],[0xffffffa7][0xffffff84][0xffffff84][0xffffffb3][0xffffff98][0x12][0x12][0xffffffd1] J[0xffffffb8][0xfffffff2]D)[0xffffffe1][0xffffffbb][0x14][0xffffffa5][0xffffff84][0xffffffab]V[0xffffff8c][0x12][0xffffffda][0xffffffb4][0x10]%[0xffffffb4]x7([0xffffffe1]&[0xffffffaa][0xfffffffa]}R[0xffffff9f]][0xe]|[0xffffffa2]j[0x4]LT[\r][0xffffffb3][0xffffffa3]R[0x18]pl[0xffffffa2]j[0xffffffc8]R[\n]"
08:17:55.142 [TestNG-PoolService-3] DEBUG org.apache.hc.client5.http.wire -- http-outgoing-4 << "[0xffffff8a][0x17][0xffffff9f][0xffffffbf]O[0xfffffff9][0xffffffe2][0xffffffc7]o[0xffffffa7][0x0]CCI[0x9][0xffffffc3]E[0xffffff93]"[0xffffff86][0x6][0xffffff94]0[0xffffffc6][0x1a][0xffffffd3]zd[0xffffffac]a[0xffffffcd]R[0xffffff86])T[0xffffff9a][0x19][0xffffffb6]_ig[0xffffff98][0xffffffba]%[0xffffffa1]![0xffffffed][0xffffffcb]IC[0xffffffca][0xfffffff8][0xf][0xffffffa8]q[0xffffffbc][0xffffffbe][0xffffffff][0xffffff95]i[0xffffffae][0x1f];[0xffffffaf][0xffffffb3]UC[0xffffffe3][0x1f][0xffffffcf][0x3]1[0xffffffe3][0xffffff9f]O@!c}[0xffffff86]Zb[0xfffffffc][0xfffffff3][0xffffffd7]k[0xffffff81][0xffffffb1][0xfffffffc]2[0xffffffcb][0xffffff8b][0xfffffff7]Q[0xffffffac][0xffffffc5][0xffffffc5][0xffffffbf][0x5][0xffffffb2][0xffffff96][0x16][0xffffffef]cY[0x7][0xffffff8b]w[0xffffffe1][0xffffffac]b[0xffffffc5][0xffffffbb][0xffffff88]&[0xffffffa0][0xffffffe2]_[0xffffffca][0xffffff93]![0xffffffc5][0xffffffbf]v)[0x3][0xffffff8a][0x7f][0xffffffa9][0xffffffd6]zN[0xffffffbc]m[0xffffffda]jL[0xffffffbc]-[0xffffffde]-J[0xffffffe8][0xffffffac][0x5]K[0x9]j[0xffffffd5][0xffffffe2][0xffffff9f]O[0xffffffc0]S[0xffffff82][0xffffffd8][0xffffffb4][0xfffffff8][0xffffffe7][0xffffffaf]S[0xffffff94][0x8]X[0xffffffb4]x[0x1f]E[0xffffff8a][0x12][0xfffffff4][0xffffff9e][0xffffffc5][0xfffffffb]X[0x12][0xffffff94]`[0xffffffd6],[0xffffffde]E4[0xffffff8b][0x12]![[0x16][0xffffffff][0xffffffda][0xffffffa5]4%[0x2][0xffffff96],[0xffffffde]6-G[0xffffff89][0xfffffffd][0x1d][0xffffff8b][0x1f][0xffffffff][0xffffffc6][0xfffffffd]ro%[0xffffffee][0xffffffe3][0xffffff80]([0xfffffff1][0xfffffff9]<,%[0xffffffbe][0xffffff9e][0x0][0xffffffa6][0xffffffc4][0xffffffaf]g@([0xfffffff1][0xfffffff5][0xffffffeb][0x8]%~[0xfffffffe]r[0x4]%L[0x14][0x11]J[0xffffffd8]@"[0xffffff94]0[0xffffffb1],[0xffffffa7][0xffffff84][0xffffff84][0xffffffb3][0xffffff98][0x12][0x12][0xffffffd1] J[0xffffffb8][0xfffffff2]D)[0xffffffe1][0xffffffbb][0x14][0xffffffa5][0xffffff84][0xffffffab]V[0xffffff8c][0x12][0xffffffda][0xffffffb4][0x10]%[0xffffffb4]x7(q[0x1b]J[0xffffff8c][0xffffffe3]k[0xffffffcb][0x2][0xffffffa1][0xffffffc4][0xffffff8d]S[0xffffffe2][0xe][0xffffffa0][0xffffffc4][0xffffffad]y/[0xc][0xfffffff8][0xffffff8d]Q[0xffffffe2]N[0xffffffa2][0xffffff84]F[0xffffff91][0xffffffa1][0xffffff84][0xb]$C[0x9][0xffffff8d]e=%[0xffffffd6]pVSb[0xffffff8d]h[0x12]%Ly[0xffffffb2][0xffffff94][0xffffffb0]][0xffffffca]R[0xffffffc2]T+G[0x9]iZ[0xffffff8a][0x12]R[0xffffffbc][0x1b][0xffffff94]x[0x1c]%[0xffffffce]vR[0xffffff94]xpJ<[0x1][0xffffff94]x4[0xffffffef][0xffffff85][0x1][0x7f]0J<I[0xffffff94][0xffffffd0](2[0xffffff94]p[0xffffff81]d([0xffffffa1][0xffffffb1][0xffffffac][0xffffffa7][0xffffffc4][0x1a][0xffffffce]jJ[0xffffffac][0x11]M[0xffffffa2][0xffffff84])O[0xffffff96][0x12][0xffffffb6]KYJ[0xffffff98]j[0xffffffe5](!MKQB[0xffffff8a][0xfffffff7][0xffffffcf])[0xfffffff1][0xffffffbc][0x1c]%[0xffffffc6][0xffffffe8][0x10]%>[0xffffff9f][0xffffff87][0xffffffa5][0xffffffc4][0xffffffd7][0x13][0xffffffc0][0xffffff94][0xfffffff8][0xfffffff5][0xc][0x8]%[0xffffffbe]~[0x1d][0xffffffa1][0xffffffc4][0xffffffcf]_[0xffffff8e][0xffffffa0][0xffffff84][0xffffff89]"B[0x9][0x1b]H[0xffffff84][0x12]&[0xffffff96][0xffffffe5][0xffffff94][0xffffff90]p[0x16]SB"[0x1a]D[0x9]W[0xffffff9e](%|[0xffffff97][0xffffffa2][0xffffff94]p[0xffffffd5][0xffffff8a]QB[0xffffff9b][0x16][0xffffffa2][0xffffff84][0x16][0xffffffef][0x6]%[0xffffff9a][0xffffffa1][0xffffffc4][0xfffffffd][0xffffff9a][0xffffff83][0xffffffa2]D[0xffffffc3])[0xffffffd1][0x2]([0xffffffd1]4[0xffffffef][0xffffff85][0x1]o[0x18]%Z[0x12]%4[0xffffff8a][0xc]%\ [0x19]Jh,[0xffffffeb])[0xffffffb1][0xffffff86][0xffffffb3][0xffffff9a][0x12]kD[0xffffff93](a[0xffffffca][0xffffff93][0xffffffa5][0xffffff84][0xffffffed]R[0xffffff96][0x12][0xffffffa6]Z9JH[0xffffffd3]R[0xffffff94][0xffffff90][0xffffffe2][0xffffffdd][0xffffffa0]Dw[0xffffff94]8[0x1a][0xfffffff5][0xffffffad][0xffffffc4][0xffffffe7][0xfffffff3][0xffffffc0][0xffffff94][0xffffffe8][0x1][0xffffff94][0xffffffe8][0xffffff9a][0xfffffff7][0xffffffc2][0xffffff80]w[0xffffff8c][0x12]=[0xffffff89][0x12][0x1a]E[0xffffff86][0x12].[0xffffff90][0xc]%4[0xffffff96][0xfffffff5][0xffffff94]X[0xffffffc3]YM[0xffffff89]5[0xffffffa2]I[0xffffff94]0[0xffffffe5][0xffffffc9]R[0xffffffc2]v)K[0x9]S[0xffffffad][0x1c]%[0xffffffa4]i)JH[0xfffffff1]nQB[0xf][0xffffff83][0xffffffb2][0xffffff94][0xffffff80][0xf][0xffffff83]~=[0x1]O[0x9][0xfffffff0]0[0xffffffe8][0xffffffd7][0xffffffaf]S[0xffffff94][0xffffffc8]9[0xc]j[0xffffffa2]HQ"[0xffffffe4]0[0xffffffa8][0xffffff89]%A[0x9][0xfffffff4]0[0xffffffa8]D4[0xffffff8b][0x12]Y[0xffffff87]A}[0xffffff97][0xffffffd2][0xffffff94][0xffffffc8]9[0xc][0xffffffaa]M[0xffffffcb]Q[0xffffffe2][0xffffffaf][0xf][0xffffff83]>[0xffffff87][0xffffffa3][0xffffffc4][0xffffffd5][0xffffffb1]o%[0xe][0xffffff9c][0x12]G[0x0]%[0xe][0xffffffcd]{a[0xffffffc0][0xf][0xffffff8c][0x12]G[0x12]%4[0xffffff8a][0xc]%\ [0x19]Jh,[0xffffffeb])[0xffffffb1][0xffffff86][0xffffffb3][0xffffff9a][0x12]kD[0xffffff93](a[0xffffffca][0xffffff93][0xffffffa5][0xffffff84][0xffffffed]R[0xffffff96][0x12][0xffffffa6]Z9JH[0xffffffd3]R[0xffffff94][0xffffff90][0xffffffe2][0xffffffdd][0xffffffa0][0xffffffc4][0xffffffe9][0xfffffffe][0xffffffc0]1[0x7][0xffffffb5]+[0xfffffff1][0xfffffff9]<0%[0xffffffce][0xffffff80]?p[0xffffff9c][0xfffffffa][0x16][0xffffffae]0[0xffffffe0]'[0xfffffff6][0x7][0xffffff8e]3[0xffffffe9][0xf][0x1c][0x1a]E[0xffffff86][0x12].[0xffffff90][0xc]%4[0xffffff96][0xfffffff5][0xffffff94]X[0xffffffc3]YM[0xffffff89]5[0xffffffa2]I[0xffffff94]0[0xffffffe5][0xffffffc9]R[0xffffffc2]v)K[0x9]S[0xffffffad][0x1c]%[0xffffffa4]i)JH[0xfffffff1]nP[0xffffffe2]2[0xffffff94]x[0xffffff8e][0xffffff89]Q[0xffffffe2][0xffffffc2])q[0x5]P[0xffffffe2][0xffffffd2][0xffffffbc][0x17][0x6][0xfffffffc][0xffffffc2](q%QB[0xffffffa3][0xffffffc8]P[0xffffffc2][0x5][0xffffff92][0xffffffa1][0xffffff84][0xffffffc6][0xffffffb2][0xffffff9e][0x12]k8[0xffffffab])[0xffffffb1]F4[0xffffff89][0x12][0xffffffa6]<YJ[0xffffffd8].e)a[0xffffffaa][0xffffff95][0xffffffa3][0xffffff84]4-E[0x9])[0xffffffde][\r]J[0xffffff8c][0xffffffff];[0xffffff95][0x12][0xffffffd7][0xffffffc4][0xfffffffe][0xffffffc0][0xfffffff1][0xfffffff1]<0%>[0xffffff9f][0xffffff80][0xffffffa6][0xffffffc4][0xffffffcf]g`([0xfffffff1][0xfffffff9][0xffffffeb][0xc]%~[0xfffffffc]r[0x6]%4[0xffffff8a][0xc]%\ [0x19]Jh,[0xffffffeb])[0xffffffb1][0xffffff86][0xffffffb3][0xffffff9a][0x12]kD[0xffffff93](a[0xffffffca][0xffffff93][0xffffffa5][0xffffff84][0xffffffed]R[0xffffff96][0x12][0xffffffa6]Z9JH[0xffffffd3]R[0xffffff94][0xffffff90][0xffffffe2][0xffffffdd][0xffffffa0][0xffffff84][[0xffffffbb][0xffffff9c]/l[0xffffffa2][0xffffffea][0xffffffc1][0xffffffd7].[0xffffff9f][0xffffff80][0xffffffb5][0xffffffcb][0xffffffc7]L[0xffffffb2][0x15][0x6][0x1c][[0xffffffbb]|dt[0xffffff8d][0xffffffa4]D[0xffffffc8][0xffffffda][0xffffffa5][\r]$C[0xffffff89][0xffffff80][0xffffffb5]K[0x9]g5%[0xffffff82][0xffffffd7].]y[0xffffffb2][0xffffff94][0xffffffc8][[0xffffffbb]t[0xffffffd5][0xffffffca]Q"e[0xffffffed]R[0xffffff8b]w[0xffffff83][0x12]n[0xffffffed]r[0xffffffb6][0xffffff8b][0xffffffba][0xffffffce][0xffffffeb][0xffffffc1][0xffffffd7].[0xffffff9f][0xffffff80][0xffffffb5][0xffffffcb][0xffffffc7]L[0xffffffb2][0x15][0x6][0x1c][[0xffffffbb]|dt[0xffffff8d][0xffffffa4]D[0xffffffc8][0xffffffda][0xffffffa5][\r]$C[0xffffff89][0xffffff80][0xffffffb5]K[0x9]g5%[0xffffff82][0xffffffd7].]y[0xffffffb2][0xffffff94][0xffffffc8][[0xffffffbb]t[0xffffffd5][0xffffffca]Q"e[0xffffffed]R[0xffffff8b]w[0xffffff83][0x12][0xffffffee][0xffffff92][0xfffffff1]y[0xffffffbd][0xffffffb0][0xffffffb7][0x12][0xfffffff8]%[0xffffffe3]O[0xffffffc0]%[0xffffffe3][0xffffff8f][0xffffffb9][0x9][0xffffffb7]0[0xffffffe0][0xffffffd8]%[0xffffffe3][0xffffff8f][0xffffffdc]uKR"[0xffffffe4][0xffffff92]q[0x1b]H[0xffffff86][0x12][0x1][0xffffff97][0xffffff8c]K8[0xffffffab])[0x11]|[0xffffffc9][0xffffffb8]+O[0xffffff96][0x12]y[0xffffff97][0xffffff8c][0xffffffbb]j[0xffffffe5]([0xffffff91]r[0xffffffc9][0xffffffb8][0x16][0xffffffef][0xffffff9f]Sb[0xffffffbe],%[0x6][0xffffffb5]v[0xfffffff9][0xfffffff9]<,%[0xffffffbe][0xffffff9e][0x0][0xffffffa6][0xffffffc4][0xffffffaf]g@([0xfffffff1][0xfffffff5][0xffffffeb][0x8]%~[0xfffffffe]r[0x4]%L[0x14][0x11]J[0xffffffd8]@"[0xffffff94]0[0xffffffb1],[0xffffffa7][0xffffff84][0xffffff84][0xffffffb3][0xffffff98][0x12][0x12][0xffffffd1] J[0xffffffb8][0xfffffff2]D)[0xffffffe1][0xffffffbb][0x14][0xffffffa5][0xffffff84][0xffffffab]V[0xffffff8c][0x12][0xffffffda][0xffffffb4][0x10]%[0xffffffb4]x7([0xffffffe1][0xffffffd6].[0xffffffe7]8.[0xffffff8a][0x12][0xfffffff8][0xffffffda][0xffffffe5][0xc]X[0xffffffbb][0xffffff9c]f[0xffffff92][0xffffffad]0[0xffffffe0][0xffffffd8][0xffffffda][0xffffffe5][0xffffff94][0xffffffd1]5[0xffffff92][0x12]!k[0xffffff97]6[0xffffff90][0xc]%[0x2][0xffffffd6].%[0xffffff9c][0xffffffd5][0xffffff94][0x8]^[0xffffffbb]t[0xffffffe5][0xffffffc9]R"o[0xffffffed][0xffffffd2]U+G[0xffffff89][0xffffff94][0xffffffb5]K-[0xffffffde][\r]J[0x1c][0xffffff96][0x12][0xf][0xfffffff6]V[0xffffffe2][0xffffffc0])q[0x4]P[0xffffffe2][0xffffffd0][0xffffffbc][0x17][0x6][0xfffffffc][0xffffffc0](q$QB[0xffffffa3][0xffffffc8]P[0xffffffc2][0x5][0xffffff92][0xffffffa1][0xffffff84][0xffffffc6][0xffffffb2][0xffffff9e][0x12]k8[0xffffffab])[0xffffffb1]F4[0xffffff89][0x12][0xffffffa6]<YJ[0xffffffd8].e)a[0xffffffaa][0xffffff95][0xffffffa3][0xffffff84]4-E[0x9])[0xffffffde][\r]J[0xffffffb8][0xffffff89][0xffffffaa][0xfffffff9][0xfffffff4][0xffffff87][0xffffffa2][0x4]>Q5[0x3]&[0xffffffaa][0xffffffa6][0xffffffd9]Q)[0xc]86Q5e)[0xffffff85][0xffffffa4]D[0xffffffc8]D[0xffffff95][\r]$C[0xffffff89][0xffffff80][0xffffff89]*[0x9]g5%[0xffffff82]'[0xffffffaa]\y[0xffffffb2][0xffffff94][0xffffffc8][0xffffff9b][0xffffffa8]r[0xffffffd5][0xffffffca]Q"e[0xffffffa2]J[0xffffff8b]w[0xffffff83][0x12]n[0xffffffa2]jrk[0xffffff97][0x13][0xffffff9f][0xffffffa8][0xffffff9a][0x1][0x13]U[0xffffffd3][0xffffffec][0xffffffa8][0x14][0x6][0x1c][0xffffff9b][0xffffffa8][0xffffff9a][0xffffffb2][0xffffff94]BR"d[0xffffffa2][0xffffffca][0x6][0xffffff92][0xffffffa1]D[0xffffffc0]D[0xffffff95][0xffffff84][0xffffffb3][0xffffff9a][0x12][0xffffffc1][0x13]U[0xffffffae]<YJ[0xffffffe4]MT[0xffffffb9]j[0xffffffe5]([0xffffff91]2Q[0xffffffa5][0xffffffc5][0xffffffbb]A[0xffffff89][0xffffffa1][0xffffff94][0xffffffb8]^[0xffffffad]S[0xffffff87]A?[0xffffff9f][0x7][0xffffffa6][0xffffffc4][0x8][0xffffffa0][0xffffffc4][0xffffffd0][0xffffffbc][0x17][0x6]|`[0xffffff94][0x18]I[0xffffff94][0xffffffd0](2[0xffffff94]p[0xffffff81]d([0xffffffa1][0xffffffb1][0xffffffac][0xffffffa7][0xffffffc4][0x1a][0xffffffce]jJ[0xffffffac][0x11]M[0xffffffa2][0xffffff84])O[0xffffff96][0x12][0xffffffb6]KYJ[0xffffff98]j[0xffffffe5](!MKQB[0xffffff8a]w[0xffffff83][0x12]f[0xffffffa2][0xffffffea]z][0xffffffe7][0xffffffa4]([0xffffff81]OT[0xffffffcd][0xffffff80][0xffffff89][0xffffffaa]ivT[\n]"
08:17:55.142 [TestNG-PoolService-2] DEBUG org.apache.hc.client5.http.wire -- http-outgoing-5 << "I[0xffffff89][0xffffff90][0xffffff89]*[0x1b]H[0xffffff86][0x12][0x1][0x13]U[0x12][0xffffffce]jJ[0x4]OT[0xffffffb9][0xfffffff2]d)[0xffffff91]7Q[0xffffffe5][0xffffffaa][0xffffff95][0xffffffa3]D[0xffffffca]D[0xffffff95][0x16][0xffffffef][0x6]%[0xffffffdc]D[0xffffffd5][0xffffffd1][0xe][0xffffffea][[0xffffff89][0xffffff81]OT[0xffffff8d][0xffffff80][0xffffff89][0xffffffaa]avT[\n]"
08:17:55.152 [TestNG-PoolService-2] DEBUG org.apache.hc.client5.http.wire -- http-outgoing-5 << "[0x3][0xffffff8e]MT[\r]YJ!)[0x11]2Qe[0x3][0xffffffc9]P"`[0xffffffa2]J[0xffffffc2]YM[0xffffff89][0xffffffe0][0xffffff89]*W[0xffffff9e],%[0xfffffff2]&[0xffffffaa]\[0xffffffb5]r[0xffffff94]H[0xffffff99][0xffffffa8][0xffffffd2][0xffffffe2][0xffffffdd][0xffffffa0][0xffffff84][0xffffff9b][0xffffffa8]:[0xffffffb8][0xffffffb5][0xffffffcb][0xffffff81]OT[0xffffff8d][0xffffff80][0xffffff89][0xffffffaa]avT[\n]"
08:17:55.142 [TestNG-PoolService-1] DEBUG org.apache.hc.client5.http.wire -- http-outgoing-3 << "9[0xffffff83][0x12][0x19][0xffffffc3][0xffffffd9]>[0xffffff90][0xc]%[0xfffffff8][0xffffffe1]l[\r]g5%r[0xffffff87][0xffffffb3]my[0xffffffb2][0xffffff94][0xffffff88][0x1b][0xffffffce][0xffffffb6][0xffffffd5][0xffffffca]Q"d8[0xffffffdb][0x14][0xffffffef][0x16]%[0xfffffff4][[0x9][0xffffff96][0x12][0xfffffff4][0xffffffb7][0x12]W[0xffffffc0][0xffffffb7][0x12][0xffffff97][0xfffffffe]A[0xffffffaf]4[0xffffffe0][0xffffffd4][0xffffffb7][0x12]W[0xffffffd2][0xffffffb7][0x12][0x1a]E[0xffffff8a][0x12])[0xffffffdf]Jh,[0x9]J[0xffffffb0][0xffffffdf]J[0xffffffac][0x11][0xffffffcd][0xffffffa2]D[0xffffffd8][0xffffffb7][0x12][0xffffffb6]KiJ[0x4]}+!M[0xffffffcb]Q[0xffffffe2][0xffffffef][0xffffffbf][0xffffff95]0wp[0x1c][0xffffffaf]N[\r]g[0x7f]=[0xf]L[0x9][0xfffffffe][0xe][0xffffff8e][0xffffffdf][0xffffffcf][0xffffffc0]P[0xffffff82][0xffffffba][0xffffff83][0xffffffe3][0xffffffd7]/gP"[0xffffffe3][0xe][0xe][0x1f]H[0xffffff86][0x12][0xfffffffc][0x1d][0x1c][0x1a][0xffffffce]jJ[0xffffffe4][0xffffffde][0xffffffc1]a[0xffffffcb][0xffffff93][0xffffffa5]D[0xffffffdc][0x1d][0x1c][0xffffffb6]Z9J[0xffffff84][0xffffffdc][0xffffffc1]a[0xffffff8a]w[0xffffff83][0x12][0xffffffe6][0xe][0xffffff8e][0xffffffe3]u='E[0x9][0xfffffffa][0xe][0xffffff8e][0xffffffef]'[0xffffffa0])A[0xffffffde][0xffffffc1][0xfffffff1][0xfffffffd][0xffffffeb][0xc]%[0xffffff82][0xffffffee][0xffffffe0]pQd([0xffffff91]r[0x7][0xffffff87][0xffffff8b]e=%[0xffffffd8];84[0xffffffa2]I[0xffffff94][0x8][0xffffffbb][0xffffff83][0xffffffe3]M[0xffffff97][0xffffffb2][0xffffff94][0x8][0xffffffba][0xffffff83][0xffffffc3]4-E[0xffffff89][0xffffffbf][0xffffffbf][0xffffff83]c[0xffffffbc][0x1e]G[0xffffff89][0xfffffffb]5)J<8%[0xffffff9e][0x0]J<[0xffffff9a][0xfffffff7][0xffffffc2][0xffffff80]?[0x18]%[0xffffff9e]$Jh[0x14][0x19]J[0xffffffb8]@2[0xffffff94][0xffffffd0]X[0xffffffd6]Sb[\r]g5%[0xffffffd6][0xffffff88]&Q[0xffffffc2][0xffffff94]'K[0x9][0xffffffdb][0xffffffa5],%L[0xffffffb5]r[0xffffff94][0xffffff90][0xffffffa6][0xffffffa5](![0xffffffc5][0xffffffbb]A[0x9]s[0xffffff9d][0xffffffd7][0x7]%[0xffffffae][0xffffff9b][0xffffffa2][0x4]}[0xffffff9d][0xffffffd7][0xfffffff7][0x13][0xffffffd0][0xffffff94] [0xffffffaf][0xfffffff3][0xfffffffa][0xfffffffe]u[0xffffff86][0x12]A[0xffffffd7]y[0xffffffb9](2[0xffffff94]H[0xffffffb9][0xffffffce][0xffffffcb][0xffffffc5][0xffffffb2][0xffffff9e][0x12][0xffffffec]u^[0x1a][0xffffffd1]$J[0xffffff84]][0xffffffe7][0xfffffff5][0xffffffa6]KYJ[0x4]][0xffffffe7]e[0xffffff9a][0xffffff96][0xffffffa2][0xffffffc4][0x7f]p[0xffffff9d]W3[0xffffffd7]y[0x1d][0xffffffaf][0xffffffe7]u@[0xffffff94]h[0xfffffff8]u^-[0xffffffe0]:[0xffffffaf]f[0xffffffee][0xffffff9c][0xffffffa9][0xb]x[0xffffffc3][0xffffffae][0xfffffff3]jr[0xffffffab][0xc]H[0x9][0x13]E[0xffffff84][0x12]6[0xffffff90][0x8]%L,[0xffffffcb])![0xffffffe1],[0xffffffa6][0xffffff84]D4[0xffffff88][0x12][0xffffffae]<QJ[0xfffffff8].E)[0xffffffe1][0xffffffaa][0x15][0xffffffa3][0xffffff84]6-D[0x9]-[0xffffffde][\r]J[0xffffff98][0xffffffeb][0xffffffbc]>(1[0xffffffa8][0xffffff89][0xffffffaa][0xffffff86]_[0xffffffe7][0xffffffd5][0x2][0xffffffae][0xfffffff3]j[0xffffffe6][0xffffffce][0xffffff99][0xffffffc2][0xffffff80]c[0xffffffd7]y5[0xffffffb9]U[0xffffff86][0xffffffa4]D[0xffffffc8]u^6[0xffffff90][0xc]%[0x2][0xffffffae][0xfffffff3][0xffffff92]pVS"[0xfffffff8]:/W[0xffffff9e],%[0xfffffff2][0xffffffae][0xfffffff3]r[0xffffffd5][0xffffffca]Q"[0xffffffe5]:/-[0xffffffde][\r]J[0xffffff98];8[0xffffff8e][0xfffffff6]zQ[0x7f][0xffffffe0]h[0xfffffff8][0x1d][0x1c]-[0xffffffe0][0xe][0xffffff8e]f[0xffffff86][0xffffffe2][0xb][0x3][0xffffff8e][0xffffffdd][0xffffffc1][0xffffffd1]d[\n]"
08:17:55.153 [TestNG-PoolService-1] DEBUG org.apache.hc.client5.http.wire -- http-outgoing-3 << "[0xffffff9e][0xffffffa4]D[0xffffffc8][0x1d][0x1c]6[0xffffff90][0xc]%[0x2][0xffffffee][0xffffffe0][0xffffff90]pVS"[0xfffffff8][0xe][0xe]W[0xffffff9e],%[0xfffffff2][0xffffffee][0xffffffe0]p[0xffffffd5][0xffffffca]Q"[0xffffffe5][0xe][0xe]-[0xffffffde][\r]J[0xffffff98][0xffffffe1][0xffffffec][0xffffffa3][0xffffff9d][0xf]u3h[0xffffffc3][0xffffff87][0xffffffb3][[0xffffffc0]pv3[0xffffffeb][0xffffffae][0xffffff85][0x1][0xffffffc7][0xffffff86][0xffffffb3][0xffffff9b][0xffffffec][0xffffffb7][0xffffff92][0xffffff94][0x8][0x19][0xffffffce][0xffffffb6][0xffffff81]d([0x11]0[0xffffff9c]-[0xffffffe1][0xffffffac][0xffffffa6]D[0xfffffff0]p[0xffffffb6]+O[0xffffff96][0x12]y[0xffffffc3][0xffffffd9][0xffffffae]Z9J[0xffffffa4][0xc]gk[0xfffffff1]nQ[0xffffffe2][\n]"
08:17:55.153 [TestNG-PoolService-1] DEBUG org.apache.hc.client5.http.wire -- http-outgoing-3 << "[0xffffffa3][0xffffffc4][0xffffff85]S[0xffffffe2][\n]"
08:17:55.153 [TestNG-PoolService-1] DEBUG org.apache.hc.client5.http.wire -- http-outgoing-3 << "[0xffffffa0][0xffffffc4][0xffffff85]R[0xffffffe2][0xffffffc2](q%Qb[0xffffff8d]"E[0x9][\r]$E[0xffffff89]5[0xffffff96][0x4]%.[0xffffff98][0x12]W0%[0xffffffa4]<iJ[0xffffff98].[0xffffffa5])![0xffffffd5]JR[0xffffffe2]J[0xffffffa1][0xffffffc4][0xfffffff5][0x1f]P[0xffffffa2]=a[0xffffff96]h[0xf][0xffffff8e][0xffffff89][0xffffff8f]G[0xffffffe0]5[0xfffffff1][0xffffffe3]!(N|[0xfffffffc]<[0xffffffe5][0xffffff89][0xffffffef][0xffffff9f]N[0x1][0xffffff85][0xffffffe4][0xffffff91][0x12][0xffffff85]I%E[\n]"
08:17:55.153 [TestNG-PoolService-1] DEBUG org.apache.hc.client5.http.wire -- http-outgoing-3 << "[0xffffffc9]&a[0xffffff8a]%[0xffffffa1][0xfffffff5][0xffffffa8]Xr[0xffffff9a][0xffffffa5][\n]"
08:17:55.153 [TestNG-PoolService-1] DEBUG org.apache.hc.client5.http.wire -- http-outgoing-3 << "[0xffffffad]Q[0xffffff9a][0x15][0xffffffae]UiWh[0xffffffc9][0xffffff92][0xffffffb0]X;[0xffffff97][0xffffff93][0xffffffc5]Z[0xffffffc1][[0xffffffb4]8F[0x18]-[0xffffff8e][0xffffff81][0xffffffd3][0xffffffe2][0xffffffe3][0x11]xZ[0xfffffffc]x[0x8][0xffffff8a][0x16][0x1f]?O[0xffffffd1][0xffffffe2][0xfffffffb][0xffffffa7]Sh!y[0xffffffa4]haRI[0xffffffd1]B[0xffffffb2]I[0xffffffd0]bIh=-[0xffffff96][0xffffff9c]f[0xffffffd1]Bk[0xffffff94][0xffffffa6][0xffffff85]kU[0xffffff9a][0x16]Z[0xffffffb2]$-[0xffffffd6][0xffffffce][0xffffffe5]h[0xffffffb1]V[0xfffffff0][0x16]-[0xffffffbe][0xffffff96]/[0xffffff93]h[0xfffffff1][0xffffff9c]8->[0x1e][0xffffff81][0xffffffa7][0xffffffc5][0xffffff8f][0xffffff87][0xffffffa0]h[0xfffffff1][0xfffffff1][0xfffffff3][0x14]-[0xffffffbe][0x7f]:[0xffffff85][0x16][0xffffff92]G[0xffffff8a][0x16]&[0xffffff95][0x14]-$[0xffffff9b][0x4]-[0xffffff96][0xffffff84][0xffffffd6][0xffffffd3]b[0xffffffc9]i[0x16]-[0xffffffb4]FiZ[0xffffffb8]V[0xffffffa5]i[0xffffffa1]%K[0xffffffd2]b[0xffffffed]\[0xffffff8e][0x16]k[0x5][0xffffffef][0xffffffd1]"[0xffffffed][0xffffffad][0xffffffc5][0xffffffc3][0xffffffbf][0xffffffb5]x[0x12][0xffffffde]Z<[0xffffffec][[0xffffff8b][0xffffff87]{k[0xfffffff1]D[0xffffffbd][0xffffffb5][0xffffff90]<b[0xffffffb4][0xffffffc8]yk![0xffffffd9]DhA[0xffffffbf][0xffffffb5]x[0xffffff92][0xffffffdf]Zh[0xffffff8d][0xffffffe2][0xffffffb4][0x8]|k[0xffffffa1]%[0xffffff8b][0xffffffd2]"[0xffffffe6][0xffffffad][0xffffffc5]Z[0xffffffc1][[0xffffffb4]hm[0xffffff86][0xffffffd9][0xffffffe2][0xffffffe3][0xffffff89]p\|>[0x3][0xffffffaf][0xffffff8b][0xffffff9f]OA[0xfffffff1][0xffffffe2][0xfffffff3][0xfffffff7])_[0xfffffffc][0xfffffff8][0xffffffed][0x14]`h()a[0xffffffb8]hR[0xffffffc4][0xffffffd0][0xffffff80][0x12][0xffffffc6]XcZ[0xffffff8f][0xffffff8c]5[0xffffffac]Y[0xffffffca]0[0xffffff85]J3[0xffffffc3][0xfffffff6]+[0xffffffed][0xc]S[0xffffffb7]$4[0xffffffa4]}9iH[0x19][0xffffffef]Q[0xffffffe3][0xffffffb8][0xffffffd3][0xffffffa8]q[0xffffffdc]<5>[0xffffff9e]![0xffffff80][0x1a]?[0xffffff9e][0x2][0xffffffa3][0xffffffc6][0xffffffc7][0xffffffef]c[0xffffffd4][0xfffffff8][0xfffffffe][0xffffffed][0x18]jH(1j[0xffffff98]hb[0xffffffd4][0xffffff90][0xffffff80]"[0xffffffd4]Xb[\n]"
08:17:55.153 [TestNG-PoolService-1] DEBUG org.apache.hc.client5.http.wire -- http-outgoing-3 << "Pc[0x9]k[0x18]5[0xffffffb4]Pqj[0xffffffb8]~[0xffffffc5][0xffffffa9][0xffffffa1]u[0xffffff8b]Rcm_[0xffffff90][0x1a]k[0x19][0xffffffff][0x9]5[0xffffffe6][0xfffffff7][0xffffffbf]r[0xffffff9a]][0xffffff8b][0xfffffffe][0x2][0xffffffae][0x13][0xfffffffb][0xfffffffd]<[0x14]3[0xfffffffe][0xfffffff1][0x4][0x18]2[0xffffff96]g(&[0xffffffc6]?~[0xffffffbd][0x18][0x18][0xffffffff][0xfffffffb][0xffffffcb]0/[0xffffffde]F[0xffffffb1][0x18][0x17][0xffffffff][0x12][0xffffffc8]bZ[0xffffffbc][0xffffff8d]e!,[0xffffffde][0xffffff84][0xffffffb3][0xffffff8c][0x15]o"[0x1a][0xffffff81][0xffffff8a][0xfffffff7][0xffffffe5][0x9][0xffffff91][0xffffffe2][0xffffffdf][0xffffffba][0x14][0x2][0xffffffc5][0xfffffffb]j[0x5]8[0xfffffff1][0xffffffae]i[0xffffffcb]1[0xfffffff1][0xffffffae]x[0xffffffb7](q[0xffffff84]Q[0xffffffe2][0xffffffc0])q[0x4]P[0xffffffe2]@)q`[0xffffff94]8[0xffffff92]([0xffffffb1]F[0xffffff91][0xffffffa2][0xffffff84][0x6][0xffffff92][0xffffffa2][0xffffffc4][0x1a]K[0xffffff82][0x12][0x7]L[0xffffff89]#[0xffffff98][0x12]R[0xffffff9e]4%L[0xffffff97][0xffffffd2][0xffffff94][0xffffff90]j%)q[0xffffffa4]P[0xffffffe2][0xfffffff8]kJ\[0xffffffee][0xffffffad]D[0xffffff9f][0xffffff83][0xffffffa2][0xffffffc4][0xffffff85][0xffffffbf][0xffffff95][0xffffffb8][0x2][0xffffffde]J\J[0xffffffe7][0xffffffc2][0xffffff80]_[0xffffffd8][[0xffffff89]+[0xffffffe9][0xffffffad][0xffffff84]F[0xffffff91][0xffffffa1][0xffffff84][0xb]$C[0x9][0xffffff8d]e=%[0xffffffd6]pVSb[0xffffff8d]h[0x12]%Ly[0xffffffb2][0xffffff94][0xffffffb0]][0xffffffca]R[0xffffffc2]T+G[0x9]iZ[0xffffff8a][0x12]R[0xffffffbc][0x1b][0xffffff94][0x18][0xffffff8e][0x12]w[0xffffffab][0xffffffbf][0xffffff99][0xfffffff4][0xfffffff7][0xfffffff3][0xffffffc0][0xffffff94][0x18][0x1][0xffffff94][0x18][0xffffff9a][0xfffffff7][0xffffffc2][0xffffff80][0xf][0xffffff8c][0x12]#[0xffffff89][0x12][0x1a]E[0xffffff86][0x12].[0xffffff90][0xc]%4[0xffffff96][0xfffffff5][0xffffff94]X[0xffffffc3]YM[0xffffff89]5[0xffffffa2]I[0xffffff94]0[0xffffffe5][0xffffffc9]R[0xffffffc2]v)K[0x9]S[0xffffffad][0x1c]%[0xffffffa4]i)JH[0xfffffff1]nP[0xffffffe2]v[0xffffff94][0xffffff98][0x1c]%n[0xffffff9c][0x12]w[0x0]%n[0xffffffcd]{a[0xffffffc0]o[0xffffff8c][0x12]w[0x12]%4[0xffffff8a][0xc]%\ [0x19]Jh,[0xffffffeb])[0xffffffb1][0xffffff86][0xffffffb3][0xffffff9a][0x12]kD[0xffffff93](a[0xffffffca][0xffffff93][0xffffffa5][0xffffff84][0xffffffed]R[0xffffff96][0x12][0xffffffa6]Z9JH[0xffffffd3]R[0xffffff94][0xffffff90][0xffffffe2][0xffffffdd][0xffffffa0][0xffffffc4]c([0xfffffff1][0xffffff81][0xffffff89][0xfffffffa][0xfffffff3][0x1d][0xffffffbf][0xffffff9f][0x7][0xffffffa6][0xffffffc4][0x13]@[0xffffff89]G[0xfffffff3]^[0x18][0xfffffff0][0x7][0xffffffa3][0xffffffc4][0xffffff93]D[0x9][0xffffff8d]"C[0x9][0x17]H[0xffffff86][0x12][0x1a][0xffffffcb]zJ[0xffffffac][0xffffffe1][0xffffffac][0xffffffa6][0xffffffc4][0x1a][0xffffffd1]$J[0xffffff98][0xfffffff2]d)a[0xffffffbb][0xffffff94][0xffffffa5][0xffffff84][0xffffffa9]V[0xffffff8e][0x12][0xffffffd2][0xffffffb4][0x14]%[0xffffffa4]x7(1[0x1d]%.[0xffffff8e][0x12][0x13][0xffffffa7][0xffffffc4][0xc][0xffffffa0][0xffffffc4][0xffffffd4][0xffffffbc][0x17][0x6]|b[0xffffff94][0xffffff98]I[0xffffff94][0xffffffd0](2[0xffffff94]p[0xffffff81]d([0xffffffa1][0xffffffb1][0xffffffac][0xffffffa7][0xffffffc4][0x1a][0xffffffce]jJ[0xffffffac][0x11]M[0xffffffa2][0xffffff84])O[0xffffff96][0x12][0xffffffb6]KYJ[0xffffff98]j[0xffffffe5](!MKQB[0xffffff8a][0xfffffff7][0xffffffcf])[0xffffffd1]_[0xffffff8e][0x12][0xffffffcf]xA[0xffffff94][0xfffffff8]|[0x1e][0xffffff96][0x12]_O[0x0]S[0xffffffe2][0xffffffd7]3 [0xffffff94][0xfffffff8][0xfffffffa]u[0xffffff84][0x12]?[0x7f]9[0xffffff82][0x12]&[0xffffff8a][0x8]%l [0x11]J[0xffffff98]X[0xffffff96]SB[0xffffffc2]YL[0x9][0xffffff89]h[0x10]%\y[0xffffffa2][0xffffff94][0xfffffff0]][0xffffff8a]R[0xffffffc2]U+F[0x9]mZ[0xffffff88][0x12]Z[0xffffffbc][0x1b][0xffffff94][0xffffffe8][0xffffff8e][0x12][0xfffffff3]n[0x14]%:N[0xffffff89][0x1e]@[0xffffff89][0xffffffae]y/[0xc]x[0xffffffc7]([0xffffffd1][0xffffff93]([0xffffffa1]Qd([0xffffffe1][0x2][0xffffffc9]PBcYO[0xffffff89]5[0xffffff9c][0xffffffd5][0xffffff94]X#[0xffffff9a]D[0x9]S[0xffffff9e],%l[0xffffff97][0xffffffb2][0xffffff94]0[0xffffffd5][0xffffffca]QB[0xffffff9a][0xffffff96][0xffffffa2][0xffffff84][0x14][0xffffffef][0x6]%[0xe]K[0xffffff89]yQ[0xffffff94]8pJ[0x1c][0x1][0xffffff94]84[0xffffffef][0xffffff85][0x1]?0J[0x1c]I[0xffffff94][0xffffffd0](2[0xffffff94]p[0xffffff81]d([0xffffffa1][0xffffffb1][0xffffffac][0xffffffa7][0xffffffc4][0x1a][0xffffffce]jJ[0xffffffac][0x11]M[0xffffffa2][0xffffff84])O[0xffffff96][0x12][0xffffffb6]KYJ[0xffffff98]j[0xffffffe5](!MKQB[0xffffff8a]w[0xffffff83][0x12]n[0xffffffed][0xfffffff2]|[\r][0xffffffea][[0xffffff89][0xffffff8e][0xffffffaf]][0xfffffff6][0xffffff80][0xffffffb5][0xffffffcb]n&[0xffffffd9][\n]"
08:17:55.153 [TestNG-PoolService-1] DEBUG org.apache.hc.client5.http.wire -- http-outgoing-3 << "[0x3][0xffffff8e][0xffffffad]]v[0x19]]#)[0x11][0xffffffb2]vi[0x3][0xffffffc9]P"`[0xffffffed]R[0xffffffc2]YM[0xffffff89][0xffffffe0][0xffffffb5]KW[0xffffff9e],%[0xfffffff2][0xffffffd6].][0xffffffb5]r[0xffffff94]HY[0xffffffbb][0xffffffd4][0xffffffe2][0xffffffdd][0xffffffa0][0xffffff84][0xffffff9b][0xffffffa8]:[0xfffffffb][0xffffff8b]:[0xc][0xffffffda][0xfffffff1][0xffffff89][0xffffffaa][0x1e]0Q[0xffffffd5][0xffffffcd][0xffffff8e]Ja[0xffffffc0][0xffffffb1][0xffffff89][0xffffffaa].K)$%B&[0xffffffaa]l [0x19]J[0x4]LTI8[0xffffffab])[0x11]<Q[0xffffffe5][0xffffffca][0xffffff93][0xffffffa5]D[0xffffffde]D[0xffffff95][0xffffffab]V[0xffffff8e][0x12])[0x13]UZ[0xffffffbc][0x1b][0xffffff94]p[0x13]U[0xffffffe7]5:E[0x9]|[0xffffffa2][0xffffffaa][0x7]LTu[0xffffffb3][0xffffffa3]R[0x18]pl[0xffffffa2][0xffffffaa][0xffffffcb]R[\n]"
08:17:55.152 [TestNG-PoolService-3] DEBUG org.apache.hc.client5.http.wire -- http-outgoing-4 << "[0x3][0xffffff8e]MTMYJ!)[0x11]2Qe[0x3][0xffffffc9]P"`[0xffffffa2]J[0xffffffc2]YM[0xffffff89][0xffffffe0][0xffffff89]*W[0xffffff9e],%[0xfffffff2]&[0xffffffaa]\[0xffffffb5]r[0xffffff94]H[0xffffff99][0xffffffa8][0xffffffd2][0xffffffe2][0xffffffdd][0xffffffa0][0xffffff84][0xffffff99][0xffffffa8][0xffffffba]^w[0xffffffc7]Np[0xffffffe0][0x13]U3`[0xffffffa2]j[0xffffff9a][0x1d][0xffffff95][0xffffffc2][0xffffff80]c[0x13]US[0xffffff96]RHJ[0xffffff84]LT[0xffffffd9]@2[0xffffff94][0x8][0xffffff98][0xffffffa8][0xffffff92]pVS"x[0xffffffa2][0xffffffca][0xffffff95]'K[0xffffff89][0xffffffbc][0xffffff89]*W[0xffffffad][0x1c]%R&[0xffffffaa][0xffffffb4]x7(a&[0xffffffaa][0xffffffae][0xffffffd6][0xfffffffa]MQ[0x2][0xffffff9f][0xffffffa8][0xffffff9a][0x1][0x13]U[0xffffffd3][0xffffffec][0xffffffa8][0x14][0x6][0x1c][0xffffff9b][0xffffffa8][0xffffff9a][0xffffffb2][0xffffff94]BR"d[0xffffffa2][0xffffffca][0x6][0xffffff92][0xffffffa1]D[0xffffffc0]D[0xffffff95][0xffffff84][0xffffffb3][0xffffff9a][0x12][0xffffffc1][0x13]U[0xffffffae]<YJ[0xffffffe4]MT[0xffffffb9]j[0xffffffe5]([0xffffff91]2Q[0xffffffa5][0xffffffc5][0xffffffbb]E[0xffffff89][0x1e]F[0xffffff89][0xffffff8e]S[0xffffffa2][0x7]P[0xffffffa2][0xffffffa3][0xffffff94][0xffffffe8][0x18]%z[0x12]%[0xffffffd6](R[0xffffff94][0xffffffd0]@R[0xffffff94]XcIP[0xffffffa2][0xffffffc3][0xffffff94][0xffffffe8][0xffffffc1][0xffffff94][0xffffff90][0xfffffff2][0xffffffa4])a[0xffffffba][0xffffff94][0xffffffa6][0xffffff84]T+I[0xffffff89][0xffffff9e]B[0xffffff89][0xfffffffe][0x1f]P[0xffffffe2][0x8][0xffffffa3][0xffffffc4][0xffffff81]S[0xffffffe2][0x8][0xffffffa0][0xffffffc4][0xffffff81]R[0xffffffe2][0xffffffc0](q$Qb[0xffffff8d]"E[0x9][\r]$E[0xffffff89]5[0xffffff96][0x4]%[0xe][0xffffff98][0x12]G0%[0xffffffa4]<iJ[0xffffff98].[0xffffffa5])![0xffffffd5]JR[0xffffffe2]H[0xffffffa1][0xffffffc4][0xfffffff1][0xffffff97][0xffffff94][0xffffffb8]_/[0xfffffff7][0x7][0xffffff8e][0xffffffe3][0xffffff81]Np|=[0xf]J[0xffffff89][0xffffffef]'`)[0xfffffff1][0xfffffffb][0x19][0x8]J|[0xffffffff]:A[0xffffff89]_[0xffffffbf][0xffffff9c]@[0x9][0x17]E[0xffffff82][0x12]>[0xffffff90][0x4]%\,[0xffffffab])[0xffffffa1][0xffffffe1][0xffffffac][0xffffffa5][0xffffff84]F4[0xffffff87][0x12][0xffffffb6]<IJ[0xffffffbc][0xffffffe9]R[0xffffff92][0x12][0xffffffb6]Z)J[0xffffff98][0xffffffa6]e(a[0xffffff8a]w[0xffffff83][0x12][0xffffffcd]Q[0xffffffe2][0xffffffa1]>[0xffffffbb][0xfffffffc]z[0x1e][0xffffff98][0x12]-[0xffffff80][0x12]M[0xfffffff3]^[0x18][0xfffffff0][0xffffff86]Q[0xffffffa2]%QB[0xffffffa3][0xffffffc8]P[0xffffffc2][0x5][0xffffff92][0xffffffa1][0xffffff84][0xffffffc6][0xffffffb2][0xffffff9e][0x12]k8[0xffffffab])[0xffffffb1]F4[0xffffff89][0x12][0xffffffa6]<YJ[0xffffffd8].e)a[0xffffffaa][0xffffff95][0xffffffa3][0xffffff84]4-E[0x9])[0xffffffde][\r]J[0xffffff98];8[0xffffffae]6[0xffffffa9][0xffffffb5][0xffffffcb][0xffffffaf][0xffffffe7][0xffffff81])[0xffffffc1][0xffffffdf][0xffffffc1][0xfffffff1][0xfffffffb][0x19][0x18]JPwp[0xfffffffc][0xfffffffa][0xffffffe5][0xc]Jd[0xffffffdc][0xffffffc1][0xffffffe1][0x3][0xffffffc9]P[0xffffff82][0xffffffbf][0xffffff83]C[0xffffffc3]YM[0xffffff89][0xffffffdc];8ly[0xffffffb2][0xffffff94][0xffffff88][0xffffffbb][0xffffff83][0xffffffc3]V+G[0xffffff89][0xffffff90];8L[0xfffffff1]nP[0xffffffc2][0xffffffdc][0xffffffc1]q[0xfffffff5]c[0xffffff9e][0x14]%[0xffffffe8];8[0xffffffbe][0xffffff9f][0xffffff80][0xffffffa6][0x4]y[0x7][0xffffffc7][0xfffffff7][0xffffffaf]3[0xffffff94][0x8][0xffffffba][0xffffff83][0xffffffc3]E[0xffffff91][0xffffffa1]D[0xffffffca][0x1d][0x1c].[0xffffff96][0xfffffff5][0xffffff94]`[0xffffffef][0xffffffe0][0xffffffd0][0xffffff88]&Q"[0xffffffec][0xe][0xffffff8e]7][0xffffffca]R"[0xffffffe8][0xe][0xe][0xffffffd3][0xffffffb4][0x14]%[0xfffffffe][0xfffffffe][0xe][0xffffff8e][0xfffffffb]e[0xffffffee][0xffffffe0][0xffffffb8][0xfffffffa]y@[0xffffff9f]]~=[0xf]L[0x9][0xfffffffe][0xe][0xffffff8e][0xffffffdf][0xffffffcf][0xffffffc0]P[0xffffff82][0xffffffba][0xffffff83][0xffffffe3][0xffffffd7]/gP"[0xffffffe3][0xe][0xe][0x1f]H[0xffffff86][0x12][0xfffffffc][0x1d][0x1c][0x1a][0xffffffce]jJ[0xffffffe4][0xffffffde][0xffffffc1]a[0xffffffcb][0xffffff93][0xffffffa5]D[0xffffffdc][0x1d][0x1c][0xffffffb6]Z9J[0xffffff84][0xffffffdc][0xffffffc1]a[0xffffff8a]w[0xffffff83][0x12][0xffffffe6][0xe][0xffffff8e][0xf]J[0xffffffdc][0xffffffd8][0xffffffb7][0x12][0xfffffff4][0x1d][0x1c][0xffffffdf]O@S[0xffffff82][0xffffffbc][0xffffff83][0xffffffe3][0xfffffffb][0xffffffd7][0x19]J[0x4][0xffffffdd][0xffffffc1][0xffffffe1][0xffffffa2][0xffffffc8]P"[0xffffffe5][0xe][0xe][0x17][0xffffffcb]zJ[0xffffffb0]wphD[0xffffff93]([0x11]v[0x7][0xffffffc7][0xffffff9b].e)[0x11]t[0x7][0xffffff87]iZ[0xffffff8a][0x12][0x7f][0x7f][0x7][0xffffffc7][0xfffffffd]rwp[0xfffffff4]sb[0xffffffdf]J[0xffffffd0]wp|?[0x1]M[0x9][0xfffffff2][0xe][0xffffff8e][0xffffffef]_g([0x11]t[0x7][0xffffff87][0xffffff8b]"C[0xffffff89][0xffffff94];8\,[0xffffffeb])[0xffffffc1][0xffffffde][0xffffffc1][0xffffffa1][0x11]M[0xffffffa2]D[0xffffffd8][0x1d][0x1c]o[0xffffffba][0xffffff94][0xffffffa5]D[0xffffffd0][0x1d][0x1c][0xffffffa6]i)J[0xfffffffc][0xfffffffd][0x1d][0x1c][0xfffffff7][0xffffffcb][0xffffffdd][0xffffffc1][0xffffffd1][0xffffffaf][0x13][0xffffffba][0x19][0xfffffff4][0xffffffeb]y`J[0xfffffff0]wp[0xfffffffc]~[0x6][0xffffff86][0x12][0xffffffd4][0x1d][0x1c][0xffffffbf]~9[0xffffff83][0x12][0x19]wp[0xfffffff8]@2[0xffffff94][0xffffffe0][0xffffffef][0xffffffe0][0xffffffd0]pVS"[0xfffffff7][0xe][0xe][[0xffffff9e],%[0xffffffe2][0xffffffee][0xffffffe0][0xffffffb0][0xffffffd5][0xffffffca]Q"[0xffffffe4][0xe][0xe]S[0xffffffbc][0x1b][0xffffff94]pwp[0xfffffff4]1;E[0x9][0xfffffffa][0xe][0xffffff8e][0xffffffef]'[0xffffffa0])A[0xffffffde][0xffffffc1][0xfffffff1][0xfffffffd][0xffffffeb][0xc]%[0xffffff82][0xffffffee][0xffffffe0]pQd([0xffffff91]r[0x7][0xffffff87][0xffffff8b]e=%[0xffffffd8];84[0xffffffa2]I[0xffffff94][0x8][0xffffffbb][0xffffff83][0xffffffe3]M[0xffffff97][0xffffffb2][0xffffff94][0x8][0xffffffba][0xffffff83][0xffffffc3]4-E[0xffffff89][0xffffffbf][0xffffffbf][0xffffff83][0xffffffe3]~[0xffffffb9];8[0xffffff8e][0xffffffd7][0xffffffc0]>[0xffffffbb][0xffffffa4][0xffffffef][0xffffffe0][0xfffffff8]~[0x2][0xffffff9a][0x12][0xffffffe4][0x1d][0x1c][0xffffffdf][0xffffffbf][0xffffffce]P"[0xffffffe8][0xe][0xe][0x17]E[0xffffff86][0x12])wp[0xffffffb8]X[0xffffffd6]S[0xffffff82][0xffffffbd][0xffffff83]C#[0xffffff9a]D[0xffffff89][0xffffffb0];8[0xffffffde]t)K[0xffffff89][0xffffffa0];8L[0xffffffd3]R[0xffffff94][0xfffffff8][0xfffffffb];8[0xffffffee][0xfffffff6]r[0xffffff94][0xffffffe8][0xfffffff7][0x9]Q[0xffffffe2][0xfffffff3]yXJ|=[0x1]L[0xffffff89]_[0xffffffcf][0xffffff80]P[0xffffffe2][0xffffffeb][0xffffffd7][0x11]J[0xfffffffc][0xfffffffc][0xffffffe5][0x8]J[0xffffff98]("[0xffffff94][0xffffffb0][0xffffff81]D(abYN[0x9][0x9]g1%$[0xffffffa2]A[0xffffff94]p[0xffffffe5][0xffffff89]R[0xffffffc2]w)J[0x9]W[0xffffffad][0x18]%[0xffffffb4]i!Jh[0xfffffff1]nP[0xffffffc2][0xffffffed]J[0xffffff9c]mP[0xffffffc3][0xffffffd9][\r][0xffffffdf][0xffffff95]h[0x1][0xffffffbb][0x12][0xffffffcd][0x1c]~.[0xc]8[0xffffffb6]+[0xffffffd1][0xffffffe4]x3I[0xffffff89][0xffffff90]][0x9][0x1b]H[0xffffff86][0x12][0x1][0xffffffbb][0x12][0x12][0xffffffce]jJ[0x4][0xffffffef]J[0xffffffb8][0xfffffff2]d)[0xffffff91][0xffffffb7]+[0xffffffe1][0xffffffaa][0xffffff95][0xffffffa3]D[0xffffffca][0xffffffae][0xffffff84][0x16][0xffffffef][0x6]%[0xffffffdc][0xffffffae][0xffffffc4]y<[0xffffffd4][0x1f]8[0x1a][0xffffffbe]+[0xffffffd1][0x2]v%[0xffffff9a]9[0xfffffffc]\[0x18]plW[0xffffffa2][0xffffffc9][0xfffffff1]f[0xffffff92][0x12]![0xffffffbb][0x12]6[0xffffff90][0xc]%[0x2]v%$[0xffffff9c][0xffffffd5][0xffffff94][0x8][0xffffffde][0xffffff95]p[0xffffffe5][0xffffffc9]R"oW[0xffffffc2]U+G[0xffffff89][0xffffff94]][0x9]-[0xffffffde][\r]J[0xffffffb8]][0xffffff89]sp[0xffffff94][0xffffffc0]w%Z[0xffffffc0][0xffffffae]D3[0xffffff87][0xffffff9f][0xb][0x3][0xffffff8e][0xffffffed]J49[0xffffffde]LR"dW[0xffffffc2][0x6][0xffffff92][0xffffffa1]D[0xffffffc0][0xffffffae][0xffffff84][0xffffff84][0xffffffb3][0xffffff9a][0x12][0xffffffc1][0xffffffbb][0x12][0xffffffae]<YJ[0xffffffe4][0xffffffed]J[0xffffffb8]j[0xffffffe5]([0xffffff91][0xffffffb2]+[0xffffffa1][0xffffffc5][0xffffffbb]A[0x9][0xfffffff7][0xffffffd9][0xffffffe5]5:u[0x18][0xffffffb4][0xffffffe1][0xffffff9f]][0xffffffb6][0xffffff80][0xffffffcf].[0xffffff9b][0xfffffff9]6[0xffffffa8]0[0xffffffe0][0xffffffd8]g[0xffffff97]M[0xffffffbe][0xfffffffe]!)[0x11][0xfffffff2][0xffffffd9][0xffffffa5][\r]$C[0xffffff89][0xffffff80][0xffffffcf].%[0xffffff9c][0xffffffd5][0xffffff94][0x8][0xfffffffe][0xffffffec][0xffffffd2][0xffffff95]'K[0xffffff89][0xffffffbc][0xffffffcf].][0xffffffb5]r[0xffffff94]H[0xfffffff9][0xffffffec]R[0xffffff8b][0xfffffff7][0xffffffcf])[0xffffffd1]_[0xffffff96][0x12][0xffffffd8][0xffffffae][0xffffffc4][0xffffffe7][0xfffffff3][0xffffffb0][0xffffff94][0xfffffff8]z[0x2][0xffffff98][0x12][0xffffffbf][0xffffff9e][0x1][0xffffffa1][0xffffffc4][0xffffffd7][0xffffffaf]#[0xffffff94][0xfffffff8][0xfffffff9][0xffffffcb][0x11][0xffffff94]0QD(a[0x3][0xffffff89]P[0xffffffc2][0xffffffc4][0xffffffb2][0xffffff9c][0x12][0x12][0xffffffce]bJHD[0xffffff83]([0xffffffe1][0xffffffca][0x13][0xffffffa5][0xffffff84][0xffffffef]R[0xffffff94][0x12][0xffffffae]Z1Jh[0xffffffd3]B[0xffffff94][0xffffffd0][0xffffffe2][0xffffffdd][0xffffffa0][0xffffff84][0xffffffbb][0x19][0xfffffff4]z[0xfffffffa]IQ[0x2][0xffffffbf][0x19][0xffffffb4][0x7][0xffffffdc]"
08:17:55.152 [TestNG-PoolService-2] DEBUG org.apache.hc.client5.http.wire -- http-outgoing-5 << "[0x3][0xffffff8e]MT[\r]YJ!)[0x11]2Qe[0x3][0xffffffc9]P"`[0xffffffa2]J[0xffffffc2]YM[0xffffff89][0xffffffe0][0xffffff89]*W[0xffffff9e],%[0xfffffff2]&[0xffffffaa]\[0xffffffb5]r[0xffffff94]H[0xffffff99][0xffffffa8][0xffffffd2][0xffffffe2][0xffffffdd][0xffffffa0][0xffffff84][0xffffff9b][0xffffffa8]:[0xfffffffa]yR[0xffffff94][0xffffffc0]'[0xffffffaa]F[0xffffffc0]D[0xffffffd5]0;*[0xffffff85][0x1][0xffffffc7]&[0xffffffaa][0xffffff86],[0xffffffa5][0xffffff90][0xffffff94][0x8][0xffffff99][0xffffffa8][0xffffffb2][0xffffff81]d([0x11]0Q%[0xffffffe1][0xffffffac][0xffffffa6]D[0xfffffff0]D[0xffffff95]+O[0xffffff96][0x12]y[0x13]U[0xffffffae]Z9J[0xffffffa4]LTi[0xfffffff1]nP[0xffffffe2][0xffffffb2][0xffffff94][0xffffffb8][0xffffffb1]o%.[0xffffff9c][0x12]W[0x0]%.[0xffffffcd]{a[0xffffffc0]/[0xffffff8c][0x12]W[0x12]%4[0xffffff8a][0xc]%\ [0x19]Jh,[0xffffffeb])[0xffffffb1][0xffffff86][0xffffffb3][0xffffff9a][0x12]kD[0xffffff93](a[0xffffffca][0xffffff93][0xffffffa5][0xffffff84][0xffffffed]R[0xffffff96][0x12][0xffffffa6]Z9JH[0xffffffd3]R[0xffffff94][0xffffff90][0xffffffe2][0xffffffdd][0xffffffa0][0xffffff84][[0xffffffbb]<[0xffffff8e][0xffffffd6])J[0xffffffe0]k[0xffffff97]#`[0xffffffed]r[0xffffff98]I[0xffffffb6][0xffffffc2][0xffffff80]ck[0xffffff97]CF[0xffffffd7]HJ[0xffffff84][0xffffffac]][0xffffffda]@2[0xffffff94][0x8]X[0xffffffbb][0xffffff94]pVS"x[0xffffffed][0xffffffd2][0xffffff95]'K[0xffffff89][0xffffffbc][0xffffffb5]KW[0xffffffad][0x1c]%R[0xffffffd6].[0xffffffb5]x7([0xffffffe1][0xffffffd6].[0xffffff8f][0x13][0xffffffbb][0xffffffce]k[0xffffffe0]k[0xffffff97]#`[0xffffffed]r[0xffffff98]I[0xffffffb6][0xffffffc2][0xffffff80]ck[0xffffff97]CF[0xffffffd7]HJ[0xffffff84][0xffffffac]][0xffffffda]@2[0xffffff94][0x8]X[0xffffffbb][0xffffff94]pVS"x[0xffffffed][0xffffffd2][0xffffff95]'K[0xffffff89][0xffffffbc][0xffffffb5]KW[0xffffffad][0x1c]%R[0xffffffd6].[0xffffffb5]x7([0xffffffe1][0xffffffd6].[0xffffff8f]g`[0xffffff9f]][0xffffffe2]k[0xffffff97]#`[0xffffffed]r[0xffffff98]I[0xffffffb6][0xffffffc2][0xffffff80]ck[0xffffff97]CF[0xffffffd7]HJ[0xffffff84][0xffffffac]][0xffffffda]@2[0xffffff94][0x8]X[0xffffffbb][0xffffff94]pVS"x[0xffffffed][0xffffffd2][0xffffff95]'K[0xffffff89][0xffffffbc][0xffffffb5]KW[0xffffffad][0x1c]%R[0xffffffd6].[0xffffffb5]x[0xffffffb7](1[0xffffffc2](1pJ[0xffffff8c][0x0]J[0xc][0xffffff94][0x12][0x3][0xffffffa3][0xffffffc4]H[0xffffffa2][0xffffffc4][0x1a]E[0xffffff8a][0x12][0x1a]H[0xffffff8a][0x12]k,[0x9]J[0xc][0xffffff98][0x12]#[0xffffff98][0x12]R[0xffffff9e]4%L[0xffffff97][0xffffffd2][0xffffff94][0xffffff90]j%)1R(1[0xfffffffe][0x3]J[0xffffffcc]0JL[0xffffff9c][0x12]3[0xffffff80][0x12][0x13][0xffffffa5][0xffffffc4][0xffffffc4](1[0xffffff93]([0xffffffb1]F[0xffffff91][0xffffffa2][0xffffff84][0x6][0xffffff92][0xffffffa2][0xffffffc4][0x1a]K[0xffffff82][0x12][0x13][0xffffffa6][0xffffffc4][0xc][0xffffffa6][0xffffff84][0xffffff94]'M[0x9][0xffffffd3][0xffffffa5]4%[0xffffffa4]ZIJ[0xffffffcc][0x14]J[0xffffffcc][0xffffffff][0xffffff80][0x12]_[0xffffff9f]X&Y[0xffffffa2]u[0x1c][0x13][0x1f][0xffffff8f][0xffffffc0]k[0xffffffe2][0xffffffc7]CP[0xffffff9c][0xfffffff8][0xfffffff8]y[0xffffffca][0x13][0xffffffdf]?[0xffffff9d][0x2][\n]"
08:17:55.153 [TestNG-PoolService-1] DEBUG org.apache.hc.client5.http.wire -- http-outgoing-3 << "I[0xffffff89][0xffffff90][0xffffff89]*[0x1b]H[0xffffff86][0x12][0x1][0x13]U[0x12][0xffffffce]jJ[0x4]OT[0xffffffb9][0xfffffff2]d)[0xffffff91]7Q[0xffffffe5][0xffffffaa][0xffffff95][0xffffffa3]D[0xffffffca]D[0xffffff95][0x16][0xffffffef][0x6]%[0xffffffdc][0xffffffae][0xffffffc4][0xffffffd5]_[0xffffffd8][0xffffffb7][0x12][0xfffffff8][0xffffffae]D[0xf][0xffffffd8][0xffffff95][0xffffffe8][0xffffffe6][0xfffffff0]sa[0xffffffc0][0xffffffb1]][0xffffff89].[0xffffffc7][0xffffff9b]IJ[0xffffff84][0xffffffec]J[0xffffffd8]@2[0xffffff94][0x8][0xffffffd8][0xffffff95][0xffffff90]pVS"xW[0xffffffc2][0xffffff95]'K[0xffffff89][0xffffffbc]][0x9]W[0xffffffad][0x1c]%Rv%[0xffffffb4]x[0xffffffb7]([0xffffffa1][0xffffffd7]y[0xffffffb1][0xffffff94][0xffffff80][0xffffffaf][0xfffffff3][0xfffffffa]z[0x2][0xffffff9e][0x12][0xffffffe0]u^_[0xffffffbf]NQ"[0xffffffe7]:/[0x13]E[0xffffff8a][0x12]![0xffffffd7]y[0xffffff99]X[0x12][0xffffff94]@[0xffffffaf][0xfffffff3][0xffffff92][0xffffff88]fQ"[0xffffffeb]:/[0xffffffdf][0xffffffa5]4%r[0xffffffae][0xfffffff3][0xffffffd2][0xffffffa6][0xffffffe5]([0xfffffff1][0xffffffd7][0xffffffd7]y}[0xfffffffe][0x1f][0xffffffa5][0xffffffc4][0xfffffff1]`[0x7f][0xffffffe0][0xffffff98][0xfffffff8][[0xffffff89][0x19][0xfffffff0]Vb*[0xffffff9d][0xb][0x3]>[0xffffffb1][0xffffffb7][0x12]3[0xffffffe9][0xffffffad][0xffffff84]F[0xffffff91][0xffffffa1][0xffffff84][0xb]$C[0x9][0xffffff8d]e=%[0xffffffd6]pVSb[0xffffff8d]h[0x12]%Ly[0xffffffb2][0xffffff94][0xffffffb0]][0xffffffca]R[0xffffffc2]T+G[0x9]iZ[0xffffff8a][0x12]R[0xffffffbc][0x7f]N[0xffffff89][0xffffffc3]MT][0xfffffff7]sB[0xffffff94]8[0xfffffff0][0xffffff89][0xffffffaa]#`[0xffffffa2][0xffffffea]0;*u[0x1]?[0xffffffb0][0xffffff89][0xffffffaa]C[0xffffff96]R@J[0xffffff98]("[0xffffff94][0xffffffb0][0xffffff81]D(abYN[0x9][0x9]g1%$[0xffffffa2]A[0xffffff94]p[0xffffffe5][0xffffff89]R[0xffffffc2]w)J[0x9]W[0xffffffad][0x18]%[0xffffffb4]i!Jh[0xfffffff1]nP[0xffffffc2]MT[0xffffff8d][0xffffffe3][0xffffffa1][0xe][0xffffff83][0x1e][0xfffffff8]D[0xffffffd5][0x11]0Qu[0xffffff98][0x1d][0xffffff95][0xffffffc2][0xffffff80]c[0x13]U[0xffffff87],[0xffffffa5][0xffffff90][0xffffff94][0x8][0xffffff99][0xffffffa8][0xffffffb2][0xffffff81]d([0x11]0Q%[0xffffffe1][0xffffffac][0xffffffa6]D[0xfffffff0]D[0xffffff95]+O[0xffffff96][0x12]y[0x13]U[0xffffffae]Z9J[0xffffffa4]LTi[0xfffffff1]nP[0xffffffc2]MT[0xffffff8d][0xffffffeb]E[\r]g[0x1f][0xfffffff8]D[0xffffffd5][0x11]0Qu[0xffffff98][0x1d][0xffffff95][0xffffffc2][0xffffff80]c[0x13]U[0xffffff87],[0xffffffa5][0xffffff90][0xffffff94][0x8][0xffffff99][0xffffffa8][0xffffffb2][0xffffff81]d([0x11]0Q%[0xffffffe1][0xffffffac][0xffffffa6]D[0xfffffff0]D[0xffffff95]+O[0xffffff96][0x12]y[0x13]U[0xffffffae]Z9J[0xffffffa4]LTi[0xfffffff1]nP[0xffffffc2]MT[0xffffff8d][0xffffffd9]N[0xffffff8a][0x12][0xfffffff8]D[0xffffffd5][0x11]0Qu[0xffffff98][0x1d][0xffffff95][0xffffffc2][0xffffff80]c[0x13]U[0xffffff87],[0xffffffa5][0xffffff90][0xffffff94][0x8][0xffffff99][0xffffffa8][0xffffffb2][0xffffff81]d([0x11]0Q%[0xffffffe1][0xffffffac][0xffffffa6]D[0xfffffff0]D[0xffffff95]+O[0xffffff96][0x12]y[0x13]U[0xffffffae]Z9J[0xffffffa4]LTi[0xfffffff1]nP[0xffffffc2]MT[0xffffff8d]yS[0xffffff9f]][0x1e][0xfffffff8]D[0xffffffd5][0x11]0Qu[0xffffff98][0x1d][0xffffff95][0xffffffc2][0xffffff80]c[0x13]U[0xffffff87],[0xffffffa5][0xffffff90][0xffffff94][0x8][0xffffff99][0xffffffa8][0xffffffb2][0xffffff81]d([0x11]0Q%[0xffffffe1][0xffffffac][0xffffffa6]D[0xfffffff0]D[0xffffff95]+O[0xffffff96][0x12]y[0x13]U[0xffffffae]Z9J[0xffffffa4]LTi[0xfffffff1]nP[0xffffffe2]6[0xffffff94][0xffffffb8]_[0x17]u[0xffffff9d][0xffffffd7][0xffffffe7][0xfffffff3][0xffffffc0][0xffffff94][0xffffffb8][0x3](qk[0xffffffde][0xb][0x3]~c[0xffffff94][0xffffffb8][0xffffff93]([0xffffffa1]Qd([0xffffffe1][0x2][0xffffffc9]PBcYO[0xffffff89]5[0xffffff9c][0xffffffd5][0xffffff94]X#[0xffffff9a]D[0x9]S[0xffffff9e],%l[0xffffff97][0xffffffb2][0xffffff94]0[0xffffffd5][0xffffffca]QB[0xffffff9a][0xffffff96][0xffffffa2][0xffffff84][0x14][0xffffffef][0x6]%[0xffffffdc]D[0xffffffd5][0xffffffdd][0x1a][0xfffffff6][0xffffffad][0x4]>Qu[0x4]LT[0x1d]fG[0xffffffa5]0[0xffffffe0][0xffffffd8]D[0xffffffd5]!K)$%B&[0xffffffaa]l [0x19]J[0x4]LTI8[0xffffffab])[0x11]<Q[0xffffffe5][0xffffffca][0xffffff93][0xffffffa5]D[0xffffffde]D[0xffffff95][0xffffffab]V[0xffffff8e][0x12])[0x13]UZ[0xffffffbc][0x1b][0xffffff94][0xffffff98][0xffffff8e][0x12][0xfffffffd]>)JL[0xffffff9c][0x12]3[0xffffff80][0x12]S[0xfffffff3]^[0x18][0xfffffff0][0xffffff89]Qb&QB[0xffffffa3][0xffffffc8]P[0xffffffc2][0x5][0xffffff92][0xffffffa1][0xffffff84][0xffffffc6][0xffffffb2][0xffffff9e][0x12]k8[0xffffffab])[0xffffffb1]F4[0xffffff89][0x12][0xffffffa6]<YJ[0xffffffd8].e)a[0xffffffaa][0xffffff95][0xffffffa3][0xffffff84]4-E[0x9])[0xffffffde]?[0xffffffa7][0xffffffc4][0xffffffe9]v%[0xffffffee][0xb][0xffffffdb][0xffffff95]8[0xfffffff1]][0xffffff89]3`W[0xffffffe2]4[0xffffff87][0xffffff9f][0xffffffeb][0x2]~b[0xffffffbb][0x12][0xffffffa7][0x1c]o[0x6])a[0xffffffa2][0xffffff88]P[0xffffffc2][0x6][0x12][0xffffffa1][0xffffff84][0xffffff89]e9%$[0xffffff9c][0xffffffc5][0xffffff94][0xffffff90][0xffffff88][0x6]Q[0xffffffc2][0xffffff95]'J[0x9][0xffffffdf][0xffffffa5](%\[0xffffffb5]b[0xffffff94][0xffffffd0][0xffffffa6][0xffffff85]([0xffffffa1][0xffffffc5][0xffffffbb]A[0x9][0xffffffb7]+[0xfffffff1][0xfffffff4]6)J[0xffffffe0][0xffffffbb][0x12]g[0xffffffc0][0xffffffae][0xffffffc4]i[0xe]?[0x17][0x6][0x1c][0xffffffdb][0xffffff95]8[0xffffffe5]x3I[0xffffff89][0xffffff90]][0x9][0x1b]H[0xffffff86][0x12][0x1][0xffffffbb][0x12][0x12][0xffffffce]jJ[0x4][0xffffffef]J[0xffffffb8][0xfffffff2]d)[0xffffff91][0xffffffb7]+[0xffffffe1][0xffffffaa][0xffffff95][0xffffffa3]D[0xffffffca][0xffffffae][0xffffff84][0x16][0xffffffef][0x6]%[0xffffffdc][0xffffffae][0xffffffc4]s[0x1e][0x18]%[0xfffffff0]][0xffffff89]3`W[0xffffffe2]4[0xffffff87][0xffffff9f][0xb][0x3][0xffffff8e][0xffffffed]J[0xffffff9c]r[0xffffffbc][0xffffff99][0xffffffa4]D[0xffffffc8][0xffffffae][0xffffff84][\r]$C[0xffffff89][0xffffff80]][0x9][0x9]g5%[0xffffff82]w%\y[0xffffffb2][0xffffff94][0xffffffc8][0xffffffdb][0xffffff95]p[0xffffffd5][0xffffffca]Q"eWB[0xffffff8b]w[0xffffff8b][0x12]=[0xffffff8c][0x12][0x1d][0xffffffa7]D[0xf][0xffffffa0]DG)[0xffffffd1]1J[0xfffffff4]$J[0xffffffac]Q[0xffffffa4]([0xffffffa1][0xffffff81][0xffffffa4]([0xffffffb1][0xffffffc6][0xffffff92][0xffffffa0]D[0xffffff87])[0xffffffd1][0xffffff83])![0xffffffe5]IS[0xffffffc2]t)M[0x9][0xffffffa9]V[0xffffff92][0x12]=[0xffffff85][0x12][0xfffffffd][0xffffffaf])[0xffffffe1]&[0xffffffaa][0xffffff9e][0xffffffa7][0xffffffdf][0x14]%[0xfffffff0][0xffffff89][0xffffffaa]3`[0xffffffa2][0xffffffea]4;*[0xffffff85][0x1][0xffffffc7]&[0xffffffaa]NYJ!)[0x11]2Qe[0x3][0xffffffc9]P"`[0xffffffa2]J[0xffffffc2]YM[0xffffff89][0xffffffe0][0xffffff89]*W[0xffffff9e],%[0xfffffff2]&[0xffffffaa]\[0xffffffb5]r[0xffffff94]H[0xffffff99][0xffffffa8][0xffffffd2][0xffffffe2][0xffffffdd][0xffffffa0][0xffffff84][0xffffff9b][0xffffffa8][0xffffff9a][0xffffffaf]~R[0xffffff94][0xffffffc0]'[0xffffffaa][0xffffffce][0xffffff80][0xffffff89][0xffffffaa][0xffffffd3][0xffffffec][0xffffffa8][0x14][0x6][0x1c][0xffffff9b][0xffffffa8]:e)[0xffffff85][0xffffffa4]D[0xffffffc8]D[0xffffff95][\r]$C[0xffffff89][0xffffff80][0xffffff89]*[0x9]g5%[0xffffff82]'[0xffffffaa]\y[0xffffffb2][0xffffff94][0xffffffc8][0xffffff9b][0xffffffa8]r[0xffffffd5][0xffffffca]Q"e[0xffffffa2]J[0xffffff8b]w[0xffffff83][0x12][0xffffffc3]Q[0xffffffe2][0xffffffec][0xffffff83][0xffffffa2][0xffffffc4][0xffffffc0])1[0x2](14[0xffffffef][0xffffff85][0x1][0x1f][0x18]%F[0x12]%4[0xffffff8a][0xc]%\ [0x19]Jh,[0xffffffeb])[0xffffffb1][0xffffff86][0xffffffb3][0xffffff9a][0x12]kD[0xffffff93](a[0xffffffca][0xffffff93][0xffffffa5][0xffffff84][0xffffffed]R[0xffffff96][0x12][0xffffffa6]Z9JH[0xffffffd3]R[0xffffff94][0xffffff90][0xffffffe2][0xffffffdd][0xffffffa0][0xffffff84][[0xffffffbb][0xffffff9c][0xffffffa3]a[0x7f][0xffffffe0][0xffffffc0][0xffffffd7].[0xffffffcf][0xffffff80][0xffffffb5][0xffffffcb][0xffffffd3]L[0xffffffb2][0x15][0x6][0x1c][[0xffffffbb]<et[0xffffff8d][0xffffffa4]D[0xffffffc8][0xffffffda][0xffffffa5][\r]$C[0xffffff89][0xffffff80][0xffffffb5]K[0x9]g5%[0xffffff82][0xffffffd7].]y[0xffffffb2][0xffffff94][0xffffffc8][[0xffffffbb]t[0xffffffd5][0xffffffca]Q"e[0xffffffed]R[0xffffff8b]w[0xffffff83][0x12]n[0xffffffed]r[0xffffffce][0xffffff89]Q[0x2]_[0xffffffbb]<[0x3][0xffffffd6].O3[0xffffffc9]V[0x18]pl[0xffffffed][0xfffffff2][0xffffff94][0xffffffd1]5[0xffffff92][0x12]!k[0xffffff97]6[0xffffff90][0xc]%[0x2][0xffffffd6].%[0xffffff9c][0xffffffd5][0xffffff94][0x8]^[0xffffffbb]t[0xffffffe5][0xffffffc9]R"o[0xffffffed][0xffffffd2]U+G[0xffffff89][0xffffff94][0xffffffb5]K-[0xffffffde][\r]JL[0xffffffa5][0xffffffc4][0xfffffff9]z[0xffffff8d][0xffffff83][0xffffffa2][0xffffffc4][0xffffffc4])1[0x3](15[0xffffffef][0xffffff85][0x1][0xffffff9f][0x18]%f[0x12]%4[0xffffff8a][0xc]%\ [0x19]Jh,[0xffffffeb])[0xffffffb1][0xffffff86][0xffffffb3][0xffffff9a][0x12]kD[0xffffff93](a[0xffffffca][0xffffff93][0xffffffa5][0xffffff84][0xffffffed]R[0xffffff96][0x12][0xffffffa6]Z9JH[0xffffffd3]R[0xffffff94][0xffffff90][0xffffffe2][0xfffffffd]sJ\f[0xffffffed][0xfffffff2]|[0xffffffb5][0x17]u[0x18][0xfffffff4][0xffffffc2][0xffffffd7].[0xffffffaf][0xffffff80][0xffffffb5][0xffffffcb][0xffffffcb]L[0xffffffb2][0xffffffd5][0x5][0xfffffffc][0xffffffc2][0xffffffd6]./[0x19]][0x3])a[0xffffffa2][0xffffff88]P[0xffffffc2][0x6][0x12][0xffffffa1][0xffffff84][0xffffff89]e9%$[0xffffff9c][0xffffffc5][0xffffff94][0xffffff90][0xffffff88][0x6]Q[0xffffffc2][0xffffff95]'J[0x9][0xffffffdf][0xffffffa5](%\[0xffffffb5]b[0xffffff94][0xffffffd0][0xffffffa6][0xffffff85]([0xffffffa1][0xffffffc5][0xffffffbb]A[0xffffff89]f)1:E[0xffffff89][0xffffff86]S[0xffffffa2][0x5]P[0xffffffa2]i[0xffffffde][0xb][0x3][0xffffffde]0J[0xffffffb4]$Jh[0x14][0x19]J[0xffffffb8]@2[0xffffff94][0xffffffd0]X[0xffffffd6]Sb[\r]g5%[0xffffffd6][0xffffff88]&Q[0xffffffc2][0xffffff94]'K[0x9][0xffffffdb][0xffffffa5],%L[0xffffffb5]r[0xffffff94][0xffffff90][0xffffffa6][0xffffffa5](![0xffffffc5][0xffffffbb]A[0x9]3[0xffffff9c]}[0xffffffbe][0xffffffb8][0xffffffe1][0xffffffec][0xb][0x1f][0xffffffce][0xffffffbe][0x2][0xffffff86][0xffffffb3]/[0xffffffb3][0xffffffee]Z[0x18]pl8[0xfffffffb][0xffffff92][0xfffffffd]V[0xffffff92][0x12]![0xffffffc3][0xffffffd9]6[0xffffff90][0xc]%[0x2][0xffffff86][0xffffffb3]%[0xffffff9c][0xffffffd5][0xffffff94][0x8][0x1e][0xffffffce]v[0xffffffe5][0xffffffc9]R"o8[0xffffffdb]U+G[0xffffff89][0xffffff94][0xffffffe1]l-[0xffffffde][\r]J[0xffffff98][0xffffffe1][0xffffffec][0xfffffff3]u[0xc][0xffffffea]0[0xffffffe8][0xffffff85][0xf]g_[0x1][0xffffffc3][0xffffffd9][0xffffff97]Yw-[0xc]86[0xffffff9c]}[0xffffffc9]~+I[0xffffff89][0xffffff90][0xffffffe1]l[0x1b]H[0xffffff86][0x12][0x1][0xffffffc3][0xffffffd9][0x12][0xffffffce]jJ[0x4][0xf]g[0xffffffbb][0xfffffff2]d)[0xffffff91]7[0xffffff9c][0xffffffed][0xffffffaa][0xffffff95][0xffffffa3]D[0xffffffca]p[0xffffffb6][0x16][0xffffffef][0x6]%[0xffffffcc][0xffffffda][0xffffffe5][0xfffffff9][0xffffffba]/[0xffffffea][0x4][0xffffffc7][0xffffff85][0xffffffaf]]^[0x1]k[0xffffff97][0xffffff97][0xffffff99]d+[0xc]8[0xffffffb6]vy[0xffffffc9][0xffffffe8][0x1a]I[0xffffff89][0xffffff90][0xffffffb5]K[0x1b]H[0xffffff86][0x12][0x1]k[0xffffff97][0x12][0xffffffce]jJ[0x4][0xffffffaf]][0xffffffba][0xfffffff2]d)[0xffffff91][0xffffffb7]v[0xffffffe9][0xffffffaa][0xffffff95][0xffffffa3]D[0xffffffca][0xffffffda][0xffffffa5][0x16][0xffffffef][0x6]%[0xffffffcc]D[0xffffffd5][0xffffffd9][0xffffffce][0x17]u[0xffffff82][0xffffffe3][0xffffffc2]'[0xffffffaa][0xffffffae][0xffffff80][0xffffff89][0xffffffaa][0xffffffcb][0xffffffec][0xffffffa8][0x14][0x6][0x1c][0xffffff9b][0xffffffa8][0xffffffba]d)[0xffffff85][0xffffffa4]D[0xffffffc8]D[0xffffff95][\r]$C[0xffffff89][0xffffff80][0xffffff89]*[0x9]g5%[0xffffff82]'[0xffffffaa]\y[0xffffffb2][0xffffff94][0xffffffc8][0xffffff9b][0xffffffa8]r[0xffffffd5][0xffffffca]Q"e[0xffffffa2]J[0xffffff8b]w[0xffffff83][0x12]f[0xffffffa2][0xffffffea]l[0xffffffd7]}R[0xffffff94][0xffffffc0]'[0xffffffaa][0xffffffae][0xffffff80][0xffffff89][0xffffffaa][0xffffffcb][0xffffffec][0xffffffa8][0x14][0x6][0x1c][0xffffff9b][0xffffffa8][0xffffffba]d)[0xffffff85][0xffffffa4]D[0xffffffc8]D[0xffffff95][\r]$C[0xffffff89][0xffffff80][0xffffff89]*[0x9]g5%[0xffffff82]'[0xffffffaa]\y[0xffffffb2][0xffffff94][0xffffffc8][0xffffff9b][0xffffffa8]r[0xffffffd5][0xffffffca]Q"e[0xffffffa2]J[0xffffff8b]w[0xffffff83][0x12]f[0xffffffa2][0xffffffea][0xffffffec][0xffffffaf][0xffffffe7][0xffffffa1]([0xffffff81]OT][0x1][0x13]U[0xffffff97][0xffffffd9]Q)[0xc]86Qu[0xffffffc9]R[\n]"
08:17:55.154 [TestNG-PoolService-1] DEBUG org.apache.hc.client5.http.wire -- http-outgoing-3 << "I[0xffffff89][0xffffff90][0xffffff89]*[0x1b]H[0xffffff86][0x12][0x1][0x13]U[0x12][0xffffffce]jJ[0x4]OT[0xffffffb9][0xfffffff2]d)[0xffffff91]7Q[0xffffffe5][0xffffffaa][0xffffff95][0xffffffa3]D[0xffffffca]D[0xffffff95][0x16][0xffffffef][0x6]%[0xffffffa6][0xffffffa3]D?_[0x14]%&N[0xffffff89][0x19]@[0xffffff89][0xffffffa9]y/[0xc][0xfffffff8][0xffffffc4](1[0xffffff93]([0xffffffa1]Qd([0xffffffe1][0x2][0xffffffc9]PBcYO[0xffffff89]5[0xffffff9c][0xffffffd5][0xffffff94]X#[0xffffff9a]D[0x9]S[0xffffff9e],%l[0xffffff97][0xffffffb2][0xffffff94]0[0xffffffd5][0xffffffca]QB[0xffffff9a][0xffffff96][0xffffffa2][0xffffff84][0x14][0xffffffef][0xffffff9f]Sb[0xffffffb8][0xffffff89][0xffffffaa]>:E[0xffffff89][0xffffff81]OT[0xffffff8d][0xffffff80][0xffffff89][0xffffffaa]avT[0xffffffea][0x2]>[0xffffffb0][0xffffff89][0xffffffaa]!K) %L[0x14][0x11]J[0xffffffd8]@"[0xffffff94]0[0xffffffb1],[0xffffffa7][0xffffff84][0xffffff84][0xffffffb3][0xffffff98][0x12][0x12][0xffffffd1] J[0xffffffb8][0xfffffff2]D)[0xffffffe1][0xffffffbb][0x14][0xffffffa5][0xffffff84][0xffffffab]V[0xffffff8c][0x12][0xffffffda][0xffffffb4][0x10]%[0xffffffb4]x7([0xffffffe1]&[0xffffffaa][0xfffffffa]}R[0xffffff9f]][0xe]|[0xffffffa2]j[0x4]LT[\r][0xffffffb3][0xffffffa3]R[0x18]pl[0xffffffa2]j[0xffffffc8]R[\n]"
08:17:55.154 [TestNG-PoolService-1] DEBUG org.apache.hc.client5.http.wire -- http-outgoing-3 << "I[0xffffff89][0xffffff90][0xffffff89]*[0x1b]H[0xffffff86][0x12][0x1][0x13]U[0x12][0xffffffce]jJ[0x4]OT[0xffffffb9][0xfffffff2]d)[0xffffff91]7Q[0xffffffe5][0xffffffaa][0xffffff95][0xffffffa3]D[0xffffffca]D[0xffffff95][0x16][0xffffffef][0x6]%[0xffffffdc]D[0xffffffd5][0xffffffd1][0xe][0xffffffea][[0xffffff89][0xffffff81]OT[0xffffff8d][0xffffff80][0xffffff89][0xffffffaa]avT[\n]"
08:17:55.154 [TestNG-PoolService-1] DEBUG org.apache.hc.client5.http.wire -- http-outgoing-3 << "[0x3][0xffffff8e]MT[\r]YJ!)[0x11]2Qe[0x3][0xffffffc9]P"`[0xffffffa2]J[0xffffffc2]YM[0xffffff89][0xffffffe0][0xffffff89]*W[0xffffff9e],%[0xfffffff2]&[0xffffffaa]\[0xffffffb5]r[0xffffff94]H[0xffffff99][0xffffffa8][0xffffffd2][0xffffffe2][0xffffffdd][0xffffffa0][0xffffff84][0xffffff9b][0xffffffa8]:[0xffffffb8][0xffffffb5][0xffffffcb][0xffffff81]OT[0xffffff8d][0xffffff80][0xffffff89][0xffffffaa]avT[\n]"
08:17:55.154 [TestNG-PoolService-2] DEBUG org.apache.hc.client5.http.wire -- http-outgoing-5 << "[0xffffffc9]#%[\n]"
08:17:55.156 [TestNG-PoolService-1] DEBUG org.apache.hc.client5.http.wire -- http-outgoing-3 << "[0x3][0xffffff8e]MT[\r]YJ!)[0x11]2Qe[0x3][0xffffffc9]P"`[0xffffffa2]J[0xffffffc2]YM[0xffffff89][0xffffffe0][0xffffff89]*W[0xffffff9e],%[0xfffffff2]&[0xffffffaa]\[0xffffffb5]r[0xffffff94]H[0xffffff99][0xffffffa8][0xffffffd2][0xffffffe2][0xffffffdd][0xffffffa0][0xffffff84][0xffffff9b][0xffffffa8]:[0xfffffffa]yR[0xffffff94][0xffffffc0]'[0xffffffaa]F[0xffffffc0]D[0xffffffd5]0;*[0xffffff85][0x1][0xffffffc7]&[0xffffffaa][0xffffff86],[0xffffffa5][0xffffff90][0xffffff94][0x8][0xffffff99][0xffffffa8][0xffffffb2][0xffffff81]d([0x11]0Q%[0xffffffe1][0xffffffac][0xffffffa6]D[0xfffffff0]D[0xffffff95]+O[0xffffff96][0x12]y[0x13]U[0xffffffae]Z9J[0xffffffa4]LTi[0xfffffff1]nP[0xffffffe2][0xffffffb2][0xffffff94][0xffffffb8][0xffffffb1]o%.[0xffffff9c][0x12]W[0x0]%.[0xffffffcd]{a[0xffffffc0]/[0xffffff8c][0x12]W[0x12]%4[0xffffff8a][0xc]%\ [0x19]Jh,[0xffffffeb])[0xffffffb1][0xffffff86][0xffffffb3][0xffffff9a][0x12]kD[0xffffff93](a[0xffffffca][0xffffff93][0xffffffa5][0xffffff84][0xffffffed]R[0xffffff96][0x12][0xffffffa6]Z9JH[0xffffffd3]R[0xffffff94][0xffffff90][0xffffffe2][0xffffffdd][0xffffffa0][0xffffff84][[0xffffffbb]<[0xffffff8e][0xffffffd6])J[0xffffffe0]k[0xffffff97]#`[0xffffffed]r[0xffffff98]I[0xffffffb6][0xffffffc2][0xffffff80]ck[0xffffff97]CF[0xffffffd7]HJ[0xffffff84][0xffffffac]][0xffffffda]@2[0xffffff94][0x8]X[0xffffffbb][0xffffff94]pVS"x[0xffffffed][0xffffffd2][0xffffff95]'K[0xffffff89][0xffffffbc][0xffffffb5]KW[0xffffffad][0x1c]%R[0xffffffd6].[0xffffffb5]x7([0xffffffe1][0xffffffd6].[0xffffff8f][0x13][0xffffffbb][0xffffffce]k[0xffffffe0]k[0xffffff97]#`[0xffffffed]r[0xffffff98]I[0xffffffb6][0xffffffc2][0xffffff80]ck[0xffffff97]CF[0xffffffd7]HJ[0xffffff84][0xffffffac]][0xffffffda]@2[0xffffff94][0x8]X[0xffffffbb][0xffffff94]pVS"x[0xffffffed][0xffffffd2][0xffffff95]'K[0xffffff89][0xffffffbc][0xffffffb5]KW[0xffffffad][0x1c]%R[0xffffffd6].[0xffffffb5]x7([0xffffffe1][0xffffffd6].[0xffffff8f]g`[0xffffff9f]][0xffffffe2]k[0xffffff97]#`[0xffffffed]r[0xffffff98]I[0xffffffb6][0xffffffc2][0xffffff80]ck[0xffffff97]CF[0xffffffd7]HJ[0xffffff84][0xffffffac]][0xffffffda]@2[0xffffff94][0x8]X[0xffffffbb][0xffffff94]pVS"x[0xffffffed][0xffffffd2][0xffffff95]'K[0xffffff89][0xffffffbc][0xffffffb5]KW[0xffffffad][0x1c]%R[0xffffffd6].[0xffffffb5]x[0xffffffb7](1[0xffffffc2](1pJ[0xffffff8c][0x0]J[0xc][0xffffff94][0x12][0x3][0xffffffa3][0xffffffc4]H[0xffffffa2][0xffffffc4][0x1a]E[0xffffff8a][0x12][0x1a]H[0xffffff8a][0x12]k,[0x9]J[0xc][0xffffff98][0x12]#[0xffffff98][0x12]R[0xffffff9e]4%L[0xffffff97][0xffffffd2][0xffffff94][0xffffff90]j%)1R(1[0xfffffffe][0x3]J[0xffffffcc]0JL[0xffffff9c][0x12]3[0xffffff80][0x12][0x13][0xffffffa5][0xffffffc4][0xffffffc4](1[0xffffff93]([0xffffffb1]F[0xffffff91][0xffffffa2][0xffffff84][0x6][0xffffff92][0xffffffa2][0xffffffc4][0x1a]K[0xffffff82][0x12][0x13][0xffffffa6][0xffffffc4][0xc][0xffffffa6][0xffffff84][0xffffff94]'M[0x9][0xffffffd3][0xffffffa5]4%[0xffffffa4]ZIJ[0xffffffcc][0x14]J[0xffffffcc][0xffffffff][0xffffff80][0x12]_[0xffffff9f]X&Y[0xffffffa2]u[0x1c][0x13][0x1f][0xffffff8f][0xffffffc0]k[0xffffffe2][0xffffffc7]CP[0xffffff9c][0xfffffff8][0xfffffff8]y[0xffffffca][0x13][0xffffffdf]?[0xffffff9d][0x2][\n]"
08:17:55.156 [TestNG-PoolService-1] DEBUG org.apache.hc.client5.http.wire -- http-outgoing-3 << "[0xffffffc9]#%[\n]"
08:17:55.156 [TestNG-PoolService-1] DEBUG org.apache.hc.client5.http.wire -- http-outgoing-3 << "[0xffffff93]J[0xffffff8a][0x14][0xffffff92]M[0xffffffc2][0x14]KB[0xffffffeb]Q[0xffffffb1][0xffffffe4]4K[0x15]Z[0xffffffa3]4+\[0xffffffab][0xffffffd2][0xffffffae][0xffffffd0][0xffffff92]%a[0xffffffb1]v.'[0xffffff8b][0xffffffb5][0xffffff82][0xffffffb7]h[0xffffffd1][0xffffffd3]h[0xffffffd1]yZ[0xfffffff4][0x4]Zt[0xffffff96][0x16][0xffffff9d][0xffffffa3]E[0xffffff8f][0xffffffa2][0xffffff85][0xffffffe4][0xffffff91][0xffffffa2][0xffffff85]I%E[0xb][0xffffffc9]&A[0xffffff8b]N[0xffffffd3][0xffffffa2]'[0xffffffd3]Bk[0xffffff94][0xffffffa6][0xffffff85]kU[0xffffff9a][0x16]Z[0xffffffb2]$-[0xffffffd6][0xffffffce][0xffffffe5]h[0xffffffb1]V[0xfffffff0][0x1e]-[0xffffffd2][0xfffffffe][0x2][0xffffffd2][0xfffffff9]?[0xffffff81][0xfffffff4][0xffffff84][0xffffffbf][0xffffff81]t[0xfffffff6][0xffffff8f] [0xffffff9d][0xfffffffb]+H[0xffffff8f][0xfffffffa]3[0xffffff88][0xffffffe4][0x11][0xffffffa3]E[0xffffffce][0x1f]B$[0xffffff9b][0x8]-[0xffffffe8]?[0xffffff85][0xfffffff4][0xffffffe4][0xffffffbf][0xffffff85]h[0xffffff8d][0xffffffe2][0xffffffb4][0x8][0xfffffffc]k[0xffffff88][0xffffff96],J[0xffffff8b][0xffffff98][0xffffffbf][0xffffff87][0xffffffac][0x15][0xffffffbc]E[0xffffff8b]3[0xffffffed][0xffffffad][0xffffffc5][0xffffffc9][0xffffffbf][0xffffffb5]8[0x13][0xffffffde]Z[0xffffff9c][0xffffffec][[0xffffff8b][0xffffff93]{kqF[0xffffffbd][0xffffffb5][0xffffff90]<R[0xffffffb4]0[0xffffffa9][0xffffffa4]h![0xffffffd9]$hq[0xffffffd2]o-[0xffffffce][0xffffffe4][0xffffffb7][0x16]Z[0xffffffa3]4-\[0xffffffab][0xffffffd2][0xffffffb4][0xffffffd0][0xffffff92]%i[0xffffffb1]v.G[0xffffff8b][0xffffffb5][0xffffff82][0xffffffb7]hq=a[0xffffffb4][0xffffffb8][0x1e][0xffffff9c][0x16][0x1f][0xffffff8f][0xffffffc0][0xffffffd3][0xffffffe2][0xffffffc7]CP[0xffffffb4][0xfffffff8][0xfffffff8]y[0xffffff8a][0x16][0xffffffdf]?[0xffffff9d]B[0xb][0xffffffc9]#E[0xb][0xffffff93]J[0xffffff8a][0x16][0xffffff92]M[0xffffff82][0x16]KB[0xffffffeb]i[0xffffffb1][0xffffffe4]4[0xffffff8b][0x16]Z[0xffffffa3]4-\[0xffffffab][0xffffffd2][0xffffffb4][0xffffffd0][0xffffff92]%i[0xffffffb1]v.G[0xffffff8b][0xffffffb5][0xffffff82][0xffffffb7]hq[0xffffffa7][\r]U[0xffffffdc][0xfffffffc]R[0xffffffc5][0xffffffc7]#[0xfffffff0][0xffffffb4][0xfffffff8][0xfffffff1][0x10][0x14]-nn[0xffffffac][0xffffffe2][0xffffff8e]Z[0xffffffab][0xffffff90]<R[0xffffffb4]0[0xffffffa9][0xffffffa4]h![0xffffffd9]$hq[0xffffffd3][0xffffff8b][0x15]w[0xfffffff2]d[0xffffff85][0xffffffd6](M[0xb][0xffffffd7][0xffffffaa]4-[0xffffffb4]dIZ[0xffffffac][0xffffff9d][0xffffffcb][0xffffffd1]b[0xffffffad][0xffffffe0]=Z[0xffffffb4]4Z4[0xffffff9e][0x16]-[0xffffff81][0x16][0xffffff8d][0xffffffa5]E[0xffffffe3]h[0xffffffd1][0xffffffa2]h[0xffffffb1][0xffffffe6][0x11][0xffffffa3][0xffffff85][0xffffffa6][0x12][0xffffffa3][0xffffffc5][0xffffff9a]M[0xffffff84][0x16][0xffffff8d][0xffffffa6]EK[0xffffffa6][0xffffff85][0xffffffd4](N[0xb][0xffffffd3][0xffffffaa]8-[0xffffffa4]dQZ[0xffffffb4][0x18]Z[0xffffffb4][0xffffffff][0xffffff80][0x16]O[0xffffffda]g[0xffffff9c][0xf][0xffffffff][0x19][0xffffffe7][0xffffff93][0xfffffff0][0x19][0xffffffe7][0xffffffc3]~[0xffffffc6][0xfffffff9]p[0xffffff9f]q>Q[0xffffff9f]qJ[0x1e])Z[0xffffff98]TR[0xffffffb4][0xffffff90]l[0x12][0xffffffb4]x[0xffffffe8][0xffffffcf]8[0xffffff9f][0xffffffe4][0xffffffcf]8[0xffffffb5]FiZ[0xffffffb8]V[0xffffffa5]i[0xffffffa1]%K[0xffffffd2]b[0xffffffed]\[0xffffff8e][0x16]k[0x5]o[0xffffffd1]b[0xffffffa6][0xffffffbd][0xffffffb5][0xffffff98][0xfffffffc][[0xffffff8b][0xffffff99][0xfffffff0][0xffffffd6]b[0xffffffb2]o-&[0xfffffff7][0xffffffd6]bF[0xffffffbd][0xffffffb5][0xffffff90]<R[0xffffffb4]0[0xffffffa9][0xffffffa4]h![0xffffffd9]$h1[0xffffffe9][0xffffffb7][0x16]3[0xfffffff9][0xffffffad][0xffffff85][0xffffffd6](M[0xb][0xffffffd7][0xffffffaa]4-[0xffffffb4]dIZ[0xffffffac][0xffffff9d][0xffffffcb][0xffffffd1]b[0xffffffad][0xffffffe0]-Z[0xffffffb4]W[0xffffffda][0xffffffc7][0x16][0x1f]O[0xffffff84][0xffffffe3][0xffffffe2][0xfffffff3][0x19]x][0xfffffffc]|[\n]"
08:17:55.157 [TestNG-PoolService-1] DEBUG org.apache.hc.client5.http.wire -- http-outgoing-3 << "[0xffffff8a][0x17][0xffffff9f][0xffffffbf]O[0xfffffff9][0xffffffe2][0xffffffc7]o[0xffffffa7][0x0]CCI[0x9][0xffffffc3]E[0xffffff93]"[0xffffff86][0x6][0xffffff94]0[0xffffffc6][0x1a][0xffffffd3]zd[0xffffffac]a[0xffffffcd]R[0xffffff86])T[0xffffff9a][0x19][0xffffffb6]_ig[0xffffff98][0xffffffba]%[0xffffffa1]![0xffffffed][0xffffffcb]IC[0xffffffca][0xfffffff8][0xf][0xffffffa8]q[0xffffffbc][0xffffffbe][0xffffffff][0xffffff95]i[0xffffffae][0x1f];[0xffffffaf][0xffffffb3]UC[0xffffffe3][0x1f][0xffffffcf][0x3]1[0xffffffe3][0xffffff9f]O@!c}[0xffffff86]Zb[0xfffffffc][0xfffffff3][0xffffffd7]k[0xffffff81][0xffffffb1][0xfffffffc]2[0xffffffcb][0xffffff8b][0xfffffff7]Q[0xffffffac][0xffffffc5][0xffffffc5][0xffffffbf][0x5][0xffffffb2][0xffffff96][0x16][0xffffffef]cY[0x7][0xffffff8b]w[0xffffffe1][0xffffffac]b[0xffffffc5][0xffffffbb][0xffffff88]&[0xffffffa0][0xffffffe2]_[0xffffffca][0xffffff93]![0xffffffc5][0xffffffbf]v)[0x3][0xffffff8a][0x7f][0xffffffa9][0xffffffd6]zN[0xffffffbc]m[0xffffffda]jL[0xffffffbc]-[0xffffffde]-J[0xffffffe8][0xffffffac][0x5]K[0x9]j[0xffffffd5][0xffffffe2][0xffffff9f]O[0xffffffc0]S[0xffffff82][0xffffffd8][0xffffffb4][0xfffffff8][0xffffffe7][0xffffffaf]S[0xffffff94][0x8]X[0xffffffb4]x[0x1f]E[0xffffff8a][0x12][0xfffffff4][0xffffff9e][0xffffffc5][0xfffffffb]X[0x12][0xffffff94]`[0xffffffd6],[0xffffffde]E4[0xffffff8b][0x12]![[0x16][0xffffffff][0xffffffda][0xffffffa5]4%[0x2][0xffffff96],[0xffffffde]6-G[0xffffff89][0xfffffffd][0x1d][0xffffff8b][0x1f][0xffffffff][0xffffffc6][0xfffffffd]ro%[0xffffffee][0xffffffe3][0xffffff80]([0xfffffff1][0xfffffff9]<,%[0xffffffbe][0xffffff9e][0x0][0xffffffa6][0xffffffc4][0xffffffaf]g@([0xfffffff1][0xfffffff5][0xffffffeb][0x8]%~[0xfffffffe]r[0x4]%L[0x14][0x11]J[0xffffffd8]@"[0xffffff94]0[0xffffffb1],[0xffffffa7][0xffffff84][0xffffff84][0xffffffb3][0xffffff98][0x12][0x12][0xffffffd1] J[0xffffffb8][0xfffffff2]D)[0xffffffe1][0xffffffbb][0x14][0xffffffa5][0xffffff84][0xffffffab]V[0xffffff8c][0x12][0xffffffda][0xffffffb4][0x10]%[0xffffffb4]x7(q[0x1b]J[0xffffff8c][0xffffffe3]k[0xffffffcb][0x2][0xffffffa1][0xffffffc4][0xffffff8d]S[0xffffffe2][0xe][0xffffffa0][0xffffffc4][0xffffffad]y/[0xc][0xfffffff8][0xffffff8d]Q[0xffffffe2]N[0xffffffa2][0xffffff84]F[0xffffff91][0xffffffa1][0xffffff84][0xb]$C[0x9][0xffffff8d]e=%[0xffffffd6]pVSb[0xffffff8d]h[0x12]%Ly[0xffffffb2][0xffffff94][0xffffffb0]][0xffffffca]R[0xffffffc2]T+G[0x9]iZ[0xffffff8a][0x12]R[0xffffffbc][0x1b][0xffffff94]x[0x1c]%[0xffffffce]vR[0xffffff94]xpJ<[0x1][0xffffff94]x4[0xffffffef][0xffffff85][0x1][0x7f]0J<I[0xffffff94][0xffffffd0](2[0xffffff94]p[0xffffff81]d([0xffffffa1][0xffffffb1][0xffffffac][0xffffffa7][0xffffffc4][0x1a][0xffffffce]jJ[0xffffffac][0x11]M[0xffffffa2][0xffffff84])O[0xffffff96][0x12][0xffffffb6]KYJ[0xffffff98]j[0xffffffe5](!MKQB[0xffffff8a][0xfffffff7][0xffffffcf])[0xfffffff1][0xffffffbc][0x1c]%[0xffffffc6][0xffffffe8][0x10]%>[0xffffff9f][0xffffff87][0xffffffa5][0xffffffc4][0xffffffd7][0x13][0xffffffc0][0xffffff94][0xfffffff8][0xfffffff5][0xc][0x8]%[0xffffffbe]~[0x1d][0xffffffa1][0xffffffc4][0xffffffcf]_[0xffffff8e][0xffffffa0][0xffffff84][0xffffff89]"B[0x9][0x1b]H[0xffffff84][0x12]&[0xffffff96][0xffffffe5][0xffffff94][0xffffff90]p[0x16]SB"[0x1a]D[0x9]W[0xffffff9e](%|[0xffffff97][0xffffffa2][0xffffff94]p[0xffffffd5][0xffffff8a]QB[0xffffff9b][0x16][0xffffffa2][0xffffff84][0x16][0xffffffef][0x6]%[0xffffff9a][0xffffffa1][0xffffffc4][0xfffffffd][0xffffff9a][0xffffff83][0xffffffa2]D[0xffffffc3])[0xffffffd1][0x2]([0xffffffd1]4[0xffffffef][0xffffff85][0x1]o[0x18]%Z[0x12]%4[0xffffff8a][0xc]%\ [0x19]Jh,[0xffffffeb])[0xffffffb1][0xffffff86][0xffffffb3][0xffffff9a][0x12]kD[0xffffff93](a[0xffffffca][0xffffff93][0xffffffa5][0xffffff84][0xffffffed]R[0xffffff96][0x12][0xffffffa6]Z9JH[0xffffffd3]R[0xffffff94][0xffffff90][0xffffffe2][0xffffffdd][0xffffffa0]Dw[0xffffff94]8[0x1a][0xfffffff5][0xffffffad][0xffffffc4][0xffffffe7][0xfffffff3][0xffffffc0][0xffffff94][0xffffffe8][0x1][0xffffff94][0xffffffe8][0xffffff9a][0xfffffff7][0xffffffc2][0xffffff80]w[0xffffff8c][0x12]=[0xffffff89][0x12][0x1a]E[0xffffff86][0x12].[0xffffff90][0xc]%4[0xffffff96][0xfffffff5][0xffffff94]X[0xffffffc3]YM[0xffffff89]5[0xffffffa2]I[0xffffff94]0[0xffffffe5][0xffffffc9]R[0xffffffc2]v)K[0x9]S[0xffffffad][0x1c]%[0xffffffa4]i)JH[0xfffffff1]nQB[0xf][0xffffff83][0xffffffb2][0xffffff94][0xffffff80][0xf][0xffffff83]~=[0x1]O[0x9][0xfffffff0]0[0xffffffe8][0xffffffd7][0xffffffaf]S[0xffffff94][0xffffffc8]9[0xc]j[0xffffffa2]HQ"[0xffffffe4]0[0xffffffa8][0xffffff89]%A[0x9][0xfffffff4]0[0xffffffa8]D4[0xffffff8b][0x12]Y[0xffffff87]A}[0xffffff97][0xffffffd2][0xffffff94][0xffffffc8]9[0xc][0xffffffaa]M[0xffffffcb]Q[0xffffffe2][0xffffffaf][0xf][0xffffff83]>[0xffffff87][0xffffffa3][0xffffffc4][0xffffffd5][0xffffffb1]o%[0xe][0xffffff9c][0x12]G[0x0]%[0xe][0xffffffcd]{a[0xffffffc0][0xf][0xffffff8c][0x12]G[0x12]%4[0xffffff8a][0xc]%\ [0x19]Jh,[0xffffffeb])[0xffffffb1][0xffffff86][0xffffffb3][0xffffff9a][0x12]kD[0xffffff93](a[0xffffffca][0xffffff93][0xffffffa5][0xffffff84][0xffffffed]R[0xffffff96][0x12][0xffffffa6]Z9JH[0xffffffd3]R[0xffffff94][0xffffff90][0xffffffe2][0xffffffdd][0xffffffa0][0xffffffc4][0xffffffe9][0xfffffffe][0xffffffc0]1[0x7][0xffffffb5]+[0xfffffff1][0xfffffff9]<0%[0xffffffce][0xffffff80]?p[0xffffff9c][0xfffffffa][0x16][0xffffffae]0[0xffffffe0]'[0xfffffff6][0x7][0xffffff8e]3[0xffffffe9][0xf][0x1c][0x1a]E[0xffffff86][0x12].[0xffffff90][0xc]%4[0xffffff96][0xfffffff5][0xffffff94]X[0xffffffc3]YM[0xffffff89]5[0xffffffa2]I[0xffffff94]0[0xffffffe5][0xffffffc9]R[0xffffffc2]v)K[0x9]S[0xffffffad][0x1c]%[0xffffffa4]i)JH[0xfffffff1]nP[0xffffffe2]2[0xffffff94]x[0xffffff8e][0xffffff89]Q[0xffffffe2][0xffffffc2])q[0x5]P[0xffffffe2][0xffffffd2][0xffffffbc][0x17][0x6][0xfffffffc][0xffffffc2](q%QB[0xffffffa3][0xffffffc8]P[0xffffffc2][0x5][0xffffff92][0xffffffa1][0xffffff84][0xffffffc6][0xffffffb2][0xffffff9e][0x12]k8[0xffffffab])[0xffffffb1]F4[0xffffff89][0x12][0xffffffa6]<YJ[0xffffffd8].e)a[0xffffffaa][0xffffff95][0xffffffa3][0xffffff84]4-E[0x9])[0xffffffde][\r]J[0xffffff8c][0xffffffff];[0xffffff95][0x12][0xffffffd7][0xffffffc4][0xfffffffe][0xffffffc0][0xfffffff1][0xfffffff1]<0%>[0xffffff9f][0xffffff80][0xffffffa6][0xffffffc4][0xffffffcf]g`([0xfffffff1][0xfffffff9][0xffffffeb][0xc]%~[0xfffffffc]r[0x6]%4[0xffffff8a][0xc]%\ [0x19]Jh,[0xffffffeb])[0xffffffb1][0xffffff86][0xffffffb3][0xffffff9a][0x12]kD[0xffffff93](a[0xffffffca][0xffffff93][0xffffffa5][0xffffff84][0xffffffed]R[0xffffff96][0x12][0xffffffa6]Z9JH[0xffffffd3]R[0xffffff94][0xffffff90][0xffffffe2][0xffffffdd][0xffffffa0][0xffffff84][[0xffffffbb][0xffffff9c]/l[0xffffffa2][0xffffffea][0xffffffc1][0xffffffd7].[0xffffff9f][0xffffff80][0xffffffb5][0xffffffcb][0xffffffc7]L[0xffffffb2][0x15][0x6][0x1c][[0xffffffbb]|dt[0xffffff8d][0xffffffa4]D[0xffffffc8][0xffffffda][0xffffffa5][\r]$C[0xffffff89][0xffffff80][0xffffffb5]K[0x9]g5%[0xffffff82][0xffffffd7].]y[0xffffffb2][0xffffff94][0xffffffc8][[0xffffffbb]t[0xffffffd5][0xffffffca]Q"e[0xffffffed]R[0xffffff8b]w[0xffffff83][0x12]n[0xffffffed]r[0xffffffb6][0xffffff8b][0xffffffba][0xffffffce][0xffffffeb][0xffffffc1][0xffffffd7].[0xffffff9f][0xffffff80][0xffffffb5][0xffffffcb][0xffffffc7]L[0xffffffb2][0x15][0x6][0x1c][[0xffffffbb]|dt[0xffffff8d][0xffffffa4]D[0xffffffc8][0xffffffda][0xffffffa5][\r]$C[0xffffff89][0xffffff80][0xffffffb5]K[0x9]g5%[0xffffff82][0xffffffd7].]y[0xffffffb2][0xffffff94][0xffffffc8][[0xffffffbb]t[0xffffffd5][0xffffffca]Q"e[0xffffffed]R[0xffffff8b]w[0xffffff83][0x12][0xffffffee][0xffffff92][0xfffffff1]y[0xffffffbd][0xffffffb0][0xffffffb7][0x12][0xfffffff8]%[0xffffffe3]O[0xffffffc0]%[0xffffffe3][0xffffff8f][0xffffffb9][0x9][0xffffffb7]0[0xffffffe0][0xffffffd8]%[0xffffffe3][0xffffff8f][0xffffffdc]uKR"[0xffffffe4][0xffffff92]q[0x1b]H[0xffffff86][0x12][0x1][0xffffff97][0xffffff8c]K8[0xffffffab])[0x11]|[0xffffffc9][0xffffffb8]+O[0xffffff96][0x12]y[0xffffff97][0xffffff8c][0xffffffbb]j[0xffffffe5]([0xffffff91]r[0xffffffc9][0xffffffb8][0x16][0xffffffef][0xffffff9f]Sb[0xffffffbe],%[0x6][0xffffffb5]v[0xfffffff9][0xfffffff9]<,%[0xffffffbe][0xffffff9e][0x0][0xffffffa6][0xffffffc4][0xffffffaf]g@([0xfffffff1][0xfffffff5][0xffffffeb][0x8]%~[0xfffffffe]r[0x4]%L[0x14][0x11]J[0xffffffd8]@"[0xffffff94]0[0xffffffb1],[0xffffffa7][0xffffff84][0xffffff84][0xffffffb3][0xffffff98][0x12][0x12][0xffffffd1] J[0xffffffb8][0xfffffff2]D)[0xffffffe1][0xffffffbb][0x14][0xffffffa5][0xffffff84][0xffffffab]V[0xffffff8c][0x12][0xffffffda][0xffffffb4][0x10]%[0xffffffb4]x7([0xffffffe1][0xffffffd6].[0xffffffe7]8.[0xffffff8a][0x12][0xfffffff8][0xffffffda][0xffffffe5][0xc]X[0xffffffbb][0xffffff9c]f[0xffffff92][0xffffffad]0[0xffffffe0][0xffffffd8][0xffffffda][0xffffffe5][0xffffff94][0xffffffd1]5[0xffffff92][0x12]!k[0xffffff97]6[0xffffff90][0xc]%[0x2][0xffffffd6].%[0xffffff9c][0xffffffd5][0xffffff94][0x8]^[0xffffffbb]t[0xffffffe5][0xffffffc9]R"o[0xffffffed][0xffffffd2]U+G[0xffffff89][0xffffff94][0xffffffb5]K-[0xffffffde][\r]J[0x1c][0xffffff96][0x12][0xf][0xfffffff6]V[0xffffffe2][0xffffffc0])q[0x4]P[0xffffffe2][0xffffffd0][0xffffffbc][0x17][0x6][0xfffffffc][0xffffffc0](q$QB[0xffffffa3][0xffffffc8]P[0xffffffc2][0x5][0xffffff92][0xffffffa1][0xffffff84][0xffffffc6][0xffffffb2][0xffffff9e][0x12]k8[0xffffffab])[0xffffffb1]F4[0xffffff89][0x12][0xffffffa6]<YJ[0xffffffd8].e)a[0xffffffaa][0xffffff95][0xffffffa3][0xffffff84]4-E[0x9])[0xffffffde][\r]J[0xffffffb8][0xffffff89][0xffffffaa][0xfffffff9][0xfffffff4][0xffffff87][0xffffffa2][0x4]>Q5[0x3]&[0xffffffaa][0xffffffa6][0xffffffd9]Q)[0xc]86Q5e)[0xffffff85][0xffffffa4]D[0xffffffc8]D[0xffffff95][\r]$C[0xffffff89][0xffffff80][0xffffff89]*[0x9]g5%[0xffffff82]'[0xffffffaa]\y[0xffffffb2][0xffffff94][0xffffffc8][0xffffff9b][0xffffffa8]r[0xffffffd5][0xffffffca]Q"e[0xffffffa2]J[0xffffff8b]w[0xffffff83][0x12]n[0xffffffa2]jrk[0xffffff97][0x13][0xffffff9f][0xffffffa8][0xffffff9a][0x1][0x13]U[0xffffffd3][0xffffffec][0xffffffa8][0x14][0x6][0x1c][0xffffff9b][0xffffffa8][0xffffff9a][0xffffffb2][0xffffff94]BR"d[0xffffffa2][0xffffffca][0x6][0xffffff92][0xffffffa1]D[0xffffffc0]D[0xffffff95][0xffffff84][0xffffffb3][0xffffff9a][0x12][0xffffffc1][0x13]U[0xffffffae]<YJ[0xffffffe4]MT[0xffffffb9]j[0xffffffe5]([0xffffff91]2Q[0xffffffa5][0xffffffc5][0xffffffbb]A[0xffffff89][0xffffffa1][0xffffff94][0xffffffb8]^[0xffffffad]S[0xffffff87]A?[0xffffff9f][0x7][0xffffffa6][0xffffffc4][0x8][0xffffffa0][0xffffffc4][0xffffffd0][0xffffffbc][0x17][0x6]|`[0xffffff94][0x18]I[0xffffff94][0xffffffd0](2[0xffffff94]p[0xffffff81]d([0xffffffa1][0xffffffb1][0xffffffac][0xffffffa7][0xffffffc4][0x1a][0xffffffce]jJ[0xffffffac][0x11]M[0xffffffa2][0xffffff84])O[0xffffff96][0x12][0xffffffb6]KYJ[0xffffff98]j[0xffffffe5](!MKQB[0xffffff8a]w[0xffffff83][0x12]f[0xffffffa2][0xffffffea]z][0xffffffe7][0xffffffa4]([0xffffff81]OT[0xffffffcd][0xffffff80][0xffffff89][0xffffffaa]ivT[\n]"
08:17:55.156 [TestNG-PoolService-2] DEBUG org.apache.hc.client5.http.wire -- http-outgoing-5 << "[0xffffff93]J[0xffffff8a][0x14][0xffffff92]M[0xffffffc2][0x14]KB[0xffffffeb]Q[0xffffffb1][0xffffffe4]4K[0x15]Z[0xffffffa3]4+\[0xffffffab][0xffffffd2][0xffffffae][0xffffffd0][0xffffff92]%a[0xffffffb1]v.'[0xffffff8b][0xffffffb5][0xffffff82][0xffffffb7]h[0xffffffd1][0xffffffd3]h[0xffffffd1]yZ[0xfffffff4][0x4]Zt[0xffffff96][0x16][0xffffff9d][0xffffffa3]E[0xffffff8f][0xffffffa2][0xffffff85][0xffffffe4][0xffffff91][0xffffffa2][0xffffff85]I%E[0xb][0xffffffc9]&A[0xffffff8b]N[0xffffffd3][0xffffffa2]'[0xffffffd3]Bk[0xffffff94][0xffffffa6][0xffffff85]kU[0xffffff9a][0x16]Z[0xffffffb2]$-[0xffffffd6][0xffffffce][0xffffffe5]h[0xffffffb1]V[0xfffffff0][0x1e]-[0xffffffd2][0xfffffffe][0x2][0xffffffd2][0xfffffff9]?[0xffffff81][0xfffffff4][0xffffff84][0xffffffbf][0xffffff81]t[0xfffffff6][0xffffff8f] [0xffffff9d][0xfffffffb]+H[0xffffff8f][0xfffffffa]3[0xffffff88][0xffffffe4][0x11][0xffffffa3]E[0xffffffce][0x1f]B$[0xffffff9b][0x8]-[0xffffffe8]?[0xffffff85][0xfffffff4][0xffffffe4][0xffffffbf][0xffffff85]h[0xffffff8d][0xffffffe2][0xffffffb4][0x8][0xfffffffc]k[0xffffff88][0xffffff96],J[0xffffff8b][0xffffff98][0xffffffbf][0xffffff87][0xffffffac][0x15][0xffffffbc]E[0xffffff8b]3[0xffffffed][0xffffffad][0xffffffc5][0xffffffc9][0xffffffbf][0xffffffb5]8[0x13][0xffffffde]Z[0xffffff9c][0xffffffec][[0xffffff8b][0xffffff93]{kqF[0xffffffbd][0xffffffb5][0xffffff90]<R[0xffffffb4]0[0xffffffa9][0xffffffa4]h![0xffffffd9]$hq[0xffffffd2]o-[0xffffffce][0xffffffe4][0xffffffb7][0x16]Z[0xffffffa3]4-\[0xffffffab][0xffffffd2][0xffffffb4][0xffffffd0][0xffffff92]%i[0xffffffb1]v.G[0xffffff8b][0xffffffb5][0xffffff82][0xffffffb7]hq=a[0xffffffb4][0xffffffb8][0x1e][0xffffff9c][0x16][0x1f][0xffffff8f][0xffffffc0][0xffffffd3][0xffffffe2][0xffffffc7]CP[0xffffffb4][0xfffffff8][0xfffffff8]y[0xffffff8a][0x16][0xffffffdf]?[0xffffff9d]B[0xb][0xffffffc9]#E[0xb][0xffffff93]J[0xffffff8a][0x16][0xffffff92]M[0xffffff82][0x16]KB[0xffffffeb]i[0xffffffb1][0xffffffe4]4[0xffffff8b][0x16]Z[0xffffffa3]4-\[0xffffffab][0xffffffd2][0xffffffb4][0xffffffd0][0xffffff92]%i[0xffffffb1]v.G[0xffffff8b][0xffffffb5][0xffffff82][0xffffffb7]hq[0xffffffa7][\r]U[0xffffffdc][0xfffffffc]R[0xffffffc5][0xffffffc7]#[0xfffffff0][0xffffffb4][0xfffffff8][0xfffffff1][0x10][0x14]-nn[0xffffffac][0xffffffe2][0xffffff8e]Z[0xffffffab][0xffffff90]<R[0xffffffb4]0[0xffffffa9][0xffffffa4]h![0xffffffd9]$hq[0xffffffd3][0xffffff8b][0x15]w[0xfffffff2]d[0xffffff85][0xffffffd6](M[0xb][0xffffffd7][0xffffffaa]4-[0xffffffb4]dIZ[0xffffffac][0xffffff9d][0xffffffcb][0xffffffd1]b[0xffffffad][0xffffffe0]=Z[0xffffffb4]4Z4[0xffffff9e][0x16]-[0xffffff81][0x16][0xffffff8d][0xffffffa5]E[0xffffffe3]h[0xffffffd1][0xffffffa2]h[0xffffffb1][0xffffffe6][0x11][0xffffffa3][0xffffff85][0xffffffa6][0x12][0xffffffa3][0xffffffc5][0xffffff9a]M[0xffffff84][0x16][0xffffff8d][0xffffffa6]EK[0xffffffa6][0xffffff85][0xffffffd4](N[0xb][0xffffffd3][0xffffffaa]8-[0xffffffa4]dQZ[0xffffffb4][0x18]Z[0xffffffb4][0xffffffff][0xffffff80][0x16]O[0xffffffda]g[0xffffff9c][0xf][0xffffffff][0x19][0xffffffe7][0xffffff93][0xfffffff0][0x19][0xffffffe7][0xffffffc3]~[0xffffffc6][0xfffffff9]p[0xffffff9f]q>Q[0xffffff9f]qJ[0x1e])Z[0xffffff98]TR[0xffffffb4][0xffffff90]l[0x12][0xffffffb4]x[0xffffffe8][0xffffffcf]8[0xffffff9f][0xffffffe4][0xffffffcf]8[0xffffffb5]FiZ[0xffffffb8]V[0xffffffa5]i[0xffffffa1]%K[0xffffffd2]b[0xffffffed]\[0xffffff8e][0x16]k[0x5]o[0xffffffd1]b[0xffffffa6][0xffffffbd][0xffffffb5][0xffffff98][0xfffffffc][[0xffffff8b][0xffffff99][0xfffffff0][0xffffffd6]b[0xffffffb2]o-&[0xfffffff7][0xffffffd6]bF[0xffffffbd][0xffffffb5][0xffffff90]<R[0xffffffb4]0[0xffffffa9][0xffffffa4]h![0xffffffd9]$h1[0xffffffe9][0xffffffb7][0x16]3[0xfffffff9][0xffffffad][0xffffff85][0xffffffd6](M[0xb][0xffffffd7][0xffffffaa]4-[0xffffffb4]dIZ[0xffffffac][0xffffff9d][0xffffffcb][0xffffffd1]b[0xffffffad][0xffffffe0]-Z[0xffffffb4]W[0xffffffda][0xffffffc7][0x16][0x1f]O[0xffffff84][0xffffffe3][0xffffffe2][0xfffffff3][0x19]x][0xfffffffc]|[\n]"
08:17:55.157 [TestNG-PoolService-1] DEBUG org.apache.hc.client5.http.wire -- http-outgoing-3 << "[0x3][0xffffff8e]MTMYJ!)[0x11]2Qe[0x3][0xffffffc9]P"`[0xffffffa2]J[0xffffffc2]YM[0xffffff89][0xffffffe0][0xffffff89]*W[0xffffff9e],%[0xfffffff2]&[0xffffffaa]\[0xffffffb5]r[0xffffff94]H[0xffffff99][0xffffffa8][0xffffffd2][0xffffffe2][0xffffffdd][0xffffffa0][0xffffff84][0xffffff99][0xffffffa8][0xffffffba]^w[0xffffffc7]Np[0xffffffe0][0x13]U3`[0xffffffa2]j[0xffffff9a][0x1d][0xffffff95][0xffffffc2][0xffffff80]c[0x13]US[0xffffff96]RHJ[0xffffff84]LT[0xffffffd9]@2[0xffffff94][0x8][0xffffff98][0xffffffa8][0xffffff92]pVS"x[0xffffffa2][0xffffffca][0xffffff95]'K[0xffffff89][0xffffffbc][0xffffff89]*W[0xffffffad][0x1c]%R&[0xffffffaa][0xffffffb4]x7(a&[0xffffffaa][0xffffffae][0xffffffd6][0xfffffffa]MQ[0x2][0xffffff9f][0xffffffa8][0xffffff9a][0x1][0x13]U[0xffffffd3][0xffffffec][0xffffffa8][0x14][0x6][0x1c][0xffffff9b][0xffffffa8][0xffffff9a][0xffffffb2][0xffffff94]BR"d[0xffffffa2][0xffffffca][0x6][0xffffff92][0xffffffa1]D[0xffffffc0]D[0xffffff95][0xffffff84][0xffffffb3][0xffffff9a][0x12][0xffffffc1][0x13]U[0xffffffae]<YJ[0xffffffe4]MT[0xffffffb9]j[0xffffffe5]([0xffffff91]2Q[0xffffffa5][0xffffffc5][0xffffffbb]E[0xffffff89][0x1e]F[0xffffff89][0xffffff8e]S[0xffffffa2][0x7]P[0xffffffa2][0xffffffa3][0xffffff94][0xffffffe8][0x18]%z[0x12]%[0xffffffd6](R[0xffffff94][0xffffffd0]@R[0xffffff94]XcIP[0xffffffa2][0xffffffc3][0xffffff94][0xffffffe8][0xffffffc1][0xffffff94][0xffffff90][0xfffffff2][0xffffffa4])a[0xffffffba][0xffffff94][0xffffffa6][0xffffff84]T+I[0xffffff89][0xffffff9e]B[0xffffff89][0xfffffffe][0x1f]P[0xffffffe2][0x8][0xffffffa3][0xffffffc4][0xffffff81]S[0xffffffe2][0x8][0xffffffa0][0xffffffc4][0xffffff81]R[0xffffffe2][0xffffffc0](q$Qb[0xffffff8d]"E[0x9][\r]$E[0xffffff89]5[0xffffff96][0x4]%[0xe][0xffffff98][0x12]G0%[0xffffffa4]<iJ[0xffffff98].[0xffffffa5])![0xffffffd5]JR[0xffffffe2]H[0xffffffa1][0xffffffc4][0xfffffff1][0xffffff97][0xffffff94][0xffffffb8]_/[0xfffffff7][0x7][0xffffff8e][0xffffffe3][0xffffff81]Np|=[0xf]J[0xffffff89][0xffffffef]'`)[0xfffffff1][0xfffffffb][0x19][0x8]J|[0xffffffff]:A[0xffffff89]_[0xffffffbf][0xffffff9c]@[0x9][0x17]E[0xffffff82][0x12]>[0xffffff90][0x4]%\,[0xffffffab])[0xffffffa1][0xffffffe1][0xffffffac][0xffffffa5][0xffffff84]F4[0xffffff87][0x12][0xffffffb6]<IJ[0xffffffbc][0xffffffe9]R[0xffffff92][0x12][0xffffffb6]Z)J[0xffffff98][0xffffffa6]e(a[0xffffff8a]w[0xffffff83][0x12][0xffffffcd]Q[0xffffffe2][0xffffffa1]>[0xffffffbb][0xfffffffc]z[0x1e][0xffffff98][0x12]-[0xffffff80][0x12]M[0xfffffff3]^[0x18][0xfffffff0][0xffffff86]Q[0xffffffa2]%QB[0xffffffa3][0xffffffc8]P[0xffffffc2][0x5][0xffffff92][0xffffffa1][0xffffff84][0xffffffc6][0xffffffb2][0xffffff9e][0x12]k8[0xffffffab])[0xffffffb1]F4[0xffffff89][0x12][0xffffffa6]<YJ[0xffffffd8].e)a[0xffffffaa][0xffffff95][0xffffffa3][0xffffff84]4-E[0x9])[0xffffffde][\r]J[0xffffff98];8[0xffffffae]6[0xffffffa9][0xffffffb5][0xffffffcb][0xffffffaf][0xffffffe7][0xffffff81])[0xffffffc1][0xffffffdf][0xffffffc1][0xfffffff1][0xfffffffb][0x19][0x18]JPwp[0xfffffffc][0xfffffffa][0xffffffe5][0xc]Jd[0xffffffdc][0xffffffc1][0xffffffe1][0x3][0xffffffc9]P[0xffffff82][0xffffffbf][0xffffff83]C[0xffffffc3]YM[0xffffff89][0xffffffdc];8ly[0xffffffb2][0xffffff94][0xffffff88][0xffffffbb][0xffffff83][0xffffffc3]V+G[0xffffff89][0xffffff90];8L[0xfffffff1]nP[0xffffffc2][0xffffffdc][0xffffffc1]q[0xfffffff5]c[0xffffff9e][0x14]%[0xffffffe8];8[0xffffffbe][0xffffff9f][0xffffff80][0xffffffa6][0x4]y[0x7][0xffffffc7][0xfffffff7][0xffffffaf]3[0xffffff94][0x8][0xffffffba][0xffffff83][0xffffffc3]E[0xffffff91][0xffffffa1]D[0xffffffca][0x1d][0x1c].[0xffffff96][0xfffffff5][0xffffff94]`[0xffffffef][0xffffffe0][0xffffffd0][0xffffff88]&Q"[0xffffffec][0xe][0xffffff8e]7][0xffffffca]R"[0xffffffe8][0xe][0xe][0xffffffd3][0xffffffb4][0x14]%[0xfffffffe][0xfffffffe][0xe][0xffffff8e][0xfffffffb]e[0xffffffee][0xffffffe0][0xffffffb8][0xfffffffa]y@[0xffffff9f]]~=[0xf]L[0x9][0xfffffffe][0xe][0xffffff8e][0xffffffdf][0xffffffcf][0xffffffc0]P[0xffffff82][0xffffffba][0xffffff83][0xffffffe3][0xffffffd7]/gP"[0xffffffe3][0xe][0xe][0x1f]H[0xffffff86][0x12][0xfffffffc][0x1d][0x1c][0x1a][0xffffffce]jJ[0xffffffe4][0xffffffde][0xffffffc1]a[0xffffffcb][0xffffff93][0xffffffa5]D[0xffffffdc][0x1d][0x1c][0xffffffb6]Z9J[0xffffff84][0xffffffdc][0xffffffc1]a[0xffffff8a]w[0xffffff83][0x12][0xffffffe6][0xe][0xffffff8e][0xf]J[0xffffffdc][0xffffffd8][0xffffffb7][0x12][0xfffffff4][0x1d][0x1c][0xffffffdf]O@S[0xffffff82][0xffffffbc][0xffffff83][0xffffffe3][0xfffffffb][0xffffffd7][0x19]J[0x4][0xffffffdd][0xffffffc1][0xffffffe1][0xffffffa2][0xffffffc8]P"[0xffffffe5][0xe][0xe][0x17][0xffffffcb]zJ[0xffffffb0]wphD[0xffffff93]([0x11]v[0x7][0xffffffc7][0xffffff9b].e)[0x11]t[0x7][0xffffff87]iZ[0xffffff8a][0x12][0x7f][0x7f][0x7][0xffffffc7][0xfffffffd]rwp[0xfffffff4]sb[0xffffffdf]J[0xffffffd0]wp|?[0x1]M[0x9][0xfffffff2][0xe][0xffffff8e][0xffffffef]_g([0x11]t[0x7][0xffffff87][0xffffff8b]"C[0xffffff89][0xffffff94];8\,[0xffffffeb])[0xffffffc1][0xffffffde][0xffffffc1][0xffffffa1][0x11]M[0xffffffa2]D[0xffffffd8][0x1d][0x1c]o[0xffffffba][0xffffff94][0xffffffa5]D[0xffffffd0][0x1d][0x1c][0xffffffa6]i)J[0xfffffffc][0xfffffffd][0x1d][0x1c][0xfffffff7][0xffffffcb][0xffffffdd][0xffffffc1][0xffffffd1][0xffffffaf][0x13][0xffffffba][0x19][0xfffffff4][0xffffffeb]y`J[0xfffffff0]wp[0xfffffffc]~[0x6][0xffffff86][0x12][0xffffffd4][0x1d][0x1c][0xffffffbf]~9[0xffffff83][0x12][0x19]wp[0xfffffff8]@2[0xffffff94][0xffffffe0][0xffffffef][0xffffffe0][0xffffffd0]pVS"[0xfffffff7][0xe][0xe][[0xffffff9e],%[0xffffffe2][0xffffffee][0xffffffe0][0xffffffb0][0xffffffd5][0xffffffca]Q"[0xffffffe4][0xe][0xe]S[0xffffffbc][0x1b][0xffffff94]pwp[0xfffffff4]1;E[0x9][0xfffffffa][0xe][0xffffff8e][0xffffffef]'[0xffffffa0])A[0xffffffde][0xffffffc1][0xfffffff1][0xfffffffd][0xffffffeb][0xc]%[0xffffff82][0xffffffee][0xffffffe0]pQd([0xffffff91]r[0x7][0xffffff87][0xffffff8b]e=%[0xffffffd8];84[0xffffffa2]I[0xffffff94][0x8][0xffffffbb][0xffffff83][0xffffffe3]M[0xffffff97][0xffffffb2][0xffffff94][0x8][0xffffffba][0xffffff83][0xffffffc3]4-E[0xffffff89][0xffffffbf][0xffffffbf][0xffffff83][0xffffffe3]~[0xffffffb9];8[0xffffff8e][0xffffffd7][0xffffffc0]>[0xffffffbb][0xffffffa4][0xffffffef][0xffffffe0][0xfffffff8]~[0x2][0xffffff9a][0x12][0xffffffe4][0x1d][0x1c][0xffffffdf][0xffffffbf][0xffffffce]P"[0xffffffe8][0xe][0xe][0x17]E[0xffffff86][0x12])wp[0xffffffb8]X[0xffffffd6]S[0xffffff82][0xffffffbd][0xffffff83]C#[0xffffff9a]D[0xffffff89][0xffffffb0];8[0xffffffde]t)K[0xffffff89][0xffffffa0];8L[0xffffffd3]R[0xffffff94][0xfffffff8][0xfffffffb];8[0xffffffee][0xfffffff6]r[0xffffff94][0xffffffe8][0xfffffff7][0x9]Q[0xffffffe2][0xfffffff3]yXJ|=[0x1]L[0xffffff89]_[0xffffffcf][0xffffff80]P[0xffffffe2][0xffffffeb][0xffffffd7][0x11]J[0xfffffffc][0xfffffffc][0xffffffe5][0x8]J[0xffffff98]("[0xffffff94][0xffffffb0][0xffffff81]D(abYN[0x9][0x9]g1%$[0xffffffa2]A[0xffffff94]p[0xffffffe5][0xffffff89]R[0xffffffc2]w)J[0x9]W[0xffffffad][0x18]%[0xffffffb4]i!Jh[0xfffffff1]nP[0xffffffc2][0xffffffed]J[0xffffff9c]mP[0xffffffc3][0xffffffd9][\r][0xffffffdf][0xffffff95]h[0x1][0xffffffbb][0x12][0xffffffcd][0x1c]~.[0xc]8[0xffffffb6]+[0xffffffd1][0xffffffe4]x3I[0xffffff89][0xffffff90]][0x9][0x1b]H[0xffffff86][0x12][0x1][0xffffffbb][0x12][0x12][0xffffffce]jJ[0x4][0xffffffef]J[0xffffffb8][0xfffffff2]d)[0xffffff91][0xffffffb7]+[0xffffffe1][0xffffffaa][0xffffff95][0xffffffa3]D[0xffffffca][0xffffffae][0xffffff84][0x16][0xffffffef][0x6]%[0xffffffdc][0xffffffae][0xffffffc4]y<[0xffffffd4][0x1f]8[0x1a][0xffffffbe]+[0xffffffd1][0x2]v%[0xffffff9a]9[0xfffffffc]\[0x18]plW[0xffffffa2][0xffffffc9][0xfffffff1]f[0xffffff92][0x12]![0xffffffbb][0x12]6[0xffffff90][0xc]%[0x2]v%$[0xffffff9c][0xffffffd5][0xffffff94][0x8][0xffffffde][0xffffff95]p[0xffffffe5][0xffffffc9]R"oW[0xffffffc2]U+G[0xffffff89][0xffffff94]][0x9]-[0xffffffde][\r]J[0xffffffb8]][0xffffff89]sp[0xffffff94][0xffffffc0]w%Z[0xffffffc0][0xffffffae]D3[0xffffff87][0xffffff9f][0xb][0x3][0xffffff8e][0xffffffed]J49[0xffffffde]LR"dW[0xffffffc2][0x6][0xffffff92][0xffffffa1]D[0xffffffc0][0xffffffae][0xffffff84][0xffffff84][0xffffffb3][0xffffff9a][0x12][0xffffffc1][0xffffffbb][0x12][0xffffffae]<YJ[0xffffffe4][0xffffffed]J[0xffffffb8]j[0xffffffe5]([0xffffff91][0xffffffb2]+[0xffffffa1][0xffffffc5][0xffffffbb]A[0x9][0xfffffff7][0xffffffd9][0xffffffe5]5:u[0x18][0xffffffb4][0xffffffe1][0xffffff9f]][0xffffffb6][0xffffff80][0xffffffcf].[0xffffff9b][0xfffffff9]6[0xffffffa8]0[0xffffffe0][0xffffffd8]g[0xffffff97]M[0xffffffbe][0xfffffffe]!)[0x11][0xfffffff2][0xffffffd9][0xffffffa5][\r]$C[0xffffff89][0xffffff80][0xffffffcf].%[0xffffff9c][0xffffffd5][0xffffff94][0x8][0xfffffffe][0xffffffec][0xffffffd2][0xffffff95]'K[0xffffff89][0xffffffbc][0xffffffcf].][0xffffffb5]r[0xffffff94]H[0xfffffff9][0xffffffec]R[0xffffff8b][0xfffffff7][0xffffffcf])[0xffffffd1]_[0xffffff96][0x12][0xffffffd8][0xffffffae][0xffffffc4][0xffffffe7][0xfffffff3][0xffffffb0][0xffffff94][0xfffffff8]z[0x2][0xffffff98][0x12][0xffffffbf][0xffffff9e][0x1][0xffffffa1][0xffffffc4][0xffffffd7][0xffffffaf]#[0xffffff94][0xfffffff8][0xfffffff9][0xffffffcb][0x11][0xffffff94]0QD(a[0x3][0xffffff89]P[0xffffffc2][0xffffffc4][0xffffffb2][0xffffff9c][0x12][0x12][0xffffffce]bJHD[0xffffff83]([0xffffffe1][0xffffffca][0x13][0xffffffa5][0xffffff84][0xffffffef]R[0xffffff94][0x12][0xffffffae]Z1Jh[0xffffffd3]B[0xffffff94][0xffffffd0][0xffffffe2][0xffffffdd][0xffffffa0][0xffffff84][0xffffffbb][0x19][0xfffffff4]z[0xfffffffa]IQ[0x2][0xffffffbf][0x19][0xffffffb4][0x7][0xffffffdc]"
08:17:55.157 [TestNG-PoolService-2] DEBUG org.apache.hc.client5.http.wire -- http-outgoing-5 << "[0xffffff8a][0x17][0xffffff9f][0xffffffbf]O[0xfffffff9][0xffffffe2][0xffffffc7]o[0xffffffa7][0x0]CCI[0x9][0xffffffc3]E[0xffffff93]"[0xffffff86][0x6][0xffffff94]0[0xffffffc6][0x1a][0xffffffd3]zd[0xffffffac]a[0xffffffcd]R[0xffffff86])T[0xffffff9a][0x19][0xffffffb6]_ig[0xffffff98][0xffffffba]%[0xffffffa1]![0xffffffed][0xffffffcb]IC[0xffffffca][0xfffffff8][0xf][0xffffffa8]q[0xffffffbc][0xffffffbe][0xffffffff][0xffffff95]i[0xffffffae][0x1f];[0xffffffaf][0xffffffb3]UC[0xffffffe3][0x1f][0xffffffcf][0x3]1[0xffffffe3][0xffffff9f]O@!c}[0xffffff86]Zb[0xfffffffc][0xfffffff3][0xffffffd7]k[0xffffff81][0xffffffb1][0xfffffffc]2[0xffffffcb][0xffffff8b][0xfffffff7]Q[0xffffffac][0xffffffc5][0xffffffc5][0xffffffbf][0x5][0xffffffb2][0xffffff96][0x16][0xffffffef]cY[0x7][0xffffff8b]w[0xffffffe1][0xffffffac]b[0xffffffc5][0xffffffbb][0xffffff88]&[0xffffffa0][0xffffffe2]_[0xffffffca][0xffffff93]![0xffffffc5][0xffffffbf]v)[0x3][0xffffff8a][0x7f][0xffffffa9][0xffffffd6]zN[0xffffffbc]m[0xffffffda]jL[0xffffffbc]-[0xffffffde]-J[0xffffffe8][0xffffffac][0x5]K[0x9]j[0xffffffd5][0xffffffe2][0xffffff9f]O[0xffffffc0]S[0xffffff82][0xffffffd8][0xffffffb4][0xfffffff8][0xffffffe7][0xffffffaf]S[0xffffff94][0x8]X[0xffffffb4]x[0x1f]E[0xffffff8a][0x12][0xfffffff4][0xffffff9e][0xffffffc5][0xfffffffb]X[0x12][0xffffff94]`[0xffffffd6],[0xffffffde]E4[0xffffff8b][0x12]![[0x16][0xffffffff][0xffffffda][0xffffffa5]4%[0x2][0xffffff96],[0xffffffde]6-G[0xffffff89][0xfffffffd][0x1d][0xffffff8b][0x1f][0xffffffff][0xffffffc6][0xfffffffd]ro%[0xffffffee][0xffffffe3][0xffffff80]([0xfffffff1][0xfffffff9]<,%[0xffffffbe][0xffffff9e][0x0][0xffffffa6][0xffffffc4][0xffffffaf]g@([0xfffffff1][0xfffffff5][0xffffffeb][0x8]%~[0xfffffffe]r[0x4]%L[0x14][0x11]J[0xffffffd8]@"[0xffffff94]0[0xffffffb1],[0xffffffa7][0xffffff84][0xffffff84][0xffffffb3][0xffffff98][0x12][0x12][0xffffffd1] J[0xffffffb8][0xfffffff2]D)[0xffffffe1][0xffffffbb][0x14][0xffffffa5][0xffffff84][0xffffffab]V[0xffffff8c][0x12][0xffffffda][0xffffffb4][0x10]%[0xffffffb4]x7(q[0x1b]J[0xffffff8c][0xffffffe3]k[0xffffffcb][0x2][0xffffffa1][0xffffffc4][0xffffff8d]S[0xffffffe2][0xe][0xffffffa0][0xffffffc4][0xffffffad]y/[0xc][0xfffffff8][0xffffff8d]Q[0xffffffe2]N[0xffffffa2][0xffffff84]F[0xffffff91][0xffffffa1][0xffffff84][0xb]$C[0x9][0xffffff8d]e=%[0xffffffd6]pVSb[0xffffff8d]h[0x12]%Ly[0xffffffb2][0xffffff94][0xffffffb0]][0xffffffca]R[0xffffffc2]T+G[0x9]iZ[0xffffff8a][0x12]R[0xffffffbc][0x1b][0xffffff94]x[0x1c]%[0xffffffce]vR[0xffffff94]xpJ<[0x1][0xffffff94]x4[0xffffffef][0xffffff85][0x1][0x7f]0J<I[0xffffff94][0xffffffd0](2[0xffffff94]p[0xffffff81]d([0xffffffa1][0xffffffb1][0xffffffac][0xffffffa7][0xffffffc4][0x1a][0xffffffce]jJ[0xffffffac][0x11]M[0xffffffa2][0xffffff84])O[0xffffff96][0x12][0xffffffb6]KYJ[0xffffff98]j[0xffffffe5](!MKQB[0xffffff8a][0xfffffff7][0xffffffcf])[0xfffffff1][0xffffffbc][0x1c]%[0xffffffc6][0xffffffe8][0x10]%>[0xffffff9f][0xffffff87][0xffffffa5][0xffffffc4][0xffffffd7][0x13][0xffffffc0][0xffffff94][0xfffffff8][0xfffffff5][0xc][0x8]%[0xffffffbe]~[0x1d][0xffffffa1][0xffffffc4][0xffffffcf]_[0xffffff8e][0xffffffa0][0xffffff84][0xffffff89]"B[0x9][0x1b]H[0xffffff84][0x12]&[0xffffff96][0xffffffe5][0xffffff94][0xffffff90]p[0x16]SB"[0x1a]D[0x9]W[0xffffff9e](%|[0xffffff97][0xffffffa2][0xffffff94]p[0xffffffd5][0xffffff8a]QB[0xffffff9b][0x16][0xffffffa2][0xffffff84][0x16][0xffffffef][0x6]%[0xffffff9a][0xffffffa1][0xffffffc4][0xfffffffd][0xffffff9a][0xffffff83][0xffffffa2]D[0xffffffc3])[0xffffffd1][0x2]([0xffffffd1]4[0xffffffef][0xffffff85][0x1]o[0x18]%Z[0x12]%4[0xffffff8a][0xc]%\ [0x19]Jh,[0xffffffeb])[0xffffffb1][0xffffff86][0xffffffb3][0xffffff9a][0x12]kD[0xffffff93](a[0xffffffca][0xffffff93][0xffffffa5][0xffffff84][0xffffffed]R[0xffffff96][0x12][0xffffffa6]Z9JH[0xffffffd3]R[0xffffff94][0xffffff90][0xffffffe2][0xffffffdd][0xffffffa0]Dw[0xffffff94]8[0x1a][0xfffffff5][0xffffffad][0xffffffc4][0xffffffe7][0xfffffff3][0xffffffc0][0xffffff94][0xffffffe8][0x1][0xffffff94][0xffffffe8][0xffffff9a][0xfffffff7][0xffffffc2][0xffffff80]w[0xffffff8c][0x12]=[0xffffff89][0x12][0x1a]E[0xffffff86][0x12].[0xffffff90][0xc]%4[0xffffff96][0xfffffff5][0xffffff94]X[0xffffffc3]YM[0xffffff89]5[0xffffffa2]I[0xffffff94]0[0xffffffe5][0xffffffc9]R[0xffffffc2]v)K[0x9]S[0xffffffad][0x1c]%[0xffffffa4]i)JH[0xfffffff1]nQB[0xf][0xffffff83][0xffffffb2][0xffffff94][0xffffff80][0xf][0xffffff83]~=[0x1]O[0x9][0xfffffff0]0[0xffffffe8][0xffffffd7][0xffffffaf]S[0xffffff94][0xffffffc8]9[0xc]j[0xffffffa2]HQ"[0xffffffe4]0[0xffffffa8][0xffffff89]%A[0x9][0xfffffff4]0[0xffffffa8]D4[0xffffff8b][0x12]Y[0xffffff87]A}[0xffffff97][0xffffffd2][0xffffff94][0xffffffc8]9[0xc][0xffffffaa]M[0xffffffcb]Q[0xffffffe2][0xffffffaf][0xf][0xffffff83]>[0xffffff87][0xffffffa3][0xffffffc4][0xffffffd5][0xffffffb1]o%[0xe][0xffffff9c][0x12]G[0x0]%[0xe][0xffffffcd]{a[0xffffffc0][0xf][0xffffff8c][0x12]G[0x12]%4[0xffffff8a][0xc]%\ [0x19]Jh,[0xffffffeb])[0xffffffb1][0xffffff86][0xffffffb3][0xffffff9a][0x12]kD[0xffffff93](a[0xffffffca][0xffffff93][0xffffffa5][0xffffff84][0xffffffed]R[0xffffff96][0x12][0xffffffa6]Z9JH[0xffffffd3]R[0xffffff94][0xffffff90][0xffffffe2][0xffffffdd][0xffffffa0][0xffffffc4][0xffffffe9][0xfffffffe][0xffffffc0]1[0x7][0xffffffb5]+[0xfffffff1][0xfffffff9]<0%[0xffffffce][0xffffff80]?p[0xffffff9c][0xfffffffa][0x16][0xffffffae]0[0xffffffe0]'[0xfffffff6][0x7][0xffffff8e]3[0xffffffe9][0xf][0x1c][0x1a]E[0xffffff86][0x12].[0xffffff90][0xc]%4[0xffffff96][0xfffffff5][0xffffff94]X[0xffffffc3]YM[0xffffff89]5[0xffffffa2]I[0xffffff94]0[0xffffffe5][0xffffffc9]R[0xffffffc2]v)K[0x9]S[0xffffffad][0x1c]%[0xffffffa4]i)JH[0xfffffff1]nP[0xffffffe2]2[0xffffff94]x[0xffffff8e][0xffffff89]Q[0xffffffe2][0xffffffc2])q[0x5]P[0xffffffe2][0xffffffd2][0xffffffbc][0x17][0x6][0xfffffffc][0xffffffc2](q%QB[0xffffffa3][0xffffffc8]P[0xffffffc2][0x5][0xffffff92][0xffffffa1][0xffffff84][0xffffffc6][0xffffffb2][0xffffff9e][0x12]k8[0xffffffab])[0xffffffb1]F4[0xffffff89][0x12][0xffffffa6]<YJ[0xffffffd8].e)a[0xffffffaa][0xffffff95][0xffffffa3][0xffffff84]4-E[0x9])[0xffffffde][\r]J[0xffffff8c][0xffffffff];[0xffffff95][0x12][0xffffffd7][0xffffffc4][0xfffffffe][0xffffffc0][0xfffffff1][0xfffffff1]<0%>[0xffffff9f][0xffffff80][0xffffffa6][0xffffffc4][0xffffffcf]g`([0xfffffff1][0xfffffff9][0xffffffeb][0xc]%~[0xfffffffc]r[0x6]%4[0xffffff8a][0xc]%\ [0x19]Jh,[0xffffffeb])[0xffffffb1][0xffffff86][0xffffffb3][0xffffff9a][0x12]kD[0xffffff93](a[0xffffffca][0xffffff93][0xffffffa5][0xffffff84][0xffffffed]R[0xffffff96][0x12][0xffffffa6]Z9JH[0xffffffd3]R[0xffffff94][0xffffff90][0xffffffe2][0xffffffdd][0xffffffa0][0xffffff84][[0xffffffbb][0xffffff9c]/l[0xffffffa2][0xffffffea][0xffffffc1][0xffffffd7].[0xffffff9f][0xffffff80][0xffffffb5][0xffffffcb][0xffffffc7]L[0xffffffb2][0x15][0x6][0x1c][[0xffffffbb]|dt[0xffffff8d][0xffffffa4]D[0xffffffc8][0xffffffda][0xffffffa5][\r]$C[0xffffff89][0xffffff80][0xffffffb5]K[0x9]g5%[0xffffff82][0xffffffd7].]y[0xffffffb2][0xffffff94][0xffffffc8][[0xffffffbb]t[0xffffffd5][0xffffffca]Q"e[0xffffffed]R[0xffffff8b]w[0xffffff83][0x12]n[0xffffffed]r[0xffffffb6][0xffffff8b][0xffffffba][0xffffffce][0xffffffeb][0xffffffc1][0xffffffd7].[0xffffff9f][0xffffff80][0xffffffb5][0xffffffcb][0xffffffc7]L[0xffffffb2][0x15][0x6][0x1c][[0xffffffbb]|dt[0xffffff8d][0xffffffa4]D[0xffffffc8][0xffffffda][0xffffffa5][\r]$C[0xffffff89][0xffffff80][0xffffffb5]K[0x9]g5%[0xffffff82][0xffffffd7].]y[0xffffffb2][0xffffff94][0xffffffc8][[0xffffffbb]t[0xffffffd5][0xffffffca]Q"e[0xffffffed]R[0xffffff8b]w[0xffffff83][0x12][0xffffffee][0xffffff92][0xfffffff1]y[0xffffffbd][0xffffffb0][0xffffffb7][0x12][0xfffffff8]%[0xffffffe3]O[0xffffffc0]%[0xffffffe3][0xffffff8f][0xffffffb9][0x9][0xffffffb7]0[0xffffffe0][0xffffffd8]%[0xffffffe3][0xffffff8f][0xffffffdc]uKR"[0xffffffe4][0xffffff92]q[0x1b]H[0xffffff86][0x12][0x1][0xffffff97][0xffffff8c]K8[0xffffffab])[0x11]|[0xffffffc9][0xffffffb8]+O[0xffffff96][0x12]y[0xffffff97][0xffffff8c][0xffffffbb]j[0xffffffe5]([0xffffff91]r[0xffffffc9][0xffffffb8][0x16][0xffffffef][0xffffff9f]Sb[0xffffffbe],%[0x6][0xffffffb5]v[0xfffffff9][0xfffffff9]<,%[0xffffffbe][0xffffff9e][0x0][0xffffffa6][0xffffffc4][0xffffffaf]g@([0xfffffff1][0xfffffff5][0xffffffeb][0x8]%~[0xfffffffe]r[0x4]%L[0x14][0x11]J[0xffffffd8]@"[0xffffff94]0[0xffffffb1],[0xffffffa7][0xffffff84][0xffffff84][0xffffffb3][0xffffff98][0x12][0x12][0xffffffd1] J[0xffffffb8][0xfffffff2]D)[0xffffffe1][0xffffffbb][0x14][0xffffffa5][0xffffff84][0xffffffab]V[0xffffff8c][0x12][0xffffffda][0xffffffb4][0x10]%[0xffffffb4]x7([0xffffffe1][0xffffffd6].[0xffffffe7]8.[0xffffff8a][0x12][0xfffffff8][0xffffffda][0xffffffe5][0xc]X[0xffffffbb][0xffffff9c]f[0xffffff92][0xffffffad]0[0xffffffe0][0xffffffd8][0xffffffda][0xffffffe5][0xffffff94][0xffffffd1]5[0xffffff92][0x12]!k[0xffffff97]6[0xffffff90][0xc]%[0x2][0xffffffd6].%[0xffffff9c][0xffffffd5][0xffffff94][0x8]^[0xffffffbb]t[0xffffffe5][0xffffffc9]R"o[0xffffffed][0xffffffd2]U+G[0xffffff89][0xffffff94][0xffffffb5]K-[0xffffffde][\r]J[0x1c][0xffffff96][0x12][0xf][0xfffffff6]V[0xffffffe2][0xffffffc0])q[0x4]P[0xffffffe2][0xffffffd0][0xffffffbc][0x17][0x6][0xfffffffc][0xffffffc0](q$QB[0xffffffa3][0xffffffc8]P[0xffffffc2][0x5][0xffffff92][0xffffffa1][0xffffff84][0xffffffc6][0xffffffb2][0xffffff9e][0x12]k8[0xffffffab])[0xffffffb1]F4[0xffffff89][0x12][0xffffffa6]<YJ[0xffffffd8].e)a[0xffffffaa][0xffffff95][0xffffffa3][0xffffff84]4-E[0x9])[0xffffffde][\r]J[0xffffffb8][0xffffff89][0xffffffaa][0xfffffff9][0xfffffff4][0xffffff87][0xffffffa2][0x4]>Q5[0x3]&[0xffffffaa][0xffffffa6][0xffffffd9]Q)[0xc]86Q5e)[0xffffff85][0xffffffa4]D[0xffffffc8]D[0xffffff95][\r]$C[0xffffff89][0xffffff80][0xffffff89]*[0x9]g5%[0xffffff82]'[0xffffffaa]\y[0xffffffb2][0xffffff94][0xffffffc8][0xffffff9b][0xffffffa8]r[0xffffffd5][0xffffffca]Q"e[0xffffffa2]J[0xffffff8b]w[0xffffff83][0x12]n[0xffffffa2]jrk[0xffffff97][0x13][0xffffff9f][0xffffffa8][0xffffff9a][0x1][0x13]U[0xffffffd3][0xffffffec][0xffffffa8][0x14][0x6][0x1c][0xffffff9b][0xffffffa8][0xffffff9a][0xffffffb2][0xffffff94]BR"d[0xffffffa2][0xffffffca][0x6][0xffffff92][0xffffffa1]D[0xffffffc0]D[0xffffff95][0xffffff84][0xffffffb3][0xffffff9a][0x12][0xffffffc1][0x13]U[0xffffffae]<YJ[0xffffffe4]MT[0xffffffb9]j[0xffffffe5]([0xffffff91]2Q[0xffffffa5][0xffffffc5][0xffffffbb]A[0xffffff89][0xffffffa1][0xffffff94][0xffffffb8]^[0xffffffad]S[0xffffff87]A?[0xffffff9f][0x7][0xffffffa6][0xffffffc4][0x8][0xffffffa0][0xffffffc4][0xffffffd0][0xffffffbc][0x17][0x6]|`[0xffffff94][0x18]I[0xffffff94][0xffffffd0](2[0xffffff94]p[0xffffff81]d([0xffffffa1][0xffffffb1][0xffffffac][0xffffffa7][0xffffffc4][0x1a][0xffffffce]jJ[0xffffffac][0x11]M[0xffffffa2][0xffffff84])O[0xffffff96][0x12][0xffffffb6]KYJ[0xffffff98]j[0xffffffe5](!MKQB[0xffffff8a]w[0xffffff83][0x12]f[0xffffffa2][0xffffffea]z][0xffffffe7][0xffffffa4]([0xffffff81]OT[0xffffffcd][0xffffff80][0xffffff89][0xffffffaa]ivT[\n]"
08:17:55.158 [TestNG-PoolService-3] DEBUG org.apache.hc.client5.http.wire -- http-outgoing-4 << "[0xc][0xffffffda][0xffffffcd][0xfffffff5]u[0xffffff85][0x1][0xffffffc7]n[0x6][0xffffffed]rA[0x1d]I[0xffffff89][0xffffff90][0xffffff9b]Am [0x19]J[0x4][0xffffffdc][0xc]*[0xffffffe1][0xffffffac][0xffffffa6]D[0xfffffff0][0xffffffcd][0xffffffa0][0xffffffae]<YJ[0xffffffe4][0xffffffdd][0xc][0xffffffea][0xffffffaa][0xffffff95][0xffffffa3]D[0xffffffca][0xffffffcd][0xffffffa0]Z[0xffffffbc][0x1b][0xffffff94]8[0xfffffffe][0xffffffef][0x14]J[0xffffff8c]W[0xffffffc3][0xffffffde]J|<[0xf]L[0xffffff89][0xffffffcf]'[0xffffffa0])[0xfffffff1][0xfffffff3][0x19][0x18]J|[0xfffffffe]:C[0xffffff89][0x1f][0xffffffbf][0xffffff9c]A[0x9][0xffffff8d]"C[0x9][0x17]H[0xffffff86][0x12][0x1a][0xffffffcb]zJ[0xffffffac][0xffffffe1][0xffffffac][0xffffffa6][0xffffffc4][0x1a][0xffffffd1]$J[0xffffff98][0xfffffff2]d)a[0xffffffbb][0xffffff94][0xffffffa5][0xffffff84][0xffffffa9]V[0xffffff8e][0x12][0xffffffd2][0xffffffb4][0x14]%[0xffffffa4]x[0xffffffb7](1[0xffffffc2](1pJ[0xffffff8c][0x0]J[0xc][0xffffff94][0x12][0x3][0xffffffa3][0xffffffc4]H[0xffffffa2][0xffffffc4][0x1a]E[0xffffff8a][0x12][0x1a]H[0xffffff8a][0x12]k,[0x9]J[0xc][0xffffff98][0x12]#[0xffffff98][0x12]R[0xffffff9e]4%L[0xffffff97][0xffffffd2][0xffffff94][0xffffff90]j%)1R(1[0xfffffffe][0x3]J[0xffffffb4][0x19]f[0xffffff89]6qL|<[0x2][0xffffffaf][0xffffff89][0x1f][0xf]Aq[0xffffffe2][0xffffffe3][0xffffffe7])O|[0xffffffff]t[\n]"
08:17:55.158 [TestNG-PoolService-3] DEBUG org.apache.hc.client5.http.wire -- http-outgoing-4 << "($[0xffffff8f][0xffffff94](L*)RH6[0x9]S,[0x9][0xffffffad]G[0xffffffc5][0xffffff92][0xffffffd3],Uh[0xffffff8d][0xffffffd2][0xffffffac]p[0xffffffad]J[0xffffffbb]BK[0xffffff96][0xffffff84][0xffffffc5][0xffffffda][0xffffffb9][0xffffff9c],[0xffffffd6][\n]"
08:17:55.158 [TestNG-PoolService-2] DEBUG org.apache.hc.client5.http.wire -- http-outgoing-5 << "[0x3][0xffffff8e]MTMYJ!)[0x11]2Qe[0x3][0xffffffc9]P"`[0xffffffa2]J[0xffffffc2]YM[0xffffff89][0xffffffe0][0xffffff89]*W[0xffffff9e],%[0xfffffff2]&[0xffffffaa]\[0xffffffb5]r[0xffffff94]H[0xffffff99][0xffffffa8][0xffffffd2][0xffffffe2][0xffffffdd][0xffffffa0][0xffffff84][0xffffff99][0xffffffa8][0xffffffba]^w[0xffffffc7]Np[0xffffffe0][0x13]U3`[0xffffffa2]j[0xffffff9a][0x1d][0xffffff95][0xffffffc2][0xffffff80]c[0x13]US[0xffffff96]RHJ[0xffffff84]LT[0xffffffd9]@2[0xffffff94][0x8][0xffffff98][0xffffffa8][0xffffff92]pVS"x[0xffffffa2][0xffffffca][0xffffff95]'K[0xffffff89][0xffffffbc][0xffffff89]*W[0xffffffad][0x1c]%R&[0xffffffaa][0xffffffb4]x7(a&[0xffffffaa][0xffffffae][0xffffffd6][0xfffffffa]MQ[0x2][0xffffff9f][0xffffffa8][0xffffff9a][0x1][0x13]U[0xffffffd3][0xffffffec][0xffffffa8][0x14][0x6][0x1c][0xffffff9b][0xffffffa8][0xffffff9a][0xffffffb2][0xffffff94]BR"d[0xffffffa2][0xffffffca][0x6][0xffffff92][0xffffffa1]D[0xffffffc0]D[0xffffff95][0xffffff84][0xffffffb3][0xffffff9a][0x12][0xffffffc1][0x13]U[0xffffffae]<YJ[0xffffffe4]MT[0xffffffb9]j[0xffffffe5]([0xffffff91]2Q[0xffffffa5][0xffffffc5][0xffffffbb]E[0xffffff89][0x1e]F[0xffffff89][0xffffff8e]S[0xffffffa2][0x7]P[0xffffffa2][0xffffffa3][0xffffff94][0xffffffe8][0x18]%z[0x12]%[0xffffffd6](R[0xffffff94][0xffffffd0]@R[0xffffff94]XcIP[0xffffffa2][0xffffffc3][0xffffff94][0xffffffe8][0xffffffc1][0xffffff94][0xffffff90][0xfffffff2][0xffffffa4])a[0xffffffba][0xffffff94][0xffffffa6][0xffffff84]T+I[0xffffff89][0xffffff9e]B[0xffffff89][0xfffffffe][0x1f]P[0xffffffe2][0x8][0xffffffa3][0xffffffc4][0xffffff81]S[0xffffffe2][0x8][0xffffffa0][0xffffffc4][0xffffff81]R[0xffffffe2][0xffffffc0](q$Qb[0xffffff8d]"E[0x9][\r]$E[0xffffff89]5[0xffffff96][0x4]%[0xe][0xffffff98][0x12]G0%[0xffffffa4]<iJ[0xffffff98].[0xffffffa5])![0xffffffd5]JR[0xffffffe2]H[0xffffffa1][0xffffffc4][0xfffffff1][0xffffff97][0xffffff94][0xffffffb8]_/[0xfffffff7][0x7][0xffffff8e][0xffffffe3][0xffffff81]Np|=[0xf]J[0xffffff89][0xffffffef]'`)[0xfffffff1][0xfffffffb][0x19][0x8]J|[0xffffffff]:A[0xffffff89]_[0xffffffbf][0xffffff9c]@[0x9][0x17]E[0xffffff82][0x12]>[0xffffff90][0x4]%\,[0xffffffab])[0xffffffa1][0xffffffe1][0xffffffac][0xffffffa5][0xffffff84]F4[0xffffff87][0x12][0xffffffb6]<IJ[0xffffffbc][0xffffffe9]R[0xffffff92][0x12][0xffffffb6]Z)J[0xffffff98][0xffffffa6]e(a[0xffffff8a]w[0xffffff83][0x12][0xffffffcd]Q[0xffffffe2][0xffffffa1]>[0xffffffbb][0xfffffffc]z[0x1e][0xffffff98][0x12]-[0xffffff80][0x12]M[0xfffffff3]^[0x18][0xfffffff0][0xffffff86]Q[0xffffffa2]%QB[0xffffffa3][0xffffffc8]P[0xffffffc2][0x5][0xffffff92][0xffffffa1][0xffffff84][0xffffffc6][0xffffffb2][0xffffff9e][0x12]k8[0xffffffab])[0xffffffb1]F4[0xffffff89][0x12][0xffffffa6]<YJ[0xffffffd8].e)a[0xffffffaa][0xffffff95][0xffffffa3][0xffffff84]4-E[0x9])[0xffffffde][\r]J[0xffffff98];8[0xffffffae]6[0xffffffa9][0xffffffb5][0xffffffcb][0xffffffaf][0xffffffe7][0xffffff81])[0xffffffc1][0xffffffdf][0xffffffc1][0xfffffff1][0xfffffffb][0x19][0x18]JPwp[0xfffffffc][0xfffffffa][0xffffffe5][0xc]Jd[0xffffffdc][0xffffffc1][0xffffffe1][0x3][0xffffffc9]P[0xffffff82][0xffffffbf][0xffffff83]C[0xffffffc3]YM[0xffffff89][0xffffffdc];8ly[0xffffffb2][0xffffff94][0xffffff88][0xffffffbb][0xffffff83][0xffffffc3]V+G[0xffffff89][0xffffff90];8L[0xfffffff1]nP[0xffffffc2][0xffffffdc][0xffffffc1]q[0xfffffff5]c[0xffffff9e][0x14]%[0xffffffe8];8[0xffffffbe][0xffffff9f][0xffffff80][0xffffffa6][0x4]y[0x7][0xffffffc7][0xfffffff7][0xffffffaf]3[0xffffff94][0x8][0xffffffba][0xffffff83][0xffffffc3]E[0xffffff91][0xffffffa1]D[0xffffffca][0x1d][0x1c].[0xffffff96][0xfffffff5][0xffffff94]`[0xffffffef][0xffffffe0][0xffffffd0][0xffffff88]&Q"[0xffffffec][0xe][0xffffff8e]7][0xffffffca]R"[0xffffffe8][0xe][0xe][0xffffffd3][0xffffffb4][0x14]%[0xfffffffe][0xfffffffe][0xe][0xffffff8e][0xfffffffb]e[0xffffffee][0xffffffe0][0xffffffb8][0xfffffffa]y@[0xffffff9f]]~=[0xf]L[0x9][0xfffffffe][0xe][0xffffff8e][0xffffffdf][0xffffffcf][0xffffffc0]P[0xffffff82][0xffffffba][0xffffff83][0xffffffe3][0xffffffd7]/gP"[0xffffffe3][0xe][0xe][0x1f]H[0xffffff86][0x12][0xfffffffc][0x1d][0x1c][0x1a][0xffffffce]jJ[0xffffffe4][0xffffffde][0xffffffc1]"
08:17:55.158 [TestNG-PoolService-3] DEBUG org.apache.hc.client5.http.wire -- http-outgoing-4 << "[0xffffffde][0xffffffa2][0xffffffc5][0xffffffd1][0xffffffc2]hq4[0xffffff9c][0x16][0x1f][0xffffff8f][0xffffffc0][0xffffffd3][0xffffffe2][0xffffffc7]CP[0xffffffb4][0xfffffff8][0xfffffff8]y[0xffffff8a][0x16][0xffffffdf]?[0xffffff9d]B[0xb][0xffffffc9]#E[0xb][0xffffff93]J[0xffffff8a][0x16][0xffffff92]M[0xffffff82][0x16]KB[0xffffffeb]i[0xffffffb1][0xffffffe4]4[0xffffff8b][0x16]Z[0xffffffa3]4-\[0xffffffab][0xffffffd2][0xffffffb4][0xffffffd0][0xffffff92]%i[0xffffffb1]v.G[0xffffff8b][0xffffffb5][0xffffff82][0xffffffb7]hq[0xffffff9e]a[0xffffffb4]8[0x3][0xffffffbe][0xffffffa6][0xffffff88][0xfffffff8][0xffffff9c][0x2][0xfffffffe][0xffffff9e][0x2][0xfffffffc][0xffffffa0]"[0xffffffeb][0xffffff8b][0xffffff8a][0xffffff98]O*[0xffffff82][0xffffffbe][0xffffffa9][0xffffff88][0xfffffff8][0xffffffa8][0x2][0xffffffff][0xffffffaa]"[0xfffffffa][0xffffffb3][0xffffff8a][0xffffffbc][0xffffffef]*[0x12]?[0xffffffac][0xffffffc8][0xfffffffa][0xffffffb2]"[0xffffffe7][0xffffffd3][0xffffff8a][0xffffffff][0xffffffe2][0xffffffdb][0xffffff8a][0xffffffeb][0x9][0xffffffa3][0xffffffc5][0xfffffff5][0xffffffe0][0xffffffb4][0xfffffff8]x[0x4][0xffffff9e][0x16]?[0x1e][0xffffff82][0xffffffa2][0xffffffc5][0xffffffc7][0xffffffcf]S[0xffffffb4][0xfffffff8][0xfffffffe][0xffffffe9][0x14]ZH[0x1e])Z[0xffffff98]TR[0xffffffb4][0xffffff90]l[0x12][0xffffffb4]X[0x12]ZO[0xffffff8b]%[0xffffffa7]Y[0xffffffb4][0xffffffd0][0x1a][0xffffffa5]i[0xffffffe1]Z[0xffffff95][0xffffffa6][0xffffff85][0xffffff96],I[0xffffff8b][0xffffffb5]s9Z[0xffffffac][0x15][0xffffffbc]E[0xffffff8b][0xffffff91][0xfffffff6][0xffffffad][0xffffffc5][0xffffffe0][0xffffffbf][0xffffffb5][0x18][0x9][0xffffffdf]Z[0xc][0xfffffff6][[0xffffff8b][0xffffffc1]}k1[0xffffffa2][0xffffffbe][0xffffffb5][0xffffff90]<R[0xffffffb4]0[0xffffffa9][0xffffffa4]h![0xffffffd9]$h1[0xffffffe8]o-F[0xfffffff2][0xffffffb7][0x16]Z[0xffffffa3]4-\[0xffffffab][0xffffffd2][0xffffffb4][0xffffffd0][0xffffff92]%i[0xffffffb1]v.G[0xffffff8b][0xffffffb5][0xffffff82][0xffffffb7]h1[0xffffffd3][0xffffffbe][0xffffffb5][0xffffff98][0xfffffffc][0xffffffb7][0x16]3[0xffffffe1][[0xffffff8b][0xffffffc9]~k1[0xffffffb9]o-f[0xffffffd4][0xffffffb7][0x16][0xffffff92]G[0xffffff8a][0x16]&[0xffffff95][0x14]-$[0xffffff9b][0x4]-&[0xfffffffd][0xffffffad][0xffffffc5]L[0xfffffffe][0xffffffd6]Bk[0xffffff94][0xffffffa6][0xffffff85]kU[0xffffff9a][0x16]Z[0xffffffb2]$-[0xffffffd6][0xffffffce][0xffffffe5]h[0xffffffb1]V[0xfffffff0][0x1e]-[0xffffff8e]4Z[0x1c]<-[0xffffff8e][0x4]Z[0x1c],-[0xe][0xffffff8e][0x16]G[0x14]-[0xffffffd6]<b[0xffffffb4][0xffffffd0]Tb[0xffffffb4]X[0xffffffb3][0xffffff89][0xffffffd0][0xffffffe2][0xffffffa0]iq$[0xffffffd3]Bj[0x14][0xffffffa7][0xffffff85]iU[0xffffff9c][0x16]R[0xffffffb2](-[0xffffff8e][0x18]Z[0x1c][0xffffffff][0x1]-ZK[[0xffffffb2][0xfffffff8]x"[0x1c][0x17][0xffffff9f][0xffffffcf][0xffffffc0][0xffffffeb][0xffffffe2][0xffffffe7]SP[0xffffffbc][0xfffffff8][0xfffffffc]}[0xffffffca][0x17]?~;[0x5][0x18][0x1a]JJ[0x18].[0xffffff9a][0x14]14[0xffffffa0][0xffffff84]1[0xffffffd6][0xffffff98][0xffffffd6]#c[\r]k[0xffffff96]2L[0xffffffa1][0xffffffd2][0xffffffcc][0xffffffb0][0xfffffffd]J;[0xffffffc3][0xffffffd4]-[0x9][\r]i_N[0x1a]R[0xffffffc6][0x7f]B[0xffffff8d][0xfffffff6][0xfffffffd][0xffffffaf][0xffffffb8]K[0xffffffcf][0xffffffc7][0xfffffffd][0xffffffea][0xffffffe5][0xffffffd0][0xfffffff8][0xfffffffd]<[0x14]3[0xfffffffe][0xfffffff1][0x4][0x18]2[0xffffff96]g(&[0xffffffc6]?~[0xffffffbd][0x18][0x18][0xffffffff][0xfffffffb][0xffffffcb]0/[0xffffffde]F[0xffffffb1][0x18][0x17][0xffffffff][0x12][0xffffffc8]bZ[0xffffffbc][0xffffff8d]e!,[0xffffffde][0xffffff84][0xffffffb3][0xffffff8c][0x15]o"[0x1a][0xffffff81][0xffffff8a][0xfffffff7][0xffffffe5][0x9][0xffffff91][0xffffffe2][0xffffffdf][0xffffffba][0x14][0x2][0xffffffc5][0xfffffffb]j[0x5]8[0xfffffff1][0xffffffae]i[0xffffffcb]1[0xfffffff1][0xffffffae]x7([0xffffffe1].=[0x1f]s>[0x14]%[0xffffffc0]K[0xffffffcf][0xffffffff][0xfffffff1][0x4]4%[0xffffffa0]K[0xffffffcf][0xffffffff][0xfffffff1][0xffffffeb][0xc]%2.=[0x7f][0x1b]E[0xffffff86][0x12][0x1][0xffffff97][0xffffff9e][0xffffffbf][0xffffff8d]e=%[0xffffffb0]K[0xffffffcf][0xffffffdf]D4[0xffffff89][0x12]9[0xffffff97][0xffffff9e][0xffffffff][[0xffffff97][0xffffffb2][0xffffff94][0xffffffc8][0xffffffb8][0xfffffff4][0xfffffffc]][0xffffffd3]R[0xffffff94][0xfffffff8][0xffffffab]K[0xffffffcf][0x7f][0xfffffffc][0x1b][0xffffffc3]P[0xffffffe2]>[0xffffffae]FQb[0xffffffe0][0xffffff94][0x18][0x1][0xffffff94][0x18][0xffffff9a][0xfffffff7][0xffffffc2][0xffffff80][0xf][0xffffff8c][0x12]#[0xffffff89][0x12][0x1a]E[0xffffff86][0x12].[0xffffff90][0xc]%4[0xffffff96][0xfffffff5][0xffffff94]X[0xffffffc3]YM[0xffffff89]5[0xffffffa2]I[0xffffff94]0[0xffffffe5][0xffffffc9]R[0xffffffc2]v)K[0x9]S[0xffffffad][0x1c]%[0xffffffa4]i)JH[0xfffffff1]nP[0xffffffe2]v[0xffffff94][0xffffffb8][0xfffffffa][0xffffff8b][0xffffffa2][0xffffffc4][0xffffff8d]S[0xffffffe2][0xe][0xffffffa0][0xffffffc4][0xffffffad]y/[0xc][0xfffffff8][0xffffff8d]Q[0xffffffe2]N[0xffffffa2][0xffffff84]F[0xffffff91][0xffffffa1][0xffffff84][0xb]$C[0x9][0xffffff8d]e=%[0xffffffd6]pVSb[0xffffff8d]h[0x12]%Ly[0xffffffb2][0xffffff94][0xffffffb0]][0xffffffca]R[0xffffffc2]T+G[0x9]iZ[0xffffff8a][0x12]R[0xffffffbc][0x1b][0xffffff94]x[0x1c]%f[0xffffff9f][0x14]%[0x1e][0xffffff9c][0x12]O[0x0]%[0x1e][0xffffffcd]{a[0xffffffc0][0x1f][0xffffff8c][0x12]O[0x12]%4[0xffffff8a][0xc]%\ [0x19]Jh,[0xffffffeb])[0xffffffb1][0xffffff86][0xffffffb3][0xffffff9a][0x12]kD[0xffffff93](a[0xffffffca][0xffffff93][0xffffffa5][0xffffff84][0xffffffed]R[0xffffff96][0x12][0xffffffa6]Z9JH[0xffffffd3]R[0xffffff94][0xffffff90][0xffffffe2][0xffffffdd][0xffffffa0][0xffffffc4]4[0xffffff94]x[0xffffffda][0xffffff81][0xfffffffd][0xffffff81]c[0xffffffe2][0xffffff94][0xffffff98][0x1][0xffffff94][0xffffff98][0xffffff9a][0xfffffff7][0xffffffc2][0xffffff80]O[0xffffff8c][0x12]3[0xffffff89][0x12][0x1a]E[0xffffff86][0x12].[0xffffff90][0xc]%4[0xffffff96][0xfffffff5][0xffffff94]X[0xffffffc3]YM[0xffffff89]5[0xffffffa2]I[0xffffff94]0[0xffffffe5][0xffffffc9]R[0xffffffc2]v)K[0x9]S[0xffffffad][0x1c]%[0xffffffa4]i)JH[0xfffffff1][0xfffffffe]9%>[0xffffff8f][0xffffff83](%[0xffffffce]I[0xfffffffd][0xffffff81][0xffffffe3][0xfffffff3]yXJ|=[0x1]L[0xffffff89]_[0xffffffcf][0xffffff80]P[0xffffffe2][0xffffffeb][0xffffffd7][0x11]J[0xfffffffc][0xfffffffc][0xffffffe5][0x8]J[0xffffff98]("[0xffffff94][0xffffffb0][0xffffff81]D(abYN[0x9][0x9]g1%$[0xffffffa2]A[0xffffff94]p[0xffffffe5][0xffffff89]R[0xffffffc2]w)J[0x9]W[0xffffffad][0x18]%[0xffffffb4]i!Jh[0xfffffff1]nP[0xffffffa2]9J\_S[0x14][0x8]%[0x1a]N[0xffffff89][0x16]@[0xffffff89][0xffffffa6]y/[0xc]x[0xffffffc3]([0xffffffd1][0xffffff92]([0xffffffa1]Qd([0xffffffe1][0x2][0xffffffc9]PBcYO[0xffffff89]5[0xffffff9c][0xffffffd5][0xffffff94]X#[0xffffff9a]D[0x9]S[0xffffff9e],%l[0xffffff97][0xffffffb2][0xffffff94]0[0xffffffd5][0xffffffca]QB[0xffffff9a][0xffffff96][0xffffffa2][0xffffff84][0x14][0xffffffef][0x6]%[0xffffffba][0xffffffa5][0xffffffc4][0xffffff83]Q[0xffffffa2][0xffffffe3][0xffffff94][0xffffffe8][0x1][0xffffff94][0xffffffe8][0xffffff9a][0xfffffff7][0xffffffc2][0xffffff80]w[0xffffff8c][0x12]=[0xffffff89][0x12][0x1a]E[0xffffff86][0x12].[0xffffff90][0xc]%4[0xffffff96][0xfffffff5][0xffffff94]X[0xffffffc3]YM[0xffffff89]5[0xffffffa2]I[0xffffff94]0[0xffffffe5][0xffffffc9]R[0xffffffc2]v)K[0x9]S[0xffffffad][0x1c]%[0xffffffa4]i)JH[0xfffffff1]nP[0xffffffe2]p[0xffffff94][0x18][0xffffffbd]~[0xb][0xfffffff3][0xfffffff7][0xfffffff3][0xffffffc0][0xffffff94]8[0x2](qh[0xffffffde][0xb][0x3]~`[0xffffff94]8[0xffffff92]([0xffffffa1]Qd([0xffffffe1][0x2][0xffffffc9]PBcYO[0xffffff89]5[0xffffff9c][0xffffffd5][0xffffff94]X#[0xffffff9a]D[0x9]S[0xffffff9e],%l[0xffffff97][0xffffffb2][0xffffff94]0[0xffffffd5][0xffffffca]QB[0xffffff9a][0xffffff96][0xffffffa2][0xffffff84][0x14][0xffffffef][0x6]%[0xffffffdc][0xffffffda][0xffffffe5]3[0x6][0xffffffb5]vy[0xffffffe0]k[0xffffff97]G[0xffffffc0][0xffffffda][0xffffffe5]a&[0xffffffd9][\n]"
08:17:55.159 [TestNG-PoolService-3] DEBUG org.apache.hc.client5.http.wire -- http-outgoing-4 << "[0x3][0xffffff8e][0xffffffad]][0x1e]2[0xffffffba]FR"d[0xffffffed][0xffffffd2][0x6][0xffffff92][0xffffffa1]D[0xffffffc0][0xffffffda][0xffffffa5][0xffffff84][0xffffffb3][0xffffff9a][0x12][0xffffffc1]k[0xffffff97][0xffffffae]<YJ[0xffffffe4][0xffffffad]][0xffffffba]j[0xffffffe5]([0xffffff91][0xffffffb2]v[0xffffffa9][0xffffffc5][0xffffffbb]A[0x9][0xffffffb7]v[0xfffffff9][0xffffffdc][0x1d][0xfffffffb][0x3][0x7][0xffffffbe]vy[0x4][0xffffffac]][0x1e]f[0xffffff92][0xffffffad]0[0xffffffe0][0xffffffd8][0xffffffda][0xffffffe5]![0xffffffa3]k$%B[0xffffffd6].m [0x19]J[0x4][0xffffffac]]J8[0xffffffab])[0x11][0xffffffbc]v[0xffffffe9][0xffffffca][0xffffff93][0xffffffa5]D[0xffffffde][0xffffffda][0xffffffa5][0xffffffab]V[0xffffff8e][0x12])k[0xffffff97]Z[0xffffffbc][0x1b][0xffffff94]pk[0xffffff97][0xffffffcf][0xfffffff3]`o%[0xfffffff0][0xffffffb5][0xffffffcb]#`[0xffffffed][0xfffffff2]0[0xffffff93]l[0xffffff85][0x1][0xffffffc7][0xffffffd6].[0xf][0x19]]#)[0x11][0xffffffb2]vi[0x3][0xffffffc9]P"`[0xffffffed]R[0xffffffc2]YM[0xffffff89][0xffffffe0][0xffffffb5]KW[0xffffff9e],%[0xfffffff2][0xffffffd6].][0xffffffb5]r[0xffffff94]HY[0xffffffbb][0xffffffd4][0xffffffe2][0xffffffdd][0xffffffa0][0xffffff84][0xffffff9b][0xffffffa8][0xffffff9a]cbo%[0xfffffff0][0xffffff89][0xffffffaa]#`[0xffffffa2][0xffffffea]0;*[0xffffff85][0x1][0xffffffc7]&[0xffffffaa][0xe]YJ!)[0x11]2Qe[0x3][0xffffffc9]P"`[0xffffffa2]J[0xffffffc2]YM[0xffffff89][0xffffffe0][0xffffff89]*W[0xffffff9e],%[0xfffffff2]&[0xffffffaa]\[0xffffffb5]r[0xffffff94]H[0xffffff99][0xffffffa8][0xffffffd2][0xffffffe2][0xffffffdd][0xffffffa0][0xffffff84][0xffffff9b][0xffffffa8][0xffffff9a][0xfffffff3]E][0xffffffe7]u[0xffffffe0][0x13]UG[0xffffffc0]D[0xffffffd5]avT[\n]"
08:17:55.159 [TestNG-PoolService-3] DEBUG org.apache.hc.client5.http.wire -- http-outgoing-4 << "[0x3][0xffffff8e]MT[0x1d][0xffffffb2][0xffffff94]BR"d[0xffffffa2][0xffffffca][0x6][0xffffff92][0xffffffa1]D[0xffffffc0]D[0xffffff95][0xffffff84][0xffffffb3][0xffffff9a][0x12][0xffffffc1][0x13]U[0xffffffae]<YJ[0xffffffe4]MT[0xffffffb9]j[0xffffffe5]([0xffffff91]2Q[0xffffffa5][0xffffffc5][0xfffffffb][0xffffffe7][0xffffff94]8[0xffffffcd]D[0xffffffd5]x[0xfffffff5][0xffffff8b]:[0xffffffc1]q[0xffffffe2][0x13]Ug[0xffffffc0]D[0xffffffd5]ivT[0xffffffea][0x2]~b[0x13]U[0xffffffa7],[0xffffffa5][0xffffff80][0xffffff94]0QD(a[0x3][0xffffff89]P[0xffffffc2][0xffffffc4][0xffffffb2][0xffffff9c][0x12][0x12][0xffffffce]bJHD[0xffffff83]([0xffffffe1][0xffffffca][0x13][0xffffffa5][0xffffff84][0xffffffef]R[0xffffff94][0x12][0xffffffae]Z1Jh[0xffffffd3]B[0xffffff94][0xffffffd0][0xffffffe2][0xffffffdd][0xffffffa0]Ds[0xffffff94]8[0xffffffe7]EQ[0xffffffa2][0xffffffe1][0xffffff94]h[0x1][0xffffff94]h[0xffffff9a][0xfffffff7][0xffffffc2][0xffffff80]7[0xffffff8c][0x12]-[0xffffff89][0x12][0x1a]E[0xffffff86][0x12].[0xffffff90][0xc]%4[0xffffff96][0xfffffff5][0xffffff94]X[0xffffffc3]YM[0xffffff89]5[0xffffffa2]I[0xffffff94]0[0xffffffe5][0xffffffc9]R[0xffffffc2]v)K[0x9]S[0xffffffad][0x1c]%[0xffffffa4]i)JH[0xfffffff1]nP[0xffffffc2]LT[0xffffff8d][0xffffffd7]|Q[0xffffff9f]][0xffffff9e][0xfffffff8]D[0xffffffd5][0x19]0Qu[0xffffff9a][0x1d][0xffffff95][0xffffffc2][0xffffff80]c[0x13]U[0xffffffa7],[0xffffffa5][0xffffff90][0xffffff94][0x8][0xffffff99][0xffffffa8][0xffffffb2][0xffffff81]d([0x11]0Q%[0xffffffe1][0xffffffac][0xffffffa6]D[0xfffffff0]D[0xffffff95]+O[0xffffff96][0x12]y[0x13]U[0xffffffae]Z9J[0xffffffa4]LTi[0xfffffff1]nP[0xffffffc2]LT[0xffffff8d][0xfffffff6][0xffffffc2][0xffffffee][0xffffffe0]8[0xfffffff1][0xffffff89][0xffffffaa]3`[0xffffffa2][0xffffffea]4;*[0xffffff85][0x1][0xffffffc7]&[0xffffffaa]NYJ!)[0x11]2Qe[0x3][0xffffffc9]P"`[0xffffffa2]J[0xffffffc2]YM[0xffffff89][0xffffffe0][0xffffff89]*W[0xffffff9e],%[0xfffffff2]&[0xffffffaa]\[0xffffffb5]r[0xffffff94]H[0xffffff99][0xffffffa8][0xffffffd2][0xffffffe2][0xffffffdd][0xffffffa2]D[0xf][0xffffffa3]D[0xffffffc7])[0xffffffd1][0x3]([0xffffffd1]QJt[0xffffff8c][0x12]=[0xffffff89][0x12]k[0x14])Jh )J[0xffffffac][0xffffffb1]$([0xffffffd1]aJ[0xfffffff4]`JHy[0xffffffd2][0xffffff94]0]JSB[0xffffffaa][0xffffff95][0xffffffa4]DO[0xffffffa1]D[0xffffffff]kJ[0xffffff98][0xffffffb5][0xffffffcb][0xffffffd1][0xffffffce][0xffffffeb][0xffffffa6]([0xffffff81][0xffffffaf]][0xffffff9e][0x1]k[0xffffff97][0xffffffa7][0xffffff99]d+[0xc]8[0xffffffb6]vy[0xffffffca][0xffffffe8][0x1a]I[0xffffff89][0xffffff90][0xffffffb5]K[0x1b]H[0xffffff86][0x12][0x1]k[0xffffff97][0x12][0xffffffce]jJ[0x4][0xffffffaf]][0xffffffba][0xfffffff2]d)[0xffffff91][0xffffffb7]v[0xffffffe9][0xffffffaa][0xffffff95][0xffffffa3]D[0xffffffca][0xffffffda][0xffffffa5][0x16][0xffffffef][0x6]%[0xffffffcc][0xffffffda][0xffffffe5]hW[0xffffffc3][0xffffffde]J[0xffffffe0]k[0xffffff97]g[0xffffffc0][0xffffffda][0xffffffe5]i&[0xffffffd9][\n]"
08:17:55.159 [TestNG-PoolService-3] DEBUG org.apache.hc.client5.http.wire -- http-outgoing-4 << "[0x3][0xffffff8e][0xffffffad]][0xffffff9e]2[0xffffffba]FR"d[0xffffffed][0xffffffd2][0x6][0xffffff92][0xffffffa1]D[0xffffffc0][0xffffffda][0xffffffa5][0xffffff84][0xffffffb3][0xffffff9a][0x12][0xffffffc1]k[0xffffff97][0xffffffae]<YJ[0xffffffe4][0xffffffad]][0xffffffba]j[0xffffffe5]([0xffffff91][0xffffffb2]v[0xffffffa9][0xffffffc5][0xffffffbb]A[0x9][0xffffffb3]v[0xfffffff9]A[0xffffff89][0xffffff8b][0xffffffda][0xffffff95]8[0xfffffff1][0xffffffb5][0xffffffcb]3`[0xffffffed][0xfffffff2]4[0xffffff93]l[0xffffff85][0x1][0xffffffc7][0xffffffd6].O[0x19]]#)[0x11][0xffffffb2]vi[0x3][0xffffffc9]P"`[0xffffffed]R[0xffffffc2]YM[0xffffff89][0xffffffe0][0xffffffb5]KW[0xffffff9e],%[0xfffffff2][0xffffffd6].][0xffffffb5]r[0xffffff94]HY[0xffffffbb][0xffffffd4][0xffffffe2][0xffffffdd][0xffffffa0][0xffffffc4]m)[0xfffffff1]`[0xffffff94][0xffffffb8]qJ[0xffffffdc][0x1][0xffffff94][0xffffffb8]5[0xffffffef][0xffffff85][0x1][0xffffffbf]1J[0xffffffdc]I[0xffffff94][0xffffffd0](2[0xffffff94]p[0xffffff81]d([0xffffffa1][0xffffffb1][0xffffffac][0xffffffa7][0xffffffc4][0x1a][0xffffffce]jJ[0xffffffac][0x11]M[0xffffffa2][0xffffff84])O[0xffffff96][0x12][0xffffffb6]KYJ[0xffffff98]j[0xffffffe5](!MKQB[0xffffff8a]w[0xffffff83][0x12]f8{[0xffffffb4][0xffffffd1]'E[0x9]|8[0xfffffffb][0xc][0x18][0xffffffce]>[0xffffffcd][0xffffffba]ka[0xffffffc0][0xffffffb1][0xffffffe1][0xffffffec]S[0xfffffff6][IJ[0xffffff84][0xc]g[0xffffffdb]@2[0xffffff94][0x8][0x18][0xffffffce][0xffffff96]pVS"x8[0xffffffdb][0xffffff95]'K[0xffffff89][0xffffffbc][0xffffffe1]lW[0xffffffad][0x1c]%R[0xffffff86][0xffffffb3][0xffffffb5]x7(a[0xffffff86][0xffffffb3]G[0xffffffbb][0xf]l[0xffffffed][0x12][0x1f][0xffffffce]>[0x3][0xffffff86][0xffffffb3]O[0xffffffb3][0xffffffee]Z[0x18]pl8[0xfffffffb][0xffffff94][0xfffffffd]V[0xffffff92][0x12]![0xffffffc3][0xffffffd9]6[0xffffff90][0xc]%[0x2][0xffffff86][0xffffffb3]%[0xffffff9c][0xffffffd5][0xffffff94][0x8][0x1e][0xffffffce]v[0xffffffe5][0xffffffc9]R"o8[0xffffffdb]U+G[0xffffff89][0xffffff94][0xffffffe1]l-[0xffffffde]?[0xffffffa7][0xffffffc4][0xffffffe5][0xffffff86][0xffffffb3]{k'D[0xffffff89][0xb][0x1f][0xffffffce][0xffffffbe][0x2][0xffffff86][0xffffffb3]/[0xffffffb3][0xffffffee]Z[0x17][0xfffffff0][0xb][0x1b][0xffffffce][0xffffffbe]d[0xffffffbf][0x15][0xffffffa4][0xffffff84][0xffffff89]"B[0x9][0x1b]H[0xffffff84][0x12]&[0xffffff96][0xffffffe5][0xffffff94][0xffffff90]p[0x16]SB"[0x1a]D[0x9]W[0xffffff9e](%|[0xffffff97][0xffffffa2][0xffffff94]p[0xffffffd5][0xffffff8a]QB[0xffffff9b][0x16][0xffffffa2][0xffffff84][0x16][0xffffffef][0x6]%[0xffffff9a][0xffffffa3]D[0x1f][0xffffffd4]a[0xffffffd0][0xffffffcf][0xffffffe7][0xffffff81])[0xffffffd1][0x2]([0xffffffd1]4[0xffffffef][0xffffff85][0x1]o[0x18]%Z[0x12]%4[0xffffff8a][0xc]%\ [0x19]Jh,[0xffffffeb])[0xffffffb1][0xffffff86][0xffffffb3][0xffffff9a][0x12]kD[0xffffff93](a[0xffffffca][0xffffff93][0xffffffa5][0xffffff84][0xffffffed]R[0xffffff96][0x12][0xffffffa6]Z9JH[0xffffffd3]R[0xffffff94][0xffffff90][0xffffffe2][0xffffffdd][0xffffffa0][0xffffff84][0x1b][0xffffffce][0xffffffee][0xfffffff7]M[0xffffffdd][0xffffffc1]q[0xffffffe1][0xffffffc3][0xffffffd9]W[0xffffffc0]p[0xfffffff6]e[0xffffffd6]][0xb][0x3][0xffffff8e][\r]g_[0xffffffb2][0xffffffdf]JR"d8[0xffffffdb][0x6][0xffffff92][0xffffffa1]D[0xffffffc0]p[0xffffffb6][0xffffff84][0xffffffb3][0xffffff9a][0x12][0xffffffc1][0xffffffc3][0xffffffd9][0xffffffae]<YJ[0xffffffe4][\r]g[0xffffffbb]j[0xffffffe5]([0xffffff91]2[0xffffff9c][0xffffffad][0xffffffc5][0xffffffbb]A[0x9]7[0xffffff9c]}[0xffffffbc]^[0xffffffd4]g[0xffffff97][0x17]>[0xffffff9c]}[0x5][0xc]g_f[0xffffffdd][0xffffffb5]0[0xffffffe0][0xffffffd8]p[0xfffffff6]%[0xfffffffb][0xffffffad]$%B[0xffffff86][0xffffffb3]m [0x19]J[0x4][0xc]gK8[0xffffffab])[0x11]<[0xffffff9c][0xffffffed][0xffffffca][0xffffff93][0xffffffa5]D[0xffffffde]p[0xffffffb6][0xffffffab]V[0xffffff8e][0x12])[0xffffffc3][0xffffffd9]Z[0xffffffbc][0x1b][0xffffff94]pk[0xffffff97][0xffffffc7][0xfffffff9][0xffffffa2][0xe][0xffffff83]^[0xfffffff8][0xffffffda][0xffffffe5][0x15][0xffffffb0]vy[0xffffff99]I[0xffffffb6][0xffffffc2][0xffffff80]ck[0xffffff97][0xffffff97][0xffffff8c][0xffffffae][0xffffff91][0xffffff94][0x8]Y[0xffffffbb][0xffffffb4][0xffffff81]d([0x11][0xffffffb0]v)[0xffffffe1][0xffffffac][0xffffffa6]D[0xfffffff0][0xffffffda][0xffffffa5]+O[0xffffff96][0x12]yk[0xffffff97][0xffffffae]Z9J[0xffffffa4][0xffffffac]]j[0xfffffff1]nP[0xffffffc2][0xffffffad]][0x1e][0xffffff83][0xffffffa3][0x4][0xffffffbe]vy[0x5][0xffffffac]]^f[0xffffff92][0xffffffad]0[0xffffffe0][0xffffffd8][0xffffffda][0xffffffe5]%[0xffffffa3]k$%B[0xffffffd6].m [0x19]J[0x4][0xffffffac]]J8[0xffffffab])[0x11][0xffffffbc]v[0xffffffe9][0xffffffca][0xffffff93][0xffffffa5]D[0xffffffde][0xffffffda][0xffffffa5][0xffffffab]V[0xffffff8e][0x12])k[0xffffff97]Z[0xffffffbc][0x1b][0xffffff94]pk[0xffffff97][0xffffffc7][0xffffffbc][0xffffffb1]?p[0xffffffe0]k[0xffffff97]W[0xffffffc0][0xffffffda][0xffffffe5]e&[0xffffffd9][\n]"
08:17:55.159 [TestNG-PoolService-3] DEBUG org.apache.hc.client5.http.wire -- http-outgoing-4 << "[0x3][0xffffff8e][0xffffffad]]^2[0xffffffba]FR"d[0xffffffed][0xffffffd2][0x6][0xffffff92][0xffffffa1]D[0xffffffc0][0xffffffda][0xffffffa5][0xffffff84][0xffffffb3][0xffffff9a][0x12][0xffffffc1]k[0xffffff97][0xffffffae]<YJ[0xffffffe4][0xffffffad]][0xffffffba]j[0xffffffe5]([0xffffff91][0xffffffb2]v[0xffffffa9][0xffffffc5][0xffffffbb]A[0x9][0xffffffb7]vy[0xffffffb6][0xffffffd9])J[0xffffffe0]k[0xffffff97]W[0xffffffc0][0xffffffda][0xffffffe5]e&[0xffffffd9][\n]"
08:17:55.159 [TestNG-PoolService-3] DEBUG org.apache.hc.client5.http.wire -- http-outgoing-4 << "[0x3][0xffffff8e][0xffffffad]]^2[0xffffffba]FR"d[0xffffffed][0xffffffd2][0x6][0xffffff92][0xffffffa1]D[0xffffffc0][0xffffffda][0xffffffa5][0xffffff84][0xffffffb3][0xffffff9a][0x12][0xffffffc1]k[0xffffff97][0xffffffae]<YJ[0xffffffe4][0xffffffad]][0xffffffba]j[0xffffffe5]([0xffffff91][0xffffffb2]v[0xffffffa9][0xffffffc5][0xffffffbb]A[0x9][0xffffffb7]vy[0xffffff9e][0xffffffaf]FQ[0x2]_[0xffffffbb][0xffffffbc][0x2][0xffffffd6]./3[0xffffffc9]V[0x18]pl[0xffffffed][0xfffffff2][0xffffff92][0xffffffd1]5[0xffffff92][0x12]!k[0xffffff97]6[0xffffff90][0xc]%[0x2][0xffffffd6].%[0xffffff9c][0xffffffd5][0xffffff94][0x8]^[0xffffffbb]t[0xffffffe5][0xffffffc9]R"o[0xffffffed][0xffffffd2]U+G[0xffffff89][0xffffff94][0xffffffb5]K-[0xffffffde][\r]J[0xffffffb8][0xffffffb5][0xffffffcb][0xfffffff3][0xffffff9a][0x18]%[0xfffffff0][0xffffffb5][0xffffffcb]+`[0xffffffed][0xfffffff2]2[0xffffff93]l[0xffffff85][0x1][0xffffffc7][0xffffffd6]./[0x19]]#)[0x11][0xffffffb2]vi[0x3][0xffffffc9]P"`[0xffffffed]R[0xffffffc2]YM[0xffffff89][0xffffffe0][0xffffffb5]KW[0xffffff9e],%[0xfffffff2][0xffffffd6].][0xffffffb5]r[0xffffff94]HY[0xffffffbb][0xffffffd4][0xffffffe2][0xfffffffd]sJ[0xc][0xffffffb7]vy[0xffffff8e][0xffffff93][0xfffffffa]Vb[0xffffffe0]k[0xffffff97]#`[0xffffffed]r[0xffffff98]I[0xffffffb6][0xffffffba][0xffffff80][0xf]l[0xffffffed]r[0xffffffc8][0xffffffe8][0x1a]H[0x9][0x13]E[0xffffff84][0x12]6[0xffffff90][0x8]%L,[0xffffffcb])![0xffffffe1],[0xffffffa6][0xffffff84]D4[0xffffff88][0x12][0xffffffae]<QJ[0xfffffff8].E)[0xffffffe1][0xffffffaa][0x15][0xffffffa3][0xffffff84]6-D[0x9]-[0xffffffde][\r]J4K[0xffffff89][0x7][0xffffffa3]D[0xffffffc3])[0xffffffd1][0x2]([0xffffffd1]4[0xffffffef][0xffffff85][0x1]o[0x18]%Z[0x12]%4[0xffffff8a][0xc]%\ [0x19]Jh,[0xffffffeb])[0xffffffb1][0xffffff86][0xffffffb3][0xffffff9a][0x12]kD[0xffffff93](a[0xffffffca][0xffffff93][0xffffffa5][0xffffff84][0xffffffed]R[0xffffff96][0x12][0xffffffa6]Z9JH[0xffffffd3]R[0xffffff94][0xffffff90][0xffffffe2][0xffffffdd][0xffffffa0][0xffffff84][[0xffffffbb]<[0xffffffef][0xffffff83][0x1a][0xffffffce][0x1e][0xfffffff8][0xffffffda][0xffffffe5][0x8]X[0xffffffbb][0x1c]f[0xffffff92][0xffffffad]0[0xffffffe0][0xffffffd8][0xffffffda][0xffffffe5][0xffffff90][0xffffffd1]5[0xffffff92][0x12]!k[0xffffff97]6[0xffffff90][0xc]%[0x2][0xffffffd6].%[0xffffff9c][0xffffffd5][0xffffff94][0x8]^[0xffffffbb]t[0xffffffe5][0xffffffc9]R"o[0xffffffed][0xffffffd2]U+G[0xffffff89][0xffffff94][0xffffffb5]K-[0xffffffde][\r]J[0xffffffb8][0xffffffb5][0xffffffcb]s[0xffffffbe]N[0xffffff8a][0x12][0xfffffff8][0xffffffda][0xffffffe5][0x8]X[0xffffffbb][0x1c]f[0xffffff92][0xffffffad]0[0xffffffe0][0xffffffd8][0xffffffda][0xffffffe5][0xffffff90][0xffffffd1]5[0xffffff92][0x12]!k[0xffffff97]6[0xffffff90][0xc]%[0x2][0xffffffd6].%[0xffffff9c][0xffffffd5][0xffffff94][0x8]^[0xffffffbb]t[0xffffffe5][0xffffffc9]R"o[0xffffffed][0xffffffd2]U+G[0xffffff89][0xffffff94][0xffffffb5]K-[0xffffffde][\r]J[0xffffffb8][0xffffffb5][0xffffffcb][0xffffffab]?[0xffffffd4]g[0xffffff97][0x3]_[0xffffffbb][0x1c][0x1]k[0xffffff97][0xffffffc3]L[0xffffffb2][0x15][0x6][0x1c][[0xffffffbb][0x1c]2[0xffffffba]FR"d[0xffffffed][0xffffffd2][0x6][0xffffff92][0xffffffa1]D[0xffffffc0][0xffffffda][0xffffffa5][0xffffff84][0xffffffb3][0xffffff9a][0x12][0xffffffc1]k[0xffffff97][0xffffffae]<YJ[0xffffffe4][0xffffffad]][0xffffffba]j[0xffffffe5]([0xffffff91][0xffffffb2]v[0xffffffa9][0xffffffc5][0xffffffbb]A[0x9][0xffffffb7]vy][0xfffffffd]EQ[0x2]_[0xffffffbb][0x1c][0x1]k[0xffffff97][0xffffffc3]L[0xffffffb2][0x15][0x6][0x1c][[0xffffffbb][0x1c]2[0xffffffba]FR"d[0xffffffed][0xffffffd2][0x6][0xffffff92][0xffffffa1]D[0xffffffc0][0xffffffda][0xffffffa5][0xffffff84][0xffffffb3][0xffffff9a][0x12][0xffffffc1]k[0xffffff97][0xffffffae]<YJ[0xffffffe4][0xffffffad]][0xffffffba]j[0xffffffe5]([0xffffff91][0xffffffb2]v[0xffffffa9][0xffffffc5][0xffffffbb]A[0x9][0xffffffb7]vyM[0xffffff8e][0x12][0xfffffff8][0xffffffda][0xffffffe5][0x8]X[0xffffffbb][0x1c]f[0xffffff92][0xffffffad]0[0xffffffe0][0xffffffd8][0xffffffda][0xffffffe5][0xffffff90][0xffffffd1]5[0xffffff92][0x12]!k[0xffffff97]6[0xffffff90][0xc]%[0x2][0xffffffd6].%[0xffffff9c][0xffffffd5][0xffffff94][0x8]^[0xffffffbb]t[0xffffffe5][0xffffffc9]R"o[0xffffffed][0xffffffd2]U+G[0xffffff89][0xffffff94][0xffffffb5]K-[0xffffffde][\r]J[0xffffffb8][0xffffffb5][0xffffffcb][0xffffffd1]8J[0xffffffe0]k[0xffffff97]#`[0xffffffed]r[0xffffff98]I[0xffffffb6][0xffffffc2][0xffffff80]ck[0xffffff97]CF[0xffffffd7]HJ[0xffffff84][0xffffffac]][0xffffffda]@2[0xffffff94][0x8]X[0xffffffbb][0xffffff94]pVS"x[0xffffffed][0xffffffd2][0xffffff95]'K[0xffffff89][0xffffffbc][0xffffffb5]KW[0xffffffad][0x1c]%R[0xffffffd6].[0xffffffb5]x7([0xffffffe1][0xffffffd6].[0xffffffc7]u[0xf][0xffffff8a][0x12][0xfffffff8][0xffffffda][0xffffffe5][0x8]X[0xffffffbb][0x1c]f[0xffffff92][0xffffffad]0[0xffffffe0][0xffffffd8][0xffffffda][0xffffffe5][0xffffff90][0xffffffd1]5[0xffffff92][0x12]!k[0xffffff97]6[0xffffff90][0xc]%[0x2][0xffffffd6].%[0xffffff9c][0xffffffd5][0xffffff94][0x8]^[0xffffffbb]t[0xffffffe5][0xffffffc9]R"o[0xffffffed][0xffffffd2]U+G[0xffffff89][0xffffff94][0xffffffb5]K-[0xffffffde]-J[0xffffff9c]a[0xffffff94]8qJ[0xffffff9c][0x1][0xffffff94]8QJ[0xffffff9c][0x18]%[0xffffffce]$J[0xffffffac]Q[0xffffffa4]([0xffffffa1][0xffffff81][0xffffffa4]([0xffffffb1][0xffffffc6][0xffffff92][0xffffffa0][0xffffffc4][0x9]S[0xffffffe2][0xc][0xffffffa6][0xffffff84][0xffffff94]'M[0x9][0xffffffd3][0xffffffa5]4%[0xffffffa4]ZIJ[0xffffff9c])[0xffffff94]8[0xffffffff][0xffffff9a][0x12]n8{[0xffffffdc][0xffffffd8][0xffffffcd][0xffffffa0][0x3][0x1f][0xffffffce][0x1e][0x1][0xffffffc3][0xffffffd9][0xffffffc3][0xffffffac][0xffffffbb][0x16][0x6][0x1c][0x1b][0xffffffce][0x1e][0xffffffb2][0xffffffdf]JR"d8[0xffffffdb][0x6][0xffffff92][0xffffffa1]D[0xffffffc0]p[0xffffffb6][0xffffff84][0xffffffb3][0xffffff9a][0x12][0xffffffc1][0xffffffc3][0xffffffd9][0xffffffae]<YJ[0xffffffe4][\r]g[0xffffffbb]j[0xffffffe5]([0xffffff91]2[0xffffff9c][0xffffffad][0xffffffc5][0xfffffffb][0xffffffe7][0xffffff94][0xffffffb8][0xffffffdd]p[0xfffffff6][0xffffffdd]/[0xffffff8a][0x12]7>[0xffffff9c]}[0x7][0xc]g[0xffffffdf]f[0xffffffdd][0xffffffb5].[0xffffffe0]76[0xffffff9c]}[0xffffffcb]~+H[0x9][0x13]E[0xffffff84][0x12]6[0xffffff90][0x8]%L,[0xffffffcb])![0xffffffe1],[0xffffffa6][0xffffff84]D4[0xffffff88][0x12][0xffffffae]<QJ[0xfffffff8].E)[0xffffffe1][0xffffffaa][0x15][0xffffffa3][0xffffff84]6-D[0x9]-[0xffffffde][\r]J[0xffffffb8][0xffffffb5][0xffffffcb][0xfffffffb][0xffffffc1]v%n|[0xffffffed][0xfffffff2][0xe]X[0xffffffbb][0xffffffbc][0xffffffcd]$[a[0xffffffc0][0xffffffb1][0xffffffb5][0xffffffcb][F[0xffffffd7]HJ[0xffffff84][0xffffffac]][0xffffffda]@2[0xffffff94][0x8]X[0xffffffbb][0xffffff94]pVS"x[0xffffffed][0xffffffd2][0xffffff95]'K[0xffffff89][0xffffffbc][0xffffffb5]KW[0xffffffad][0x1c]%R[0xffffffd6].[0xffffffb5]x7([0xffffffe1]&[0xffffffaa][0xffffffee]9[0xffffffa9][0x13][0x1c]7>Qu[0x7]LT[0xffffffdd]fG[0xffffffa5]0[0xffffffe0][0xffffffd8]D[0xffffffd5]-K)$%B&[0xffffffaa]l [0x19]J[0x4]LTI8[0xffffffab])[0x11]<Q[0xffffffe5][0xffffffca][0xffffff93][0xffffffa5]D[0xffffffde]D[0xffffff95][0xffffffab]V[0xffffff8e][0x12])[0x13]UZ[0xffffffbc][0x1b][0xffffff94]p[0x13]U[0xffffffcf][0xffffffeb]<(J[0xffffffe0][0x13]Uw[0xffffffc0]D[0xffffffd5]mvT[\n]"
08:17:55.160 [TestNG-PoolService-3] DEBUG org.apache.hc.client5.http.wire -- http-outgoing-4 << "[0x3][0xffffff8e]MT[0xffffffdd][0xffffffb2][0xffffff94]BR"d[0xffffffa2][0xffffffca][0x6][0xffffff92][0xffffffa1]D[0xffffffc0]D[0xffffff95][0xffffff84][0xffffffb3][0xffffff9a][0x12][0xffffffc1][0x13]U[0xffffffae]<YJ[0xffffffe4]MT[0xffffffb9]j[0xffffffe5]([0xffffff91]2Q[0xffffffa5][0xffffffc5][0xffffffbb]A[0x9]7Q[0xfffffff5][0xffffffbc]&[0xfffffff6][0x7][0xe]|[0xffffffa2][0xffffffea][0xe][0xffffff98][0xffffffa8][0xffffffba][0xffffffcd][0xffffff8e]Ja[0xffffffc0][0xffffffb1][0xffffff89][0xffffffaa][[0xffffff96]RHJ[0xffffff84]LT[0xffffffd9]@2[0xffffff94][0x8][0xffffff98][0xffffffa8][0xffffff92]pVS"x[0xffffffa2][0xffffffca][0xffffff95]'K[0xffffff89][0xffffffbc][0xffffff89]*W[0xffffffad][0x1c]%R&[0xffffffaa][0xffffffb4]x7([0xffffffe1]&[0xffffffaa][0xffffff9e][0xffffffde].[0xffffff8a][0x12][0xfffffff8]D[0xffffffd5][0x1d]0Qu[0xffffff9b][0x1d][0xffffff95][0xffffffc2][0xffffff80]c[0x13]U[0xffffffb7],[0xffffffa5][0xffffff90][0xffffff94][0x8][0xffffff99][0xffffffa8][0xffffffb2][0xffffff81]d([0x11]0Q%[0xffffffe1][0xffffffac][0xffffffa6]D[0xfffffff0]D[0xffffff95]+O[0xffffff96][0x12]y[0x13]U[0xffffffae]Z9J[0xffffffa4]LTi[0xfffffff1]nQ[0xffffffa2][0xffffff87]Q[0xffffffa2][0xffffffe3][0xffffff94][0xffffffe8][0x1][0xffffff94][0xffffffe8](%:F[0xffffff89][0xffffff9e]D[0xffffff89]5[0xffffff8a][0x14]%4[0xffffff90][0x14]%[0xffffffd6]X[0x12][0xffffff94][0xffffffe8]0%z0%[0xffffffa4]<iJ[0xffffff98].[0xffffffa5])![0xffffffd5]JR[0xffffffa2][0xffffffa7]P[0xffffffa2][0xffffffff]5%[0xffffffdc][0xffffffda][0xffffffe5]su[0xffffffec]0([0xffffffbe]vy[0x7][0xffffffac]][0xffffffde]f[0xffffff92][0xffffffad]0[0xffffffe0][0xffffffd8][0xffffffda][0xffffffe5]-[0xffffffa3]k$%B[0xffffffd6].m [0x19]J[0x4][0xffffffac]]J8[0xffffffab])[0x11][0xffffffbc]v[0xffffffe9][0xffffffca][0xffffff93][0xffffffa5]D[0xffffffde][0xffffffda][0xffffffa5][0xffffffab]V[0xffffff8e][0x12])k[0xffffff97]Z[0xffffffbc][[0xffffff94]0o%PJ[0xffffffd0]o%[0xffffff9e][0xffffff80][0xffffffb7][0x12][0xffffff8f][0xffffffd2][0xffffffb9]4[0xffffffe0][0xffffffd4][[0xffffff89]'[0xffffffe9][0xffffffad][0xffffff84]F[0xffffff91][0xffffffa2]D[0xffffffca][[0x9][0xffffff8d]%A[0x9][0xfffffff6][0xffffffad][0xffffffc4][0x1a][0xffffffd1],J[0xffffff84][0xffffffbd][0xffffff95][0xffffffb0]]JS"[0xffffffe8][0xffffffad][0xffffff84]4-G[0xffffff89][0xffffffff][0xffffffe2][0xffffffad][0xffffffc4][0x11]F[0xffffff89][0x3][0xffffffa7][0xffffffc4][0x11]@[0xffffff89][0x3][0xffffffa5][0xffffffc4][0xffffff81]Q[0xffffffe2]H[0xffffffa2][0xffffffc4][0x1a]E[0xffffff8a][0x12][0x1a]H[0xffffff8a][0x12]k,[0x9]J[0x1c]0%[0xffffff8e]`JHy[0xffffffd2][0xffffff94]0]JSB[0xffffffaa][0xffffff95][0xffffffa4][0xffffffc4][0xffffff91]B[0xffffff89][0xffffffe3]?[0xffffffa0]DK[0xffffffb3]D[0xffffffe3]1[0xffffffd1][0x12]4[0xffffffd1]XN4[0xffffffce][0x13]-[\n]"
08:17:55.160 [TestNG-PoolService-3] DEBUG org.apache.hc.client5.http.wire -- http-outgoing-4 << "[0x14][0xffffff92]GJ[0x14]&[0xffffff95][0x14])$[0xffffff9b][0xffffff84])[0x1a][0xffffff8d][0xffffff8a][0xffffff96][0xffffffac][\n]"
08:17:55.160 [TestNG-PoolService-3] DEBUG org.apache.hc.client5.http.wire -- http-outgoing-4 << "[0xffffffad]Q[0xffffff9a][0x15][0xffffffae]UiWh[0xffffffc9][0xffffff92][0xffffffb0]X;[0xffffff97][0xffffff93][0xffffffc5]Z[0xffffffc1][[0xffffffb4][0xffffffe8]g[0x18]-:|[0xffffffc1][0xffffffd7][0xfffffff7]#[0xfffffff0][0xffffffb4][0xffffffe8][0xffffffe0][0x15]_[0xffffffdf]?O[0xffffffd1][0xffffffa2][0xffffffe7]\[0xfffffff2][0xffffffe5][0xfffffff2]H[0xffffffd1][0xffffffc2][0xffffffa4][0xffffff92][0xffffffa2][0xffffff85]d[0xffffff93][0xffffffa0]EG/[0xfffffffa][0xffffffd2][0xffffff9c]f[0xffffffd1]Bk[0xffffff94][0xffffffa6][0xffffff85]kU[0xffffff9a][0x16]Z[0xffffffb2]$-[0xffffffd6][0xffffffce][0xffffffe5]h[0xffffffb1]V[0xfffffff0][0x16]-[0xffffff8e][0xffffffb4][0xffffffb7][0x16][0x7][0xffffffff][0xffffffd6][0xffffffe2]Hxkq[0xffffffb0]o-[0xe][0xffffffee][0xffffffad][0xffffffc5][0x11][0xfffffff5][0xffffffd6]B[0xfffffff2]H[0xffffffd1][0xffffffc2][0xffffffa4][0xffffff92][0xffffffa2][0xffffff85]d[0xffffff93][0xffffffa0][0xffffffc5]A[0xffffffbf][0xffffffb5]8[0xffffff92][0xffffffdf]Zh[0xffffff8d][0xffffffd2][0xffffffb4]p[0xffffffad]J[0xffffffd3]BK[0xffffff96][0xffffffa4][0xffffffc5][0xffffffda][0xffffffb9][0x1c]-[0xffffffd6][\n]"
08:17:55.160 [TestNG-PoolService-3] DEBUG org.apache.hc.client5.http.wire -- http-outgoing-4 << "[0xffffffde][0xffffffa2][0xffffffc5][0xffffff98]a[0xffffffb4][0x18][0x13][0xffffffa7][0xffffffc5][0xffffffc7]#[0xfffffff0][0xffffffb4][0xfffffff8][0xfffffff1][0x10][0x14]->~[0xffffff9e][0xffffffa2][0xffffffc5][0xfffffff7]O[0xffffffa7][0xffffffd0]B[0xfffffff2]H[0xffffffd1][0xffffffc2][0xffffffa4][0xffffff92][0xffffffa2][0xffffff85]d[0xffffff93][0xffffffa0][0xffffffc5][0xffffff92][0xffffffd0]zZ,9[0xffffffcd][0xffffffa2][0xffffff85][0xffffffd6](M[0xb][0xffffffd7][0xffffffaa]4-[0xffffffb4]dIZ[0xffffffac][0xffffff9d][0xffffffcb][0xffffffd1]b[0xffffffad][0xffffffe0]-Z<W[0x18]-[0xffffff9e][0xb][0xffffffa7][0xffffffc5][0xffffffc7]#[0xfffffff0][0xffffffb4][0xfffffff8][0xfffffff1][0x10][0x14]->~[0xffffff9e][0xffffffa2][0xffffffc5][0xfffffff7]O[0xffffffa7][0xffffffd0]B[0xfffffff2]H[0xffffffd1][0xffffffc2][0xffffffa4][0xffffff92][0xffffffa2][0xffffff85]d[0xffffff93][0xffffffa0][0xffffffc5][0xffffff92][0xffffffd0]zZ,9[0xffffffcd][0xffffffa2][0xffffff85][0xffffffd6](M[0xb][0xffffffd7][0xffffffaa]4-[0xffffffb4]dIZ[0xffffffac][0xffffff9d][0xffffffcb][0xffffffd1]b[0xffffffad][0xffffffe0]=Z[0xffffffdc]i[0xffffffb4][0xffffffb8]yZ[0xffffffdc][0x9][0xffffffb4][0xffffffb8]YZ[0xffffffdc][0x1c]-[0xffffffee](Z[0xffffffac]y[0xffffffc4]h[0xffffffa1][0xffffffa9][0xffffffc4]h[0xffffffb1]f[0x13][0xffffffa1][0xffffffc5]M[0xffffffd3][0xffffffe2]N[0xffffffa6][0xffffff85][0xffffffd4](N[0xb][0xffffffd3][0xffffffaa]8-[0xffffffa4]dQZ[0xffffffdc]1[0xffffffb4][0xffffffb8][0xffffffff][0x3]Z[0xffffffb4][0xffffffd7][0x13]f[0xffffff8b][0xffffff8f]'[0xffffffc2]q[0xfffffff1][0xfffffff9][0xc][0xffffffbc].~>[0x5][0xffffffc5][0xffffff8b][0xffffffcf][0xffffffdf][0xffffffa7]|[0xfffffff1][0xffffffe3][0xffffffb7]S[0xffffff80][0xffffffa1][0xffffffa1][0xffffffa4][0xffffff84][0xffffffe1][0xffffffa2]I[0x11]C[0x3]J[0x18]c[0xffffff8d]i=2[0xffffffd6][0xffffffb0]f)[0xffffffc3][0x14]*[0xffffffcd][0xc][0xffffffdb][0xffffffaf][0xffffffb4]3L[0xffffffdd][0xffffff92][0xffffffd0][0xffffff90][0xfffffff6][0xffffffe5][0xffffffa4]!e[0xffffffbc]E[0xffffff8d][0xfffffffe]:[0xffffffc3][0xffffffa8][0xfffffff1][0xfffffff1]D85>[0xffffff9f][0xffffff81][0xffffffa7][0xffffffc6][0xffffffcf][0xffffffa7][0xffffffa0][0xffffffa8][0xfffffff1][0xfffffff9][0xfffffffb][0x14]5~[0xfffffffc]v[\n]"
08:17:55.160 [TestNG-PoolService-3] DEBUG org.apache.hc.client5.http.wire -- http-outgoing-4 << "54[0xffffff94][0x14]5\4)jh@[0x9]j[0xffffffac]1[0xffffffad][0xffffffa7][0xffffffc6][0x1a][0xffffffd6],j[0xffffff98]B[0xffffffa5][0xffffffa9]a[0xfffffffb][0xffffff95][0xffffffa6][0xffffff86][0xffffffa9][[0xffffff92][0x1a][0xffffffd2][0xffffffbe][0x1c]5[0xffffffa4][0xffffff8c][0xfffffff7][0xffffffa8]1[0xffffffe2][0xffffffa8]1[0x2][0xffffffa8]1"[0xffffffa8]1`j[0xc][0xffffff90][0x1a]#[0xffffff8b][0x1a][0x12]J[0xffffff8c][0x1a]&[0xffffff9a][0x18]5$[0xffffffa0][0x8]5[0x6]N[0xffffff8d][0x11]M[\r]-T[0xffffff9c][0x1a][0xffffffae]_qjh[0xffffffdd][0xffffffa2][0xffffffd4]X[0xffffffdb][0x17][0xffffffa4][0xffffffc6]Z[0xffffffc6][0x7f]B[0xffffff8d][0xfffffffe][0xfffffffd][0xffffffaf]Ls[0xffffff87][0xffffffc8]l[0xffffffe7]Q[0xe][0xffffff8d][0xffffffdf][0xffffffcf]C1[0xffffffe3][0x1f]O[0xffffff80]!cy[0xffffff86]bb[0xfffffffc][0xffffffe3][0xffffffd7][0xffffff8b][0xffffff81][0xfffffff1][0xffffffbf][0xffffffbf][0xc][0xfffffff3][0xffffffe2]m[0x14][0xffffff8b]q[0xfffffff1]/[0xffffff81],[0xffffffa6][0xffffffc5][0xffffffdb]X[0x16][0xffffffc2][0xffffffe2]M8[0xffffffcb]X[0xfffffff1]&[0xffffffa2][0x11][0xffffffa8]x_[0xffffff9e][0x10])[0xfffffffe][0xffffffad]K!P[0xffffffbc][0xffffffaf]V[0xffffff80][0x13][0xffffffef][0xffffff9a][0xffffffb6][0x1c][0x13][0xffffffef][0xffffff8a][0xfffffff7][0xffffffcf])[0xfffffff1][0xffffffbc][0x1c]%[0xffffff8e][0xffffffe3][0xffffff86]([0xfffffff1][0xfffffff9]<,%[0xffffffbe][0xffffff9e][0x0][0xffffffa6][0xffffffc4][0xffffffaf]g@([0xfffffff1][0xfffffff5][0xffffffeb][0x8]%~[0xfffffffe]r[0x4]%L[0x14][0x11]J[0xffffffd8]@"[0xffffff94]0[0xffffffb1],[0xffffffa7][0xffffff84][0xffffff84][0xffffffb3][0xffffff98][0x12][0x12][0xffffffd1] J[0xffffffb8][0xfffffff2]D)[0xffffffe1][0xffffffbb][0x14][0xffffffa5][0xffffff84][0xffffffab]V[0xffffff8c][0x12][0xffffffda][0xffffffb4][0x10]%[0xffffffb4]x7([0xffffffd1][0x1c]%[0xffffffee][0x13][0xffffffa3]D[0xffffffc3])[0xffffffd1][0x2]([0xffffffd1]4[0xffffffef][0xffffff85][0x1]o[0x18]%Z[0x12]%4[0xffffff8a][0xc]%\ [0x19]Jh,[0xffffffeb])[0xffffffb1][0xffffff86][0xffffffb3][0xffffff9a][0x12]kD[0xffffff93](a[0xffffffca][0xffffff93][0xffffffa5][0xffffff84][0xffffffed]R[0xffffff96][0x12][0xffffffa6]Z9JH[0xffffffd3]R[0xffffff94][0xffffff90][0xffffffe2][0xffffffdd][0xffffffa0][0xffffffc4][0xffffffa1][0xffffff94][0xffffffb8]_[0xffffffc7]M[0xfffffffd][0xffffff81][0xffffffe3][0xfffffff3]y`J[0x1c][0x1][0xffffff94]84[0xffffffef][0xffffff85][0x1]?0J[0x1c]I[0xffffff94][0xffffffd0](2[0xffffff94]p[0xffffff81]d([0xffffffa1][0xffffffb1][0xffffffac][0xffffffa7][0xffffffc4][0x1a][0xffffffce]jJ[0xffffffac][0x11]M[0xffffffa2][0xffffff84])O[0xffffff96][0x12][0xffffffb6]KYJ[0xffffff98]j[0xffffffe5](!MKQB[0xffffff8a]w[0xffffff83][0x12][0xffffffa7][0xffffffa3][0xffffffc4][0xfffffff5][0xfffffff5][0xffffffbf][0x17]B[0xffffff89][0x13][0xffffffa7][0xffffffc4][0x19]@[0xffffff89]S[0xfffffff3]^[0x18][0xfffffff0][0x13][0xffffffa3][0xffffffc4][0xffffff99]D[0x9][0xffffff8d]"C[0x9][0x17]H[0xffffff86][0x12][0x1a][0xffffffcb]zJ[0xffffffac][0xffffffe1][0xffffffac][0xffffffa6][0xffffffc4][0x1a][0xffffffd1]$J[0xffffff98][0xfffffff2]d)a[0xffffffbb][0xffffff94][0xffffffa5][0xffffff84][0xffffffa9]V[0xffffff8e][0x12][0xffffffd2][0xffffffb4][0x14]%[0xffffffa4]x7(q9J[0xffffffcc][0xffffffe3][0xffffffa4](q[0xffffffe1][0xffffff94][0xffffffb8][0x2](qi[0xffffffde][0xb][0x3]~a[0xffffff94][0xffffffb8][0xffffff92]([0xffffffa1]Qd([0xffffffe1][0x2][0xffffffc9]PBcYO[0xffffff89]5[0xffffff9c][0xffffffd5][0xffffff94]X#[0xffffff9a]D[0x9]S[0xffffff9e],%l[0xffffff97][0xffffffb2][0xffffff94]0[0xffffffd5][0xffffffca]QB[0xffffff9a][0xffffff96][0xffffffa2][0xffffff84][0x14][0xffffffef][0x6]%[0xffffff86][0xffffffa5][0xffffffc4][0xffffffc4](1pJ[0xffffff8c][0x0]J[0xc][0xffffffcd]{a[0xffffffc0][0x7]F[0xffffff89][0xffffff91]D[0x9][0xffffff8d]"C[0x9][0x17]H[0xffffff86][0x12][0x1a][0xffffffcb]zJ[0xffffffac][0xffffffe1][0xffffffac][0xffffffa6][0xffffffc4][0x1a][0xffffffd1]$J[0xffffff98][0xfffffff2]d)a[0xffffffbb][0xffffff94][0xffffffa5][0xffffff84][0xffffffa9]V[0xffffff8e][0x12][0xffffffd2][0xffffffb4][0x14]%[0xffffffa4]x7(q[0x1b]J[0xffffffb4][0xffffffd7][0x18][0x14]%n[0xffffff9c][0x12]w[0x0]%n[0xffffffcd]{a[0xffffffc0]o[0xffffff8c][0x12]w[0x12]%4[0xffffff8a][0xc]%\ [0x19]Jh,[0xffffffeb])[0xffffffb1][0xffffff86][0xffffffb3][0xffffff9a][0x12]kD[0xffffff93](a[0xffffffca][0xffffff93][0xffffffa5][0xffffff84][0xffffffed]R[0xffffff96][0x12][0xffffffa6]Z9JH[0xffffffd3]R[0xffffff94][0xffffff90][0xffffffe2][0xffffffdd][0xffffffa0][0xffffffc4][0xffffffe3]([0xffffffd1][0x1a][0xfffffff6][0xffffffad][0xffffffc4][0xffffff83]S[0xffffffe2][0x9][0xffffffa0][0xffffffc4][0xffffffa3]y/[0xc][0xfffffff8][0xffffff83]Q[0xffffffe2]I[0xffffffa2][0xffffff84]F[0xffffff91][0xffffffa1][0xffffff84][0xb]$C[0x9][0xffffff8d]e=%[0xffffffd6]pVSb[0xffffff8d]h[0x12]%Ly[0xffffffb2][0xffffff94][0xffffffb0]][0xffffffca]R[0xffffffc2]T+G[0x9]iZ[0xffffff8a][0x12]R[0xffffffbc][0x1b][0xffffff94]0[0x13]U[0x1f][0xffffff94][0xffffffe0][0xffffffde]J[0xffffffe0][0x13]UO[0xffffffc0]D[0xffffffd5]cvT[\n]"
08:17:55.160 [TestNG-PoolService-1] DEBUG org.apache.hc.client5.http.wire -- http-outgoing-3 << "[0xc][0xffffffda][0xffffffcd][0xfffffff5]u[0xffffff85][0x1][0xffffffc7]n[0x6][0xffffffed]rA[0x1d]I[0xffffff89][0xffffff90][0xffffff9b]Am [0x19]J[0x4][0xffffffdc][0xc]*[0xffffffe1][0xffffffac][0xffffffa6]D[0xfffffff0][0xffffffcd][0xffffffa0][0xffffffae]<YJ[0xffffffe4][0xffffffdd][0xc][0xffffffea][0xffffffaa][0xffffff95][0xffffffa3]D[0xffffffca][0xffffffcd][0xffffffa0]Z[0xffffffbc][0x1b][0xffffff94]8[0xfffffffe][0xffffffef][0x14]J[0xffffff8c]W[0xffffffc3][0xffffffde]J|<[0xf]L[0xffffff89][0xffffffcf]'[0xffffffa0])[0xfffffff1][0xfffffff3][0x19][0x18]J|[0xfffffffe]:C[0xffffff89][0x1f][0xffffffbf][0xffffff9c]A[0x9][0xffffff8d]"C[0x9][0x17]H[0xffffff86][0x12][0x1a][0xffffffcb]zJ[0xffffffac][0xffffffe1][0xffffffac][0xffffffa6][0xffffffc4][0x1a][0xffffffd1]$J[0xffffff98][0xfffffff2]d)a[0xffffffbb][0xffffff94][0xffffffa5][0xffffff84][0xffffffa9]V[0xffffff8e][0x12][0xffffffd2][0xffffffb4][0x14]%[0xffffffa4]x[0xffffffb7](1[0xffffffc2](1pJ[0xffffff8c][0x0]J[0xc][0xffffff94][0x12][0x3][0xffffffa3][0xffffffc4]H[0xffffffa2][0xffffffc4][0x1a]E[0xffffff8a][0x12][0x1a]H[0xffffff8a][0x12]k,[0x9]J[0xc][0xffffff98][0x12]#[0xffffff98][0x12]R[0xffffff9e]4%L[0xffffff97][0xffffffd2][0xffffff94][0xffffff90]j%)1R(1[0xfffffffe][0x3]J[0xffffffb4][0x19]f[0xffffff89]6qL|<[0x2][0xffffffaf][0xffffff89][0x1f][0xf]Aq[0xffffffe2][0xffffffe3][0xffffffe7])O|[0xffffffff]t[\n]"
08:17:55.160 [TestNG-PoolService-3] DEBUG org.apache.hc.client5.http.wire -- http-outgoing-4 << "[0x3][0xffffff8e]MT=[0xffffffb2][0xffffff94]BR"d[0xffffffa2][0xffffffca][0x6][0xffffff92][0xffffffa1]D[0xffffffc0]D[0xffffff95][0xffffff84][0xffffffb3][0xffffff9a][0x12][0xffffffc1][0x13]U[0xffffffae]<YJ[0xffffffe4]MT[0xffffffb9]j[0xffffffe5]([0xffffff91]2Q[0xffffffa5][0xffffffc5][0xfffffffb][0xffffffe7][0xffffff94][0xffffff98]f[0xffffffa2][0xffffffea][0xfffffffe][0xfffffff8][0x7f][0xffffff9e][0x10]%&>Q5[0x3]&[0xffffffaa][0xffffffa6][0xffffffd9]Q[0xffffffa9][0xb][0xfffffff8][0xffffffc4]&[0xffffffaa][0xffffffa6],[0xffffffa5][0xffffff80][0xffffff94]0QD(a[0x3][0xffffff89]P[0xffffffc2][0xffffffc4][0xffffffb2][0xffffff9c][0x12][0x12][0xffffffce]bJHD[0xffffff83]([0xffffffe1][0xffffffca][0x13][0xffffffa5][0xffffff84][0xffffffef]R[0xffffff94][0x12][0xffffffae]Z1Jh[0xffffffd3]B[0xffffff94][0xffffffd0][0xffffffe2][0xffffffdd][0xffffffa0][0xffffff84][0xffffff99][0xffffffa8][0xffffffba][0xffffffdb][0xfffffffd]P[0x13]U[0x13][0xffffff9f][0xffffffa8][0xffffff9a][0x1][0x13]U[0xffffffd3][0xffffffec][0xffffffa8][0x14][0x6][0x1c][0xffffff9b][0xffffffa8][0xffffff9a][0xffffffb2][0xffffff94]BR"d[0xffffffa2][0xffffffca][0x6][0xffffff92][0xffffffa1]D[0xffffffc0]D[0xffffff95][0xffffff84][0xffffffb3][0xffffff9a][0x12][0xffffffc1][0x13]U[0xffffffae]<YJ[0xffffffe4]MT[0xffffffb9]j[0xffffffe5]([0xffffff91]2Q[0xffffffa5][0xffffffc5][0xffffffbb]A[0xffffff89][0xffffffee](1[0xffffff9f]FQ[0xffffffa2][0xffffffe3][0xffffff94][0xffffffe8][0x1][0xffffff94][0xffffffe8][0xffffff9a][0xfffffff7][0xffffffc2][0xffffff80]w[0xffffff8c][0x12]=[0xffffff89][0x12][0x1a]E[0xffffff86][0x12].[0xffffff90][0xc]%4[0xffffff96][0xfffffff5][0xffffff94]X[0xffffffc3]YM[0xffffff89]5[0xffffffa2]I[0xffffff94]0[0xffffffe5][0xffffffc9]R[0xffffffc2]v)K[0x9]S[0xffffffad][0x1c]%[0xffffffa4]i)JH[0xfffffff1]nP[0xffffffc2][0xffffffad]][0xfffffff6][0xfffffff3]<)J[0xffffffe0]k[0xffffff97]3`[0xffffffed]r[0xffffff9a]I[0xffffffb6][0xffffffc2][0xffffff80]ck[0xffffff97]SF[0xffffffd7]HJ[0xffffff84][0xffffffac]][0xffffffda]@2[0xffffff94][0x8]X[0xffffffbb][0xffffff94]pVS"x[0xffffffed][0xffffffd2][0xffffff95]'K[0xffffff89][0xffffffbc][0xffffffb5]KW[0xffffffad][0x1c]%R[0xffffffd6].[0xffffffb5]x[0xffffffb7]([0xffffffd1][0xffffffc3]([0xffffffd1]qJ[0xfffffff4][0x0]Jt[0xffffff94][0x12][0x1d][0xffffffa3]DO[0xffffffa2][0xffffffc4][0x1a]E[0xffffff8a][0x12][0x1a]H[0xffffff8a][0x12]k,[0x9]Jt[0xffffff98][0x12]=[0xffffff98][0x12]R[0xffffff9e]4%L[0xffffff97][0xffffffd2][0xffffff94][0xffffff90]j%)[0xffffffd1]S([0xffffffd1][0xffffffff][0xffffff9a][0x12]n8[0xffffffbb]_[0x17]u[0x18]t[0xffffffe2][0xffffffc3][0xffffffd9]3`8{[0xffffff9a]u[0xffffffd7][0xffffffc2][0xffffff80]c[0xffffffc3][0xffffffd9]S[0xfffffff6][IJ[0xffffff84][0xc]g[0xffffffdb]@2[0xffffff94][0x8][0x18][0xffffffce][0xffffff96]pVS"x8[0xffffffdb][0xffffff95]'K[0xffffff89][0xffffffbc][0xffffffe1]lW[0xffffffad][0x1c]%R[0xffffff86][0xffffffb3][0xffffffb5]x[0xffffffb7](a[0xffffffde]J[0xffffffa0][0xffffff94][0xffffffa0][0xffffffdf]J[0xffffff9c][0x1]o%N[0xffffffa5]si[0xffffffc0][0xffffffa9][0xffffffb7][0x12]g[0xffffffd2][[0x9][0xffffff8d]"E[0xffffff89][0xffffff94][0xffffffb7][0x12][0x1a]K[0xffffff82][0x12][0xffffffec][[0xffffff89]5[0xffffffa2]Y[0xffffff94][0x8]{+a[0xffffffbb][0xffffff94][0xffffffa6]D[0xffffffd0][[0x9]iZ[0xffffff8e][0x12][0x7f][0xffffffff]V[0xffffffc2][0xffffffad]][0x1e][0xffffffe3][0xffffff99][0x14]%[0xfffffff0][0xffffffb5][0xffffffcb][0x19][0xffffffb0]v9[0xffffffcd]$[a[0xffffffc0][0xffffffb1][0xffffffb5][0xffffffcb])[0xffffffa3]k$%B[0xffffffd6].m [0x19]J[0x4][0xffffffac]]J8[0xffffffab])[0x11][0xffffffbc]v[0xffffffe9][0xffffffca][0xffffff93][0xffffffa5]D[0xffffffde][0xffffffda][0xffffffa5][0xffffffab]V[0xffffff8e][0x12])k[0xffffff97]Z[0xffffffbc][0x1b][0xffffff94]pk[0xffffff97][0xffffffc7]s][0x14]%[0xfffffff0][0xffffffb5][0xffffffcb][0x19][0xffffffb0]v9[0xffffffcd]$[a[0xffffffc0][0xffffffb1][0xffffffb5][0xffffffcb])[0xffffffa3]k$%B[0xffffffd6].m [0x19]J[0x4][0xffffffac]]J8[0xffffffab])[0x11][0xffffffbc]v[0xffffffe9][0xffffffca][0xffffff93][0xffffffa5]D[0xffffffde][0xffffffda][0xffffffa5][0xffffffab]V[0xffffff8e][0x12])k[0xffffff97]Z[0xffffffbc][0x1b][0xffffff94]pk[0xffffff97]g?[0xffffffa8][0xffffffb5][0xffffffcb][0xffffff89][0xffffffaf]][0xffffffce][0xffffff80][0xffffffb5][0xffffffcb]i&[0xffffffd9][\n]"
08:17:55.160 [TestNG-PoolService-1] DEBUG org.apache.hc.client5.http.wire -- http-outgoing-3 << "($[0xffffff8f][0xffffff94](L*)RH6[0x9]S,[0x9][0xffffffad]G[0xffffffc5][0xffffff92][0xffffffd3],Uh[0xffffff8d][0xffffffd2][0xffffffac]p[0xffffffad]J[0xffffffbb]BK[0xffffff96][0xffffff84][0xffffffc5][0xffffffda][0xffffffb9][0xffffff9c],[0xffffffd6][\n]"
08:17:55.161 [TestNG-PoolService-3] DEBUG org.apache.hc.client5.http.wire -- http-outgoing-4 << "[0x3][0xffffff8e][0xffffffad]]N[0x19]]#)[0x11][0xffffffb2]vi[0x3][0xffffffc9]P"`[0xffffffed]R[0xffffffc2]YM[0xffffff89][0xffffffe0][0xffffffb5]KW[0xffffff9e],%[0xfffffff2][0xffffffd6].][0xffffffb5]r[0xffffff94]HY[0xffffffbb][0xffffffd4][0xffffffe2][0xfffffffd]cJ</[0xffffffb7]vyvj[0xffffffa2][0xffffffea][0xffffffeb]yPJ|?[0x1]K[0xffffff89][0xffffffdf][0xffffffcf]@P[0xffffffe2][0xfffffffb][0xffffffd7][0x9]J[0xfffffffc][0xfffffffa][0xffffffe5][0x4]J[0xffffffb8]([0x12][0xffffff94][0xfffffff0][0xffffff81]$([0xffffffe1]bYM[0x9][\r]g-%4[0xffffffa2]9[0xffffff94][0xffffffb0][0xffffffe5]IR[0xffffffe2]M[0xffffff97][0xffffff92][0xffffff94][0xffffffb0][0xffffffd5]JQ[0xffffffc2]4-C[0x9]S[0xffffffbc][0x1b][0xffffff94]pk[0xffffff97][0xffffffe7]qB[0xffffff9f]]~=[0xf]L[0x9]~[0xffffffed][0xfffffff2][0xfffffff7]30[0xffffff94][0xffffffa0][0xffffffd6].[0x7f][0xfffffffd]r[0x6]%2[0xffffffd6].} [0x19]J[0xfffffff0]k[0xffffff97][0x1a][0xffffffce]jJ[0xffffffe4][0xffffffae]][0xffffffda][0xfffffff2]d)[0x11][0xffffffb7]vi[0xffffffab][0xffffff95][0xffffffa3]D[0xffffffc8][0xffffffda][0xffffffa5])[0xffffffde][\r]JtK[0x9][0xffffffee][0xffffffad]D[0xffffffc7])[0xffffffd1][0x3]([0xffffffd1]5[0xffffffef][0xffffff85][0x1][0xffffffef][0x18]%z[0x12]%4[0xffffff8a][0xc]%\ [0x19]Jh,[0xffffffeb])[0xffffffb1][0xffffff86][0xffffffb3][0xffffff9a][0x12]kD[0xffffff93](a[0xffffffca][0xffffff93][0xffffffa5][0xffffff84][0xffffffed]R[0xffffff96][0x12][0xffffffa6]Z9JH[0xffffffd3]R[0xffffff94][0xffffff90][0xffffffe2][0xffffffdd][0xffffffa0][0xffffff84][[0xffffffbb]<[0xffffffcf][0x3]:[0xffffffc1][0xfffffff1][0xfffffff5]<0%[0xfffffff8][0xffffffb5][0xffffffcb][0xffffffdf][0xffffffcf][0xffffffc0]P[0xffffff82]Z[0xffffffbb][0xfffffffc][0xfffffff5][0xffffffcb][0x19][0xffffff94][0xffffffc8]X[0xffffffbb][0xfffffff4][0xffffff81]d([0xffffffc1][0xffffffaf]]j8[0xffffffab])[0xffffff91][0xffffffbb]vi[0xffffffcb][0xffffff93][0xffffffa5]D[0xffffffdc][0xffffffda][0xffffffa5][0xffffffad]V[0xffffff8e][0x12]!k[0xffffff97][0xffffffa6]x[0xffffffb7]([0xffffffd1][0xffffffc2]([0xffffffd1]pJ[0xffffffb4][0x0]J4[0xffffff94][0x12][\r][0xffffffa3]DK[0xffffffa2][0xffffffc4][0x1a]E[0xffffff8a][0x12][0x1a]H[0xffffff8a][0x12]k,[0x9]J4[0xffffff98][0x12]-[0xffffff98][0x12]R[0xffffff9e]4%L[0xffffff97][0xffffffd2][0xffffff94][0xffffff90]j%)[0xffffffd1]R([0xffffffd1][0xfffffffe][0xffffff9a][0x12]n[0xffffffed][0xfffffff2][0xffffffbc][0xffffff9e][0xffffff83][0xffffffa2][0x4][0xffffffbd]v[0xfffffff9][0xfffffffd][0x4]4%[0xffffffc8][0xffffffb5][0xffffffcb][0xffffffef]_g([0x11][0xffffffb4]v[0xffffffe9][0xffffffa2][0xffffffc8]P"e[0xffffffed][0xffffffd2][0xffffffc5][0xffffffb2][0xffffff9e][0x12][0xffffffec][0xffffffda][0xffffffa5]F4[0xffffff89][0x12]ak[0xffffff97]o[0xffffffba][0xffffff94][0xffffffa5]D[0xffffffd0][0xffffffda][0xffffffa5]iZ[0xffffff8a][0x12][0x7f][0xffffffbf]v[0xfffffff9][0xffffffbc].C[0xffffff89][0xffffffeb][0xfffffff5]zQ[0xffffff94][0xffffffb8]pJ\[0x1][0xffffff94][0xffffffb8]4[0xffffffef][0xffffff85][0x1][0xffffffbf]0J\I[0xffffff94][0xffffffd0](2[0xffffff94]p[0xffffff81]d([0xffffffa1][0xffffffb1][0xffffffac][0xffffffa7][0xffffffc4][0x1a][0xffffffce]jJ[0xffffffac][0x11]M[0xffffffa2][0xffffff84])O[0xffffff96][0x12][0xffffffb6]KYJ[0xffffff98]j[0xffffffe5](!MKQB[0xffffff8a]w[0xffffff83][0x12][0xffffffc3]Q[0xffffffa2]][0xffffffd8]g[0xffffff97][0x3][0xffffffa7][0xffffffc4][0x8][0xffffffa0][0xffffffc4][0xffffffd0][0xffffffbc][0x17][0x6]|`[0xffffff94][0x18]I[0xffffff94][0xffffffd0](2[0xffffff94]p[0xffffff81]d([0xffffffa1][0xffffffb1][0xffffffac][0xffffffa7][0xffffffc4][0x1a][0xffffffce]jJ[0xffffffac][0x11]M[0xffffffa2][0xffffff84])O[0xffffff96][0x12][0xffffffb6]KYJ[0xffffff98]j[0xffffffe5](!MKQB[0xffffff8a]w[0xffffff83][0x12]n8[0xfffffffb][0x1a][0x7]v[0x18][0xffffff94][0x1e][0xffffffce][0xfffffffe]~[0x2][0xffffff9a][0x12][0xffffffe4]p[0xfffffff6][0xfffffff7][0xffffffaf]3[0xffffff94][0x8][0x1a][0xffffffce]vQd([0xffffff91]2[0xffffff9c][0xffffffed]bYO[0x9]v8[#[0xffffff9a]D[0xffffff89][0xffffffb0][0xffffffe1][0xffffffec]7][0xffffffca]R"h8[0xffffffdb]4-E[0xffffff89][0xffffffbf][0x1f][0xffffffce]~^n8[0xfffffffb][0xfffffffa][0xfffffff8][0xffffffa7])J[0xffffffd0][0xffffffc3][0xffffffd9][0xffffffdf]O@S[0xffffff82][0x1c][0xffffffce][0xfffffffe][0xfffffffe]u[0xffffff86][0x12]A[0xffffffc3][0xffffffd9].[0xffffff8a][0xc]%R[0xffffff86][0xffffffb3]],[0xffffffeb])[0xffffffc1][0xe]gkD[0xffffff93]([0x11]6[0xffffff9c][0xfffffffd][0xffffffa6]KYJ[0x4][\r]g[0xffffff9b][0xffffffa6][0xffffffa5]([0xfffffff1][0xfffffff7][0xffffffc3][0xffffffd9][0xffffffcf][0xffffffcb][\r]g[0xffffff8f]W[0x7f](J[0xffffffd0][0xffffffc3][0xffffffd9][0xffffffdf]O@S[0xffffff82][0x1c][0xffffffce][0xfffffffe][0xfffffffe]u[0xffffff86][0x12]A[0xffffffc3][0xffffffd9].[0xffffff8a][0xc]%R[0xffffff86][0xffffffb3]],[0xffffffeb])[0xffffffc1][0xe]gkD[0xffffff93]([0x11]6[0xffffff9c][0xfffffffd][0xffffffa6]KYJ[0x4][\r]g[0xffffff9b][0xffffffa6][0xffffffa5]([0xfffffff1][0x1f][0xc]g77[0xffffff9c]=[0xfffffffa]h[0x10]%[0x1a]>[0xffffff9c][0xffffffdd][0x2][0xffffff86][0xffffffb3][0xffffff9b]Yw[0xffffffad][0xb]x[0xffffffc3][0xffffff86][0xffffffb3][0xffffff9b][0xffffffec][0xffffffb7][0xffffff82][0xffffff94]0QD(a[0x3][0xffffff89]P[0xffffffc2][0xffffffc4][0xffffffb2][0xffffff9c][0x12][0x12][0xffffffce]bJHD[0xffffff83]([0xffffffe1][0xffffffca][0x13][0xffffffa5][0xffffff84][0xffffffef]R[0xffffff94][0x12][0xffffffae]Z1Jh[0xffffffd3]B[0xffffff94][0xffffffd0][0xffffffe2][0xffffffdd][0xffffffa0][0xffffff84][0x1b][0xffffffce][0x1e]w[0xffffff83][0xffffffae][0xfffffff3][0xfffffffa]z[0x1e][0xffffff98][0x12][0x1][0xffffffc3][0xffffffd9][0xffffffcd][0xffffffac][0xffffffbb][0x16][0x6][0x1c][0x1b][0xffffffce]n[0xffffffb2][0xffffffdf]JR"d8[0xffffffdb][0x6][0xffffff92][0xffffffa1]D[0xffffffc0]p[0xffffffb6][0xffffff84][0xffffffb3][0xffffff9a][0x12][0xffffffc1][0xffffffc3][0xffffffd9][0xffffffae]<YJ[0xffffffe4][\r]g[0xffffffbb]j[0xffffffe5]([0xffffff91]2[0xffffff9c][0xffffffad][0xffffffc5][0xffffffbb]E[0xffffff89][0x1e]F[0xffffff89][0xffffff8e]S[0xffffffa2][0x7]P[0xffffffa2][0xffffffa3][0xffffff94][0xffffffe8][0x18]%z[0x12]%[0xffffffd6](R[0xffffff94][0xffffffd0]@R[0xffffff94]XcIP[0xffffffa2][0xffffffc3][0xffffff94][0xffffffe8][0xffffffc1][0xffffff94][0xffffff90][0xfffffff2][0xffffffa4])a[0xffffffba][0xffffff94][0xffffffa6][0xffffff84]T+I[0xffffff89][0xffffff9e]B[0xffffff89][0xfffffffe][0xffffffd7][0xffffff94][0xffffffe8][0xffffffee][0xffffffad][0xffffffc4]sb[0xffffff94][0xffffffe8][0xfffffff8][[0xffffff89][0x1e][0xfffffff0]V[0xffffffa2]+[0xffffff9d][0xb][0x3][0xffffffde][0xffffffb1][0xffffffb7][0x12]=[0xffffffe9][0xffffffad][0xffffff84]F[0xffffff91][0xffffffa1][0xffffff84][0xb]$C[0x9][0xffffff8d]e=%[0xffffffd6]pVSb[0xffffff8d]h[0x12]%Ly[0xffffffb2][0xffffff94][0xffffffb0]][0xffffffca]R[0xffffffc2]T+G[0x9]iZ[0xffffff8a][0x12]R[0xffffffbc][0x1b][0xffffff94]pwp[0xffffffdc][0xffffffbd]Q[0xffffff87]A[0x1b]~[0x7]G[0xb][0xffffffb8][0xffffff83][0xffffffa3][0xffffff99][0xffffffa1][0xfffffff8][0xffffffc2][0xffffff80]cwp4[0xffffff99][0xffffff82]')[0x11]r[0x7][0xffffff87][\r]$C[0xffffff89][0xffffff80];8$[0xffffff9c][0xffffffd5][0xffffff94][0x8][0xffffffbe][0xffffff83][0xffffffc3][0xffffff95]'K[0xffffff89][0xffffffbc];8\[0xffffffb5]r[0xffffff94]H[0xffffffb9][0xffffff83]C[0xffffff8b]w[0xffffff83][0x12]n8[0xfffffffb][0xffffffee][0xf][0xfffffff6]V[0x2][0x1f][0xffffffce]n[0x1][0xffffffc3][0xffffffd9][0xffffffcd][0xffffffac][0xffffffbb][0x16][0x6][0x1c][0x1b][0xffffffce]n[0xffffffb2][0xffffffdf]JR"d8[0xffffffdb][0x6][0xffffff92][0xffffffa1]D[0xffffffc0]p[0xffffffb6][0xffffff84][0xffffffb3][0xffffff9a][0x12][0xffffffc1][0xffffffc3][0xffffffd9][0xffffffae]<YJ[0xffffffe4][\r]g[0xffffffbb]j[0xffffffe5]([0xffffff91]2[0xffffff9c][0xffffffad][0xffffffc5][0xffffffbb]A[0x9]7[0xffffff9c]}[0x1f][0xffffffdc][0x1f]8[0xfffffff0][0xffffffe1][0xffffffec][0x16]0[0xffffff9c][0xffffffdd][0xffffffcc][0xffffffba]ka[0xffffffc0][0xffffffb1][0xffffffe1][0xffffffec]&[0xfffffffb][0xffffffad]$%B[0xffffff86][0xffffffb3]m [0x19]J[0x4][0xc]gK8[0xffffffab])[0x11]<[0xffffff9c][0xffffffed][0xffffffca][0xffffff93][0xffffffa5]D[0xffffffde]p[0xffffffb6][0xffffffab]V[0xffffff8e][0x12])[0xffffffc3][0xffffffd9]Z[0xffffffbc][0x1b][0xffffff94]p[0xffffffc3][0xffffffd9][0xfffffff7]1[0xffffffa9][0xffffffeb][0xffffffbc][0x1a]>[0xffffff9c][0xffffffdd][0x2][0xffffff86][0xffffffb3][0xffffff9b]Yw-[0xc]86[0xffffff9c][0xffffffdd]d[0xffffffbf][0xffffff95][0xffffffa4]D[0xffffffc8]p[0xffffffb6][\r]$C[0xffffff89][0xffffff80][0xffffffe1]l[0x9]g5%[0xffffff82][0xffffff87][0xffffffb3]]y[0xffffffb2][0xffffff94][0xffffffc8][0x1b][0xffffffce]v[0xffffffd5][0xffffffca]Q"e8[[0xffffff8b]w[0xffffff83][0x12]n8[0xfffffffb]>O[0xffffffea]:[0xffffffaf][0xffffff86][0xf]g[0xffffffb7][0xffffff80][0xffffffe1][0xffffffec]f[0xffffffd6]][0xb][0x3][0xffffff8e][\r]g7[0xffffffd9]o%)[0x11]2[0xffffff9c]m[0x3][0xffffffc9]P"`8[[0xffffffc2]YM[0xffffff89][0xffffffe0][0xffffffe1]lW[0xffffff9e],%[0xfffffff2][0xffffff86][0xffffffb3]][0xffffffb5]r[0xffffff94]H[0x19][0xffffffce][0xffffffd6][0xffffffe2][0xfffffffd]sJt7Q[0xfffffff5][0xffffffbc][0x1e]j[0xffffffa2][0xffffffaa][0xffffffe3][0x13]U=`[0xffffffa2][0xffffffaa][0xffffff9b][0x1d][0xffffff95][0xffffffba][0xffffff80]wl[0xffffffa2][0xffffffaa][0xffffffcb]R[\n]"
08:17:55.161 [TestNG-PoolService-1] DEBUG org.apache.hc.client5.http.wire -- http-outgoing-3 << "[0xffffffde][0xffffffa2][0xffffffc5][0xffffffd1][0xffffffc2]hq4[0xffffff9c][0x16][0x1f][0xffffff8f][0xffffffc0][0xffffffd3][0xffffffe2][0xffffffc7]CP[0xffffffb4][0xfffffff8][0xfffffff8]y[0xffffff8a][0x16][0xffffffdf]?[0xffffff9d]B[0xb][0xffffffc9]#E[0xb][0xffffff93]J[0xffffff8a][0x16][0xffffff92]M[0xffffff82][0x16]KB[0xffffffeb]i[0xffffffb1][0xffffffe4]4[0xffffff8b][0x16]Z[0xffffffa3]4-\[0xffffffab][0xffffffd2][0xffffffb4][0xffffffd0][0xffffff92]%i[0xffffffb1]v.G[0xffffff8b][0xffffffb5][0xffffff82][0xffffffb7]hq[0xffffff9e]a[0xffffffb4]8[0x3][0xffffffbe][0xffffffa6][0xffffff88][0xfffffff8][0xffffff9c][0x2][0xfffffffe][0xffffff9e][0x2][0xfffffffc][0xffffffa0]"[0xffffffeb][0xffffff8b][0xffffff8a][0xffffff98]O*[0xffffff82][0xffffffbe][0xffffffa9][0xffffff88][0xfffffff8][0xffffffa8][0x2][0xffffffff][0xffffffaa]"[0xfffffffa][0xffffffb3][0xffffff8a][0xffffffbc][0xffffffef]*[0x12]?[0xffffffac][0xffffffc8][0xfffffffa][0xffffffb2]"[0xffffffe7][0xffffffd3][0xffffff8a][0xffffffff][0xffffffe2][0xffffffdb][0xffffff8a][0xffffffeb][0x9][0xffffffa3][0xffffffc5][0xfffffff5][0xffffffe0][0xffffffb4][0xfffffff8]x[0x4][0xffffff9e][0x16]?[0x1e][0xffffff82][0xffffffa2][0xffffffc5][0xffffffc7][0xffffffcf]S[0xffffffb4][0xfffffff8][0xfffffffe][0xffffffe9][0x14]ZH[0x1e])Z[0xffffff98]TR[0xffffffb4][0xffffff90]l[0x12][0xffffffb4]X[0x12]ZO[0xffffff8b]%[0xffffffa7]Y[0xffffffb4][0xffffffd0][0x1a][0xffffffa5]i[0xffffffe1]Z[0xffffff95][0xffffffa6][0xffffff85][0xffffff96],I[0xffffff8b][0xffffffb5]s9Z[0xffffffac][0x15][0xffffffbc]E[0xffffff8b][0xffffff91][0xfffffff6][0xffffffad][0xffffffc5][0xffffffe0][0xffffffbf][0xffffffb5][0x18][0x9][0xffffffdf]Z[0xc][0xfffffff6][[0xffffff8b][0xffffffc1]}k1[0xffffffa2][0xffffffbe][0xffffffb5][0xffffff90]<R[0xffffffb4]0[0xffffffa9][0xffffffa4]h![0xffffffd9]$h1[0xffffffe8]o-F[0xfffffff2][0xffffffb7][0x16]Z[0xffffffa3]4-\[0xffffffab][0xffffffd2][0xffffffb4][0xffffffd0][0xffffff92]%i[0xffffffb1]v.G[0xffffff8b][0xffffffb5][0xffffff82][0xffffffb7]h1[0xffffffd3][0xffffffbe][0xffffffb5][0xffffff98][0xfffffffc][0xffffffb7][0x16]3[0xffffffe1][[0xffffff8b][0xffffffc9]~k1[0xffffffb9]o-f[0xffffffd4][0xffffffb7][0x16][0xffffff92]G[0xffffff8a][0x16]&[0xffffff95][0x14]-$[0xffffff9b][0x4]-&[0xfffffffd][0xffffffad][0xffffffc5]L[0xfffffffe][0xffffffd6]Bk[0xffffff94][0xffffffa6][0xffffff85]kU[0xffffff9a][0x16]Z[0xffffffb2]$-[0xffffffd6][0xffffffce][0xffffffe5]h[0xffffffb1]V[0xfffffff0][0x1e]-[0xffffff8e]4Z[0x1c]<-[0xffffff8e][0x4]Z[0x1c],-[0xe][0xffffff8e][0x16]G[0x14]-[0xffffffd6]<b[0xffffffb4][0xffffffd0]Tb[0xffffffb4]X[0xffffffb3][0xffffff89][0xffffffd0][0xffffffe2][0xffffffa0]iq$[0xffffffd3]Bj[0x14][0xffffffa7][0xffffff85]iU[0xffffff9c][0x16]R[0xffffffb2](-[0xffffff8e][0x18]Z[0x1c][0xffffffff][0x1]-ZK[[0xffffffb2][0xfffffff8]x"[0x1c][0x17][0xffffff9f][0xffffffcf][0xffffffc0][0xffffffeb][0xffffffe2][0xffffffe7]SP[0xffffffbc][0xfffffff8][0xfffffffc]}[0xffffffca][0x17]?~;[0x5][0x18][0x1a]JJ[0x18].[0xffffff9a][0x14]14[0xffffffa0][0xffffff84]1[0xffffffd6][0xffffff98][0xffffffd6]#c[\r]k[0xffffff96]2L[0xffffffa1][0xffffffd2][0xffffffcc][0xffffffb0][0xfffffffd]J;[0xffffffc3][0xffffffd4]-[0x9][\r]i_N[0x1a]R[0xffffffc6][0x7f]B[0xffffff8d][0xfffffff6][0xfffffffd][0xffffffaf][0xffffffb8]K[0xffffffcf][0xffffffc7][0xfffffffd][0xffffffea][0xffffffe5][0xffffffd0][0xfffffff8][0xfffffffd]<[0x14]3[0xfffffffe][0xfffffff1][0x4][0x18]2[0xffffff96]g(&[0xffffffc6]?~[0xffffffbd][0x18][0x18][0xffffffff][0xfffffffb][0xffffffcb]0/[0xffffffde]F[0xffffffb1][0x18][0x17][0xffffffff][0x12][0xffffffc8]bZ[0xffffffbc][0xffffff8d]e!,[0xffffffde][0xffffff84][0xffffffb3][0xffffff8c][0x15]o"[0x1a][0xffffff81][0xffffff8a][0xfffffff7][0xffffffe5][0x9][0xffffff91][0xffffffe2][0xffffffdf][0xffffffba][0x14][0x2][0xffffffc5][0xfffffffb]j[0x5]8[0xfffffff1][0xffffffae]i[0xffffffcb]1[0xfffffff1][0xffffffae]x7([0xffffffe1].=[0x1f]s>[0x14]%[0xffffffc0]K[0xffffffcf][0xffffffff][0xfffffff1][0x4]4%[0xffffffa0]K[0xffffffcf][0xffffffff][0xfffffff1][0xffffffeb][0xc]%2.=[0x7f][0x1b]E[0xffffff86][0x12][0x1][0xffffff97][0xffffff9e][0xffffffbf][0xffffff8d]e=%[0xffffffb0]K[0xffffffcf][0xffffffdf]D4[0xffffff89][0x12]9[0xffffff97][0xffffff9e][0xffffffff][[0xffffff97][0xffffffb2][0xffffff94][0xffffffc8][0xffffffb8][0xfffffff4][0xfffffffc]][0xffffffd3]R[0xffffff94][0xfffffff8][0xffffffab]K[0xffffffcf][0x7f][0xfffffffc][0x1b][0xffffffc3]P[0xffffffe2]>[0xffffffae]FQb[0xffffffe0][0xffffff94][0x18][0x1][0xffffff94][0x18][0xffffff9a][0xfffffff7][0xffffffc2][0xffffff80][0xf][0xffffff8c][0x12]#[0xffffff89][0x12][0x1a]E[0xffffff86][0x12].[0xffffff90][0xc]%4[0xffffff96][0xfffffff5][0xffffff94]X[0xffffffc3]YM[0xffffff89]5[0xffffffa2]I[0xffffff94]0[0xffffffe5][0xffffffc9]R[0xffffffc2]v)K[0x9]S[0xffffffad][0x1c]%[0xffffffa4]i)JH[0xfffffff1]nP[0xffffffe2]v[0xffffff94][0xffffffb8][0xfffffffa][0xffffff8b][0xffffffa2][0xffffffc4][0xffffff8d]S[0xffffffe2][0xe][0xffffffa0][0xffffffc4][0xffffffad]y/[0xc][0xfffffff8][0xffffff8d]Q[0xffffffe2]N[0xffffffa2][0xffffff84]F[0xffffff91][0xffffffa1][0xffffff84][0xb]$C[0x9][0xffffff8d]e=%[0xffffffd6]pVSb[0xffffff8d]h[0x12]%Ly[0xffffffb2][0xffffff94][0xffffffb0]][0xffffffca]R[0xffffffc2]T+G[0x9]iZ[0xffffff8a][0x12]R[0xffffffbc][0x1b][0xffffff94]x[0x1c]%f[0xffffff9f][0x14]%[0x1e][0xffffff9c][0x12]O[0x0]%[0x1e][0xffffffcd]{a[0xffffffc0][0x1f][0xffffff8c][0x12]O[0x12]%4[0xffffff8a][0xc]%\ [0x19]Jh,[0xffffffeb])[0xffffffb1][0xffffff86][0xffffffb3][0xffffff9a][0x12]kD[0xffffff93](a[0xffffffca][0xffffff93][0xffffffa5][0xffffff84][0xffffffed]R[0xffffff96][0x12][0xffffffa6]Z9JH[0xffffffd3]R[0xffffff94][0xffffff90][0xffffffe2][0xffffffdd][0xffffffa0][0xffffffc4]4[0xffffff94]x[0xffffffda][0xffffff81][0xfffffffd][0xffffff81]c[0xffffffe2][0xffffff94][0xffffff98][0x1][0xffffff94][0xffffff98][0xffffff9a][0xfffffff7][0xffffffc2][0xffffff80]O[0xffffff8c][0x12]3[0xffffff89][0x12][0x1a]E[0xffffff86][0x12].[0xffffff90][0xc]%4[0xffffff96][0xfffffff5][0xffffff94]X[0xffffffc3]YM[0xffffff89]5[0xffffffa2]I[0xffffff94]0[0xffffffe5][0xffffffc9]R[0xffffffc2]v)K[0x9]S[0xffffffad][0x1c]%[0xffffffa4]i)JH[0xfffffff1][0xfffffffe]9%>[0xffffff8f][0xffffff83](%[0xffffffce]I[0xfffffffd][0xffffff81][0xffffffe3][0xfffffff3]yXJ|=[0x1]L[0xffffff89]_[0xffffffcf][0xffffff80]P[0xffffffe2][0xffffffeb][0xffffffd7][0x11]J[0xfffffffc][0xfffffffc][0xffffffe5][0x8]J[0xffffff98]("[0xffffff94][0xffffffb0][0xffffff81]D(abYN[0x9][0x9]g1%$[0xffffffa2]A[0xffffff94]p[0xffffffe5][0xffffff89]R[0xffffffc2]w)J[0x9]W[0xffffffad][0x18]%[0xffffffb4]i!Jh[0xfffffff1]nP[0xffffffa2]9J\_S[0x14][0x8]%[0x1a]N[0xffffff89][0x16]@[0xffffff89][0xffffffa6]y/[0xc]x[0xffffffc3]([0xffffffd1][0xffffff92]([0xffffffa1]Qd([0xffffffe1][0x2][0xffffffc9]PBcYO[0xffffff89]5[0xffffff9c][0xffffffd5][0xffffff94]X#[0xffffff9a]D[0x9]S[0xffffff9e],%l[0xffffff97][0xffffffb2][0xffffff94]0[0xffffffd5][0xffffffca]QB[0xffffff9a][0xffffff96][0xffffffa2][0xffffff84][0x14][0xffffffef][0x6]%[0xffffffba][0xffffffa5][0xffffffc4][0xffffff83]Q[0xffffffa2][0xffffffe3][0xffffff94][0xffffffe8][0x1][0xffffff94][0xffffffe8][0xffffff9a][0xfffffff7][0xffffffc2][0xffffff80]w[0xffffff8c][0x12]=[0xffffff89][0x12][0x1a]E[0xffffff86][0x12].[0xffffff90][0xc]%4[0xffffff96][0xfffffff5][0xffffff94]X[0xffffffc3]YM[0xffffff89]5[0xffffffa2]I[0xffffff94]0[0xffffffe5][0xffffffc9]R[0xffffffc2]v)K[0x9]S[0xffffffad][0x1c]%[0xffffffa4]i)JH[0xfffffff1]nP[0xffffffe2]p[0xffffff94][0x18][0xffffffbd]~[0xb][0xfffffff3][0xfffffff7][0xfffffff3][0xffffffc0][0xffffff94]8[0x2](qh[0xffffffde][0xb][0x3]~`[0xffffff94]8[0xffffff92]([0xffffffa1]Qd([0xffffffe1][0x2][0xffffffc9]PBcYO[0xffffff89]5[0xffffff9c][0xffffffd5][0xffffff94]X#[0xffffff9a]D[0x9]S[0xffffff9e],%l[0xffffff97][0xffffffb2][0xffffff94]0[0xffffffd5][0xffffffca]QB[0xffffff9a][0xffffff96][0xffffffa2][0xffffff84][0x14][0xffffffef][0x6]%[0xffffffdc][0xffffffda][0xffffffe5]3[0x6][0xffffffb5]vy[0xffffffe0]k[0xffffff97]G[0xffffffc0][0xffffffda][0xffffffe5]a&[0xffffffd9][\n]"
08:17:55.161 [TestNG-PoolService-3] DEBUG org.apache.hc.client5.http.wire -- http-outgoing-4 << "H[0x9][0x13]E[0xffffff84][0x12]6[0xffffff90][0x8]%L,[0xffffffcb])![0xffffffe1],[0xffffffa6][0xffffff84]D4[0xffffff88][0x12][0xffffffae]<QJ[0xfffffff8].E)[0xffffffe1][0xffffffaa][0x15][0xffffffa3][0xffffff84]6-D[0x9]-[0xffffffde][\r]J[0xffffffb8][0xffffff89][0xffffffaa][0xffffffa7][0xffffffcf]IQ[0x2][0xffffff9f][0xffffffa8][0xffffffea][0x1][0x13]U[0xffffffdd][0xffffffec][0xffffffa8][0x14][0x6][0x1c][0xffffff9b][0xffffffa8][0xffffffea][0xffffffb2][0xffffff94]BR"d[0xffffffa2][0xffffffca][0x6][0xffffff92][0xffffffa1]D[0xffffffc0]D[0xffffff95][0xffffff84][0xffffffb3][0xffffff9a][0x12][0xffffffc1][0x13]U[0xffffffae]<YJ[0xffffffe4]MT[0xffffffb9]j[0xffffffe5]([0xffffff91]2Q[0xffffffa5][0xffffffc5][0xffffffbb]E[0x9][0xffffff9d][0xffffffa8]b)[0x1]OT[0xfffffff5][0xffffff80][0xffffff89][0xffffffaa]nvTJ[0x3][0xe]MTuYJa)[0x11]1Qe[0x3]IQ[0x2][0xffffff9f][0xffffffa8][0xffffff92]p[0xffffffd6]S"v[0xffffffa2][0xffffffca][0xffffff95]'M[0xffffff89][0xffffffb4][0xffffff89]*W[0xffffffad]$%2&[0xffffffaa][0xffffffb4]x7([0xffffffe1]v%[0xffffff9e][0xffffff89][0x1d][0x6][0xffffffed][0xfffffff8][0xffffffae]D[0xf][0xffffffd8][0xffffff95][0xffffffe8][0xffffffe6][0xfffffff0]sa[0xffffffc0][0xffffffb1]][0xffffff89].[0xffffffc7][0xffffff9b]IJ[0xffffff84][0xffffffec]J[0xffffffd8]@2[0xffffff94][0x8][0xffffffd8][0xffffff95][0xffffff90]pVS"xW[0xffffffc2][0xffffff95]'K[0xffffff89][0xffffffbc]][0x9]W[0xffffffad][0x1c]%Rv%[0xffffffb4]x7([0xffffffe1]v%[0xffffffe6][0xffffffd9][0xffffffb1][0xffffffb7][0x12][0xfffffff8][0xffffffae]D[0xf][0xffffffd8][0xffffff95][0xffffffe8][0xffffffe6][0xfffffff0]sa[0xffffffc0][0xffffffb1]][0xffffff89].[0xffffffc7][0xffffff9b]IJ[0xffffff84][0xffffffec]J[0xffffffd8]@2[0xffffff94][0x8][0xffffffd8][0xffffff95][0xffffff90]pVS"xW[0xffffffc2][0xffffff95]'K[0xffffff89][0xffffffbc]][0x9]W[0xffffffad][0x1c]%Rv%[0xffffffb4]x7(a[0xe][0xffffff83]>[0xffffffaf][0xffffffd6]n[0xffffff8a][0x12][0xfffffff8]a[0xffffffd0][0x1e]p[0x18][0xffffffb4][0xffffff9b][0x13]K[0xffffff85][0x1][0xffffffc7][0xe][0xffffff83]v9[0xffffff93]DR"[0xffffffe4]0[0xffffffa8][\r]$C[0xffffff89][0xffffff80][0xffffffc3][0xffffffa0][0x12][0xffffffce]jJ[0x4][0x1f][0x6]u[0xffffffe5][0xffffffc9]R"[0xffffffef]0[0xffffffa8][0xffffffab]V[0xffffff8e][0x12])[0xffffff87]A[0xffffffb5]x7(a[0xe][0xffffff83]>[0xffffffaf][0xffffffe3][0xffffffea][0x14]%[0xfffffff0][0xffffffc3][0xffffffa0]=[0xffffffe0]0h7'[0xffffff96][\n]"
08:17:55.161 [TestNG-PoolService-1] DEBUG org.apache.hc.client5.http.wire -- http-outgoing-3 << "[0x3][0xffffff8e][0xffffffad]][0x1e]2[0xffffffba]FR"d[0xffffffed][0xffffffd2][0x6][0xffffff92][0xffffffa1]D[0xffffffc0][0xffffffda][0xffffffa5][0xffffff84][0xffffffb3][0xffffff9a][0x12][0xffffffc1]k[0xffffff97][0xffffffae]<YJ[0xffffffe4][0xffffffad]][0xffffffba]j[0xffffffe5]([0xffffff91][0xffffffb2]v[0xffffffa9][0xffffffc5][0xffffffbb]A[0x9][0xffffffb7]v[0xfffffff9][0xffffffdc][0x1d][0xfffffffb][0x3][0x7][0xffffffbe]vy[0x4][0xffffffac]][0x1e]f[0xffffff92][0xffffffad]0[0xffffffe0][0xffffffd8][0xffffffda][0xffffffe5]![0xffffffa3]k$%B[0xffffffd6].m [0x19]J[0x4][0xffffffac]]J8[0xffffffab])[0x11][0xffffffbc]v[0xffffffe9][0xffffffca][0xffffff93][0xffffffa5]D[0xffffffde][0xffffffda][0xffffffa5][0xffffffab]V[0xffffff8e][0x12])k[0xffffff97]Z[0xffffffbc][0x1b][0xffffff94]pk[0xffffff97][0xffffffcf][0xfffffff3]`o%[0xfffffff0][0xffffffb5][0xffffffcb]#`[0xffffffed][0xfffffff2]0[0xffffff93]l[0xffffff85][0x1][0xffffffc7][0xffffffd6].[0xf][0x19]]#)[0x11][0xffffffb2]vi[0x3][0xffffffc9]P"`[0xffffffed]R[0xffffffc2]YM[0xffffff89][0xffffffe0][0xffffffb5]KW[0xffffff9e],%[0xfffffff2][0xffffffd6].][0xffffffb5]r[0xffffff94]HY[0xffffffbb][0xffffffd4][0xffffffe2][0xffffffdd][0xffffffa0][0xffffff84][0xffffff9b][0xffffffa8][0xffffff9a]cbo%[0xfffffff0][0xffffff89][0xffffffaa]#`[0xffffffa2][0xffffffea]0;*[0xffffff85][0x1][0xffffffc7]&[0xffffffaa][0xe]YJ!)[0x11]2Qe[0x3][0xffffffc9]P"`[0xffffffa2]J[0xffffffc2]YM[0xffffff89][0xffffffe0][0xffffff89]*W[0xffffff9e],%[0xfffffff2]&[0xffffffaa]\[0xffffffb5]r[0xffffff94]H[0xffffff99][0xffffffa8][0xffffffd2][0xffffffe2][0xffffffdd][0xffffffa0][0xffffff84][0xffffff9b][0xffffffa8][0xffffff9a][0xfffffff3]E][0xffffffe7]u[0xffffffe0][0x13]UG[0xffffffc0]D[0xffffffd5]avT[\n]"
08:17:55.161 [TestNG-PoolService-3] DEBUG org.apache.hc.client5.http.wire -- http-outgoing-4 << "[0x3][0xffffff8e][0x1d][0x6][0xffffffed]r&[0xffffff89][0xffffffa4]D[0xffffffc8]aP[0x1b]H[0xffffff86][0x12][0x1][0xffffff87]A%[0xffffff9c][0xffffffd5][0xffffff94][0x8]>[0xc][0xffffffea][0xffffffca][0xffffff93][0xffffffa5]D[0xffffffde]aPW[0xffffffad][0x1c]%R[0xe][0xffffff83]j[0xfffffff1]nP[0xffffffe2]q[0xffffff94][0xffffffb8][0xffffffef][0xffffff87][0xffffffa2][0xffffffc4][0xffffff83]S[0xffffffe2][0x9][0xffffffa0][0xffffffc4][0xffffffa3]y/[0xc][0xfffffff8][0xffffff83]Q[0xffffffe2]I[0xffffffa2][0xffffff84]F[0xffffff91][0xffffffa1][0xffffff84][0xb]$C[0x9][0xffffff8d]e=%[0xffffffd6]pVSb[0xffffff8d]h[0x12]%Ly[0xffffffb2][0xffffff94][0xffffffb0]][0xffffffca]R[0xffffffc2]T+G[0x9]iZ[0xffffff8a][0x12]R[0xffffffbc][0x1b][0xffffff94][0xffffff98][0xffffff8e][0x12][0xffffffcf][0xffffff89][0xffffffed]JL[0xffffff9c][0x12]3[0xffffff80][0x12]S[0xfffffff3]^[0x18][0xfffffff0][0xffffff89]Qb&QB[0xffffffa3][0xffffffc8]P[0xffffffc2][0x5][0xffffff92][0xffffffa1][0xffffff84][0xffffffc6][0xffffffb2][0xffffff9e][0x12]k8[0xffffffab]"
08:17:55.161 [TestNG-PoolService-2] DEBUG org.apache.hc.client5.http.wire -- http-outgoing-5 << "a[0xffffffcb][0xffffff93][0xffffffa5]D[0xffffffdc][0x1d][0x1c][0xffffffb6]Z9J[0xffffff84][0xffffffdc][0xffffffc1]a[0xffffff8a]w[0xffffff83][0x12][0xffffffe6][0xe][0xffffff8e][0xf]J[0xffffffdc][0xffffffd8][0xffffffb7][0x12][0xfffffff4][0x1d][0x1c][0xffffffdf]O@S[0xffffff82][0xffffffbc][0xffffff83][0xffffffe3][0xfffffffb][0xffffffd7][0x19]J[0x4][0xffffffdd][0xffffffc1][0xffffffe1][0xffffffa2][0xffffffc8]P"[0xffffffe5][0xe][0xe][0x17][0xffffffcb]zJ[0xffffffb0]wphD[0xffffff93]([0x11]v[0x7][0xffffffc7][0xffffff9b].e)[0x11]t[0x7][0xffffff87]iZ[0xffffff8a][0x12][0x7f][0x7f][0x7][0xffffffc7][0xfffffffd]rwp[0xfffffff4]sb[0xffffffdf]J[0xffffffd0]wp|?[0x1]M[0x9][0xfffffff2][0xe][0xffffff8e][0xffffffef]_g([0x11]t[0x7][0xffffff87][0xffffff8b]"C[0xffffff89][0xffffff94];8\,[0xffffffeb])[0xffffffc1][0xffffffde][0xffffffc1][0xffffffa1][0x11]M[0xffffffa2]D[0xffffffd8][0x1d][0x1c]o[0xffffffba][0xffffff94][0xffffffa5]D[0xffffffd0][0x1d][0x1c][0xffffffa6]i)J[0xfffffffc][0xfffffffd][0x1d][0x1c][0xfffffff7][0xffffffcb][0xffffffdd][0xffffffc1][0xffffffd1][0xffffffaf][0x13][0xffffffba][0x19][0xfffffff4][0xffffffeb]y`J[0xfffffff0]wp[0xfffffffc]~[0x6][0xffffff86][0x12][0xffffffd4][0x1d][0x1c][0xffffffbf]~9[0xffffff83][0x12][0x19]wp[0xfffffff8]@2[0xffffff94][0xffffffe0][0xffffffef][0xffffffe0][0xffffffd0]pVS"[0xfffffff7][0xe][0xe][[0xffffff9e],%[0xffffffe2][0xffffffee][0xffffffe0][0xffffffb0][0xffffffd5][0xffffffca]Q"[0xffffffe4][0xe][0xe]S[0xffffffbc][0x1b][0xffffff94]pwp[0xfffffff4]1;E[0x9][0xfffffffa][0xe][0xffffff8e][0xffffffef]'[0xffffffa0])A[0xffffffde][0xffffffc1][0xfffffff1][0xfffffffd][0xffffffeb][0xc]%[0xffffff82][0xffffffee][0xffffffe0]pQd([0xffffff91]r[0x7][0xffffff87][0xffffff8b]e=%[0xffffffd8];84[0xffffffa2]I[0xffffff94][0x8][0xffffffbb][0xffffff83][0xffffffe3]M[0xffffff97][0xffffffb2][0xffffff94][0x8][0xffffffba][0xffffff83][0xffffffc3]4-E[0xffffff89][0xffffffbf][0xffffffbf][0xffffff83][0xffffffe3]~[0xffffffb9];8[0xffffff8e][0xffffffd7][0xffffffc0]>[0xffffffbb][0xffffffa4][0xffffffef][0xffffffe0][0xfffffff8]~[0x2][0xffffff9a][0x12][0xffffffe4][0x1d][0x1c][0xffffffdf][0xffffffbf][0xffffffce]P"[0xffffffe8][0xe][0xe][0x17]E[0xffffff86][0x12])wp[0xffffffb8]X[0xffffffd6]S[0xffffff82][0xffffffbd][0xffffff83]C#[0xffffff9a]D[0xffffff89][0xffffffb0];8[0xffffffde]t)K[0xffffff89][0xffffffa0];8L[0xffffffd3]R[0xffffff94][0xfffffff8][0xfffffffb];8[0xffffffee][0xfffffff6]r[0xffffff94][0xffffffe8][0xfffffff7][0x9]Q[0xffffffe2][0xfffffff3]yXJ|=[0x1]L[0xffffff89]_[0xffffffcf][0xffffff80]P[0xffffffe2][0xffffffeb][0xffffffd7][0x11]J[0xfffffffc][0xfffffffc][0xffffffe5][0x8]J[0xffffff98]("[0xffffff94][0xffffffb0][0xffffff81]D(abYN[0x9][0x9]g1%$[0xffffffa2]A[0xffffff94]p[0xffffffe5][0xffffff89]R[0xffffffc2]w)J[0x9]W[0xffffffad][0x18]%[0xffffffb4]i!Jh[0xfffffff1]nP[0xffffffc2][0xffffffed]J[0xffffff9c]mP[0xffffffc3][0xffffffd9][\r][0xffffffdf][0xffffff95]h[0x1][0xffffffbb][0x12][0xffffffcd][0x1c]~.[0xc]8[0xffffffb6]+[0xffffffd1][0xffffffe4]x3I[0xffffff89][0xffffff90]][0x9][0x1b]H[0xffffff86][0x12][0x1][0xffffffbb][0x12][0x12][0xffffffce]jJ[0x4][0xffffffef]J[0xffffffb8][0xfffffff2]d)[0xffffff91][0xffffffb7]+[0xffffffe1][0xffffffaa][0xffffff95][0xffffffa3]D[0xffffffca][0xffffffae][0xffffff84][0x16][0xffffffef][0x6]%[0xffffffdc][0xffffffae][0xffffffc4]y<[0xffffffd4][0x1f]8[0x1a][0xffffffbe]+[0xffffffd1][0x2]v%[0xffffff9a]9[0xfffffffc]\[0x18]plW[0xffffffa2][0xffffffc9][0xfffffff1]f[0xffffff92][0x12]![0xffffffbb][0x12]6[0xffffff90][0xc]%[0x2]v%$[0xffffff9c][0xffffffd5][0xffffff94][0x8][0xffffffde][0xffffff95]p[0xffffffe5][0xffffffc9]R"oW[0xffffffc2]U+G[0xffffff89][0xffffff94]][0x9]-[0xffffffde][\r]J[0xffffffb8]][0xffffff89]sp[0xffffff94][0xffffffc0]w%Z[0xffffffc0][0xffffffae]D3[0xffffff87][0xffffff9f][0xb][0x3][0xffffff8e][0xffffffed]J49[0xffffffde]LR"dW[0xffffffc2][0x6][0xffffff92][0xffffffa1]D[0xffffffc0][0xffffffae][0xffffff84][0xffffff84][0xffffffb3][0xffffff9a][0x12][0xffffffc1][0xffffffbb][0x12][0xffffffae]<YJ[0xffffffe4][0xffffffed]J[0xffffffb8]j[0xffffffe5]([0xffffff91][0xffffffb2]+[0xffffffa1][0xffffffc5][0xffffffbb]A[0x9][0xfffffff7][0xffffffd9][0xffffffe5]5:u[0x18][0xffffffb4][0xffffffe1][0xffffff9f]][0xffffffb6][0xffffff80][0xffffffcf].[0xffffff9b][0xfffffff9]6[0xffffffa8]0[0xffffffe0][0xffffffd8]g[0xffffff97]M[0xffffffbe][0xfffffffe]!)[0x11][0xfffffff2][0xffffffd9][0xffffffa5][\r]$C[0xffffff89][0xffffff80][0xffffffcf].%[0xffffff9c][0xffffffd5][0xffffff94][0x8][0xfffffffe][0xffffffec][0xffffffd2][0xffffff95]'K[0xffffff89][0xffffffbc][0xffffffcf].][0xffffffb5]r[0xffffff94]H[0xfffffff9][0xffffffec]R[0xffffff8b][0xfffffff7][0xffffffcf])[0xffffffd1]_[0xffffff96][0x12][0xffffffd8][0xffffffae][0xffffffc4][0xffffffe7][0xfffffff3][0xffffffb0][0xffffff94][0xfffffff8]z[0x2][0xffffff98][0x12][0xffffffbf][0xffffff9e][0x1][0xffffffa1][0xffffffc4][0xffffffd7][0xffffffaf]#[0xffffff94][0xfffffff8][0xfffffff9][0xffffffcb][0x11][0xffffff94]0QD(a[0x3][0xffffff89]P[0xffffffc2][0xffffffc4][0xffffffb2][0xffffff9c][0x12][0x12][0xffffffce]bJHD[0xffffff83]([0xffffffe1][0xffffffca][0x13][0xffffffa5][0xffffff84][0xffffffef]R[0xffffff94][0x12][0xffffffae]Z1Jh[0xffffffd3]B[0xffffff94][0xffffffd0][0xffffffe2][0xffffffdd][0xffffffa0][0xffffff84][0xffffffbb][0x19][0xfffffff4]z[0xfffffffa]IQ[0x2][0xffffffbf][0x19][0xffffffb4][0x7][0xffffffdc][0xc][0xffffffda][0xffffffcd][0xfffffff5]u[0xffffff85][0x1][0xffffffc7]n[0x6][0xffffffed]rA[0x1d]I[0xffffff89][0xffffff90][0xffffff9b]Am [0x19]J[0x4][0xffffffdc][0xc]*[0xffffffe1][0xffffffac][0xffffffa6]D[0xfffffff0][0xffffffcd][0xffffffa0][0xffffffae]<YJ[0xffffffe4][0xffffffdd][0xc][0xffffffea][0xffffffaa][0xffffff95][0xffffffa3]D[0xffffffca][0xffffffcd][0xffffffa0]Z[0xffffffbc][0x1b][0xffffff94]8[0xfffffffe][0xffffffef][0x14]J[0xffffff8c]W[0xffffffc3][0xffffffde]J|<[0xf]L[0xffffff89][0xffffffcf]'[0xffffffa0])[0xfffffff1][0xfffffff3][0x19][0x18]J|[0xfffffffe]:C[0xffffff89][0x1f][0xffffffbf][0xffffff9c]A[0x9][0xffffff8d]"C[0x9][0x17]H[0xffffff86][0x12][0x1a][0xffffffcb]zJ[0xffffffac][0xffffffe1][0xffffffac][0xffffffa6][0xffffffc4][0x1a][0xffffffd1]$J[0xffffff98][0xfffffff2]d)a[0xffffffbb][0xffffff94][0xffffffa5][0xffffff84][0xffffffa9]V[0xffffff8e][0x12][0xffffffd2][0xffffffb4][0x14]%[0xffffffa4]x[0xffffffb7](1[0xffffffc2](1pJ[0xffffff8c][0x0]J[0xc][0xffffff94][0x12][0x3][0xffffffa3][0xffffffc4]H[0xffffffa2][0xffffffc4][0x1a]E[0xffffff8a][0x12][0x1a]H[0xffffff8a][0x12]k,[0x9]J[0xc][0xffffff98][0x12]#[0xffffff98][0x12]R[0xffffff9e]4%L[0xffffff97][0xffffffd2][0xffffff94][0xffffff90]j%)1R(1[0xfffffffe][0x3]J[0xffffffb4][0x19]f[0xffffff89]6qL|<[0x2][0xffffffaf][0xffffff89][0x1f][0xf]Aq[0xffffffe2][0xffffffe3][0xffffffe7])O|[0xffffffff]t[\n]"
08:17:55.161 [TestNG-PoolService-1] DEBUG org.apache.hc.client5.http.wire -- http-outgoing-3 << "[0x3][0xffffff8e]MT[0x1d][0xffffffb2][0xffffff94]BR"d[0xffffffa2][0xffffffca][0x6][0xffffff92][0xffffffa1]D[0xffffffc0]D[0xffffff95][0xffffff84][0xffffffb3][0xffffff9a][0x12][0xffffffc1][0x13]U[0xffffffae]<YJ[0xffffffe4]MT[0xffffffb9]j[0xffffffe5]([0xffffff91]2Q[0xffffffa5][0xffffffc5][0xfffffffb][0xffffffe7][0xffffff94]8[0xffffffcd]D[0xffffffd5]x[0xfffffff5][0xffffff8b]:[0xffffffc1]q[0xffffffe2][0x13]Ug[0xffffffc0]D[0xffffffd5]ivT[0xffffffea][0x2]~b[0x13]U[0xffffffa7],[0xffffffa5][0xffffff80][0xffffff94]0QD(a[0x3][0xffffff89]P[0xffffffc2][0xffffffc4][0xffffffb2][0xffffff9c][0x12][0x12][0xffffffce]bJHD[0xffffff83]([0xffffffe1][0xffffffca][0x13][0xffffffa5][0xffffff84][0xffffffef]R[0xffffff94][0x12][0xffffffae]Z1Jh[0xffffffd3]B[0xffffff94][0xffffffd0][0xffffffe2][0xffffffdd][0xffffffa0]Ds[0xffffff94]8[0xffffffe7]EQ[0xffffffa2][0xffffffe1][0xffffff94]h[0x1][0xffffff94]h[0xffffff9a][0xfffffff7][0xffffffc2][0xffffff80]7[0xffffff8c][0x12]-[0xffffff89][0x12][0x1a]E[0xffffff86][0x12].[0xffffff90][0xc]%4[0xffffff96][0xfffffff5][0xffffff94]X[0xffffffc3]YM[0xffffff89]5[0xffffffa2]I[0xffffff94]0[0xffffffe5][0xffffffc9]R[0xffffffc2]v)K[0x9]S[0xffffffad][0x1c]%[0xffffffa4]i)JH[0xfffffff1]nP[0xffffffc2]LT[0xffffff8d][0xffffffd7]|Q[0xffffff9f]][0xffffff9e][0xfffffff8]D[0xffffffd5][0x19]0Qu[0xffffff9a][0x1d][0xffffff95][0xffffffc2][0xffffff80]c[0x13]U[0xffffffa7],[0xffffffa5][0xffffff90][0xffffff94][0x8][0xffffff99][0xffffffa8][0xffffffb2][0xffffff81]d([0x11]0Q%[0xffffffe1][0xffffffac][0xffffffa6]D[0xfffffff0]D[0xffffff95]+O[0xffffff96][0x12]y[0x13]U[0xffffffae]Z9J[0xffffffa4]LTi[0xfffffff1]nP[0xffffffc2]LT[0xffffff8d][0xfffffff6][0xffffffc2][0xffffffee][0xffffffe0]8[0xfffffff1][0xffffff89][0xffffffaa]3`[0xffffffa2][0xffffffea]4;*[0xffffff85][0x1][0xffffffc7]&[0xffffffaa]NYJ!)[0x11]2Qe[0x3][0xffffffc9]P"`[0xffffffa2]J[0xffffffc2]YM[0xffffff89][0xffffffe0][0xffffff89]*W[0xffffff9e],%[0xfffffff2]&[0xffffffaa]\[0xffffffb5]r[0xffffff94]H[0xffffff99][0xffffffa8][0xffffffd2][0xffffffe2][0xffffffdd][0xffffffa2]D[0xf][0xffffffa3]D[0xffffffc7])[0xffffffd1][0x3]([0xffffffd1]QJt[0xffffff8c][0x12]=[0xffffff89][0x12]k[0x14])Jh )J[0xffffffac][0xffffffb1]$([0xffffffd1]aJ[0xfffffff4]`JHy[0xffffffd2][0xffffff94]0]JSB[0xffffffaa][0xffffff95][0xffffffa4]DO[0xffffffa1]D[0xffffffff]kJ[0xffffff98][0xffffffb5][0xffffffcb][0xffffffd1][0xffffffce][0xffffffeb][0xffffffa6]([0xffffff81][0xffffffaf]][0xffffff9e][0x1]k[0xffffff97][0xffffffa7][0xffffff99]d+[0xc]8[0xffffffb6]vy[0xffffffca][0xffffffe8][0x1a]I[0xffffff89][0xffffff90][0xffffffb5]K[0x1b]H[0xffffff86][0x12][0x1]k[0xffffff97][0x12][0xffffffce]jJ[0x4][0xffffffaf]][0xffffffba][0xfffffff2]d)[0xffffff91][0xffffffb7]v[0xffffffe9][0xffffffaa][0xffffff95][0xffffffa3]D[0xffffffca][0xffffffda][0xffffffa5][0x16][0xffffffef][0x6]%[0xffffffcc][0xffffffda][0xffffffe5]hW[0xffffffc3][0xffffffde]J[0xffffffe0]k[0xffffff97]g[0xffffffc0][0xffffffda][0xffffffe5]i&[0xffffffd9][\n]"
08:17:55.162 [TestNG-PoolService-2] DEBUG org.apache.hc.client5.http.wire -- http-outgoing-5 << "($[0xffffff8f][0xffffff94](L*)RH6[0x9]S,[0x9][0xffffffad]G[0xffffffc5][0xffffff92][0xffffffd3],Uh[0xffffff8d][0xffffffd2][0xffffffac]p[0xffffffad]J[0xffffffbb]BK[0xffffff96][0xffffff84][0xffffffc5][0xffffffda][0xffffffb9][0xffffff9c],[0xffffffd6][\n]"
08:17:55.162 [TestNG-PoolService-1] DEBUG org.apache.hc.client5.http.wire -- http-outgoing-3 << "[0x3][0xffffff8e][0xffffffad]][0xffffff9e]2[0xffffffba]FR"d[0xffffffed][0xffffffd2][0x6][0xffffff92][0xffffffa1]D[0xffffffc0][0xffffffda][0xffffffa5][0xffffff84][0xffffffb3][0xffffff9a][0x12][0xffffffc1]k[0xffffff97][0xffffffae]<YJ[0xffffffe4][0xffffffad]][0xffffffba]j[0xffffffe5]([0xffffff91][0xffffffb2]v[0xffffffa9][0xffffffc5][0xffffffbb]A[0x9][0xffffffb3]v[0xfffffff9]A[0xffffff89][0xffffff8b][0xffffffda][0xffffff95]8[0xfffffff1][0xffffffb5][0xffffffcb]3`[0xffffffed][0xfffffff2]4[0xffffff93]l[0xffffff85][0x1][0xffffffc7][0xffffffd6].O[0x19]]#)[0x11][0xffffffb2]vi[0x3][0xffffffc9]P"`[0xffffffed]R[0xffffffc2]YM[0xffffff89][0xffffffe0][0xffffffb5]KW[0xffffff9e],%[0xfffffff2][0xffffffd6].][0xffffffb5]r[0xffffff94]HY[0xffffffbb][0xffffffd4][0xffffffe2][0xffffffdd][0xffffffa0][0xffffffc4]m)[0xfffffff1]`[0xffffff94][0xffffffb8]qJ[0xffffffdc][0x1][0xffffff94][0xffffffb8]5[0xffffffef][0xffffff85][0x1][0xffffffbf]1J[0xffffffdc]I[0xffffff94][0xffffffd0](2[0xffffff94]p[0xffffff81]d([0xffffffa1][0xffffffb1][0xffffffac][0xffffffa7][0xffffffc4][0x1a][0xffffffce]jJ[0xffffffac][0x11]M[0xffffffa2][0xffffff84])O[0xffffff96][0x12][0xffffffb6]KYJ[0xffffff98]j[0xffffffe5](!MKQB[0xffffff8a]w[0xffffff83][0x12]f8{[0xffffffb4][0xffffffd1]'E[0x9]|8[0xfffffffb][0xc][0x18][0xffffffce]>[0xffffffcd][0xffffffba]ka[0xffffffc0][0xffffffb1][0xffffffe1][0xffffffec]S[0xfffffff6][IJ[0xffffff84][0xc]g[0xffffffdb]@2[0xffffff94][0x8][0x18][0xffffffce][0xffffff96]pVS"x8[0xffffffdb][0xffffff95]'K[0xffffff89][0xffffffbc][0xffffffe1]lW[0xffffffad][0x1c]%R[0xffffff86][0xffffffb3][0xffffffb5]x7(a[0xffffff86][0xffffffb3]G[0xffffffbb][0xf]l[0xffffffed][0x12][0x1f][0xffffffce]>[0x3][0xffffff86][0xffffffb3]O[0xffffffb3][0xffffffee]Z[0x18]pl8[0xfffffffb][0xffffff94][0xfffffffd]V[0xffffff92][0x12]![0xffffffc3][0xffffffd9]6[0xffffff90][0xc]%[0x2][0xffffff86][0xffffffb3]%[0xffffff9c][0xffffffd5][0xffffff94][0x8][0x1e][0xffffffce]v[0xffffffe5][0xffffffc9]R"o8[0xffffffdb]U+G[0xffffff89][0xffffff94][0xffffffe1]l-[0xffffffde]?[0xffffffa7][0xffffffc4][0xffffffe5][0xffffff86][0xffffffb3]{k'D[0xffffff89][0xb][0x1f][0xffffffce][0xffffffbe][0x2][0xffffff86][0xffffffb3]/[0xffffffb3][0xffffffee]Z[0x17][0xfffffff0][0xb][0x1b][0xffffffce][0xffffffbe]d[0xffffffbf][0x15][0xffffffa4][0xffffff84][0xffffff89]"B[0x9][0x1b]H[0xffffff84][0x12]&[0xffffff96][0xffffffe5][0xffffff94][0xffffff90]p[0x16]SB"[0x1a]D[0x9]W[0xffffff9e](%|[0xffffff97][0xffffffa2][0xffffff94]p[0xffffffd5][0xffffff8a]QB[0xffffff9b][0x16][0xffffffa2][0xffffff84][0x16][0xffffffef][0x6]%[0xffffff9a][0xffffffa3]D[0x1f][0xffffffd4]a[0xffffffd0][0xffffffcf][0xffffffe7][0xffffff81])[0xffffffd1][0x2]([0xffffffd1]4[0xffffffef][0xffffff85][0x1]o[0x18]%Z[0x12]%4[0xffffff8a][0xc]%\ [0x19]Jh,[0xffffffeb])[0xffffffb1][0xffffff86][0xffffffb3][0xffffff9a][0x12]kD[0xffffff93](a[0xffffffca][0xffffff93][0xffffffa5][0xffffff84][0xffffffed]R[0xffffff96][0x12][0xffffffa6]Z9JH[0xffffffd3]R[0xffffff94][0xffffff90][0xffffffe2][0xffffffdd][0xffffffa0][0xffffff84][0x1b][0xffffffce][0xffffffee][0xfffffff7]M[0xffffffdd][0xffffffc1]q[0xffffffe1][0xffffffc3][0xffffffd9]W[0xffffffc0]p[0xfffffff6]e[0xffffffd6]][0xb][0x3][0xffffff8e][\r]g_[0xffffffb2][0xffffffdf]JR"d8[0xffffffdb][0x6][0xffffff92][0xffffffa1]D[0xffffffc0]p[0xffffffb6][0xffffff84][0xffffffb3][0xffffff9a][0x12][0xffffffc1][0xffffffc3][0xffffffd9][0xffffffae]<YJ[0xffffffe4][\r]g[0xffffffbb]j[0xffffffe5]([0xffffff91]2[0xffffff9c][0xffffffad][0xffffffc5][0xffffffbb]A[0x9]7[0xffffff9c]}[0xffffffbc]^[0xffffffd4]g[0xffffff97][0x17]>[0xffffff9c]}[0x5][0xc]g_f[0xffffffdd][0xffffffb5]0[0xffffffe0][0xffffffd8]p[0xfffffff6]%[0xfffffffb][0xffffffad]$%B[0xffffff86][0xffffffb3]m [0x19]J[0x4][0xc]gK8[0xffffffab])[0x11]<[0xffffff9c][0xffffffed][0xffffffca][0xffffff93][0xffffffa5]D[0xffffffde]p[0xffffffb6][0xffffffab]V[0xffffff8e][0x12])[0xffffffc3][0xffffffd9]Z[0xffffffbc][0x1b][0xffffff94]pk[0xffffff97][0xffffffc7][0xfffffff9][0xffffffa2][0xe][0xffffff83]^[0xfffffff8][0xffffffda][0xffffffe5][0x15][0xffffffb0]vy[0xffffff99]I[0xffffffb6][0xffffffc2][0xffffff80]ck[0xffffff97][0xffffff97][0xffffff8c][0xffffffae][0xffffff91][0xffffff94][0x8]Y[0xffffffbb][0xffffffb4][0xffffff81]d([0x11][0xffffffb0]v)[0xffffffe1][0xffffffac][0xffffffa6]D[0xfffffff0][0xffffffda][0xffffffa5]+O[0xffffff96][0x12]yk[0xffffff97][0xffffffae]Z9J[0xffffffa4][0xffffffac]]j[0xfffffff1]nP[0xffffffc2][0xffffffad]][0x1e][0xffffff83][0xffffffa3][0x4][0xffffffbe]vy[0x5][0xffffffac]]^f[0xffffff92][0xffffffad]0[0xffffffe0][0xffffffd8][0xffffffda][0xffffffe5]%[0xffffffa3]k$%B[0xffffffd6].m [0x19]J[0x4][0xffffffac]]J8[0xffffffab])[0x11][0xffffffbc]v[0xffffffe9][0xffffffca][0xffffff93][0xffffffa5]D[0xffffffde][0xffffffda][0xffffffa5][0xffffffab]V[0xffffff8e][0x12])k[0xffffff97]Z[0xffffffbc][0x1b][0xffffff94]pk[0xffffff97][0xffffffc7][0xffffffbc][0xffffffb1]?p[0xffffffe0]k[0xffffff97]W[0xffffffc0][0xffffffda][0xffffffe5]e&[0xffffffd9][\n]"
08:17:55.162 [TestNG-PoolService-2] DEBUG org.apache.hc.client5.http.wire -- http-outgoing-5 << "[0xffffffde][0xffffffa2][0xffffffc5][0xffffffd1][0xffffffc2]hq4[0xffffff9c][0x16][0x1f][0xffffff8f][0xffffffc0][0xffffffd3][0xffffffe2][0xffffffc7]CP[0xffffffb4][0xfffffff8][0xfffffff8]y[0xffffff8a][0x16][0xffffffdf]?[0xffffff9d]B[0xb][0xffffffc9]#E[0xb][0xffffff93]J[0xffffff8a][0x16][0xffffff92]M[0xffffff82][0x16]KB[0xffffffeb]i[0xffffffb1][0xffffffe4]4[0xffffff8b][0x16]Z[0xffffffa3]4-\[0xffffffab][0xffffffd2][0xffffffb4][0xffffffd0][0xffffff92]%i[0xffffffb1]v.G[0xffffff8b][0xffffffb5][0xffffff82][0xffffffb7]hq[0xffffff9e]a[0xffffffb4]8[0x3][0xffffffbe][0xffffffa6][0xffffff88][0xfffffff8][0xffffff9c][0x2][0xfffffffe][0xffffff9e][0x2][0xfffffffc][0xffffffa0]"[0xffffffeb][0xffffff8b][0xffffff8a][0xffffff98]O*[0xffffff82][0xffffffbe][0xffffffa9][0xffffff88][0xfffffff8][0xffffffa8][0x2][0xffffffff][0xffffffaa]"[0xfffffffa][0xffffffb3][0xffffff8a][0xffffffbc][0xffffffef]*[0x12]?[0xffffffac][0xffffffc8][0xfffffffa][0xffffffb2]"[0xffffffe7][0xffffffd3][0xffffff8a][0xffffffff][0xffffffe2][0xffffffdb][0xffffff8a][0xffffffeb][0x9][0xffffffa3][0xffffffc5][0xfffffff5][0xffffffe0][0xffffffb4][0xfffffff8]x[0x4][0xffffff9e][0x16]?[0x1e][0xffffff82][0xffffffa2][0xffffffc5][0xffffffc7][0xffffffcf]S[0xffffffb4][0xfffffff8][0xfffffffe][0xffffffe9][0x14]ZH[0x1e])Z[0xffffff98]TR[0xffffffb4][0xffffff90]l[0x12][0xffffffb4]X[0x12]ZO[0xffffff8b]%[0xffffffa7]Y[0xffffffb4][0xffffffd0][0x1a][0xffffffa5]i[0xffffffe1]Z[0xffffff95][0xffffffa6][0xffffff85][0xffffff96],I[0xffffff8b][0xffffffb5]s9Z[0xffffffac][0x15][0xffffffbc]E[0xffffff8b][0xffffff91][0xfffffff6][0xffffffad][0xffffffc5][0xffffffe0][0xffffffbf][0xffffffb5][0x18][0x9][0xffffffdf]Z[0xc][0xfffffff6][[0xffffff8b][0xffffffc1]}k1[0xffffffa2][0xffffffbe][0xffffffb5][0xffffff90]<R[0xffffffb4]0[0xffffffa9][0xffffffa4]h![0xffffffd9]$h1[0xffffffe8]o-F[0xfffffff2][0xffffffb7][0x16]Z[0xffffffa3]4-\[0xffffffab][0xffffffd2][0xffffffb4][0xffffffd0][0xffffff92]%i[0xffffffb1]v.G[0xffffff8b][0xffffffb5][0xffffff82][0xffffffb7]h1[0xffffffd3][0xffffffbe][0xffffffb5][0xffffff98][0xfffffffc][0xffffffb7][0x16]3[0xffffffe1][[0xffffff8b][0xffffffc9]~k1[0xffffffb9]o-f[0xffffffd4][0xffffffb7][0x16][0xffffff92]G[0xffffff8a][0x16]&[0xffffff95][0x14]-$[0xffffff9b][0x4]-&[0xfffffffd][0xffffffad][0xffffffc5]L[0xfffffffe][0xffffffd6]Bk[0xffffff94][0xffffffa6][0xffffff85]kU[0xffffff9a][0x16]Z[0xffffffb2]$-[0xffffffd6][0xffffffce][0xffffffe5]h[0xffffffb1]V[0xfffffff0][0x1e]-[0xffffff8e]4Z[0x1c]<-[0xffffff8e][0x4]Z[0x1c],-[0xe][0xffffff8e][0x16]G[0x14]-[0xffffffd6]<b[0xffffffb4][0xffffffd0]Tb[0xffffffb4]X[0xffffffb3][0xffffff89][0xffffffd0][0xffffffe2][0xffffffa0]iq$[0xffffffd3]Bj[0x14][0xffffffa7][0xffffff85]iU[0xffffff9c][0x16]R[0xffffffb2](-[0xffffff8e][0x18]Z[0x1c][0xffffffff][0x1]-ZK[[0xffffffb2][0xfffffff8]x"[0x1c][0x17][0xffffff9f][0xffffffcf][0xffffffc0][0xffffffeb][0xffffffe2][0xffffffe7]SP[0xffffffbc][0xfffffff8][0xfffffffc]}[0xffffffca][0x17]?~;[0x5][0x18][0x1a]JJ[0x18].[0xffffff9a][0x14]14[0xffffffa0][0xffffff84]1[0xffffffd6][0xffffff98][0xffffffd6]#c[\r]k[0xffffff96]2L[0xffffffa1][0xffffffd2][0xffffffcc][0xffffffb0][0xfffffffd]J;[0xffffffc3][0xffffffd4]-[0x9][\r]i_N[0x1a]R[0xffffffc6][0x7f]B[0xffffff8d][0xfffffff6][0xfffffffd][0xffffffaf][0xffffffb8]K[0xffffffcf][0xffffffc7][0xfffffffd][0xffffffea][0xffffffe5][0xffffffd0][0xfffffff8][0xfffffffd]<[0x14]3[0xfffffffe][0xfffffff1][0x4][0x18]2[0xffffff96]g(&[0xffffffc6]?~[0xffffffbd][0x18][0x18][0xffffffff][0xfffffffb][0xffffffcb]0/[0xffffffde]F[0xffffffb1][0x18][0x17][0xffffffff][0x12][0xffffffc8]bZ[0xffffffbc][0xffffff8d]e!,[0xffffffde][0xffffff84][0xffffffb3][0xffffff8c][0x15]o"[0x1a][0xffffff81][0xffffff8a][0xfffffff7][0xffffffe5][0x9][0xffffff91][0xffffffe2][0xffffffdf][0xffffffba][0x14][0x2][0xffffffc5][0xfffffffb]j[0x5]8[0xfffffff1][0xffffffae]i[0xffffffcb]1[0xfffffff1][0xffffffae]x7([0xffffffe1].=[0x1f]s>[0x14]%[0xffffffc0]K[0xffffffcf][0xffffffff][0xfffffff1][0x4]4%[0xffffffa0]K[0xffffffcf][0xffffffff][0xfffffff1][0xffffffeb][0xc]%2.=[0x7f][0x1b]E[0xffffff86][0x12][0x1][0xffffff97][0xffffff9e][0xffffffbf][0xffffff8d]e=%[0xffffffb0]K[0xffffffcf][0xffffffdf]D4[0xffffff89][0x12]9[0xffffff97][0xffffff9e][0xffffffff][[0xffffff97][0xffffffb2][0xffffff94][0xffffffc8][0xffffffb8][0xfffffff4][0xfffffffc]][0xffffffd3]R[0xffffff94][0xfffffff8][0xffffffab]K[0xffffffcf][0x7f][0xfffffffc][0x1b][0xffffffc3]P[0xffffffe2]>[0xffffffae]FQb[0xffffffe0][0xffffff94][0x18][0x1][0xffffff94][0x18][0xffffff9a][0xfffffff7][0xffffffc2][0xffffff80][0xf][0xffffff8c][0x12]#[0xffffff89][0x12][0x1a]E[0xffffff86][0x12].[0xffffff90][0xc]%4[0xffffff96][0xfffffff5][0xffffff94]X[0xffffffc3]YM[0xffffff89]5[0xffffffa2]I[0xffffff94]0[0xffffffe5][0xffffffc9]R[0xffffffc2]v)K[0x9]S[0xffffffad][0x1c]%[0xffffffa4]i)JH[0xfffffff1]nP[0xffffffe2]v[0xffffff94][0xffffffb8][0xfffffffa][0xffffff8b][0xffffffa2][0xffffffc4][0xffffff8d]S[0xffffffe2][0xe][0xffffffa0][0xffffffc4][0xffffffad]y/[0xc][0xfffffff8][0xffffff8d]Q[0xffffffe2]N[0xffffffa2][0xffffff84]F[0xffffff91][0xffffffa1][0xffffff84][0xb]$C[0x9][0xffffff8d]e=%[0xffffffd6]pVSb[0xffffff8d]h[0x12]%Ly[0xffffffb2][0xffffff94][0xffffffb0]][0xffffffca]R[0xffffffc2]T+G[0x9]iZ[0xffffff8a][0x12]R[0xffffffbc][0x1b][0xffffff94]x[0x1c]%f[0xffffff9f][0x14]%[0x1e][0xffffff9c][0x12]O[0x0]%[0x1e][0xffffffcd]{a[0xffffffc0][0x1f][0xffffff8c][0x12]O[0x12]%4[0xffffff8a][0xc]%\ [0x19]Jh,[0xffffffeb])[0xffffffb1][0xffffff86][0xffffffb3][0xffffff9a][0x12]kD[0xffffff93](a[0xffffffca][0xffffff93][0xffffffa5][0xffffff84][0xffffffed]R[0xffffff96][0x12][0xffffffa6]Z9JH[0xffffffd3]R[0xffffff94][0xffffff90][0xffffffe2][0xffffffdd][0xffffffa0][0xffffffc4]4[0xffffff94]x[0xffffffda][0xffffff81][0xfffffffd][0xffffff81]c[0xffffffe2][0xffffff94][0xffffff98][0x1][0xffffff94][0xffffff98][0xffffff9a][0xfffffff7][0xffffffc2][0xffffff80]O[0xffffff8c][0x12]3[0xffffff89][0x12][0x1a]E[0xffffff86][0x12].[0xffffff90][0xc]%4[0xffffff96][0xfffffff5][0xffffff94]X[0xffffffc3]YM[0xffffff89]5[0xffffffa2]I[0xffffff94]0[0xffffffe5][0xffffffc9]R[0xffffffc2]v)K[0x9]S[0xffffffad][0x1c]%[0xffffffa4]i)JH[0xfffffff1][0xfffffffe]9%>[0xffffff8f][0xffffff83](%[0xffffffce]I[0xfffffffd][0xffffff81][0xffffffe3][0xfffffff3]yXJ|=[0x1]L[0xffffff89]_[0xffffffcf][0xffffff80]P[0xffffffe2][0xffffffeb][0xffffffd7][0x11]J[0xfffffffc][0xfffffffc][0xffffffe5][0x8]J[0xffffff98]("[0xffffff94][0xffffffb0][0xffffff81]D(abYN[0x9][0x9]g1%$[0xffffffa2]A[0xffffff94]p[0xffffffe5][0xffffff89]R[0xffffffc2]w)J[0x9]W[0xffffffad][0x18]%[0xffffffb4]i!Jh[0xfffffff1]nP[0xffffffa2]9J\_S[0x14][0x8]%[0x1a]N[0xffffff89][0x16]@[0xffffff89][0xffffffa6]y/[0xc]x[0xffffffc3]([0xffffffd1][0xffffff92]([0xffffffa1]Qd([0xffffffe1][0x2][0xffffffc9]PBcYO[0xffffff89]5[0xffffff9c][0xffffffd5][0xffffff94]X#[0xffffff9a]D[0x9]S[0xffffff9e],%l[0xffffff97][0xffffffb2][0xffffff94]0[0xffffffd5][0xffffffca]QB[0xffffff9a][0xffffff96][0xffffffa2][0xffffff84][0x14][0xffffffef][0x6]%[0xffffffba][0xffffffa5][0xffffffc4][0xffffff83]Q[0xffffffa2][0xffffffe3][0xffffff94][0xffffffe8][0x1][0xffffff94][0xffffffe8][0xffffff9a][0xfffffff7][0xffffffc2][0xffffff80]w[0xffffff8c][0x12]=[0xffffff89][0x12][0x1a]E[0xffffff86][0x12].[0xffffff90][0xc]%4[0xffffff96][0xfffffff5][0xffffff94]X[0xffffffc3]YM[0xffffff89]5[0xffffffa2]I[0xffffff94]0[0xffffffe5][0xffffffc9]R[0xffffffc2]v)K[0x9]S[0xffffffad][0x1c]%[0xffffffa4]i)JH[0xfffffff1]nP[0xffffffe2]p[0xffffff94][0x18][0xffffffbd]~[0xb][0xfffffff3][0xfffffff7][0xfffffff3][0xffffffc0][0xffffff94]8[0x2](qh[0xffffffde][0xb][0x3]~`[0xffffff94]8[0xffffff92]([0xffffffa1]Qd([0xffffffe1][0x2][0xffffffc9]PBcYO[0xffffff89]5[0xffffff9c][0xffffffd5][0xffffff94]X#[0xffffff9a]D[0x9]S[0xffffff9e],%l[0xffffff97][0xffffffb2][0xffffff94]0[0xffffffd5][0xffffffca]QB[0xffffff9a][0xffffff96][0xffffffa2][0xffffff84][0x14][0xffffffef][0x6]%[0xffffffdc][0xffffffda][0xffffffe5]3[0x6][0xffffffb5]vy[0xffffffe0]k[0xffffff97]G[0xffffffc0][0xffffffda][0xffffffe5]a&[0xffffffd9][\n]"
08:17:55.162 [TestNG-PoolService-1] DEBUG org.apache.hc.client5.http.wire -- http-outgoing-3 << "[0x3][0xffffff8e][0xffffffad]]^2[0xffffffba]FR"d[0xffffffed][0xffffffd2][0x6][0xffffff92][0xffffffa1]D[0xffffffc0][0xffffffda][0xffffffa5][0xffffff84][0xffffffb3][0xffffff9a][0x12][0xffffffc1]k[0xffffff97][0xffffffae]<YJ[0xffffffe4][0xffffffad]][0xffffffba]j[0xffffffe5]([0xffffff91][0xffffffb2]v[0xffffffa9][0xffffffc5][0xffffffbb]A[0x9][0xffffffb7]vy[0xffffffb6][0xffffffd9])J[0xffffffe0]k[0xffffff97]W[0xffffffc0][0xffffffda][0xffffffe5]e&[0xffffffd9][\n]"
08:17:55.162 [TestNG-PoolService-2] DEBUG org.apache.hc.client5.http.wire -- http-outgoing-5 << "[0x3][0xffffff8e][0xffffffad]][0x1e]2[0xffffffba]FR"d[0xffffffed][0xffffffd2][0x6][0xffffff92][0xffffffa1]D[0xffffffc0][0xffffffda][0xffffffa5][0xffffff84][0xffffffb3][0xffffff9a][0x12][0xffffffc1]k[0xffffff97][0xffffffae]<YJ[0xffffffe4][0xffffffad]][0xffffffba]j[0xffffffe5]([0xffffff91][0xffffffb2]v[0xffffffa9][0xffffffc5][0xffffffbb]A[0x9][0xffffffb7]v[0xfffffff9][0xffffffdc][0x1d][0xfffffffb][0x3][0x7][0xffffffbe]vy[0x4][0xffffffac]][0x1e]f[0xffffff92][0xffffffad]0[0xffffffe0][0xffffffd8][0xffffffda][0xffffffe5]![0xffffffa3]k$%B[0xffffffd6].m [0x19]J[0x4][0xffffffac]]J8[0xffffffab])[0x11][0xffffffbc]v[0xffffffe9][0xffffffca][0xffffff93][0xffffffa5]D[0xffffffde][0xffffffda][0xffffffa5][0xffffffab]V[0xffffff8e][0x12])k[0xffffff97]Z[0xffffffbc][0x1b][0xffffff94]pk[0xffffff97][0xffffffcf][0xfffffff3]`o%[0xfffffff0][0xffffffb5][0xffffffcb]#`[0xffffffed][0xfffffff2]0[0xffffff93]l[0xffffff85][0x1][0xffffffc7][0xffffffd6].[0xf][0x19]]#)[0x11][0xffffffb2]vi[0x3][0xffffffc9]P"`[0xffffffed]R[0xffffffc2]YM[0xffffff89][0xffffffe0][0xffffffb5]KW[0xffffff9e],%[0xfffffff2][0xffffffd6].][0xffffffb5]r[0xffffff94]HY[0xffffffbb][0xffffffd4][0xffffffe2][0xffffffdd][0xffffffa0][0xffffff84][0xffffff9b][0xffffffa8][0xffffff9a]cbo%[0xfffffff0][0xffffff89][0xffffffaa]#`[0xffffffa2][0xffffffea]0;*[0xffffff85][0x1][0xffffffc7]&[0xffffffaa][0xe]YJ!)[0x11]2Qe[0x3][0xffffffc9]P"`[0xffffffa2]J[0xffffffc2]YM[0xffffff89][0xffffffe0][0xffffff89]*W[0xffffff9e],%[0xfffffff2]&[0xffffffaa]\[0xffffffb5]r[0xffffff94]H[0xffffff99][0xffffffa8][0xffffffd2][0xffffffe2][0xffffffdd][0xffffffa0][0xffffff84][0xffffff9b][0xffffffa8][0xffffff9a][0xfffffff3]E][0xffffffe7]u[0xffffffe0][0x13]UG[0xffffffc0]D[0xffffffd5]avT[\n]"
08:17:55.163 [TestNG-PoolService-1] DEBUG org.apache.hc.client5.http.wire -- http-outgoing-3 << "[0x3][0xffffff8e][0xffffffad]]^2[0xffffffba]FR"d[0xffffffed][0xffffffd2][0x6][0xffffff92][0xffffffa1]D[0xffffffc0][0xffffffda][0xffffffa5][0xffffff84][0xffffffb3][0xffffff9a][0x12][0xffffffc1]k[0xffffff97][0xffffffae]<YJ[0xffffffe4][0xffffffad]][0xffffffba]j[0xffffffe5]([0xffffff91][0xffffffb2]v[0xffffffa9][0xffffffc5][0xffffffbb]A[0x9][0xffffffb7]vy[0xffffff9e][0xffffffaf]FQ[0x2]_[0xffffffbb][0xffffffbc][0x2][0xffffffd6]./3[0xffffffc9]V[0x18]pl[0xffffffed][0xfffffff2][0xffffff92][0xffffffd1]5[0xffffff92][0x12]!k[0xffffff97]6[0xffffff90][0xc]%[0x2][0xffffffd6].%[0xffffff9c][0xffffffd5][0xffffff94][0x8]^[0xffffffbb]t[0xffffffe5][0xffffffc9]R"o[0xffffffed][0xffffffd2]U+G[0xffffff89][0xffffff94][0xffffffb5]K-[0xffffffde][\r]J[0xffffffb8][0xffffffb5][0xffffffcb][0xfffffff3][0xffffff9a][0x18]%[0xfffffff0][0xffffffb5][0xffffffcb]+`[0xffffffed][0xfffffff2]2[0xffffff93]l[0xffffff85][0x1][0xffffffc7][0xffffffd6]./[0x19]]#)[0x11][0xffffffb2]vi[0x3][0xffffffc9]P"`[0xffffffed]R[0xffffffc2]YM[0xffffff89][0xffffffe0][0xffffffb5]KW[0xffffff9e],%[0xfffffff2][0xffffffd6].][0xffffffb5]r[0xffffff94]HY[0xffffffbb][0xffffffd4][0xffffffe2][0xfffffffd]sJ[0xc][0xffffffb7]vy[0xffffff8e][0xffffff93][0xfffffffa]Vb[0xffffffe0]k[0xffffff97]#`[0xffffffed]r[0xffffff98]I[0xffffffb6][0xffffffba][0xffffff80][0xf]l[0xffffffed]r[0xffffffc8][0xffffffe8][0x1a]H[0x9][0x13]E[0xffffff84][0x12]6[0xffffff90][0x8]%L,[0xffffffcb])![0xffffffe1],[0xffffffa6][0xffffff84]D4[0xffffff88][0x12][0xffffffae]<QJ[0xfffffff8].E)[0xffffffe1][0xffffffaa][0x15][0xffffffa3][0xffffff84]6-D[0x9]-[0xffffffde][\r]J4K[0xffffff89][0x7][0xffffffa3]D[0xffffffc3])[0xffffffd1][0x2]([0xffffffd1]4[0xffffffef][0xffffff85][0x1]o[0x18]%Z[0x12]%4[0xffffff8a][0xc]%\ [0x19]Jh,[0xffffffeb])[0xffffffb1][0xffffff86][0xffffffb3][0xffffff9a][0x12]kD[0xffffff93](a[0xffffffca][0xffffff93][0xffffffa5][0xffffff84][0xffffffed]R[0xffffff96][0x12][0xffffffa6]Z9JH[0xffffffd3]R[0xffffff94][0xffffff90][0xffffffe2][0xffffffdd][0xffffffa0][0xffffff84][[0xffffffbb]<[0xffffffef][0xffffff83][0x1a][0xffffffce][0x1e][0xfffffff8][0xffffffda][0xffffffe5][0x8]X[0xffffffbb][0x1c]f[0xffffff92][0xffffffad]0[0xffffffe0][0xffffffd8][0xffffffda][0xffffffe5][0xffffff90][0xffffffd1]5[0xffffff92][0x12]!k[0xffffff97]6[0xffffff90][0xc]%[0x2][0xffffffd6].%[0xffffff9c][0xffffffd5][0xffffff94][0x8]^[0xffffffbb]t[0xffffffe5][0xffffffc9]R"o[0xffffffed][0xffffffd2]U+G[0xffffff89][0xffffff94][0xffffffb5]K-[0xffffffde][\r]J[0xffffffb8][0xffffffb5][0xffffffcb]s[0xffffffbe]N[0xffffff8a][0x12][0xfffffff8][0xffffffda][0xffffffe5][0x8]X[0xffffffbb][0x1c]f[0xffffff92][0xffffffad]0[0xffffffe0][0xffffffd8][0xffffffda][0xffffffe5][0xffffff90][0xffffffd1]5[0xffffff92][0x12]!k[0xffffff97]6[0xffffff90][0xc]%[0x2][0xffffffd6].%[0xffffff9c][0xffffffd5][0xffffff94][0x8]^[0xffffffbb]t[0xffffffe5][0xffffffc9]R"o[0xffffffed][0xffffffd2]U+G[0xffffff89][0xffffff94][0xffffffb5]K-[0xffffffde][\r]J[0xffffffb8][0xffffffb5][0xffffffcb][0xffffffab]?[0xffffffd4]g[0xffffff97][0x3]_[0xffffffbb][0x1c][0x1]k[0xffffff97][0xffffffc3]L[0xffffffb2][0x15][0x6][0x1c][[0xffffffbb][0x1c]2[0xffffffba]FR"d[0xffffffed][0xffffffd2][0x6][0xffffff92][0xffffffa1]D[0xffffffc0][0xffffffda][0xffffffa5][0xffffff84][0xffffffb3][0xffffff9a][0x12][0xffffffc1]k[0xffffff97][0xffffffae]<YJ[0xffffffe4][0xffffffad]][0xffffffba]j[0xffffffe5]([0xffffff91][0xffffffb2]v[0xffffffa9][0xffffffc5][0xffffffbb]A[0x9][0xffffffb7]vy][0xfffffffd]EQ[0x2]_[0xffffffbb][0x1c][0x1]k[0xffffff97][0xffffffc3]L[0xffffffb2][0x15][0x6][0x1c][[0xffffffbb][0x1c]2[0xffffffba]FR"d[0xffffffed][0xffffffd2][0x6][0xffffff92][0xffffffa1]D[0xffffffc0][0xffffffda][0xffffffa5][0xffffff84][0xffffffb3][0xffffff9a][0x12][0xffffffc1]k[0xffffff97][0xffffffae]<YJ[0xffffffe4][0xffffffad]][0xffffffba]j[0xffffffe5]([0xffffff91][0xffffffb2]v[0xffffffa9][0xffffffc5][0xffffffbb]A[0x9][0xffffffb7]vyM[0xffffff8e][0x12][0xfffffff8][0xffffffda][0xffffffe5][0x8]X[0xffffffbb][0x1c]f[0xffffff92][0xffffffad]0[0xffffffe0][0xffffffd8][0xffffffda][0xffffffe5][0xffffff90][0xffffffd1]5[0xffffff92][0x12]!k[0xffffff97]6[0xffffff90][0xc]%[0x2][0xffffffd6].%[0xffffff9c][0xffffffd5][0xffffff94][0x8]^[0xffffffbb]t[0xffffffe5][0xffffffc9]R"o[0xffffffed][0xffffffd2]U+G[0xffffff89][0xffffff94][0xffffffb5]K-[0xffffffde][\r]J[0xffffffb8][0xffffffb5][0xffffffcb][0xffffffd1]8J[0xffffffe0]k[0xffffff97]#`[0xffffffed]r[0xffffff98]I[0xffffffb6][0xffffffc2][0xffffff80]ck[0xffffff97]CF[0xffffffd7]HJ[0xffffff84][0xffffffac]][0xffffffda]@2[0xffffff94][0x8]X[0xffffffbb][0xffffff94]pVS"x[0xffffffed][0xffffffd2][0xffffff95]'K[0xffffff89][0xffffffbc][0xffffffb5]KW[0xffffffad][0x1c]%R[0xffffffd6].[0xffffffb5]x7([0xffffffe1][0xffffffd6].[0xffffffc7]u[0xf][0xffffff8a][0x12][0xfffffff8][0xffffffda][0xffffffe5][0x8]X[0xffffffbb][0x1c]f[0xffffff92][0xffffffad]0[0xffffffe0][0xffffffd8][0xffffffda][0xffffffe5][0xffffff90][0xffffffd1]5[0xffffff92][0x12]!k[0xffffff97]6[0xffffff90][0xc]%[0x2][0xffffffd6].%[0xffffff9c][0xffffffd5][0xffffff94][0x8]^[0xffffffbb]t[0xffffffe5][0xffffffc9]R"o[0xffffffed][0xffffffd2]U+G[0xffffff89][0xffffff94][0xffffffb5]K-[0xffffffde]-J[0xffffff9c]a[0xffffff94]8qJ[0xffffff9c][0x1][0xffffff94]8QJ[0xffffff9c][0x18]%[0xffffffce]$J[0xffffffac]Q[0xffffffa4]([0xffffffa1][0xffffff81][0xffffffa4]([0xffffffb1][0xffffffc6][0xffffff92][0xffffffa0][0xffffffc4][0x9]S[0xffffffe2][0xc][0xffffffa6][0xffffff84][0xffffff94]'M[0x9][0xffffffd3][0xffffffa5]4%[0xffffffa4]ZIJ[0xffffff9c])[0xffffff94]8[0xffffffff][0xffffff9a][0x12]n8{[0xffffffdc][0xffffffd8][0xffffffcd][0xffffffa0][0x3][0x1f][0xffffffce][0x1e][0x1][0xffffffc3][0xffffffd9][0xffffffc3][0xffffffac][0xffffffbb][0x16][0x6][0x1c][0x1b][0xffffffce][0x1e][0xffffffb2][0xffffffdf]JR"d8[0xffffffdb][0x6][0xffffff92][0xffffffa1]D[0xffffffc0]p[0xffffffb6][0xffffff84][0xffffffb3][0xffffff9a][0x12][0xffffffc1][0xffffffc3][0xffffffd9][0xffffffae]<YJ[0xffffffe4][\r]g[0xffffffbb]j[0xffffffe5]([0xffffff91]2[0xffffff9c][0xffffffad][0xffffffc5][0xfffffffb][0xffffffe7][0xffffff94][0xffffffb8][0xffffffdd]p[0xfffffff6][0xffffffdd]/[0xffffff8a][0x12]7>[0xffffff9c]}[0x7][0xc]g[0xffffffdf]f[0xffffffdd][0xffffffb5].[0xffffffe0]76[0xffffff9c]}[0xffffffcb]~+H[0x9][0x13]E[0xffffff84][0x12]6[0xffffff90][0x8]%L,[0xffffffcb])![0xffffffe1],[0xffffffa6][0xffffff84]D4[0xffffff88][0x12][0xffffffae]<QJ[0xfffffff8].E)[0xffffffe1][0xffffffaa][0x15][0xffffffa3][0xffffff84]6-D[0x9]-[0xffffffde][\r]J[0xffffffb8][0xffffffb5][0xffffffcb][0xfffffffb][0xffffffc1]v%n|[0xffffffed][0xfffffff2][0xe]X[0xffffffbb][0xffffffbc][0xffffffcd]$[a[0xffffffc0][0xffffffb1][0xffffffb5][0xffffffcb][F[0xffffffd7]HJ[0xffffff84][0xffffffac]][0xffffffda]@2[0xffffff94][0x8]X[0xffffffbb][0xffffff94]pVS"x[0xffffffed][0xffffffd2][0xffffff95]'K[0xffffff89][0xffffffbc][0xffffffb5]KW[0xffffffad][0x1c]%R[0xffffffd6].[0xffffffb5]x7([0xffffffe1]&[0xffffffaa][0xffffffee]9[0xffffffa9][0x13][0x1c]7>Qu[0x7]LT[0xffffffdd]fG[0xffffffa5]0[0xffffffe0][0xffffffd8]D[0xffffffd5]-K)$%B&[0xffffffaa]l [0x19]J[0x4]LTI8[0xffffffab])[0x11]<Q[0xffffffe5][0xffffffca][0xffffff93][0xffffffa5]D[0xffffffde]D[0xffffff95][0xffffffab]V[0xffffff8e][0x12])[0x13]UZ[0xffffffbc][0x1b][0xffffff94]p[0x13]U[0xffffffcf][0xffffffeb]<(J[0xffffffe0][0x13]Uw[0xffffffc0]D[0xffffffd5]mvT[\n]"
08:17:55.163 [TestNG-PoolService-2] DEBUG org.apache.hc.client5.http.wire -- http-outgoing-5 << "[0x3][0xffffff8e]MT[0x1d][0xffffffb2][0xffffff94]BR"d[0xffffffa2][0xffffffca][0x6][0xffffff92][0xffffffa1]D[0xffffffc0]D[0xffffff95][0xffffff84][0xffffffb3][0xffffff9a][0x12][0xffffffc1][0x13]U[0xffffffae]<YJ[0xffffffe4]MT[0xffffffb9]j[0xffffffe5]([0xffffff91]2Q[0xffffffa5][0xffffffc5][0xfffffffb][0xffffffe7][0xffffff94]8[0xffffffcd]D[0xffffffd5]x[0xfffffff5][0xffffff8b]:[0xffffffc1]q[0xffffffe2][0x13]Ug[0xffffffc0]D[0xffffffd5]ivT[0xffffffea][0x2]~b[0x13]U[0xffffffa7],[0xffffffa5][0xffffff80][0xffffff94]0QD(a[0x3][0xffffff89]P[0xffffffc2][0xffffffc4][0xffffffb2][0xffffff9c][0x12][0x12][0xffffffce]bJHD[0xffffff83]([0xffffffe1][0xffffffca][0x13][0xffffffa5][0xffffff84][0xffffffef]R[0xffffff94][0x12][0xffffffae]Z1Jh[0xffffffd3]B[0xffffff94][0xffffffd0][0xffffffe2][0xffffffdd][0xffffffa0]Ds[0xffffff94]8[0xffffffe7]EQ[0xffffffa2][0xffffffe1][0xffffff94]h[0x1][0xffffff94]h[0xffffff9a][0xfffffff7][0xffffffc2][0xffffff80]7[0xffffff8c][0x12]-[0xffffff89][0x12][0x1a]E[0xffffff86][0x12].[0xffffff90][0xc]%4[0xffffff96][0xfffffff5][0xffffff94]X[0xffffffc3]YM[0xffffff89]5[0xffffffa2]I[0xffffff94]0[0xffffffe5][0xffffffc9]R[0xffffffc2]v)K[0x9]S[0xffffffad][0x1c]%[0xffffffa4]i)JH[0xfffffff1]nP[0xffffffc2]LT[0xffffff8d][0xffffffd7]|Q[0xffffff9f]][0xffffff9e][0xfffffff8]D[0xffffffd5][0x19]0Qu[0xffffff9a][0x1d][0xffffff95][0xffffffc2][0xffffff80]c[0x13]U[0xffffffa7],[0xffffffa5][0xffffff90][0xffffff94][0x8][0xffffff99][0xffffffa8][0xffffffb2][0xffffff81]d([0x11]0Q%[0xffffffe1][0xffffffac][0xffffffa6]D[0xfffffff0]D[0xffffff95]+O[0xffffff96][0x12]y[0x13]U[0xffffffae]Z9J[0xffffffa4]LTi[0xfffffff1]nP[0xffffffc2]LT[0xffffff8d][0xfffffff6][0xffffffc2][0xffffffee][0xffffffe0]8[0xfffffff1][0xffffff89][0xffffffaa]3`[0xffffffa2][0xffffffea]4;*[0xffffff85][0x1][0xffffffc7]&[0xffffffaa]NYJ!)[0x11]2Qe[0x3][0xffffffc9]P"`[0xffffffa2]J[0xffffffc2]YM[0xffffff89][0xffffffe0][0xffffff89]*W[0xffffff9e],%[0xfffffff2]&[0xffffffaa]\[0xffffffb5]r[0xffffff94]H[0xffffff99][0xffffffa8][0xffffffd2][0xffffffe2][0xffffffdd][0xffffffa2]D[0xf][0xffffffa3]D[0xffffffc7])[0xffffffd1][0x3]([0xffffffd1]QJt[0xffffff8c][0x12]=[0xffffff89][0x12]k[0x14])Jh )J[0xffffffac][0xffffffb1]$([0xffffffd1]aJ[0xfffffff4]`JHy[0xffffffd2][0xffffff94]0]JSB[0xffffffaa][0xffffff95][0xffffffa4]DO[0xffffffa1]D[0xffffffff]kJ[0xffffff98][0xffffffb5][0xffffffcb][0xffffffd1][0xffffffce][0xffffffeb][0xffffffa6]([0xffffff81][0xffffffaf]][0xffffff9e][0x1]k[0xffffff97][0xffffffa7][0xffffff99]d+[0xc]8[0xffffffb6]vy[0xffffffca][0xffffffe8][0x1a]I[0xffffff89][0xffffff90][0xffffffb5]K[0x1b]H[0xffffff86][0x12][0x1]k[0xffffff97][0x12][0xffffffce]jJ[0x4][0xffffffaf]][0xffffffba][0xfffffff2]d)[0xffffff91][0xffffffb7]v[0xffffffe9][0xffffffaa][0xffffff95][0xffffffa3]D[0xffffffca][0xffffffda][0xffffffa5][0x16][0xffffffef][0x6]%[0xffffffcc][0xffffffda][0xffffffe5]hW[0xffffffc3][0xffffffde]J[0xffffffe0]k[0xffffff97]g[0xffffffc0][0xffffffda][0xffffffe5]i&[0xffffffd9][\n]"
08:17:55.163 [TestNG-PoolService-1] DEBUG org.apache.hc.client5.http.wire -- http-outgoing-3 << "[0x3][0xffffff8e]MT[0xffffffdd][0xffffffb2][0xffffff94]BR"d[0xffffffa2][0xffffffca][0x6][0xffffff92][0xffffffa1]D[0xffffffc0]D[0xffffff95][0xffffff84][0xffffffb3][0xffffff9a][0x12][0xffffffc1][0x13]U[0xffffffae]<YJ[0xffffffe4]MT[0xffffffb9]j[0xffffffe5]([0xffffff91]2Q[0xffffffa5][0xffffffc5][0xffffffbb]A[0x9]7Q[0xfffffff5][0xffffffbc]&[0xfffffff6][0x7][0xe]|[0xffffffa2][0xffffffea][0xe][0xffffff98][0xffffffa8][0xffffffba][0xffffffcd][0xffffff8e]Ja[0xffffffc0][0xffffffb1][0xffffff89][0xffffffaa][[0xffffff96]RHJ[0xffffff84]LT[0xffffffd9]@2[0xffffff94][0x8][0xffffff98][0xffffffa8][0xffffff92]pVS"x[0xffffffa2][0xffffffca][0xffffff95]'K[0xffffff89][0xffffffbc][0xffffff89]*W[0xffffffad][0x1c]%R&[0xffffffaa][0xffffffb4]x7([0xffffffe1]&[0xffffffaa][0xffffff9e][0xffffffde].[0xffffff8a][0x12][0xfffffff8]D[0xffffffd5][0x1d]0Qu[0xffffff9b][0x1d][0xffffff95][0xffffffc2][0xffffff80]c[0x13]U[0xffffffb7],[0xffffffa5][0xffffff90][0xffffff94][0x8][0xffffff99][0xffffffa8][0xffffffb2][0xffffff81]d([0x11]0Q%[0xffffffe1][0xffffffac][0xffffffa6]D[0xfffffff0]D[0xffffff95]+O[0xffffff96][0x12]y[0x13]U[0xffffffae]Z9J[0xffffffa4]LTi[0xfffffff1]nQ[0xffffffa2][0xffffff87]Q[0xffffffa2][0xffffffe3][0xffffff94][0xffffffe8][0x1][0xffffff94][0xffffffe8](%:F[0xffffff89][0xffffff9e]D[0xffffff89]5[0xffffff8a][0x14]%4[0xffffff90][0x14]%[0xffffffd6]X[0x12][0xffffff94][0xffffffe8]0%z0%[0xffffffa4]<iJ[0xffffff98].[0xffffffa5])![0xffffffd5]JR[0xffffffa2][0xffffffa7]P[0xffffffa2][0xffffffff]5%[0xffffffdc][0xffffffda][0xffffffe5]su[0xffffffec]0([0xffffffbe]vy[0x7][0xffffffac]][0xffffffde]f[0xffffff92][0xffffffad]0[0xffffffe0][0xffffffd8][0xffffffda][0xffffffe5]-[0xffffffa3]k$%B[0xffffffd6].m [0x19]J[0x4][0xffffffac]]J8[0xffffffab])[0x11][0xffffffbc]v[0xffffffe9][0xffffffca][0xffffff93][0xffffffa5]D[0xffffffde][0xffffffda][0xffffffa5][0xffffffab]V[0xffffff8e][0x12])k[0xffffff97]Z[0xffffffbc][[0xffffff94]0o%PJ[0xffffffd0]o%[0xffffff9e][0xffffff80][0xffffffb7][0x12][0xffffff8f][0xffffffd2][0xffffffb9]4[0xffffffe0][0xffffffd4][[0xffffff89]'[0xffffffe9][0xffffffad][0xffffff84]F[0xffffff91][0xffffffa2]D[0xffffffca][[0x9][0xffffff8d]%A[0x9][0xfffffff6][0xffffffad][0xffffffc4][0x1a][0xffffffd1],J[0xffffff84][0xffffffbd][0xffffff95][0xffffffb0]]JS"[0xffffffe8][0xffffffad][0xffffff84]4-G[0xffffff89][0xffffffff][0xffffffe2][0xffffffad][0xffffffc4][0x11]F[0xffffff89][0x3][0xffffffa7][0xffffffc4][0x11]@[0xffffff89][0x3][0xffffffa5][0xffffffc4][0xffffff81]Q[0xffffffe2]H[0xffffffa2][0xffffffc4][0x1a]E[0xffffff8a][0x12][0x1a]H[0xffffff8a][0x12]k,[0x9]J[0x1c]0%[0xffffff8e]`JHy[0xffffffd2][0xffffff94]0]JSB[0xffffffaa][0xffffff95][0xffffffa4][0xffffffc4][0xffffff91]B[0xffffff89][0xffffffe3]?[0xffffffa0]DK[0xffffffb3]D[0xffffffe3]1[0xffffffd1][0x12]4[0xffffffd1]XN4[0xffffffce][0x13]-[\n]"
08:17:55.163 [TestNG-PoolService-2] DEBUG org.apache.hc.client5.http.wire -- http-outgoing-5 << "[0x3][0xffffff8e][0xffffffad]][0xffffff9e]2[0xffffffba]FR"d[0xffffffed][0xffffffd2][0x6][0xffffff92][0xffffffa1]D[0xffffffc0][0xffffffda][0xffffffa5][0xffffff84][0xffffffb3][0xffffff9a][0x12][0xffffffc1]k[0xffffff97][0xffffffae]<YJ[0xffffffe4][0xffffffad]][0xffffffba]j[0xffffffe5]([0xffffff91][0xffffffb2]v[0xffffffa9][0xffffffc5][0xffffffbb]A[0x9][0xffffffb3]v[0xfffffff9]A[0xffffff89][0xffffff8b][0xffffffda][0xffffff95]8[0xfffffff1][0xffffffb5][0xffffffcb]3`[0xffffffed][0xfffffff2]4[0xffffff93]l[0xffffff85][0x1][0xffffffc7][0xffffffd6].O[0x19]]#)[0x11][0xffffffb2]vi[0x3][0xffffffc9]P"`[0xffffffed]R[0xffffffc2]YM[0xffffff89][0xffffffe0][0xffffffb5]KW[0xffffff9e],%[0xfffffff2][0xffffffd6].][0xffffffb5]r[0xffffff94]HY[0xffffffbb][0xffffffd4][0xffffffe2][0xffffffdd][0xffffffa0][0xffffffc4]m)[0xfffffff1]`[0xffffff94][0xffffffb8]qJ[0xffffffdc][0x1][0xffffff94][0xffffffb8]5[0xffffffef][0xffffff85][0x1][0xffffffbf]1J[0xffffffdc]I[0xffffff94][0xffffffd0](2[0xffffff94]p[0xffffff81]d([0xffffffa1][0xffffffb1][0xffffffac][0xffffffa7][0xffffffc4][0x1a][0xffffffce]jJ[0xffffffac][0x11]M[0xffffffa2][0xffffff84])O[0xffffff96][0x12][0xffffffb6]KYJ[0xffffff98]j[0xffffffe5](!MKQB[0xffffff8a]w[0xffffff83][0x12]f8{[0xffffffb4][0xffffffd1]'E[0x9]|8[0xfffffffb][0xc][0x18][0xffffffce]>[0xffffffcd][0xffffffba]ka[0xffffffc0][0xffffffb1][0xffffffe1][0xffffffec]S[0xfffffff6][IJ[0xffffff84][0xc]g[0xffffffdb]@2[0xffffff94][0x8][0x18][0xffffffce][0xffffff96]pVS"x8[0xffffffdb][0xffffff95]'K[0xffffff89][0xffffffbc][0xffffffe1]lW[0xffffffad][0x1c]%R[0xffffff86][0xffffffb3][0xffffffb5]x7(a[0xffffff86][0xffffffb3]G[0xffffffbb][0xf]l[0xffffffed][0x12][0x1f][0xffffffce]>[0x3][0xffffff86][0xffffffb3]O[0xffffffb3][0xffffffee]Z[0x18]pl8[0xfffffffb][0xffffff94][0xfffffffd]V[0xffffff92][0x12]![0xffffffc3][0xffffffd9]6[0xffffff90][0xc]%[0x2][0xffffff86][0xffffffb3]%[0xffffff9c][0xffffffd5][0xffffff94][0x8][0x1e][0xffffffce]v[0xffffffe5][0xffffffc9]R"o8[0xffffffdb]U+G[0xffffff89][0xffffff94][0xffffffe1]l-[0xffffffde]?[0xffffffa7][0xffffffc4][0xffffffe5][0xffffff86][0xffffffb3]{k'D[0xffffff89][0xb][0x1f][0xffffffce][0xffffffbe][0x2][0xffffff86][0xffffffb3]/[0xffffffb3][0xffffffee]Z[0x17][0xfffffff0][0xb][0x1b][0xffffffce][0xffffffbe]d[0xffffffbf][0x15][0xffffffa4][0xffffff84][0xffffff89]"B[0x9][0x1b]H[0xffffff84][0x12]&[0xffffff96][0xffffffe5][0xffffff94][0xffffff90]p[0x16]SB"[0x1a]D[0x9]W[0xffffff9e](%|[0xffffff97][0xffffffa2][0xffffff94]p[0xffffffd5][0xffffff8a]QB[0xffffff9b][0x16][0xffffffa2][0xffffff84][0x16][0xffffffef][0x6]%[0xffffff9a][0xffffffa3]D[0x1f][0xffffffd4]a[0xffffffd0][0xffffffcf][0xffffffe7][0xffffff81])[0xffffffd1][0x2]([0xffffffd1]4[0xffffffef][0xffffff85][0x1]o[0x18]%Z[0x12]%4[0xffffff8a][0xc]%\ [0x19]Jh,[0xffffffeb])[0xffffffb1][0xffffff86][0xffffffb3][0xffffff9a][0x12]kD[0xffffff93](a[0xffffffca][0xffffff93][0xffffffa5][0xffffff84][0xffffffed]R[0xffffff96][0x12][0xffffffa6]Z9JH[0xffffffd3]R[0xffffff94][0xffffff90][0xffffffe2][0xffffffdd][0xffffffa0][0xffffff84][0x1b][0xffffffce][0xffffffee][0xfffffff7]M[0xffffffdd][0xffffffc1]q[0xffffffe1][0xffffffc3][0xffffffd9]W[0xffffffc0]p[0xfffffff6]e[0xffffffd6]][0xb][0x3][0xffffff8e][\r]g_[0xffffffb2][0xffffffdf]JR"d8[0xffffffdb][0x6][0xffffff92][0xffffffa1]D[0xffffffc0]p[0xffffffb6][0xffffff84][0xffffffb3][0xffffff9a][0x12][0xffffffc1][0xffffffc3][0xffffffd9][0xffffffae]<YJ[0xffffffe4][\r]g[0xffffffbb]j[0xffffffe5]([0xffffff91]2[0xffffff9c][0xffffffad][0xffffffc5][0xffffffbb]A[0x9]7[0xffffff9c]}[0xffffffbc]^[0xffffffd4]g[0xffffff97][0x17]>[0xffffff9c]}[0x5][0xc]g_f[0xffffffdd][0xffffffb5]0[0xffffffe0][0xffffffd8]p[0xfffffff6]%[0xfffffffb][0xffffffad]$%B[0xffffff86][0xffffffb3]m [0x19]J[0x4][0xc]gK8[0xffffffab])[0x11]<[0xffffff9c][0xffffffed][0xffffffca][0xffffff93][0xffffffa5]D[0xffffffde]p[0xffffffb6][0xffffffab]V[0xffffff8e][0x12])[0xffffffc3][0xffffffd9]Z[0xffffffbc][0x1b][0xffffff94]pk[0xffffff97][0xffffffc7][0xfffffff9][0xffffffa2][0xe][0xffffff83]^[0xfffffff8][0xffffffda][0xffffffe5][0x15][0xffffffb0]vy[0xffffff99]I[0xffffffb6][0xffffffc2][0xffffff80]ck[0xffffff97][0xffffff97][0xffffff8c][0xffffffae][0xffffff91][0xffffff94][0x8]Y[0xffffffbb][0xffffffb4][0xffffff81]d([0x11][0xffffffb0]v)[0xffffffe1][0xffffffac][0xffffffa6]D[0xfffffff0][0xffffffda][0xffffffa5]+O[0xffffff96][0x12]yk[0xffffff97][0xffffffae]Z9J[0xffffffa4][0xffffffac]]j[0xfffffff1]nP[0xffffffc2][0xffffffad]][0x1e][0xffffff83][0xffffffa3][0x4][0xffffffbe]vy[0x5][0xffffffac]]^f[0xffffff92][0xffffffad]0[0xffffffe0][0xffffffd8][0xffffffda][0xffffffe5]%[0xffffffa3]k$%B[0xffffffd6].m [0x19]J[0x4][0xffffffac]]J8[0xffffffab])[0x11][0xffffffbc]v[0xffffffe9][0xffffffca][0xffffff93][0xffffffa5]D[0xffffffde][0xffffffda][0xffffffa5][0xffffffab]V[0xffffff8e][0x12])k[0xffffff97]Z[0xffffffbc][0x1b][0xffffff94]pk[0xffffff97][0xffffffc7][0xffffffbc][0xffffffb1]?p[0xffffffe0]k[0xffffff97]W[0xffffffc0][0xffffffda][0xffffffe5]e&[0xffffffd9][\n]"
08:17:55.163 [TestNG-PoolService-2] DEBUG org.apache.hc.client5.http.wire -- http-outgoing-5 << "[0x3][0xffffff8e][0xffffffad]]^2[0xffffffba]FR"d[0xffffffed][0xffffffd2][0x6][0xffffff92][0xffffffa1]D[0xffffffc0][0xffffffda][0xffffffa5][0xffffff84][0xffffffb3][0xffffff9a][0x12][0xffffffc1]k[0xffffff97][0xffffffae]<YJ[0xffffffe4][0xffffffad]][0xffffffba]j[0xffffffe5]([0xffffff91][0xffffffb2]v[0xffffffa9][0xffffffc5][0xffffffbb]A[0x9][0xffffffb7]vy[0xffffffb6][0xffffffd9])J[0xffffffe0]k[0xffffff97]W[0xffffffc0][0xffffffda][0xffffffe5]e&[0xffffffd9][\n]"
08:17:55.163 [TestNG-PoolService-1] DEBUG org.apache.hc.client5.http.wire -- http-outgoing-3 << "[0x14][0xffffff92]GJ[0x14]&[0xffffff95][0x14])$[0xffffff9b][0xffffff84])[0x1a][0xffffff8d][0xffffff8a][0xffffff96][0xffffffac][\n]"
08:17:55.164 [TestNG-PoolService-1] DEBUG org.apache.hc.client5.http.wire -- http-outgoing-3 << "[0xffffffad]Q[0xffffff9a][0x15][0xffffffae]UiWh[0xffffffc9][0xffffff92][0xffffffb0]X;[0xffffff97][0xffffff93][0xffffffc5]Z[0xffffffc1][[0xffffffb4][0xffffffe8]g[0x18]-:|[0xffffffc1][0xffffffd7][0xfffffff7]#[0xfffffff0][0xffffffb4][0xffffffe8][0xffffffe0][0x15]_[0xffffffdf]?O[0xffffffd1][0xffffffa2][0xffffffe7]\[0xfffffff2][0xffffffe5][0xfffffff2]H[0xffffffd1][0xffffffc2][0xffffffa4][0xffffff92][0xffffffa2][0xffffff85]d[0xffffff93][0xffffffa0]EG/[0xfffffffa][0xffffffd2][0xffffff9c]f[0xffffffd1]Bk[0xffffff94][0xffffffa6][0xffffff85]kU[0xffffff9a][0x16]Z[0xffffffb2]$-[0xffffffd6][0xffffffce][0xffffffe5]h[0xffffffb1]V[0xfffffff0][0x16]-[0xffffff8e][0xffffffb4][0xffffffb7][0x16][0x7][0xffffffff][0xffffffd6][0xffffffe2]Hxkq[0xffffffb0]o-[0xe][0xffffffee][0xffffffad][0xffffffc5][0x11][0xfffffff5][0xffffffd6]B[0xfffffff2]H[0xffffffd1][0xffffffc2][0xffffffa4][0xffffff92][0xffffffa2][0xffffff85]d[0xffffff93][0xffffffa0][0xffffffc5]A[0xffffffbf][0xffffffb5]8[0xffffff92][0xffffffdf]Zh[0xffffff8d][0xffffffd2][0xffffffb4]p[0xffffffad]J[0xffffffd3]BK[0xffffff96][0xffffffa4][0xffffffc5][0xffffffda][0xffffffb9][0x1c]-[0xffffffd6][\n]"
08:17:55.164 [TestNG-PoolService-2] DEBUG org.apache.hc.client5.http.wire -- http-outgoing-5 << "[0x3][0xffffff8e][0xffffffad]]^2[0xffffffba]FR"d[0xffffffed][0xffffffd2][0x6][0xffffff92][0xffffffa1]D[0xffffffc0][0xffffffda][0xffffffa5][0xffffff84][0xffffffb3][0xffffff9a][0x12][0xffffffc1]k[0xffffff97][0xffffffae]<YJ[0xffffffe4][0xffffffad]][0xffffffba]j[0xffffffe5]([0xffffff91][0xffffffb2]v[0xffffffa9][0xffffffc5][0xffffffbb]A[0x9][0xffffffb7]vy[0xffffff9e][0xffffffaf]FQ[0x2]_[0xffffffbb][0xffffffbc][0x2][0xffffffd6]./3[0xffffffc9]V[0x18]pl[0xffffffed][0xfffffff2][0xffffff92][0xffffffd1]5[0xffffff92][0x12]!k[0xffffff97]6[0xffffff90][0xc]%[0x2][0xffffffd6].%[0xffffff9c][0xffffffd5][0xffffff94][0x8]^[0xffffffbb]t[0xffffffe5][0xffffffc9]R"o[0xffffffed][0xffffffd2]U+G[0xffffff89][0xffffff94][0xffffffb5]K-[0xffffffde][\r]J[0xffffffb8][0xffffffb5][0xffffffcb][0xfffffff3][0xffffff9a][0x18]%[0xfffffff0][0xffffffb5][0xffffffcb]+`[0xffffffed][0xfffffff2]2[0xffffff93]l[0xffffff85][0x1][0xffffffc7][0xffffffd6]./[0x19]]#)[0x11][0xffffffb2]vi[0x3][0xffffffc9]P"`[0xffffffed]R[0xffffffc2]YM[0xffffff89][0xffffffe0][0xffffffb5]KW[0xffffff9e],%[0xfffffff2][0xffffffd6].][0xffffffb5]r[0xffffff94]HY[0xffffffbb][0xffffffd4][0xffffffe2][0xfffffffd]sJ[0xc][0xffffffb7]vy[0xffffff8e][0xffffff93][0xfffffffa]Vb[0xffffffe0]k[0xffffff97]#`[0xffffffed]r[0xffffff98]I[0xffffffb6][0xffffffba][0xffffff80][0xf]l[0xffffffed]r[0xffffffc8][0xffffffe8][0x1a]H[0x9][0x13]E[0xffffff84][0x12]6[0xffffff90][0x8]%L,[0xffffffcb])![0xffffffe1],[0xffffffa6][0xffffff84]D4[0xffffff88][0x12][0xffffffae]<QJ[0xfffffff8].E)[0xffffffe1][0xffffffaa][0x15][0xffffffa3][0xffffff84]6-D[0x9]-[0xffffffde][\r]J4K[0xffffff89][0x7][0xffffffa3]D[0xffffffc3])[0xffffffd1][0x2]([0xffffffd1]4[0xffffffef][0xffffff85][0x1]o[0x18]%Z[0x12]%4[0xffffff8a][0xc]%\ [0x19]Jh,[0xffffffeb])[0xffffffb1][0xffffff86][0xffffffb3][0xffffff9a][0x12]kD[0xffffff93](a[0xffffffca][0xffffff93][0xffffffa5][0xffffff84][0xffffffed]R[0xffffff96][0x12][0xffffffa6]Z9JH[0xffffffd3]R[0xffffff94][0xffffff90][0xffffffe2][0xffffffdd][0xffffffa0][0xffffff84][[0xffffffbb]<[0xffffffef][0xffffff83][0x1a][0xffffffce][0x1e][0xfffffff8][0xffffffda][0xffffffe5][0x8]X[0xffffffbb][0x1c]f[0xffffff92][0xffffffad]0[0xffffffe0][0xffffffd8][0xffffffda][0xffffffe5][0xffffff90][0xffffffd1]5[0xffffff92][0x12]!k[0xffffff97]6[0xffffff90][0xc]%[0x2][0xffffffd6].%[0xffffff9c][0xffffffd5][0xffffff94][0x8]^[0xffffffbb]t[0xffffffe5][0xffffffc9]R"o[0xffffffed][0xffffffd2]U+G[0xffffff89][0xffffff94][0xffffffb5]K-[0xffffffde][\r]J[0xffffffb8][0xffffffb5][0xffffffcb]s[0xffffffbe]N[0xffffff8a][0x12][0xfffffff8][0xffffffda][0xffffffe5][0x8]X[0xffffffbb][0x1c]f[0xffffff92][0xffffffad]0[0xffffffe0][0xffffffd8][0xffffffda][0xffffffe5][0xffffff90][0xffffffd1]5[0xffffff92][0x12]!k[0xffffff97]6[0xffffff90][0xc]%[0x2][0xffffffd6].%[0xffffff9c][0xffffffd5][0xffffff94][0x8]^[0xffffffbb]t[0xffffffe5][0xffffffc9]R"o[0xffffffed][0xffffffd2]U+G[0xffffff89][0xffffff94][0xffffffb5]K-[0xffffffde][\r]J[0xffffffb8][0xffffffb5][0xffffffcb][0xffffffab]?[0xffffffd4]g[0xffffff97][0x3]_[0xffffffbb][0x1c][0x1]k[0xffffff97][0xffffffc3]L[0xffffffb2][0x15][0x6][0x1c][[0xffffffbb][0x1c]2[0xffffffba]FR"d[0xffffffed][0xffffffd2][0x6][0xffffff92][0xffffffa1]D[0xffffffc0][0xffffffda][0xffffffa5][0xffffff84][0xffffffb3][0xffffff9a][0x12][0xffffffc1]k[0xffffff97][0xffffffae]<YJ[0xffffffe4][0xffffffad]][0xffffffba]j[0xffffffe5]([0xffffff91][0xffffffb2]v[0xffffffa9][0xffffffc5][0xffffffbb]A[0x9][0xffffffb7]vy][0xfffffffd]EQ[0x2]_[0xffffffbb][0x1c][0x1]k[0xffffff97][0xffffffc3]L[0xffffffb2][0x15][0x6][0x1c][[0xffffffbb][0x1c]2[0xffffffba]FR"d[0xffffffed][0xffffffd2][0x6][0xffffff92][0xffffffa1]D[0xffffffc0][0xffffffda][0xffffffa5][0xffffff84][0xffffffb3][0xffffff9a][0x12][0xffffffc1]k[0xffffff97][0xffffffae]<YJ[0xffffffe4][0xffffffad]][0xffffffba]j[0xffffffe5]([0xffffff91][0xffffffb2]v[0xffffffa9][0xffffffc5][0xffffffbb]A[0x9][0xffffffb7]vyM[0xffffff8e][0x12][0xfffffff8][0xffffffda][0xffffffe5][0x8]X[0xffffffbb][0x1c]f[0xffffff92][0xffffffad]0[0xffffffe0][0xffffffd8][0xffffffda][0xffffffe5][0xffffff90][0xffffffd1]5[0xffffff92][0x12]!k[0xffffff97]6[0xffffff90][0xc]%[0x2][0xffffffd6].%[0xffffff9c][0xffffffd5][0xffffff94][0x8]^[0xffffffbb]t[0xffffffe5][0xffffffc9]R"o[0xffffffed][0xffffffd2]U+G[0xffffff89][0xffffff94][0xffffffb5]K-[0xffffffde][\r]J[0xffffffb8][0xffffffb5][0xffffffcb][0xffffffd1]8J[0xffffffe0]k[0xffffff97]#`[0xffffffed]r[0xffffff98]I[0xffffffb6][0xffffffc2][0xffffff80]ck[0xffffff97]CF[0xffffffd7]HJ[0xffffff84][0xffffffac]][0xffffffda]@2[0xffffff94][0x8]X[0xffffffbb][0xffffff94]pVS"x[0xffffffed][0xffffffd2][0xffffff95]'K[0xffffff89][0xffffffbc][0xffffffb5]KW[0xffffffad][0x1c]%R[0xffffffd6].[0xffffffb5]x7([0xffffffe1][0xffffffd6].[0xffffffc7]u[0xf][0xffffff8a][0x12][0xfffffff8][0xffffffda][0xffffffe5][0x8]X[0xffffffbb][0x1c]f[0xffffff92][0xffffffad]0[0xffffffe0][0xffffffd8][0xffffffda][0xffffffe5][0xffffff90][0xffffffd1]5[0xffffff92][0x12]!k[0xffffff97]6[0xffffff90][0xc]%[0x2][0xffffffd6].%[0xffffff9c][0xffffffd5][0xffffff94][0x8]^[0xffffffbb]t[0xffffffe5][0xffffffc9]R"o[0xffffffed][0xffffffd2]U+G[0xffffff89][0xffffff94][0xffffffb5]K-[0xffffffde]-J[0xffffff9c]a[0xffffff94]8qJ[0xffffff9c][0x1][0xffffff94]8QJ[0xffffff9c][0x18]%[0xffffffce]$J[0xffffffac]Q[0xffffffa4]([0xffffffa1][0xffffff81][0xffffffa4]([0xffffffb1][0xffffffc6][0xffffff92][0xffffffa0][0xffffffc4][0x9]S[0xffffffe2][0xc][0xffffffa6][0xffffff84][0xffffff94]'M[0x9][0xffffffd3][0xffffffa5]4%[0xffffffa4]ZIJ[0xffffff9c])[0xffffff94]8[0xffffffff][0xffffff9a][0x12]n8{[0xffffffdc][0xffffffd8][0xffffffcd][0xffffffa0][0x3][0x1f][0xffffffce][0x1e][0x1][0xffffffc3][0xffffffd9][0xffffffc3][0xffffffac][0xffffffbb][0x16][0x6][0x1c][0x1b][0xffffffce][0x1e][0xffffffb2][0xffffffdf]JR"d8[0xffffffdb][0x6][0xffffff92][0xffffffa1]D[0xffffffc0]p[0xffffffb6][0xffffff84][0xffffffb3][0xffffff9a][0x12][0xffffffc1][0xffffffc3][0xffffffd9][0xffffffae]<YJ[0xffffffe4][\r]g[0xffffffbb]j[0xffffffe5]([0xffffff91]2[0xffffff9c][0xffffffad][0xffffffc5][0xfffffffb][0xffffffe7][0xffffff94][0xffffffb8][0xffffffdd]p[0xfffffff6][0xffffffdd]/[0xffffff8a][0x12]7>[0xffffff9c]}[0x7][0xc]g[0xffffffdf]f[0xffffffdd][0xffffffb5].[0xffffffe0]76[0xffffff9c]}[0xffffffcb]~+H[0x9][0x13]E[0xffffff84][0x12]6[0xffffff90][0x8]%L,[0xffffffcb])![0xffffffe1],[0xffffffa6][0xffffff84]D4[0xffffff88][0x12][0xffffffae]<QJ[0xfffffff8].E)[0xffffffe1][0xffffffaa][0x15][0xffffffa3][0xffffff84]6-D[0x9]-[0xffffffde][\r]J[0xffffffb8][0xffffffb5][0xffffffcb][0xfffffffb][0xffffffc1]v%n|[0xffffffed][0xfffffff2][0xe]X[0xffffffbb][0xffffffbc][0xffffffcd]$[a[0xffffffc0][0xffffffb1][0xffffffb5][0xffffffcb][F[0xffffffd7]HJ[0xffffff84][0xffffffac]][0xffffffda]@2[0xffffff94][0x8]X[0xffffffbb][0xffffff94]pVS"x[0xffffffed][0xffffffd2][0xffffff95]'K[0xffffff89][0xffffffbc][0xffffffb5]KW[0xffffffad][0x1c]%R[0xffffffd6].[0xffffffb5]x7([0xffffffe1]&[0xffffffaa][0xffffffee]9[0xffffffa9][0x13][0x1c]7>Qu[0x7]LT[0xffffffdd]fG[0xffffffa5]0[0xffffffe0][0xffffffd8]D[0xffffffd5]-K)$%B&[0xffffffaa]l [0x19]J[0x4]LTI8[0xffffffab])[0x11]<Q[0xffffffe5][0xffffffca][0xffffff93][0xffffffa5]D[0xffffffde]D[0xffffff95][0xffffffab]V[0xffffff8e][0x12])[0x13]UZ[0xffffffbc][0x1b][0xffffff94]p[0x13]U[0xffffffcf][0xffffffeb]<(J[0xffffffe0][0x13]Uw[0xffffffc0]D[0xffffffd5]mvT[\n]"
08:17:55.164 [TestNG-PoolService-1] DEBUG org.apache.hc.client5.http.wire -- http-outgoing-3 << "[0xffffffde][0xffffffa2][0xffffffc5][0xffffff98]a[0xffffffb4][0x18][0x13][0xffffffa7][0xffffffc5][0xffffffc7]#[0xfffffff0][0xffffffb4][0xfffffff8][0xfffffff1][0x10][0x14]->~[0xffffff9e][0xffffffa2][0xffffffc5][0xfffffff7]O[0xffffffa7][0xffffffd0]B[0xfffffff2]H[0xffffffd1][0xffffffc2][0xffffffa4][0xffffff92][0xffffffa2][0xffffff85]d[0xffffff93][0xffffffa0][0xffffffc5][0xffffff92][0xffffffd0]zZ,9[0xffffffcd][0xffffffa2][0xffffff85][0xffffffd6](M[0xb][0xffffffd7][0xffffffaa]4-[0xffffffb4]dIZ[0xffffffac][0xffffff9d][0xffffffcb][0xffffffd1]b[0xffffffad][0xffffffe0]-Z<W[0x18]-[0xffffff9e][0xb][0xffffffa7][0xffffffc5][0xffffffc7]#[0xfffffff0][0xffffffb4][0xfffffff8][0xfffffff1][0x10][0x14]->~[0xffffff9e][0xffffffa2][0xffffffc5][0xfffffff7]O[0xffffffa7][0xffffffd0]B[0xfffffff2]H[0xffffffd1][0xffffffc2][0xffffffa4][0xffffff92][0xffffffa2][0xffffff85]d[0xffffff93][0xffffffa0][0xffffffc5][0xffffff92][0xffffffd0]zZ,9[0xffffffcd][0xffffffa2][0xffffff85][0xffffffd6](M[0xb][0xffffffd7][0xffffffaa]4-[0xffffffb4]dIZ[0xffffffac][0xffffff9d][0xffffffcb][0xffffffd1]b[0xffffffad][0xffffffe0]=Z[0xffffffdc]i[0xffffffb4][0xffffffb8]yZ[0xffffffdc][0x9][0xffffffb4][0xffffffb8]YZ[0xffffffdc][0x1c]-[0xffffffee](Z[0xffffffac]y[0xffffffc4]h[0xffffffa1][0xffffffa9][0xffffffc4]h[0xffffffb1]f[0x13][0xffffffa1][0xffffffc5]M[0xffffffd3][0xffffffe2]N[0xffffffa6][0xffffff85][0xffffffd4](N[0xb][0xffffffd3][0xffffffaa]8-[0xffffffa4]dQZ[0xffffffdc]1[0xffffffb4][0xffffffb8][0xffffffff][0x3]Z[0xffffffb4][0xffffffd7][0x13]f[0xffffff8b][0xffffff8f]'[0xffffffc2]q[0xfffffff1][0xfffffff9][0xc][0xffffffbc].~>[0x5][0xffffffc5][0xffffff8b][0xffffffcf][0xffffffdf][0xffffffa7]|[0xfffffff1][0xffffffe3][0xffffffb7]S[0xffffff80][0xffffffa1][0xffffffa1][0xffffffa4][0xffffff84][0xffffffe1][0xffffffa2]I[0x11]C[0x3]J[0x18]c[0xffffff8d]i=2[0xffffffd6][0xffffffb0]f)[0xffffffc3][0x14]*[0xffffffcd][0xc][0xffffffdb][0xffffffaf][0xffffffb4]3L[0xffffffdd][0xffffff92][0xffffffd0][0xffffff90][0xfffffff6][0xffffffe5][0xffffffa4]!e[0xffffffbc]E[0xffffff8d][0xfffffffe]:[0xffffffc3][0xffffffa8][0xfffffff1][0xfffffff1]D85>[0xffffff9f][0xffffff81][0xffffffa7][0xffffffc6][0xffffffcf][0xffffffa7][0xffffffa0][0xffffffa8][0xfffffff1][0xfffffff9][0xfffffffb][0x14]5~[0xfffffffc]v[\n]"
08:17:55.164 [TestNG-PoolService-2] DEBUG org.apache.hc.client5.http.wire -- http-outgoing-5 << "[0x3][0xffffff8e]MT[0xffffffdd][0xffffffb2][0xffffff94]BR"d[0xffffffa2][0xffffffca][0x6][0xffffff92][0xffffffa1]D[0xffffffc0]D[0xffffff95][0xffffff84][0xffffffb3][0xffffff9a][0x12][0xffffffc1][0x13]U[0xffffffae]<YJ[0xffffffe4]MT[0xffffffb9]j[0xffffffe5]([0xffffff91]2Q[0xffffffa5][0xffffffc5][0xffffffbb]A[0x9]7Q[0xfffffff5][0xffffffbc]&[0xfffffff6][0x7][0xe]|[0xffffffa2][0xffffffea][0xe][0xffffff98][0xffffffa8][0xffffffba][0xffffffcd][0xffffff8e]Ja[0xffffffc0][0xffffffb1][0xffffff89][0xffffffaa][[0xffffff96]RHJ[0xffffff84]LT[0xffffffd9]@2[0xffffff94][0x8][0xffffff98][0xffffffa8][0xffffff92]pVS"x[0xffffffa2][0xffffffca][0xffffff95]'K[0xffffff89][0xffffffbc][0xffffff89]*W[0xffffffad][0x1c]%R&[0xffffffaa][0xffffffb4]x7([0xffffffe1]&[0xffffffaa][0xffffff9e][0xffffffde].[0xffffff8a][0x12][0xfffffff8]D[0xffffffd5][0x1d]0Qu[0xffffff9b][0x1d][0xffffff95][0xffffffc2][0xffffff80]c[0x13]U[0xffffffb7],[0xffffffa5][0xffffff90][0xffffff94][0x8][0xffffff99][0xffffffa8][0xffffffb2][0xffffff81]d([0x11]0Q%[0xffffffe1][0xffffffac][0xffffffa6]D[0xfffffff0]D[0xffffff95]+O[0xffffff96][0x12]y[0x13]U[0xffffffae]Z9J[0xffffffa4]LTi[0xfffffff1]nQ[0xffffffa2][0xffffff87]Q[0xffffffa2][0xffffffe3][0xffffff94][0xffffffe8][0x1][0xffffff94][0xffffffe8](%:F[0xffffff89][0xffffff9e]D[0xffffff89]5[0xffffff8a][0x14]%4[0xffffff90][0x14]%[0xffffffd6]X[0x12][0xffffff94][0xffffffe8]0%z0%[0xffffffa4]<iJ[0xffffff98].[0xffffffa5])![0xffffffd5]JR[0xffffffa2][0xffffffa7]P[0xffffffa2][0xffffffff]5%[0xffffffdc][0xffffffda][0xffffffe5]su[0xffffffec]0([0xffffffbe]vy[0x7][0xffffffac]][0xffffffde]f[0xffffff92][0xffffffad]0[0xffffffe0][0xffffffd8][0xffffffda][0xffffffe5]-[0xffffffa3]k$%B[0xffffffd6].m [0x19]J[0x4][0xffffffac]]J8[0xffffffab])[0x11][0xffffffbc]v[0xffffffe9][0xffffffca][0xffffff93][0xffffffa5]D[0xffffffde][0xffffffda][0xffffffa5][0xffffffab]V[0xffffff8e][0x12])k[0xffffff97]Z[0xffffffbc][[0xffffff94]0o%PJ[0xffffffd0]o%[0xffffff9e][0xffffff80][0xffffffb7][0x12][0xffffff8f][0xffffffd2][0xffffffb9]4[0xffffffe0][0xffffffd4][[0xffffff89]'[0xffffffe9][0xffffffad][0xffffff84]F[0xffffff91][0xffffffa2]D[0xffffffca][[0x9][0xffffff8d]%A[0x9][0xfffffff6][0xffffffad][0xffffffc4][0x1a][0xffffffd1],J[0xffffff84][0xffffffbd][0xffffff95][0xffffffb0]]JS"[0xffffffe8][0xffffffad][0xffffff84]4-G[0xffffff89][0xffffffff][0xffffffe2][0xffffffad][0xffffffc4][0x11]F[0xffffff89][0x3][0xffffffa7][0xffffffc4][0x11]@[0xffffff89][0x3][0xffffffa5][0xffffffc4][0xffffff81]Q[0xffffffe2]H[0xffffffa2][0xffffffc4][0x1a]E[0xffffff8a][0x12][0x1a]H[0xffffff8a][0x12]k,[0x9]J[0x1c]0%[0xffffff8e]`JHy[0xffffffd2][0xffffff94]0]JSB[0xffffffaa][0xffffff95][0xffffffa4][0xffffffc4][0xffffff91]B[0xffffff89][0xffffffe3]?[0xffffffa0]DK[0xffffffb3]D[0xffffffe3]1[0xffffffd1][0x12]4[0xffffffd1]XN4[0xffffffce][0x13]-[\n]"
08:17:55.164 [TestNG-PoolService-2] DEBUG org.apache.hc.client5.http.wire -- http-outgoing-5 << "[0x14][0xffffff92]GJ[0x14]&[0xffffff95][0x14])$[0xffffff9b][0xffffff84])[0x1a][0xffffff8d][0xffffff8a][0xffffff96][0xffffffac][\n]"
08:17:55.164 [TestNG-PoolService-1] DEBUG org.apache.hc.client5.http.wire -- http-outgoing-3 << "54[0xffffff94][0x14]5\4)jh@[0x9]j[0xffffffac]1[0xffffffad][0xffffffa7][0xffffffc6][0x1a][0xffffffd6],j[0xffffff98]B[0xffffffa5][0xffffffa9]a[0xfffffffb][0xffffff95][0xffffffa6][0xffffff86][0xffffffa9][[0xffffff92][0x1a][0xffffffd2][0xffffffbe][0x1c]5[0xffffffa4][0xffffff8c][0xfffffff7][0xffffffa8]1[0xffffffe2][0xffffffa8]1[0x2][0xffffffa8]1"[0xffffffa8]1`j[0xc][0xffffff90][0x1a]#[0xffffff8b][0x1a][0x12]J[0xffffff8c][0x1a]&[0xffffff9a][0x18]5$[0xffffffa0][0x8]5[0x6]N[0xffffff8d][0x11]M[\r]-T[0xffffff9c][0x1a][0xffffffae]_qjh[0xffffffdd][0xffffffa2][0xffffffd4]X[0xffffffdb][0x17][0xffffffa4][0xffffffc6]Z[0xffffffc6][0x7f]B[0xffffff8d][0xfffffffe][0xfffffffd][0xffffffaf]Ls[0xffffff87][0xffffffc8]l[0xffffffe7]Q[0xe][0xffffff8d][0xffffffdf][0xffffffcf]C1[0xffffffe3][0x1f]O[0xffffff80]!cy[0xffffff86]bb[0xfffffffc][0xffffffe3][0xffffffd7][0xffffff8b][0xffffff81][0xfffffff1][0xffffffbf][0xffffffbf][0xc][0xfffffff3][0xffffffe2]m[0x14][0xffffff8b]q[0xfffffff1]/[0xffffff81],[0xffffffa6][0xffffffc5][0xffffffdb]X[0x16][0xffffffc2][0xffffffe2]M8[0xffffffcb]X[0xfffffff1]&[0xffffffa2][0x11][0xffffffa8]x_[0xffffff9e][0x10])[0xfffffffe][0xffffffad]K!P[0xffffffbc][0xffffffaf]V[0xffffff80][0x13][0xffffffef][0xffffff9a][0xffffffb6][0x1c][0x13][0xffffffef][0xffffff8a][0xfffffff7][0xffffffcf])[0xfffffff1][0xffffffbc][0x1c]%[0xffffff8e][0xffffffe3][0xffffff86]([0xfffffff1][0xfffffff9]<,%[0xffffffbe][0xffffff9e][0x0][0xffffffa6][0xffffffc4][0xffffffaf]g@([0xfffffff1][0xfffffff5][0xffffffeb][0x8]%~[0xfffffffe]r[0x4]%L[0x14][0x11]J[0xffffffd8]@"[0xffffff94]0[0xffffffb1],[0xffffffa7][0xffffff84][0xffffff84][0xffffffb3][0xffffff98][0x12][0x12][0xffffffd1] J[0xffffffb8][0xfffffff2]D)[0xffffffe1][0xffffffbb][0x14][0xffffffa5][0xffffff84][0xffffffab]V[0xffffff8c][0x12][0xffffffda][0xffffffb4][0x10]%[0xffffffb4]x7([0xffffffd1][0x1c]%[0xffffffee][0x13][0xffffffa3]D[0xffffffc3])[0xffffffd1][0x2]([0xffffffd1]4[0xffffffef][0xffffff85][0x1]o[0x18]%Z[0x12]%4[0xffffff8a][0xc]%\ [0x19]Jh,[0xffffffeb])[0xffffffb1][0xffffff86][0xffffffb3][0xffffff9a][0x12]kD[0xffffff93](a[0xffffffca][0xffffff93][0xffffffa5][0xffffff84][0xffffffed]R[0xffffff96][0x12][0xffffffa6]Z9JH[0xffffffd3]R[0xffffff94][0xffffff90][0xffffffe2][0xffffffdd][0xffffffa0][0xffffffc4][0xffffffa1][0xffffff94][0xffffffb8]_[0xffffffc7]M[0xfffffffd][0xffffff81][0xffffffe3][0xfffffff3]y`J[0x1c][0x1][0xffffff94]84[0xffffffef][0xffffff85][0x1]?0J[0x1c]I[0xffffff94][0xffffffd0](2[0xffffff94]p[0xffffff81]d([0xffffffa1][0xffffffb1][0xffffffac][0xffffffa7][0xffffffc4][0x1a][0xffffffce]jJ[0xffffffac][0x11]M[0xffffffa2][0xffffff84])O[0xffffff96][0x12][0xffffffb6]KYJ[0xffffff98]j[0xffffffe5](!MKQB[0xffffff8a]w[0xffffff83][0x12][0xffffffa7][0xffffffa3][0xffffffc4][0xfffffff5][0xfffffff5][0xffffffbf][0x17]B[0xffffff89][0x13][0xffffffa7][0xffffffc4][0x19]@[0xffffff89]S[0xfffffff3]^[0x18][0xfffffff0][0x13][0xffffffa3][0xffffffc4][0xffffff99]D[0x9][0xffffff8d]"C[0x9][0x17]H[0xffffff86][0x12][0x1a][0xffffffcb]zJ[0xffffffac][0xffffffe1][0xffffffac][0xffffffa6][0xffffffc4][0x1a][0xffffffd1]$J[0xffffff98][0xfffffff2]d)a[0xffffffbb][0xffffff94][0xffffffa5][0xffffff84][0xffffffa9]V[0xffffff8e][0x12][0xffffffd2][0xffffffb4][0x14]%[0xffffffa4]x7(q9J[0xffffffcc][0xffffffe3][0xffffffa4](q[0xffffffe1][0xffffff94][0xffffffb8][0x2](qi[0xffffffde][0xb][0x3]~a[0xffffff94][0xffffffb8][0xffffff92]([0xffffffa1]Qd([0xffffffe1][0x2][0xffffffc9]PBcYO[0xffffff89]5[0xffffff9c][0xffffffd5][0xffffff94]X#[0xffffff9a]D[0x9]S[0xffffff9e],%l[0xffffff97][0xffffffb2][0xffffff94]0[0xffffffd5][0xffffffca]QB[0xffffff9a][0xffffff96][0xffffffa2][0xffffff84][0x14][0xffffffef][0x6]%[0xffffff86][0xffffffa5][0xffffffc4][0xffffffc4](1pJ[0xffffff8c][0x0]J[0xc][0xffffffcd]{a[0xffffffc0][0x7]F[0xffffff89][0xffffff91]D[0x9][0xffffff8d]"C[0x9][0x17]H[0xffffff86][0x12][0x1a][0xffffffcb]zJ[0xffffffac][0xffffffe1][0xffffffac][0xffffffa6][0xffffffc4][0x1a][0xffffffd1]$J[0xffffff98][0xfffffff2]d)a[0xffffffbb][0xffffff94][0xffffffa5][0xffffff84][0xffffffa9]V[0xffffff8e][0x12][0xffffffd2][0xffffffb4][0x14]%[0xffffffa4]x7(q[0x1b]J[0xffffffb4][0xffffffd7][0x18][0x14]%n[0xffffff9c][0x12]w[0x0]%n[0xffffffcd]{a[0xffffffc0]o[0xffffff8c][0x12]w[0x12]%4[0xffffff8a][0xc]%\ [0x19]Jh,[0xffffffeb])[0xffffffb1][0xffffff86][0xffffffb3][0xffffff9a][0x12]kD[0xffffff93](a[0xffffffca][0xffffff93][0xffffffa5][0xffffff84][0xffffffed]R[0xffffff96][0x12][0xffffffa6]Z9JH[0xffffffd3]R[0xffffff94][0xffffff90][0xffffffe2][0xffffffdd][0xffffffa0][0xffffffc4][0xffffffe3]([0xffffffd1][0x1a][0xfffffff6][0xffffffad][0xffffffc4][0xffffff83]S[0xffffffe2][0x9][0xffffffa0][0xffffffc4][0xffffffa3]y/[0xc][0xfffffff8][0xffffff83]Q[0xffffffe2]I[0xffffffa2][0xffffff84]F[0xffffff91][0xffffffa1][0xffffff84][0xb]$C[0x9][0xffffff8d]e=%[0xffffffd6]pVSb[0xffffff8d]h[0x12]%Ly[0xffffffb2][0xffffff94][0xffffffb0]][0xffffffca]R[0xffffffc2]T+G[0x9]iZ[0xffffff8a][0x12]R[0xffffffbc][0x1b][0xffffff94]0[0x13]U[0x1f][0xffffff94][0xffffffe0][0xffffffde]J[0xffffffe0][0x13]UO[0xffffffc0]D[0xffffffd5]cvT[\n]"
08:17:55.164 [TestNG-PoolService-2] DEBUG org.apache.hc.client5.http.wire -- http-outgoing-5 << "[0xffffffad]Q[0xffffff9a][0x15][0xffffffae]UiWh[0xffffffc9][0xffffff92][0xffffffb0]X;[0xffffff97][0xffffff93][0xffffffc5]Z[0xffffffc1][[0xffffffb4][0xffffffe8]g[0x18]-:|[0xffffffc1][0xffffffd7][0xfffffff7]#[0xfffffff0][0xffffffb4][0xffffffe8][0xffffffe0][0x15]_[0xffffffdf]?O[0xffffffd1][0xffffffa2][0xffffffe7]\[0xfffffff2][0xffffffe5][0xfffffff2]H[0xffffffd1][0xffffffc2][0xffffffa4][0xffffff92][0xffffffa2][0xffffff85]d[0xffffff93][0xffffffa0]EG/[0xfffffffa][0xffffffd2][0xffffff9c]f[0xffffffd1]Bk[0xffffff94][0xffffffa6][0xffffff85]kU[0xffffff9a][0x16]Z[0xffffffb2]$-[0xffffffd6][0xffffffce][0xffffffe5]h[0xffffffb1]V[0xfffffff0][0x16]-[0xffffff8e][0xffffffb4][0xffffffb7][0x16][0x7][0xffffffff][0xffffffd6][0xffffffe2]Hxkq[0xffffffb0]o-[0xe][0xffffffee][0xffffffad][0xffffffc5][0x11][0xfffffff5][0xffffffd6]B[0xfffffff2]H[0xffffffd1][0xffffffc2][0xffffffa4][0xffffff92][0xffffffa2][0xffffff85]d[0xffffff93][0xffffffa0][0xffffffc5]A[0xffffffbf][0xffffffb5]8[0xffffff92][0xffffffdf]Zh[0xffffff8d][0xffffffd2][0xffffffb4]p[0xffffffad]J[0xffffffd3]BK[0xffffff96][0xffffffa4][0xffffffc5][0xffffffda][0xffffffb9][0x1c]-[0xffffffd6][\n]"
08:17:55.164 [TestNG-PoolService-1] DEBUG org.apache.hc.client5.http.wire -- http-outgoing-3 << "[0x3][0xffffff8e]MT=[0xffffffb2][0xffffff94]BR"d[0xffffffa2][0xffffffca][0x6][0xffffff92][0xffffffa1]D[0xffffffc0]D[0xffffff95][0xffffff84][0xffffffb3][0xffffff9a][0x12][0xffffffc1][0x13]U[0xffffffae]<YJ[0xffffffe4]MT[0xffffffb9]j[0xffffffe5]([0xffffff91]2Q[0xffffffa5][0xffffffc5][0xfffffffb][0xffffffe7][0xffffff94][0xffffff98]f[0xffffffa2][0xffffffea][0xfffffffe][0xfffffff8][0x7f][0xffffff9e][0x10]%&>Q5[0x3]&[0xffffffaa][0xffffffa6][0xffffffd9]Q[0xffffffa9][0xb][0xfffffff8][0xffffffc4]&[0xffffffaa][0xffffffa6],[0xffffffa5][0xffffff80][0xffffff94]0QD(a[0x3][0xffffff89]P[0xffffffc2][0xffffffc4][0xffffffb2][0xffffff9c][0x12][0x12][0xffffffce]bJHD[0xffffff83]([0xffffffe1][0xffffffca][0x13][0xffffffa5][0xffffff84][0xffffffef]R[0xffffff94][0x12][0xffffffae]Z1Jh[0xffffffd3]B[0xffffff94][0xffffffd0][0xffffffe2][0xffffffdd][0xffffffa0][0xffffff84][0xffffff99][0xffffffa8][0xffffffba][0xffffffdb][0xfffffffd]P[0x13]U[0x13][0xffffff9f][0xffffffa8][0xffffff9a][0x1][0x13]U[0xffffffd3][0xffffffec][0xffffffa8][0x14][0x6][0x1c][0xffffff9b][0xffffffa8][0xffffff9a][0xffffffb2][0xffffff94]BR"d[0xffffffa2][0xffffffca][0x6][0xffffff92][0xffffffa1]D[0xffffffc0]D[0xffffff95][0xffffff84][0xffffffb3][0xffffff9a][0x12][0xffffffc1][0x13]U[0xffffffae]<YJ[0xffffffe4]MT[0xffffffb9]j[0xffffffe5]([0xffffff91]2Q[0xffffffa5][0xffffffc5][0xffffffbb]A[0xffffff89][0xffffffee](1[0xffffff9f]FQ[0xffffffa2][0xffffffe3][0xffffff94][0xffffffe8][0x1][0xffffff94][0xffffffe8][0xffffff9a][0xfffffff7][0xffffffc2][0xffffff80]w[0xffffff8c][0x12]=[0xffffff89][0x12][0x1a]E[0xffffff86][0x12].[0xffffff90][0xc]%4[0xffffff96][0xfffffff5][0xffffff94]X[0xffffffc3]YM[0xffffff89]5[0xffffffa2]I[0xffffff94]0[0xffffffe5][0xffffffc9]R[0xffffffc2]v)K[0x9]S[0xffffffad][0x1c]%[0xffffffa4]i)JH[0xfffffff1]nP[0xffffffc2][0xffffffad]][0xfffffff6][0xfffffff3]<)J[0xffffffe0]k[0xffffff97]3`[0xffffffed]r[0xffffff9a]I[0xffffffb6][0xffffffc2][0xffffff80]ck[0xffffff97]SF[0xffffffd7]HJ[0xffffff84][0xffffffac]][0xffffffda]@2[0xffffff94][0x8]X[0xffffffbb][0xffffff94]pVS"x[0xffffffed][0xffffffd2][0xffffff95]'K[0xffffff89][0xffffffbc][0xffffffb5]KW[0xffffffad][0x1c]%R[0xffffffd6].[0xffffffb5]x[0xffffffb7]([0xffffffd1][0xffffffc3]([0xffffffd1]qJ[0xfffffff4][0x0]Jt[0xffffff94][0x12][0x1d][0xffffffa3]DO[0xffffffa2][0xffffffc4][0x1a]E[0xffffff8a][0x12][0x1a]H[0xffffff8a][0x12]k,[0x9]Jt[0xffffff98][0x12]=[0xffffff98][0x12]R[0xffffff9e]4%L[0xffffff97][0xffffffd2][0xffffff94][0xffffff90]j%)[0xffffffd1]S([0xffffffd1][0xffffffff][0xffffff9a][0x12]n8[0xffffffbb]_[0x17]u[0x18]t[0xffffffe2][0xffffffc3][0xffffffd9]3`8{[0xffffff9a]u[0xffffffd7][0xffffffc2][0xffffff80]c[0xffffffc3][0xffffffd9]S[0xfffffff6][IJ[0xffffff84][0xc]g[0xffffffdb]@2[0xffffff94][0x8][0x18][0xffffffce][0xffffff96]pVS"x8[0xffffffdb][0xffffff95]'K[0xffffff89][0xffffffbc][0xffffffe1]lW[0xffffffad][0x1c]%R[0xffffff86][0xffffffb3][0xffffffb5]x[0xffffffb7](a[0xffffffde]J[0xffffffa0][0xffffff94][0xffffffa0][0xffffffdf]J[0xffffff9c][0x1]o%N[0xffffffa5]si[0xffffffc0][0xffffffa9][0xffffffb7][0x12]g[0xffffffd2][[0x9][0xffffff8d]"E[0xffffff89][0xffffff94][0xffffffb7][0x12][0x1a]K[0xffffff82][0x12][0xffffffec][[0xffffff89]5[0xffffffa2]Y[0xffffff94][0x8]{+a[0xffffffbb][0xffffff94][0xffffffa6]D[0xffffffd0][[0x9]iZ[0xffffff8e][0x12][0x7f][0xffffffff]V[0xffffffc2][0xffffffad]][0x1e][0xffffffe3][0xffffff99][0x14]%[0xfffffff0][0xffffffb5][0xffffffcb][0x19][0xffffffb0]v9[0xffffffcd]$[a[0xffffffc0][0xffffffb1][0xffffffb5][0xffffffcb])[0xffffffa3]k$%B[0xffffffd6].m [0x19]J[0x4][0xffffffac]]J8[0xffffffab])[0x11][0xffffffbc]v[0xffffffe9][0xffffffca][0xffffff93][0xffffffa5]D[0xffffffde][0xffffffda][0xffffffa5][0xffffffab]V[0xffffff8e][0x12])k[0xffffff97]Z[0xffffffbc][0x1b][0xffffff94]pk[0xffffff97][0xffffffc7]s][0x14]%[0xfffffff0][0xffffffb5][0xffffffcb][0x19][0xffffffb0]v9[0xffffffcd]$[a[0xffffffc0][0xffffffb1][0xffffffb5][0xffffffcb])[0xffffffa3]k$%B[0xffffffd6].m [0x19]J[0x4][0xffffffac]]J8[0xffffffab])[0x11][0xffffffbc]v[0xffffffe9][0xffffffca][0xffffff93][0xffffffa5]D[0xffffffde][0xffffffda][0xffffffa5][0xffffffab]V[0xffffff8e][0x12])k[0xffffff97]Z[0xffffffbc][0x1b][0xffffff94]pk[0xffffff97]g?[0xffffffa8][0xffffffb5][0xffffffcb][0xffffff89][0xffffffaf]][0xffffffce][0xffffff80][0xffffffb5][0xffffffcb]i&[0xffffffd9][\n]"
08:17:55.164 [TestNG-PoolService-2] DEBUG org.apache.hc.client5.http.wire -- http-outgoing-5 << "[0xffffffde][0xffffffa2][0xffffffc5][0xffffff98]a[0xffffffb4][0x18][0x13][0xffffffa7][0xffffffc5][0xffffffc7]#[0xfffffff0][0xffffffb4][0xfffffff8][0xfffffff1][0x10][0x14]->~[0xffffff9e][0xffffffa2][0xffffffc5][0xfffffff7]O[0xffffffa7][0xffffffd0]B[0xfffffff2]H[0xffffffd1][0xffffffc2][0xffffffa4][0xffffff92][0xffffffa2][0xffffff85]d[0xffffff93][0xffffffa0][0xffffffc5][0xffffff92][0xffffffd0]zZ,9[0xffffffcd][0xffffffa2][0xffffff85][0xffffffd6](M[0xb][0xffffffd7][0xffffffaa]4-[0xffffffb4]dIZ[0xffffffac][0xffffff9d][0xffffffcb][0xffffffd1]b[0xffffffad][0xffffffe0]-Z<W[0x18]-[0xffffff9e][0xb][0xffffffa7][0xffffffc5][0xffffffc7]#[0xfffffff0][0xffffffb4][0xfffffff8][0xfffffff1][0x10][0x14]->~[0xffffff9e][0xffffffa2][0xffffffc5][0xfffffff7]O[0xffffffa7][0xffffffd0]B[0xfffffff2]H[0xffffffd1][0xffffffc2][0xffffffa4][0xffffff92][0xffffffa2][0xffffff85]d[0xffffff93][0xffffffa0][0xffffffc5][0xffffff92][0xffffffd0]zZ,9[0xffffffcd][0xffffffa2][0xffffff85][0xffffffd6](M[0xb][0xffffffd7][0xffffffaa]4-[0xffffffb4]dIZ[0xffffffac][0xffffff9d][0xffffffcb][0xffffffd1]b[0xffffffad][0xffffffe0]=Z[0xffffffdc]i[0xffffffb4][0xffffffb8]yZ[0xffffffdc][0x9][0xffffffb4][0xffffffb8]YZ[0xffffffdc][0x1c]-[0xffffffee](Z[0xffffffac]y[0xffffffc4]h[0xffffffa1][0xffffffa9][0xffffffc4]h[0xffffffb1]f[0x13][0xffffffa1][0xffffffc5]M[0xffffffd3][0xffffffe2]N[0xffffffa6][0xffffff85][0xffffffd4](N[0xb][0xffffffd3][0xffffffaa]8-[0xffffffa4]dQZ[0xffffffdc]1[0xffffffb4][0xffffffb8][0xffffffff][0x3]Z[0xffffffb4][0xffffffd7][0x13]f[0xffffff8b][0xffffff8f]'[0xffffffc2]q[0xfffffff1][0xfffffff9][0xc][0xffffffbc].~>[0x5][0xffffffc5][0xffffff8b][0xffffffcf][0xffffffdf][0xffffffa7]|[0xfffffff1][0xffffffe3][0xffffffb7]S[0xffffff80][0xffffffa1][0xffffffa1][0xffffffa4][0xffffff84][0xffffffe1][0xffffffa2]I[0x11]C[0x3]J[0x18]c[0xffffff8d]i=2[0xffffffd6][0xffffffb0]f)[0xffffffc3][0x14]*[0xffffffcd][0xc][0xffffffdb][0xffffffaf][0xffffffb4]3L[0xffffffdd][0xffffff92][0xffffffd0][0xffffff90][0xfffffff6][0xffffffe5][0xffffffa4]!e[0xffffffbc]E[0xffffff8d][0xfffffffe]:[0xffffffc3][0xffffffa8][0xfffffff1][0xfffffff1]D85>[0xffffff9f][0xffffff81][0xffffffa7][0xffffffc6][0xffffffcf][0xffffffa7][0xffffffa0][0xffffffa8][0xfffffff1][0xfffffff9][0xfffffffb][0x14]5~[0xfffffffc]v[\n]"
08:17:55.165 [TestNG-PoolService-1] DEBUG org.apache.hc.client5.http.wire -- http-outgoing-3 << "[0x3][0xffffff8e][0xffffffad]]N[0x19]]#)[0x11][0xffffffb2]vi[0x3][0xffffffc9]P"`[0xffffffed]R[0xffffffc2]YM[0xffffff89][0xffffffe0][0xffffffb5]KW[0xffffff9e],%[0xfffffff2][0xffffffd6].][0xffffffb5]r[0xffffff94]HY[0xffffffbb][0xffffffd4][0xffffffe2][0xfffffffd]cJ</[0xffffffb7]vyvj[0xffffffa2][0xffffffea][0xffffffeb]yPJ|?[0x1]K[0xffffff89][0xffffffdf][0xffffffcf]@P[0xffffffe2][0xfffffffb][0xffffffd7][0x9]J[0xfffffffc][0xfffffffa][0xffffffe5][0x4]J[0xffffffb8]([0x12][0xffffff94][0xfffffff0][0xffffff81]$([0xffffffe1]bYM[0x9][\r]g-%4[0xffffffa2]9[0xffffff94][0xffffffb0][0xffffffe5]IR[0xffffffe2]M[0xffffff97][0xffffff92][0xffffff94][0xffffffb0][0xffffffd5]JQ[0xffffffc2]4-C[0x9]S[0xffffffbc][0x1b][0xffffff94]pk[0xffffff97][0xffffffe7]qB[0xffffff9f]]~=[0xf]L[0x9]~[0xffffffed][0xfffffff2][0xfffffff7]30[0xffffff94][0xffffffa0][0xffffffd6].[0x7f][0xfffffffd]r[0x6]%2[0xffffffd6].} [0x19]J[0xfffffff0]k[0xffffff97][0x1a][0xffffffce]jJ[0xffffffe4][0xffffffae]][0xffffffda][0xfffffff2]d)[0x11][0xffffffb7]vi[0xffffffab][0xffffff95][0xffffffa3]D[0xffffffc8][0xffffffda][0xffffffa5])[0xffffffde][\r]JtK[0x9][0xffffffee][0xffffffad]D[0xffffffc7])[0xffffffd1][0x3]([0xffffffd1]5[0xffffffef][0xffffff85][0x1][0xffffffef][0x18]%z[0x12]%4[0xffffff8a][0xc]%\ [0x19]Jh,[0xffffffeb])[0xffffffb1][0xffffff86][0xffffffb3][0xffffff9a][0x12]kD[0xffffff93](a[0xffffffca][0xffffff93][0xffffffa5][0xffffff84][0xffffffed]R[0xffffff96][0x12][0xffffffa6]Z9JH[0xffffffd3]R[0xffffff94][0xffffff90][0xffffffe2][0xffffffdd][0xffffffa0][0xffffff84][[0xffffffbb]<[0xffffffcf][0x3]:[0xffffffc1][0xfffffff1][0xfffffff5]<0%[0xfffffff8][0xffffffb5][0xffffffcb][0xffffffdf][0xffffffcf][0xffffffc0]P[0xffffff82]Z[0xffffffbb][0xfffffffc][0xfffffff5][0xffffffcb][0x19][0xffffff94][0xffffffc8]X[0xffffffbb][0xfffffff4][0xffffff81]d([0xffffffc1][0xffffffaf]]j8[0xffffffab])[0xffffff91][0xffffffbb]vi[0xffffffcb][0xffffff93][0xffffffa5]D[0xffffffdc][0xffffffda][0xffffffa5][0xffffffad]V[0xffffff8e][0x12]!k[0xffffff97][0xffffffa6]x[0xffffffb7]([0xffffffd1][0xffffffc2]([0xffffffd1]pJ[0xffffffb4][0x0]J4[0xffffff94][0x12][\r][0xffffffa3]DK[0xffffffa2][0xffffffc4][0x1a]E[0xffffff8a][0x12][0x1a]H[0xffffff8a][0x12]k,[0x9]J4[0xffffff98][0x12]-[0xffffff98][0x12]R[0xffffff9e]4%L[0xffffff97][0xffffffd2][0xffffff94][0xffffff90]j%)[0xffffffd1]R([0xffffffd1][0xfffffffe][0xffffff9a][0x12]n[0xffffffed][0xfffffff2][0xffffffbc][0xffffff9e][0xffffff83][0xffffffa2][0x4][0xffffffbd]v[0xfffffff9][0xfffffffd][0x4]4%[0xffffffc8][0xffffffb5][0xffffffcb][0xffffffef]_g([0x11][0xffffffb4]v[0xffffffe9][0xffffffa2][0xffffffc8]P"e[0xffffffed][0xffffffd2][0xffffffc5][0xffffffb2][0xffffff9e][0x12][0xffffffec][0xffffffda][0xffffffa5]F4[0xffffff89][0x12]ak[0xffffff97]o[0xffffffba][0xffffff94][0xffffffa5]D[0xffffffd0][0xffffffda][0xffffffa5]iZ[0xffffff8a][0x12][0x7f][0xffffffbf]v[0xfffffff9][0xffffffbc].C[0xffffff89][0xffffffeb][0xfffffff5]zQ[0xffffff94][0xffffffb8]pJ\[0x1][0xffffff94][0xffffffb8]4[0xffffffef][0xffffff85][0x1][0xffffffbf]0J\I[0xffffff94][0xffffffd0](2[0xffffff94]p[0xffffff81]d([0xffffffa1][0xffffffb1][0xffffffac][0xffffffa7][0xffffffc4][0x1a][0xffffffce]jJ[0xffffffac][0x11]M[0xffffffa2][0xffffff84])O[0xffffff96][0x12][0xffffffb6]KYJ[0xffffff98]j[0xffffffe5](!MKQB[0xffffff8a]w[0xffffff83][0x12][0xffffffc3]Q[0xffffffa2]][0xffffffd8]g[0xffffff97][0x3][0xffffffa7][0xffffffc4][0x8][0xffffffa0][0xffffffc4][0xffffffd0][0xffffffbc][0x17][0x6]|`[0xffffff94][0x18]I[0xffffff94][0xffffffd0](2[0xffffff94]p[0xffffff81]d([0xffffffa1][0xffffffb1][0xffffffac][0xffffffa7][0xffffffc4][0x1a][0xffffffce]jJ[0xffffffac][0x11]M[0xffffffa2][0xffffff84])O[0xffffff96][0x12][0xffffffb6]KYJ[0xffffff98]j[0xffffffe5](!MKQB[0xffffff8a]w[0xffffff83][0x12]n8[0xfffffffb][0x1a][0x7]v[0x18][0xffffff94][0x1e][0xffffffce][0xfffffffe]~[0x2][0xffffff9a][0x12][0xffffffe4]p[0xfffffff6][0xfffffff7][0xffffffaf]3[0xffffff94][0x8][0x1a][0xffffffce]vQd([0xffffff91]2[0xffffff9c][0xffffffed]bYO[0x9]v8[#[0xffffff9a]D[0xffffff89][0xffffffb0][0xffffffe1][0xffffffec]7][0xffffffca]R"h8[0xffffffdb]4-E[0xffffff89][0xffffffbf][0x1f][0xffffffce]~^n8[0xfffffffb][0xfffffffa][0xfffffff8][0xffffffa7])J[0xffffffd0][0xffffffc3][0xffffffd9][0xffffffdf]O@S[0xffffff82][0x1c][0xffffffce][0xfffffffe][0xfffffffe]u[0xffffff86][0x12]A[0xffffffc3][0xffffffd9].[0xffffff8a][0xc]%R[0xffffff86][0xffffffb3]],[0xffffffeb])[0xffffffc1][0xe]gkD[0xffffff93]([0x11]6[0xffffff9c][0xfffffffd][0xffffffa6]KYJ[0x4][\r]g[0xffffff9b][0xffffffa6][0xffffffa5]([0xfffffff1][0xfffffff7][0xffffffc3][0xffffffd9][0xffffffcf][0xffffffcb][\r]g[0xffffff8f]W[0x7f](J[0xffffffd0][0xffffffc3][0xffffffd9][0xffffffdf]O@S[0xffffff82][0x1c][0xffffffce][0xfffffffe][0xfffffffe]u[0xffffff86][0x12]A[0xffffffc3][0xffffffd9].[0xffffff8a][0xc]%R[0xffffff86][0xffffffb3]],[0xffffffeb])[0xffffffc1][0xe]gkD[0xffffff93]([0x11]6[0xffffff9c][0xfffffffd][0xffffffa6]KYJ[0x4][\r]g[0xffffff9b][0xffffffa6][0xffffffa5]([0xfffffff1][0x1f][0xc]g77[0xffffff9c]=[0xfffffffa]h[0x10]%[0x1a]>[0xffffff9c][0xffffffdd][0x2][0xffffff86][0xffffffb3][0xffffff9b]Yw[0xffffffad][0xb]x[0xffffffc3][0xffffff86][0xffffffb3][0xffffff9b][0xffffffec][0xffffffb7][0xffffff82][0xffffff94]0QD(a[0x3][0xffffff89]P[0xffffffc2][0xffffffc4][0xffffffb2][0xffffff9c][0x12][0x12][0xffffffce]bJHD[0xffffff83]([0xffffffe1][0xffffffca][0x13][0xffffffa5][0xffffff84][0xffffffef]R[0xffffff94][0x12][0xffffffae]Z1Jh[0xffffffd3]B[0xffffff94][0xffffffd0][0xffffffe2][0xffffffdd][0xffffffa0][0xffffff84][0x1b][0xffffffce][0x1e]w[0xffffff83][0xffffffae][0xfffffff3][0xfffffffa]z[0x1e][0xffffff98][0x12][0x1][0xffffffc3][0xffffffd9][0xffffffcd][0xffffffac][0xffffffbb][0x16][0x6][0x1c][0x1b][0xffffffce]n[0xffffffb2][0xffffffdf]JR"d8[0xffffffdb][0x6][0xffffff92][0xffffffa1]D[0xffffffc0]p[0xffffffb6][0xffffff84][0xffffffb3][0xffffff9a][0x12][0xffffffc1][0xffffffc3][0xffffffd9][0xffffffae]<YJ[0xffffffe4][\r]g[0xffffffbb]j[0xffffffe5]([0xffffff91]2[0xffffff9c][0xffffffad][0xffffffc5][0xffffffbb]E[0xffffff89][0x1e]F[0xffffff89][0xffffff8e]S[0xffffffa2][0x7]P[0xffffffa2][0xffffffa3][0xffffff94][0xffffffe8][0x18]%z[0x12]%[0xffffffd6](R[0xffffff94][0xffffffd0]@R[0xffffff94]XcIP[0xffffffa2][0xffffffc3][0xffffff94][0xffffffe8][0xffffffc1][0xffffff94][0xffffff90][0xfffffff2][0xffffffa4])a[0xffffffba][0xffffff94][0xffffffa6][0xffffff84]T+I[0xffffff89][0xffffff9e]B[0xffffff89][0xfffffffe][0xffffffd7][0xffffff94][0xffffffe8][0xffffffee][0xffffffad][0xffffffc4]sb[0xffffff94][0xffffffe8][0xfffffff8][[0xffffff89][0x1e][0xfffffff0]V[0xffffffa2]+[0xffffff9d][0xb][0x3][0xffffffde][0xffffffb1][0xffffffb7][0x12]=[0xffffffe9][0xffffffad][0xffffff84]F[0xffffff91][0xffffffa1][0xffffff84][0xb]$C[0x9][0xffffff8d]e=%[0xffffffd6]pVSb[0xffffff8d]h[0x12]%Ly[0xffffffb2][0xffffff94][0xffffffb0]][0xffffffca]R[0xffffffc2]T+G[0x9]iZ[0xffffff8a][0x12]R[0xffffffbc][0x1b][0xffffff94]pwp[0xffffffdc][0xffffffbd]Q[0xffffff87]A[0x1b]~[0x7]G[0xb][0xffffffb8][0xffffff83][0xffffffa3][0xffffff99][0xffffffa1][0xfffffff8][0xffffffc2][0xffffff80]cwp4[0xffffff99][0xffffff82]')[0x11]r[0x7][0xffffff87][\r]$C[0xffffff89][0xffffff80];8$[0xffffff9c][0xffffffd5][0xffffff94][0x8][0xffffffbe][0xffffff83][0xffffffc3][0xffffff95]'K[0xffffff89][0xffffffbc];8\[0xffffffb5]r[0xffffff94]H[0xffffffb9][0xffffff83]C[0xffffff8b]w[0xffffff83][0x12]n8[0xfffffffb][0xffffffee][0xf][0xfffffff6]V[0x2][0x1f][0xffffffce]n[0x1][0xffffffc3][0xffffffd9][0xffffffcd][0xffffffac][0xffffffbb][0x16][0x6][0x1c][0x1b][0xffffffce]n[0xffffffb2][0xffffffdf]JR"d8[0xffffffdb][0x6][0xffffff92][0xffffffa1]D[0xffffffc0]p[0xffffffb6][0xffffff84][0xffffffb3][0xffffff9a][0x12][0xffffffc1][0xffffffc3][0xffffffd9][0xffffffae]<YJ[0xffffffe4][\r]g[0xffffffbb]j[0xffffffe5]([0xffffff91]2[0xffffff9c][0xffffffad][0xffffffc5][0xffffffbb]A[0x9]7[0xffffff9c]}[0x1f][0xffffffdc][0x1f]8[0xfffffff0][0xffffffe1][0xffffffec][0x16]0[0xffffff9c][0xffffffdd][0xffffffcc][0xffffffba]ka[0xffffffc0][0xffffffb1][0xffffffe1][0xffffffec]&[0xfffffffb][0xffffffad]$%B[0xffffff86][0xffffffb3]m [0x19]J[0x4][0xc]gK8[0xffffffab])[0x11]<[0xffffff9c][0xffffffed][0xffffffca][0xffffff93][0xffffffa5]D[0xffffffde]p[0xffffffb6][0xffffffab]V[0xffffff8e][0x12])[0xffffffc3][0xffffffd9]Z[0xffffffbc][0x1b][0xffffff94]p[0xffffffc3][0xffffffd9][0xfffffff7]1[0xffffffa9][0xffffffeb][0xffffffbc][0x1a]>[0xffffff9c][0xffffffdd][0x2][0xffffff86][0xffffffb3][0xffffff9b]Yw-[0xc]86[0xffffff9c][0xffffffdd]d[0xffffffbf][0xffffff95][0xffffffa4]D[0xffffffc8]p[0xffffffb6][\r]$C[0xffffff89][0xffffff80][0xffffffe1]l[0x9]g5%[0xffffff82][0xffffff87][0xffffffb3]]y[0xffffffb2][0xffffff94][0xffffffc8][0x1b][0xffffffce]v[0xffffffd5][0xffffffca]Q"e8[[0xffffff8b]w[0xffffff83][0x12]n8[0xfffffffb]>O[0xffffffea]:[0xffffffaf][0xffffff86][0xf]g[0xffffffb7][0xffffff80][0xffffffe1][0xffffffec]f[0xffffffd6]][0xb][0x3][0xffffff8e][\r]g7[0xffffffd9]o%)[0x11]2[0xffffff9c]m[0x3][0xffffffc9]P"`8[[0xffffffc2]YM[0xffffff89][0xffffffe0][0xffffffe1]lW[0xffffff9e],%[0xfffffff2][0xffffff86][0xffffffb3]][0xffffffb5]r[0xffffff94]H[0x19][0xffffffce][0xffffffd6][0xffffffe2][0xfffffffd]sJt7Q[0xfffffff5][0xffffffbc][0x1e]j[0xffffffa2][0xffffffaa][0xffffffe3][0x13]U=`[0xffffffa2][0xffffffaa][0xffffff9b][0x1d][0xffffff95][0xffffffba][0xffffff80]wl[0xffffffa2][0xffffffaa][0xffffffcb]R[\n]"
08:17:55.165 [TestNG-PoolService-2] DEBUG org.apache.hc.client5.http.wire -- http-outgoing-5 << "54[0xffffff94][0x14]5\4)jh@[0x9]j[0xffffffac]1[0xffffffad][0xffffffa7][0xffffffc6][0x1a][0xffffffd6],j[0xffffff98]B[0xffffffa5][0xffffffa9]a[0xfffffffb][0xffffff95][0xffffffa6][0xffffff86][0xffffffa9][[0xffffff92][0x1a][0xffffffd2][0xffffffbe][0x1c]5[0xffffffa4][0xffffff8c][0xfffffff7][0xffffffa8]1[0xffffffe2][0xffffffa8]1[0x2][0xffffffa8]1"[0xffffffa8]1`j[0xc][0xffffff90][0x1a]#[0xffffff8b][0x1a][0x12]J[0xffffff8c][0x1a]&[0xffffff9a][0x18]5$[0xffffffa0][0x8]5[0x6]N[0xffffff8d][0x11]M[\r]-T[0xffffff9c][0x1a][0xffffffae]_qjh[0xffffffdd][0xffffffa2][0xffffffd4]X[0xffffffdb][0x17][0xffffffa4][0xffffffc6]Z[0xffffffc6][0x7f]B[0xffffff8d][0xfffffffe][0xfffffffd][0xffffffaf]Ls[0xffffff87][0xffffffc8]l[0xffffffe7]Q[0xe][0xffffff8d][0xffffffdf][0xffffffcf]C1[0xffffffe3][0x1f]O[0xffffff80]!cy[0xffffff86]bb[0xfffffffc][0xffffffe3][0xffffffd7][0xffffff8b][0xffffff81][0xfffffff1][0xffffffbf][0xffffffbf][0xc][0xfffffff3][0xffffffe2]m[0x14][0xffffff8b]q[0xfffffff1]/[0xffffff81],[0xffffffa6][0xffffffc5][0xffffffdb]X[0x16][0xffffffc2][0xffffffe2]M8[0xffffffcb]X[0xfffffff1]&[0xffffffa2][0x11][0xffffffa8]x_[0xffffff9e][0x10])[0xfffffffe][0xffffffad]K!P[0xffffffbc][0xffffffaf]V[0xffffff80][0x13][0xffffffef][0xffffff9a][0xffffffb6][0x1c][0x13][0xffffffef][0xffffff8a][0xfffffff7][0xffffffcf])[0xfffffff1][0xffffffbc][0x1c]%[0xffffff8e][0xffffffe3][0xffffff86]([0xfffffff1][0xfffffff9]<,%[0xffffffbe][0xffffff9e][0x0][0xffffffa6][0xffffffc4][0xffffffaf]g@([0xfffffff1][0xfffffff5][0xffffffeb][0x8]%~[0xfffffffe]r[0x4]%L[0x14][0x11]J[0xffffffd8]@"[0xffffff94]0[0xffffffb1],[0xffffffa7][0xffffff84][0xffffff84][0xffffffb3][0xffffff98][0x12][0x12][0xffffffd1] J[0xffffffb8][0xfffffff2]D)[0xffffffe1][0xffffffbb][0x14][0xffffffa5][0xffffff84][0xffffffab]V[0xffffff8c][0x12][0xffffffda][0xffffffb4][0x10]%[0xffffffb4]x7([0xffffffd1][0x1c]%[0xffffffee][0x13][0xffffffa3]D[0xffffffc3])[0xffffffd1][0x2]([0xffffffd1]4[0xffffffef][0xffffff85][0x1]o[0x18]%Z[0x12]%4[0xffffff8a][0xc]%\ [0x19]Jh,[0xffffffeb])[0xffffffb1][0xffffff86][0xffffffb3][0xffffff9a][0x12]kD[0xffffff93](a[0xffffffca][0xffffff93][0xffffffa5][0xffffff84][0xffffffed]R[0xffffff96][0x12][0xffffffa6]Z9JH[0xffffffd3]R[0xffffff94][0xffffff90][0xffffffe2][0xffffffdd][0xffffffa0][0xffffffc4][0xffffffa1][0xffffff94][0xffffffb8]_[0xffffffc7]M[0xfffffffd][0xffffff81][0xffffffe3][0xfffffff3]y`J[0x1c][0x1][0xffffff94]84[0xffffffef][0xffffff85][0x1]?0J[0x1c]I[0xffffff94][0xffffffd0](2[0xffffff94]p[0xffffff81]d([0xffffffa1][0xffffffb1][0xffffffac][0xffffffa7][0xffffffc4][0x1a][0xffffffce]jJ[0xffffffac][0x11]M[0xffffffa2][0xffffff84])O[0xffffff96][0x12][0xffffffb6]KYJ[0xffffff98]j[0xffffffe5](!MKQB[0xffffff8a]w[0xffffff83][0x12][0xffffffa7][0xffffffa3][0xffffffc4][0xfffffff5][0xfffffff5][0xffffffbf][0x17]B[0xffffff89][0x13][0xffffffa7][0xffffffc4][0x19]@[0xffffff89]S[0xfffffff3]^[0x18][0xfffffff0][0x13][0xffffffa3][0xffffffc4][0xffffff99]D[0x9][0xffffff8d]"C[0x9][0x17]H[0xffffff86][0x12][0x1a][0xffffffcb]zJ[0xffffffac][0xffffffe1][0xffffffac][0xffffffa6][0xffffffc4][0x1a][0xffffffd1]$J[0xffffff98][0xfffffff2]d)a[0xffffffbb][0xffffff94][0xffffffa5][0xffffff84][0xffffffa9]V[0xffffff8e][0x12][0xffffffd2][0xffffffb4][0x14]%[0xffffffa4]x7(q9J[0xffffffcc][0xffffffe3][0xffffffa4](q[0xffffffe1][0xffffff94][0xffffffb8][0x2](qi[0xffffffde][0xb][0x3]~a[0xffffff94][0xffffffb8][0xffffff92]([0xffffffa1]Qd([0xffffffe1][0x2][0xffffffc9]PBcYO[0xffffff89]5[0xffffff9c][0xffffffd5][0xffffff94]X#[0xffffff9a]D[0x9]S[0xffffff9e],%l[0xffffff97][0xffffffb2][0xffffff94]0[0xffffffd5][0xffffffca]QB[0xffffff9a][0xffffff96][0xffffffa2][0xffffff84][0x14][0xffffffef][0x6]%[0xffffff86][0xffffffa5][0xffffffc4][0xffffffc4](1pJ[0xffffff8c][0x0]J[0xc][0xffffffcd]{a[0xffffffc0][0x7]F[0xffffff89][0xffffff91]D[0x9][0xffffff8d]"C[0x9][0x17]H[0xffffff86][0x12][0x1a][0xffffffcb]zJ[0xffffffac][0xffffffe1][0xffffffac][0xffffffa6][0xffffffc4][0x1a][0xffffffd1]$J[0xffffff98][0xfffffff2]d)a[0xffffffbb][0xffffff94][0xffffffa5][0xffffff84][0xffffffa9]V[0xffffff8e][0x12][0xffffffd2][0xffffffb4][0x14]%[0xffffffa4]x7(q[0x1b]J[0xffffffb4][0xffffffd7][0x18][0x14]%n[0xffffff9c][0x12]w[0x0]%n[0xffffffcd]{a[0xffffffc0]o[0xffffff8c][0x12]w[0x12]%4[0xffffff8a][0xc]%\ [0x19]Jh,[0xffffffeb])[0xffffffb1][0xffffff86][0xffffffb3][0xffffff9a][0x12]kD[0xffffff93](a[0xffffffca][0xffffff93][0xffffffa5][0xffffff84][0xffffffed]R[0xffffff96][0x12][0xffffffa6]Z9JH[0xffffffd3]R[0xffffff94][0xffffff90][0xffffffe2][0xffffffdd][0xffffffa0][0xffffffc4][0xffffffe3]([0xffffffd1][0x1a][0xfffffff6][0xffffffad][0xffffffc4][0xffffff83]S[0xffffffe2][0x9][0xffffffa0][0xffffffc4][0xffffffa3]y/[0xc][0xfffffff8][0xffffff83]Q[0xffffffe2]I[0xffffffa2][0xffffff84]F[0xffffff91][0xffffffa1][0xffffff84][0xb]$C[0x9][0xffffff8d]e=%[0xffffffd6]pVSb[0xffffff8d]h[0x12]%Ly[0xffffffb2][0xffffff94][0xffffffb0]][0xffffffca]R[0xffffffc2]T+G[0x9]iZ[0xffffff8a][0x12]R[0xffffffbc][0x1b][0xffffff94]0[0x13]U[0x1f][0xffffff94][0xffffffe0][0xffffffde]J[0xffffffe0][0x13]UO[0xffffffc0]D[0xffffffd5]cvT[\n]"
08:17:55.166 [TestNG-PoolService-1] DEBUG org.apache.hc.client5.http.wire -- http-outgoing-3 << "H[0x9][0x13]E[0xffffff84][0x12]6[0xffffff90][0x8]%L,[0xffffffcb])![0xffffffe1],[0xffffffa6][0xffffff84]D4[0xffffff88][0x12][0xffffffae]<QJ[0xfffffff8].E)[0xffffffe1][0xffffffaa][0x15][0xffffffa3][0xffffff84]6-D[0x9]-[0xffffffde][\r]J[0xffffffb8][0xffffff89][0xffffffaa][0xffffffa7][0xffffffcf]IQ[0x2][0xffffff9f][0xffffffa8][0xffffffea][0x1][0x13]U[0xffffffdd][0xffffffec][0xffffffa8][0x14][0x6][0x1c][0xffffff9b][0xffffffa8][0xffffffea][0xffffffb2][0xffffff94]BR"d[0xffffffa2][0xffffffca][0x6][0xffffff92][0xffffffa1]D[0xffffffc0]D[0xffffff95][0xffffff84][0xffffffb3][0xffffff9a][0x12][0xffffffc1][0x13]U[0xffffffae]<YJ[0xffffffe4]MT[0xffffffb9]j[0xffffffe5]([0xffffff91]2Q[0xffffffa5][0xffffffc5][0xffffffbb]E[0x9][0xffffff9d][0xffffffa8]b)[0x1]OT[0xfffffff5][0xffffff80][0xffffff89][0xffffffaa]nvTJ[0x3][0xe]MTuYJa)[0x11]1Qe[0x3]IQ[0x2][0xffffff9f][0xffffffa8][0xffffff92]p[0xffffffd6]S"v[0xffffffa2][0xffffffca][0xffffff95]'M[0xffffff89][0xffffffb4][0xffffff89]*W[0xffffffad]$%2&[0xffffffaa][0xffffffb4]x7([0xffffffe1]v%[0xffffff9e][0xffffff89][0x1d][0x6][0xffffffed][0xfffffff8][0xffffffae]D[0xf][0xffffffd8][0xffffff95][0xffffffe8][0xffffffe6][0xfffffff0]sa[0xffffffc0][0xffffffb1]][0xffffff89].[0xffffffc7][0xffffff9b]IJ[0xffffff84][0xffffffec]J[0xffffffd8]@2[0xffffff94][0x8][0xffffffd8][0xffffff95][0xffffff90]pVS"xW[0xffffffc2][0xffffff95]'K[0xffffff89][0xffffffbc]][0x9]W[0xffffffad][0x1c]%Rv%[0xffffffb4]x7([0xffffffe1]v%[0xffffffe6][0xffffffd9][0xffffffb1][0xffffffb7][0x12][0xfffffff8][0xffffffae]D[0xf][0xffffffd8][0xffffff95][0xffffffe8][0xffffffe6][0xfffffff0]sa[0xffffffc0][0xffffffb1]][0xffffff89].[0xffffffc7][0xffffff9b]IJ[0xffffff84][0xffffffec]J[0xffffffd8]@2[0xffffff94][0x8][0xffffffd8][0xffffff95][0xffffff90]pVS"xW[0xffffffc2][0xffffff95]'K[0xffffff89][0xffffffbc]][0x9]W[0xffffffad][0x1c]%Rv%[0xffffffb4]x7(a[0xe][0xffffff83]>[0xffffffaf][0xffffffd6]n[0xffffff8a][0x12][0xfffffff8]a[0xffffffd0][0x1e]p[0x18][0xffffffb4][0xffffff9b][0x13]K[0xffffff85][0x1][0xffffffc7][0xe][0xffffff83]v9[0xffffff93]DR"[0xffffffe4]0[0xffffffa8][\r]$C[0xffffff89][0xffffff80][0xffffffc3][0xffffffa0][0x12][0xffffffce]jJ[0x4][0x1f][0x6]u[0xffffffe5][0xffffffc9]R"[0xffffffef]0[0xffffffa8][0xffffffab]V[0xffffff8e][0x12])[0xffffff87]A[0xffffffb5]x7(a[0xe][0xffffff83]>[0xffffffaf][0xffffffe3][0xffffffea][0x14]%[0xfffffff0][0xffffffc3][0xffffffa0]=[0xffffffe0]0h7'[0xffffff96][\n]"
08:17:55.166 [TestNG-PoolService-1] DEBUG org.apache.hc.client5.http.wire -- http-outgoing-3 << "[0x3][0xffffff8e][0x1d][0x6][0xffffffed]r&[0xffffff89][0xffffffa4]D[0xffffffc8]aP[0x1b]H[0xffffff86][0x12][0x1][0xffffff87]A%[0xffffff9c][0xffffffd5][0xffffff94][0x8]>[0xc][0xffffffea][0xffffffca][0xffffff93][0xffffffa5]D[0xffffffde]aPW[0xffffffad][0x1c]%R[0xe][0xffffff83]j[0xfffffff1]nP[0xffffffe2]q[0xffffff94][0xffffffb8][0xffffffef][0xffffff87][0xffffffa2][0xffffffc4][0xffffff83]S[0xffffffe2][0x9][0xffffffa0][0xffffffc4][0xffffffa3]y/[0xc][0xfffffff8][0xffffff83]Q[0xffffffe2]I[0xffffffa2][0xffffff84]F[0xffffff91][0xffffffa1][0xffffff84][0xb]$C[0x9][0xffffff8d]e=%[0xffffffd6]pVSb[0xffffff8d]h[0x12]%Ly[0xffffffb2][0xffffff94][0xffffffb0]][0xffffffca]R[0xffffffc2]T+G[0x9]iZ[0xffffff8a][0x12]R[0xffffffbc][0x1b][0xffffff94][0xffffff98][0xffffff8e][0x12][0xffffffcf][0xffffff89][0xffffffed]JL[0xffffff9c][0x12]3[0xffffff80][0x12]S[0xfffffff3]^[0x18][0xfffffff0][0xffffff89]Qb&QB[0xffffffa3][0xffffffc8]P[0xffffffc2][0x5][0xffffff92][0xffffffa1][0xffffff84][0xffffffc6][0xffffffb2][0xffffff9e][0x12]k8[0xffffffab]"
08:17:55.166 [TestNG-PoolService-2] DEBUG org.apache.hc.client5.http.wire -- http-outgoing-5 << "[0x3][0xffffff8e]MT=[0xffffffb2][0xffffff94]BR"d[0xffffffa2][0xffffffca][0x6][0xffffff92][0xffffffa1]D[0xffffffc0]D[0xffffff95][0xffffff84][0xffffffb3][0xffffff9a][0x12][0xffffffc1][0x13]U[0xffffffae]<YJ[0xffffffe4]MT[0xffffffb9]j[0xffffffe5]([0xffffff91]2Q[0xffffffa5][0xffffffc5][0xfffffffb][0xffffffe7][0xffffff94][0xffffff98]f[0xffffffa2][0xffffffea][0xfffffffe][0xfffffff8][0x7f][0xffffff9e][0x10]%&>Q5[0x3]&[0xffffffaa][0xffffffa6][0xffffffd9]Q[0xffffffa9][0xb][0xfffffff8][0xffffffc4]&[0xffffffaa][0xffffffa6],[0xffffffa5][0xffffff80][0xffffff94]0QD(a[0x3][0xffffff89]P[0xffffffc2][0xffffffc4][0xffffffb2][0xffffff9c][0x12][0x12][0xffffffce]bJHD[0xffffff83]([0xffffffe1][0xffffffca][0x13][0xffffffa5][0xffffff84][0xffffffef]R[0xffffff94][0x12][0xffffffae]Z1Jh[0xffffffd3]B[0xffffff94][0xffffffd0][0xffffffe2][0xffffffdd][0xffffffa0][0xffffff84][0xffffff99][0xffffffa8][0xffffffba][0xffffffdb][0xfffffffd]P[0x13]U[0x13][0xffffff9f][0xffffffa8][0xffffff9a][0x1][0x13]U[0xffffffd3][0xffffffec][0xffffffa8][0x14][0x6][0x1c][0xffffff9b][0xffffffa8][0xffffff9a][0xffffffb2][0xffffff94]BR"d[0xffffffa2][0xffffffca][0x6][0xffffff92][0xffffffa1]D[0xffffffc0]D[0xffffff95][0xffffff84][0xffffffb3][0xffffff9a][0x12][0xffffffc1][0x13]U[0xffffffae]<YJ[0xffffffe4]MT[0xffffffb9]j[0xffffffe5]([0xffffff91]2Q[0xffffffa5][0xffffffc5][0xffffffbb]A[0xffffff89][0xffffffee](1[0xffffff9f]FQ[0xffffffa2][0xffffffe3][0xffffff94][0xffffffe8][0x1][0xffffff94][0xffffffe8][0xffffff9a][0xfffffff7][0xffffffc2][0xffffff80]w[0xffffff8c][0x12]=[0xffffff89][0x12][0x1a]E[0xffffff86][0x12].[0xffffff90][0xc]%4[0xffffff96][0xfffffff5][0xffffff94]X[0xffffffc3]YM[0xffffff89]5[0xffffffa2]I[0xffffff94]0[0xffffffe5][0xffffffc9]R[0xffffffc2]v)K[0x9]S[0xffffffad][0x1c]%[0xffffffa4]i)JH[0xfffffff1]nP[0xffffffc2][0xffffffad]][0xfffffff6][0xfffffff3]<)J[0xffffffe0]k[0xffffff97]3`[0xffffffed]r[0xffffff9a]I[0xffffffb6][0xffffffc2][0xffffff80]ck[0xffffff97]SF[0xffffffd7]HJ[0xffffff84][0xffffffac]][0xffffffda]@2[0xffffff94][0x8]X[0xffffffbb][0xffffff94]pVS"x[0xffffffed][0xffffffd2][0xffffff95]'K[0xffffff89][0xffffffbc][0xffffffb5]KW[0xffffffad][0x1c]%R[0xffffffd6].[0xffffffb5]x[0xffffffb7]([0xffffffd1][0xffffffc3]([0xffffffd1]qJ[0xfffffff4][0x0]Jt[0xffffff94][0x12][0x1d][0xffffffa3]DO[0xffffffa2][0xffffffc4][0x1a]E[0xffffff8a][0x12][0x1a]H[0xffffff8a][0x12]k,[0x9]Jt[0xffffff98][0x12]=[0xffffff98][0x12]R[0xffffff9e]4%L[0xffffff97][0xffffffd2][0xffffff94][0xffffff90]j%)[0xffffffd1]S([0xffffffd1][0xffffffff][0xffffff9a][0x12]n8[0xffffffbb]_[0x17]u[0x18]t[0xffffffe2][0xffffffc3][0xffffffd9]3`8{[0xffffff9a]u[0xffffffd7][0xffffffc2][0xffffff80]c[0xffffffc3][0xffffffd9]S[0xfffffff6][IJ[0xffffff84][0xc]g[0xffffffdb]@2[0xffffff94][0x8][0x18][0xffffffce][0xffffff96]pVS"x8[0xffffffdb][0xffffff95]'K[0xffffff89][0xffffffbc][0xffffffe1]lW[0xffffffad][0x1c]%R[0xffffff86][0xffffffb3][0xffffffb5]x[0xffffffb7](a[0xffffffde]J[0xffffffa0][0xffffff94][0xffffffa0][0xffffffdf]J[0xffffff9c][0x1]o%N[0xffffffa5]si[0xffffffc0][0xffffffa9][0xffffffb7][0x12]g[0xffffffd2][[0x9][0xffffff8d]"E[0xffffff89][0xffffff94][0xffffffb7][0x12][0x1a]K[0xffffff82][0x12][0xffffffec][[0xffffff89]5[0xffffffa2]Y[0xffffff94][0x8]{+a[0xffffffbb][0xffffff94][0xffffffa6]D[0xffffffd0][[0x9]iZ[0xffffff8e][0x12][0x7f][0xffffffff]V[0xffffffc2][0xffffffad]][0x1e][0xffffffe3][0xffffff99][0x14]%[0xfffffff0][0xffffffb5][0xffffffcb][0x19][0xffffffb0]v9[0xffffffcd]$[a[0xffffffc0][0xffffffb1][0xffffffb5][0xffffffcb])[0xffffffa3]k$%B[0xffffffd6].m [0x19]J[0x4][0xffffffac]]J8[0xffffffab])[0x11][0xffffffbc]v[0xffffffe9][0xffffffca][0xffffff93][0xffffffa5]D[0xffffffde][0xffffffda][0xffffffa5][0xffffffab]V[0xffffff8e][0x12])k[0xffffff97]Z[0xffffffbc][0x1b][0xffffff94]pk[0xffffff97][0xffffffc7]s][0x14]%[0xfffffff0][0xffffffb5][0xffffffcb][0x19][0xffffffb0]v9[0xffffffcd]$[a[0xffffffc0][0xffffffb1][0xffffffb5][0xffffffcb])[0xffffffa3]k$%B[0xffffffd6].m [0x19]J[0x4][0xffffffac]]J8[0xffffffab])[0x11][0xffffffbc]v[0xffffffe9][0xffffffca][0xffffff93][0xffffffa5]D[0xffffffde][0xffffffda][0xffffffa5][0xffffffab]V[0xffffff8e][0x12])k[0xffffff97]Z[0xffffffbc][0x1b][0xffffff94]pk[0xffffff97]g?[0xffffffa8][0xffffffb5][0xffffffcb][0xffffff89][0xffffffaf]][0xffffffce][0xffffff80][0xffffffb5][0xffffffcb]i&[0xffffffd9][\n]"
08:17:55.166 [TestNG-PoolService-2] DEBUG org.apache.hc.client5.http.wire -- http-outgoing-5 << "[0x3][0xffffff8e][0xffffffad]]N[0x19]]#)[0x11][0xffffffb2]vi[0x3][0xffffffc9]P"`[0xffffffed]R[0xffffffc2]YM[0xffffff89][0xffffffe0][0xffffffb5]KW[0xffffff9e],%[0xfffffff2][0xffffffd6].][0xffffffb5]r[0xffffff94]HY[0xffffffbb][0xffffffd4][0xffffffe2][0xfffffffd]cJ</[0xffffffb7]vyvj[0xffffffa2][0xffffffea][0xffffffeb]yPJ|?[0x1]K[0xffffff89][0xffffffdf][0xffffffcf]@P[0xffffffe2][0xfffffffb][0xffffffd7][0x9]J[0xfffffffc][0xfffffffa][0xffffffe5][0x4]J[0xffffffb8]([0x12][0xffffff94][0xfffffff0][0xffffff81]$([0xffffffe1]bYM[0x9][\r]g-%4[0xffffffa2]9[0xffffff94][0xffffffb0][0xffffffe5]IR[0xffffffe2]M[0xffffff97][0xffffff92][0xffffff94][0xffffffb0][0xffffffd5]JQ[0xffffffc2]4-C[0x9]S[0xffffffbc][0x1b][0xffffff94]pk[0xffffff97][0xffffffe7]qB[0xffffff9f]]~=[0xf]L[0x9]~[0xffffffed][0xfffffff2][0xfffffff7]30[0xffffff94][0xffffffa0][0xffffffd6].[0x7f][0xfffffffd]r[0x6]%2[0xffffffd6].} [0x19]J[0xfffffff0]k[0xffffff97][0x1a][0xffffffce]jJ[0xffffffe4][0xffffffae]][0xffffffda][0xfffffff2]d)[0x11][0xffffffb7]vi[0xffffffab][0xffffff95][0xffffffa3]D[0xffffffc8][0xffffffda][0xffffffa5])[0xffffffde][\r]JtK[0x9][0xffffffee][0xffffffad]D[0xffffffc7])[0xffffffd1][0x3]([0xffffffd1]5[0xffffffef][0xffffff85][0x1][0xffffffef][0x18]%z[0x12]%4[0xffffff8a][0xc]%\ [0x19]Jh,[0xffffffeb])[0xffffffb1][0xffffff86][0xffffffb3][0xffffff9a][0x12]kD[0xffffff93](a[0xffffffca][0xffffff93][0xffffffa5][0xffffff84][0xffffffed]R[0xffffff96][0x12][0xffffffa6]Z9JH[0xffffffd3]R[0xffffff94][0xffffff90][0xffffffe2][0xffffffdd][0xffffffa0][0xffffff84][[0xffffffbb]<[0xffffffcf][0x3]:[0xffffffc1][0xfffffff1][0xfffffff5]<0%[0xfffffff8][0xffffffb5][0xffffffcb][0xffffffdf][0xffffffcf][0xffffffc0]P[0xffffff82]Z[0xffffffbb][0xfffffffc][0xfffffff5][0xffffffcb][0x19][0xffffff94][0xffffffc8]X[0xffffffbb][0xfffffff4][0xffffff81]d([0xffffffc1][0xffffffaf]]j8[0xffffffab])[0xffffff91][0xffffffbb]vi[0xffffffcb][0xffffff93][0xffffffa5]D[0xffffffdc][0xffffffda][0xffffffa5][0xffffffad]V[0xffffff8e][0x12]!k[0xffffff97][0xffffffa6]x[0xffffffb7]([0xffffffd1][0xffffffc2]([0xffffffd1]pJ[0xffffffb4][0x0]J4[0xffffff94][0x12][\r][0xffffffa3]DK[0xffffffa2][0xffffffc4][0x1a]E[0xffffff8a][0x12][0x1a]H[0xffffff8a][0x12]k,[0x9]J4[0xffffff98][0x12]-[0xffffff98][0x12]R[0xffffff9e]4%L[0xffffff97][0xffffffd2][0xffffff94][0xffffff90]j%)[0xffffffd1]R([0xffffffd1][0xfffffffe][0xffffff9a][0x12]n[0xffffffed][0xfffffff2][0xffffffbc][0xffffff9e][0xffffff83][0xffffffa2][0x4][0xffffffbd]v[0xfffffff9][0xfffffffd][0x4]4%[0xffffffc8][0xffffffb5][0xffffffcb][0xffffffef]_g([0x11][0xffffffb4]v[0xffffffe9][0xffffffa2][0xffffffc8]P"e[0xffffffed][0xffffffd2][0xffffffc5][0xffffffb2][0xffffff9e][0x12][0xffffffec][0xffffffda][0xffffffa5]F4[0xffffff89][0x12]ak[0xffffff97]o[0xffffffba][0xffffff94][0xffffffa5]D[0xffffffd0][0xffffffda][0xffffffa5]iZ[0xffffff8a][0x12][0x7f][0xffffffbf]v[0xfffffff9][0xffffffbc].C[0xffffff89][0xffffffeb][0xfffffff5]zQ[0xffffff94][0xffffffb8]pJ\[0x1][0xffffff94][0xffffffb8]4[0xffffffef][0xffffff85][0x1][0xffffffbf]0J\I[0xffffff94][0xffffffd0](2[0xffffff94]p[0xffffff81]d([0xffffffa1][0xffffffb1][0xffffffac][0xffffffa7][0xffffffc4][0x1a][0xffffffce]jJ[0xffffffac][0x11]M[0xffffffa2][0xffffff84])O[0xffffff96][0x12][0xffffffb6]KYJ[0xffffff98]j[0xffffffe5](!MKQB[0xffffff8a]w[0xffffff83][0x12][0xffffffc3]Q[0xffffffa2]][0xffffffd8]g[0xffffff97][0x3][0xffffffa7][0xffffffc4][0x8][0xffffffa0][0xffffffc4][0xffffffd0][0xffffffbc][0x17][0x6]|`[0xffffff94][0x18]I[0xffffff94][0xffffffd0](2[0xffffff94]p[0xffffff81]d([0xffffffa1][0xffffffb1][0xffffffac][0xffffffa7][0xffffffc4][0x1a][0xffffffce]jJ[0xffffffac][0x11]M[0xffffffa2][0xffffff84])O[0xffffff96][0x12][0xffffffb6]KYJ[0xffffff98]j[0xffffffe5](!MKQB[0xffffff8a]w[0xffffff83][0x12]n8[0xfffffffb][0x1a][0x7]v[0x18][0xffffff94][0x1e][0xffffffce][0xfffffffe]~[0x2][0xffffff9a][0x12][0xffffffe4]p[0xfffffff6][0xfffffff7][0xffffffaf]3[0xffffff94][0x8][0x1a][0xffffffce]vQd([0xffffff91]2[0xffffff9c][0xffffffed]bYO[0x9]v8[#[0xffffff9a]D[0xffffff89][0xffffffb0][0xffffffe1][0xffffffec]7][0xffffffca]R"h8[0xffffffdb]4-E[0xffffff89][0xffffffbf][0x1f][0xffffffce]~^n8[0xfffffffb][0xfffffffa][0xfffffff8][0xffffffa7])J[0xffffffd0][0xffffffc3][0xffffffd9][0xffffffdf]O@S[0xffffff82][0x1c][0xffffffce][0xfffffffe][0xfffffffe]u[0xffffff86][0x12]A[0xffffffc3][0xffffffd9].[0xffffff8a][0xc]%R[0xffffff86][0xffffffb3]],[0xffffffeb])[0xffffffc1][0xe]gkD[0xffffff93]([0x11]6[0xffffff9c][0xfffffffd][0xffffffa6]KYJ[0x4][\r]g[0xffffff9b][0xffffffa6][0xffffffa5]([0xfffffff1][0xfffffff7][0xffffffc3][0xffffffd9][0xffffffcf][0xffffffcb][\r]g[0xffffff8f]W[0x7f](J[0xffffffd0][0xffffffc3][0xffffffd9][0xffffffdf]O@S[0xffffff82][0x1c][0xffffffce][0xfffffffe][0xfffffffe]u[0xffffff86][0x12]A[0xffffffc3][0xffffffd9].[0xffffff8a][0xc]%R[0xffffff86][0xffffffb3]],[0xffffffeb])[0xffffffc1][0xe]gkD[0xffffff93]([0x11]6[0xffffff9c][0xfffffffd][0xffffffa6]KYJ[0x4][\r]g[0xffffff9b][0xffffffa6][0xffffffa5]([0xfffffff1][0x1f][0xc]g77[0xffffff9c]=[0xfffffffa]h[0x10]%[0x1a]>[0xffffff9c][0xffffffdd][0x2][0xffffff86][0xffffffb3][0xffffff9b]Yw[0xffffffad][0xb]x[0xffffffc3][0xffffff86][0xffffffb3][0xffffff9b][0xffffffec][0xffffffb7][0xffffff82][0xffffff94]0QD(a[0x3][0xffffff89]P[0xffffffc2][0xffffffc4][0xffffffb2][0xffffff9c][0x12][0x12][0xffffffce]bJHD[0xffffff83]([0xffffffe1][0xffffffca][0x13][0xffffffa5][0xffffff84][0xffffffef]R[0xffffff94][0x12][0xffffffae]Z1Jh[0xffffffd3]B[0xffffff94][0xffffffd0][0xffffffe2][0xffffffdd][0xffffffa0][0xffffff84][0x1b][0xffffffce][0x1e]w[0xffffff83][0xffffffae][0xfffffff3][0xfffffffa]z[0x1e][0xffffff98][0x12][0x1][0xffffffc3][0xffffffd9][0xffffffcd][0xffffffac][0xffffffbb][0x16][0x6][0x1c][0x1b][0xffffffce]n[0xffffffb2][0xffffffdf]JR"d8[0xffffffdb][0x6][0xffffff92][0xffffffa1]D[0xffffffc0]p[0xffffffb6][0xffffff84][0xffffffb3][0xffffff9a][0x12][0xffffffc1][0xffffffc3][0xffffffd9][0xffffffae]<YJ[0xffffffe4][\r]g[0xffffffbb]j[0xffffffe5]([0xffffff91]2[0xffffff9c][0xffffffad][0xffffffc5][0xffffffbb]E[0xffffff89][0x1e]F[0xffffff89][0xffffff8e]S[0xffffffa2][0x7]P[0xffffffa2][0xffffffa3][0xffffff94][0xffffffe8][0x18]%z[0x12]%[0xffffffd6](R[0xffffff94][0xffffffd0]@R[0xffffff94]XcIP[0xffffffa2][0xffffffc3][0xffffff94][0xffffffe8][0xffffffc1][0xffffff94][0xffffff90][0xfffffff2][0xffffffa4])a[0xffffffba][0xffffff94][0xffffffa6][0xffffff84]T+I[0xffffff89][0xffffff9e]B[0xffffff89][0xfffffffe][0xffffffd7][0xffffff94][0xffffffe8][0xffffffee][0xffffffad][0xffffffc4]sb[0xffffff94][0xffffffe8][0xfffffff8][[0xffffff89][0x1e][0xfffffff0]V[0xffffffa2]+[0xffffff9d][0xb][0x3][0xffffffde][0xffffffb1][0xffffffb7][0x12]=[0xffffffe9][0xffffffad][0xffffff84]F[0xffffff91][0xffffffa1][0xffffff84][0xb]$C[0x9][0xffffff8d]e=%[0xffffffd6]pVSb[0xffffff8d]h[0x12]%Ly[0xffffffb2][0xffffff94][0xffffffb0]][0xffffffca]R[0xffffffc2]T+G[0x9]iZ[0xffffff8a][0x12]R[0xffffffbc][0x1b][0xffffff94]pwp[0xffffffdc][0xffffffbd]Q[0xffffff87]A[0x1b]~[0x7]G[0xb][0xffffffb8][0xffffff83][0xffffffa3][0xffffff99][0xffffffa1][0xfffffff8][0xffffffc2][0xffffff80]cwp4[0xffffff99][0xffffff82]')[0x11]r[0x7][0xffffff87][\r]$C[0xffffff89][0xffffff80];8$[0xffffff9c][0xffffffd5][0xffffff94][0x8][0xffffffbe][0xffffff83][0xffffffc3][0xffffff95]'K[0xffffff89][0xffffffbc];8\[0xffffffb5]r[0xffffff94]H[0xffffffb9][0xffffff83]C[0xffffff8b]w[0xffffff83][0x12]n8[0xfffffffb][0xffffffee][0xf][0xfffffff6]V[0x2][0x1f][0xffffffce]n[0x1][0xffffffc3][0xffffffd9][0xffffffcd][0xffffffac][0xffffffbb][0x16][0x6][0x1c][0x1b][0xffffffce]n[0xffffffb2][0xffffffdf]JR"d8[0xffffffdb][0x6][0xffffff92][0xffffffa1]D[0xffffffc0]p[0xffffffb6][0xffffff84][0xffffffb3][0xffffff9a][0x12][0xffffffc1][0xffffffc3][0xffffffd9][0xffffffae]<YJ"
08:17:55.167 [TestNG-PoolService-3] DEBUG org.apache.hc.client5.http.wire -- http-outgoing-4 << ")[0xffffffb1]F4[0xffffff89][0x12][0xffffffa6]<YJ[0xffffffd8].e)a[0xffffffaa][0xffffff95][0xffffffa3][0xffffff84]4-E[0x9])[0xffffffde]?[0xffffffa7][0xffffffc4]a&[0xffffffaa]>(1[0xffffffa9][0xffffffb5][0xffffffcb][0x3][0xffffff9f][0xffffffa8]:[0x2]&[0xffffffaa][0xe][0xffffffb3][0xffffffa3]R[0x17][0xfffffff0][0x3][0xffffff9b][0xffffffa8]:d)[0x5][0xffffffa4][0xffffff84][0xffffff89]"B[0x9][0x1b]H[0xffffff84][0x12]&[0xffffff96][0xffffffe5][0xffffff94][0xffffff90]p[0x16]SB"[0x1a]D[0x9]W[0xffffff9e](%|[0xffffff97][0xffffffa2][0xffffff94]p[0xffffffd5][0xffffff8a]QB[0xffffff9b][0x16][0xffffffa2][0xffffff84][0x16][0xffffffef][0x6]%[0xffffffba][0xffffffa1]D{5[0xffffff8c][0x12][0x1d][0xffffffa7]D[0xf][0xffffffa0]D[0xffffffd7][0xffffffbc][0x17][0x6][0xffffffbc]c[0xffffff94][0xffffffe8]I[0xffffff94][0xffffffd0](2[0xffffff94]p[0xffffff81]d([0xffffffa1][0xffffffb1][0xffffffac][0xffffffa7][0xffffffc4][0x1a][0xffffffce]jJ[0xffffffac][0x11]M[0xffffffa2][0xffffff84])O[0xffffff96][0x12][0xffffffb6]KYJ[0xffffff98]j[0xffffffe5](!MKQB[0xffffff8a]w[0xffffff83][0x12]fW[0xffffffe2][0xffffffff][0xffffff99][0xffffffbb][0xffffffd3]\[0xffffffc9]qt[0x7][0xffffffc3];[0xffffffba][0x8]K[0xfffffff2][0xffffffa0][0xfffffffd]o[0xffffffec][0xffffff9e]![0xffffffab]2[d[0x14][0xffffff90][0xffffffca][0xffffffc4][0xfffffff7][0xffffffb2][0x7][0xfffffff4][0xffffff8f][0x6][0xffffff8e][0xffffff8d][0x2]A<p[0xffffffd8][0xffffffd4]s[0x1c]_[0xffffffb7][0xffffff89]P[0x2][0xffffffdf][0xffffff95][0xffffffe8][0x1][0xffffffbb][0x12][0xffffffdd]|[0xfffffffc]\[0x18]plW[0xffffffa2][0xffffffcb][0xffffffe7][0xffffffcd]$%Bv%l [0x19]J[0x4][0xffffffec]JH8[0xffffffab])[0x11][0xffffffbc]+[0xffffffe1][0xffffffca][0xffffff93][0xffffffa5]D[0xffffffde][0xffffffae][0xffffff84][0xffffffab]V[0xffffff8e][0x12])[0xffffffbb][0x12]Z[0xffffffbc][0x1b][0xffffff94]0[0xffffffbb][0x12][0xffffffcf]q^[0xffffffd4][0xffffffbb][0x12][0x1d][0xffffffdf][0xffffff95][0xffffffe8][0x1][0xffffffbb][0x12][0xffffffdd]|[0xfffffffc]\[0x18]plW[0xffffffa2][0xffffffcb][0xffffffe7][0xffffffcd]$%Bv%l [0x19]J[0x4][0xffffffec]JH8[0xffffffab])[0x11][0xffffffbc]+[0xffffffe1][0xffffffca][0xffffff93][0xffffffa5]D[0xffffffde][0xffffffae][0xffffff84][0xffffffab]V[0xffffff8e][0x12])[0xffffffbb][0x12]Z[0xffffffbc][[0xffffff94][0xffffffe8]a[0xffffff94][0xffffffe8]8%z[0x0]%:J[0xffffff89][0xffffff8e]Q[0xffffffa2]'Qb[0xffffff8d]"E[0x9][\r]$E[0xffffff89]5[0xffffff96][0x4]%:L[0xffffff89][0x1e]L[0x9])O[0xffffff9a][0x12][0xffffffa6]KiJH[0xffffffb5][0xffffff92][0xffffff94][0xffffffe8])[0xffffff94][0xffffffe8][0x7f][0xffffff81][0x12]W[0x18]%.[0xffffff9c][0x12]W[0x0]%.[0xffffff94][0x12][0x17]F[0xffffff89]+[0xffffff89][0x12]k[0x14])Jh )J[0xffffffac][0xffffffb1]$(q[0xffffffc1][0xffffff94][0xffffffb8][0xffffff82])![0xffffffe5]IS[0xffffffc2]t)M[0x9][0xffffffa9]V[0xffffff92][0x12]W[\n]"
08:17:55.167 [TestNG-PoolService-3] DEBUG org.apache.hc.client5.http.wire -- http-outgoing-4 << "%[0xffffffae][0xffffffbf]@[0xffffff89][0xffffffe3][0xc][0xffffffb3][0xffffffc4]q[0xffffffe2][0xffffff98][0xfffffff8][0xffffffb8][0x5]^[0x13]?n[0xffffff82][0xffffffe2][0xffffffc4][0xffffffc7][0xffffffe5])O|_:[0x5][0x14][0xffffff92]GJ[0x14]&[0xffffff95][0x14])$[0xffffff9b][0xffffff84])[0xffffff96][0xffffff84][0xffffffd6][0xffffffa3]b[0xffffffc9]i[0xffffff96]*[0xffffffb4]FiV[0xffffffb8]V[0xffffffa5]][0xffffffa1]%K[0xffffffc2]b[0xffffffed]\N[0x16]k[0x5]o[0xffffffd1][0xffffffe2][0xffffffeb][0xffffff9f]N[0x12]-:|V[0xffffffe8][0xfffffff7]-[0xfffffff0][0xffffffb4][0xffffffe8][0xffffffe0]i[0xffffffa1][0xffffffdf][0xffffff97][0xffffffa7]h[0xffffffd1]s[0xffffffce][0xb]uy[0xffffffa4]haRI[0xffffffd1]B[0xffffffb2]I[0xffffffd0][0xffffffa2][0xffffffa3]g[0xffffff86]jN[0xffffffb3]h[0xffffffa1]5J[0xffffffd3][0xffffffc2][0xffffffb5]*M[0xb]-Y[0xffffff92][0x16]k[0xffffffe7]r[0xffffffb4]X+x[0xffffff8b][0x16]#[0xffffffed][0x17][0xffffff90][0xffffffc1][0xffffffff][0x4]2[0x12]~[0x3][0x19][0xffffffec][0xffffff8f] [0xffffff83][0xfffffffb][0x15]dD[0xfffffffd][0xc]"y[0xffffffa4]haRI[0xffffffd1]B[0xffffffb2]I[0xffffffd0]b[0xffffffd0]?[0xffffff85][0xffffff8c][0xffffffe4][0xffffffdf]B[0xffffffb4]FiZ[0xffffffb8]V[0xffffffa5]i[0xffffffa1]%K[0xffffffd2]b[0xffffffed]\[0xffffff8e][0x16]k[0x5]o[0xffffffd1][0xffffffe2][0xffffffbc][0xffffffc3]hq[0xffffffde]8->n[0xffffff81][0xffffffa7][0xffffffc5][0xffffff8f][0xffffff9b][0xffffffa0]h[0xfffffff1]qy[0xffffff8a][0x16][0xffffffdf][0xffffff97]N[0xffffffa1][0xffffff85][0xffffffe4][0xffffff91][0xffffffa2][0xffffff85]I%E[0xb][0xffffffc9]&A[0xffffff8b]%[0xffffffa1][0xfffffff5][0xffffffb4]Xr[0xffffff9a]E[0xb][0xffffffad]Q[0xffffff9a][0x16][0xffffffae]UiZh[0xffffffc9][0xffffff92][0xffffffb4]X;[0xffffff97][0xffffffa3][0xffffffc5]Z[0xffffffc1][[0xffffffb4]x[0xffffffd2]>[0x1]y[0xfffffff8]o@[0xffffff9e][0xffffff84][0xffffff8f]@[0x1e][0xfffffff6]+[0xffffff90][0xffffff87][0xfffffffb][0xc][0xffffffe4][0xffffff89][0xfffffffa][0xe]D[0xfffffff2]H[0xffffffd1][0xffffffc2][0xffffffa4][0xffffff92][0xffffffa2][0xffffff85]d[0xffffff93][0xffffffa0][0xffffffc5]C[0x7f][0xb][0xfffffff2]$[0x7f][0xc][0xffffffa2]5J[0xffffffd3][0xffffffc2][0xffffffb5]*M[0xb]-Y[0xffffff92][0x16]k[0xffffffe7]r[0xffffffb4]X+x[0xffffff8b][0x16][0xffffffc7][0xffffff91][0xffffffb6]T[0xfffffff1]qG8.>[0xffffffef][0xffffff81][0xffffffd7][0xffffffc5]?wA[0xfffffff1][0xffffffe2][0xfffffff3][0xfffffffa][0xffffff94]/~\;[0x5][0x18][0x1a]JJ[0x18].[0xffffff9a][0x14]14[0xffffffa0][0xffffff84]1[0xffffffd6][0xffffff98][0xffffffd6]#c[\r]k[0xffffff96]2L[0xffffffa1][0xffffffd2][0xffffffcc][0xffffffb0][0xfffffffd]J;[0xffffffc3][0xffffffd4]-[0x9][\r]i_N[0x1a]R[0xffffffc6][0xffffff9b][0xffffffd4]8[0xffffffe2][0xffffffa8]q[0x4]P[0xffffffe3][0xffffff88][0xffffffa0][0xffffffc6][0x1]S[0xffffffe3][0x0][0xffffffa9]qdQc[\r]%G[\r][0xffffff8d]&G[0xffffff8d]5[0xffffffa0][0xc]5[0xe][0xffffff9c][0x1a]G45[0xffffffa4]Pyj[0xffffff98]~[0xffffffe5][0xffffffa9]!u[0xffffffcb]R[0xffffffe3][0xffffffc8][0xffffffa1][0xffffffc6][0xfffffff1]7[0xffffffa8]q[0xffffffce]4j[0xffffff9c][0xffffff93][0xffffffa7][0xffffffc6][0xffffffc7]=[0x4]P[0xffffffe3][0xffffffc7]]`[0xffffffd4][0xfffffff8][0xffffffb8]>F[0xffffff8d][0xffffffef]k[0xffffffc7]PCB[0xffffff89]Q[0xffffffc3]D[0x13][0xffffffa3][0xffffff86][0x4][0x14][0xffffffa1][0xffffffc6][0x12]S[0xffffff80][0x1a]KX[0xffffffc3][0xffffffa8][0xffffffa1][0xffffff85][0xffffff8a]S[0xffffffc3][0xfffffff5]+N[\r][0xffffffad][[0xffffff94][0x1a]k[0xfffffffb][0xffffff82][0xffffffd4]X[0xffffffcb][0xfffffff8]w[0xffffffa8][0xffffffd1][0xffffffbf][0xffffffff][0xffffffca]i[0xffffff86][0xffffffbe][0xffffffdb][0xfffffff1]:[0xffffffcb][0xffffffa1][0xfffffff1][0xfffffff3]~(f[0xfffffffc]r[0x7][0x18]2[0xffffff96]{(&[0xffffffc6]/W/[0x6][0xffffffc6][0xffffffff]^[0x19][0xffffffe6][0xffffffc5][0xffffffdb]([0x16][0xffffffe3][0xffffffe2]?[0x2]YL[0xffffff8b][0xffffffb7][0xffffffb1],[0xffffff84][0xffffffc5][0xffffff9b]p[0xffffff96][0xffffffb1][0xffffffe2]MD#P[0xfffffff1][0xffffffbe]<!R[0xfffffffc]W[0xffffff97]B[0xffffffa0]x_[0xffffffad][0x0]'[0xffffffde]5m9&[0xffffffde][0x15][0xffffffef][0x16]%[0xfffffff4]-O[0xffffff96][0x12][0xffffffd8]K[0xffffff9e][0xffffffbf][0xffffffdc][0x1]O[0x9][0xffffffe4][0x15][0xffffffcf]_[0xffffffae]NQ"[0xffffffe1][0x5][0xffffffcf][0xffffffb7]Q[0xffffffa4]([0xffffff81][0xffffffbf][0xffffffde][0xfffffff9]6[0xffffff96][0x4]%[0xffffffa0][0xffffff97];[0xffffffdf]D4[0xffffff8b][0x12])[0xffffffaf]v[0xfffffffe]W[0xffffff97][0xffffffd2][0xffffff94]Hx[0xffffffb1][0xfffffff3]][0xffffffd3]r[0xffffff94][0xfffffff8][0xffffff83][0xffffffd7]:[0x7f][0xfffffffc][0xffffff8d][0xffffffcb]=[0xffffff95][0xffffffb8][0xffffffaf][0xffffff87][0xffffffa2][0xffffffc4][0xffffff85]?[0xffffff95][0xffffffb8][0x2][0xffffff9e]J\J[0xffffffe7][0xffffffc2][0xffffff80]_[0xffffffd8]S[0xffffff89]+[0xffffffe9][0xffffffa9][0xffffff84]F[0xffffff91][0xffffffa1][0xffffff84][0xb]$C[0x9][0xffffff8d]e=%[0xffffffd6]pVSb[0xffffff8d]h[0x12]%Ly[0xffffffb2][0xffffff94][0xffffffb0]][0xffffffca]R[0xffffffc2]T+G[0x9]iZ[0xffffff8a][0x12]R[0xffffffbc][0x1b][0xffffff94][0xffffffb8][0x1d]%&[0xfffffff0]&[0xffffffc5][0xffffffcf][0xfffffffb][0xffffff81])q[0x7]P[0xffffffe2][0xffffffd6][0xffffffbc][0x17][0x6][0xfffffffc][0xffffffc6](q'QB[0xffffffa3][0xffffffc8]P[0xffffffc2][0x5][0xffffff92][0xffffffa1][0xffffff84][0xffffffc6][0xffffffb2][0xffffff9e][0x12]k8[0xffffffab])[0xffffffb1]F4[0xffffff89][0x12][0xffffffa6]<YJ[0xffffffd8].e)a[0xffffffaa][0xffffff95][0xffffffa3][0xffffff84]4-E[0x9])[0xffffffde][\r]J<[0xffffff86][0x12][0xffffffbd]?[0xffffff93][0xffffffa2][0xffffffc4][0xffffff83]S[0xffffffe2][0x9][0xffffffa0][0xffffffc4][0xffffffa3]y/[0xc][0xfffffff8][0xffffff83]Q[0xffffffe2]I[0xffffffa2][0xffffff84]F[0xffffff91][0xffffffa1][0xffffff84][0xb]$C[0x9][0xffffff8d]e=%[0xffffffd6]pVSb[0xffffff8d]h[0x12]%Ly[0xffffffb2][0xffffff94][0xffffffb0]][0xffffffca]R[0xffffffc2]T+G[0x9]iZ[0xffffff8a][0x12]R[0xffffffbc][0xffffffbf]O[0xffffff89][0xfffffff1]r[0xffffff94][0xffffff98][0xffffffe3][0x5]Q[0xffffffe2][0xfffffff3]~XJ|[0xffffffdd][0x1]L[0xffffff89][0x7f][0xffffffef][0x1][0xffffffa1][0xffffffc4][0xffffffd7][0xffffffd5][0x11]J[0xfffffffc]s[0xffffffe5][0x8]J[0xffffff98]("[0xffffff94][0xffffffb0][0xffffff81]D(abYN[0x9][0x9]g1%$[0xffffffa2]A[0xffffff94]p[0xffffffe5][0xffffff89]R[0xffffffc2]w)J[0x9]W[0xffffffad][0x18]%[0xffffffb4]i!Jh[0xfffffff1]nP[0xffffffe2]0[0xffffff94][0x18][0xffffffaf]W[0xffffffa7](q[0xffffffe0][0xffffff94]8[0x2](qh[0xffffffde][0xb][0x3]~`[0xffffff94]8[0xffffff92]([0xffffffa1]Qd([0xffffffe1][0x2][0xffffffc9]PBcYO[0xffffff89]5[0xffffff9c][0xffffffd5][0xffffff94]X#[0xffffff9a]D[0x9]S[0xffffff9e],%l[0xffffff97][0xffffffb2][0xffffff94]0[0xffffffd5][0xffffffca]QB[0xffffff9a][0xffffff96][0xffffffa2][0xffffff84][0x14][0xffffffef][0x6]%[0xffffff9a][0xffffffa5][0xffffffc4][0xffffffd9](J4[0xffffff9c][0x12]-[0xffffff80][0x12]M[0xfffffff3]^[0x18][0xfffffff0][0xffffff86]Q[0xffffffa2]%QB[0xffffffa3][0xffffffc8]P[0xffffffc2][0x5][0xffffff92][0xffffffa1][0xffffff84][0xffffffc6][0xffffffb2][0xffffff9e][0x12]k8[0xffffffab])[0xffffffb1]F4[0xffffff89][0x12][0xffffffa6]<YJ[0xffffffd8].e)a[0xffffffaa][0xffffff95][0xffffffa3][0xffffff84]4-E[0x9])[0xffffffde][\r]JtK[0xffffff89][0xffffff9b]zW[0xffffffe2][0xfffffff3]~`J[0xfffffff4][0x0]Jt[0xffffffcd]{a[0xffffffc0];F[0xffffff89][0xffffff9e]D[0x9][0xffffff8d]"C[0x9][0x17]H[0xffffff86][0x12][0x1a][0xffffffcb]zJ[0xffffffac][0xffffffe1][0xffffffac][0xffffffa6][0xffffffc4][0x1a][0xffffffd1]$J[0xffffff98][0xfffffff2]d)a[0xffffffbb][0xffffff94][0xffffffa5][0xffffff84][0xffffffa9]V[0xffffff8e][0x12][0xffffffd2][0xffffffb4][0x14]%[0xffffffa4]x7(1[0x1c]%[0xffffff8e]qS[0xffffff94][0x18]8%F[0x0]%[0xffffff86][0xffffffe6][0xffffffbd]0[0xffffffe0][0x3][0xffffffa3][0xffffffc4]H[0xffffffa2][0xffffff84]F[0xffffff91][0xffffffa1][0xffffff84][0xb]$C[0x9][0xffffff8d]e=%[0xffffffd6]pVSb[0xffffff8d]h[0x12]%Ly[0xffffffb2][0xffffff94][0xffffffb0]][0xffffffca]R[0xffffffc2]T+G[0x9]iZ[0xffffff8a][0x12]R[0xffffffbc][0x1b][0xffffff94]p[0x1f][0xffffff83][0xffffff8e][0xffffffd9][0xffffffb1][0xffffffd7].[0xfffffff1][0xffffff8f]AG[0xffffffc0][0xffffffc7][0xffffffa0][0xffffffc3]|[0xffffffb1]T[0x18]p[0xffffffec]c[0xffffffd0]![0xffffffdf]$[0xffffff91][0xffffff94][0x8][0xfffffff9][0x18][0xffffffd4][0x6][0xffffff92][0xffffffa1]D[0xffffffc0][0xffffffc7][0xffffffa0][0x12][0xffffffce]jJ[0x4][0x7f][0xc][0xffffffea][0xffffffca][0xffffff93][0xffffffa5]D[0xffffffde][0xffffffc7][0xffffffa0][0xffffffae]Z9J[0xffffffa4]|[0xc][0xffffffaa][0xffffffc5][0xffffffbb]E[0xffffff89][0x16]F[0xffffff89][0xffffff86]S[0xffffffa2][0x5]P[0xffffffa2][0xffffffa1][0xffffff94]h[0x18]%Z[0x12]%[0xffffffd6](R[0xffffff94][0xffffffd0]@R[0xffffff94]XcIP[0xffffffa2][0xffffffc1][0xffffff94]h[0xffffffc1][0xffffff94][0xffffff90][0xfffffff2][0xffffffa4])a[0xffffffba][0xffffff94][0xffffffa6][0xffffff84]T+I[0xffffff89][0xffffff96]B[0xffffff89][0xfffffff6][0xffffffc7][0xffffff94]p[0xffffffbb][0x12]g?[0xffffffa8][0xffffffe1][0xffffffec][0xffffff81][0xffffffef]J[0xffffff8c][0xffffff80]][0xffffff89]a>~.[0xc]8[0xffffffb6]+1[0xffffffe4][0xfffffff3]f[0xffffff92][0x12]![0xffffffbb][0x12]6[0xffffff90][0xc]%[0x2]v%$[0xffffff9c][0xffffffd5][0xffffff94][0x8][0xffffffde][0xffffff95]p[0xffffffe5][0xffffffc9]R"oW[0xffffffc2]U+G[0xffffff89][0xffffff94]][0x9]-[0xffffffde][0xffffffdf][0xffffffa7][0xffffffc4][0xffffffe9]v%[0xffffffae]W[0xffffffa3][0xffffffbe][0xffffffe0]8[0xfffffff1]][0xffffff89]3`W[0xffffffe2]4[0x1f]?[0xffffffd7][0x5][0xfffffffc][0xffffffc4]v%N[0xfffffff9][0xffffffbc][0x19][0xffffffa4][0xffffff84][0xffffff89]"B[0x9][0x1b]H[0xffffff84][0x12]&[0xffffff96][0xffffffe5][0xffffff94][0xffffff90]p[0x16]SB"[0x1a]D[0x9]W[0xffffff9e](%|[0xffffff97][0xffffffa2][0xffffff94]p[0xffffffd5][0xffffff8a]QB[0xffffff9b][0x16][0xffffffa2][0xffffff84][0x16][0xffffffef][0x6]%[0xffffffdc][0xffffffae][0xffffffc4][0xffffffd5][0xe][0xffffffea][0xffffffb5][0xffffffcb][0x13][0xffffffdf][0xffffff95]8[0x3]v%N[0xfffffff3][0xfffffff1]sa[0xffffffc0][0xffffffb1]][0xffffff89]S>o&)[0x11][0xffffffb2]+a[0x3][0xffffffc9]P"`WB[0xffffffc2]YM[0xffffff89][0xffffffe0]][0x9]W[0xffffff9e],%[0xfffffff2]v%\[0xffffffb5]r[0xffffff94]H[0xffffffd9][0xffffff95][0xffffffd0][0xffffffe2][0xffffffdd][0xffffffa0][0xffffff84][0xffffffdb][0xffffff95][0xffffffb8][0xffffffae][0x17][0xfffffff6]T[0x2][0xffffffdf][0xffffff95]8[0x3]v%N[0xfffffff3][0xfffffff1]sa[0xffffffc0][0xffffffb1]][0xffffff89]S>o&)[0x11][0xffffffb2]+a[0x3][0xffffffc9]P"`WB[0xffffffc2]YM[0xffffff89][0xffffffe0]][0x9]W[0xffffff9e],%[0xfffffff2]v%\[0xffffffb5]r[0xffffff94]H[0xffffffd9][0xffffff95][0xffffffd0][0xffffffe2][0xffffffdd][0xffffffa0]Dw[0xffffff94][0xffffffb8][0xffffff9f]AQ[0xffffffa2][0xffffffe3][0xffffff94][0xffffffe8][0x1][0xffffff94][0xffffffe8][0xffffff9a][0xfffffff7][0xffffffc2][0xffffff80]w[0xffffff8c][0x12]=[0xffffff89][0x12][0x1a]E[0xffffff86][0x12].[0xffffff90][0xc]%4[0xffffff96][0xfffffff5][0xffffff94]X[0xffffffc3]YM[0xffffff89]5[0xffffffa2]I[0xffffff94]0[0xffffffe5][0xffffffc9]R[0xffffffc2]v)K[0x9]S[0xffffffad][0x1c]%[0xffffffa4]i)JH[0xfffffff1]nP[0xffffffc2][0xffffffed]J[0xffffffdc][0xffffffed]E[0xffffffbd]vy[0xffffffe2][0xffffffbb][0x12]g[0xffffffc0][0xffffffae][0xffffffc4]i>~.[0xc]8[0xffffffb6]+q[0xffffffca][0xffffffe7][0xffffffcd]$%Bv%l [0x19]J[0x4][0xffffffec]JH8[0xffffffab])[0x11][0xffffffbc]+[0xffffffe1][0xffffffca][0xffffff93][0xffffffa5]D[0xffffffde][0xffffffae][0xffffff84][0xffffffab]V[0xffffff8e][0x12])[0xffffffbb][0x12]Z[0xffffffbc][0x1b][0xffffff94]8-%.[0xffffffec][0xffffffa9][0xffffffc4][0xffffff89]S[0xffffffe2][0xc][0xffffffa0][0xffffffc4][0xffffffa9]y/[0xc][0xfffffff8][0xffffff89]Q[0xffffffe2]L[0xffffffa2][0xffffff84]F[0xffffff91][0xffffffa1][0xffffff84][0xb]$C[0x9][0xffffff8d]e=%[0xffffffd6]pVSb[0xffffff8d]h[0x12]%Ly[0xffffffb2][0xffffff94][0xffffffb0]][0xffffffca]R[0xffffffc2]T+G[0x9]iZ[0xffffff8a][0x12]R[0xffffffbc][0x1b][0xffffff94][0xffffffb8][0x1c]%[0xfffffffa][0xffffff8b][0x1a][0xffffffce][0xfffffffe][0xffffffbc][0x1f][0xffffff98][0x12]W[0x0]%.[0xffffffcd]{a[0xffffffc0]/[0xffffff8c][0x12]W[0x12]%4[0xffffff8a][0xc]%\ [0x19]Jh,[0xffffffeb])[0xffffffb1][0xffffff86][0xffffffb3][0xffffff9a][0x12]kD[0xffffff93](a[0xffffffca][0xffffff93][0xffffffa5][0xffffff84][0xffffffed]R[0xffffff96][0x12][0xffffffa6]Z9JH[0xffffffd3]R[0xffffff94][0xffffff90][0xffffffe2][0xffffffdd][0xffffffa0][0xffffff84][[0xffffffbb][0xffffffbc][0xfffffffb][0xffffff89]}[0xffffffc1][0xffffff81][0xffffffaf]][0xffffff9e][0x1]k[0xffffff97][0xffffffa7][0xffffff99]d+[0xc]8[0xffffffb6]vy[0xffffffca][0xffffffe8][0x1a]I[0xffffff89][0xffffff90][0xffffffb5]K[0x1b]H[0xffffff86][0x12][0x1]k[0xffffff97][0x12][0xffffffce]jJ[0x4][0xffffffaf]][0xffffffba][0xfffffff2]d)[0xffffff91][0xffffffb7]v[0xffffffe9][0xffffffaa][0xffffff95][0xffffffa3]D[0xffffffca][0xffffffda][0xffffffa5][0x16][0xffffffef][0x6]%[0xffffffdc]D[0xffffffd5]=[0xffffffb0][0xffffff89][0xffffffaa][0x13][0xffffff9f][0xffffffa8]:[0x3]&[0xffffffaa]N[0xffffffb3][0xffffffa3]R[0x18]pl[0xffffffa2][0xffffffea][0xffffff94][0xffffffa5][0x14][0xffffff92][0x12]![0x13]U6[0xffffff90][0xc]%[0x2]&[0xffffffaa]$[0xffffff9c][0xffffffd5][0xffffff94][0x8][0xffffff9e][0xffffffa8]r[0xffffffe5][0xffffffc9]R"o[0xffffffa2][0xffffffca]U+G[0xffffff89][0xffffff94][0xffffff89]*-[0xffffffde][\r]JLG[0xffffff89][0xffffff93][0xfffffffb][0xffffff82]c[0xffffffe2][0xffffff94][0xffffff98][0x1][0xffffff94][0xffffff98][0xffffff9a][0xfffffff7][0xffffffc2][0xffffff80]O[0xffffff8c][0x12]3[0xffffff89][0x12][0x1a]E[0xffffff86][0x12].[0xffffff90][0xc]%4[0xffffff96][0xfffffff5][0xffffff94]X[0xffffffc3]YM[0xffffff89]5[0xffffffa2]I[0xffffff94]0[0xffffffe5][0xffffffc9]R[0xffffffc2]v)K[0x9]S[0xffffffad][0x1c]%[0xffffffa4]i)JH[0xfffffff1][0xfffffffe]>%.[0xffffffb7]vy[0xffffffcf]y@[0xffffff94][0xffffffb8][0xfffffff0][0xffffffb5][0xffffffcb]+`[0xffffffed][0xfffffff2]2[0xffffff93]lu[0x1][0xffffffbf][0xffffffb0][0xffffffb5][0xffffffcb]KF[0xffffffd7]@J[0xffffff98]("[0xffffff94][0xffffffb0][0xffffff81]D(abYN[0x9][0x9]g1%$[0xffffffa2]A[0xffffff94]p[0xffffffe5][0xffffff89]R[0xffffffc2]w)J[0x9]W[0xffffffad][0x18]%[0xffffffb4]i!Jh[0xfffffff1]nP[0xffffffc2][0xffffffad]]]]><![CDATA[>[0xffffffed][0xffffffa0]&[0xffffffaa].|[0xffffffed][0xfffffff2][\n]"
08:17:55.168 [TestNG-PoolService-3] DEBUG org.apache.hc.client5.http.wire -- http-outgoing-4 << "X[0xffffffbb][0xffffffbc][0xffffffcc]$[a[0xffffffc0][0xffffffb1][0xffffffb5][0xffffffcb]KF[0xffffffd7]HJ[0xffffff84][0xffffffac]][0xffffffda]@2[0xffffff94][0x8]X[0xffffffbb][0xffffff94]pVS"x[0xffffffed][0xffffffd2][0xffffff95]'K[0xffffff89][0xffffffbc][0xffffffb5]KW[0xffffffad][0x1c]%R[0xffffffd6].[0xffffffb5]x7([0xffffffe1][0xffffffd6].[0xffffff9f][0xffffff93]{*[0xffffff81][0xffffffaf]]^[0x1]k[0xffffff97][0xffffff97][0xffffff99]d+[0xc]8[0xffffffb6]vy[0xffffffc9][0xffffffe8][0x1a]I[0xffffff89][0xffffff90][0xffffffb5]K[0x1b]H[0xffffff86][0x12][0x1]k[0xffffff97][0x12][0xffffffce]jJ[0x4][0xffffffaf]][0xffffffba][0xfffffff2]d)[0xffffff91][0xffffffb7]v[0xffffffe9][0xffffffaa][0xffffff95][0xffffffa3]D[0xffffffca][0xffffffda][0xffffffa5][0x16][0xffffffef][0x6]%[0xffffffba][0xffffffa3][0xffffffc4][0xfffffff3]z(Jt[0xffffff9c][0x12]=[0xffffff80][0x12]][0xfffffff3]^[0x18][0xfffffff0][0xffffff8e]Q[0xffffffa2]'QB[0xffffffa3][0xffffffc8]P[0xffffffc2][0x5][0xffffff92][0xffffffa1][0xffffff84][0xffffffc6][0xffffffb2][0xffffff9e][0x12]k8[0xffffffab])[0xffffffb1]F4[0xffffff89][0x12][0xffffffa6]<YJ[0xffffffd8].e)a[0xffffffaa][0xffffff95][0xffffffa3][0xffffff84]4-E[0x9])[0xffffffde][\r]J[0xffffffb8][0xffffffb5][0xffffffcb]y[0xffffffdc][0xffffffd4][0x17][0x1c][0x17][0xffffffbe]vy[0x5][0xffffffac]]^f[0xffffff92][0xffffffad]0[0xffffffe0][0xffffffd8][0xffffffda][0xffffffe5]%[0xffffffa3]k$%B[0xffffffd6].m [0x19]J[0x4][0xffffffac]]J8[0xffffffab])[0x11][0xffffffbc]v[0xffffffe9][0xffffffca][0xffffff93][0xffffffa5]D[0xffffffde][0xffffffda][0xffffffa5][0xffffffab]V[0xffffff8e][0x12])k[0xffffff97]Z[0xffffffbc][0x1b][0xffffff94]pk[0xffffff97][0xffffffb3]?[0xffffffd8]S[0x9]|[0xffffffed][0xfffffff2][\n]"
08:17:55.168 [TestNG-PoolService-3] DEBUG org.apache.hc.client5.http.wire -- http-outgoing-4 << "X[0xffffffbb][0xffffffbc][0xffffffcc]$[a[0xffffffc0][0xffffffb1][0xffffffb5][0xffffffcb]KF[0xffffffd7]HJ[0xffffff84][0xffffffac]][0xffffffda]@2[0xffffff94][0x8]X[0xffffffbb][0xffffff94]pVS"x[0xffffffed][0xffffffd2][0xffffff95]'K[0xffffff89][0xffffffbc][0xffffffb5]KW[0xffffffad][0x1c]%R[0xffffffd6].[0xffffffb5]x7([0xffffffe1][0xffffffd6].[0xffffffe7][0xfffffff5][0x1a][0x14]%[0xfffffff0][0xffffffb5][0xffffffcb]+`[0xffffffed][0xfffffff2]2[0xffffff93]l[0xffffff85][0x1][0xffffffc7][0xffffffd6]./[0x19]]#)[0x11][0xffffffb2]vi[0x3][0xffffffc9]P"`[0xffffffed]R[0xffffffc2]YM[0xffffff89][0xffffffe0][0xffffffb5]KW[0xffffff9e],%[0xfffffff2][0xffffffd6].][0xffffffb5]r[0xffffff94]HY[0xffffffbb][0xffffffd4][0xffffffe2][0xffffffdd][0xffffffa0][0xffffff84][0xffffff9b][0xffffffa8][0xffffff9a][0xffffffcf]C[0xffffffad]]^[0xfffffff8]D[0xffffffd5][0x15]0Qu[0xffffff99][0x1d][0xffffff95][0xffffffc2][0xffffff80]c[0x13]U[0xffffff97],[0xffffffa5][0xffffff90][0xffffff94][0x8][0xffffff99][0xffffffa8][0xffffffb2][0xffffff81]d([0x11]0Q%[0xffffffe1][0xffffffac][0xffffffa6]D[0xfffffff0]D[0xffffff95]+O[0xffffff96][0x12]y[0x13]U[0xffffffae]Z9J[0xffffffa4]LTi[0xfffffff1]nP[0xffffffc2]MT[0xffffffcd]yc[0x1f][0xffffff83][0xffffffe2][0x13]UW[0xffffffc0]D[0xffffffd5]evT[\n]"
08:17:55.168 [TestNG-PoolService-3] DEBUG org.apache.hc.client5.http.wire -- http-outgoing-4 << "[0x3][0xffffff8e]MT][0xffffffb2][0xffffff94]BR"d[0xffffffa2][0xffffffca][0x6][0xffffff92][0xffffffa1]D[0xffffffc0]D[0xffffff95][0xffffff84][0xffffffb3][0xffffff9a][0x12][0xffffffc1][0x13]U[0xffffffae]<YJ[0xffffffe4]MT[0xffffffb9]j[0xffffffe5]([0xffffff91]2Q[0xffffffa5][0xffffffc5][0xfffffffb][0xfffffffb][0xffffff94][0xffffffb8][0xffffffcd]D[0xffffffd5]|[0xffffffbd]:E[0xffffff89][0x1b][0xffffff9f][0xffffffa8][0xffffffba][0x3]&[0xffffffaa]n[0xffffffb3][0xffffffa3]R[0x17][0xfffffff0][0x1b][0xffffff9b][0xffffffa8][0xffffffba]e)[0x5][0xffffffa4][0xffffff84][0xffffff89]"B[0x9][0x1b]H[0xffffff84][0x12]&[0xffffff96][0xffffffe5][0xffffff94][0xffffff90]p[0x16]SB"[0x1a]D[0x9]W[0xffffff9e](%|[0xffffff97][0xffffffa2][0xffffff94]p[0xffffffd5][0xffffff8a]QB[0xffffff9b][0x16][0xffffffa2][0xffffff84][0x16][0xffffffef][0x6]%[0xffffffcc]D[0xffffffd5][0x7]%n[0xffffffea]d[0xffffffd0][0x1b][0xffffff9f][0xffffffa8][0xffffffba][0x3]&[0xffffffaa]n[0xffffffb3][0xffffffa3]R[0x18]pl[0xffffffa2][0xffffffea][0xffffff96][0xffffffa5][0x14][0xffffff92][0x12]![0x13]U6[0xffffff90][0xc]%[0x2]&[0xffffffaa]$[0xffffff9c][0xffffffd5][0xffffff94][0x8][0xffffff9e][0xffffffa8]r[0xffffffe5][0xffffffc9]R"o[0xffffffa2][0xffffffca]U+G[0xffffff89][0xffffff94][0xffffff89]*-[0xffffffde][\r]J[0xffffff98][0xffffff89][0xffffffaa][0xfffffff9]::5Qu[0xffffffe3][0x13]Uw[0xffffffc0]D[0xffffffd5]mvT[\n]"
08:17:55.168 [TestNG-PoolService-3] DEBUG org.apache.hc.client5.http.wire -- http-outgoing-4 << "[0x3][0xffffff8e]MT[0xffffffdd][0xffffffb2][0xffffff94]BR"d[0xffffffa2][0xffffffca][0x6][0xffffff92][0xffffffa1]D[0xffffffc0]D[0xffffff95][0xffffff84][0xffffffb3][0xffffff9a][0x12][0xffffffc1][0x13]U[0xffffffae]<YJ[0xffffffe4]MT[0xffffffb9]j[0xffffffe5]([0xffffff91]2Q[0xffffffa5][0xffffffc5][0xffffffbb]A[0xffffff89][0xffffffee]([0xffffffd1]&[0xfffffff6]T[0xffffffa2][0xffffffe3][0xffffff94][0xffffffe8][0x1][0xffffff94][0xffffffe8][0xffffff9a][0xfffffff7][0xffffffc2][0xffffff80]w[0xffffff8c][0x12]=[0xffffff89][0x12][0x1a]E[0xffffff86][0x12].[0xffffff90][0xc]%4[0xffffff96][0xfffffff5][0xffffff94]X[0xffffffc3]YM[0xffffff89]5[0xffffffa2]I[0xffffff94]0[0xffffffe5][0xffffffc9]R[0xffffffc2]v)K[0x9]S[0xffffffad][0x1c]%[0xffffffa4]i)JH[0xfffffff1]nP[0xffffffc2]LT[0xffffffcd][0xffffffd7]}aO%[0xfffffff0][0xffffff89][0xffffffaa];`[0xffffffa2][0xffffffea]6;*[0xffffff85][0x1][0xffffffc7]&[0xffffffaa]nYJ!)[0x11]2Qe[0x3][0xffffffc9]P"`[0xffffffa2]J[0xffffffc2]YM[0xffffff89][0xffffffe0][0xffffff89]*W[0xffffff9e],%[0xfffffff2]&[0xffffffaa]\[0xffffffb5]r[0xffffff94]H[0xffffff99][0xffffffa8][0xffffffd2][0xffffffe2][0xffffffdd][0xffffffa2]D[0xb][0xffffffa3]D[0xffffffc3])[0xffffffd1][0x2]([0xffffffd1]PJ4[0xffffff8c][0x12]-[0xffffff89][0x12]k[0x14])Jh )J[0xffffffac][0xffffffb1]$([0xffffffd1]`J[0xffffffb4]`JHy[0xffffffd2][0xffffff94]0]JSB[0xffffffaa][0xffffff95][0xffffffa4]DK[0xffffffa1]D[0xfffffffb]cJ[0xffffff98][0xffffffb5][0xffffffcb][0xfffffff9][0xffffffe2]>[0x6][0xffffffbd][0xfffffff1][0xffffffb5][0xffffffcb];`[0xffffffed][0xfffffff2]6[0xffffff93]l[0xffffff85][0x1][0xffffffc7][0xffffffd6].o[0x19]]#)[0x11][0xffffffb2]vi[0x3][0xffffffc9]P"`[0xffffffed]R[0xffffffc2]YM[0xffffff89][0xffffffe0][0xffffffb5]KW[0xffffff9e],%[0xfffffff2][0xffffffd6].][0xffffffb5]r[0xffffff94]HY[0xffffffbb][0xffffffd4][0xffffffe2][0xffffffdd][0xffffffa0][0xffffff84]Y[0xffffffbb][0xffffff9c][0xffffffc7]h[0xffffffd8]S[0x9]|[0xffffffed][0xfffffff2][0xe]X[0xffffffbb][0xffffffbc][0xffffffcd]$[a[0xffffffc0][0xffffffb1][0xffffffb5][0xffffffcb][F[0xffffffd7]HJ[0xffffff84][0xffffffac]][0xffffffda]@2[0xffffff94][0x8]X[0xffffffbb][0xffffff94]pVS"x[0xffffffed][0xffffffd2][0xffffff95]'K[0xffffff89][0xffffffbc][0xffffffb5]KW[0xffffffad][0x1c]%R[0xffffffd6].[0xffffffb5]x[0xffffffb7](1[0xffffffc2](1pJ[0xffffff8c][0x0]J[0xc][0xffffff94][0x12][0x3][0xffffffa3][0xffffffc4]H[0xffffffa2][0xffffffc4][0x1a]E[0xffffff8a][0x12][0x1a]H[0xffffff8a][0x12]k,[0x9]J[0xc][0xffffff98][0x12]#[0xffffff98][0x12]R[0xffffff9e]4%L[0xffffff97][0xffffffd2][0xffffff94][0xffffff90]j%)1R(1[0xfffffffe][0xffffff98][0x12][0xffffffb7]{*q[0xfffffff5]AQ[0xffffffe2][0xffffffc6][0xffffff9f]J[0xffffffdc][0x1]O%n[0xffffffa5]sa[0xffffffc0]o[0xffffffec][0xffffffa9][0xffffffc4][0xffffff9d][0xfffffff4]TB[0xffffffa3][0xffffffc8]P[0xffffffc2][0x5][0xffffff92][0xffffffa1][0xffffff84][0xffffffc6][0xffffffb2][0xffffff9e][0x12]k8[0xffffffab])[0xffffffb1]F4[0xffffff89][0x12][0xffffffa6]<YJ[0xffffffd8].e)a[0xffffffaa][0xffffff95][0xffffffa3][0xffffff84]4-E[0x9])[0xffffffde][\r]J[0xffffff98]38f{u[0xffffffea][0xffffff90][0xfffffff1][0x1b]?[0xffffff83][0xffffffe3][0xe]8[0xffffff83][0xffffffe3]6C[0xfffffff1][0xffffff85][0x1][0xffffffc7][0xffffffce][0xffffffe0][0xffffffb8]e[\n]"
08:17:55.168 [TestNG-PoolService-3] DEBUG org.apache.hc.client5.http.wire -- http-outgoing-4 << "[0xffffff9e][0xffffffa4]D[0xffffffc8][0x19][0x1c]6[0xffffff90][0xc]%[0x2][0xffffffce][0xffffffe0][0xffffff90]pVS"[0xfffffff8][0xc][0xe]W[0xffffff9e],%[0xfffffff2][0xffffffce][0xffffffe0]p[0xffffffd5][0xffffffca]Q"[0xffffffe5][0xc][0xe]-[0xffffffde][\r]J[0xffffff98]38f[0xfffffffb][0xfffffff8]/E[0x9][0xfffffffc][0xc][0xffffff8e];[0xffffffe0][0xc][0xffffff8e][0xffffffdb][0xc][0xffffffc5][0x17][0x6][0x1c];[0xffffff83][0xffffffe3][0xffffff96])x[0xffffff92][0x12]!gp[0xffffffd8]@2[0xffffff94][0x8]8[0xffffff83]C[0xffffffc2]YM[0xffffff89][0xffffffe0]38\y[0xffffffb2][0xffffff94][0xffffffc8];[0xffffff83][0xffffffc3]U+G[0xffffff89][0xffffff94]38[0xffffffb4]x[0x7f][0xffffff9f][0x12][0xffffff8f];[0xffffff83][0xffffffa3]][0xffffff93]zW[0xffffffe2][0xffffffc1][0xffffffcf][0xffffffe0]x[0x2][0xffffffce][0xffffffe0]x[0xffffffcc]P|][0xffffffc0][0x1f][0xffffffec][0xc][0xffffff8e]G[0xffffffa6][0xffffffe0]AJ[0xffffff98]("[0xffffff94][0xffffffb0][0xffffff81]D(abYN[0x9][0x9]g1%$[0xffffffa2]A[0xffffff94]p[0xffffffe5][0xffffff89]R[0xffffffc2]w)J[0x9]W[0xffffffad][0x18]%[0xffffffb4]i!Jh[0xfffffff1]nP[0xffffffc2][0xffffff9d][0xffffffc1][0xffffffd1][0xffffff9e][0xffffff87][0xfffffffa][0x18][0xfffffff4][0xffffffc1][0xffffffcf][0xffffffe0]x[0x2][0xffffffce][0xffffffe0]x[0xffffffcc]P|a[0xffffffc0][0xffffffb1]38[0x1e][0xffffff99][0xffffff82]')[0x11]r[0x6][0xffffff87][\r]$C[0xffffff89][0xffffff80]38$[0xffffff9c][0xffffffd5][0xffffff94][0x8]>[0xffffff83][0xffffffc3][0xffffff95]'K[0xffffff89][0xffffffbc]38\[0xffffffb5]r[0xffffff94]H9[0xffffff83]C[0xffffff8b]w[0xffffff83][0x12][0xffffffee][0xc][0xffffff8e][0xffffffde][0xffffffee]AQ[0x2]?[0xffffff83][0xffffffe3][0x9]8[0xffffff83][0xffffffe3]1C[0xfffffff1][0xffffff85][0x1][0xffffffc7][0xffffffce][0xffffffe0]xd[\n]"
08:17:55.168 [TestNG-PoolService-3] DEBUG org.apache.hc.client5.http.wire -- http-outgoing-4 << "[0xffffff9e][0xffffffa4]D[0xffffffc8][0x19][0x1c]6[0xffffff90][0xc]%[0x2][0xffffffce][0xffffffe0][0xffffff90]pVS"[0xfffffff8][0xc][0xe]W[0xffffff9e],%[0xfffffff2][0xffffffce][0xffffffe0]p[0xffffffd5][0xffffffca]Q"[0xffffffe5][0xc][0xe]-[0xffffffde][\r]J[0xffffffb8][0xffffffe1][0xffffffec][0xffffffde][0x1f][0xffffffec][0x7][0xe]|8[0xfffffffb][0x9][0x18][0xffffffce]~[0xffffffcc][0xffffffba]ka[0xffffffc0][0xffffffb1][0xffffffe1][0xffffffec]G[0xfffffff6][IJ[0xffffff84][0xc]g[0xffffffdb]@2[0xffffff94][0x8][0x18][0xffffffce][0xffffff96]pVS"x8[0xffffffdb][0xffffff95]'K[0xffffff89][0xffffffbc][0xffffffe1]lW[0xffffffad][0x1c]%R[0xffffff86][0xffffffb3][0xffffffb5]x7([0xffffffe1][0xffffffd6].[0xfffffffb]8[0x1e][0xffffff8a][0x12][0xfffffff8][0xffffffda][0xffffffe5][0x13][0xffffffb0]v[0xfffffff9][0xffffff98]I[0xffffffb6][0xffffffc2][0xffffff80]ck[0xffffff97][0xffffff8f][0xffffff8c][0xffffffae][0xffffff91][0xffffff94][0x8]Y[0xffffffbb][0xffffffb4][0xffffff81]d([0x11][0xffffffb0]v)[0xffffffe1][0xffffffac][0xffffffa6]D[0xfffffff0][0xffffffda][0xffffffa5]+O[0xffffff96][0x12]yk[0xffffff97][0xffffffae]Z9J[0xffffffa4][0xffffffac]]j[0xfffffff1]nP[0xffffffc2][0xffffffad]][0xfffffff6]qb[0xffffffef]J[0xffffffe0]k[0xffffff97]O[0xffffffc0][0xffffffda][0xffffffe5]c&[0xffffffd9][\n]"
08:17:55.168 [TestNG-PoolService-3] DEBUG org.apache.hc.client5.http.wire -- http-outgoing-4 << "[0x3][0xffffff8e][0xffffffad]]]]><![CDATA[>2[0xffffffba]FR"d[0xffffffed][0xffffffd2][0x6][0xffffff92][0xffffffa1]D[0xffffffc0][0xffffffda][0xffffffa5][0xffffff84][0xffffffb3][0xffffff9a][0x12][0xffffffc1]k[0xffffff97][0xffffffae]<YJ[0xffffffe4][0xffffffad]][0xffffffba]j[0xffffffe5]([0xffffff91][0xffffffb2]v[0xffffffa9][0xffffffc5][0xffffffbb]A[0x9]7Q[0xffffffd5][0xffffffaf][0x17][0xfffffff6][0x3][0x7]>Q[0xfffffff5][0x4]LT=fG[0xffffffa5]0[0xffffffe0][0xffffffd8]D[0xffffffd5]#K)$%B&[0xffffffaa]l [0x19]J[0x4]LTI8[0xffffffab])[0x11]<Q[0xffffffe5][0xffffffca][0xffffff93][0xffffffa5]D[0xffffffde]D[0xffffff95][0xffffffab]V[0xffffff8e][0x12])[0x13]UZ[0xffffffbc][[0xffffff94][0x18]a[0xffffff94][0xffffff80][0xffffff87][0xffffffb3][0xffffffbf][0xffffffee][0xffffff80][0xffffffa7][0x4]8[0xffffff9c][0xfffffffd]uu[0xffffff8a][0x12]9[0xffffffc3][0xffffffd9]&[0xffffff8a][0x14]%B[0xffffff86][0xffffffb3]M,[0x9]J[0xffffffa0][0xffffffc3][0xffffffd9][0x12][0xffffffd1],Jd[\r]g[0xfffffffb].[0xffffffa5])[0xffffff91]3[0xffffff9c][0xffffffad]M[0xffffffcb]Q[0xffffffe2][0xffffff8f][0xffffff87][0xffffffb3][0x1f][0xffffffb7]v9[0xffffffce]~S[0xffffff94][0xffffffc0][0xffffffd7].[0xffffff9f][0xffffff80][0xffffffb5][0xffffffcb][0xffffffc7]L[0xffffffb2][0x15][0x6][0x1c][[0xffffffbb]|dt[0xffffff8d][0xffffffa4]D[0xffffffc8][0xffffffda][0xffffffa5][\r]$C[0xffffff89][0xffffff80][0xffffffb5]K[0x9]g5%[0xffffff82][0xffffffd7].]y[0xffffffb2][0xffffff94][0xffffffc8][[0xffffffbb]t[0xffffffd5][0xffffffca]Q"e[0xffffffed]R[0xffffff8b]w[0xffffff8b][0x12]-[0xffffff8c][0x12][\r][0xffffffa7]D[0xb][0xffffffa0]DC)[0xffffffd1]0J[0xffffffb4]$J[0xffffffac]Q[0xffffffa4]([0xffffffa1][0xffffff81][0xffffffa4]([0xffffffb1][0xffffffc6][0xffffff92][0xffffffa0]D[0xffffff83])[0xffffffd1][0xffffff82])![0xffffffe5]IS[0xffffffc2]t)M[0x9][0xffffffa9]V[0xffffff92][0x12]-[0xffffff85][0x12][0xffffffed]O)1[0xffffffdd]D[0xffffffd5][0xffffffd9]^[0x1d][0xffffffa2][0xffffffc4][0xffffffc4]'[0xffffffaa]f[0xffffffc0]D[0xffffffd5]4;*u[0x1][0xffffff9f][0xffffffd8]D[0xffffffd5][0xffffff94][0xffffffa5][0x14][0xffffff90][0x12]&[0xffffff8a][0x8]%l [0x11]J[0xffffff98]X[0xffffff96]SB[0xffffffc2]YL[0x9][0xffffff89]h[0x10]%\y[0xffffffa2][0xffffff94][0xfffffff0]][0xffffff8a]R[0xffffffc2]U+F[0x9]mZ[0xffffff88][0x12]Z[0xffffffbc][0x1b][0xffffff94][0xffffffe8][0xffffff8e][0x12]w[0x1b][0x14]%:N[0xffffff89][0x1e]@[0xffffff89][0xffffffae]y/[0xc]x[0xffffffc7]([0xffffffd1][0xffffff93]([0xffffffa1]Qd([0xffffffe1][0x2][0xffffffc9]PBcYO[0xffffff89]5[0xffffff9c][0xffffffd5][0xffffff94]X#[0xffffff9a]D[0x9]S[0xffffff9e],%l[0xffffff97][0xffffffb2][0xffffff94]0[0xffffffd5][0xffffffca]QB[0xffffff9a][0xffffff96][0xffffffa2][0xffffff84][0x14][0xffffffef][0x6]%[0xffffffdc][0xffffffae][0xffffffc4][0xffffffd5][0xffffff9e][0xffffff8b][0xffffffa2][0x4][0xffffffbe]+1[0x3]v%[0xffffffa6][0xfffffff9][0xfffffff8][0xffffffb9]0[0xffffffe0][0xffffffd8][0xffffffae][0xffffffc4][0xffffff94][0xffffffcf][0xffffff9b]IJ[0xffffff84][0xffffffec]J[0xffffffd8]@2[0xffffff94][0x8][0xffffffd8][0xffffff95][0xffffff90]pVS"xW[0xffffffc2][0xffffff95]'K[0xffffff89][0xffffffbc]][0x9]W[0xffffffad][0x1c]%Rv%[0xffffffb4]x7([0xffffffe1]v%[0xffffffae]~bO%[0xfffffff0]][0xffffff89][0x19][0xffffffb0]+1[0xffffffcd][0xffffffc7][0xffffffcf][0xffffff85][0x1][0xffffffc7]v%[0xffffffa6]|[0xffffffde]LR"dW[0xffffffc2][0x6][0xffffff92][0xffffffa1]D[0xffffffc0][0xffffffae][0xffffff84][0xffffff84][0xffffffb3][0xffffff9a][0x12][0xffffffc1][0xffffffbb][0x12][0xffffffae]<YJ[0xffffffe4][0xffffffed]J[0xffffffb8]j[0xffffffe5]([0xffffff91][0xffffffb2]+[0xffffffa1][0xffffffc5][0xffffffbb]A[0x9][0xffffffb7]+q[0xffffff8d][0x3][0xffffffa3][0x4][0xffffffbe]+1[0x3]v%[0xffffffa6][0xfffffff9][0xfffffff8][0xffffffb9]0[0xffffffe0][0xffffffd8][0xffffffae][0xffffffc4][0xffffff94][0xffffffcf][0xffffff9b]IJ[0xffffff84][0xffffffec]J[0xffffffd8]@2[0xffffff94][0x8][0xffffffd8][0xffffff95][0xffffff90]pVS"xW[0xffffffc2][0xffffff95]'K[0xffffff89][0xffffffbc]][0x9]W[0xffffffad][0x1c]%Rv%[0xffffffb4]x7([0xffffffe1]>[0x6][0xffffffbd][0xffffffc6]9)J[0xffffffe0][0x1f][0xffffff83][0xffffffce][0xffffff80][0xffffff8f]A[0xffffffa7][0xfffffff9]b[0xffffffa9]0[0xffffffe0][0xffffffd8][0xffffffc7][0xffffffa0]S[0xffffffbe]I")[0x11][0xfffffff2]1[0xffffffa8][\r]$C[0xffffff89][0xffffff80][0xffffff8f]A%[0xffffff9c][0xffffffd5][0xffffff94][0x8][0xfffffffe][0x18][0xffffffd4][0xffffff95]'K[0xffffff89][0xffffffbc][0xffffff8f]A][0xffffffb5]r[0xffffff94]H[0xfffffff9][0x18]T[0xffffff8b]w[0xffffff83][0x12][0xffffffd3]Q[0xffffffe2]<^[0x14]%&N[0xffffff89][0x19]@[0xffffff89][0xffffffa9]y/[0xc][0xfffffff8][0xffffffc4](1[0xffffff93]([0xffffffa1]Qd([0xffffffe1][0x2][0xffffffc9]PBcYO[0xffffff89]5[0xffffff9c][0xffffffd5][0xffffff94]X#[0xffffff9a]D[0x9]S[0xffffff9e],%l[0xffffff97][0xffffffb2][0xffffff94]0[0xffffffd5][0xffffffca]QB[0xffffff9a][0xffffff96][0xffffffa2][0xffffff84][0x14][0xffffffef]oSb[0xffffffbe]^[0xffffff8e][0x12][0x17][0xfffffff5]T[0xffffffe2][0xffffffeb]~PJ|[0xffffffdf][0x1]K[0xffffff89][0xffffff9f][0xfffffff7]@P[0xffffffe2][0xfffffffb][0xffffffea][0x4]%[0xfffffffe][0xffffffbd]r[0x2]%\[0x14][0x9]J[0xfffffff8]@[0x12][0xffffff94]p[0xffffffb1][0xffffffac][0xffffffa6][0xffffff84][0xffffff86][0xffffffb3][0xffffff96][0x12][0x1a][0xffffffd1][0x1c]J[0xffffffd8][0xfffffff2]$)[0xfffffff1][0xffffffa6]KIJ[0xffffffd8]j[0xffffffa5](a[0xffffff9a][0xffffff96][0xffffffa1][0xffffff84])[0xffffffde][\r]J[0xffffffb8]][0xffffff89]k[0xffffffce][0xffffff93][0xffffffa2][0x4][0xffffffbd]+[0xfffffff1]}[0x7]4%[0xffffffc8]][0xffffff89][0xffffffef][0xffffffab]3[0xffffff94][0x8][0xffffffda][0xffffff95]pQd([0xffffff91][0xffffffb2]+[0xffffffe1]bYO[0x9]vWB#[0xffffff9a]D[0xffffff89][0xffffffb0]][0xffffff89]7][0xffffffca]R"hW[0xffffffc2]4-E[0xffffff89]?[0xffffffdf][0xffffff95][0xffffff98][0xffffffaf]f(q[0xffffffb7][0xb]:[0xffffff83][0xffffffe3][0xffffffeb]~`J[0xffffffb4][0x0]J4[0xffffffcd]{a[0xffffffc0][0x1b]F[0xffffff89][0xffffff96]D[0x9][0xffffff8d]"C[0x9][0x17]H[0xffffff86][0x12][0x1a][0xffffffcb]zJ[0xffffffac][0xffffffe1][0xffffffac][0xffffffa6][0xffffffc4][0x1a][0xffffffd1]$J[0xffffff98][0xfffffff2]d)a[0xffffffbb][0xffffff94][0xffffffa5][0xffffff84][0xffffffa9]V[0xffffff8e][0x12][0xffffffd2][0xffffffb4][0x14]%[0xffffffa4]x7([0xffffffd1][0x1d]%[0xfffffffa][0xfffffff9]P[0xffffff94][0xffffffe8]8%z[0x0]%[0xffffffba][0xffffffe6][0xffffffbd]0[0xffffffe0][0x1d][0xffffffa3]DO[0xffffffa2][0xffffff84]F[0xffffff91][0xffffffa1][0xffffff84][0xb]$C[0x9][0xffffff8d]e=%[0xffffffd6]pVSb[0xffffff8d]h[0x12]%Ly[0xffffffb2][0xffffff94][0xffffffb0]][0xffffffca]R[0xffffffc2]T+G[0x9]iZ[0xffffff8a][0x12]R[0xffffffbc][0x1b][0xffffff94][0x18][0xffffff8e][0x12][0xfffffff3]h[0x14]%[0x6]N[0xffffff89][0x11]@[0xffffff89][0xffffffa1]y/[0xc][0xfffffff8][0xffffffc0](1[0xffffff92]([0xffffffa1]Qd([0xffffffe1][0x2][0xffffffc9]PBcYO[0xffffff89]5[0xffffff9c][0xffffffd5][0xffffff94]X#[0xffffff9a]D[0x9]S[0xffffff9e],%l[0xffffff97][0xffffffb2][0xffffff94]0[0xffffffd5][0xffffffca]QB[0xffffff9a][0xffffff96][0xffffffa2][0xffffff84][0x14][0xffffffef][0x6]%[0xffffffdc][0xffffffda][0xffffffe5]sL[0xffffffec][0x7][0xe]z[0xffffffed][0xfffffff2][0xfffffffb][0xe]hJ[0xffffff90]k[0xffffff97][0xffffffdf]Wg([0x11][0xffffffb4]v[0xffffffe9][0xffffffa2][0xffffffc8]P"e[0xffffffed][0xffffffd2][0xffffffc5][0xffffffb2][0xffffff9e][0x12][0xffffffec][0xffffffda][0xffffffa5]F4[0xffffff89][0x12]ak[0xffffff97]o[0xffffffba][0xffffff94][0xffffffa5]D[0xffffffd0][0xffffffda][0xffffffa5]iZ[0xffffff8a][0x12][0x7f][0xffffffbe]v9_n[0xffffffed][0xfffffff2]9[0x7][0xfffffff4]1[0xffffffe8][0xffffffd7][0xfffffffd][0xffffffc0][0xffffff94][0xffffffe0][0xffffffd7].[0x7f][0xffffffde][0x3]C[0x9]j[0xffffffed][0xfffffff2][0xffffffdf]+gP"c[0xffffffed][0xffffffd2][0x7][0xffffff92][0xffffffa1][0x4][0xffffffbf]v[0xffffffa9][0xffffffe1][0xffffffac][0xffffffa6]D[0xffffffee][0xffffffda][0xffffffa5]-O[0xffffff96][0x12]qk[0xffffff97][0xffffffb6]Z9J[0xffffff84][0xffffffac]][0xffffff9a][0xffffffe2][0xffffffdd][0xffffffa0][0xffffff84][[0xffffffbb]|[0xffffffe6][0x1c][0x14]%[0xffffffe8][0xffffffb5][0xffffffcb][0xffffffef];[0xffffffa0])A[0xffffffae]]~_[0xffffff9d][0xffffffa1]D[0xffffffd0][0xffffffda][0xffffffa5][0xffffff8b]"C[0xffffff89][0xffffff94][0xffffffb5]K[0x17][0xffffffcb]zJ[0xffffffb0]k[0xffffff97][0x1a][0xffffffd1]$J[0xffffff84][0xffffffad]][0xffffffbe][0xffffffe9]R[0xffffff96][0x12]Ak[0xffffff97][0xffffffa6]i)J[0xfffffffc][0xfffffff9][0xffffffda][0xffffffe5]|[0xffffffb9][0xffffff89][0xffffffaa][0xffffffd9][0x1f][0xffffffe8][0xffffff90][0xfffffff1][0xffffffaf][0xfffffffb][0xffffff81])[0xffffffc1]OT[0xfffffffd][0xffffffbc][0x7][0xffffff86][0x12][0xffffffd4]D[0xffffffd5][0xffffffbf]W[0xffffffce][0xffffffa0]D[0xffffffc6]D[0xffffff95][0xf]$C[0x9]~[0xffffffa2]J[0xffffffc3]YM[0xffffff89][0xffffffdc][0xffffff89]*[[0xffffff9e],%[0xffffffe2]&[0xffffffaa]l[0xffffffb5]r[0xffffff94][0x8][0xffffff99][0xffffffa8]2[0xffffffc5][0xfffffffb][0xfffffffb][0xffffff94]8[0xffffffdc][0xffffffae][0xffffffc4]<o[0xffffffea][0x7][0xffffff8e][0x3][0xffffffdf][0xffffff95]8[0x2]v%[0xe][0xfffffff3][0xfffffff1]s][0xffffffc0][0xf]lW[0xffffffe2][0xffffff90][0xffffffcf][0xffffff9b]AJ[0xffffff98]("[0xffffff94][0xffffffb0][0xffffff81]D(abYN[0x9][0x9]g1%$[0xffffffa2]A[0xffffff94]p[0xffffffe5][0xffffff89]R[0xffffffc2]w)J[0x9]W[0xffffffad][0x18]%[0xffffffb4]i!Jh[0xfffffff1]nP[0xffffffc2][0xffffffed]J[0xffffffcc][0xffffff8b][0x1a][0xffffffce][0xfffffffe][0xffffffba][0x1f][0xffffff98][0x12][0x1][0xffffffbb][0x12][0xffffff87][0xfffffff9][0xfffffff8][0xffffffb9]0[0xffffffe0][0xffffffd8][0xffffffae][0xffffffc4]![0xffffff9f]7[0xffffff93][0xffffff94][0x8][0xffffffd9][0xffffff95][0xffffffb0][0xffffff81]d([0x11][0xffffffb0]+![0xffffffe1][0xffffffac][0xffffffa6]D[0xfffffff0][0xffffffae][0xffffff84]+O[0xffffff96][0x12]y[0xffffffbb][0x12][0xffffffae]Z9J[0xffffffa4][0xffffffec]Jh[0xfffffff1]nP[0xffffffa2][J`[0xffffffc3][0xffffffd9][0xffffff9f][0xfffffff7][0x3]S[0xffffffa2][0x7]P[0xffffffa2]k[0xffffffde][0xb][0x3][0xffffffde]1J[0xfffffff4]$Jh[0x14][0x19]J[0xffffffb8]@2[0xffffff94][0xffffffd0]X[0xffffffd6]Sb[\r]g5%[0xffffffd6][0xffffff88]&Q[0xffffffc2][0xffffff94]'K[0x9][0xffffffdb][0xffffffa5],%L[0xffffffb5]r[0xffffff94][0xffffff90][0xffffffa6][0xffffffa5](![0xffffffc5][0xffffffbb]A[0x9][0xffffffb7]+1[0xffffffef][0x13]{*[0xffffff81][0xffffffef]J[0x1c][0x1][0xffffffbb][0x12][0xffffff87][0xfffffff9][0xfffffff8][0xffffffb9]0[0xffffffe0][0xffffffd8][0xffffffae][0xffffffc4]![0xffffff9f]7[0xffffff93][0xffffff94][0x8][0xffffffd9][0xffffff95][0xffffffb0][0xffffff81]d([0x11][0xffffffb0]+![0xffffffe1][0xffffffac][0xffffffa6]D[0xfffffff0][0xffffffae][0xffffff84]+O[0xffffff96][0x12]y[0xffffffbb][0x12][0xffffffae]Z9J[0xffffffa4][0xffffffec]Jh[0xfffffff1]nP[0xffffffc2][0xffffffed]J|[0xfffffffe][0xffffffc2]AQ[0x2][0xffffffdf][0xffffff95]8[0x2]v%[0xe][0xfffffff3][0xfffffff1]sa[0xffffffc0][0xffffffb1]][0xffffff89]C>o&)[0x11][0xffffffb2]+a[0x3][0xffffffc9]P"`WB[0xffffffc2]YM[0xffffff89][0xffffffe0]][0x9]W[0xffffff9e],%[0xfffffff2]v%\[0xffffffb5]r[0xffffff94]H[0xffffffd9][0xffffff95][0xffffffd0][0xffffffe2][0xffffffdd][0xffffffa0][0xffffff84][0xffffffee]J[0xffffff8c][0xffffffd7][0xffffffeb]uR_p[0x1c][0xfffffff8][0xffffffae][0xffffffc4][0x11][0xffffffb0]+q[0xffffff98][0xffffff8f][0xffffff9f][0xb][0x3][0xffffff8e][0xffffffed]J[0x1c][0xfffffff2]y3I[0xffffff89][0xffffff90]][0x9][0x1b]H[0xffffff86][0x12][0x1][0xffffffbb][0x12][0x12][0xffffffce]jJ[0x4][0xffffffef]J[0xffffffb8][0xfffffff2]d)[0xffffff91][0xffffffb7]+[0xffffffe1][0xffffffaa][0xffffff95][0xffffffa3]D[0xffffffca][0xffffffae][0xffffff84][0x16][0xffffffef][0x6]%tW[0xffffffe2][0xffffff83][0x12][0x7][0xfffffff7][0xffffffda]%[0xffffffbe]+q[0x4][0xffffffec]J[0x1c][0xffffffe6][0xffffffe3][0xffffffe7][0xffffffc2][0xffffff80]c[0xffffffbb][0x12][0xffffff87]|[0xffffffde]LR"dW[0xffffffc2][0x6][0xffffff92][0xffffffa1]D[0xffffffc0][0xffffffae][0xffffff84][0xffffff84][0xffffffb3][0xffffff9a][0x12][0xffffffc1][0xffffffbb][0x12][0xffffffae]<YJ[0xffffffe4][0xffffffed]J[0xffffffb8]j[0xffffffe5]([0xffffff91][0xffffffb2]+[0xffffffa1][0xffffffc5][0xffffffbb]A[0xffffff89][0xffffffc7]R[0xffffffe2][0xffffffa2][0xffffff8e][0xfffffff3][0xfffffffa][0xffffffbc][0x1f][0xffffff98][0x12]O[0x0]%[0x1e][0xffffffcd]{a[0xffffffc0][0x1f][0xffffff8c][0x12]O[0x12]%4[0xffffff8a][0xc]%\ [0x19]Jh,[0xffffffeb])[0xffffffb1][0xffffff86][0xffffffb3][0xffffff9a][0x12]kD[0xffffff93](a[0xffffffca][0xffffff93][0xffffffa5][0xffffff84][0xffffffed]R[0xffffff96][0x12][0xffffffa6]Z9JH[0xffffffd3]R[0xffffff94][0xffffff90][0xffffffe2][0xffffffdd][0xffffffa0][0xffffff84]NT}P[0xffffffa2]5[0xffffffec]][0x9]|[0xffffffa2][0xffffffea][0x8][0xffffff98][0xffffffa8]:[0xffffffcc][0xffffff8e]Ja[0xffffffc0][0xffffffb1][0xffffff89][0xffffffaa]C[0xffffff96]RHJ[0xffffff84]LT[0xffffffd9]@2[0xffffff94][0x8][0xffffff98][0xffffffa8][0xffffff92]pVS"x[0xffffffa2][0xffffffca][0xffffff95]'K[0xffffff89][0xffffffbc][0xffffff89]*W[0xffffffad][0x1c]%R&[0xffffffaa][0xffffffb4]x[0x7f][0xffffff9f][0x12][0xffffffed]e)qS[0x1f][0xffffff83]~[0xffffffde][0xf]K[0xffffff89][0xffffffaf];[0xffffff80])[0xfffffff1][0xffffffef]= [0xffffff94][0xfffffff8][0xffffffba]:B[0xffffff89][0x7f][0xffffffae][0x1c]A[0x9][0x13]E[0xffffff84][0x12]6[0xffffff90][0x8]%L,[0xffffffcb])![0xffffffe1],[0xffffffa6][0xffffff84]D4[0xffffff88][0x12][0xffffffae]<QJ[0xfffffff8].E)[0xffffffe1][0xffffffaa][0x15][0xffffffa3][0xffffff84]6-D[0x9]-[0xffffffde][\r]J[0xffffffe8][0xffffffda][0xffffffe5][0x7]%[0x6][0xfffffff6][0xffffffae]D[0xffffffc3][0xffffffd7].[[0xffffffc0][0xffffffda]e3[0xffffff93]l[0xffffff85][0x1][0xffffffc7][0xffffffd6].[0xffffff9b][0xffffff8c][0xffffffae][0xffffff91][0xffffff94][0x8]Y[0xffffffbb][0xffffffb4][0xffffff81]d([0x11][0xffffffb0]v)[0xffffffe1][0xffffffac][0xffffffa6]D[0xfffffff0][0xffffffda][0xffffffa5]+O[0xffffff96][0x12]yk[0xffffff97][0xffffffae]Z9J[0xffffffa4][0xffffffac]]j[0xfffffff1]nPB[0xffffffd7].?)[0xfffffff1]P[0xffffffef]J4|[0xffffffed][0xffffffb2][0x5][0xffffffac]]63[0xffffffc9]V[0x18]pl[0xffffffed][0xffffffb2][0xffffffc9][0xffffffe8][0x1a]I[0xffffff89][0xffffff90][0xffffffb5]K[0x1b]H[0xffffff86][0x12][0x1]k[0xffffff97][0x12][0xffffffce]jJ[0x4][0xffffffaf]][0xffffffba][0xfffffff2]d)[0xffffff91][0xffffffb7]v[0xffffffe9][0xffffffaa][0xffffff95][0xffffffa3]D[0xffffffca][0xffffffda][0xffffffa5][0x16][0xffffffef][0x6]%[0xffffffba][0xffffffa3][0xffffffc4][0xffffffd5][0xffffffa8][0xffffff8f]A?[0xffffffef][0x7][0xffffffa6]D[0xf][0xffffffa0]D[0xffffffd7][0xffffffbc][0x17][0x6][0xffffffbc]c[0xffffff94][0xffffffe8]I[0xffffff94][0xffffffd0](2[0xffffff94]p[0xffffff81]d([0xffffffa1][0xffffffb1][0xffffffac][0xffffffa7][0xffffffc4][0x1a][0xffffffce]jJ[0xffffffac][0x11]M[0xffffffa2][0xffffff84])O[0xffffff96][0x12][0xffffffb6]KYJ[0xffffff98]j[0xffffffe5](!MKQB[0xffffff8a]w[0xffffff83][0x12]:Q[0xfffffff5]A[0xffffff89][0xffffffbb]cO%[0xfffffff0][0xffffff89][0xffffffaa][0x16]0Q[0xffffffd5][0xffffffcc][0xffffff8e]Ja[0xffffffc0][0xffffffb1][0xffffff89][0xffffffaa]&K)$%B&[0xffffffaa]l [0x19]J[0x4]LTI8[0xffffffab])[0x11]<Q[0xffffffe5][0xffffffca][0xffffff93][0xffffffa5]D[0xffffffde]D[0xffffff95][0xffffffab]V[0xffffff8e][0x12])[0x13]UZ[0xffffffbc][0x1b][0xffffff94][0xffffffb0][0x13]U[0xfffffff7]sQ[0xffffff94][0xffffffc0]'[0xffffffaa]Z[0xffffffc0]DU3;*[0xffffff85][0x1][0xffffffc7]&[0xffffffaa][0xffffff9a],[0xffffffa5][0xffffff90][0xffffff94][0x8][0xffffff99][0xffffffa8][0xffffffb2][0xffffff81]d([0x11]0Q%[0xffffffe1][0xffffffac][0xffffffa6]D[0xfffffff0]D[0xffffff95]+O[0xffffff96][0x12]y[0x13]U[0xffffffae]Z9J[0xffffffa4]LTi[0xfffffff1]nP[0xffffffc2]NT=[0xffffff9d][0xfffffffa][0x18][0xffffffb4][0xffffffe1][0x13]U-`[0xffffffa2][0xffffffaa][0xffffff99][0x1d][0xffffff95][0xffffffc2][0xffffff80]c[0x13]UM[0xffffff96]RHJ[0xffffff84]LT[0xffffffd9]@2[0xffffff94][0x8][0xffffff98][0xffffffa8][0xffffff92]pVS"x[0xffffffa2][0xffffffca][0xffffff95]'K[0xffffff89][0xffffffbc][0xffffff89]*W[0xffffffad][0x1c]%R&[0xffffffaa][0xffffffb4]x7(a'[0xffffffaa][0xffffffe6][0xffffff81]=[0xffffff95][0xffffffc0]'[0xffffffaa]Z[0xffffffc0]DU3;*[0xffffff85][0x1][0xffffffc7]&[0xffffffaa][0xffffff9a],[0xffffffa5][0xffffff90][0xffffff94][0x8][0xffffff99][0xffffffa8][0xffffffb2][0xffffff81]d([0x11]0Q%[0xffffffe1][0xffffffac][0xffffffa6]D[0xfffffff0]D[0xffffff95]+O[0xffffff96][0x12]y[0x13]U[0xffffffae]Z9J[0xffffffa4]LTi[0xfffffff1]nP[0xffffffc2]MT[0x1d]/[0xffffffee]cP|[0xffffffa2][0xffffffaa][0x5]LT5[0xffffffb3][0xffffffa3]R[0x18]pl[0xffffffa2][0xffffffaa][0xffffffc9]R[\n]"
08:17:55.169 [TestNG-PoolService-3] DEBUG org.apache.hc.client5.http.wire -- http-outgoing-4 << "I[0xffffff89][0xffffff90][0xffffff89]*[0x1b]H[0xffffff86][0x12][0x1][0x13]U[0x12][0xffffffce]jJ[0x4]OT[0xffffffb9][0xfffffff2]d)[0xffffff91]7Q[0xffffffe5][0xffffffaa][0xffffff95][0xffffffa3]D[0xffffffca]D[0xffffff95][0x16][0xffffffef][0xffffffef]S[0xffffffa2][0xffffffbb][0xffffff89][0xffffffaa][0xffffffe3]h[0xffffffd4]S[0xffffff89][0xffffff8e]OT[0xfffffff5][0xffffff80][0xffffff89][0xffffffaa]nvT[0xffffffea][0x2][0xffffffde][0xffffffb1][0xffffff89][0xffffffaa].K) %L[0x14][0x11]J[0xffffffd8]@"[0xffffff94]0[0xffffffb1],[0xffffffa7][0xffffff84][0xffffff84][0xffffffb3][0xffffff98][0x12][0x12][0xffffffd1] J[0xffffffb8][0xfffffff2]D)[0xffffffe1][0xffffffbb][0x14][0xffffffa5][0xffffff84][0xffffffab]V[0xffffff8c][0x12][0xffffffda][0xffffffb4][0x10]%[0xffffffb4]x7([0xffffffe1]&[0xffffffaa][0xffffff8e][0xffffffe3]9)J[0xffffffe0][0x13]U=`[0xffffffa2][0xffffffaa][0xffffff9b][0x1d][0xffffff95][0xffffffc2][0xffffff80]c[0x13]U][0xffffff96]RHJ[0xffffff84]LT[0xffffffd9]@2[0xffffff94][0x8][0xffffff98][0xffffffa8][0xffffff92]pVS"x[0xffffffa2][0xffffffca][0xffffff95]'K[0xffffff89][0xffffffbc][0xffffff89]*W[0xffffffad][0x1c]%R&[0xffffffaa][0xffffffb4]x7([0xffffffe1]&[0xffffffaa][0xffffff8e]6[0x1a]E[0x9]|[0xffffffa2][0xffffffaa][0x7]LTu[0xffffffb3][0xffffffa3]R[0x18]pl[0xffffffa2][0xffffffaa][0xffffffcb]R[\n]"
08:17:55.169 [TestNG-PoolService-3] DEBUG org.apache.hc.client5.http.wire -- http-outgoing-4 << "I[0xffffff89][0xffffff90][0xffffff89]*[0x1b]H[0xffffff86][0x12][0x1][0x13]U[0x12][0xffffffce]jJ[0x4]OT[0xffffffb9][0xfffffff2]d)[0xffffff91]7Q[0xffffffe5][0xffffffaa][0xffffff95][0xffffffa3]D[0xffffffca]D[0xffffff95][0x16][0xffffffef][0x6]%[0xffffffba][0xffffffa5][0xffffffc4][0xffffffa4]&[0xffffffaa]>[0xffffffff][0x7][0xffffffa6]D[0xf][0xffffffa0]D[0xffffffd7][0xffffffbc][0x17][0x6][0xffffffbc]c[0xffffff94][0xffffffe8]I[0xffffff94][0xffffffd0](2[0xffffff94]p[0xffffff81]d([0xffffffa1][0xffffffb1][0xffffffac][0xffffffa7][0xffffffc4][0x1a][0xffffffce]jJ[0xffffffac][0x11]M[0xffffffa2][0xffffff84])O[0xffffff96][0x12][0xffffffb6]KYJ[0xffffff98]j[0xffffffe5](!MKQB[0xffffff8a]w[0xffffff83][0x12]n[0xffffffa2][0xffffffea][0xffffffb8].[0xffffffea]c[0xffffffd0][0xffffff8e]OT[0xfffffff5][0xffffff80][0xffffff89][0xffffffaa]nvT[\n]"
08:17:55.169 [TestNG-PoolService-3] DEBUG org.apache.hc.client5.http.wire -- http-outgoing-4 << "[0x3][0xffffff8e]MTuYJ!)[0x11]2Qe[0x3][0xffffffc9]P"`[0xffffffa2]J[0xffffffc2]YM[0xffffff89][0xffffffe0][0xffffff89]*W[0xffffff9e],%[0xfffffff2]&[0xffffffaa]\[0xffffffb5]r[0xffffff94]H[0xffffff99][0xffffffa8][0xffffffd2][0xffffffe2][0xffffffdd][0xffffffa0][0xffffff84][0xffffff9b][0xffffffa8]:[0xffffff9e][0x17]F[0x9]|[0xffffffa2][0xffffffaa][0x7]LTu[0xffffffb3][0xffffffa3]R[0x18]pl[0xffffffa2][0xffffffaa][0xffffffcb]R[\n]"
08:17:55.169 [TestNG-PoolService-3] DEBUG org.apache.hc.client5.http.wire -- http-outgoing-4 << "I[0xffffff89][0xffffff90][0xffffff89]*[0x1b]H[0xffffff86][0x12][0x1][0x13]U[0x12][0xffffffce]jJ[0x4]OT[0xffffffb9][0xfffffff2]d)[0xffffff91]7Q[0xffffffe5][0xffffffaa][0xffffff95][0xffffffa3]D[0xffffffca]D[0xffffff95][0x16][0xffffffef][0x6]%[0xffffffdc]DU{5[0xffffffec][0xffffffb5]K|[0xffffffa2][0xffffffaa][0x7]LTu[0xffffffb3][0xffffffa3]R[0x18]pl[0xffffffa2][0xffffffaa][0xffffffcb]R[\n]"
08:17:55.169 [TestNG-PoolService-3] DEBUG org.apache.hc.client5.http.wire -- http-outgoing-4 << "I[0xffffff89][0xffffff90][0xffffff89]*[0x1b]H[0xffffff86][0x12][0x1][0x13]U[0x12][0xffffffce]jJ[0x4]OT[0xffffffb9][0xfffffff2]d)[0xffffff91]7Q[0xffffffe5][0xffffffaa][0xffffff95][0xffffffa3]D[0xffffffca]D[0xffffff95][0x16][0xffffffef][0x6]%[0xffffffdc]DU{=[0xffffff93][0xffffffa2][0x4]>Q[0xffffffd5][0x3]&[0xffffffaa][0xffffffba][0xffffffd9]Q)[0xc]86Q[0xffffffd5]e)[0xffffff85][0xffffffa4]D[0xffffffc8]D[0xffffff95][\r]$C[0xffffff89][0xffffff80][0xffffff89]*[0x9]g5%[0xffffff82]'[0xffffffaa]\y[0xffffffb2][0xffffff94][0xffffffc8][0xffffff9b][0xffffffa8]r[0xffffffd5][0xffffffca]Q"e[0xffffffa2]J[0xffffff8b]w[0xffffff83][0x12]n[0xffffffa2][0xffffffaa][0x1d][0x3][0xffffffa3][0x4]>Q[0xffffffd5][0x3]&[0xffffffaa][0xffffffba][0xffffffd9]Q)[0xc]86Q[0xffffffd5]e)[0xffffff85][0xffffffa4]D[0xffffffc8]D[0xffffff95][\r]$C[0xffffff89][0xffffff80][0xffffff89]*[0x9]g5%[0xffffff82]'[0xffffffaa]\y[0xffffffb2][0xffffff94][0xffffffc8][0xffffff9b][0xffffffa8]r[0xffffffd5][0xffffffca]Q"e[0xffffffa2]J[0xffffff8b][0xfffffff7][0xfffffff7])1[0xffffffdc]DU;&5Q5[0xfffffff0][0xffffff89][0xffffffaa][0x11]0Q5[0xffffffcc][0xffffff8e]J][0xffffffc0][0x7]6Q5d)[0x5][0xffffffa4][0xffffff84][0xffffff89]"B[0x9][0x1b]H[0xffffff84][0x12]&[0xffffff96][0xffffffe5][0xffffff94][0xffffff90]p[0x16]SB"[0x1a]D[0x9]W[0xffffff9e](%|[0xffffff97][0xffffffa2][0xffffff94]p[0xffffffd5][0xffffff8a]QB[0xffffff9b][0x16][0xffffffa2][0xffffff84][0x16][0xffffffef][0x6]%[0xffffffdc]DUk[0xffffffd8]S[0xffffff89][0xffffff81]OT[0xffffff8d][0xffffff80][0xffffff89][0xffffffaa]avT[\n]"
08:17:55.169 [TestNG-PoolService-3] DEBUG org.apache.hc.client5.http.wire -- http-outgoing-4 << "[0x3][0xffffff8e]MT[\r]YJ!)[0x11]2Qe[0x3][0xffffffc9]P"`[0xffffffa2]J[0xffffffc2]YM[0xffffff89][0xffffffe0][0xffffff89]*W[0xffffff9e],%[0xfffffff2]&[0xffffffaa]\[0xffffffb5]r[0xffffff94]H[0xffffff99][0xffffffa8][0xffffffd2][0xffffffe2][0xffffffdd][0xffffffa0][0xffffff84][0xffffff9b][0xffffffa8]j[0xfffffffd][0xffffffa4]v%[0x6]>Q5[0x2]&[0xffffffaa][0xffffff86][0xffffffd9]Q)[0xc]86Q5d)[0xffffff85][0xffffffa4]D[0xffffffc8]D[0xffffff95][\r]$C[0xffffff89][0xffffff80][0xffffff89]*[0x9]g5%[0xffffff82]'[0xffffffaa]\y[0xffffffb2][0xffffff94][0xffffffc8][0xffffff9b][0xffffffa8]r[0xffffffd5][0xffffffca]Q"e[0xffffffa2]J[0xffffff8b]w[0xffffff83][0x12][0xffffffdd]Q[0xffffffe2][0xffffffbe][0x1e][0xffffff8a][0x12][0x1d][0xffffffa7]D[0xf][0xffffffa0]D[0xffffffd7][0xffffffbc][0x17][0x6][0xffffffbc]c[0xffffff94][0xffffffe8]I[0xffffff94][0xffffffd0](2[0xffffff94]p[0xffffff81]d([0xffffffa1][0xffffffb1][0xffffffac][0xffffffa7][0xffffffc4][0x1a][0xffffffce]jJ[0xffffffac][0x11]M[0xffffffa2][0xffffff84])O[0xffffff96][0x12][0xffffffb6]KYJ[0xffffff98]j[0xffffffe5](!MKQB[0xffffff8a]w[0xffffff8b][0x12]-[0xffffff8c][0x12][\r][0xffffffa7]D[0xb][0xffffffa0]DC)[0xffffffd1]0J[0xffffffb4]$J[0xffffffac]Q[0xffffffa4]([0xffffffa1][0xffffff81][0xffffffa4]([0xffffffb1][0xffffffc6][0xffffff92][0xffffffa0]D[0xffffff83])[0xffffffd1][0xffffff82])![0xffffffe5]IS[0xffffffc2]t)M[0x9][0xffffffa9]V[0xffffff92][0x12]-[0xffffff85][0x12][0xffffffed]/P[0xffffffe2][\n]"
08:17:55.169 [TestNG-PoolService-3] DEBUG org.apache.hc.client5.http.wire -- http-outgoing-4 << "[0xffffffa3][0xffffffc4][0xffffff85]S[0xffffffe2][\n]"
08:17:55.169 [TestNG-PoolService-3] DEBUG org.apache.hc.client5.http.wire -- http-outgoing-4 << "[0xffffffa0][0xffffffc4][0xffffff85]R[0xffffffe2][0xffffffc2](q%Qb[0xffffff8d]"E[0x9][\r]$E[0xffffff89]5[0xffffff96][0x4]%.[0xffffff98][0x12]W0%[0xffffffa4]<iJ[0xffffff98].[0xffffffa5])![0xffffffd5]JR[0xffffffe2]J[0xffffffa1][0xffffffc4][0xfffffff5][0x17](q[0xffffffa4]Y[0xffffffe2][0xffffffe0]1q$h[0xffffffe2]`9qp[0xffffff9e]8[0xffffffa2]@!y[0xffffffa4]DaRI[0xffffff91]B[0xffffffb2]I[0xffffff98][0xffffffe2][0xffffffa0]Qq$[0xffffffab]Bk[0xffffff94]f[0xffffff85]kU[0xffffffda][0x15]Z[0xffffffb2]$,[0xffffffd6][0xffffffce][0xffffffe5]d[0xffffffb1]V[0xfffffff0][0x16]-[0xffffffda][0x1d]F[0xffffff8b]v[0xffffffe3][0xffffffb4][0xfffffff8][0xffffffb8][0x5][0xffffff9e][0x16]?n[0xffffff82][0xffffffa2][0xffffffc5][0xffffffc7][0xffffffe5])Z|_:[0xffffff85][0x16][0xffffff92]G[0xffffff8a][0x16]&[0xffffff95][0x14]-$[0xffffff9b][0x4]-[0xffffff96][0xffffff84][0xffffffd6][0xffffffd3]b[0xffffffc9]i[0x16]-[0xffffffb4]FiZ[0xffffffb8]V[0xffffffa5]i[0xffffffa1]%K[0xffffffd2]b[0xffffffed]\[0xffffff8e][0x16]k[0x5]o[0xffffffd1][0xffffffa2][0xffffff9f]a[0xffffffb4][0xffffffe8]'N[0xffffff8b][0xffffff8f][[0xffffffe0]i[0xfffffff1][0xffffffe3]&(Z|\[0xffffff9e][0xffffffa2][0xffffffc5][0xfffffff7][0xffffffa5]Sh!y[0xffffffa4]haRI[0xffffffd1]B[0xffffffb2]I[0xffffffd0]bIh=-[0xffffff96][0xffffff9c]f[0xffffffd1]Bk[0xffffff94][0xffffffa6][0xffffff85]kU[0xffffff9a][0x16]Z[0xffffffb2]$-[0xffffffd6][0xffffffce][0xffffffe5]h[0xffffffb1]V[0xfffffff0][0x16]-[0xffffffbe]>[0x14]M[0xffffffa2][0xffffffc5][0xffffffd9]qZ|[0xffffffdc][0x2]O[0xffffff8b][0x1f]7A[0xffffffd1][0xffffffe2][0xffffffe3][0xfffffff2][0x14]-[0xffffffbe]/[0xffffff9d]B[0xb][0xffffffc9]#E[0xb][0xffffff93]J[0xffffff8a][0x16][0xffffff92]M[0xffffff82][0x16]KB[0xffffffeb]i[0xffffffb1][0xffffffe4]4[0xffffff8b][0x16]Z[0xffffffa3]4-\[0xffffffab][0xffffffd2][0xffffffb4][0xffffffd0][0xffffff92]%i[0xffffffb1]v.G[0xffffff8b][0xffffffb5][0xffffff82][0xffffffb7]h1[0xffffff9f]0Z[0xffffffcc][0x7][0xffffffa7][0xffffffc5][0xffffffc7]-[0xfffffff0][0xffffffb4][0xfffffff8]q[0x13][0x14]->.O[0xffffffd1][0xffffffe2][0xfffffffb][0xffffffd2])[0xffffffb4][0xffffff90]<R[0xffffffb4]0[0xffffffa9][0xffffffa4]h![0xffffffd9]$h[0xffffffb1]$[0xffffffb4][0xffffff9e][0x16]KN[0xffffffb3]h[0xffffffa1]5J[0xffffffd3][0xffffffc2][0xffffffb5]*M[0xb]-Y[0xffffff92][0x16]k[0xffffffe7]r[0xffffffb4]X+x[0xffffff8b][0x16]G[0xffffff8b]{[0xffffff8f][0xffffffb3][0x5][0xffffffbc][0xffffffc8][0xffffffd9]"[0xffffffde][0xffffffe4]l[0xfffffff0][0xffffffab][0xffffff9c][\r]|[0xffffff97][0xffffffb3]e[0xffffffbd][0xffffffcc])[0xffffffa1][0xffffffa4][0xffffff84][0xffffffe1][0xffffffa2]I[0x11]C[0x3]J[0x18]c[0xffffff8d]i=2[0xffffffd6][0xffffffb0]f)[0xffffffc3][0x14]*[0xffffffcd][0xc][0xffffffdb][0xffffffaf][0xffffffb4]3L[0xffffffdd][0xffffff92][0xffffffd0][0xffffff90][0xfffffff6][0xffffffe5][0xffffffa4]!e[0xffffffbc]I[0xffffff8d][0xffffffb4][0xfffffff7]:[0xffffff8f][0xffffff80][0x17];[0xffffff8f][0xffffff88]7;[0xf]}[0xffffffeb][0xffffffa8]8[0xffffffec][0xffffffdc][0xffffffbb][0xffffff9d]G[0xffffffd6][0xffffffcb][0xffffff9d][0x1a]J[0xffffff8e][0x1a]9[0xffffffaf]wj@[0x19]j[0xffffffd0]/x[0xffffffae]a"
08:17:55.170 [TestNG-PoolService-1] DEBUG org.apache.hc.client5.http.wire -- http-outgoing-3 << ")[0xffffffb1]F4[0xffffff89][0x12][0xffffffa6]<YJ[0xffffffd8].e)a[0xffffffaa][0xffffff95][0xffffffa3][0xffffff84]4-E[0x9])[0xffffffde]?[0xffffffa7][0xffffffc4]a&[0xffffffaa]>(1[0xffffffa9][0xffffffb5][0xffffffcb][0x3][0xffffff9f][0xffffffa8]:[0x2]&[0xffffffaa][0xe][0xffffffb3][0xffffffa3]R[0x17][0xfffffff0][0x3][0xffffff9b][0xffffffa8]:d)[0x5][0xffffffa4][0xffffff84][0xffffff89]"B[0x9][0x1b]H[0xffffff84][0x12]&[0xffffff96][0xffffffe5][0xffffff94][0xffffff90]p[0x16]SB"[0x1a]D[0x9]W[0xffffff9e](%|[0xffffff97][0xffffffa2][0xffffff94]p[0xffffffd5][0xffffff8a]QB[0xffffff9b][0x16][0xffffffa2][0xffffff84][0x16][0xffffffef][0x6]%[0xffffffba][0xffffffa1]D{5[0xffffff8c][0x12][0x1d][0xffffffa7]D[0xf][0xffffffa0]D[0xffffffd7][0xffffffbc][0x17][0x6][0xffffffbc]c[0xffffff94][0xffffffe8]I[0xffffff94][0xffffffd0](2[0xffffff94]p[0xffffff81]d([0xffffffa1][0xffffffb1][0xffffffac][0xffffffa7][0xffffffc4][0x1a][0xffffffce]jJ[0xffffffac][0x11]M[0xffffffa2][0xffffff84])O[0xffffff96][0x12][0xffffffb6]KYJ[0xffffff98]j[0xffffffe5](!MKQB[0xffffff8a]w[0xffffff83][0x12]fW[0xffffffe2][0xffffffff][0xffffff99][0xffffffbb][0xffffffd3]\[0xffffffc9]qt[0x7][0xffffffc3];[0xffffffba][0x8]K[0xfffffff2][0xffffffa0][0xfffffffd]o[0xffffffec][0xffffff9e]![0xffffffab]2[d[0x14][0xffffff90][0xffffffca][0xffffffc4][0xfffffff7][0xffffffb2][0x7][0xfffffff4][0xffffff8f][0x6][0xffffff8e][0xffffff8d][0x2]A<p[0xffffffd8][0xffffffd4]s[0x1c]_[0xffffffb7][0xffffff89]P[0x2][0xffffffdf][0xffffff95][0xffffffe8][0x1][0xffffffbb][0x12][0xffffffdd]|[0xfffffffc]\[0x18]plW[0xffffffa2][0xffffffcb][0xffffffe7][0xffffffcd]$%Bv%l [0x19]J[0x4][0xffffffec]JH8[0xffffffab])[0x11][0xffffffbc]+[0xffffffe1][0xffffffca][0xffffff93][0xffffffa5]D[0xffffffde][0xffffffae][0xffffff84][0xffffffab]V[0xffffff8e][0x12])[0xffffffbb][0x12]Z[0xffffffbc][0x1b][0xffffff94]0[0xffffffbb][0x12][0xffffffcf]q^[0xffffffd4][0xffffffbb][0x12][0x1d][0xffffffdf][0xffffff95][0xffffffe8][0x1][0xffffffbb][0x12][0xffffffdd]|[0xfffffffc]\[0x18]plW[0xffffffa2][0xffffffcb][0xffffffe7][0xffffffcd]$%Bv%l [0x19]J[0x4][0xffffffec]JH8[0xffffffab])[0x11][0xffffffbc]+[0xffffffe1][0xffffffca][0xffffff93][0xffffffa5]D[0xffffffde][0xffffffae][0xffffff84][0xffffffab]V[0xffffff8e][0x12])[0xffffffbb][0x12]Z[0xffffffbc][[0xffffff94][0xffffffe8]a[0xffffff94][0xffffffe8]8%z[0x0]%:J[0xffffff89][0xffffff8e]Q[0xffffffa2]'Qb[0xffffff8d]"E[0x9][\r]$E[0xffffff89]5[0xffffff96][0x4]%:L[0xffffff89][0x1e]L[0x9])O[0xffffff9a][0x12][0xffffffa6]KiJH[0xffffffb5][0xffffff92][0xffffff94][0xffffffe8])[0xffffff94][0xffffffe8][0x7f][0xffffff81][0x12]W[0x18]%.[0xffffff9c][0x12]W[0x0]%.[0xffffff94][0x12][0x17]F[0xffffff89]+[0xffffff89][0x12]k[0x14])Jh )J[0xffffffac][0xffffffb1]$(q[0xffffffc1][0xffffff94][0xffffffb8][0xffffff82])![0xffffffe5]IS[0xffffffc2]t)M[0x9][0xffffffa9]V[0xffffff92][0x12]W[\n]"
08:17:55.170 [TestNG-PoolService-1] DEBUG org.apache.hc.client5.http.wire -- http-outgoing-3 << "%[0xffffffae][0xffffffbf]@[0xffffff89][0xffffffe3][0xc][0xffffffb3][0xffffffc4]q[0xffffffe2][0xffffff98][0xfffffff8][0xffffffb8][0x5]^[0x13]?n[0xffffff82][0xffffffe2][0xffffffc4][0xffffffc7][0xffffffe5])O|_:[0x5][0x14][0xffffff92]GJ[0x14]&[0xffffff95][0x14])$[0xffffff9b][0xffffff84])[0xffffff96][0xffffff84][0xffffffd6][0xffffffa3]b[0xffffffc9]i[0xffffff96]*[0xffffffb4]FiV[0xffffffb8]V[0xffffffa5]][0xffffffa1]%K[0xffffffc2]b[0xffffffed]\N[0x16]k[0x5]o[0xffffffd1][0xffffffe2][0xffffffeb][0xffffff9f]N[0x12]-:|V[0xffffffe8][0xfffffff7]-[0xfffffff0][0xffffffb4][0xffffffe8][0xffffffe0]i[0xffffffa1][0xffffffdf][0xffffff97][0xffffffa7]h[0xffffffd1]s[0xffffffce][0xb]uy[0xffffffa4]haRI[0xffffffd1]B[0xffffffb2]I[0xffffffd0][0xffffffa2][0xffffffa3]g[0xffffff86]jN[0xffffffb3]h[0xffffffa1]5J[0xffffffd3][0xffffffc2][0xffffffb5]*M[0xb]-Y[0xffffff92][0x16]k[0xffffffe7]r[0xffffffb4]X+x[0xffffff8b][0x16]#[0xffffffed][0x17][0xffffff90][0xffffffc1][0xffffffff][0x4]2[0x12]~[0x3][0x19][0xffffffec][0xffffff8f] [0xffffff83][0xfffffffb][0x15]dD[0xfffffffd][0xc]"y[0xffffffa4]haRI[0xffffffd1]B[0xffffffb2]I[0xffffffd0]b[0xffffffd0]?[0xffffff85][0xffffff8c][0xffffffe4][0xffffffdf]B[0xffffffb4]FiZ[0xffffffb8]V[0xffffffa5]i[0xffffffa1]%K[0xffffffd2]b[0xffffffed]\[0xffffff8e][0x16]k[0x5]o[0xffffffd1][0xffffffe2][0xffffffbc][0xffffffc3]hq[0xffffffde]8->n[0xffffff81][0xffffffa7][0xffffffc5][0xffffff8f][0xffffff9b][0xffffffa0]h[0xfffffff1]qy[0xffffff8a][0x16][0xffffffdf][0xffffff97]N[0xffffffa1][0xffffff85][0xffffffe4][0xffffff91][0xffffffa2][0xffffff85]I%E[0xb][0xffffffc9]&A[0xffffff8b]%[0xffffffa1][0xfffffff5][0xffffffb4]Xr[0xffffff9a]E[0xb][0xffffffad]Q[0xffffff9a][0x16][0xffffffae]UiZh[0xffffffc9][0xffffff92][0xffffffb4]X;[0xffffff97][0xffffffa3][0xffffffc5]Z[0xffffffc1][[0xffffffb4]x[0xffffffd2]>[0x1]y[0xfffffff8]o@[0xffffff9e][0xffffff84][0xffffff8f]@[0x1e][0xfffffff6]+[0xffffff90][0xffffff87][0xfffffffb][0xc][0xffffffe4][0xffffff89][0xfffffffa][0xe]D[0xfffffff2]H[0xffffffd1][0xffffffc2][0xffffffa4][0xffffff92][0xffffffa2][0xffffff85]d[0xffffff93][0xffffffa0][0xffffffc5]C[0x7f][0xb][0xfffffff2]$[0x7f][0xc][0xffffffa2]5J[0xffffffd3][0xffffffc2][0xffffffb5]*M[0xb]-Y[0xffffff92][0x16]k[0xffffffe7]r[0xffffffb4]X+x[0xffffff8b][0x16][0xffffffc7][0xffffff91][0xffffffb6]T[0xfffffff1]qG8.>[0xffffffef][0xffffff81][0xffffffd7][0xffffffc5]?wA[0xfffffff1][0xffffffe2][0xfffffff3][0xfffffffa][0xffffff94]/~\;[0x5][0x18][0x1a]JJ[0x18].[0xffffff9a][0x14]14[0xffffffa0][0xffffff84]1[0xffffffd6][0xffffff98][0xffffffd6]#c[\r]k[0xffffff96]2L[0xffffffa1][0xffffffd2][0xffffffcc][0xffffffb0][0xfffffffd]J;[0xffffffc3][0xffffffd4]-[0x9][\r]i_N[0x1a]R[0xffffffc6][0xffffff9b][0xffffffd4]8[0xffffffe2][0xffffffa8]q[0x4]P[0xffffffe3][0xffffff88][0xffffffa0][0xffffffc6][0x1]S[0xffffffe3][0x0][0xffffffa9]qdQc[\r]%G[\r][0xffffff8d]&G[0xffffff8d]5[0xffffffa0][0xc]5[0xe][0xffffff9c][0x1a]G45[0xffffffa4]Pyj[0xffffff98]~[0xffffffe5][0xffffffa9]!u[0xffffffcb]R[0xffffffe3][0xffffffc8][0xffffffa1][0xffffffc6][0xfffffff1]7[0xffffffa8]q[0xffffffce]4j[0xffffff9c][0xffffff93][0xffffffa7][0xffffffc6][0xffffffc7]=[0x4]P[0xffffffe3][0xffffffc7]]`[0xffffffd4][0xfffffff8][0xffffffb8]>F[0xffffff8d][0xffffffef]k[0xffffffc7]PCB[0xffffff89]Q[0xffffffc3]D[0x13][0xffffffa3][0xffffff86][0x4][0x14][0xffffffa1][0xffffffc6][0x12]S[0xffffff80][0x1a]KX[0xffffffc3][0xffffffa8][0xffffffa1][0xffffff85][0xffffff8a]S[0xffffffc3][0xfffffff5]+N[\r][0xffffffad][[0xffffff94][0x1a]k[0xfffffffb][0xffffff82][0xffffffd4]X[0xffffffcb][0xfffffff8]w[0xffffffa8][0xffffffd1][0xffffffbf][0xffffffff][0xffffffca]i[0xffffff86][0xffffffbe][0xffffffdb][0xfffffff1]:[0xffffffcb][0xffffffa1][0xfffffff1][0xfffffff3]~(f[0xfffffffc]r[0x7][0x18]2[0xffffff96]{(&[0xffffffc6]/W/[0x6][0xffffffc6][0xffffffff]^[0x19][0xffffffe6][0xffffffc5][0xffffffdb]([0x16][0xffffffe3][0xffffffe2]?[0x2]YL[0xffffff8b][0xffffffb7][0xffffffb1],[0xffffff84][0xffffffc5][0xffffff9b]p[0xffffff96][0xffffffb1][0xffffffe2]MD#P[0xfffffff1][0xffffffbe]<!R[0xfffffffc]W[0xffffff97]B[0xffffffa0]x_[0xffffffad][0x0]'[0xffffffde]5m9&[0xffffffde][0x15][0xffffffef][0x16]%[0xfffffff4]-O[0xffffff96][0x12][0xffffffd8]K[0xffffff9e][0xffffffbf][0xffffffdc][0x1]O[0x9][0xffffffe4][0x15][0xffffffcf]_[0xffffffae]NQ"[0xffffffe1][0x5][0xffffffcf][0xffffffb7]Q[0xffffffa4]([0xffffff81][0xffffffbf][0xffffffde][0xfffffff9]6[0xffffff96][0x4]%[0xffffffa0][0xffffff97];[0xffffffdf]D4[0xffffff8b][0x12])[0xffffffaf]v[0xfffffffe]W[0xffffff97][0xffffffd2][0xffffff94]Hx[0xffffffb1][0xfffffff3]][0xffffffd3]r[0xffffff94][0xfffffff8][0xffffff83][0xffffffd7]:[0x7f][0xfffffffc][0xffffff8d][0xffffffcb]=[0xffffff95][0xffffffb8][0xffffffaf][0xffffff87][0xffffffa2][0xffffffc4][0xffffff85]?[0xffffff95][0xffffffb8][0x2][0xffffff9e]J\J[0xffffffe7][0xffffffc2][0xffffff80]_[0xffffffd8]S[0xffffff89]+[0xffffffe9][0xffffffa9][0xffffff84]F[0xffffff91][0xffffffa1][0xffffff84][0xb]$C[0x9][0xffffff8d]e=%[0xffffffd6]pVSb[0xffffff8d]h[0x12]%Ly[0xffffffb2][0xffffff94][0xffffffb0]][0xffffffca]R[0xffffffc2]T+G[0x9]iZ[0xffffff8a][0x12]R[0xffffffbc][0x1b][0xffffff94][0xffffffb8][0x1d]%&[0xfffffff0]&[0xffffffc5][0xffffffcf][0xfffffffb][0xffffff81])q[0x7]P[0xffffffe2][0xffffffd6][0xffffffbc][0x17][0x6][0xfffffffc][0xffffffc6](q'QB[0xffffffa3][0xffffffc8]P[0xffffffc2][0x5][0xffffff92][0xffffffa1][0xffffff84][0xffffffc6][0xffffffb2][0xffffff9e][0x12]k8[0xffffffab])[0xffffffb1]F4[0xffffff89][0x12][0xffffffa6]<YJ[0xffffffd8].e)a[0xffffffaa][0xffffff95][0xffffffa3][0xffffff84]4-E[0x9])[0xffffffde][\r]J<[0xffffff86][0x12][0xffffffbd]?[0xffffff93][0xffffffa2][0xffffffc4][0xffffff83]S[0xffffffe2][0x9][0xffffffa0][0xffffffc4][0xffffffa3]y/[0xc][0xfffffff8][0xffffff83]Q[0xffffffe2]I[0xffffffa2][0xffffff84]F[0xffffff91][0xffffffa1][0xffffff84][0xb]$C[0x9][0xffffff8d]e=%[0xffffffd6]pVSb[0xffffff8d]h[0x12]%Ly[0xffffffb2][0xffffff94][0xffffffb0]][0xffffffca]R[0xffffffc2]T+G[0x9]iZ[0xffffff8a][0x12]R[0xffffffbc][0xffffffbf]O[0xffffff89][0xfffffff1]r[0xffffff94][0xffffff98][0xffffffe3][0x5]Q[0xffffffe2][0xfffffff3]~XJ|[0xffffffdd][0x1]L[0xffffff89][0x7f][0xffffffef][0x1][0xffffffa1][0xffffffc4][0xffffffd7][0xffffffd5][0x11]J[0xfffffffc]s[0xffffffe5][0x8]J[0xffffff98]("[0xffffff94][0xffffffb0][0xffffff81]D(abYN[0x9][0x9]g1%$[0xffffffa2]A[0xffffff94]p[0xffffffe5][0xffffff89]R[0xffffffc2]w)J[0x9]W[0xffffffad][0x18]%[0xffffffb4]i!Jh[0xfffffff1]nP[0xffffffe2]0[0xffffff94][0x18][0xffffffaf]W[0xffffffa7](q[0xffffffe0][0xffffff94]8[0x2](qh[0xffffffde][0xb][0x3]~`[0xffffff94]8[0xffffff92]([0xffffffa1]Qd([0xffffffe1][0x2][0xffffffc9]PBcYO[0xffffff89]5[0xffffff9c][0xffffffd5][0xffffff94]X#[0xffffff9a]D[0x9]S[0xffffff9e],%l[0xffffff97][0xffffffb2][0xffffff94]0[0xffffffd5][0xffffffca]QB[0xffffff9a][0xffffff96][0xffffffa2][0xffffff84][0x14][0xffffffef][0x6]%[0xffffff9a][0xffffffa5][0xffffffc4][0xffffffd9](J4[0xffffff9c][0x12]-[0xffffff80][0x12]M[0xfffffff3]^[0x18][0xfffffff0][0xffffff86]Q[0xffffffa2]%QB[0xffffffa3][0xffffffc8]P[0xffffffc2][0x5][0xffffff92][0xffffffa1][0xffffff84][0xffffffc6][0xffffffb2][0xffffff9e][0x12]k8[0xffffffab])[0xffffffb1]F4[0xffffff89][0x12][0xffffffa6]<YJ[0xffffffd8].e)a[0xffffffaa][0xffffff95][0xffffffa3][0xffffff84]4-E[0x9])[0xffffffde][\r]JtK[0xffffff89][0xffffff9b]zW[0xffffffe2][0xfffffff3]~`J[0xfffffff4][0x0]Jt[0xffffffcd]{a[0xffffffc0];F[0xffffff89][0xffffff9e]D[0x9][0xffffff8d]"C[0x9][0x17]H[0xffffff86][0x12][0x1a][0xffffffcb]zJ[0xffffffac][0xffffffe1][0xffffffac][0xffffffa6][0xffffffc4][0x1a][0xffffffd1]$J[0xffffff98][0xfffffff2]d)a[0xffffffbb][0xffffff94][0xffffffa5][0xffffff84][0xffffffa9]V[0xffffff8e][0x12][0xffffffd2][0xffffffb4][0x14]%[0xffffffa4]x7(1[0x1c]%[0xffffff8e]qS[0xffffff94][0x18]8%F[0x0]%[0xffffff86][0xffffffe6][0xffffffbd]0[0xffffffe0][0x3][0xffffffa3][0xffffffc4]H[0xffffffa2][0xffffff84]F[0xffffff91][0xffffffa1][0xffffff84][0xb]$C[0x9][0xffffff8d]e=%[0xffffffd6]pVSb[0xffffff8d]h[0x12]%Ly[0xffffffb2][0xffffff94][0xffffffb0]][0xffffffca]R[0xffffffc2]T+G[0x9]iZ[0xffffff8a][0x12]R[0xffffffbc][0x1b][0xffffff94]p[0x1f][0xffffff83][0xffffff8e][0xffffffd9][0xffffffb1][0xffffffd7].[0xfffffff1][0xffffff8f]AG[0xffffffc0][0xffffffc7][0xffffffa0][0xffffffc3]|[0xffffffb1]T[0x18]p[0xffffffec]c[0xffffffd0]![0xffffffdf]$[0xffffff91][0xffffff94][0x8][0xfffffff9][0x18][0xffffffd4][0x6][0xffffff92][0xffffffa1]D[0xffffffc0][0xffffffc7][0xffffffa0][0x12][0xffffffce]jJ[0x4][0x7f][0xc][0xffffffea][0xffffffca][0xffffff93][0xffffffa5]D[0xffffffde][0xffffffc7][0xffffffa0][0xffffffae]Z9J[0xffffffa4]|[0xc][0xffffffaa][0xffffffc5][0xffffffbb]E[0xffffff89][0x16]F[0xffffff89][0xffffff86]S[0xffffffa2][0x5]P[0xffffffa2][0xffffffa1][0xffffff94]h[0x18]%Z[0x12]%[0xffffffd6](R[0xffffff94][0xffffffd0]@R[0xffffff94]XcIP[0xffffffa2][0xffffffc1][0xffffff94]h[0xffffffc1][0xffffff94][0xffffff90][0xfffffff2][0xffffffa4])a[0xffffffba][0xffffff94][0xffffffa6][0xffffff84]T+I[0xffffff89][0xffffff96]B[0xffffff89][0xfffffff6][0xffffffc7][0xffffff94]p[0xffffffbb][0x12]g?[0xffffffa8][0xffffffe1][0xffffffec][0xffffff81][0xffffffef]J[0xffffff8c][0xffffff80]][0xffffff89]a>~.[0xc]8[0xffffffb6]+1[0xffffffe4][0xfffffff3]f[0xffffff92][0x12]![0xffffffbb][0x12]6[0xffffff90][0xc]%[0x2]v%$[0xffffff9c][0xffffffd5][0xffffff94][0x8][0xffffffde][0xffffff95]p[0xffffffe5][0xffffffc9]R"oW[0xffffffc2]U+G[0xffffff89][0xffffff94]][0x9]-[0xffffffde][0xffffffdf][0xffffffa7][0xffffffc4][0xffffffe9]v%[0xffffffae]W[0xffffffa3][0xffffffbe][0xffffffe0]8[0xfffffff1]][0xffffff89]3`W[0xffffffe2]4[0x1f]?[0xffffffd7][0x5][0xfffffffc][0xffffffc4]v%N[0xfffffff9][0xffffffbc][0x19][0xffffffa4][0xffffff84][0xffffff89]"B[0x9][0x1b]H[0xffffff84][0x12]&[0xffffff96][0xffffffe5][0xffffff94][0xffffff90]p[0x16]SB"[0x1a]D[0x9]W[0xffffff9e](%|[0xffffff97][0xffffffa2][0xffffff94]p[0xffffffd5][0xffffff8a]QB[0xffffff9b][0x16][0xffffffa2][0xffffff84][0x16][0xffffffef][0x6]%[0xffffffdc][0xffffffae][0xffffffc4][0xffffffd5][0xe][0xffffffea][0xffffffb5][0xffffffcb][0x13][0xffffffdf][0xffffff95]8[0x3]v%N[0xfffffff3][0xfffffff1]sa[0xffffffc0][0xffffffb1]][0xffffff89]S>o&)[0x11][0xffffffb2]+a[0x3][0xffffffc9]P"`WB[0xffffffc2]YM[0xffffff89][0xffffffe0]][0x9]W[0xffffff9e],%[0xfffffff2]v%\[0xffffffb5]r[0xffffff94]H[0xffffffd9][0xffffff95][0xffffffd0][0xffffffe2][0xffffffdd][0xffffffa0][0xffffff84][0xffffffdb][0xffffff95][0xffffffb8][0xffffffae][0x17][0xfffffff6]T[0x2][0xffffffdf][0xffffff95]8[0x3]v%N[0xfffffff3][0xfffffff1]sa[0xffffffc0][0xffffffb1]][0xffffff89]S>o&)[0x11][0xffffffb2]+a[0x3][0xffffffc9]P"`WB[0xffffffc2]YM[0xffffff89][0xffffffe0]][0x9]W[0xffffff9e],%[0xfffffff2]v%\[0xffffffb5]r[0xffffff94]H[0xffffffd9][0xffffff95][0xffffffd0][0xffffffe2][0xffffffdd][0xffffffa0]Dw[0xffffff94][0xffffffb8][0xffffff9f]AQ[0xffffffa2][0xffffffe3][0xffffff94][0xffffffe8][0x1][0xffffff94][0xffffffe8][0xffffff9a][0xfffffff7][0xffffffc2][0xffffff80]w[0xffffff8c][0x12]=[0xffffff89][0x12][0x1a]E[0xffffff86][0x12].[0xffffff90][0xc]%4[0xffffff96][0xfffffff5][0xffffff94]X[0xffffffc3]YM[0xffffff89]5[0xffffffa2]I[0xffffff94]0[0xffffffe5][0xffffffc9]R[0xffffffc2]v)K[0x9]S[0xffffffad][0x1c]%[0xffffffa4]i)JH[0xfffffff1]nP[0xffffffc2][0xffffffed]J[0xffffffdc][0xffffffed]E[0xffffffbd]vy[0xffffffe2][0xffffffbb][0x12]g[0xffffffc0][0xffffffae][0xffffffc4]i>~.[0xc]8[0xffffffb6]+q[0xffffffca][0xffffffe7][0xffffffcd]$%Bv%l [0x19]J[0x4][0xffffffec]JH8[0xffffffab])[0x11][0xffffffbc]+[0xffffffe1][0xffffffca][0xffffff93][0xffffffa5]D[0xffffffde][0xffffffae][0xffffff84][0xffffffab]V[0xffffff8e][0x12])[0xffffffbb][0x12]Z[0xffffffbc][0x1b][0xffffff94]8-%.[0xffffffec][0xffffffa9][0xffffffc4][0xffffff89]S[0xffffffe2][0xc][0xffffffa0][0xffffffc4][0xffffffa9]y/[0xc][0xfffffff8][0xffffff89]Q[0xffffffe2]L[0xffffffa2][0xffffff84]F[0xffffff91][0xffffffa1][0xffffff84][0xb]$C[0x9][0xffffff8d]e=%[0xffffffd6]pVSb[0xffffff8d]h[0x12]%Ly[0xffffffb2][0xffffff94][0xffffffb0]][0xffffffca]R[0xffffffc2]T+G[0x9]iZ[0xffffff8a][0x12]R[0xffffffbc][0x1b][0xffffff94][0xffffffb8][0x1c]%[0xfffffffa][0xffffff8b][0x1a][0xffffffce][0xfffffffe][0xffffffbc][0x1f][0xffffff98][0x12]W[0x0]%.[0xffffffcd]{a[0xffffffc0]/[0xffffff8c][0x12]W[0x12]%4[0xffffff8a][0xc]%\ [0x19]Jh,[0xffffffeb])[0xffffffb1][0xffffff86][0xffffffb3][0xffffff9a][0x12]kD[0xffffff93](a[0xffffffca][0xffffff93][0xffffffa5][0xffffff84][0xffffffed]R[0xffffff96][0x12][0xffffffa6]Z9JH[0xffffffd3]R[0xffffff94][0xffffff90][0xffffffe2][0xffffffdd][0xffffffa0][0xffffff84][[0xffffffbb][0xffffffbc][0xfffffffb][0xffffff89]}[0xffffffc1][0xffffff81][0xffffffaf]][0xffffff9e][0x1]k[0xffffff97][0xffffffa7][0xffffff99]d+[0xc]8[0xffffffb6]vy[0xffffffca][0xffffffe8][0x1a]I[0xffffff89][0xffffff90][0xffffffb5]K[0x1b]H[0xffffff86][0x12][0x1]k[0xffffff97][0x12][0xffffffce]jJ[0x4][0xffffffaf]][0xffffffba][0xfffffff2]d)[0xffffff91][0xffffffb7]v[0xffffffe9][0xffffffaa][0xffffff95][0xffffffa3]D[0xffffffca][0xffffffda][0xffffffa5][0x16][0xffffffef][0x6]%[0xffffffdc]D[0xffffffd5]=[0xffffffb0][0xffffff89][0xffffffaa][0x13][0xffffff9f][0xffffffa8]:[0x3]&[0xffffffaa]N[0xffffffb3][0xffffffa3]R[0x18]pl[0xffffffa2][0xffffffea][0xffffff94][0xffffffa5][0x14][0xffffff92][0x12]![0x13]U6[0xffffff90][0xc]%[0x2]&[0xffffffaa]$[0xffffff9c][0xffffffd5][0xffffff94][0x8][0xffffff9e][0xffffffa8]r[0xffffffe5][0xffffffc9]R"o[0xffffffa2][0xffffffca]U+G[0xffffff89][0xffffff94][0xffffff89]*-[0xffffffde][\r]JLG[0xffffff89][0xffffff93][0xfffffffb][0xffffff82]c[0xffffffe2][0xffffff94][0xffffff98][0x1][0xffffff94][0xffffff98][0xffffff9a][0xfffffff7][0xffffffc2][0xffffff80]O[0xffffff8c][0x12]3[0xffffff89][0x12][0x1a]E[0xffffff86][0x12].[0xffffff90][0xc]%4[0xffffff96][0xfffffff5][0xffffff94]X[0xffffffc3]YM[0xffffff89]5[0xffffffa2]I[0xffffff94]0[0xffffffe5][0xffffffc9]R[0xffffffc2]v)K[0x9]S[0xffffffad][0x1c]%[0xffffffa4]i)JH[0xfffffff1][0xfffffffe]>%.[0xffffffb7]vy[0xffffffcf]y@[0xffffff94][0xffffffb8][0xfffffff0][0xffffffb5][0xffffffcb]+`[0xffffffed][0xfffffff2]2[0xffffff93]lu[0x1][0xffffffbf][0xffffffb0][0xffffffb5][0xffffffcb]KF[0xffffffd7]@J[0xffffff98]("[0xffffff94][0xffffffb0][0xffffff81]D(abYN[0x9][0x9]g1%$[0xffffffa2]A[0xffffff94]p[0xffffffe5][0xffffff89]R[0xffffffc2]w)J[0x9]W[0xffffffad][0x18]%[0xffffffb4]i!Jh[0xfffffff1]nP[0xffffffc2][0xffffffad]]]]><![CDATA[>[0xffffffed][0xffffffa0]&[0xffffffaa].|[0xffffffed][0xfffffff2][\n]"
08:17:55.171 [TestNG-PoolService-1] DEBUG org.apache.hc.client5.http.wire -- http-outgoing-3 << "X[0xffffffbb][0xffffffbc][0xffffffcc]$[a[0xffffffc0][0xffffffb1][0xffffffb5][0xffffffcb]KF[0xffffffd7]HJ[0xffffff84][0xffffffac]][0xffffffda]@2[0xffffff94][0x8]X[0xffffffbb][0xffffff94]pVS"x[0xffffffed][0xffffffd2][0xffffff95]'K[0xffffff89][0xffffffbc][0xffffffb5]KW[0xffffffad][0x1c]%R[0xffffffd6].[0xffffffb5]x7([0xffffffe1][0xffffffd6].[0xffffff9f][0xffffff93]{*[0xffffff81][0xffffffaf]]^[0x1]k[0xffffff97][0xffffff97][0xffffff99]d+[0xc]8[0xffffffb6]vy[0xffffffc9][0xffffffe8][0x1a]I[0xffffff89][0xffffff90][0xffffffb5]K[0x1b]H[0xffffff86][0x12][0x1]k[0xffffff97][0x12][0xffffffce]jJ[0x4][0xffffffaf]][0xffffffba][0xfffffff2]d)[0xffffff91][0xffffffb7]v[0xffffffe9][0xffffffaa][0xffffff95][0xffffffa3]D[0xffffffca][0xffffffda][0xffffffa5][0x16][0xffffffef][0x6]%[0xffffffba][0xffffffa3][0xffffffc4][0xfffffff3]z(Jt[0xffffff9c][0x12]=[0xffffff80][0x12]][0xfffffff3]^[0x18][0xfffffff0][0xffffff8e]Q[0xffffffa2]'QB[0xffffffa3][0xffffffc8]P[0xffffffc2][0x5][0xffffff92][0xffffffa1][0xffffff84][0xffffffc6][0xffffffb2][0xffffff9e][0x12]k8[0xffffffab])[0xffffffb1]F4[0xffffff89][0x12][0xffffffa6]<YJ[0xffffffd8].e)a[0xffffffaa][0xffffff95][0xffffffa3][0xffffff84]4-E[0x9])[0xffffffde][\r]J[0xffffffb8][0xffffffb5][0xffffffcb]y[0xffffffdc][0xffffffd4][0x17][0x1c][0x17][0xffffffbe]vy[0x5][0xffffffac]]^f[0xffffff92][0xffffffad]0[0xffffffe0][0xffffffd8][0xffffffda][0xffffffe5]%[0xffffffa3]k$%B[0xffffffd6].m [0x19]J[0x4][0xffffffac]]J8[0xffffffab])[0x11][0xffffffbc]v[0xffffffe9][0xffffffca][0xffffff93][0xffffffa5]D[0xffffffde][0xffffffda][0xffffffa5][0xffffffab]V[0xffffff8e][0x12])k[0xffffff97]Z[0xffffffbc][0x1b][0xffffff94]pk[0xffffff97][0xffffffb3]?[0xffffffd8]S[0x9]|[0xffffffed][0xfffffff2][\n]"
08:17:55.171 [TestNG-PoolService-1] DEBUG org.apache.hc.client5.http.wire -- http-outgoing-3 << "X[0xffffffbb][0xffffffbc][0xffffffcc]$[a[0xffffffc0][0xffffffb1][0xffffffb5][0xffffffcb]KF[0xffffffd7]HJ[0xffffff84][0xffffffac]][0xffffffda]@2[0xffffff94][0x8]X[0xffffffbb][0xffffff94]pVS"x[0xffffffed][0xffffffd2][0xffffff95]'K[0xffffff89][0xffffffbc][0xffffffb5]KW[0xffffffad][0x1c]%R[0xffffffd6].[0xffffffb5]x7([0xffffffe1][0xffffffd6].[0xffffffe7][0xfffffff5][0x1a][0x14]%[0xfffffff0][0xffffffb5][0xffffffcb]+`[0xffffffed][0xfffffff2]2[0xffffff93]l[0xffffff85][0x1][0xffffffc7][0xffffffd6]./[0x19]]#)[0x11][0xffffffb2]vi[0x3][0xffffffc9]P"`[0xffffffed]R[0xffffffc2]YM[0xffffff89][0xffffffe0][0xffffffb5]KW[0xffffff9e],%[0xfffffff2][0xffffffd6].][0xffffffb5]r[0xffffff94]HY[0xffffffbb][0xffffffd4][0xffffffe2][0xffffffdd][0xffffffa0][0xffffff84][0xffffff9b][0xffffffa8][0xffffff9a][0xffffffcf]C[0xffffffad]]^[0xfffffff8]D[0xffffffd5][0x15]0Qu[0xffffff99][0x1d][0xffffff95][0xffffffc2][0xffffff80]c[0x13]U[0xffffff97],[0xffffffa5][0xffffff90][0xffffff94][0x8][0xffffff99][0xffffffa8][0xffffffb2][0xffffff81]d([0x11]0Q%[0xffffffe1][0xffffffac][0xffffffa6]D[0xfffffff0]D[0xffffff95]+O[0xffffff96][0x12]y[0x13]U[0xffffffae]Z9J[0xffffffa4]LTi[0xfffffff1]nP[0xffffffc2]MT[0xffffffcd]yc[0x1f][0xffffff83][0xffffffe2][0x13]UW[0xffffffc0]D[0xffffffd5]evT[\n]"
08:17:55.171 [TestNG-PoolService-1] DEBUG org.apache.hc.client5.http.wire -- http-outgoing-3 << "[0x3][0xffffff8e]MT][0xffffffb2][0xffffff94]BR"d[0xffffffa2][0xffffffca][0x6][0xffffff92][0xffffffa1]D[0xffffffc0]D[0xffffff95][0xffffff84][0xffffffb3][0xffffff9a][0x12][0xffffffc1][0x13]U[0xffffffae]<YJ[0xffffffe4]MT[0xffffffb9]j[0xffffffe5]([0xffffff91]2Q[0xffffffa5][0xffffffc5][0xfffffffb][0xfffffffb][0xffffff94][0xffffffb8][0xffffffcd]D[0xffffffd5]|[0xffffffbd]:E[0xffffff89][0x1b][0xffffff9f][0xffffffa8][0xffffffba][0x3]&[0xffffffaa]n[0xffffffb3][0xffffffa3]R[0x17][0xfffffff0][0x1b][0xffffff9b][0xffffffa8][0xffffffba]e)[0x5][0xffffffa4][0xffffff84][0xffffff89]"B[0x9][0x1b]H[0xffffff84][0x12]&[0xffffff96][0xffffffe5][0xffffff94][0xffffff90]p[0x16]SB"[0x1a]D[0x9]W[0xffffff9e](%|[0xffffff97][0xffffffa2][0xffffff94]p[0xffffffd5][0xffffff8a]QB[0xffffff9b][0x16][0xffffffa2][0xffffff84][0x16][0xffffffef][0x6]%[0xffffffcc]D[0xffffffd5][0x7]%n[0xffffffea]d[0xffffffd0][0x1b][0xffffff9f][0xffffffa8][0xffffffba][0x3]&[0xffffffaa]n[0xffffffb3][0xffffffa3]R[0x18]pl[0xffffffa2][0xffffffea][0xffffff96][0xffffffa5][0x14][0xffffff92][0x12]![0x13]U6[0xffffff90][0xc]%[0x2]&[0xffffffaa]$[0xffffff9c][0xffffffd5][0xffffff94][0x8][0xffffff9e][0xffffffa8]r[0xffffffe5][0xffffffc9]R"o[0xffffffa2][0xffffffca]U+G[0xffffff89][0xffffff94][0xffffff89]*-[0xffffffde][\r]J[0xffffff98][0xffffff89][0xffffffaa][0xfffffff9]::5Qu[0xffffffe3][0x13]Uw[0xffffffc0]D[0xffffffd5]mvT[\n]"
08:17:55.171 [TestNG-PoolService-1] DEBUG org.apache.hc.client5.http.wire -- http-outgoing-3 << "[0x3][0xffffff8e]MT[0xffffffdd][0xffffffb2][0xffffff94]BR"d[0xffffffa2][0xffffffca][0x6][0xffffff92][0xffffffa1]D[0xffffffc0]D[0xffffff95][0xffffff84][0xffffffb3][0xffffff9a][0x12][0xffffffc1][0x13]U[0xffffffae]<YJ[0xffffffe4]MT[0xffffffb9]j[0xffffffe5]([0xffffff91]2Q[0xffffffa5][0xffffffc5][0xffffffbb]A[0xffffff89][0xffffffee]([0xffffffd1]&[0xfffffff6]T[0xffffffa2][0xffffffe3][0xffffff94][0xffffffe8][0x1][0xffffff94][0xffffffe8][0xffffff9a][0xfffffff7][0xffffffc2][0xffffff80]w[0xffffff8c][0x12]=[0xffffff89][0x12][0x1a]E[0xffffff86][0x12].[0xffffff90][0xc]%4[0xffffff96][0xfffffff5][0xffffff94]X[0xffffffc3]YM[0xffffff89]5[0xffffffa2]I[0xffffff94]0[0xffffffe5][0xffffffc9]R[0xffffffc2]v)K[0x9]S[0xffffffad][0x1c]%[0xffffffa4]i)JH[0xfffffff1]nP[0xffffffc2]LT[0xffffffcd][0xffffffd7]}aO%[0xfffffff0][0xffffff89][0xffffffaa];`[0xffffffa2][0xffffffea]6;*[0xffffff85][0x1][0xffffffc7]&[0xffffffaa]nYJ!)[0x11]2Qe[0x3][0xffffffc9]P"`[0xffffffa2]J[0xffffffc2]YM[0xffffff89][0xffffffe0][0xffffff89]*W[0xffffff9e],%[0xfffffff2]&[0xffffffaa]\[0xffffffb5]r[0xffffff94]H[0xffffff99][0xffffffa8][0xffffffd2][0xffffffe2][0xffffffdd][0xffffffa2]D[0xb][0xffffffa3]D[0xffffffc3])[0xffffffd1][0x2]([0xffffffd1]PJ4[0xffffff8c][0x12]-[0xffffff89][0x12]k[0x14])Jh )J[0xffffffac][0xffffffb1]$([0xffffffd1]`J[0xffffffb4]`JHy[0xffffffd2][0xffffff94]0]JSB[0xffffffaa][0xffffff95][0xffffffa4]DK[0xffffffa1]D[0xfffffffb]cJ[0xffffff98][0xffffffb5][0xffffffcb][0xfffffff9][0xffffffe2]>[0x6][0xffffffbd][0xfffffff1][0xffffffb5][0xffffffcb];`[0xffffffed][0xfffffff2]6[0xffffff93]l[0xffffff85][0x1][0xffffffc7][0xffffffd6].o[0x19]]#)[0x11][0xffffffb2]vi[0x3][0xffffffc9]P"`[0xffffffed]R[0xffffffc2]YM[0xffffff89][0xffffffe0][0xffffffb5]KW[0xffffff9e],%[0xfffffff2][0xffffffd6].][0xffffffb5]r[0xffffff94]HY[0xffffffbb][0xffffffd4][0xffffffe2][0xffffffdd][0xffffffa0][0xffffff84]Y[0xffffffbb][0xffffff9c][0xffffffc7]h[0xffffffd8]S[0x9]|[0xffffffed][0xfffffff2][0xe]X[0xffffffbb][0xffffffbc][0xffffffcd]$[a[0xffffffc0][0xffffffb1][0xffffffb5][0xffffffcb][F[0xffffffd7]HJ[0xffffff84][0xffffffac]][0xffffffda]@2[0xffffff94][0x8]X[0xffffffbb][0xffffff94]pVS"x[0xffffffed][0xffffffd2][0xffffff95]'K[0xffffff89][0xffffffbc][0xffffffb5]KW[0xffffffad][0x1c]%R[0xffffffd6].[0xffffffb5]x[0xffffffb7](1[0xffffffc2](1pJ[0xffffff8c][0x0]J[0xc][0xffffff94][0x12][0x3][0xffffffa3][0xffffffc4]H[0xffffffa2][0xffffffc4][0x1a]E[0xffffff8a][0x12][0x1a]H[0xffffff8a][0x12]k,[0x9]J[0xc][0xffffff98][0x12]#[0xffffff98][0x12]R[0xffffff9e]4%L[0xffffff97][0xffffffd2][0xffffff94][0xffffff90]j%)1R(1[0xfffffffe][0xffffff98][0x12][0xffffffb7]{*q[0xfffffff5]AQ[0xffffffe2][0xffffffc6][0xffffff9f]J[0xffffffdc][0x1]O%n[0xffffffa5]sa[0xffffffc0]o[0xffffffec][0xffffffa9][0xffffffc4][0xffffff9d][0xfffffff4]TB[0xffffffa3][0xffffffc8]P[0xffffffc2][0x5][0xffffff92][0xffffffa1][0xffffff84][0xffffffc6][0xffffffb2][0xffffff9e][0x12]k8[0xffffffab])[0xffffffb1]F4[0xffffff89][0x12][0xffffffa6]<YJ[0xffffffd8].e)a[0xffffffaa][0xffffff95][0xffffffa3][0xffffff84]4-E[0x9])[0xffffffde][\r]J[0xffffff98]38f{u[0xffffffea][0xffffff90][0xfffffff1][0x1b]?[0xffffff83][0xffffffe3][0xe]8[0xffffff83][0xffffffe3]6C[0xfffffff1][0xffffff85][0x1][0xffffffc7][0xffffffce][0xffffffe0][0xffffffb8]e[\n]"
08:17:55.171 [TestNG-PoolService-1] DEBUG org.apache.hc.client5.http.wire -- http-outgoing-3 << "[0xffffff9e][0xffffffa4]D[0xffffffc8][0x19][0x1c]6[0xffffff90][0xc]%[0x2][0xffffffce][0xffffffe0][0xffffff90]pVS"[0xfffffff8][0xc][0xe]W[0xffffff9e],%[0xfffffff2][0xffffffce][0xffffffe0]p[0xffffffd5][0xffffffca]Q"[0xffffffe5][0xc][0xe]-[0xffffffde][\r]J[0xffffff98]38f[0xfffffffb][0xfffffff8]/E[0x9][0xfffffffc][0xc][0xffffff8e];[0xffffffe0][0xc][0xffffff8e][0xffffffdb][0xc][0xffffffc5][0x17][0x6][0x1c];[0xffffff83][0xffffffe3][0xffffff96])x[0xffffff92][0x12]!gp[0xffffffd8]@2[0xffffff94][0x8]8[0xffffff83]C[0xffffffc2]YM[0xffffff89][0xffffffe0]38\y[0xffffffb2][0xffffff94][0xffffffc8];[0xffffff83][0xffffffc3]U+G[0xffffff89][0xffffff94]38[0xffffffb4]x[0x7f][0xffffff9f][0x12][0xffffff8f];[0xffffff83][0xffffffa3]][0xffffff93]zW[0xffffffe2][0xffffffc1][0xffffffcf][0xffffffe0]x[0x2][0xffffffce][0xffffffe0]x[0xffffffcc]P|][0xffffffc0][0x1f][0xffffffec][0xc][0xffffff8e]G[0xffffffa6][0xffffffe0]AJ[0xffffff98]("[0xffffff94][0xffffffb0][0xffffff81]D(abYN[0x9][0x9]g1%$[0xffffffa2]A[0xffffff94]p[0xffffffe5][0xffffff89]R[0xffffffc2]w)J[0x9]W[0xffffffad][0x18]%[0xffffffb4]i!Jh[0xfffffff1]nP[0xffffffc2][0xffffff9d][0xffffffc1][0xffffffd1][0xffffff9e][0xffffff87][0xfffffffa][0x18][0xfffffff4][0xffffffc1][0xffffffcf][0xffffffe0]x[0x2][0xffffffce][0xffffffe0]x[0xffffffcc]P|a[0xffffffc0][0xffffffb1]38[0x1e][0xffffff99][0xffffff82]')[0x11]r[0x6][0xffffff87][\r]$C[0xffffff89][0xffffff80]38$[0xffffff9c][0xffffffd5][0xffffff94][0x8]>[0xffffff83][0xffffffc3][0xffffff95]'K[0xffffff89][0xffffffbc]38\[0xffffffb5]r[0xffffff94]H9[0xffffff83]C[0xffffff8b]w[0xffffff83][0x12][0xffffffee][0xc][0xffffff8e][0xffffffde][0xffffffee]AQ[0x2]?[0xffffff83][0xffffffe3][0x9]8[0xffffff83][0xffffffe3]1C[0xfffffff1][0xffffff85][0x1][0xffffffc7][0xffffffce][0xffffffe0]xd[\n]"
08:17:55.171 [TestNG-PoolService-1] DEBUG org.apache.hc.client5.http.wire -- http-outgoing-3 << "[0xffffff9e][0xffffffa4]D[0xffffffc8][0x19][0x1c]6[0xffffff90][0xc]%[0x2][0xffffffce][0xffffffe0][0xffffff90]pVS"[0xfffffff8][0xc][0xe]W[0xffffff9e],%[0xfffffff2][0xffffffce][0xffffffe0]p[0xffffffd5][0xffffffca]Q"[0xffffffe5][0xc][0xe]-[0xffffffde][\r]J[0xffffffb8][0xffffffe1][0xffffffec][0xffffffde][0x1f][0xffffffec][0x7][0xe]|8[0xfffffffb][0x9][0x18][0xffffffce]~[0xffffffcc][0xffffffba]ka[0xffffffc0][0xffffffb1][0xffffffe1][0xffffffec]G[0xfffffff6][IJ[0xffffff84][0xc]g[0xffffffdb]@2[0xffffff94][0x8][0x18][0xffffffce][0xffffff96]pVS"x8[0xffffffdb][0xffffff95]'K[0xffffff89][0xffffffbc][0xffffffe1]lW[0xffffffad][0x1c]%R[0xffffff86][0xffffffb3][0xffffffb5]x7([0xffffffe1][0xffffffd6].[0xfffffffb]8[0x1e][0xffffff8a][0x12][0xfffffff8][0xffffffda][0xffffffe5][0x13][0xffffffb0]v[0xfffffff9][0xffffff98]I[0xffffffb6][0xffffffc2][0xffffff80]ck[0xffffff97][0xffffff8f][0xffffff8c][0xffffffae][0xffffff91][0xffffff94][0x8]Y[0xffffffbb][0xffffffb4][0xffffff81]d([0x11][0xffffffb0]v)[0xffffffe1][0xffffffac][0xffffffa6]D[0xfffffff0][0xffffffda][0xffffffa5]+O[0xffffff96][0x12]yk[0xffffff97][0xffffffae]Z9J[0xffffffa4][0xffffffac]]j[0xfffffff1]nP[0xffffffc2][0xffffffad]][0xfffffff6]qb[0xffffffef]J[0xffffffe0]k[0xffffff97]O[0xffffffc0][0xffffffda][0xffffffe5]c&[0xffffffd9][\n]"
08:17:55.172 [TestNG-PoolService-2] DEBUG org.apache.hc.client5.http.wire -- http-outgoing-5 << "[0xffffffe4][\r]g[0xffffffbb]j[0xffffffe5]([0xffffff91]2[0xffffff9c][0xffffffad][0xffffffc5][0xffffffbb]A[0x9]7[0xffffff9c]}[0x1f][0xffffffdc][0x1f]8[0xfffffff0][0xffffffe1][0xffffffec][0x16]0[0xffffff9c][0xffffffdd][0xffffffcc][0xffffffba]ka[0xffffffc0][0xffffffb1][0xffffffe1][0xffffffec]&[0xfffffffb][0xffffffad]$%B[0xffffff86][0xffffffb3]m [0x19]J[0x4][0xc]gK8[0xffffffab])[0x11]<[0xffffff9c][0xffffffed][0xffffffca][0xffffff93][0xffffffa5]D[0xffffffde]p[0xffffffb6][0xffffffab]V[0xffffff8e][0x12])[0xffffffc3][0xffffffd9]Z[0xffffffbc][0x1b][0xffffff94]p[0xffffffc3][0xffffffd9][0xfffffff7]1[0xffffffa9][0xffffffeb][0xffffffbc][0x1a]>[0xffffff9c][0xffffffdd][0x2][0xffffff86][0xffffffb3][0xffffff9b]Yw-[0xc]86[0xffffff9c][0xffffffdd]d[0xffffffbf][0xffffff95][0xffffffa4]D[0xffffffc8]p[0xffffffb6][\r]$C[0xffffff89][0xffffff80][0xffffffe1]l[0x9]g5%[0xffffff82][0xffffff87][0xffffffb3]]y[0xffffffb2][0xffffff94][0xffffffc8][0x1b][0xffffffce]v[0xffffffd5][0xffffffca]Q"e8[[0xffffff8b]w[0xffffff83][0x12]n8[0xfffffffb]>O[0xffffffea]:[0xffffffaf][0xffffff86][0xf]g[0xffffffb7][0xffffff80][0xffffffe1][0xffffffec]f[0xffffffd6]][0xb][0x3][0xffffff8e][\r]g7[0xffffffd9]o%)[0x11]2[0xffffff9c]m[0x3][0xffffffc9]P"`8[[0xffffffc2]YM[0xffffff89][0xffffffe0][0xffffffe1]lW[0xffffff9e],%[0xfffffff2][0xffffff86][0xffffffb3]][0xffffffb5]r[0xffffff94]H[0x19][0xffffffce][0xffffffd6][0xffffffe2][0xfffffffd]sJt7Q[0xfffffff5][0xffffffbc][0x1e]j[0xffffffa2][0xffffffaa][0xffffffe3][0x13]U=`[0xffffffa2][0xffffffaa][0xffffff9b][0x1d][0xffffff95][0xffffffba][0xffffff80]wl[0xffffffa2][0xffffffaa][0xffffffcb]R[\n]"
08:17:55.172 [TestNG-PoolService-2] DEBUG org.apache.hc.client5.http.wire -- http-outgoing-5 << "H[0x9][0x13]E[0xffffff84][0x12]6[0xffffff90][0x8]%L,[0xffffffcb])![0xffffffe1],[0xffffffa6][0xffffff84]D4[0xffffff88][0x12][0xffffffae]<QJ[0xfffffff8].E)[0xffffffe1][0xffffffaa][0x15][0xffffffa3][0xffffff84]6-D[0x9]-[0xffffffde][\r]J[0xffffffb8][0xffffff89][0xffffffaa][0xffffffa7][0xffffffcf]IQ[0x2][0xffffff9f][0xffffffa8][0xffffffea][0x1][0x13]U[0xffffffdd][0xffffffec][0xffffffa8][0x14][0x6][0x1c][0xffffff9b][0xffffffa8][0xffffffea][0xffffffb2][0xffffff94]BR"d[0xffffffa2][0xffffffca][0x6][0xffffff92][0xffffffa1]D[0xffffffc0]D[0xffffff95][0xffffff84][0xffffffb3][0xffffff9a][0x12][0xffffffc1][0x13]U[0xffffffae]<YJ[0xffffffe4]MT[0xffffffb9]j[0xffffffe5]([0xffffff91]2Q[0xffffffa5][0xffffffc5][0xffffffbb]E[0x9][0xffffff9d][0xffffffa8]b)[0x1]OT[0xfffffff5][0xffffff80][0xffffff89][0xffffffaa]nvTJ[0x3][0xe]MTuYJa)[0x11]1Qe[0x3]IQ[0x2][0xffffff9f][0xffffffa8][0xffffff92]p[0xffffffd6]S"v[0xffffffa2][0xffffffca][0xffffff95]'M[0xffffff89][0xffffffb4][0xffffff89]*W[0xffffffad]$%2&[0xffffffaa][0xffffffb4]x7([0xffffffe1]v%[0xffffff9e][0xffffff89][0x1d][0x6][0xffffffed][0xfffffff8][0xffffffae]D[0xf][0xffffffd8][0xffffff95][0xffffffe8][0xffffffe6][0xfffffff0]sa[0xffffffc0][0xffffffb1]][0xffffff89].[0xffffffc7][0xffffff9b]IJ[0xffffff84][0xffffffec]J[0xffffffd8]@2[0xffffff94][0x8][0xffffffd8][0xffffff95][0xffffff90]pVS"xW[0xffffffc2][0xffffff95]'K[0xffffff89][0xffffffbc]][0x9]W[0xffffffad][0x1c]%Rv%[0xffffffb4]x7([0xffffffe1]v%[0xffffffe6][0xffffffd9][0xffffffb1][0xffffffb7][0x12][0xfffffff8][0xffffffae]D[0xf][0xffffffd8][0xffffff95][0xffffffe8][0xffffffe6][0xfffffff0]sa[0xffffffc0][0xffffffb1]][0xffffff89].[0xffffffc7][0xffffff9b]IJ[0xffffff84][0xffffffec]J[0xffffffd8]@2[0xffffff94][0x8][0xffffffd8][0xffffff95][0xffffff90]pVS"xW[0xffffffc2][0xffffff95]'K[0xffffff89][0xffffffbc]][0x9]W[0xffffffad][0x1c]%Rv%[0xffffffb4]x7(a[0xe][0xffffff83]>[0xffffffaf][0xffffffd6]n[0xffffff8a][0x12][0xfffffff8]a[0xffffffd0][0x1e]p[0x18][0xffffffb4][0xffffff9b][0x13]K[0xffffff85][0x1][0xffffffc7][0xe][0xffffff83]v9[0xffffff93]DR"[0xffffffe4]0[0xffffffa8][\r]$C[0xffffff89][0xffffff80][0xffffffc3][0xffffffa0][0x12][0xffffffce]jJ[0x4][0x1f][0x6]u[0xffffffe5][0xffffffc9]R"[0xffffffef]0[0xffffffa8][0xffffffab]V[0xffffff8e][0x12])[0xffffff87]A[0xffffffb5]x7(a[0xe][0xffffff83]>[0xffffffaf][0xffffffe3][0xffffffea][0x14]%[0xfffffff0][0xffffffc3][0xffffffa0]=[0xffffffe0]0h7'[0xffffff96][\n]"
08:17:55.172 [TestNG-PoolService-1] DEBUG org.apache.hc.client5.http.wire -- http-outgoing-3 << "[0x3][0xffffff8e][0xffffffad]]]]><![CDATA[>2[0xffffffba]FR"d[0xffffffed][0xffffffd2][0x6][0xffffff92][0xffffffa1]D[0xffffffc0][0xffffffda][0xffffffa5][0xffffff84][0xffffffb3][0xffffff9a][0x12][0xffffffc1]k[0xffffff97][0xffffffae]<YJ[0xffffffe4][0xffffffad]][0xffffffba]j[0xffffffe5]([0xffffff91][0xffffffb2]v[0xffffffa9][0xffffffc5][0xffffffbb]A[0x9]7Q[0xffffffd5][0xffffffaf][0x17][0xfffffff6][0x3][0x7]>Q[0xfffffff5][0x4]LT=fG[0xffffffa5]0[0xffffffe0][0xffffffd8]D[0xffffffd5]#K)$%B&[0xffffffaa]l [0x19]J[0x4]LTI8[0xffffffab])[0x11]<Q[0xffffffe5][0xffffffca][0xffffff93][0xffffffa5]D[0xffffffde]D[0xffffff95][0xffffffab]V[0xffffff8e][0x12])[0x13]UZ[0xffffffbc][[0xffffff94][0x18]a[0xffffff94][0xffffff80][0xffffff87][0xffffffb3][0xffffffbf][0xffffffee][0xffffff80][0xffffffa7][0x4]8[0xffffff9c][0xfffffffd]uu[0xffffff8a][0x12]9[0xffffffc3][0xffffffd9]&[0xffffff8a][0x14]%B[0xffffff86][0xffffffb3]M,[0x9]J[0xffffffa0][0xffffffc3][0xffffffd9][0x12][0xffffffd1],Jd[\r]g[0xfffffffb].[0xffffffa5])[0xffffff91]3[0xffffff9c][0xffffffad]M[0xffffffcb]Q[0xffffffe2][0xffffff8f][0xffffff87][0xffffffb3][0x1f][0xffffffb7]v9[0xffffffce]~S[0xffffff94][0xffffffc0][0xffffffd7].[0xffffff9f][0xffffff80][0xffffffb5][0xffffffcb][0xffffffc7]L[0xffffffb2][0x15][0x6][0x1c][[0xffffffbb]|dt[0xffffff8d][0xffffffa4]D[0xffffffc8][0xffffffda][0xffffffa5][\r]$C[0xffffff89][0xffffff80][0xffffffb5]K[0x9]g5%[0xffffff82][0xffffffd7].]y[0xffffffb2][0xffffff94][0xffffffc8][[0xffffffbb]t[0xffffffd5][0xffffffca]Q"e[0xffffffed]R[0xffffff8b]w[0xffffff8b][0x12]-[0xffffff8c][0x12][\r][0xffffffa7]D[0xb][0xffffffa0]DC)[0xffffffd1]0J[0xffffffb4]$J[0xffffffac]Q[0xffffffa4]([0xffffffa1][0xffffff81][0xffffffa4]([0xffffffb1][0xffffffc6][0xffffff92][0xffffffa0]D[0xffffff83])[0xffffffd1][0xffffff82])![0xffffffe5]IS[0xffffffc2]t)M[0x9][0xffffffa9]V[0xffffff92][0x12]-[0xffffff85][0x12][0xffffffed]O)1[0xffffffdd]D[0xffffffd5][0xffffffd9]^[0x1d][0xffffffa2][0xffffffc4][0xffffffc4]'[0xffffffaa]f[0xffffffc0]D[0xffffffd5]4;*u[0x1][0xffffff9f][0xffffffd8]D[0xffffffd5][0xffffff94][0xffffffa5][0x14][0xffffff90][0x12]&[0xffffff8a][0x8]%l [0x11]J[0xffffff98]X[0xffffff96]SB[0xffffffc2]YL[0x9][0xffffff89]h[0x10]%\y[0xffffffa2][0xffffff94][0xfffffff0]][0xffffff8a]R[0xffffffc2]U+F[0x9]mZ[0xffffff88][0x12]Z[0xffffffbc][0x1b][0xffffff94][0xffffffe8][0xffffff8e][0x12]w[0x1b][0x14]%:N[0xffffff89][0x1e]@[0xffffff89][0xffffffae]y/[0xc]x[0xffffffc7]([0xffffffd1][0xffffff93]([0xffffffa1]Qd([0xffffffe1][0x2][0xffffffc9]PBcYO[0xffffff89]5[0xffffff9c][0xffffffd5][0xffffff94]X#[0xffffff9a]D[0x9]S[0xffffff9e],%l[0xffffff97][0xffffffb2][0xffffff94]0[0xffffffd5][0xffffffca]QB[0xffffff9a][0xffffff96][0xffffffa2][0xffffff84][0x14][0xffffffef][0x6]%[0xffffffdc][0xffffffae][0xffffffc4][0xffffffd5][0xffffff9e][0xffffff8b][0xffffffa2][0x4][0xffffffbe]+1[0x3]v%[0xffffffa6][0xfffffff9][0xfffffff8][0xffffffb9]0[0xffffffe0][0xffffffd8][0xffffffae][0xffffffc4][0xffffff94][0xffffffcf][0xffffff9b]IJ[0xffffff84][0xffffffec]J[0xffffffd8]@2[0xffffff94][0x8][0xffffffd8][0xffffff95][0xffffff90]pVS"xW[0xffffffc2][0xffffff95]'K[0xffffff89][0xffffffbc]][0x9]W[0xffffffad][0x1c]%Rv%[0xffffffb4]x7([0xffffffe1]v%[0xffffffae]~bO%[0xfffffff0]][0xffffff89][0x19][0xffffffb0]+1[0xffffffcd][0xffffffc7][0xffffffcf][0xffffff85][0x1][0xffffffc7]v%[0xffffffa6]|[0xffffffde]LR"dW[0xffffffc2][0x6][0xffffff92][0xffffffa1]D[0xffffffc0][0xffffffae][0xffffff84][0xffffff84][0xffffffb3][0xffffff9a][0x12][0xffffffc1][0xffffffbb][0x12][0xffffffae]<YJ[0xffffffe4][0xffffffed]J[0xffffffb8]j[0xffffffe5]([0xffffff91][0xffffffb2]+[0xffffffa1][0xffffffc5][0xffffffbb]A[0x9][0xffffffb7]+q[0xffffff8d][0x3][0xffffffa3][0x4][0xffffffbe]+1[0x3]v%[0xffffffa6][0xfffffff9][0xfffffff8][0xffffffb9]0[0xffffffe0][0xffffffd8][0xffffffae][0xffffffc4][0xffffff94][0xffffffcf][0xffffff9b]IJ[0xffffff84][0xffffffec]J[0xffffffd8]@2[0xffffff94][0x8][0xffffffd8][0xffffff95][0xffffff90]pVS"xW[0xffffffc2][0xffffff95]'K[0xffffff89][0xffffffbc]][0x9]W[0xffffffad][0x1c]%Rv%[0xffffffb4]x7([0xffffffe1]>[0x6][0xffffffbd][0xffffffc6]9)J[0xffffffe0][0x1f][0xffffff83][0xffffffce][0xffffff80][0xffffff8f]A[0xffffffa7][0xfffffff9]b[0xffffffa9]0[0xffffffe0][0xffffffd8][0xffffffc7][0xffffffa0]S[0xffffffbe]I")[0x11][0xfffffff2]1[0xffffffa8][\r]$C[0xffffff89][0xffffff80][0xffffff8f]A%[0xffffff9c][0xffffffd5][0xffffff94][0x8][0xfffffffe][0x18][0xffffffd4][0xffffff95]'K[0xffffff89][0xffffffbc][0xffffff8f]A][0xffffffb5]r[0xffffff94]H[0xfffffff9][0x18]T[0xffffff8b]w[0xffffff83][0x12][0xffffffd3]Q[0xffffffe2]<^[0x14]%&N[0xffffff89][0x19]@[0xffffff89][0xffffffa9]y/[0xc][0xfffffff8][0xffffffc4](1[0xffffff93]([0xffffffa1]Qd([0xffffffe1][0x2][0xffffffc9]PBcYO[0xffffff89]5[0xffffff9c][0xffffffd5][0xffffff94]X#[0xffffff9a]D[0x9]S[0xffffff9e],%l[0xffffff97][0xffffffb2][0xffffff94]0[0xffffffd5][0xffffffca]QB[0xffffff9a][0xffffff96][0xffffffa2][0xffffff84][0x14][0xffffffef]oSb[0xffffffbe]^[0xffffff8e][0x12][0x17][0xfffffff5]T[0xffffffe2][0xffffffeb]~PJ|[0xffffffdf][0x1]K[0xffffff89][0xffffff9f][0xfffffff7]@P[0xffffffe2][0xfffffffb][0xffffffea][0x4]%[0xfffffffe][0xffffffbd]r[0x2]%\[0x14][0x9]J[0xfffffff8]@[0x12][0xffffff94]p[0xffffffb1][0xffffffac][0xffffffa6][0xffffff84][0xffffff86][0xffffffb3][0xffffff96][0x12][0x1a][0xffffffd1][0x1c]J[0xffffffd8][0xfffffff2]$)[0xfffffff1][0xffffffa6]KIJ[0xffffffd8]j[0xffffffa5](a[0xffffff9a][0xffffff96][0xffffffa1][0xffffff84])[0xffffffde][\r]J[0xffffffb8]][0xffffff89]k[0xffffffce][0xffffff93][0xffffffa2][0x4][0xffffffbd]+[0xfffffff1]}[0x7]4%[0xffffffc8]][0xffffff89][0xffffffef][0xffffffab]3[0xffffff94][0x8][0xffffffda][0xffffff95]pQd([0xffffff91][0xffffffb2]+[0xffffffe1]bYO[0x9]vWB#[0xffffff9a]D[0xffffff89][0xffffffb0]][0xffffff89]7][0xffffffca]R"hW[0xffffffc2]4-E[0xffffff89]?[0xffffffdf][0xffffff95][0xffffff98][0xffffffaf]f(q[0xffffffb7][0xb]:[0xffffff83][0xffffffe3][0xffffffeb]~`J[0xffffffb4][0x0]J4[0xffffffcd]{a[0xffffffc0][0x1b]F[0xffffff89][0xffffff96]D[0x9][0xffffff8d]"C[0x9][0x17]H[0xffffff86][0x12][0x1a][0xffffffcb]zJ[0xffffffac][0xffffffe1][0xffffffac][0xffffffa6][0xffffffc4][0x1a][0xffffffd1]$J[0xffffff98][0xfffffff2]d)a[0xffffffbb][0xffffff94][0xffffffa5][0xffffff84][0xffffffa9]V[0xffffff8e][0x12][0xffffffd2][0xffffffb4][0x14]%[0xffffffa4]x7([0xffffffd1][0x1d]%[0xfffffffa][0xfffffff9]P[0xffffff94][0xffffffe8]8%z[0x0]%[0xffffffba][0xffffffe6][0xffffffbd]0[0xffffffe0][0x1d][0xffffffa3]DO[0xffffffa2][0xffffff84]F[0xffffff91][0xffffffa1][0xffffff84][0xb]$C[0x9][0xffffff8d]e=%[0xffffffd6]pVSb[0xffffff8d]h[0x12]%Ly[0xffffffb2][0xffffff94][0xffffffb0]][0xffffffca]R[0xffffffc2]T+G[0x9]iZ[0xffffff8a][0x12]R[0xffffffbc][0x1b][0xffffff94][0x18][0xffffff8e][0x12][0xfffffff3]h[0x14]%[0x6]N[0xffffff89][0x11]@[0xffffff89][0xffffffa1]y/[0xc][0xfffffff8][0xffffffc0](1[0xffffff92]([0xffffffa1]Qd([0xffffffe1][0x2][0xffffffc9]PBcYO[0xffffff89]5[0xffffff9c][0xffffffd5][0xffffff94]X#[0xffffff9a]D[0x9]S[0xffffff9e],%l[0xffffff97][0xffffffb2][0xffffff94]0[0xffffffd5][0xffffffca]QB[0xffffff9a][0xffffff96][0xffffffa2][0xffffff84][0x14][0xffffffef][0x6]%[0xffffffdc][0xffffffda][0xffffffe5]sL[0xffffffec][0x7][0xe]z[0xffffffed][0xfffffff2][0xfffffffb][0xe]hJ[0xffffff90]k[0xffffff97][0xffffffdf]Wg([0x11][0xffffffb4]v[0xffffffe9][0xffffffa2][0xffffffc8]P"e[0xffffffed][0xffffffd2][0xffffffc5][0xffffffb2][0xffffff9e][0x12][0xffffffec][0xffffffda][0xffffffa5]F4[0xffffff89][0x12]ak[0xffffff97]o[0xffffffba][0xffffff94][0xffffffa5]D[0xffffffd0][0xffffffda][0xffffffa5]iZ[0xffffff8a][0x12][0x7f][0xffffffbe]v9_n[0xffffffed][0xfffffff2]9[0x7][0xfffffff4]1[0xffffffe8][0xffffffd7][0xfffffffd][0xffffffc0][0xffffff94][0xffffffe0][0xffffffd7].[0x7f][0xffffffde][0x3]C[0x9]j[0xffffffed][0xfffffff2][0xffffffdf]+gP"c[0xffffffed][0xffffffd2][0x7][0xffffff92][0xffffffa1][0x4][0xffffffbf]v[0xffffffa9][0xffffffe1][0xffffffac][0xffffffa6]D[0xffffffee][0xffffffda][0xffffffa5]-O[0xffffff96][0x12]qk[0xffffff97][0xffffffb6]Z9J[0xffffff84][0xffffffac]][0xffffff9a][0xffffffe2][0xffffffdd][0xffffffa0][0xffffff84][[0xffffffbb]|[0xffffffe6][0x1c][0x14]%[0xffffffe8][0xffffffb5][0xffffffcb][0xffffffef];[0xffffffa0])A[0xffffffae]]~_[0xffffff9d][0xffffffa1]D[0xffffffd0][0xffffffda][0xffffffa5][0xffffff8b]"C[0xffffff89][0xffffff94][0xffffffb5]K[0x17][0xffffffcb]zJ[0xffffffb0]k[0xffffff97][0x1a][0xffffffd1]$J[0xffffff84][0xffffffad]][0xffffffbe][0xffffffe9]R[0xffffff96][0x12]Ak[0xffffff97][0xffffffa6]i)J[0xfffffffc][0xfffffff9][0xffffffda][0xffffffe5]|[0xffffffb9][0xffffff89][0xffffffaa][0xffffffd9][0x1f][0xffffffe8][0xffffff90][0xfffffff1][0xffffffaf][0xfffffffb][0xffffff81])[0xffffffc1]OT[0xfffffffd][0xffffffbc][0x7][0xffffff86][0x12][0xffffffd4]D[0xffffffd5][0xffffffbf]W[0xffffffce][0xffffffa0]D[0xffffffc6]D[0xffffff95][0xf]$C[0x9]~[0xffffffa2]J[0xffffffc3]YM[0xffffff89][0xffffffdc][0xffffff89]*[[0xffffff9e],%[0xffffffe2]&[0xffffffaa]l[0xffffffb5]r[0xffffff94][0x8][0xffffff99][0xffffffa8]2[0xffffffc5][0xfffffffb][0xfffffffb][0xffffff94]8[0xffffffdc][0xffffffae][0xffffffc4]<o[0xffffffea][0x7][0xffffff8e][0x3][0xffffffdf][0xffffff95]8[0x2]v%[0xe][0xfffffff3][0xfffffff1]s][0xffffffc0][0xf]lW[0xffffffe2][0xffffff90][0xffffffcf][0xffffff9b]AJ[0xffffff98]("[0xffffff94][0xffffffb0][0xffffff81]D(abYN[0x9][0x9]g1%$[0xffffffa2]A[0xffffff94]p[0xffffffe5][0xffffff89]R[0xffffffc2]w)J[0x9]W[0xffffffad][0x18]%[0xffffffb4]i!Jh[0xfffffff1]nP[0xffffffc2][0xffffffed]J[0xffffffcc][0xffffff8b][0x1a][0xffffffce][0xfffffffe][0xffffffba][0x1f][0xffffff98][0x12][0x1][0xffffffbb][0x12][0xffffff87][0xfffffff9][0xfffffff8][0xffffffb9]0[0xffffffe0][0xffffffd8][0xffffffae][0xffffffc4]![0xffffff9f]7[0xffffff93][0xffffff94][0x8][0xffffffd9][0xffffff95][0xffffffb0][0xffffff81]d([0x11][0xffffffb0]+![0xffffffe1][0xffffffac][0xffffffa6]D[0xfffffff0][0xffffffae][0xffffff84]+O[0xffffff96][0x12]y[0xffffffbb][0x12][0xffffffae]Z9J[0xffffffa4][0xffffffec]Jh[0xfffffff1]nP[0xffffffa2][J`[0xffffffc3][0xffffffd9][0xffffff9f][0xfffffff7][0x3]S[0xffffffa2][0x7]P[0xffffffa2]k[0xffffffde][0xb][0x3][0xffffffde]1J[0xfffffff4]$Jh[0x14][0x19]J[0xffffffb8]@2[0xffffff94][0xffffffd0]X[0xffffffd6]Sb[\r]g5%[0xffffffd6][0xffffff88]&Q[0xffffffc2][0xffffff94]'K[0x9][0xffffffdb][0xffffffa5],%L[0xffffffb5]r[0xffffff94][0xffffff90][0xffffffa6][0xffffffa5](![0xffffffc5][0xffffffbb]A[0x9][0xffffffb7]+1[0xffffffef][0x13]{*[0xffffff81][0xffffffef]J[0x1c][0x1][0xffffffbb][0x12][0xffffff87][0xfffffff9][0xfffffff8][0xffffffb9]0[0xffffffe0][0xffffffd8][0xffffffae][0xffffffc4]![0xffffff9f]7[0xffffff93][0xffffff94][0x8][0xffffffd9][0xffffff95][0xffffffb0][0xffffff81]d([0x11][0xffffffb0]+![0xffffffe1][0xffffffac][0xffffffa6]D[0xfffffff0][0xffffffae][0xffffff84]+O[0xffffff96][0x12]y[0xffffffbb][0x12][0xffffffae]Z9J[0xffffffa4][0xffffffec]Jh[0xfffffff1]nP[0xffffffc2][0xffffffed]J|[0xfffffffe][0xffffffc2]AQ[0x2][0xffffffdf][0xffffff95]8[0x2]v%[0xe][0xfffffff3][0xfffffff1]sa[0xffffffc0][0xffffffb1]][0xffffff89]C>o&)[0x11][0xffffffb2]+a[0x3][0xffffffc9]P"`WB[0xffffffc2]YM[0xffffff89][0xffffffe0]][0x9]W[0xffffff9e],%[0xfffffff2]v%\[0xffffffb5]r[0xffffff94]H[0xffffffd9][0xffffff95][0xffffffd0][0xffffffe2][0xffffffdd][0xffffffa0][0xffffff84][0xffffffee]J[0xffffff8c][0xffffffd7][0xffffffeb]uR_p[0x1c][0xfffffff8][0xffffffae][0xffffffc4][0x11][0xffffffb0]+q[0xffffff98][0xffffff8f][0xffffff9f][0xb][0x3][0xffffff8e][0xffffffed]J[0x1c][0xfffffff2]y3I[0xffffff89][0xffffff90]][0x9][0x1b]H[0xffffff86][0x12][0x1][0xffffffbb][0x12][0x12][0xffffffce]jJ[0x4][0xffffffef]J[0xffffffb8][0xfffffff2]d)[0xffffff91][0xffffffb7]+[0xffffffe1][0xffffffaa][0xffffff95][0xffffffa3]D[0xffffffca][0xffffffae][0xffffff84][0x16][0xffffffef][0x6]%tW[0xffffffe2][0xffffff83][0x12][0x7][0xfffffff7][0xffffffda]%[0xffffffbe]+q[0x4][0xffffffec]J[0x1c][0xffffffe6][0xffffffe3][0xffffffe7][0xffffffc2][0xffffff80]c[0xffffffbb][0x12][0xffffff87]|[0xffffffde]LR"dW[0xffffffc2][0x6][0xffffff92][0xffffffa1]D[0xffffffc0][0xffffffae][0xffffff84][0xffffff84][0xffffffb3][0xffffff9a][0x12][0xffffffc1][0xffffffbb][0x12][0xffffffae]<YJ[0xffffffe4][0xffffffed]J[0xffffffb8]j[0xffffffe5]([0xffffff91][0xffffffb2]+[0xffffffa1][0xffffffc5][0xffffffbb]A[0xffffff89][0xffffffc7]R[0xffffffe2][0xffffffa2][0xffffff8e][0xfffffff3][0xfffffffa][0xffffffbc][0x1f][0xffffff98][0x12]O[0x0]%[0x1e][0xffffffcd]{a[0xffffffc0][0x1f][0xffffff8c][0x12]O[0x12]%4[0xffffff8a][0xc]%\ [0x19]Jh,[0xffffffeb])[0xffffffb1][0xffffff86][0xffffffb3][0xffffff9a][0x12]kD[0xffffff93](a[0xffffffca][0xffffff93][0xffffffa5][0xffffff84][0xffffffed]R[0xffffff96][0x12][0xffffffa6]Z9JH[0xffffffd3]R[0xffffff94][0xffffff90][0xffffffe2][0xffffffdd][0xffffffa0][0xffffff84]NT}P[0xffffffa2]5[0xffffffec]][0x9]|[0xffffffa2][0xffffffea][0x8][0xffffff98][0xffffffa8]:[0xffffffcc][0xffffff8e]Ja[0xffffffc0][0xffffffb1][0xffffff89][0xffffffaa]C[0xffffff96]RHJ[0xffffff84]LT[0xffffffd9]@2[0xffffff94][0x8][0xffffff98][0xffffffa8][0xffffff92]pVS"x[0xffffffa2][0xffffffca][0xffffff95]'K[0xffffff89][0xffffffbc][0xffffff89]*W[0xffffffad][0x1c]%R&[0xffffffaa][0xffffffb4]x[0x7f][0xffffff9f][0x12][0xffffffed]e)qS[0x1f][0xffffff83]~[0xffffffde][0xf]K[0xffffff89][0xffffffaf];[0xffffff80])[0xfffffff1][0xffffffef]= [0xffffff94][0xfffffff8][0xffffffba]:B[0xffffff89][0x7f][0xffffffae][0x1c]A[0x9][0x13]E[0xffffff84][0x12]6[0xffffff90][0x8]%L,[0xffffffcb])![0xffffffe1],[0xffffffa6][0xffffff84]D4[0xffffff88][0x12][0xffffffae]<QJ[0xfffffff8].E)[0xffffffe1][0xffffffaa][0x15][0xffffffa3][0xffffff84]6-D[0x9]-[0xffffffde][\r]J[0xffffffe8][0xffffffda][0xffffffe5][0x7]%[0x6][0xfffffff6][0xffffffae]D[0xffffffc3][0xffffffd7].[[0xffffffc0][0xffffffda]e3[0xffffff93]l[0xffffff85][0x1][0xffffffc7][0xffffffd6].[0xffffff9b][0xffffff8c][0xffffffae][0xffffff91][0xffffff94][0x8]Y[0xffffffbb][0xffffffb4][0xffffff81]d([0x11][0xffffffb0]v)[0xffffffe1][0xffffffac][0xffffffa6]D[0xfffffff0][0xffffffda][0xffffffa5]+O[0xffffff96][0x12]yk[0xffffff97][0xffffffae]Z9J[0xffffffa4][0xffffffac]]j[0xfffffff1]nPB[0xffffffd7].?)[0xfffffff1]P[0xffffffef]J4|[0xffffffed][0xffffffb2][0x5][0xffffffac]]63[0xffffffc9]V[0x18]pl[0xffffffed][0xffffffb2][0xffffffc9][0xffffffe8][0x1a]I[0xffffff89][0xffffff90][0xffffffb5]K[0x1b]H[0xffffff86][0x12][0x1]k[0xffffff97][0x12][0xffffffce]jJ[0x4][0xffffffaf]][0xffffffba][0xfffffff2]d)[0xffffff91][0xffffffb7]v[0xffffffe9][0xffffffaa][0xffffff95][0xffffffa3]D[0xffffffca][0xffffffda][0xffffffa5][0x16][0xffffffef][0x6]%[0xffffffba][0xffffffa3][0xffffffc4][0xffffffd5][0xffffffa8][0xffffff8f]A?[0xffffffef][0x7][0xffffffa6]D[0xf][0xffffffa0]D[0xffffffd7][0xffffffbc][0x17][0x6][0xffffffbc]c[0xffffff94][0xffffffe8]I[0xffffff94][0xffffffd0](2[0xffffff94]p[0xffffff81]d([0xffffffa1][0xffffffb1][0xffffffac][0xffffffa7][0xffffffc4][0x1a][0xffffffce]jJ[0xffffffac][0x11]M[0xffffffa2][0xffffff84])O[0xffffff96][0x12][0xffffffb6]KYJ[0xffffff98]j[0xffffffe5](!MKQB[0xffffff8a]w[0xffffff83][0x12]:Q[0xfffffff5]A[0xffffff89][0xffffffbb]cO%[0xfffffff0][0xffffff89][0xffffffaa][0x16]0Q[0xffffffd5][0xffffffcc][0xffffff8e]Ja[0xffffffc0][0xffffffb1][0xffffff89][0xffffffaa]&K)$%B&[0xffffffaa]l [0x19]J[0x4]LTI8[0xffffffab])[0x11]<Q[0xffffffe5][0xffffffca][0xffffff93][0xffffffa5]D[0xffffffde]D[0xffffff95][0xffffffab]V[0xffffff8e][0x12])[0x13]UZ[0xffffffbc][0x1b][0xffffff94][0xffffffb0][0x13]U[0xfffffff7]sQ[0xffffff94][0xffffffc0]'[0xffffffaa]Z[0xffffffc0]DU3;*[0xffffff85][0x1][0xffffffc7]&[0xffffffaa][0xffffff9a],[0xffffffa5][0xffffff90][0xffffff94][0x8][0xffffff99][0xffffffa8][0xffffffb2][0xffffff81]d([0x11]0Q%[0xffffffe1][0xffffffac][0xffffffa6]D[0xfffffff0]D[0xffffff95]+O[0xffffff96][0x12]y[0x13]U[0xffffffae]Z9J[0xffffffa4]LTi[0xfffffff1]nP[0xffffffc2]NT=[0xffffff9d][0xfffffffa][0x18][0xffffffb4][0xffffffe1][0x13]U-`[0xffffffa2][0xffffffaa][0xffffff99][0x1d][0xffffff95][0xffffffc2][0xffffff80]c[0x13]UM[0xffffff96]RHJ[0xffffff84]LT[0xffffffd9]@2[0xffffff94][0x8][0xffffff98][0xffffffa8][0xffffff92]pVS"x[0xffffffa2][0xffffffca][0xffffff95]'K[0xffffff89][0xffffffbc][0xffffff89]*W[0xffffffad][0x1c]%R&[0xffffffaa][0xffffffb4]x7(a'[0xffffffaa][0xffffffe6][0xffffff81]=[0xffffff95][0xffffffc0]'[0xffffffaa]Z[0xffffffc0]DU3;*[0xffffff85][0x1][0xffffffc7]&[0xffffffaa][0xffffff9a],[0xffffffa5][0xffffff90][0xffffff94][0x8][0xffffff99][0xffffffa8][0xffffffb2][0xffffff81]d([0x11]0Q%[0xffffffe1][0xffffffac][0xffffffa6]D[0xfffffff0]D[0xffffff95]+O[0xffffff96][0x12]y[0x13]U[0xffffffae]Z9J[0xffffffa4]LTi[0xfffffff1]nP[0xffffffc2]MT[0x1d]/[0xffffffee]cP|[0xffffffa2][0xffffffaa][0x5]LT5[0xffffffb3][0xffffffa3]R[0x18]pl[0xffffffa2][0xffffffaa][0xffffffc9]R[\n]"
08:17:55.172 [TestNG-PoolService-2] DEBUG org.apache.hc.client5.http.wire -- http-outgoing-5 << "[0x3][0xffffff8e][0x1d][0x6][0xffffffed]r&[0xffffff89][0xffffffa4]D[0xffffffc8]aP[0x1b]H[0xffffff86][0x12][0x1][0xffffff87]A%[0xffffff9c][0xffffffd5][0xffffff94][0x8]>[0xc][0xffffffea][0xffffffca][0xffffff93][0xffffffa5]D[0xffffffde]aPW[0xffffffad][0x1c]%R[0xe][0xffffff83]j[0xfffffff1]nP[0xffffffe2]q[0xffffff94][0xffffffb8][0xffffffef][0xffffff87][0xffffffa2][0xffffffc4][0xffffff83]S[0xffffffe2][0x9][0xffffffa0][0xffffffc4][0xffffffa3]y/[0xc][0xfffffff8][0xffffff83]Q[0xffffffe2]I[0xffffffa2][0xffffff84]F[0xffffff91][0xffffffa1][0xffffff84][0xb]$C[0x9][0xffffff8d]e=%[0xffffffd6]pVSb[0xffffff8d]h[0x12]%Ly[0xffffffb2][0xffffff94][0xffffffb0]][0xffffffca]R[0xffffffc2]T+G[0x9]iZ[0xffffff8a][0x12]R[0xffffffbc][0x1b][0xffffff94][0xffffff98][0xffffff8e][0x12][0xffffffcf][0xffffff89][0xffffffed]JL[0xffffff9c][0x12]3[0xffffff80][0x12]S[0xfffffff3]^[0x18][0xfffffff0][0xffffff89]Qb&QB[0xffffffa3][0xffffffc8]P[0xffffffc2][0x5][0xffffff92][0xffffffa1][0xffffff84][0xffffffc6][0xffffffb2][0xffffff9e][0x12]k8[0xffffffab])[0xffffffb1]F4[0xffffff89][0x12][0xffffffa6]<YJ[0xffffffd8].e)a[0xffffffaa][0xffffff95][0xffffffa3][0xffffff84]4-E[0x9])[0xffffffde]?[0xffffffa7][0xffffffc4]a&[0xffffffaa]>(1[0xffffffa9][0xffffffb5][0xffffffcb][0x3][0xffffff9f][0xffffffa8]:[0x2]&[0xffffffaa][0xe][0xffffffb3][0xffffffa3]R[0x17][0xfffffff0][0x3][0xffffff9b][0xffffffa8]:d)[0x5][0xffffffa4][0xffffff84][0xffffff89]"B[0x9][0x1b]H[0xffffff84][0x12]&[0xffffff96][0xffffffe5][0xffffff94][0xffffff90]p[0x16]SB"[0x1a]D[0x9]W[0xffffff9e](%|[0xffffff97][0xffffffa2][0xffffff94]p[0xffffffd5][0xffffff8a]QB[0xffffff9b][0x16][0xffffffa2][0xffffff84][0x16][0xffffffef][0x6]%[0xffffffba][0xffffffa1]D{5[0xffffff8c][0x12][0x1d][0xffffffa7]D[0xf][0xffffffa0]D[0xffffffd7][0xffffffbc][0x17][0x6][0xffffffbc]c[0xffffff94][0xffffffe8]I[0xffffff94][0xffffffd0](2[0xffffff94]p[0xffffff81]d([0xffffffa1][0xffffffb1][0xffffffac][0xffffffa7][0xffffffc4][0x1a][0xffffffce]jJ[0xffffffac][0x11]M[0xffffffa2][0xffffff84])O[0xffffff96][0x12][0xffffffb6]KYJ[0xffffff98]j[0xffffffe5](!MKQB[0xffffff8a]w[0xffffff83][0x12]fW[0xffffffe2][0xffffffff][0xffffff99][0xffffffbb][0xffffffd3]\[0xffffffc9]qt[0x7][0xffffffc3];[0xffffffba][0x8]K[0xfffffff2][0xffffffa0][0xfffffffd]o[0xffffffec][0xffffff9e]![0xffffffab]2[d[0x14][0xffffff90][0xffffffca][0xffffffc4][0xfffffff7][0xffffffb2][0x7][0xfffffff4][0xffffff8f][0x6][0xffffff8e][0xffffff8d][0x2]A<p[0xffffffd8][0xffffffd4]s[0x1c]_[0xffffffb7][0xffffff89]P[0x2][0xffffffdf][0xffffff95][0xffffffe8][0x1][0xffffffbb][0x12][0xffffffdd]|[0xfffffffc]\[0x18]plW[0xffffffa2][0xffffffcb][0xffffffe7][0xffffffcd]$%Bv%l [0x19]J[0x4][0xffffffec]JH8[0xffffffab])[0x11][0xffffffbc]+[0xffffffe1][0xffffffca][0xffffff93][0xffffffa5]D[0xffffffde][0xffffffae][0xffffff84][0xffffffab]V[0xffffff8e][0x12])[0xffffffbb][0x12]Z[0xffffffbc][0x1b][0xffffff94]0[0xffffffbb][0x12][0xffffffcf]q^[0xffffffd4][0xffffffbb][0x12][0x1d][0xffffffdf][0xffffff95][0xffffffe8][0x1][0xffffffbb][0x12][0xffffffdd]|[0xfffffffc]\[0x18]plW[0xffffffa2][0xffffffcb][0xffffffe7][0xffffffcd]$%Bv%l [0x19]J[0x4][0xffffffec]JH8[0xffffffab])[0x11][0xffffffbc]+[0xffffffe1][0xffffffca][0xffffff93][0xffffffa5]D[0xffffffde][0xffffffae][0xffffff84][0xffffffab]V[0xffffff8e][0x12])[0xffffffbb][0x12]Z[0xffffffbc][[0xffffff94][0xffffffe8]a[0xffffff94][0xffffffe8]8%z[0x0]%:J[0xffffff89][0xffffff8e]Q[0xffffffa2]'Qb[0xffffff8d]"E[0x9][\r]$E[0xffffff89]5[0xffffff96][0x4]%:L[0xffffff89][0x1e]L[0x9])O[0xffffff9a][0x12][0xffffffa6]KiJH[0xffffffb5][0xffffff92][0xffffff94][0xffffffe8])[0xffffff94][0xffffffe8][0x7f][0xffffff81][0x12]W[0x18]%.[0xffffff9c][0x12]W[0x0]%.[0xffffff94][0x12][0x17]F[0xffffff89]+[0xffffff89][0x12]k[0x14])Jh )J[0xffffffac][0xffffffb1]$(q[0xffffffc1][0xffffff94][0xffffffb8][0xffffff82])![0xffffffe5]IS[0xffffffc2]t)M[0x9][0xffffffa9]V[0xffffff92][0x12]W[\n]"
08:17:55.173 [TestNG-PoolService-3] DEBUG org.apache.hc.client5.http.wire -- http-outgoing-4 << "M[0xffffffa3]F[0xffffffdc]+[0xffffff9e][0xffffffb6]_yjD[0xffffffbd][0xffffffe4])[0xffffffed]KR[0xffffffe3]o[0xffffffbc][0xffffffe6]y[0xffffff8c]#[0xffffff8d][0x1a][0xffffffe3][0xffffffe0][0xffffffa9][0xfffffff1]q[0xf][0x1][0xffffffd4][0xfffffff8]q[0x17][0x18]5>[0xffffffae][0xffffff8f]Q[0xffffffe3][0xfffffffb][0xffffffda]1[0xffffffd4][0xffffff90]Pb[0xffffffd4]0[0xffffffd1][0xffffffc4][0xffffffa8]![0x1]E[0xffffffa8][0xffffffb1][0xffffffc4][0x14][0xffffffa0][0xffffffc6][0x12][0xffffffd6]0jh[0xffffffa1][0xffffffe2][0xffffffd4]p[0xfffffffd][0xffffff8a]SC[0xffffffeb][0x16][0xffffffa5][0xffffffc6][0xffffffda][0xffffffbe] 5[0xffffffd6]2[0xfffffffe][0x1d]j[0xffffff8c][0xffffffef][0xffffffbf]2[0xffffffcc][0xffffffd0]wow[0xfffffffd][0xffffff99]!?[0xffffffef][0xffffff87]b[0xffffffc6]/w[0xffffff80]!c[0xffffffb9][0xffffff87]bb[0xfffffffc]r[0xfffffff5]b`[0xfffffffc][0xffffffef][0xffffff95]a^[0xffffffbc][0xffffff8d]b1.[0xfffffffe]#[0xffffff90][0xffffffc5][0xffffffb4]x[0x1b][0xffffffcb]BX[0xffffffbc][0x9]g[0x19]+[0xffffffde]D4[0x2][0x15][0xffffffef][0xffffffcb][0x13]"[0xffffffc5][0x7f]u)[0x4][0xffffff8a][0xfffffff7][0xffffffd5][\n]"
08:17:55.173 [TestNG-PoolService-1] DEBUG org.apache.hc.client5.http.wire -- http-outgoing-3 << "I[0xffffff89][0xffffff90][0xffffff89]*[0x1b]H[0xffffff86][0x12][0x1][0x13]U[0x12][0xffffffce]jJ[0x4]OT[0xffffffb9][0xfffffff2]d)[0xffffff91]7Q[0xffffffe5][0xffffffaa][0xffffff95][0xffffffa3]D[0xffffffca]D[0xffffff95][0x16][0xffffffef][0xffffffef]S[0xffffffa2][0xffffffbb][0xffffff89][0xffffffaa][0xffffffe3]h[0xffffffd4]S[0xffffff89][0xffffff8e]OT[0xfffffff5][0xffffff80][0xffffff89][0xffffffaa]nvT[0xffffffea][0x2][0xffffffde][0xffffffb1][0xffffff89][0xffffffaa].K) %L[0x14][0x11]J[0xffffffd8]@"[0xffffff94]0[0xffffffb1],[0xffffffa7][0xffffff84][0xffffff84][0xffffffb3][0xffffff98][0x12][0x12][0xffffffd1] J[0xffffffb8][0xfffffff2]D)[0xffffffe1][0xffffffbb][0x14][0xffffffa5][0xffffff84][0xffffffab]V[0xffffff8c][0x12][0xffffffda][0xffffffb4][0x10]%[0xffffffb4]x7([0xffffffe1]&[0xffffffaa][0xffffff8e][0xffffffe3]9)J[0xffffffe0][0x13]U=`[0xffffffa2][0xffffffaa][0xffffff9b][0x1d][0xffffff95][0xffffffc2][0xffffff80]c[0x13]U][0xffffff96]RHJ[0xffffff84]LT[0xffffffd9]@2[0xffffff94][0x8][0xffffff98][0xffffffa8][0xffffff92]pVS"x[0xffffffa2][0xffffffca][0xffffff95]'K[0xffffff89][0xffffffbc][0xffffff89]*W[0xffffffad][0x1c]%R&[0xffffffaa][0xffffffb4]x7([0xffffffe1]&[0xffffffaa][0xffffff8e]6[0x1a]E[0x9]|[0xffffffa2][0xffffffaa][0x7]LTu[0xffffffb3][0xffffffa3]R[0x18]pl[0xffffffa2][0xffffffaa][0xffffffcb]R[\n]"
08:17:55.173 [TestNG-PoolService-1] DEBUG org.apache.hc.client5.http.wire -- http-outgoing-3 << "I[0xffffff89][0xffffff90][0xffffff89]*[0x1b]H[0xffffff86][0x12][0x1][0x13]U[0x12][0xffffffce]jJ[0x4]OT[0xffffffb9][0xfffffff2]d)[0xffffff91]7Q[0xffffffe5][0xffffffaa][0xffffff95][0xffffffa3]D[0xffffffca]D[0xffffff95][0x16][0xffffffef][0x6]%[0xffffffba][0xffffffa5][0xffffffc4][0xffffffa4]&[0xffffffaa]>[0xffffffff][0x7][0xffffffa6]D[0xf][0xffffffa0]D[0xffffffd7][0xffffffbc][0x17][0x6][0xffffffbc]c[0xffffff94][0xffffffe8]I[0xffffff94][0xffffffd0](2[0xffffff94]p[0xffffff81]d([0xffffffa1][0xffffffb1][0xffffffac][0xffffffa7][0xffffffc4][0x1a][0xffffffce]jJ[0xffffffac][0x11]M[0xffffffa2][0xffffff84])O[0xffffff96][0x12][0xffffffb6]KYJ[0xffffff98]j[0xffffffe5](!MKQB[0xffffff8a]w[0xffffff83][0x12]n[0xffffffa2][0xffffffea][0xffffffb8].[0xffffffea]c[0xffffffd0][0xffffff8e]OT[0xfffffff5][0xffffff80][0xffffff89][0xffffffaa]nvT[\n]"
08:17:55.173 [TestNG-PoolService-1] DEBUG org.apache.hc.client5.http.wire -- http-outgoing-3 << "[0x3][0xffffff8e]MTuYJ!)[0x11]2Qe[0x3][0xffffffc9]P"`[0xffffffa2]J[0xffffffc2]YM[0xffffff89][0xffffffe0][0xffffff89]*W[0xffffff9e],%[0xfffffff2]&[0xffffffaa]\[0xffffffb5]r[0xffffff94]H[0xffffff99][0xffffffa8][0xffffffd2][0xffffffe2][0xffffffdd][0xffffffa0][0xffffff84][0xffffff9b][0xffffffa8]:[0xffffff9e][0x17]F[0x9]|[0xffffffa2][0xffffffaa][0x7]LTu[0xffffffb3][0xffffffa3]R[0x18]pl[0xffffffa2][0xffffffaa][0xffffffcb]R[\n]"
08:17:55.173 [TestNG-PoolService-1] DEBUG org.apache.hc.client5.http.wire -- http-outgoing-3 << "I[0xffffff89][0xffffff90][0xffffff89]*[0x1b]H[0xffffff86][0x12][0x1][0x13]U[0x12][0xffffffce]jJ[0x4]OT[0xffffffb9][0xfffffff2]d)[0xffffff91]7Q[0xffffffe5][0xffffffaa][0xffffff95][0xffffffa3]D[0xffffffca]D[0xffffff95][0x16][0xffffffef][0x6]%[0xffffffdc]DU{5[0xffffffec][0xffffffb5]K|[0xffffffa2][0xffffffaa][0x7]LTu[0xffffffb3][0xffffffa3]R[0x18]pl[0xffffffa2][0xffffffaa][0xffffffcb]R[\n]"
08:17:55.173 [TestNG-PoolService-3] DEBUG org.apache.hc.client5.http.wire -- http-outgoing-4 << "p[0xffffffe2]][0xffffffd3][0xffffff96]c[0xffffffe2]][0xfffffff1]nQ[0xffffffa2][0xffffff85]Q[0x2][0x1b][0xfffffffa][0xfffffffe][0xffffffe5][0xe]xJ C[0xffffffdf][0xffffffbf]\[0xffffff9d][0xffffffa2]D[0xffffffc2][0xffffffd0][0xfffffff7][0xffffffdb](R[0xffffff94][0xffffffc0][0xffffff87][0xffffffbe][0xffffffdf][0xffffffc6][0xffffff92][0xffffffa0][0x4]4[0xfffffff4][0xfffffffd]&[0xffffffa2]Y[0xffffff94]H[0x19][0xfffffffa][0xfffffffe][0xffffffaf].[0xffffffa5])[0xffffff91]0[0xfffffff4][0xfffffffd][0xffffffae]i9J[0xfffffffc][0xffffffc1][0xffffffd0][0xfffffff7][0xffffff8f][0xffffffbf]q[0xffffffba][0xffffffa7][0x12][0xffffffe7]Q[0x7f]([0xfffffffa][0xffffffcf][0xfffffffb][0xffffff81])q[0x6]<[0xffffff95]8[0xffffff95][0xffffffce][0xffffff85][0x1]?[0xffffffb1][0xffffffa7][0x12]g[0xffffffd2]S[0x9][0xffffff8d]"C[0x9][0x17]H[0xffffff86][0x12][0x1a][0xffffffcb]zJ[0xffffffac][0xffffffe1][0xffffffac][0xffffffa6][0xffffffc4][0x1a][0xffffffd1]$J[0xffffff98][0xfffffff2]d)a[0xffffffbb][0xffffff94][0xffffffa5][0xffffff84][0xffffffa9]V[0xffffff8e][0x12][0xffffffd2][0xffffffb4][0x14]%[0xffffffa4]x[0xffffffb7](a[0xffffff9e]J[0xffffffa0][0xffffff94][0xffffffa0][0xffffff9f]J[0xffffff9c][0x1]O%N[0xffffffa5]si[0xffffffc0][0xffffffa9][0xffffffa7][0x12]g[0xffffffd2]S[0x9][0xffffff8d]"E[0xffffff89][0xffffff94][0xffffffa7][0x12][0x1a]K[0xffffff82][0x12][0xffffffec]S[0xffffff89]5[0xffffffa2]Y[0xffffff94][0x8]{*a[0xffffffbb][0xffffff94][0xffffffa6]D[0xffffffd0]S[0x9]iZ[0xffffff8e][0x12][0x7f][0xfffffffe]T[0xffffffe2]rO%[0xffffffe6]uR[0xffffff94][0xffffffb8][0xfffffff0][0xffffffa7][0x12]W[0xffffffc0]S[0xffffff89]K[0xffffffe9]\[0x18][0xfffffff0][0xb]{*q%=[0xffffff95][0xffffffd0](2[0xffffff94]p[0xffffff81]d([0xffffffa1][0xffffffb1][0xffffffac][0xffffffa7][0xffffffc4][0x1a][0xffffffce]jJ[0xffffffac][0x11]M[0xffffffa2][0xffffff84])O[0xffffff96][0x12][0xffffffb6]KYJ[0xffffff98]j[0xffffffe5](!MKQB[0xffffff8a]w[0xffffff83][0x12][0xffffffb7][0xffffffa1][0xffffffc4]8[0xffffffda]AQ[0xffffffe2][0xffffffc6])q[0x7]P[0xffffffe2][0xffffffd6][0xffffffbc][0x17][0x6][0xfffffffc][0xffffffc6](q'QB[0xffffffa3][0xffffffc8]P[0xffffffc2][0x5][0xffffff92][0xffffffa1][0xffffff84][0xffffffc6][0xffffffb2][0xffffff9e][0x12]k8[0xffffffab])[0xffffffb1]F4[0xffffff89][0x12][0xffffffa6]<YJ[0xffffffd8].e)a[0xffffffaa][0xffffff95][0xffffffa3][0xffffff84]4-E[0x9])[0xffffffde][\r]J<[0xffffff8e][0x12][0xffffffe7][0xffffff89][0xfffffffd][0xffffffc0][0xfffffff1][0xffffffe0][0xffffff94]x[0x2]([0xfffffff1]h[0xffffffde][0xb][0x3][0xfffffffe]`[0xffffff94]x[0xffffff92]([0xffffffa1]Qd([0xffffffe1][0x2][0xffffffc9]PBcYO[0xffffff89]5[0xffffff9c][0xffffffd5][0xffffff94]X#[0xffffff9a]D[0x9]S[0xffffff9e],%l[0xffffff97][0xffffffb2][0xffffff94]0[0xffffffd5][0xffffffca]QB[0xffffff9a][0xffffff96][0xffffffa2][0xffffff84][0x14][0xffffffef][0x6]%[0xffffffa6][0xffffffa3][0xffffffc4]=[0x6]E[0xffffff89][0xffffff89]Sb[0x6]Pbj[0xffffffde][0xb][0x3]>1J[0xffffffcc]$Jh[0x14][0x19]J[0xffffffb8]@2[0xffffff94][0xffffffd0]X[0xffffffd6]Sb[\r]g5%[0xffffffd6][0xffffff88]&Q[0xffffffc2][0xffffff94]'K[0x9][0xffffffdb][0xffffffa5],%L[0xffffffb5]r[0xffffff94][0xffffff90][0xffffffa6][0xffffffa5](![0xffffffc5][0xfffffffb][0xfffffffb][0xffffff94]8_[0xffffff86][0x12][0xffffffe7][0xffffffeb][0xffffffbc]!J|[0xffffffde][0xf]K[0xffffff89][0xffffffaf];[0xffffff80])[0xfffffff1][0xffffffef]= [0xffffff94][0xfffffff8][0xffffffba]:B[0xffffff89][0x7f][0xffffffae][0x1c]A[0x9][0x13]E[0xffffff84][0x12]6[0xffffff90][0x8]%L,[0xffffffcb])![0xffffffe1],[0xffffffa6][0xffffff84]D4[0xffffff88][0x12][0xffffffae]<QJ[0xfffffff8].E)[0xffffffe1][0xffffffaa][0x15][0xffffffa3][0xffffff84]6-D[0x9]-[0xffffffde][\r]J4G[0xffffff89][0xffffffd6][0xffffffea][0xffffffb7]0[0x7f][0xffffffde][0xf]L[0xffffff89][0x16]@[0xffffff89][0xffffffa6]y/[0xc]x[0xffffffc3]([0xffffffd1][0xffffff92]([0xffffffa1]Qd([0xffffffe1][0x2][0xffffffc9]PBcYO[0xffffff89]5[0xffffff9c][0xffffffd5][0xffffff94]X#[0xffffff9a]D[0x9]S[0xffffff9e],%l[0xffffff97][0xffffffb2][0xffffff94]0[0xffffffd5][0xffffffca]QB[0xffffff9a][0xffffff96][0xffffffa2][0xffffff84][0x14][0xffffffef][0x6]%[0xffffffba][0xffffffa5][0x4]0[0xffffffab][0xfffffffd][0xfffffff3]~`J[0xfffffff4][0x0]Jt[0xffffffcd]{a[0xffffffc0];F[0xffffff89][0xffffff9e]D[0x9][0xffffff8d]"C[0x9][0x17]H[0xffffff86][0x12][0x1a][0xffffffcb]zJ[0xffffffac][0xffffffe1][0xffffffac][0xffffffa6][0xffffffc4][0x1a][0xffffffd1]$J[0xffffff98][0xfffffff2]d)a[0xffffffbb][0xffffff94][0xffffffa5][0xffffff84][0xffffffa9]V[0xffffff8e][0x12][0xffffffd2][0xffffffb4][0x14]%[0xffffffa4]x7(1[0x1c]%[0xfffffffa][0xfffffff9][0xffffffa2](1pJ[0xffffff8c][0x0]J[0xc][0xffffffcd]{a[0xffffffc0][0x7]F[0xffffff89][0xffffff91]D[0x9][0xffffff8d]"C[0x9][0x17]H[0xffffff86][0x12][0x1a][0xffffffcb]zJ[0xffffffac][0xffffffe1][0xffffffac][0xffffffa6][0xffffffc4][0x1a][0xffffffd1]$J[0xffffff98][0xfffffff2]d)a[0xffffffbb][0xffffff94][0xffffffa5][0xffffff84][0xffffffa9]V[0xffffff8e][0x12][0xffffffd2][0xffffffb4][0x14]%[0xffffffa4]x7([0xffffffe1][0xffffffd6].[0xffffffcf][0xfffffff1]`[0xffffffef]J[0xffffffe0]k[0xffffff97]g[0xffffffc0][0xffffffda][0xffffffe5]i&[0xffffffd9][\n]"
08:17:55.173 [TestNG-PoolService-1] DEBUG org.apache.hc.client5.http.wire -- http-outgoing-3 << "I[0xffffff89][0xffffff90][0xffffff89]*[0x1b]H[0xffffff86][0x12][0x1][0x13]U[0x12][0xffffffce]jJ[0x4]OT[0xffffffb9][0xfffffff2]d)[0xffffff91]7Q[0xffffffe5][0xffffffaa][0xffffff95][0xffffffa3]D[0xffffffca]D[0xffffff95][0x16][0xffffffef][0x6]%[0xffffffdc]DU{=[0xffffff93][0xffffffa2][0x4]>Q[0xffffffd5][0x3]&[0xffffffaa][0xffffffba][0xffffffd9]Q)[0xc]86Q[0xffffffd5]e)[0xffffff85][0xffffffa4]D[0xffffffc8]D[0xffffff95][\r]$C[0xffffff89][0xffffff80][0xffffff89]*[0x9]g5%[0xffffff82]'[0xffffffaa]\y[0xffffffb2][0xffffff94][0xffffffc8][0xffffff9b][0xffffffa8]r[0xffffffd5][0xffffffca]Q"e[0xffffffa2]J[0xffffff8b]w[0xffffff83][0x12]n[0xffffffa2][0xffffffaa][0x1d][0x3][0xffffffa3][0x4]>Q[0xffffffd5][0x3]&[0xffffffaa][0xffffffba][0xffffffd9]Q)[0xc]86Q[0xffffffd5]e)[0xffffff85][0xffffffa4]D[0xffffffc8]D[0xffffff95][\r]$C[0xffffff89][0xffffff80][0xffffff89]*[0x9]g5%[0xffffff82]'[0xffffffaa]\y[0xffffffb2][0xffffff94][0xffffffc8][0xffffff9b][0xffffffa8]r[0xffffffd5][0xffffffca]Q"e[0xffffffa2]J[0xffffff8b][0xfffffff7][0xfffffff7])1[0xffffffdc]DU;&5Q5[0xfffffff0][0xffffff89][0xffffffaa][0x11]0Q5[0xffffffcc][0xffffff8e]J][0xffffffc0][0x7]6Q5d)[0x5][0xffffffa4][0xffffff84][0xffffff89]"B[0x9][0x1b]H[0xffffff84][0x12]&[0xffffff96][0xffffffe5][0xffffff94][0xffffff90]p[0x16]SB"[0x1a]D[0x9]W[0xffffff9e](%|[0xffffff97][0xffffffa2][0xffffff94]p[0xffffffd5][0xffffff8a]QB[0xffffff9b][0x16][0xffffffa2][0xffffff84][0x16][0xffffffef][0x6]%[0xffffffdc]DUk[0xffffffd8]S[0xffffff89][0xffffff81]OT[0xffffff8d][0xffffff80][0xffffff89][0xffffffaa]avT[\n]"
08:17:55.173 [TestNG-PoolService-3] DEBUG org.apache.hc.client5.http.wire -- http-outgoing-4 << "[0x3][0xffffff8e][0xffffffad]][0xffffff9e]2[0xffffffba]FR"d[0xffffffed][0xffffffd2][0x6][0xffffff92][0xffffffa1]D[0xffffffc0][0xffffffda][0xffffffa5][0xffffff84][0xffffffb3][0xffffff9a][0x12][0xffffffc1]k[0xffffff97][0xffffffae]<YJ[0xffffffe4][0xffffffad]][0xffffffba]j[0xffffffe5]([0xffffff91][0xffffffb2]v[0xffffffa9][0xffffffc5][0xffffffbb]A[0x9]7Qu>[0xffffffdc]k[0xffffff97][0xfffffff8]D[0xffffffd5][0x19]0Qu[0xffffff9a][0x1d][0xffffff95][0xffffffc2][0xffffff80]c[0x13]U[0xffffffa7],[0xffffffa5][0xffffff90][0xffffff94][0x8][0xffffff99][0xffffffa8][0xffffffb2][0xffffff81]d([0x11]0Q%[0xffffffe1][0xffffffac][0xffffffa6]D[0xfffffff0]D[0xffffff95]+O[0xffffff96][0x12]y[0x13]U[0xffffffae]Z9J[0xffffffa4]LTi[0xfffffff1]nP[0xffffffc2]MT][0xffffffaf][0xffffffeb][0xffffffa2]([0xffffff81]OT[0xffffff9d][0x1][0x13]U[0xffffffa7][0xffffffd9]Q)[0xc]86Qu[0xffffffca]R[\n]"
08:17:55.173 [TestNG-PoolService-2] DEBUG org.apache.hc.client5.http.wire -- http-outgoing-5 << "%[0xffffffae][0xffffffbf]@[0xffffff89][0xffffffe3][0xc][0xffffffb3][0xffffffc4]q[0xffffffe2][0xffffff98][0xfffffff8][0xffffffb8][0x5]^[0x13]?n[0xffffff82][0xffffffe2][0xffffffc4][0xffffffc7][0xffffffe5])O|_:[0x5][0x14][0xffffff92]GJ[0x14]&[0xffffff95][0x14])$[0xffffff9b][0xffffff84])[0xffffff96][0xffffff84][0xffffffd6][0xffffffa3]b[0xffffffc9]i[0xffffff96]*[0xffffffb4]FiV[0xffffffb8]V[0xffffffa5]][0xffffffa1]%K[0xffffffc2]b[0xffffffed]\N[0x16]k[0x5]o[0xffffffd1][0xffffffe2][0xffffffeb][0xffffff9f]N[0x12]-:|V[0xffffffe8][0xfffffff7]-[0xfffffff0][0xffffffb4][0xffffffe8][0xffffffe0]i[0xffffffa1][0xffffffdf][0xffffff97][0xffffffa7]h[0xffffffd1]s[0xffffffce][0xb]uy[0xffffffa4]haRI[0xffffffd1]B[0xffffffb2]I[0xffffffd0][0xffffffa2][0xffffffa3]g[0xffffff86]jN[0xffffffb3]h[0xffffffa1]5J[0xffffffd3][0xffffffc2][0xffffffb5]*M[0xb]-Y[0xffffff92][0x16]k[0xffffffe7]r[0xffffffb4]X+x[0xffffff8b][0x16]#[0xffffffed][0x17][0xffffff90][0xffffffc1][0xffffffff][0x4]2[0x12]~[0x3][0x19][0xffffffec][0xffffff8f] [0xffffff83][0xfffffffb][0x15]dD[0xfffffffd][0xc]"y[0xffffffa4]haRI[0xffffffd1]B[0xffffffb2]I[0xffffffd0]b[0xffffffd0]?[0xffffff85][0xffffff8c][0xffffffe4][0xffffffdf]B[0xffffffb4]FiZ[0xffffffb8]V[0xffffffa5]i[0xffffffa1]%K[0xffffffd2]b[0xffffffed]\[0xffffff8e][0x16]k[0x5]o[0xffffffd1][0xffffffe2][0xffffffbc][0xffffffc3]hq[0xffffffde]8->n[0xffffff81][0xffffffa7][0xffffffc5][0xffffff8f][0xffffff9b][0xffffffa0]h[0xfffffff1]qy[0xffffff8a][0x16][0xffffffdf][0xffffff97]N[0xffffffa1][0xffffff85][0xffffffe4][0xffffff91][0xffffffa2][0xffffff85]I%E[0xb][0xffffffc9]&A[0xffffff8b]%[0xffffffa1][0xfffffff5][0xffffffb4]Xr[0xffffff9a]E[0xb][0xffffffad]Q[0xffffff9a][0x16][0xffffffae]UiZh[0xffffffc9][0xffffff92][0xffffffb4]X;[0xffffff97][0xffffffa3][0xffffffc5]Z[0xffffffc1][[0xffffffb4]x[0xffffffd2]>[0x1]y[0xfffffff8]o@[0xffffff9e][0xffffff84][0xffffff8f]@[0x1e][0xfffffff6]+[0xffffff90][0xffffff87][0xfffffffb][0xc][0xffffffe4][0xffffff89][0xfffffffa][0xe]D[0xfffffff2]H[0xffffffd1][0xffffffc2][0xffffffa4][0xffffff92][0xffffffa2][0xffffff85]d[0xffffff93][0xffffffa0][0xffffffc5]C[0x7f][0xb][0xfffffff2]$[0x7f][0xc][0xffffffa2]5J[0xffffffd3][0xffffffc2][0xffffffb5]*M[0xb]-Y[0xffffff92][0x16]k[0xffffffe7]r[0xffffffb4]X+x[0xffffff8b][0x16][0xffffffc7][0xffffff91][0xffffffb6]T[0xfffffff1]qG8.>[0xffffffef][0xffffff81][0xffffffd7][0xffffffc5]?wA[0xfffffff1][0xffffffe2][0xfffffff3][0xfffffffa][0xffffff94]/~\;[0x5][0x18][0x1a]JJ[0x18].[0xffffff9a][0x14]14[0xffffffa0][0xffffff84]1[0xffffffd6][0xffffff98][0xffffffd6]#c[\r]k[0xffffff96]2L[0xffffffa1][0xffffffd2][0xffffffcc][0xffffffb0][0xfffffffd]J;[0xffffffc3][0xffffffd4]-[0x9][\r]i_N[0x1a]R[0xffffffc6][0xffffff9b][0xffffffd4]8[0xffffffe2][0xffffffa8]q[0x4]P[0xffffffe3][0xffffff88][0xffffffa0][0xffffffc6][0x1]S[0xffffffe3][0x0][0xffffffa9]qdQc[\r]%G[\r][0xffffff8d]&G[0xffffff8d]5[0xffffffa0][0xc]5[0xe][0xffffff9c][0x1a]G45[0xffffffa4]Pyj[0xffffff98]~[0xffffffe5][0xffffffa9]!u[0xffffffcb]R[0xffffffe3][0xffffffc8][0xffffffa1][0xffffffc6][0xfffffff1]7[0xffffffa8]q[0xffffffce]4j[0xffffff9c][0xffffff93][0xffffffa7][0xffffffc6][0xffffffc7]=[0x4]P[0xffffffe3][0xffffffc7]]`[0xffffffd4][0xfffffff8][0xffffffb8]>F[0xffffff8d][0xffffffef]k[0xffffffc7]PCB[0xffffff89]Q[0xffffffc3]D[0x13][0xffffffa3][0xffffff86][0x4][0x14][0xffffffa1][0xffffffc6][0x12]S[0xffffff80][0x1a]KX[0xffffffc3][0xffffffa8][0xffffffa1][0xffffff85][0xffffff8a]S[0xffffffc3][0xfffffff5]+N[\r][0xffffffad][[0xffffff94][0x1a]k[0xfffffffb][0xffffff82][0xffffffd4]X[0xffffffcb][0xfffffff8]w[0xffffffa8][0xffffffd1][0xffffffbf][0xffffffff][0xffffffca]i[0xffffff86][0xffffffbe][0xffffffdb][0xfffffff1]:[0xffffffcb][0xffffffa1][0xfffffff1][0xfffffff3]~(f[0xfffffffc]r[0x7][0x18]2[0xffffff96]{(&[0xffffffc6]/W/[0x6][0xffffffc6][0xffffffff]^[0x19][0xffffffe6][0xffffffc5][0xffffffdb]([0x16][0xffffffe3][0xffffffe2]?[0x2]YL[0xffffff8b][0xffffffb7][0xffffffb1],[0xffffff84][0xffffffc5][0xffffff9b]p[0xffffff96][0xffffffb1][0xffffffe2]MD#P[0xfffffff1][0xffffffbe]<!R[0xfffffffc]W[0xffffff97]B[0xffffffa0]x_[0xffffffad][0x0]'[0xffffffde]5m9&[0xffffffde][0x15][0xffffffef][0x16]%[0xfffffff4]-O[0xffffff96][0x12][0xffffffd8]K[0xffffff9e][0xffffffbf][0xffffffdc][0x1]O[0x9][0xffffffe4][0x15][0xffffffcf]_[0xffffffae]NQ"[0xffffffe1][0x5][0xffffffcf][0xffffffb7]Q[0xffffffa4]([0xffffff81][0xffffffbf][0xffffffde][0xfffffff9]6[0xffffff96][0x4]%[0xffffffa0][0xffffff97];[0xffffffdf]D4[0xffffff8b][0x12])[0xffffffaf]v[0xfffffffe]W[0xffffff97][0xffffffd2][0xffffff94]Hx[0xffffffb1][0xfffffff3]][0xffffffd3]r[0xffffff94][0xfffffff8][0xffffff83][0xffffffd7]:[0x7f][0xfffffffc][0xffffff8d][0xffffffcb]=[0xffffff95][0xffffffb8][0xffffffaf][0xffffff87][0xffffffa2][0xffffffc4][0xffffff85]?[0xffffff95][0xffffffb8][0x2][0xffffff9e]J\J[0xffffffe7][0xffffffc2][0xffffff80]_[0xffffffd8]S[0xffffff89]+[0xffffffe9][0xffffffa9][0xffffff84]F[0xffffff91][0xffffffa1][0xffffff84][0xb]$C[0x9][0xffffff8d]e=%[0xffffffd6]pVSb[0xffffff8d]h[0x12]%Ly[0xffffffb2][0xffffff94][0xffffffb0]][0xffffffca]R[0xffffffc2]T+G[0x9]iZ[0xffffff8a][0x12]R[0xffffffbc][0x1b][0xffffff94][0xffffffb8][0x1d]%&[0xfffffff0]&[0xffffffc5][0xffffffcf][0xfffffffb][0xffffff81])q[0x7]P[0xffffffe2][0xffffffd6][0xffffffbc][0x17][0x6][0xfffffffc][0xffffffc6](q'QB[0xffffffa3][0xffffffc8]P[0xffffffc2][0x5][0xffffff92][0xffffffa1][0xffffff84][0xffffffc6][0xffffffb2][0xffffff9e][0x12]k8[0xffffffab])[0xffffffb1]F4[0xffffff89][0x12][0xffffffa6]<YJ[0xffffffd8].e)a[0xffffffaa][0xffffff95][0xffffffa3][0xffffff84]4-E[0x9])[0xffffffde][\r]J<[0xffffff86][0x12][0xffffffbd]?[0xffffff93][0xffffffa2][0xffffffc4][0xffffff83]S[0xffffffe2][0x9][0xffffffa0][0xffffffc4][0xffffffa3]y/[0xc][0xfffffff8][0xffffff83]Q[0xffffffe2]I[0xffffffa2][0xffffff84]F[0xffffff91][0xffffffa1][0xffffff84][0xb]$C[0x9][0xffffff8d]e=%[0xffffffd6]pVSb[0xffffff8d]h[0x12]%Ly[0xffffffb2][0xffffff94][0xffffffb0]][0xffffffca]R[0xffffffc2]T+G[0x9]iZ[0xffffff8a][0x12]R[0xffffffbc][0xffffffbf]O[0xffffff89][0xfffffff1]r[0xffffff94][0xffffff98][0xffffffe3][0x5]Q[0xffffffe2][0xfffffff3]~XJ|[0xffffffdd][0x1]L[0xffffff89][0x7f][0xffffffef][0x1][0xffffffa1][0xffffffc4][0xffffffd7][0xffffffd5][0x11]J[0xfffffffc]s[0xffffffe5][0x8]J[0xffffff98]("[0xffffff94][0xffffffb0][0xffffff81]D(abYN[0x9][0x9]g1%$[0xffffffa2]A[0xffffff94]p[0xffffffe5][0xffffff89]R[0xffffffc2]w)J[0x9]W[0xffffffad][0x18]%[0xffffffb4]i!Jh[0xfffffff1]nP[0xffffffe2]0[0xffffff94][0x18][0xffffffaf]W[0xffffffa7](q[0xffffffe0][0xffffff94]8[0x2](qh[0xffffffde][0xb][0x3]~`[0xffffff94]8[0xffffff92]([0xffffffa1]Qd([0xffffffe1][0x2][0xffffffc9]PBcYO[0xffffff89]5[0xffffff9c][0xffffffd5][0xffffff94]X#[0xffffff9a]D[0x9]S[0xffffff9e],%l[0xffffff97][0xffffffb2][0xffffff94]0[0xffffffd5][0xffffffca]QB[0xffffff9a][0xffffff96][0xffffffa2][0xffffff84][0x14][0xffffffef][0x6]%[0xffffff9a][0xffffffa5][0xffffffc4][0xffffffd9](J4[0xffffff9c][0x12]-[0xffffff80][0x12]M[0xfffffff3]^[0x18][0xfffffff0][0xffffff86]Q[0xffffffa2]%QB[0xffffffa3][0xffffffc8]P[0xffffffc2][0x5][0xffffff92][0xffffffa1][0xffffff84][0xffffffc6][0xffffffb2][0xffffff9e][0x12]k8[0xffffffab])[0xffffffb1]F4[0xffffff89][0x12][0xffffffa6]<YJ[0xffffffd8].e)a[0xffffffaa][0xffffff95][0xffffffa3][0xffffff84]4-E[0x9])[0xffffffde][\r]JtK[0xffffff89][0xffffff9b]zW[0xffffffe2][0xfffffff3]~`J[0xfffffff4][0x0]Jt[0xffffffcd]{a[0xffffffc0];F[0xffffff89][0xffffff9e]D[0x9][0xffffff8d]"C[0x9][0x17]H[0xffffff86][0x12][0x1a][0xffffffcb]zJ[0xffffffac][0xffffffe1][0xffffffac][0xffffffa6][0xffffffc4][0x1a][0xffffffd1]$J[0xffffff98][0xfffffff2]d)a[0xffffffbb][0xffffff94][0xffffffa5][0xffffff84][0xffffffa9]V[0xffffff8e][0x12][0xffffffd2][0xffffffb4][0x14]%[0xffffffa4]x7(1[0x1c]%[0xffffff8e]qS[0xffffff94][0x18]8%F[0x0]%[0xffffff86][0xffffffe6][0xffffffbd]0[0xffffffe0][0x3][0xffffffa3][0xffffffc4]H[0xffffffa2][0xffffff84]F[0xffffff91][0xffffffa1][0xffffff84][0xb]$C[0x9][0xffffff8d]e=%[0xffffffd6]pVSb[0xffffff8d]h[0x12]%Ly[0xffffffb2][0xffffff94][0xffffffb0]][0xffffffca]R[0xffffffc2]T+G[0x9]iZ[0xffffff8a][0x12]R[0xffffffbc][0x1b][0xffffff94]p[0x1f][0xffffff83][0xffffff8e][0xffffffd9][0xffffffb1][0xffffffd7].[0xfffffff1][0xffffff8f]AG[0xffffffc0][0xffffffc7][0xffffffa0][0xffffffc3]|[0xffffffb1]T[0x18]p[0xffffffec]c[0xffffffd0]![0xffffffdf]$[0xffffff91][0xffffff94][0x8][0xfffffff9][0x18][0xffffffd4][0x6][0xffffff92][0xffffffa1]D[0xffffffc0][0xffffffc7][0xffffffa0][0x12][0xffffffce]jJ[0x4][0x7f][0xc][0xffffffea][0xffffffca][0xffffff93][0xffffffa5]D[0xffffffde][0xffffffc7][0xffffffa0][0xffffffae]Z9J[0xffffffa4]|[0xc][0xffffffaa][0xffffffc5][0xffffffbb]E[0xffffff89][0x16]F[0xffffff89][0xffffff86]S[0xffffffa2][0x5]P[0xffffffa2][0xffffffa1][0xffffff94]h[0x18]%Z[0x12]%[0xffffffd6](R[0xffffff94][0xffffffd0]@R[0xffffff94]XcIP[0xffffffa2][0xffffffc1][0xffffff94]h[0xffffffc1][0xffffff94][0xffffff90][0xfffffff2][0xffffffa4])a[0xffffffba][0xffffff94][0xffffffa6][0xffffff84]T+I[0xffffff89][0xffffff96]B[0xffffff89][0xfffffff6][0xffffffc7][0xffffff94]p[0xffffffbb][0x12]g?[0xffffffa8][0xffffffe1][0xffffffec][0xffffff81][0xffffffef]J[0xffffff8c][0xffffff80]][0xffffff89]a>~.[0xc]8[0xffffffb6]+1[0xffffffe4][0xfffffff3]f[0xffffff92][0x12]![0xffffffbb][0x12]6[0xffffff90][0xc]%[0x2]v%$[0xffffff9c][0xffffffd5][0xffffff94][0x8][0xffffffde][0xffffff95]p[0xffffffe5][0xffffffc9]R"oW[0xffffffc2]U+G[0xffffff89][0xffffff94]][0x9]-[0xffffffde][0xffffffdf][0xffffffa7][0xffffffc4][0xffffffe9]v%[0xffffffae]W[0xffffffa3][0xffffffbe][0xffffffe0]8[0xfffffff1]][0xffffff89]3`W[0xffffffe2]4[0x1f]?[0xffffffd7][0x5][0xfffffffc][0xffffffc4]v%N[0xfffffff9][0xffffffbc][0x19][0xffffffa4][0xffffff84][0xffffff89]"B[0x9][0x1b]H[0xffffff84][0x12]&[0xffffff96][0xffffffe5][0xffffff94][0xffffff90]p[0x16]SB"[0x1a]D[0x9]W[0xffffff9e](%|[0xffffff97][0xffffffa2][0xffffff94]p[0xffffffd5][0xffffff8a]QB[0xffffff9b][0x16][0xffffffa2][0xffffff84][0x16][0xffffffef][0x6]%[0xffffffdc][0xffffffae][0xffffffc4][0xffffffd5][0xe][0xffffffea][0xffffffb5][0xffffffcb][0x13][0xffffffdf][0xffffff95]8[0x3]v%N[0xfffffff3][0xfffffff1]sa[0xffffffc0][0xffffffb1]][0xffffff89]S>o&)[0x11][0xffffffb2]+a[0x3][0xffffffc9]P"`WB[0xffffffc2]YM[0xffffff89][0xffffffe0]][0x9]W[0xffffff9e],%[0xfffffff2]v%\[0xffffffb5]r[0xffffff94]H[0xffffffd9][0xffffff95][0xffffffd0][0xffffffe2][0xffffffdd][0xffffffa0][0xffffff84][0xffffffdb][0xffffff95][0xffffffb8][0xffffffae][0x17][0xfffffff6]T[0x2][0xffffffdf][0xffffff95]8[0x3]v%N[0xfffffff3][0xfffffff1]sa[0xffffffc0][0xffffffb1]][0xffffff89]S>o&)[0x11][0xffffffb2]+a[0x3][0xffffffc9]P"`WB[0xffffffc2]YM[0xffffff89][0xffffffe0]][0x9]W[0xffffff9e],%[0xfffffff2]v%\[0xffffffb5]r[0xffffff94]H[0xffffffd9][0xffffff95][0xffffffd0][0xffffffe2][0xffffffdd][0xffffffa0]Dw[0xffffff94][0xffffffb8][0xffffff9f]AQ[0xffffffa2][0xffffffe3][0xffffff94][0xffffffe8][0x1][0xffffff94][0xffffffe8][0xffffff9a][0xfffffff7][0xffffffc2][0xffffff80]w[0xffffff8c][0x12]=[0xffffff89][0x12][0x1a]E[0xffffff86][0x12].[0xffffff90][0xc]%4[0xffffff96][0xfffffff5][0xffffff94]X[0xffffffc3]YM[0xffffff89]5[0xffffffa2]I[0xffffff94]0[0xffffffe5][0xffffffc9]R[0xffffffc2]v)K[0x9]S[0xffffffad][0x1c]%[0xffffffa4]i)JH[0xfffffff1]nP[0xffffffc2][0xffffffed]J[0xffffffdc][0xffffffed]E[0xffffffbd]vy[0xffffffe2][0xffffffbb][0x12]g[0xffffffc0][0xffffffae][0xffffffc4]i>~.[0xc]8[0xffffffb6]+q[0xffffffca][0xffffffe7][0xffffffcd]$%Bv%l [0x19]J[0x4][0xffffffec]JH8[0xffffffab])[0x11][0xffffffbc]+[0xffffffe1][0xffffffca][0xffffff93][0xffffffa5]D[0xffffffde][0xffffffae][0xffffff84][0xffffffab]V[0xffffff8e][0x12])[0xffffffbb][0x12]Z[0xffffffbc][0x1b][0xffffff94]8-%.[0xffffffec][0xffffffa9][0xffffffc4][0xffffff89]S[0xffffffe2][0xc][0xffffffa0][0xffffffc4][0xffffffa9]y/[0xc][0xfffffff8][0xffffff89]Q[0xffffffe2]L[0xffffffa2][0xffffff84]F[0xffffff91][0xffffffa1][0xffffff84][0xb]$C[0x9][0xffffff8d]e=%[0xffffffd6]pVSb[0xffffff8d]h[0x12]%Ly[0xffffffb2][0xffffff94][0xffffffb0]][0xffffffca]R[0xffffffc2]T+G[0x9]iZ[0xffffff8a][0x12]R[0xffffffbc][0x1b][0xffffff94][0xffffffb8][0x1c]%[0xfffffffa][0xffffff8b][0x1a][0xffffffce][0xfffffffe][0xffffffbc][0x1f][0xffffff98][0x12]W[0x0]%.[0xffffffcd]{a[0xffffffc0]/[0xffffff8c][0x12]W[0x12]%4[0xffffff8a][0xc]%\ [0x19]Jh,[0xffffffeb])[0xffffffb1][0xffffff86][0xffffffb3][0xffffff9a][0x12]kD[0xffffff93](a[0xffffffca][0xffffff93][0xffffffa5][0xffffff84][0xffffffed]R[0xffffff96][0x12][0xffffffa6]Z9JH[0xffffffd3]R[0xffffff94][0xffffff90][0xffffffe2][0xffffffdd][0xffffffa0][0xffffff84][[0xffffffbb][0xffffffbc][0xfffffffb][0xffffff89]}[0xffffffc1][0xffffff81][0xffffffaf]][0xffffff9e][0x1]k[0xffffff97][0xffffffa7][0xffffff99]d+[0xc]8[0xffffffb6]vy[0xffffffca][0xffffffe8][0x1a]I[0xffffff89][0xffffff90][0xffffffb5]K[0x1b]H[0xffffff86][0x12][0x1]k[0xffffff97][0x12][0xffffffce]jJ[0x4][0xffffffaf]][0xffffffba][0xfffffff2]d)[0xffffff91][0xffffffb7]v[0xffffffe9][0xffffffaa][0xffffff95][0xffffffa3]D[0xffffffca][0xffffffda][0xffffffa5][0x16][0xffffffef][0x6]%[0xffffffdc]D[0xffffffd5]=[0xffffffb0][0xffffff89][0xffffffaa][0x13][0xffffff9f][0xffffffa8]:[0x3]&[0xffffffaa]N[0xffffffb3][0xffffffa3]R[0x18]pl[0xffffffa2][0xffffffea][0xffffff94][0xffffffa5][0x14][0xffffff92][0x12]![0x13]U6[0xffffff90][0xc]%[0x2]&[0xffffffaa]$[0xffffff9c][0xffffffd5][0xffffff94][0x8][0xffffff9e][0xffffffa8]r[0xffffffe5][0xffffffc9]R"o[0xffffffa2][0xffffffca]U+G[0xffffff89][0xffffff94][0xffffff89]*-[0xffffffde][\r]JLG[0xffffff89][0xffffff93][0xfffffffb][0xffffff82]c[0xffffffe2][0xffffff94][0xffffff98][0x1][0xffffff94][0xffffff98][0xffffff9a][0xfffffff7][0xffffffc2][0xffffff80]O[0xffffff8c][0x12]3[0xffffff89][0x12][0x1a]E[0xffffff86][0x12].[0xffffff90][0xc]%4[0xffffff96][0xfffffff5][0xffffff94]X[0xffffffc3]YM[0xffffff89]5[0xffffffa2]I[0xffffff94]0[0xffffffe5][0xffffffc9]R[0xffffffc2]v)K[0x9]S[0xffffffad][0x1c]%[0xffffffa4]i)JH[0xfffffff1][0xfffffffe]>%.[0xffffffb7]vy[0xffffffcf]y@[0xffffff94][0xffffffb8][0xfffffff0][0xffffffb5][0xffffffcb]+`[0xffffffed][0xfffffff2]2[0xffffff93]lu[0x1][0xffffffbf][0xffffffb0][0xffffffb5][0xffffffcb]KF[0xffffffd7]@J[0xffffff98]("[0xffffff94][0xffffffb0][0xffffff81]D(abYN[0x9][0x9]g1%$[0xffffffa2]A[0xffffff94]p[0xffffffe5][0xffffff89]R[0xffffffc2]w)J[0x9]W[0xffffffad][0x18]%[0xffffffb4]i!Jh[0xfffffff1]nP[0xffffffc2][0xffffffad]]]]><![CDATA[>[0xffffffed][0xffffffa0]&[0xffffffaa].|[0xffffffed][0xfffffff2][\n]"
08:17:55.174 [TestNG-PoolService-1] DEBUG org.apache.hc.client5.http.wire -- http-outgoing-3 << "[0x3][0xffffff8e]MT[\r]YJ!)[0x11]2Qe[0x3][0xffffffc9]P"`[0xffffffa2]J[0xffffffc2]YM[0xffffff89][0xffffffe0][0xffffff89]*W[0xffffff9e],%[0xfffffff2]&[0xffffffaa]\[0xffffffb5]r[0xffffff94]H[0xffffff99][0xffffffa8][0xffffffd2][0xffffffe2][0xffffffdd][0xffffffa0][0xffffff84][0xffffff9b][0xffffffa8]j[0xfffffffd][0xffffffa4]v%[0x6]>Q5[0x2]&[0xffffffaa][0xffffff86][0xffffffd9]Q)[0xc]86Q5d)[0xffffff85][0xffffffa4]D[0xffffffc8]D[0xffffff95][\r]$C[0xffffff89][0xffffff80][0xffffff89]*[0x9]g5%[0xffffff82]'[0xffffffaa]\y[0xffffffb2][0xffffff94][0xffffffc8][0xffffff9b][0xffffffa8]r[0xffffffd5][0xffffffca]Q"e[0xffffffa2]J[0xffffff8b]w[0xffffff83][0x12][0xffffffdd]Q[0xffffffe2][0xffffffbe][0x1e][0xffffff8a][0x12][0x1d][0xffffffa7]D[0xf][0xffffffa0]D[0xffffffd7][0xffffffbc][0x17][0x6][0xffffffbc]c[0xffffff94][0xffffffe8]I[0xffffff94][0xffffffd0](2[0xffffff94]p[0xffffff81]d([0xffffffa1][0xffffffb1][0xffffffac][0xffffffa7][0xffffffc4][0x1a][0xffffffce]jJ[0xffffffac][0x11]M[0xffffffa2][0xffffff84])O[0xffffff96][0x12][0xffffffb6]KYJ[0xffffff98]j[0xffffffe5](!MKQB[0xffffff8a]w[0xffffff8b][0x12]-[0xffffff8c][0x12][\r][0xffffffa7]D[0xb][0xffffffa0]DC)[0xffffffd1]0J[0xffffffb4]$J[0xffffffac]Q[0xffffffa4]([0xffffffa1][0xffffff81][0xffffffa4]([0xffffffb1][0xffffffc6][0xffffff92][0xffffffa0]D[0xffffff83])[0xffffffd1][0xffffff82])![0xffffffe5]IS[0xffffffc2]t)M[0x9][0xffffffa9]V[0xffffff92][0x12]-[0xffffff85][0x12][0xffffffed]/P[0xffffffe2][\n]"
08:17:55.174 [TestNG-PoolService-2] DEBUG org.apache.hc.client5.http.wire -- http-outgoing-5 << "X[0xffffffbb][0xffffffbc][0xffffffcc]$[a[0xffffffc0][0xffffffb1][0xffffffb5][0xffffffcb]KF[0xffffffd7]HJ[0xffffff84][0xffffffac]][0xffffffda]@2[0xffffff94][0x8]X[0xffffffbb][0xffffff94]pVS"x[0xffffffed][0xffffffd2][0xffffff95]'K[0xffffff89][0xffffffbc][0xffffffb5]KW[0xffffffad][0x1c]%R[0xffffffd6].[0xffffffb5]x7([0xffffffe1][0xffffffd6].[0xffffff9f][0xffffff93]{*[0xffffff81][0xffffffaf]]^[0x1]k[0xffffff97][0xffffff97][0xffffff99]d+[0xc]8[0xffffffb6]vy[0xffffffc9][0xffffffe8][0x1a]I[0xffffff89][0xffffff90][0xffffffb5]K[0x1b]H[0xffffff86][0x12][0x1]k[0xffffff97][0x12][0xffffffce]jJ[0x4][0xffffffaf]][0xffffffba][0xfffffff2]d)[0xffffff91][0xffffffb7]v[0xffffffe9][0xffffffaa][0xffffff95][0xffffffa3]D[0xffffffca][0xffffffda][0xffffffa5][0x16][0xffffffef][0x6]%[0xffffffba][0xffffffa3][0xffffffc4][0xfffffff3]z(Jt[0xffffff9c][0x12]=[0xffffff80][0x12]][0xfffffff3]^[0x18][0xfffffff0][0xffffff8e]Q[0xffffffa2]'QB[0xffffffa3][0xffffffc8]P[0xffffffc2][0x5][0xffffff92][0xffffffa1][0xffffff84][0xffffffc6][0xffffffb2][0xffffff9e][0x12]k8[0xffffffab])[0xffffffb1]F4[0xffffff89][0x12][0xffffffa6]<YJ[0xffffffd8].e)a[0xffffffaa][0xffffff95][0xffffffa3][0xffffff84]4-E[0x9])[0xffffffde][\r]J[0xffffffb8][0xffffffb5][0xffffffcb]y[0xffffffdc][0xffffffd4][0x17][0x1c][0x17][0xffffffbe]vy[0x5][0xffffffac]]^f[0xffffff92][0xffffffad]0[0xffffffe0][0xffffffd8][0xffffffda][0xffffffe5]%[0xffffffa3]k$%B[0xffffffd6].m [0x19]J[0x4][0xffffffac]]J8[0xffffffab])[0x11][0xffffffbc]v[0xffffffe9][0xffffffca][0xffffff93][0xffffffa5]D[0xffffffde][0xffffffda][0xffffffa5][0xffffffab]V[0xffffff8e][0x12])k[0xffffff97]Z[0xffffffbc][0x1b][0xffffff94]pk[0xffffff97][0xffffffb3]?[0xffffffd8]S[0x9]|[0xffffffed][0xfffffff2][\n]"
08:17:55.174 [TestNG-PoolService-3] DEBUG org.apache.hc.client5.http.wire -- http-outgoing-4 << "I[0xffffff89][0xffffff90][0xffffff89]*[0x1b]H[0xffffff86][0x12][0x1][0x13]U[0x12][0xffffffce]jJ[0x4]OT[0xffffffb9][0xfffffff2]d)[0xffffff91]7Q[0xffffffe5][0xffffffaa][0xffffff95][0xffffffa3]D[0xffffffca]D[0xffffff95][0x16][0xffffffef][0x6]%[0xffffffdc]D[0xffffffd5]5n[0xffffffec][0xffffffa9][0x4]>Qu[0x6]LT[0xffffff9d]fG[0xffffffa5]0[0xffffffe0][0xffffffd8]D[0xffffffd5])K)$%B&[0xffffffaa]l [0x19]J[0x4]LTI8[0xffffffab])[0x11]<Q[0xffffffe5][0xffffffca][0xffffff93][0xffffffa5]D[0xffffffde]D[0xffffff95][0xffffffab]V[0xffffff8e][0x12])[0x13]UZ[0xffffffbc][[0xffffff94]ha[0xffffff94][0xffffff80][0xffffff8f][0xfffffff3][0xfffffffa][0xffffffba][0x3][0xffffff9e][0x12][0xffffffe0]q^_W[0xffffffa7]([0xffffff91]s[0xffffff9c][0xffffff97][0xffffff89]"E[0xffffff89][0xffffff90][0xffffffe3][0xffffffbc]L,[0x9]J[0xffffffa0][0xffffffc7]yID[0xffffffb3]([0xffffff91]u[0xffffff9c][0xffffff97][0xffffffef]R[0xffffff9a][0x12]9[0xffffffc7]yi[0xffffffd3]r[0xffffff94][0xfffffff8][0xffffffe3][0xffffffe3][0xffffffbc].7Qu[0xffffffbf][0xffffff9e][0x6]Q[0xffffffe2][0xffffffc2]'[0xffffffaa][0xffffffae][0xffffff80][0xffffff89][0xffffffaa][0xffffffcb][0xffffffec][0xffffffa8][0xffffffd4][0x5][0xfffffffc][0xffffffc2]&[0xffffffaa].YJ[0x1])a[0xffffffa2][0xffffff88]P[0xffffffc2][0x6][0x12][0xffffffa1][0xffffff84][0xffffff89]e9%$[0xffffff9c][0xffffffc5][0xffffff94][0xffffff90][0xffffff88][0x6]Q[0xffffffc2][0xffffff95]'J[0x9][0xffffffdf][0xffffffa5](%\[0xffffffb5]b[0xffffff94][0xffffffd0][0xffffffa6][0xffffff85]([0xffffffa1][0xffffffc5][0xffffffbb]A[0xffffff89][0xffffffc3]Q[0xffffffa2][0xffffffdd][0xffffffd4][0xffffffc9][0xffffffa0][0xffffff9f][0xfffffff7][0x3]S[0xffffffe2][0x8][0xffffffa0][0xffffffc4][0xffffffa1]y/[0xc][0xfffffff8][0xffffff81]Q[0xffffffe2]H[0xffffffa2][0xffffff84]F[0xffffff91][0xffffffa1][0xffffff84][0xb]$C[0x9][0xffffff8d]e=%[0xffffffd6]pVSb[0xffffff8d]h[0x12]%Ly[0xffffffb2][0xffffff94][0xffffffb0]][0xffffffca]R[0xffffffc2]T+G[0x9]iZ[0xffffff8a][0x12]R[0xffffffbc][0x1b][0xffffff94]pk[0xffffff97][0xfffffff7]5[0xffffffb1][0xffffffa7][0x12][0xfffffff8][0xffffffda][0xffffffe5][0x15][0xffffffb0]vy[0xffffff99]I[0xffffffb6][0xffffffc2][0xffffff80]ck[0xffffff97][0xffffff97][0xffffff8c][0xffffffae][0xffffff91][0xffffff94][0x8]Y[0xffffffbb][0xffffffb4][0xffffff81]d([0x11][0xffffffb0]v)[0xffffffe1][0xffffffac][0xffffffa6]D[0xfffffff0][0xffffffda][0xffffffa5]+O[0xffffff96][0x12]yk[0xffffff97][0xffffffae]Z9J[0xffffffa4][0xffffffac]]j[0xfffffff1]nP[0xffffffc2][0xffffffad]][0xffffffde][0xffffffcf][0xffffff83]=[0xffffff95][0xffffffc0][0xffffffd7].[0xffffffaf][0xffffff80][0xffffffb5][0xffffffcb][0xffffffcb]L[0xffffffb2][0x15][0x6][0x1c][[0xffffffbb][0xffffffbc]dt[0xffffff8d][0xffffffa4]D[0xffffffc8][0xffffffda][0xffffffa5][\r]$C[0xffffff89][0xffffff80][0xffffffb5]K[0x9]g5%[0xffffff82][0xffffffd7].]y[0xffffffb2][0xffffff94][0xffffffc8][[0xffffffbb]t[0xffffffd5][0xffffffca]Q"e[0xffffffed]R[0xffffff8b]w[0xffffff83][0x12][0xffffffc3]P[0xffffffe2]i7[0xfffffff5]1[0xffffffe8][0xffffffe7][0xfffffffd][0xffffffc0][0xffffff94][0x18][0x1][0xffffff94][0x18][0xffffff9a][0xfffffff7][0xffffffc2][0xffffff80][0xf][0xffffff8c][0x12]#[0xffffff89][0x12][0x1a]E[0xffffff86][0x12].[0xffffff90][0xc]%4[0xffffff96][0xfffffff5][0xffffff94]X[0xffffffc3]YM[0xffffff89]5[0xffffffa2]I[0xffffff94]0[0xffffffe5][0xffffffc9]R[0xffffffc2]v)K[0x9]S[0xffffffad][0x1c]%[0xffffffa4]i)JH[0xfffffff1]nP[0xffffffc2]MT=[0xffffff9d][0xfffffffb][0xffffff81][0x3][0xffffff9f][0xffffffa8][0xffffffba][0x2]&[0xffffffaa].[0xffffffb3][0xffffffa3]R[0x18]pl[0xffffffa2][0xffffffea][0xffffff92][0xffffffa5][0x14][0xffffff92][0x12]![0x13]U6[0xffffff90][0xc]%[0x2]&[0xffffffaa]$[0xffffff9c][0xffffffd5][0xffffff94][0x8][0xffffff9e][0xffffffa8]r[0xffffffe5][0xffffffc9]R"o[0xffffffa2][0xffffffca]U+G[0xffffff89][0xffffff94][0xffffff89]*-[0xffffffde][\r]J[0xffffffb8][0xffffff89][0xffffffaa]gt[0xffffffec][0x7][0xe]|[0xffffffa2][0xffffffea][\n]"
08:17:55.174 [TestNG-PoolService-1] DEBUG org.apache.hc.client5.http.wire -- http-outgoing-3 << "[0xffffffa3][0xffffffc4][0xffffff85]S[0xffffffe2][\n]"
08:17:55.174 [TestNG-PoolService-2] DEBUG org.apache.hc.client5.http.wire -- http-outgoing-5 << "X[0xffffffbb][0xffffffbc][0xffffffcc]$[a[0xffffffc0][0xffffffb1][0xffffffb5][0xffffffcb]KF[0xffffffd7]HJ[0xffffff84][0xffffffac]][0xffffffda]@2[0xffffff94][0x8]X[0xffffffbb][0xffffff94]pVS"x[0xffffffed][0xffffffd2][0xffffff95]'K[0xffffff89][0xffffffbc][0xffffffb5]KW[0xffffffad][0x1c]%R[0xffffffd6].[0xffffffb5]x7([0xffffffe1][0xffffffd6].[0xffffffe7][0xfffffff5][0x1a][0x14]%[0xfffffff0][0xffffffb5][0xffffffcb]+`[0xffffffed][0xfffffff2]2[0xffffff93]l[0xffffff85][0x1][0xffffffc7][0xffffffd6]./[0x19]]#)[0x11][0xffffffb2]vi[0x3][0xffffffc9]P"`[0xffffffed]R[0xffffffc2]YM[0xffffff89][0xffffffe0][0xffffffb5]KW[0xffffff9e],%[0xfffffff2][0xffffffd6].][0xffffffb5]r[0xffffff94]HY[0xffffffbb][0xffffffd4][0xffffffe2][0xffffffdd][0xffffffa0][0xffffff84][0xffffff9b][0xffffffa8][0xffffff9a][0xffffffcf]C[0xffffffad]]^[0xfffffff8]D[0xffffffd5][0x15]0Qu[0xffffff99][0x1d][0xffffff95][0xffffffc2][0xffffff80]c[0x13]U[0xffffff97],[0xffffffa5][0xffffff90][0xffffff94][0x8][0xffffff99][0xffffffa8][0xffffffb2][0xffffff81]d([0x11]0Q%[0xffffffe1][0xffffffac][0xffffffa6]D[0xfffffff0]D[0xffffff95]+O[0xffffff96][0x12]y[0x13]U[0xffffffae]Z9J[0xffffffa4]LTi[0xfffffff1]nP[0xffffffc2]MT[0xffffffcd]yc[0x1f][0xffffff83][0xffffffe2][0x13]UW[0xffffffc0]D[0xffffffd5]evT[\n]"
08:17:55.175 [TestNG-PoolService-1] DEBUG org.apache.hc.client5.http.wire -- http-outgoing-3 << "[0xffffffa0][0xffffffc4][0xffffff85]R[0xffffffe2][0xffffffc2](q%Qb[0xffffff8d]"E[0x9][\r]$E[0xffffff89]5[0xffffff96][0x4]%.[0xffffff98][0x12]W0%[0xffffffa4]<iJ[0xffffff98].[0xffffffa5])![0xffffffd5]JR[0xffffffe2]J[0xffffffa1][0xffffffc4][0xfffffff5][0x17](q[0xffffffa4]Y[0xffffffe2][0xffffffe0]1q$h[0xffffffe2]`9qp[0xffffff9e]8[0xffffffa2]@!y[0xffffffa4]DaRI[0xffffff91]B[0xffffffb2]I[0xffffff98][0xffffffe2][0xffffffa0]Qq$[0xffffffab]Bk[0xffffff94]f[0xffffff85]kU[0xffffffda][0x15]Z[0xffffffb2]$,[0xffffffd6][0xffffffce][0xffffffe5]d[0xffffffb1]V[0xfffffff0][0x16]-[0xffffffda][0x1d]F[0xffffff8b]v[0xffffffe3][0xffffffb4][0xfffffff8][0xffffffb8][0x5][0xffffff9e][0x16]?n[0xffffff82][0xffffffa2][0xffffffc5][0xffffffc7][0xffffffe5])Z|_:[0xffffff85][0x16][0xffffff92]G[0xffffff8a][0x16]&[0xffffff95][0x14]-$[0xffffff9b][0x4]-[0xffffff96][0xffffff84][0xffffffd6][0xffffffd3]b[0xffffffc9]i[0x16]-[0xffffffb4]FiZ[0xffffffb8]V[0xffffffa5]i[0xffffffa1]%K[0xffffffd2]b[0xffffffed]\[0xffffff8e][0x16]k[0x5]o[0xffffffd1][0xffffffa2][0xffffff9f]a[0xffffffb4][0xffffffe8]'N[0xffffff8b][0xffffff8f][[0xffffffe0]i[0xfffffff1][0xffffffe3]&(Z|\[0xffffff9e][0xffffffa2][0xffffffc5][0xfffffff7][0xffffffa5]Sh!y[0xffffffa4]haRI[0xffffffd1]B[0xffffffb2]I[0xffffffd0]bIh=-[0xffffff96][0xffffff9c]f[0xffffffd1]Bk[0xffffff94][0xffffffa6][0xffffff85]kU[0xffffff9a][0x16]Z[0xffffffb2]$-[0xffffffd6][0xffffffce][0xffffffe5]h[0xffffffb1]V[0xfffffff0][0x16]-[0xffffffbe]>[0x14]M[0xffffffa2][0xffffffc5][0xffffffd9]qZ|[0xffffffdc][0x2]O[0xffffff8b][0x1f]7A[0xffffffd1][0xffffffe2][0xffffffe3][0xfffffff2][0x14]-[0xffffffbe]/[0xffffff9d]B[0xb][0xffffffc9]#E[0xb][0xffffff93]J[0xffffff8a][0x16][0xffffff92]M[0xffffff82][0x16]KB[0xffffffeb]i[0xffffffb1][0xffffffe4]4[0xffffff8b][0x16]Z[0xffffffa3]4-\[0xffffffab][0xffffffd2][0xffffffb4][0xffffffd0][0xffffff92]%i[0xffffffb1]v.G[0xffffff8b][0xffffffb5][0xffffff82][0xffffffb7]h1[0xffffff9f]0Z[0xffffffcc][0x7][0xffffffa7][0xffffffc5][0xffffffc7]-[0xfffffff0][0xffffffb4][0xfffffff8]q[0x13][0x14]->.O[0xffffffd1][0xffffffe2][0xfffffffb][0xffffffd2])[0xffffffb4][0xffffff90]<R[0xffffffb4]0[0xffffffa9][0xffffffa4]h![0xffffffd9]$h[0xffffffb1]$[0xffffffb4][0xffffff9e][0x16]KN[0xffffffb3]h[0xffffffa1]5J[0xffffffd3][0xffffffc2][0xffffffb5]*M[0xb]-Y[0xffffff92][0x16]k[0xffffffe7]r[0xffffffb4]X+x[0xffffff8b][0x16]G[0xffffff8b]{[0xffffff8f][0xffffffb3][0x5][0xffffffbc][0xffffffc8][0xffffffd9]"[0xffffffde][0xffffffe4]l[0xfffffff0][0xffffffab][0xffffff9c][\r]|[0xffffff97][0xffffffb3]e[0xffffffbd][0xffffffcc])[0xffffffa1][0xffffffa4][0xffffff84][0xffffffe1][0xffffffa2]I[0x11]C[0x3]J[0x18]c[0xffffff8d]i=2[0xffffffd6][0xffffffb0]f)[0xffffffc3][0x14]*[0xffffffcd][0xc][0xffffffdb][0xffffffaf][0xffffffb4]3L[0xffffffdd][0xffffff92][0xffffffd0][0xffffff90][0xfffffff6][0xffffffe5][0xffffffa4]!e[0xffffffbc]I[0xffffff8d][0xffffffb4][0xfffffff7]:[0xffffff8f][0xffffff80][0x17];[0xffffff8f][0xffffff88]7;[0xf]}[0xffffffeb][0xffffffa8]8[0xffffffec][0xffffffdc][0xffffffbb][0xffffff9d]G[0xffffffd6][0xffffffcb][0xffffff9d][0x1a]J[0xffffff8e][0x1a]9[0xffffffaf]wj@[0x19]j[0xffffffd0]/x[0xffffffae]a"
08:17:55.175 [TestNG-PoolService-2] DEBUG org.apache.hc.client5.http.wire -- http-outgoing-5 << "[0x3][0xffffff8e]MT][0xffffffb2][0xffffff94]BR"d[0xffffffa2][0xffffffca][0x6][0xffffff92][0xffffffa1]D[0xffffffc0]D[0xffffff95][0xffffff84][0xffffffb3][0xffffff9a][0x12][0xffffffc1][0x13]U[0xffffffae]<YJ[0xffffffe4]MT[0xffffffb9]j[0xffffffe5]([0xffffff91]2Q[0xffffffa5][0xffffffc5][0xfffffffb][0xfffffffb][0xffffff94][0xffffffb8][0xffffffcd]D[0xffffffd5]|[0xffffffbd]:E[0xffffff89][0x1b][0xffffff9f][0xffffffa8][0xffffffba][0x3]&[0xffffffaa]n[0xffffffb3][0xffffffa3]R[0x17][0xfffffff0][0x1b][0xffffff9b][0xffffffa8][0xffffffba]e)[0x5][0xffffffa4][0xffffff84][0xffffff89]"B[0x9][0x1b]H[0xffffff84][0x12]&[0xffffff96][0xffffffe5][0xffffff94][0xffffff90]p[0x16]SB"[0x1a]D[0x9]W[0xffffff9e](%|[0xffffff97][0xffffffa2][0xffffff94]p[0xffffffd5][0xffffff8a]QB[0xffffff9b][0x16][0xffffffa2][0xffffff84][0x16][0xffffffef][0x6]%[0xffffffcc]D[0xffffffd5][0x7]%n[0xffffffea]d[0xffffffd0][0x1b][0xffffff9f][0xffffffa8][0xffffffba][0x3]&[0xffffffaa]n[0xffffffb3][0xffffffa3]R[0x18]pl[0xffffffa2][0xffffffea][0xffffff96][0xffffffa5][0x14][0xffffff92][0x12]![0x13]U6[0xffffff90][0xc]%[0x2]&[0xffffffaa]$[0xffffff9c][0xffffffd5][0xffffff94][0x8][0xffffff9e][0xffffffa8]r[0xffffffe5][0xffffffc9]R"o[0xffffffa2][0xffffffca]U+G[0xffffff89][0xffffff94][0xffffff89]*-[0xffffffde][\r]J[0xffffff98][0xffffff89][0xffffffaa][0xfffffff9]::5Qu[0xffffffe3][0x13]Uw[0xffffffc0]D[0xffffffd5]mvT[\n]"
08:17:55.175 [TestNG-PoolService-3] DEBUG org.apache.hc.client5.http.wire -- http-outgoing-4 << "[0xffffff98][0xffffffa8][0xffffffba][0xffffffcc][0xffffff8e]Ja[0xffffffc0][0xffffffb1][0xffffff89][0xffffffaa]K[0xffffff96]RHJ[0xffffff84]LT[0xffffffd9]@2[0xffffff94][0x8][0xffffff98][0xffffffa8][0xffffff92]pVS"x[0xffffffa2][0xffffffca][0xffffff95]'K[0xffffff89][0xffffffbc][0xffffff89]*W[0xffffffad][0x1c]%R&[0xffffffaa][0xffffffb4]x7([0xffffffe1]&[0xffffffaa][0xffffff9e]1[0xf][0xffffff8a][0x12][0xfffffff8]D[0xffffffd5][0x15]0Qu[0xffffff99][0x1d][0xffffff95][0xffffffc2][0xffffff80]c[0x13]U[0xffffff97],[0xffffffa5][0xffffff90][0xffffff94][0x8][0xffffff99][0xffffffa8][0xffffffb2][0xffffff81]d([0x11]0Q%[0xffffffe1][0xffffffac][0xffffffa6]D[0xfffffff0]D[0xffffff95]+O[0xffffff96][0x12]y[0x13]U[0xffffffae]Z9J[0xffffffa4]LTi[0xfffffff1][0xfffffffe]>%n[0xffffffb7]+[0xfffffff1]<[0xffffff9d][0xffffffa2][0xffffffc4][0xffffff8d][0xffffffef]J[0xffffffdc][0x1][0xffffffbb][0x12][0xffffffb7][0xfffffff9][0xfffffff8][0xffffffb9].[0xffffffe0]7[0xffffffb6]+q[0xffffffcb][0xffffffe7][0xffffffcd] %L[0x14][0x11]J[0xffffffd8]@"[0xffffff94]0[0xffffffb1],[0xffffffa7][0xffffff84][0xffffff84][0xffffffb3][0xffffff98][0x12][0x12][0xffffffd1] J[0xffffffb8][0xfffffff2]D)[0xffffffe1][0xffffffbb][0x14][0xffffffa5][0xffffff84][0xffffffab]V[0xffffff8c][0x12][0xffffffda][0xffffffb4][0x10]%[0xffffffb4]x[0xffffffb7]([0xffffffd1][0xffffffc2]([0x1][0xffffffaf]]~[0xffffffdd][0x1]O[0x9]p[0xffffffed][0xfffffff2][0xffffffeb][0xffffffea][0x14]%r[0xffffffd6].M[0x14])J[0xffffff84][0xffffffac]][0xffffff9a]X[0x12][0xffffff94]@[0xffffffd7].%[0xffffffa2]Y[0xffffff94][0xffffffc8]Z[0xffffffbb][0xfffffff4]]JS"g[0xffffffed]R[0xffffff9b][0xffffff96][0xffffffa3][0xffffffc4][0x1f][0xffffffaf]][0xffffffde][0xffffff87][0xffffffa3][0xffffffc4][0xffffffbc][0x1e][0xffffff8a][0x12][0x7]N[0xffffff89]#[0xffffff80][0x12][0xffffff87][0xffffffe6][0xffffffbd]0[0xffffffe0][0x7]F[0xffffff89]#[0xffffff89][0x12][0x1a]E[0xffffff86][0x12].[0xffffff90][0xc]%4[0xffffff96][0xfffffff5][0xffffff94]X[0xffffffc3]YM[0xffffff89]5[0xffffffa2]I[0xffffff94]0[0xffffffe5][0xffffffc9]R[0xffffffc2]v)K[0x9]S[0xffffffad][0x1c]%[0xffffffa4]i)JH[0xfffffff1]nPb[0xffffff98][0x1f]8[0xffffffe6]st[0xffffff8a][0x12][0x3][0xffffffff][0xffffff81]c[0x4][0xfffffffc][0xffffffc0]1[0xfffffff4])\a[0xffffffc0][0x7][0xfffffff6][0x3][0xffffffc7]H[0xfffffffa][0xffffff81]C[0xffffffa3][0xffffffc8]P[0xffffffc2][0x5][0xffffff92][0xffffffa1][0xffffff84][0xffffffc6][0xffffffb2][0xffffff9e][0x12]k8[0xffffffab])[0xffffffb1]F4[0xffffff89][0x12][0xffffffa6]<YJ[0xffffffd8].e)a[0xffffffaa][0xffffff95][0xffffffa3][0xffffff84]4-E[0x9])[0xffffffde]-J[0xfffffff4]0Jt[0xffffff9c][0x12]=[0xffffff80][0x12][0x1d][0xffffffa5]D[0xffffffc7]([0xffffffd1][0xffffff93]([0xffffffb1]F[0xffffff91][0xffffffa2][0xffffff84][0x6][0xffffff92][0xffffffa2][0xffffffc4][0x1a]K[0xffffff82][0x12][0x1d][0xffffffa6]D[0xf][0xffffffa6][0xffffff84][0xffffff94]'M[0x9][0xffffffd3][0xffffffa5]4%[0xffffffa4]ZIJ[0xfffffff4][0x14]J[0xfffffff4]?[0xffffffa6][0xffffffc4][0xffffffa9]O%[0xffffff8e][0xffffffd7][0xffffff81][0xffffffad]]~[0xffffffde][0xf]L[0xffffff89]3[0xffffffe0][0xffffffa9][0xffffffc4][0xffffffa9]t.[0xc][0xfffffff8][0xffffff89]=[0xffffff95]8[0xffffff93][0xffffff9e]Jh[0x14][0x19]J[0xffffffb8]@2[0xffffff94][0xffffffd0]X[0xffffffd6]Sb[\r]g5%[0xffffffd6][0xffffff88]&Q[0xffffffc2][0xffffff94]'K[0x9][0xffffffdb][0xffffffa5],%L[0xffffffb5]r[0xffffff94][0xffffff90][0xffffffa6][0xffffffa5](![0xffffffc5][0xffffffbb]A[0x9]3Qu[0xffffffbc][0xffffffae][0xffffff9b][0xffffff9a][0xffffffa8][0xffffffba][0xfffffff1][0xffffff89][0xffffffaa];`[0xffffffa2][0xffffffea]6;*[0xffffff85][0x1][0xffffffc7]&[0xffffffaa]nYJ!)[0x11]2Qe[0x3][0xffffffc9]P"`[0xffffffa2]J[0xffffffc2]YM[0xffffff89][0xffffffe0][0xffffff89]*W[0xffffff9e],%[0xfffffff2]&[0xffffffaa]\[0xffffffb5]r[0xffffff94]H[0xffffff99][0xffffffa8][0xffffffd2][0xffffffe2][0xffffffdd][0xffffffa0][0xffffff84][0xffffff99][0xffffffa8]:^[0xf][0xffffffb6]+q[0xffffffe3][0x13]Uw[0xffffffc0]D[0xffffffd5]mvT[\n]"
08:17:55.175 [TestNG-PoolService-2] DEBUG org.apache.hc.client5.http.wire -- http-outgoing-5 << "[0x3][0xffffff8e]MT[0xffffffdd][0xffffffb2][0xffffff94]BR"d[0xffffffa2][0xffffffca][0x6][0xffffff92][0xffffffa1]D[0xffffffc0]D[0xffffff95][0xffffff84][0xffffffb3][0xffffff9a][0x12][0xffffffc1][0x13]U[0xffffffae]<YJ[0xffffffe4]MT[0xffffffb9]j[0xffffffe5]([0xffffff91]2Q[0xffffffa5][0xffffffc5][0xffffffbb]A[0xffffff89][0xffffffee]([0xffffffd1]&[0xfffffff6]T[0xffffffa2][0xffffffe3][0xffffff94][0xffffffe8][0x1][0xffffff94][0xffffffe8][0xffffff9a][0xfffffff7][0xffffffc2][0xffffff80]w[0xffffff8c][0x12]=[0xffffff89][0x12][0x1a]E[0xffffff86][0x12].[0xffffff90][0xc]%4[0xffffff96][0xfffffff5][0xffffff94]X[0xffffffc3]YM[0xffffff89]5[0xffffffa2]I[0xffffff94]0[0xffffffe5][0xffffffc9]R[0xffffffc2]v)K[0x9]S[0xffffffad][0x1c]%[0xffffffa4]i)JH[0xfffffff1]nP[0xffffffc2]LT[0xffffffcd][0xffffffd7]}aO%[0xfffffff0][0xffffff89][0xffffffaa];`[0xffffffa2][0xffffffea]6;*[0xffffff85][0x1][0xffffffc7]&[0xffffffaa]nYJ!)[0x11]2Qe[0x3][0xffffffc9]P"`[0xffffffa2]J[0xffffffc2]YM[0xffffff89][0xffffffe0][0xffffff89]*W[0xffffff9e],%[0xfffffff2]&[0xffffffaa]\[0xffffffb5]r[0xffffff94]H[0xffffff99][0xffffffa8][0xffffffd2][0xffffffe2][0xffffffdd][0xffffffa2]D[0xb][0xffffffa3]D[0xffffffc3])[0xffffffd1][0x2]([0xffffffd1]PJ4[0xffffff8c][0x12]-[0xffffff89][0x12]k[0x14])Jh )J[0xffffffac][0xffffffb1]$([0xffffffd1]`J[0xffffffb4]`JHy[0xffffffd2][0xffffff94]0]JSB[0xffffffaa][0xffffff95][0xffffffa4]DK[0xffffffa1]D[0xfffffffb]cJ[0xffffff98][0xffffffb5][0xffffffcb][0xfffffff9][0xffffffe2]>[0x6][0xffffffbd][0xfffffff1][0xffffffb5][0xffffffcb];`[0xffffffed][0xfffffff2]6[0xffffff93]l[0xffffff85][0x1][0xffffffc7][0xffffffd6].o[0x19]]#)[0x11][0xffffffb2]vi[0x3][0xffffffc9]P"`[0xffffffed]R[0xffffffc2]YM[0xffffff89][0xffffffe0][0xffffffb5]KW[0xffffff9e],%[0xfffffff2][0xffffffd6].][0xffffffb5]r[0xffffff94]HY[0xffffffbb][0xffffffd4][0xffffffe2][0xffffffdd][0xffffffa0][0xffffff84]Y[0xffffffbb][0xffffff9c][0xffffffc7]h[0xffffffd8]S[0x9]|[0xffffffed][0xfffffff2][0xe]X[0xffffffbb][0xffffffbc][0xffffffcd]$[a[0xffffffc0][0xffffffb1][0xffffffb5][0xffffffcb][F[0xffffffd7]HJ[0xffffff84][0xffffffac]][0xffffffda]@2[0xffffff94][0x8]X[0xffffffbb][0xffffff94]pVS"x[0xffffffed][0xffffffd2][0xffffff95]'K[0xffffff89][0xffffffbc][0xffffffb5]KW[0xffffffad][0x1c]%R[0xffffffd6].[0xffffffb5]x[0xffffffb7](1[0xffffffc2](1pJ[0xffffff8c][0x0]J[0xc][0xffffff94][0x12][0x3][0xffffffa3][0xffffffc4]H[0xffffffa2][0xffffffc4][0x1a]E[0xffffff8a][0x12][0x1a]H[0xffffff8a][0x12]k,[0x9]J[0xc][0xffffff98][0x12]#[0xffffff98][0x12]R[0xffffff9e]4%L[0xffffff97][0xffffffd2][0xffffff94][0xffffff90]j%)1R(1[0xfffffffe][0xffffff98][0x12][0xffffffb7]{*q[0xfffffff5]AQ[0xffffffe2][0xffffffc6][0xffffff9f]J[0xffffffdc][0x1]O%n[0xffffffa5]sa[0xffffffc0]o[0xffffffec][0xffffffa9][0xffffffc4][0xffffff9d][0xfffffff4]TB[0xffffffa3][0xffffffc8]P[0xffffffc2][0x5][0xffffff92][0xffffffa1][0xffffff84][0xffffffc6][0xffffffb2][0xffffff9e][0x12]k8[0xffffffab])[0xffffffb1]F4[0xffffff89][0x12][0xffffffa6]<YJ[0xffffffd8].e)a[0xffffffaa][0xffffff95][0xffffffa3][0xffffff84]4-E[0x9])[0xffffffde][\r]J[0xffffff98]38f{u[0xffffffea][0xffffff90][0xfffffff1][0x1b]?[0xffffff83][0xffffffe3][0xe]8[0xffffff83][0xffffffe3]6C[0xfffffff1][0xffffff85][0x1][0xffffffc7][0xffffffce][0xffffffe0][0xffffffb8]e[\n]"
08:17:55.175 [TestNG-PoolService-2] DEBUG org.apache.hc.client5.http.wire -- http-outgoing-5 << "[0xffffff9e][0xffffffa4]D[0xffffffc8][0x19][0x1c]6[0xffffff90][0xc]%[0x2][0xffffffce][0xffffffe0][0xffffff90]pVS"[0xfffffff8][0xc][0xe]W[0xffffff9e],%[0xfffffff2][0xffffffce][0xffffffe0]p[0xffffffd5][0xffffffca]Q"[0xffffffe5][0xc][0xe]-[0xffffffde][\r]J[0xffffff98]38f[0xfffffffb][0xfffffff8]/E[0x9][0xfffffffc][0xc][0xffffff8e];[0xffffffe0][0xc][0xffffff8e][0xffffffdb][0xc][0xffffffc5][0x17][0x6][0x1c];[0xffffff83][0xffffffe3][0xffffff96])x[0xffffff92][0x12]!gp[0xffffffd8]@2[0xffffff94][0x8]8[0xffffff83]C[0xffffffc2]YM[0xffffff89][0xffffffe0]38\y[0xffffffb2][0xffffff94][0xffffffc8];[0xffffff83][0xffffffc3]U+G[0xffffff89][0xffffff94]38[0xffffffb4]x[0x7f][0xffffff9f][0x12][0xffffff8f];[0xffffff83][0xffffffa3]][0xffffff93]zW[0xffffffe2][0xffffffc1][0xffffffcf][0xffffffe0]x[0x2][0xffffffce][0xffffffe0]x[0xffffffcc]P|][0xffffffc0][0x1f][0xffffffec][0xc][0xffffff8e]G[0xffffffa6][0xffffffe0]AJ[0xffffff98]("[0xffffff94][0xffffffb0][0xffffff81]D(abYN[0x9][0x9]g1%$[0xffffffa2]A[0xffffff94]p[0xffffffe5][0xffffff89]R[0xffffffc2]w)J[0x9]W[0xffffffad][0x18]%[0xffffffb4]i!Jh[0xfffffff1]nP[0xffffffc2][0xffffff9d][0xffffffc1][0xffffffd1][0xffffff9e][0xffffff87][0xfffffffa][0x18][0xfffffff4][0xffffffc1][0xffffffcf][0xffffffe0]x[0x2][0xffffffce][0xffffffe0]x[0xffffffcc]P|a[0xffffffc0][0xffffffb1]38[0x1e][0xffffff99][0xffffff82]')[0x11]r[0x6][0xffffff87][\r]$C[0xffffff89][0xffffff80]38$[0xffffff9c][0xffffffd5][0xffffff94][0x8]>[0xffffff83][0xffffffc3][0xffffff95]'K[0xffffff89][0xffffffbc]38\[0xffffffb5]r[0xffffff94]H9[0xffffff83]C[0xffffff8b]w[0xffffff83][0x12][0xffffffee][0xc][0xffffff8e][0xffffffde][0xffffffee]AQ[0x2]?[0xffffff83][0xffffffe3][0x9]8[0xffffff83][0xffffffe3]1C[0xfffffff1][0xffffff85][0x1][0xffffffc7][0xffffffce][0xffffffe0]xd[\n]"
08:17:55.175 [TestNG-PoolService-2] DEBUG org.apache.hc.client5.http.wire -- http-outgoing-5 << "[0xffffff9e][0xffffffa4]D[0xffffffc8][0x19][0x1c]6[0xffffff90][0xc]%[0x2][0xffffffce][0xffffffe0][0xffffff90]pVS"[0xfffffff8][0xc][0xe]W[0xffffff9e],%[0xfffffff2][0xffffffce][0xffffffe0]p[0xffffffd5][0xffffffca]Q"[0xffffffe5][0xc][0xe]-[0xffffffde][\r]J[0xffffffb8][0xffffffe1][0xffffffec][0xffffffde][0x1f][0xffffffec][0x7][0xe]|8[0xfffffffb][0x9][0x18][0xffffffce]~[0xffffffcc][0xffffffba]ka[0xffffffc0][0xffffffb1][0xffffffe1][0xffffffec]G[0xfffffff6][IJ[0xffffff84][0xc]g[0xffffffdb]@2[0xffffff94][0x8][0x18][0xffffffce][0xffffff96]pVS"x8[0xffffffdb][0xffffff95]'K[0xffffff89][0xffffffbc][0xffffffe1]lW[0xffffffad][0x1c]%R[0xffffff86][0xffffffb3][0xffffffb5]x7([0xffffffe1][0xffffffd6].[0xfffffffb]8[0x1e][0xffffff8a][0x12][0xfffffff8][0xffffffda][0xffffffe5][0x13][0xffffffb0]v[0xfffffff9][0xffffff98]I[0xffffffb6][0xffffffc2][0xffffff80]ck[0xffffff97][0xffffff8f][0xffffff8c][0xffffffae][0xffffff91][0xffffff94][0x8]Y[0xffffffbb][0xffffffb4][0xffffff81]d([0x11][0xffffffb0]v)[0xffffffe1][0xffffffac][0xffffffa6]D[0xfffffff0][0xffffffda][0xffffffa5]+O[0xffffff96][0x12]yk[0xffffff97][0xffffffae]Z9J[0xffffffa4][0xffffffac]]j[0xfffffff1]nP[0xffffffc2][0xffffffad]][0xfffffff6]qb[0xffffffef]J[0xffffffe0]k[0xffffff97]O[0xffffffc0][0xffffffda][0xffffffe5]c&[0xffffffd9][\n]"
08:17:55.175 [TestNG-PoolService-3] DEBUG org.apache.hc.client5.http.wire -- http-outgoing-4 << "[0x3][0xffffff8e]MT[0xffffffdd][0xffffffb2][0xffffff94]BR"d[0xffffffa2][0xffffffca][0x6][0xffffff92][0xffffffa1]D[0xffffffc0]D[0xffffff95][0xffffff84][0xffffffb3][0xffffff9a][0x12][0xffffffc1][0x13]U[0xffffffae]<YJ[0xffffffe4]MT[0xffffffb9]j[0xffffffe5]([0xffffff91]2Q[0xffffffa5][0xffffffc5][0xffffffbb]A[0x9]3Qu[0x1c]m`[0xffffff94][0xffffffc0]'[0xffffffaa][0xffffffee][0xffffff80][0xffffff89][0xffffffaa][0xffffffdb][0xffffffec][0xffffffa8][0x14][0x6][0x1c][0xffffff9b][0xffffffa8][0xffffffba]e)[0xffffff85][0xffffffa4]D[0xffffffc8]D[0xffffff95][\r]$C[0xffffff89][0xffffff80][0xffffff89]*[0x9]g5%[0xffffff82]'[0xffffffaa]\y[0xffffffb2][0xffffff94][0xffffffc8][0xffffff9b][0xffffffa8]r[0xffffffd5][0xffffffca]Q"e[0xffffffa2]J[0xffffff8b]w[0xffffff83][0x12][0xffffffd3]Q[0xffffffa2][0xffffffb7]IQb[0xffffffe2][0xffffff94][0xffffff98][0x1][0xffffff94][0xffffff98][0xffffff9a][0xfffffff7][0xffffffc2][0xffffff80]O[0xffffff8c][0x12]3[0xffffff89][0x12][0x1a]E[0xffffff86][0x12].[0xffffff90][0xc]%4[0xffffff96][0xfffffff5][0xffffff94]X[0xffffffc3]YM[0xffffff89]5[0xffffffa2]I[0xffffff94]0[0xffffffe5][0xffffffc9]R[0xffffffc2]v)K[0x9]S[0xffffffad][0x1c]%[0xffffffa4]i)JH[0xfffffff1][0xfffffffe]>%[0x1e][0xffffffb3]v[0xfffffff9]A[0xffffff89][0xffffff9b][0xfffffffa][0xffffff82][0xffffffe3][0xffffffc1][0xffffffd7].[0xffffff9f][0xffffff80][0xffffffb5][0xffffffcb][0xffffffc7]L[0xffffffb2][0xffffffd5][0x5][0xfffffffc][0xffffffc1][0xffffffd6].[0x1f][0x19]][0x3])a[0xffffffa2][0xffffff88]P[0xffffffc2][0x6][0x12][0xffffffa1][0xffffff84][0xffffff89]e9%$[0xffffff9c][0xffffffc5][0xffffff94][0xffffff90][0xffffff88][0x6]Q[0xffffffc2][0xffffff95]'J[0x9][0xffffffdf][0xffffffa5](%\[0xffffffb5]b[0xffffff94][0xffffffd0][0xffffffa6][0xffffff85]([0xffffffa1][0xffffffc5][0xffffffbb]A[0xffffff89][0xffffffc3]Qb[0x1c]/[0xffffff8a][0x12][0x7]N[0xffffff89]#[0xffffff80][0x12][0xffffff87][0xffffffe6][0xffffffbd]0[0xffffffe0][0x7]F[0xffffff89]#[0xffffff89][0x12][0x1a]E[0xffffff86][0x12].[0xffffff90][0xc]%4[0xffffff96][0xfffffff5][0xffffff94]X[0xffffffc3]YM[0xffffff89]5[0xffffffa2]I[0xffffff94]0[0xffffffe5][0xffffffc9]R[0xffffffc2]v)K[0x9]S[0xffffffad][0x1c]%[0xffffffa4]i)JH[0xfffffff1]nP[0xffffffa2]YJ`k[0xffffff97][0xffffff9f][0xfffffff7][0x3]S[0xffffffa2][0x5]P[0xffffffa2]i[0xffffffde][0xb][0x3][0xffffffde]0J[0xffffffb4]$Jh[0x14][0x19]J[0xffffffb8]@2[0xffffff94][0xffffffd0]X[0xffffffd6]Sb[\r]g5%[0xffffffd6][0xffffff88]&Q[0xffffffc2][0xffffff94]'K[0x9][0xffffffdb][0xffffffa5],%L[0xffffffb5]r[0xffffff94][0xffffff90][0xffffffa6][0xffffffa5](![0xffffffc5][0xffffffbb]A[0xffffff89][0xffffffee](q[0xffffffbd][0xffffffa8][0xffffffd7].?[0xffffffef][0x7][0xffffffa6]D[0xf][0xffffffa0]D[0xffffffd7][0xffffffbc][0x17][0x6][0xffffffbc]c[0xffffff94][0xffffffe8]I[0xffffff94][0xffffffd0](2[0xffffff94]p[0xffffff81]d([0xffffffa1][0xffffffb1][0xffffffac][0xffffffa7][0xffffffc4][0x1a][0xffffffce]jJ[0xffffffac][0x11]M[0xffffffa2][0xffffff84])O[0xffffff96][0x12][0xffffffb6]KYJ[0xffffff98]j[0xffffffe5](!MKQB[0xffffff8a]w[0xffffff83][0x12][0xffffffc3]R[0xffffffe2][0xffffffc6]~[0xffffffe0][0x18]8%F[0x0]%[0xffffff86][0xffffffe6][0xffffffbd]0[0xffffffe0][0x3][0xffffffa3][0xffffffc4]H[0xffffffa2][0xffffff84]F[0xffffff91][0xffffffa1][0xffffff84][0xb]$C[0x9][0xffffff8d]e=%[0xffffffd6]pVSb[0xffffff8d]h[0x12]%Ly[0xffffffb2][0xffffff94][0xffffffb0]][0xffffffca]R[0xffffffc2]T+G[0x9]iZ[0xffffff8a][0x12]R[0xffffffbc][0x1b][0xffffff94]pk[0xffffff97][0xffffffed]x[0xffffffa8]/8[0x1e]|[0xffffffed][0xfffffff2][0x9]X[0xffffffbb]|[0xffffffcc]$[a[0xffffffc0][0xffffffb1][0xffffffb5][0xffffffcb]GF[0xffffffd7]HJ[0xffffff84][0xffffffac]][0xffffffda]@2[0xffffff94][0x8]X[0xffffffbb][0xffffff94]pVS"x[0xffffffed][0xffffffd2][0xffffff95]'K[0xffffff89][0xffffffbc][0xffffffb5]KW[0xffffffad][0x1c]%R[0xffffffd6].[0xffffffb5]x7([0xffffffe1]&[0xffffffaa][0xffffffda]sc[0xffffff94][0xffffffc0]'[0xffffffaa][0xffffff9e][0xffffff80][0xffffff89][0xffffffaa][0xffffffc7][0xffffffec][0xffffffa8][0x14][0x6][0x1c][0xffffff9b][0xffffffa8]zd)[0xffffff85][0xffffffa4]D[0xffffffc8]D[0xffffff95][\r]$C[0xffffff89][0xffffff80][0xffffff89]*[0x9]g5%[0xffffff82]'[0xffffffaa]\y[0xffffffb2][0xffffff94][0xffffffc8][0xffffff9b][0xffffffa8]r[0xffffffd5][0xffffffca]Q"e[0xffffffa2]J[0xffffff8b]w[0xffffff83][0x12]n[0xffffffa2][0xffffffaa][0xffffffb7][0x1b]{W[0x2][0xffffff9f][0xffffffa8]z[0x2]&[0xffffffaa][0x1e][0xffffffb3][0xffffffa3]R[0x18]pl[0xffffffa2][0xffffffea][0xffffff91][0xffffffa5][0x14][0xffffff92][0x12]![0x13]U6[0xffffff90][0xc]%[0x2]&[0xffffffaa]$[0xffffff9c][0xffffffd5][0xffffff94][0x8][0xffffff9e][0xffffffa8]r[0xffffffe5][0xffffffc9]R"o[0xffffffa2][0xffffffca]U+G[0xffffff89][0xffffff94][0xffffff89]*-[0xffffffde]-J[0xffffffb4]0J4[0xffffff9c][0x12]-[0xffffff80][0x12][\r][0xffffffa5]D[0xffffffc3]([0xffffffd1][0xffffff92]([0xffffffb1]F[0xffffff91][0xffffffa2][0xffffff84][0x6][0xffffff92][0xffffffa2][0xffffffc4][0x1a]K[0xffffff82][0x12][\r][0xffffffa6]D[0xb][0xffffffa6][0xffffff84][0xffffff94]'M[0x9][0xffffffd3][0xffffffa5]4%[0xffffffa4]ZIJ[0xffffffb4][0x14]J[0xffffffb4]?[0xffffffa6][0xffffff84][[0xffffffbb][0xffffffec]cP'[0xffffff83]>[0xfffffff8][0xffffffda][0xffffffe5][0x13][0xffffffb0]v[0xfffffff9][0xffffff98]I[0xffffffb6][0xffffffc2][0xffffff80]ck[0xffffff97][0xffffff8f][0xffffff8c][0xffffffae][0xffffff91][0xffffff94][0x8]Y[0xffffffbb][0xffffffb4][0xffffff81]d([0x11][0xffffffb0]v)[0xffffffe1][0xffffffac][0xffffffa6]D[0xfffffff0][0xffffffda][0xffffffa5]+O[0xffffff96][0x12]yk[0xffffff97][0xffffffae]Z9J[0xffffffa4][0xffffffac]]j[0xfffffff1][0xfffffffe]>%[0xffffffa6][[0xffffffbb][0xffffffec][0xffffffcf]C}[0xffffffc1]1[0xfffffff1][0xffffffb5][0xffffffcb][0x19][0xffffffb0]v9[0xffffffcd]$[][0xffffffc0]'[0xffffffb6]v9et[\r][0xffffffa4][0xffffff84][0xffffff89]"B[0x9][0x1b]H[0xffffff84][0x12]&[0xffffff96][0xffffffe5][0xffffff94][0xffffff90]p[0x16]SB"[0x1a]D[0x9]W[0xffffff9e](%|[0xffffff97][0xffffffa2][0xffffff94]p[0xffffffd5][0xffffff8a]QB[0xffffff9b][0x16][0xffffffa2][0xffffff84][0x16][0xffffffef][0x16]%[0xffffffcc][0xf][0x1c](%[0xffffffe0][0x1f]8[0xffffffbe][0xffffffee][0xffffff80][0xffffffa7][0x4][0xfffffff8][0x3][0xffffffc7][0xffffffd7][0xffffffd5])J[0xffffffe4][0xfffffffc][0xffffffc0]a[0xffffffa2]HQ"[0xffffffe4][0x7][0xe][0x13]K[0xffffff82][0x12][0xffffffe8][0xf][0x1c][0x12][0xffffffd1],Jd[0xfffffffd][0xffffffc0][0xffffffe1][0xffffffbb][0xffffff94][0xffffffa6]D[0xffffffce][0xf][0x1c][0xffffffda][0xffffffb4][0x1c]%[0xfffffffe][0xfffffff8][0x7][0xffffff8e][0xffffffe9][0xffffff86][0xffffffb3][0xffffffc7][0xffffffeb]l[0x14]%[0xfffffff0][0xffffffe1][0xffffffec][0x19]0[0xffffff9c]=[0xffffffcd][0xffffffba]ka[0xffffffc0][0xffffffb1][0xffffffe1][0xffffffec])[0xfffffffb][0xffffffad]$%B[0xffffff86][0xffffffb3]m [0x19]J[0x4][0xc]gK8[0xffffffab])[0x11]<[0xffffff9c][0xffffffed][0xffffffca][0xffffff93][0xffffffa5]D[0xffffffde]p[0xffffffb6][0xffffffab]V[0xffffff8e][0x12])[0xffffffc3][0xffffffd9]Z[0xffffffbc][0x1b][0xffffff94]p[0xffffffc3][0xffffffd9][0xffffffe3][0xffffffe3]?[0x14]%[0xfffffff0][0xffffffe1][0xffffffec][0x19]0[0xffffff9c]=[0xffffffcd][0xffffffba]ka[0xffffffc0][0xffffffb1][0xffffffe1][0xffffffec])[0xfffffffb][0xffffffad]$%B[0xffffff86][0xffffffb3]m [0x19]J[0x4][0xc]gK8[0xffffffab])[0x11]<[0xffffff9c][0xffffffed][0xffffffca][0xffffff93][0xffffffa5]D[0xffffffde]p[0xffffffb6][0xffffffab]V[0xffffff8e][0x12])[0xffffffc3][0xffffffd9]Z[0xffffffbc][0x1b][0xffffff94]p[0xffffffc3][0xffffffd9][0xffffffe3][0xffffffbc][0xffffffb1][0xffffffa7][0x12][0xfffffff8]p[0xfffffff6][0xc][0x18][0xffffffce][0xffffff9e]f[0xffffffdd][0xffffffb5]0[0xffffffe0][0xffffffd8]p[0xfffffff6][0xffffff94][0xfffffffd]V[0xffffff92][0x12]![0xffffffc3][0xffffffd9]6[0xffffff90][0xc]%[0x2][0xffffff86][0xffffffb3]%[0xffffff9c][0xffffffd5][0xffffff94][0x8][0x1e][0xffffffce]v[0xffffffe5][0xffffffc9]R"o8[0xffffffdb]U+G[0xffffff89][0xffffff94][0xffffffe1]l-[0xffffffde][\r]J[0xc]G[0xffffff89][0xffffff8b]{*1pJ[0xffffff8c][0x0]J[0xc][0xffffffcd]{a[0xffffffc0][0x7]F[0xffffff89][0xffffff91]D[0x9][0xffffff8d]"C[0x9][0x17]H[0xffffff86][0x12][0x1a][0xffffffcb]zJ[0xffffffac][0xffffffe1][0xffffffac][0xffffffa6][0xffffffc4][0x1a][0xffffffd1]$J[0xffffff98][0xfffffff2]d)a[0xffffffbb][0xffffff94][0xffffffa5][0xffffff84][0xffffffa9]V[0xffffff8e][0x12][0xffffffd2][0xffffffb4][0x14]%[0xffffffa4]x7([0xffffffe1][0xffffff86][0xffffffb3][0xffffffc7]ua[0xffffffaf]][0xffffffe2][0xffffffc3][0xffffffd9]3`8{[0xffffff9a]u[0xffffffd7][0xffffffc2][0xffffff80]c[0xffffffc3][0xffffffd9]S[0xfffffff6][IJ[0xffffff84][0xc]g[0xffffffdb]@2[0xffffff94][0x8][0x18][0xffffffce][0xffffff96]pVS"x8[0xffffffdb][0xffffff95]'K[0xffffff89][0xffffffbc][0xffffffe1]lW[0xffffffad][0x1c]%R[0xffffff86][0xffffffb3][0xffffffb5]x7(q9J[0xffffffdc]/j8[0xfffffffb][0xfffffff3]~`J\[0x1][0xffffff94][0xffffffb8]4[0xffffffef][0xffffff85][0x1][0xffffffbf]0J\I[0xffffff94][0xffffffd0](2[0xffffff94]p[0xffffff81]d([0xffffffa1][0xffffffb1][0xffffffac][0xffffffa7][0xffffffc4][0x1a][0xffffffce]jJ[0xffffffac][0x11]M[0xffffffa2][0xffffff84])O[0xffffff96][0x12][0xffffffb6]KYJ[0xffffff98]j[0xffffffe5](!MKQB[0xffffff8a]w[0xffffff83][0x12][0xffffffee][0xc][0xffffff8e][0xfffffff1][0x1c][0xffffffd4]D[0xffffffd5][0xffffffc4][0xffffffcf][0xffffffe0][0xffffff98][0x1]gpL3[0x14]_[0x18]p[0xffffffec][0xc][0xffffff8e])S[0xfffffff0]$%B[0xffffffce][0xffffffe0][0xffffffb0][0xffffff81]d([0x11]p[0x6][0xffffff87][0xffffff84][0xffffffb3][0xffffff9a][0x12][0xffffffc1]gp[0xffffffb8][0xfffffff2]d)[0xffffff91]w[0x6][0xffffff87][0xffffffab]V[0xffffff8e][0x12])gph[0xfffffff1]nP[0xffffffc2][0xffffff9d][0xffffffc1]q[0xfffffff6]~S[0xffffff94][0xffffffc0][0xffffffcf][0xffffffe0][0xffffff98][0x1]gpL3[0x14]_[0x18]p[0xffffffec][0xc][0xffffff8e])S[0xfffffff0]$%B[0xffffffce][0xffffffe0][0xffffffb0][0xffffff81]d([0x11]p[0x6][0xffffff87][0xffffff84][0xffffffb3][0xffffff9a][0x12][0xffffffc1]gp[0xffffffb8][0xfffffff2]d)[0xffffff91]w[0x6][0xffffff87][0xffffffab]V[0xffffff8e][0x12])gph[0xfffffff1]nQB'[0xffffffaa]XJ[0xffffffd0][0x13]U[0x1]gpL3[0x14]_[0x1a]pj[0xffffffa2]*[0xffffffe9][0xc][0xe][0x13]E[0xffffff8a][0x12])[0x13]U[0x1]gpH8[0xffffffeb])[0xffffff91];Q[0xffffff95]v[0x6][0xffffff87][0xffffffef]R[0xffffff9a][0x12]A[0x13]U)gph[0xfffffff1]nQ[0xffffffa2][0xffffff87]Q[0xffffffa2][0xffffffe3][0xffffff94][0xffffffe8][0x1][0xffffff94][0xffffffe8](%:F[0xffffff89][0xffffff9e]D[0xffffff89]5[0xffffff8a][0x14]%4[0xffffff90][0x14]%[0xffffffd6]X[0x12][0xffffff94][0xffffffe8]0%z0%[0xffffffa4]<iJ[0xffffff98].[0xffffffa5])![0xffffffd5]JR[0xffffffa2][0xffffffa7]P[0xffffffa2][0xffffffff][0x5]J[0xffffff9c]a[0xffffff94]8qJ[0xffffff9c][0x1][0xffffff94]8QJ[0xffffff9c][0x18]%[0xffffffce]$J[0xffffffac]Q[0xffffffa4]([0xffffffa1][0xffffff81][0xffffffa4]([0xffffffb1][0xffffffc6][0xffffff92][0xffffffa0][0xffffffc4][0x9]S[0xffffffe2][0xc][0xffffffa6][0xffffff84][0xffffff94]'M[0x9][0xffffffd3][0xffffffa5]4%[0xffffffa4]ZIJ[0xffffff9c])[0xffffff94]8[0xffffffff][0x2]%[0xffffff8e]4K[0x1c]<&[0xffffff8e][0x4]M[0x1c],'[0xe][0xffffffce][0x13]G[0x14]($[0xffffff8f][0xffffff94](L*)RH6[0x9]S[0x1c]4*[0xffffff8e]dUh[0xffffff8d][0xffffffd2][0xffffffac]p[0xffffffad]J[0xffffffbb]BK[0xffffff96][0xffffff84][0xffffffc5][0xffffffda][0xffffffb9][0xffffff9c],[0xffffffd6][\n]"
08:17:55.176 [TestNG-PoolService-3] DEBUG org.apache.hc.client5.http.wire -- http-outgoing-4 << "[0xffffffde][0xffffffa2]EK[0xfffffffb][0xffffffc5][0xffffffa3][0xfffffff1]?y[0xffffffb4][0xffffff84][0xffffffdf]<[0x1a][0xfffffffb][0xffffffa3]G[0xffffffe3]~[0xfffffff5]hQ?{H[0x1e])Z[0xffffff98]TR[0xffffffb4][0xffffff90]l[0x12][0xffffffb4]h[0xfffffff4]O[0x1f]-[0xfffffff9][0xffffffb7][0xf][0xffffffad]Q[0xffffff9a][0x16][0xffffffae]UiZh[0xffffffc9][0xffffff92][0xffffffb4]X;[0xffffff97][0xffffffa3][0xffffffc5]Z[0xffffffc1][[0xffffffb4][0xffffffe8]iO-:[0xffffffff][0xffffffd4][0xffffffa2]'<[0xffffffb5][0xffffffe8][0xffffffec]S[0xffffff8b][0xffffffce]=[0xffffffb5][0xffffffe8]QO-$[0xffffff8f][0x14]-L*)ZH6[0x9]Zt[0xfffffffa][0xffffffa9]EO~j[0xffffffa1]5J[0xffffffd3][0xffffffc2][0xffffffb5]*M[0xb]-Y[0xffffff92][0x16]k[0xffffffe7]r[0xffffffb4]X+x[0xffffff8b][0x16][0xffffffcf][0x13]F[0xffffff8b][0xffffffe7][0xffffffc1]i[0xfffffff1]q[0xb]<-~[0xffffffdc][0x4]E[0xffffff8b][0xffffff8f][0xffffffcb]S[0xffffffb4][0xfffffff8][0xffffffbe]t[\n]"
08:17:55.176 [TestNG-PoolService-3] DEBUG org.apache.hc.client5.http.wire -- http-outgoing-4 << "-$[0xffffff8f][0x14]-L*)ZH6[0x9]Z,[0x9][0xffffffad][0xffffffa7][0xffffffc5][0xffffff92][0xffffffd3],Zh[0xffffff8d][0xffffffd2][0xffffffb4]p[0xffffffad]J[0xffffffd3]BK[0xffffff96][0xffffffa4][0xffffffc5][0xffffffda][0xffffffb9][0x1c]-[0xffffffd6][\n]"
08:17:55.176 [TestNG-PoolService-2] DEBUG org.apache.hc.client5.http.wire -- http-outgoing-5 << "[0x3][0xffffff8e][0xffffffad]]]]><![CDATA[>2[0xffffffba]FR"d[0xffffffed][0xffffffd2][0x6][0xffffff92][0xffffffa1]D[0xffffffc0][0xffffffda][0xffffffa5][0xffffff84][0xffffffb3][0xffffff9a][0x12][0xffffffc1]k[0xffffff97][0xffffffae]<YJ[0xffffffe4][0xffffffad]][0xffffffba]j[0xffffffe5]([0xffffff91][0xffffffb2]v[0xffffffa9][0xffffffc5][0xffffffbb]A[0x9]7Q[0xffffffd5][0xffffffaf][0x17][0xfffffff6][0x3][0x7]>Q[0xfffffff5][0x4]LT=fG[0xffffffa5]0[0xffffffe0][0xffffffd8]D[0xffffffd5]#K)$%B&[0xffffffaa]l [0x19]J[0x4]LTI8[0xffffffab])[0x11]<Q[0xffffffe5][0xffffffca][0xffffff93][0xffffffa5]D[0xffffffde]D[0xffffff95][0xffffffab]V[0xffffff8e][0x12])[0x13]UZ[0xffffffbc][[0xffffff94][0x18]a[0xffffff94][0xffffff80][0xffffff87][0xffffffb3][0xffffffbf][0xffffffee][0xffffff80][0xffffffa7][0x4]8[0xffffff9c][0xfffffffd]uu[0xffffff8a][0x12]9[0xffffffc3][0xffffffd9]&[0xffffff8a][0x14]%B[0xffffff86][0xffffffb3]M,[0x9]J[0xffffffa0][0xffffffc3][0xffffffd9][0x12][0xffffffd1],Jd[\r]g[0xfffffffb].[0xffffffa5])[0xffffff91]3[0xffffff9c][0xffffffad]M[0xffffffcb]Q[0xffffffe2][0xffffff8f][0xffffff87][0xffffffb3][0x1f][0xffffffb7]v9[0xffffffce]~S[0xffffff94][0xffffffc0][0xffffffd7].[0xffffff9f][0xffffff80][0xffffffb5][0xffffffcb][0xffffffc7]L[0xffffffb2][0x15][0x6][0x1c][[0xffffffbb]|dt[0xffffff8d][0xffffffa4]D[0xffffffc8][0xffffffda][0xffffffa5][\r]$C[0xffffff89][0xffffff80][0xffffffb5]K[0x9]g5%[0xffffff82][0xffffffd7].]y[0xffffffb2][0xffffff94][0xffffffc8][[0xffffffbb]t[0xffffffd5][0xffffffca]Q"e[0xffffffed]R[0xffffff8b]w[0xffffff8b][0x12]-[0xffffff8c][0x12][\r][0xffffffa7]D[0xb][0xffffffa0]DC)[0xffffffd1]0J[0xffffffb4]$J[0xffffffac]Q[0xffffffa4]([0xffffffa1][0xffffff81][0xffffffa4]([0xffffffb1][0xffffffc6][0xffffff92][0xffffffa0]D[0xffffff83])[0xffffffd1][0xffffff82])![0xffffffe5]IS[0xffffffc2]t)M[0x9][0xffffffa9]V[0xffffff92][0x12]-[0xffffff85][0x12][0xffffffed]O)1[0xffffffdd]D[0xffffffd5][0xffffffd9]^[0x1d][0xffffffa2][0xffffffc4][0xffffffc4]'[0xffffffaa]f[0xffffffc0]D[0xffffffd5]4;*u[0x1][0xffffff9f][0xffffffd8]D[0xffffffd5][0xffffff94][0xffffffa5][0x14][0xffffff90][0x12]&[0xffffff8a][0x8]%l [0x11]J[0xffffff98]X[0xffffff96]SB[0xffffffc2]YL[0x9][0xffffff89]h[0x10]%\y[0xffffffa2][0xffffff94][0xfffffff0]][0xffffff8a]R[0xffffffc2]U+F[0x9]mZ[0xffffff88][0x12]Z[0xffffffbc][0x1b][0xffffff94][0xffffffe8][0xffffff8e][0x12]w[0x1b][0x14]%:N[0xffffff89][0x1e]@[0xffffff89][0xffffffae]y/[0xc]x[0xffffffc7]([0xffffffd1][0xffffff93]([0xffffffa1]Qd([0xffffffe1][0x2][0xffffffc9]PBcYO[0xffffff89]5[0xffffff9c][0xffffffd5][0xffffff94]X#[0xffffff9a]D[0x9]S[0xffffff9e],%l[0xffffff97][0xffffffb2][0xffffff94]0[0xffffffd5][0xffffffca]QB[0xffffff9a][0xffffff96][0xffffffa2][0xffffff84][0x14][0xffffffef][0x6]%[0xffffffdc][0xffffffae][0xffffffc4][0xffffffd5][0xffffff9e][0xffffff8b][0xffffffa2][0x4][0xffffffbe]+1[0x3]v%[0xffffffa6][0xfffffff9][0xfffffff8][0xffffffb9]0[0xffffffe0][0xffffffd8][0xffffffae][0xffffffc4][0xffffff94][0xffffffcf][0xffffff9b]IJ[0xffffff84][0xffffffec]J[0xffffffd8]@2[0xffffff94][0x8][0xffffffd8][0xffffff95][0xffffff90]pVS"xW[0xffffffc2][0xffffff95]'K[0xffffff89][0xffffffbc]][0x9]W[0xffffffad][0x1c]%Rv%[0xffffffb4]x7([0xffffffe1]v%[0xffffffae]~bO%[0xfffffff0]][0xffffff89][0x19][0xffffffb0]+1[0xffffffcd][0xffffffc7][0xffffffcf][0xffffff85][0x1][0xffffffc7]v%[0xffffffa6]|[0xffffffde]LR"dW[0xffffffc2][0x6][0xffffff92][0xffffffa1]D[0xffffffc0][0xffffffae][0xffffff84][0xffffff84][0xffffffb3][0xffffff9a][0x12][0xffffffc1][0xffffffbb][0x12][0xffffffae]<YJ[0xffffffe4][0xffffffed]J[0xffffffb8]j[0xffffffe5]([0xffffff91][0xffffffb2]+[0xffffffa1][0xffffffc5][0xffffffbb]A[0x9][0xffffffb7]+q[0xffffff8d][0x3][0xffffffa3][0x4][0xffffffbe]+1[0x3]v%[0xffffffa6][0xfffffff9][0xfffffff8][0xffffffb9]0[0xffffffe0][0xffffffd8][0xffffffae][0xffffffc4][0xffffff94][0xffffffcf][0xffffff9b]IJ[0xffffff84][0xffffffec]J[0xffffffd8]@2[0xffffff94][0x8][0xffffffd8][0xffffff95][0xffffff90]pVS"xW[0xffffffc2][0xffffff95]'K[0xffffff89][0xffffffbc]][0x9]W[0xffffffad][0x1c]%Rv%[0xffffffb4]x7([0xffffffe1]>[0x6][0xffffffbd][0xffffffc6]9)J[0xffffffe0][0x1f][0xffffff83][0xffffffce][0xffffff80][0xffffff8f]A[0xffffffa7][0xfffffff9]b[0xffffffa9]0[0xffffffe0][0xffffffd8][0xffffffc7][0xffffffa0]S[0xffffffbe]I")[0x11][0xfffffff2]1[0xffffffa8][\r]$C[0xffffff89][0xffffff80][0xffffff8f]A%[0xffffff9c][0xffffffd5][0xffffff94][0x8][0xfffffffe][0x18][0xffffffd4][0xffffff95]'K[0xffffff89][0xffffffbc][0xffffff8f]A][0xffffffb5]r[0xffffff94]H[0xfffffff9][0x18]T[0xffffff8b]w[0xffffff83][0x12][0xffffffd3]Q[0xffffffe2]<^[0x14]%&N[0xffffff89][0x19]@[0xffffff89][0xffffffa9]y/[0xc][0xfffffff8][0xffffffc4](1[0xffffff93]([0xffffffa1]Qd([0xffffffe1][0x2][0xffffffc9]PBcYO[0xffffff89]5[0xffffff9c][0xffffffd5][0xffffff94]X#[0xffffff9a]D[0x9]S[0xffffff9e],%l[0xffffff97][0xffffffb2][0xffffff94]0[0xffffffd5][0xffffffca]QB[0xffffff9a][0xffffff96][0xffffffa2][0xffffff84][0x14][0xffffffef]oSb[0xffffffbe]^[0xffffff8e][0x12][0x17][0xfffffff5]T[0xffffffe2][0xffffffeb]~PJ|[0xffffffdf][0x1]K[0xffffff89][0xffffff9f][0xfffffff7]@P[0xffffffe2][0xfffffffb][0xffffffea][0x4]%[0xfffffffe][0xffffffbd]r[0x2]%\[0x14][0x9]J[0xfffffff8]@[0x12][0xffffff94]p[0xffffffb1][0xffffffac][0xffffffa6][0xffffff84][0xffffff86][0xffffffb3][0xffffff96][0x12][0x1a][0xffffffd1][0x1c]J[0xffffffd8][0xfffffff2]$)[0xfffffff1][0xffffffa6]KIJ[0xffffffd8]j[0xffffffa5](a[0xffffff9a][0xffffff96][0xffffffa1][0xffffff84])[0xffffffde][\r]J[0xffffffb8]][0xffffff89]k[0xffffffce][0xffffff93][0xffffffa2][0x4][0xffffffbd]+[0xfffffff1]}[0x7]4%[0xffffffc8]][0xffffff89][0xffffffef][0xffffffab]3[0xffffff94][0x8][0xffffffda][0xffffff95]pQd([0xffffff91][0xffffffb2]+[0xffffffe1]bYO[0x9]vWB#[0xffffff9a]D[0xffffff89][0xffffffb0]][0xffffff89]7][0xffffffca]R"hW[0xffffffc2]4-E[0xffffff89]?[0xffffffdf][0xffffff95][0xffffff98][0xffffffaf]f(q[0xffffffb7][0xb]:[0xffffff83][0xffffffe3][0xffffffeb]~`J[0xffffffb4][0x0]J4[0xffffffcd]{a[0xffffffc0][0x1b]F[0xffffff89][0xffffff96]D[0x9][0xffffff8d]"C[0x9][0x17]H[0xffffff86][0x12][0x1a][0xffffffcb]zJ[0xffffffac][0xffffffe1][0xffffffac][0xffffffa6][0xffffffc4][0x1a][0xffffffd1]$J[0xffffff98][0xfffffff2]d)a[0xffffffbb][0xffffff94][0xffffffa5][0xffffff84][0xffffffa9]V[0xffffff8e][0x12][0xffffffd2][0xffffffb4][0x14]%[0xffffffa4]x7([0xffffffd1][0x1d]%[0xfffffffa][0xfffffff9]P[0xffffff94][0xffffffe8]8%z[0x0]%[0xffffffba][0xffffffe6][0xffffffbd]0[0xffffffe0][0x1d][0xffffffa3]DO[0xffffffa2][0xffffff84]F[0xffffff91][0xffffffa1][0xffffff84][0xb]$C[0x9][0xffffff8d]e=%[0xffffffd6]pVSb[0xffffff8d]h[0x12]%Ly[0xffffffb2][0xffffff94][0xffffffb0]][0xffffffca]R[0xffffffc2]T+G[0x9]iZ[0xffffff8a][0x12]R[0xffffffbc][0x1b][0xffffff94][0x18][0xffffff8e][0x12][0xfffffff3]h[0x14]%[0x6]N[0xffffff89][0x11]@[0xffffff89][0xffffffa1]y/[0xc][0xfffffff8][0xffffffc0](1[0xffffff92]([0xffffffa1]Qd([0xffffffe1][0x2][0xffffffc9]PBcYO[0xffffff89]5[0xffffff9c][0xffffffd5][0xffffff94]X#[0xffffff9a]D[0x9]S[0xffffff9e],%l[0xffffff97][0xffffffb2][0xffffff94]0[0xffffffd5][0xffffffca]QB[0xffffff9a][0xffffff96][0xffffffa2][0xffffff84][0x14][0xffffffef][0x6]%[0xffffffdc][0xffffffda][0xffffffe5]sL[0xffffffec][0x7][0xe]z[0xffffffed][0xfffffff2][0xfffffffb][0xe]hJ[0xffffff90]k[0xffffff97][0xffffffdf]Wg([0x11][0xffffffb4]v[0xffffffe9][0xffffffa2][0xffffffc8]P"e[0xffffffed][0xffffffd2][0xffffffc5][0xffffffb2][0xffffff9e][0x12][0xffffffec][0xffffffda][0xffffffa5]F4[0xffffff89][0x12]ak[0xffffff97]o[0xffffffba][0xffffff94][0xffffffa5]D[0xffffffd0][0xffffffda][0xffffffa5]iZ[0xffffff8a][0x12][0x7f][0xffffffbe]v9_n[0xffffffed][0xfffffff2]9[0x7][0xfffffff4]1[0xffffffe8][0xffffffd7][0xfffffffd][0xffffffc0][0xffffff94][0xffffffe0][0xffffffd7].[0x7f][0xffffffde][0x3]C[0x9]j[0xffffffed][0xfffffff2][0xffffffdf]+gP"c[0xffffffed][0xffffffd2][0x7][0xffffff92][0xffffffa1][0x4][0xffffffbf]v[0xffffffa9][0xffffffe1][0xffffffac][0xffffffa6]D[0xffffffee][0xffffffda][0xffffffa5]-O[0xffffff96][0x12]qk[0xffffff97][0xffffffb6]Z9J[0xffffff84][0xffffffac]][0xffffff9a][0xffffffe2][0xffffffdd][0xffffffa0][0xffffff84][[0xffffffbb]|[0xffffffe6][0x1c][0x14]%[0xffffffe8][0xffffffb5][0xffffffcb][0xffffffef];[0xffffffa0])A[0xffffffae]]~_[0xffffff9d][0xffffffa1]D[0xffffffd0][0xffffffda][0xffffffa5][0xffffff8b]"C[0xffffff89][0xffffff94][0xffffffb5]K[0x17][0xffffffcb]zJ[0xffffffb0]k[0xffffff97][0x1a][0xffffffd1]$J[0xffffff84][0xffffffad]][0xffffffbe][0xffffffe9]R[0xffffff96][0x12]Ak[0xffffff97][0xffffffa6]i)J[0xfffffffc][0xfffffff9][0xffffffda][0xffffffe5]|[0xffffffb9][0xffffff89][0xffffffaa][0xffffffd9][0x1f][0xffffffe8][0xffffff90][0xfffffff1][0xffffffaf][0xfffffffb][0xffffff81])[0xffffffc1]OT[0xfffffffd][0xffffffbc][0x7][0xffffff86][0x12][0xffffffd4]D[0xffffffd5][0xffffffbf]W[0xffffffce][0xffffffa0]D[0xffffffc6]D[0xffffff95][0xf]$C[0x9]~[0xffffffa2]J[0xffffffc3]YM[0xffffff89][0xffffffdc][0xffffff89]*[[0xffffff9e],%[0xffffffe2]&[0xffffffaa]l[0xffffffb5]r[0xffffff94][0x8][0xffffff99][0xffffffa8]2[0xffffffc5][0xfffffffb][0xfffffffb][0xffffff94]8[0xffffffdc][0xffffffae][0xffffffc4]<o[0xffffffea][0x7][0xffffff8e][0x3][0xffffffdf][0xffffff95]8[0x2]v%[0xe][0xfffffff3][0xfffffff1]s][0xffffffc0][0xf]lW[0xffffffe2][0xffffff90][0xffffffcf][0xffffff9b]AJ[0xffffff98]("[0xffffff94][0xffffffb0][0xffffff81]D(abYN[0x9][0x9]g1%$[0xffffffa2]A[0xffffff94]p[0xffffffe5][0xffffff89]R[0xffffffc2]w)J[0x9]W[0xffffffad][0x18]%[0xffffffb4]i!Jh[0xfffffff1]nP[0xffffffc2][0xffffffed]J[0xffffffcc][0xffffff8b][0x1a][0xffffffce][0xfffffffe][0xffffffba][0x1f][0xffffff98][0x12][0x1][0xffffffbb][0x12][0xffffff87][0xfffffff9][0xfffffff8][0xffffffb9]0[0xffffffe0][0xffffffd8][0xffffffae][0xffffffc4]![0xffffff9f]7[0xffffff93][0xffffff94][0x8][0xffffffd9][0xffffff95][0xffffffb0][0xffffff81]d([0x11][0xffffffb0]+![0xffffffe1][0xffffffac][0xffffffa6]D[0xfffffff0][0xffffffae][0xffffff84]+O[0xffffff96][0x12]y[0xffffffbb][0x12][0xffffffae]Z9J[0xffffffa4][0xffffffec]Jh[0xfffffff1]nP[0xffffffa2][J`[0xffffffc3][0xffffffd9][0xffffff9f][0xfffffff7][0x3]S[0xffffffa2][0x7]P[0xffffffa2]k[0xffffffde][0xb][0x3][0xffffffde]1J[0xfffffff4]$Jh[0x14][0x19]J[0xffffffb8]@2[0xffffff94][0xffffffd0]X[0xffffffd6]Sb[\r]g5%[0xffffffd6][0xffffff88]&Q[0xffffffc2][0xffffff94]'K[0x9][0xffffffdb][0xffffffa5],%L[0xffffffb5]r[0xffffff94][0xffffff90][0xffffffa6][0xffffffa5](![0xffffffc5][0xffffffbb]A[0x9][0xffffffb7]+1[0xffffffef][0x13]{*[0xffffff81][0xffffffef]J[0x1c][0x1][0xffffffbb][0x12][0xffffff87][0xfffffff9][0xfffffff8][0xffffffb9]0[0xffffffe0][0xffffffd8][0xffffffae][0xffffffc4]![0xffffff9f]7[0xffffff93][0xffffff94][0x8][0xffffffd9][0xffffff95][0xffffffb0][0xffffff81]d([0x11][0xffffffb0]+![0xffffffe1][0xffffffac][0xffffffa6]D[0xfffffff0][0xffffffae][0xffffff84]+O[0xffffff96][0x12]y[0xffffffbb][0x12][0xffffffae]Z9J[0xffffffa4][0xffffffec]Jh[0xfffffff1]nP[0xffffffc2][0xffffffed]J|[0xfffffffe][0xffffffc2]AQ[0x2][0xffffffdf][0xffffff95]8[0x2]v%[0xe][0xfffffff3][0xfffffff1]sa[0xffffffc0][0xffffffb1]][0xffffff89]C>o&)[0x11][0xffffffb2]+a[0x3][0xffffffc9]P"`WB[0xffffffc2]YM[0xffffff89][0xffffffe0]][0x9]W[0xffffff9e],%[0xfffffff2]v%\[0xffffffb5]r[0xffffff94]H[0xffffffd9][0xffffff95][0xffffffd0][0xffffffe2][0xffffffdd][0xffffffa0][0xffffff84][0xffffffee]J[0xffffff8c][0xffffffd7][0xffffffeb]uR_p[0x1c][0xfffffff8][0xffffffae][0xffffffc4][0x11][0xffffffb0]+q[0xffffff98][0xffffff8f][0xffffff9f][0xb][0x3][0xffffff8e][0xffffffed]J[0x1c][0xfffffff2]y3I[0xffffff89][0xffffff90]][0x9][0x1b]H[0xffffff86][0x12][0x1][0xffffffbb][0x12][0x12][0xffffffce]jJ[0x4][0xffffffef]J[0xffffffb8][0xfffffff2]d)[0xffffff91][0xffffffb7]+[0xffffffe1][0xffffffaa][0xffffff95][0xffffffa3]D[0xffffffca][0xffffffae][0xffffff84][0x16][0xffffffef][0x6]%tW[0xffffffe2][0xffffff83][0x12][0x7][0xfffffff7][0xffffffda]%[0xffffffbe]+q[0x4][0xffffffec]J[0x1c][0xffffffe6][0xffffffe3][0xffffffe7][0xffffffc2][0xffffff80]c[0xffffffbb][0x12][0xffffff87]|[0xffffffde]LR"dW[0xffffffc2][0x6][0xffffff92][0xffffffa1]D[0xffffffc0][0xffffffae][0xffffff84][0xffffff84][0xffffffb3][0xffffff9a][0x12][0xffffffc1][0xffffffbb][0x12][0xffffffae]<YJ[0xffffffe4][0xffffffed]J[0xffffffb8]j[0xffffffe5]([0xffffff91][0xffffffb2]+[0xffffffa1][0xffffffc5][0xffffffbb]A[0xffffff89][0xffffffc7]R[0xffffffe2][0xffffffa2][0xffffff8e][0xfffffff3][0xfffffffa][0xffffffbc][0x1f][0xffffff98][0x12]O[0x0]%[0x1e][0xffffffcd]{a[0xffffffc0][0x1f][0xffffff8c][0x12]O[0x12]%4[0xffffff8a][0xc]%\ [0x19]Jh,[0xffffffeb])[0xffffffb1][0xffffff86][0xffffffb3][0xffffff9a][0x12]kD[0xffffff93](a[0xffffffca][0xffffff93][0xffffffa5][0xffffff84][0xffffffed]R[0xffffff96][0x12][0xffffffa6]Z9JH[0xffffffd3]R[0xffffff94][0xffffff90][0xffffffe2][0xffffffdd][0xffffffa0][0xffffff84]NT}P[0xffffffa2]5[0xffffffec]][0x9]|[0xffffffa2][0xffffffea][0x8][0xffffff98][0xffffffa8]:[0xffffffcc][0xffffff8e]Ja[0xffffffc0][0xffffffb1][0xffffff89][0xffffffaa]C[0xffffff96]RHJ[0xffffff84]LT[0xffffffd9]@2[0xffffff94][0x8][0xffffff98][0xffffffa8][0xffffff92]pVS"x[0xffffffa2][0xffffffca][0xffffff95]'K[0xffffff89][0xffffffbc][0xffffff89]*W[0xffffffad][0x1c]%R&[0xffffffaa][0xffffffb4]x[0x7f][0xffffff9f][0x12][0xffffffed]e)qS[0x1f][0xffffff83]~[0xffffffde][0xf]K[0xffffff89][0xffffffaf];[0xffffff80])[0xfffffff1][0xffffffef]= [0xffffff94][0xfffffff8][0xffffffba]:B[0xffffff89][0x7f][0xffffffae][0x1c]A[0x9][0x13]E[0xffffff84][0x12]6[0xffffff90][0x8]%L,[0xffffffcb])![0xffffffe1],[0xffffffa6][0xffffff84]D4[0xffffff88][0x12][0xffffffae]<QJ[0xfffffff8].E)[0xffffffe1][0xffffffaa][0x15][0xffffffa3][0xffffff84]6-D[0x9]-[0xffffffde][\r]J[0xffffffe8][0xffffffda][0xffffffe5][0x7]%[0x6][0xfffffff6][0xffffffae]D[0xffffffc3][0xffffffd7].[[0xffffffc0][0xffffffda]e3[0xffffff93]l[0xffffff85][0x1][0xffffffc7][0xffffffd6].[0xffffff9b][0xffffff8c][0xffffffae][0xffffff91][0xffffff94][0x8]Y[0xffffffbb][0xffffffb4][0xffffff81]d([0x11][0xffffffb0]v)[0xffffffe1][0xffffffac][0xffffffa6]D[0xfffffff0][0xffffffda][0xffffffa5]+O[0xffffff96][0x12]yk[0xffffff97][0xffffffae]Z9J[0xffffffa4][0xffffffac]]j[0xfffffff1]nPB[0xffffffd7].?)[0xfffffff1]P[0xffffffef]J4|[0xffffffed][0xffffffb2][0x5][0xffffffac]]63[0xffffffc9]V[0x18]pl[0xffffffed][0xffffffb2][0xffffffc9][0xffffffe8][0x1a]I[0xffffff89][0xffffff90][0xffffffb5]K[0x1b]H[0xffffff86][0x12][0x1]k[0xffffff97][0x12][0xffffffce]jJ[0x4][0xffffffaf]][0xffffffba][0xfffffff2]d)[0xffffff91][0xffffffb7]v[0xffffffe9][0xffffffaa][0xffffff95][0xffffffa3]D[0xffffffca][0xffffffda][0xffffffa5][0x16][0xffffffef][0x6]%[0xffffffba][0xffffffa3][0xffffffc4][0xffffffd5][0xffffffa8][0xffffff8f]A?[0xffffffef][0x7][0xffffffa6]D[0xf][0xffffffa0]D[0xffffffd7][0xffffffbc][0x17][0x6][0xffffffbc]c[0xffffff94][0xffffffe8]I[0xffffff94][0xffffffd0](2[0xffffff94]p[0xffffff81]d([0xffffffa1][0xffffffb1][0xffffffac][0xffffffa7][0xffffffc4][0x1a][0xffffffce]jJ[0xffffffac][0x11]M[0xffffffa2][0xffffff84])O[0xffffff96][0x12][0xffffffb6]KYJ[0xffffff98]j[0xffffffe5](!MKQB[0xffffff8a]w[0xffffff83][0x12]:Q[0xfffffff5]A[0xffffff89][0xffffffbb]cO%[0xfffffff0][0xffffff89][0xffffffaa][0x16]0Q[0xffffffd5][0xffffffcc][0xffffff8e]Ja[0xffffffc0][0xffffffb1][0xffffff89][0xffffffaa]&K)$%B&[0xffffffaa]l [0x19]J[0x4]LTI8[0xffffffab])[0x11]<Q[0xffffffe5][0xffffffca][0xffffff93][0xffffffa5]D[0xffffffde]D[0xffffff95][0xffffffab]V[0xffffff8e][0x12])[0x13]UZ[0xffffffbc][0x1b][0xffffff94][0xffffffb0][0x13]U[0xfffffff7]sQ[0xffffff94][0xffffffc0]'[0xffffffaa]Z[0xffffffc0]DU3;*[0xffffff85][0x1][0xffffffc7]&[0xffffffaa][0xffffff9a],[0xffffffa5][0xffffff90][0xffffff94][0x8][0xffffff99][0xffffffa8][0xffffffb2][0xffffff81]d([0x11]0Q%[0xffffffe1][0xffffffac][0xffffffa6]D[0xfffffff0]D[0xffffff95]+O[0xffffff96][0x12]y[0x13]U[0xffffffae]Z9J[0xffffffa4]LTi[0xfffffff1]nP[0xffffffc2]NT=[0xffffff9d][0xfffffffa][0x18][0xffffffb4][0xffffffe1][0x13]U-`[0xffffffa2][0xffffffaa][0xffffff99][0x1d][0xffffff95][0xffffffc2][0xffffff80]c[0x13]UM[0xffffff96]RHJ[0xffffff84]LT[0xffffffd9]@2[0xffffff94][0x8][0xffffff98][0xffffffa8][0xffffff92]pVS"x[0xffffffa2][0xffffffca][0xffffff95]'K[0xffffff89][0xffffffbc][0xffffff89]*W[0xffffffad][0x1c]%R&[0xffffffaa][0xffffffb4]x7(a'[0xffffffaa][0xffffffe6][0xffffff81]=[0xffffff95][0xffffffc0]'[0xffffffaa]Z[0xffffffc0]DU3;*[0xffffff85][0x1][0xffffffc7]&[0xffffffaa][0xffffff9a],[0xffffffa5][0xffffff90][0xffffff94][0x8][0xffffff99][0xffffffa8][0xffffffb2][0xffffff81]d([0x11]0Q%[0xffffffe1][0xffffffac][0xffffffa6]D[0xfffffff0]D[0xffffff95]+O[0xffffff96][0x12]y[0x13]U[0xffffffae]Z9J[0xffffffa4]LTi[0xfffffff1]nP[0xffffffc2]MT[0x1d]/[0xffffffee]cP|[0xffffffa2][0xffffffaa][0x5]LT5[0xffffffb3][0xffffffa3]R[0x18]pl[0xffffffa2][0xffffffaa][0xffffffc9]R[\n]"
08:17:55.176 [TestNG-PoolService-3] DEBUG org.apache.hc.client5.http.wire -- http-outgoing-4 << "[0xffffffde][0xffffffa2][0xffffffc5]L[0x1b][0xffffffa6][0xffffff98][0xfffffffc]2[0xffffffc5][0xffffffc7]-[0xfffffff0][0xffffffb4][0xfffffff8]q[0x13][0x14]-&7N1[0xffffffa3][0xffffffd6])$[0xffffff8f][0x14]-L*)ZH6[0x9]ZLz[0xffffffa1]b&OTh[0xffffff8d][0xffffffd2][0xffffffb4]p[0xffffffad]J[0xffffffd3]BK[0xffffff96][0xffffffa4][0xffffffc5][0xffffffda][0xffffffb9][0x1c]-[0xffffffd6][\n]"
08:17:55.176 [TestNG-PoolService-2] DEBUG org.apache.hc.client5.http.wire -- http-outgoing-5 << "I[0xffffff89][0xffffff90][0xffffff89]*[0x1b]H[0xffffff86][0x12][0x1][0x13]U[0x12][0xffffffce]jJ[0x4]OT[0xffffffb9][0xfffffff2]d)[0xffffff91]7Q[0xffffffe5][0xffffffaa][0xffffff95][0xffffffa3]D[0xffffffca]D[0xffffff95][0x16][0xffffffef][0xffffffef]S[0xffffffa2][0xffffffbb][0xffffff89][0xffffffaa][0xffffffe3]h[0xffffffd4]S[0xffffff89][0xffffff8e]OT[0xfffffff5][0xffffff80][0xffffff89][0xffffffaa]nvT[0xffffffea][0x2][0xffffffde][0xffffffb1][0xffffff89][0xffffffaa].K) %L[0x14][0x11]J[0xffffffd8]@"[0xffffff94]0[0xffffffb1],[0xffffffa7][0xffffff84][0xffffff84][0xffffffb3][0xffffff98][0x12][0x12][0xffffffd1] J[0xffffffb8][0xfffffff2]D)[0xffffffe1][0xffffffbb][0x14][0xffffffa5][0xffffff84][0xffffffab]V[0xffffff8c][0x12][0xffffffda][0xffffffb4][0x10]%[0xffffffb4]x7([0xffffffe1]&[0xffffffaa][0xffffff8e][0xffffffe3]9)J[0xffffffe0][0x13]U=`[0xffffffa2][0xffffffaa][0xffffff9b][0x1d][0xffffff95][0xffffffc2][0xffffff80]c[0x13]U][0xffffff96]RHJ[0xffffff84]LT[0xffffffd9]@2[0xffffff94][0x8][0xffffff98][0xffffffa8][0xffffff92]pVS"x[0xffffffa2][0xffffffca][0xffffff95]'K[0xffffff89][0xffffffbc][0xffffff89]*W[0xffffffad][0x1c]%R&[0xffffffaa][0xffffffb4]x7([0xffffffe1]&[0xffffffaa][0xffffff8e]6[0x1a]E[0x9]|[0xffffffa2][0xffffffaa][0x7]LTu[0xffffffb3][0xffffffa3]R[0x18]pl[0xffffffa2][0xffffffaa][0xffffffcb]R[\n]"
08:17:55.176 [TestNG-PoolService-3] DEBUG org.apache.hc.client5.http.wire -- http-outgoing-4 << "[0xffffffde][0xffffffa2][0xffffffc5]q[0xffffffa5][0xfffffffd]"[0xfffffff2]qG8.>[0xffffffef][0xffffff81][0xffffffd7][0xffffffc5]?wA[0xfffffff1][0xffffffe2][0xfffffff3][0xfffffffa][0xffffff94]/~\;[0x5][0x18][0x1a]JJ[0x18].[0xffffff9a][0x14]14[0xffffffa0][0xffffff84]1[0xffffffd6][0xffffff98][0xffffffd6]#c[\r]k[0xffffff96]2L[0xffffffa1][0xffffffd2][0xffffffcc][0xffffffb0][0xfffffffd]J;[0xffffffc3][0xffffffd4]-[0x9][\r]i_N[0x1a]R[0xffffffc6][0xffffffbf]C[0xffffff8d][0xfffffff3][0xfffffffb][0xffffffaf]L[0xffffffb7][0xffffffae][0xfffffff9][0x0]'[0xffffff91][0xfffffffe][0xffffffbc][0x1f][0xffffff8a][0x19][0xffffffbf][0xffffffdc][0x1][0xffffff86][0xffffff8c][0xffffffe5][0x1e][0xffffff8a][0xffffff89][0xfffffff1][0xffffffcb][0xffffffd5][0xffffff8b][0xffffff81][0xfffffff1][0xffffffbf]W[0xffffff86]y[0xfffffff1]6[0xffffff8a][0xffffffc5][0xffffffb8][0xfffffff8][0xffffff8f]@[0x16][0xffffffd3][0xffffffe2]m,[0xb]a[0xfffffff1]&[0xffffff9c]e[0xffffffac]x[0x13][0xffffffd1][0x8]T[0xffffffbc]/O[0xffffff88][0x14][0xffffffff][0xffffffd5][0xffffffa5][0x10]([0xffffffde]W+[0xffffffc0][0xffffff89]wM[[0xffffff8e][0xffffff89]w[0xffffffc5][0xffffffbb]E[0x9][0xffffffb3][0xffffffae][0xffffff89]R[0x2][[0xffffffd7][0xfffffffc][0xffffffe5][0xe]xJ [0xffffffeb][0xffffff9a][0xffffffbf]\[0xffffff9d][0xffffffa2]D[0xffffffc2][0xffffffba][0xffffffe6][0xffffffdb](R[0xffffff94][0xffffffc0][0xffffffd7]5[0xffffffdf][0xffffffc6][0xffffff92][0xffffffa0][0x4][0xffffffb4][0xffffffae][0xfffffff9]&[0xffffffa2]Y[0xffffff94]HY[0xffffffd7][0xfffffffc][0xffffffaf].[0xffffffa5])[0xffffff91][0xffffffb0][0xffffffae][0xfffffff9][0xffffffae]i9J[0xfffffffc][0xffffffc1][0xffffffba][0xffffffe6][0xffffffe7][0xffffffdf][0xffffffb8]_[0xffffffaf][0xffffff97]y*q[0x1d][0xffffffbd][0xfffffffe]P[0xfffffff3][0xffffff9f][0xfffffff7]CR[0xffffffe2][0xffffffc7][0x1d][0xffffffa0][0xffffff94][0xfffffff8][0xffffffe5][0x1e][0x0]J[0xfffffffc][0xffffffb8]:@[0xffffff89][0xffffff9f]W[0xe][0xffffffa0][0xffffff84][0xffffff8d]"@[0xffffff89]7[0xffffff81][0x4](acYL[0x9][0x13][0xffffffce]RJ[0xffffff98][0xffffff88][0xffffffc6]P[0xffffffc2][0xffffff97]'H[0xffffff89]w][\n]"
08:17:55.176 [TestNG-PoolService-2] DEBUG org.apache.hc.client5.http.wire -- http-outgoing-5 << "I[0xffffff89][0xffffff90][0xffffff89]*[0x1b]H[0xffffff86][0x12][0x1][0x13]U[0x12][0xffffffce]jJ[0x4]OT[0xffffffb9][0xfffffff2]d)[0xffffff91]7Q[0xffffffe5][0xffffffaa][0xffffff95][0xffffffa3]D[0xffffffca]D[0xffffff95][0x16][0xffffffef][0x6]%[0xffffffba][0xffffffa5][0xffffffc4][0xffffffa4]&[0xffffffaa]>[0xffffffff][0x7][0xffffffa6]D[0xf][0xffffffa0]D[0xffffffd7][0xffffffbc][0x17][0x6][0xffffffbc]c[0xffffff94][0xffffffe8]I[0xffffff94][0xffffffd0](2[0xffffff94]p[0xffffff81]d([0xffffffa1][0xffffffb1][0xffffffac][0xffffffa7][0xffffffc4][0x1a][0xffffffce]jJ[0xffffffac][0x11]M[0xffffffa2][0xffffff84])O[0xffffff96][0x12][0xffffffb6]KYJ[0xffffff98]j[0xffffffe5](!MKQB[0xffffff8a]w[0xffffff83][0x12]n[0xffffffa2][0xffffffea][0xffffffb8].[0xffffffea]c[0xffffffd0][0xffffff8e]OT[0xfffffff5][0xffffff80][0xffffff89][0xffffffaa]nvT[\n]"
08:17:55.176 [TestNG-PoolService-2] DEBUG org.apache.hc.client5.http.wire -- http-outgoing-5 << "[0x3][0xffffff8e]MTuYJ!)[0x11]2Qe[0x3][0xffffffc9]P"`[0xffffffa2]J[0xffffffc2]YM[0xffffff89][0xffffffe0][0xffffff89]*W[0xffffff9e],%[0xfffffff2]&[0xffffffaa]\[0xffffffb5]r[0xffffff94]H[0xffffff99][0xffffffa8][0xffffffd2][0xffffffe2][0xffffffdd][0xffffffa0][0xffffff84][0xffffff9b][0xffffffa8]:[0xffffff9e][0x17]F[0x9]|[0xffffffa2][0xffffffaa][0x7]LTu[0xffffffb3][0xffffffa3]R[0x18]pl[0xffffffa2][0xffffffaa][0xffffffcb]R[\n]"
08:17:55.176 [TestNG-PoolService-2] DEBUG org.apache.hc.client5.http.wire -- http-outgoing-5 << "I[0xffffff89][0xffffff90][0xffffff89]*[0x1b]H[0xffffff86][0x12][0x1][0x13]U[0x12][0xffffffce]jJ[0x4]OT[0xffffffb9][0xfffffff2]d)[0xffffff91]7Q[0xffffffe5][0xffffffaa][0xffffff95][0xffffffa3]D[0xffffffca]D[0xffffff95][0x16][0xffffffef][0x6]%[0xffffffdc]DU{5[0xffffffec][0xffffffb5]K|[0xffffffa2][0xffffffaa][0x7]LTu[0xffffffb3][0xffffffa3]R[0x18]pl[0xffffffa2][0xffffffaa][0xffffffcb]R[\n]"
08:17:55.177 [TestNG-PoolService-2] DEBUG org.apache.hc.client5.http.wire -- http-outgoing-5 << "I[0xffffff89][0xffffff90][0xffffff89]*[0x1b]H[0xffffff86][0x12][0x1][0x13]U[0x12][0xffffffce]jJ[0x4]OT[0xffffffb9][0xfffffff2]d)[0xffffff91]7Q[0xffffffe5][0xffffffaa][0xffffff95][0xffffffa3]D[0xffffffca]D[0xffffff95][0x16][0xffffffef][0x6]%[0xffffffdc]DU{=[0xffffff93][0xffffffa2][0x4]>Q[0xffffffd5][0x3]&[0xffffffaa][0xffffffba][0xffffffd9]Q)[0xc]86Q[0xffffffd5]e)[0xffffff85][0xffffffa4]D[0xffffffc8]D[0xffffff95][\r]$C[0xffffff89][0xffffff80][0xffffff89]*[0x9]g5%[0xffffff82]'[0xffffffaa]\y[0xffffffb2][0xffffff94][0xffffffc8][0xffffff9b][0xffffffa8]r[0xffffffd5][0xffffffca]Q"e[0xffffffa2]J[0xffffff8b]w[0xffffff83][0x12]n[0xffffffa2][0xffffffaa][0x1d][0x3][0xffffffa3][0x4]>Q[0xffffffd5][0x3]&[0xffffffaa][0xffffffba][0xffffffd9]Q)[0xc]86Q[0xffffffd5]e)[0xffffff85][0xffffffa4]D[0xffffffc8]D[0xffffff95][\r]$C[0xffffff89][0xffffff80][0xffffff89]*[0x9]g5%[0xffffff82]'[0xffffffaa]\y[0xffffffb2][0xffffff94][0xffffffc8][0xffffff9b][0xffffffa8]r[0xffffffd5][0xffffffca]Q"e[0xffffffa2]J[0xffffff8b][0xfffffff7][0xfffffff7])1[0xffffffdc]DU;&5Q5[0xfffffff0][0xffffff89][0xffffffaa][0x11]0Q5[0xffffffcc][0xffffff8e]J][0xffffffc0][0x7]6Q5d)[0x5][0xffffffa4][0xffffff84][0xffffff89]"B[0x9][0x1b]H[0xffffff84][0x12]&[0xffffff96][0xffffffe5][0xffffff94][0xffffff90]p[0x16]S"
08:17:55.177 [TestNG-PoolService-3] DEBUG org.apache.hc.client5.http.wire -- http-outgoing-4 << "R[0xffffffc2]W+D[0x9][0xffffffd7][0xffffffb4][0x8]%\[0xfffffff1]nP[0xffffffa2]9J|0[0xffffff85][0xffffffa2]D[0xffffffc3])[0xffffffd1][0x2]([0xffffffd1]4[0xffffffef][0xffffff85][0x1]o[0x18]%Z[0x12]%4[0xffffff8a][0xc]%\ [0x19]Jh,[0xffffffeb])[0xffffffb1][0xffffff86][0xffffffb3][0xffffff9a][0x12]kD[0xffffff93](a[0xffffffca][0xffffff93][0xffffffa5][0xffffff84][0xffffffed]R[0xffffff96][0x12][0xffffffa6]Z9JH[0xffffffd3]R[0xffffff94][0xffffff90][0xffffffe2][0xffffffdd][0xffffffa0]D7[0xffffff94][0xffffffb8][0xffffff8f]W[0xfffffffd]K[0xffffff99]?[0xffffffef][0x7][0xffffffa6]D[0xf][0xffffffa0]D[0xffffffd7][0xffffffbc][0x17][0x6][0xffffffbc]c[0xffffff94][0xffffffe8]I[0xffffff94][0xffffffd0](2[0xffffff94]p[0xffffff81]d([0xffffffa1][0xffffffb1][0xffffffac][0xffffffa7][0xffffffc4][0x1a][0xffffffce]jJ[0xffffffac][0x11]M[0xffffffa2][0xffffff84])O[0xffffff96][0x12][0xffffffb6]KYJ[0xffffff98]j[0xffffffe5](!MKQB[0xffffff8a]w[0xffffff83][0x12][0xffffffc3]Q[0xffffffa2]M[0xffffff8c][0x12][0x3][0xffffffa7][0xffffffc4][0x8][0xffffffa0][0xffffffc4][0xffffffd0][0xffffffbc][0x17][0x6]|`[0xffffff94][0x18]I[0xffffff94][0xffffffd0](2[0xffffff94]p[0xffffff81]d([0xffffffa1][0xffffffb1][0xffffffac][0xffffffa7][0xffffffc4][0x1a][0xffffffce]jJ[0xffffffac][0x11]M[0xffffffa2][0xffffff84])O[0xffffff96][0x12][0xffffffb6]KYJ[0xffffff98]j[0xffffffe5](!MKQB[0xffffff8a]w[0xffffff83][0x12][0xffffffa7][0xffffffa3][0xffffffc4][0xfffffff5][0x1c][0x14]%N[0xffffff9c][0x12]g[0x0]%N[0xffffffcd]{a[0xffffffc0]O[0xffffff8c][0x12]g[0x12]%4[0xffffff8a][0xc]%\ [0x19]Jh,[0xffffffeb])[0xffffffb1][0xffffff86][0xffffffb3][0xffffff9a][0x12]kD[0xffffff93](a[0xffffffca][0xffffff93][0xffffffa5][0xffffff84][0xffffffed]R[0xffffff96][0x12][0xffffffa6]Z9JH[0xffffffd3]R[0xffffff94][0xffffff90][0xffffffe2][0xffffffdd][0xffffffa0][0xffffffc4][0xffffffe5]([0xfffffff1]a[0x9][0xffffff8a][0x12][0x17]N[0xffffff89]+[0xffffff80][0x12][0xffffff97][0xffffffe6][0xffffffbd]0[0xffffffe0][0x17]F[0xffffff89]+[0xffffff89][0x12][0x1a]E[0xffffff86][0x12].[0xffffff90][0xc]%4[0xffffff96][0xfffffff5][0xffffff94]X[0xffffffc3]YM[0xffffff89]5[0xffffffa2]I[0xffffff94]0[0xffffffe5][0xffffffc9]R[0xffffffc2]v)K[0x9]S[0xffffffad][0x1c]%[0xffffffa4]i)JH[0xfffffff1]nP[0xffffffe2]v[0xffffff94]x[0xffffffda]EQ[0xffffffe2][0xffffffc6])q[0x7]P[0xffffffe2][0xffffffd6][0xffffffbc][0x17][0x6][0xfffffffc][0xffffffc6](q'QB[0xffffffa3][0xffffffc8]P[0xffffffc2][0x5][0xffffff92][0xffffffa1][0xffffff84][0xffffffc6][0xffffffb2][0xffffff9e][0x12]k8[0xffffffab])[0xffffffb1]F4[0xffffff89][0x12][0xffffffa6]<YJ[0xffffffd8].e)a[0xffffffaa][0xffffff95][0xffffffa3][0xffffff84]4-E[0x9])[0xffffffde][\r]J<[0xffffff96][0x12]O[0xffffffa3]([0xfffffff1][0xffffffe0][0xffffff94]x[0x2]([0xfffffff1]h[0xffffffde][0xb][0x3][0xfffffffe]`[0xffffff94]x[0xffffff92]([0xffffffa1]Qd([0xffffffe1][0x2][0xffffffc9]PBcYO[0xffffff89]5[0xffffff9c][0xffffffd5][0xffffff94]X#[0xffffff9a]D[0x9]S[0xffffff9e],%l[0xffffff97][0xffffffb2][0xffffff94]0[0xffffffd5][0xffffffca]QB[0xffffff9a][0xffffff96][0xffffffa2][0xffffff84][0x14][0xffffffef][0x6]%[0xffffffdc][0xffffffda][0xffffffe5]=[0x7][0xfffffff6]T[0x2]^[0xffffffbb][0xfffffffc]q[0x7]4%[0xffffffc0][0xffffffb5][0xffffffcb][0x1f]Wg([0xffffff91][0xffffffb3]vi[0xffffffa3][0xffffffc8]P"d[0xffffffed][0xffffffd2][0xffffffc6][0xffffffb2][0xffffff9e][0x12][0xffffffe8][0xffffffda][0xffffffa5][0xffffff89]h[0x12]%[0xffffffb2][0xffffffd6].[0xffffffdf]u)K[0xffffff89][0xffffff9c][0xffffffb5]K[0xffffffd7][0xffffffb4][0x14]%[0xfffffffe]x[0xffffffed][0xfffffff2]~[0x1d]n[0xffffffa2][0xffffffea]y=[0xffffffd4]D[0xffffffd5][0xffffff81]OT[0x1d][0x1][0x13]U[0xffffff87][0xffffffd9]Q[0xffffffa9][0xb][0xfffffff8][0xffffff81]MT[0x1d][0xffffffb2][0xffffff94][0x2]R[0xffffffc2]D[0x11][0xffffffa1][0xffffff84][\r]$B[0x9][0x13][0xffffffcb]rJH8[0xffffff8b])![0x11][\r][0xffffffa2][0xffffff84]+O[0xffffff94][0x12][0xffffffbe]KQJ[0xffffffb8]j[0xffffffc5]([0xffffffa1]M[0xb]QB[0xffffff8b]w[0xffffff8b][0x12]-[0xffffff8c][0x12][0xffffffe8]p[0xfffffff6][0xffffff8f];[0xffffffe0])[0xffffff81][\r]g[0xffffffff][0xffffffb8]:E[0xffffff89][0xffffff94][0xffffffe1]l[0x1b]E[0xffffff8a][0x12][0x11][0xffffffc3][0xffffffd9]6[0xffffff96][0x4]%[0xffffffc0][0xffffffe1]l[0x13][0xffffffd1],J$[\r]g[0xffffffbf][0xffffffeb]R[0xffffff9a][0x12])[0xffffffc3][0xffffffd9][0xffffffae]i9J[0xfffffffc][0xfffffff1]p[0xfffffff6]q[0xffffffb8][0xffffffa7][0x12][0xffffffa3]w[0xffffff8a][0x12][0x7][0xfffffffe]T[0xffffffe2][0x8]x*q([0xffffff9d][0xb][0x3]~`O%[0xffffff8e][0xffffffa4][0xffffffa7][0x12][0x1a]E[0xffffff86][0x12].[0xffffff90][0xc]%4[0xffffff96][0xfffffff5][0xffffff94]X[0xffffffc3]YM[0xffffff89]5[0xffffffa2]I[0xffffff94]0[0xffffffe5][0xffffffc9]R[0xffffffc2]v)K[0x9]S[0xffffffad][0x1c]%[0xffffffa4]i)JH[0xfffffff1]nP[0xffffffc2][\r]g?[0xffffffd7][0xb][0xffffffa3][0x4]>[0xffffff9c]}[0x4][0xc]g[0x1f]f[0xffffffdd][0xffffffb5]0[0xffffffe0][0xffffffd8]p[0xfffffff6]![0xfffffffb][0xffffffad]$%B[0xffffff86][0xffffffb3]m [0x19]J[0x4][0xc]gK8[0xffffffab])[0x11]<[0xffffff9c][0xffffffed][0xffffffca][0xffffff93][0xffffffa5]D[0xffffffde]p[0xffffffb6][0xffffffab]V[0xffffff8e][0x12])[0xffffffc3][0xffffffd9]Z[0xffffffbc][[0xffffff94][0x18]a[0xffffff94][0x18]8%F[0x0]%[0x6]J[0xffffff89][0xffffff81]Qb$Qb[0xffffff8d]"E[0x9][\r]$E[0xffffff89]5[0xffffff96][0x4]%[0x6]L[0xffffff89][0x11]L[0x9])O[0xffffff9a][0x12][0xffffffa6]KiJH[0xffffffb5][0xffffff92][0xffffff94][0x18])[0xffffff94][0x18][0x7f]L[0x9]w[0x6][0xffffffc7]|[\r][0xffffff8c][0x12][0xfffffff8][0x19][0x1c]G[0xffffffc0][0x19][0x1c][0xffffff87][0x19][0xffffff8a]/[0xc]8v[0x6][0xffffffc7]!S[0xfffffff0]$%B[0xffffffce][0xffffffe0][0xffffffb0][0xffffff81]d([0x11]p[0x6][0xffffff87][0xffffff84][0xffffffb3][0xffffff9a][0x12][0xffffffc1]gp[0xffffffb8][0xfffffff2]d)[0xffffff91]w[0x6][0xffffff87][0xffffffab]V[0xffffff8e][0x12])gph[0xfffffff1]nQB_[0xffffffbb]d)A[0xffffffbf]v[0xffffffd9][0x3]^[0xffffffbb][0xffffffec][0xfffffffa]nPi[0xffffffc0][0xffffffa9][0xffffffd7].{[0xffffffd2]k[0xffffff97][0x1a]E[0xffffff8a][0x12])[0xffffffaf]]j,[0x9]J[0xffffffb0][0xffffffaf]][0xffffffae][0x11][0xffffffcd][0xffffffa2]D[0xffffffd8]k[0xffffff97][0xffffffb6]KiJ[0x4][0xffffffbd]v)M[0xffffffcb]Q[0xffffffe2][0xffffffcf]_[0xffffffbb]t[0xffffffc7]y[0xffffffcd][0xffffffc6]Q[0x2]?[0xffffffce][0xffffffeb][0x8]8[0xffffffce][0xffffffeb]0g[0xffffffce][0x14][0x6][0x1c];[0xffffffce][0xffffffeb][0xffffff90]SeHJ[0xffffff84][0x1c][0xffffffe7]e[0x3][0xffffffc9]P"[0xffffffe0]8/[0x9]g5%[0xffffff82][0xffffff8f][0xfffffff3]r[0xffffffe5][0xffffffc9]R"[0xffffffef]8/W[0xffffffad][0x1c]%R[0xffffff8e][0xfffffff3][0xffffffd2][0xffffffe2][0xffffffdd][0xffffffa0][0xffffffc4][0xffffffe9]([0xffffffd1][0xffffffb1]38>[0xffffffef][0x7][0xffffffa6][0xffffffc4][0x19]@[0xffffff89]S[0xfffffff3]^[0x18][0xfffffff0][0x13][0xffffffa3][0xffffffc4][0xffffff99]D[0x9][0xffffff8d]"C[0x9][0x17]H[0xffffff86][0x12][0x1a][0xffffffcb]zJ[0xffffffac][0xffffffe1][0xffffffac][0xffffffa6][0xffffffc4][0x1a][0xffffffd1]$J[0xffffff98][0xfffffff2]d)a[0xffffffbb][0xffffff94][0xffffffa5][0xffffff84][0xffffffa9]V[0xffffff8e][0x12][0xffffffd2][0xffffffb4][0x14]%[0xffffffa4]x7([0xffffffe1][0xffffff8e][0xfffffff3][0xffffff9a][0xfffffff7]5)J[0xffffffe0][0xffffffc7]y[0x1d][0x1][0xffffffc7]y[0x1d][0xffffffe6][0xffffffcc][0xffffff99][0xffffffc2][0xffffff80]c[0xffffffc7]y[0x1d]r[0xffffffaa][0xc]I[0xffffff89][0xffffff90][0xffffffe3][0xffffffbc]l [0x19]J[0x4][0x1c][0xffffffe7]%[0xffffffe1][0xffffffac][0xffffffa6]D[0xfffffff0]q^[0xffffffae]<YJ[0xffffffe4][0x1d][0xffffffe7][0xffffffe5][0xffffffaa][0xffffff95][0xffffffa3]D[0xffffffca]q^Z[0xffffffbc][0x1b][0xffffff94]0[0xffffffc7]y[0xffffffb5][0xf][0xffffffa4][0xffffffdc][0x14]%[0xfffffff0][0xffffffe3][0xffffffbc][0xffffff8e][0xffffff80][0xffffffe3][0xffffffbc][0xe]s[0xffffffe6]La[0xffffffc0][0xffffffb1][0xffffffe3][0xffffffbc][0xe]9U[0xffffff86][0xffffffa4]D[0xffffffc8]q^6[0xffffff90][0xc]%[0x2][0xffffff8e][0xfffffff3][0xffffff92]pVS"[0xfffffff8]8/W[0xffffff9e],%[0xfffffff2][0xffffff8e][0xfffffff3]r[0xffffffd5][0xffffffca]Q"[0xffffffe5]8/-[0xffffffde][\r]J[0xffffff98][0xffffffe3][0xffffffbc][0xffffffda]k[0xffffff9c][0xffffffd8]S[0x9][0xfffffffc]8[0xffffffaf]#[0xffffffe0]8[0xffffffaf][0xffffffc3][0xffffff9c]9S[0x18]p[0xffffffec]8[0xffffffaf]CN[0xffffff95]!)[0x11]r[0xffffff9c][0xffffff97][\r]$C[0xffffff89][0xffffff80][0xffffffe3][0xffffffbc]$[0xffffff9c][0xffffffd5][0xffffff94][0x8]>[0xffffffce][0xffffffcb][0xffffff95]'K[0xffffff89][0xffffffbc][0xffffffe3][0xffffffbc]\[0xffffffb5]r[0xffffff94]H9[0xffffffce]K[0xffffff8b]w[0xffffff83][0x12][0xffffffe6]8[0xffffffaf][0xfffffff6][0xffffffba][0xffffffef]AQ[0x2]?[0xffffffce][0xffffffeb][0x8]8[0xffffffce][0xffffffeb]0g[0xffffffce][0x14][0x6][0x1c];[0xffffffce][0xffffffeb][0xffffff90]SeHJ[0xffffff84][0x1c][0xffffffe7]e[0x3][0xffffffc9]P"[0xffffffe0]8/[0x9]g5%[0xffffff82][0xffffff8f][0xfffffff3]r[0xffffffe5][0xffffffc9]R"[0xffffffef]8/W[0xffffffad][0x1c]%R[0xffffff8e][0xfffffff3][0xffffffd2][0xffffffe2][0xfffffffd]}J4s[0xffffff9c]W{=[0xffffff9d]z[0xffffffed][0xffffffb2][0xffffffe1][0xffffffc7]y[0xffffffb5][0xffffff80][0xffffffe3][0xffffffbc][0xffffff9a]9s[0xffffffa6].[0xffffffe0][\r];[0xffffffce][0xffffffab][0xffffffc9][0xffffffa9]2 %L[0x14][0x11]J[0xffffffd8]@"[0xffffff94]0[0xffffffb1],[0xffffffa7][0xffffff84][0xffffff84][0xffffffb3][0xffffff98][0x12][0x12][0xffffffd1] J[0xffffffb8][0xfffffff2]D)[0xffffffe1][0xffffffbb][0x14][0xffffffa5][0xffffff84][0xffffffab]V[0xffffff8c][0x12][0xffffffda][0xffffffb4][0x10]%[0xffffffb4]x7(a[0xffffffce][0xffffffe0]h[0xffffffc7][0xffffffd1][0xffffffa8][0x1f]8[0x1a]~[0x6]G[0xb]8[0xffffff83][0xffffffa3][0xffffff99][0xffffffa1][0xfffffff8][0xffffffc2][0xffffff80]cgp4[0xffffff99][0xffffff82]')[0x11]r[0x6][0xffffff87][\r]$C[0xffffff89][0xffffff80]38$[0xffffff9c][0xffffffd5][0xffffff94][0x8]>[0xffffff83][0xffffffc3][0xffffff95]'K[0xffffff89][0xffffffbc]38\[0xffffffb5]r[0xffffff94]H9[0xffffff83]C[0xffffff8b]w[0xffffff83][0x12][0xffffffe6][0xc][0xffffff8e][0xfffffff6][0xfffffff1][0x7f][0xffffff9e][0x14]%[0xfffffff0]38Z[0xffffffc0][0x19][0x1c][0xffffffcd][0xc][0xffffffc5][0x17][0x6][0x1c];[0xffffff83][0xffffffa3][0xffffffc9][0x14]<I[0xffffff89][0xffffff90]38l [0x19]J[0x4][0xffffff9c][0xffffffc1]![0xffffffe1][0xffffffac][0xffffffa6]D[0xfffffff0][0x19][0x1c][0xffffffae]<YJ[0xffffffe4][0xffffff9d][0xffffffc1][0xffffffe1][0xffffffaa][0xffffff95][0xffffffa3]D[0xffffffca][0x19][0x1c]Z[0xffffffbc][0x1b][0xffffff94]0[0xffffffc3][0xffffffd9][0xffffffed][0xffffffb8];F[0x9]|8[0xffffffbb][0x5][0xc]g7[0xffffffb3][0xffffffee]Z[0x18]pl8[0xffffffbb][0xffffffc9]~+I[0xffffff89][0xffffff90][0xffffffe1]l[0x1b]H[0xffffff86][0x12][0x1][0xffffffc3][0xffffffd9][0x12][0xffffffce]jJ[0x4][0xf]g[0xffffffbb][0xfffffff2]d)[0xffffff91]7[0xffffff9c][0xffffffed][0xffffffaa][0xffffff95][0xffffffa3]D[0xffffffca]p[0xffffffb6][0x16][0xffffffef][0x6]%[0xffffffcc][0xffffffda]e;[0xffffffe6][0xb][0xfffffffb][0xffffff81][0x3]_[0xffffffbb]l[0x1]k[0xffffff97][0xffffffcd]L[0xffffffb2][0x15][0x6][0x1c][[0xffffffbb]l2[0xffffffba]FR"d[0xffffffed][0xffffffd2][0x6][0xffffff92][0xffffffa1]D[0xffffffc0][0xffffffda][0xffffffa5][0xffffff84][0xffffffb3][0xffffff9a][0x12][0xffffffc1]k[0xffffff97][0xffffffae]<YJ[0xffffffe4][0xffffffad]][0xffffffba]j[0xffffffe5]([0xffffff91][0xffffffb2]v[0xffffffa9][0xffffffc5][0xffffffbb]A[0xffffff89][0xffffffd3]P[0xffffffa2]u[0xffffffec]d[0xffffffd0][0xffffffcf][0xfffffffb][0xffffff81])q[0x6]P[0xffffffe2][0xffffffd4][0xffffffbc][0x17][0x6][0xfffffffc][0xffffffc4](q&QB[0xffffffa3][0xffffffc8]P[0xffffffc2][0x5][0xffffff92][0xffffffa1][0xffffff84][0xffffffc6][0xffffffb2][0xffffff9e][0x12]k8[0xffffffab])[0xffffffb1]F4[0xffffff89][0x12][0xffffffa6]<YJ[0xffffffd8].e)a[0xffffffaa][0xffffff95][0xffffffa3][0xffffff84]4-E[0x9])[0xffffffde][\r]J[0xffffff98][0xffffffb5][0xffffffcb][0xffffffd6][0xffffffc6][0xffffffd3](J[0xffffffe0]k[0xffffff97]-`[0xffffffed][0xffffffb2][0xffffff99]I[0xffffffb6][0xffffffc2][0xffffff80]ck[0xffffff97]MF[0xffffffd7]HJ[0xffffff84][0xffffffac]][0xffffffda]@2[0xffffff94][0x8]X[0xffffffbb][0xffffff94]pVS"x[0xffffffed][0xffffffd2][0xffffff95]'K[0xffffff89][0xffffffbc][0xffffffb5]KW[0xffffffad][0x1c]%R[0xffffffd6].[0xffffffb5]x7([0xffffffe1]&[0xffffffaa][0xfffffffa]k[0xffffffbe](J[0xffffffe0][0x13]U-`[0xffffffa2][0xffffffaa][0xffffff99][0x1d][0xffffff95][0xffffffc2][0xffffff80]c[0x13]UM[0xffffff96]RHJ[0xffffff84]LT[0xffffffd9]@2[0xffffff94][0x8][0xffffff98][0xffffffa8][0xffffff92]pVS"x[0xffffffa2][0xffffffca][0xffffff95]'K[0xffffff89][0xffffffbc][0xffffff89]*W[0xffffffad][0x1c]%R&[0xffffffaa][0xffffffb4]x7([0xffffffe1]&[0xffffffaa][0xfffffffa][0xffffff98][0x17]E[0x9]|[0xffffffa2][0xffffffaa][0x5]LT5[0xffffffb3][0xffffffa3]R[0x18]pl[0xffffffa2][0xffffffaa][0xffffffc9]R[\n]"
08:17:55.177 [TestNG-PoolService-3] DEBUG org.apache.hc.client5.http.wire -- http-outgoing-4 << "I[0xffffff89][0xffffff90][0xffffff89]*[0x1b]H[0xffffff86][0x12][0x1][0x13]U[0x12][0xffffffce]jJ[0x4]OT[0xffffffb9][0xfffffff2]d)[0xffffff91]7Q[0xffffffe5][0xffffffaa][0xffffff95][0xffffffa3]D[0xffffffca]D[0xffffff95][0x16][0xffffffef][0xffffffef]S[0xffffffa2][0xffffffbb][0xffffff89][0xffffffaa]~[0xffffffde][0x7]D[0xffffff89][0xffffff8e]OT[0xfffffff5][0xffffff80][0xffffff89][0xffffffaa]nvT[0xffffffea][0x2][0xffffffde][0xffffffb1][0xffffff89][0xffffffaa].K) %L[0x14][0x11]J[0xffffffd8]@"[0xffffff94]0[0xffffffb1],[0xffffffa7][0xffffff84][0xffffff84][0xffffffb3][0xffffff98][0x12][0x12][0xffffffd1] J[0xffffffb8][0xfffffff2]D)[0xffffffe1][0xffffffbb][0x14][0xffffffa5][0xffffff84][0xffffffab]V[0xffffff8c][0x12][0xffffffda][0xffffffb4][0x10]%[0xffffffb4]x7([0xffffffe1]&[0xffffffaa][0xfffffffa][0xffffffd5][0xffffffa9][0x1f]8:>Q[0xffffffd5][0x3]&[0xffffffaa][0xffffffba][0xffffffd9]Q)[0xc]86Q[0xffffffd5]e)[0xffffff85][0xffffffa4]D[0xffffffc8]D[0xffffff95][\r]$C[0xffffff89][0xffffff80][0xffffff89]*[0x9]g5%[0xffffff82]'[0xffffffaa]\y[0xffffffb2][0xffffff94][0xffffffc8][0xffffff9b][0xffffffa8]r[0xffffffd5][0xffffffca]Q"e[0xffffffa2]J[0xffffff8b]w[0xffffff83][0x12]n[0xffffffa2][0xffffffaa]_7[0xfffffff5]1h[0xffffffc7]'[0xffffffaa]z[0xffffffc0]DU7;*[0xffffff85][0x1][0xffffffc7]&[0xffffffaa][0xffffffba],[0xffffffa5][0xffffff90][0xffffff94][0x8][0xffffff99][0xffffffa8][0xffffffb2][0xffffff81]d([0x11]0Q%[0xffffffe1][0xffffffac][0xffffffa6]D[0xfffffff0]D[0xffffff95]+O[0xffffff96][0x12]y[0x13]U[0xffffffae]Z9J[0xffffffa4]LTi[0xfffffff1]nP[0xffffffc2]MT[0xfffffff5][0xffffffbb]S[0xffffffef]Jt|[0xffffffa2][0xffffffaa][0x7]LTu[0xffffffb3][0xffffffa3]R[0x18]pl[0xffffffa2][0xffffffaa][0xffffffcb]R[\n]"
08:17:55.177 [TestNG-PoolService-3] DEBUG org.apache.hc.client5.http.wire -- http-outgoing-4 << "I[0xffffff89][0xffffff90][0xffffff89]*[0x1b]H[0xffffff86][0x12][0x1][0x13]U[0x12][0xffffffce]jJ[0x4]OT[0xffffffb9][0xfffffff2]d)[0xffffff91]7Q[0xffffffe5][0xffffffaa][0xffffff95][0xffffffa3]D[0xffffffca]D[0xffffff95][0x16][0xffffffef][0x6]%[0xffffffdc]DU[0x7f]N[0xffffffec][0x7][0xe]|[0xffffffa2][0xffffffaa][0x7]LTu[0xffffffb3][0xffffffa3]R[0x18]pl[0xffffffa2][0xffffffaa][0xffffffcb]R[\n]"
08:17:55.178 [TestNG-PoolService-3] DEBUG org.apache.hc.client5.http.wire -- http-outgoing-4 << "I[0xffffff89][0xffffff90][0xffffff89]*[0x1b]H[0xffffff86][0x12][0x1][0x13]U[0x12][0xffffffce]jJ[0x4]OT[0xffffffb9][0xfffffff2]d)[0xffffff91]7Q[0xffffffe5][0xffffffaa][0xffffff95][0xffffffa3]D[0xffffffca]D[0xffffff95][0x16][0xffffffef][0x6]%NC[0xffffff89][0xffffff8f][0x7f]cO%N[0xffffff9c][0x12]g[0x0]%N[0xffffffcd]{a[0xffffffc0]O[0xffffff8c][0x12]g[0x12]%4[0xffffff8a][0xc]%\ [0x19]Jh,[0xffffffeb])[0xffffffb1][0xffffff86][0xffffffb3][0xffffff9a][0x12]kD[0xffffff93](a[0xffffffca][0xffffff93][0xffffffa5][0xffffff84][0xffffffed]R[0xffffff96][0x12][0xffffffa6]Z9JH[0xffffffd3]R[0xffffff94][0xffffff90][0xffffffe2][0xffffffdd][0xffffffa0][0xffffff84][0xffffff9b][0xffffffa8][0x1a]c`_p[0xffffffe0][0x13]U=`[0xffffffa2][0xffffffaa][0xffffff9b][0x1d][0xffffff95][0xffffffc2][0xffffff80]c[0x13]U][0xffffff96]RHJ[0xffffff84]LT[0xffffffd9]@2[0xffffff94][0x8][0xffffff98][0xffffffa8][0xffffff92]pVS"x[0xffffffa2][0xffffffca][0xffffff95]'K[0xffffff89][0xffffffbc][0xffffff89]*W[0xffffffad][0x1c]%R&[0xffffffaa][0xffffffb4]x7(q;J[0xffffffcc]cP[0xffffff94][0xffffffb8]qJ[0xffffffdc][0x1][0xffffff94][0xffffffb8]5[0xffffffef][0xffffff85][0x1][0xffffffbf]1J[0xffffffdc]I[0xffffff94][0xffffffd0](2[0xffffff94]p[0xffffff81]d([0xffffffa1][0xffffffb1][0xffffffac][0xffffffa7][0xffffffc4][0x1a][0xffffffce]jJ[0xffffffac][0x11]M[0xffffffa2][0xffffff84])O[0xffffff96][0x12][0xffffffb6]KYJ[0xffffff98]j[0xffffffe5](!MKQB[0xffffff8a]w[0xffffff83][0x12]n[0xffffffed][0xfffffff2]<^[0x18]%[0xfffffff0][0xffffffb5][0xffffffcb][0x1e][0xffffffb0]v[0xffffffd9][0xffffffcd]$[a[0xffffffc0][0xffffffb1][0xffffffb5][0xffffffcb].[0xffffffa3]k$%B[0xffffffd6].m [0x19]J[0x4][0xffffffac]]J8[0xffffffab])[0x11][0xffffffbc]v[0xffffffe9][0xffffffca][0xffffff93][0xffffffa5]D[0xffffffde][0xffffffda][0xffffffa5][0xffffffab]V[0xffffff8e][0x12])k[0xffffff97]Z[0xffffffbc][0x1b][0xffffff94]pk[0xffffff97][0xffffffe7][0xfffffff9][0xffffffc2][0xffffffde][0xffffff95][0xffffffc0][0xffffffd7].{[0xffffffc0][0xffffffda]e7[0xffffff93]l[0xffffff85][0x1][0xffffffc7][0xffffffd6].[0xffffffbb][0xffffff8c][0xffffffae][0xffffff91][0xffffff94][0x8]Y[0xffffffbb][0xffffffb4][0xffffff81]d([0x11][0xffffffb0]v)[0xffffffe1][0xffffffac][0xffffffa6]D[0xfffffff0][0xffffffda][0xffffffa5]+O[0xffffff96][0x12]yk[0xffffff97][0xffffffae]Z9J[0xffffffa4][0xffffffac]]j[0xfffffff1][0xfffffffe]>%[0xffffff86][[0xffffffbb]<[0xffffffaf][0xfffffff9]@[0xffffff94][0x18][0xfffffff8][0xffffffda][0xffffffe5][0x8]X[0xffffffbb][0x1c]f[0xffffff92][0xffffffad].[0xffffffe0][0x3][[0xffffffbb][0x1c]2[0xffffffba][0x6]R[0xffffffc2]D[0x11][0xffffffa1][0xffffff84][\r]$B[0x9][0x13][0xffffffcb]rJH8[0xffffff8b])![0x11][\r][0xffffffa2][0xffffff84]+O[0xffffff94][0x12][0xffffffbe]KQJ[0xffffffb8]j[0xffffffc5]([0xffffffa1]M[0xb]QB[0xffffff8b]w[0xffffff83][0x12][0xffffffc7][0xffffffff]5[0xffffffa1][0xffffffc4][0xfffffff5][0xffffffba][0xffffffa8]C[0xffffffc6]?[0xffffffef][0x7][0xffffffa6][0xffffffc4][0xffffffe7][0x1d][0xffffffd0][0xffffff94][0xfffffff8][0xffffffe7][0x1e][0x18]J|^[0xffffff9d][0xffffffa1][0xffffffc4][0xffffff8f]+gPB[0xffffffa3][0xffffffc8]P[0xffffffc2][0x5][0xffffff92][0xffffffa1][0xffffff84][0xffffffc6][0xffffffb2][0xffffff9e][0x12]k8[0xffffffab])[0xffffffb1]F4[0xffffff89][0x12][0xffffffa6]<YJ[0xffffffd8].e)a[0xffffffaa][0xffffff95][0xffffffa3][0xffffff84]4-E[0x9])[0xffffffde][\r]J[0xffffffb8][0xffffffb5][0xffffffcb][0xffffffab]=[0xffffffd4][0x17][0x1c][0x3]_[0xffffffbb][0x1c][0x1]k[0xffffff97][0xffffffc3]L[0xffffffb2][0x15][0x6][0x1c][[0xffffffbb][0x1c]2[0xffffffba]FR"d[0xffffffed][0xffffffd2][0x6][0xffffff92][0xffffffa1]D[0xffffffc0][0xffffffda][0xffffffa5][0xffffff84][0xffffffb3][0xffffff9a][0x12][0xffffffc1]k[0xffffff97][0xffffffae]<YJ[0xffffffe4][0xffffffad]][0xffffffba]j[0xffffffe5]([0xffffff91][0xffffffb2]v[0xffffffa9][0xffffffc5][0xffffffbb]A[0x9][0xffffffb7]vy]'[0xfffffff6]T[0x2]_[0xffffffbb][0x1c][0x1]k[0xffffff97][0xffffffc3]L[0xffffffb2][0x15][0x6][0x1c][[0xffffffbb][0x1c]2[0xffffffba]FR"d[0xffffffed][0xffffffd2][0x6][0xffffff92][0xffffffa1]D[0xffffffc0][0xffffffda][0xffffffa5][0xffffff84][0xffffffb3][0xffffff9a][0x12][0xffffffc1]k[0xffffff97][0xffffffae]<YJ[0xffffffe4][0xffffffad]][0xffffffba]j[0xffffffe5]([0xffffff91][0xffffffb2]v[0xffffffa9][0xffffffc5][0xffffffbb]A[0x9][0xffffffb7]vy[0xffffffdd][0xffffff9d]:[0xffffff83]c[0xffffffe0]k[0xffffff97]#`[0xffffffed]r[0xffffff98]I[0xffffffb6][0xffffffc2][0xffffff80]ck[0xffffff97]CF[0xffffffd7]HJ[0xffffff84][0xffffffac]][0xffffffda]@2[0xffffff94][0x8]X[0xffffffbb][0xffffff94]pVS"x[0xffffffed][0xffffffd2][0xffffff95]'K[0xffffff89][0xffffffbc][0xffffffb5]KW[0xffffffad][0x1c]%R[0xffffffd6].[0xffffffb5]x7(qZJ<[0xffffff83][0xffffffa2][0xffffffc4][0xffffff89]S[0xffffffe2][0xc][0xffffffa0][0xffffffc4][0xffffffa9]y/[0xc][0xfffffff8][0xffffff89]Q[0xffffffe2]L[0xffffffa2][0xffffff84]F[0xffffff91][0xffffffa1][0xffffff84][0xb]$C[0x9][0xffffff8d]e=%[0xffffffd6]pVSb[0xffffff8d]h[0x12]%Ly[0xffffffb2][0xffffff94][0xffffffb0]][0xffffffca]R[0xffffffc2]T+G[0x9]iZ[0xffffff8a][0x12]R[0xffffffbc][0x1b][0xffffff94]pk[0xffffff97][0xffffffd7][0xfffffff3][0xfffffff5][0xffffffcf][0xb][0xffffffa1][0x4][0xffffffbe]v9[0x2][0xffffffd6].[0xffffff87][0xffffff99]d+[0xc]8[0xffffffb6]v9dt[0xffffff8d][0xffffffa4]D[0xffffffc8][0xffffffda][0xffffffa5][\r]$C[0xffffff89][0xffffff80][0xffffffb5]K[0x9]g5%[0xffffff82][0xffffffd7].]y[0xffffffb2][0xffffff94][0xffffffc8][[0xffffffbb]t[0xffffffd5][0xffffffca]Q"e[0xffffffed]R[0xffffff8b]w[0xffffff83][0x12]n[0xffffffed][0xfffffff2][0xffffff9a]/[0xffffff8c][0x12][0xfffffff8][0xffffffda][0xffffffe5][0x8]X[0xffffffbb][0x1c]f[0xffffff92][0xffffffad]0[0xffffffe0][0xffffffd8][0xffffffda][0xffffffe5][0xffffff90][0xffffffd1]5[0xffffff92][0x12]!k[0xffffff97]6[0xffffff90][0xc]%[0x2][0xffffffd6].%[0xffffff9c][0xffffffd5][0xffffff94][0x8]^[0xffffffbb]t[0xffffffe5][0xffffffc9]R"o[0xffffffed][0xffffffd2]U+G[0xffffff89][0xffffff94][0xffffffb5]K-[0xffffffde][\r]J[0xffffffb8][0xffffffb5][0xffffffcb][0xfffffffb][0xfffffff5]`[0xffffffbb][0x12][0xfffffff8][0xffffffda][0xffffffe5][0x8]X[0xffffffbb][0x1c]f[0xffffff92][0xffffffad]0[0xffffffe0][0xffffffd8][0xffffffda][0xffffffe5][0xffffff90][0xffffffd1]5[0xffffff92][0x12]!k[0xffffff97]6[0xffffff90][0xc]%[0x2][0xffffffd6].%[0xffffff9c][0xffffffd5][0xffffff94][0x8]^[0xffffffbb]t[0xffffffe5][0xffffffc9]R"o[0xffffffed][0xffffffd2]U+G[0xffffff89][0xffffff94][0xffffffb5]K-[0xffffffde][\r]J[0xffffffb8][0xffffffb5][0xffffffcb][0xffffffbb]][0xffffffd8]S[0x9]|[0xffffffed]r[0x4][0xffffffac]][0xe]3[0xffffffc9]V[0x18]pl[0xffffffed]r[0xffffffc8][0xffffffe8][0x1a]I[0xffffff89][0xffffff90][0xffffffb5]K[0x1b]H[0xffffff86][0x12][0x1]k[0xffffff97][0x12][0xffffffce]jJ[0x4][0xffffffaf]][0xffffffba][0xfffffff2]d)[0xffffff91][0xffffffb7]v[0xffffffe9][0xffffffaa][0xffffff95][0xffffffa3]D[0xffffffca][0xffffffda][0xffffffa5][0x16][0xffffffef][0x16]%z[0x18]%:N[0xffffff89][0x1e]@[0xffffff89][0xffffff8e]R[0xffffffa2]c[0xffffff94][0xffffffe8]I[0xffffff94]X[0xffffffa3]HQB[0x3]IQb[0xffffff8d]%A[0xffffff89][0xe]S[0xffffffa2][0x7]SB[0xffffffca][0xffffff93][0xffffffa6][0xffffff84][0xffffffe9]R[0xffffff9a][0x12]R[0xffffffad]$%z[\n]"
08:17:55.178 [TestNG-PoolService-3] DEBUG org.apache.hc.client5.http.wire -- http-outgoing-4 << "%[0xfffffffa]_[0xffffffa0][0xffffffc4][0x19]F[0xffffff89][0x13][0xffffffa7][0xffffffc4][0x19]@[0xffffff89][0x13][0xffffffa5][0xffffffc4][0xffffff89]Q[0xffffffe2]L[0xffffffa2][0xffffffc4][0x1a]E[0xffffff8a][0x12][0x1a]H[0xffffff8a][0x12]k,[0x9]J[0xffffff9c]0%[0xffffffce]`JHy[0xffffffd2][0xffffff94]0]JSB[0xffffffaa][0xffffff95][0xffffffa4][0xffffffc4][0xffffff99]B[0xffffff89][0xfffffff3]/P[0xffffffe2][0xffffffb8][0xffffffc3],q[0xffffffdc]8&>n[0xffffff81][0xffffffd7][0xffffffc4][0xffffff8f][0xffffff9b][0xffffffa0]8[0xfffffff1]qy[0xffffffca][0x13][0xffffffdf][0xffffff97]N[0x1][0xffffff85][0xffffffe4][0xffffff91][0x12][0xffffff85]I%E[\n]"
08:17:55.178 [TestNG-PoolService-3] DEBUG org.apache.hc.client5.http.wire -- http-outgoing-4 << "[0xffffffc9]&a[0xffffff8a]%[0xffffffa1][0xfffffff5][0xffffffa8]Xr[0xffffff9a][0xffffffa5][\n]"
08:17:55.178 [TestNG-PoolService-3] DEBUG org.apache.hc.client5.http.wire -- http-outgoing-4 << "[0xffffffad]Q[0xffffff9a][0x15][0xffffffae]UiWh[0xffffffc9][0xffffff92][0xffffffb0]X;[0xffffff97][0xffffff93][0xffffffc5]Z[0xffffffc1][[0xffffffb4]hO[0x18]-[0xffffffda][0xffffff83][0xffffffd3][0xffffffe2][0xffffffe3][0x16]xZ[0xfffffffc][0xffffffb8][0x9][0xffffff8a][0x16][0x1f][0xffffff97][0xffffffa7]h[0xfffffff1]}[0xffffffe9][0x14]ZH[0x1e])Z[0xffffff98]TR[0xffffffb4][0xffffff90]l[0x12][0xffffffb4]X[0x12]ZO[0xffffff8b]%[0xffffffa7]Y[0xffffffb4][0xffffffd0][0x1a][0xffffffa5]i[0xffffffe1]Z[0xffffff95][0xffffffa6][0xffffff85][0xffffff96],I[0xffffff8b][0xffffffb5]s9Z[0xffffffac][0x15][0xffffffbc]E[0xffffff8b]q[0xffffff84][0xffffffd1]b[0x1c]8->n[0xffffff81][0xffffffa7][0xffffffc5][0xffffff8f][0xffffff9b][0xffffffa0]h[0xfffffff1]qy[0xffffff8a][0x16][0xffffffdf][0xffffff97]N[0xffffffa1][0xffffff85][0xffffffe4][0xffffff91][0xffffffa2][0xffffff85]I%E[0xb][0xffffffc9]&A[0xffffff8b]%[0xffffffa1][0xfffffff5][0xffffffb4]Xr[0xffffff9a]E[0xb][0xffffffad]Q[0xffffff9a][0x16][0xffffffae]UiZh[0xffffffc9][0xffffff92][0xffffffb4]X;[0xffffff97][0xffffffa3][0xffffffc5]Z[0xffffffc1]{[0xffffffb4]hi[0xffffffb4][0xffffffa0][0xffffffcf][0x12][0xfffffffd][0xffffffba][0xffffff85][0x0]Z[0xffffff90][0xffffffa7][0xffffff89]~][0x1e][0xffffffa3]E[0xffffffd0]y[0xffffffa2]&[0xffffff8f][0x18]-RN[0x14]5[0xffffffd9]Dh[0xffffffc1][0xffffff9e])*9[\r][0xffffffa3]E[0xffffffd8][0xffffffa9][0xffffffa2][0xffffffbe]UqZ[0x4][0xffffff9d]+[0xffffffaa][0xffffff9d][0xb][0xffffffd2][0xffffffe2][0xffffffcf]O[0x16][0xffffff9d][0xffffffff][0xfffffff7]5[0xffffffb2]"
08:17:55.178 [TestNG-PoolService-1] DEBUG org.apache.hc.client5.http.wire -- http-outgoing-3 << "M[0xffffffa3]F[0xffffffdc]+[0xffffff9e][0xffffffb6]_yjD[0xffffffbd][0xffffffe4])[0xffffffed]KR[0xffffffe3]o[0xffffffbc][0xffffffe6]y[0xffffff8c]#[0xffffff8d][0x1a][0xffffffe3][0xffffffe0][0xffffffa9][0xfffffff1]q[0xf][0x1][0xffffffd4][0xfffffff8]q[0x17][0x18]5>[0xffffffae][0xffffff8f]Q[0xffffffe3][0xfffffffb][0xffffffda]1[0xffffffd4][0xffffff90]Pb[0xffffffd4]0[0xffffffd1][0xffffffc4][0xffffffa8]![0x1]E[0xffffffa8][0xffffffb1][0xffffffc4][0x14][0xffffffa0][0xffffffc6][0x12][0xffffffd6]0jh[0xffffffa1][0xffffffe2][0xffffffd4]p[0xfffffffd][0xffffff8a]SC[0xffffffeb][0x16][0xffffffa5][0xffffffc6][0xffffffda][0xffffffbe] 5[0xffffffd6]2[0xfffffffe][0x1d]j[0xffffff8c][0xffffffef][0xffffffbf]2[0xffffffcc][0xffffffd0]wow[0xfffffffd][0xffffff99]!?[0xffffffef][0xffffff87]b[0xffffffc6]/w[0xffffff80]!c[0xffffffb9][0xffffff87]bb[0xfffffffc]r[0xfffffff5]b`[0xfffffffc][0xffffffef][0xffffff95]a^[0xffffffbc][0xffffff8d]b1.[0xfffffffe]#[0xffffff90][0xffffffc5][0xffffffb4]x[0x1b][0xffffffcb]BX[0xffffffbc][0x9]g[0x19]+[0xffffffde]D4[0x2][0x15][0xffffffef][0xffffffcb][0x13]"[0xffffffc5][0x7f]u)[0x4][0xffffff8a][0xfffffff7][0xffffffd5][\n]"
08:17:55.179 [TestNG-PoolService-1] DEBUG org.apache.hc.client5.http.wire -- http-outgoing-3 << "p[0xffffffe2]][0xffffffd3][0xffffff96]c[0xffffffe2]][0xfffffff1]nQ[0xffffffa2][0xffffff85]Q[0x2][0x1b][0xfffffffa][0xfffffffe][0xffffffe5][0xe]xJ C[0xffffffdf][0xffffffbf]\[0xffffff9d][0xffffffa2]D[0xffffffc2][0xffffffd0][0xfffffff7][0xffffffdb](R[0xffffff94][0xffffffc0][0xffffff87][0xffffffbe][0xffffffdf][0xffffffc6][0xffffff92][0xffffffa0][0x4]4[0xfffffff4][0xfffffffd]&[0xffffffa2]Y[0xffffff94]H[0x19][0xfffffffa][0xfffffffe][0xffffffaf].[0xffffffa5])[0xffffff91]0[0xfffffff4][0xfffffffd][0xffffffae]i9J[0xfffffffc][0xffffffc1][0xffffffd0][0xfffffff7][0xffffff8f][0xffffffbf]q[0xffffffba][0xffffffa7][0x12][0xffffffe7]Q[0x7f]([0xfffffffa][0xffffffcf][0xfffffffb][0xffffff81])q[0x6]<[0xffffff95]8[0xffffff95][0xffffffce][0xffffff85][0x1]?[0xffffffb1][0xffffffa7][0x12]g[0xffffffd2]S[0x9][0xffffff8d]"C[0x9][0x17]H[0xffffff86][0x12][0x1a][0xffffffcb]zJ[0xffffffac][0xffffffe1][0xffffffac][0xffffffa6][0xffffffc4][0x1a][0xffffffd1]$J[0xffffff98][0xfffffff2]d)a[0xffffffbb][0xffffff94][0xffffffa5][0xffffff84][0xffffffa9]V[0xffffff8e][0x12][0xffffffd2][0xffffffb4][0x14]%[0xffffffa4]x[0xffffffb7](a[0xffffff9e]J[0xffffffa0][0xffffff94][0xffffffa0][0xffffff9f]J[0xffffff9c][0x1]O%N[0xffffffa5]si[0xffffffc0][0xffffffa9][0xffffffa7][0x12]g[0xffffffd2]S[0x9][0xffffff8d]"E[0xffffff89][0xffffff94][0xffffffa7][0x12][0x1a]K[0xffffff82][0x12][0xffffffec]S[0xffffff89]5[0xffffffa2]Y[0xffffff94][0x8]{*a[0xffffffbb][0xffffff94][0xffffffa6]D[0xffffffd0]S[0x9]iZ[0xffffff8e][0x12][0x7f][0xfffffffe]T[0xffffffe2]rO%[0xffffffe6]uR[0xffffff94][0xffffffb8][0xfffffff0][0xffffffa7][0x12]W[0xffffffc0]S[0xffffff89]K[0xffffffe9]\[0x18][0xfffffff0][0xb]{*q%=[0xffffff95][0xffffffd0](2[0xffffff94]p[0xffffff81]d([0xffffffa1][0xffffffb1][0xffffffac][0xffffffa7][0xffffffc4][0x1a][0xffffffce]jJ[0xffffffac][0x11]M[0xffffffa2][0xffffff84])O[0xffffff96][0x12][0xffffffb6]KYJ[0xffffff98]j[0xffffffe5](!MKQB[0xffffff8a]w[0xffffff83][0x12][0xffffffb7][0xffffffa1][0xffffffc4]8[0xffffffda]AQ[0xffffffe2][0xffffffc6])q[0x7]P[0xffffffe2][0xffffffd6][0xffffffbc][0x17][0x6][0xfffffffc][0xffffffc6](q'QB[0xffffffa3][0xffffffc8]P[0xffffffc2][0x5][0xffffff92][0xffffffa1][0xffffff84][0xffffffc6][0xffffffb2][0xffffff9e][0x12]k8[0xffffffab])[0xffffffb1]F4[0xffffff89][0x12][0xffffffa6]<YJ[0xffffffd8].e)a[0xffffffaa][0xffffff95][0xffffffa3][0xffffff84]4-E[0x9])[0xffffffde][\r]J<[0xffffff8e][0x12][0xffffffe7][0xffffff89][0xfffffffd][0xffffffc0][0xfffffff1][0xffffffe0][0xffffff94]x[0x2]([0xfffffff1]h[0xffffffde][0xb][0x3][0xfffffffe]`[0xffffff94]x[0xffffff92]([0xffffffa1]Qd([0xffffffe1][0x2][0xffffffc9]PBcYO[0xffffff89]5[0xffffff9c][0xffffffd5][0xffffff94]X#[0xffffff9a]D[0x9]S[0xffffff9e],%l[0xffffff97][0xffffffb2][0xffffff94]0[0xffffffd5][0xffffffca]QB[0xffffff9a][0xffffff96][0xffffffa2][0xffffff84][0x14][0xffffffef][0x6]%[0xffffffa6][0xffffffa3][0xffffffc4]=[0x6]E[0xffffff89][0xffffff89]Sb[0x6]Pbj[0xffffffde][0xb][0x3]>1J[0xffffffcc]$Jh[0x14][0x19]J[0xffffffb8]@2[0xffffff94][0xffffffd0]X[0xffffffd6]Sb[\r]g5%[0xffffffd6][0xffffff88]&Q[0xffffffc2][0xffffff94]'K[0x9][0xffffffdb][0xffffffa5],%L[0xffffffb5]r[0xffffff94][0xffffff90][0xffffffa6][0xffffffa5](![0xffffffc5][0xfffffffb][0xfffffffb][0xffffff94]8_[0xffffff86][0x12][0xffffffe7][0xffffffeb][0xffffffbc]!J|[0xffffffde][0xf]K[0xffffff89][0xffffffaf];[0xffffff80])[0xfffffff1][0xffffffef]= [0xffffff94][0xfffffff8][0xffffffba]:B[0xffffff89][0x7f][0xffffffae][0x1c]A[0x9][0x13]E[0xffffff84][0x12]6[0xffffff90][0x8]%L,[0xffffffcb])![0xffffffe1],[0xffffffa6][0xffffff84]D4[0xffffff88][0x12][0xffffffae]<QJ[0xfffffff8].E)[0xffffffe1][0xffffffaa][0x15][0xffffffa3][0xffffff84]6-D[0x9]-[0xffffffde][\r]J4G[0xffffff89][0xffffffd6][0xffffffea][0xffffffb7]0[0x7f][0xffffffde][0xf]L[0xffffff89][0x16]@[0xffffff89][0xffffffa6]y/[0xc]x[0xffffffc3]([0xffffffd1][0xffffff92]([0xffffffa1]Qd([0xffffffe1][0x2][0xffffffc9]PBcYO[0xffffff89]5[0xffffff9c][0xffffffd5][0xffffff94]X#[0xffffff9a]D[0x9]S[0xffffff9e],%l[0xffffff97][0xffffffb2][0xffffff94]0[0xffffffd5][0xffffffca]QB[0xffffff9a][0xffffff96][0xffffffa2][0xffffff84][0x14][0xffffffef][0x6]%[0xffffffba][0xffffffa5][0x4]0[0xffffffab][0xfffffffd][0xfffffff3]~`J[0xfffffff4][0x0]Jt[0xffffffcd]{a[0xffffffc0];F[0xffffff89][0xffffff9e]D[0x9][0xffffff8d]"C[0x9][0x17]H[0xffffff86][0x12][0x1a][0xffffffcb]zJ[0xffffffac][0xffffffe1][0xffffffac][0xffffffa6][0xffffffc4][0x1a][0xffffffd1]$J[0xffffff98][0xfffffff2]d)a[0xffffffbb][0xffffff94][0xffffffa5][0xffffff84][0xffffffa9]V[0xffffff8e][0x12][0xffffffd2][0xffffffb4][0x14]%[0xffffffa4]x7(1[0x1c]%[0xfffffffa][0xfffffff9][0xffffffa2](1pJ[0xffffff8c][0x0]J[0xc][0xffffffcd]{a[0xffffffc0][0x7]F[0xffffff89][0xffffff91]D[0x9][0xffffff8d]"C[0x9][0x17]H[0xffffff86][0x12][0x1a][0xffffffcb]zJ[0xffffffac][0xffffffe1][0xffffffac][0xffffffa6][0xffffffc4][0x1a][0xffffffd1]$J[0xffffff98][0xfffffff2]d)a[0xffffffbb][0xffffff94][0xffffffa5][0xffffff84][0xffffffa9]V[0xffffff8e][0x12][0xffffffd2][0xffffffb4][0x14]%[0xffffffa4]x7([0xffffffe1][0xffffffd6].[0xffffffcf][0xfffffff1]`[0xffffffef]J[0xffffffe0]k[0xffffff97]g[0xffffffc0][0xffffffda][0xffffffe5]i&[0xffffffd9][\n]"
08:17:55.179 [TestNG-PoolService-1] DEBUG org.apache.hc.client5.http.wire -- http-outgoing-3 << "[0x3][0xffffff8e][0xffffffad]][0xffffff9e]2[0xffffffba]FR"d[0xffffffed][0xffffffd2][0x6][0xffffff92][0xffffffa1]D[0xffffffc0][0xffffffda][0xffffffa5][0xffffff84][0xffffffb3][0xffffff9a][0x12][0xffffffc1]k[0xffffff97][0xffffffae]<YJ[0xffffffe4][0xffffffad]][0xffffffba]j[0xffffffe5]([0xffffff91][0xffffffb2]v[0xffffffa9][0xffffffc5][0xffffffbb]A[0x9]7Qu>[0xffffffdc]k[0xffffff97][0xfffffff8]D[0xffffffd5][0x19]0Qu[0xffffff9a][0x1d][0xffffff95][0xffffffc2][0xffffff80]c[0x13]U[0xffffffa7],[0xffffffa5][0xffffff90][0xffffff94][0x8][0xffffff99][0xffffffa8][0xffffffb2][0xffffff81]d([0x11]0Q%[0xffffffe1][0xffffffac][0xffffffa6]D[0xfffffff0]D[0xffffff95]+O[0xffffff96][0x12]y[0x13]U[0xffffffae]Z9J[0xffffffa4]LTi[0xfffffff1]nP[0xffffffc2]MT][0xffffffaf][0xffffffeb][0xffffffa2]([0xffffff81]OT[0xffffff9d][0x1][0x13]U[0xffffffa7][0xffffffd9]Q)[0xc]86Qu[0xffffffca]R[\n]"
08:17:55.179 [TestNG-PoolService-1] DEBUG org.apache.hc.client5.http.wire -- http-outgoing-3 << "I[0xffffff89][0xffffff90][0xffffff89]*[0x1b]H[0xffffff86][0x12][0x1][0x13]U[0x12][0xffffffce]jJ[0x4]OT[0xffffffb9][0xfffffff2]d)[0xffffff91]7Q[0xffffffe5][0xffffffaa][0xffffff95][0xffffffa3]D[0xffffffca]D[0xffffff95][0x16][0xffffffef][0x6]%[0xffffffdc]D[0xffffffd5]5n[0xffffffec][0xffffffa9][0x4]>Qu[0x6]LT[0xffffff9d]fG[0xffffffa5]0[0xffffffe0][0xffffffd8]D[0xffffffd5])K)$%B&[0xffffffaa]l [0x19]J[0x4]LTI8[0xffffffab])[0x11]<Q[0xffffffe5][0xffffffca][0xffffff93][0xffffffa5]D[0xffffffde]D[0xffffff95][0xffffffab]V[0xffffff8e][0x12])[0x13]UZ[0xffffffbc][[0xffffff94]ha[0xffffff94][0xffffff80][0xffffff8f][0xfffffff3][0xfffffffa][0xffffffba][0x3][0xffffff9e][0x12][0xffffffe0]q^_W[0xffffffa7]([0xffffff91]s[0xffffff9c][0xffffff97][0xffffff89]"E[0xffffff89][0xffffff90][0xffffffe3][0xffffffbc]L,[0x9]J[0xffffffa0][0xffffffc7]yID[0xffffffb3]([0xffffff91]u[0xffffff9c][0xffffff97][0xffffffef]R[0xffffff9a][0x12]9[0xffffffc7]yi[0xffffffd3]r[0xffffff94][0xfffffff8][0xffffffe3][0xffffffe3][0xffffffbc].7Qu[0xffffffbf][0xffffff9e][0x6]Q[0xffffffe2][0xffffffc2]'[0xffffffaa][0xffffffae][0xffffff80][0xffffff89][0xffffffaa][0xffffffcb][0xffffffec][0xffffffa8][0xffffffd4][0x5][0xfffffffc][0xffffffc2]&[0xffffffaa].YJ[0x1])a[0xffffffa2][0xffffff88]P[0xffffffc2][0x6][0x12][0xffffffa1][0xffffff84][0xffffff89]e9%$[0xffffff9c][0xffffffc5][0xffffff94][0xffffff90][0xffffff88][0x6]Q[0xffffffc2][0xffffff95]'J[0x9][0xffffffdf][0xffffffa5](%\[0xffffffb5]b[0xffffff94][0xffffffd0][0xffffffa6][0xffffff85]([0xffffffa1][0xffffffc5][0xffffffbb]A[0xffffff89][0xffffffc3]Q[0xffffffa2][0xffffffdd][0xffffffd4][0xffffffc9][0xffffffa0][0xffffff9f][0xfffffff7][0x3]S[0xffffffe2][0x8][0xffffffa0][0xffffffc4][0xffffffa1]y/[0xc][0xfffffff8][0xffffff81]Q[0xffffffe2]H[0xffffffa2][0xffffff84]F[0xffffff91][0xffffffa1][0xffffff84][0xb]$C[0x9][0xffffff8d]e=%[0xffffffd6]pVSb[0xffffff8d]h[0x12]%Ly[0xffffffb2][0xffffff94][0xffffffb0]][0xffffffca]R[0xffffffc2]T+G[0x9]iZ[0xffffff8a][0x12]R[0xffffffbc][0x1b][0xffffff94]pk[0xffffff97][0xfffffff7]5[0xffffffb1][0xffffffa7][0x12][0xfffffff8][0xffffffda][0xffffffe5][0x15][0xffffffb0]vy[0xffffff99]I[0xffffffb6][0xffffffc2][0xffffff80]ck[0xffffff97][0xffffff97][0xffffff8c][0xffffffae][0xffffff91][0xffffff94][0x8]Y[0xffffffbb][0xffffffb4][0xffffff81]d([0x11][0xffffffb0]v)[0xffffffe1][0xffffffac][0xffffffa6]D[0xfffffff0][0xffffffda][0xffffffa5]+O[0xffffff96][0x12]yk[0xffffff97][0xffffffae]Z9J[0xffffffa4][0xffffffac]]j[0xfffffff1]nP[0xffffffc2][0xffffffad]][0xffffffde][0xffffffcf][0xffffff83]=[0xffffff95][0xffffffc0][0xffffffd7].[0xffffffaf][0xffffff80][0xffffffb5][0xffffffcb][0xffffffcb]L[0xffffffb2][0x15][0x6][0x1c][[0xffffffbb][0xffffffbc]dt[0xffffff8d][0xffffffa4]D[0xffffffc8][0xffffffda][0xffffffa5][\r]$C[0xffffff89][0xffffff80][0xffffffb5]K[0x9]g5%[0xffffff82][0xffffffd7].]y[0xffffffb2][0xffffff94][0xffffffc8][[0xffffffbb]t[0xffffffd5][0xffffffca]Q"e[0xffffffed]R[0xffffff8b]w[0xffffff83][0x12][0xffffffc3]P[0xffffffe2]i7[0xfffffff5]1[0xffffffe8][0xffffffe7][0xfffffffd][0xffffffc0][0xffffff94][0x18][0x1][0xffffff94][0x18][0xffffff9a][0xfffffff7][0xffffffc2][0xffffff80][0xf][0xffffff8c][0x12]#[0xffffff89][0x12][0x1a]E[0xffffff86][0x12].[0xffffff90][0xc]%4[0xffffff96][0xfffffff5][0xffffff94]X[0xffffffc3]YM[0xffffff89]5[0xffffffa2]I[0xffffff94]0[0xffffffe5][0xffffffc9]R[0xffffffc2]v)K[0x9]S[0xffffffad][0x1c]%[0xffffffa4]i)JH[0xfffffff1]nP[0xffffffc2]MT=[0xffffff9d][0xfffffffb][0xffffff81][0x3][0xffffff9f][0xffffffa8][0xffffffba][0x2]&[0xffffffaa].[0xffffffb3][0xffffffa3]R[0x18]pl[0xffffffa2][0xffffffea][0xffffff92][0xffffffa5][0x14][0xffffff92][0x12]![0x13]U6[0xffffff90][0xc]%[0x2]&[0xffffffaa]$[0xffffff9c][0xffffffd5][0xffffff94][0x8][0xffffff9e][0xffffffa8]r[0xffffffe5][0xffffffc9]R"o[0xffffffa2][0xffffffca]U+G[0xffffff89][0xffffff94][0xffffff89]*-[0xffffffde][\r]J[0xffffffb8][0xffffff89][0xffffffaa]gt[0xffffffec][0x7][0xe]|[0xffffffa2][0xffffffea][\n]"
08:17:55.179 [TestNG-PoolService-1] DEBUG org.apache.hc.client5.http.wire -- http-outgoing-3 << "[0xffffff98][0xffffffa8][0xffffffba][0xffffffcc][0xffffff8e]Ja[0xffffffc0][0xffffffb1][0xffffff89][0xffffffaa]K[0xffffff96]RHJ[0xffffff84]LT[0xffffffd9]@2[0xffffff94][0x8][0xffffff98][0xffffffa8][0xffffff92]pVS"x[0xffffffa2][0xffffffca][0xffffff95]'K[0xffffff89][0xffffffbc][0xffffff89]*W[0xffffffad][0x1c]%R&[0xffffffaa][0xffffffb4]x7([0xffffffe1]&[0xffffffaa][0xffffff9e]1[0xf][0xffffff8a][0x12][0xfffffff8]D[0xffffffd5][0x15]0Qu[0xffffff99][0x1d][0xffffff95][0xffffffc2][0xffffff80]c[0x13]U[0xffffff97],[0xffffffa5][0xffffff90][0xffffff94][0x8][0xffffff99][0xffffffa8][0xffffffb2][0xffffff81]d([0x11]0Q%[0xffffffe1][0xffffffac][0xffffffa6]D[0xfffffff0]D[0xffffff95]+O[0xffffff96][0x12]y[0x13]U[0xffffffae]Z9J[0xffffffa4]LTi[0xfffffff1][0xfffffffe]>%n[0xffffffb7]+[0xfffffff1]<[0xffffff9d][0xffffffa2][0xffffffc4][0xffffff8d][0xffffffef]J[0xffffffdc][0x1][0xffffffbb][0x12][0xffffffb7][0xfffffff9][0xfffffff8][0xffffffb9].[0xffffffe0]7[0xffffffb6]+q[0xffffffcb][0xffffffe7][0xffffffcd] %L[0x14][0x11]J[0xffffffd8]@"[0xffffff94]0[0xffffffb1],[0xffffffa7][0xffffff84][0xffffff84][0xffffffb3][0xffffff98][0x12][0x12][0xffffffd1] J[0xffffffb8][0xfffffff2]D)[0xffffffe1][0xffffffbb][0x14][0xffffffa5][0xffffff84][0xffffffab]V[0xffffff8c][0x12][0xffffffda][0xffffffb4][0x10]%[0xffffffb4]x[0xffffffb7]([0xffffffd1][0xffffffc2]([0x1][0xffffffaf]]~[0xffffffdd][0x1]O[0x9]p[0xffffffed][0xfffffff2][0xffffffeb][0xffffffea][0x14]%r[0xffffffd6].M[0x14])J[0xffffff84][0xffffffac]][0xffffff9a]X[0x12][0xffffff94]@[0xffffffd7].%[0xffffffa2]Y[0xffffff94][0xffffffc8]Z[0xffffffbb][0xfffffff4]]JS"g[0xffffffed]R[0xffffff9b][0xffffff96][0xffffffa3][0xffffffc4][0x1f][0xffffffaf]][0xffffffde][0xffffff87][0xffffffa3][0xffffffc4][0xffffffbc][0x1e][0xffffff8a][0x12][0x7]N[0xffffff89]#[0xffffff80][0x12][0xffffff87][0xffffffe6][0xffffffbd]0[0xffffffe0][0x7]F[0xffffff89]#[0xffffff89][0x12][0x1a]E[0xffffff86][0x12].[0xffffff90][0xc]%4[0xffffff96][0xfffffff5][0xffffff94]X[0xffffffc3]YM[0xffffff89]5[0xffffffa2]I[0xffffff94]0[0xffffffe5][0xffffffc9]R[0xffffffc2]v)K[0x9]S[0xffffffad][0x1c]%[0xffffffa4]i)JH[0xfffffff1]nPb[0xffffff98][0x1f]8[0xffffffe6]st[0xffffff8a][0x12][0x3][0xffffffff][0xffffff81]c[0x4][0xfffffffc][0xffffffc0]1[0xfffffff4])\a[0xffffffc0][0x7][0xfffffff6][0x3][0xffffffc7]H[0xfffffffa][0xffffff81]C[0xffffffa3][0xffffffc8]P[0xffffffc2][0x5][0xffffff92][0xffffffa1][0xffffff84][0xffffffc6][0xffffffb2][0xffffff9e][0x12]k8[0xffffffab])[0xffffffb1]F4[0xffffff89][0x12][0xffffffa6]<YJ[0xffffffd8].e)a[0xffffffaa][0xffffff95][0xffffffa3][0xffffff84]4-E[0x9])[0xffffffde]-J[0xfffffff4]0Jt[0xffffff9c][0x12]=[0xffffff80][0x12][0x1d][0xffffffa5]D[0xffffffc7]([0xffffffd1][0xffffff93]([0xffffffb1]F[0xffffff91][0xffffffa2][0xffffff84][0x6][0xffffff92][0xffffffa2][0xffffffc4][0x1a]K[0xffffff82][0x12][0x1d][0xffffffa6]D[0xf][0xffffffa6][0xffffff84][0xffffff94]'M[0x9][0xffffffd3][0xffffffa5]4%[0xffffffa4]ZIJ[0xfffffff4][0x14]J[0xfffffff4]?[0xffffffa6][0xffffffc4][0xffffffa9]O%[0xffffff8e][0xffffffd7][0xffffff81][0xffffffad]]~[0xffffffde][0xf]L[0xffffff89]3[0xffffffe0][0xffffffa9][0xffffffc4][0xffffffa9]t.[0xc][0xfffffff8][0xffffff89]=[0xffffff95]8[0xffffff93][0xffffff9e]Jh[0x14][0x19]J[0xffffffb8]@2[0xffffff94][0xffffffd0]X[0xffffffd6]Sb[\r]g5%[0xffffffd6][0xffffff88]&Q[0xffffffc2][0xffffff94]'K[0x9][0xffffffdb][0xffffffa5],%L[0xffffffb5]r[0xffffff94][0xffffff90][0xffffffa6][0xffffffa5](![0xffffffc5][0xffffffbb]A[0x9]3Qu[0xffffffbc][0xffffffae][0xffffff9b][0xffffff9a][0xffffffa8][0xffffffba][0xfffffff1][0xffffff89][0xffffffaa];`[0xffffffa2][0xffffffea]6;*[0xffffff85][0x1][0xffffffc7]&[0xffffffaa]nYJ!)[0x11]2Qe[0x3][0xffffffc9]P"`[0xffffffa2]J[0xffffffc2]YM[0xffffff89][0xffffffe0][0xffffff89]*W[0xffffff9e],%[0xfffffff2]&[0xffffffaa]\[0xffffffb5]r[0xffffff94]H[0xffffff99][0xffffffa8][0xffffffd2][0xffffffe2][0xffffffdd][0xffffffa0][0xffffff84][0xffffff99][0xffffffa8]:^[0xf][0xffffffb6]+q[0xffffffe3][0x13]Uw[0xffffffc0]D[0xffffffd5]mvT[\n]"
08:17:55.180 [TestNG-PoolService-2] DEBUG org.apache.hc.client5.http.wire -- http-outgoing-5 << "B"[0x1a]D[0x9]W[0xffffff9e](%|[0xffffff97][0xffffffa2][0xffffff94]p[0xffffffd5][0xffffff8a]QB[0xffffff9b][0x16][0xffffffa2][0xffffff84][0x16][0xffffffef][0x6]%[0xffffffdc]DUk[0xffffffd8]S[0xffffff89][0xffffff81]OT[0xffffff8d][0xffffff80][0xffffff89][0xffffffaa]avT[\n]"
08:17:55.180 [TestNG-PoolService-1] DEBUG org.apache.hc.client5.http.wire -- http-outgoing-3 << "[0x3][0xffffff8e]MT[0xffffffdd][0xffffffb2][0xffffff94]BR"d[0xffffffa2][0xffffffca][0x6][0xffffff92][0xffffffa1]D[0xffffffc0]D[0xffffff95][0xffffff84][0xffffffb3][0xffffff9a][0x12][0xffffffc1][0x13]U[0xffffffae]<YJ[0xffffffe4]MT[0xffffffb9]j[0xffffffe5]([0xffffff91]2Q[0xffffffa5][0xffffffc5][0xffffffbb]A[0x9]3Qu[0x1c]m`[0xffffff94][0xffffffc0]'[0xffffffaa][0xffffffee][0xffffff80][0xffffff89][0xffffffaa][0xffffffdb][0xffffffec][0xffffffa8][0x14][0x6][0x1c][0xffffff9b][0xffffffa8][0xffffffba]e)[0xffffff85][0xffffffa4]D[0xffffffc8]D[0xffffff95][\r]$C[0xffffff89][0xffffff80][0xffffff89]*[0x9]g5%[0xffffff82]'[0xffffffaa]\y[0xffffffb2][0xffffff94][0xffffffc8][0xffffff9b][0xffffffa8]r[0xffffffd5][0xffffffca]Q"e[0xffffffa2]J[0xffffff8b]w[0xffffff83][0x12][0xffffffd3]Q[0xffffffa2][0xffffffb7]IQb[0xffffffe2][0xffffff94][0xffffff98][0x1][0xffffff94][0xffffff98][0xffffff9a][0xfffffff7][0xffffffc2][0xffffff80]O[0xffffff8c][0x12]3[0xffffff89][0x12][0x1a]E[0xffffff86][0x12].[0xffffff90][0xc]%4[0xffffff96][0xfffffff5][0xffffff94]X[0xffffffc3]YM[0xffffff89]5[0xffffffa2]I[0xffffff94]0[0xffffffe5][0xffffffc9]R[0xffffffc2]v)K[0x9]S[0xffffffad][0x1c]%[0xffffffa4]i)JH[0xfffffff1][0xfffffffe]>%[0x1e][0xffffffb3]v[0xfffffff9]A[0xffffff89][0xffffff9b][0xfffffffa][0xffffff82][0xffffffe3][0xffffffc1][0xffffffd7].[0xffffff9f][0xffffff80][0xffffffb5][0xffffffcb][0xffffffc7]L[0xffffffb2][0xffffffd5][0x5][0xfffffffc][0xffffffc1][0xffffffd6].[0x1f][0x19]][0x3])a[0xffffffa2][0xffffff88]P[0xffffffc2][0x6][0x12][0xffffffa1][0xffffff84][0xffffff89]e9%$[0xffffff9c][0xffffffc5][0xffffff94][0xffffff90][0xffffff88][0x6]Q[0xffffffc2][0xffffff95]'J[0x9][0xffffffdf][0xffffffa5](%\[0xffffffb5]b[0xffffff94][0xffffffd0][0xffffffa6][0xffffff85]([0xffffffa1][0xffffffc5][0xffffffbb]A[0xffffff89][0xffffffc3]Qb[0x1c]/[0xffffff8a][0x12][0x7]N[0xffffff89]#[0xffffff80][0x12][0xffffff87][0xffffffe6][0xffffffbd]0[0xffffffe0][0x7]F[0xffffff89]#[0xffffff89][0x12][0x1a]E[0xffffff86][0x12].[0xffffff90][0xc]%4[0xffffff96][0xfffffff5][0xffffff94]X[0xffffffc3]YM[0xffffff89]5[0xffffffa2]I[0xffffff94]0[0xffffffe5][0xffffffc9]R[0xffffffc2]v)K[0x9]S[0xffffffad][0x1c]%[0xffffffa4]i)JH[0xfffffff1]nP[0xffffffa2]YJ`k[0xffffff97][0xffffff9f][0xfffffff7][0x3]S[0xffffffa2][0x5]P[0xffffffa2]i[0xffffffde][0xb][0x3][0xffffffde]0J[0xffffffb4]$Jh[0x14][0x19]J[0xffffffb8]@2[0xffffff94][0xffffffd0]X[0xffffffd6]Sb[\r]g5%[0xffffffd6][0xffffff88]&Q[0xffffffc2][0xffffff94]'K[0x9][0xffffffdb][0xffffffa5],%L[0xffffffb5]r[0xffffff94][0xffffff90][0xffffffa6][0xffffffa5](![0xffffffc5][0xffffffbb]A[0xffffff89][0xffffffee](q[0xffffffbd][0xffffffa8][0xffffffd7].?[0xffffffef][0x7][0xffffffa6]D[0xf][0xffffffa0]D[0xffffffd7][0xffffffbc][0x17][0x6][0xffffffbc]c[0xffffff94][0xffffffe8]I[0xffffff94][0xffffffd0](2[0xffffff94]p[0xffffff81]d([0xffffffa1][0xffffffb1][0xffffffac][0xffffffa7][0xffffffc4][0x1a][0xffffffce]jJ[0xffffffac][0x11]M[0xffffffa2][0xffffff84])O[0xffffff96][0x12][0xffffffb6]KYJ[0xffffff98]j[0xffffffe5](!MKQB[0xffffff8a]w[0xffffff83][0x12][0xffffffc3]R[0xffffffe2][0xffffffc6]~[0xffffffe0][0x18]8%F[0x0]%[0xffffff86][0xffffffe6][0xffffffbd]0[0xffffffe0][0x3][0xffffffa3][0xffffffc4]H[0xffffffa2][0xffffff84]F[0xffffff91][0xffffffa1][0xffffff84][0xb]$C[0x9][0xffffff8d]e=%[0xffffffd6]pVSb[0xffffff8d]h[0x12]%Ly[0xffffffb2][0xffffff94][0xffffffb0]][0xffffffca]R[0xffffffc2]T+G[0x9]iZ[0xffffff8a][0x12]R[0xffffffbc][0x1b][0xffffff94]pk[0xffffff97][0xffffffed]x[0xffffffa8]/8[0x1e]|[0xffffffed][0xfffffff2][0x9]X[0xffffffbb]|[0xffffffcc]$[a[0xffffffc0][0xffffffb1][0xffffffb5][0xffffffcb]GF[0xffffffd7]HJ[0xffffff84][0xffffffac]][0xffffffda]@2[0xffffff94][0x8]X[0xffffffbb][0xffffff94]pVS"x[0xffffffed][0xffffffd2][0xffffff95]'K[0xffffff89][0xffffffbc][0xffffffb5]KW[0xffffffad][0x1c]%R[0xffffffd6].[0xffffffb5]x7([0xffffffe1]&[0xffffffaa][0xffffffda]sc[0xffffff94][0xffffffc0]'[0xffffffaa][0xffffff9e][0xffffff80][0xffffff89][0xffffffaa][0xffffffc7][0xffffffec][0xffffffa8][0x14][0x6][0x1c][0xffffff9b][0xffffffa8]zd)[0xffffff85][0xffffffa4]D[0xffffffc8]D[0xffffff95][\r]$C[0xffffff89][0xffffff80][0xffffff89]*[0x9]g5%[0xffffff82]'[0xffffffaa]\y[0xffffffb2][0xffffff94][0xffffffc8][0xffffff9b][0xffffffa8]r[0xffffffd5][0xffffffca]Q"e[0xffffffa2]J[0xffffff8b]w[0xffffff83][0x12]n[0xffffffa2][0xffffffaa][0xffffffb7][0x1b]{W[0x2][0xffffff9f][0xffffffa8]z[0x2]&[0xffffffaa][0x1e][0xffffffb3][0xffffffa3]R[0x18]pl[0xffffffa2][0xffffffea][0xffffff91][0xffffffa5][0x14][0xffffff92][0x12]![0x13]U6[0xffffff90][0xc]%[0x2]&[0xffffffaa]$[0xffffff9c][0xffffffd5][0xffffff94][0x8][0xffffff9e][0xffffffa8]r[0xffffffe5][0xffffffc9]R"o[0xffffffa2][0xffffffca]U+G[0xffffff89][0xffffff94][0xffffff89]*-[0xffffffde]-J[0xffffffb4]0J4[0xffffff9c][0x12]-[0xffffff80][0x12][\r][0xffffffa5]D[0xffffffc3]([0xffffffd1][0xffffff92]([0xffffffb1]F[0xffffff91][0xffffffa2][0xffffff84][0x6][0xffffff92][0xffffffa2][0xffffffc4][0x1a]K[0xffffff82][0x12][\r][0xffffffa6]D[0xb][0xffffffa6][0xffffff84][0xffffff94]'M[0x9][0xffffffd3][0xffffffa5]4%[0xffffffa4]ZIJ[0xffffffb4][0x14]J[0xffffffb4]?[0xffffffa6][0xffffff84][[0xffffffbb][0xffffffec]cP'[0xffffff83]>[0xfffffff8][0xffffffda][0xffffffe5][0x13][0xffffffb0]v[0xfffffff9][0xffffff98]I[0xffffffb6][0xffffffc2][0xffffff80]ck[0xffffff97][0xffffff8f][0xffffff8c][0xffffffae][0xffffff91][0xffffff94][0x8]Y[0xffffffbb][0xffffffb4][0xffffff81]d([0x11][0xffffffb0]v)[0xffffffe1][0xffffffac][0xffffffa6]D[0xfffffff0][0xffffffda][0xffffffa5]+O[0xffffff96][0x12]yk[0xffffff97][0xffffffae]Z9J[0xffffffa4][0xffffffac]]j[0xfffffff1][0xfffffffe]>%[0xffffffa6][[0xffffffbb][0xffffffec][0xffffffcf]C}[0xffffffc1]1[0xfffffff1][0xffffffb5][0xffffffcb][0x19][0xffffffb0]v9[0xffffffcd]$[][0xffffffc0]'[0xffffffb6]v9et[\r][0xffffffa4][0xffffff84][0xffffff89]"B[0x9][0x1b]H[0xffffff84][0x12]&[0xffffff96][0xffffffe5][0xffffff94][0xffffff90]p[0x16]SB"[0x1a]D[0x9]W[0xffffff9e](%|[0xffffff97][0xffffffa2][0xffffff94]p[0xffffffd5][0xffffff8a]QB[0xffffff9b][0x16][0xffffffa2][0xffffff84][0x16][0xffffffef][0x16]%[0xffffffcc][0xf][0x1c](%[0xffffffe0][0x1f]8[0xffffffbe][0xffffffee][0xffffff80][0xffffffa7][0x4][0xfffffff8][0x3][0xffffffc7][0xffffffd7][0xffffffd5])J[0xffffffe4][0xfffffffc][0xffffffc0]a[0xffffffa2]HQ"[0xffffffe4][0x7][0xe][0x13]K[0xffffff82][0x12][0xffffffe8][0xf][0x1c][0x12][0xffffffd1],Jd[0xfffffffd][0xffffffc0][0xffffffe1][0xffffffbb][0xffffff94][0xffffffa6]D[0xffffffce][0xf][0x1c][0xffffffda][0xffffffb4][0x1c]%[0xfffffffe][0xfffffff8][0x7][0xffffff8e][0xffffffe9][0xffffff86][0xffffffb3][0xffffffc7][0xffffffeb]l[0x14]%[0xfffffff0][0xffffffe1][0xffffffec][0x19]0[0xffffff9c]=[0xffffffcd][0xffffffba]ka[0xffffffc0][0xffffffb1][0xffffffe1][0xffffffec])[0xfffffffb][0xffffffad]$%B[0xffffff86][0xffffffb3]m [0x19]J[0x4][0xc]gK8[0xffffffab])[0x11]<[0xffffff9c][0xffffffed][0xffffffca][0xffffff93][0xffffffa5]D[0xffffffde]p[0xffffffb6][0xffffffab]V[0xffffff8e][0x12])[0xffffffc3][0xffffffd9]Z[0xffffffbc][0x1b][0xffffff94]p[0xffffffc3][0xffffffd9][0xffffffe3][0xffffffe3]?[0x14]%[0xfffffff0][0xffffffe1][0xffffffec][0x19]0[0xffffff9c]=[0xffffffcd][0xffffffba]ka[0xffffffc0][0xffffffb1][0xffffffe1][0xffffffec])[0xfffffffb][0xffffffad]$%B[0xffffff86][0xffffffb3]m [0x19]J[0x4][0xc]gK8[0xffffffab])[0x11]<[0xffffff9c][0xffffffed][0xffffffca][0xffffff93][0xffffffa5]D[0xffffffde]p[0xffffffb6][0xffffffab]V[0xffffff8e][0x12])[0xffffffc3][0xffffffd9]Z[0xffffffbc][0x1b][0xffffff94]p[0xffffffc3][0xffffffd9][0xffffffe3][0xffffffbc][0xffffffb1][0xffffffa7][0x12][0xfffffff8]p[0xfffffff6][0xc][0x18][0xffffffce][0xffffff9e]f[0xffffffdd][0xffffffb5]0[0xffffffe0][0xffffffd8]p[0xfffffff6][0xffffff94][0xfffffffd]V[0xffffff92][0x12]![0xffffffc3][0xffffffd9]6[0xffffff90][0xc]%[0x2][0xffffff86][0xffffffb3]%[0xffffff9c][0xffffffd5][0xffffff94][0x8][0x1e][0xffffffce]v[0xffffffe5][0xffffffc9]R"o8[0xffffffdb]U+G[0xffffff89][0xffffff94][0xffffffe1]l-[0xffffffde][\r]J[0xc]G[0xffffff89][0xffffff8b]{*1pJ[0xffffff8c][0x0]J[0xc][0xffffffcd]{a[0xffffffc0][0x7]F[0xffffff89][0xffffff91]D[0x9][0xffffff8d]"C[0x9][0x17]H[0xffffff86][0x12][0x1a][0xffffffcb]zJ[0xffffffac][0xffffffe1][0xffffffac][0xffffffa6][0xffffffc4][0x1a][0xffffffd1]$J[0xffffff98][0xfffffff2]d)a[0xffffffbb][0xffffff94][0xffffffa5][0xffffff84][0xffffffa9]V[0xffffff8e][0x12][0xffffffd2][0xffffffb4][0x14]%[0xffffffa4]x7([0xffffffe1][0xffffff86][0xffffffb3][0xffffffc7]ua[0xffffffaf]][0xffffffe2][0xffffffc3][0xffffffd9]3`8{[0xffffff9a]u[0xffffffd7][0xffffffc2][0xffffff80]c[0xffffffc3][0xffffffd9]S[0xfffffff6][IJ[0xffffff84][0xc]g[0xffffffdb]@2[0xffffff94][0x8][0x18][0xffffffce][0xffffff96]pVS"x8[0xffffffdb][0xffffff95]'K[0xffffff89][0xffffffbc][0xffffffe1]lW[0xffffffad][0x1c]%R[0xffffff86][0xffffffb3][0xffffffb5]x7(q9J[0xffffffdc]/j8[0xfffffffb][0xfffffff3]~`J\[0x1][0xffffff94][0xffffffb8]4[0xffffffef][0xffffff85][0x1][0xffffffbf]0J\I[0xffffff94][0xffffffd0](2[0xffffff94]p[0xffffff81]d([0xffffffa1][0xffffffb1][0xffffffac][0xffffffa7][0xffffffc4][0x1a][0xffffffce]jJ[0xffffffac][0x11]M[0xffffffa2][0xffffff84])O[0xffffff96][0x12][0xffffffb6]KYJ[0xffffff98]j[0xffffffe5](!MKQB[0xffffff8a]w[0xffffff83][0x12][0xffffffee][0xc][0xffffff8e][0xfffffff1][0x1c][0xffffffd4]D[0xffffffd5][0xffffffc4][0xffffffcf][0xffffffe0][0xffffff98][0x1]gpL3[0x14]_[0x18]p[0xffffffec][0xc][0xffffff8e])S[0xfffffff0]$%B[0xffffffce][0xffffffe0][0xffffffb0][0xffffff81]d([0x11]p[0x6][0xffffff87][0xffffff84][0xffffffb3][0xffffff9a][0x12][0xffffffc1]gp[0xffffffb8][0xfffffff2]d)[0xffffff91]w[0x6][0xffffff87][0xffffffab]V[0xffffff8e][0x12])gph[0xfffffff1]nP[0xffffffc2][0xffffff9d][0xffffffc1]q[0xfffffff6]~S[0xffffff94][0xffffffc0][0xffffffcf][0xffffffe0][0xffffff98][0x1]gpL3[0x14]_[0x18]p[0xffffffec][0xc][0xffffff8e])S[0xfffffff0]$%B[0xffffffce][0xffffffe0][0xffffffb0][0xffffff81]d([0x11]p[0x6][0xffffff87][0xffffff84][0xffffffb3][0xffffff9a][0x12][0xffffffc1]gp[0xffffffb8][0xfffffff2]d)[0xffffff91]w[0x6][0xffffff87][0xffffffab]V[0xffffff8e][0x12])gph[0xfffffff1]nQB'[0xffffffaa]XJ[0xffffffd0][0x13]U[0x1]gpL3[0x14]_[0x1a]pj[0xffffffa2]*[0xffffffe9][0xc][0xe][0x13]E[0xffffff8a][0x12])[0x13]U[0x1]gpH8[0xffffffeb])[0xffffff91];Q[0xffffff95]v[0x6][0xffffff87][0xffffffef]R[0xffffff9a][0x12]A[0x13]U)gph[0xfffffff1]nQ[0xffffffa2][0xffffff87]Q[0xffffffa2][0xffffffe3][0xffffff94][0xffffffe8][0x1][0xffffff94][0xffffffe8](%:F[0xffffff89][0xffffff9e]D[0xffffff89]5[0xffffff8a][0x14]%4[0xffffff90][0x14]%[0xffffffd6]X[0x12][0xffffff94][0xffffffe8]0%z0%[0xffffffa4]<iJ[0xffffff98].[0xffffffa5])![0xffffffd5]JR[0xffffffa2][0xffffffa7]P[0xffffffa2][0xffffffff][0x5]J[0xffffff9c]a[0xffffff94]8qJ[0xffffff9c][0x1][0xffffff94]8QJ[0xffffff9c][0x18]%[0xffffffce]$J[0xffffffac]Q[0xffffffa4]([0xffffffa1][0xffffff81][0xffffffa4]([0xffffffb1][0xffffffc6][0xffffff92][0xffffffa0][0xffffffc4][0x9]S[0xffffffe2][0xc][0xffffffa6][0xffffff84][0xffffff94]'M[0x9][0xffffffd3][0xffffffa5]4%[0xffffffa4]ZIJ[0xffffff9c])[0xffffff94]8[0xffffffff][0x2]%[0xffffff8e]4K[0x1c]<&[0xffffff8e][0x4]M[0x1c],'[0xe][0xffffffce][0x13]G[0x14]($[0xffffff8f][0xffffff94](L*)RH6[0x9]S[0x1c]4*[0xffffff8e]dUh[0xffffff8d][0xffffffd2][0xffffffac]p[0xffffffad]J[0xffffffbb]BK[0xffffff96][0xffffff84][0xffffffc5][0xffffffda][0xffffffb9][0xffffff9c],[0xffffffd6][\n]"
08:17:55.180 [TestNG-PoolService-2] DEBUG org.apache.hc.client5.http.wire -- http-outgoing-5 << "[0x3][0xffffff8e]MT[\r]YJ!)[0x11]2Qe[0x3][0xffffffc9]P"`[0xffffffa2]J[0xffffffc2]YM[0xffffff89][0xffffffe0][0xffffff89]*W[0xffffff9e],%[0xfffffff2]&[0xffffffaa]\[0xffffffb5]r[0xffffff94]H[0xffffff99][0xffffffa8][0xffffffd2][0xffffffe2][0xffffffdd][0xffffffa0][0xffffff84][0xffffff9b][0xffffffa8]j[0xfffffffd][0xffffffa4]v%[0x6]>Q5[0x2]&[0xffffffaa][0xffffff86][0xffffffd9]Q)[0xc]86Q5d)[0xffffff85][0xffffffa4]D[0xffffffc8]D[0xffffff95][\r]$C[0xffffff89][0xffffff80][0xffffff89]*[0x9]g5%[0xffffff82]'[0xffffffaa]\y[0xffffffb2][0xffffff94][0xffffffc8][0xffffff9b][0xffffffa8]r[0xffffffd5][0xffffffca]Q"e[0xffffffa2]J[0xffffff8b]w[0xffffff83][0x12][0xffffffdd]Q[0xffffffe2][0xffffffbe][0x1e][0xffffff8a][0x12][0x1d][0xffffffa7]D[0xf][0xffffffa0]D[0xffffffd7][0xffffffbc][0x17][0x6][0xffffffbc]c[0xffffff94][0xffffffe8]I[0xffffff94][0xffffffd0](2[0xffffff94]p[0xffffff81]d([0xffffffa1][0xffffffb1][0xffffffac][0xffffffa7][0xffffffc4][0x1a][0xffffffce]jJ[0xffffffac][0x11]M[0xffffffa2][0xffffff84])O[0xffffff96][0x12][0xffffffb6]KYJ[0xffffff98]j[0xffffffe5](!MKQB[0xffffff8a]w[0xffffff8b][0x12]-[0xffffff8c][0x12][\r][0xffffffa7]D[0xb][0xffffffa0]DC)[0xffffffd1]0J[0xffffffb4]$J[0xffffffac]Q[0xffffffa4]([0xffffffa1][0xffffff81][0xffffffa4]([0xffffffb1][0xffffffc6][0xffffff92][0xffffffa0]D[0xffffff83])[0xffffffd1][0xffffff82])![0xffffffe5]IS[0xffffffc2]t)M[0x9][0xffffffa9]V[0xffffff92][0x12]-[0xffffff85][0x12][0xffffffed]/P[0xffffffe2][\n]"
08:17:55.181 [TestNG-PoolService-1] DEBUG org.apache.hc.client5.http.wire -- http-outgoing-3 << "[0xffffffde][0xffffffa2]EK[0xfffffffb][0xffffffc5][0xffffffa3][0xfffffff1]?y[0xffffffb4][0xffffff84][0xffffffdf]<[0x1a][0xfffffffb][0xffffffa3]G[0xffffffe3]~[0xfffffff5]hQ?{H[0x1e])Z[0xffffff98]TR[0xffffffb4][0xffffff90]l[0x12][0xffffffb4]h[0xfffffff4]O[0x1f]-[0xfffffff9][0xffffffb7][0xf][0xffffffad]Q[0xffffff9a][0x16][0xffffffae]UiZh[0xffffffc9][0xffffff92][0xffffffb4]X;[0xffffff97][0xffffffa3][0xffffffc5]Z[0xffffffc1][[0xffffffb4][0xffffffe8]iO-:[0xffffffff][0xffffffd4][0xffffffa2]'<[0xffffffb5][0xffffffe8][0xffffffec]S[0xffffff8b][0xffffffce]=[0xffffffb5][0xffffffe8]QO-$[0xffffff8f][0x14]-L*)ZH6[0x9]Zt[0xfffffffa][0xffffffa9]EO~j[0xffffffa1]5J[0xffffffd3][0xffffffc2][0xffffffb5]*M[0xb]-Y[0xffffff92][0x16]k[0xffffffe7]r[0xffffffb4]X+x[0xffffff8b][0x16][0xffffffcf][0x13]F[0xffffff8b][0xffffffe7][0xffffffc1]i[0xfffffff1]q[0xb]<-~[0xffffffdc][0x4]E[0xffffff8b][0xffffff8f][0xffffffcb]S[0xffffffb4][0xfffffff8][0xffffffbe]t[\n]"
08:17:55.181 [TestNG-PoolService-2] DEBUG org.apache.hc.client5.http.wire -- http-outgoing-5 << "[0xffffffa3][0xffffffc4][0xffffff85]S[0xffffffe2][\n]"
08:17:55.181 [TestNG-PoolService-1] DEBUG org.apache.hc.client5.http.wire -- http-outgoing-3 << "-$[0xffffff8f][0x14]-L*)ZH6[0x9]Z,[0x9][0xffffffad][0xffffffa7][0xffffffc5][0xffffff92][0xffffffd3],Zh[0xffffff8d][0xffffffd2][0xffffffb4]p[0xffffffad]J[0xffffffd3]BK[0xffffff96][0xffffffa4][0xffffffc5][0xffffffda][0xffffffb9][0x1c]-[0xffffffd6][\n]"
08:17:55.181 [TestNG-PoolService-1] DEBUG org.apache.hc.client5.http.wire -- http-outgoing-3 << "[0xffffffde][0xffffffa2][0xffffffc5]L[0x1b][0xffffffa6][0xffffff98][0xfffffffc]2[0xffffffc5][0xffffffc7]-[0xfffffff0][0xffffffb4][0xfffffff8]q[0x13][0x14]-&7N1[0xffffffa3][0xffffffd6])$[0xffffff8f][0x14]-L*)ZH6[0x9]ZLz[0xffffffa1]b&OTh[0xffffff8d][0xffffffd2][0xffffffb4]p[0xffffffad]J[0xffffffd3]BK[0xffffff96][0xffffffa4][0xffffffc5][0xffffffda][0xffffffb9][0x1c]-[0xffffffd6][\n]"
08:17:55.181 [TestNG-PoolService-1] DEBUG org.apache.hc.client5.http.wire -- http-outgoing-3 << "[0xffffffde][0xffffffa2][0xffffffc5]q[0xffffffa5][0xfffffffd]"[0xfffffff2]qG8.>[0xffffffef][0xffffff81][0xffffffd7][0xffffffc5]?wA[0xfffffff1][0xffffffe2][0xfffffff3][0xfffffffa][0xffffff94]/~\;[0x5][0x18][0x1a]JJ[0x18].[0xffffff9a][0x14]14[0xffffffa0][0xffffff84]1[0xffffffd6][0xffffff98][0xffffffd6]#c[\r]k[0xffffff96]2L[0xffffffa1][0xffffffd2][0xffffffcc][0xffffffb0][0xfffffffd]J;[0xffffffc3][0xffffffd4]-[0x9][\r]i_N[0x1a]R[0xffffffc6][0xffffffbf]C[0xffffff8d][0xfffffff3][0xfffffffb][0xffffffaf]L[0xffffffb7][0xffffffae][0xfffffff9][0x0]'[0xffffff91][0xfffffffe][0xffffffbc][0x1f][0xffffff8a][0x19][0xffffffbf][0xffffffdc][0x1][0xffffff86][0xffffff8c][0xffffffe5][0x1e][0xffffff8a][0xffffff89][0xfffffff1][0xffffffcb][0xffffffd5][0xffffff8b][0xffffff81][0xfffffff1][0xffffffbf]W[0xffffff86]y[0xfffffff1]6[0xffffff8a][0xffffffc5][0xffffffb8][0xfffffff8][0xffffff8f]@[0x16][0xffffffd3][0xffffffe2]m,[0xb]a[0xfffffff1]&[0xffffff9c]e[0xffffffac]x[0x13][0xffffffd1][0x8]T[0xffffffbc]/O[0xffffff88][0x14][0xffffffff][0xffffffd5][0xffffffa5][0x10]([0xffffffde]W+[0xffffffc0][0xffffff89]wM[[0xffffff8e][0xffffff89]w[0xffffffc5][0xffffffbb]E[0x9][0xffffffb3][0xffffffae][0xffffff89]R[0x2][[0xffffffd7][0xfffffffc][0xffffffe5][0xe]xJ [0xffffffeb][0xffffff9a][0xffffffbf]\[0xffffff9d][0xffffffa2]D[0xffffffc2][0xffffffba][0xffffffe6][0xffffffdb](R[0xffffff94][0xffffffc0][0xffffffd7]5[0xffffffdf][0xffffffc6][0xffffff92][0xffffffa0][0x4][0xffffffb4][0xffffffae][0xfffffff9]&[0xffffffa2]Y[0xffffff94]HY[0xffffffd7][0xfffffffc][0xffffffaf].[0xffffffa5])[0xffffff91][0xffffffb0][0xffffffae][0xfffffff9][0xffffffae]i9J[0xfffffffc][0xffffffc1][0xffffffba][0xffffffe6][0xffffffe7][0xffffffdf][0xffffffb8]_[0xffffffaf][0xffffff97]y*q[0x1d][0xffffffbd][0xfffffffe]P[0xfffffff3][0xffffff9f][0xfffffff7]CR[0xffffffe2][0xffffffc7][0x1d][0xffffffa0][0xffffff94][0xfffffff8][0xffffffe5][0x1e][0x0]J[0xfffffffc][0xffffffb8]:@[0xffffff89][0xffffff9f]W[0xe][0xffffffa0][0xffffff84][0xffffff8d]"@[0xffffff89]7[0xffffff81][0x4](acYL[0x9][0x13][0xffffffce]RJ[0xffffff98][0xffffff88][0xffffffc6]P[0xffffffc2][0xffffff97]'H[0xffffff89]w][\n]"
08:17:55.181 [TestNG-PoolService-2] DEBUG org.apache.hc.client5.http.wire -- http-outgoing-5 << "[0xffffffa0][0xffffffc4][0xffffff85]R[0xffffffe2][0xffffffc2](q%Qb[0xffffff8d]"E[0x9][\r]$E[0xffffff89]5[0xffffff96][0x4]%.[0xffffff98][0x12]W0%[0xffffffa4]<iJ[0xffffff98].[0xffffffa5])![0xffffffd5]JR[0xffffffe2]J[0xffffffa1][0xffffffc4][0xfffffff5][0x17](q[0xffffffa4]Y[0xffffffe2][0xffffffe0]1q$h[0xffffffe2]`9qp[0xffffff9e]8[0xffffffa2]@!y[0xffffffa4]DaRI[0xffffff91]B[0xffffffb2]I[0xffffff98][0xffffffe2][0xffffffa0]Qq$[0xffffffab]Bk[0xffffff94]f[0xffffff85]kU[0xffffffda][0x15]Z[0xffffffb2]$,[0xffffffd6][0xffffffce][0xffffffe5]d[0xffffffb1]V[0xfffffff0][0x16]-[0xffffffda][0x1d]F[0xffffff8b]v[0xffffffe3][0xffffffb4][0xfffffff8][0xffffffb8][0x5][0xffffff9e][0x16]?n[0xffffff82][0xffffffa2][0xffffffc5][0xffffffc7][0xffffffe5])Z|_:[0xffffff85][0x16][0xffffff92]G[0xffffff8a][0x16]&[0xffffff95][0x14]-$[0xffffff9b][0x4]-[0xffffff96][0xffffff84][0xffffffd6][0xffffffd3]b[0xffffffc9]i[0x16]-[0xffffffb4]FiZ[0xffffffb8]V[0xffffffa5]i[0xffffffa1]%K[0xffffffd2]b[0xffffffed]\[0xffffff8e][0x16]k[0x5]o[0xffffffd1][0xffffffa2][0xffffff9f]a[0xffffffb4][0xffffffe8]'N[0xffffff8b][0xffffff8f][[0xffffffe0]i[0xfffffff1][0xffffffe3]&(Z|\[0xffffff9e][0xffffffa2][0xffffffc5][0xfffffff7][0xffffffa5]Sh!y[0xffffffa4]haRI[0xffffffd1]B[0xffffffb2]I[0xffffffd0]bIh=-[0xffffff96][0xffffff9c]f[0xffffffd1]Bk[0xffffff94][0xffffffa6][0xffffff85]kU[0xffffff9a][0x16]Z[0xffffffb2]$-[0xffffffd6][0xffffffce][0xffffffe5]h[0xffffffb1]V[0xfffffff0][0x16]-[0xffffffbe]>[0x14]M[0xffffffa2][0xffffffc5][0xffffffd9]qZ|[0xffffffdc][0x2]O[0xffffff8b][0x1f]7A[0xffffffd1][0xffffffe2][0xffffffe3][0xfffffff2][0x14]-[0xffffffbe]/[0xffffff9d]B[0xb][0xffffffc9]#E[0xb][0xffffff93]J[0xffffff8a][0x16][0xffffff92]M[0xffffff82][0x16]KB[0xffffffeb]i[0xffffffb1][0xffffffe4]4[0xffffff8b][0x16]Z[0xffffffa3]4-\[0xffffffab][0xffffffd2][0xffffffb4][0xffffffd0][0xffffff92]%i[0xffffffb1]v.G[0xffffff8b][0xffffffb5][0xffffff82][0xffffffb7]h1[0xffffff9f]0Z[0xffffffcc][0x7][0xffffffa7][0xffffffc5][0xffffffc7]-[0xfffffff0][0xffffffb4][0xfffffff8]q[0x13][0x14]->.O[0xffffffd1][0xffffffe2][0xfffffffb][0xffffffd2])[0xffffffb4][0xffffff90]<R[0xffffffb4]0[0xffffffa9][0xffffffa4]h![0xffffffd9]$h[0xffffffb1]$[0xffffffb4][0xffffff9e][0x16]KN[0xffffffb3]h[0xffffffa1]5J[0xffffffd3][0xffffffc2][0xffffffb5]*M[0xb]-Y[0xffffff92][0x16]k[0xffffffe7]r[0xffffffb4]X+x[0xffffff8b][0x16]G[0xffffff8b]{[0xffffff8f][0xffffffb3][0x5][0xffffffbc][0xffffffc8][0xffffffd9]"[0xffffffde][0xffffffe4]l[0xfffffff0][0xffffffab][0xffffff9c][\r]|[0xffffff97][0xffffffb3]e[0xffffffbd][0xffffffcc])[0xffffffa1][0xffffffa4][0xffffff84][0xffffffe1][0xffffffa2]I[0x11]C[0x3]J[0x18]c[0xffffff8d]i=2[0xffffffd6][0xffffffb0]f)[0xffffffc3][0x14]*[0xffffffcd][0xc][0xffffffdb][0xffffffaf][0xffffffb4]3L[0xffffffdd][0xffffff92][0xffffffd0][0xffffff90][0xfffffff6][0xffffffe5][0xffffffa4]!e[0xffffffbc]I[0xffffff8d][0xffffffb4][0xfffffff7]:[0xffffff8f][0xffffff80][0x17];[0xffffff8f][0xffffff88]7;[0xf]}[0xffffffeb][0xffffffa8]8[0xffffffec][0xffffffdc][0xffffffbb][0xffffff9d]G[0xffffffd6][0xffffffcb][0xffffff9d][0x1a]J[0xffffff8e][0x1a]9[0xffffffaf]wj@[0x19]j[0xffffffd0]/x[0xffffffae]aM[0xffffffa3]F[0xffffffdc]+[0xffffff9e][0xffffffb6]_yjD[0xffffffbd][0xffffffe4])[0xffffffed]KR[0xffffffe3]o[0xffffffbc][0xffffffe6]y[0xffffff8c]#[0xffffff8d][0x1a][0xffffffe3][0xffffffe0][0xffffffa9][0xfffffff1]q[0xf][0x1][0xffffffd4][0xfffffff8]q[0x17][0x18]5>[0xffffffae][0xffffff8f]Q[0xffffffe3][0xfffffffb][0xffffffda]1[0xffffffd4][0xffffff90]Pb[0xffffffd4]0[0xffffffd1][0xffffffc4][0xffffffa8]![0x1]E[0xffffffa8][0xffffffb1][0xffffffc4][0x14][0xffffffa0][0xffffffc6][0x12][0xffffffd6]0jh[0xffffffa1][0xffffffe2][0xffffffd4]p[0xfffffffd][0xffffff8a]SC[0xffffffeb][0x16][0xffffffa5][0xffffffc6][0xffffffda][0xffffffbe] 5[0xffffffd6]2[0xfffffffe][0x1d]j[0xffffff8c][0xffffffef][0xffffffbf]2[0xffffffcc][0xffffffd0]wow[0xfffffffd][0xffffff99]!?[0xffffffef][0xffffff87]b[0xffffffc6]/w[0xffffff80]!c[0xffffffb9][0xffffff87]bb[0xfffffffc]r[0xfffffff5]b`[0xfffffffc][0xffffffef][0xffffff95]a^[0xffffffbc][0xffffff8d]b1.[0xfffffffe]#[0xffffff90][0xffffffc5][0xffffffb4]x[0x1b][0xffffffcb]BX[0xffffffbc][0x9]g[0x19]+[0xffffffde]D4[0x2][0x15][0xffffffef][0xffffffcb][0x13]"[0xffffffc5][0x7f]u)[0x4][0xffffff8a][0xfffffff7][0xffffffd5][\n]"
08:17:55.182 [TestNG-PoolService-2] DEBUG org.apache.hc.client5.http.wire -- http-outgoing-5 << "p[0xffffffe2]][0xffffffd3][0xffffff96]c[0xffffffe2]][0xfffffff1]nQ[0xffffffa2][0xffffff85]Q[0x2][0x1b][0xfffffffa][0xfffffffe][0xffffffe5][0xe]xJ C[0xffffffdf][0xffffffbf]\[0xffffff9d][0xffffffa2]D[0xffffffc2][0xffffffd0][0xfffffff7][0xffffffdb](R[0xffffff94][0xffffffc0][0xffffff87][0xffffffbe][0xffffffdf][0xffffffc6][0xffffff92][0xffffffa0][0x4]4[0xfffffff4][0xfffffffd]&[0xffffffa2]Y[0xffffff94]H[0x19][0xfffffffa][0xfffffffe][0xffffffaf].[0xffffffa5])[0xffffff91]0[0xfffffff4][0xfffffffd][0xffffffae]i9J[0xfffffffc][0xffffffc1][0xffffffd0][0xfffffff7][0xffffff8f][0xffffffbf]q[0xffffffba][0xffffffa7][0x12][0xffffffe7]Q[0x7f]([0xfffffffa][0xffffffcf][0xfffffffb][0xffffff81])q[0x6]<[0xffffff95]8[0xffffff95][0xffffffce][0xffffff85][0x1]?[0xffffffb1][0xffffffa7][0x12]g[0xffffffd2]S[0x9][0xffffff8d]"C[0x9][0x17]H[0xffffff86][0x12][0x1a][0xffffffcb]zJ[0xffffffac][0xffffffe1][0xffffffac][0xffffffa6][0xffffffc4][0x1a][0xffffffd1]$J[0xffffff98][0xfffffff2]d)a[0xffffffbb][0xffffff94][0xffffffa5][0xffffff84][0xffffffa9]V[0xffffff8e][0x12][0xffffffd2][0xffffffb4][0x14]%[0xffffffa4]x[0xffffffb7](a[0xffffff9e]J[0xffffffa0][0xffffff94][0xffffffa0][0xffffff9f]J[0xffffff9c][0x1]O%N[0xffffffa5]si[0xffffffc0][0xffffffa9][0xffffffa7][0x12]g[0xffffffd2]S[0x9][0xffffff8d]"E[0xffffff89][0xffffff94][0xffffffa7][0x12][0x1a]K[0xffffff82][0x12][0xffffffec]S[0xffffff89]5[0xffffffa2]Y[0xffffff94][0x8]{*a[0xffffffbb][0xffffff94][0xffffffa6]D[0xffffffd0]S[0x9]iZ[0xffffff8e][0x12][0x7f][0xfffffffe]T[0xffffffe2]rO%[0xffffffe6]uR[0xffffff94][0xffffffb8][0xfffffff0][0xffffffa7][0x12]W[0xffffffc0]S[0xffffff89]K[0xffffffe9]\[0x18][0xfffffff0][0xb]{*q%=[0xffffff95][0xffffffd0](2[0xffffff94]p[0xffffff81]d([0xffffffa1][0xffffffb1][0xffffffac][0xffffffa7][0xffffffc4][0x1a][0xffffffce]jJ[0xffffffac][0x11]M[0xffffffa2][0xffffff84])O[0xffffff96][0x12][0xffffffb6]KYJ[0xffffff98]j[0xffffffe5](!MKQB[0xffffff8a]w[0xffffff83][0x12][0xffffffb7][0xffffffa1][0xffffffc4]8[0xffffffda]AQ[0xffffffe2][0xffffffc6])q[0x7]P[0xffffffe2][0xffffffd6][0xffffffbc][0x17][0x6][0xfffffffc][0xffffffc6](q'QB[0xffffffa3][0xffffffc8]P[0xffffffc2][0x5][0xffffff92][0xffffffa1][0xffffff84][0xffffffc6][0xffffffb2][0xffffff9e][0x12]k8[0xffffffab])[0xffffffb1]F4[0xffffff89][0x12][0xffffffa6]<YJ[0xffffffd8].e)a[0xffffffaa][0xffffff95][0xffffffa3][0xffffff84]4-E[0x9])[0xffffffde][\r]J<[0xffffff8e][0x12][0xffffffe7][0xffffff89][0xfffffffd][0xffffffc0][0xfffffff1][0xffffffe0][0xffffff94]x[0x2]([0xfffffff1]h[0xffffffde][0xb][0x3][0xfffffffe]`[0xffffff94]x[0xffffff92]([0xffffffa1]Qd([0xffffffe1][0x2][0xffffffc9]PBcYO[0xffffff89]5[0xffffff9c][0xffffffd5][0xffffff94]X#[0xffffff9a]D[0x9]S[0xffffff9e],%l[0xffffff97][0xffffffb2][0xffffff94]0[0xffffffd5][0xffffffca]QB[0xffffff9a][0xffffff96][0xffffffa2][0xffffff84][0x14][0xffffffef][0x6]%[0xffffffa6][0xffffffa3][0xffffffc4]=[0x6]E[0xffffff89][0xffffff89]Sb[0x6]Pbj[0xffffffde][0xb][0x3]>1J[0xffffffcc]$Jh[0x14][0x19]J[0xffffffb8]@2[0xffffff94][0xffffffd0]X[0xffffffd6]Sb[\r]g5%[0xffffffd6][0xffffff88]&Q[0xffffffc2][0xffffff94]'K[0x9][0xffffffdb][0xffffffa5],%L[0xffffffb5]r[0xffffff94][0xffffff90][0xffffffa6][0xffffffa5](![0xffffffc5][0xfffffffb][0xfffffffb][0xffffff94]8_[0xffffff86][0x12][0xffffffe7][0xffffffeb][0xffffffbc]!J|[0xffffffde][0xf]K[0xffffff89][0xffffffaf];[0xffffff80])[0xfffffff1][0xffffffef]= [0xffffff94][0xfffffff8][0xffffffba]:B[0xffffff89][0x7f][0xffffffae][0x1c]A[0x9][0x13]E[0xffffff84][0x12]6[0xffffff90][0x8]%L,[0xffffffcb])![0xffffffe1],[0xffffffa6][0xffffff84]D4[0xffffff88][0x12][0xffffffae]<QJ[0xfffffff8].E)[0xffffffe1][0xffffffaa][0x15][0xffffffa3][0xffffff84]6-D[0x9]-[0xffffffde][\r]J4G[0xffffff89][0xffffffd6][0xffffffea][0xffffffb7]0[0x7f][0xffffffde][0xf]L[0xffffff89][0x16]@[0xffffff89][0xffffffa6]y/[0xc]x[0xffffffc3]([0xffffffd1][0xffffff92]([0xffffffa1]Qd([0xffffffe1][0x2][0xffffffc9]PBcYO[0xffffff89]5[0xffffff9c][0xffffffd5][0xffffff94]X#[0xffffff9a]D[0x9]S[0xffffff9e],%l[0xffffff97][0xffffffb2][0xffffff94]0[0xffffffd5][0xffffffca]QB[0xffffff9a][0xffffff96][0xffffffa2][0xffffff84][0x14][0xffffffef][0x6]%[0xffffffba][0xffffffa5][0x4]0[0xffffffab][0xfffffffd][0xfffffff3]~`J[0xfffffff4][0x0]Jt[0xffffffcd]{a[0xffffffc0];F[0xffffff89][0xffffff9e]D[0x9][0xffffff8d]"C[0x9][0x17]H[0xffffff86][0x12][0x1a][0xffffffcb]zJ[0xffffffac][0xffffffe1][0xffffffac][0xffffffa6][0xffffffc4][0x1a][0xffffffd1]$J[0xffffff98][0xfffffff2]d)a[0xffffffbb][0xffffff94][0xffffffa5][0xffffff84][0xffffffa9]V[0xffffff8e][0x12][0xffffffd2][0xffffffb4][0x14]%[0xffffffa4]x7(1[0x1c]%[0xfffffffa][0xfffffff9][0xffffffa2](1pJ[0xffffff8c][0x0]J[0xc][0xffffffcd]{a[0xffffffc0][0x7]F[0xffffff89][0xffffff91]D[0x9][0xffffff8d]"C[0x9][0x17]H[0xffffff86][0x12][0x1a][0xffffffcb]zJ[0xffffffac][0xffffffe1][0xffffffac][0xffffffa6][0xffffffc4][0x1a][0xffffffd1]$J[0xffffff98][0xfffffff2]d)a[0xffffffbb][0xffffff94][0xffffffa5][0xffffff84][0xffffffa9]V[0xffffff8e][0x12][0xffffffd2][0xffffffb4][0x14]%[0xffffffa4]x7([0xffffffe1][0xffffffd6].[0xffffffcf][0xfffffff1]`[0xffffffef]J[0xffffffe0]k[0xffffff97]g[0xffffffc0][0xffffffda][0xffffffe5]i&[0xffffffd9][\n]"
08:17:55.182 [TestNG-PoolService-3] DEBUG org.apache.hc.client5.http.wire -- http-outgoing-4 << "[0xffffff9d]D[0xffffff8b]g[0xffffffe0][0xffffffb4][0xfffffff8][0xffffffb8][0x5][0xffffff9e][0x16]?n[0xffffff82][0xffffffa2][0xffffffc5][0xffffffc7][0xffffffe5])Z|_:[0xffffff85][0x16][0xffffff92]G[0xffffff8a][0x16]&[0xffffff95][0x14]-$[0xffffff9b][0x4]-[0xffffff96][0xffffff84][0xffffffd6][0xffffffd3]b[0xffffffc9]i[0x16]-[0xffffffb4]FiZ[0xffffffb8]V[0xffffffa5]i[0xffffffa1]%K[0xffffffd2]b[0xffffffed]\[0xffffff8e][0x16]k[0x5]o[0xffffffd1]b[0xffffffa6]}[0x12]2[0xfffffff9]oBf[0xffffffc2]G![0xffffff93][0xfffffffd]*dr[0xffffff9f][0xffffff85][0xffffffcc][0xffffffa8][0xffffffef]B$[0xffffff8f][0x14]-L*)ZH6[0x9]ZL[0xfffffffa][0xffffffdb][0xffffff90][0xffffff99][0xfffffffc]q[0xffffff88][0xffffffd6](M[0xb][0xffffffd7][0xffffffaa]4-[0xffffffb4]dIZ[0xffffffac][0xffffff9d][0xffffffcb][0xffffffd1]b[0xffffffad][0xffffffe0]=Z[0xffffffa4]}!2[0xfffffff9]/Df[0xffffffc2][0x17]"[0xffffff93][0xfffffffd]Bdr_[0xffffff88][0xffffffcc][0xffffffa8]/D$[0xffffff8f][0x18]-r[0xffffffbe][0x10][0xffffff91]l"[0xffffffb4][0xffffffa0][0xffffffbf][0x10][0xffffff99][0xffffffc9]_[0xffffff88]h[0xffffff8d][0xffffffe2][0xffffffb4][0x8][0xfffffffc]BDK[0x16][0xffffffa5]E[0xffffffcc][0x17]"k[0x5]o[0xffffffd1][0xffffffe2]8F[0xffffff98]->[0xffffffee][0x8][0xffffffc7][0xffffffc5][0xffffffe7]=[0xfffffff0][0xffffffba][0xfffffff8][0xffffffe7].(^|^[0xffffff9f][0xfffffff2][0xffffffc5][0xffffff8f]k[0xffffffa7][0x0]CCI[0x9][0xffffffc3]E[0xffffff93]"[0xffffff86][0x6][0xffffff94]0[0xffffffc6][0x1a][0xffffffd3]zd[0xffffffac]a[0xffffffcd]R[0xffffff86])T[0xffffff9a][0x19][0xffffffb6]_ig[0xffffff98][0xffffffba]%[0xffffffa1]![0xffffffed][0xffffffcb]IC[0xffffffca][0xfffffff8]w[0xffffffa8]q}[0xfffffffd][0xffffff95][0xfffffff3]0C[0xffffffde]O[0xfffffffb][0xfffffffa][0xffffffd1][0xffffffa4][0x16][0x1a]?[0xffffffef][0xffffff87]b[0xffffffc6]/w[0xffffff80]!c[0xffffffb9][0xffffff87]bb[0xfffffffc]r[0xfffffff5]b`[0xfffffffc][0xffffffef][0xffffff95]a^[0xffffffbc][0xffffff8d]b1.[0xfffffffe]#[0xffffff90][0xffffffc5][0xffffffb4]x[0x1b][0xffffffcb]BX[0xffffffbc][0x9]g[0x19]+[0xffffffde]D4[0x2][0x15][0xffffffef][0xffffffcb][0x13]"[0xffffffc5][0x7f]u)[0x4][0xffffff8a][0xfffffff7][0xffffffd5][\n]"
08:17:55.182 [TestNG-PoolService-1] DEBUG org.apache.hc.client5.http.wire -- http-outgoing-3 << "R[0xffffffc2]W+D[0x9][0xffffffd7][0xffffffb4][0x8]%\[0xfffffff1]nP[0xffffffa2]9J|0[0xffffff85][0xffffffa2]D[0xffffffc3])[0xffffffd1][0x2]([0xffffffd1]4[0xffffffef][0xffffff85][0x1]o[0x18]%Z[0x12]%4[0xffffff8a][0xc]%\ [0x19]Jh,[0xffffffeb])[0xffffffb1][0xffffff86][0xffffffb3][0xffffff9a][0x12]kD[0xffffff93](a[0xffffffca][0xffffff93][0xffffffa5][0xffffff84][0xffffffed]R[0xffffff96][0x12][0xffffffa6]Z9JH[0xffffffd3]R[0xffffff94][0xffffff90][0xffffffe2][0xffffffdd][0xffffffa0]D7[0xffffff94][0xffffffb8][0xffffff8f]W[0xfffffffd]K[0xffffff99]?[0xffffffef][0x7][0xffffffa6]D[0xf][0xffffffa0]D[0xffffffd7][0xffffffbc][0x17][0x6][0xffffffbc]c[0xffffff94][0xffffffe8]I[0xffffff94][0xffffffd0](2[0xffffff94]p[0xffffff81]d([0xffffffa1][0xffffffb1][0xffffffac][0xffffffa7][0xffffffc4][0x1a][0xffffffce]jJ[0xffffffac][0x11]M[0xffffffa2][0xffffff84])O[0xffffff96][0x12][0xffffffb6]KYJ[0xffffff98]j[0xffffffe5](!MKQB[0xffffff8a]w[0xffffff83][0x12][0xffffffc3]Q[0xffffffa2]M[0xffffff8c][0x12][0x3][0xffffffa7][0xffffffc4][0x8][0xffffffa0][0xffffffc4][0xffffffd0][0xffffffbc][0x17][0x6]|`[0xffffff94][0x18]I[0xffffff94][0xffffffd0](2[0xffffff94]p[0xffffff81]d([0xffffffa1][0xffffffb1][0xffffffac][0xffffffa7][0xffffffc4][0x1a][0xffffffce]jJ[0xffffffac][0x11]M[0xffffffa2][0xffffff84])O[0xffffff96][0x12][0xffffffb6]KYJ[0xffffff98]j[0xffffffe5](!MKQB[0xffffff8a]w[0xffffff83][0x12][0xffffffa7][0xffffffa3][0xffffffc4][0xfffffff5][0x1c][0x14]%N[0xffffff9c][0x12]g[0x0]%N[0xffffffcd]{a[0xffffffc0]O[0xffffff8c][0x12]g[0x12]%4[0xffffff8a][0xc]%\ [0x19]Jh,[0xffffffeb])[0xffffffb1][0xffffff86][0xffffffb3][0xffffff9a][0x12]kD[0xffffff93](a[0xffffffca][0xffffff93][0xffffffa5][0xffffff84][0xffffffed]R[0xffffff96][0x12][0xffffffa6]Z9JH[0xffffffd3]R[0xffffff94][0xffffff90][0xffffffe2][0xffffffdd][0xffffffa0][0xffffffc4][0xffffffe5]([0xfffffff1]a[0x9][0xffffff8a][0x12][0x17]N[0xffffff89]+[0xffffff80][0x12][0xffffff97][0xffffffe6][0xffffffbd]0[0xffffffe0][0x17]F[0xffffff89]+[0xffffff89][0x12][0x1a]E[0xffffff86][0x12].[0xffffff90][0xc]%4[0xffffff96][0xfffffff5][0xffffff94]X[0xffffffc3]YM[0xffffff89]5[0xffffffa2]I[0xffffff94]0[0xffffffe5][0xffffffc9]R[0xffffffc2]v)K[0x9]S[0xffffffad][0x1c]%[0xffffffa4]i)JH[0xfffffff1]nP[0xffffffe2]v[0xffffff94]x[0xffffffda]EQ[0xffffffe2][0xffffffc6])q[0x7]P[0xffffffe2][0xffffffd6][0xffffffbc][0x17][0x6][0xfffffffc][0xffffffc6](q'QB[0xffffffa3][0xffffffc8]P[0xffffffc2][0x5][0xffffff92][0xffffffa1][0xffffff84][0xffffffc6][0xffffffb2][0xffffff9e][0x12]k8[0xffffffab])[0xffffffb1]F4[0xffffff89][0x12][0xffffffa6]<YJ[0xffffffd8].e)a[0xffffffaa][0xffffff95][0xffffffa3][0xffffff84]4-E[0x9])[0xffffffde][\r]J<[0xffffff96][0x12]O[0xffffffa3]([0xfffffff1][0xffffffe0][0xffffff94]x[0x2]([0xfffffff1]h[0xffffffde][0xb][0x3][0xfffffffe]`[0xffffff94]x[0xffffff92]([0xffffffa1]Qd([0xffffffe1][0x2][0xffffffc9]PBcYO[0xffffff89]5[0xffffff9c][0xffffffd5][0xffffff94]X#[0xffffff9a]D[0x9]S[0xffffff9e],%l[0xffffff97][0xffffffb2][0xffffff94]0[0xffffffd5][0xffffffca]QB[0xffffff9a][0xffffff96][0xffffffa2][0xffffff84][0x14][0xffffffef][0x6]%[0xffffffdc][0xffffffda][0xffffffe5]=[0x7][0xfffffff6]T[0x2]^[0xffffffbb][0xfffffffc]q[0x7]4%[0xffffffc0][0xffffffb5][0xffffffcb][0x1f]Wg([0xffffff91][0xffffffb3]vi[0xffffffa3][0xffffffc8]P"d[0xffffffed][0xffffffd2][0xffffffc6][0xffffffb2][0xffffff9e][0x12][0xffffffe8][0xffffffda][0xffffffa5][0xffffff89]h[0x12]%[0xffffffb2][0xffffffd6].[0xffffffdf]u)K[0xffffff89][0xffffff9c][0xffffffb5]K[0xffffffd7][0xffffffb4][0x14]%[0xfffffffe]x[0xffffffed][0xfffffff2]~[0x1d]n[0xffffffa2][0xffffffea]y=[0xffffffd4]D[0xffffffd5][0xffffff81]OT[0x1d][0x1][0x13]U[0xffffff87][0xffffffd9]Q[0xffffffa9][0xb][0xfffffff8][0xffffff81]MT[0x1d][0xffffffb2][0xffffff94][0x2]R[0xffffffc2]D[0x11][0xffffffa1][0xffffff84][\r]$B[0x9][0x13][0xffffffcb]rJH8[0xffffff8b])![0x11][\r][0xffffffa2][0xffffff84]+O[0xffffff94][0x12][0xffffffbe]KQJ[0xffffffb8]j[0xffffffc5]([0xffffffa1]M[0xb]QB[0xffffff8b]w[0xffffff8b][0x12]-[0xffffff8c][0x12][0xffffffe8]p[0xfffffff6][0xffffff8f];[0xffffffe0])[0xffffff81][\r]g[0xffffffff][0xffffffb8]:E[0xffffff89][0xffffff94][0xffffffe1]l[0x1b]E[0xffffff8a][0x12][0x11][0xffffffc3][0xffffffd9]6[0xffffff96][0x4]%[0xffffffc0][0xffffffe1]l[0x13][0xffffffd1],J$[\r]g[0xffffffbf][0xffffffeb]R[0xffffff9a][0x12])[0xffffffc3][0xffffffd9][0xffffffae]i9J[0xfffffffc][0xfffffff1]p[0xfffffff6]q[0xffffffb8][0xffffffa7][0x12][0xffffffa3]w[0xffffff8a][0x12][0x7][0xfffffffe]T[0xffffffe2][0x8]x*q([0xffffff9d][0xb][0x3]~`O%[0xffffff8e][0xffffffa4][0xffffffa7][0x12][0x1a]E[0xffffff86][0x12].[0xffffff90][0xc]%4[0xffffff96][0xfffffff5][0xffffff94]X[0xffffffc3]YM[0xffffff89]5[0xffffffa2]I[0xffffff94]0[0xffffffe5][0xffffffc9]R[0xffffffc2]v)K[0x9]S[0xffffffad][0x1c]%[0xffffffa4]i)JH[0xfffffff1]nP[0xffffffc2][\r]g?[0xffffffd7][0xb][0xffffffa3][0x4]>[0xffffff9c]}[0x4][0xc]g[0x1f]f[0xffffffdd][0xffffffb5]0[0xffffffe0][0xffffffd8]p[0xfffffff6]![0xfffffffb][0xffffffad]$%B[0xffffff86][0xffffffb3]m [0x19]J[0x4][0xc]gK8[0xffffffab])[0x11]<[0xffffff9c][0xffffffed][0xffffffca][0xffffff93][0xffffffa5]D[0xffffffde]p[0xffffffb6][0xffffffab]V[0xffffff8e][0x12])[0xffffffc3][0xffffffd9]Z[0xffffffbc][[0xffffff94][0x18]a[0xffffff94][0x18]8%F[0x0]%[0x6]J[0xffffff89][0xffffff81]Qb$Qb[0xffffff8d]"E[0x9][\r]$E[0xffffff89]5[0xffffff96][0x4]%[0x6]L[0xffffff89][0x11]L[0x9])O[0xffffff9a][0x12][0xffffffa6]KiJH[0xffffffb5][0xffffff92][0xffffff94][0x18])[0xffffff94][0x18][0x7f]L[0x9]w[0x6][0xffffffc7]|[\r][0xffffff8c][0x12][0xfffffff8][0x19][0x1c]G[0xffffffc0][0x19][0x1c][0xffffff87][0x19][0xffffff8a]/[0xc]8v[0x6][0xffffffc7]!S[0xfffffff0]$%B[0xffffffce][0xffffffe0][0xffffffb0][0xffffff81]d([0x11]p[0x6][0xffffff87][0xffffff84][0xffffffb3][0xffffff9a][0x12][0xffffffc1]gp[0xffffffb8][0xfffffff2]d)[0xffffff91]w[0x6][0xffffff87][0xffffffab]V[0xffffff8e][0x12])gph[0xfffffff1]nQB_[0xffffffbb]d)A[0xffffffbf]v[0xffffffd9][0x3]^[0xffffffbb][0xffffffec][0xfffffffa]nPi[0xffffffc0][0xffffffa9][0xffffffd7].{[0xffffffd2]k[0xffffff97][0x1a]E[0xffffff8a][0x12])[0xffffffaf]]j,[0x9]J[0xffffffb0][0xffffffaf]][0xffffffae][0x11][0xffffffcd][0xffffffa2]D[0xffffffd8]k[0xffffff97][0xffffffb6]KiJ[0x4][0xffffffbd]v)M[0xffffffcb]Q[0xffffffe2][0xffffffcf]_[0xffffffbb]t[0xffffffc7]y[0xffffffcd][0xffffffc6]Q[0x2]?[0xffffffce][0xffffffeb][0x8]8[0xffffffce][0xffffffeb]0g[0xffffffce][0x14][0x6][0x1c];[0xffffffce][0xffffffeb][0xffffff90]SeHJ[0xffffff84][0x1c][0xffffffe7]e[0x3][0xffffffc9]P"[0xffffffe0]8/[0x9]g5%[0xffffff82][0xffffff8f][0xfffffff3]r[0xffffffe5][0xffffffc9]R"[0xffffffef]8/W[0xffffffad][0x1c]%R[0xffffff8e][0xfffffff3][0xffffffd2][0xffffffe2][0xffffffdd][0xffffffa0][0xffffffc4][0xffffffe9]([0xffffffd1][0xffffffb1]38>[0xffffffef][0x7][0xffffffa6][0xffffffc4][0x19]@[0xffffff89]S[0xfffffff3]^[0x18][0xfffffff0][0x13][0xffffffa3][0xffffffc4][0xffffff99]D[0x9][0xffffff8d]"C[0x9][0x17]H[0xffffff86][0x12][0x1a][0xffffffcb]zJ[0xffffffac][0xffffffe1][0xffffffac][0xffffffa6][0xffffffc4][0x1a][0xffffffd1]$J[0xffffff98][0xfffffff2]d)a[0xffffffbb][0xffffff94][0xffffffa5][0xffffff84][0xffffffa9]V[0xffffff8e][0x12][0xffffffd2][0xffffffb4][0x14]%[0xffffffa4]x7([0xffffffe1][0xffffff8e][0xfffffff3][0xffffff9a][0xfffffff7]5)J[0xffffffe0][0xffffffc7]y[0x1d][0x1][0xffffffc7]y[0x1d][0xffffffe6][0xffffffcc][0xffffff99][0xffffffc2][0xffffff80]c[0xffffffc7]y[0x1d]r[0xffffffaa][0xc]I[0xffffff89][0xffffff90][0xffffffe3][0xffffffbc]l [0x19]J[0x4][0x1c][0xffffffe7]%[0xffffffe1][0xffffffac][0xffffffa6]D[0xfffffff0]q^[0xffffffae]<YJ[0xffffffe4][0x1d][0xffffffe7][0xffffffe5][0xffffffaa][0xffffff95][0xffffffa3]D[0xffffffca]q^Z[0xffffffbc][0x1b][0xffffff94]0[0xffffffc7]y[0xffffffb5][0xf][0xffffffa4][0xffffffdc][0x14]%[0xfffffff0][0xffffffe3][0xffffffbc][0xffffff8e][0xffffff80][0xffffffe3][0xffffffbc][0xe]s[0xffffffe6]La[0xffffffc0][0xffffffb1][0xffffffe3][0xffffffbc][0xe]9U[0xffffff86][0xffffffa4]D[0xffffffc8]q^6[0xffffff90][0xc]%[0x2][0xffffff8e][0xfffffff3][0xffffff92]pVS"[0xfffffff8]8/W[0xffffff9e],%[0xfffffff2][0xffffff8e][0xfffffff3]r[0xffffffd5][0xffffffca]Q"[0xffffffe5]8/-[0xffffffde][\r]J[0xffffff98][0xffffffe3][0xffffffbc][0xffffffda]k[0xffffff9c][0xffffffd8]S[0x9][0xfffffffc]8[0xffffffaf]#[0xffffffe0]8[0xffffffaf][0xffffffc3][0xffffff9c]9S[0x18]p[0xffffffec]8[0xffffffaf]CN[0xffffff95]!)[0x11]r[0xffffff9c][0xffffff97][\r]$C[0xffffff89][0xffffff80][0xffffffe3][0xffffffbc]$[0xffffff9c][0xffffffd5][0xffffff94][0x8]>[0xffffffce][0xffffffcb][0xffffff95]'K[0xffffff89][0xffffffbc][0xffffffe3][0xffffffbc]\[0xffffffb5]r[0xffffff94]H9[0xffffffce]K[0xffffff8b]w[0xffffff83][0x12][0xffffffe6]8[0xffffffaf][0xfffffff6][0xffffffba][0xffffffef]AQ[0x2]?[0xffffffce][0xffffffeb][0x8]8[0xffffffce][0xffffffeb]0g[0xffffffce][0x14][0x6][0x1c];[0xffffffce][0xffffffeb][0xffffff90]SeHJ[0xffffff84][0x1c][0xffffffe7]e[0x3][0xffffffc9]P"[0xffffffe0]8/[0x9]g5%[0xffffff82][0xffffff8f][0xfffffff3]r[0xffffffe5][0xffffffc9]R"[0xffffffef]8/W[0xffffffad][0x1c]%R[0xffffff8e][0xfffffff3][0xffffffd2][0xffffffe2][0xfffffffd]}J4s[0xffffff9c]W{=[0xffffff9d]z[0xffffffed][0xffffffb2][0xffffffe1][0xffffffc7]y[0xffffffb5][0xffffff80][0xffffffe3][0xffffffbc][0xffffff9a]9s[0xffffffa6].[0xffffffe0][\r];[0xffffffce][0xffffffab][0xffffffc9][0xffffffa9]2 %L[0x14][0x11]J[0xffffffd8]@"[0xffffff94]0[0xffffffb1],[0xffffffa7][0xffffff84][0xffffff84][0xffffffb3][0xffffff98][0x12][0x12][0xffffffd1] J[0xffffffb8][0xfffffff2]D)[0xffffffe1][0xffffffbb][0x14][0xffffffa5][0xffffff84][0xffffffab]V[0xffffff8c][0x12][0xffffffda][0xffffffb4][0x10]%[0xffffffb4]x7(a[0xffffffce][0xffffffe0]h[0xffffffc7][0xffffffd1][0xffffffa8][0x1f]8[0x1a]~[0x6]G[0xb]8[0xffffff83][0xffffffa3][0xffffff99][0xffffffa1][0xfffffff8][0xffffffc2][0xffffff80]cgp4[0xffffff99][0xffffff82]')[0x11]r[0x6][0xffffff87][\r]$C[0xffffff89][0xffffff80]38$[0xffffff9c][0xffffffd5][0xffffff94][0x8]>[0xffffff83][0xffffffc3][0xffffff95]'K[0xffffff89][0xffffffbc]38\[0xffffffb5]r[0xffffff94]H9[0xffffff83]C[0xffffff8b]w[0xffffff83][0x12][0xffffffe6][0xc][0xffffff8e][0xfffffff6][0xfffffff1][0x7f][0xffffff9e][0x14]%[0xfffffff0]38Z[0xffffffc0][0x19][0x1c][0xffffffcd][0xc][0xffffffc5][0x17][0x6][0x1c];[0xffffff83][0xffffffa3][0xffffffc9][0x14]<I[0xffffff89][0xffffff90]38l [0x19]J[0x4][0xffffff9c][0xffffffc1]![0xffffffe1][0xffffffac][0xffffffa6]D[0xfffffff0][0x19][0x1c][0xffffffae]<YJ[0xffffffe4][0xffffff9d][0xffffffc1][0xffffffe1][0xffffffaa][0xffffff95][0xffffffa3]D[0xffffffca][0x19][0x1c]Z[0xffffffbc][0x1b][0xffffff94]0[0xffffffc3][0xffffffd9][0xffffffed][0xffffffb8];F[0x9]|8[0xffffffbb][0x5][0xc]g7[0xffffffb3][0xffffffee]Z[0x18]pl8[0xffffffbb][0xffffffc9]~+I[0xffffff89][0xffffff90][0xffffffe1]l[0x1b]H[0xffffff86][0x12][0x1][0xffffffc3][0xffffffd9][0x12][0xffffffce]jJ[0x4][0xf]g[0xffffffbb][0xfffffff2]d)[0xffffff91]7[0xffffff9c][0xffffffed][0xffffffaa][0xffffff95][0xffffffa3]D[0xffffffca]p[0xffffffb6][0x16][0xffffffef][0x6]%[0xffffffcc][0xffffffda]e;[0xffffffe6][0xb][0xfffffffb][0xffffff81][0x3]_[0xffffffbb]l[0x1]k[0xffffff97][0xffffffcd]L[0xffffffb2][0x15][0x6][0x1c][[0xffffffbb]l2[0xffffffba]FR"d[0xffffffed][0xffffffd2][0x6][0xffffff92][0xffffffa1]D[0xffffffc0][0xffffffda][0xffffffa5][0xffffff84][0xffffffb3][0xffffff9a][0x12][0xffffffc1]k[0xffffff97][0xffffffae]<YJ[0xffffffe4][0xffffffad]][0xffffffba]j[0xffffffe5]([0xffffff91][0xffffffb2]v[0xffffffa9][0xffffffc5][0xffffffbb]A[0xffffff89][0xffffffd3]P[0xffffffa2]u[0xffffffec]d[0xffffffd0][0xffffffcf][0xfffffffb][0xffffff81])q[0x6]P[0xffffffe2][0xffffffd4][0xffffffbc][0x17][0x6][0xfffffffc][0xffffffc4](q&QB[0xffffffa3][0xffffffc8]P[0xffffffc2][0x5][0xffffff92][0xffffffa1][0xffffff84][0xffffffc6][0xffffffb2][0xffffff9e][0x12]k8[0xffffffab])[0xffffffb1]F4[0xffffff89][0x12][0xffffffa6]<YJ[0xffffffd8].e)a[0xffffffaa][0xffffff95][0xffffffa3][0xffffff84]4-E[0x9])[0xffffffde][\r]J[0xffffff98][0xffffffb5][0xffffffcb][0xffffffd6][0xffffffc6][0xffffffd3](J[0xffffffe0]k[0xffffff97]-`[0xffffffed][0xffffffb2][0xffffff99]I[0xffffffb6][0xffffffc2][0xffffff80]ck[0xffffff97]MF[0xffffffd7]HJ[0xffffff84][0xffffffac]][0xffffffda]@2[0xffffff94][0x8]X[0xffffffbb][0xffffff94]pVS"x[0xffffffed][0xffffffd2][0xffffff95]'K[0xffffff89][0xffffffbc][0xffffffb5]KW[0xffffffad][0x1c]%R[0xffffffd6].[0xffffffb5]x7([0xffffffe1]&[0xffffffaa][0xfffffffa]k[0xffffffbe](J[0xffffffe0][0x13]U-`[0xffffffa2][0xffffffaa][0xffffff99][0x1d][0xffffff95][0xffffffc2][0xffffff80]c[0x13]UM[0xffffff96]RHJ[0xffffff84]LT[0xffffffd9]@2[0xffffff94][0x8][0xffffff98][0xffffffa8][0xffffff92]pVS"x[0xffffffa2][0xffffffca][0xffffff95]'K[0xffffff89][0xffffffbc][0xffffff89]*W[0xffffffad][0x1c]%R&[0xffffffaa][0xffffffb4]x7([0xffffffe1]&[0xffffffaa][0xfffffffa][0xffffff98][0x17]E[0x9]|[0xffffffa2][0xffffffaa][0x5]LT5[0xffffffb3][0xffffffa3]R[0x18]pl[0xffffffa2][0xffffffaa][0xffffffc9]R[\n]"
08:17:55.182 [TestNG-PoolService-2] DEBUG org.apache.hc.client5.http.wire -- http-outgoing-5 << "[0x3][0xffffff8e][0xffffffad]][0xffffff9e]2[0xffffffba]FR"d[0xffffffed][0xffffffd2][0x6][0xffffff92][0xffffffa1]D[0xffffffc0][0xffffffda][0xffffffa5][0xffffff84][0xffffffb3][0xffffff9a][0x12][0xffffffc1]k[0xffffff97][0xffffffae]<YJ[0xffffffe4][0xffffffad]][0xffffffba]j[0xffffffe5]([0xffffff91][0xffffffb2]v[0xffffffa9][0xffffffc5][0xffffffbb]A[0x9]7Qu>[0xffffffdc]k[0xffffff97][0xfffffff8]D[0xffffffd5][0x19]0Qu[0xffffff9a][0x1d][0xffffff95][0xffffffc2][0xffffff80]c[0x13]U[0xffffffa7],[0xffffffa5][0xffffff90][0xffffff94][0x8][0xffffff99][0xffffffa8][0xffffffb2][0xffffff81]d([0x11]0Q%[0xffffffe1][0xffffffac][0xffffffa6]D[0xfffffff0]D[0xffffff95]+O[0xffffff96][0x12]y[0x13]U[0xffffffae]Z9J[0xffffffa4]LTi[0xfffffff1]nP[0xffffffc2]MT][0xffffffaf][0xffffffeb][0xffffffa2]([0xffffff81]OT[0xffffff9d][0x1][0x13]U[0xffffffa7][0xffffffd9]Q)[0xc]86Qu[0xffffffca]R[\n]"
08:17:55.183 [TestNG-PoolService-1] DEBUG org.apache.hc.client5.http.wire -- http-outgoing-3 << "I[0xffffff89][0xffffff90][0xffffff89]*[0x1b]H[0xffffff86][0x12][0x1][0x13]U[0x12][0xffffffce]jJ[0x4]OT[0xffffffb9][0xfffffff2]d)[0xffffff91]7Q[0xffffffe5][0xffffffaa][0xffffff95][0xffffffa3]D[0xffffffca]D[0xffffff95][0x16][0xffffffef][0xffffffef]S[0xffffffa2][0xffffffbb][0xffffff89][0xffffffaa]~[0xffffffde][0x7]D[0xffffff89][0xffffff8e]OT[0xfffffff5][0xffffff80][0xffffff89][0xffffffaa]nvT[0xffffffea][0x2][0xffffffde][0xffffffb1][0xffffff89][0xffffffaa].K) %L[0x14][0x11]J[0xffffffd8]@"[0xffffff94]0[0xffffffb1],[0xffffffa7][0xffffff84][0xffffff84][0xffffffb3][0xffffff98][0x12][0x12][0xffffffd1] J[0xffffffb8][0xfffffff2]D)[0xffffffe1][0xffffffbb][0x14][0xffffffa5][0xffffff84][0xffffffab]V[0xffffff8c][0x12][0xffffffda][0xffffffb4][0x10]%[0xffffffb4]x7([0xffffffe1]&[0xffffffaa][0xfffffffa][0xffffffd5][0xffffffa9][0x1f]8:>Q[0xffffffd5][0x3]&[0xffffffaa][0xffffffba][0xffffffd9]Q)[0xc]86Q[0xffffffd5]e)[0xffffff85][0xffffffa4]D[0xffffffc8]D[0xffffff95][\r]$C[0xffffff89][0xffffff80][0xffffff89]*[0x9]g5%[0xffffff82]'[0xffffffaa]\y[0xffffffb2][0xffffff94][0xffffffc8][0xffffff9b][0xffffffa8]r[0xffffffd5][0xffffffca]Q"e[0xffffffa2]J[0xffffff8b]w[0xffffff83][0x12]n[0xffffffa2][0xffffffaa]_7[0xfffffff5]1h[0xffffffc7]'[0xffffffaa]z[0xffffffc0]DU7;*[0xffffff85][0x1][0xffffffc7]&[0xffffffaa][0xffffffba],[0xffffffa5][0xffffff90][0xffffff94][0x8][0xffffff99][0xffffffa8][0xffffffb2][0xffffff81]d([0x11]0Q%[0xffffffe1][0xffffffac][0xffffffa6]D[0xfffffff0]D[0xffffff95]+O[0xffffff96][0x12]y[0x13]U[0xffffffae]Z9J[0xffffffa4]LTi[0xfffffff1]nP[0xffffffc2]MT[0xfffffff5][0xffffffbb]S[0xffffffef]Jt|[0xffffffa2][0xffffffaa][0x7]LTu[0xffffffb3][0xffffffa3]R[0x18]pl[0xffffffa2][0xffffffaa][0xffffffcb]R[\n]"
08:17:55.182 [TestNG-PoolService-3] DEBUG org.apache.hc.client5.http.wire -- http-outgoing-4 << "p[0xffffffe2]][0xffffffd3][0xffffff96]c[0xffffffe2]][0xfffffff1]nP[0xffffffa2]9J\[0xfffffff7]AQ[0xffffffa2][0xffffffe1][0xffffff94]h[0x1][0xffffff94]h[0xffffff9a][0xfffffff7][0xffffffc2][0xffffff80]7[0xffffff8c][0x12]-[0xffffff89][0x12][0x1a]E[0xffffff86][0x12].[0xffffff90][0xc]%4[0xffffff96][0xfffffff5][0xffffff94]X[0xffffffc3]YM[0xffffff89]5[0xffffffa2]I[0xffffff94]0[0xffffffe5][0xffffffc9]R[0xffffffc2]v)K[0x9]S[0xffffffad][0x1c]%[0xffffffa4]i)JH[0xfffffff1]nQB[0xffffffbf]5e)[0xffffff81]}j[0xfffffffa][0xffffffcb][0x1d][0xfffffff0][0xffffff94]@>4[0xfffffffd][0xffffffe5][0xffffffea][0x14]%[0x12]>3}[0x1b]E[0xffffff8a][0x12][0xfffffff8]G[0xffffffa6]ocIP[0x2][0xfffffffa][0xffffffc4][0xfffffff4]MD[0xffffffb3]([0xffffff91][0xfffffff2][0xffffff81][0xffffffe9][0x7f]u)M[0xffffff89][0xffffff84][0xffffffcf]K[0xffffffdf]5-G[0xffffff89]?[0xfffffff8][0xffffffb8][0xfffffff4][0xffffffc7][0xffffffdf][0xffffffe8][0xffffffee][0xffffffa9][0xffffffc4]30Jt[0xfffffffc][0xffffffa9]D[0xf]x*[0xffffffd1][0xffffff95][0xffffffce][0xffffff85][0x1][0xffffffef][0xffffffd8]S[0xffffff89][0xffffff9e][0xfffffff4]TB[0xffffffa3][0xffffffc8]P[0xffffffc2][0x5][0xffffff92][0xffffffa1][0xffffff84][0xffffffc6][0xffffffb2][0xffffff9e][0x12]k8[0xffffffab])[0xffffffb1]F4[0xffffff89][0x12][0xffffffa6]<YJ[0xffffffd8].e)a[0xffffffaa][0xffffff95][0xffffffa3][0xffffff84]4-E[0x9])[0xffffffde][\r]J[0xc]C[0xffffff89][0xffffffd9][0x6][0xfffffff6][0xffffffae][0xffffffc4][0xffffffc0])1[0x2](14[0xffffffef][0xffffff85][0x1][0x1f][0x18]%F[0x12]%4[0xffffff8a][0xc]%\ [0x19]Jh,[0xffffffeb])[0xffffffb1][0xffffff86][0xffffffb3][0xffffff9a][0x12]kD[0xffffff93](a[0xffffffca][0xffffff93][0xffffffa5][0xffffff84][0xffffffed]R[0xffffff96][0x12][0xffffffa6]Z9JH[0xffffffd3]R[0xffffff94][0xffffff90][0xffffffe2][0xffffffdd][0xffffffa0][0xffffffc4][0xffffffe9](1[0xffffffc6]EQ[0xffffffe2][0xffffffc4])q[0x6]P[0xffffffe2][0xffffffd4][0xffffffbc][0x17][0x6][0xfffffffc][0xffffffc4](q&QB[0xffffffa3][0xffffffc8]P[0xffffffc2][0x5][0xffffff92][0xffffffa1][0xffffff84][0xffffffc6][0xffffffb2][0xffffff9e][0x12]k8[0xffffffab])[0xffffffb1]F4[0xffffff89][0x12][0xffffffa6]<YJ[0xffffffd8].e)a[0xffffffaa][0xffffff95][0xffffffa3][0xffffff84]4-E[0x9])[0xffffffde][\r]J\[0xffffff8e][0x12]O[0xffffffbb])J\8%[0xffffffae][0x0]J\[0xffffff9a][0xfffffff7][0xffffffc2][0xffffff80]_[0x18]%[0xffffffae]$Jh[0x14][0x19]J[0xffffffb8]@2[0xffffff94][0xffffffd0]X[0xffffffd6]Sb[\r]g5%[0xffffffd6][0xffffff88]&Q[0xffffffc2][0xffffff94]'K[0x9][0xffffffdb][0xffffffa5],%L[0xffffffb5]r[0xffffff94][0xffffff90][0xffffffa6][0xffffffa5](![0xffffffc5][0xffffffbb]A[0xffffff89][0xffffffc7]Qb^[0xffffffd8][0xffffffbb][0x12][0xf]N[0xffffff89]'[0xffffff80][0x12][0xffffff8f][0xffffffe6][0xffffffbd]0[0xffffffe0][0xf]F[0xffffff89]'[0xffffff89][0x12][0x1a]E[0xffffff86][0x12].[0xffffff90][0xc]%4[0xffffff96][0xfffffff5][0xffffff94]X[0xffffffc3]YM[0xffffff89]5[0xffffffa2]I[0xffffff94]0[0xffffffe5][0xffffffc9]R[0xffffffc2]v)K[0x9]S[0xffffffad][0x1c]%[0xffffffa4]i)JH[0xfffffff1]nPb*%[0xfffffffa][0xffffffeb][0xfffffff5][0xffffffb5]j[0xffffff85]Pb[0xffffffe2][0xffffff94][0xffffff98][0x1][0xffffff94][0xffffff98][0xffffff9a][0xfffffff7][0xffffffc2][0xffffff80]O[0xffffff8c][0x12]3[0xffffff89][0x12][0x1a]E[0xffffff86][0x12].[0xffffff90][0xc]%4[0xffffff96][0xfffffff5][0xffffff94]X[0xffffffc3]YM[0xffffff89]5[0xffffffa2]I[0xffffff94]0[0xffffffe5][0xffffffc9]R[0xffffffc2]v)K[0x9]S[0xffffffad][0x1c]%[0xffffffa4]i)JH[0xfffffff1][0xfffffffe]>%[0xffffffae][0xffffff97][0xffffffa5][0xffffffc4][0xfffffff5]@[0xffffff94][0xfffffff8][0xffffffbc][0x1f][0xffffff96][0x12]_w[0x0]S[0xffffffe2][0xffffffdf]{@([0xfffffff1]uu[0xffffff84][0x12][0xffffffff]\9[0xffffff82][0x12]&[0xffffff8a][0x8]%l [0x11]J[0xffffff98]X[0xffffff96]SB[0xffffffc2]YL[0x9][0xffffff89]h[0x10]%\y[0xffffffa2][0xffffff94][0xfffffff0]][0xffffff8a]R[0xffffffc2]U+F[0x9]mZ[0xffffff88][0x12]Z[0xffffffbc][0x1b][0xffffff94]0k[0xffffff97][0xfffffffd][0xffffffd5]^[0x18]%[0xfffffff0][0xffffffb5][0xffffffcb]+`[0xffffffed][0xfffffff2]2[0xffffff93]l[0xffffff85][0x1][0xffffffc7][0xffffffd6]./[0x19]]#)[0x11][0xffffffb2]vi[0x3][0xffffffc9]P"`[0xffffffed]R[0xffffffc2]YM[0xffffff89][0xffffffe0][0xffffffb5]KW[0xffffff9e],%[0xfffffff2][0xffffffd6].][0xffffffb5]r[0xffffff94]HY[0xffffffbb][0xffffffd4][0xffffffe2][0xffffffdd][0xffffffa0][0xffffff84]Y[0xffffffbb][0xffffffec][0xffffffaf][0xfffffff3][0xffffffa1]^[0xffffffbb][0xffffffbc][0xfffffff0][0xffffffb5][0xffffffcb]+`[0xffffffed][0xfffffff2]2[0xffffff93]l[0xffffff85][0x1][0xffffffc7][0xffffffd6]./[0x19]]#)[0x11][0xffffffb2]vi[0x3][0xffffffc9]P"`[0xffffffed]R[0xffffffc2]YM[0xffffff89][0xffffffe0][0xffffffb5]KW[0xffffff9e],%[0xfffffff2][0xffffffd6].][0xffffffb5]r[0xffffff94]HY[0xffffffbb][0xffffffd4][0xffffffe2][0xffffffdd][0xffffffa0][0xffffff84][0xffffff99][0xffffffa8][0xffffffea][0xffffffaf][0xffffffe7][0xffffffa0]v%.|[0xffffffa2][0xffffffea][\n]"
08:17:55.183 [TestNG-PoolService-1] DEBUG org.apache.hc.client5.http.wire -- http-outgoing-3 << "I[0xffffff89][0xffffff90][0xffffff89]*[0x1b]H[0xffffff86][0x12][0x1][0x13]U[0x12][0xffffffce]jJ[0x4]OT[0xffffffb9][0xfffffff2]d)[0xffffff91]7Q[0xffffffe5][0xffffffaa][0xffffff95][0xffffffa3]D[0xffffffca]D[0xffffff95][0x16][0xffffffef][0x6]%[0xffffffdc]DU[0x7f]N[0xffffffec][0x7][0xe]|[0xffffffa2][0xffffffaa][0x7]LTu[0xffffffb3][0xffffffa3]R[0x18]pl[0xffffffa2][0xffffffaa][0xffffffcb]R[\n]"
08:17:55.183 [TestNG-PoolService-3] DEBUG org.apache.hc.client5.http.wire -- http-outgoing-4 << "[0xffffff98][0xffffffa8][0xffffffba][0xffffffcc][0xffffff8e]Ja[0xffffffc0][0xffffffb1][0xffffff89][0xffffffaa]K[0xffffff96]RHJ[0xffffff84]LT[0xffffffd9]@2[0xffffff94][0x8][0xffffff98][0xffffffa8][0xffffff92]pVS"x[0xffffffa2][0xffffffca][0xffffff95]'K[0xffffff89][0xffffffbc][0xffffff89]*W[0xffffffad][0x1c]%R&[0xffffffaa][0xffffffb4]x7(a&[0xffffffaa][0xfffffffa][0xffffffd1][0xffffffc6][0xffffff8b][0xffffffa2][0x4]>Qu[0x5]LT]fG[0xffffffa5]0[0xffffffe0][0xffffffd8]D[0xffffffd5]%K)$%B&[0xffffffaa]l [0x19]J[0x4]LTI8[0xffffffab])[0x11]<Q[0xffffffe5][0xffffffca][0xffffff93][0xffffffa5]D[0xffffffde]D[0xffffff95][0xffffffab]V[0xffffff8e][0x12])[0x13]UZ[0xffffffbc][0x1b][0xffffff94]0[0x13]U[0xfffffffd][0x18][0x3][0xfffffffb][0xffffff81][0x3][0xffffff9f][0xffffffa8][0xffffffba][0x2]&[0xffffffaa].[0xffffffb3][0xffffffa3]R[0x18]pl[0xffffffa2][0xffffffea][0xffffff92][0xffffffa5][0x14][0xffffff92][0x12]![0x13]U6[0xffffff90][0xc]%[0x2]&[0xffffffaa]$[0xffffff9c][0xffffffd5][0xffffff94][0x8][0xffffff9e][0xffffffa8]r[0xffffffe5][0xffffffc9]R"o[0xffffffa2][0xffffffca]U+G[0xffffff89][0xffffff94][0xffffff89]*-[0xffffffde][\r]J\[0xffffff8e][0x12][0xfffffff7][0xffffffc4][0xffffff9e]J\8%[0xffffffae][0x0]J\[0xffffff9a][0xfffffff7][0xffffffc2][0xffffff80]_[0x18]%[0xffffffae]$Jh[0x14][0x19]J[0xffffffb8]@2[0xffffff94][0xffffffd0]X[0xffffffd6]Sb[\r]g5%[0xffffffd6][0xffffff88]&Q[0xffffffc2][0xffffff94]'K[0x9][0xffffffdb][0xffffffa5],%L[0xffffffb5]r[0xffffff94][0xffffff90][0xffffffa6][0xffffffa5](![0xffffffc5][0xffffffbb]A[0xffffff89][0xffffffdb]P[0xffffffa2][0xffffffbd][0xffffffce]FQ[0xffffffe2][0xffffffc6])q[0x7]P[0xffffffe2][0xffffffd6][0xffffffbc][0x17][0x6][0xfffffffc][0xffffffc6](q'QB[0xffffffa3][0xffffffc8]P[0xffffffc2][0x5][0xffffff92][0xffffffa1][0xffffff84][0xffffffc6][0xffffffb2][0xffffff9e][0x12]k8[0xffffffab])[0xffffffb1]F4[0xffffff89][0x12][0xffffffa6]<YJ[0xffffffd8].e)a[0xffffffaa][0xffffff95][0xffffffa3][0xffffff84]4-E[0x9])[0xffffffde]-J[0xffffffb4]0J[0xffffffc0][0xffffff87][0xffffff8c][0x7f][0xffffffdd][0x1]O[0x9][0xfffffff0][0xffffff90][0xfffffff1][0xffffffaf][0xffffffab]S[0xffffff94][0xffffffc8]9d[0xffffffdc]D[0xffffff91][0xffffffa2]D[0xffffffc8]![0xffffffe3]&[0xffffff96][0x4]%[0xffffffd0]C[0xffffffc6]%[0xffffffa2]Y[0xffffff94][0xffffffc8]:d[0xffffffdc]w)M[0xffffff89][0xffffff9c]C[0xffffffc6][0xffffffb5]i9J[0xfffffffc][0xfffffff1]![0xffffffe3][0xffffff97][0x19][0xffffffce][0xffffffee][0xffffffed]:[0xffffffb0]][0x9]|8[0xfffffffb][\n]"
08:17:55.183 [TestNG-PoolService-2] DEBUG org.apache.hc.client5.http.wire -- http-outgoing-5 << "I[0xffffff89][0xffffff90][0xffffff89]*[0x1b]H[0xffffff86][0x12][0x1][0x13]U[0x12][0xffffffce]jJ[0x4]OT[0xffffffb9][0xfffffff2]d)[0xffffff91]7Q[0xffffffe5][0xffffffaa][0xffffff95][0xffffffa3]D[0xffffffca]D[0xffffff95][0x16][0xffffffef][0x6]%[0xffffffdc]D[0xffffffd5]5n[0xffffffec][0xffffffa9][0x4]>Qu[0x6]LT[0xffffff9d]fG[0xffffffa5]0[0xffffffe0][0xffffffd8]D[0xffffffd5])K)$%B&[0xffffffaa]l [0x19]J[0x4]LTI8[0xffffffab])[0x11]<Q[0xffffffe5][0xffffffca][0xffffff93][0xffffffa5]D[0xffffffde]D[0xffffff95][0xffffffab]V[0xffffff8e][0x12])[0x13]UZ[0xffffffbc][[0xffffff94]ha[0xffffff94][0xffffff80][0xffffff8f][0xfffffff3][0xfffffffa][0xffffffba][0x3][0xffffff9e][0x12][0xffffffe0]q^_W[0xffffffa7]([0xffffff91]s[0xffffff9c][0xffffff97][0xffffff89]"E[0xffffff89][0xffffff90][0xffffffe3][0xffffffbc]L,[0x9]J[0xffffffa0][0xffffffc7]yID[0xffffffb3]([0xffffff91]u[0xffffff9c][0xffffff97][0xffffffef]R[0xffffff9a][0x12]9[0xffffffc7]yi[0xffffffd3]r[0xffffff94][0xfffffff8][0xffffffe3][0xffffffe3][0xffffffbc].7Qu[0xffffffbf][0xffffff9e][0x6]Q[0xffffffe2][0xffffffc2]'[0xffffffaa][0xffffffae][0xffffff80][0xffffff89][0xffffffaa][0xffffffcb][0xffffffec][0xffffffa8][0xffffffd4][0x5][0xfffffffc][0xffffffc2]&[0xffffffaa].YJ[0x1])a[0xffffffa2][0xffffff88]P[0xffffffc2][0x6][0x12][0xffffffa1][0xffffff84][0xffffff89]e9%$[0xffffff9c][0xffffffc5][0xffffff94][0xffffff90][0xffffff88][0x6]Q[0xffffffc2][0xffffff95]'J[0x9][0xffffffdf][0xffffffa5](%\[0xffffffb5]b[0xffffff94][0xffffffd0][0xffffffa6][0xffffff85]([0xffffffa1][0xffffffc5][0xffffffbb]A[0xffffff89][0xffffffc3]Q[0xffffffa2][0xffffffdd][0xffffffd4][0xffffffc9][0xffffffa0][0xffffff9f][0xfffffff7][0x3]S[0xffffffe2][0x8][0xffffffa0][0xffffffc4][0xffffffa1]y/[0xc][0xfffffff8][0xffffff81]Q[0xffffffe2]H[0xffffffa2][0xffffff84]F[0xffffff91][0xffffffa1][0xffffff84][0xb]$C[0x9][0xffffff8d]e=%[0xffffffd6]pVSb[0xffffff8d]h[0x12]%Ly[0xffffffb2][0xffffff94][0xffffffb0]][0xffffffca]R[0xffffffc2]T+G[0x9]iZ[0xffffff8a][0x12]R[0xffffffbc][0x1b][0xffffff94]pk[0xffffff97][0xfffffff7]5[0xffffffb1][0xffffffa7][0x12][0xfffffff8][0xffffffda][0xffffffe5][0x15][0xffffffb0]vy[0xffffff99]I[0xffffffb6][0xffffffc2][0xffffff80]ck[0xffffff97][0xffffff97][0xffffff8c][0xffffffae][0xffffff91][0xffffff94][0x8]Y[0xffffffbb][0xffffffb4][0xffffff81]d([0x11][0xffffffb0]v)[0xffffffe1][0xffffffac][0xffffffa6]D[0xfffffff0][0xffffffda][0xffffffa5]+O[0xffffff96][0x12]yk[0xffffff97][0xffffffae]Z9J[0xffffffa4][0xffffffac]]j[0xfffffff1]nP[0xffffffc2][0xffffffad]][0xffffffde][0xffffffcf][0xffffff83]=[0xffffff95][0xffffffc0][0xffffffd7].[0xffffffaf][0xffffff80][0xffffffb5][0xffffffcb][0xffffffcb]L[0xffffffb2][0x15][0x6][0x1c][[0xffffffbb][0xffffffbc]dt[0xffffff8d][0xffffffa4]D[0xffffffc8][0xffffffda][0xffffffa5][\r]$C[0xffffff89][0xffffff80][0xffffffb5]K[0x9]g5%[0xffffff82][0xffffffd7].]y[0xffffffb2][0xffffff94][0xffffffc8][[0xffffffbb]t[0xffffffd5][0xffffffca]Q"e[0xffffffed]R[0xffffff8b]w[0xffffff83][0x12][0xffffffc3]P[0xffffffe2]i7[0xfffffff5]1[0xffffffe8][0xffffffe7][0xfffffffd][0xffffffc0][0xffffff94][0x18][0x1][0xffffff94][0x18][0xffffff9a][0xfffffff7][0xffffffc2][0xffffff80][0xf][0xffffff8c][0x12]#[0xffffff89][0x12][0x1a]E[0xffffff86][0x12].[0xffffff90][0xc]%4[0xffffff96][0xfffffff5][0xffffff94]X[0xffffffc3]YM[0xffffff89]5[0xffffffa2]I[0xffffff94]0[0xffffffe5][0xffffffc9]R[0xffffffc2]v)K[0x9]S[0xffffffad][0x1c]%[0xffffffa4]i)JH[0xfffffff1]nP[0xffffffc2]MT=[0xffffff9d][0xfffffffb][0xffffff81][0x3][0xffffff9f][0xffffffa8][0xffffffba][0x2]&[0xffffffaa].[0xffffffb3][0xffffffa3]R[0x18]pl[0xffffffa2][0xffffffea][0xffffff92][0xffffffa5][0x14][0xffffff92][0x12]![0x13]U6[0xffffff90][0xc]%[0x2]&[0xffffffaa]$[0xffffff9c][0xffffffd5][0xffffff94][0x8][0xffffff9e][0xffffffa8]r[0xffffffe5][0xffffffc9]R"o[0xffffffa2][0xffffffca]U+G[0xffffff89][0xffffff94][0xffffff89]*-[0xffffffde][\r]J[0xffffffb8][0xffffff89][0xffffffaa]gt[0xffffffec][0x7][0xe]|[0xffffffa2][0xffffffea][\n]"
08:17:55.183 [TestNG-PoolService-1] DEBUG org.apache.hc.client5.http.wire -- http-outgoing-3 << "I[0xffffff89][0xffffff90][0xffffff89]*[0x1b]H[0xffffff86][0x12][0x1][0x13]U[0x12][0xffffffce]jJ[0x4]OT[0xffffffb9][0xfffffff2]d)[0xffffff91]7Q[0xffffffe5][0xffffffaa][0xffffff95][0xffffffa3]D[0xffffffca]D[0xffffff95][0x16][0xffffffef][0x6]%NC[0xffffff89][0xffffff8f][0x7f]cO%N[0xffffff9c][0x12]g[0x0]%N[0xffffffcd]{a[0xffffffc0]O[0xffffff8c][0x12]g[0x12]%4[0xffffff8a][0xc]%\ [0x19]Jh,[0xffffffeb])[0xffffffb1][0xffffff86][0xffffffb3][0xffffff9a][0x12]kD[0xffffff93](a[0xffffffca][0xffffff93][0xffffffa5][0xffffff84][0xffffffed]R[0xffffff96][0x12][0xffffffa6]Z9JH[0xffffffd3]R[0xffffff94][0xffffff90][0xffffffe2][0xffffffdd][0xffffffa0][0xffffff84][0xffffff9b][0xffffffa8][0x1a]c`_p[0xffffffe0][0x13]U=`[0xffffffa2][0xffffffaa][0xffffff9b][0x1d][0xffffff95][0xffffffc2][0xffffff80]c[0x13]U][0xffffff96]RHJ[0xffffff84]LT[0xffffffd9]@2[0xffffff94][0x8][0xffffff98][0xffffffa8][0xffffff92]pVS"x[0xffffffa2][0xffffffca][0xffffff95]'K[0xffffff89][0xffffffbc][0xffffff89]*W[0xffffffad][0x1c]%R&[0xffffffaa][0xffffffb4]x7(q;J[0xffffffcc]cP[0xffffff94][0xffffffb8]qJ[0xffffffdc][0x1][0xffffff94][0xffffffb8]5[0xffffffef][0xffffff85][0x1][0xffffffbf]1J[0xffffffdc]I[0xffffff94][0xffffffd0](2[0xffffff94]p[0xffffff81]d([0xffffffa1][0xffffffb1][0xffffffac][0xffffffa7][0xffffffc4][0x1a][0xffffffce]jJ[0xffffffac][0x11]M[0xffffffa2][0xffffff84])O[0xffffff96][0x12][0xffffffb6]KYJ[0xffffff98]j[0xffffffe5](!MKQB[0xffffff8a]w[0xffffff83][0x12]n[0xffffffed][0xfffffff2]<^[0x18]%[0xfffffff0][0xffffffb5][0xffffffcb][0x1e][0xffffffb0]v[0xffffffd9][0xffffffcd]$[a[0xffffffc0][0xffffffb1][0xffffffb5][0xffffffcb].[0xffffffa3]k$%B[0xffffffd6].m [0x19]J[0x4][0xffffffac]]J8[0xffffffab])[0x11][0xffffffbc]v[0xffffffe9][0xffffffca][0xffffff93][0xffffffa5]D[0xffffffde][0xffffffda][0xffffffa5][0xffffffab]V[0xffffff8e][0x12])k[0xffffff97]Z[0xffffffbc][0x1b][0xffffff94]pk[0xffffff97][0xffffffe7][0xfffffff9][0xffffffc2][0xffffffde][0xffffff95][0xffffffc0][0xffffffd7].{[0xffffffc0][0xffffffda]e7[0xffffff93]l[0xffffff85][0x1][0xffffffc7][0xffffffd6].[0xffffffbb][0xffffff8c][0xffffffae][0xffffff91][0xffffff94][0x8]Y[0xffffffbb][0xffffffb4][0xffffff81]d([0x11][0xffffffb0]v)[0xffffffe1][0xffffffac][0xffffffa6]D[0xfffffff0][0xffffffda][0xffffffa5]+O[0xffffff96][0x12]yk[0xffffff97][0xffffffae]Z9J[0xffffffa4][0xffffffac]]j[0xfffffff1][0xfffffffe]>%[0xffffff86][[0xffffffbb]<[0xffffffaf][0xfffffff9]@[0xffffff94][0x18][0xfffffff8][0xffffffda][0xffffffe5][0x8]X[0xffffffbb][0x1c]f[0xffffff92][0xffffffad].[0xffffffe0][0x3][[0xffffffbb][0x1c]2[0xffffffba][0x6]R[0xffffffc2]D[0x11][0xffffffa1][0xffffff84][\r]$B[0x9][0x13][0xffffffcb]rJH8[0xffffff8b])![0x11][\r][0xffffffa2][0xffffff84]+O[0xffffff94][0x12][0xffffffbe]KQJ[0xffffffb8]j[0xffffffc5]([0xffffffa1]M[0xb]QB[0xffffff8b]w[0xffffff83][0x12][0xffffffc7][0xffffffff]5[0xffffffa1][0xffffffc4][0xfffffff5][0xffffffba][0xffffffa8]C[0xffffffc6]?[0xffffffef][0x7][0xffffffa6][0xffffffc4][0xffffffe7][0x1d][0xffffffd0][0xffffff94][0xfffffff8][0xffffffe7][0x1e][0x18]J|^[0xffffff9d][0xffffffa1][0xffffffc4][0xffffff8f]+gPB[0xffffffa3][0xffffffc8]P[0xffffffc2][0x5][0xffffff92][0xffffffa1][0xffffff84][0xffffffc6][0xffffffb2][0xffffff9e][0x12]k8[0xffffffab])[0xffffffb1]F4[0xffffff89][0x12][0xffffffa6]<YJ[0xffffffd8].e)a[0xffffffaa][0xffffff95][0xffffffa3][0xffffff84]4-E[0x9])[0xffffffde][\r]J[0xffffffb8][0xffffffb5][0xffffffcb][0xffffffab]=[0xffffffd4][0x17][0x1c][0x3]_[0xffffffbb][0x1c][0x1]k[0xffffff97][0xffffffc3]L[0xffffffb2][0x15][0x6][0x1c][[0xffffffbb][0x1c]2[0xffffffba]FR"d[0xffffffed][0xffffffd2][0x6][0xffffff92][0xffffffa1]D[0xffffffc0][0xffffffda][0xffffffa5][0xffffff84][0xffffffb3][0xffffff9a][0x12][0xffffffc1]k[0xffffff97][0xffffffae]<YJ[0xffffffe4][0xffffffad]][0xffffffba]j[0xffffffe5]([0xffffff91][0xffffffb2]v[0xffffffa9][0xffffffc5][0xffffffbb]A[0x9][0xffffffb7]vy]'[0xfffffff6]T[0x2]_[0xffffffbb][0x1c][0x1]k[0xffffff97][0xffffffc3]L[0xffffffb2][0x15][0x6][0x1c][[0xffffffbb][0x1c]2[0xffffffba]FR"d[0xffffffed][0xffffffd2][0x6][0xffffff92][0xffffffa1]D[0xffffffc0][0xffffffda][0xffffffa5][0xffffff84][0xffffffb3][0xffffff9a][0x12][0xffffffc1]k[0xffffff97][0xffffffae]<YJ[0xffffffe4][0xffffffad]][0xffffffba]j[0xffffffe5]([0xffffff91][0xffffffb2]v[0xffffffa9][0xffffffc5][0xffffffbb]A[0x9][0xffffffb7]vy[0xffffffdd][0xffffff9d]:[0xffffff83]c[0xffffffe0]k[0xffffff97]#`[0xffffffed]r[0xffffff98]I[0xffffffb6][0xffffffc2][0xffffff80]ck[0xffffff97]CF[0xffffffd7]HJ[0xffffff84][0xffffffac]][0xffffffda]@2[0xffffff94][0x8]X[0xffffffbb][0xffffff94]pVS"x[0xffffffed][0xffffffd2][0xffffff95]'K[0xffffff89][0xffffffbc][0xffffffb5]KW[0xffffffad][0x1c]%R[0xffffffd6].[0xffffffb5]x7(qZJ<[0xffffff83][0xffffffa2][0xffffffc4][0xffffff89]S[0xffffffe2][0xc][0xffffffa0][0xffffffc4][0xffffffa9]y/[0xc][0xfffffff8][0xffffff89]Q[0xffffffe2]L[0xffffffa2][0xffffff84]F[0xffffff91][0xffffffa1][0xffffff84][0xb]$C[0x9][0xffffff8d]e=%[0xffffffd6]pVSb[0xffffff8d]h[0x12]%Ly[0xffffffb2][0xffffff94][0xffffffb0]][0xffffffca]R[0xffffffc2]T+G[0x9]iZ[0xffffff8a][0x12]R[0xffffffbc][0x1b][0xffffff94]pk[0xffffff97][0xffffffd7][0xfffffff3][0xfffffff5][0xffffffcf][0xb][0xffffffa1][0x4][0xffffffbe]v9[0x2][0xffffffd6].[0xffffff87][0xffffff99]d+[0xc]8[0xffffffb6]v9dt[0xffffff8d][0xffffffa4]D[0xffffffc8][0xffffffda][0xffffffa5][\r]$C[0xffffff89][0xffffff80][0xffffffb5]K[0x9]g5%[0xffffff82][0xffffffd7].]y[0xffffffb2][0xffffff94][0xffffffc8][[0xffffffbb]t[0xffffffd5][0xffffffca]Q"e[0xffffffed]R[0xffffff8b]w[0xffffff83][0x12]n[0xffffffed][0xfffffff2][0xffffff9a]/[0xffffff8c][0x12][0xfffffff8][0xffffffda][0xffffffe5][0x8]X[0xffffffbb][0x1c]f[0xffffff92][0xffffffad]0[0xffffffe0][0xffffffd8][0xffffffda][0xffffffe5][0xffffff90][0xffffffd1]5[0xffffff92][0x12]!k[0xffffff97]6[0xffffff90][0xc]%[0x2][0xffffffd6].%[0xffffff9c][0xffffffd5][0xffffff94][0x8]^[0xffffffbb]t[0xffffffe5][0xffffffc9]R"o[0xffffffed][0xffffffd2]U+G[0xffffff89][0xffffff94][0xffffffb5]K-[0xffffffde][\r]J[0xffffffb8][0xffffffb5][0xffffffcb][0xfffffffb][0xfffffff5]`[0xffffffbb][0x12][0xfffffff8][0xffffffda][0xffffffe5][0x8]X[0xffffffbb][0x1c]f[0xffffff92][0xffffffad]0[0xffffffe0][0xffffffd8][0xffffffda][0xffffffe5][0xffffff90][0xffffffd1]5[0xffffff92][0x12]!k[0xffffff97]6[0xffffff90][0xc]%[0x2][0xffffffd6].%[0xffffff9c][0xffffffd5][0xffffff94][0x8]^[0xffffffbb]t[0xffffffe5][0xffffffc9]R"o[0xffffffed][0xffffffd2]U+G[0xffffff89][0xffffff94][0xffffffb5]K-[0xffffffde][\r]J[0xffffffb8][0xffffffb5][0xffffffcb][0xffffffbb]][0xffffffd8]S[0x9]|[0xffffffed]r[0x4][0xffffffac]][0xe]3[0xffffffc9]V[0x18]pl[0xffffffed]r[0xffffffc8][0xffffffe8][0x1a]I[0xffffff89][0xffffff90][0xffffffb5]K[0x1b]H[0xffffff86][0x12][0x1]k[0xffffff97][0x12][0xffffffce]jJ[0x4][0xffffffaf]][0xffffffba][0xfffffff2]d)[0xffffff91][0xffffffb7]v[0xffffffe9][0xffffffaa][0xffffff95][0xffffffa3]D[0xffffffca][0xffffffda][0xffffffa5][0x16][0xffffffef][0x16]%z[0x18]%:N[0xffffff89][0x1e]@[0xffffff89][0xffffff8e]R[0xffffffa2]c[0xffffff94][0xffffffe8]I[0xffffff94]X[0xffffffa3]HQB[0x3]IQb[0xffffff8d]%A[0xffffff89][0xe]S[0xffffffa2][0x7]SB[0xffffffca][0xffffff93][0xffffffa6][0xffffff84][0xffffffe9]R[0xffffff9a][0x12]R[0xffffffad]$%z[\n]"
08:17:55.184 [TestNG-PoolService-1] DEBUG org.apache.hc.client5.http.wire -- http-outgoing-3 << "%[0xfffffffa]_[0xffffffa0][0xffffffc4][0x19]F[0xffffff89][0x13][0xffffffa7][0xffffffc4][0x19]@[0xffffff89][0x13][0xffffffa5][0xffffffc4][0xffffff89]Q[0xffffffe2]L[0xffffffa2][0xffffffc4][0x1a]E[0xffffff8a][0x12][0x1a]H[0xffffff8a][0x12]k,[0x9]J[0xffffff9c]0%[0xffffffce]`JHy[0xffffffd2][0xffffff94]0]JSB[0xffffffaa][0xffffff95][0xffffffa4][0xffffffc4][0xffffff99]B[0xffffff89][0xfffffff3]/P[0xffffffe2][0xffffffb8][0xffffffc3],q[0xffffffdc]8&>n[0xffffff81][0xffffffd7][0xffffffc4][0xffffff8f][0xffffff9b][0xffffffa0]8[0xfffffff1]qy[0xffffffca][0x13][0xffffffdf][0xffffff97]N[0x1][0xffffff85][0xffffffe4][0xffffff91][0x12][0xffffff85]I%E[\n]"
08:17:55.184 [TestNG-PoolService-1] DEBUG org.apache.hc.client5.http.wire -- http-outgoing-3 << "[0xffffffc9]&a[0xffffff8a]%[0xffffffa1][0xfffffff5][0xffffffa8]Xr[0xffffff9a][0xffffffa5][\n]"
08:17:55.184 [TestNG-PoolService-2] DEBUG org.apache.hc.client5.http.wire -- http-outgoing-5 << "[0xffffff98][0xffffffa8][0xffffffba][0xffffffcc][0xffffff8e]Ja[0xffffffc0][0xffffffb1][0xffffff89][0xffffffaa]K[0xffffff96]RHJ[0xffffff84]LT[0xffffffd9]@2[0xffffff94][0x8][0xffffff98][0xffffffa8][0xffffff92]pVS"x[0xffffffa2][0xffffffca][0xffffff95]'K[0xffffff89][0xffffffbc][0xffffff89]*W[0xffffffad][0x1c]%R&[0xffffffaa][0xffffffb4]x7([0xffffffe1]&[0xffffffaa][0xffffff9e]1[0xf][0xffffff8a][0x12][0xfffffff8]D[0xffffffd5][0x15]0Qu[0xffffff99][0x1d][0xffffff95][0xffffffc2][0xffffff80]c[0x13]U[0xffffff97],[0xffffffa5][0xffffff90][0xffffff94][0x8][0xffffff99][0xffffffa8][0xffffffb2][0xffffff81]d([0x11]0Q%[0xffffffe1][0xffffffac][0xffffffa6]D[0xfffffff0]D[0xffffff95]+O[0xffffff96][0x12]y[0x13]U[0xffffffae]Z9J[0xffffffa4]LTi[0xfffffff1][0xfffffffe]>%n[0xffffffb7]+[0xfffffff1]<[0xffffff9d][0xffffffa2][0xffffffc4][0xffffff8d][0xffffffef]J[0xffffffdc][0x1][0xffffffbb][0x12][0xffffffb7][0xfffffff9][0xfffffff8][0xffffffb9].[0xffffffe0]7[0xffffffb6]+q[0xffffffcb][0xffffffe7][0xffffffcd] %L[0x14][0x11]J[0xffffffd8]@"[0xffffff94]0[0xffffffb1],[0xffffffa7][0xffffff84][0xffffff84][0xffffffb3][0xffffff98][0x12][0x12][0xffffffd1] J[0xffffffb8][0xfffffff2]D)[0xffffffe1][0xffffffbb][0x14][0xffffffa5][0xffffff84][0xffffffab]V[0xffffff8c][0x12][0xffffffda][0xffffffb4][0x10]%[0xffffffb4]x[0xffffffb7]([0xffffffd1][0xffffffc2]([0x1][0xffffffaf]]~[0xffffffdd][0x1]O[0x9]p[0xffffffed][0xfffffff2][0xffffffeb][0xffffffea][0x14]%r[0xffffffd6].M[0x14])J[0xffffff84][0xffffffac]][0xffffff9a]X[0x12][0xffffff94]@[0xffffffd7].%[0xffffffa2]Y[0xffffff94][0xffffffc8]Z[0xffffffbb][0xfffffff4]]JS"g[0xffffffed]R[0xffffff9b][0xffffff96][0xffffffa3][0xffffffc4][0x1f][0xffffffaf]][0xffffffde][0xffffff87][0xffffffa3][0xffffffc4][0xffffffbc][0x1e][0xffffff8a][0x12][0x7]N[0xffffff89]#[0xffffff80][0x12][0xffffff87][0xffffffe6][0xffffffbd]0[0xffffffe0][0x7]F[0xffffff89]#[0xffffff89][0x12][0x1a]E[0xffffff86][0x12].[0xffffff90][0xc]%4[0xffffff96][0xfffffff5][0xffffff94]X[0xffffffc3]YM[0xffffff89]5[0xffffffa2]I[0xffffff94]0[0xffffffe5][0xffffffc9]R[0xffffffc2]v)K[0x9]S[0xffffffad][0x1c]%[0xffffffa4]i)JH[0xfffffff1]nPb[0xffffff98][0x1f]8[0xffffffe6]st[0xffffff8a][0x12][0x3][0xffffffff][0xffffff81]c[0x4][0xfffffffc][0xffffffc0]1[0xfffffff4])\a[0xffffffc0][0x7][0xfffffff6][0x3][0xffffffc7]H[0xfffffffa][0xffffff81]C[0xffffffa3][0xffffffc8]P[0xffffffc2][0x5][0xffffff92][0xffffffa1][0xffffff84][0xffffffc6][0xffffffb2][0xffffff9e][0x12]k8[0xffffffab])[0xffffffb1]F4[0xffffff89][0x12][0xffffffa6]<YJ[0xffffffd8].e)a[0xffffffaa][0xffffff95][0xffffffa3][0xffffff84]4-E[0x9])[0xffffffde]-J[0xfffffff4]0Jt[0xffffff9c][0x12]=[0xffffff80][0x12][0x1d][0xffffffa5]D[0xffffffc7]([0xffffffd1][0xffffff93]([0xffffffb1]F[0xffffff91][0xffffffa2][0xffffff84][0x6][0xffffff92][0xffffffa2][0xffffffc4][0x1a]K[0xffffff82][0x12][0x1d][0xffffffa6]D[0xf][0xffffffa6][0xffffff84][0xffffff94]'M[0x9][0xffffffd3][0xffffffa5]4%[0xffffffa4]ZIJ[0xfffffff4][0x14]J[0xfffffff4]?[0xffffffa6][0xffffffc4][0xffffffa9]O%[0xffffff8e][0xffffffd7][0xffffff81][0xffffffad]]~[0xffffffde][0xf]L[0xffffff89]3[0xffffffe0][0xffffffa9][0xffffffc4][0xffffffa9]t.[0xc][0xfffffff8][0xffffff89]=[0xffffff95]8[0xffffff93][0xffffff9e]Jh[0x14][0x19]J[0xffffffb8]@2[0xffffff94][0xffffffd0]X[0xffffffd6]Sb[\r]g5%[0xffffffd6][0xffffff88]&Q[0xffffffc2][0xffffff94]'K[0x9][0xffffffdb][0xffffffa5],%L[0xffffffb5]r[0xffffff94][0xffffff90][0xffffffa6][0xffffffa5](![0xffffffc5][0xffffffbb]A[0x9]3Qu[0xffffffbc][0xffffffae][0xffffff9b][0xffffff9a][0xffffffa8][0xffffffba][0xfffffff1][0xffffff89][0xffffffaa];`[0xffffffa2][0xffffffea]6;*[0xffffff85][0x1][0xffffffc7]&[0xffffffaa]nYJ!)[0x11]2Qe[0x3][0xffffffc9]P"`[0xffffffa2]J[0xffffffc2]YM[0xffffff89][0xffffffe0][0xffffff89]*W[0xffffff9e],%[0xfffffff2]&[0xffffffaa]\[0xffffffb5]r[0xffffff94]H[0xffffff99][0xffffffa8][0xffffffd2][0xffffffe2][0xffffffdd][0xffffffa0][0xffffff84][0xffffff99][0xffffffa8]:^[0xf][0xffffffb6]+q[0xffffffe3][0x13]Uw[0xffffffc0]D[0xffffffd5]mvT[\n]"
08:17:55.184 [TestNG-PoolService-1] DEBUG org.apache.hc.client5.http.wire -- http-outgoing-3 << "[0xffffffad]Q[0xffffff9a][0x15][0xffffffae]UiWh[0xffffffc9][0xffffff92][0xffffffb0]X;[0xffffff97][0xffffff93][0xffffffc5]Z[0xffffffc1][[0xffffffb4]hO[0x18]-[0xffffffda][0xffffff83][0xffffffd3][0xffffffe2][0xffffffe3][0x16]xZ[0xfffffffc][0xffffffb8][0x9][0xffffff8a][0x16][0x1f][0xffffff97][0xffffffa7]h[0xfffffff1]}[0xffffffe9][0x14]ZH[0x1e])Z[0xffffff98]TR[0xffffffb4][0xffffff90]l[0x12][0xffffffb4]X[0x12]ZO[0xffffff8b]%[0xffffffa7]Y[0xffffffb4][0xffffffd0][0x1a][0xffffffa5]i[0xffffffe1]Z[0xffffff95][0xffffffa6][0xffffff85][0xffffff96],I[0xffffff8b][0xffffffb5]s9Z[0xffffffac][0x15][0xffffffbc]E[0xffffff8b]q[0xffffff84][0xffffffd1]b[0x1c]8->n[0xffffff81][0xffffffa7][0xffffffc5][0xffffff8f][0xffffff9b][0xffffffa0]h[0xfffffff1]qy[0xffffff8a][0x16][0xffffffdf][0xffffff97]N[0xffffffa1][0xffffff85][0xffffffe4][0xffffff91][0xffffffa2][0xffffff85]I%E[0xb][0xffffffc9]&A[0xffffff8b]%[0xffffffa1][0xfffffff5][0xffffffb4]Xr[0xffffff9a]E[0xb][0xffffffad]Q[0xffffff9a][0x16][0xffffffae]UiZh[0xffffffc9][0xffffff92][0xffffffb4]X;[0xffffff97][0xffffffa3][0xffffffc5]Z[0xffffffc1]{[0xffffffb4]hi[0xffffffb4][0xffffffa0][0xffffffcf][0x12][0xfffffffd][0xffffffba][0xffffff85][0x0]Z[0xffffff90][0xffffffa7][0xffffff89]~][0x1e][0xffffffa3]E[0xffffffd0]y[0xffffffa2]&[0xffffff8f][0x18]-RN[0x14]5[0xffffffd9]Dh[0xffffffc1][0xffffff9e])*9[\r][0xffffffa3]E[0xffffffd8][0xffffffa9][0xffffffa2][0xffffffbe]UqZ[0x4][0xffffff9d]+[0xffffffaa][0xffffff9d][0xb][0xffffffd2][0xffffffe2][0xffffffcf]O[0x16][0xffffff9d][0xffffffff][0xfffffff7]5[0xffffffb2]"
08:17:55.184 [TestNG-PoolService-3] DEBUG org.apache.hc.client5.http.wire -- http-outgoing-4 << "[0x18][0xffffffce][0xffffffbe][0xffffffcc][0xffffffba]ka[0xffffffc0][0xffffffb1][0xffffffe1][0xffffffec]K[0xfffffff6][IJ[0xffffff84][0xc]g[0xffffffdb]@2[0xffffff94][0x8][0x18][0xffffffce][0xffffff96]pVS"x8[0xffffffdb][0xffffff95]'K[0xffffff89][0xffffffbc][0xffffffe1]lW[0xffffffad][0x1c]%R[0xffffff86][0xffffffb3][0xffffffb5]x7([0xffffffe1][0xffffff86][0xffffffb3][0xfffffffb][0xffffff8b][0xfffffffb][0xffffff82][0x3][0x1f][0xffffffce][0xffffffbe][0x2][0xffffff86][0xffffffb3]/[0xffffffb3][0xffffffee]Z[0x18]pl8[0xfffffffb][0xffffff92][0xfffffffd]V[0xffffff92][0x12]![0xffffffc3][0xffffffd9]6[0xffffff90][0xc]%[0x2][0xffffff86][0xffffffb3]%[0xffffff9c][0xffffffd5][0xffffff94][0x8][0x1e][0xffffffce]v[0xffffffe5][0xffffffc9]R"o8[0xffffffdb]U+G[0xffffff89][0xffffff94][0xffffffe1]l-[0xffffffde][0xffffffdf][0xffffffa7][0xffffffc4][0xffffffed][0xffffff86][0xffffffb3][0xfffffffb][0xffffffd1][0xffffffa8]][0xffffff89][0x1b][0x1f][0xffffffce][0xffffffbe][0x3][0xffffff86][0xffffffb3]o[0xffffffb3][0xffffffee]Z[0x17][0xfffffff0][0x1b][0x1b][0xffffffce][0xffffffbe]e[0xffffffbf][0x15][0xffffffa4][0xffffff84][0xffffff89]"B[0x9][0x1b]H[0xffffff84][0x12]&[0xffffff96][0xffffffe5][0xffffff94][0xffffff90]p[0x16]SB"[0x1a]D[0x9]W[0xffffff9e](%|[0xffffff97][0xffffffa2][0xffffff94]p[0xffffffd5][0xffffff8a]QB[0xffffff9b][0x16][0xffffffa2][0xffffff84][0x16][0xffffffef][0x6]%[0xffffffdc][0xffffffda]eo[0xffffff83]zW[0xffffffe2][0xffffffc6][0xffffffd7].[0xffffffef][0xffffff80][0xffffffb5][0xffffffcb][0xffffffdb]L[0xffffffb2][0x15][0x6][0x1c][[0xffffffbb][0xffffffbc]et[0xffffff8d][0xffffffa4]D[0xffffffc8][0xffffffda][0xffffffa5][\r]$C[0xffffff89][0xffffff80][0xffffffb5]K[0x9]g5%[0xffffff82][0xffffffd7].]y[0xffffffb2][0xffffff94][0xffffffc8][[0xffffffbb]t[0xffffffd5][0xffffffca]Q"e[0xffffffed]R[0xffffff8b]w[0xffffff83][0x12]n[0xffffffed][0xffffffb2][0xfffffff7][0xffffffe3][0xffffffa2]([0xffffff81][0xffffffaf]][0xffffffde][0x1]k[0xffffff97][0xffffffb7][0xffffff99]d+[0xc]8[0xffffffb6]vy[0xffffffcb][0xffffffe8][0x1a]I[0xffffff89][0xffffff90][0xffffffb5]K[0x1b]H[0xffffff86][0x12][0x1]k[0xffffff97][0x12][0xffffffce]jJ[0x4][0xffffffaf]][0xffffffba][0xfffffff2]d)[0xffffff91][0xffffffb7]v[0xffffffe9][0xffffffaa][0xffffff95][0xffffffa3]D[0xffffffca][0xffffffda][0xffffffa5][0x16][0xffffffef][0x6]%[0xffffffdc][0xffffffda]e[0x1f][0xfffffff7][0xffffffa0]([0xffffff81][0xffffffaf]][0xffffffde][0x1]k[0xffffff97][0xffffffb7][0xffffff99]d+[0xc]8[0xffffffb6]vy[0xffffffcb][0xffffffe8][0x1a]I[0xffffff89][0xffffff90][0xffffffb5]K[0x1b]H[0xffffff86][0x12][0x1]k[0xffffff97][0x12][0xffffffce]jJ[0x4][0xffffffaf]][0xffffffba][0xfffffff2]d)[0xffffff91][0xffffffb7]v[0xffffffe9][0xffffffaa][0xffffff95][0xffffffa3]D[0xffffffca][0xffffffda][0xffffffa5][0x16][0xffffffef][0x6]%[0xffffffdc][0xffffffda]e[0xffffff9f][0xffffffd8][0xffffffc9][0xffffffa0]7[0xffffffbe]vy[0x7][0xffffffac]][0xffffffde]f[0xffffff92][0xffffffad]0[0xffffffe0][0xffffffd8][0xffffffda][0xffffffe5]-[0xffffffa3]k$%B[0xffffffd6].m [0x19]J[0x4][0xffffffac]]J8[0xffffffab])[0x11][0xffffffbc]v[0xffffffe9][0xffffffca][0xffffff93][0xffffffa5]D[0xffffffde][0xffffffda][0xffffffa5][0xffffffab]V[0xffffff8e][0x12])k[0xffffff97]Z[0xffffffbc][0x1b][0xffffff94]p[0x13]U[0xffffffe3]<[0xffffffa9][0xffffffe1][0xffffffec][0x1b][0xffffff9f][0xffffffa8][0xffffffba][0x3]&[0xffffffaa]n[0xffffffb3][0xffffffa3]R[0x18]pl[0xffffffa2][0xffffffea][0xffffff96][0xffffffa5][0x14][0xffffff92][0x12]![0x13]U6[0xffffff90][0xc]%[0x2]&[0xffffffaa]$[0xffffff9c][0xffffffd5][0xffffff94][0x8][0xffffff9e][0xffffffa8]r[0xffffffe5][0xffffffc9]R"o[0xffffffa2][0xffffffca]U+G[0xffffff89][0xffffff94][0xffffff89]*-[0xffffffde][\r]J[0xffffffb8]][0xffffff89]qc[0xffffffbb][0x12]7[0xffffffbe]+q[0x7][0xffffffec]J[0xffffffdc][0xffffffe6][0xffffffe3][0xffffffe7][0xffffffc2][0xffffff80]c[0xffffffbb][0x12][0xffffffb7]|[0xffffffde]LR"dW[0xffffffc2][0x6][0xffffff92][0xffffffa1]D[0xffffffc0][0xffffffae][0xffffff84][0xffffff84][0xffffffb3][0xffffff9a][0x12][0xffffffc1][0xffffffbb][0x12][0xffffffae]<YJ[0xffffffe4][0xffffffed]J[0xffffffb8]j[0xffffffe5]([0xffffff91][0xffffffb2]+[0xffffffa1][0xffffffc5][0xffffffbb]A[0x9][0xffffffb7]+q[0xffffffb6]W[0xffffffa7]([0xffffff81][0xffffffef]J[0xffffffdc][0x1][0xffffffbb][0x12][0xffffffb7][0xfffffff9][0xfffffff8][0xffffffb9]0[0xffffffe0][0xffffffd8][0xffffffae][0xffffffc4]-[0xffffff9f]7[0xffffff93][0xffffff94][0x8][0xffffffd9][0xffffff95][0xffffffb0][0xffffff81]d([0x11][0xffffffb0]+![0xffffffe1][0xffffffac][0xffffffa6]D[0xfffffff0][0xffffffae][0xffffff84]+O[0xffffff96][0x12]y[0xffffffbb][0x12][0xffffffae]Z9J[0xffffffa4][0xffffffec]Jh[0xfffffff1][0xfffffffe]>%[0x1e][0xffffffb7]+q~[0xfffffffc][0x1b][0xffffffa2][0xffffffc4][0xffffff83][0xffffffef]J<[0x1][0xffffffbb][0x12][0xffffff8f][0xfffffff9][0xfffffff8][0xffffffb9].[0xffffffe0][0xf][0xffffffb6]+[0xfffffff1][0xffffffc8][0xffffffe7][0xffffffcd] %L[0x14][0x11]J[0xffffffd8]@"[0xffffff94]0[0xffffffb1],[0xffffffa7][0xffffff84][0xffffff84][0xffffffb3][0xffffff98][0x12][0x12][0xffffffd1] J[0xffffffb8][0xfffffff2]D)[0xffffffe1][0xffffffbb][0x14][0xffffffa5][0xffffff84][0xffffffab]V[0xffffff8c][0x12][0xffffffda][0xffffffb4][0x10]%[0xffffffb4]x7(q8J[0xffffffdc][0xf][0xfffffff5][0xffffffae][0xffffffc4][0xffffffe7][0xfffffffd][0xffffffc0][0xffffff94]8[0x2](qh[0xffffffde][0xb][0x3]~`[0xffffff94]8[0xffffff92]([0xffffffa1]Qd([0xffffffe1][0x2][0xffffffc9]PBcYO[0xffffff89]5[0xffffff9c][0xffffffd5][0xffffff94]X#[0xffffff9a]D[0x9]S[0xffffff9e],%l[0xffffff97][0xffffffb2][0xffffff94]0[0xffffffd5][0xffffffca]QB[0xffffff9a][0xffffff96][0xffffffa2][0xffffff84][0x14][0xffffffef][0x6]%[0xffffffdc]D[0xffffffd5]9[0xffffffcf]IQ[0x2][0xffffff9f][0xffffffa8]z[0x2]&[0xffffffaa][0x1e][0xffffffb3][0xffffffa3]R[0x18]pl[0xffffffa2][0xffffffea][0xffffff91][0xffffffa5][0x14][0xffffff92][0x12]![0x13]U6[0xffffff90][0xc]%[0x2]&[0xffffffaa]$[0xffffff9c][0xffffffd5][0xffffff94][0x8][0xffffff9e][0xffffffa8]r[0xffffffe5][0xffffffc9]R"o[0xffffffa2][0xffffffca]U+G[0xffffff89][0xffffff94][0xffffff89]*-[0xffffffde]-J[0xffffffb4]0J[0xffffffc0]'[0xffffff83]~[0xffffffdd][0x1]O[0x9][0xfffffff0]d[0xffffffd0][0xffffffaf][0xffffffab]S[0xffffff94][0xffffffc8]9[0x19][0xffffffd4]D[0xffffff91][0xffffffa2]D[0xffffffc8][0xffffffc9][0xffffffa0]&[0xffffff96][0x4]%[0xffffffd0][0xffffff93]A%[0xffffffa2]Y[0xffffff94][0xffffffc8]:[0x19][0xffffffd4]w)M[0xffffff89][0xffffff9c][0xffffff93]A[0xffffffb5]i9J[0xfffffffc][0xfffffff1][0xffffffc9][0xffffffa0][0xffffff8f][[0xffffffbb][0xffffffbc]:[0xfffffff7][0x3][0x7][0xffffffbe]v[0xfffffff9][0x4][0xffffffac]]]]><![CDATA[>f[0xffffff92][0xffffffad]0[0xffffffe0][0xffffffd8][0xffffffda][0xffffffe5]#[0xffffffa3]k$%B[0xffffffd6].m [0x19]J[0x4][0xffffffac]]J8[0xffffffab])[0x11][0xffffffbc]v[0xffffffe9][0xffffffca][0xffffff93][0xffffffa5]D[0xffffffde][0xffffffda][0xffffffa5][0xffffffab]V[0xffffff8e][0x12])k[0xffffff97]Z[0xffffffbc][0x1b][0xffffff94]pk[0xffffff97][0xffffffd7]8[0xffffffa9][0xffffff8f]A[0x1f]|[0xffffffed][0xfffffff2][0x9]X[0xffffffbb]|[0xffffffcc]$[a[0xffffffc0][0xffffffb1][0xffffffb5][0xffffffcb]GF[0xffffffd7]HJ[0xffffff84][0xffffffac]][0xffffffda]@2[0xffffff94][0x8]X[0xffffffbb][0xffffff94]pVS"x[0xffffffed][0xffffffd2][0xffffff95]'K[0xffffff89][0xffffffbc][0xffffffb5]KW[0xffffffad][0x1c]%R[0xffffffd6].[0xffffffb5]x7([0xffffffe1][0xffffffd6].[0xffffffaf][0xfffffff3][0xffffffc0]~[0xffffffe0][0xffffffc0][0xffffffd7].[0xffffff9f][0xffffff80][0xffffffb5][0xffffffcb][0xffffffc7]L[0xffffffb2][0x15][0x6][0x1c][[0xffffffbb]|dt[0xffffff8d][0xffffffa4]D[0xffffffc8][0xffffffda][0xffffffa5][\r]$C[0xffffff89][0xffffff80][0xffffffb5]K[0x9]g5%[0xffffff82][0xffffffd7].]y[0xffffffb2][0xffffff94][0xffffffc8][[0xffffffbb]t[0xffffffd5][0xffffffca]Q"e[0xffffffed]R[0xffffff8b]w[0xffffff83][0x12][0xffffff97][0xffffffa5][0xffffffc4][0xffffff8d][0xfffffffd][0xffffffc0]q[0xffffffe1][0xffffff94][0xffffffb8][0x2](qi[0xffffffde][0xb][0x3]~a[0xffffff94][0xffffffb8][0xffffff92]([0xffffffa1]Qd([0xffffffe1][0x2][0xffffffc9]PBcYO[0xffffff89]5[0xffffff9c][0xffffffd5][0xffffff94]X#[0xffffff9a]D[0x9]S[0xffffff9e],%l[0xffffff97][0xffffffb2][0xffffff94]0[0xffffffd5][0xffffffca]QB[0xffffff9a][0xffffff96][0xffffffa2][0xffffff84][0x14][0xffffffef][0x6]%[0xffffffdc]p[0xfffffff6]u[0xffffff9d][0xffffff83][0xffffffa2][0x4]>[0xffffff9c][0xfffffffd][0x4][0xc]g?f[0xffffffdd][0xffffffb5]0[0xffffffe0][0xffffffd8]p[0xfffffff6]#[0xfffffffb][0xffffffad]$%B[0xffffff86][0xffffffb3]m [0x19]J[0x4][0xc]gK8[0xffffffab])[0x11]<[0xffffff9c][0xffffffed][0xffffffca][0xffffff93][0xffffffa5]D[0xffffffde]p[0xffffffb6][0xffffffab]V[0xffffff8e][0x12])[0xffffffc3][0xffffffd9]Z[0xffffffbc][0x1b][0xffffff94]p[0xffffffc3][0xffffffd9][0xffffffd7][0xffffff8d][0xffffffad]]]]><![CDATA[>[0xfffffff8]p[0xfffffff6][0x13]0[0xffffff9c][0xfffffffd][0xffffff98]u[0xffffffd7][0xffffffc2][0xffffff80]c[0xffffffc3][0xffffffd9][0xffffff8f][0xffffffec][0xffffffb7][0xffffff92][0xffffff94][0x8][0x19][0xffffffce][0xffffffb6][0xffffff81]d([0x11]0[0xffffff9c]-[0xffffffe1][0xffffffac][0xffffffa6]D[0xfffffff0]p[0xffffffb6]+O[0xffffff96][0x12]y[0xffffffc3][0xffffffd9][0xffffffae]Z9J[0xffffffa4][0xc]gk[0xfffffff1]nP[0xffffffc2][\r]g_[0xfffffff3]9)J[0xffffffe0][0xffffffc3][0xffffffd9]O[0xffffffc0]p[0xfffffff6]c[0xffffffd6]][0xb][0x3][0xffffff8e][\r]g?[0xffffffb2][0xffffffdf]JR"d8[0xffffffdb][0x6][0xffffff92][0xffffffa1]D[0xffffffc0]p[0xffffffb6][0xffffff84][0xffffffb3][0xffffff9a][0x12][0xffffffc1][0xffffffc3][0xffffffd9][0xffffffae]<YJ[0xffffffe4][\r]g[0xffffffbb]j[0xffffffe5]([0xffffff91]2[0xffffff9c][0xffffffad][0xffffffc5][0xfffffffb][0xfffffffb][0xffffff94][0xffffff98]n8[0xfffffffb][0x1e][0xffffffc7][0xb][0xffffffa2][0xffffffc4][0xffffffc4][0xffffff87][0xffffffb3]g[0xffffffc0]p[0xfffffff6]4[0xffffffeb][0xffffffae]u[0x1][0xffffff9f][0xffffffd8]p[0xfffffff6][0xffffff94][0xfffffffd]V[0xffffff90][0x12]&[0xffffff8a][0x8]%l [0x11]J[0xffffff98]X[0xffffff96]SB[0xffffffc2]YL[0x9][0xffffff89]h[0x10]%\y[0xffffffa2][0xffffff94][0xfffffff0]][0xffffff8a]R[0xffffffc2]U+F[0x9]mZ[0xffffff88][0x12]Z[0xffffffbc][0x1b][0xffffff94]p[0xffffffc3][0xffffffd9][0xfffffff7]sQO%&>[0xffffff9c]=[0x3][0xffffff86][0xffffffb3][0xffffffa7]Yw-[0xc]86[0xffffff9c]=e[0xffffffbf][0xffffff95][0xffffffa4]D[0xffffffc8]p[0xffffffb6][\r]$C[0xffffff89][0xffffff80][0xffffffe1]l[0x9]g5%[0xffffff82][0xffffff87][0xffffffb3]]y[0xffffffb2][0xffffff94][0xffffffc8][0x1b][0xffffffce]v[0xffffffd5][0xffffffca]Q"e8[[0xffffff8b]w[0xffffff8b][0x12][0xffffffba]v[0xffffffc9]R[0x2]^[0xffffffbb][0xfffffffc][0xffffffba][0x3][0xffffff9e][0x12][0xffffffe0][0xffffffda][0xffffffe5][0xffffffd7][0xffffffd5])J[0xffffffe4][0xffffffac]][0xffffff9a](R[0xffffff94][0x8]Y[0xffffffbb]4[0xffffffb1]$([0xffffff81][0xffffffae]]JD[0xffffffb3]([0xffffff91][0xffffffb5]v[0xffffffe9][0xffffffbb][0xffffff94][0xffffffa6]D[0xffffffce][0xffffffda][0xffffffa5]6-G[0xffffff89]?^[0xffffffbb][0xffffff9c][0xffffffee][0xc][0xffffff8e][0xffffffe7]u[0x1e][0x14]%[0xfffffff0]38f[0xffffffc0][0x19][0x1c][0xffffffd3][0xc][0xffffffc5][0x17][0x6][0x1c];[0xffffff83]c[0xffffffca][0x14]<I[0xffffff89][0xffffff90]38l [0x19]J[0x4][0xffffff9c][0xffffffc1]![0xffffffe1][0xffffffac][0xffffffa6]D[0xfffffff0][0x19][0x1c][0xffffffae]<YJ[0xffffffe4][0xffffff9d][0xffffffc1][0xffffffe1][0xffffffaa][0xffffff95][0xffffffa3]D[0xffffffca][0x19][0x1c]Z[0xffffffbc][0x1b][0xffffff94]p[0xffffffc3][0xffffffd9][0xffffffcf][0xfffffff9][0xffffffba](J[0xffffffe0][0xffffffc3][0xffffffd9]3`8{[0xffffff9a]u[0xffffffd7][0xffffffc2][0xffffff80]c[0xffffffc3][0xffffffd9]S[0xfffffff6][IJ[0xffffff84][0xc]g[0xffffffdb]@2[0xffffff94][0x8][0x18][0xffffffce][0xffffff96]pVS"x8[0xffffffdb][0xffffff95]'K[0xffffff89][0xffffffbc][0xffffffe1]lW[0xffffffad][0x1c]%R[0xffffff86][0xffffffb3][0xffffffb5]x7([0xffffffe1][0xffffff86][0xffffffb3][0xffffff9f][0xffffffeb][0xffffffc1][0xffffff9e]J[0xffffffe0][0xffffffc3][0xffffffd9]3`8{[0xffffff9a]u[0xffffffd7][0xffffffc2][0xffffff80]c[0xffffffc3][0xffffffd9]S[0xfffffff6][IJ[0xffffff84][0xc]g[0xffffffdb]@2[0xffffff94][0x8][0x18][0xffffffce][0xffffff96]pVS"x8[0xffffffdb][0xffffff95]'K[0xffffff89][0xffffffbc][0xffffffe1]lW[0xffffffad][0x1c]%R[0xffffff86][0xffffffb3][0xffffffb5]x7([0xffffffe1][0xffffff86][0xffffffb3][0xffffffe7][0xffffffeb][0xffffffc4][0xffffff9e]J[0xffffffe0][0xffffffc3][0xffffffd9]3`8{[0xffffff9a]u[0xffffffd7][0xffffffc2][0xffffff80]c[0xffffffc3][0xffffffd9]S[0xfffffff6][IJ[0xffffff84][0xc]g[0xffffffdb]@2[0xffffff94][0x8][0x18][0xffffffce][0xffffff96]pVS"x8[0xffffffdb][0xffffff95]'K[0xffffff89][0xffffffbc][0xffffffe1]lW[0xffffffad][0x1c]%R[0xffffff86][0xffffffb3][0xffffffb5]x7(q9J[0xfffffff4][0xffffff81]=[0xffffff95][0xffffffb8]pJ\[0x1][0xffffff94][0xffffffb8]4[0xffffffef][0xffffff85][0x1][0xffffffbf]0J\I[0xffffff94][0xffffffd0](2[0xffffff94]p[0xffffff81]d([0xffffffa1][0xffffffb1][0xffffffac][0xffffffa7][0xffffffc4][0x1a][0xffffffce]jJ[0xffffffac][0x11]M[0xffffffa2][0xffffff84])O[0xffffff96][0x12][0xffffffb6]KYJ[0xffffff98]j[0xffffffe5](!MKQB[0xffffff8a]w[0xffffff83][0x12]n8{>[\r][0xffffffa3][0x4]>[0xffffff9c]=[0x3][0xffffff86][0xffffffb3][0xffffffa7]Yw-[0xc]86[0xffffff9c]=e[0xffffffbf][0xffffff95][0xffffffa4]D[0xffffffc8]p[0xffffffb6][\r]$C[0xffffff89][0xffffff80][0xffffffe1]l[0x9]g5%[0xffffff82][0xffffff87][0xffffffb3]]y[0xffffffb2][0xffffff94][0xffffffc8][0x1b][0xffffffce]v[0xffffffd5][0xffffffca]Q"e8[[0xffffff8b]w[0xffffff83][0x12]n8{>[0xffffff93][0x1a][0xffffffce][0xffffff9e][0xfffffff8]p[0xfffffff6][0xc][0x18][0xffffffce][0xffffff9e]f[0xffffffdd][0xffffffb5]0[0xffffffe0][0xffffffd8]p[0xfffffff6][0xffffff94][0xfffffffd]V[0xffffff92][0x12]![0xffffffc3][0xffffffd9]6[0xffffff90][0xc]%[0x2][0xffffff86][0xffffffb3]%[0xffffff9c][0xffffffd5][0xffffff94][0x8][0x1e][0xffffffce]v[0xffffffe5][0xffffffc9]R"o8[0xffffffdb]U+G[0xffffff89][0xffffff94][0xffffffe1]l-[0xffffffde][\r]J[0xffffffb8][0xffffffe1][0xffffffec]9[0x7]u2[0xffffffe8][0xffffffc4][0xffffff87][0xffffffb3]g[0xffffffc0]p[0xfffffff6]4[0xffffffeb][0xffffffae][0xffffff85][0x1][0xffffffc7][0xffffff86][0xffffffb3][0xffffffa7][0xffffffec][0xffffffb7][0xffffff92][0xffffff94][0x8][0x19][0xffffffce][0xffffffb6][0xffffff81]d([0x11]0[0xffffff9c]-[0xffffffe1][0xffffffac][0xffffffa6]D[0xfffffff0]p[0xffffffb6]+O[0xffffff96][0x12]y[0xffffffc3][0xffffffd9][0xffffffae]Z9J[0xffffffa4][0xc]gk[0xfffffff1][0xfffffffe]6%[0xffffff8e][0xffffff97][0x1b][0xffffffce][0xffffff9e][0x1f][0xffffffff]b([0xfffffff1]u?(%[0xffffffbe][0xffffffef][0xffffff80][0xffffffa5][0xffffffc4][0xffffffcf]{ ([0xfffffff1]}u[0xffffff82][0x12][0xffffffff]^9[0xffffff81][0x12].[0xffffff8a][0x4]%| [0x9]J[0xffffffb8]XVSB[0xffffffc3]YK[0x9][0xffffff8d]h[0xe]%ly[0xffffff92][0xffffff94]x[0xffffffd3][0xffffffa5]$%l[0xffffffb5]R[0xffffff94]0M[0xffffffcb]P[0xffffffc2][0x14][0xffffffef][0x6]%[0xffffffcc]p[0xfffffff6]x[0xffffffbd].[0xffffffe8][0x7][0xffffff8e][0xffffffaf][0xfffffffb][0xffffff81])[0xffffffc1][0xf]g[0xffffffff][0xffffffbc][0x7][0xffffff86][0x12][0xffffffd4]p[0xfffffff6][0xffffffbf]W[0xffffffce][0xffffffa0]D[0xffffffc6]p[0xffffffb6][0xf]$C[0x9]~8[[0xffffffc3]YM[0xffffff89][0xffffffdc][0xffffffe1]l[[0xffffff9e],%[0xffffffe2][0xffffff86][0xffffffb3]m[0xffffffb5]r[0xffffff94][0x8][0x19][0xffffffce]6[0xffffffc5][0xffffffbb]A[0x9][0xffffffb3]v9^[0xffffffc7][0xffffff83]Q[0xffffff82]^[0xffffffbb][0xfffffffc][0xffffffbe][0x3][0xffffff9a][0x12][0xffffffe4][0xffffffda][0xffffffe5][0xfffffff7][0xffffffd5][0x19]J[0x4][0xffffffad]][0xffffffba](2[0xffffff94]HY[0xffffffbb]t[0xffffffb1][0xffffffac][0xffffffa7][0x4][0xffffffbb]v[0xffffffa9][0x11]M[0xffffffa2]D[0xffffffd8][0xffffffda][0xffffffe5][0xffffff9b].e)[0x11][0xffffffb4]vi[0xffffff9a][0xffffff96][0xffffffa2][0xffffffc4][0xffffff9f][0xffffffaf]][0x1e]/[0xffffffb3]v9^[0xffffffd7][\r][0xffffff9d][0xc][0xfffffffa]u?0%[0xfffffff8][0xffffffb5][0xffffffcb][0xffffff9f][0xfffffff7][0xffffffc0]P[0xffffff82]Z[0xffffffbb][0xfffffffc][0xfffffff7][0xffffffca][0x19][0xffffff94][0xffffffc8]X[0xffffffbb][0xfffffff4][0xffffff81]d([0xffffffc1][0xffffffaf]]j8[0xffffffab])[0xffffff91][0xffffffbb]vi[0xffffffcb][0xffffff93][0xffffffa5]D[0xffffffdc][0xffffffda][0xffffffa5][0xffffffad]V[0xffffff8e][0x12]!k[0xffffff97][0xffffffa6]x[0xffffffb7]([0xffffffd1][0xffffffc3]([0xffffffd1]qJ[0xfffffff4][0x0]Jt[0xffffff94][0x12][0x1d][0xffffffa3]DO[0xffffffa2][0xffffffc4][0x1a]E[0xffffff8a][0x12][0x1a]H[0xffffff8a][0x12]k,[0x9]Jt[0xffffff98][0x12]=[0xffffff98][0x12]R[0xffffff9e]4%L[0xffffff97][0xffffffd2][0xffffff94][0xffffff90]j%)[0xffffffd1]S([0xffffffd1][0xffffffff][0x2]%[0xffffff8e]3[0xffffffcc][0x12][0xffffffc7][0xffffff89]c[0xffffffe2][0xffffffe3][0x16]xM[0xfffffffc][0xffffffb8][0x9][0xffffff8a][0x13][0x1f][0xffffff97][0xffffffa7]<[0xfffffff1]}[0xffffffe9][0x14]PH[0x1e])Q[0xffffff98]TR[0xffffffa4][0xffffff90]l[0x12][0xffffffa6]X[0x12]Z[0xffffff8f][0xffffff8a]%[0xffffffa7]Y[0xffffffaa][0xffffffd0][0x1a][0xffffffa5]Y[0xffffffe1]Z[0xffffff95]v[0xffffff85][0xffffff96],[0x9][0xffffff8b][0xffffffb5]s9Y[0xffffffac][0x15][0xffffffbc]G[0xffffff8b];[0xffffff8d][0x16]7O[0xffffff8b];[0xffffff81][0x16]7K[0xffffff8b][0xffffff9b][0xffffffa3][0xffffffc5][0x1d]E[0xffffff8b]5[0xffffff8f][0x18]-4[0xffffff95][0x18]-[0xffffffd6]l"[0xffffffb4][0xffffffb8]iZ[0xffffffdc][0xffffffc9][0xffffffb4][0xffffff90][0x1a][0xffffffc5]iaZ[0x15][0xffffffa7][0xffffff85][0xffffff94],J[0xffffff8b];[0xffffff86][0x16][0xfffffff7]_[0xffffffa0]EK{j[0xffffffd1][0xfffffff8][0xffffffa7][0x16]-[0xffffffe1][0xffffffa9]Ec[0xffffff9f]Z4[0xffffffee][0xffffffa9]E[0xffffff8b]zj!y[0xffffffa4]haRI[0xffffffd1]B[0xffffffb2]I[0xffffffd0][0xffffffa2][0xffffffd1]O-Z[0xfffffff2]S[0xb][0xffffffad]Q[0xffffff9a][0x16][0xffffffae]UiZh[0xffffffc9][0xffffff92][0xffffffb4]X;[0xffffff97][0xffffffa3][0xffffffc5]Z[0xffffffc1][[0xffffffb4][0xffffffe8]q/W[0x4][0xffffffbc]][0x11][0xfffffff1]z[0x5][0xfffffffc]~[0x5][0xfffffff8][0xffffff82]E[0xffffffd6][0x1b][0x16]1[0xffffffaf]X[0x4][0xffffffbd]c[0x11][0xfffffff1][0xffffff92][0x5][0xfffffffe][0xffffff96]E[0xfffffff4]k[0x16]y[0xffffffef]Y$[0xffffffbe]h[0xffffff91][0xfffffff5][0xffffffa6]E[0xffffffce][0xffffffab][0x16][0x7f][0xffffffe3]][0xffffff8b][0xfffffff1][0xffffff84][0xffffffd1]b<8->n[0xffffff81][0xffffffa7][0xffffffc5][0xffffff8f][0xffffff9b][0xffffffa0]h[0xfffffff1]qy[0xffffff8a][0x16][0xffffffdf][0xffffff97]N[0xffffffa1][0xffffff85][0xffffffe4][0xffffff91][0xffffffa2][0xffffff85]I%E[0xb][0xffffffc9]&A[0xffffff8b]%[0xffffffa1][0xfffffff5][0xffffffb4]Xr[0xffffff9a]E[0xb][0xffffffad]Q[0xffffff9a][0x16][0xffffffae]UiZh[0xffffffc9][0xffffff92][0xffffffb4]X;[0xffffff97][0xffffffa3][0xffffffc5]Z[0xffffffc1]{[0xffffffb4][0xffffff98]i[0xffffffb4][0xffffff98]<-f[0x2]-&K[0xffffff8b][0xffffffc9][0xffffffd1]bF[0xffffffd1]b[0xffffffcd]#F[0xb]M%F[0xffffff8b]5[0xffffff9b][0x8]-&M[0xffffff8b][0xffffff99]L[0xb][0xffffffa9]Q[0xffffff9c][0x16][0xffffffa6]UqZH[0xffffffc9][0xffffffa2][0xffffffb4][0xffffff98]1[0xffffffb4][0xffffff98][0x7f][0xffffff81][0x16][0xffffffb3][0xffffff85][0xffffffd1]b6[0xffffff9c][0x16][0x1f][0xffffffb7][0xffffffc0][0xffffffd3][0xffffffe2][0xffffffc7]MP[0xffffffb4][0xfffffff8][0xffffffb8]<E[0xffffff8b][0xffffffef]K[0xffffffa7][0xffffffd0]B[0xfffffff2]H[0xffffffd1][0xffffffc2][0xffffffa4][0xffffff92][0xffffffa2][0xffffff85]d[0xffffff93][0xffffffa0][0xffffffc5][0xffffff92][0xffffffd0]zZ,9[0xffffffcd][0xffffffa2][0xffffff85][0xffffffd6](M[0xb][0xffffffd7][0xffffffaa]4-[0xffffffb4]dIZ[0xffffffac][0xffffff9d][0xffffffcb][0xffffffd1]b[0xffffffad][0xffffffe0]=Z[0xffffff8c]4Z[0xc][0xffffff9e][0x16]#[0xffffff81][0x16][0xffffff83][0xffffffa5][0xffffffc5][0xffffffe0]h1[0xffffffa2]h[0xffffffb1][0xffffffe6][0x11][0xffffffa3][0xffffff85][0xffffffa6][0x12][0xffffffa3][0xffffffc5][0xffffff9a]M[0xffffff84][0x16][0xffffff83][0xffffffa6][0xffffffc5]H[0xffffffa6][0xffffff85][0xffffffd4](N[0xb][0xffffffd3][0xffffffaa]8-[0xffffffa4]dQZ[0xffffff8c][0x18]Z[0xffffff8c][0xffffffbf]@[0xffffff8b][0xffffffe3]H{[0xffffff8f][0xfffffff3][0xffffffe3][0xffffff8e]p\|[0xffffffde][0x3][0xffffffaf][0xffffff8b][0x7f][0xffffffee][0xffffff82][0xffffffe2][0xffffffc5][0xffffffe7][0xfffffff5])_[0xfffffffc][0xffffffb8]v[\n]"
08:17:55.185 [TestNG-PoolService-2] DEBUG org.apache.hc.client5.http.wire -- http-outgoing-5 << "[0x3][0xffffff8e]MT[0xffffffdd][0xffffffb2][0xffffff94]BR"d[0xffffffa2][0xffffffca][0x6][0xffffff92][0xffffffa1]D[0xffffffc0]D[0xffffff95][0xffffff84][0xffffffb3][0xffffff9a][0x12][0xffffffc1][0x13]U[0xffffffae]<YJ[0xffffffe4]MT[0xffffffb9]j[0xffffffe5]([0xffffff91]2Q[0xffffffa5][0xffffffc5][0xffffffbb]A[0x9]3Qu[0x1c]m`[0xffffff94][0xffffffc0]'[0xffffffaa][0xffffffee][0xffffff80][0xffffff89][0xffffffaa][0xffffffdb][0xffffffec][0xffffffa8][0x14][0x6][0x1c][0xffffff9b][0xffffffa8][0xffffffba]e)[0xffffff85][0xffffffa4]D[0xffffffc8]D[0xffffff95][\r]$C[0xffffff89][0xffffff80][0xffffff89]*[0x9]g5%[0xffffff82]'[0xffffffaa]\y[0xffffffb2][0xffffff94][0xffffffc8][0xffffff9b][0xffffffa8]r[0xffffffd5][0xffffffca]Q"e[0xffffffa2]J[0xffffff8b]w[0xffffff83][0x12][0xffffffd3]Q[0xffffffa2][0xffffffb7]IQb[0xffffffe2][0xffffff94][0xffffff98][0x1][0xffffff94][0xffffff98][0xffffff9a][0xfffffff7][0xffffffc2][0xffffff80]O[0xffffff8c][0x12]3[0xffffff89][0x12][0x1a]E[0xffffff86][0x12].[0xffffff90][0xc]%4[0xffffff96][0xfffffff5][0xffffff94]X[0xffffffc3]YM[0xffffff89]5[0xffffffa2]I[0xffffff94]0[0xffffffe5][0xffffffc9]R[0xffffffc2]v)K[0x9]S[0xffffffad][0x1c]%[0xffffffa4]i)JH[0xfffffff1][0xfffffffe]>%[0x1e][0xffffffb3]v[0xfffffff9]A[0xffffff89][0xffffff9b][0xfffffffa][0xffffff82][0xffffffe3][0xffffffc1][0xffffffd7].[0xffffff9f][0xffffff80][0xffffffb5][0xffffffcb][0xffffffc7]L[0xffffffb2][0xffffffd5][0x5][0xfffffffc][0xffffffc1][0xffffffd6].[0x1f][0x19]][0x3])a[0xffffffa2][0xffffff88]P[0xffffffc2][0x6][0x12][0xffffffa1][0xffffff84][0xffffff89]e9%$[0xffffff9c][0xffffffc5][0xffffff94][0xffffff90][0xffffff88][0x6]Q[0xffffffc2][0xffffff95]'J[0x9][0xffffffdf][0xffffffa5](%\[0xffffffb5]b[0xffffff94][0xffffffd0][0xffffffa6][0xffffff85]([0xffffffa1][0xffffffc5][0xffffffbb]A[0xffffff89][0xffffffc3]Qb[0x1c]/[0xffffff8a][0x12][0x7]N[0xffffff89]#[0xffffff80][0x12][0xffffff87][0xffffffe6][0xffffffbd]0[0xffffffe0][0x7]F[0xffffff89]#[0xffffff89][0x12][0x1a]E[0xffffff86][0x12].[0xffffff90][0xc]%4[0xffffff96][0xfffffff5][0xffffff94]X[0xffffffc3]YM[0xffffff89]5[0xffffffa2]I[0xffffff94]0[0xffffffe5][0xffffffc9]R[0xffffffc2]v)K[0x9]S[0xffffffad][0x1c]%[0xffffffa4]i)JH[0xfffffff1]nP[0xffffffa2]YJ`k[0xffffff97][0xffffff9f][0xfffffff7][0x3]S[0xffffffa2][0x5]P[0xffffffa2]i[0xffffffde][0xb][0x3][0xffffffde]0J[0xffffffb4]$Jh[0x14][0x19]J[0xffffffb8]@2[0xffffff94][0xffffffd0]X[0xffffffd6]Sb[\r]g5%[0xffffffd6][0xffffff88]&Q[0xffffffc2][0xffffff94]'K[0x9][0xffffffdb][0xffffffa5],%L[0xffffffb5]r[0xffffff94][0xffffff90][0xffffffa6][0xffffffa5](![0xffffffc5][0xffffffbb]A[0xffffff89][0xffffffee](q[0xffffffbd][0xffffffa8][0xffffffd7].?[0xffffffef][0x7][0xffffffa6]D[0xf][0xffffffa0]D[0xffffffd7][0xffffffbc][0x17][0x6][0xffffffbc]c[0xffffff94][0xffffffe8]I[0xffffff94][0xffffffd0](2[0xffffff94]p[0xffffff81]d([0xffffffa1][0xffffffb1][0xffffffac][0xffffffa7][0xffffffc4][0x1a][0xffffffce]jJ[0xffffffac][0x11]M[0xffffffa2][0xffffff84])O[0xffffff96][0x12][0xffffffb6]KYJ[0xffffff98]j[0xffffffe5](!MKQB[0xffffff8a]w[0xffffff83][0x12][0xffffffc3]R[0xffffffe2][0xffffffc6]~[0xffffffe0][0x18]8%F[0x0]%[0xffffff86][0xffffffe6][0xffffffbd]0[0xffffffe0][0x3][0xffffffa3][0xffffffc4]H[0xffffffa2][0xffffff84]F[0xffffff91][0xffffffa1][0xffffff84][0xb]$C[0x9][0xffffff8d]e=%[0xffffffd6]pVSb[0xffffff8d]h[0x12]%Ly[0xffffffb2][0xffffff94][0xffffffb0]][0xffffffca]R[0xffffffc2]T+G[0x9]iZ[0xffffff8a][0x12]R[0xffffffbc][0x1b][0xffffff94]pk[0xffffff97][0xffffffed]x[0xffffffa8]/8[0x1e]|[0xffffffed][0xfffffff2][0x9]X[0xffffffbb]|[0xffffffcc]$[a[0xffffffc0][0xffffffb1][0xffffffb5][0xffffffcb]GF[0xffffffd7]HJ[0xffffff84][0xffffffac]][0xffffffda]@2[0xffffff94][0x8]X[0xffffffbb][0xffffff94]pVS"x[0xffffffed][0xffffffd2][0xffffff95]'K[0xffffff89][0xffffffbc][0xffffffb5]KW[0xffffffad][0x1c]%R[0xffffffd6].[0xffffffb5]x7([0xffffffe1]&[0xffffffaa][0xffffffda]sc[0xffffff94][0xffffffc0]'[0xffffffaa][0xffffff9e][0xffffff80][0xffffff89][0xffffffaa][0xffffffc7][0xffffffec][0xffffffa8][0x14][0x6][0x1c][0xffffff9b][0xffffffa8]zd)[0xffffff85][0xffffffa4]D[0xffffffc8]D[0xffffff95][\r]$C[0xffffff89][0xffffff80][0xffffff89]*[0x9]g5%[0xffffff82]'[0xffffffaa]\y[0xffffffb2][0xffffff94][0xffffffc8][0xffffff9b][0xffffffa8]r[0xffffffd5][0xffffffca]Q"e[0xffffffa2]J[0xffffff8b]w[0xffffff83][0x12]n[0xffffffa2][0xffffffaa][0xffffffb7][0x1b]{W[0x2][0xffffff9f][0xffffffa8]z[0x2]&[0xffffffaa][0x1e][0xffffffb3][0xffffffa3]R[0x18]pl[0xffffffa2][0xffffffea][0xffffff91][0xffffffa5][0x14][0xffffff92][0x12]![0x13]U6[0xffffff90][0xc]%[0x2]&[0xffffffaa]$[0xffffff9c][0xffffffd5][0xffffff94][0x8][0xffffff9e][0xffffffa8]r[0xffffffe5][0xffffffc9]R"o[0xffffffa2][0xffffffca]U+G[0xffffff89][0xffffff94][0xffffff89]*-[0xffffffde]-J[0xffffffb4]0J4[0xffffff9c][0x12]-[0xffffff80][0x12][\r][0xffffffa5]D[0xffffffc3]([0xffffffd1][0xffffff92]([0xffffffb1]F[0xffffff91][0xffffffa2][0xffffff84][0x6][0xffffff92][0xffffffa2][0xffffffc4][0x1a]K[0xffffff82][0x12][\r][0xffffffa6]D[0xb][0xffffffa6][0xffffff84][0xffffff94]'M[0x9][0xffffffd3][0xffffffa5]4%[0xffffffa4]ZIJ[0xffffffb4][0x14]J[0xffffffb4]?[0xffffffa6][0xffffff84][[0xffffffbb][0xffffffec]cP'[0xffffff83]>[0xfffffff8][0xffffffda][0xffffffe5][0x13][0xffffffb0]v[0xfffffff9][0xffffff98]I[0xffffffb6][0xffffffc2][0xffffff80]ck[0xffffff97][0xffffff8f][0xffffff8c][0xffffffae][0xffffff91][0xffffff94][0x8]Y[0xffffffbb][0xffffffb4][0xffffff81]d([0x11][0xffffffb0]v)[0xffffffe1][0xffffffac][0xffffffa6]D[0xfffffff0][0xffffffda][0xffffffa5]+O[0xffffff96][0x12]yk[0xffffff97][0xffffffae]Z9J[0xffffffa4][0xffffffac]]j[0xfffffff1][0xfffffffe]>%[0xffffffa6][[0xffffffbb][0xffffffec][0xffffffcf]C}[0xffffffc1]1[0xfffffff1][0xffffffb5][0xffffffcb][0x19][0xffffffb0]v9[0xffffffcd]$[][0xffffffc0]'[0xffffffb6]v9et[\r][0xffffffa4][0xffffff84][0xffffff89]"B[0x9][0x1b]H[0xffffff84][0x12]&[0xffffff96][0xffffffe5][0xffffff94][0xffffff90]p[0x16]SB"[0x1a]D[0x9]W[0xffffff9e](%|[0xffffff97][0xffffffa2][0xffffff94]p[0xffffffd5][0xffffff8a]QB[0xffffff9b][0x16][0xffffffa2][0xffffff84][0x16][0xffffffef][0x16]%[0xffffffcc][0xf][0x1c](%[0xffffffe0][0x1f]8[0xffffffbe][0xffffffee][0xffffff80][0xffffffa7][0x4][0xfffffff8][0x3][0xffffffc7][0xffffffd7][0xffffffd5])J[0xffffffe4][0xfffffffc][0xffffffc0]a[0xffffffa2]HQ"[0xffffffe4][0x7][0xe][0x13]K[0xffffff82][0x12][0xffffffe8][0xf][0x1c][0x12][0xffffffd1],Jd[0xfffffffd][0xffffffc0][0xffffffe1][0xffffffbb][0xffffff94][0xffffffa6]D[0xffffffce][0xf][0x1c][0xffffffda][0xffffffb4][0x1c]%[0xfffffffe][0xfffffff8][0x7][0xffffff8e][0xffffffe9][0xffffff86][0xffffffb3][0xffffffc7][0xffffffeb]l[0x14]%[0xfffffff0][0xffffffe1][0xffffffec][0x19]0[0xffffff9c]=[0xffffffcd][0xffffffba]ka[0xffffffc0][0xffffffb1][0xffffffe1][0xffffffec])[0xfffffffb][0xffffffad]$%B[0xffffff86][0xffffffb3]m [0x19]J[0x4][0xc]gK8[0xffffffab])[0x11]<[0xffffff9c][0xffffffed][0xffffffca][0xffffff93][0xffffffa5]D[0xffffffde]p[0xffffffb6][0xffffffab]V[0xffffff8e][0x12])[0xffffffc3][0xffffffd9]Z[0xffffffbc][0x1b][0xffffff94]p[0xffffffc3][0xffffffd9][0xffffffe3][0xffffffe3]?[0x14]%[0xfffffff0][0xffffffe1][0xffffffec][0x19]0[0xffffff9c]=[0xffffffcd][0xffffffba]ka[0xffffffc0][0xffffffb1][0xffffffe1][0xffffffec])[0xfffffffb][0xffffffad]$%B[0xffffff86][0xffffffb3]m [0x19]J[0x4][0xc]gK8[0xffffffab])[0x11]<[0xffffff9c][0xffffffed][0xffffffca][0xffffff93][0xffffffa5]D[0xffffffde]p[0xffffffb6][0xffffffab]V[0xffffff8e][0x12])[0xffffffc3][0xffffffd9]Z[0xffffffbc][0x1b][0xffffff94]p[0xffffffc3][0xffffffd9][0xffffffe3][0xffffffbc][0xffffffb1][0xffffffa7][0x12][0xfffffff8]p[0xfffffff6][0xc][0x18][0xffffffce][0xffffff9e]f[0xffffffdd][0xffffffb5]0[0xffffffe0][0xffffffd8]p[0xfffffff6][0xffffff94][0xfffffffd]V[0xffffff92][0x12]![0xffffffc3][0xffffffd9]6[0xffffff90][0xc]%[0x2][0xffffff86][0xffffffb3]%[0xffffff9c][0xffffffd5][0xffffff94][0x8][0x1e][0xffffffce]v[0xffffffe5][0xffffffc9]R"o8[0xffffffdb]U+G[0xffffff89][0xffffff94][0xffffffe1]l-[0xffffffde][\r]J[0xc]G[0xffffff89][0xffffff8b]{*1pJ[0xffffff8c][0x0]J[0xc][0xffffffcd]{a[0xffffffc0][0x7]F[0xffffff89][0xffffff91]D[0x9][0xffffff8d]"C[0x9][0x17]H[0xffffff86][0x12][0x1a][0xffffffcb]zJ[0xffffffac][0xffffffe1][0xffffffac][0xffffffa6][0xffffffc4][0x1a][0xffffffd1]$J[0xffffff98][0xfffffff2]d)a[0xffffffbb][0xffffff94][0xffffffa5][0xffffff84][0xffffffa9]V[0xffffff8e][0x12][0xffffffd2][0xffffffb4][0x14]%[0xffffffa4]x7([0xffffffe1][0xffffff86][0xffffffb3][0xffffffc7]ua[0xffffffaf]][0xffffffe2][0xffffffc3][0xffffffd9]3`8{[0xffffff9a]u[0xffffffd7][0xffffffc2][0xffffff80]c[0xffffffc3][0xffffffd9]S[0xfffffff6][IJ[0xffffff84][0xc]g[0xffffffdb]@2[0xffffff94][0x8][0x18][0xffffffce][0xffffff96]pVS"x8[0xffffffdb][0xffffff95]'K[0xffffff89][0xffffffbc][0xffffffe1]lW[0xffffffad][0x1c]%R[0xffffff86][0xffffffb3][0xffffffb5]x7(q9J[0xffffffdc]/j8[0xfffffffb][0xfffffff3]~`J\[0x1][0xffffff94][0xffffffb8]4[0xffffffef][0xffffff85][0x1][0xffffffbf]0J\I[0xffffff94][0xffffffd0](2[0xffffff94]p[0xffffff81]d([0xffffffa1][0xffffffb1][0xffffffac][0xffffffa7][0xffffffc4][0x1a][0xffffffce]jJ[0xffffffac][0x11]M[0xffffffa2][0xffffff84])O[0xffffff96][0x12][0xffffffb6]KYJ[0xffffff98]j[0xffffffe5](!MKQB[0xffffff8a]w[0xffffff83][0x12][0xffffffee][0xc][0xffffff8e][0xfffffff1][0x1c][0xffffffd4]D[0xffffffd5][0xffffffc4][0xffffffcf][0xffffffe0][0xffffff98][0x1]gpL3[0x14]_[0x18]p[0xffffffec][0xc][0xffffff8e])S[0xfffffff0]$%B[0xffffffce][0xffffffe0][0xffffffb0][0xffffff81]d([0x11]p[0x6][0xffffff87][0xffffff84][0xffffffb3][0xffffff9a][0x12][0xffffffc1]gp[0xffffffb8][0xfffffff2]d)[0xffffff91]w[0x6][0xffffff87][0xffffffab]V[0xffffff8e][0x12])gph[0xfffffff1]nP[0xffffffc2][0xffffff9d][0xffffffc1]q[0xfffffff6]~S[0xffffff94][0xffffffc0][0xffffffcf][0xffffffe0][0xffffff98][0x1]gpL3[0x14]_[0x18]p[0xffffffec][0xc][0xffffff8e])S[0xfffffff0]$%B[0xffffffce][0xffffffe0][0xffffffb0][0xffffff81]d([0x11]p[0x6][0xffffff87][0xffffff84][0xffffffb3][0xffffff9a][0x12][0xffffffc1]gp[0xffffffb8][0xfffffff2]d)[0xffffff91]w[0x6][0xffffff87][0xffffffab]V[0xffffff8e][0x12])gph[0xfffffff1]nQB'[0xffffffaa]XJ[0xffffffd0][0x13]U[0x1]gpL3[0x14]_[0x1a]pj[0xffffffa2]*[0xffffffe9][0xc][0xe][0x13]E[0xffffff8a][0x12])[0x13]U[0x1]gpH8[0xffffffeb])[0xffffff91];Q[0xffffff95]v[0x6][0xffffff87][0xffffffef]R[0xffffff9a][0x12]A[0x13]U)gph[0xfffffff1]nQ[0xffffffa2][0xffffff87]Q[0xffffffa2][0xffffffe3][0xffffff94][0xffffffe8][0x1][0xffffff94][0xffffffe8](%:F[0xffffff89][0xffffff9e]D[0xffffff89]5[0xffffff8a][0x14]%4[0xffffff90][0x14]%[0xffffffd6]X[0x12][0xffffff94][0xffffffe8]0%z0%[0xffffffa4]<iJ[0xffffff98].[0xffffffa5])![0xffffffd5]JR[0xffffffa2][0xffffffa7]P[0xffffffa2][0xffffffff][0x5]J[0xffffff9c]a[0xffffff94]8qJ[0xffffff9c][0x1][0xffffff94]8QJ[0xffffff9c][0x18]%[0xffffffce]$J[0xffffffac]Q[0xffffffa4]([0xffffffa1][0xffffff81][0xffffffa4]([0xffffffb1][0xffffffc6][0xffffff92][0xffffffa0][0xffffffc4][0x9]S[0xffffffe2][0xc][0xffffffa6][0xffffff84][0xffffff94]'M[0x9][0xffffffd3][0xffffffa5]4%[0xffffffa4]ZIJ[0xffffff9c])[0xffffff94]8[0xffffffff][0x2]%[0xffffff8e]4K[0x1c]<&[0xffffff8e][0x4]M[0x1c],'[0xe][0xffffffce][0x13]G[0x14]($[0xffffff8f][0xffffff94](L*)RH6[0x9]S[0x1c]4*[0xffffff8e]dUh[0xffffff8d][0xffffffd2][0xffffffac]p[0xffffffad]J[0xffffffbb]BK[0xffffff96][0xffffff84][0xffffffc5][0xffffffda][0xffffffb9][0xffffff9c],[0xffffffd6][\n]"
08:17:55.185 [TestNG-PoolService-3] DEBUG org.apache.hc.client5.http.wire -- http-outgoing-4 << "04[0xffffff94][0xffffff94]0\4)bh@[0x9]c[0xffffffac]1[0xffffffad]G[0xffffffc6][0x1a][0xffffffd6],e[0xffffff98]B[0xffffffa5][0xffffff99]a[0xfffffffb][0xffffff95]v[0xffffff86][0xffffffa9][[0x12][0x1a][0xffffffd2][0xffffffbe][0xffffff9c]4[0xffffffa4][0xffffff8c][0x7f][0xffffff87][0x1a][0xfffffff7][0xfffffff7]_[0x19]f[0xffffffd8][0xfffffffb]h[0xffffffcf]S[0xe][0xffffff8d][0xffffff9f][0xfffffff7]C1[0xffffffe3][0xffffff97];[0xffffffc0][0xffffff90][0xffffffb1][0xffffffdc]C11~[0xffffffb9]z10[0xfffffffe][0xfffffff7][0xffffffca]0/[0xffffffde]F[0xffffffb1][0x18][0x17][0xffffffff][0x11][0xffffffc8]bZ[0xffffffbc][0xffffff8d]e!,[0xffffffde][0xffffff84][0xffffffb3][0xffffff8c][0x15]o"[0x1a][0xffffff81][0xffffff8a][0xfffffff7][0xffffffe5][0x9][0xffffff91][0xffffffe2][0xffffffbf][0xffffffba][0x14][0x2][0xffffffc5][0xfffffffb]j[0x5]8[0xfffffff1][0xffffffae]i[0xffffffcb]1[0xfffffff1][0xffffffae]x7(q9J[0xffffffcc][0xffffffaf][0x19]-[0xffffff84][0x12][0x17]N[0xffffff89]+[0xffffff80][0x12][0xffffff97][0xffffffe6][0xffffffbd]0[0xffffffe0][0x17]F[0xffffff89]+[0xffffff89][0x12][0x1a]E[0xffffff86][0x12].[0xffffff90][0xc]%4[0xffffff96][0xfffffff5][0xffffff94]X[0xffffffc3]YM[0xffffff89]5[0xffffffa2]I[0xffffff94]0[0xffffffe5][0xffffffc9]R[0xffffffc2]v)K[0x9]S[0xffffffad][0x1c]%[0xffffffa4]i)JH[0xfffffff1]nQB[0xffffffdf][0xffffffda]d)[0xffffff81][0xffffffbd][0xffffffb4][0xfffffff9][0xffffffcb][0x1d][0xfffffff0][0xffffff94]@^[0xffffffd9][0xfffffffc][0xffffffe5][0xffffffea][0x14]%[0x12]^[0xffffffd8]|[0x1b]E[0xffffff8a][0x12][0xfffffff8][0xffffffeb][0xffffff9a]ocIP[0x2]zY[0xfffffff3]MD[0xffffffb3]([0xffffff91][0xfffffff2][0xffffffaa][0xffffffe6][0x7f]u)M[0xffffff89][0xffffff84][0x17]5[0xffffffdf]5-G[0xffffff89]?xM[0xfffffff3][0xffffffc7][0xffffffdf][0xffffffb8][0xffffffcd]S[0xffffff89]v[0xffffffbc][0xffffffea][0xffffffdf][0xffffffa4][0xfffffff8]y?0%[0xffffffee][0xffffff80][0xffffffa7][0x12][0xffffffb7][0xffffffd2][0xffffffb9]0[0xffffffe0]7[0xfffffff6]T[0xffffffe2]Nz*[0xffffffa1]Qd([0xffffffe1][0x2][0xffffffc9]PBcYO[0xffffff89]5[0xffffff9c][0xffffffd5][0xffffff94]X#[0xffffff9a]D[0x9]S[0xffffff9e],%l[0xffffff97][0xffffffb2][0xffffff94]0[0xffffffd5][0xffffffca]QB[0xffffff9a][0xffffff96][0xffffffa2][0xffffff84][0x14][0xffffffef][0x6]%[0x1e]G[0xffffff89]k`[0xffffffef]J<8%[0xffffff9e][0x0]J<[0xffffff9a][0xfffffff7][0xffffffc2][0xffffff80]?[0x18]%[0xffffff9e]$Jh[0x14][0x19]J[0xffffffb8]@2[0xffffff94][0xffffffd0]X[0xffffffd6]Sb[\r]g5%[0xffffffd6][0xffffff88]&Q[0xffffffc2][0xffffff94]'K[0x9][0xffffffdb][0xffffffa5],%L[0xffffffb5]r[0xffffff94][0xffffff90][0xffffffa6][0xffffffa5](![0xffffffc5][0xffffffbb]A[0xffffff89][0xffffffe9](1[0xffffff9f]IQb[0xffffffe2][0xffffff94][0xffffff98][0x1][0xffffff94][0xffffff98][0xffffff9a][0xfffffff7][0xffffffc2][0xffffff80]O[0xffffff8c][0x12]3[0xffffff89][0x12][0x1a]E[0xffffff86][0x12].[0xffffff90][0xc]%4[0xffffff96][0xfffffff5][0xffffff94]X[0xffffffc3]YM[0xffffff89]5[0xffffffa2]I[0xffffff94]0[0xffffffe5][0xffffffc9]R[0xffffffc2]v)K[0x9]S[0xffffffad][0x1c]%[0xffffffa4]i)JH[0xfffffff1][0xfffffffe]>%[0xffffff8e][0xffffff97][0xffffffa1]D[0x7f]='D[0xffffff89][0xffffffcf][0xfffffffb]a)[0xfffffff1]u[0x7]0%[0xfffffffe][0xffffffbd][0x7][0xffffff84][0x12]_WG([0xfffffff1][0xffffffcf][0xffffff95]#(a[0xffffffa2][0xffffff88]P[0xffffffc2][0x6][0x12][0xffffffa1][0xffffff84][0xffffff89]e9%$[0xffffff9c][0xffffffc5][0xffffff94][0xffffff90][0xffffff88][0x6]Q[0xffffffc2][0xffffff95]'J[0x9][0xffffffdf][0xffffffa5](%\[0xffffffb5]b[0xffffff94][0xffffffd0][0xffffffa6][0xffffff85]([0xffffffa1][0xffffffc5][0xffffffbb]A[0xffffff89][0xffffffc3]Q[0xffffffe2]8[0x7]E[0xffffff89][0x3][0xffffffa7][0xffffffc4][0x11]@[0xffffff89]C[0xfffffff3]^[0x18][0xfffffff0][0x3][0xffffffa3][0xffffffc4][0xffffff91]D[0x9][0xffffff8d]"C[0x9][0x17]H[0xffffff86][0x12][0x1a][0xffffffcb]zJ[0xffffffac][0xffffffe1][0xffffffac][0xffffffa6][0xffffffc4][0x1a][0xffffffd1]$J[0xffffff98][0xfffffff2]d)a[0xffffffbb][0xffffff94][0xffffffa5][0xffffff84][0xffffffa9]V[0xffffff8e][0x12][0xffffffd2][0xffffffb4][0x14]%[0xffffffa4]x7([0xffffffd1],%&[0xfffffff5][0x3][0xffffffc7][0xffffffe7][0xfffffffd][0xffffffc0][0xffffff94]h[0x1][0xffffff94]h[0xffffff9a][0xfffffff7][0xffffffc2][0xffffff80]7[0xffffff8c][0x12]-[0xffffff89][0x12][0x1a]E[0xffffff86][0x12].[0xffffff90][0xc]%4[0xffffff96][0xfffffff5][0xffffff94]X[0xffffffc3]YM[0xffffff89]5[0xffffffa2]I[0xffffff94]0[0xffffffe5][0xffffffc9]R[0xffffffc2]v)K[0x9]S[0xffffffad][0x1c]%[0xffffffa4]i)JH[0xfffffff1]nP[0xffffffa2];J[0xffffffb4]qQ[0xffffff94][0xffffffe8]8%z[0x0]%[0xffffffba][0xffffffe6][0xffffffbd]0[0xffffffe0][0x1d][0xffffffa3]DO[0xffffffa2][0xffffff84]F[0xffffff91][0xffffffa1][0xffffff84][0xb]$C[0x9][0xffffff8d]e=%[0xffffffd6]pVSb[0xffffff8d]h[0x12]%Ly[0xffffffb2][0xffffff94][0xffffffb0]][0xffffffca]R[0xffffffc2]T+G[0x9]iZ[0xffffff8a][0x12]R[0xffffffbc][0x1b][0xffffff94]pk[0xffffff97]}[0xffffffbc][0xffffffb0]w%[0xfffffff0][0xffffffb5][0xffffffcb]#`[0xffffffed][0xfffffff2]0[0xffffff93]l[0xffffff85][0x1][0xffffffc7][0xffffffd6].[0xf][0x19]]#)[0x11][0xffffffb2]vi[0x3][0xffffffc9]P"`[0xffffffed]R[0xffffffc2]YM[0xffffff89][0xffffffe0][0xffffffb5]KW[0xffffff9e],%[0xfffffff2][0xffffffd6].][0xffffffb5]r[0xffffff94]HY[0xffffffbb][0xffffffd4][0xffffffe2][0xffffffdd][0xffffffa0][0xffffffc4][0xffffffe9]([0xfffffff1][0xffffffdc][0x7]E[0xffffff89][0x13][0xffffffa7][0xffffffc4][0x19]@[0xffffff89]S[0xfffffff3]^[0x18][0xfffffff0][0x13][0xffffffa3][0xffffffc4][0xffffff99]D[0x9][0xffffff8d]"C[0x9][0x17]H[0xffffff86][0x12][0x1a][0xffffffcb]zJ[0xffffffac][0xffffffe1][0xffffffac][0xffffffa6][0xffffffc4][0x1a][0xffffffd1]$J[0xffffff98][0xfffffff2]d)a[0xffffffbb][0xffffff94][0xffffffa5][0xffffff84][0xffffffa9]V[0xffffff8e][0x12][0xffffffd2][0xffffffb4][0x14]%[0xffffffa4]x7([0xffffffe1][0xffffff86][0xffffffb3][0xffffffc7]kR[0x13]U[0x7]>[0xffffff9c]}[0x4][0xc]g[0x1f]f[0xffffffdd][0xffffffb5]0[0xffffffe0][0xffffffd8]p[0xfffffff6]![0xfffffffb][0xffffffad]$%B[0xffffff86][0xffffffb3]m [0x19]J[0x4][0xc]gK8[0xffffffab])[0x11]<[0xffffff9c][0xffffffed][0xffffffca][0xffffff93][0xffffffa5]D[0xffffffde]p[0xffffffb6][0xffffffab]V[0xffffff8e][0x12])[0xffffffc3][0xffffffd9]Z[0xffffffbc][0x1b][0xffffff94][0xffffffb8][0x1d]%[0xffffffc6][0xffffffc4][0xffffff9e]J[0xffffffdc]8%[0xffffffee][0x0]J[0xffffffdc][0xffffff9a][0xfffffff7][0xffffffc2][0xffffff80][0xffffffdf][0x18]%[0xffffffee]$Jh[0x14][0x19]J[0xffffffb8]@2[0xffffff94][0xffffffd0]X[0xffffffd6]Sb[\r]g5%[0xffffffd6][0xffffff88]&Q[0xffffffc2][0xffffff94]'K[0x9][0xffffffdb][0xffffffa5],%L[0xffffffb5]r[0xffffff94][0xffffff90][0xffffffa6][0xffffffa5](![0xffffffc5][0xffffffbb]E[0xffffff89][0x16]F[0x9][0xfffffff8][0xc][0xffffff8e][0xffffffaf];[0xffffffe0])[0x1][0xffffff9e][0xffffffc1][0xfffffff1]uu[0xffffff8a][0x12]9gp[0xffffff98](R[0xffffff94][0x8]9[0xffffff83][0xffffffc3][0xffffffc4][0xffffff92][0xffffffa0][0x4]z[0x6][0xffffff87]D4[0xffffff8b][0x12]Ygp[0xfffffff8].[0xffffffa5])[0xffffff91]s[0x6][0xffffff87]6-G[0xffffff89]?>[0xffffff83][0xffffffe3]p[0xffffffc3][0xffffffd9][0xffffffe3][0xffffffba][0xffffffa9][0xffffffe3][0xffffffbc][0xe]|8[0xfffffffb][0x8][0x18][0xffffffce]>[0xffffffcc][0xffffffba]ka[0xffffffc0][0xffffffb1][0xffffffe1][0xffffffec]C[0xfffffff6][IJ[0xffffff84][0xc]g[0xffffffdb]@2[0xffffff94][0x8][0x18][0xffffffce][0xffffff96]pVS"x8[0xffffffdb][0xffffff95]'K[0xffffff89][0xffffffbc][0xffffffe1]lW[0xffffffad][0x1c]%R[0xffffff86][0xffffffb3][0xffffffb5]x[0xffffffb7](a[0xffffff9e]J[0xffffffa0][0xffffff94][0xffffffa0][0xffffff9f]J<[0x1]O%[0x1e][0xffffffa5]si[0xffffffc0][0xffffffa9][0xffffffa7][0x12]O[0xffffffd2]S[0x9][0xffffff8d]"E[0xffffff89][0xffffff94][0xffffffa7][0x12][0x1a]K[0xffffff82][0x12][0xffffffec]S[0xffffff89]5[0xffffffa2]Y[0xffffff94][0x8]{*a[0xffffffbb][0xffffff94][0xffffffa6]D[0xffffffd0]S[0x9]iZ[0xffffff8e][0x12][0x7f][0xfffffffe]T[0xffffffc2][0xffffff9d][0xffffffc1]q[0xffffffbe]N[0xffffffea]8[0xffffffaf][0x3]?[0xffffff83][0xffffffe3][0x8]8[0xffffff83][0xffffffe3]0C[0xfffffff1][0xffffff85][0x1][0xffffffc7][0xffffffce][0xffffffe0]8d[\n]"
08:17:55.186 [TestNG-PoolService-2] DEBUG org.apache.hc.client5.http.wire -- http-outgoing-5 << "[0xffffffde][0xffffffa2]EK[0xfffffffb][0xffffffc5][0xffffffa3][0xfffffff1]?y[0xffffffb4][0xffffff84][0xffffffdf]<[0x1a][0xfffffffb][0xffffffa3]G[0xffffffe3]~[0xfffffff5]hQ?{H[0x1e])Z[0xffffff98]TR[0xffffffb4][0xffffff90]l[0x12][0xffffffb4]h[0xfffffff4]O[0x1f]-[0xfffffff9][0xffffffb7][0xf][0xffffffad]Q[0xffffff9a][0x16][0xffffffae]UiZh[0xffffffc9][0xffffff92][0xffffffb4]X;[0xffffff97][0xffffffa3][0xffffffc5]Z[0xffffffc1][[0xffffffb4][0xffffffe8]iO-:[0xffffffff][0xffffffd4][0xffffffa2]'<[0xffffffb5][0xffffffe8][0xffffffec]S[0xffffff8b][0xffffffce]=[0xffffffb5][0xffffffe8]QO-$[0xffffff8f][0x14]-L*)ZH6[0x9]Zt[0xfffffffa][0xffffffa9]EO~j[0xffffffa1]5J[0xffffffd3][0xffffffc2][0xffffffb5]*M[0xb]-Y[0xffffff92][0x16]k[0xffffffe7]r[0xffffffb4]X+x[0xffffff8b][0x16][0xffffffcf][0x13]F[0xffffff8b][0xffffffe7][0xffffffc1]i[0xfffffff1]q[0xb]<-~[0xffffffdc][0x4]E[0xffffff8b][0xffffff8f][0xffffffcb]S[0xffffffb4][0xfffffff8][0xffffffbe]t[\n]"
08:17:55.186 [TestNG-PoolService-2] DEBUG org.apache.hc.client5.http.wire -- http-outgoing-5 << "-$[0xffffff8f][0x14]-L*)ZH6[0x9]Z,[0x9][0xffffffad][0xffffffa7][0xffffffc5][0xffffff92][0xffffffd3],Zh[0xffffff8d][0xffffffd2][0xffffffb4]p[0xffffffad]J[0xffffffd3]BK[0xffffff96][0xffffffa4][0xffffffc5][0xffffffda][0xffffffb9][0x1c]-[0xffffffd6][\n]"
08:17:55.186 [TestNG-PoolService-2] DEBUG org.apache.hc.client5.http.wire -- http-outgoing-5 << "[0xffffffde][0xffffffa2][0xffffffc5]L[0x1b][0xffffffa6][0xffffff98][0xfffffffc]2[0xffffffc5][0xffffffc7]-[0xfffffff0][0xffffffb4][0xfffffff8]q[0x13][0x14]-&7N1[0xffffffa3][0xffffffd6])$[0xffffff8f][0x14]-L*)ZH6[0x9]ZLz[0xffffffa1]b&OTh[0xffffff8d][0xffffffd2][0xffffffb4]p[0xffffffad]J[0xffffffd3]BK[0xffffff96][0xffffffa4][0xffffffc5][0xffffffda][0xffffffb9][0x1c]-[0xffffffd6][\n]"
08:17:55.186 [TestNG-PoolService-2] DEBUG org.apache.hc.client5.http.wire -- http-outgoing-5 << "[0xffffffde][0xffffffa2][0xffffffc5]q[0xffffffa5][0xfffffffd]"[0xfffffff2]qG8.>[0xffffffef][0xffffff81][0xffffffd7][0xffffffc5]?wA[0xfffffff1][0xffffffe2][0xfffffff3][0xfffffffa][0xffffff94]/~\;[0x5][0x18][0x1a]JJ[0x18].[0xffffff9a][0x14]14[0xffffffa0][0xffffff84]1[0xffffffd6][0xffffff98][0xffffffd6]#c[\r]k[0xffffff96]2L[0xffffffa1][0xffffffd2][0xffffffcc][0xffffffb0][0xfffffffd]J;[0xffffffc3][0xffffffd4]-[0x9][\r]i_N[0x1a]R[0xffffffc6][0xffffffbf]C[0xffffff8d][0xfffffff3][0xfffffffb][0xffffffaf]L[0xffffffb7][0xffffffae][0xfffffff9][0x0]'[0xffffff91][0xfffffffe][0xffffffbc][0x1f][0xffffff8a][0x19][0xffffffbf][0xffffffdc][0x1][0xffffff86][0xffffff8c][0xffffffe5][0x1e][0xffffff8a][0xffffff89][0xfffffff1][0xffffffcb][0xffffffd5][0xffffff8b][0xffffff81][0xfffffff1][0xffffffbf]W[0xffffff86]y[0xfffffff1]6[0xffffff8a][0xffffffc5][0xffffffb8][0xfffffff8][0xffffff8f]@[0x16][0xffffffd3][0xffffffe2]m,[0xb]a[0xfffffff1]&[0xffffff9c]e[0xffffffac]x[0x13][0xffffffd1][0x8]T[0xffffffbc]/O[0xffffff88][0x14][0xffffffff][0xffffffd5][0xffffffa5][0x10]([0xffffffde]W+[0xffffffc0][0xffffff89]wM[[0xffffff8e][0xffffff89]w[0xffffffc5][0xffffffbb]E[0x9][0xffffffb3][0xffffffae][0xffffff89]R[0x2][[0xffffffd7][0xfffffffc][0xffffffe5][0xe]xJ [0xffffffeb][0xffffff9a][0xffffffbf]\[0xffffff9d][0xffffffa2]D[0xffffffc2][0xffffffba][0xffffffe6][0xffffffdb](R[0xffffff94][0xffffffc0][0xffffffd7]5[0xffffffdf][0xffffffc6][0xffffff92][0xffffffa0][0x4][0xffffffb4][0xffffffae][0xfffffff9]&[0xffffffa2]Y[0xffffff94]HY[0xffffffd7][0xfffffffc][0xffffffaf].[0xffffffa5])[0xffffff91][0xffffffb0][0xffffffae][0xfffffff9][0xffffffae]i9J[0xfffffffc][0xffffffc1][0xffffffba][0xffffffe6][0xffffffe7][0xffffffdf][0xffffffb8]_[0xffffffaf][0xffffff97]y*q[0x1d][0xffffffbd][0xfffffffe]P[0xfffffff3][0xffffff9f][0xfffffff7]CR[0xffffffe2][0xffffffc7][0x1d][0xffffffa0][0xffffff94][0xfffffff8][0xffffffe5][0x1e][0x0]J[0xfffffffc][0xffffffb8]:@[0xffffff89][0xffffff9f]W[0xe][0xffffffa0][0xffffff84][0xffffff8d]"@[0xffffff89]7[0xffffff81][0x4](acYL[0x9][0x13][0xffffffce]RJ[0xffffff98][0xffffff88][0xffffffc6]P[0xffffffc2][0xffffff97]'H[0xffffff89]w][\n]"
08:17:55.186 [TestNG-PoolService-3] DEBUG org.apache.hc.client5.http.wire -- http-outgoing-4 << "[0xffffff9e][0xffffffa4]D[0xffffffc8][0x19][0x1c]6[0xffffff90][0xc]%[0x2][0xffffffce][0xffffffe0][0xffffff90]pVS"[0xfffffff8][0xc][0xe]W[0xffffff9e],%[0xfffffff2][0xffffffce][0xffffffe0]p[0xffffffd5][0xffffffca]Q"[0xffffffe5][0xc][0xe]-[0xffffffde][0xffffffdf][0xffffffa7]Dsgp[0xffffff9c][\r][0x1b][0xffffffce]n[0xfffffff8][0x19][0x1c]-[0xffffffe0][0xc][0xffffff8e]f[0xffffff86][0xffffffe2][0xffffffeb][0x2][0xffffffde][0xffffffb0]38[0xffffff9a]L[0xffffffc1][0xffffff83][0xffffff94]0QD(a[0x3][0xffffff89]P[0xffffffc2][0xffffffc4][0xffffffb2][0xffffff9c][0x12][0x12][0xffffffce]bJHD[0xffffff83]([0xffffffe1][0xffffffca][0x13][0xffffffa5][0xffffff84][0xffffffef]R[0xffffff94][0x12][0xffffffae]Z1Jh[0xffffffd3]B[0xffffff94][0xffffffd0][0xffffffe2][0xffffffdd][0xffffffa0][0xffffff84];[0xffffff83][0xffffffe3][0xffffffbc]:5Q[0xffffffd5][0xfffffff0]38Z[0xffffffc0][0x19][0x1c][0xffffffcd][0xc][0xffffffc5][0x17][0x6][0x1c];[0xffffff83][0xffffffa3][0xffffffc9][0x14]<I[0xffffff89][0xffffff90]38l [0x19]J[0x4][0xffffff9c][0xffffffc1]![0xffffffe1][0xffffffac][0xffffffa6]D[0xfffffff0][0x19][0x1c][0xffffffae]<YJ[0xffffffe4][0xffffff9d][0xffffffc1][0xffffffe1][0xffffffaa][0xffffff95][0xffffffa3]D[0xffffffca][0x19][0x1c]Z[0xffffffbc][0x1b][0xffffff94]pgp[0xffffff9c][0xf]G[0x9][0xfffffffc][0xc][0xffffff8e][0x16]p[0x6]G3C[0xfffffff1][0xffffff85][0x1][0xffffffc7][0xffffffce][0xffffffe0]h2[0x5]OR"[0xffffffe4][0xc][0xe][0x1b]H[0xffffff86][0x12][0x1]gpH8[0xffffffab])[0x11]|[0x6][0xffffff87]+O[0xffffff96][0x12]ygp[0xffffffb8]j[0xffffffe5]([0xffffff91]r[0x6][0xffffff87][0x16][0xffffffef][0x6]%[0xffffffdc][0x19][0x1c][0xffffffd7][0xffffffd1][0xffffffa8]38[0x1a]~[0x6]G[0xb]8[0xffffff83][0xffffffa3][0xffffff99][0xffffffa1][0xfffffff8][0xffffffc2][0xffffff80]cgp4[0xffffff99][0xffffff82]')[0x11]r[0x6][0xffffff87][\r]$C[0xffffff89][0xffffff80]38$[0xffffff9c][0xffffffd5][0xffffff94][0x8]>[0xffffff83][0xffffffc3][0xffffff95]'K[0xffffff89][0xffffffbc]38\[0xffffffb5]r[0xffffff94]H9[0xffffff83]C[0xffffff8b]w[0xffffff83][0x12]n[0xffffffed][0xfffffff2]~uj[0xffffffed][0xffffffb2][0xffffffe1]k[0xffffff97]-`[0xffffffed][0xffffffb2][0xffffff99]I[0xffffffb6][0xffffffc2][0xffffff80]ck[0xffffff97]MF[0xffffffd7]HJ[0xffffff84][0xffffffac]][0xffffffda]@2[0xffffff94][0x8]X[0xffffffbb][0xffffff94]pVS"x[0xffffffed][0xffffffd2][0xffffff95]'K[0xffffff89][0xffffffbc][0xffffffb5]KW[0xffffffad][0x1c]%R[0xffffffd6].[0xffffffb5]x7(q;J[0xffffff8c][0xffffff87]:d[0xfffffffc][0xfffffff3]~`J[0xffffffdc][0x1][0xffffff94][0xffffffb8]5[0xffffffef][0xffffff85][0x1][0xffffffbf]1J[0xffffffdc]I[0xffffff94][0xffffffd0](2[0xffffff94]p[0xffffff81]d([0xffffffa1][0xffffffb1][0xffffffac][0xffffffa7][0xffffffc4][0x1a][0xffffffce]jJ[0xffffffac][0x11]M[0xffffffa2][0xffffff84])O[0xffffff96][0x12][0xffffffb6]KYJ[0xffffff98]j[0xffffffe5](!MKQB[0xffffff8a]w[0xffffff8b][0x12][0xffffffba]+[0xffffffc1]R[0x2][0xffffffde][0xffffff95]h[0x1]k[0xffffff97][0xffffffcd]L[0xffffffb2][0xffffff95][0x6][0x1c][0xffffffda][0xffffff95]h2[0xffffffba][0xffffffc6]R"bW[0xffffffc2][0x6][0xffffff92][0xffffffa2][0x4][0xffffffbe]+![0xffffffe1][0xffffffac][0xffffffa7]D[0xffffffec][0xffffffae][0xffffff84]+O[0xffffff9a][0x12]i[0xffffffbb][0x12][0xffffffae]ZIJd[0xffffffec]Jh[0xfffffff1]nP[0xffffffc2][0xffffffad]][0xffffffde][0x17][0xfffffff7][0x3][0x7][0xffffffbe]v[0xffffffd9][0x2][0xffffffd6].[0xffffff9b][0xffffff99]d+[0xc]8[0xffffffb6]v[0xffffffd9]dt[0xffffff8d][0xffffffa4]D[0xffffffc8][0xffffffda][0xffffffa5][\r]$C[0xffffff89][0xffffff80][0xffffffb5]K[0x9]g5%[0xffffff82][0xffffffd7].]y[0xffffffb2][0xffffff94][0xffffffc8][[0xffffffbb]t[0xffffffd5][0xffffffca]Q"e[0xffffffed]R[0xffffff8b][0xfffffff7][0xfffffff7])[0xffffffd1][0xffffffdd][0xffffffae][0xffffffc4][0xffffffd3]:[0xfffffff5][0xffffffda]e[0xffffffc7]w%z[0xffffffc0][0xffffffae]D7[0x1f]?[0xffffffd7][0x5][0xffffffbc]c[0xffffffbb][0x12]]]]><![CDATA[>o[0x6])a[0xffffffa2][0xffffff88]P[0xffffffc2][0x6][0x12][0xffffffa1][0xffffff84][0xffffff89]e9%$[0xffffff9c][0xffffffc5][0xffffff94][0xffffff90][0xffffff88][0x6]Q[0xffffffc2][0xffffff95]'J[0x9][0xffffffdf][0xffffffa5](%\[0xffffffb5]b[0xffffff94][0xffffffd0][0xffffffa6][0xffffff85]([0xffffffa1][0xffffffc5][0xffffffbb]A[0x9][0xffffffb7]+[0xfffffff1][0xffffffdc]/[0xffffffea][0x7][0xffffff8e][0xffffff8e][0xffffffef]J[0xfffffff4][0xffffff80]][0xffffff89]n>~.[0xc]8[0xffffffb6]+[0xffffffd1][0xffffffe5][0xfffffff3]f[0xffffff92][0x12]![0xffffffbb][0x12]6[0xffffff90][0xc]%[0x2]v%$[0xffffff9c][0xffffffd5][0xffffff94][0x8][0xffffffde][0xffffff95]p[0xffffffe5][0xffffffc9]R"oW[0xffffffc2]U+G[0xffffff89][0xffffff94]][0x9]-[0xffffffde][\r]J[0xffffffb8]][0xffffff89][0xffffffe7][0x19][0xffffffd4][0xffffffc9][0xffffffa0][0x1d][0xffffffdf][0xffffff95][0xffffffe8][0x1][0xffffffbb][0x12][0xffffffdd]|[0xfffffffc]\[0x18]plW[0xffffffa2][0xffffffcb][0xffffffe7][0xffffffcd]$%Bv%l [0x19]J[0x4][0xffffffec]JH8[0xffffffab])[0x11][0xffffffbc]+[0xffffffe1][0xffffffca][0xffffff93][0xffffffa5]D[0xffffffde][0xffffffae][0xffffff84][0xffffffab]V[0xffffff8e][0x12])[0xffffffbb][0x12]Z[0xffffffbc][0x1b][0xffffff94]p[0xffffffbb][0x12][0xfffffff3][0xfffffff5]`[0xffffff94][0xffffffc0]w%z[0xffffffc0][0xffffffae]D7[0x1f]?[0x17][0x6][0x1c][0xffffffdb][0xffffff95][0xffffffe8][0xfffffff2]y3I[0xffffff89][0xffffff90]][0x9][0x1b]H[0xffffff86][0x12][0x1][0xffffffbb][0x12][0x12][0xffffffce]jJ[0x4][0xffffffef]J[0xffffffb8][0xfffffff2]d)[0xffffff91][0xffffffb7]+[0xffffffe1][0xffffffaa][0xffffff95][0xffffffa3]D[0xffffffca][0xffffffae][0xffffff84][0x16][0xffffffef][0x6]%[0xffffff86][0xffffffa3][0xffffffc4]qb[0xffffff94][0x18]8%F[0x0]%[0xffffff86][0xffffffe6][0xffffffbd]0[0xffffffe0][0x3][0xffffffa3][0xffffffc4]H[0xffffffa2][0xffffff84]F[0xffffff91][0xffffffa1][0xffffff84][0xb]$C[0x9][0xffffff8d]e=%[0xffffffd6]pVSb[0xffffff8d]h[0x12]%Ly[0xffffffb2][0xffffff94][0xffffffb0]][0xffffffca]R[0xffffffc2]T+G[0x9]iZ[0xffffff8a][0x12]R[0xffffffbc][0x1b][0xffffff94]8[0x1d]%[0xffffffda][0xffffff8b]:[0x19][0xfffffff4][0xfffffff3]~`J[0xffffff9c][0x1][0xffffff94]85[0xffffffef][0xffffff85][0x1]?1J[0xffffff9c]I[0xffffff94][0xffffffd0](2[0xffffff94]p[0xffffff81]d([0xffffffa1][0xffffffb1][0xffffffac][0xffffffa7][0xffffffc4][0x1a][0xffffffce]jJ[0xffffffac][0x11]M[0xffffffa2][0xffffff84])O[0xffffff96][0x12][0xffffffb6]KYJ[0xffffff98]j[0xffffffe5](!MKQB[0xffffff8a]w[0xffffff83][0x12]n[0xffffffed]r[0xffffffb6][0xffffff93]:[0xffffff83][0xffffffa3][0xffffffe3]k[0xffffff97]=`[0xffffffed][0xffffffb2][0xffffff9b]I[0xffffffb6][0xffffffc2][0xffffff80]ck[0xffffff97]]F[0xffffffd7]HJ[0xffffff84][0xffffffac]][0xffffffda]@2[0xffffff94][0x8]X[0xffffffbb][0xffffff94]pVS"x[0xffffffed][0xffffffd2][0xffffff95]'K[0xffffff89][0xffffffbc][0xffffffb5]KW[0xffffffad][0x1c]%R[0xffffffd6].[0xffffffb5]x7(q;J[0xfffffff4][0x3][0xfffffffb][0x18][0xfffffff4][0xffffffc6])q[0x7]P[0xffffffe2][0xffffffd6][0xffffffbc][0x17][0x6][0xfffffffc][0xffffffc6](q'QB[0xffffffa3][0xffffffc8]P[0xffffffc2][0x5][0xffffff92][0xffffffa1][0xffffff84][0xffffffc6][0xffffffb2][0xffffff9e][0x12]k8[0xffffffab])[0xffffffb1]F4[0xffffff89][0x12][0xffffffa6]<YJ[0xffffffd8].e)a[0xffffffaa][0xffffff95][0xffffffa3][0xffffff84]4-E[0x9])[0xffffffde][\r]J[0xffffffb8][0xffffff89][0xffffffaa]9:[0xfffffff6][0xffffffae][0x4]>Q[0xffffffd5][0x3]&[0xffffffaa][0xffffffba][0xffffffd9]Q)[0xc]86Q[0xffffffd5]e)[0xffffff85][0xffffffa4]D[0xffffffc8]D[0xffffff95][\r]$C[0xffffff89][0xffffff80][0xffffff89]*[0x9]g5%[0xffffff82]'[0xffffffaa]\y[0xffffffb2][0xffffff94][0xffffffc8][0xffffff9b][0xffffffa8]r[0xffffffd5][0xffffffca]Q"e[0xffffffa2]J[0xffffff8b]w[0xffffff83][0x12][0xffffffd3]Q[0xffffffe2][0xffffff9a][0xffffff9d][0xffffffa2][0xffffffc4][0xffffffc4])1[0x3](15[0xffffffef][0xffffff85][0x1][0xffffff9f][0x18]%f[0x12]%4[0xffffff8a][0xc]%\ [0x19]Jh,[0xffffffeb])[0xffffffb1][0xffffff86][0xffffffb3][0xffffff9a][0x12]kD[0xffffff93](a[0xffffffca][0xffffff93][0xffffffa5][0xffffff84][0xffffffed]R[0xffffff96][0x12][0xffffffa6]Z9JH[0xffffffd3]R[0xffffff94][0xffffff90][0xffffffe2][0xfffffffd]}J[0xffffff8c][0xffffffe3][0xffffffff][0xfffffffa]J[0xffffff89][0xfffffff3]u<[0x3][0xffffffa2][0xffffffc4][0xffffffe7][0xfffffffd][0xffffffb0][0xffffff94][0xfffffff8][0xffffffba][0x3][0xffffff98][0x12][0xffffffff][0xffffffde][0x3]B[0xffffff89][0xffffffaf][0xffffffab]#[0xffffff94][0xfffffff8][0xffffffe7][0xffffffca][0x11][0xffffff94]0QD(a[0x3][0xffffff89]P[0xffffffc2][0xffffffc4][0xffffffb2][0xffffff9c][0x12][0x12][0xffffffce]bJHD[0xffffff83]([0xffffffe1][0xffffffca][0x13][0xffffffa5][0xffffff84][0xffffffef]R[0xffffff94][0x12][0xffffffae]Z1Jh[0xffffffd3]B[0xffffff94][0xffffffd0][0xffffffe2][0xffffffdd][0xffffffa0][0xffffff84][0xffffff99][0xffffffa8]:_[0xffffffe3][0xffffffa6][0xffffffd6].[0x7]>Q5[0x2]&[0xffffffaa][0xffffff86][0xffffffd9]Q)[0xc]86Q5d)[0xffffff85][0xffffffa4]D[0xffffffc8]D[0xffffff95][\r]$C[0xffffff89][0xffffff80][0xffffff89]*[0x9]g5%[0xffffff82]'[0xffffffaa]\y[0xffffffb2][0xffffff94][0xffffffc8][0xffffff9b][0xffffffa8]r[0xffffffd5][0xffffffca]Q"e[0xffffffa2]J[0xffffff8b]w[0xffffff83][0x12]f[0xffffffa2][0xffffffea]|[0xffffffcd][0xffffffa3]Q[0xffffff94][0xffffffc0]'[0xffffffaa]F[0xffffffc0]D[0xffffffd5]0;*[0xffffff85][0x1][0xffffffc7]&[0xffffffaa][0xffffff86],[0xffffffa5][0xffffff90][0xffffff94][0x8][0xffffff99][0xffffffa8][0xffffffb2][0xffffff81]d([0x11]0Q%[0xffffffe1][0xffffffac][0xffffffa6]D[0xfffffff0]D[0xffffff95]+O[0xffffff96][0x12]y[0x13]U[0xffffffae]Z9J[0xffffffa4]LTi[0xfffffff1]nP[0xffffffc2]LT[0xffffff9d][0xffffffc7][0xffffffeb][0xffffffa2][0xffffffde][0xffffff95][0x18][0xfffffff8]D[0xffffffd5][0x8][0xffffff98][0xffffffa8][0x1a]fG[0xffffffa5]0[0xffffffe0][0xffffffd8]D[0xffffffd5][0xffffff90][0xffffffa5][0x14][0xffffff92][0x12]![0x13]U6[0xffffff90][0xc]%[0x2]&[0xffffffaa]$[0xffffff9c][0xffffffd5][0xffffff94][0x8][0xffffff9e][0xffffffa8]r[0xffffffe5][0xffffffc9]R"o[0xffffffa2][0xffffffca]U+G[0xffffff89][0xffffff94][0xffffff89]*-[0xffffffde][\r]J[0xffffff98][0xffffff89][0xffffffaa][0xfffffff3][0xffffffb8].jWb[0xffffffe0][0x13]U#`[0xffffffa2]j[0xffffff98][0x1d][0xffffff95][0xffffffc2][0xffffff80]c[0x13]UC[0xffffff96]RHJ[0xffffff84]LT[0xffffffd9]@2[0xffffff94][0x8][0xffffff98][0xffffffa8][0xffffff92]pVS"x[0xffffffa2][0xffffffca][0xffffff95]'K[0xffffff89][0xffffffbc][0xffffff89]*W[0xffffffad][0x1c]%R&[0xffffffaa][0xffffffb4]x7(a&[0xffffffaa][0xffffffce][0xffffffd6][0xffffff8e][0x17]E[0x9]|[0xffffffa2]j[0x4]LT[\r][0xffffffb3][0xffffffa3]R[0x18]pl[0xffffffa2]j[0xffffffc8]R[\n]"
08:17:55.187 [TestNG-PoolService-3] DEBUG org.apache.hc.client5.http.wire -- http-outgoing-4 << "I[0xffffff89][0xffffff90][0xffffff89]*[0x1b]H[0xffffff86][0x12][0x1][0x13]U[0x12][0xffffffce]jJ[0x4]OT[0xffffffb9][0xfffffff2]d)[0xffffff91]7Q[0xffffffe5][0xffffffaa][0xffffff95][0xffffffa3]D[0xffffffca]D[0xffffff95][0x16][0xffffffef][0x6]%nK[0xffffff89]{P[0xffffff94][0xffffffb8]qJ[0xffffffdc][0x1][0xffffff94][0xffffffb8]5[0xffffffef][0xffffff85][0x1][0xffffffbf]1J[0xffffffdc]I[0xffffff94][0xffffffd0](2[0xffffff94]p[0xffffff81]d([0xffffffa1][0xffffffb1][0xffffffac][0xffffffa7][0xffffffc4][0x1a][0xffffffce]jJ[0xffffffac][0x11]M[0xffffffa2][0xffffff84])O[0xffffff96][0x12][0xffffffb6]KYJ[0xffffff98]j[0xffffffe5](!MKQB[0xffffff8a]w[0xffffff83][0x12]f[0xffffffa2][0xffffffea]l[0xffffffbd]Q[0x13]U[0x3][0xffffff9f][0xffffffa8][0x1a][0x1][0x13]U[0xffffffc3][0xffffffec][0xffffffa8][0x14][0x6][0x1c][0xffffff9b][0xffffffa8][0x1a][0xffffffb2][0xffffff94]BR"d[0xffffffa2][0xffffffca][0x6][0xffffff92][0xffffffa1]D[0xffffffc0]D[0xffffff95][0xffffff84][0xffffffb3][0xffffff9a][0x12][0xffffffc1][0x13]U[0xffffffae]<YJ[0xffffffe4]MT[0xffffffb9]j[0xffffffe5]([0xffffff91]2Q[0xffffffa5][0xffffffc5][0xffffffbb]A[0x9]3Q[0xfffffff5]A[0xffffff89][0xffffff8b]:[0xffffffce]k[0xffffffe0][0x13]U#`[0xffffffa2]j[0xffffff98][0x1d][0xffffff95][0xffffffc2][0xffffff80]c[0x13]UC[0xffffff96]RHJ[0xffffff84]LT[0xffffffd9]@2[0xffffff94][0x8][0xffffff98][0xffffffa8][0xffffff92]pVS"x[0xffffffa2][0xffffffca][0xffffff95]'K[0xffffff89][0xffffffbc][0xffffff89]*W[0xffffffad][0x1c]%R&[0xffffffaa][0xffffffb4]x[0x7f][0xffffff9f][0x12][0xffffffe7][0xffffffcb]Qb<7D[0xffffff89][0xffffffcf][0xfffffffb]a)[0xfffffff1]u[0x7]0%[0xfffffffe][0xffffffbd][0x7][0xffffff84][0x12]_WG([0xfffffff1][0xffffffcf][0xffffff95]#(a[0xffffffa2][0xffffff88]P[0xffffffc2][0x6][0x12][0xffffffa1][0xffffff84][0xffffff89]e9%$[0xffffff9c][0xffffffc5][0xffffff94][0xffffff90][0xffffff88][0x6]Q[0xffffffc2][0xffffff95]'J[0x9][0xffffffdf][0xffffffa5](%\[0xffffffb5]b[0xffffff94][0xffffffd0][0xffffffa6][0xffffff85]([0xffffffa1][0xffffffc5][0xffffffbb]A[0xffffff89][0xffffffc3]P[0xffffffa2][0xffffffbf][0xffffffb0]38>[0xffffffef][0x7][0xffffffa6][0xffffffc4][0x11]@[0xffffff89]C[0xfffffff3]^[0x18][0xfffffff0][0x3][0xffffffa3][0xffffffc4][0xffffff91]D[0x9][0xffffff8d]"C[0x9][0x17]H[0xffffff86][0x12][0x1a][0xffffffcb]zJ[0xffffffac][0xffffffe1][0xffffffac][0xffffffa6][0xffffffc4][0x1a][0xffffffd1]$J[0xffffff98][0xfffffff2]d)a[0xffffffbb][0xffffff94][0xffffffa5][0xffffff84][0xffffffa9]V[0xffffff8e][0x12][0xffffffd2][0xffffffb4][0x14]%[0xffffffa4]x[0xffffffb7]([0xffffffa1][0xffffffc3][0xffffffd9],%[0xffffffe0][0xffffffe1][0xffffffec]3`8[0xfffffffb]4[0xffffffeb][0xffffffae][0xffffffa5][0x1][0xffffff87][0xffffff86][0xffffffb3]O[0xffffffd9]oe)[0x11]1[0xffffff9c]m[0x3]IQ[0x2][0x1f][0xffffffce][0xffffff96]p[0xffffffd6]S"v8[0xffffffdb][0xffffff95]'M[0xffffff89][0xffffffb4][0xffffffe1]lW[0xffffffad]$%2[0xffffff86][0xffffffb3][0xffffffb5]x[0xffffffb7](q[0xffffff86]Q[0xffffffe2][0xffffffc4])q[0x6]P[0xffffffe2]D)qb[0xffffff94]8[0xffffff93]([0xffffffb1]F[0xffffff91][0xffffffa2][0xffffff84][0x6][0xffffff92][0xffffffa2][0xffffffc4][0x1a]K[0xffffff82][0x12]'L[0xffffff89]3[0xffffff98][0x12]R[0xffffff9e]4%L[0xffffff97][0xffffffd2][0xffffff94][0xffffff90]j%)q[0xffffffa6]P[0xffffffe2][0xfffffffc][0xb][0xffffff94][0xffffffb8][0xffffffc2](q[0xffffffe1][0xffffff94][0xffffffb8][0x2](q[0xffffffa1][0xffffff94][0xffffffb8]0J\I[0xffffff94]X[0xffffffa3]HQB[0x3]IQb[0xffffff8d]%A[0xffffff89][0xb][0xffffffa6][0xffffffc4][0x15]L[0x9])O[0xffffff9a][0x12][0xffffffa6]KiJH[0xffffffb5][0xffffff92][0xffffff94][0xffffffb8]R(q[0xfffffffd][0x5]J[0x1c]i[0xffffff8f]%[0xe][0xfffffffe][0xffffffb9][0xffffffc4][0xffffff91][0xfffffff0]`[0xffffffe2]`[0xffffff9f]L[0x1c][0xffffffdc][0xffffffa3][0xffffff89]#[0xffffffea][0xffffffd9][0xffffff84][0xffffffe4][0xffffff91][0x12][0xffffff85]I%E[\n]"
08:17:55.187 [TestNG-PoolService-2] DEBUG org.apache.hc.client5.http.wire -- http-outgoing-5 << "R[0xffffffc2]W+D[0x9][0xffffffd7][0xffffffb4][0x8]%\[0xfffffff1]nP[0xffffffa2]9J|0[0xffffff85][0xffffffa2]D[0xffffffc3])[0xffffffd1][0x2]([0xffffffd1]4[0xffffffef][0xffffff85][0x1]o[0x18]%Z[0x12]%4[0xffffff8a][0xc]%\ [0x19]Jh,[0xffffffeb])[0xffffffb1][0xffffff86][0xffffffb3][0xffffff9a][0x12]kD[0xffffff93](a[0xffffffca][0xffffff93][0xffffffa5][0xffffff84][0xffffffed]R[0xffffff96][0x12][0xffffffa6]Z9JH[0xffffffd3]R[0xffffff94][0xffffff90][0xffffffe2][0xffffffdd][0xffffffa0]D7[0xffffff94][0xffffffb8][0xffffff8f]W[0xfffffffd]K[0xffffff99]?[0xffffffef][0x7][0xffffffa6]D[0xf][0xffffffa0]D[0xffffffd7][0xffffffbc][0x17][0x6][0xffffffbc]c[0xffffff94][0xffffffe8]I[0xffffff94][0xffffffd0](2[0xffffff94]p[0xffffff81]d([0xffffffa1][0xffffffb1][0xffffffac][0xffffffa7][0xffffffc4][0x1a][0xffffffce]jJ[0xffffffac][0x11]M[0xffffffa2][0xffffff84])O[0xffffff96][0x12][0xffffffb6]KYJ[0xffffff98]j[0xffffffe5](!MKQB[0xffffff8a]w[0xffffff83][0x12][0xffffffc3]Q[0xffffffa2]M[0xffffff8c][0x12][0x3][0xffffffa7][0xffffffc4][0x8][0xffffffa0][0xffffffc4][0xffffffd0][0xffffffbc][0x17][0x6]|`[0xffffff94][0x18]I[0xffffff94][0xffffffd0](2[0xffffff94]p[0xffffff81]d([0xffffffa1][0xffffffb1][0xffffffac][0xffffffa7][0xffffffc4][0x1a][0xffffffce]jJ[0xffffffac][0x11]M[0xffffffa2][0xffffff84])O[0xffffff96][0x12][0xffffffb6]KYJ[0xffffff98]j[0xffffffe5](!MKQB[0xffffff8a]w[0xffffff83][0x12][0xffffffa7][0xffffffa3][0xffffffc4][0xfffffff5][0x1c][0x14]%N[0xffffff9c][0x12]g[0x0]%N[0xffffffcd]{a[0xffffffc0]O[0xffffff8c][0x12]g[0x12]%4[0xffffff8a][0xc]%\ [0x19]Jh,[0xffffffeb])[0xffffffb1][0xffffff86][0xffffffb3][0xffffff9a][0x12]kD[0xffffff93](a[0xffffffca][0xffffff93][0xffffffa5][0xffffff84][0xffffffed]R[0xffffff96][0x12][0xffffffa6]Z9JH[0xffffffd3]R[0xffffff94][0xffffff90][0xffffffe2][0xffffffdd][0xffffffa0][0xffffffc4][0xffffffe5]([0xfffffff1]a[0x9][0xffffff8a][0x12][0x17]N[0xffffff89]+[0xffffff80][0x12][0xffffff97][0xffffffe6][0xffffffbd]0[0xffffffe0][0x17]F[0xffffff89]+[0xffffff89][0x12][0x1a]E[0xffffff86][0x12].[0xffffff90][0xc]%4[0xffffff96][0xfffffff5][0xffffff94]X[0xffffffc3]YM[0xffffff89]5[0xffffffa2]I[0xffffff94]0[0xffffffe5][0xffffffc9]R[0xffffffc2]v)K[0x9]S[0xffffffad][0x1c]%[0xffffffa4]i)JH[0xfffffff1]nP[0xffffffe2]v[0xffffff94]x[0xffffffda]EQ[0xffffffe2][0xffffffc6])q[0x7]P[0xffffffe2][0xffffffd6][0xffffffbc][0x17][0x6][0xfffffffc][0xffffffc6](q'QB[0xffffffa3][0xffffffc8]P[0xffffffc2][0x5][0xffffff92][0xffffffa1][0xffffff84][0xffffffc6][0xffffffb2][0xffffff9e][0x12]k8[0xffffffab])[0xffffffb1]F4[0xffffff89][0x12][0xffffffa6]<YJ[0xffffffd8].e)a[0xffffffaa][0xffffff95][0xffffffa3][0xffffff84]4-E[0x9])[0xffffffde][\r]J<[0xffffff96][0x12]O[0xffffffa3]([0xfffffff1][0xffffffe0][0xffffff94]x[0x2]([0xfffffff1]h[0xffffffde][0xb][0x3][0xfffffffe]`[0xffffff94]x[0xffffff92]([0xffffffa1]Qd([0xffffffe1][0x2][0xffffffc9]PBcYO[0xffffff89]5[0xffffff9c][0xffffffd5][0xffffff94]X#[0xffffff9a]D[0x9]S[0xffffff9e],%l[0xffffff97][0xffffffb2][0xffffff94]0[0xffffffd5][0xffffffca]QB[0xffffff9a][0xffffff96][0xffffffa2][0xffffff84][0x14][0xffffffef][0x6]%[0xffffffdc][0xffffffda][0xffffffe5]=[0x7][0xfffffff6]T[0x2]^[0xffffffbb][0xfffffffc]q[0x7]4%[0xffffffc0][0xffffffb5][0xffffffcb][0x1f]Wg([0xffffff91][0xffffffb3]vi[0xffffffa3][0xffffffc8]P"d[0xffffffed][0xffffffd2][0xffffffc6][0xffffffb2][0xffffff9e][0x12][0xffffffe8][0xffffffda][0xffffffa5][0xffffff89]h[0x12]%[0xffffffb2][0xffffffd6].[0xffffffdf]u)K[0xffffff89][0xffffff9c][0xffffffb5]K[0xffffffd7][0xffffffb4][0x14]%[0xfffffffe]x[0xffffffed][0xfffffff2]~[0x1d]n[0xffffffa2][0xffffffea]y=[0xffffffd4]D[0xffffffd5][0xffffff81]OT[0x1d][0x1][0x13]U[0xffffff87][0xffffffd9]Q[0xffffffa9][0xb][0xfffffff8][0xffffff81]MT[0x1d][0xffffffb2][0xffffff94][0x2]R[0xffffffc2]D[0x11][0xffffffa1][0xffffff84][\r]$B[0x9][0x13][0xffffffcb]rJH8[0xffffff8b])![0x11][\r][0xffffffa2][0xffffff84]+O[0xffffff94][0x12][0xffffffbe]KQJ[0xffffffb8]j[0xffffffc5]([0xffffffa1]M[0xb]QB[0xffffff8b]w[0xffffff8b][0x12]-[0xffffff8c][0x12][0xffffffe8]p[0xfffffff6][0xffffff8f];[0xffffffe0])[0xffffff81][\r]g[0xffffffff][0xffffffb8]:E[0xffffff89][0xffffff94][0xffffffe1]l[0x1b]E[0xffffff8a][0x12][0x11][0xffffffc3][0xffffffd9]6[0xffffff96][0x4]%[0xffffffc0][0xffffffe1]l[0x13][0xffffffd1],J$[\r]g[0xffffffbf][0xffffffeb]R[0xffffff9a][0x12])[0xffffffc3][0xffffffd9][0xffffffae]i9J[0xfffffffc][0xfffffff1]p[0xfffffff6]q[0xffffffb8][0xffffffa7][0x12][0xffffffa3]w[0xffffff8a][0x12][0x7][0xfffffffe]T[0xffffffe2][0x8]x*q([0xffffff9d][0xb][0x3]~`O%[0xffffff8e][0xffffffa4][0xffffffa7][0x12][0x1a]E[0xffffff86][0x12].[0xffffff90][0xc]%4[0xffffff96][0xfffffff5][0xffffff94]X[0xffffffc3]YM[0xffffff89]5[0xffffffa2]I[0xffffff94]0[0xffffffe5][0xffffffc9]R[0xffffffc2]v)K[0x9]S[0xffffffad][0x1c]%[0xffffffa4]i)JH[0xfffffff1]nP[0xffffffc2][\r]g?[0xffffffd7][0xb][0xffffffa3][0x4]>[0xffffff9c]}[0x4][0xc]g[0x1f]f[0xffffffdd][0xffffffb5]0[0xffffffe0][0xffffffd8]p[0xfffffff6]![0xfffffffb][0xffffffad]$%B[0xffffff86][0xffffffb3]m [0x19]J[0x4][0xc]gK8[0xffffffab])[0x11]<[0xffffff9c][0xffffffed][0xffffffca][0xffffff93][0xffffffa5]D[0xffffffde]p[0xffffffb6][0xffffffab]V[0xffffff8e][0x12])[0xffffffc3][0xffffffd9]Z[0xffffffbc][[0xffffff94][0x18]a[0xffffff94][0x18]8%F[0x0]%[0x6]J[0xffffff89][0xffffff81]Qb$Qb[0xffffff8d]"E[0x9][\r]$E[0xffffff89]5[0xffffff96][0x4]%[0x6]L[0xffffff89][0x11]L[0x9])O[0xffffff9a][0x12][0xffffffa6]KiJH[0xffffffb5][0xffffff92][0xffffff94][0x18])[0xffffff94][0x18][0x7f]L[0x9]w[0x6][0xffffffc7]|[\r][0xffffff8c][0x12][0xfffffff8][0x19][0x1c]G[0xffffffc0][0x19][0x1c][0xffffff87][0x19][0xffffff8a]/[0xc]8v[0x6][0xffffffc7]!S[0xfffffff0]$%B[0xffffffce][0xffffffe0][0xffffffb0][0xffffff81]d([0x11]p[0x6][0xffffff87][0xffffff84][0xffffffb3][0xffffff9a][0x12][0xffffffc1]gp[0xffffffb8][0xfffffff2]d)[0xffffff91]w[0x6][0xffffff87][0xffffffab]V[0xffffff8e][0x12])gph[0xfffffff1]nQB_[0xffffffbb]d)A[0xffffffbf]v[0xffffffd9][0x3]^[0xffffffbb][0xffffffec][0xfffffffa]nPi[0xffffffc0][0xffffffa9][0xffffffd7].{[0xffffffd2]k[0xffffff97][0x1a]E[0xffffff8a][0x12])[0xffffffaf]]j,[0x9]J[0xffffffb0][0xffffffaf]][0xffffffae][0x11][0xffffffcd][0xffffffa2]D[0xffffffd8]k[0xffffff97][0xffffffb6]KiJ[0x4][0xffffffbd]v)M[0xffffffcb]Q[0xffffffe2][0xffffffcf]_[0xffffffbb]t[0xffffffc7]y[0xffffffcd][0xffffffc6]Q[0x2]?[0xffffffce][0xffffffeb][0x8]8[0xffffffce][0xffffffeb]0g[0xffffffce][0x14][0x6][0x1c];[0xffffffce][0xffffffeb][0xffffff90]SeHJ[0xffffff84][0x1c][0xffffffe7]e[0x3][0xffffffc9]P"[0xffffffe0]8/[0x9]g5%[0xffffff82][0xffffff8f][0xfffffff3]r[0xffffffe5][0xffffffc9]R"[0xffffffef]8/W[0xffffffad][0x1c]%R[0xffffff8e][0xfffffff3][0xffffffd2][0xffffffe2][0xffffffdd][0xffffffa0][0xffffffc4][0xffffffe9]([0xffffffd1][0xffffffb1]38>[0xffffffef][0x7][0xffffffa6][0xffffffc4][0x19]@[0xffffff89]S[0xfffffff3]^[0x18][0xfffffff0][0x13][0xffffffa3][0xffffffc4][0xffffff99]D[0x9][0xffffff8d]"C[0x9][0x17]H[0xffffff86][0x12][0x1a][0xffffffcb]zJ[0xffffffac][0xffffffe1][0xffffffac][0xffffffa6][0xffffffc4][0x1a][0xffffffd1]$J[0xffffff98][0xfffffff2]d)a[0xffffffbb][0xffffff94][0xffffffa5][0xffffff84][0xffffffa9]V[0xffffff8e][0x12][0xffffffd2][0xffffffb4][0x14]%[0xffffffa4]x7([0xffffffe1][0xffffff8e][0xfffffff3][0xffffff9a][0xfffffff7]5)J[0xffffffe0][0xffffffc7]y[0x1d][0x1][0xffffffc7]y[0x1d][0xffffffe6][0xffffffcc][0xffffff99][0xffffffc2][0xffffff80]c[0xffffffc7]y[0x1d]r[0xffffffaa][0xc]I[0xffffff89][0xffffff90][0xffffffe3][0xffffffbc]l [0x19]J[0x4][0x1c][0xffffffe7]%[0xffffffe1][0xffffffac][0xffffffa6]D[0xfffffff0]q^[0xffffffae]<YJ[0xffffffe4][0x1d][0xffffffe7][0xffffffe5][0xffffffaa][0xffffff95][0xffffffa3]D[0xffffffca]q^Z[0xffffffbc][0x1b][0xffffff94]0[0xffffffc7]y[0xffffffb5][0xf][0xffffffa4][0xffffffdc][0x14]%[0xfffffff0][0xffffffe3][0xffffffbc][0xffffff8e][0xffffff80][0xffffffe3][0xffffffbc][0xe]s[0xffffffe6]La[0xffffffc0][0xffffffb1][0xffffffe3][0xffffffbc][0xe]9U[0xffffff86][0xffffffa4]D[0xffffffc8]q^6[0xffffff90][0xc]%[0x2][0xffffff8e][0xfffffff3][0xffffff92]pVS"[0xfffffff8]8/W[0xffffff9e],%[0xfffffff2][0xffffff8e][0xfffffff3]r[0xffffffd5][0xffffffca]Q"[0xffffffe5]8/-[0xffffffde][\r]J[0xffffff98][0xffffffe3][0xffffffbc][0xffffffda]k[0xffffff9c][0xffffffd8]S[0x9][0xfffffffc]8[0xffffffaf]#[0xffffffe0]8[0xffffffaf][0xffffffc3][0xffffff9c]9S[0x18]p[0xffffffec]8[0xffffffaf]CN[0xffffff95]!)[0x11]r[0xffffff9c][0xffffff97][\r]$C[0xffffff89][0xffffff80][0xffffffe3][0xffffffbc]$[0xffffff9c][0xffffffd5][0xffffff94][0x8]>[0xffffffce][0xffffffcb][0xffffff95]'K[0xffffff89][0xffffffbc][0xffffffe3][0xffffffbc]\[0xffffffb5]r[0xffffff94]H9[0xffffffce]K[0xffffff8b]w[0xffffff83][0x12][0xffffffe6]8[0xffffffaf][0xfffffff6][0xffffffba][0xffffffef]AQ[0x2]?[0xffffffce][0xffffffeb][0x8]8[0xffffffce][0xffffffeb]0g[0xffffffce][0x14][0x6][0x1c];[0xffffffce][0xffffffeb][0xffffff90]SeHJ[0xffffff84][0x1c][0xffffffe7]e[0x3][0xffffffc9]P"[0xffffffe0]8/[0x9]g5%[0xffffff82][0xffffff8f][0xfffffff3]r[0xffffffe5][0xffffffc9]R"[0xffffffef]8/W[0xffffffad][0x1c]%R[0xffffff8e][0xfffffff3][0xffffffd2][0xffffffe2][0xfffffffd]}J4s[0xffffff9c]W{=[0xffffff9d]z[0xffffffed][0xffffffb2][0xffffffe1][0xffffffc7]y[0xffffffb5][0xffffff80][0xffffffe3][0xffffffbc][0xffffff9a]9s[0xffffffa6].[0xffffffe0][\r];[0xffffffce][0xffffffab][0xffffffc9][0xffffffa9]2 %L[0x14][0x11]J[0xffffffd8]@"[0xffffff94]0[0xffffffb1],[0xffffffa7][0xffffff84][0xffffff84][0xffffffb3][0xffffff98][0x12][0x12][0xffffffd1] J[0xffffffb8][0xfffffff2]D)[0xffffffe1][0xffffffbb][0x14][0xffffffa5][0xffffff84][0xffffffab]V[0xffffff8c][0x12][0xffffffda][0xffffffb4][0x10]%[0xffffffb4]x7(a[0xffffffce][0xffffffe0]h[0xffffffc7][0xffffffd1][0xffffffa8][0x1f]8[0x1a]~[0x6]G[0xb]8[0xffffff83][0xffffffa3][0xffffff99][0xffffffa1][0xfffffff8][0xffffffc2][0xffffff80]cgp4[0xffffff99][0xffffff82]')[0x11]r[0x6][0xffffff87][\r]$C[0xffffff89][0xffffff80]38$[0xffffff9c][0xffffffd5][0xffffff94][0x8]>[0xffffff83][0xffffffc3][0xffffff95]'K[0xffffff89][0xffffffbc]38\[0xffffffb5]r[0xffffff94]H9[0xffffff83]C[0xffffff8b]w[0xffffff83][0x12][0xffffffe6][0xc][0xffffff8e][0xfffffff6][0xfffffff1][0x7f][0xffffff9e][0x14]%[0xfffffff0]38Z[0xffffffc0][0x19][0x1c][0xffffffcd][0xc][0xffffffc5][0x17][0x6][0x1c];[0xffffff83][0xffffffa3][0xffffffc9][0x14]<I[0xffffff89][0xffffff90]38l [0x19]J[0x4][0xffffff9c][0xffffffc1]![0xffffffe1][0xffffffac][0xffffffa6]D[0xfffffff0][0x19][0x1c][0xffffffae]<YJ[0xffffffe4][0xffffff9d][0xffffffc1][0xffffffe1][0xffffffaa][0xffffff95][0xffffffa3]D[0xffffffca][0x19][0x1c]Z[0xffffffbc][0x1b][0xffffff94]0[0xffffffc3][0xffffffd9][0xffffffed][0xffffffb8];F[0x9]|8[0xffffffbb][0x5][0xc]g7[0xffffffb3][0xffffffee]Z[0x18]pl8[0xffffffbb][0xffffffc9]~+I[0xffffff89][0xffffff90][0xffffffe1]l[0x1b]H[0xffffff86][0x12][0x1][0xffffffc3][0xffffffd9][0x12][0xffffffce]jJ[0x4][0xf]g[0xffffffbb][0xfffffff2]d)[0xffffff91]7[0xffffff9c][0xffffffed][0xffffffaa][0xffffff95][0xffffffa3]D[0xffffffca]p[0xffffffb6][0x16][0xffffffef][0x6]%[0xffffffcc][0xffffffda]e;[0xffffffe6][0xb][0xfffffffb][0xffffff81][0x3]_[0xffffffbb]l[0x1]k[0xffffff97][0xffffffcd]L[0xffffffb2][0x15][0x6][0x1c][[0xffffffbb]l2[0xffffffba]FR"d[0xffffffed][0xffffffd2][0x6][0xffffff92][0xffffffa1]D[0xffffffc0][0xffffffda][0xffffffa5][0xffffff84][0xffffffb3][0xffffff9a][0x12][0xffffffc1]k[0xffffff97][0xffffffae]<YJ[0xffffffe4][0xffffffad]][0xffffffba]j[0xffffffe5]([0xffffff91][0xffffffb2]v[0xffffffa9][0xffffffc5][0xffffffbb]A[0xffffff89][0xffffffd3]P[0xffffffa2]u[0xffffffec]d[0xffffffd0][0xffffffcf][0xfffffffb][0xffffff81])q[0x6]P[0xffffffe2][0xffffffd4][0xffffffbc][0x17][0x6][0xfffffffc][0xffffffc4](q&QB[0xffffffa3][0xffffffc8]P[0xffffffc2][0x5][0xffffff92][0xffffffa1][0xffffff84][0xffffffc6][0xffffffb2][0xffffff9e][0x12]k8[0xffffffab])[0xffffffb1]F4[0xffffff89][0x12][0xffffffa6]<YJ[0xffffffd8].e)a[0xffffffaa][0xffffff95][0xffffffa3][0xffffff84]4-E[0x9])[0xffffffde][\r]J[0xffffff98][0xffffffb5][0xffffffcb][0xffffffd6][0xffffffc6][0xffffffd3](J[0xffffffe0]k[0xffffff97]-`[0xffffffed][0xffffffb2][0xffffff99]I[0xffffffb6][0xffffffc2][0xffffff80]ck[0xffffff97]MF[0xffffffd7]HJ[0xffffff84][0xffffffac]][0xffffffda]@2[0xffffff94][0x8]X[0xffffffbb][0xffffff94]pVS"x[0xffffffed][0xffffffd2][0xffffff95]'K[0xffffff89][0xffffffbc][0xffffffb5]KW[0xffffffad][0x1c]%R[0xffffffd6].[0xffffffb5]x7([0xffffffe1]&[0xffffffaa][0xfffffffa]k[0xffffffbe](J[0xffffffe0][0x13]U-`[0xffffffa2][0xffffffaa][0xffffff99][0x1d][0xffffff95][0xffffffc2][0xffffff80]c[0x13]UM[0xffffff96]RHJ[0xffffff84]LT[0xffffffd9]@2[0xffffff94][0x8][0xffffff98][0xffffffa8][0xffffff92]pVS"x[0xffffffa2][0xffffffca][0xffffff95]'K[0xffffff89][0xffffffbc][0xffffff89]*W[0xffffffad][0x1c]%R&[0xffffffaa][0xffffffb4]x7([0xffffffe1]&[0xffffffaa][0xfffffffa][0xffffff98][0x17]E[0x9]|[0xffffffa2][0xffffffaa][0x5]LT5[0xffffffb3][0xffffffa3]R[0x18]pl[0xffffffa2][0xffffffaa][0xffffffc9]R[\n]"
08:17:55.187 [TestNG-PoolService-3] DEBUG org.apache.hc.client5.http.wire -- http-outgoing-4 << "[0xffffffc9]&a[0xffffff8a][0xffffff83]~>q$?[0xffffffa0][0xffffffd0][0x1a][0xffffffa5]Y[0xffffffe1]Z[0xffffff95]v[0xffffff85][0xffffff96],[0x9][0xffffff8b][0xffffffb5]s9Y[0xffffffac][0x15][0xffffffbc]E[0xffffff8b]v[0xffffff87][0xffffffd1][0xffffffa2][0xffffffdd]8->n[0xffffff81][0xffffffa7][0xffffffc5][0xffffff8f][0xffffff9b][0xffffffa0]h[0xfffffff1]qy[0xffffff8a][0x16][0xffffffdf][0xffffff97]N[0xffffffa1][0xffffff85][0xffffffe4][0xffffff91][0xffffffa2][0xffffff85]I%E[0xb][0xffffffc9]&A[0xffffff8b]%[0xffffffa1][0xfffffff5][0xffffffb4]Xr[0xffffff9a]E[0xb][0xffffffad]Q[0xffffff9a][0x16][0xffffffae]UiZh[0xffffffc9][0xffffff92][0xffffffb4]X;[0xffffff97][0xffffffa3][0xffffffc5]Z[0xffffffc1][[0xffffffb4][0xfffffff8][0xfffffffa][0xffffffa7][0xffffff93]D[0xffffff8b][0xffffff8f][0x7f][0xffffffb2]4->n[0xffffff81][0xffffffa7][0xffffffc5][0xffffff8f][0xffffff9b][0xffffffa0]h[0xfffffff1]qy[0xffffff8a][0x16][0xffffffdf][0xffffff97]N[0xffffffa1][0xffffff85][0xffffffe4][0xffffff91][0xffffffa2][0xffffff85]I%E[0xb][0xffffffc9]&A[0xffffff8b]%[0xffffffa1][0xfffffff5][0xffffffb4]Xr[0xffffff9a]E[0xb][0xffffffad]Q[0xffffff9a][0x16][0xffffffae]UiZh[0xffffffc9][0xffffff92][0xffffffb4]X;[0xffffff97][0xffffffa3][0xffffffc5]Z[0xffffffc1][[0xffffffb4][0x18]i_[0xffffff8f][0xe][0xfffffffe][0xfffffff3][0xffffffd1][0xffffff8f][[0xffffffe0]i[0xfffffff1][0xffffffe3]&(Z[0xc][0xffffffee][0xb][0xffffffd2][0x11][0xfffffff5][0x9][0xffffffa9][0xffffffe4][0xffffff91][0xffffffa2][0xffffff85]I%E[0xb][0xffffffc9]&A[0xffffff8b]A[0x7f]F:[0xffffff92][0xffffffbf]#[0xffffffd5][0x1a][0xffffffa5]i[0xffffffe1]Z[0xffffff95][0xffffffa6][0xffffff85][0xffffff96],I[0xffffff8b][0xffffffb5]s9Z[0xffffffac][0x15][0xffffffbc]E[0xffffff8b]3[0xffffffed]][0xffffff8b][0xffffff93][0x7f][0xffffffd7][0xffffffe2]Lx[0xffffffd7][0xffffffe2]d[0xffffffdf][0xffffffb5]8[0xffffffb9]w-[0xffffffce][0xffffffa8]w-$[0xffffff8f][0x14]-L*)ZH6[0x9]Z[0xffffff9c][0xfffffff4][0xffffffbb][0x16]g[0xfffffff2][0xffffffbb][0x16]Z[0xffffffa3]4-\[0xffffffab][0xffffffd2][0xffffffb4][0xffffffd0][0xffffff92]%i[0xffffffb1]v.G[0xffffff8b][0xffffffb5][0xffffff82][0xffffffb7]h[0xfffffff1]5[0xffffffba][0xffffff9d]D[0xffffff8b][0xffffffeb][0xffffffc1]i[0xfffffff1]q[0xb]<-~[0xffffffdc][0x4]E[0xffffff8b][0xffffff8f][0xffffffcb]S[0xffffffb4][0xfffffff8][0xffffffbe]t[\n]"
08:17:55.187 [TestNG-PoolService-2] DEBUG org.apache.hc.client5.http.wire -- http-outgoing-5 << "I[0xffffff89][0xffffff90][0xffffff89]*[0x1b]H[0xffffff86][0x12][0x1][0x13]U[0x12][0xffffffce]jJ[0x4]OT[0xffffffb9][0xfffffff2]d)[0xffffff91]7Q[0xffffffe5][0xffffffaa][0xffffff95][0xffffffa3]D[0xffffffca]D[0xffffff95][0x16][0xffffffef][0xffffffef]S[0xffffffa2][0xffffffbb][0xffffff89][0xffffffaa]~[0xffffffde][0x7]D[0xffffff89][0xffffff8e]OT[0xfffffff5][0xffffff80][0xffffff89][0xffffffaa]nvT[0xffffffea][0x2][0xffffffde][0xffffffb1][0xffffff89][0xffffffaa].K) %L[0x14][0x11]J[0xffffffd8]@"[0xffffff94]0[0xffffffb1],[0xffffffa7][0xffffff84][0xffffff84][0xffffffb3][0xffffff98][0x12][0x12][0xffffffd1] J[0xffffffb8][0xfffffff2]D)[0xffffffe1][0xffffffbb][0x14][0xffffffa5][0xffffff84][0xffffffab]V[0xffffff8c][0x12][0xffffffda][0xffffffb4][0x10]%[0xffffffb4]x7([0xffffffe1]&[0xffffffaa][0xfffffffa][0xffffffd5][0xffffffa9][0x1f]8:>Q[0xffffffd5][0x3]&[0xffffffaa][0xffffffba][0xffffffd9]Q)[0xc]86Q[0xffffffd5]e)[0xffffff85][0xffffffa4]D[0xffffffc8]D[0xffffff95][\r]$C[0xffffff89][0xffffff80][0xffffff89]*[0x9]g5%[0xffffff82]'[0xffffffaa]\y[0xffffffb2][0xffffff94][0xffffffc8][0xffffff9b][0xffffffa8]r[0xffffffd5][0xffffffca]Q"e[0xffffffa2]J[0xffffff8b]w[0xffffff83][0x12]n[0xffffffa2][0xffffffaa]_7[0xfffffff5]1h[0xffffffc7]'[0xffffffaa]z[0xffffffc0]DU7;*[0xffffff85][0x1][0xffffffc7]&[0xffffffaa][0xffffffba],[0xffffffa5][0xffffff90][0xffffff94][0x8][0xffffff99][0xffffffa8][0xffffffb2][0xffffff81]d([0x11]0Q%[0xffffffe1][0xffffffac][0xffffffa6]D[0xfffffff0]D[0xffffff95]+O[0xffffff96][0x12]y[0x13]U[0xffffffae]Z9J[0xffffffa4]LTi[0xfffffff1]nP[0xffffffc2]MT[0xfffffff5][0xffffffbb]S[0xffffffef]Jt|[0xffffffa2][0xffffffaa][0x7]LTu[0xffffffb3][0xffffffa3]R[0x18]pl[0xffffffa2][0xffffffaa][0xffffffcb]R[\n]"
08:17:55.187 [TestNG-PoolService-3] DEBUG org.apache.hc.client5.http.wire -- http-outgoing-4 << "-$[0xffffff8f][0x14]-L*)ZH6[0x9]Z,[0x9][0xffffffad][0xffffffa7][0xffffffc5][0xffffff92][0xffffffd3],Zh[0xffffff8d][0xffffffd2][0xffffffb4]p[0xffffffad]J[0xffffffd3]BK[0xffffff96][0xffffffa4][0xffffffc5][0xffffffda][0xffffffb9][0x1c]-[0xffffffd6][\n]"
08:17:55.188 [TestNG-PoolService-2] DEBUG org.apache.hc.client5.http.wire -- http-outgoing-5 << "I[0xffffff89][0xffffff90][0xffffff89]*[0x1b]H[0xffffff86][0x12][0x1][0x13]U[0x12][0xffffffce]jJ[0x4]OT[0xffffffb9][0xfffffff2]d)[0xffffff91]7Q[0xffffffe5][0xffffffaa][0xffffff95][0xffffffa3]D[0xffffffca]D[0xffffff95][0x16][0xffffffef][0x6]%[0xffffffdc]DU[0x7f]N[0xffffffec][0x7][0xe]|[0xffffffa2][0xffffffaa][0x7]LTu[0xffffffb3][0xffffffa3]R[0x18]pl[0xffffffa2][0xffffffaa][0xffffffcb]R[\n]"
08:17:55.188 [TestNG-PoolService-3] DEBUG org.apache.hc.client5.http.wire -- http-outgoing-4 << "[0xffffffde][0xffffffa3][0xffffffc5]L[0xffffffa3][0xffffffc5][0xffffffe4]i1[0x13]h1YZL[0xffffff8e][0x16]3[0xffffff8a][0x16]k[0x1e]1Zh"
08:17:55.188 [TestNG-PoolService-2] DEBUG org.apache.hc.client5.http.wire -- http-outgoing-5 << "I[0xffffff89][0xffffff90][0xffffff89]*[0x1b]H[0xffffff86][0x12][0x1][0x13]U[0x12][0xffffffce]jJ[0x4]OT[0xffffffb9][0xfffffff2]d)[0xffffff91]7Q[0xffffffe5][0xffffffaa][0xffffff95][0xffffffa3]D[0xffffffca]D[0xffffff95][0x16][0xffffffef][0x6]%NC[0xffffff89][0xffffff8f][0x7f]cO%N[0xffffff9c][0x12]g[0x0]%N[0xffffffcd]{a[0xffffffc0]O[0xffffff8c][0x12]g[0x12]%4[0xffffff8a][0xc]%\ [0x19]Jh,[0xffffffeb])[0xffffffb1][0xffffff86][0xffffffb3][0xffffff9a][0x12]kD[0xffffff93](a[0xffffffca][0xffffff93][0xffffffa5][0xffffff84][0xffffffed]R[0xffffff96][0x12][0xffffffa6]Z9JH[0xffffffd3]R[0xffffff94][0xffffff90][0xffffffe2][0xffffffdd][0xffffffa0][0xffffff84][0xffffff9b][0xffffffa8][0x1a]c`_p[0xffffffe0][0x13]U=`[0xffffffa2][0xffffffaa][0xffffff9b][0x1d][0xffffff95][0xffffffc2][0xffffff80]c[0x13]U][0xffffff96]RHJ[0xffffff84]LT[0xffffffd9]@2[0xffffff94][0x8][0xffffff98][0xffffffa8][0xffffff92]pVS"x[0xffffffa2][0xffffffca][0xffffff95]'K[0xffffff89][0xffffffbc][0xffffff89]*W[0xffffffad][0x1c]%R&[0xffffffaa][0xffffffb4]x7(q;J[0xffffffcc]cP[0xffffff94][0xffffffb8]qJ[0xffffffdc][0x1][0xffffff94][0xffffffb8]5[0xffffffef][0xffffff85][0x1][0xffffffbf]1J[0xffffffdc]I[0xffffff94][0xffffffd0](2[0xffffff94]p[0xffffff81]d([0xffffffa1][0xffffffb1][0xffffffac][0xffffffa7][0xffffffc4][0x1a][0xffffffce]jJ[0xffffffac][0x11]M[0xffffffa2][0xffffff84])O[0xffffff96][0x12][0xffffffb6]KYJ[0xffffff98]j[0xffffffe5](!MKQB[0xffffff8a]w[0xffffff83][0x12]n[0xffffffed][0xfffffff2]<^[0x18]%[0xfffffff0][0xffffffb5][0xffffffcb][0x1e][0xffffffb0]v[0xffffffd9][0xffffffcd]$[a[0xffffffc0][0xffffffb1][0xffffffb5][0xffffffcb].[0xffffffa3]k$%B[0xffffffd6].m [0x19]J[0x4][0xffffffac]]J8[0xffffffab])[0x11][0xffffffbc]v[0xffffffe9][0xffffffca][0xffffff93][0xffffffa5]D[0xffffffde][0xffffffda][0xffffffa5][0xffffffab]V[0xffffff8e][0x12])k[0xffffff97]Z[0xffffffbc][0x1b][0xffffff94]pk[0xffffff97][0xffffffe7][0xfffffff9][0xffffffc2][0xffffffde][0xffffff95][0xffffffc0][0xffffffd7].{[0xffffffc0][0xffffffda]e7[0xffffff93]l[0xffffff85][0x1][0xffffffc7][0xffffffd6].[0xffffffbb][0xffffff8c][0xffffffae][0xffffff91][0xffffff94][0x8]Y[0xffffffbb][0xffffffb4][0xffffff81]d([0x11][0xffffffb0]v)[0xffffffe1][0xffffffac][0xffffffa6]D[0xfffffff0][0xffffffda][0xffffffa5]+O[0xffffff96][0x12]yk[0xffffff97][0xffffffae]Z9J[0xffffffa4][0xffffffac]]j[0xfffffff1][0xfffffffe]>%[0xffffff86][[0xffffffbb]<[0xffffffaf][0xfffffff9]@[0xffffff94][0x18][0xfffffff8][0xffffffda][0xffffffe5][0x8]X[0xffffffbb][0x1c]f[0xffffff92][0xffffffad].[0xffffffe0][0x3][[0xffffffbb][0x1c]2[0xffffffba][0x6]R[0xffffffc2]D[0x11][0xffffffa1][0xffffff84][\r]$B[0x9][0x13][0xffffffcb]rJH8[0xffffff8b])![0x11][\r][0xffffffa2][0xffffff84]+O[0xffffff94][0x12][0xffffffbe]KQJ[0xffffffb8]j[0xffffffc5]([0xffffffa1]M[0xb]QB[0xffffff8b]w[0xffffff83][0x12][0xffffffc7][0xffffffff]5[0xffffffa1][0xffffffc4][0xfffffff5][0xffffffba][0xffffffa8]C[0xffffffc6]?[0xffffffef][0x7][0xffffffa6][0xffffffc4][0xffffffe7][0x1d][0xffffffd0][0xffffff94][0xfffffff8][0xffffffe7][0x1e][0x18]J|^[0xffffff9d][0xffffffa1][0xffffffc4][0xffffff8f]+gPB[0xffffffa3][0xffffffc8]P[0xffffffc2][0x5][0xffffff92][0xffffffa1][0xffffff84][0xffffffc6][0xffffffb2][0xffffff9e][0x12]k8[0xffffffab])[0xffffffb1]F4[0xffffff89][0x12][0xffffffa6]<YJ[0xffffffd8].e)a[0xffffffaa][0xffffff95][0xffffffa3][0xffffff84]4-E[0x9])[0xffffffde][\r]J[0xffffffb8][0xffffffb5][0xffffffcb][0xffffffab]=[0xffffffd4][0x17][0x1c][0x3]_[0xffffffbb][0x1c][0x1]k[0xffffff97][0xffffffc3]L[0xffffffb2][0x15][0x6][0x1c][[0xffffffbb][0x1c]2[0xffffffba]FR"d[0xffffffed][0xffffffd2][0x6][0xffffff92][0xffffffa1]D[0xffffffc0][0xffffffda][0xffffffa5][0xffffff84][0xffffffb3][0xffffff9a][0x12][0xffffffc1]k[0xffffff97][0xffffffae]<YJ[0xffffffe4][0xffffffad]][0xffffffba]j[0xffffffe5]([0xffffff91][0xffffffb2]v[0xffffffa9][0xffffffc5][0xffffffbb]A[0x9][0xffffffb7]vy]'[0xfffffff6]T[0x2]_[0xffffffbb][0x1c][0x1]k[0xffffff97][0xffffffc3]L[0xffffffb2][0x15][0x6][0x1c][[0xffffffbb][0x1c]2[0xffffffba]FR"d[0xffffffed][0xffffffd2][0x6][0xffffff92][0xffffffa1]D[0xffffffc0][0xffffffda][0xffffffa5][0xffffff84][0xffffffb3][0xffffff9a][0x12][0xffffffc1]k[0xffffff97][0xffffffae]<YJ[0xffffffe4][0xffffffad]][0xffffffba]j[0xffffffe5]([0xffffff91][0xffffffb2]v[0xffffffa9][0xffffffc5]"
08:17:55.188 [TestNG-PoolService-1] DEBUG org.apache.hc.client5.http.wire -- http-outgoing-3 << "[0xffffff9d]D[0xffffff8b]g[0xffffffe0][0xffffffb4][0xfffffff8][0xffffffb8][0x5][0xffffff9e][0x16]?n[0xffffff82][0xffffffa2][0xffffffc5][0xffffffc7][0xffffffe5])Z|_:[0xffffff85][0x16][0xffffff92]G[0xffffff8a][0x16]&[0xffffff95][0x14]-$[0xffffff9b][0x4]-[0xffffff96][0xffffff84][0xffffffd6][0xffffffd3]b[0xffffffc9]i[0x16]-[0xffffffb4]FiZ[0xffffffb8]V[0xffffffa5]i[0xffffffa1]%K[0xffffffd2]b[0xffffffed]\[0xffffff8e][0x16]k[0x5]o[0xffffffd1]b[0xffffffa6]}[0x12]2[0xfffffff9]oBf[0xffffffc2]G![0xffffff93][0xfffffffd]*dr[0xffffff9f][0xffffff85][0xffffffcc][0xffffffa8][0xffffffef]B$[0xffffff8f][0x14]-L*)ZH6[0x9]ZL[0xfffffffa][0xffffffdb][0xffffff90][0xffffff99][0xfffffffc]q[0xffffff88][0xffffffd6](M[0xb][0xffffffd7][0xffffffaa]4-[0xffffffb4]dIZ[0xffffffac][0xffffff9d][0xffffffcb][0xffffffd1]b[0xffffffad][0xffffffe0]=Z[0xffffffa4]}!2[0xfffffff9]/Df[0xffffffc2][0x17]"[0xffffff93][0xfffffffd]Bdr_[0xffffff88][0xffffffcc][0xffffffa8]/D$[0xffffff8f][0x18]-r[0xffffffbe][0x10][0xffffff91]l"[0xffffffb4][0xffffffa0][0xffffffbf][0x10][0xffffff99][0xffffffc9]_[0xffffff88]h[0xffffff8d][0xffffffe2][0xffffffb4][0x8][0xfffffffc]BDK[0x16][0xffffffa5]E[0xffffffcc][0x17]"k[0x5]o[0xffffffd1][0xffffffe2]8F[0xffffff98]->[0xffffffee][0x8][0xffffffc7][0xffffffc5][0xffffffe7]=[0xfffffff0][0xffffffba][0xfffffff8][0xffffffe7].(^|^[0xffffff9f][0xfffffff2][0xffffffc5][0xffffff8f]k[0xffffffa7][0x0]CCI[0x9][0xffffffc3]E[0xffffff93]"[0xffffff86][0x6][0xffffff94]0[0xffffffc6][0x1a][0xffffffd3]zd[0xffffffac]a[0xffffffcd]R[0xffffff86])T[0xffffff9a][0x19][0xffffffb6]_ig[0xffffff98][0xffffffba]%[0xffffffa1]![0xffffffed][0xffffffcb]IC[0xffffffca][0xfffffff8]w[0xffffffa8]q}[0xfffffffd][0xffffff95][0xfffffff3]0C[0xffffffde]O[0xfffffffb][0xfffffffa][0xffffffd1][0xffffffa4][0x16][0x1a]?[0xffffffef][0xffffff87]b[0xffffffc6]/w[0xffffff80]!c[0xffffffb9][0xffffff87]bb[0xfffffffc]r[0xfffffff5]b`[0xfffffffc][0xffffffef][0xffffff95]a^[0xffffffbc][0xffffff8d]b1.[0xfffffffe]#[0xffffff90][0xffffffc5][0xffffffb4]x[0x1b][0xffffffcb]BX[0xffffffbc][0x9]g[0x19]+[0xffffffde]D4[0x2][0x15][0xffffffef][0xffffffcb][0x13]"[0xffffffc5][0x7f]u)[0x4][0xffffff8a][0xfffffff7][0xffffffd5][\n]"
08:17:55.188 [TestNG-PoolService-1] DEBUG org.apache.hc.client5.http.wire -- http-outgoing-3 << "p[0xffffffe2]][0xffffffd3][0xffffff96]c[0xffffffe2]][0xfffffff1]nP[0xffffffa2]9J\[0xfffffff7]AQ[0xffffffa2][0xffffffe1][0xffffff94]h[0x1][0xffffff94]h[0xffffff9a][0xfffffff7][0xffffffc2][0xffffff80]7[0xffffff8c][0x12]-[0xffffff89][0x12][0x1a]E[0xffffff86][0x12].[0xffffff90][0xc]%4[0xffffff96][0xfffffff5][0xffffff94]X[0xffffffc3]YM[0xffffff89]5[0xffffffa2]I[0xffffff94]0[0xffffffe5][0xffffffc9]R[0xffffffc2]v)K[0x9]S[0xffffffad][0x1c]%[0xffffffa4]i)JH[0xfffffff1]nQB[0xffffffbf]5e)[0xffffff81]}j[0xfffffffa][0xffffffcb][0x1d][0xfffffff0][0xffffff94]@>4[0xfffffffd][0xffffffe5][0xffffffea][0x14]%[0x12]>3}[0x1b]E[0xffffff8a][0x12][0xfffffff8]G[0xffffffa6]ocIP[0x2][0xfffffffa][0xffffffc4][0xfffffff4]MD[0xffffffb3]([0xffffff91][0xfffffff2][0xffffff81][0xffffffe9][0x7f]u)M[0xffffff89][0xffffff84][0xffffffcf]K[0xffffffdf]5-G[0xffffff89]?[0xfffffff8][0xffffffb8][0xfffffff4][0xffffffc7][0xffffffdf][0xffffffe8][0xffffffee][0xffffffa9][0xffffffc4]30Jt[0xfffffffc][0xffffffa9]D[0xf]x*[0xffffffd1][0xffffff95][0xffffffce][0xffffff85][0x1][0xffffffef][0xffffffd8]S[0xffffff89][0xffffff9e][0xfffffff4]TB[0xffffffa3][0xffffffc8]P[0xffffffc2][0x5][0xffffff92][0xffffffa1][0xffffff84][0xffffffc6][0xffffffb2][0xffffff9e][0x12]k8[0xffffffab])[0xffffffb1]F4[0xffffff89][0x12][0xffffffa6]<YJ[0xffffffd8].e)a[0xffffffaa][0xffffff95][0xffffffa3][0xffffff84]4-E[0x9])[0xffffffde][\r]J[0xc]C[0xffffff89][0xffffffd9][0x6][0xfffffff6][0xffffffae][0xffffffc4][0xffffffc0])1[0x2](14[0xffffffef][0xffffff85][0x1][0x1f][0x18]%F[0x12]%4[0xffffff8a][0xc]%\ [0x19]Jh,[0xffffffeb])[0xffffffb1][0xffffff86][0xffffffb3][0xffffff9a][0x12]kD[0xffffff93](a[0xffffffca][0xffffff93][0xffffffa5][0xffffff84][0xffffffed]R[0xffffff96][0x12][0xffffffa6]Z9JH[0xffffffd3]R[0xffffff94][0xffffff90][0xffffffe2][0xffffffdd][0xffffffa0][0xffffffc4][0xffffffe9](1[0xffffffc6]EQ[0xffffffe2][0xffffffc4])q[0x6]P[0xffffffe2][0xffffffd4][0xffffffbc][0x17][0x6][0xfffffffc][0xffffffc4](q&QB[0xffffffa3][0xffffffc8]P[0xffffffc2][0x5][0xffffff92][0xffffffa1][0xffffff84][0xffffffc6][0xffffffb2][0xffffff9e][0x12]k8[0xffffffab])[0xffffffb1]F4[0xffffff89][0x12][0xffffffa6]<YJ[0xffffffd8].e)a[0xffffffaa][0xffffff95][0xffffffa3][0xffffff84]4-E[0x9])[0xffffffde][\r]J\[0xffffff8e][0x12]O[0xffffffbb])J\8%[0xffffffae][0x0]J\[0xffffff9a][0xfffffff7][0xffffffc2][0xffffff80]_[0x18]%[0xffffffae]$Jh[0x14][0x19]J[0xffffffb8]@2[0xffffff94][0xffffffd0]X[0xffffffd6]Sb[\r]g5%[0xffffffd6][0xffffff88]&Q[0xffffffc2][0xffffff94]'K[0x9][0xffffffdb][0xffffffa5],%L[0xffffffb5]r[0xffffff94][0xffffff90][0xffffffa6][0xffffffa5](![0xffffffc5][0xffffffbb]A[0xffffff89][0xffffffc7]Qb^[0xffffffd8][0xffffffbb][0x12][0xf]N[0xffffff89]'[0xffffff80][0x12][0xffffff8f][0xffffffe6][0xffffffbd]0[0xffffffe0][0xf]F[0xffffff89]'[0xffffff89][0x12][0x1a]E[0xffffff86][0x12].[0xffffff90][0xc]%4[0xffffff96][0xfffffff5][0xffffff94]X[0xffffffc3]YM[0xffffff89]5[0xffffffa2]I[0xffffff94]0[0xffffffe5][0xffffffc9]R[0xffffffc2]v)K[0x9]S[0xffffffad][0x1c]%[0xffffffa4]i)JH[0xfffffff1]nPb*%[0xfffffffa][0xffffffeb][0xfffffff5][0xffffffb5]j[0xffffff85]Pb[0xffffffe2][0xffffff94][0xffffff98][0x1][0xffffff94][0xffffff98][0xffffff9a][0xfffffff7][0xffffffc2][0xffffff80]O[0xffffff8c][0x12]3[0xffffff89][0x12][0x1a]E[0xffffff86][0x12].[0xffffff90][0xc]%4[0xffffff96][0xfffffff5][0xffffff94]X[0xffffffc3]YM[0xffffff89]5[0xffffffa2]I[0xffffff94]0[0xffffffe5][0xffffffc9]R[0xffffffc2]v)K[0x9]S[0xffffffad][0x1c]%[0xffffffa4]i)JH[0xfffffff1][0xfffffffe]>%[0xffffffae][0xffffff97][0xffffffa5][0xffffffc4][0xfffffff5]@[0xffffff94][0xfffffff8][0xffffffbc][0x1f][0xffffff96][0x12]_w[0x0]S[0xffffffe2][0xffffffdf]{@([0xfffffff1]uu[0xffffff84][0x12][0xffffffff]\9[0xffffff82][0x12]&[0xffffff8a][0x8]%l [0x11]J[0xffffff98]X[0xffffff96]SB[0xffffffc2]YL[0x9][0xffffff89]h[0x10]%\y[0xffffffa2][0xffffff94][0xfffffff0]][0xffffff8a]R[0xffffffc2]U+F[0x9]mZ[0xffffff88][0x12]Z[0xffffffbc][0x1b][0xffffff94]0k[0xffffff97][0xfffffffd][0xffffffd5]^[0x18]%[0xfffffff0][0xffffffb5][0xffffffcb]+`[0xffffffed][0xfffffff2]2[0xffffff93]l[0xffffff85][0x1][0xffffffc7][0xffffffd6]./[0x19]]#)[0x11][0xffffffb2]vi[0x3][0xffffffc9]P"`[0xffffffed]R[0xffffffc2]YM[0xffffff89][0xffffffe0][0xffffffb5]KW[0xffffff9e],%[0xfffffff2][0xffffffd6].][0xffffffb5]r[0xffffff94]HY[0xffffffbb][0xffffffd4][0xffffffe2][0xffffffdd][0xffffffa0][0xffffff84]Y[0xffffffbb][0xffffffec][0xffffffaf][0xfffffff3][0xffffffa1]^[0xffffffbb][0xffffffbc][0xfffffff0][0xffffffb5][0xffffffcb]+`[0xffffffed][0xfffffff2]2[0xffffff93]l[0xffffff85][0x1][0xffffffc7][0xffffffd6]./[0x19]]#)[0x11][0xffffffb2]vi[0x3][0xffffffc9]P"`[0xffffffed]R[0xffffffc2]YM[0xffffff89][0xffffffe0][0xffffffb5]KW[0xffffff9e],%[0xfffffff2][0xffffffd6].][0xffffffb5]r[0xffffff94]HY[0xffffffbb][0xffffffd4][0xffffffe2][0xffffffdd][0xffffffa0][0xffffff84][0xffffff99][0xffffffa8][0xffffffea][0xffffffaf][0xffffffe7][0xffffffa0]v%.|[0xffffffa2][0xffffffea][\n]"
08:17:55.189 [TestNG-PoolService-1] DEBUG org.apache.hc.client5.http.wire -- http-outgoing-3 << "[0xffffff98][0xffffffa8][0xffffffba][0xffffffcc][0xffffff8e]Ja[0xffffffc0][0xffffffb1][0xffffff89][0xffffffaa]K[0xffffff96]RHJ[0xffffff84]LT[0xffffffd9]@2[0xffffff94][0x8][0xffffff98][0xffffffa8][0xffffff92]pVS"x[0xffffffa2][0xffffffca][0xffffff95]'K[0xffffff89][0xffffffbc][0xffffff89]*W[0xffffffad][0x1c]%R&[0xffffffaa][0xffffffb4]x7(a&[0xffffffaa][0xfffffffa][0xffffffd1][0xffffffc6][0xffffff8b][0xffffffa2][0x4]>Qu[0x5]LT]fG[0xffffffa5]0[0xffffffe0][0xffffffd8]D[0xffffffd5]%K)$%B&[0xffffffaa]l [0x19]J[0x4]LTI8[0xffffffab])[0x11]<Q[0xffffffe5][0xffffffca][0xffffff93][0xffffffa5]D[0xffffffde]D[0xffffff95][0xffffffab]V[0xffffff8e][0x12])[0x13]UZ[0xffffffbc][0x1b][0xffffff94]0[0x13]U[0xfffffffd][0x18][0x3][0xfffffffb][0xffffff81][0x3][0xffffff9f][0xffffffa8][0xffffffba][0x2]&[0xffffffaa].[0xffffffb3][0xffffffa3]R[0x18]pl[0xffffffa2][0xffffffea][0xffffff92][0xffffffa5][0x14][0xffffff92][0x12]![0x13]U6[0xffffff90][0xc]%[0x2]&[0xffffffaa]$[0xffffff9c][0xffffffd5][0xffffff94][0x8][0xffffff9e][0xffffffa8]r[0xffffffe5][0xffffffc9]R"o[0xffffffa2][0xffffffca]U+G[0xffffff89][0xffffff94][0xffffff89]*-[0xffffffde][\r]J\[0xffffff8e][0x12][0xfffffff7][0xffffffc4][0xffffff9e]J\8%[0xffffffae][0x0]J\[0xffffff9a][0xfffffff7][0xffffffc2][0xffffff80]_[0x18]%[0xffffffae]$Jh[0x14][0x19]J[0xffffffb8]@2[0xffffff94][0xffffffd0]X[0xffffffd6]Sb[\r]g5%[0xffffffd6][0xffffff88]&Q[0xffffffc2][0xffffff94]'K[0x9][0xffffffdb][0xffffffa5],%L[0xffffffb5]r[0xffffff94][0xffffff90][0xffffffa6][0xffffffa5](![0xffffffc5][0xffffffbb]A[0xffffff89][0xffffffdb]P[0xffffffa2][0xffffffbd][0xffffffce]FQ[0xffffffe2][0xffffffc6])q[0x7]P[0xffffffe2][0xffffffd6][0xffffffbc][0x17][0x6][0xfffffffc][0xffffffc6](q'QB[0xffffffa3][0xffffffc8]P[0xffffffc2][0x5][0xffffff92][0xffffffa1][0xffffff84][0xffffffc6][0xffffffb2][0xffffff9e][0x12]k8[0xffffffab])[0xffffffb1]F4[0xffffff89][0x12][0xffffffa6]<YJ[0xffffffd8].e)a[0xffffffaa][0xffffff95][0xffffffa3][0xffffff84]4-E[0x9])[0xffffffde]-J[0xffffffb4]0J[0xffffffc0][0xffffff87][0xffffff8c][0x7f][0xffffffdd][0x1]O[0x9][0xfffffff0][0xffffff90][0xfffffff1][0xffffffaf][0xffffffab]S[0xffffff94][0xffffffc8]9d[0xffffffdc]D[0xffffff91][0xffffffa2]D[0xffffffc8]![0xffffffe3]&[0xffffff96][0x4]%[0xffffffd0]C[0xffffffc6]%[0xffffffa2]Y[0xffffff94][0xffffffc8]:d[0xffffffdc]w)M[0xffffff89][0xffffff9c]C[0xffffffc6][0xffffffb5]i9J[0xfffffffc][0xfffffff1]![0xffffffe3][0xffffff97][0x19][0xffffffce][0xffffffee][0xffffffed]:[0xffffffb0]][0x9]|8[0xfffffffb][\n]"
08:17:55.189 [TestNG-PoolService-1] DEBUG org.apache.hc.client5.http.wire -- http-outgoing-3 << "[0x18][0xffffffce][0xffffffbe][0xffffffcc][0xffffffba]ka[0xffffffc0][0xffffffb1][0xffffffe1][0xffffffec]K[0xfffffff6][IJ[0xffffff84][0xc]g[0xffffffdb]@2[0xffffff94][0x8][0x18][0xffffffce][0xffffff96]pVS"x8[0xffffffdb][0xffffff95]'K[0xffffff89][0xffffffbc][0xffffffe1]lW[0xffffffad][0x1c]%R[0xffffff86][0xffffffb3][0xffffffb5]x7([0xffffffe1][0xffffff86][0xffffffb3][0xfffffffb][0xffffff8b][0xfffffffb][0xffffff82][0x3][0x1f][0xffffffce][0xffffffbe][0x2][0xffffff86][0xffffffb3]/[0xffffffb3][0xffffffee]Z[0x18]pl8[0xfffffffb][0xffffff92][0xfffffffd]V[0xffffff92][0x12]![0xffffffc3][0xffffffd9]6[0xffffff90][0xc]%[0x2][0xffffff86][0xffffffb3]%[0xffffff9c][0xffffffd5][0xffffff94][0x8][0x1e][0xffffffce]v[0xffffffe5][0xffffffc9]R"o8[0xffffffdb]U+G[0xffffff89][0xffffff94][0xffffffe1]l-[0xffffffde][0xffffffdf][0xffffffa7][0xffffffc4][0xffffffed][0xffffff86][0xffffffb3][0xfffffffb][0xffffffd1][0xffffffa8]][0xffffff89][0x1b][0x1f][0xffffffce][0xffffffbe][0x3][0xffffff86][0xffffffb3]o[0xffffffb3][0xffffffee]Z[0x17][0xfffffff0][0x1b][0x1b][0xffffffce][0xffffffbe]e[0xffffffbf][0x15][0xffffffa4][0xffffff84][0xffffff89]"B[0x9][0x1b]H[0xffffff84][0x12]&[0xffffff96][0xffffffe5][0xffffff94][0xffffff90]p[0x16]SB"[0x1a]D[0x9]W[0xffffff9e](%|[0xffffff97][0xffffffa2][0xffffff94]p[0xffffffd5][0xffffff8a]QB[0xffffff9b][0x16][0xffffffa2][0xffffff84][0x16][0xffffffef][0x6]%[0xffffffdc][0xffffffda]eo[0xffffff83]zW[0xffffffe2][0xffffffc6][0xffffffd7].[0xffffffef][0xffffff80][0xffffffb5][0xffffffcb][0xffffffdb]L[0xffffffb2][0x15][0x6][0x1c][[0xffffffbb][0xffffffbc]et[0xffffff8d][0xffffffa4]D[0xffffffc8][0xffffffda][0xffffffa5][\r]$C[0xffffff89][0xffffff80][0xffffffb5]K[0x9]g5%[0xffffff82][0xffffffd7].]y[0xffffffb2][0xffffff94][0xffffffc8][[0xffffffbb]t[0xffffffd5][0xffffffca]Q"e[0xffffffed]R[0xffffff8b]w[0xffffff83][0x12]n[0xffffffed][0xffffffb2][0xfffffff7][0xffffffe3][0xffffffa2]([0xffffff81][0xffffffaf]][0xffffffde][0x1]k[0xffffff97][0xffffffb7][0xffffff99]d+[0xc]8[0xffffffb6]vy[0xffffffcb][0xffffffe8][0x1a]I[0xffffff89][0xffffff90][0xffffffb5]K[0x1b]H[0xffffff86][0x12][0x1]k[0xffffff97][0x12][0xffffffce]jJ[0x4][0xffffffaf]][0xffffffba][0xfffffff2]d)[0xffffff91][0xffffffb7]v[0xffffffe9][0xffffffaa][0xffffff95][0xffffffa3]D[0xffffffca][0xffffffda][0xffffffa5][0x16][0xffffffef][0x6]%[0xffffffdc][0xffffffda]e[0x1f][0xfffffff7][0xffffffa0]([0xffffff81][0xffffffaf]][0xffffffde][0x1]k[0xffffff97][0xffffffb7][0xffffff99]d+[0xc]8[0xffffffb6]vy[0xffffffcb][0xffffffe8][0x1a]I[0xffffff89][0xffffff90][0xffffffb5]K[0x1b]H[0xffffff86][0x12][0x1]k[0xffffff97][0x12][0xffffffce]jJ[0x4][0xffffffaf]][0xffffffba][0xfffffff2]d)[0xffffff91][0xffffffb7]v[0xffffffe9][0xffffffaa][0xffffff95][0xffffffa3]D[0xffffffca][0xffffffda][0xffffffa5][0x16][0xffffffef][0x6]%[0xffffffdc][0xffffffda]e[0xffffff9f][0xffffffd8][0xffffffc9][0xffffffa0]7[0xffffffbe]vy[0x7][0xffffffac]][0xffffffde]f[0xffffff92][0xffffffad]0[0xffffffe0][0xffffffd8][0xffffffda][0xffffffe5]-[0xffffffa3]k$%B[0xffffffd6].m [0x19]J[0x4][0xffffffac]]J8[0xffffffab])[0x11][0xffffffbc]v[0xffffffe9][0xffffffca][0xffffff93][0xffffffa5]D[0xffffffde][0xffffffda][0xffffffa5][0xffffffab]V[0xffffff8e][0x12])k[0xffffff97]Z[0xffffffbc][0x1b][0xffffff94]p[0x13]U[0xffffffe3]<[0xffffffa9][0xffffffe1][0xffffffec][0x1b][0xffffff9f][0xffffffa8][0xffffffba][0x3]&[0xffffffaa]n[0xffffffb3][0xffffffa3]R[0x18]pl[0xffffffa2][0xffffffea][0xffffff96][0xffffffa5][0x14][0xffffff92][0x12]![0x13]U6[0xffffff90][0xc]%[0x2]&[0xffffffaa]$[0xffffff9c][0xffffffd5][0xffffff94][0x8][0xffffff9e][0xffffffa8]r[0xffffffe5][0xffffffc9]R"o[0xffffffa2][0xffffffca]U+G[0xffffff89][0xffffff94][0xffffff89]*-[0xffffffde][\r]J[0xffffffb8]][0xffffff89]qc[0xffffffbb][0x12]7[0xffffffbe]+q[0x7][0xffffffec]J[0xffffffdc][0xffffffe6][0xffffffe3][0xffffffe7][0xffffffc2][0xffffff80]c[0xffffffbb][0x12][0xffffffb7]|[0xffffffde]LR"dW[0xffffffc2][0x6][0xffffff92][0xffffffa1]D[0xffffffc0][0xffffffae][0xffffff84][0xffffff84][0xffffffb3][0xffffff9a][0x12][0xffffffc1][0xffffffbb][0x12][0xffffffae]<YJ[0xffffffe4][0xffffffed]J[0xffffffb8]j[0xffffffe5]([0xffffff91][0xffffffb2]+[0xffffffa1][0xffffffc5][0xffffffbb]A[0x9][0xffffffb7]+q[0xffffffb6]W[0xffffffa7]([0xffffff81][0xffffffef]J[0xffffffdc][0x1][0xffffffbb][0x12][0xffffffb7][0xfffffff9][0xfffffff8][0xffffffb9]0[0xffffffe0][0xffffffd8][0xffffffae][0xffffffc4]-[0xffffff9f]7[0xffffff93][0xffffff94][0x8][0xffffffd9][0xffffff95][0xffffffb0][0xffffff81]d([0x11][0xffffffb0]+![0xffffffe1][0xffffffac][0xffffffa6]D[0xfffffff0][0xffffffae][0xffffff84]+O[0xffffff96][0x12]y[0xffffffbb][0x12][0xffffffae]Z9J[0xffffffa4][0xffffffec]Jh[0xfffffff1][0xfffffffe]>%[0x1e][0xffffffb7]+q~[0xfffffffc][0x1b][0xffffffa2][0xffffffc4][0xffffff83][0xffffffef]J<[0x1][0xffffffbb][0x12][0xffffff8f][0xfffffff9][0xfffffff8][0xffffffb9].[0xffffffe0][0xf][0xffffffb6]+[0xfffffff1][0xffffffc8][0xffffffe7][0xffffffcd] %L[0x14][0x11]J[0xffffffd8]@"[0xffffff94]0[0xffffffb1],[0xffffffa7][0xffffff84][0xffffff84][0xffffffb3][0xffffff98][0x12][0x12][0xffffffd1] J[0xffffffb8][0xfffffff2]D)[0xffffffe1][0xffffffbb][0x14][0xffffffa5][0xffffff84][0xffffffab]V[0xffffff8c][0x12][0xffffffda][0xffffffb4][0x10]%[0xffffffb4]x7(q8J[0xffffffdc][0xf][0xfffffff5][0xffffffae][0xffffffc4][0xffffffe7][0xfffffffd][0xffffffc0][0xffffff94]8[0x2](qh[0xffffffde][0xb][0x3]~`[0xffffff94]8[0xffffff92]([0xffffffa1]Qd([0xffffffe1][0x2][0xffffffc9]PBcYO[0xffffff89]5[0xffffff9c][0xffffffd5][0xffffff94]X#[0xffffff9a]D[0x9]S[0xffffff9e],%l[0xffffff97][0xffffffb2][0xffffff94]0[0xffffffd5][0xffffffca]QB[0xffffff9a][0xffffff96][0xffffffa2][0xffffff84][0x14][0xffffffef][0x6]%[0xffffffdc]D[0xffffffd5]9[0xffffffcf]IQ[0x2][0xffffff9f][0xffffffa8]z[0x2]&[0xffffffaa][0x1e][0xffffffb3][0xffffffa3]R[0x18]pl[0xffffffa2][0xffffffea][0xffffff91][0xffffffa5][0x14][0xffffff92][0x12]![0x13]U6[0xffffff90][0xc]%[0x2]&[0xffffffaa]$[0xffffff9c][0xffffffd5][0xffffff94][0x8][0xffffff9e][0xffffffa8]r[0xffffffe5][0xffffffc9]R"o[0xffffffa2][0xffffffca]U+G[0xffffff89][0xffffff94][0xffffff89]*-[0xffffffde]-J[0xffffffb4]0J[0xffffffc0]'[0xffffff83]~[0xffffffdd][0x1]O[0x9][0xfffffff0]d[0xffffffd0][0xffffffaf][0xffffffab]S[0xffffff94][0xffffffc8]9[0x19][0xffffffd4]D[0xffffff91][0xffffffa2]D[0xffffffc8][0xffffffc9][0xffffffa0]&[0xffffff96][0x4]%[0xffffffd0][0xffffff93]A%[0xffffffa2]Y[0xffffff94][0xffffffc8]:[0x19][0xffffffd4]w)M[0xffffff89][0xffffff9c][0xffffff93]A[0xffffffb5]i9J[0xfffffffc][0xfffffff1][0xffffffc9][0xffffffa0][0xffffff8f][[0xffffffbb][0xffffffbc]:[0xfffffff7][0x3][0x7][0xffffffbe]v[0xfffffff9][0x4][0xffffffac]]]]><![CDATA[>f[0xffffff92][0xffffffad]0[0xffffffe0][0xffffffd8][0xffffffda][0xffffffe5]#[0xffffffa3]k$%B[0xffffffd6].m [0x19]J[0x4][0xffffffac]]J8[0xffffffab])[0x11][0xffffffbc]v[0xffffffe9][0xffffffca][0xffffff93][0xffffffa5]D[0xffffffde][0xffffffda][0xffffffa5][0xffffffab]V[0xffffff8e][0x12])k[0xffffff97]Z[0xffffffbc][0x1b][0xffffff94]pk[0xffffff97][0xffffffd7]8[0xffffffa9][0xffffff8f]A[0x1f]|[0xffffffed][0xfffffff2][0x9]X[0xffffffbb]|[0xffffffcc]$[a[0xffffffc0][0xffffffb1][0xffffffb5][0xffffffcb]GF[0xffffffd7]HJ[0xffffff84][0xffffffac]][0xffffffda]@2[0xffffff94][0x8]X[0xffffffbb][0xffffff94]pVS"x[0xffffffed][0xffffffd2][0xffffff95]'K[0xffffff89][0xffffffbc][0xffffffb5]KW[0xffffffad][0x1c]%R[0xffffffd6].[0xffffffb5]x7([0xffffffe1][0xffffffd6].[0xffffffaf][0xfffffff3][0xffffffc0]~[0xffffffe0][0xffffffc0][0xffffffd7].[0xffffff9f][0xffffff80][0xffffffb5][0xffffffcb][0xffffffc7]L[0xffffffb2][0x15][0x6][0x1c][[0xffffffbb]|dt[0xffffff8d][0xffffffa4]D[0xffffffc8][0xffffffda][0xffffffa5][\r]$C[0xffffff89][0xffffff80][0xffffffb5]K[0x9]g5%[0xffffff82][0xffffffd7].]y[0xffffffb2][0xffffff94][0xffffffc8][[0xffffffbb]t[0xffffffd5][0xffffffca]Q"e[0xffffffed]R[0xffffff8b]w[0xffffff83][0x12][0xffffff97][0xffffffa5][0xffffffc4][0xffffff8d][0xfffffffd][0xffffffc0]q[0xffffffe1][0xffffff94][0xffffffb8][0x2](qi[0xffffffde][0xb][0x3]~a[0xffffff94][0xffffffb8][0xffffff92]([0xffffffa1]Qd([0xffffffe1][0x2][0xffffffc9]PBcYO[0xffffff89]5[0xffffff9c][0xffffffd5][0xffffff94]X#[0xffffff9a]D[0x9]S[0xffffff9e],%l[0xffffff97][0xffffffb2][0xffffff94]0[0xffffffd5][0xffffffca]QB[0xffffff9a][0xffffff96][0xffffffa2][0xffffff84][0x14][0xffffffef][0x6]%[0xffffffdc]p[0xfffffff6]u[0xffffff9d][0xffffff83][0xffffffa2][0x4]>[0xffffff9c][0xfffffffd][0x4][0xc]g?f[0xffffffdd][0xffffffb5]0[0xffffffe0][0xffffffd8]p[0xfffffff6]#[0xfffffffb][0xffffffad]$%B[0xffffff86][0xffffffb3]m [0x19]J[0x4][0xc]gK8[0xffffffab])[0x11]<[0xffffff9c][0xffffffed][0xffffffca][0xffffff93][0xffffffa5]D[0xffffffde]p[0xffffffb6][0xffffffab]V[0xffffff8e][0x12])[0xffffffc3][0xffffffd9]Z[0xffffffbc][0x1b][0xffffff94]p[0xffffffc3][0xffffffd9][0xffffffd7][0xffffff8d][0xffffffad]]]]><![CDATA[>[0xfffffff8]p[0xfffffff6][0x13]0[0xffffff9c][0xfffffffd][0xffffff98]u[0xffffffd7][0xffffffc2][0xffffff80]c[0xffffffc3][0xffffffd9][0xffffff8f][0xffffffec][0xffffffb7][0xffffff92][0xffffff94][0x8][0x19][0xffffffce][0xffffffb6][0xffffff81]d([0x11]0[0xffffff9c]-[0xffffffe1][0xffffffac][0xffffffa6]D[0xfffffff0]p[0xffffffb6]+O[0xffffff96][0x12]y[0xffffffc3][0xffffffd9][0xffffffae]Z9J[0xffffffa4][0xc]gk[0xfffffff1]nP[0xffffffc2][\r]g_[0xfffffff3]9)J[0xffffffe0][0xffffffc3][0xffffffd9]O[0xffffffc0]p[0xfffffff6]c[0xffffffd6]][0xb][0x3][0xffffff8e][\r]g?[0xffffffb2][0xffffffdf]JR"d8[0xffffffdb][0x6][0xffffff92][0xffffffa1]D[0xffffffc0]p[0xffffffb6][0xffffff84][0xffffffb3][0xffffff9a][0x12][0xffffffc1][0xffffffc3][0xffffffd9][0xffffffae]<YJ[0xffffffe4][\r]g[0xffffffbb]j[0xffffffe5]([0xffffff91]2[0xffffff9c][0xffffffad][0xffffffc5][0xfffffffb][0xfffffffb][0xffffff94][0xffffff98]n8[0xfffffffb][0x1e][0xffffffc7][0xb][0xffffffa2][0xffffffc4][0xffffffc4][0xffffff87][0xffffffb3]g[0xffffffc0]p[0xfffffff6]4[0xffffffeb][0xffffffae]u[0x1][0xffffff9f][0xffffffd8]p[0xfffffff6][0xffffff94][0xfffffffd]V[0xffffff90][0x12]&[0xffffff8a][0x8]%l [0x11]J[0xffffff98]X[0xffffff96]SB[0xffffffc2]YL[0x9][0xffffff89]h[0x10]%\y[0xffffffa2][0xffffff94][0xfffffff0]][0xffffff8a]R[0xffffffc2]U+F[0x9]mZ[0xffffff88][0x12]Z[0xffffffbc][0x1b][0xffffff94]p[0xffffffc3][0xffffffd9][0xfffffff7]sQO%&>[0xffffff9c]=[0x3][0xffffff86][0xffffffb3][0xffffffa7]Yw-[0xc]86[0xffffff9c]=e[0xffffffbf][0xffffff95][0xffffffa4]D[0xffffffc8]p[0xffffffb6][\r]$C[0xffffff89][0xffffff80][0xffffffe1]l[0x9]g5%[0xffffff82][0xffffff87][0xffffffb3]]y[0xffffffb2][0xffffff94][0xffffffc8][0x1b][0xffffffce]v[0xffffffd5][0xffffffca]Q"e8[[0xffffff8b]w[0xffffff8b][0x12][0xffffffba]v[0xffffffc9]R[0x2]^[0xffffffbb][0xfffffffc][0xffffffba][0x3][0xffffff9e][0x12][0xffffffe0][0xffffffda][0xffffffe5][0xffffffd7][0xffffffd5])J[0xffffffe4][0xffffffac]][0xffffff9a](R[0xffffff94][0x8]Y[0xffffffbb]4[0xffffffb1]$([0xffffff81][0xffffffae]]JD[0xffffffb3]([0xffffff91][0xffffffb5]v[0xffffffe9][0xffffffbb][0xffffff94][0xffffffa6]D[0xffffffce][0xffffffda][0xffffffa5]6-G[0xffffff89]?^[0xffffffbb][0xffffff9c][0xffffffee][0xc][0xffffff8e][0xffffffe7]u[0x1e][0x14]%[0xfffffff0]38f[0xffffffc0][0x19][0x1c][0xffffffd3][0xc][0xffffffc5][0x17][0x6][0x1c];[0xffffff83]c[0xffffffca][0x14]<I[0xffffff89][0xffffff90]38l [0x19]J[0x4][0xffffff9c][0xffffffc1]![0xffffffe1][0xffffffac][0xffffffa6]D[0xfffffff0][0x19][0x1c][0xffffffae]<YJ[0xffffffe4][0xffffff9d][0xffffffc1][0xffffffe1][0xffffffaa][0xffffff95][0xffffffa3]D[0xffffffca][0x19][0x1c]Z[0xffffffbc][0x1b][0xffffff94]p[0xffffffc3][0xffffffd9][0xffffffcf][0xfffffff9][0xffffffba](J[0xffffffe0][0xffffffc3][0xffffffd9]3`8{[0xffffff9a]u[0xffffffd7][0xffffffc2][0xffffff80]c[0xffffffc3][0xffffffd9]S[0xfffffff6][IJ[0xffffff84][0xc]g[0xffffffdb]@2[0xffffff94][0x8][0x18][0xffffffce][0xffffff96]pVS"x8[0xffffffdb][0xffffff95]'K[0xffffff89][0xffffffbc][0xffffffe1]lW[0xffffffad][0x1c]%R[0xffffff86][0xffffffb3][0xffffffb5]x7([0xffffffe1][0xffffff86][0xffffffb3][0xffffff9f][0xffffffeb][0xffffffc1][0xffffff9e]J[0xffffffe0][0xffffffc3][0xffffffd9]3`8{[0xffffff9a]u[0xffffffd7][0xffffffc2][0xffffff80]c[0xffffffc3][0xffffffd9]S[0xfffffff6][IJ[0xffffff84][0xc]g[0xffffffdb]@2[0xffffff94][0x8][0x18][0xffffffce][0xffffff96]pVS"x8[0xffffffdb][0xffffff95]'K[0xffffff89][0xffffffbc][0xffffffe1]lW[0xffffffad][0x1c]%R[0xffffff86][0xffffffb3][0xffffffb5]x7([0xffffffe1][0xffffff86][0xffffffb3][0xffffffe7][0xffffffeb][0xffffffc4][0xffffff9e]J[0xffffffe0][0xffffffc3][0xffffffd9]3`8{[0xffffff9a]u[0xffffffd7][0xffffffc2][0xffffff80]c[0xffffffc3][0xffffffd9]S[0xfffffff6][IJ[0xffffff84][0xc]g[0xffffffdb]@2[0xffffff94][0x8][0x18][0xffffffce][0xffffff96]pVS"x8[0xffffffdb][0xffffff95]'K[0xffffff89][0xffffffbc][0xffffffe1]lW[0xffffffad][0x1c]%R[0xffffff86][0xffffffb3][0xffffffb5]x7(q9J[0xfffffff4][0xffffff81]=[0xffffff95][0xffffffb8]pJ\[0x1][0xffffff94][0xffffffb8]4[0xffffffef][0xffffff85][0x1][0xffffffbf]0J\I[0xffffff94][0xffffffd0](2[0xffffff94]p[0xffffff81]d([0xffffffa1][0xffffffb1][0xffffffac][0xffffffa7][0xffffffc4][0x1a][0xffffffce]jJ[0xffffffac][0x11]M[0xffffffa2][0xffffff84])O[0xffffff96][0x12][0xffffffb6]KYJ[0xffffff98]j[0xffffffe5](!MKQB[0xffffff8a]w[0xffffff83][0x12]n8{>[\r][0xffffffa3][0x4]>[0xffffff9c]=[0x3][0xffffff86][0xffffffb3][0xffffffa7]Yw-[0xc]86[0xffffff9c]=e[0xffffffbf][0xffffff95][0xffffffa4]D[0xffffffc8]p[0xffffffb6][\r]$C[0xffffff89][0xffffff80][0xffffffe1]l[0x9]g5%[0xffffff82][0xffffff87][0xffffffb3]]y[0xffffffb2][0xffffff94][0xffffffc8][0x1b][0xffffffce]v[0xffffffd5][0xffffffca]Q"e8[[0xffffff8b]w[0xffffff83][0x12]n8{>[0xffffff93][0x1a][0xffffffce][0xffffff9e][0xfffffff8]p[0xfffffff6][0xc][0x18][0xffffffce][0xffffff9e]f[0xffffffdd][0xffffffb5]0[0xffffffe0][0xffffffd8]p[0xfffffff6][0xffffff94][0xfffffffd]V[0xffffff92][0x12]![0xffffffc3][0xffffffd9]6[0xffffff90][0xc]%[0x2][0xffffff86][0xffffffb3]%[0xffffff9c][0xffffffd5][0xffffff94][0x8][0x1e][0xffffffce]v[0xffffffe5][0xffffffc9]R"o8[0xffffffdb]U+G[0xffffff89][0xffffff94][0xffffffe1]l-[0xffffffde][\r]J[0xffffffb8][0xffffffe1][0xffffffec]9[0x7]u2[0xffffffe8][0xffffffc4][0xffffff87][0xffffffb3]g[0xffffffc0]p[0xfffffff6]4[0xffffffeb][0xffffffae][0xffffff85][0x1][0xffffffc7][0xffffff86][0xffffffb3][0xffffffa7][0xffffffec][0xffffffb7][0xffffff92][0xffffff94][0x8][0x19][0xffffffce][0xffffffb6][0xffffff81]d([0x11]0[0xffffff9c]-[0xffffffe1][0xffffffac][0xffffffa6]D[0xfffffff0]p[0xffffffb6]+O[0xffffff96][0x12]y[0xffffffc3][0xffffffd9][0xffffffae]Z9J[0xffffffa4][0xc]gk[0xfffffff1][0xfffffffe]6%[0xffffff8e][0xffffff97][0x1b][0xffffffce][0xffffff9e][0x1f][0xffffffff]b([0xfffffff1]u?(%[0xffffffbe][0xffffffef][0xffffff80][0xffffffa5][0xffffffc4][0xffffffcf]{ ([0xfffffff1]}u[0xffffff82][0x12][0xffffffff]^9[0xffffff81][0x12].[0xffffff8a][0x4]%| [0x9]J[0xffffffb8]XVSB[0xffffffc3]YK[0x9][0xffffff8d]h[0xe]%ly[0xffffff92][0xffffff94]x[0xffffffd3][0xffffffa5]$%l[0xffffffb5]R[0xffffff94]0M[0xffffffcb]P[0xffffffc2][0x14][0xffffffef][0x6]%[0xffffffcc]p[0xfffffff6]x[0xffffffbd].[0xffffffe8][0x7][0xffffff8e][0xffffffaf][0xfffffffb][0xffffff81])[0xffffffc1][0xf]g[0xffffffff][0xffffffbc][0x7][0xffffff86][0x12][0xffffffd4]p[0xfffffff6][0xffffffbf]W[0xffffffce][0xffffffa0]D[0xffffffc6]p[0xffffffb6][0xf]$C[0x9]~8[[0xffffffc3]YM[0xffffff89][0xffffffdc][0xffffffe1]l[[0xffffff9e],%[0xffffffe2][0xffffff86][0xffffffb3]m[0xffffffb5]r[0xffffff94][0x8][0x19][0xffffffce]6[0xffffffc5][0xffffffbb]A[0x9][0xffffffb3]v9^[0xffffffc7][0xffffff83]Q[0xffffff82]^[0xffffffbb][0xfffffffc][0xffffffbe][0x3][0xffffff9a][0x12][0xffffffe4][0xffffffda][0xffffffe5][0xfffffff7][0xffffffd5][0x19]J[0x4][0xffffffad]][0xffffffba](2[0xffffff94]HY[0xffffffbb]t[0xffffffb1][0xffffffac][0xffffffa7][0x4][0xffffffbb]v[0xffffffa9][0x11]M[0xffffffa2]D[0xffffffd8][0xffffffda][0xffffffe5][0xffffff9b].e)[0x11][0xffffffb4]vi[0xffffff9a][0xffffff96][0xffffffa2][0xffffffc4][0xffffff9f][0xffffffaf]][0x1e]/[0xffffffb3]v9^[0xffffffd7][\r][0xffffff9d][0xc][0xfffffffa]u?0%[0xfffffff8][0xffffffb5][0xffffffcb][0xffffff9f][0xfffffff7][0xffffffc0]P[0xffffff82]Z[0xffffffbb][0xfffffffc][0xfffffff7][0xffffffca][0x19][0xffffff94][0xffffffc8]X[0xffffffbb][0xfffffff4][0xffffff81]d([0xffffffc1][0xffffffaf]]j8[0xffffffab])[0xffffff91][0xffffffbb]vi[0xffffffcb][0xffffff93][0xffffffa5]D[0xffffffdc][0xffffffda][0xffffffa5][0xffffffad]V[0xffffff8e][0x12]!k[0xffffff97][0xffffffa6]x[0xffffffb7]([0xffffffd1][0xffffffc3]([0xffffffd1]qJ[0xfffffff4][0x0]Jt[0xffffff94][0x12][0x1d][0xffffffa3]DO[0xffffffa2][0xffffffc4][0x1a]E[0xffffff8a][0x12][0x1a]H[0xffffff8a][0x12]k,[0x9]Jt[0xffffff98][0x12]=[0xffffff98][0x12]R[0xffffff9e]4%L[0xffffff97][0xffffffd2][0xffffff94][0xffffff90]j%)[0xffffffd1]S([0xffffffd1][0xffffffff][0x2]%[0xffffff8e]3[0xffffffcc][0x12][0xffffffc7][0xffffff89]c[0xffffffe2][0xffffffe3][0x16]xM[0xfffffffc][0xffffffb8][0x9][0xffffff8a][0x13][0x1f][0xffffff97][0xffffffa7]<[0xfffffff1]}[0xffffffe9][0x14]PH[0x1e])Q[0xffffff98]TR[0xffffffa4][0xffffff90]l[0x12][0xffffffa6]X[0x12]Z[0xffffff8f][0xffffff8a]%[0xffffffa7]Y[0xffffffaa][0xffffffd0][0x1a][0xffffffa5]Y[0xffffffe1]Z[0xffffff95]v[0xffffff85][0xffffff96],[0x9][0xffffff8b][0xffffffb5]s9Y[0xffffffac][0x15][0xffffffbc]G[0xffffff8b];[0xffffff8d][0x16]7O[0xffffff8b];[0xffffff81][0x16]7K[0xffffff8b][0xffffff9b][0xffffffa3][0xffffffc5][0x1d]E[0xffffff8b]5[0xffffff8f][0x18]-4[0xffffff95][0x18]-[0xffffffd6]l"[0xffffffb4][0xffffffb8]iZ[0xffffffdc][0xffffffc9][0xffffffb4][0xffffff90][0x1a][0xffffffc5]iaZ[0x15][0xffffffa7][0xffffff85][0xffffff94],J[0xffffff8b];[0xffffff86][0x16][0xfffffff7]_[0xffffffa0]EK{j[0xffffffd1][0xfffffff8][0xffffffa7][0x16]-[0xffffffe1][0xffffffa9]Ec[0xffffff9f]Z4[0xffffffee][0xffffffa9]E[0xffffff8b]zj!y[0xffffffa4]haRI[0xffffffd1]B[0xffffffb2]I[0xffffffd0][0xffffffa2][0xffffffd1]O-Z[0xfffffff2]S[0xb][0xffffffad]Q[0xffffff9a][0x16][0xffffffae]UiZh[0xffffffc9][0xffffff92][0xffffffb4]X;[0xffffff97][0xffffffa3][0xffffffc5]Z[0xffffffc1][[0xffffffb4][0xffffffe8]q/W[0x4][0xffffffbc]][0x11][0xfffffff1]z[0x5][0xfffffffc]~[0x5][0xfffffff8][0xffffff82]E[0xffffffd6][0x1b][0x16]1[0xffffffaf]X[0x4][0xffffffbd]c[0x11][0xfffffff1][0xffffff92][0x5][0xfffffffe][0xffffff96]E[0xfffffff4]k[0x16]y[0xffffffef]Y$[0xffffffbe]h[0xffffff91][0xfffffff5][0xffffffa6]E[0xffffffce][0xffffffab][0x16][0x7f][0xffffffe3]][0xffffff8b][0xfffffff1][0xffffff84][0xffffffd1]b<8->n[0xffffff81][0xffffffa7][0xffffffc5][0xffffff8f][0xffffff9b][0xffffffa0]h[0xfffffff1]qy[0xffffff8a][0x16][0xffffffdf][0xffffff97]N[0xffffffa1][0xffffff85][0xffffffe4][0xffffff91][0xffffffa2][0xffffff85]I%E[0xb][0xffffffc9]&A[0xffffff8b]%[0xffffffa1][0xfffffff5][0xffffffb4]Xr[0xffffff9a]E[0xb][0xffffffad]Q[0xffffff9a][0x16][0xffffffae]UiZh[0xffffffc9][0xffffff92][0xffffffb4]X;[0xffffff97][0xffffffa3][0xffffffc5]Z[0xffffffc1]{[0xffffffb4][0xffffff98]i[0xffffffb4][0xffffff98]<-f[0x2]-&K[0xffffff8b][0xffffffc9][0xffffffd1]bF[0xffffffd1]b[0xffffffcd]#F[0xb]M%F[0xffffff8b]5[0xffffff9b][0x8]-&M[0xffffff8b][0xffffff99]L[0xb][0xffffffa9]Q[0xffffff9c][0x16][0xffffffa6]UqZH[0xffffffc9][0xffffffa2][0xffffffb4][0xffffff98]1[0xffffffb4][0xffffff98][0x7f][0xffffff81][0x16][0xffffffb3][0xffffff85][0xffffffd1]b6[0xffffff9c][0x16][0x1f][0xffffffb7][0xffffffc0][0xffffffd3][0xffffffe2][0xffffffc7]MP[0xffffffb4][0xfffffff8][0xffffffb8]<E[0xffffff8b][0xffffffef]K[0xffffffa7][0xffffffd0]B[0xfffffff2]H[0xffffffd1][0xffffffc2][0xffffffa4][0xffffff92][0xffffffa2][0xffffff85]d[0xffffff93][0xffffffa0][0xffffffc5][0xffffff92][0xffffffd0]zZ,9[0xffffffcd][0xffffffa2][0xffffff85][0xffffffd6](M[0xb][0xffffffd7][0xffffffaa]4-[0xffffffb4]dIZ[0xffffffac][0xffffff9d][0xffffffcb][0xffffffd1]b[0xffffffad][0xffffffe0]=Z[0xffffff8c]4Z[0xc][0xffffff9e][0x16]#[0xffffff81][0x16][0xffffff83][0xffffffa5][0xffffffc5][0xffffffe0]h1[0xffffffa2]h[0xffffffb1][0xffffffe6][0x11][0xffffffa3][0xffffff85][0xffffffa6][0x12][0xffffffa3][0xffffffc5][0xffffff9a]M[0xffffff84][0x16][0xffffff83][0xffffffa6][0xffffffc5]H[0xffffffa6][0xffffff85][0xffffffd4](N[0xb][0xffffffd3][0xffffffaa]8-[0xffffffa4]dQZ[0xffffff8c][0x18]Z[0xffffff8c][0xffffffbf]@[0xffffff8b][0xffffffe3]H{[0xffffff8f][0xfffffff3][0xffffffe3][0xffffff8e]p\|[0xffffffde][0x3][0xffffffaf][0xffffff8b][0x7f][0xffffffee][0xffffff82][0xffffffe2][0xffffffc5][0xffffffe7][0xfffffff5])_[0xfffffffc][0xffffffb8]v[\n]"
08:17:55.190 [TestNG-PoolService-3] DEBUG org.apache.hc.client5.http.wire -- http-outgoing-4 << "*1Z[0xffffffac][0xffffffd9]Dh1iZ[0xffffffcc]dZH[0xffffff8d][0xffffffe2][0xffffffb4]0[0xffffffad][0xffffff8a][0xffffffd3]BJ[0x16][0xffffffa5][0xffffffc5][0xffffff8c][0xffffffa1][0xffffffc5][0xfffffffc][0xb][0xffffffb4][0xffffffb8][0xffffffd3][0xffffffde][0xffffffb5][0xffffffb8][0xfffffff9]w->n[0xffffff81][0xffffffa7][0xffffffc5][0xffffff8f][0xffffff9b][0xffffffa0]hqs[0xffffffef]Z[0xffffffdc]Q[0xffffffef]ZH[0x1e])Z[0xffffff98]TR[0xffffffb4][0xffffff90]l[0x12][0xffffffb4][0xffffffb8][0xffffffe9]w-[0xffffffee][0xffffffe4]w-[0xffffffb4]FiZ[0xffffffb8]V[0xffffffa5]i[0xffffffa1]%K[0xffffffd2]b[0xffffffed]\[0xffffff8e][0x16]k[0x5]o[0xffffffd1][0xffffffe2]8[0xffffffd2][0x1e][|[0xffffffdc][0x11][0xffffff8e][0xffffff8b][0xffffffcf]{[0xffffffe0]u[0xfffffff1][0xffffffcf]]P[0xffffffbc][0xfffffff8][0xffffffbc]>[0xffffffe5][0xffffff8b][0x1f][0xffffffd7]N[0x1][0xffffff86][0xffffff86][0xffffff92][0x12][0xffffff86][0xffffff8b]&E[0xc][\r](a[0xffffff8c]5[0xffffffa6][0xfffffff5][0xffffffc8]X[0xffffffc3][0xffffff9a][0xffffffa5][0xc]S[0xffffffa8]43l[0xffffffbf][0xffffffd2][0xffffffce]0uKBC[0xffffffda][0xffffff97][0xffffff93][0xffffff86][0xffffff94][0xfffffff1][0xffffffef]P[0xffffffe3][0xfffffff9][0xfffffffe]+[0xffffffcd][0x1d]7v[0x1d][0xffffffa3][0x1c][0x1a]?[0xffffffef][0xffffff87]b[0xffffffc6]/w[0xffffff80]!c[0xffffffb9][0xffffff87]bb[0xfffffffc]r[0xfffffff5]b`[0xfffffffc][0xffffffef][0xffffff95]a^[0xffffffbc][0xffffff8d]b1.[0xfffffffe]#[0xffffff90][0xffffffc5][0xffffffb4]x[0x1b][0xffffffcb]BX[0xffffffbc][0x9]g[0x19]+[0xffffffde]D4[0x2][0x15][0xffffffef][0xffffffcb][0x13]"[0xffffffc5][0x7f]u)[0x4][0xffffff8a][0xfffffff7][0xffffffd5][\n]"
08:17:55.191 [TestNG-PoolService-1] DEBUG org.apache.hc.client5.http.wire -- http-outgoing-3 << "04[0xffffff94][0xffffff94]0\4)bh@[0x9]c[0xffffffac]1[0xffffffad]G[0xffffffc6][0x1a][0xffffffd6],e[0xffffff98]B[0xffffffa5][0xffffff99]a[0xfffffffb][0xffffff95]v[0xffffff86][0xffffffa9][[0x12][0x1a][0xffffffd2][0xffffffbe][0xffffff9c]4[0xffffffa4][0xffffff8c][0x7f][0xffffff87][0x1a][0xfffffff7][0xfffffff7]_[0x19]f[0xffffffd8][0xfffffffb]h[0xffffffcf]S[0xe][0xffffff8d][0xffffff9f][0xfffffff7]C1[0xffffffe3][0xffffff97];[0xffffffc0][0xffffff90][0xffffffb1][0xffffffdc]C11~[0xffffffb9]z10[0xfffffffe][0xfffffff7][0xffffffca]0/[0xffffffde]F[0xffffffb1][0x18][0x17][0xffffffff][0x11][0xffffffc8]bZ[0xffffffbc][0xffffff8d]e!,[0xffffffde][0xffffff84][0xffffffb3][0xffffff8c][0x15]o"[0x1a][0xffffff81][0xffffff8a][0xfffffff7][0xffffffe5][0x9][0xffffff91][0xffffffe2][0xffffffbf][0xffffffba][0x14][0x2][0xffffffc5][0xfffffffb]j[0x5]8[0xfffffff1][0xffffffae]i[0xffffffcb]1[0xfffffff1][0xffffffae]x7(q9J[0xffffffcc][0xffffffaf][0x19]-[0xffffff84][0x12][0x17]N[0xffffff89]+[0xffffff80][0x12][0xffffff97][0xffffffe6][0xffffffbd]0[0xffffffe0][0x17]F[0xffffff89]+[0xffffff89][0x12][0x1a]E[0xffffff86][0x12].[0xffffff90][0xc]%4[0xffffff96][0xfffffff5][0xffffff94]X[0xffffffc3]YM[0xffffff89]5[0xffffffa2]I[0xffffff94]0[0xffffffe5][0xffffffc9]R[0xffffffc2]v)K[0x9]S[0xffffffad][0x1c]%[0xffffffa4]i)JH[0xfffffff1]nQB[0xffffffdf][0xffffffda]d)[0xffffff81][0xffffffbd][0xffffffb4][0xfffffff9][0xffffffcb][0x1d][0xfffffff0][0xffffff94]@^[0xffffffd9][0xfffffffc][0xffffffe5][0xffffffea][0x14]%[0x12]^[0xffffffd8]|[0x1b]E[0xffffff8a][0x12][0xfffffff8][0xffffffeb][0xffffff9a]ocIP[0x2]zY[0xfffffff3]MD[0xffffffb3]([0xffffff91][0xfffffff2][0xffffffaa][0xffffffe6][0x7f]u)M[0xffffff89][0xffffff84][0x17]5[0xffffffdf]5-G[0xffffff89]?xM[0xfffffff3][0xffffffc7][0xffffffdf][0xffffffb8][0xffffffcd]S[0xffffff89]v[0xffffffbc][0xffffffea][0xffffffdf][0xffffffa4][0xfffffff8]y?0%[0xffffffee][0xffffff80][0xffffffa7][0x12][0xffffffb7][0xffffffd2][0xffffffb9]0[0xffffffe0]7[0xfffffff6]T[0xffffffe2]Nz*[0xffffffa1]Qd([0xffffffe1][0x2][0xffffffc9]PBcYO[0xffffff89]5[0xffffff9c][0xffffffd5][0xffffff94]X#[0xffffff9a]D[0x9]S[0xffffff9e],%l[0xffffff97][0xffffffb2][0xffffff94]0[0xffffffd5][0xffffffca]QB[0xffffff9a][0xffffff96][0xffffffa2][0xffffff84][0x14][0xffffffef][0x6]%[0x1e]G[0xffffff89]k`[0xffffffef]J<8%[0xffffff9e][0x0]J<[0xffffff9a][0xfffffff7][0xffffffc2][0xffffff80]?[0x18]%[0xffffff9e]$Jh[0x14][0x19]J[0xffffffb8]@2[0xffffff94][0xffffffd0]X[0xffffffd6]Sb[\r]g5%[0xffffffd6][0xffffff88]&Q[0xffffffc2][0xffffff94]'K[0x9][0xffffffdb][0xffffffa5],%L[0xffffffb5]r[0xffffff94][0xffffff90][0xffffffa6][0xffffffa5](![0xffffffc5][0xffffffbb]A[0xffffff89][0xffffffe9](1[0xffffff9f]IQb[0xffffffe2][0xffffff94][0xffffff98][0x1][0xffffff94][0xffffff98][0xffffff9a][0xfffffff7][0xffffffc2][0xffffff80]O[0xffffff8c][0x12]3[0xffffff89][0x12][0x1a]E[0xffffff86][0x12].[0xffffff90][0xc]%4[0xffffff96][0xfffffff5][0xffffff94]X[0xffffffc3]YM[0xffffff89]5[0xffffffa2]I[0xffffff94]0[0xffffffe5][0xffffffc9]R[0xffffffc2]v)K[0x9]S[0xffffffad][0x1c]%[0xffffffa4]i)JH[0xfffffff1][0xfffffffe]>%[0xffffff8e][0xffffff97][0xffffffa1]D[0x7f]='D[0xffffff89][0xffffffcf][0xfffffffb]a)[0xfffffff1]u[0x7]0%[0xfffffffe][0xffffffbd][0x7][0xffffff84][0x12]_WG([0xfffffff1][0xffffffcf][0xffffff95]#(a[0xffffffa2][0xffffff88]P[0xffffffc2][0x6][0x12][0xffffffa1][0xffffff84][0xffffff89]e9%$[0xffffff9c][0xffffffc5][0xffffff94][0xffffff90][0xffffff88][0x6]Q[0xffffffc2][0xffffff95]'J[0x9][0xffffffdf][0xffffffa5](%\[0xffffffb5]b[0xffffff94][0xffffffd0][0xffffffa6][0xffffff85]([0xffffffa1][0xffffffc5][0xffffffbb]A[0xffffff89][0xffffffc3]Q[0xffffffe2]8[0x7]E[0xffffff89][0x3][0xffffffa7][0xffffffc4][0x11]@[0xffffff89]C[0xfffffff3]^[0x18][0xfffffff0][0x3][0xffffffa3][0xffffffc4][0xffffff91]D[0x9][0xffffff8d]"C[0x9][0x17]H[0xffffff86][0x12][0x1a][0xffffffcb]zJ[0xffffffac][0xffffffe1][0xffffffac][0xffffffa6][0xffffffc4][0x1a][0xffffffd1]$J[0xffffff98][0xfffffff2]d)a[0xffffffbb][0xffffff94][0xffffffa5][0xffffff84][0xffffffa9]V[0xffffff8e][0x12][0xffffffd2][0xffffffb4][0x14]%[0xffffffa4]x7([0xffffffd1],%&[0xfffffff5][0x3][0xffffffc7][0xffffffe7][0xfffffffd][0xffffffc0][0xffffff94]h[0x1][0xffffff94]h[0xffffff9a][0xfffffff7][0xffffffc2][0xffffff80]7[0xffffff8c][0x12]-[0xffffff89][0x12][0x1a]E[0xffffff86][0x12].[0xffffff90][0xc]%4[0xffffff96][0xfffffff5][0xffffff94]X[0xffffffc3]YM[0xffffff89]5[0xffffffa2]I[0xffffff94]0[0xffffffe5][0xffffffc9]R[0xffffffc2]v)K[0x9]S[0xffffffad][0x1c]%[0xffffffa4]i)JH[0xfffffff1]nP[0xffffffa2];J[0xffffffb4]qQ[0xffffff94][0xffffffe8]8%z[0x0]%[0xffffffba][0xffffffe6][0xffffffbd]0[0xffffffe0][0x1d][0xffffffa3]DO[0xffffffa2][0xffffff84]F[0xffffff91][0xffffffa1][0xffffff84][0xb]$C[0x9][0xffffff8d]e=%[0xffffffd6]pVSb[0xffffff8d]h[0x12]%Ly[0xffffffb2][0xffffff94][0xffffffb0]][0xffffffca]R[0xffffffc2]T+G[0x9]iZ[0xffffff8a][0x12]R[0xffffffbc][0x1b][0xffffff94]pk[0xffffff97]}[0xffffffbc][0xffffffb0]w%[0xfffffff0][0xffffffb5][0xffffffcb]#`[0xffffffed][0xfffffff2]0[0xffffff93]l[0xffffff85][0x1][0xffffffc7][0xffffffd6].[0xf][0x19]]#)[0x11][0xffffffb2]vi[0x3][0xffffffc9]P"`[0xffffffed]R[0xffffffc2]YM[0xffffff89][0xffffffe0][0xffffffb5]KW[0xffffff9e],%[0xfffffff2][0xffffffd6].][0xffffffb5]r[0xffffff94]HY[0xffffffbb][0xffffffd4][0xffffffe2][0xffffffdd][0xffffffa0][0xffffffc4][0xffffffe9]([0xfffffff1][0xffffffdc][0x7]E[0xffffff89][0x13][0xffffffa7][0xffffffc4][0x19]@[0xffffff89]S[0xfffffff3]^[0x18][0xfffffff0][0x13][0xffffffa3][0xffffffc4][0xffffff99]D[0x9][0xffffff8d]"C[0x9][0x17]H[0xffffff86][0x12][0x1a][0xffffffcb]zJ[0xffffffac][0xffffffe1][0xffffffac][0xffffffa6][0xffffffc4][0x1a][0xffffffd1]$J[0xffffff98][0xfffffff2]d)a[0xffffffbb][0xffffff94][0xffffffa5][0xffffff84][0xffffffa9]V[0xffffff8e][0x12][0xffffffd2][0xffffffb4][0x14]%[0xffffffa4]x7([0xffffffe1][0xffffff86][0xffffffb3][0xffffffc7]kR[0x13]U[0x7]>[0xffffff9c]}[0x4][0xc]g[0x1f]f[0xffffffdd][0xffffffb5]0[0xffffffe0][0xffffffd8]p[0xfffffff6]![0xfffffffb][0xffffffad]$%B[0xffffff86][0xffffffb3]m [0x19]J[0x4][0xc]gK8[0xffffffab])[0x11]<[0xffffff9c][0xffffffed][0xffffffca][0xffffff93][0xffffffa5]D[0xffffffde]p[0xffffffb6][0xffffffab]V[0xffffff8e][0x12])[0xffffffc3][0xffffffd9]Z[0xffffffbc][0x1b][0xffffff94][0xffffffb8][0x1d]%[0xffffffc6][0xffffffc4][0xffffff9e]J[0xffffffdc]8%[0xffffffee][0x0]J[0xffffffdc][0xffffff9a][0xfffffff7][0xffffffc2][0xffffff80][0xffffffdf][0x18]%[0xffffffee]$Jh[0x14][0x19]J[0xffffffb8]@2[0xffffff94][0xffffffd0]X[0xffffffd6]Sb[\r]g5%[0xffffffd6][0xffffff88]&Q[0xffffffc2][0xffffff94]'K[0x9][0xffffffdb][0xffffffa5],%L[0xffffffb5]r[0xffffff94][0xffffff90][0xffffffa6][0xffffffa5](![0xffffffc5][0xffffffbb]E[0xffffff89][0x16]F[0x9][0xfffffff8][0xc][0xffffff8e][0xffffffaf];[0xffffffe0])[0x1][0xffffff9e][0xffffffc1][0xfffffff1]uu[0xffffff8a][0x12]9gp[0xffffff98](R[0xffffff94][0x8]9[0xffffff83][0xffffffc3][0xffffffc4][0xffffff92][0xffffffa0][0x4]z[0x6][0xffffff87]D4[0xffffff8b][0x12]Ygp[0xfffffff8].[0xffffffa5])[0xffffff91]s[0x6][0xffffff87]6-G[0xffffff89]?>[0xffffff83][0xffffffe3]p[0xffffffc3][0xffffffd9][0xffffffe3][0xffffffba][0xffffffa9][0xffffffe3][0xffffffbc][0xe]|8[0xfffffffb][0x8][0x18][0xffffffce]>[0xffffffcc][0xffffffba]ka[0xffffffc0][0xffffffb1][0xffffffe1][0xffffffec]C[0xfffffff6][IJ[0xffffff84][0xc]g[0xffffffdb]@2[0xffffff94][0x8][0x18][0xffffffce][0xffffff96]pVS"x8[0xffffffdb][0xffffff95]'K[0xffffff89][0xffffffbc][0xffffffe1]lW[0xffffffad][0x1c]%R[0xffffff86][0xffffffb3][0xffffffb5]x[0xffffffb7](a[0xffffff9e]J[0xffffffa0][0xffffff94][0xffffffa0][0xffffff9f]J<[0x1]O%[0x1e][0xffffffa5]si[0xffffffc0][0xffffffa9][0xffffffa7][0x12]O[0xffffffd2]S[0x9][0xffffff8d]"E[0xffffff89][0xffffff94][0xffffffa7][0x12][0x1a]K[0xffffff82][0x12][0xffffffec]S[0xffffff89]5[0xffffffa2]Y[0xffffff94][0x8]{*a[0xffffffbb][0xffffff94][0xffffffa6]D[0xffffffd0]S[0x9]iZ[0xffffff8e][0x12][0x7f][0xfffffffe]T[0xffffffc2][0xffffff9d][0xffffffc1]q[0xffffffbe]N[0xffffffea]8[0xffffffaf][0x3]?[0xffffff83][0xffffffe3][0x8]8[0xffffff83][0xffffffe3]0C[0xfffffff1][0xffffff85][0x1][0xffffffc7][0xffffffce][0xffffffe0]8d[\n]"
08:17:55.191 [TestNG-PoolService-3] DEBUG org.apache.hc.client5.http.wire -- http-outgoing-4 << "p[0xffffffe2]][0xffffffd3][0xffffff96]c[0xffffffe2]][0xfffffff1]nP[0xffffffa2];J[0xffffffdc]_[0xffffffef]_ [0xffffff94][0xffffffe8]8%z[0x0]%[0xffffffba][0xffffffe6][0xffffffbd]0[0xffffffe0][0x1d][0xffffffa3]DO[0xffffffa2][0xffffff84]F[0xffffff91][0xffffffa1][0xffffff84][0xb]$C[0x9][0xffffff8d]e=%[0xffffffd6]pVSb[0xffffff8d]h[0x12]%Ly[0xffffffb2][0xffffff94][0xffffffb0]][0xffffffca]R[0xffffffc2]T+G[0x9]iZ[0xffffff8a][0x12]R[0xffffffbc][0x1b][0xffffff94]8[\r]%[0xffffffc6]8[0x1a]E[0xffffff89][0x13][0xffffffa7][0xffffffc4][0x19]@[0xffffff89]S[0xfffffff3]^[0x18][0xfffffff0][0x13][0xffffffa3][0xffffffc4][0xffffff99]D[0x9][0xffffff8d]"C[0x9][0x17]H[0xffffff86][0x12][0x1a][0xffffffcb]zJ[0xffffffac][0xffffffe1][0xffffffac][0xffffffa6][0xffffffc4][0x1a][0xffffffd1]$J[0xffffff98][0xfffffff2]d)a[0xffffffbb][0xffffff94][0xffffffa5][0xffffff84][0xffffffa9]V[0xffffff8e][0x12][0xffffffd2][0xffffffb4][0x14]%[0xffffffa4]x7(q9J[0xffffffdc][0xffffffe7][0xffffffa0](q[0xffffffe1][0xffffff94][0xffffffb8][0x2](qi[0xffffffde][0xb][0x3]~a[0xffffff94][0xffffffb8][0xffffff92]([0xffffffa1]Qd([0xffffffe1][0x2][0xffffffc9]PBcYO[0xffffff89]5[0xffffff9c][0xffffffd5][0xffffff94]X#[0xffffff9a]D[0x9]S[0xffffff9e],%l[0xffffff97][0xffffffb2][0xffffff94]0[0xffffffd5][0xffffffca]QB[0xffffff9a][0xffffff96][0xffffffa2][0xffffff84][0x14][0xffffffef][0x6]%nG[0xffffff89]yt[0xffffff8a][0x12]7N[0xffffff89];[0xffffff80][0x12][0xffffffb7][0xffffffe6][0xffffffbd]0[0xffffffe0]7F[0xffffff89];[0xffffff89][0x12][0x1a]E[0xffffff86][0x12].[0xffffff90][0xc]%4[0xffffff96][0xfffffff5][0xffffff94]X[0xffffffc3]YM[0xffffff89]5[0xffffffa2]I[0xffffff94]0[0xffffffe5][0xffffffc9]R[0xffffffc2]v)K[0x9]S[0xffffffad][0x1c]%[0xffffffa4]i)JH[0xfffffff1]nP[0xffffffe2]1[0xffffff94]8[0xffffffdb]|Q[0xffffff94]xpJ<[0x1][0xffffff94]x4[0xffffffef][0xffffff85][0x1][0x7f]0J<I[0xffffff94][0xffffffd0](2[0xffffff94]p[0xffffff81]d([0xffffffa1][0xffffffb1][0xffffffac][0xffffffa7][0xffffffc4][0x1a][0xffffffce]jJ[0xffffffac][0x11]M[0xffffffa2][0xffffff84])O[0xffffff96][0x12][0xffffffb6]KYJ[0xffffff98]j[0xffffffe5](!MKQB[0xffffff8a][0xfffffff7][0xfffffff7])q[0xffffffb9][0xffffffd7].[0xffffffcf][0xffffffeb][0xffffffa4][0xffffffde][0xffffff95][0xffffffb8][0xfffffff0][0xffffffd7].[0xffffffaf][0xffffff80][0xffffffd7]./[0xfffffff3]nP][0xffffffc0]/[0xffffffec][0xffffffb5][0xffffffcb]K[0xffffffde][0xfffffffe][0x1])a[0xffffffa2][0xffffff88]P[0xffffffc2][0x6][0x12][0xffffffa1][0xffffff84][0xffffff89]e9%$[0xffffff9c][0xffffffc5][0xffffff94][0xffffff90][0xffffff88][0x6]Q[0xffffffc2][0xffffff95]'J[0x9][0xffffffdf][0xffffffa5](%\[0xffffffb5]b[0xffffff94][0xffffffd0][0xffffffa6][0xffffff85]([0xffffffa1][0xffffffc5][0xffffffbb]A[0xffffff89]a(q[0xffffffbd]^[0x17]E[0xffffff89][0xffffff81]Sb[0x4]Pbh[0xffffffde][0xb][0x3]>0J[0xffffff8c]$Jh[0x14][0x19]J[0xffffffb8]@2[0xffffff94][0xffffffd0]X[0xffffffd6]Sb[\r]g5%[0xffffffd6][0xffffff88]&Q[0xffffffc2][0xffffff94]'K[0x9][0xffffffdb][0xffffffa5],%L[0xffffffb5]r[0xffffff94][0xffffff90][0xffffffa6][0xffffffa5](![0xffffffc5][0xffffffbb]A[0x9][0xfffffff7][0x5][0xffffffc7][0xffffffd5]F[0xfffffffd][0xffffff80][0xffffffd5][0xffffffcf][0xfffffffb][0xffffff81])[0x11][0xfffffff0][0x5][0xffffffc7]e^3.[0xc]8[0xfffffff6][0x5][0xffffffc7]%/[0x12][0xffffff93][0xffffff94][0x8][0xfffffff9][0xffffff82][0xffffffc3][0x6][0xffffff92][0xffffffa1]D[0xffffffc0][0x17][0x1c][0x12][0xffffffce]jJ[0x4][0x7f][0xffffffc1][0xffffffe1][0xffffffca][0xffffff93][0xffffffa5]D[0xffffffde][0x17][0x1c][0xffffffae]Z9J[0xffffffa4]|[0xffffffc1][0xffffffa1][0xffffffc5][0xffffffbb]A[0x9][0xfffffff7][0x5][0xffffffc7]u[0xffffffdd][0xf]E[0x9][0xfffffffc][0xb][0xffffff8e]+[0xffffffe0][0xb][0xffffff8e][0xffffffcb][0xffffffbc]f\[0x18]p[0xffffffec][0xb][0xffffff8e]K^$&)[0x11][0xfffffff2][0x5][0xffffff87][\r]$C[0xffffff89][0xffffff80]/8$[0xffffff9c][0xffffffd5][0xffffff94][0x8][0xfffffffe][0xffffff82][0xffffffc3][0xffffff95]'K[0xffffff89][0xffffffbc]/8\[0xffffffb5]r[0xffffff94]H[0xfffffff9][0xffffff82]C[0xffffff8b]w[0xffffff8b][0x12]-[0xffffff8c][0x12][\r][0xffffffa7]D[0xb][0xffffffa0]DC)[0xffffffd1]0J[0xffffffb4]$J[0xffffffac]Q[0xffffffa4]([0xffffffa1][0xffffff81][0xffffffa4]([0xffffffb1][0xffffffc6][0xffffff92][0xffffffa0]D[0xffffff83])[0xffffffd1][0xffffff82])![0xffffffe5]IS[0xffffffc2]t)M[0x9][0xffffffa9]V[0xffffff92][0x12]-[0xffffff85][0x12][0xffffffed][0xffffff8f])[0xffffffe1]>[0x6][0xffffffbd][0xffffffe6]A[0xffffffad]]^[0xfffffff8][0xffffffc7][0xffffffa0]W[0xffffffc0][0xffffffc7][0xffffffa0][0xffffff97][0xfffffff9]b[0xffffffa9]0[0xffffffe0][0xffffffd8][0xffffffc7][0xffffffa0][0xffffff97]|[0xffffff93]DR"[0xffffffe4]cP[0x1b]H[0xffffff86][0x12][0x1][0x1f][0xffffff83]J8[0xffffffab])[0x11][0xfffffffc]1[0xffffffa8]+O[0xffffff96][0x12]y[0x1f][0xffffff83][0xffffffba]j[0xffffffe5]([0xffffff91][0xfffffff2]1[0xffffffa8][0x16][0xffffffef][0x6]%[0x1e]C[0xffffff89][0xffffffbb][0x1f][0xffffffd8]S[0xffffff89][0x7][0xffffffa7][0xffffffc4][0x13]@[0xffffff89]G[0xfffffff3]^[0x18][0xfffffff0][0x7][0xffffffa3][0xffffffc4][0xffffff93]D[0x9][0xffffff8d]"C[0x9][0x17]H[0xffffff86][0x12][0x1a][0xffffffcb]zJ[0xffffffac][0xffffffe1][0xffffffac][0xffffffa6][0xffffffc4][0x1a][0xffffffd1]$J[0xffffff98][0xfffffff2]d)a[0xffffffbb][0xffffff94][0xffffffa5][0xffffff84][0xffffffa9]V[0xffffff8e][0x12][0xffffffd2][0xffffffb4][0x14]%[0xffffffa4]x7(1[0x1d]%[0xffffffc6][0xffffff89]=[0xffffff95][0xffffff98]8%f[0x0]%[0xffffffa6][0xffffffe6][0xffffffbd]0[0xffffffe0][0x13][0xffffffa3][0xffffffc4]L[0xffffffa2][0xffffff84]F[0xffffff91][0xffffffa1][0xffffff84][0xb]$C[0x9][0xffffff8d]e=%[0xffffffd6]pVSb[0xffffff8d]h[0x12]%Ly[0xffffffb2][0xffffff94][0xffffffb0]][0xffffffca]R[0xffffffc2]T+G[0x9]iZ[0xffffff8a][0x12]R[0xffffffbc][0xffffffbf]O[0xffffff89][0xfffffffb][0xffffffe5](1[0xffffffdb][\r]Q[0xffffffe2][0xfffffff3]~XJ|[0xffffffdd][0x1]L[0xffffff89][0x7f][0xffffffef][0x1][0xffffffa1][0xffffffc4][0xffffffd7][0xffffffd5][0x11]J[0xfffffffc]s[0xffffffe5][0x8]J[0xffffff98]("[0xffffff94][0xffffffb0][0xffffff81]D(abYN[0x9][0x9]g1%$[0xffffffa2]A[0xffffff94]p[0xffffffe5][0xffffff89]R[0xffffffc2]w)J[0x9]W[0xffffffad][0x18]%[0xffffffb4]i!Jh[0xfffffff1]nP[0xffffffe2]0[0xffffff94]x^[0xfffffff7][0xffffffa0](q[0xffffffe0][0xffffff94]8[0x2](qh[0xffffffde][0xb][0x3]~`[0xffffff94]8[0xffffff92]([0xffffffa1]Qd([0xffffffe1][0x2][0xffffffc9]PBcYO[0xffffff89]5[0xffffff9c][0xffffffd5][0xffffff94]X#[0xffffff9a]D[0x9]S[0xffffff9e],%l[0xffffff97][0xffffffb2][0xffffff94]0[0xffffffd5][0xffffffca]QB[0xffffff9a][0xffffff96][0xffffffa2][0xffffff84][0x14][0xffffffef][0x6]%[0xffffff9a][0xffffffa3][0xffffffc4][0xffffffc0][0xffffffde][0xffffff95][0xfffffff8][0xffffffbc][0x1f][0xffffff98][0x12][0xffffffcd][0xffffffc5][0xffffffbf]8[0xffffffef]M[0xfffffff3]^[0x18][0xfffffff0][0xffffff86]Q[0xffffffa2]%QB[0xffffffa3][0xffffffc8]P[0xffffffc2][0x5][0xffffff92][0xffffffa1][0xffffff84][0xffffffc6][0xffffffb2][0xffffff9e][0x12]k8[0xffffffab])[0xffffffb1]F4[0xffffff89][0x12][0xffffffa6]<YJ[0xffffffd8].e)a[0xffffffaa][0xffffff95][0xffffffa3][0xffffff84]4-E[0x9])[0xffffffde][\r]J[0xffffffb8][0xffffffe1][0xffffffec][0xffffffe7][0xffffffc4]N[0x6][0xffffffbd][0xfffffff1][0xffffffe1][0xffffffec];`8[0xfffffffb]6[0xffffffeb][0xffffffae][0xffffff85][0x1][0xffffffc7][0xffffff86][0xffffffb3]o[0xffffffd9]o%)[0x11]2[0xffffff9c]m[0x3][0xffffffc9]P"`8[[0xffffffc2]YM[0xffffff89][0xffffffe0][0xffffffe1]lW[0xffffff9e],%[0xfffffff2][0xffffff86][0xffffffb3]][0xffffffb5]r[0xffffff94]H[0x19][0xffffffce][0xffffffd6][0xffffffe2][0xffffffdd][0xffffffa0][0xffffff84][0x1b][0xffffffce]~[0xffffffce]I[0xffffffad]][0xffffffde][0xfffffff8]p[0xfffffff6][0x1d]0[0xffffff9c]}[0xffffff9b]u[0xffffffd7][0xffffffc2][0xffffff80]c[0xffffffc3][0xffffffd9][0xffffffb7][0xffffffec][0xffffffb7][0xffffff92][0xffffff94][0x8][0x19][0xffffffce][0xffffffb6][0xffffff81]d([0x11]0[0xffffff9c]-[0xffffffe1][0xffffffac][0xffffffa6]D[0xfffffff0]p[0xffffffb6]+O[0xffffff96][0x12]y[0xffffffc3][0xffffffd9][0xffffffae]Z9J[0xffffffa4][0xc]gk[0xfffffff1]nP[0xffffffc2][\r]g?[0xffffffd7][0xffffffa0]N[0x6][0xffffffbd][0xfffffff1][0xffffffe1][0xffffffec];`8[0xfffffffb]6[0xffffffeb][0xffffffae][0xffffff85][0x1][0xffffffc7][0xffffff86][0xffffffb3]o[0xffffffd9]o%)[0x11]2[0xffffff9c]m[0x3][0xffffffc9]P"`8[[0xffffffc2]YM[0xffffff89][0xffffffe0][0xffffffe1]lW[0xffffff9e],%[0xfffffff2][0xffffff86][0xffffffb3]][0xffffffb5]r[0xffffff94]H[0x19][0xffffffce][0xffffffd6][0xffffffe2][0xffffffdd][0xffffffa0][0xffffff84][0x1b][0xffffffce]~[0xffffffee][0xfffffff3][0xffffffa4]([0xffffff81][0xf]g[0xffffffdf][0x1][0xffffffc3][0xffffffd9][0xffffffb7]Yw-[0xc]86[0xffffff9c]}[0xffffffcb]~+I[0xffffff89][0xffffff90][0xffffffe1]l[0x1b]H[0xffffff86][0x12][0x1][0xffffffc3][0xffffffd9][0x12][0xffffffce]jJ[0x4][0xf]g[0xffffffbb][0xfffffff2]d)[0xffffff91]7[0xffffff9c][0xffffffed][0xffffffaa][0xffffff95][0xffffffa3]D[0xffffffca]p[0xffffffb6][0x16][0xffffffef][0x6]%[0xffffffdc][0xffffffda][0xffffffe5]3/[0xffffff8c][0x12][0xfffffff8][0xffffffda][0xffffffe5][0x1d][0xffffffb0]vy[0xffffff9b]I[0xffffffb6][0xffffffc2][0xffffff80]ck[0xffffff97][0xffffffb7][0xffffff8c][0xffffffae][0xffffff91][0xffffff94][0x8]Y[0xffffffbb][0xffffffb4][0xffffff81]d([0x11][0xffffffb0]v)[0xffffffe1][0xffffffac][0xffffffa6]D[0xfffffff0][0xffffffda][0xffffffa5]+O[0xffffff96][0x12]yk[0xffffff97][0xffffffae]Z9J[0xffffffa4][0xffffffac]]j[0xfffffff1]nP[0xffffffe2]1[0xffffff94][0xffffff98][0xffffffe7][0xffffffd9](J<8%[0xffffff9e][0x0]J<[0xffffff9a][0xfffffff7][0xffffffc2][0xffffff80]?[0x18]%[0xffffff9e]$Jh[0x14][0x19]J[0xffffffb8]@2[0xffffff94][0xffffffd0]X[0xffffffd6]Sb[\r]g5%[0xffffffd6][0xffffff88]&Q[0xffffffc2][0xffffff94]'K[0x9][0xffffffdb][0xffffffa5],%L[0xffffffb5]r[0xffffff94][0xffffff90][0xffffffa6][0xffffffa5](![0xffffffc5][0xffffffbb]A[0x9][0xffffffb7]v9[0xffffffe7][0xffffffc0]&[0xffffffaa][0xfffffff0][0xffffffb5][0xffffffcb];`[0xffffffed][0xfffffff2]6[0xffffff93]l[0xffffff85][0x1][0xffffffc7][0xffffffd6].o[0x19]]#)[0x11][0xffffffb2]vi[0x3][0xffffffc9]P"`[0xffffffed]R[0xffffffc2]YM[0xffffff89][0xffffffe0][0xffffffb5]KW[0xffffff9e],%[0xfffffff2][0xffffffd6].][0xffffffb5]r[0xffffff94]HY[0xffffffbb][0xffffffd4][0xffffffe2][0xfffffffd]}J<f[0xffffffed][0xfffffff2]z[0xffffff8d][0x17]E[0xffffff89][0x7]_[0xffffffbb]|[0x2][0xffffffd6].[0x1f]3[0xffffffc9]V[0x17][0xfffffff0][0x7][[0xffffffbb]|dt[\r][0xffffffa4][0xffffff84][0xffffff89]"B[0x9][0x1b]H[0xffffff84][0x12]&[0xffffff96][0xffffffe5][0xffffff94][0xffffff90]p[0x16]SB"[0x1a]D[0x9]W[0xffffff9e](%|[0xffffff97][0xffffffa2][0xffffff94]p[0xffffffd5][0xffffff8a]QB[0xffffff9b][0x16][0xffffffa2][0xffffff84][0x16][0xffffffef][0x16]%Z[0x18]%[0xffffffe0]C[0xffffffc6][0xffffffbf][0xffffffee][0xffffff80][0xffffffa7][0x4]x[0xffffffc8][0xfffffff8][0xffffffd7][0xffffffd5])J[0xffffffe4][0x1c]2n[0xffffffa2]HQ"[0xffffffe4][0xffffff90]q[0x13]K[0xffffff82][0x12][0xffffffe8]![0xffffffe3][0x12][0xffffffd1],Jd[0x1d]2[0xffffffee][0xffffffbb][0xffffff94][0xffffffa6]D[0xffffffce]![0xffffffe3][0xffffffda][0xffffffb4][0x1c]%[0xfffffffe][0xfffffff8][0xffffff90][0xfffffff1][0xffffffc7][0xc]g_[0xffffffaf][0xffffffeb][0xffffffa2][0xffffff8e][0xfffffff3]z[0xfffffff0][0xffffffe1][0xffffffec]'`8[0xfffffffb]1[0xffffffeb][0xffffffae][0xffffff85][0x1][0xffffffc7][0xffffff86][0xffffffb3][0x1f][0xffffffd9]o%)[0x11]2[0xffffff9c]m[0x3][0xffffffc9]P"`8[[0xffffffc2]YM[0xffffff89][0xffffffe0][0xffffffe1]lW[0xffffff9e],%[0xfffffff2][0xffffff86][0xffffffb3]][0xffffffb5]r[0xffffff94]H[0x19][0xffffffce][0xffffffd6][0xffffffe2][0xffffffdd][0xffffffa0][0xffffff84][0x19][0xffffffce][0xffffffbe][0xffffff8e][0xffffffd7]kP[0xffffff94][0xffffffc0][0xffffff87][0xffffffb3][0xffffff9f][0xffffff80][0xffffffe1][0xffffffec][0xffffffc7][0xffffffac][0xffffffbb][0x16][0x6][0x1c][0x1b][0xffffffce]~d[0xffffffbf][0xffffff95][0xffffffa4]D[0xffffffc8]p[0xffffffb6][\r]$C[0xffffff89][0xffffff80][0xffffffe1]l[0x9]g5%[0xffffff82][0xffffff87][0xffffffb3]]y[0xffffffb2][0xffffff94][0xffffffc8][0x1b][0xffffffce]v[0xffffffd5][0xffffffca]Q"e8[[0xffffff8b]w[0xffffff8b][0x12][0xfffffffa][0x3][0x7]K[0x9][0xfffffffa][0x7][0xffffff8e][0x16][0xfffffff0][0x3]G[0xffffffd3][0xffffffa7]p[0xffffffa5][0x1][0xffffffa7]~[0xffffffe0]hI?ph[0x14])J[0xffffffa4][0xfffffffc][0xffffffc0][0xffffffa1][0xffffffb1]$([0xffffffc1][0xfffffffe][0xffffffc0][0xffffffb1]F4[0xffffff8b][0x12]a?p[0xffffffd8].[0xffffffa5])[0x11][0xfffffff4][0x3][0xffffff87]4-G[0xffffff89]?[0xffffffff][0xffffff81][0xffffffc3][0xffffff9c][0xffffffc1]q[0x1d][0xffffffed][0xffffffb9](J[0xffffffe0]gp<[0x1]gp<f([0xffffffbe]0[0xffffffe0][0xffffffd8][0x19][0x1c][0xffffff8f]L[0xffffffc1][0xffffff93][0xffffff94][0x8]9[0xffffff83][0xffffffc3][0x6][0xffffff92][0xffffffa1]D[0xffffffc0][0x19][0x1c][0x12][0xffffffce]jJ[0x4][0xffffff9f][0xffffffc1][0xffffffe1][0xffffffca][0xffffff93][0xffffffa5]D[0xffffffde][0x19][0x1c][0xffffffae]Z9J[0xffffffa4][0xffffff9c][0xffffffc1][0xffffffa1][0xffffffc5][0xffffffbb]E[0xffffff89][0x1e]F[0xffffff89][0xffffff8e]S[0xffffffa2][0x7]P[0xffffffa2][0xffffffa3][0xffffff94][0xffffffe8][0x18]%z[0x12]%[0xffffffd6](R[0xffffff94][0xffffffd0]@R[0xffffff94]XcIP[0xffffffa2][0xffffffc3][0xffffff94][0xffffffe8][0xffffffc1][0xffffff94][0xffffff90][0xfffffff2][0xffffffa4])a[0xffffffba][0xffffff94][0xffffffa6][0xffffff84]T+I[0xffffff89][0xffffff9e]B[0xffffff89][0xfffffffe][0xffffffc7][0xffffff94]0[0xffffffc7]y][0xffffffc7]uSk[0xffffff97][0xf]~[0xffffff9c][0xffffffd7][0x13]p[0xffffff9c][0xffffffd7]c[0xffffffce][0xffffff9c])[0xc]8v[0xffffff9c][0xffffffd7]#[0xffffffa7][0xffffffca][0xffffff90][0xffffff94][0x8]9[0xffffffce][0xffffffcb][0x6][0xffffff92][0xffffffa1]D[0xffffffc0]q^[0x12][0xffffffce]jJ[0x4][0x1f][0xffffffe7][0xffffffe5][0xffffffca][0xffffff93][0xffffffa5]D[0xffffffde]q^[0xffffffae]Z9J[0xffffffa4][0x1c][0xffffffe7][0xffffffa5][0xffffffc5][0xffffffbb]A[0x9]s[0xffffff9c][0xffffffd7]u[0xffffffdc][0xffffffcf][0xffffffa0]([0xffffff81][0x1f][0xffffffe7][0xfffffff5][0x4][0x1c][0xffffffe7][0xfffffff5][0xffffff98]3g[\n]"
08:17:55.191 [TestNG-PoolService-2] DEBUG org.apache.hc.client5.http.wire -- http-outgoing-5 << "[0xffffffbb]A[0x9][0xffffffb7]vy[0xffffffdd][0xffffff9d]:[0xffffff83]c[0xffffffe0]k[0xffffff97]#`[0xffffffed]r[0xffffff98]I[0xffffffb6][0xffffffc2][0xffffff80]ck[0xffffff97]CF[0xffffffd7]HJ[0xffffff84][0xffffffac]][0xffffffda]@2[0xffffff94][0x8]X[0xffffffbb][0xffffff94]pVS"x[0xffffffed][0xffffffd2][0xffffff95]'K[0xffffff89][0xffffffbc][0xffffffb5]KW[0xffffffad][0x1c]%R[0xffffffd6].[0xffffffb5]x7(qZJ<[0xffffff83][0xffffffa2][0xffffffc4][0xffffff89]S[0xffffffe2][0xc][0xffffffa0][0xffffffc4][0xffffffa9]y/[0xc][0xfffffff8][0xffffff89]Q[0xffffffe2]L[0xffffffa2][0xffffff84]F[0xffffff91][0xffffffa1][0xffffff84][0xb]$C[0x9][0xffffff8d]e=%[0xffffffd6]pVSb[0xffffff8d]h[0x12]%Ly[0xffffffb2][0xffffff94][0xffffffb0]][0xffffffca]R[0xffffffc2]T+G[0x9]iZ[0xffffff8a][0x12]R[0xffffffbc][0x1b][0xffffff94]pk[0xffffff97][0xffffffd7][0xfffffff3][0xfffffff5][0xffffffcf][0xb][0xffffffa1][0x4][0xffffffbe]v9[0x2][0xffffffd6].[0xffffff87][0xffffff99]d+[0xc]8[0xffffffb6]v9dt[0xffffff8d][0xffffffa4]D[0xffffffc8][0xffffffda][0xffffffa5][\r]$C[0xffffff89][0xffffff80][0xffffffb5]K[0x9]g5%[0xffffff82][0xffffffd7].]y[0xffffffb2][0xffffff94][0xffffffc8][[0xffffffbb]t[0xffffffd5][0xffffffca]Q"e[0xffffffed]R[0xffffff8b]w[0xffffff83][0x12]n[0xffffffed][0xfffffff2][0xffffff9a]/[0xffffff8c][0x12][0xfffffff8][0xffffffda][0xffffffe5][0x8]X[0xffffffbb][0x1c]f[0xffffff92][0xffffffad]0[0xffffffe0][0xffffffd8][0xffffffda][0xffffffe5][0xffffff90][0xffffffd1]5[0xffffff92][0x12]!k[0xffffff97]6[0xffffff90][0xc]%[0x2][0xffffffd6].%[0xffffff9c][0xffffffd5][0xffffff94][0x8]^[0xffffffbb]t[0xffffffe5][0xffffffc9]R"o[0xffffffed][0xffffffd2]U+G[0xffffff89][0xffffff94][0xffffffb5]K-[0xffffffde][\r]J[0xffffffb8][0xffffffb5][0xffffffcb][0xfffffffb][0xfffffff5]`[0xffffffbb][0x12][0xfffffff8][0xffffffda][0xffffffe5][0x8]X[0xffffffbb][0x1c]f[0xffffff92][0xffffffad]0[0xffffffe0][0xffffffd8][0xffffffda][0xffffffe5][0xffffff90][0xffffffd1]5[0xffffff92][0x12]!k[0xffffff97]6[0xffffff90][0xc]%[0x2][0xffffffd6].%[0xffffff9c][0xffffffd5][0xffffff94][0x8]^[0xffffffbb]t[0xffffffe5][0xffffffc9]R"o[0xffffffed][0xffffffd2]U+G[0xffffff89][0xffffff94][0xffffffb5]K-[0xffffffde][\r]J[0xffffffb8][0xffffffb5][0xffffffcb][0xffffffbb]][0xffffffd8]S[0x9]|[0xffffffed]r[0x4][0xffffffac]][0xe]3[0xffffffc9]V[0x18]pl[0xffffffed]r[0xffffffc8][0xffffffe8][0x1a]I[0xffffff89][0xffffff90][0xffffffb5]K[0x1b]H[0xffffff86][0x12][0x1]k[0xffffff97][0x12][0xffffffce]jJ[0x4][0xffffffaf]][0xffffffba][0xfffffff2]d)[0xffffff91][0xffffffb7]v[0xffffffe9][0xffffffaa][0xffffff95][0xffffffa3]D[0xffffffca][0xffffffda][0xffffffa5][0x16][0xffffffef][0x16]%z[0x18]%:N[0xffffff89][0x1e]@[0xffffff89][0xffffff8e]R[0xffffffa2]c[0xffffff94][0xffffffe8]I[0xffffff94]X[0xffffffa3]HQB[0x3]IQb[0xffffff8d]%A[0xffffff89][0xe]S[0xffffffa2][0x7]SB[0xffffffca][0xffffff93][0xffffffa6][0xffffff84][0xffffffe9]R[0xffffff9a][0x12]R[0xffffffad]$%z[\n]"
08:17:55.191 [TestNG-PoolService-1] DEBUG org.apache.hc.client5.http.wire -- http-outgoing-3 << "[0xffffff9e][0xffffffa4]D[0xffffffc8][0x19][0x1c]6[0xffffff90][0xc]%[0x2][0xffffffce][0xffffffe0][0xffffff90]pVS"[0xfffffff8][0xc][0xe]W[0xffffff9e],%[0xfffffff2][0xffffffce][0xffffffe0]p[0xffffffd5][0xffffffca]Q"[0xffffffe5][0xc][0xe]-[0xffffffde][0xffffffdf][0xffffffa7]Dsgp[0xffffff9c][\r][0x1b][0xffffffce]n[0xfffffff8][0x19][0x1c]-[0xffffffe0][0xc][0xffffff8e]f[0xffffff86][0xffffffe2][0xffffffeb][0x2][0xffffffde][0xffffffb0]38[0xffffff9a]L[0xffffffc1][0xffffff83][0xffffff94]0QD(a[0x3][0xffffff89]P[0xffffffc2][0xffffffc4][0xffffffb2][0xffffff9c][0x12][0x12][0xffffffce]bJHD[0xffffff83]([0xffffffe1][0xffffffca][0x13][0xffffffa5][0xffffff84][0xffffffef]R[0xffffff94][0x12][0xffffffae]Z1Jh[0xffffffd3]B[0xffffff94][0xffffffd0][0xffffffe2][0xffffffdd][0xffffffa0][0xffffff84];[0xffffff83][0xffffffe3][0xffffffbc]:5Q[0xffffffd5][0xfffffff0]38Z[0xffffffc0][0x19][0x1c][0xffffffcd][0xc][0xffffffc5][0x17][0x6][0x1c];[0xffffff83][0xffffffa3][0xffffffc9][0x14]<I[0xffffff89][0xffffff90]38l [0x19]J[0x4][0xffffff9c][0xffffffc1]![0xffffffe1][0xffffffac][0xffffffa6]D[0xfffffff0][0x19][0x1c][0xffffffae]<YJ[0xffffffe4][0xffffff9d][0xffffffc1][0xffffffe1][0xffffffaa][0xffffff95][0xffffffa3]D[0xffffffca][0x19][0x1c]Z[0xffffffbc][0x1b][0xffffff94]pgp[0xffffff9c][0xf]G[0x9][0xfffffffc][0xc][0xffffff8e][0x16]p[0x6]G3C[0xfffffff1][0xffffff85][0x1][0xffffffc7][0xffffffce][0xffffffe0]h2[0x5]OR"[0xffffffe4][0xc][0xe][0x1b]H[0xffffff86][0x12][0x1]gpH8[0xffffffab])[0x11]|[0x6][0xffffff87]+O[0xffffff96][0x12]ygp[0xffffffb8]j[0xffffffe5]([0xffffff91]r[0x6][0xffffff87][0x16][0xffffffef][0x6]%[0xffffffdc][0x19][0x1c][0xffffffd7][0xffffffd1][0xffffffa8]38[0x1a]~[0x6]G[0xb]8[0xffffff83][0xffffffa3][0xffffff99][0xffffffa1][0xfffffff8][0xffffffc2][0xffffff80]cgp4[0xffffff99][0xffffff82]')[0x11]r[0x6][0xffffff87][\r]$C[0xffffff89][0xffffff80]38$[0xffffff9c][0xffffffd5][0xffffff94][0x8]>[0xffffff83][0xffffffc3][0xffffff95]'K[0xffffff89][0xffffffbc]38\[0xffffffb5]r[0xffffff94]H9[0xffffff83]C[0xffffff8b]w[0xffffff83][0x12]n[0xffffffed][0xfffffff2]~uj[0xffffffed][0xffffffb2][0xffffffe1]k[0xffffff97]-`[0xffffffed][0xffffffb2][0xffffff99]I[0xffffffb6][0xffffffc2][0xffffff80]ck[0xffffff97]MF[0xffffffd7]HJ[0xffffff84][0xffffffac]][0xffffffda]@2[0xffffff94][0x8]X[0xffffffbb][0xffffff94]pVS"x[0xffffffed][0xffffffd2][0xffffff95]'K[0xffffff89][0xffffffbc][0xffffffb5]KW[0xffffffad][0x1c]%R[0xffffffd6].[0xffffffb5]x7(q;J[0xffffff8c][0xffffff87]:d[0xfffffffc][0xfffffff3]~`J[0xffffffdc][0x1][0xffffff94][0xffffffb8]5[0xffffffef][0xffffff85][0x1][0xffffffbf]1J[0xffffffdc]I[0xffffff94][0xffffffd0](2[0xffffff94]p[0xffffff81]d([0xffffffa1][0xffffffb1][0xffffffac][0xffffffa7][0xffffffc4][0x1a][0xffffffce]jJ[0xffffffac][0x11]M[0xffffffa2][0xffffff84])O[0xffffff96][0x12][0xffffffb6]KYJ[0xffffff98]j[0xffffffe5](!MKQB[0xffffff8a]w[0xffffff8b][0x12][0xffffffba]+[0xffffffc1]R[0x2][0xffffffde][0xffffff95]h[0x1]k[0xffffff97][0xffffffcd]L[0xffffffb2][0xffffff95][0x6][0x1c][0xffffffda][0xffffff95]h2[0xffffffba][0xffffffc6]R"bW[0xffffffc2][0x6][0xffffff92][0xffffffa2][0x4][0xffffffbe]+![0xffffffe1][0xffffffac][0xffffffa7]D[0xffffffec][0xffffffae][0xffffff84]+O[0xffffff9a][0x12]i[0xffffffbb][0x12][0xffffffae]ZIJd[0xffffffec]Jh[0xfffffff1]nP[0xffffffc2][0xffffffad]][0xffffffde][0x17][0xfffffff7][0x3][0x7][0xffffffbe]v[0xffffffd9][0x2][0xffffffd6].[0xffffff9b][0xffffff99]d+[0xc]8[0xffffffb6]v[0xffffffd9]dt[0xffffff8d][0xffffffa4]D[0xffffffc8][0xffffffda][0xffffffa5][\r]$C[0xffffff89][0xffffff80][0xffffffb5]K[0x9]g5%[0xffffff82][0xffffffd7].]y[0xffffffb2][0xffffff94][0xffffffc8][[0xffffffbb]t[0xffffffd5][0xffffffca]Q"e[0xffffffed]R[0xffffff8b][0xfffffff7][0xfffffff7])[0xffffffd1][0xffffffdd][0xffffffae][0xffffffc4][0xffffffd3]:[0xfffffff5][0xffffffda]e[0xffffffc7]w%z[0xffffffc0][0xffffffae]D7[0x1f]?[0xffffffd7][0x5][0xffffffbc]c[0xffffffbb][0x12]]]]><![CDATA[>o[0x6])a[0xffffffa2][0xffffff88]P[0xffffffc2][0x6][0x12][0xffffffa1][0xffffff84][0xffffff89]e9%$[0xffffff9c][0xffffffc5][0xffffff94][0xffffff90][0xffffff88][0x6]Q[0xffffffc2][0xffffff95]'J[0x9][0xffffffdf][0xffffffa5](%\[0xffffffb5]b[0xffffff94][0xffffffd0][0xffffffa6][0xffffff85]([0xffffffa1][0xffffffc5][0xffffffbb]A[0x9][0xffffffb7]+[0xfffffff1][0xffffffdc]/[0xffffffea][0x7][0xffffff8e][0xffffff8e][0xffffffef]J[0xfffffff4][0xffffff80]][0xffffff89]n>~.[0xc]8[0xffffffb6]+[0xffffffd1][0xffffffe5][0xfffffff3]f[0xffffff92][0x12]![0xffffffbb][0x12]6[0xffffff90][0xc]%[0x2]v%$[0xffffff9c][0xffffffd5][0xffffff94][0x8][0xffffffde][0xffffff95]p[0xffffffe5][0xffffffc9]R"oW[0xffffffc2]U+G[0xffffff89][0xffffff94]][0x9]-[0xffffffde][\r]J[0xffffffb8]][0xffffff89][0xffffffe7][0x19][0xffffffd4][0xffffffc9][0xffffffa0][0x1d][0xffffffdf][0xffffff95][0xffffffe8][0x1][0xffffffbb][0x12][0xffffffdd]|[0xfffffffc]\[0x18]plW[0xffffffa2][0xffffffcb][0xffffffe7][0xffffffcd]$%Bv%l [0x19]J[0x4][0xffffffec]JH8[0xffffffab])[0x11][0xffffffbc]+[0xffffffe1][0xffffffca][0xffffff93][0xffffffa5]D[0xffffffde][0xffffffae][0xffffff84][0xffffffab]V[0xffffff8e][0x12])[0xffffffbb][0x12]Z[0xffffffbc][0x1b][0xffffff94]p[0xffffffbb][0x12][0xfffffff3][0xfffffff5]`[0xffffff94][0xffffffc0]w%z[0xffffffc0][0xffffffae]D7[0x1f]?[0x17][0x6][0x1c][0xffffffdb][0xffffff95][0xffffffe8][0xfffffff2]y3I[0xffffff89][0xffffff90]][0x9][0x1b]H[0xffffff86][0x12][0x1][0xffffffbb][0x12][0x12][0xffffffce]jJ[0x4][0xffffffef]J[0xffffffb8][0xfffffff2]d)[0xffffff91][0xffffffb7]+[0xffffffe1][0xffffffaa][0xffffff95][0xffffffa3]D[0xffffffca][0xffffffae][0xffffff84][0x16][0xffffffef][0x6]%[0xffffff86][0xffffffa3][0xffffffc4]qb[0xffffff94][0x18]8%F[0x0]%[0xffffff86][0xffffffe6][0xffffffbd]0[0xffffffe0][0x3][0xffffffa3][0xffffffc4]H[0xffffffa2][0xffffff84]F[0xffffff91][0xffffffa1][0xffffff84][0xb]$C[0x9][0xffffff8d]e=%[0xffffffd6]pVSb[0xffffff8d]h[0x12]%Ly[0xffffffb2][0xffffff94][0xffffffb0]][0xffffffca]R[0xffffffc2]T+G[0x9]iZ[0xffffff8a][0x12]R[0xffffffbc][0x1b][0xffffff94]8[0x1d]%[0xffffffda][0xffffff8b]:[0x19][0xfffffff4][0xfffffff3]~`J[0xffffff9c][0x1][0xffffff94]85[0xffffffef][0xffffff85][0x1]?1J[0xffffff9c]I[0xffffff94][0xffffffd0](2[0xffffff94]p[0xffffff81]d([0xffffffa1][0xffffffb1][0xffffffac][0xffffffa7][0xffffffc4][0x1a][0xffffffce]jJ[0xffffffac][0x11]M[0xffffffa2][0xffffff84])O[0xffffff96][0x12][0xffffffb6]KYJ[0xffffff98]j[0xffffffe5](!MKQB[0xffffff8a]w[0xffffff83][0x12]n[0xffffffed]r[0xffffffb6][0xffffff93]:[0xffffff83][0xffffffa3][0xffffffe3]k[0xffffff97]=`[0xffffffed][0xffffffb2][0xffffff9b]I[0xffffffb6][0xffffffc2][0xffffff80]ck[0xffffff97]]F[0xffffffd7]HJ[0xffffff84][0xffffffac]][0xffffffda]@2[0xffffff94][0x8]X[0xffffffbb][0xffffff94]pVS"x[0xffffffed][0xffffffd2][0xffffff95]'K[0xffffff89][0xffffffbc][0xffffffb5]KW[0xffffffad][0x1c]%R[0xffffffd6].[0xffffffb5]x7(q;J[0xfffffff4][0x3][0xfffffffb][0x18][0xfffffff4][0xffffffc6])q[0x7]P[0xffffffe2][0xffffffd6][0xffffffbc][0x17][0x6][0xfffffffc][0xffffffc6](q'QB[0xffffffa3][0xffffffc8]P[0xffffffc2][0x5][0xffffff92][0xffffffa1][0xffffff84][0xffffffc6][0xffffffb2][0xffffff9e][0x12]k8[0xffffffab])[0xffffffb1]F4[0xffffff89][0x12][0xffffffa6]<YJ[0xffffffd8].e)a[0xffffffaa][0xffffff95][0xffffffa3][0xffffff84]4-E[0x9])[0xffffffde][\r]J[0xffffffb8][0xffffff89][0xffffffaa]9:[0xfffffff6][0xffffffae][0x4]>Q[0xffffffd5][0x3]&[0xffffffaa][0xffffffba][0xffffffd9]Q)[0xc]86Q[0xffffffd5]e)[0xffffff85][0xffffffa4]D[0xffffffc8]D[0xffffff95][\r]$C[0xffffff89][0xffffff80][0xffffff89]*[0x9]g5%[0xffffff82]'[0xffffffaa]\y[0xffffffb2][0xffffff94][0xffffffc8][0xffffff9b][0xffffffa8]r[0xffffffd5][0xffffffca]Q"e[0xffffffa2]J[0xffffff8b]w[0xffffff83][0x12][0xffffffd3]Q[0xffffffe2][0xffffff9a][0xffffff9d][0xffffffa2][0xffffffc4][0xffffffc4])1[0x3](15[0xffffffef][0xffffff85][0x1][0xffffff9f][0x18]%f[0x12]%4[0xffffff8a][0xc]%\ [0x19]Jh,[0xffffffeb])[0xffffffb1][0xffffff86][0xffffffb3][0xffffff9a][0x12]kD[0xffffff93](a[0xffffffca][0xffffff93][0xffffffa5][0xffffff84][0xffffffed]R[0xffffff96][0x12][0xffffffa6]Z9JH[0xffffffd3]R[0xffffff94][0xffffff90][0xffffffe2][0xfffffffd]}J[0xffffff8c][0xffffffe3][0xffffffff][0xfffffffa]J[0xffffff89][0xfffffff3]u<[0x3][0xffffffa2][0xffffffc4][0xffffffe7][0xfffffffd][0xffffffb0][0xffffff94][0xfffffff8][0xffffffba][0x3][0xffffff98][0x12][0xffffffff][0xffffffde][0x3]B[0xffffff89][0xffffffaf][0xffffffab]#[0xffffff94][0xfffffff8][0xffffffe7][0xffffffca][0x11][0xffffff94]0QD(a[0x3][0xffffff89]P[0xffffffc2][0xffffffc4][0xffffffb2][0xffffff9c][0x12][0x12][0xffffffce]bJHD[0xffffff83]([0xffffffe1][0xffffffca][0x13][0xffffffa5][0xffffff84][0xffffffef]R[0xffffff94][0x12][0xffffffae]Z1Jh[0xffffffd3]B[0xffffff94][0xffffffd0][0xffffffe2][0xffffffdd][0xffffffa0][0xffffff84][0xffffff99][0xffffffa8]:_[0xffffffe3][0xffffffa6][0xffffffd6].[0x7]>Q5[0x2]&[0xffffffaa][0xffffff86][0xffffffd9]Q)[0xc]86Q5d)[0xffffff85][0xffffffa4]D[0xffffffc8]D[0xffffff95][\r]$C[0xffffff89][0xffffff80][0xffffff89]*[0x9]g5%[0xffffff82]'[0xffffffaa]\y[0xffffffb2][0xffffff94][0xffffffc8][0xffffff9b][0xffffffa8]r[0xffffffd5][0xffffffca]Q"e[0xffffffa2]J[0xffffff8b]w[0xffffff83][0x12]f[0xffffffa2][0xffffffea]|[0xffffffcd][0xffffffa3]Q[0xffffff94][0xffffffc0]'[0xffffffaa]F[0xffffffc0]D[0xffffffd5]0;*[0xffffff85][0x1][0xffffffc7]&[0xffffffaa][0xffffff86],[0xffffffa5][0xffffff90][0xffffff94][0x8][0xffffff99][0xffffffa8][0xffffffb2][0xffffff81]d([0x11]0Q%[0xffffffe1][0xffffffac][0xffffffa6]D[0xfffffff0]D[0xffffff95]+O[0xffffff96][0x12]y[0x13]U[0xffffffae]Z9J[0xffffffa4]LTi[0xfffffff1]nP[0xffffffc2]LT[0xffffff9d][0xffffffc7][0xffffffeb][0xffffffa2][0xffffffde][0xffffff95][0x18][0xfffffff8]D[0xffffffd5][0x8][0xffffff98][0xffffffa8][0x1a]fG[0xffffffa5]0[0xffffffe0][0xffffffd8]D[0xffffffd5][0xffffff90][0xffffffa5][0x14][0xffffff92][0x12]![0x13]U6[0xffffff90][0xc]%[0x2]&[0xffffffaa]$[0xffffff9c][0xffffffd5][0xffffff94][0x8][0xffffff9e][0xffffffa8]r[0xffffffe5][0xffffffc9]R"o[0xffffffa2][0xffffffca]U+G[0xffffff89][0xffffff94][0xffffff89]*-[0xffffffde][\r]J[0xffffff98][0xffffff89][0xffffffaa][0xfffffff3][0xffffffb8].jWb[0xffffffe0][0x13]U#`[0xffffffa2]j[0xffffff98][0x1d][0xffffff95][0xffffffc2][0xffffff80]c[0x13]UC[0xffffff96]RHJ[0xffffff84]LT[0xffffffd9]@2[0xffffff94][0x8][0xffffff98][0xffffffa8][0xffffff92]pVS"x[0xffffffa2][0xffffffca][0xffffff95]'K[0xffffff89][0xffffffbc][0xffffff89]*W[0xffffffad][0x1c]%R&[0xffffffaa][0xffffffb4]x7(a&[0xffffffaa][0xffffffce][0xffffffd6][0xffffff8e][0x17]E[0x9]|[0xffffffa2]j[0x4]LT[\r][0xffffffb3][0xffffffa3]R[0x18]pl[0xffffffa2]j[0xffffffc8]R[\n]"
08:17:55.192 [TestNG-PoolService-2] DEBUG org.apache.hc.client5.http.wire -- http-outgoing-5 << "%[0xfffffffa]_[0xffffffa0][0xffffffc4][0x19]F[0xffffff89][0x13][0xffffffa7][0xffffffc4][0x19]@[0xffffff89][0x13][0xffffffa5][0xffffffc4][0xffffff89]Q[0xffffffe2]L[0xffffffa2][0xffffffc4][0x1a]E[0xffffff8a][0x12][0x1a]H[0xffffff8a][0x12]k,[0x9]J[0xffffff9c]0%[0xffffffce]`JHy[0xffffffd2][0xffffff94]0]JSB[0xffffffaa][0xffffff95][0xffffffa4][0xffffffc4][0xffffff99]B[0xffffff89][0xfffffff3]/P[0xffffffe2][0xffffffb8][0xffffffc3],q[0xffffffdc]8&>n[0xffffff81][0xffffffd7][0xffffffc4][0xffffff8f][0xffffff9b][0xffffffa0]8[0xfffffff1]qy[0xffffffca][0x13][0xffffffdf][0xffffff97]N[0x1][0xffffff85][0xffffffe4][0xffffff91][0x12][0xffffff85]I%E[\n]"
08:17:55.192 [TestNG-PoolService-1] DEBUG org.apache.hc.client5.http.wire -- http-outgoing-3 << "I[0xffffff89][0xffffff90][0xffffff89]*[0x1b]H[0xffffff86][0x12][0x1][0x13]U[0x12][0xffffffce]jJ[0x4]OT[0xffffffb9][0xfffffff2]d)[0xffffff91]7Q[0xffffffe5][0xffffffaa][0xffffff95][0xffffffa3]D[0xffffffca]D[0xffffff95][0x16][0xffffffef][0x6]%nK[0xffffff89]{P[0xffffff94][0xffffffb8]qJ[0xffffffdc][0x1][0xffffff94][0xffffffb8]5[0xffffffef][0xffffff85][0x1][0xffffffbf]1J[0xffffffdc]I[0xffffff94][0xffffffd0](2[0xffffff94]p[0xffffff81]d([0xffffffa1][0xffffffb1][0xffffffac][0xffffffa7][0xffffffc4][0x1a][0xffffffce]jJ[0xffffffac][0x11]M[0xffffffa2][0xffffff84])O[0xffffff96][0x12][0xffffffb6]KYJ[0xffffff98]j[0xffffffe5](!MKQB[0xffffff8a]w[0xffffff83][0x12]f[0xffffffa2][0xffffffea]l[0xffffffbd]Q[0x13]U[0x3][0xffffff9f][0xffffffa8][0x1a][0x1][0x13]U[0xffffffc3][0xffffffec][0xffffffa8][0x14][0x6][0x1c][0xffffff9b][0xffffffa8][0x1a][0xffffffb2][0xffffff94]BR"d[0xffffffa2][0xffffffca][0x6][0xffffff92][0xffffffa1]D[0xffffffc0]D[0xffffff95][0xffffff84][0xffffffb3][0xffffff9a][0x12][0xffffffc1][0x13]U[0xffffffae]<YJ[0xffffffe4]MT[0xffffffb9]j[0xffffffe5]([0xffffff91]2Q[0xffffffa5][0xffffffc5][0xffffffbb]A[0x9]3Q[0xfffffff5]A[0xffffff89][0xffffff8b]:[0xffffffce]k[0xffffffe0][0x13]U#`[0xffffffa2]j[0xffffff98][0x1d][0xffffff95][0xffffffc2][0xffffff80]c[0x13]UC[0xffffff96]RHJ[0xffffff84]LT[0xffffffd9]@2[0xffffff94][0x8][0xffffff98][0xffffffa8][0xffffff92]pVS"x[0xffffffa2][0xffffffca][0xffffff95]'K[0xffffff89][0xffffffbc][0xffffff89]*W[0xffffffad][0x1c]%R&[0xffffffaa][0xffffffb4]x[0x7f][0xffffff9f][0x12][0xffffffe7][0xffffffcb]Qb<7D[0xffffff89][0xffffffcf][0xfffffffb]a)[0xfffffff1]u[0x7]0%[0xfffffffe][0xffffffbd][0x7][0xffffff84][0x12]_WG([0xfffffff1][0xffffffcf][0xffffff95]#(a[0xffffffa2][0xffffff88]P[0xffffffc2][0x6][0x12][0xffffffa1][0xffffff84][0xffffff89]e9%$[0xffffff9c][0xffffffc5][0xffffff94][0xffffff90][0xffffff88][0x6]Q[0xffffffc2][0xffffff95]'J[0x9][0xffffffdf][0xffffffa5](%\[0xffffffb5]b[0xffffff94][0xffffffd0][0xffffffa6][0xffffff85]([0xffffffa1][0xffffffc5][0xffffffbb]A[0xffffff89][0xffffffc3]P[0xffffffa2][0xffffffbf][0xffffffb0]38>[0xffffffef][0x7][0xffffffa6][0xffffffc4][0x11]@[0xffffff89]C[0xfffffff3]^[0x18][0xfffffff0][0x3][0xffffffa3][0xffffffc4][0xffffff91]D[0x9][0xffffff8d]"C[0x9][0x17]H[0xffffff86][0x12][0x1a][0xffffffcb]zJ[0xffffffac][0xffffffe1][0xffffffac][0xffffffa6][0xffffffc4][0x1a][0xffffffd1]$J[0xffffff98][0xfffffff2]d)a[0xffffffbb][0xffffff94][0xffffffa5][0xffffff84][0xffffffa9]V[0xffffff8e][0x12][0xffffffd2][0xffffffb4][0x14]%[0xffffffa4]x[0xffffffb7]([0xffffffa1][0xffffffc3][0xffffffd9],%[0xffffffe0][0xffffffe1][0xffffffec]3`8[0xfffffffb]4[0xffffffeb][0xffffffae][0xffffffa5][0x1][0xffffff87][0xffffff86][0xffffffb3]O[0xffffffd9]oe)[0x11]1[0xffffff9c]m[0x3]IQ[0x2][0x1f][0xffffffce][0xffffff96]p[0xffffffd6]S"v8[0xffffffdb][0xffffff95]'M[0xffffff89][0xffffffb4][0xffffffe1]lW[0xffffffad]$%2[0xffffff86][0xffffffb3][0xffffffb5]x[0xffffffb7](q[0xffffff86]Q[0xffffffe2][0xffffffc4])q[0x6]P[0xffffffe2]D)qb[0xffffff94]8[0xffffff93]([0xffffffb1]F[0xffffff91][0xffffffa2][0xffffff84][0x6][0xffffff92][0xffffffa2][0xffffffc4][0x1a]K[0xffffff82][0x12]'L[0xffffff89]3[0xffffff98][0x12]R[0xffffff9e]4%L[0xffffff97][0xffffffd2][0xffffff94][0xffffff90]j%)q[0xffffffa6]P[0xffffffe2][0xfffffffc][0xb][0xffffff94][0xffffffb8][0xffffffc2](q[0xffffffe1][0xffffff94][0xffffffb8][0x2](q[0xffffffa1][0xffffff94][0xffffffb8]0J\I[0xffffff94]X[0xffffffa3]HQB[0x3]IQb[0xffffff8d]%A[0xffffff89][0xb][0xffffffa6][0xffffffc4][0x15]L[0x9])O[0xffffff9a][0x12][0xffffffa6]KiJH[0xffffffb5][0xffffff92][0xffffff94][0xffffffb8]R(q[0xfffffffd][0x5]J[0x1c]i[0xffffff8f]%[0xe][0xfffffffe][0xffffffb9][0xffffffc4][0xffffff91][0xfffffff0]`[0xffffffe2]`[0xffffff9f]L[0x1c][0xffffffdc][0xffffffa3][0xffffff89]#[0xffffffea][0xffffffd9][0xffffff84][0xffffffe4][0xffffff91][0x12][0xffffff85]I%E[\n]"
08:17:55.192 [TestNG-PoolService-3] DEBUG org.apache.hc.client5.http.wire -- http-outgoing-4 << "[0x3][0xffffff8e][0x1d][0xffffffe7][0xfffffff5][0xffffffc8][0xffffffa9]2$%B[0xffffff8e][0xfffffff3][0xffffffb2][0xffffff81]d([0x11]p[0xffffff9c][0xffffff97][0xffffff84][0xffffffb3][0xffffff9a][0x12][0xffffffc1][0xffffffc7]y[0xffffffb9][0xfffffff2]d)[0xffffff91]w[0xffffff9c][0xffffff97][0xffffffab]V[0xffffff8e][0x12])[0xffffffc7]yi[0xfffffff1]nP[0xffffffc2][0x1c][0xffffffe7]u[0x1d]O[0xffffffa7][0xe][0x19][0x7f][0xfffffff0][0xffffffe3][0xffffffbc][0xffffff9e][0xffffff80][0xffffffe3][0xffffffbc][0x1e]s[0xffffffe6]La[0xffffffc0][0xffffffb1][0xffffffe3][0xffffffbc][0x1e]9U[0xffffff86][0xffffffa4]D[0xffffffc8]q^6[0xffffff90][0xc]%[0x2][0xffffff8e][0xfffffff3][0xffffff92]pVS"[0xfffffff8]8/W[0xffffff9e],%[0xfffffff2][0xffffff8e][0xfffffff3]r[0xffffffd5][0xffffffca]Q"[0xffffffe5]8/-[0xffffffde][\r]J[0xffffff98][0xffffffe3][0xffffffbc]>(qu[0xffffff8a][0x12][0xfffffff8]q^O[0xffffffc0]q^[0xffffff8f]9s[0xffffffa6]0[0xffffffe0][0xffffffd8]q^[0xffffff8f][0xffffff9c]*CR"[0xffffffe4]8/[0x1b]H[0xffffff86][0x12][0x1][0xffffffc7]yI8[0xffffffab])[0x11]|[0xffffff9c][0xffffff97]+O[0xffffff96][0x12]y[0xffffffc7]y[0xffffffb9]j[0xffffffe5]([0xffffff91]r[0xffffff9c][0xffffff97][0x16][0xffffffef][0x6]%[0x1e]G[0xffffff89][0xfffffff9][0xffffffc2]&[0xffffffaa][0x1e][0xffffff9c][0x12]O[0x0]%[0x1e][0xffffffcd]{a[0xffffffc0][0x1f][0xffffff8c][0x12]O[0x12]%4[0xffffff8a][0xc]%\ [0x19]Jh,[0xffffffeb])[0xffffffb1][0xffffff86][0xffffffb3][0xffffff9a][0x12]kD[0xffffff93](a[0xffffffca][0xffffff93][0xffffffa5][0xffffff84][0xffffffed]R[0xffffff96][0x12][0xffffffa6]Z9JH[0xffffffd3]R[0xffffff94][0xffffff90][0xffffffe2][0xffffffdd][0xffffffa0][0xffffff84]9[0xffffffce][0xffffffeb]j[0xffffffc7][0xb][0xfffffffb][0xffffff81][0x3]?[0xffffffce][0xffffffeb][0x9]8[0xffffffce][0xffffffeb]1g[0xffffffce][0x14][0x6][0x1c];[0xffffffce][0xffffffeb][0xffffff91]SeHJ[0xffffff84][0x1c][0xffffffe7]e[0x3][0xffffffc9]P"[0xffffffe0]8/[0x9]g5%[0xffffff82][0xffffff8f][0xfffffff3]r[0xffffffe5][0xffffffc9]R"[0xffffffef]8/W[0xffffffad][0x1c]%R[0xffffff8e][0xfffffff3][0xffffffd2][0xffffffe2][0xfffffffd]}JLw[0xffffff9c]W[0x1b]O[0xffffff83](1[0xfffffff1][0xffffffe3][0xffffffbc]f[0xffffffc0]q^[0xffffffd3][0xffffff9c]9S[0x17][0xfffffff0][0xffffff89][0x1d][0xffffffe7]5[0xffffffe5]T[0x19][0xffffff90][0x12]&[0xffffff8a][0x8]%l [0x11]J[0xffffff98]X[0xffffff96]SB[0xffffffc2]YL[0x9][0xffffff89]h[0x10]%\y[0xffffffa2][0xffffff94][0xfffffff0]][0xffffff8a]R[0xffffffc2]U+F[0x9]mZ[0xffffff88][0x12]Z[0xffffffbc][0x1b][0xffffff94]pgp[0xffffffb4][0xffffffbb]Q[0xffffffc7]yM[0xfffffffc][0xc][0xffffff8e][0x19]p[0x6][0xffffffc7]4C[0xfffffff1][0xffffff85][0x1][0xffffffc7][0xffffffce][0xffffffe0][0xffffff98]2[0x5]OR"[0xffffffe4][0xc][0xe][0x1b]H[0xffffff86][0x12][0x1]gpH8[0xffffffab])[0x11]|[0x6][0xffffff87]+O[0xffffff96][0x12]ygp[0xffffffb8]j[0xffffffe5]([0xffffff91]r[0x6][0xffffff87][0x16][0xffffffef][0x6]%[0xffffffdc][0xffffffda]e[0xffffffef]cP[0xffffff94][0xffffffc0][0xffffffd7].g[0xffffffc0][0xffffffda][0xffffffe5]4[0xffffff93]l[0xffffff85][0x1][0xffffffc7][0xffffffd6].[0xffffffa7][0xffffff8c][0xffffffae][0xffffff91][0xffffff94][0x8]Y[0xffffffbb][0xffffffb4][0xffffff81]d([0x11][0xffffffb0]v)[0xffffffe1][0xffffffac][0xffffffa6]D[0xfffffff0][0xffffffda][0xffffffa5]+O[0xffffff96][0x12]yk[0xffffff97][0xffffffae]Z9J[0xffffffa4][0xffffffac]]j[0xfffffff1]nP[0xffffffc2]MT[0xfffffff5][0xffffffa7]c[0xffffff94][0xffffffc0]'[0xffffffaa]f[0xffffffc0]D[0xffffffd5]4;*[0xffffff85][0x1][0xffffffc7]&[0xffffffaa][0xffffffa6],[0xffffffa5][0xffffff90][0xffffff94][0x8][0xffffff99][0xffffffa8][0xffffffb2][0xffffff81]d([0x11]0Q%[0xffffffe1][0xffffffac][0xffffffa6]D[0xfffffff0]D[0xffffff95]+O[0xffffff96][0x12]y[0x13]U[0xffffffae]Z9J[0xffffffa4]LTi[0xfffffff1]nP[0xffffffc2]MT[0xffffff8d]W[0x7f]Q[0xffffff94][0xffffffc0]'[0xffffffaa]f[0xffffffc0]D[0xffffffd5]4;*[0xffffff85][0x1][0xffffffc7]&[0xffffffaa][0xffffffa6],[0xffffffa5][0xffffff90][0xffffff94][0x8][0xffffff99][0xffffffa8][0xffffffb2][0xffffff81]d([0x11]0Q%[0xffffffe1][0xffffffac][0xffffffa6]D[0xfffffff0]D[0xffffff95]+O[0xffffff96][0x12]y[0x13]U[0xffffffae]Z9J[0xffffffa4]LTi[0xfffffff1]nP[0xffffffc2][0xffffffed]J[0xc]n8{[0xffffffe2][0xffffffbb][0x12]3`Wb[0xffffff9a][0xffffff8f][0xffffff9f][0xb][0x3][0xffffff8e][0xffffffed]JL[0xfffffff9][0xffffffbc][0xffffff99][0xffffffa4]D[0xffffffc8][0xffffffae][0xffffff84][\r]$C[0xffffff89][0xffffff80]][0x9][0x9]g5%[0xffffff82]w%\y[0xffffffb2][0xffffff94][0xffffffc8][0xffffffdb][0xffffff95]p[0xffffffd5][0xffffffca]Q"eWB[0xffffff8b]w[0xffffff83][0x12][0xffffff8f][0xffffffa1][0xffffffc4][0xfffffff9][0xffffff9a][0xffffffd4]D[0xffffffd5][0xffffffe7][0xfffffffd][0xffffffc0][0xffffff94]x[0x2]([0xfffffff1]h[0xffffffde][0xb][0x3][0xfffffffe]`[0xffffff94]x[0xffffff92]([0xffffffa1]Qd([0xffffffe1][0x2][0xffffffc9]PBcYO[0xffffff89]5[0xffffff9c][0xffffffd5][0xffffff94]X#[0xffffff9a]D[0x9]S[0xffffff9e],%l[0xffffff97][0xffffffb2][0xffffff94]0[0xffffffd5][0xffffffca]QB[0xffffff9a][0xffffff96][0xffffffa2][0xffffff84][0x14][0xffffffef][0x6]%[0xffffffdc][0xffffffae][0xffffffc4]y[0xc]j[0xffffffa2]j[0xffffffe2][0xffffffbb][0x12]3`Wb[0xffffff9a][0xffffff8f][0xffffff9f][0xb][0x3][0xffffff8e][0xffffffed]JL[0xfffffff9][0xffffffbc][0xffffff99][0xffffffa4]D[0xffffffc8][0xffffffae][0xffffff84][\r]$C[0xffffff89][0xffffff80]][0x9][0x9]g5%[0xffffff82]w%\y[0xffffffb2][0xffffff94][0xffffffc8][0xffffffdb][0xffffff95]p[0xffffffd5][0xffffffca]Q"eWB[0xffffff8b][0xfffffff7][0xffffffb7])[0xffffffd1]^nW[0xffffffe2]<[0xffffffe6]`([0xfffffff1]u?(%[0xffffffbe][0xffffffef][0xffffff80][0xffffffa5][0xffffffc4][0xffffffcf]{ ([0xfffffff1]}u[0xffffff82][0x12][0xffffffff]^9[0xffffff81][0x12].[0xffffff8a][0x4]%| [0x9]J[0xffffffb8]XVSB[0xffffffc3]YK[0x9][0xffffff8d]h[0xe]%ly[0xffffff92][0xffffff94]x[0xffffffd3][0xffffffa5]$%l[0xffffffb5]R[0xffffff94]0M[0xffffffcb]P[0xffffffc2][0x14][0xffffffef][0x6]%[0xffffffdc][0xffffffae][0xffffffc4][0xffffffd9]:[0xfffffff4][0xffffffae][0xffffffc4][0xffffffd7][0xfffffffd][0xffffffc0][0xffffff94][0xffffffe0]w%~[0xffffffde][0x3]C[0x9]jW[0xffffffe2][0xffffffdf]+gP"cW[0xffffffc2][0x7][0xffffff92][0xffffffa1][0x4][0xffffffbf]+[0xffffffa1][0xffffffe1][0xffffffac][0xffffffa6]D[0xffffffee][0xffffffae][0xffffff84]-O[0xffffff96][0x12]q[0xffffffbb][0x12][0xffffffb6]Z9J[0xffffff84][0xffffffec]J[0xffffff98][0xffffffe2][0xffffffdd][0xffffffa0][0xffffff84][0xffffffdb][0xffffff95]8[0xffffffc7][\r]MT}[0xffffffdd][0xf]L[0x9]~W[0xffffffe2][0xffffffe7]=0[0xffffff94][0xffffffa0]v%[0xfffffffe][0xffffffbd]r[0x6]%2v%| [0x19]J[0xfffffff0][0xffffffbb][0x12][0x1a][0xffffffce]jJ[0xffffffe4][0xffffffee]J[0xffffffd8][0xfffffff2]d)[0x11][0xffffffb7]+a[0xffffffab][0xffffff95][0xffffffa3]D[0xffffffc8][0xffffffae][0xffffff84])[0xffffffde][\r]J[0xffffffb8]][0xffffff89][0xfffffff3]~][0x14]%[0xffffffe8]][0xffffff89][0xffffffef];[0xffffffa0])A[0xffffffee]J|_[0xffffff9d][0xffffffa1]D[0xffffffd0][0xffffffae][0xffffff84][0xffffff8b]"C[0xffffff89][0xffffff94]][0x9][0x17][0xffffffcb]zJ[0xffffffb0][0xffffffbb][0x12][0x1a][0xffffffd1]$J[0xffffff84][0xffffffed]J[0xffffffbc][0xffffffe9]R[0xffffff96][0x12]A[0xffffffbb][0x12][0xffffffa6]i)J[0xfffffffc][0xfffffff9][0xffffffae][0xffffffc4][0xffffffe7][0xffffffdf]ha[0xffffff94]h8%Z[0x0]%[0x1a]J[0xffffff89][0xffffff86]Q[0xffffffa2]%Qb[0xffffff8d]"E[0x9][\r]$E[0xffffff89]5[0xffffff96][0x4]%[0x1a]L[0xffffff89][0x16]L[0x9])O[0xffffff9a][0x12][0xffffffa6]KiJH[0xffffffb5][0xffffff92][0xffffff94]h)[0xffffff94]h[0x7f][0xffffff81][0x12]#[0xffffff8c][0x12][0x3][0xffffffa7][0xffffffc4][0x8][0xffffffa0][0xffffffc4]@)10J[0xffffff8c]$J[0xffffffac]Q[0xffffffa4]([0xffffffa1][0xffffff81][0xffffffa4]([0xffffffb1][0xffffffc6][0xffffff92][0xffffffa0][0xffffffc4][0xffffff80])1[0xffffff82])![0xffffffe5]IS[0xffffffc2]t)M[0x9][0xffffffa9]V[0xffffff92][0x12]#[0xffffff85][0x12][0xffffffe3]/P[0xffffffe2]8[0xffffffc3],q[0xffffff9c]8&>n[0xffffff81][0xffffffd7][0xffffffc4][0xffffff8f][0xffffff9b][0xffffffa0]8[0xfffffff1]qy[0xffffffca][0x13][0xffffffdf][0xffffff97]N[0x1][0xffffff85][0xffffffe4][0xffffff91][0x12][0xffffff85]I%E[\n]"
08:17:55.192 [TestNG-PoolService-2] DEBUG org.apache.hc.client5.http.wire -- http-outgoing-5 << "[0xffffffc9]&a[0xffffff8a]%[0xffffffa1][0xfffffff5][0xffffffa8]Xr[0xffffff9a][0xffffffa5][\n]"
08:17:55.192 [TestNG-PoolService-1] DEBUG org.apache.hc.client5.http.wire -- http-outgoing-3 << "[0xffffffc9]&a[0xffffff8a][0xffffff83]~>q$?[0xffffffa0][0xffffffd0][0x1a][0xffffffa5]Y[0xffffffe1]Z[0xffffff95]v[0xffffff85][0xffffff96],[0x9][0xffffff8b][0xffffffb5]s9Y[0xffffffac][0x15][0xffffffbc]E[0xffffff8b]v[0xffffff87][0xffffffd1][0xffffffa2][0xffffffdd]8->n[0xffffff81][0xffffffa7][0xffffffc5][0xffffff8f][0xffffff9b][0xffffffa0]h[0xfffffff1]qy[0xffffff8a][0x16][0xffffffdf][0xffffff97]N[0xffffffa1][0xffffff85][0xffffffe4][0xffffff91][0xffffffa2][0xffffff85]I%E[0xb][0xffffffc9]&A[0xffffff8b]%[0xffffffa1][0xfffffff5][0xffffffb4]Xr[0xffffff9a]E[0xb][0xffffffad]Q[0xffffff9a][0x16][0xffffffae]UiZh[0xffffffc9][0xffffff92][0xffffffb4]X;[0xffffff97][0xffffffa3][0xffffffc5]Z[0xffffffc1][[0xffffffb4][0xfffffff8][0xfffffffa][0xffffffa7][0xffffff93]D[0xffffff8b][0xffffff8f][0x7f][0xffffffb2]4->n[0xffffff81][0xffffffa7][0xffffffc5][0xffffff8f][0xffffff9b][0xffffffa0]h[0xfffffff1]qy[0xffffff8a][0x16][0xffffffdf][0xffffff97]N[0xffffffa1][0xffffff85][0xffffffe4][0xffffff91][0xffffffa2][0xffffff85]I%E[0xb][0xffffffc9]&A[0xffffff8b]%[0xffffffa1][0xfffffff5][0xffffffb4]Xr[0xffffff9a]E[0xb][0xffffffad]Q[0xffffff9a][0x16][0xffffffae]UiZh[0xffffffc9][0xffffff92][0xffffffb4]X;[0xffffff97][0xffffffa3][0xffffffc5]Z[0xffffffc1][[0xffffffb4][0x18]i_[0xffffff8f][0xe][0xfffffffe][0xfffffff3][0xffffffd1][0xffffff8f][[0xffffffe0]i[0xfffffff1][0xffffffe3]&(Z[0xc][0xffffffee][0xb][0xffffffd2][0x11][0xfffffff5][0x9][0xffffffa9][0xffffffe4][0xffffff91][0xffffffa2][0xffffff85]I%E[0xb][0xffffffc9]&A[0xffffff8b]A[0x7f]F:[0xffffff92][0xffffffbf]#[0xffffffd5][0x1a][0xffffffa5]i[0xffffffe1]Z[0xffffff95][0xffffffa6][0xffffff85][0xffffff96],I[0xffffff8b][0xffffffb5]s9Z[0xffffffac][0x15][0xffffffbc]E[0xffffff8b]3[0xffffffed]][0xffffff8b][0xffffff93][0x7f][0xffffffd7][0xffffffe2]Lx[0xffffffd7][0xffffffe2]d[0xffffffdf][0xffffffb5]8[0xffffffb9]w-[0xffffffce][0xffffffa8]w-$[0xffffff8f][0x14]-L*)ZH6[0x9]Z[0xffffff9c][0xfffffff4][0xffffffbb][0x16]g[0xfffffff2][0xffffffbb][0x16]Z[0xffffffa3]4-\[0xffffffab][0xffffffd2][0xffffffb4][0xffffffd0][0xffffff92]%i[0xffffffb1]v.G[0xffffff8b][0xffffffb5][0xffffff82][0xffffffb7]h[0xfffffff1]5[0xffffffba][0xffffff9d]D[0xffffff8b][0xffffffeb][0xffffffc1]i[0xfffffff1]q[0xb]<-~[0xffffffdc][0x4]E[0xffffff8b][0xffffff8f][0xffffffcb]S[0xffffffb4][0xfffffff8][0xffffffbe]t[\n]"
08:17:55.192 [TestNG-PoolService-3] DEBUG org.apache.hc.client5.http.wire -- http-outgoing-4 << "[0xffffffc9]&a[0xffffff8a]%[0xffffffa1][0xfffffff5][0xffffffa8]Xr[0xffffff9a][0xffffffa5][\n]"
08:17:55.193 [TestNG-PoolService-1] DEBUG org.apache.hc.client5.http.wire -- http-outgoing-3 << "-$[0xffffff8f][0x14]-L*)ZH6[0x9]Z,[0x9][0xffffffad][0xffffffa7][0xffffffc5][0xffffff92][0xffffffd3],Zh[0xffffff8d][0xffffffd2][0xffffffb4]p[0xffffffad]J[0xffffffd3]BK[0xffffff96][0xffffffa4][0xffffffc5][0xffffffda][0xffffffb9][0x1c]-[0xffffffd6][\n]"
08:17:55.193 [TestNG-PoolService-2] DEBUG org.apache.hc.client5.http.wire -- http-outgoing-5 << "[0xffffffad]Q[0xffffff9a][0x15][0xffffffae]UiWh[0xffffffc9][0xffffff92][0xffffffb0]X;[0xffffff97][0xffffff93][0xffffffc5]Z[0xffffffc1][[0xffffffb4]hO[0x18]-[0xffffffda][0xffffff83][0xffffffd3][0xffffffe2][0xffffffe3][0x16]xZ[0xfffffffc][0xffffffb8][0x9][0xffffff8a][0x16][0x1f][0xffffff97][0xffffffa7]h[0xfffffff1]}[0xffffffe9][0x14]ZH[0x1e])Z[0xffffff98]TR[0xffffffb4][0xffffff90]l[0x12][0xffffffb4]X[0x12]ZO[0xffffff8b]%[0xffffffa7]Y[0xffffffb4][0xffffffd0][0x1a][0xffffffa5]i[0xffffffe1]Z[0xffffff95][0xffffffa6][0xffffff85][0xffffff96],I[0xffffff8b][0xffffffb5]s9Z[0xffffffac][0x15][0xffffffbc]E[0xffffff8b]q[0xffffff84][0xffffffd1]b[0x1c]8->n[0xffffff81][0xffffffa7][0xffffffc5][0xffffff8f][0xffffff9b][0xffffffa0]h[0xfffffff1]qy[0xffffff8a][0x16][0xffffffdf][0xffffff97]N[0xffffffa1][0xffffff85][0xffffffe4][0xffffff91][0xffffffa2][0xffffff85]I%E[0xb][0xffffffc9]&A[0xffffff8b]%[0xffffffa1][0xfffffff5][0xffffffb4]Xr[0xffffff9a]E[0xb][0xffffffad]Q[0xffffff9a][0x16][0xffffffae]UiZh[0xffffffc9][0xffffff92][0xffffffb4]X;[0xffffff97][0xffffffa3][0xffffffc5]Z[0xffffffc1]{[0xffffffb4]hi[0xffffffb4][0xffffffa0][0xffffffcf][0x12][0xfffffffd][0xffffffba][0xffffff85][0x0]Z[0xffffff90][0xffffffa7][0xffffff89]~][0x1e][0xffffffa3]E[0xffffffd0]y[0xffffffa2]&[0xffffff8f][0x18]-RN[0x14]5[0xffffffd9]Dh[0xffffffc1][0xffffff9e])*9[\r][0xffffffa3]E[0xffffffd8][0xffffffa9][0xffffffa2][0xffffffbe]UqZ[0x4][0xffffff9d]+[0xffffffaa][0xffffff9d][0xb][0xffffffd2][0xffffffe2][0xffffffcf]O[0x16][0xffffff9d][0xffffffff][0xfffffff7]5[0xffffffb2][0xffffff9d]D[0xffffff8b]g[0xffffffe0][0xffffffb4][0xfffffff8][0xffffffb8][0x5][0xffffff9e][0x16]?n[0xffffff82][0xffffffa2][0xffffffc5][0xffffffc7][0xffffffe5])Z|_:[0xffffff85][0x16][0xffffff92]G[0xffffff8a][0x16]&[0xffffff95][0x14]-$[0xffffff9b][0x4]-[0xffffff96][0xffffff84][0xffffffd6][0xffffffd3]b[0xffffffc9]i[0x16]-[0xffffffb4]FiZ[0xffffffb8]V[0xffffffa5]i[0xffffffa1]%K[0xffffffd2]b[0xffffffed]\[0xffffff8e][0x16]k[0x5]o[0xffffffd1]b[0xffffffa6]}[0x12]2[0xfffffff9]oBf[0xffffffc2]G![0xffffff93][0xfffffffd]*dr[0xffffff9f][0xffffff85][0xffffffcc][0xffffffa8][0xffffffef]B$[0xffffff8f][0x14]-L*)ZH6[0x9]ZL[0xfffffffa][0xffffffdb][0xffffff90][0xffffff99][0xfffffffc]q[0xffffff88][0xffffffd6](M[0xb][0xffffffd7][0xffffffaa]4-[0xffffffb4]dIZ[0xffffffac][0xffffff9d][0xffffffcb][0xffffffd1]b[0xffffffad][0xffffffe0]=Z[0xffffffa4]}!2[0xfffffff9]/Df[0xffffffc2][0x17]"[0xffffff93][0xfffffffd]Bdr_[0xffffff88][0xffffffcc][0xffffffa8]/D$[0xffffff8f][0x18]-r[0xffffffbe][0x10][0xffffff91]l"[0xffffffb4][0xffffffa0][0xffffffbf][0x10][0xffffff99][0xffffffc9]_[0xffffff88]h[0xffffff8d][0xffffffe2][0xffffffb4][0x8][0xfffffffc]BDK[0x16][0xffffffa5]E[0xffffffcc][0x17]"k[0x5]o[0xffffffd1][0xffffffe2]8F[0xffffff98]->[0xffffffee][0x8][0xffffffc7][0xffffffc5][0xffffffe7]=[0xfffffff0][0xffffffba][0xfffffff8][0xffffffe7].(^|^[0xffffff9f][0xfffffff2][0xffffffc5][0xffffff8f]k[0xffffffa7][0x0]CCI[0x9][0xffffffc3]E[0xffffff93]"[0xffffff86][0x6][0xffffff94]0[0xffffffc6][0x1a][0xffffffd3]zd[0xffffffac]a[0xffffffcd]R[0xffffff86])T[0xffffff9a][0x19][0xffffffb6]_ig[0xffffff98][0xffffffba]%[0xffffffa1]![0xffffffed][0xffffffcb]IC[0xffffffca][0xfffffff8]w[0xffffffa8]q}[0xfffffffd][0xffffff95][0xfffffff3]0C[0xffffffde]O[0xfffffffb][0xfffffffa][0xffffffd1][0xffffffa4][0x16][0x1a]?[0xffffffef][0xffffff87]b[0xffffffc6]/w[0xffffff80]!c[0xffffffb9][0xffffff87]bb[0xfffffffc]r[0xfffffff5]b`[0xfffffffc][0xffffffef][0xffffff95]a^[0xffffffbc][0xffffff8d]b1.[0xfffffffe]#[0xffffff90][0xffffffc5][0xffffffb4]x[0x1b][0xffffffcb]BX[0xffffffbc][0x9]g[0x19]+[0xffffffde]D4[0x2][0x15][0xffffffef][0xffffffcb][0x13]"[0xffffffc5][0x7f]u)[0x4][0xffffff8a][0xfffffff7][0xffffffd5][\n]"
08:17:55.193 [TestNG-PoolService-1] DEBUG org.apache.hc.client5.http.wire -- http-outgoing-3 << "[0xffffffde][0xffffffa3][0xffffffc5]L[0xffffffa3][0xffffffc5][0xffffffe4]i1[0x13]h1YZL[0xffffff8e][0x16]3[0xffffff8a][0x16]k[0x1e]1Zh"
08:17:55.193 [TestNG-PoolService-3] DEBUG org.apache.hc.client5.http.wire -- http-outgoing-4 << "[0xffffffad]Q[0xffffff9a][0x15][0xffffffae]UiWh[0xffffffc9][0xffffff92][0xffffffb0]X;[0xffffff97][0xffffff93][0xffffffc5]Z[0xffffffc1][[0xffffffb4]h=[0xffffff8c][0x16][0xffffffad][0xffffffe3][0xffffffb4][0xfffffff8][0xffffffb8][0x5][0xffffff9e][0x16]?n[0xffffff82][0xffffffa2][0xffffffc5][0xffffffc7][0xffffffe5])Z|_:[0xffffff85][0x16][0xffffff92]G[0xffffff8a][0x16]&[0xffffff95][0x14]-$[0xffffff9b][0x4]-[0xffffff96][0xffffff84][0xffffffd6][0xffffffd3]b[0xffffffc9]i[0x16]-[0xffffffb4]FiZ[0xffffffb8]V[0xffffffa5]i[0xffffffa1]%K[0xffffffd2]b[0xffffffed]\[0xffffff8e][0x16]k[0x5]o[0xffffffd1][0xffffffa2][0xffffffa7]=[0xffffffb5][0xffffffe8][0xfffffffc]S[0xffffff8b][0xffffff9e][0xfffffff0][0xffffffd4][0xffffffa2][0xffffffb3]O-:[0xfffffff7][0xffffffd4][0xffffffa2]G=[0xffffffb5][0xffffff90]<R[0xffffffb4]0[0xffffffa9][0xffffffa4]h![0xffffffd9]$h[0xffffffd1][0xffffffe9][0xffffffa7][0x16]=[0xfffffff9][0xffffffa9][0xffffff85][0xffffffd6](M[0xb][0xffffffd7][0xffffffaa]4-[0xffffffb4]dIZ[0xffffffac][0xffffff9d][0xffffffcb][0xffffffd1]b[0xffffffad][0xffffffe0]-Z|-a&[0xffffffd1]bL[0xffffff9c][0x16][0x1f][0xffffffb7][0xffffffc0][0xffffffd3][0xffffffe2][0xffffffc7]MP[0xffffffb4][0xfffffff8][0xffffffb8]<E[0xffffff8b][0xffffffef]K[0xffffffa7][0xffffffd0]B[0xfffffff2]H[0xffffffd1][0xffffffc2][0xffffffa4][0xffffff92][0xffffffa2][0xffffff85]d[0xffffff93][0xffffffa0][0xffffffc5][0xffffff92][0xffffffd0]zZ,9[0xffffffcd][0xffffffa2][0xffffff85][0xffffffd6](M[0xb][0xffffffd7][0xffffffaa]4-[0xffffffb4]dIZ[0xffffffac][0xffffff9d][0xffffffcb][0xffffffd1]b[0xffffffad][0xffffffe0]-Z[0xffffffcc][0xffffffb4]O@&[0xffffffff][\r][0xffffffc8]L[0xfffffff8][0x8]d[0xffffffb2]_[0xffffff81]L[0xffffffee]3[0xffffff90][0x19][0xfffffff5][0x1d][0xffffff88][0xffffffe4][0xffffff91][0xffffffa2][0xffffff85]I%E[0xb][0xffffffc9]&A[0xffffff8b]I[0x7f][0xb]2[0xffffff93]?[0x6][0xffffffd1][0x1a][0xffffffa5]i[0xffffffe1]Z[0xffffff95][0xffffffa6][0xffffff85][0xffffff96],I[0xffffff8b][0xffffffb5]s9Z[0xffffffac][0x15][0xffffffbc]G[0xffffff8b][0xffffff91]F[0xb][0xfffffffe][0xffffff9b][0xffffff90][0xffffff99][0xfffffff0]Q[0xffffffc8]d[0xffffffbf][\n]"
08:17:55.193 [TestNG-PoolService-2] DEBUG org.apache.hc.client5.http.wire -- http-outgoing-5 << "p[0xffffffe2]][0xffffffd3][0xffffff96]c[0xffffffe2]][0xfffffff1]nP[0xffffffa2]9J\[0xfffffff7]AQ[0xffffffa2][0xffffffe1][0xffffff94]h[0x1][0xffffff94]h[0xffffff9a][0xfffffff7][0xffffffc2][0xffffff80]7[0xffffff8c][0x12]-[0xffffff89][0x12][0x1a]E[0xffffff86][0x12].[0xffffff90][0xc]%4[0xffffff96][0xfffffff5][0xffffff94]X[0xffffffc3]YM[0xffffff89]5[0xffffffa2]I[0xffffff94]0[0xffffffe5][0xffffffc9]R[0xffffffc2]v)K[0x9]S[0xffffffad][0x1c]%[0xffffffa4]i)JH[0xfffffff1]nQB[0xffffffbf]5e)[0xffffff81]}j[0xfffffffa][0xffffffcb][0x1d][0xfffffff0][0xffffff94]@>4[0xfffffffd][0xffffffe5][0xffffffea][0x14]%[0x12]>3}[0x1b]E[0xffffff8a][0x12][0xfffffff8]G[0xffffffa6]ocIP[0x2][0xfffffffa][0xffffffc4][0xfffffff4]MD[0xffffffb3]([0xffffff91][0xfffffff2][0xffffff81][0xffffffe9][0x7f]u)M[0xffffff89][0xffffff84][0xffffffcf]K[0xffffffdf]5-G[0xffffff89]?[0xfffffff8][0xffffffb8][0xfffffff4][0xffffffc7][0xffffffdf][0xffffffe8][0xffffffee][0xffffffa9][0xffffffc4]30Jt[0xfffffffc][0xffffffa9]D[0xf]x*[0xffffffd1][0xffffff95][0xffffffce][0xffffff85][0x1][0xffffffef][0xffffffd8]S[0xffffff89][0xffffff9e][0xfffffff4]TB[0xffffffa3][0xffffffc8]P[0xffffffc2][0x5][0xffffff92][0xffffffa1][0xffffff84][0xffffffc6][0xffffffb2][0xffffff9e][0x12]k8[0xffffffab])[0xffffffb1]F4[0xffffff89][0x12][0xffffffa6]<YJ[0xffffffd8].e)a[0xffffffaa][0xffffff95][0xffffffa3][0xffffff84]4-E[0x9])[0xffffffde][\r]J[0xc]C[0xffffff89][0xffffffd9][0x6][0xfffffff6][0xffffffae][0xffffffc4][0xffffffc0])1[0x2](14[0xffffffef][0xffffff85][0x1][0x1f][0x18]%F[0x12]%4[0xffffff8a][0xc]%\ [0x19]Jh,[0xffffffeb])[0xffffffb1][0xffffff86][0xffffffb3][0xffffff9a][0x12]kD[0xffffff93](a[0xffffffca][0xffffff93][0xffffffa5][0xffffff84][0xffffffed]R[0xffffff96][0x12][0xffffffa6]Z9JH[0xffffffd3]R[0xffffff94][0xffffff90][0xffffffe2][0xffffffdd][0xffffffa0][0xffffffc4][0xffffffe9](1[0xffffffc6]EQ[0xffffffe2][0xffffffc4])q[0x6]P[0xffffffe2][0xffffffd4][0xffffffbc][0x17][0x6][0xfffffffc][0xffffffc4](q&QB[0xffffffa3][0xffffffc8]P[0xffffffc2][0x5][0xffffff92][0xffffffa1][0xffffff84][0xffffffc6][0xffffffb2][0xffffff9e][0x12]k8[0xffffffab])[0xffffffb1]F4[0xffffff89][0x12][0xffffffa6]<YJ[0xffffffd8].e)a[0xffffffaa][0xffffff95][0xffffffa3][0xffffff84]4-E[0x9])[0xffffffde][\r]J\[0xffffff8e][0x12]O[0xffffffbb])J\8%[0xffffffae][0x0]J\[0xffffff9a][0xfffffff7][0xffffffc2][0xffffff80]_[0x18]%[0xffffffae]$Jh[0x14][0x19]J[0xffffffb8]@2[0xffffff94][0xffffffd0]X[0xffffffd6]Sb[\r]g5%[0xffffffd6][0xffffff88]&Q[0xffffffc2][0xffffff94]'K[0x9][0xffffffdb][0xffffffa5],%L[0xffffffb5]r[0xffffff94][0xffffff90][0xffffffa6][0xffffffa5](![0xffffffc5][0xffffffbb]A[0xffffff89][0xffffffc7]Qb^[0xffffffd8][0xffffffbb][0x12][0xf]N[0xffffff89]'[0xffffff80][0x12][0xffffff8f][0xffffffe6][0xffffffbd]0[0xffffffe0][0xf]F[0xffffff89]'[0xffffff89][0x12][0x1a]E[0xffffff86][0x12].[0xffffff90][0xc]%4[0xffffff96][0xfffffff5][0xffffff94]X[0xffffffc3]YM[0xffffff89]5[0xffffffa2]I[0xffffff94]0[0xffffffe5][0xffffffc9]R[0xffffffc2]v)K[0x9]S[0xffffffad][0x1c]%[0xffffffa4]i)JH[0xfffffff1]nPb*%[0xfffffffa][0xffffffeb][0xfffffff5][0xffffffb5]j[0xffffff85]Pb[0xffffffe2][0xffffff94][0xffffff98][0x1][0xffffff94][0xffffff98][0xffffff9a][0xfffffff7][0xffffffc2][0xffffff80]O[0xffffff8c][0x12]3[0xffffff89][0x12][0x1a]E[0xffffff86][0x12].[0xffffff90][0xc]%4[0xffffff96][0xfffffff5][0xffffff94]X[0xffffffc3]YM[0xffffff89]5[0xffffffa2]I[0xffffff94]0[0xffffffe5][0xffffffc9]R[0xffffffc2]v)K[0x9]S[0xffffffad][0x1c]%[0xffffffa4]i)JH[0xfffffff1][0xfffffffe]>%[0xffffffae][0xffffff97][0xffffffa5][0xffffffc4][0xfffffff5]@[0xffffff94][0xfffffff8][0xffffffbc][0x1f][0xffffff96][0x12]_w[0x0]S[0xffffffe2][0xffffffdf]{@([0xfffffff1]uu[0xffffff84][0x12][0xffffffff]\9[0xffffff82][0x12]&[0xffffff8a][0x8]%l [0x11]J[0xffffff98]X[0xffffff96]SB[0xffffffc2]YL[0x9][0xffffff89]h[0x10]%\y[0xffffffa2][0xffffff94][0xfffffff0]][0xffffff8a]R[0xffffffc2]U+F[0x9]mZ[0xffffff88][0x12]Z[0xffffffbc][0x1b][0xffffff94]0k[0xffffff97][0xfffffffd][0xffffffd5]^[0x18]%[0xfffffff0][0xffffffb5][0xffffffcb]+`[0xffffffed][0xfffffff2]2[0xffffff93]l[0xffffff85][0x1][0xffffffc7][0xffffffd6]./[0x19]]#)[0x11][0xffffffb2]vi[0x3][0xffffffc9]P"`[0xffffffed]R[0xffffffc2]YM[0xffffff89][0xffffffe0][0xffffffb5]KW[0xffffff9e],%[0xfffffff2][0xffffffd6].][0xffffffb5]r[0xffffff94]HY[0xffffffbb][0xffffffd4][0xffffffe2][0xffffffdd][0xffffffa0][0xffffff84]Y[0xffffffbb][0xffffffec][0xffffffaf][0xfffffff3][0xffffffa1]^[0xffffffbb][0xffffffbc][0xfffffff0][0xffffffb5][0xffffffcb]+`[0xffffffed][0xfffffff2]2[0xffffff93]l[0xffffff85][0x1][0xffffffc7][0xffffffd6]./[0x19]]#)[0x11][0xffffffb2]vi[0x3][0xffffffc9]P"`[0xffffffed]R[0xffffffc2]YM[0xffffff89][0xffffffe0][0xffffffb5]KW[0xffffff9e],%[0xfffffff2][0xffffffd6].][0xffffffb5]r[0xffffff94]HY[0xffffffbb][0xffffffd4][0xffffffe2][0xffffffdd][0xffffffa0][0xffffff84][0xffffff99][0xffffffa8][0xffffffea][0xffffffaf][0xffffffe7][0xffffffa0]v%.|[0xffffffa2][0xffffffea][\n]"
08:17:55.193 [TestNG-PoolService-3] DEBUG org.apache.hc.client5.http.wire -- http-outgoing-4 << "[0xffffff99][0xffffffdc]g!3[0xffffffea][0xffffffbb][0x10][0xffffffc9]#F[0xffffff8b][0xffffff9c]/C$[0xffffff9b][0x8]-[0xffffffe8]oCf[0xfffffff2][0xffffffc7]!Z[0xffffffa3]8-[0x2]?[0xf][0xffffffd1][0xffffff92]Ei[0x11][0xfffffff3][0xffffff81][0xffffffc8]Z[0xffffffc1][[0xffffffb4]8[0xffffffce];[0xffffffcc][0x16][0x1f]w[0xffffff84][0xffffffe3][0xffffffe2][0xfffffff3][0x1e]x][0xfffffffc]s[0x17][0x14]/>[0xffffffaf]O[0xfffffff9][0xffffffe2][0xffffffc7][0xffffffb5]S[0xffffff80][0xffffffa1][0xffffffa1][0xffffffa4][0xffffff84][0xffffffe1][0xffffffa2]I[0x11]C[0x3]J[0x18]c[0xffffff8d]i=2[0xffffffd6][0xffffffb0]f)[0xffffffc3][0x14]*[0xffffffcd][0xc][0xffffffdb][0xffffffaf][0xffffffb4]3L[0xffffffdd][0xffffff92][0xffffffd0][0xffffff90][0xfffffff6][0xffffffe5][0xffffffa4]!e[0xffffffbc]G[0xffffff8d][0xffffffeb]I[0xffffffa3][0xffffffc6][0xfffffff5][0xfffffff0][0xffffffd4][0xfffffff8][0xffffffb8][0xffffff87][0x0]j[0xfffffffc][0xffffffb8][0xb][0xffffff8c][0x1a][0x1f][0xffffffd7][0xffffffc7][0xffffffa8][0xfffffff1]}[0xffffffed][0x18]jH(1j[0xffffff98]hb[0xffffffd4][0xffffff90][0xffffff80]"[0xffffffd4]Xb[\n]"
08:17:55.193 [TestNG-PoolService-2] DEBUG org.apache.hc.client5.http.wire -- http-outgoing-5 << "[0xffffff98][0xffffffa8][0xffffffba][0xffffffcc][0xffffff8e]Ja[0xffffffc0][0xffffffb1][0xffffff89][0xffffffaa]K[0xffffff96]RHJ[0xffffff84]LT[0xffffffd9]@2[0xffffff94][0x8][0xffffff98][0xffffffa8][0xffffff92]pVS"x[0xffffffa2][0xffffffca][0xffffff95]'K[0xffffff89][0xffffffbc][0xffffff89]*W[0xffffffad][0x1c]%R&[0xffffffaa][0xffffffb4]x7(a&[0xffffffaa][0xfffffffa][0xffffffd1][0xffffffc6][0xffffff8b][0xffffffa2][0x4]>Qu[0x5]LT]fG[0xffffffa5]0[0xffffffe0][0xffffffd8]D[0xffffffd5]%K)$%B&[0xffffffaa]l [0x19]J[0x4]LTI8[0xffffffab])[0x11]<Q[0xffffffe5][0xffffffca][0xffffff93][0xffffffa5]D[0xffffffde]D[0xffffff95][0xffffffab]V[0xffffff8e][0x12])[0x13]UZ[0xffffffbc][0x1b][0xffffff94]0[0x13]U[0xfffffffd][0x18][0x3][0xfffffffb][0xffffff81][0x3][0xffffff9f][0xffffffa8][0xffffffba][0x2]&[0xffffffaa].[0xffffffb3][0xffffffa3]R[0x18]pl[0xffffffa2][0xffffffea][0xffffff92][0xffffffa5][0x14][0xffffff92][0x12]![0x13]U6[0xffffff90][0xc]%[0x2]&[0xffffffaa]$[0xffffff9c][0xffffffd5][0xffffff94][0x8][0xffffff9e][0xffffffa8]r[0xffffffe5][0xffffffc9]R"o[0xffffffa2][0xffffffca]U+G[0xffffff89][0xffffff94][0xffffff89]*-[0xffffffde][\r]J\[0xffffff8e][0x12][0xfffffff7][0xffffffc4][0xffffff9e]J\8%[0xffffffae][0x0]J\[0xffffff9a][0xfffffff7][0xffffffc2][0xffffff80]_[0x18]%[0xffffffae]$Jh[0x14][0x19]J[0xffffffb8]@2[0xffffff94][0xffffffd0]X[0xffffffd6]Sb[\r]g5%[0xffffffd6][0xffffff88]&Q[0xffffffc2][0xffffff94]'K[0x9][0xffffffdb][0xffffffa5],%L[0xffffffb5]r[0xffffff94][0xffffff90][0xffffffa6][0xffffffa5](![0xffffffc5][0xffffffbb]A[0xffffff89][0xffffffdb]P[0xffffffa2][0xffffffbd][0xffffffce]FQ[0xffffffe2][0xffffffc6])q[0x7]P[0xffffffe2][0xffffffd6][0xffffffbc][0x17][0x6][0xfffffffc][0xffffffc6](q'QB[0xffffffa3][0xffffffc8]P[0xffffffc2][0x5][0xffffff92][0xffffffa1][0xffffff84][0xffffffc6][0xffffffb2][0xffffff9e][0x12]k8[0xffffffab])[0xffffffb1]F4[0xffffff89][0x12][0xffffffa6]<YJ[0xffffffd8].e)a[0xffffffaa][0xffffff95][0xffffffa3][0xffffff84]4-E[0x9])[0xffffffde]-J[0xffffffb4]0J[0xffffffc0][0xffffff87][0xffffff8c][0x7f][0xffffffdd][0x1]O[0x9][0xfffffff0][0xffffff90][0xfffffff1][0xffffffaf][0xffffffab]S[0xffffff94][0xffffffc8]9d[0xffffffdc]D[0xffffff91][0xffffffa2]D[0xffffffc8]![0xffffffe3]&[0xffffff96][0x4]%[0xffffffd0]C[0xffffffc6]%[0xffffffa2]Y[0xffffff94][0xffffffc8]:d[0xffffffdc]w)M[0xffffff89][0xffffff9c]C[0xffffffc6][0xffffffb5]i9J[0xfffffffc][0xfffffff1]![0xffffffe3][0xffffff97][0x19][0xffffffce][0xffffffee][0xffffffed]:[0xffffffb0]][0x9]|8[0xfffffffb][\n]"
08:17:55.193 [TestNG-PoolService-3] DEBUG org.apache.hc.client5.http.wire -- http-outgoing-4 << "Pc[0x9]k[0x18]5[0xffffffb4]Pqj[0xffffffb8]~[0xffffffc5][0xffffffa9][0xffffffa1]u[0xffffff8b]Rcm_[0xffffff90][0x1a]k[0x19][0xffffffef]Q[0xffffffe3]I[0xfffffffb]:[0xfffffff5][0xffffffe3][0xffffff8e]xj<[0x9][0xffffffdf][0xffffffa7][0xfffffffe]s[0x17][0x18]5[0x1e][0xffffffee][0xb][0xffffffd5][0x1f][0xffffffd7][0xffffff8e][0xffffffa1][0xffffff86][0xffffff84][0x12][0xffffffa3][0xffffff86][0xffffff89]&F[\r][0x9](B[0xffffff8d][0xffffff87][0xfffffffe]Lu[\r]k[0x18]5[0xffffffb4]Pqj[0xffffffb8]~[0xffffffc5][0xffffffa9][0xffffffa1]u[0xffffff8b]Rcm_[0xffffff90][0x1a]k[0x19][0xffffffff][0xe]5[0xffffffe6][0xfffffff7]_9[0xffffffcd][0x19]"W[0x1b][0xfffffff5]'[0xffffff9b][0xfffffffe][0xffffffbc][0x1f][0xffffff8a][0x19][0xffffffbf][0xffffffdc][0x1][0xffffff86][0xffffff8c][0xffffffe5][0x1e][0xffffff8a][0xffffff89][0xfffffff1][0xffffffcb][0xffffffd5][0xffffff8b][0xffffff81][0xfffffff1][0xffffffbf]W[0xffffff86]y[0xfffffff1]6[0xffffff8a][0xffffffc5][0xffffffb8][0xfffffff8][0xffffff8f]@[0x16][0xffffffd3][0xffffffe2]m,[0xb]a[0xfffffff1]&[0xffffff9c]e[0xffffffac]x[0x13][0xffffffd1][0x8]T[0xffffffbc]/O[0xffffff88][0x14][0xffffffff][0xffffffd5][0xffffffa5][0x10]([0xffffffde]W+[0xffffffc0][0xffffff89]wM[[0xffffff8e][0xffffff89]w[0xffffffc5][0xffffffbb]A[0xffffff89][0xffffffcb][0xffffff9c]!r[0xffffff8d]V[0xffffffff][0xffffffcc][0xffffffe2][0xffffffe7][0xfffffffd][0xffffffc0][0xffffff94][0xffffffb8][0xffffffc8]3D[0xffffff96]{`(q[0xffffffd5][0xffffff9f]![0xfffffff2][0xffffffbf]W[0xffffffce][0xffffffa0][0xffffff84]F[0xffffff91][0xffffffa1][0xffffff84][0xb]$C[0x9][0xffffff8d]e=%[0xffffffd6]pVSb[0xffffff8d]h[0x12]%Ly[0xffffffb2][0xffffff94][0xffffffb0]][0xffffffca]R[0xffffffc2]T+G[0x9]iZ[0xffffff8a][0x12]R[0xffffffbc][0x1b][0xffffff94][0xffffffb8][0xffffffdd]S[0xffffff89][0xffffff9b][0xffffffa3][0xffffffc4][0xffffff8d]?[0xffffff95][0xffffffb8][0x3][0xffffff9e]J[0xffffffdc]J[0xffffffe7][0xffffffc2][0xffffff80][0xffffffdf][0xffffffd8]S[0xffffff89];[0xffffffe9][0xffffffa9][0xffffff84]F[0xffffff91][0xffffffa1][0xffffff84][0xb]$C[0x9][0xffffff8d]e=%[0xffffffd6]pVSb[0xffffff8d]h[0x12]%Ly[0xffffffb2][0xffffff94][0xffffffb0]][0xffffffca]R[0xffffffc2]T+G[0x9]iZ[0xffffff8a][0x12]R[0xffffffbc][[0xffffff94]0O%PJ[0xffffffd0]O%[0xffffffee][0xffffff80][0xffffffa7][0x12][0xffffffb7][0xffffffd2][0xffffffb9]4[0xffffffe0][0xffffffd4]S[0xffffff89];[0xffffffe9][0xffffffa9][0xffffff84]F[0xffffff91][0xffffffa2]D[0xffffffca]S[0x9][0xffffff8d]%A[0x9][0xfffffff6][0xffffffa9][0xffffffc4][0x1a][0xffffffd1],J[0xffffff84]=[0xffffff95][0xffffffb0]]JS"[0xffffffe8][0xffffffa9][0xffffff84]4-G[0xffffff89]?[0x7f]*[0xfffffff1][0xffffffb8][0xffffffa7][0x12][0xfffffff3]zQ[0xffffff94]x[0xfffffff0][0xffffffa7][0x12]O[0xffffffc0]S[0xffffff89]G[0xffffffe9]\[0x18][0xfffffff0][0x7]{*[0xfffffff1]$=[0xffffff95][0xffffffd0](2[0xffffff94]p[0xffffff81]d([0xffffffa1][0xffffffb1][0xffffffac][0xffffffa7][0xffffffc4][0x1a][0xffffffce]jJ[0xffffffac][0x11]M[0xffffffa2][0xffffff84])O[0xffffff96][0x12][0xffffffb6]KYJ[0xffffff98]j[0xffffffe5](!MKQB[0xffffff8a][0xfffffff7][0xfffffff7])q[0xffffffbc][0xc]%[0xffffffee][0xfffffff1]5[0xffffffee]MP[0xffffffe2][0xfffffff3]~XJ|[0xffffffdd][0x1]L[0xffffff89][0x7f][0xffffffef][0x1][0xffffffa1][0xffffffc4][0xffffffd7][0xffffffd5][0x11]J[0xfffffffc]s[0xffffffe5][0x8]J[0xffffff98]("[0xffffff94][0xffffffb0][0xffffff81]D(abYN[0x9][0x9]g1%$[0xffffffa2]A[0xffffff94]p[0xffffffe5][0xffffff89]R[0xffffffc2]w)J[0x9]W[0xffffffad][0x18]%[0xffffffb4]i!Jh[0xfffffff1]nP[0xffffffe2]p[0xffffff94][0xfffffff8]`[\n]"
08:17:55.194 [TestNG-PoolService-3] DEBUG org.apache.hc.client5.http.wire -- http-outgoing-4 << "E[0xffffff89][0x3][0xffffffa7][0xffffffc4][0x11]@[0xffffff89]C[0xfffffff3]^[0x18][0xfffffff0][0x3][0xffffffa3][0xffffffc4][0xffffff91]D[0x9][0xffffff8d]"C[0x9][0x17]H[0xffffff86][0x12][0x1a][0xffffffcb]zJ[0xffffffac][0xffffffe1][0xffffffac][0xffffffa6][0xffffffc4][0x1a][0xffffffd1]$J[0xffffff98][0xfffffff2]d)a[0xffffffbb][0xffffff94][0xffffffa5][0xffffff84][0xffffffa9]V[0xffffff8e][0x12][0xffffffd2][0xffffffb4][0x14]%[0xffffffa4]x7([0xffffffd1],%[0xffffff9e][0xffffff87][0xffffffa2]D[0xffffffc3])[0xffffffd1][0x2]([0xffffffd1]4[0xffffffef][0xffffff85][0x1]o[0x18]%Z[0x12]%4[0xffffff8a][0xc]%\ [0x19]Jh,[0xffffffeb])[0xffffffb1][0xffffff86][0xffffffb3][0xffffff9a][0x12]kD[0xffffff93](a[0xffffffca][0xffffff93][0xffffffa5][0xffffff84][0xffffffed]R[0xffffff96][0x12][0xffffffa6]Z9JH[0xffffffd3]R[0xffffff94][0xffffff90][0xffffffe2][0xffffffdd][0xffffffa0]D[0xffffffb7][0xffffff94][0xffffff98][0xffffffd4]k[0xffffff97][0xffffff9f][0xfffffff7][0x3]S[0xffffffa2][0x7]P[0xffffffa2]k[0xffffffde][0xb][0x3][0xffffffde]1J[0xfffffff4]$Jh[0x14][0x19]J[0xffffffb8]@2[0xffffff94][0xffffffd0]X[0xffffffd6]Sb[\r]g5%[0xffffffd6][0xffffff88]&Q[0xffffffc2][0xffffff94]'K[0x9][0xffffffdb][0xffffffa5],%L[0xffffffb5]r[0xffffff94][0xffffff90][0xffffffa6][0xffffffa5](![0xffffffc5][0xffffffbb]A[0xffffff89][0xffffffe1]([0xfffffff1][0xffffffdc][0xffffff9d][0xffffffa2][0xffffffc4][0xffffffc0])1[0x2](14[0xffffffef][0xffffff85][0x1][0x1f][0x18]%F[0x12]%4[0xffffff8a][0xc]%\ [0x19]Jh,[0xffffffeb])[0xffffffb1][0xffffff86][0xffffffb3][0xffffff9a][0x12]kD[0xffffff93](a[0xffffffca][0xffffff93][0xffffffa5][0xffffff84][0xffffffed]R[0xffffff96][0x12][0xffffffa6]Z9JH[0xffffffd3]R[0xffffff94][0xffffff90][0xffffffe2][0xffffffdd][0xffffffa0][0xffffff84][[0xffffffbb][0xffffffbc]g[0xffffffc3]~[0xffffffe0][0xffffffc0][0xffffffd7].[0xffffff8f][0xffffff80][0xffffffb5][0xffffffcb][0xffffffc3]L[0xffffffb2][0x15][0x6][0x1c][[0xffffffbb]<dt[0xffffff8d][0xffffffa4]D[0xffffffc8][0xffffffda][0xffffffa5][\r]$C[0xffffff89][0xffffff80][0xffffffb5]K[0x9]g5%[0xffffff82][0xffffffd7].]y[0xffffffb2][0xffffff94][0xffffffc8][[0xffffffbb]t[0xffffffd5][0xffffffca]Q"e[0xffffffed]R[0xffffff8b]w[0xffffff83][0x12][0xffffff97][0xffffffa1][0xffffffc4][0xfffffff3][0xffffffe2](q[0xffffffe1][0xffffff94][0xffffffb8][0x2](qi[0xffffffde][0xb][0x3]~a[0xffffff94][0xffffffb8][0xffffff92]([0xffffffa1]Qd([0xffffffe1][0x2][0xffffffc9]PBcYO[0xffffff89]5[0xffffff9c][0xffffffd5][0xffffff94]X#[0xffffff9a]D[0x9]S[0xffffff9e],%l[0xffffff97][0xffffffb2][0xffffff94]0[0xffffffd5][0xffffffca]QB[0xffffff9a][0xffffff96][0xffffffa2][0xffffff84][0x14][0xffffffef][0x6]%[0xffffffdc][0xffffffda][0xffffffe5]3[0xffffffee]FQ[0x2]_[0xffffffbb]<[0x2][0xffffffd6].[0xf]3[0xffffffc9]V[0x18]pl[0xffffffed][0xfffffff2][0xffffff90][0xffffffd1]5[0xffffff92][0x12]!k[0xffffff97]6[0xffffff90][0xc]%[0x2][0xffffffd6].%[0xffffff9c][0xffffffd5][0xffffff94][0x8]^[0xffffffbb]t[0xffffffe5][0xffffffc9]R"o[0xffffffed][0xffffffd2]U+G[0xffffff89][0xffffff94][0xffffffb5]K-[0xffffffde][\r]J[0xffffffb8][0xffffff89][0xffffffaa][0xffffffe7][0xffffffba][0xffffffa8][0xffffffe3][0xffffffbc][0xe]|[0xffffffa2][0xffffffea][0x8][0xffffff98][0xffffffa8]:[0xffffffcc][0xffffff8e]Ja[0xffffffc0][0xffffffb1][0xffffff89][0xffffffaa]C[0xffffff96]RHJ[0xffffff84]LT[0xffffffd9]@2[0xffffff94][0x8][0xffffff98][0xffffffa8][0xffffff92]pVS"x[0xffffffa2][0xffffffca][0xffffff95]'K[0xffffff89][0xffffffbc][0xffffff89]*W[0xffffffad][0x1c]%R&[0xffffffaa][0xffffffb4]x7(1[0x1d]%[0xffffff9e][0xffffff8e][0xffffffed]JL[0xffffff9c][0x12]3[0xffffff80][0x12]S[0xfffffff3]^[0x18][0xfffffff0][0xffffff89]Qb&QB[0xffffffa3][0xffffffc8]P[0xffffffc2][0x5][0xffffff92][0xffffffa1][0xffffff84][0xffffffc6][0xffffffb2][0xffffff9e][0x12]k8[0xffffffab])[0xffffffb1]F4[0xffffff89][0x12][0xffffffa6]<YJ[0xffffffd8].e)a[0xffffffaa][0xffffff95][0xffffffa3][0xffffff84]4-E[0x9])[0xffffffde]-J[0xfffffff4]0Jt[0xffffff9c][0x12]=[0xffffff80][0x12][0x1d][0xffffffa5]D[0xffffffc7]([0xffffffd1][0xffffff93]([0xffffffb1]F[0xffffff91][0xffffffa2][0xffffff84][0x6][0xffffff92][0xffffffa2][0xffffffc4][0x1a]K[0xffffff82][0x12][0x1d][0xffffffa6]D[0xf][0xffffffa6][0xffffff84][0xffffff94]'M[0x9][0xffffffd3][0xffffffa5]4%[0xffffffa4]ZIJ[0xfffffff4][0x14]J[0xfffffff4]?[0xffffffa5]Ds[0xffffffc3][0xffffffd9][0xfffffff3]~Q[0xffffffaf]]6|8[0xffffffbb][0x5][0xc]g7[0xffffffb3][0xffffffee]Z[0x17][0xfffffff0][0xffffff86][\r]g7[0xffffffd9]o[0x5])a[0xffffffa2][0xffffff88]P[0xffffffc2][0x6][0x12][0xffffffa1][0xffffff84][0xffffff89]e9%$[0xffffff9c][0xffffffc5][0xffffff94][0xffffff90][0xffffff88][0x6]Q[0xffffffc2][0xffffff95]'J[0x9][0xffffffdf][0xffffffa5](%\[0xffffffb5]b[0xffffff94][0xffffffd0][0xffffffa6][0xffffff85]([0xffffffa1][0xffffffc5][0xffffffbb]A[0x9]7[0xffffff9c]=[0xffffffe7][0xffffffeb][0xffffffa0]([0xffffff81][0xf]g[0xffffffb7][0xffffff80][0xffffffe1][0xffffffec]f[0xffffffd6]][0xb][0x3][0xffffff8e][\r]g7[0xffffffd9]o%)[0x11]2[0xffffff9c]m[0x3][0xffffffc9]P"`8[[0xffffffc2]YM[0xffffff89][0xffffffe0][0xffffffe1]lW[0xffffff9e],%[0xfffffff2][0xffffff86][0xffffffb3]][0xffffffb5]r[0xffffff94]H[0x19][0xffffffce][0xffffffd6][0xffffffe2][0xffffffdd][0xffffffa0][0xffffff84][0x19][0xffffffce][0xffffffbe]_[0xffffffed][0xffffffa2][0xffffff8e][0xfffffff3]j[0xfffffff8]pv[0xb][0x18][0xffffffce]nf[0xffffffdd][0xffffffb5]0[0xffffffe0][0xffffffd8]pv[0xffffff93][0xfffffffd]V[0xffffff92][0x12]![0xffffffc3][0xffffffd9]6[0xffffff90][0xc]%[0x2][0xffffff86][0xffffffb3]%[0xffffff9c][0xffffffd5][0xffffff94][0x8][0x1e][0xffffffce]v[0xffffffe5][0xffffffc9]R"o8[0xffffffdb]U+G[0xffffff89][0xffffff94][0xffffffe1]l-[0xffffffde][\r]J[0xffffff98][0xffffffe1][0xffffffec][0xfffffffb]5&[0xfffffff5]1h[0xffffffc3][0xffffff87][0xffffffb3][[0xffffffc0]pv3[0xffffffeb][0xffffffae][0xffffff85][0x1][0xffffffc7][0xffffff86][0xffffffb3][0xffffff9b][0xffffffec][0xffffffb7][0xffffff92][0xffffff94][0x8][0x19][0xffffffce][0xffffffb6][0xffffff81]d([0x11]0[0xffffff9c]-[0xffffffe1][0xffffffac][0xffffffa6]D[0xfffffff0]p[0xffffffb6]+O[0xffffff96][0x12]y[0xffffffc3][0xffffffd9][0xffffffae]Z9J[0xffffffa4][0xc]gk[0xfffffff1]nP[0xffffffc2][0xc]g[0xffffffdf][0xffffffaf][0xffffffe7][0xffffffa6]^[0xffffffbb]l[0xfffffff8]pv[0xb][0x18][0xffffffce]nf[0xffffffdd][0xffffffb5]0[0xffffffe0][0xffffffd8]pv[0xffffff93][0xfffffffd]V[0xffffff92][0x12]![0xffffffc3][0xffffffd9]6[0xffffff90][0xc]%[0x2][0xffffff86][0xffffffb3]%[0xffffff9c][0xffffffd5][0xffffff94][0x8][0x1e][0xffffffce]v[0xffffffe5][0xffffffc9]R"o8[0xffffffdb]U+G[0xffffff89][0xffffff94][0xffffffe1]l-[0xffffffde][\r]J[0xffffff98][0xffffffe1][0xffffffec][0xfffffffb][0xffffffc5][\r]g7|8[0xffffffbb][0x5][0xc]g7[0xffffffb3][0xffffffee]Z[0x18]pl8[0xffffffbb][0xffffffc9]~+I[0xffffff89][0xffffff90][0xffffffe1]l[0x1b]H[0xffffff86][0x12][0x1][0xffffffc3][0xffffffd9][0x12][0xffffffce]jJ[0x4][0xf]g[0xffffffbb][0xfffffff2]d)[0xffffff91]7[0xffffff9c][0xffffffed][0xffffffaa][0xffffff95][0xffffffa3]D[0xffffffca]p[0xffffffb6][0x16][0xffffffef][0x6]%[0xffffffcc]p[0xfffffff6][0x7]%[0x1e]j[0xffffffa2][0xffffffaa][0xffffffe1][0xffffffc3][0xffffffd9]-`8[0xffffffbb][0xffffff99]u[0xffffffd7][0xffffffc2][0xffffff80]c[0xffffffc3][0xffffffd9]M[0xfffffff6][IJ[0xffffff84][0xc]g[0xffffffdb]@2[0xffffff94][0x8][0x18][0xffffffce][0xffffff96]pVS"x8[0xffffffdb][0xffffff95]'K[0xffffff89][0xffffffbc][0xffffffe1]lW[0xffffffad][0x1c]%R[0xffffff86][0xffffffb3][0xffffffb5]x7(a[0xffffff86][0xffffffb3][0xffffffef][0xffffffe3][0xffffffd5]0J[0xffffffe0][0xffffffc3][0xffffffd9]-`8[0xffffffbb][0xffffff99]u[0xffffffd7][0xffffffc2][0xffffff80]c[0xffffffc3][0xffffffd9]M[0xfffffff6][IJ[0xffffff84][0xc]g[0xffffffdb]@2[0xffffff94][0x8][0x18][0xffffffce][0xffffff96]pVS"x8[0xffffffdb][0xffffff95]'K[0xffffff89][0xffffffbc][0xffffffe1]lW[0xffffffad][0x1c]%R[0xffffff86][0xffffffb3][0xffffffb5]x7(a[0xffffff86][0xffffffb3]?([0xfffffff1]`[0xffffffaf]][0xffffffe2][0xffffffc3][0xffffffd9]-`8[0xffffffbb][0xffffff99]u[0xffffffd7][0xffffffc2][0xffffff80]c[0xffffffc3][0xffffffd9]M[0xfffffff6][IJ[0xffffff84][0xc]g[0xffffffdb]@2[0xffffff94][0x8][0x18][0xffffffce][0xffffff96]pVS"x8[0xffffffdb][0xffffff95]'K[0xffffff89][0xffffffbc][0xffffffe1]lW[0xffffffad][0x1c]%R[0xffffff86][0xffffffb3][0xffffffb5]x7(1[0x1d]%[0xe][0xffffffec][0xc][0xffffff8e][0xffffffcf][0xfffffffb][0xffffff81])1[0x3](15[0xffffffef][0xffffff85][0x1][0xffffff9f][0x18]%f[0x12]%4[0xffffff8a][0xc]%\ [0x19]Jh,[0xffffffeb])[0xffffffb1][0xffffff86][0xffffffb3][0xffffff9a][0x12]kD[0xffffff93](a[0xffffffca][0xffffff93][0xffffffa5][0xffffff84][0xffffffed]R[0xffffff96][0x12][0xffffffa6]Z9JH[0xffffffd3]R[0xffffff94][0xffffff90][0xffffffe2][0xfffffffd]}Jt[0xffffffb3]vy[0x1f][0xffffffe7][0xffffffd1]!Jt|[0xffffffed][0xffffffb2][0x7][0xffffffac]]v3[0xffffffc9]V[0x17][0xfffffff0][0xffffff8e][0xffffffad]]v[0x19]][0x3])a[0xffffffa2][0xffffff88]P[0xffffffc2][0x6][0x12][0xffffffa1][0xffffff84][0xffffff89]e9%$[0xffffff9c][0xffffffc5][0xffffff94][0xffffff90][0xffffff88][0x6]Q[0xffffffc2][0xffffff95]'J[0x9][0xffffffdf][0xffffffa5](%\[0xffffffb5]b[0xffffff94][0xffffffd0][0xffffffa6][0xffffff85]([0xffffffa1][0xffffffc5][0xffffffbb]A[0x9][0xffffffb3]vy[0x1f]w[0xffffffc7]([0xffffff81][0xffffffaf]][0xfffffff6][0xffffff80][0xffffffb5][0xffffffcb]n&[0xffffffd9][\n]"
08:17:55.194 [TestNG-PoolService-2] DEBUG org.apache.hc.client5.http.wire -- http-outgoing-5 << "[0x18][0xffffffce][0xffffffbe][0xffffffcc][0xffffffba]ka[0xffffffc0][0xffffffb1][0xffffffe1][0xffffffec]K[0xfffffff6][IJ[0xffffff84][0xc]g[0xffffffdb]@2[0xffffff94][0x8][0x18][0xffffffce][0xffffff96]pVS"x8[0xffffffdb][0xffffff95]'K[0xffffff89][0xffffffbc][0xffffffe1]lW[0xffffffad][0x1c]%R[0xffffff86][0xffffffb3][0xffffffb5]x7([0xffffffe1][0xffffff86][0xffffffb3][0xfffffffb][0xffffff8b][0xfffffffb][0xffffff82][0x3][0x1f][0xffffffce][0xffffffbe][0x2][0xffffff86][0xffffffb3]/[0xffffffb3][0xffffffee]Z[0x18]pl8[0xfffffffb][0xffffff92][0xfffffffd]V[0xffffff92][0x12]![0xffffffc3][0xffffffd9]6[0xffffff90][0xc]%[0x2][0xffffff86][0xffffffb3]%[0xffffff9c][0xffffffd5][0xffffff94][0x8][0x1e][0xffffffce]v[0xffffffe5][0xffffffc9]R"o8[0xffffffdb]U+G[0xffffff89][0xffffff94][0xffffffe1]l-[0xffffffde][0xffffffdf][0xffffffa7][0xffffffc4][0xffffffed][0xffffff86][0xffffffb3][0xfffffffb][0xffffffd1][0xffffffa8]][0xffffff89][0x1b][0x1f][0xffffffce][0xffffffbe][0x3][0xffffff86][0xffffffb3]o[0xffffffb3][0xffffffee]Z[0x17][0xfffffff0][0x1b][0x1b][0xffffffce][0xffffffbe]e[0xffffffbf][0x15][0xffffffa4][0xffffff84][0xffffff89]"B[0x9][0x1b]H[0xffffff84][0x12]&[0xffffff96][0xffffffe5][0xffffff94][0xffffff90]p[0x16]SB"[0x1a]D[0x9]W[0xffffff9e](%|[0xffffff97][0xffffffa2][0xffffff94]p[0xffffffd5][0xffffff8a]QB[0xffffff9b][0x16][0xffffffa2][0xffffff84][0x16][0xffffffef][0x6]%[0xffffffdc][0xffffffda]eo[0xffffff83]zW[0xffffffe2][0xffffffc6][0xffffffd7].[0xffffffef][0xffffff80][0xffffffb5][0xffffffcb][0xffffffdb]L[0xffffffb2][0x15][0x6][0x1c][[0xffffffbb][0xffffffbc]et[0xffffff8d][0xffffffa4]D[0xffffffc8][0xffffffda][0xffffffa5][\r]$C[0xffffff89][0xffffff80][0xffffffb5]K[0x9]g5%[0xffffff82][0xffffffd7].]y[0xffffffb2][0xffffff94][0xffffffc8][[0xffffffbb]t[0xffffffd5][0xffffffca]Q"e[0xffffffed]R[0xffffff8b]w[0xffffff83][0x12]n[0xffffffed][0xffffffb2][0xfffffff7][0xffffffe3][0xffffffa2]([0xffffff81][0xffffffaf]][0xffffffde][0x1]k[0xffffff97][0xffffffb7][0xffffff99]d+[0xc]8[0xffffffb6]vy[0xffffffcb][0xffffffe8][0x1a]I[0xffffff89][0xffffff90][0xffffffb5]K[0x1b]H[0xffffff86][0x12][0x1]k[0xffffff97][0x12][0xffffffce]jJ[0x4][0xffffffaf]][0xffffffba][0xfffffff2]d)[0xffffff91][0xffffffb7]v[0xffffffe9][0xffffffaa][0xffffff95][0xffffffa3]D[0xffffffca][0xffffffda][0xffffffa5][0x16][0xffffffef][0x6]%[0xffffffdc][0xffffffda]e[0x1f][0xfffffff7][0xffffffa0]([0xffffff81][0xffffffaf]][0xffffffde][0x1]k[0xffffff97][0xffffffb7][0xffffff99]d+[0xc]8[0xffffffb6]vy[0xffffffcb][0xffffffe8][0x1a]I[0xffffff89][0xffffff90][0xffffffb5]K[0x1b]H[0xffffff86][0x12][0x1]k[0xffffff97][0x12][0xffffffce]jJ[0x4][0xffffffaf]][0xffffffba][0xfffffff2]d)[0xffffff91][0xffffffb7]v[0xffffffe9][0xffffffaa][0xffffff95][0xffffffa3]D[0xffffffca][0xffffffda][0xffffffa5][0x16][0xffffffef][0x6]%[0xffffffdc][0xffffffda]e[0xffffff9f][0xffffffd8][0xffffffc9][0xffffffa0]7[0xffffffbe]vy[0x7][0xffffffac]][0xffffffde]f[0xffffff92][0xffffffad]0[0xffffffe0][0xffffffd8][0xffffffda][0xffffffe5]-[0xffffffa3]k$%B[0xffffffd6].m [0x19]J[0x4][0xffffffac]]J8[0xffffffab])[0x11][0xffffffbc]v[0xffffffe9][0xffffffca][0xffffff93][0xffffffa5]D[0xffffffde][0xffffffda][0xffffffa5][0xffffffab]V[0xffffff8e][0x12])k[0xffffff97]Z[0xffffffbc][0x1b][0xffffff94]p[0x13]U[0xffffffe3]<[0xffffffa9][0xffffffe1][0xffffffec][0x1b][0xffffff9f][0xffffffa8][0xffffffba][0x3]&[0xffffffaa]n[0xffffffb3][0xffffffa3]R[0x18]pl[0xffffffa2][0xffffffea][0xffffff96][0xffffffa5][0x14][0xffffff92][0x12]![0x13]U6[0xffffff90][0xc]%[0x2]&[0xffffffaa]$[0xffffff9c][0xffffffd5][0xffffff94][0x8][0xffffff9e][0xffffffa8]r[0xffffffe5][0xffffffc9]R"o[0xffffffa2][0xffffffca]U+G[0xffffff89][0xffffff94][0xffffff89]*-[0xffffffde][\r]J[0xffffffb8]][0xffffff89]qc[0xffffffbb][0x12]7[0xffffffbe]+q[0x7][0xffffffec]J[0xffffffdc][0xffffffe6][0xffffffe3][0xffffffe7][0xffffffc2][0xffffff80]c[0xffffffbb][0x12][0xffffffb7]|[0xffffffde]LR"dW[0xffffffc2][0x6][0xffffff92][0xffffffa1]D[0xffffffc0][0xffffffae][0xffffff84][0xffffff84][0xffffffb3][0xffffff9a][0x12][0xffffffc1][0xffffffbb][0x12][0xffffffae]<YJ[0xffffffe4][0xffffffed]J[0xffffffb8]j[0xffffffe5]([0xffffff91][0xffffffb2]+[0xffffffa1][0xffffffc5][0xffffffbb]A[0x9][0xffffffb7]+q[0xffffffb6]W[0xffffffa7]([0xffffff81][0xffffffef]J[0xffffffdc][0x1][0xffffffbb][0x12][0xffffffb7][0xfffffff9][0xfffffff8][0xffffffb9]0[0xffffffe0][0xffffffd8][0xffffffae][0xffffffc4]-[0xffffff9f]7[0xffffff93][0xffffff94][0x8][0xffffffd9][0xffffff95][0xffffffb0][0xffffff81]d([0x11][0xffffffb0]+![0xffffffe1][0xffffffac][0xffffffa6]D[0xfffffff0][0xffffffae][0xffffff84]+O[0xffffff96][0x12]y[0xffffffbb][0x12][0xffffffae]Z9J[0xffffffa4][0xffffffec]Jh[0xfffffff1][0xfffffffe]>%[0x1e][0xffffffb7]+q~[0xfffffffc][0x1b][0xffffffa2][0xffffffc4][0xffffff83][0xffffffef]J<[0x1][0xffffffbb][0x12][0xffffff8f][0xfffffff9][0xfffffff8][0xffffffb9].[0xffffffe0][0xf][0xffffffb6]+[0xfffffff1][0xffffffc8][0xffffffe7][0xffffffcd] %L[0x14][0x11]J[0xffffffd8]@"[0xffffff94]0[0xffffffb1],[0xffffffa7][0xffffff84][0xffffff84][0xffffffb3][0xffffff98][0x12][0x12][0xffffffd1] J[0xffffffb8][0xfffffff2]D)[0xffffffe1][0xffffffbb][0x14][0xffffffa5][0xffffff84][0xffffffab]V[0xffffff8c][0x12][0xffffffda][0xffffffb4][0x10]%[0xffffffb4]x7(q8J[0xffffffdc][0xf][0xfffffff5][0xffffffae][0xffffffc4][0xffffffe7][0xfffffffd][0xffffffc0][0xffffff94]8[0x2](qh[0xffffffde][0xb][0x3]~`[0xffffff94]8[0xffffff92]([0xffffffa1]Qd([0xffffffe1][0x2][0xffffffc9]PBcYO[0xffffff89]5[0xffffff9c][0xffffffd5][0xffffff94]X#[0xffffff9a]D[0x9]S[0xffffff9e],%l[0xffffff97][0xffffffb2][0xffffff94]0[0xffffffd5][0xffffffca]QB[0xffffff9a][0xffffff96][0xffffffa2][0xffffff84][0x14][0xffffffef][0x6]%[0xffffffdc]D[0xffffffd5]9[0xffffffcf]IQ[0x2][0xffffff9f][0xffffffa8]z[0x2]&[0xffffffaa][0x1e][0xffffffb3][0xffffffa3]R[0x18]pl[0xffffffa2][0xffffffea][0xffffff91][0xffffffa5][0x14][0xffffff92][0x12]![0x13]U6[0xffffff90][0xc]%[0x2]&[0xffffffaa]$[0xffffff9c][0xffffffd5][0xffffff94][0x8][0xffffff9e][0xffffffa8]r[0xffffffe5][0xffffffc9]R"o[0xffffffa2][0xffffffca]U+G[0xffffff89][0xffffff94][0xffffff89]*-[0xffffffde]-J[0xffffffb4]0J[0xffffffc0]'[0xffffff83]~[0xffffffdd][0x1]O[0x9][0xfffffff0]d[0xffffffd0][0xffffffaf][0xffffffab]S[0xffffff94][0xffffffc8]9[0x19][0xffffffd4]D[0xffffff91][0xffffffa2]D[0xffffffc8][0xffffffc9][0xffffffa0]&[0xffffff96][0x4]%[0xffffffd0][0xffffff93]A%[0xffffffa2]Y[0xffffff94][0xffffffc8]:[0x19][0xffffffd4]w)M[0xffffff89][0xffffff9c][0xffffff93]A[0xffffffb5]i9J[0xfffffffc][0xfffffff1][0xffffffc9][0xffffffa0][0xffffff8f][[0xffffffbb][0xffffffbc]:[0xfffffff7][0x3][0x7][0xffffffbe]v[0xfffffff9][0x4][0xffffffac]]]]><![CDATA[>f[0xffffff92][0xffffffad]0[0xffffffe0][0xffffffd8][0xffffffda][0xffffffe5]#[0xffffffa3]k$%B[0xffffffd6].m [0x19]J[0x4][0xffffffac]]J8[0xffffffab])[0x11][0xffffffbc]v[0xffffffe9][0xffffffca][0xffffff93][0xffffffa5]D[0xffffffde][0xffffffda][0xffffffa5][0xffffffab]V[0xffffff8e][0x12])k[0xffffff97]Z[0xffffffbc][0x1b][0xffffff94]pk[0xffffff97][0xffffffd7]8[0xffffffa9][0xffffff8f]A[0x1f]|[0xffffffed][0xfffffff2][0x9]X[0xffffffbb]|[0xffffffcc]$[a[0xffffffc0][0xffffffb1][0xffffffb5][0xffffffcb]GF[0xffffffd7]HJ[0xffffff84][0xffffffac]][0xffffffda]@2[0xffffff94][0x8]X[0xffffffbb][0xffffff94]pVS"x[0xffffffed][0xffffffd2][0xffffff95]'K[0xffffff89][0xffffffbc][0xffffffb5]KW[0xffffffad][0x1c]%R[0xffffffd6].[0xffffffb5]x7([0xffffffe1][0xffffffd6].[0xffffffaf][0xfffffff3][0xffffffc0]~[0xffffffe0][0xffffffc0][0xffffffd7].[0xffffff9f][0xffffff80][0xffffffb5][0xffffffcb][0xffffffc7]L[0xffffffb2][0x15][0x6][0x1c][[0xffffffbb]|dt[0xffffff8d][0xffffffa4]D[0xffffffc8][0xffffffda][0xffffffa5][\r]$C[0xffffff89][0xffffff80][0xffffffb5]K[0x9]g5%[0xffffff82][0xffffffd7].]y[0xffffffb2][0xffffff94][0xffffffc8][[0xffffffbb]t[0xffffffd5][0xffffffca]Q"e[0xffffffed]R[0xffffff8b]w[0xffffff83][0x12][0xffffff97][0xffffffa5][0xffffffc4][0xffffff8d][0xfffffffd][0xffffffc0]q[0xffffffe1][0xffffff94][0xffffffb8][0x2](qi[0xffffffde][0xb][0x3]~a[0xffffff94][0xffffffb8][0xffffff92]([0xffffffa1]Qd([0xffffffe1][0x2][0xffffffc9]PBcYO[0xffffff89]5[0xffffff9c][0xffffffd5][0xffffff94]X#[0xffffff9a]D[0x9]S[0xffffff9e],%l[0xffffff97][0xffffffb2][0xffffff94]0[0xffffffd5][0xffffffca]QB[0xffffff9a][0xffffff96][0xffffffa2][0xffffff84][0x14][0xffffffef][0x6]%[0xffffffdc]p[0xfffffff6]u[0xffffff9d][0xffffff83][0xffffffa2][0x4]>[0xffffff9c][0xfffffffd][0x4][0xc]g?f[0xffffffdd][0xffffffb5]0[0xffffffe0][0xffffffd8]p[0xfffffff6]#[0xfffffffb][0xffffffad]$%B[0xffffff86][0xffffffb3]m [0x19]J[0x4][0xc]gK8[0xffffffab])[0x11]<[0xffffff9c][0xffffffed][0xffffffca][0xffffff93][0xffffffa5]D[0xffffffde]p[0xffffffb6][0xffffffab]V[0xffffff8e][0x12])[0xffffffc3][0xffffffd9]Z[0xffffffbc][0x1b][0xffffff94]p[0xffffffc3][0xffffffd9][0xffffffd7][0xffffff8d][0xffffffad]]]]><![CDATA[>[0xfffffff8]p[0xfffffff6][0x13]0[0xffffff9c][0xfffffffd][0xffffff98]u[0xffffffd7][0xffffffc2][0xffffff80]c[0xffffffc3][0xffffffd9][0xffffff8f][0xffffffec][0xffffffb7][0xffffff92][0xffffff94][0x8][0x19][0xffffffce][0xffffffb6][0xffffff81]d([0x11]0[0xffffff9c]-[0xffffffe1][0xffffffac][0xffffffa6]D[0xfffffff0]p[0xffffffb6]+O[0xffffff96][0x12]y[0xffffffc3][0xffffffd9][0xffffffae]Z9J[0xffffffa4][0xc]gk[0xfffffff1]nP[0xffffffc2][\r]g_[0xfffffff3]9)J[0xffffffe0][0xffffffc3][0xffffffd9]O[0xffffffc0]p[0xfffffff6]c[0xffffffd6]][0xb][0x3][0xffffff8e][\r]g?[0xffffffb2][0xffffffdf]JR"d8[0xffffffdb][0x6][0xffffff92][0xffffffa1]D[0xffffffc0]p[0xffffffb6][0xffffff84][0xffffffb3][0xffffff9a][0x12][0xffffffc1][0xffffffc3][0xffffffd9][0xffffffae]<YJ[0xffffffe4][\r]g[0xffffffbb]j[0xffffffe5]([0xffffff91]2[0xffffff9c][0xffffffad][0xffffffc5][0xfffffffb][0xfffffffb][0xffffff94][0xffffff98]n8[0xfffffffb][0x1e][0xffffffc7][0xb][0xffffffa2][0xffffffc4][0xffffffc4][0xffffff87][0xffffffb3]g[0xffffffc0]p[0xfffffff6]4[0xffffffeb][0xffffffae]u[0x1][0xffffff9f][0xffffffd8]p[0xfffffff6][0xffffff94][0xfffffffd]V[0xffffff90][0x12]&[0xffffff8a][0x8]%l [0x11]J[0xffffff98]X[0xffffff96]SB[0xffffffc2]YL[0x9][0xffffff89]h[0x10]%\y[0xffffffa2][0xffffff94][0xfffffff0]][0xffffff8a]R[0xffffffc2]U+F[0x9]mZ[0xffffff88][0x12]Z[0xffffffbc][0x1b][0xffffff94]p[0xffffffc3][0xffffffd9][0xfffffff7]sQO%&>[0xffffff9c]=[0x3][0xffffff86][0xffffffb3][0xffffffa7]Yw-[0xc]86[0xffffff9c]=e[0xffffffbf][0xffffff95][0xffffffa4]D[0xffffffc8]p[0xffffffb6][\r]$C[0xffffff89][0xffffff80][0xffffffe1]l[0x9]g5%[0xffffff82][0xffffff87][0xffffffb3]]y[0xffffffb2][0xffffff94][0xffffffc8][0x1b][0xffffffce]v[0xffffffd5][0xffffffca]Q"e8[[0xffffff8b]w[0xffffff8b][0x12][0xffffffba]v[0xffffffc9]R[0x2]^[0xffffffbb][0xfffffffc][0xffffffba][0x3][0xffffff9e][0x12][0xffffffe0][0xffffffda][0xffffffe5][0xffffffd7][0xffffffd5])J[0xffffffe4][0xffffffac]][0xffffff9a](R[0xffffff94][0x8]Y[0xffffffbb]4[0xffffffb1]$([0xffffff81][0xffffffae]]JD[0xffffffb3]([0xffffff91][0xffffffb5]v[0xffffffe9][0xffffffbb][0xffffff94][0xffffffa6]D[0xffffffce][0xffffffda][0xffffffa5]6-G[0xffffff89]?^[0xffffffbb][0xffffff9c][0xffffffee][0xc][0xffffff8e][0xffffffe7]u[0x1e][0x14]%[0xfffffff0]38f[0xffffffc0][0x19][0x1c][0xffffffd3][0xc][0xffffffc5][0x17][0x6][0x1c];[0xffffff83]c[0xffffffca][0x14]<I[0xffffff89][0xffffff90]38l [0x19]J[0x4][0xffffff9c][0xffffffc1]![0xffffffe1][0xffffffac][0xffffffa6]D[0xfffffff0][0x19][0x1c][0xffffffae]<YJ[0xffffffe4][0xffffff9d][0xffffffc1][0xffffffe1][0xffffffaa][0xffffff95][0xffffffa3]D[0xffffffca][0x19][0x1c]Z[0xffffffbc][0x1b][0xffffff94]p[0xffffffc3][0xffffffd9][0xffffffcf][0xfffffff9][0xffffffba](J[0xffffffe0][0xffffffc3][0xffffffd9]3`8{[0xffffff9a]u[0xffffffd7][0xffffffc2][0xffffff80]c[0xffffffc3][0xffffffd9]S[0xfffffff6][IJ[0xffffff84][0xc]g[0xffffffdb]@2[0xffffff94][0x8][0x18][0xffffffce][0xffffff96]pVS"x8[0xffffffdb][0xffffff95]'K[0xffffff89][0xffffffbc][0xffffffe1]lW[0xffffffad][0x1c]%R[0xffffff86][0xffffffb3][0xffffffb5]x7([0xffffffe1][0xffffff86][0xffffffb3][0xffffff9f][0xffffffeb][0xffffffc1][0xffffff9e]J[0xffffffe0][0xffffffc3][0xffffffd9]3`8{[0xffffff9a]u[0xffffffd7][0xffffffc2][0xffffff80]c[0xffffffc3][0xffffffd9]S[0xfffffff6][IJ[0xffffff84][0xc]g[0xffffffdb]@2[0xffffff94][0x8][0x18][0xffffffce][0xffffff96]pVS"x8[0xffffffdb][0xffffff95]'K[0xffffff89][0xffffffbc][0xffffffe1]lW[0xffffffad][0x1c]%R[0xffffff86][0xffffffb3][0xffffffb5]x7([0xffffffe1][0xffffff86][0xffffffb3][0xffffffe7][0xffffffeb][0xffffffc4][0xffffff9e]J[0xffffffe0][0xffffffc3][0xffffffd9]3`8{[0xffffff9a]u[0xffffffd7][0xffffffc2][0xffffff80]c[0xffffffc3][0xffffffd9]S[0xfffffff6][IJ[0xffffff84][0xc]g[0xffffffdb]@2[0xffffff94][0x8][0x18][0xffffffce][0xffffff96]pVS"x8[0xffffffdb][0xffffff95]'K[0xffffff89][0xffffffbc][0xffffffe1]lW[0xffffffad][0x1c]%R[0xffffff86][0xffffffb3][0xffffffb5]x7(q9J[0xfffffff4][0xffffff81]=[0xffffff95][0xffffffb8]pJ\[0x1][0xffffff94][0xffffffb8]4[0xffffffef][0xffffff85][0x1][0xffffffbf]0J\I[0xffffff94][0xffffffd0](2[0xffffff94]p[0xffffff81]d([0xffffffa1][0xffffffb1][0xffffffac][0xffffffa7][0xffffffc4][0x1a][0xffffffce]jJ[0xffffffac][0x11]M[0xffffffa2][0xffffff84])O[0xffffff96][0x12][0xffffffb6]KYJ[0xffffff98]j[0xffffffe5](!MKQB[0xffffff8a]w[0xffffff83][0x12]n8{>[\r][0xffffffa3][0x4]>[0xffffff9c]=[0x3][0xffffff86][0xffffffb3][0xffffffa7]Yw-[0xc]86[0xffffff9c]=e[0xffffffbf][0xffffff95][0xffffffa4]D[0xffffffc8]p[0xffffffb6][\r]$C[0xffffff89][0xffffff80][0xffffffe1]l[0x9]g5%[0xffffff82][0xffffff87][0xffffffb3]]y[0xffffffb2][0xffffff94][0xffffffc8][0x1b][0xffffffce]v[0xffffffd5][0xffffffca]Q"e8[[0xffffff8b]w[0xffffff83][0x12]n8{>[0xffffff93][0x1a][0xffffffce][0xffffff9e][0xfffffff8]p[0xfffffff6][0xc][0x18][0xffffffce][0xffffff9e]f[0xffffffdd][0xffffffb5]0[0xffffffe0][0xffffffd8]p[0xfffffff6][0xffffff94][0xfffffffd]V[0xffffff92][0x12]![0xffffffc3][0xffffffd9]6[0xffffff90][0xc]%[0x2][0xffffff86][0xffffffb3]%[0xffffff9c][0xffffffd5][0xffffff94][0x8][0x1e][0xffffffce]v[0xffffffe5][0xffffffc9]R"o8[0xffffffdb]U+G[0xffffff89][0xffffff94][0xffffffe1]l-[0xffffffde][\r]J[0xffffffb8][0xffffffe1][0xffffffec]9[0x7]u2[0xffffffe8][0xffffffc4][0xffffff87][0xffffffb3]g[0xffffffc0]p[0xfffffff6]4[0xffffffeb][0xffffffae][0xffffff85][0x1][0xffffffc7][0xffffff86][0xffffffb3][0xffffffa7][0xffffffec][0xffffffb7][0xffffff92][0xffffff94][0x8][0x19][0xffffffce][0xffffffb6][0xffffff81]d([0x11]0[0xffffff9c]-[0xffffffe1][0xffffffac][0xffffffa6]D[0xfffffff0]p[0xffffffb6]+O[0xffffff96][0x12]y[0xffffffc3][0xffffffd9][0xffffffae]Z9J[0xffffffa4][0xc]gk[0xfffffff1][0xfffffffe]6%[0xffffff8e][0xffffff97][0x1b][0xffffffce][0xffffff9e][0x1f][0xffffffff]b([0xfffffff1]u?(%[0xffffffbe][0xffffffef][0xffffff80][0xffffffa5][0xffffffc4][0xffffffcf]{ ([0xfffffff1]}u[0xffffff82][0x12][0xffffffff]^9[0xffffff81][0x12].[0xffffff8a][0x4]%| [0x9]J[0xffffffb8]XVSB[0xffffffc3]YK[0x9][0xffffff8d]h[0xe]%ly[0xffffff92][0xffffff94]x[0xffffffd3][0xffffffa5]$%l[0xffffffb5]R[0xffffff94]0M[0xffffffcb]P[0xffffffc2][0x14][0xffffffef][0x6]%[0xffffffcc]p[0xfffffff6]x[0xffffffbd].[0xffffffe8][0x7][0xffffff8e][0xffffffaf][0xfffffffb][0xffffff81])[0xffffffc1][0xf]g[0xffffffff][0xffffffbc][0x7][0xffffff86][0x12][0xffffffd4]p[0xfffffff6][0xffffffbf]W[0xffffffce][0xffffffa0]D[0xffffffc6]p[0xffffffb6][0xf]$C[0x9]~8[[0xffffffc3]YM[0xffffff89][0xffffffdc][0xffffffe1]l[[0xffffff9e],%[0xffffffe2][0xffffff86][0xffffffb3]m[0xffffffb5]r[0xffffff94][0x8][0x19][0xffffffce]6[0xffffffc5][0xffffffbb]A[0x9][0xffffffb3]v9^[0xffffffc7][0xffffff83]Q[0xffffff82]^[0xffffffbb][0xfffffffc][0xffffffbe][0x3][0xffffff9a][0x12][0xffffffe4][0xffffffda][0xffffffe5][0xfffffff7][0xffffffd5][0x19]J[0x4][0xffffffad]][0xffffffba](2[0xffffff94]HY[0xffffffbb]t[0xffffffb1][0xffffffac][0xffffffa7][0x4][0xffffffbb]v[0xffffffa9][0x11]M[0xffffffa2]D[0xffffffd8][0xffffffda][0xffffffe5][0xffffff9b].e)[0x11][0xffffffb4]vi[0xffffff9a][0xffffff96][0xffffffa2][0xffffffc4][0xffffff9f][0xffffffaf]][0x1e]/[0xffffffb3]v9^[0xffffffd7][\r][0xffffff9d][0xc][0xfffffffa]u?0%[0xfffffff8][0xffffffb5][0xffffffcb][0xffffff9f][0xfffffff7][0xffffffc0]P[0xffffff82]Z[0xffffffbb][0xfffffffc][0xfffffff7][0xffffffca][0x19][0xffffff94][0xffffffc8]X[0xffffffbb][0xfffffff4][0xffffff81]d([0xffffffc1][0xffffffaf]]j8[0xffffffab])[0xffffff91][0xffffffbb]vi[0xffffffcb][0xffffff93][0xffffffa5]D[0xffffffdc][0xffffffda][0xffffffa5][0xffffffad]V[0xffffff8e][0x12]!k[0xffffff97][0xffffffa6]x[0xffffffb7]([0xffffffd1][0xffffffc3]([0xffffffd1]qJ[0xfffffff4][0x0]Jt[0xffffff94][0x12][0x1d][0xffffffa3]DO[0xffffffa2][0xffffffc4][0x1a]E[0xffffff8a][0x12][0x1a]H[0xffffff8a][0x12]k,[0x9]Jt[0xffffff98][0x12]=[0xffffff98][0x12]R[0xffffff9e]4%L[0xffffff97][0xffffffd2][0xffffff94][0xffffff90]j%)[0xffffffd1]S([0xffffffd1][0xffffffff][0x2]%[0xffffff8e]3[0xffffffcc][0x12][0xffffffc7][0xffffff89]c[0xffffffe2][0xffffffe3][0x16]xM[0xfffffffc][0xffffffb8][0x9][0xffffff8a][0x13][0x1f][0xffffff97][0xffffffa7]<[0xfffffff1]}[0xffffffe9][0x14]PH[0x1e])Q[0xffffff98]TR[0xffffffa4][0xffffff90]l[0x12][0xffffffa6]X[0x12]Z[0xffffff8f][0xffffff8a]%[0xffffffa7]Y[0xffffffaa][0xffffffd0][0x1a][0xffffffa5]Y[0xffffffe1]Z[0xffffff95]v[0xffffff85][0xffffff96],[0x9][0xffffff8b][0xffffffb5]s9Y[0xffffffac][0x15][0xffffffbc]G[0xffffff8b];[0xffffff8d][0x16]7O[0xffffff8b];[0xffffff81][0x16]7K[0xffffff8b][0xffffff9b][0xffffffa3][0xffffffc5][0x1d]E[0xffffff8b]5[0xffffff8f][0x18]-4[0xffffff95][0x18]-[0xffffffd6]l"[0xffffffb4][0xffffffb8]iZ[0xffffffdc][0xffffffc9][0xffffffb4][0xffffff90][0x1a][0xffffffc5]iaZ[0x15][0xffffffa7][0xffffff85][0xffffff94],J[0xffffff8b];[0xffffff86][0x16][0xfffffff7]_[0xffffffa0]EK{j[0xffffffd1][0xfffffff8][0xffffffa7][0x16]-[0xffffffe1][0xffffffa9]Ec[0xffffff9f]Z4[0xffffffee][0xffffffa9]E[0xffffff8b]zj!y[0xffffffa4]haRI[0xffffffd1]B[0xffffffb2]I[0xffffffd0][0xffffffa2][0xffffffd1]O-Z[0xfffffff2]S[0xb][0xffffffad]Q[0xffffff9a][0x16][0xffffffae]UiZh[0xffffffc9][0xffffff92][0xffffffb4]X;[0xffffff97][0xffffffa3][0xffffffc5]Z[0xffffffc1][[0xffffffb4][0xffffffe8]q/W[0x4][0xffffffbc]][0x11][0xfffffff1]z[0x5][0xfffffffc]~[0x5][0xfffffff8][0xffffff82]E[0xffffffd6][0x1b][0x16]1[0xffffffaf]X[0x4][0xffffffbd]c[0x11][0xfffffff1][0xffffff92][0x5][0xfffffffe][0xffffff96]E[0xfffffff4]k[0x16]y[0xffffffef]Y$[0xffffffbe]h[0xffffff91][0xfffffff5][0xffffffa6]E[0xffffffce][0xffffffab][0x16][0x7f][0xffffffe3]][0xffffff8b][0xfffffff1][0xffffff84][0xffffffd1]b<8->n[0xffffff81][0xffffffa7][0xffffffc5][0xffffff8f][0xffffff9b][0xffffffa0]h[0xfffffff1]qy[0xffffff8a][0x16][0xffffffdf][0xffffff97]N[0xffffffa1][0xffffff85][0xffffffe4][0xffffff91][0xffffffa2][0xffffff85]I%E[0xb][0xffffffc9]&A[0xffffff8b]%[0xffffffa1][0xfffffff5][0xffffffb4]Xr[0xffffff9a]E[0xb][0xffffffad]Q[0xffffff9a][0x16][0xffffffae]UiZh[0xffffffc9][0xffffff92][0xffffffb4]X;[0xffffff97][0xffffffa3][0xffffffc5]Z[0xffffffc1]{[0xffffffb4][0xffffff98]i[0xffffffb4][0xffffff98]<-f[0x2]-&K[0xffffff8b][0xffffffc9][0xffffffd1]bF[0xffffffd1]b[0xffffffcd]#F[0xb]M%F[0xffffff8b]5[0xffffff9b][0x8]-&M[0xffffff8b][0xffffff99]L[0xb][0xffffffa9]Q[0xffffff9c][0x16][0xffffffa6]UqZH[0xffffffc9][0xffffffa2][0xffffffb4][0xffffff98]1[0xffffffb4][0xffffff98][0x7f][0xffffff81][0x16][0xffffffb3][0xffffff85][0xffffffd1]b6[0xffffff9c][0x16][0x1f][0xffffffb7][0xffffffc0][0xffffffd3][0xffffffe2][0xffffffc7]MP[0xffffffb4][0xfffffff8][0xffffffb8]<E[0xffffff8b][0xffffffef]K[0xffffffa7][0xffffffd0]B[0xfffffff2]H[0xffffffd1][0xffffffc2][0xffffffa4][0xffffff92][0xffffffa2][0xffffff85]d[0xffffff93][0xffffffa0][0xffffffc5][0xffffff92][0xffffffd0]zZ,9[0xffffffcd][0xffffffa2][0xffffff85][0xffffffd6](M[0xb][0xffffffd7][0xffffffaa]4-[0xffffffb4]dIZ[0xffffffac][0xffffff9d][0xffffffcb][0xffffffd1]b[0xffffffad][0xffffffe0]=Z[0xffffff8c]4Z[0xc][0xffffff9e][0x16]#[0xffffff81][0x16][0xffffff83][0xffffffa5][0xffffffc5][0xffffffe0]h1[0xffffffa2]h[0xffffffb1][0xffffffe6][0x11][0xffffffa3][0xffffff85][0xffffffa6][0x12][0xffffffa3][0xffffffc5][0xffffff9a]M[0xffffff84][0x16][0xffffff83][0xffffffa6][0xffffffc5]H[0xffffffa6][0xffffff85][0xffffffd4](N[0xb][0xffffffd3][0xffffffaa]8-[0xffffffa4]dQZ[0xffffff8c][0x18]Z[0xffffff8c][0xffffffbf]@[0xffffff8b][0xffffffe3]H{[0xffffff8f][0xfffffff3][0xffffffe3][0xffffff8e]p\|[0xffffffde][0x3][0xffffffaf][0xffffff8b][0x7f][0xffffffee][0xffffff82][0xffffffe2][0xffffffc5][0xffffffe7][0xfffffff5])_[0xfffffffc][0xffffffb8]v[\n]"
08:17:55.195 [TestNG-PoolService-3] DEBUG org.apache.hc.client5.http.wire -- http-outgoing-4 << "[0x3][0xffffff8e][0xffffffad]]v[0x19]]#)[0x11][0xffffffb2]vi[0x3][0xffffffc9]P"`[0xffffffed]R[0xffffffc2]YM[0xffffff89][0xffffffe0][0xffffffb5]KW[0xffffff9e],%[0xfffffff2][0xffffffd6].][0xffffffb5]r[0xffffff94]HY[0xffffffbb][0xffffffd4][0xffffffe2][0xffffffdd][0xffffffa0][0xffffff84][[0xffffffbb]l[0x7][0xffffffb6]+[0xffffffd1][0xfffffff1][0xffffffb5][0xffffffcb][0x1e][0xffffffb0]v[0xffffffd9][0xffffffcd]$[a[0xffffffc0][0xffffffb1][0xffffffb5][0xffffffcb].[0xffffffa3]k$%B[0xffffffd6].m [0x19]J[0x4][0xffffffac]]J8[0xffffffab])[0x11][0xffffffbc]v[0xffffffe9][0xffffffca][0xffffff93][0xffffffa5]D[0xffffffde][0xffffffda][0xffffffa5][0xffffffab]V[0xffffff8e][0x12])k[0xffffff97]Z[0xffffffbc][[0xffffff94][0xffffff90][0xffffff93]AaJ[0xffffffc0]'[0xffffff83]~[0xffffffdd][0x1]O[0x9][0xfffffff0]d[0xffffffd0][0xffffffaf][0xffffffab]S[0xffffff94][0xffffffc8]9[0x19][0xffffffd4]D[0xffffff91][0xffffffa2]D[0xffffffc8][0xffffffc9][0xffffffa0]&[0xffffff96][0x4]%[0xffffffd0][0xffffff93]A%[0xffffffa2]Y[0xffffff94][0xffffffc8]:[0x19][0xffffffd4]w)M[0xffffff89][0xffffff9c][0xffffff93]A[0xffffffb5]i9J[0xfffffffc][0xfffffff1][0xffffffc9][0xffffffa0][0xffffffdd][\r]g[0xffffffb7]>[0xffffffa8][0xffffffd7].;>[0xffffff9c][0xffffffdd][0x3][0xffffff86][0xffffffb3][0xffffffbb]Yw-[0xc]86[0xffffff9c][0xffffffdd]e[0xffffffbf][0xffffff95][0xffffffa4]D[0xffffffc8]p[0xffffffb6][\r]$C[0xffffff89][0xffffff80][0xffffffe1]l[0x9]g5%[0xffffff82][0xffffff87][0xffffffb3]]y[0xffffffb2][0xffffff94][0xffffffc8][0x1b][0xffffffce]v[0xffffffd5][0xffffffca]Q"e8[[0xffffff8b]w[0xffffff83][0x12]n8[0xffffffbb][0xffffffdd][0xffffff93]:[0x19][0xffffffb4][0xffffffe3][0xffffffc3][0xffffffd9]=`8[0xffffffbb][0xffffff9b]u[0xffffffd7][0xffffffc2][0xffffff80]c[0xffffffc3][0xffffffd9]][0xfffffff6][IJ[0xffffff84][0xc]g[0xffffffdb]@2[0xffffff94][0x8][0x18][0xffffffce][0xffffff96]pVS"x8[0xffffffdb][0xffffff95]'K[0xffffff89][0xffffffbc][0xffffffe1]lW[0xffffffad][0x1c]%R[0xffffff86][0xffffffb3][0xffffffb5]x7([0xffffffe1][0xffffffd6].{[0x7f]Q'[0xffffff83]v|[0xffffffed][0xffffffb2][0x7][0xffffffac]]v3[0xffffffc9]V[0x18]pl[0xffffffed][0xffffffb2][0xffffffcb][0xffffffe8][0x1a]I[0xffffff89][0xffffff90][0xffffffb5]K[0x1b]H[0xffffff86][0x12][0x1]k[0xffffff97][0x12][0xffffffce]jJ[0x4][0xffffffaf]][0xffffffba][0xfffffff2]d)[0xffffff91][0xffffffb7]v[0xffffffe9][0xffffffaa][0xffffff95][0xffffffa3]D[0xffffffca][0xffffffda][0xffffffa5][0x16][0xffffffef][0x6]%[0xffffffdc][0xffffffda]e?[0xffffff8f]AQ[0x2]_[0xffffffbb][0xffffffec][0x1]k[0xffffff97][0xffffffdd]L[0xffffffb2][0x15][0x6][0x1c][[0xffffffbb][0xffffffec]2[0xffffffba]FR"d[0xffffffed][0xffffffd2][0x6][0xffffff92][0xffffffa1]D[0xffffffc0][0xffffffda][0xffffffa5][0xffffff84][0xffffffb3][0xffffff9a][0x12][0xffffffc1]k[0xffffff97][0xffffffae]<YJ[0xffffffe4][0xffffffad]][0xffffffba]j[0xffffffe5]([0xffffff91][0xffffffb2]v[0xffffffa9][0xffffffc5][0xffffffbb]A[0x9][0xffffffb7]v[0xffffffd9][0xffffff9f][0xffffff81]=[0xffffff95][0xffffffc0][0xffffffd7].{[0xffffffc0][0xffffffda]e7[0xffffff93]l[0xffffff85][0x1][0xffffffc7][0xffffffd6].[0xffffffbb][0xffffff8c][0xffffffae][0xffffff91][0xffffff94][0x8]Y[0xffffffbb][0xffffffb4][0xffffff81]d([0x11][0xffffffb0]v)[0xffffffe1][0xffffffac][0xffffffa6]D[0xfffffff0][0xffffffda][0xffffffa5]+O[0xffffff96][0x12]yk[0xffffff97][0xffffffae]Z9J[0xffffffa4][0xffffffac]]j[0xfffffff1]nPb:J[0xffffffcc]~S[0xffffff94][0xffffff98]8%f[0x0]%[0xffffffa6][0xffffffe6][0xffffffbd]0[0xffffffe0][0x13][0xffffffa3][0xffffffc4]L[0xffffffa2][0xffffff84]F[0xffffff91][0xffffffa1][0xffffff84][0xb]$C[0x9][0xffffff8d]e=%[0xffffffd6]pVSb[0xffffff8d]h[0x12]%Ly[0xffffffb2][0xffffff94][0xffffffb0]][0xffffffca]R[0xffffffc2]T+G[0x9]iZ[0xffffff8a][0x12]R[0xffffffbc][0xffffffbf]O[0xffffff89][0xffffffe1]&[0xffffffaa][0xffffffc6][0xffffffeb][0xffffffbc] J[0xc]|[0xffffffa2]j[0x4]LT[\r][0xffffffb3][0xffffffa3]R[0x17][0xfffffff0][0xffffff81]MT[\r]YJ[0x1])a[0xffffffa2][0xffffff88]P[0xffffffc2][0x6][0x12][0xffffffa1][0xffffff84][0xffffff89]e9%$[0xffffff9c][0xffffffc5][0xffffff94][0xffffff90][0xffffff88][0x6]Q[0xffffffc2][0xffffff95]'J[0x9][0xffffffdf][0xffffffa5](%\[0xffffffb5]b[0xffffff94][0xffffffd0][0xffffffa6][0xffffff85]([0xffffffa1][0xffffffc5][0xffffffbb]A[0x9]7Q5[0xffffff8e]F[0xffffffed]J[0xc]|[0xffffffa2]j[0x4]LT[\r][0xffffffb3][0xffffffa3]R[0x18]pl[0xffffffa2]j[0xffffffc8]R[\n]"
08:17:55.195 [TestNG-PoolService-1] DEBUG org.apache.hc.client5.http.wire -- http-outgoing-3 << "*1Z[0xffffffac][0xffffffd9]Dh1iZ[0xffffffcc]dZH[0xffffff8d][0xffffffe2][0xffffffb4]0[0xffffffad][0xffffff8a][0xffffffd3]BJ[0x16][0xffffffa5][0xffffffc5][0xffffff8c][0xffffffa1][0xffffffc5][0xfffffffc][0xb][0xffffffb4][0xffffffb8][0xffffffd3][0xffffffde][0xffffffb5][0xffffffb8][0xfffffff9]w->n[0xffffff81][0xffffffa7][0xffffffc5][0xffffff8f][0xffffff9b][0xffffffa0]hqs[0xffffffef]Z[0xffffffdc]Q[0xffffffef]ZH[0x1e])Z[0xffffff98]TR[0xffffffb4][0xffffff90]l[0x12][0xffffffb4][0xffffffb8][0xffffffe9]w-[0xffffffee][0xffffffe4]w-[0xffffffb4]FiZ[0xffffffb8]V[0xffffffa5]i[0xffffffa1]%K[0xffffffd2]b[0xffffffed]\[0xffffff8e][0x16]k[0x5]o[0xffffffd1][0xffffffe2]8[0xffffffd2][0x1e][|[0xffffffdc][0x11][0xffffff8e][0xffffff8b][0xffffffcf]{[0xffffffe0]u[0xfffffff1][0xffffffcf]]P[0xffffffbc][0xfffffff8][0xffffffbc]>[0xffffffe5][0xffffff8b][0x1f][0xffffffd7]N[0x1][0xffffff86][0xffffff86][0xffffff92][0x12][0xffffff86][0xffffff8b]&E[0xc][\r](a[0xffffff8c]5[0xffffffa6][0xfffffff5][0xffffffc8]X[0xffffffc3][0xffffff9a][0xffffffa5][0xc]S[0xffffffa8]43l[0xffffffbf][0xffffffd2][0xffffffce]0uKBC[0xffffffda][0xffffff97][0xffffff93][0xffffff86][0xffffff94][0xfffffff1][0xffffffef]P[0xffffffe3][0xfffffff9][0xfffffffe]+[0xffffffcd][0x1d]7v[0x1d][0xffffffa3][0x1c][0x1a]?[0xffffffef][0xffffff87]b[0xffffffc6]/w[0xffffff80]!c[0xffffffb9][0xffffff87]bb[0xfffffffc]r[0xfffffff5]b`[0xfffffffc][0xffffffef][0xffffff95]a^[0xffffffbc][0xffffff8d]b1.[0xfffffffe]#[0xffffff90][0xffffffc5][0xffffffb4]x[0x1b][0xffffffcb]BX[0xffffffbc][0x9]g[0x19]+[0xffffffde]D4[0x2][0x15][0xffffffef][0xffffffcb][0x13]"[0xffffffc5][0x7f]u)[0x4][0xffffff8a][0xfffffff7][0xffffffd5][\n]"
08:17:55.196 [TestNG-PoolService-3] DEBUG org.apache.hc.client5.http.wire -- http-outgoing-4 << "I[0xffffff89][0xffffff90][0xffffff89]*[0x1b]H[0xffffff86][0x12][0x1][0x13]U[0x12][0xffffffce]jJ[0x4]OT[0xffffffb9][0xfffffff2]d)[0xffffff91]7Q[0xffffffe5][0xffffffaa][0xffffff95][0xffffffa3]D[0xffffffca]D[0xffffff95][0x16][0xffffffef][0x6]%[0xffffffdc][0xffffffae][0xffffffc4]h[0xf][0xffffffb5]+1[0xfffffff0]][0xffffff89][0x11][0xffffffb0]+1[0xffffffcc][0xffffffc7][0xffffffcf][0xffffff85][0x1][0xffffffc7]v%[0xffffff86]|[0xffffffde]LR"dW[0xffffffc2][0x6][0xffffff92][0xffffffa1]D[0xffffffc0][0xffffffae][0xffffff84][0xffffff84][0xffffffb3][0xffffff9a][0x12][0xffffffc1][0xffffffbb][0x12][0xffffffae]<YJ[0xffffffe4][0xffffffed]J[0xffffffb8]j[0xffffffe5]([0xffffff91][0xffffffb2]+[0xffffffa1][0xffffffc5][0xffffffbb]A[0x9][0xffffffb7]+1[0xffffffae][0xffffff87]zWb[0xffffffe0][0xffffffbb][0x12]#`Wb[0xffffff98][0xffffff8f][0xffffff9f][0xb][0x3][0xffffff8e][0xffffffed]J[0xc][0xfffffff9][0xffffffbc][0xffffff99][0xffffffa4]D[0xffffffc8][0xffffffae][0xffffff84][\r]$C[0xffffff89][0xffffff80]][0x9][0x9]g5%[0xffffff82]w%\y[0xffffffb2][0xffffff94][0xffffffc8][0xffffffdb][0xffffff95]p[0xffffffd5][0xffffffca]Q"eWB[0xffffff8b]w[0xffffff83][0x12][0xffffffa7][0xffffffa3][0xffffffc4]|5[0xffffff8a][0x12]'N[0xffffff89]3[0xffffff80][0x12][0xffffffa7][0xffffffe6][0xffffffbd]0[0xffffffe0]'F[0xffffff89]3[0xffffff89][0x12][0x1a]E[0xffffff86][0x12].[0xffffff90][0xc]%4[0xffffff96][0xfffffff5][0xffffff94]X[0xffffffc3]YM[0xffffff89]5[0xffffffa2]I[0xffffff94]0[0xffffffe5][0xffffffc9]R[0xffffffc2]v)K[0x9]S[0xffffffad][0x1c]%[0xffffffa4]i)JH[0xfffffff1]nP[0xffffffc2]MT[0xffffff9d][0xffffffbd]S[0x1f][0xffffff83][0xe]|[0xffffffa2]j[0x4]LT[\r][0xffffffb3][0xffffffa3]R[0x18]pl[0xffffffa2]j[0xffffffc8]R[\n]"
08:17:55.195 [TestNG-PoolService-2] DEBUG org.apache.hc.client5.http.wire -- http-outgoing-5 << "04[0xffffff94][0xffffff94]0\4)bh@[0x9]c[0xffffffac]1[0xffffffad]G[0xffffffc6][0x1a][0xffffffd6],e[0xffffff98]B[0xffffffa5][0xffffff99]a[0xfffffffb][0xffffff95]v[0xffffff86][0xffffffa9][[0x12][0x1a][0xffffffd2][0xffffffbe][0xffffff9c]4[0xffffffa4][0xffffff8c][0x7f][0xffffff87][0x1a][0xfffffff7][0xfffffff7]_[0x19]f[0xffffffd8][0xfffffffb]h[0xffffffcf]S[0xe][0xffffff8d][0xffffff9f][0xfffffff7]C1[0xffffffe3][0xffffff97];[0xffffffc0][0xffffff90][0xffffffb1][0xffffffdc]C11~[0xffffffb9]z10[0xfffffffe][0xfffffff7][0xffffffca]0/[0xffffffde]F[0xffffffb1][0x18][0x17][0xffffffff][0x11][0xffffffc8]bZ[0xffffffbc][0xffffff8d]e!,[0xffffffde][0xffffff84][0xffffffb3][0xffffff8c][0x15]o"[0x1a][0xffffff81][0xffffff8a][0xfffffff7][0xffffffe5][0x9][0xffffff91][0xffffffe2][0xffffffbf][0xffffffba][0x14][0x2][0xffffffc5][0xfffffffb]j[0x5]8[0xfffffff1][0xffffffae]i[0xffffffcb]1[0xfffffff1][0xffffffae]x7(q9J[0xffffffcc][0xffffffaf][0x19]-[0xffffff84][0x12][0x17]N[0xffffff89]+[0xffffff80][0x12][0xffffff97][0xffffffe6][0xffffffbd]0[0xffffffe0][0x17]F[0xffffff89]+[0xffffff89][0x12][0x1a]E[0xffffff86][0x12].[0xffffff90][0xc]%4[0xffffff96][0xfffffff5][0xffffff94]X[0xffffffc3]YM[0xffffff89]5[0xffffffa2]I[0xffffff94]0[0xffffffe5][0xffffffc9]R[0xffffffc2]v)K[0x9]S[0xffffffad][0x1c]%[0xffffffa4]i)JH[0xfffffff1]nQB[0xffffffdf][0xffffffda]d)[0xffffff81][0xffffffbd][0xffffffb4][0xfffffff9][0xffffffcb][0x1d][0xfffffff0][0xffffff94]@^[0xffffffd9][0xfffffffc][0xffffffe5][0xffffffea][0x14]%[0x12]^[0xffffffd8]|[0x1b]E[0xffffff8a][0x12][0xfffffff8][0xffffffeb][0xffffff9a]ocIP[0x2]zY[0xfffffff3]MD[0xffffffb3]([0xffffff91][0xfffffff2][0xffffffaa][0xffffffe6][0x7f]u)M[0xffffff89][0xffffff84][0x17]5[0xffffffdf]5-G[0xffffff89]?xM[0xfffffff3][0xffffffc7][0xffffffdf][0xffffffb8][0xffffffcd]S[0xffffff89]v[0xffffffbc][0xffffffea][0xffffffdf][0xffffffa4][0xfffffff8]y?0%[0xffffffee][0xffffff80][0xffffffa7][0x12][0xffffffb7][0xffffffd2][0xffffffb9]0[0xffffffe0]7[0xfffffff6]T[0xffffffe2]Nz*[0xffffffa1]Qd([0xffffffe1][0x2][0xffffffc9]PBcYO[0xffffff89]5[0xffffff9c][0xffffffd5][0xffffff94]X#[0xffffff9a]D[0x9]S[0xffffff9e],%l[0xffffff97][0xffffffb2][0xffffff94]0[0xffffffd5][0xffffffca]QB[0xffffff9a][0xffffff96][0xffffffa2][0xffffff84][0x14][0xffffffef][0x6]%[0x1e]G[0xffffff89]k`[0xffffffef]J<8%[0xffffff9e][0x0]J<[0xffffff9a][0xfffffff7][0xffffffc2][0xffffff80]?[0x18]%[0xffffff9e]$Jh[0x14][0x19]J[0xffffffb8]@2[0xffffff94][0xffffffd0]X[0xffffffd6]Sb[\r]g5%[0xffffffd6][0xffffff88]&Q[0xffffffc2][0xffffff94]'K[0x9][0xffffffdb][0xffffffa5],%L[0xffffffb5]r[0xffffff94][0xffffff90][0xffffffa6][0xffffffa5](![0xffffffc5][0xffffffbb]A[0xffffff89][0xffffffe9](1[0xffffff9f]IQb[0xffffffe2][0xffffff94][0xffffff98][0x1][0xffffff94][0xffffff98][0xffffff9a][0xfffffff7][0xffffffc2][0xffffff80]O[0xffffff8c][0x12]3[0xffffff89][0x12][0x1a]E[0xffffff86][0x12].[0xffffff90][0xc]%4[0xffffff96][0xfffffff5][0xffffff94]X[0xffffffc3]YM[0xffffff89]5[0xffffffa2]I[0xffffff94]0[0xffffffe5][0xffffffc9]R[0xffffffc2]v)K[0x9]S[0xffffffad][0x1c]%[0xffffffa4]i)JH[0xfffffff1][0xfffffffe]>%[0xffffff8e][0xffffff97][0xffffffa1]D[0x7f]='D[0xffffff89][0xffffffcf][0xfffffffb]a)[0xfffffff1]u[0x7]0%[0xfffffffe][0xffffffbd][0x7][0xffffff84][0x12]_WG([0xfffffff1][0xffffffcf][0xffffff95]#(a[0xffffffa2][0xffffff88]P[0xffffffc2][0x6][0x12][0xffffffa1][0xffffff84][0xffffff89]e9%$[0xffffff9c][0xffffffc5][0xffffff94][0xffffff90][0xffffff88][0x6]Q[0xffffffc2][0xffffff95]'J[0x9][0xffffffdf][0xffffffa5](%\[0xffffffb5]b[0xffffff94][0xffffffd0][0xffffffa6][0xffffff85]([0xffffffa1][0xffffffc5][0xffffffbb]A[0xffffff89][0xffffffc3]Q[0xffffffe2]8[0x7]E[0xffffff89][0x3][0xffffffa7][0xffffffc4][0x11]@[0xffffff89]C[0xfffffff3]^[0x18][0xfffffff0][0x3][0xffffffa3][0xffffffc4][0xffffff91]D[0x9][0xffffff8d]"C[0x9][0x17]H[0xffffff86][0x12][0x1a][0xffffffcb]zJ[0xffffffac][0xffffffe1][0xffffffac][0xffffffa6][0xffffffc4][0x1a][0xffffffd1]$J[0xffffff98][0xfffffff2]d)a[0xffffffbb][0xffffff94][0xffffffa5][0xffffff84][0xffffffa9]V[0xffffff8e][0x12][0xffffffd2][0xffffffb4][0x14]%[0xffffffa4]x7([0xffffffd1],%&[0xfffffff5][0x3][0xffffffc7][0xffffffe7][0xfffffffd][0xffffffc0][0xffffff94]h[0x1][0xffffff94]h[0xffffff9a][0xfffffff7][0xffffffc2][0xffffff80]7[0xffffff8c][0x12]-[0xffffff89][0x12][0x1a]E[0xffffff86][0x12].[0xffffff90][0xc]%4[0xffffff96][0xfffffff5][0xffffff94]X[0xffffffc3]YM[0xffffff89]5[0xffffffa2]I[0xffffff94]0[0xffffffe5][0xffffffc9]R[0xffffffc2]v)K[0x9]S[0xffffffad][0x1c]%[0xffffffa4]i)JH[0xfffffff1]nP[0xffffffa2];J[0xffffffb4]qQ[0xffffff94][0xffffffe8]8%z[0x0]%[0xffffffba][0xffffffe6][0xffffffbd]0[0xffffffe0][0x1d][0xffffffa3]DO[0xffffffa2][0xffffff84]F[0xffffff91][0xffffffa1][0xffffff84][0xb]$C[0x9][0xffffff8d]e=%[0xffffffd6]pVSb[0xffffff8d]h[0x12]%Ly[0xffffffb2][0xffffff94][0xffffffb0]][0xffffffca]R[0xffffffc2]T+G[0x9]iZ[0xffffff8a][0x12]R[0xffffffbc][0x1b][0xffffff94]pk[0xffffff97]}[0xffffffbc][0xffffffb0]w%[0xfffffff0][0xffffffb5][0xffffffcb]#`[0xffffffed][0xfffffff2]0[0xffffff93]l[0xffffff85][0x1][0xffffffc7][0xffffffd6].[0xf][0x19]]#)[0x11][0xffffffb2]vi[0x3][0xffffffc9]P"`[0xffffffed]R[0xffffffc2]YM[0xffffff89][0xffffffe0][0xffffffb5]KW[0xffffff9e],%[0xfffffff2][0xffffffd6].][0xffffffb5]r[0xffffff94]HY[0xffffffbb][0xffffffd4][0xffffffe2][0xffffffdd][0xffffffa0][0xffffffc4][0xffffffe9]([0xfffffff1][0xffffffdc][0x7]E[0xffffff89][0x13][0xffffffa7][0xffffffc4][0x19]@[0xffffff89]S[0xfffffff3]^[0x18][0xfffffff0][0x13][0xffffffa3][0xffffffc4][0xffffff99]D[0x9][0xffffff8d]"C[0x9][0x17]H[0xffffff86][0x12][0x1a][0xffffffcb]zJ[0xffffffac][0xffffffe1][0xffffffac][0xffffffa6][0xffffffc4][0x1a][0xffffffd1]$J[0xffffff98][0xfffffff2]d)a[0xffffffbb][0xffffff94][0xffffffa5][0xffffff84][0xffffffa9]V[0xffffff8e][0x12][0xffffffd2][0xffffffb4][0x14]%[0xffffffa4]x7([0xffffffe1][0xffffff86][0xffffffb3][0xffffffc7]kR[0x13]U[0x7]>[0xffffff9c]}[0x4][0xc]g[0x1f]f[0xffffffdd][0xffffffb5]0[0xffffffe0][0xffffffd8]p[0xfffffff6]![0xfffffffb][0xffffffad]$%B[0xffffff86][0xffffffb3]m [0x19]J[0x4][0xc]gK8[0xffffffab])[0x11]<[0xffffff9c][0xffffffed][0xffffffca][0xffffff93][0xffffffa5]D[0xffffffde]p[0xffffffb6][0xffffffab]V[0xffffff8e][0x12])[0xffffffc3][0xffffffd9]Z[0xffffffbc][0x1b][0xffffff94][0xffffffb8][0x1d]%[0xffffffc6][0xffffffc4][0xffffff9e]J[0xffffffdc]8%[0xffffffee][0x0]J[0xffffffdc][0xffffff9a][0xfffffff7][0xffffffc2][0xffffff80][0xffffffdf][0x18]%[0xffffffee]$Jh[0x14][0x19]J[0xffffffb8]@2[0xffffff94][0xffffffd0]X[0xffffffd6]Sb[\r]g5%[0xffffffd6][0xffffff88]&Q[0xffffffc2][0xffffff94]'K[0x9][0xffffffdb][0xffffffa5],%L[0xffffffb5]r[0xffffff94][0xffffff90][0xffffffa6][0xffffffa5](![0xffffffc5][0xffffffbb]E[0xffffff89][0x16]F[0x9][0xfffffff8][0xc][0xffffff8e][0xffffffaf];[0xffffffe0])[0x1][0xffffff9e][0xffffffc1][0xfffffff1]uu[0xffffff8a][0x12]9gp[0xffffff98](R[0xffffff94][0x8]9[0xffffff83][0xffffffc3][0xffffffc4][0xffffff92][0xffffffa0][0x4]z[0x6][0xffffff87]D4[0xffffff8b][0x12]Ygp[0xfffffff8].[0xffffffa5])[0xffffff91]s[0x6][0xffffff87]6-G[0xffffff89]?>[0xffffff83][0xffffffe3]p[0xffffffc3][0xffffffd9][0xffffffe3][0xffffffba][0xffffffa9][0xffffffe3][0xffffffbc][0xe]|8[0xfffffffb][0x8][0x18][0xffffffce]>[0xffffffcc][0xffffffba]ka[0xffffffc0][0xffffffb1][0xffffffe1][0xffffffec]C[0xfffffff6][IJ[0xffffff84][0xc]g[0xffffffdb]@2[0xffffff94][0x8][0x18][0xffffffce][0xffffff96]pVS"x8[0xffffffdb][0xffffff95]'K[0xffffff89][0xffffffbc][0xffffffe1]lW[0xffffffad][0x1c]%R[0xffffff86][0xffffffb3][0xffffffb5]x[0xffffffb7](a[0xffffff9e]J[0xffffffa0][0xffffff94][0xffffffa0][0xffffff9f]J<[0x1]O%[0x1e][0xffffffa5]si[0xffffffc0][0xffffffa9][0xffffffa7][0x12]O[0xffffffd2]S[0x9][0xffffff8d]"E[0xffffff89][0xffffff94][0xffffffa7][0x12][0x1a]K[0xffffff82][0x12][0xffffffec]S[0xffffff89]5[0xffffffa2]Y[0xffffff94][0x8]{*a[0xffffffbb][0xffffff94][0xffffffa6]D[0xffffffd0]S[0x9]iZ[0xffffff8e][0x12][0x7f][0xfffffffe]T[0xffffffc2][0xffffff9d][0xffffffc1]q[0xffffffbe]N[0xffffffea]8[0xffffffaf][0x3]?[0xffffff83][0xffffffe3][0x8]8[0xffffff83][0xffffffe3]0C[0xfffffff1][0xffffff85][0x1][0xffffffc7][0xffffffce][0xffffffe0]8d[\n]"
08:17:55.196 [TestNG-PoolService-3] DEBUG org.apache.hc.client5.http.wire -- http-outgoing-4 << "I[0xffffff89][0xffffff90][0xffffff89]*[0x1b]H[0xffffff86][0x12][0x1][0x13]U[0x12][0xffffffce]jJ[0x4]OT[0xffffffb9][0xfffffff2]d)[0xffffff91]7Q[0xffffffe5][0xffffffaa][0xffffff95][0xffffffa3]D[0xffffffca]D[0xffffff95][0x16][0xffffffef][0x6]%[0xffffffdc]D[0xffffffd5]yb[0xffffff87][0xffffff8c][0xf]|[0xffffffa2]j[0x4]LT[\r][0xffffffb3][0xffffffa3]R[0x18]pl[0xffffffa2]j[0xffffffc8]R[\n]"
08:17:55.196 [TestNG-PoolService-3] DEBUG org.apache.hc.client5.http.wire -- http-outgoing-4 << "I[0xffffff89][0xffffff90][0xffffff89]*[0x1b]H[0xffffff86][0x12][0x1][0x13]U[0x12][0xffffffce]jJ[0x4]OT[0xffffffb9][0xfffffff2]d)[0xffffff91]7Q[0xffffffe5][0xffffffaa][0xffffff95][0xffffffa3]D[0xffffffca]D[0xffffff95][0x16][0xffffffef][0x6]%[0xffffffdc]D[0xffffffd5]9O[0xffffffea][0xc][0xffffff8e][0xffffff81]OT[0xffffff8d][0xffffff80][0xffffff89][0xffffffaa]avT[\n]"
08:17:55.196 [TestNG-PoolService-3] DEBUG org.apache.hc.client5.http.wire -- http-outgoing-4 << "[0x3][0xffffff8e]MT[\r]YJ!)[0x11]2Qe[0x3][0xffffffc9]P"`[0xffffffa2]J[0xffffffc2]YM[0xffffff89][0xffffffe0][0xffffff89]*W[0xffffff9e],%[0xfffffff2]&[0xffffffaa]\[0xffffffb5]r[0xffffff94]H[0xffffff99][0xffffffa8][0xffffffd2][0xffffffe2][0xffffffdd][0xffffffa0][0xffffffc4]4[0xffffff94][0xffffffb8][0xffffff8e][0xffffff8e]}[0xc]:qJ[0xffffffcc][0x0]JL[0xffffffcd]{a[0xffffffc0]'F[0xffffff89][0xffffff99]D[0x9][0xffffff8d]"C[0x9][0x17]H[0xffffff86][0x12][0x1a][0xffffffcb]zJ[0xffffffac][0xffffffe1][0xffffffac][0xffffffa6][0xffffffc4][0x1a][0xffffffd1]$J[0xffffff98][0xfffffff2]d)a[0xffffffbb][0xffffff94][0xffffffa5][0xffffff84][0xffffffa9]V[0xffffff8e][0x12][0xffffffd2][0xffffffb4][0x14]%[0xffffffa4]x[0x7f][0xffffff9f][0x12][0xffffffe7][0xffffffcb]Q[0xffffffa2][0x1f][0xffffffd4][0xffffffc7][0xffffffa0][0xffffff9f][0xfffffff7][0xffffffc3]R[0xffffffe2][0xffffffeb][0xe]`J[0xfffffffc]{[0xf][0x8]%[0xffffffbe][0xffffffae][0xffffff8e]P[0xffffffe2][0xffffff9f]+GP[0xffffffc2]D[0x11][0xffffffa1][0xffffff84][\r]$B[0x9][0x13][0xffffffcb]rJH8[0xffffff8b])![0x11][\r][0xffffffa2][0xffffff84]+O[0xffffff94][0x12][0xffffffbe]KQJ[0xffffffb8]j[0xffffffc5]([0xffffffa1]M[0xb]QB[0xffffff8b]w[0xffffff83][0x12]n[0xffffffed][0xfffffff2][0x1a]7[0xfffffff5]T[0xffffffe2][0xffffffc4][0xffffffd7].[0xffffffcf][0xffffff80][0xffffffb5][0xffffffcb][0xffffffd3]L[0xffffffb2][0x15][0x6][0x1c][[0xffffffbb]<et[0xffffff8d][0xffffffa4]D[0xffffffc8][0xffffffda][0xffffffa5][\r]$C[0xffffff89][0xffffff80][0xffffffb5]K[0x9]g5%[0xffffff82][0xffffffd7].]y[0xffffffb2][0xffffff94][0xffffffc8][[0xffffffbb]t[0xffffffd5][0xffffffca]Q"e[0xffffffed]R[0xffffff8b]w[0xffffff83][0x12]n[0xffffffed][0xfffffff2]z[0x6][0xffffffb5]+q[0xffffffe2]k[0xffffff97]g[0xffffffc0][0xffffffda][0xffffffe5]i&[0xffffffd9][\n]"
08:17:55.197 [TestNG-PoolService-3] DEBUG org.apache.hc.client5.http.wire -- http-outgoing-4 << "[0x3][0xffffff8e][0xffffffad]][0xffffff9e]2[0xffffffba]FR"d[0xffffffed][0xffffffd2][0x6][0xffffff92][0xffffffa1]D[0xffffffc0][0xffffffda][0xffffffa5][0xffffff84][0xffffffb3][0xffffff9a][0x12][0xffffffc1]k[0xffffff97][0xffffffae]<YJ[0xffffffe4][0xffffffad]][0xffffffba]j[0xffffffe5]([0xffffff91][0xffffffb2]v[0xffffffa9][0xffffffc5][0xffffffbb]A[0x9][0xffffffb7]vy[0xffffffcd][0x17][0xfffffff6][0x3][0x7][0xffffffbe]vy[0x6][0xffffffac]][0xffffff9e]f[0xffffff92][0xffffffad]0[0xffffffe0][0xffffffd8][0xffffffda][0xffffffe5])[0xffffffa3]k$%B[0xffffffd6].m [0x19]J[0x4][0xffffffac]]J8[0xffffffab])[0x11][0xffffffbc]v[0xffffffe9][0xffffffca][0xffffff93][0xffffffa5]D[0xffffffde][0xffffffda][0xffffffa5][0xffffffab]V[0xffffff8e][0x12])k[0xffffff97]Z[0xffffffbc][0x1b][0xffffff94]pk[0xffffff97][0xffffffd7][0xffffffe4]~[0xffffffe0][0xffffffc0][0xffffffd7].[0xffffffcf][0xffffff80][0xffffffb5][0xffffffcb][0xffffffd3]L[0xffffffb2][0x15][0x6][0x1c][[0xffffffbb]<et[0xffffff8d][0xffffffa4]D[0xffffffc8][0xffffffda][0xffffffa5][\r]$C[0xffffff89][0xffffff80][0xffffffb5]K[0x9]g5%[0xffffff82][0xffffffd7].]y[0xffffffb2][0xffffff94][0xffffffc8][[0xffffffbb]t[0xffffffd5][0xffffffca]Q"e[0xffffffed]R[0xffffff8b]w[0xffffff83][0x12]n[0xffffffed][0xfffffff2]~[0x1d][0xffffffd4]D[0xffffffd5][0xffffff89][0xffffffaf]][0xffffff9e][0x1]k[0xffffff97][0xffffffa7][0xffffff99]d+[0xc]8[0xffffffb6]vy[0xffffffca][0xffffffe8][0x1a]I[0xffffff89][0xffffff90][0xffffffb5]K[0x1b]H[0xffffff86][0x12][0x1]k[0xffffff97][0x12][0xffffffce]jJ[0x4][0xffffffaf]][0xffffffba][0xfffffff2]d)[0xffffff91][0xffffffb7]v[0xffffffe9][0xffffffaa][0xffffff95][0xffffffa3]D[0xffffffca][0xffffffda][0xffffffa5][0x16][0xffffffef][0x6]%[0xffffffdc][0xffffffda][0xffffffe5][0xfffffffd][0xffffffba][0xffffffb1][0x1f]8[0xfffffff0][0xffffffb5][0xffffffcb]3`[0xffffffed][0xfffffff2]4[0xffffff93]l[0xffffff85][0x1][0xffffffc7][0xffffffd6].O[0x19]]#)[0x11][0xffffffb2]vi[0x3][0xffffffc9]P"`[0xffffffed]R[0xffffffc2]YM[0xffffff89][0xffffffe0][0xffffffb5]KW[0xffffff9e],%[0xfffffff2][0xffffffd6].][0xffffffb5]r[0xffffff94]HY[0xffffffbb][0xffffffd4][0xffffffe2][0xffffffdd][0xffffffa0][0xffffff84][[0xffffffbb][0xffffffbc][0xffffffdb][0xffffffc0]~[0xffffffe0][0xffffffc0][0xffffffd7].[0xffffffcf][0xffffff80][0xffffffb5][0xffffffcb][0xffffffd3]L[0xffffffb2][0x15][0x6][0x1c][[0xffffffbb]<et[0xffffff8d][0xffffffa4]D[0xffffffc8][0xffffffda][0xffffffa5][\r]$C[0xffffff89][0xffffff80][0xffffffb5]K[0x9]g5%[0xffffff82][0xffffffd7].]y[0xffffffb2][0xffffff94][0xffffffc8][[0xffffffbb]t[0xffffffd5][0xffffffca]Q"e[0xffffffed]R[0xffffff8b]w[0xffffff83][0x12]n[0xffffffed][0xfffffff2][0xffffffbe][0xffffffb0][0xffffffb5][0xffffffcb][0x13]_[0xffffffbb]<[0x3][0xffffffd6].O3[0xffffffc9]V[0x18]pl[0xffffffed][0xfffffff2][0xffffff94][0xffffffd1]5[0xffffff92][0x12]!k[0xffffff97]6[0xffffff90][0xc]%[0x2][0xffffffd6].%[0xffffff9c][0xffffffd5][0xffffff94][0x8]^[0xffffffbb]t[0xffffffe5][0xffffffc9]R"o[0xffffffed][0xffffffd2]U+G[0xffffff89][0xffffff94][0xffffffb5]K-[0xffffffde]-J[0xffffffb4]0J4[0xffffff9c][0x12]-[0xffffff80][0x12][\r][0xffffffa5]D[0xffffffc3]([0xffffffd1][0xffffff92]([0xffffffb1]F[0xffffff91][0xffffffa2][0xffffff84][0x6][0xffffff92][0xffffffa2][0xffffffc4][0x1a]K[0xffffff82][0x12][\r][0xffffffa6]D[0xb][0xffffffa6][0xffffff84][0xffffff94]'M[0x9][0xffffffd3][0xffffffa5]4%[0xffffffa4]ZIJ[0xffffffb4][0x14]J[0xffffffb4][0xffffffbf]@[0xffffff89]3[0xffffff8c][0x12]'N[0xffffff89]3[0xffffff80][0x12]'J[0xffffff89][0x13][0xffffffa3][0xffffffc4][0xffffff99]D[0xffffff89]5[0xffffff8a][0x14]%4[0xffffff90][0x14]%[0xffffffd6]X[0x12][0xffffff94]8aJ[0xffffff9c][0xffffffc1][0xffffff94][0xffffff90][0xfffffff2][0xffffffa4])a[0xffffffba][0xffffff94][0xffffffa6][0xffffff84]T+I[0xffffff89]3[0xffffff85][0x12][0xffffffe7]_[0xffffffa0][0xffffffc4][0x15]F[0xffffff89][0xb][0xffffffa7][0xffffffc4][0x15]@[0xffffff89][0xb][0xffffffa5][0xffffffc4][0xffffff85]Q[0xffffffe2]J[0xffffffa2][0xffffffc4][0x1a]E[0xffffff8a][0x12][0x1a]H[0xffffff8a][0x12]k,[0x9]J\0%[0xffffffae]`JHy[0xffffffd2][0xffffff94]0]JSB[0xffffffaa][0xffffff95][0xffffffa4][0xffffffc4][0xffffff95]B[0xffffff89][0xffffffeb]/P[0xffffffa2][0x1f]a[0xffffff96][0xffffffe8][0x7][0xffffff8e][0xffffff89][0xffffff8f][[0xffffffe0]5[0xfffffff1][0xffffffe3]&(N|\[0xffffff9e][0xfffffff2][0xffffffc4][0xfffffff7][0xffffffa5]S@!y[0xffffffa4]DaRI[0xffffff91]B[0xffffffb2]I[0xffffff98]bIh=*[0xffffff96][0xffffff9c]f[0xffffffa9]Bk[0xffffff94]f[0xffffff85]kU[0xffffffda][0x15]Z[0xffffffb2]$,[0xffffffd6][0xffffffce][0xffffffe5]d[0xffffffb1]V[0xfffffff0][0x16]-F[0xffffffda][0xffffffcb][0x13][0xffffff83][0x7f]{b$[0xffffffbc]>1[0xffffffd8][0xfffffff7]'[0x6][0xfffffff7][0x2][0xffffffc5][0xffffff88]z[0xffffff83]B[0xfffffff2]H[0xffffffd1][0xffffffc2][0xffffffa4][0xffffff92][0xffffffa2][0xffffff85]d[0xffffff93][0xffffffa0][0xffffffc5][0xffffffa0][0xffffffdf][0xffffffa2][0x18][0xffffffc9][0xffffffaf]Qh[0xffffff8d][0xffffffd2][0xffffffb4]p[0xffffffad]J[0xffffffd3]BK[0xffffff96][0xffffffa4][0xffffffc5][0xffffffda][0xffffffb9][0x1c]-[0xffffffd6][\n]"
08:17:55.197 [TestNG-PoolService-1] DEBUG org.apache.hc.client5.http.wire -- http-outgoing-3 << "p[0xffffffe2]][0xffffffd3][0xffffff96]c[0xffffffe2]][0xfffffff1]nP[0xffffffa2];J[0xffffffdc]_[0xffffffef]_ [0xffffff94][0xffffffe8]8%z[0x0]%[0xffffffba][0xffffffe6][0xffffffbd]0[0xffffffe0][0x1d][0xffffffa3]DO[0xffffffa2][0xffffff84]F[0xffffff91][0xffffffa1][0xffffff84][0xb]$C[0x9][0xffffff8d]e=%[0xffffffd6]pVSb[0xffffff8d]h[0x12]%Ly[0xffffffb2][0xffffff94][0xffffffb0]][0xffffffca]R[0xffffffc2]T+G[0x9]iZ[0xffffff8a][0x12]R[0xffffffbc][0x1b][0xffffff94]8[\r]%[0xffffffc6]8[0x1a]E[0xffffff89][0x13][0xffffffa7][0xffffffc4][0x19]@[0xffffff89]S[0xfffffff3]^[0x18][0xfffffff0][0x13][0xffffffa3][0xffffffc4][0xffffff99]D[0x9][0xffffff8d]"C[0x9][0x17]H[0xffffff86][0x12][0x1a][0xffffffcb]zJ[0xffffffac][0xffffffe1][0xffffffac][0xffffffa6][0xffffffc4][0x1a][0xffffffd1]$J[0xffffff98][0xfffffff2]d)a[0xffffffbb][0xffffff94][0xffffffa5][0xffffff84][0xffffffa9]V[0xffffff8e][0x12][0xffffffd2][0xffffffb4][0x14]%[0xffffffa4]x7(q9J[0xffffffdc][0xffffffe7][0xffffffa0](q[0xffffffe1][0xffffff94][0xffffffb8][0x2](qi[0xffffffde][0xb][0x3]~a[0xffffff94][0xffffffb8][0xffffff92]([0xffffffa1]Qd([0xffffffe1][0x2][0xffffffc9]PBcYO[0xffffff89]5[0xffffff9c][0xffffffd5][0xffffff94]X#[0xffffff9a]D[0x9]S[0xffffff9e],%l[0xffffff97][0xffffffb2][0xffffff94]0[0xffffffd5][0xffffffca]QB[0xffffff9a][0xffffff96][0xffffffa2][0xffffff84][0x14][0xffffffef][0x6]%nG[0xffffff89]yt[0xffffff8a][0x12]7N[0xffffff89];[0xffffff80][0x12][0xffffffb7][0xffffffe6][0xffffffbd]0[0xffffffe0]7F[0xffffff89];[0xffffff89][0x12][0x1a]E[0xffffff86][0x12].[0xffffff90][0xc]%4[0xffffff96][0xfffffff5][0xffffff94]X[0xffffffc3]YM[0xffffff89]5[0xffffffa2]I[0xffffff94]0[0xffffffe5][0xffffffc9]R[0xffffffc2]v)K[0x9]S[0xffffffad][0x1c]%[0xffffffa4]i)JH[0xfffffff1]nP[0xffffffe2]1[0xffffff94]8[0xffffffdb]|Q[0xffffff94]xpJ<[0x1][0xffffff94]x4[0xffffffef][0xffffff85][0x1][0x7f]0J<I[0xffffff94][0xffffffd0](2[0xffffff94]p[0xffffff81]d([0xffffffa1][0xffffffb1][0xffffffac][0xffffffa7][0xffffffc4][0x1a][0xffffffce]jJ[0xffffffac][0x11]M[0xffffffa2][0xffffff84])O[0xffffff96][0x12][0xffffffb6]KYJ[0xffffff98]j[0xffffffe5](!MKQB[0xffffff8a][0xfffffff7][0xfffffff7])q[0xffffffb9][0xffffffd7].[0xffffffcf][0xffffffeb][0xffffffa4][0xffffffde][0xffffff95][0xffffffb8][0xfffffff0][0xffffffd7].[0xffffffaf][0xffffff80][0xffffffd7]./[0xfffffff3]nP][0xffffffc0]/[0xffffffec][0xffffffb5][0xffffffcb]K[0xffffffde][0xfffffffe][0x1])a[0xffffffa2][0xffffff88]P[0xffffffc2][0x6][0x12][0xffffffa1][0xffffff84][0xffffff89]e9%$[0xffffff9c][0xffffffc5][0xffffff94][0xffffff90][0xffffff88][0x6]Q[0xffffffc2][0xffffff95]'J[0x9][0xffffffdf][0xffffffa5](%\[0xffffffb5]b[0xffffff94][0xffffffd0][0xffffffa6][0xffffff85]([0xffffffa1][0xffffffc5][0xffffffbb]A[0xffffff89]a(q[0xffffffbd]^[0x17]E[0xffffff89][0xffffff81]Sb[0x4]Pbh[0xffffffde][0xb][0x3]>0J[0xffffff8c]$Jh[0x14][0x19]J[0xffffffb8]@2[0xffffff94][0xffffffd0]X[0xffffffd6]Sb[\r]g5%[0xffffffd6][0xffffff88]&Q[0xffffffc2][0xffffff94]'K[0x9][0xffffffdb][0xffffffa5],%L[0xffffffb5]r[0xffffff94][0xffffff90][0xffffffa6][0xffffffa5](![0xffffffc5][0xffffffbb]A[0x9][0xfffffff7][0x5][0xffffffc7][0xffffffd5]F[0xfffffffd][0xffffff80][0xffffffd5][0xffffffcf][0xfffffffb][0xffffff81])[0x11][0xfffffff0][0x5][0xffffffc7]e^3.[0xc]8[0xfffffff6][0x5][0xffffffc7]%/[0x12][0xffffff93][0xffffff94][0x8][0xfffffff9][0xffffff82][0xffffffc3][0x6][0xffffff92][0xffffffa1]D[0xffffffc0][0x17][0x1c][0x12][0xffffffce]jJ[0x4][0x7f][0xffffffc1][0xffffffe1][0xffffffca][0xffffff93][0xffffffa5]D[0xffffffde][0x17][0x1c][0xffffffae]Z9J[0xffffffa4]|[0xffffffc1][0xffffffa1][0xffffffc5][0xffffffbb]A[0x9][0xfffffff7][0x5][0xffffffc7]u[0xffffffdd][0xf]E[0x9][0xfffffffc][0xb][0xffffff8e]+[0xffffffe0][0xb][0xffffff8e][0xffffffcb][0xffffffbc]f\[0x18]p[0xffffffec][0xb][0xffffff8e]K^$&)[0x11][0xfffffff2][0x5][0xffffff87][\r]$C[0xffffff89][0xffffff80]/8$[0xffffff9c][0xffffffd5][0xffffff94][0x8][0xfffffffe][0xffffff82][0xffffffc3][0xffffff95]'K[0xffffff89][0xffffffbc]/8\[0xffffffb5]r[0xffffff94]H[0xfffffff9][0xffffff82]C[0xffffff8b]w[0xffffff8b][0x12]-[0xffffff8c][0x12][\r][0xffffffa7]D[0xb][0xffffffa0]DC)[0xffffffd1]0J[0xffffffb4]$J[0xffffffac]Q[0xffffffa4]([0xffffffa1][0xffffff81][0xffffffa4]([0xffffffb1][0xffffffc6][0xffffff92][0xffffffa0]D[0xffffff83])[0xffffffd1][0xffffff82])![0xffffffe5]IS[0xffffffc2]t)M[0x9][0xffffffa9]V[0xffffff92][0x12]-[0xffffff85][0x12][0xffffffed][0xffffff8f])[0xffffffe1]>[0x6][0xffffffbd][0xffffffe6]A[0xffffffad]]^[0xfffffff8][0xffffffc7][0xffffffa0]W[0xffffffc0][0xffffffc7][0xffffffa0][0xffffff97][0xfffffff9]b[0xffffffa9]0[0xffffffe0][0xffffffd8][0xffffffc7][0xffffffa0][0xffffff97]|[0xffffff93]DR"[0xffffffe4]cP[0x1b]H[0xffffff86][0x12][0x1][0x1f][0xffffff83]J8[0xffffffab])[0x11][0xfffffffc]1[0xffffffa8]+O[0xffffff96][0x12]y[0x1f][0xffffff83][0xffffffba]j[0xffffffe5]([0xffffff91][0xfffffff2]1[0xffffffa8][0x16][0xffffffef][0x6]%[0x1e]C[0xffffff89][0xffffffbb][0x1f][0xffffffd8]S[0xffffff89][0x7][0xffffffa7][0xffffffc4][0x13]@[0xffffff89]G[0xfffffff3]^[0x18][0xfffffff0][0x7][0xffffffa3][0xffffffc4][0xffffff93]D[0x9][0xffffff8d]"C[0x9][0x17]H[0xffffff86][0x12][0x1a][0xffffffcb]zJ[0xffffffac][0xffffffe1][0xffffffac][0xffffffa6][0xffffffc4][0x1a][0xffffffd1]$J[0xffffff98][0xfffffff2]d)a[0xffffffbb][0xffffff94][0xffffffa5][0xffffff84][0xffffffa9]V[0xffffff8e][0x12][0xffffffd2][0xffffffb4][0x14]%[0xffffffa4]x7(1[0x1d]%[0xffffffc6][0xffffff89]=[0xffffff95][0xffffff98]8%f[0x0]%[0xffffffa6][0xffffffe6][0xffffffbd]0[0xffffffe0][0x13][0xffffffa3][0xffffffc4]L[0xffffffa2][0xffffff84]F[0xffffff91][0xffffffa1][0xffffff84][0xb]$C[0x9][0xffffff8d]e=%[0xffffffd6]pVSb[0xffffff8d]h[0x12]%Ly[0xffffffb2][0xffffff94][0xffffffb0]][0xffffffca]R[0xffffffc2]T+G[0x9]iZ[0xffffff8a][0x12]R[0xffffffbc][0xffffffbf]O[0xffffff89][0xfffffffb][0xffffffe5](1[0xffffffdb][\r]Q[0xffffffe2][0xfffffff3]~XJ|[0xffffffdd][0x1]L[0xffffff89][0x7f][0xffffffef][0x1][0xffffffa1][0xffffffc4][0xffffffd7][0xffffffd5][0x11]J[0xfffffffc]s[0xffffffe5][0x8]J[0xffffff98]("[0xffffff94][0xffffffb0][0xffffff81]D(abYN[0x9][0x9]g1%$[0xffffffa2]A[0xffffff94]p[0xffffffe5][0xffffff89]R[0xffffffc2]w)J[0x9]W[0xffffffad][0x18]%[0xffffffb4]i!Jh[0xfffffff1]nP[0xffffffe2]0[0xffffff94]x^[0xfffffff7][0xffffffa0](q[0xffffffe0][0xffffff94]8[0x2](qh[0xffffffde][0xb][0x3]~`[0xffffff94]8[0xffffff92]([0xffffffa1]Qd([0xffffffe1][0x2][0xffffffc9]PBcYO[0xffffff89]5[0xffffff9c][0xffffffd5][0xffffff94]X#[0xffffff9a]D[0x9]S[0xffffff9e],%l[0xffffff97][0xffffffb2][0xffffff94]0[0xffffffd5][0xffffffca]QB[0xffffff9a][0xffffff96][0xffffffa2][0xffffff84][0x14][0xffffffef][0x6]%[0xffffff9a][0xffffffa3][0xffffffc4][0xffffffc0][0xffffffde][0xffffff95][0xfffffff8][0xffffffbc][0x1f][0xffffff98][0x12][0xffffffcd][0xffffffc5][0xffffffbf]8[0xffffffef]M[0xfffffff3]^[0x18][0xfffffff0][0xffffff86]Q[0xffffffa2]%QB[0xffffffa3][0xffffffc8]P[0xffffffc2][0x5][0xffffff92][0xffffffa1][0xffffff84][0xffffffc6][0xffffffb2][0xffffff9e][0x12]k8[0xffffffab])[0xffffffb1]F4[0xffffff89][0x12][0xffffffa6]<YJ[0xffffffd8].e)a[0xffffffaa][0xffffff95][0xffffffa3][0xffffff84]4-E[0x9])[0xffffffde][\r]J[0xffffffb8][0xffffffe1][0xffffffec][0xffffffe7][0xffffffc4]N[0x6][0xffffffbd][0xfffffff1][0xffffffe1][0xffffffec];`8[0xfffffffb]6[0xffffffeb][0xffffffae][0xffffff85][0x1][0xffffffc7][0xffffff86][0xffffffb3]o[0xffffffd9]o%)[0x11]2[0xffffff9c]m[0x3][0xffffffc9]P"`8[[0xffffffc2]YM[0xffffff89][0xffffffe0][0xffffffe1]lW[0xffffff9e],%[0xfffffff2][0xffffff86][0xffffffb3]][0xffffffb5]r[0xffffff94]H[0x19][0xffffffce][0xffffffd6][0xffffffe2][0xffffffdd][0xffffffa0][0xffffff84][0x1b][0xffffffce]~[0xffffffce]I[0xffffffad]][0xffffffde][0xfffffff8]p[0xfffffff6][0x1d]0[0xffffff9c]}[0xffffff9b]u[0xffffffd7][0xffffffc2][0xffffff80]c[0xffffffc3][0xffffffd9][0xffffffb7][0xffffffec][0xffffffb7][0xffffff92][0xffffff94][0x8][0x19][0xffffffce][0xffffffb6][0xffffff81]d([0x11]0[0xffffff9c]-[0xffffffe1][0xffffffac][0xffffffa6]D[0xfffffff0]p[0xffffffb6]+O[0xffffff96][0x12]y[0xffffffc3][0xffffffd9][0xffffffae]Z9J[0xffffffa4][0xc]gk[0xfffffff1]nP[0xffffffc2][\r]g?[0xffffffd7][0xffffffa0]N[0x6][0xffffffbd][0xfffffff1][0xffffffe1][0xffffffec];`8[0xfffffffb]6[0xffffffeb][0xffffffae][0xffffff85][0x1][0xffffffc7][0xffffff86][0xffffffb3]o[0xffffffd9]o%)[0x11]2[0xffffff9c]m[0x3][0xffffffc9]P"`8[[0xffffffc2]YM[0xffffff89][0xffffffe0][0xffffffe1]lW[0xffffff9e],%[0xfffffff2][0xffffff86][0xffffffb3]][0xffffffb5]r[0xffffff94]H[0x19][0xffffffce][0xffffffd6][0xffffffe2][0xffffffdd][0xffffffa0][0xffffff84][0x1b][0xffffffce]~[0xffffffee][0xfffffff3][0xffffffa4]([0xffffff81][0xf]g[0xffffffdf][0x1][0xffffffc3][0xffffffd9][0xffffffb7]Yw-[0xc]86[0xffffff9c]}[0xffffffcb]~+I[0xffffff89][0xffffff90][0xffffffe1]l[0x1b]H[0xffffff86][0x12][0x1][0xffffffc3][0xffffffd9][0x12][0xffffffce]jJ[0x4][0xf]g[0xffffffbb][0xfffffff2]d)[0xffffff91]7[0xffffff9c][0xffffffed][0xffffffaa][0xffffff95][0xffffffa3]D[0xffffffca]p[0xffffffb6][0x16][0xffffffef][0x6]%[0xffffffdc][0xffffffda][0xffffffe5]3/[0xffffff8c][0x12][0xfffffff8][0xffffffda][0xffffffe5][0x1d][0xffffffb0]vy[0xffffff9b]I[0xffffffb6][0xffffffc2][0xffffff80]ck[0xffffff97][0xffffffb7][0xffffff8c][0xffffffae][0xffffff91][0xffffff94][0x8]Y[0xffffffbb][0xffffffb4][0xffffff81]d([0x11][0xffffffb0]v)[0xffffffe1][0xffffffac][0xffffffa6]D[0xfffffff0][0xffffffda][0xffffffa5]+O[0xffffff96][0x12]yk[0xffffff97][0xffffffae]Z9J[0xffffffa4][0xffffffac]]j[0xfffffff1]nP[0xffffffe2]1[0xffffff94][0xffffff98][0xffffffe7][0xffffffd9](J<8%[0xffffff9e][0x0]J<[0xffffff9a][0xfffffff7][0xffffffc2][0xffffff80]?[0x18]%[0xffffff9e]$Jh[0x14][0x19]J[0xffffffb8]@2[0xffffff94][0xffffffd0]X[0xffffffd6]Sb[\r]g5%[0xffffffd6][0xffffff88]&Q[0xffffffc2][0xffffff94]'K[0x9][0xffffffdb][0xffffffa5],%L[0xffffffb5]r[0xffffff94][0xffffff90][0xffffffa6][0xffffffa5](![0xffffffc5][0xffffffbb]A[0x9][0xffffffb7]v9[0xffffffe7][0xffffffc0]&[0xffffffaa][0xfffffff0][0xffffffb5][0xffffffcb];`[0xffffffed][0xfffffff2]6[0xffffff93]l[0xffffff85][0x1][0xffffffc7][0xffffffd6].o[0x19]]#)[0x11][0xffffffb2]vi[0x3][0xffffffc9]P"`[0xffffffed]R[0xffffffc2]YM[0xffffff89][0xffffffe0][0xffffffb5]KW[0xffffff9e],%[0xfffffff2][0xffffffd6].][0xffffffb5]r[0xffffff94]HY[0xffffffbb][0xffffffd4][0xffffffe2][0xfffffffd]}J<f[0xffffffed][0xfffffff2]z[0xffffff8d][0x17]E[0xffffff89][0x7]_[0xffffffbb]|[0x2][0xffffffd6].[0x1f]3[0xffffffc9]V[0x17][0xfffffff0][0x7][[0xffffffbb]|dt[\r][0xffffffa4][0xffffff84][0xffffff89]"B[0x9][0x1b]H[0xffffff84][0x12]&[0xffffff96][0xffffffe5][0xffffff94][0xffffff90]p[0x16]SB"[0x1a]D[0x9]W[0xffffff9e](%|[0xffffff97][0xffffffa2][0xffffff94]p[0xffffffd5][0xffffff8a]QB[0xffffff9b][0x16][0xffffffa2][0xffffff84][0x16][0xffffffef][0x16]%Z[0x18]%[0xffffffe0]C[0xffffffc6][0xffffffbf][0xffffffee][0xffffff80][0xffffffa7][0x4]x[0xffffffc8][0xfffffff8][0xffffffd7][0xffffffd5])J[0xffffffe4][0x1c]2n[0xffffffa2]HQ"[0xffffffe4][0xffffff90]q[0x13]K[0xffffff82][0x12][0xffffffe8]![0xffffffe3][0x12][0xffffffd1],Jd[0x1d]2[0xffffffee][0xffffffbb][0xffffff94][0xffffffa6]D[0xffffffce]![0xffffffe3][0xffffffda][0xffffffb4][0x1c]%[0xfffffffe][0xfffffff8][0xffffff90][0xfffffff1][0xffffffc7][0xc]g_[0xffffffaf][0xffffffeb][0xffffffa2][0xffffff8e][0xfffffff3]z[0xfffffff0][0xffffffe1][0xffffffec]'`8[0xfffffffb]1[0xffffffeb][0xffffffae][0xffffff85][0x1][0xffffffc7][0xffffff86][0xffffffb3][0x1f][0xffffffd9]o%)[0x11]2[0xffffff9c]m[0x3][0xffffffc9]P"`8[[0xffffffc2]YM[0xffffff89][0xffffffe0][0xffffffe1]lW[0xffffff9e],%[0xfffffff2][0xffffff86][0xffffffb3]][0xffffffb5]r[0xffffff94]H[0x19][0xffffffce][0xffffffd6][0xffffffe2][0xffffffdd][0xffffffa0][0xffffff84][0x19][0xffffffce][0xffffffbe][0xffffff8e][0xffffffd7]kP[0xffffff94][0xffffffc0][0xffffff87][0xffffffb3][0xffffff9f][0xffffff80][0xffffffe1][0xffffffec][0xffffffc7][0xffffffac][0xffffffbb][0x16][0x6][0x1c][0x1b][0xffffffce]~d[0xffffffbf][0xffffff95][0xffffffa4]D[0xffffffc8]p[0xffffffb6][\r]$C[0xffffff89][0xffffff80][0xffffffe1]l[0x9]g5%[0xffffff82][0xffffff87][0xffffffb3]]y[0xffffffb2][0xffffff94][0xffffffc8][0x1b][0xffffffce]v[0xffffffd5][0xffffffca]Q"e8[[0xffffff8b]w[0xffffff8b][0x12][0xfffffffa][0x3][0x7]K[0x9][0xfffffffa][0x7][0xffffff8e][0x16][0xfffffff0][0x3]G[0xffffffd3][0xffffffa7]p[0xffffffa5][0x1][0xffffffa7]~[0xffffffe0]hI?ph[0x14])J[0xffffffa4][0xfffffffc][0xffffffc0][0xffffffa1][0xffffffb1]$([0xffffffc1][0xfffffffe][0xffffffc0][0xffffffb1]F4[0xffffff8b][0x12]a?p[0xffffffd8].[0xffffffa5])[0x11][0xfffffff4][0x3][0xffffff87]4-G[0xffffff89]?[0xffffffff][0xffffff81][0xffffffc3][0xffffff9c][0xffffffc1]q[0x1d][0xffffffed][0xffffffb9](J[0xffffffe0]gp<[0x1]gp<f([0xffffffbe]0[0xffffffe0][0xffffffd8][0x19][0x1c][0xffffff8f]L[0xffffffc1][0xffffff93][0xffffff94][0x8]9[0xffffff83][0xffffffc3][0x6][0xffffff92][0xffffffa1]D[0xffffffc0][0x19][0x1c][0x12][0xffffffce]jJ[0x4][0xffffff9f][0xffffffc1][0xffffffe1][0xffffffca][0xffffff93][0xffffffa5]D[0xffffffde][0x19][0x1c][0xffffffae]Z9J[0xffffffa4][0xffffff9c][0xffffffc1][0xffffffa1][0xffffffc5][0xffffffbb]E[0xffffff89][0x1e]F[0xffffff89][0xffffff8e]S[0xffffffa2][0x7]P[0xffffffa2][0xffffffa3][0xffffff94][0xffffffe8][0x18]%z[0x12]%[0xffffffd6](R[0xffffff94][0xffffffd0]@R[0xffffff94]XcIP[0xffffffa2][0xffffffc3][0xffffff94][0xffffffe8][0xffffffc1][0xffffff94][0xffffff90][0xfffffff2][0xffffffa4])a[0xffffffba][0xffffff94][0xffffffa6][0xffffff84]T+I[0xffffff89][0xffffff9e]B[0xffffff89][0xfffffffe][0xffffffc7][0xffffff94]0[0xffffffc7]y][0xffffffc7]uSk[0xffffff97][0xf]~[0xffffff9c][0xffffffd7][0x13]p[0xffffff9c][0xffffffd7]c[0xffffffce][0xffffff9c])[0xc]8v[0xffffff9c][0xffffffd7]#[0xffffffa7][0xffffffca][0xffffff90][0xffffff94][0x8]9[0xffffffce][0xffffffcb][0x6][0xffffff92][0xffffffa1]D[0xffffffc0]q^[0x12][0xffffffce]jJ[0x4][0x1f][0xffffffe7][0xffffffe5][0xffffffca][0xffffff93][0xffffffa5]D[0xffffffde]q^[0xffffffae]Z9J[0xffffffa4][0x1c][0xffffffe7][0xffffffa5][0xffffffc5][0xffffffbb]A[0x9]s[0xffffff9c][0xffffffd7]u[0xffffffdc][0xffffffcf][0xffffffa0]([0xffffff81][0x1f][0xffffffe7][0xfffffff5][0x4][0x1c][0xffffffe7][0xfffffff5][0xffffff98]3g[\n]"
08:17:55.197 [TestNG-PoolService-3] DEBUG org.apache.hc.client5.http.wire -- http-outgoing-4 << "[0xffffffde][0xffffffa2][0xffffffc5][0xffffff99]F[0xffffff8b][0xffffff93][0xffffffa7][0xffffffc5][0xffffff99]@[0xffffff8b][0xffffff93][0xffffffa5][0xffffffc5][0xffffffc9][0xffffffd1][0xffffffe2][0xffffff8c][0xffffffa2][0xffffff85][0xffffffe4][0xffffff91][0xffffffa2][0xffffff85]I%E[0xb][0xffffffc9]&A[0xffffff8b][0xffffff93][0xffffffa6][0xffffffc5][0xffffff99]L[0xb][0xffffffad]Q[0xffffff9a][0x16][0xffffffae]UiZh[0xffffffc9][0xffffff92][0xffffffb4]X;[0xffffff97][0xffffffa3][0xffffffc5]Z[0xffffffc1][[0xffffffb4][0xffffffb8][0xffffffe2]^[0xffffffae][0x8]x[0xffffffbb]"[0xffffffe2][0xfffffff5][\n]"
08:17:55.197 [TestNG-PoolService-3] DEBUG org.apache.hc.client5.http.wire -- http-outgoing-4 << "[0xfffffff8][0xfffffffd][\n]"
08:17:55.197 [TestNG-PoolService-2] DEBUG org.apache.hc.client5.http.wire -- http-outgoing-5 << "[0xffffff9e][0xffffffa4]D[0xffffffc8][0x19][0x1c]6[0xffffff90][0xc]%[0x2][0xffffffce][0xffffffe0][0xffffff90]pVS"[0xfffffff8][0xc][0xe]W[0xffffff9e],%[0xfffffff2][0xffffffce][0xffffffe0]p[0xffffffd5][0xffffffca]Q"[0xffffffe5][0xc][0xe]-[0xffffffde][0xffffffdf][0xffffffa7]Dsgp[0xffffff9c][\r][0x1b][0xffffffce]n[0xfffffff8][0x19][0x1c]-[0xffffffe0][0xc][0xffffff8e]f[0xffffff86][0xffffffe2][0xffffffeb][0x2][0xffffffde][0xffffffb0]38[0xffffff9a]L[0xffffffc1][0xffffff83][0xffffff94]0QD(a[0x3][0xffffff89]P[0xffffffc2][0xffffffc4][0xffffffb2][0xffffff9c][0x12][0x12][0xffffffce]bJHD[0xffffff83]([0xffffffe1][0xffffffca][0x13][0xffffffa5][0xffffff84][0xffffffef]R[0xffffff94][0x12][0xffffffae]Z1Jh[0xffffffd3]B[0xffffff94][0xffffffd0][0xffffffe2][0xffffffdd][0xffffffa0][0xffffff84];[0xffffff83][0xffffffe3][0xffffffbc]:5Q[0xffffffd5][0xfffffff0]38Z[0xffffffc0][0x19][0x1c][0xffffffcd][0xc][0xffffffc5][0x17][0x6][0x1c];[0xffffff83][0xffffffa3][0xffffffc9][0x14]<I[0xffffff89][0xffffff90]38l [0x19]J[0x4][0xffffff9c][0xffffffc1]![0xffffffe1][0xffffffac][0xffffffa6]D[0xfffffff0][0x19][0x1c][0xffffffae]<YJ[0xffffffe4][0xffffff9d][0xffffffc1][0xffffffe1][0xffffffaa][0xffffff95][0xffffffa3]D[0xffffffca][0x19][0x1c]Z[0xffffffbc][0x1b][0xffffff94]pgp[0xffffff9c][0xf]G[0x9][0xfffffffc][0xc][0xffffff8e][0x16]p[0x6]G3C[0xfffffff1][0xffffff85][0x1][0xffffffc7][0xffffffce][0xffffffe0]h2[0x5]OR"[0xffffffe4][0xc][0xe][0x1b]H[0xffffff86][0x12][0x1]gpH8[0xffffffab])[0x11]|[0x6][0xffffff87]+O[0xffffff96][0x12]ygp[0xffffffb8]j[0xffffffe5]([0xffffff91]r[0x6][0xffffff87][0x16][0xffffffef][0x6]%[0xffffffdc][0x19][0x1c][0xffffffd7][0xffffffd1][0xffffffa8]38[0x1a]~[0x6]G[0xb]8[0xffffff83][0xffffffa3][0xffffff99][0xffffffa1][0xfffffff8][0xffffffc2][0xffffff80]cgp4[0xffffff99][0xffffff82]')[0x11]r[0x6][0xffffff87][\r]$C[0xffffff89][0xffffff80]38$[0xffffff9c][0xffffffd5][0xffffff94][0x8]>[0xffffff83][0xffffffc3][0xffffff95]'K[0xffffff89][0xffffffbc]38\[0xffffffb5]r[0xffffff94]H9[0xffffff83]C[0xffffff8b]w[0xffffff83][0x12]n[0xffffffed][0xfffffff2]~uj[0xffffffed][0xffffffb2][0xffffffe1]k[0xffffff97]-`[0xffffffed][0xffffffb2][0xffffff99]I[0xffffffb6][0xffffffc2][0xffffff80]ck[0xffffff97]MF[0xffffffd7]HJ[0xffffff84][0xffffffac]][0xffffffda]@2[0xffffff94][0x8]X[0xffffffbb][0xffffff94]pVS"x[0xffffffed][0xffffffd2][0xffffff95]'K[0xffffff89][0xffffffbc][0xffffffb5]KW[0xffffffad][0x1c]%R[0xffffffd6].[0xffffffb5]x7(q;J[0xffffff8c][0xffffff87]:d[0xfffffffc][0xfffffff3]~`J[0xffffffdc][0x1][0xffffff94][0xffffffb8]5[0xffffffef][0xffffff85][0x1][0xffffffbf]1J[0xffffffdc]I[0xffffff94][0xffffffd0](2[0xffffff94]p[0xffffff81]d([0xffffffa1][0xffffffb1][0xffffffac][0xffffffa7][0xffffffc4][0x1a][0xffffffce]jJ[0xffffffac][0x11]M[0xffffffa2][0xffffff84])O[0xffffff96][0x12][0xffffffb6]KYJ[0xffffff98]j[0xffffffe5](!MKQB[0xffffff8a]w[0xffffff8b][0x12][0xffffffba]+[0xffffffc1]R[0x2][0xffffffde][0xffffff95]h[0x1]k[0xffffff97][0xffffffcd]L[0xffffffb2][0xffffff95][0x6][0x1c][0xffffffda][0xffffff95]h2[0xffffffba][0xffffffc6]R"bW[0xffffffc2][0x6][0xffffff92][0xffffffa2][0x4][0xffffffbe]+![0xffffffe1][0xffffffac][0xffffffa7]D[0xffffffec][0xffffffae][0xffffff84]+O[0xffffff9a][0x12]i[0xffffffbb][0x12][0xffffffae]ZIJd[0xffffffec]Jh[0xfffffff1]nP[0xffffffc2][0xffffffad]][0xffffffde][0x17][0xfffffff7][0x3][0x7][0xffffffbe]v[0xffffffd9][0x2][0xffffffd6].[0xffffff9b][0xffffff99]d+[0xc]8[0xffffffb6]v[0xffffffd9]dt[0xffffff8d][0xffffffa4]D[0xffffffc8][0xffffffda][0xffffffa5][\r]$C[0xffffff89][0xffffff80][0xffffffb5]K[0x9]g5%[0xffffff82][0xffffffd7].]y[0xffffffb2][0xffffff94][0xffffffc8][[0xffffffbb]t[0xffffffd5][0xffffffca]Q"e[0xffffffed]R[0xffffff8b][0xfffffff7][0xfffffff7])[0xffffffd1][0xffffffdd][0xffffffae][0xffffffc4][0xffffffd3]:[0xfffffff5][0xffffffda]e[0xffffffc7]w%z[0xffffffc0][0xffffffae]D7[0x1f]?[0xffffffd7][0x5][0xffffffbc]c[0xffffffbb][0x12]]]]><![CDATA[>o[0x6])a[0xffffffa2][0xffffff88]P[0xffffffc2][0x6][0x12][0xffffffa1][0xffffff84][0xffffff89]e9%$[0xffffff9c][0xffffffc5][0xffffff94][0xffffff90][0xffffff88][0x6]Q[0xffffffc2][0xffffff95]'J[0x9][0xffffffdf][0xffffffa5](%\[0xffffffb5]b[0xffffff94][0xffffffd0][0xffffffa6][0xffffff85]([0xffffffa1][0xffffffc5][0xffffffbb]A[0x9][0xffffffb7]+[0xfffffff1][0xffffffdc]/[0xffffffea][0x7][0xffffff8e][0xffffff8e][0xffffffef]J[0xfffffff4][0xffffff80]][0xffffff89]n>~.[0xc]8[0xffffffb6]+[0xffffffd1][0xffffffe5][0xfffffff3]f[0xffffff92][0x12]![0xffffffbb][0x12]6[0xffffff90][0xc]%[0x2]v%$[0xffffff9c][0xffffffd5][0xffffff94][0x8][0xffffffde][0xffffff95]p[0xffffffe5][0xffffffc9]R"oW[0xffffffc2]U+G[0xffffff89][0xffffff94]][0x9]-[0xffffffde][\r]J[0xffffffb8]][0xffffff89][0xffffffe7][0x19][0xffffffd4][0xffffffc9][0xffffffa0][0x1d][0xffffffdf][0xffffff95][0xffffffe8][0x1][0xffffffbb][0x12][0xffffffdd]|[0xfffffffc]\[0x18]plW[0xffffffa2][0xffffffcb][0xffffffe7][0xffffffcd]$%Bv%l [0x19]J[0x4][0xffffffec]JH8[0xffffffab])[0x11][0xffffffbc]+[0xffffffe1][0xffffffca][0xffffff93][0xffffffa5]D[0xffffffde][0xffffffae][0xffffff84][0xffffffab]V[0xffffff8e][0x12])[0xffffffbb][0x12]Z[0xffffffbc][0x1b][0xffffff94]p[0xffffffbb][0x12][0xfffffff3][0xfffffff5]`[0xffffff94][0xffffffc0]w%z[0xffffffc0][0xffffffae]D7[0x1f]?[0x17][0x6][0x1c][0xffffffdb][0xffffff95][0xffffffe8][0xfffffff2]y3I[0xffffff89][0xffffff90]][0x9][0x1b]H[0xffffff86][0x12][0x1][0xffffffbb][0x12][0x12][0xffffffce]jJ[0x4][0xffffffef]J[0xffffffb8][0xfffffff2]d)[0xffffff91][0xffffffb7]+[0xffffffe1][0xffffffaa][0xffffff95][0xffffffa3]D[0xffffffca][0xffffffae][0xffffff84][0x16][0xffffffef][0x6]%[0xffffff86][0xffffffa3][0xffffffc4]qb[0xffffff94][0x18]8%F[0x0]%[0xffffff86][0xffffffe6][0xffffffbd]0[0xffffffe0][0x3][0xffffffa3][0xffffffc4]H[0xffffffa2][0xffffff84]F[0xffffff91][0xffffffa1][0xffffff84][0xb]$C[0x9][0xffffff8d]e=%[0xffffffd6]pVSb[0xffffff8d]h[0x12]%Ly[0xffffffb2][0xffffff94][0xffffffb0]][0xffffffca]R[0xffffffc2]T+G[0x9]iZ[0xffffff8a][0x12]R[0xffffffbc][0x1b][0xffffff94]8[0x1d]%[0xffffffda][0xffffff8b]:[0x19][0xfffffff4][0xfffffff3]~`J[0xffffff9c][0x1][0xffffff94]85[0xffffffef][0xffffff85][0x1]?1J[0xffffff9c]I[0xffffff94][0xffffffd0](2[0xffffff94]p[0xffffff81]d([0xffffffa1][0xffffffb1][0xffffffac][0xffffffa7][0xffffffc4][0x1a][0xffffffce]jJ[0xffffffac][0x11]M[0xffffffa2][0xffffff84])O[0xffffff96][0x12][0xffffffb6]KYJ[0xffffff98]j[0xffffffe5](!MKQB[0xffffff8a]w[0xffffff83][0x12]n[0xffffffed]r[0xffffffb6][0xffffff93]:[0xffffff83][0xffffffa3][0xffffffe3]k[0xffffff97]=`[0xffffffed][0xffffffb2][0xffffff9b]I[0xffffffb6][0xffffffc2][0xffffff80]ck[0xffffff97]]F[0xffffffd7]HJ[0xffffff84][0xffffffac]][0xffffffda]@2[0xffffff94][0x8]X[0xffffffbb][0xffffff94]pVS"x[0xffffffed][0xffffffd2][0xffffff95]'K[0xffffff89][0xffffffbc][0xffffffb5]KW[0xffffffad][0x1c]%R[0xffffffd6].[0xffffffb5]x7(q;J[0xfffffff4][0x3][0xfffffffb][0x18][0xfffffff4][0xffffffc6])q[0x7]P[0xffffffe2][0xffffffd6][0xffffffbc][0x17][0x6][0xfffffffc][0xffffffc6](q'QB[0xffffffa3][0xffffffc8]P[0xffffffc2][0x5][0xffffff92][0xffffffa1][0xffffff84][0xffffffc6][0xffffffb2][0xffffff9e][0x12]k8[0xffffffab])[0xffffffb1]F4[0xffffff89][0x12][0xffffffa6]<YJ[0xffffffd8].e)a[0xffffffaa][0xffffff95][0xffffffa3][0xffffff84]4-E[0x9])[0xffffffde][\r]J[0xffffffb8][0xffffff89][0xffffffaa]9:[0xfffffff6][0xffffffae][0x4]>Q[0xffffffd5][0x3]&[0xffffffaa][0xffffffba][0xffffffd9]Q)[0xc]86Q[0xffffffd5]e)[0xffffff85][0xffffffa4]D[0xffffffc8]D[0xffffff95][\r]$C[0xffffff89][0xffffff80][0xffffff89]*[0x9]g5%[0xffffff82]'[0xffffffaa]\y[0xffffffb2][0xffffff94][0xffffffc8][0xffffff9b][0xffffffa8]r[0xffffffd5][0xffffffca]Q"e[0xffffffa2]J[0xffffff8b]w[0xffffff83][0x12][0xffffffd3]Q[0xffffffe2][0xffffff9a][0xffffff9d][0xffffffa2][0xffffffc4][0xffffffc4])1[0x3](15[0xffffffef][0xffffff85][0x1][0xffffff9f][0x18]%f[0x12]%4[0xffffff8a][0xc]%\ [0x19]Jh,[0xffffffeb])[0xffffffb1][0xffffff86][0xffffffb3][0xffffff9a][0x12]kD[0xffffff93](a[0xffffffca][0xffffff93][0xffffffa5][0xffffff84][0xffffffed]R[0xffffff96][0x12][0xffffffa6]Z9JH[0xffffffd3]R[0xffffff94][0xffffff90][0xffffffe2][0xfffffffd]}J[0xffffff8c][0xffffffe3][0xffffffff][0xfffffffa]J[0xffffff89][0xfffffff3]u<[0x3][0xffffffa2][0xffffffc4][0xffffffe7][0xfffffffd][0xffffffb0][0xffffff94][0xfffffff8][0xffffffba][0x3][0xffffff98][0x12][0xffffffff][0xffffffde][0x3]B[0xffffff89][0xffffffaf][0xffffffab]#[0xffffff94][0xfffffff8][0xffffffe7][0xffffffca][0x11][0xffffff94]0QD(a[0x3][0xffffff89]P[0xffffffc2][0xffffffc4][0xffffffb2][0xffffff9c][0x12][0x12][0xffffffce]bJHD[0xffffff83]([0xffffffe1][0xffffffca][0x13][0xffffffa5][0xffffff84][0xffffffef]R[0xffffff94][0x12][0xffffffae]Z1Jh[0xffffffd3]B[0xffffff94][0xffffffd0][0xffffffe2][0xffffffdd][0xffffffa0][0xffffff84][0xffffff99][0xffffffa8]:_[0xffffffe3][0xffffffa6][0xffffffd6].[0x7]>Q5[0x2]&[0xffffffaa][0xffffff86][0xffffffd9]Q)[0xc]86Q5d)[0xffffff85][0xffffffa4]D[0xffffffc8]D[0xffffff95][\r]$C[0xffffff89][0xffffff80][0xffffff89]*[0x9]g5%[0xffffff82]'[0xffffffaa]\y[0xffffffb2][0xffffff94][0xffffffc8][0xffffff9b][0xffffffa8]r[0xffffffd5][0xffffffca]Q"e[0xffffffa2]J[0xffffff8b]w[0xffffff83][0x12]f[0xffffffa2][0xffffffea]|[0xffffffcd][0xffffffa3]Q[0xffffff94][0xffffffc0]'[0xffffffaa]F[0xffffffc0]D[0xffffffd5]0;*[0xffffff85][0x1][0xffffffc7]&[0xffffffaa][0xffffff86],[0xffffffa5][0xffffff90][0xffffff94][0x8][0xffffff99][0xffffffa8][0xffffffb2][0xffffff81]d([0x11]0Q%[0xffffffe1][0xffffffac][0xffffffa6]D[0xfffffff0]D[0xffffff95]+O[0xffffff96][0x12]y[0x13]U[0xffffffae]Z9J[0xffffffa4]LTi[0xfffffff1]nP[0xffffffc2]LT[0xffffff9d][0xffffffc7][0xffffffeb][0xffffffa2][0xffffffde][0xffffff95][0x18][0xfffffff8]D[0xffffffd5][0x8][0xffffff98][0xffffffa8][0x1a]fG[0xffffffa5]0[0xffffffe0][0xffffffd8]D[0xffffffd5][0xffffff90][0xffffffa5][0x14][0xffffff92][0x12]![0x13]U6[0xffffff90][0xc]%[0x2]&[0xffffffaa]$[0xffffff9c][0xffffffd5][0xffffff94][0x8][0xffffff9e][0xffffffa8]r[0xffffffe5][0xffffffc9]R"o[0xffffffa2][0xffffffca]U+G[0xffffff89][0xffffff94][0xffffff89]*-[0xffffffde][\r]J[0xffffff98][0xffffff89][0xffffffaa][0xfffffff3][0xffffffb8].jWb[0xffffffe0][0x13]U#`[0xffffffa2]j[0xffffff98][0x1d][0xffffff95][0xffffffc2][0xffffff80]c[0x13]UC[0xffffff96]RHJ[0xffffff84]LT[0xffffffd9]@2[0xffffff94][0x8][0xffffff98][0xffffffa8][0xffffff92]pVS"x[0xffffffa2][0xffffffca][0xffffff95]'K[0xffffff89][0xffffffbc][0xffffff89]*W[0xffffffad][0x1c]%R&[0xffffffaa][0xffffffb4]x7(a&[0xffffffaa][0xffffffce][0xffffffd6][0xffffff8e][0x17]E[0x9]|[0xffffffa2]j[0x4]LT[\r][0xffffffb3][0xffffffa3]R[0x18]pl[0xffffffa2]j[0xffffffc8]R[\n]"
08:17:55.198 [TestNG-PoolService-3] DEBUG org.apache.hc.client5.http.wire -- http-outgoing-4 << "[0xfffffff0][0x5][0xffffff8b][0xffffffac]7,b^[0xffffffb1][0x8]z[0xffffffc7]"[0xffffffe2]%[0xb][0xfffffffc]-[0xffffff8b][0xffffffe8][0xffffffd7],[0xfffffff2][0xffffffde][0xffffffb3]H|[0xffffffd1]"[0xffffffeb]M[0xffffff8b][0xffffff9c]W-[0xfffffffe][0xffffffc6][0xffffffbb][0x16][0xffffffd7][0xffffff93]F[0xffffff8b][0xffffff87][0xffffffa7][0xffffffc5][0xffffff93]@[0xffffff8b][0xffffff87][0xffffffa5][0xffffffc5][0xffffffc3][0xffffffd1][0xffffffe2][0xffffff89][0xffffffa2][0xffffffc5][0xffffff9a]G[0xffffff8c][0x16][0xffffff9a]J[0xffffff8c][0x16]k6[0x11]Z<4-[0xffffff9e]dZH[0xffffff8d][0xffffffe2][0xffffffb4]0[0xffffffad][0xffffff8a][0xffffffd3]BJ[0x16][0xffffffa5][0xffffffc5][0x13]C[0xffffff8b][0xffffffe7]/[0xffffffd0][0xffffffe2][0xffffffe8]i[0xffffffb6][0xfffffff8][0xffffffb8]#[0x1c][0x17]"
08:17:55.198 [TestNG-PoolService-2] DEBUG org.apache.hc.client5.http.wire -- http-outgoing-5 << "I[0xffffff89][0xffffff90][0xffffff89]*[0x1b]H[0xffffff86][0x12][0x1][0x13]U[0x12][0xffffffce]jJ[0x4]OT[0xffffffb9][0xfffffff2]d)[0xffffff91]7Q[0xffffffe5][0xffffffaa][0xffffff95][0xffffffa3]D[0xffffffca]D[0xffffff95][0x16][0xffffffef][0x6]%nK[0xffffff89]{P[0xffffff94][0xffffffb8]qJ[0xffffffdc][0x1][0xffffff94][0xffffffb8]5[0xffffffef][0xffffff85][0x1][0xffffffbf]1J[0xffffffdc]I[0xffffff94][0xffffffd0](2[0xffffff94]p[0xffffff81]d([0xffffffa1][0xffffffb1][0xffffffac][0xffffffa7][0xffffffc4][0x1a][0xffffffce]jJ[0xffffffac][0x11]M[0xffffffa2][0xffffff84])O[0xffffff96][0x12][0xffffffb6]KYJ[0xffffff98]j[0xffffffe5](!MKQB[0xffffff8a]w[0xffffff83][0x12]f[0xffffffa2][0xffffffea]l[0xffffffbd]Q[0x13]U[0x3][0xffffff9f][0xffffffa8][0x1a][0x1][0x13]U[0xffffffc3][0xffffffec][0xffffffa8][0x14][0x6][0x1c][0xffffff9b][0xffffffa8][0x1a][0xffffffb2][0xffffff94]BR"d[0xffffffa2][0xffffffca][0x6][0xffffff92][0xffffffa1]D[0xffffffc0]D[0xffffff95][0xffffff84][0xffffffb3][0xffffff9a][0x12][0xffffffc1][0x13]U[0xffffffae]<YJ[0xffffffe4]MT[0xffffffb9]j[0xffffffe5]([0xffffff91]2Q[0xffffffa5][0xffffffc5][0xffffffbb]A[0x9]3Q[0xfffffff5]A[0xffffff89][0xffffff8b]:[0xffffffce]k[0xffffffe0][0x13]U#`[0xffffffa2]j[0xffffff98][0x1d][0xffffff95][0xffffffc2][0xffffff80]c[0x13]UC[0xffffff96]RHJ[0xffffff84]LT[0xffffffd9]@2[0xffffff94][0x8][0xffffff98]"
08:17:55.198 [TestNG-PoolService-1] DEBUG org.apache.hc.client5.http.wire -- http-outgoing-3 << "[0x3][0xffffff8e][0x1d][0xffffffe7][0xfffffff5][0xffffffc8][0xffffffa9]2$%B[0xffffff8e][0xfffffff3][0xffffffb2][0xffffff81]d([0x11]p[0xffffff9c][0xffffff97][0xffffff84][0xffffffb3][0xffffff9a][0x12][0xffffffc1][0xffffffc7]y[0xffffffb9][0xfffffff2]d)[0xffffff91]w[0xffffff9c][0xffffff97][0xffffffab]V[0xffffff8e][0x12])[0xffffffc7]yi[0xfffffff1]nP[0xffffffc2][0x1c][0xffffffe7]u[0x1d]O[0xffffffa7][0xe][0x19][0x7f][0xfffffff0][0xffffffe3][0xffffffbc][0xffffff9e][0xffffff80][0xffffffe3][0xffffffbc][0x1e]s[0xffffffe6]La[0xffffffc0][0xffffffb1][0xffffffe3][0xffffffbc][0x1e]9U[0xffffff86][0xffffffa4]D[0xffffffc8]q^6[0xffffff90][0xc]%[0x2][0xffffff8e][0xfffffff3][0xffffff92]pVS"[0xfffffff8]8/W[0xffffff9e],%[0xfffffff2][0xffffff8e][0xfffffff3]r[0xffffffd5][0xffffffca]Q"[0xffffffe5]8/-[0xffffffde][\r]J[0xffffff98][0xffffffe3][0xffffffbc]>(qu[0xffffff8a][0x12][0xfffffff8]q^O[0xffffffc0]q^[0xffffff8f]9s[0xffffffa6]0[0xffffffe0][0xffffffd8]q^[0xffffff8f][0xffffff9c]*CR"[0xffffffe4]8/[0x1b]H[0xffffff86][0x12][0x1][0xffffffc7]yI8[0xffffffab])[0x11]|[0xffffff9c][0xffffff97]+O[0xffffff96][0x12]y[0xffffffc7]y[0xffffffb9]j[0xffffffe5]([0xffffff91]r[0xffffff9c][0xffffff97][0x16][0xffffffef][0x6]%[0x1e]G[0xffffff89][0xfffffff9][0xffffffc2]&[0xffffffaa][0x1e][0xffffff9c][0x12]O[0x0]%[0x1e][0xffffffcd]{a[0xffffffc0][0x1f][0xffffff8c][0x12]O[0x12]%4[0xffffff8a][0xc]%\ [0x19]Jh,[0xffffffeb])[0xffffffb1][0xffffff86][0xffffffb3][0xffffff9a][0x12]kD[0xffffff93](a[0xffffffca][0xffffff93][0xffffffa5][0xffffff84][0xffffffed]R[0xffffff96][0x12][0xffffffa6]Z9JH[0xffffffd3]R[0xffffff94][0xffffff90][0xffffffe2][0xffffffdd][0xffffffa0][0xffffff84]9[0xffffffce][0xffffffeb]j[0xffffffc7][0xb][0xfffffffb][0xffffff81][0x3]?[0xffffffce][0xffffffeb][0x9]8[0xffffffce][0xffffffeb]1g[0xffffffce][0x14][0x6][0x1c];[0xffffffce][0xffffffeb][0xffffff91]SeHJ[0xffffff84][0x1c][0xffffffe7]e[0x3][0xffffffc9]P"[0xffffffe0]8/[0x9]g5%[0xffffff82][0xffffff8f][0xfffffff3]r[0xffffffe5][0xffffffc9]R"[0xffffffef]8/W[0xffffffad][0x1c]%R[0xffffff8e][0xfffffff3][0xffffffd2][0xffffffe2][0xfffffffd]}JLw[0xffffff9c]W[0x1b]O[0xffffff83](1[0xfffffff1][0xffffffe3][0xffffffbc]f[0xffffffc0]q^[0xffffffd3][0xffffff9c]9S[0x17][0xfffffff0][0xffffff89][0x1d][0xffffffe7]5[0xffffffe5]T[0x19][0xffffff90][0x12]&[0xffffff8a][0x8]%l [0x11]J[0xffffff98]X[0xffffff96]SB[0xffffffc2]YL[0x9][0xffffff89]h[0x10]%\y[0xffffffa2][0xffffff94][0xfffffff0]][0xffffff8a]R[0xffffffc2]U+F[0x9]mZ[0xffffff88][0x12]Z[0xffffffbc][0x1b][0xffffff94]pgp[0xffffffb4][0xffffffbb]Q[0xffffffc7]yM[0xfffffffc][0xc][0xffffff8e][0x19]p[0x6][0xffffffc7]4C[0xfffffff1][0xffffff85][0x1][0xffffffc7][0xffffffce][0xffffffe0][0xffffff98]2[0x5]OR"[0xffffffe4][0xc][0xe][0x1b]H[0xffffff86][0x12][0x1]gpH8[0xffffffab])[0x11]|[0x6][0xffffff87]+O[0xffffff96][0x12]ygp[0xffffffb8]j[0xffffffe5]([0xffffff91]r[0x6][0xffffff87][0x16][0xffffffef][0x6]%[0xffffffdc][0xffffffda]e[0xffffffef]cP[0xffffff94][0xffffffc0][0xffffffd7].g[0xffffffc0][0xffffffda][0xffffffe5]4[0xffffff93]l[0xffffff85][0x1][0xffffffc7][0xffffffd6].[0xffffffa7][0xffffff8c][0xffffffae][0xffffff91][0xffffff94][0x8]Y[0xffffffbb][0xffffffb4][0xffffff81]d([0x11][0xffffffb0]v)[0xffffffe1][0xffffffac][0xffffffa6]D[0xfffffff0][0xffffffda][0xffffffa5]+O[0xffffff96][0x12]yk[0xffffff97][0xffffffae]Z9J[0xffffffa4][0xffffffac]]j[0xfffffff1]nP[0xffffffc2]MT[0xfffffff5][0xffffffa7]c[0xffffff94][0xffffffc0]'[0xffffffaa]f[0xffffffc0]D[0xffffffd5]4;*[0xffffff85][0x1][0xffffffc7]&[0xffffffaa][0xffffffa6],[0xffffffa5][0xffffff90][0xffffff94][0x8][0xffffff99][0xffffffa8][0xffffffb2][0xffffff81]d([0x11]0Q%[0xffffffe1][0xffffffac][0xffffffa6]D[0xfffffff0]D[0xffffff95]+O[0xffffff96][0x12]y[0x13]U[0xffffffae]Z9J[0xffffffa4]LTi[0xfffffff1]nP[0xffffffc2]MT[0xffffff8d]W[0x7f]Q[0xffffff94][0xffffffc0]'[0xffffffaa]f[0xffffffc0]D[0xffffffd5]4;*[0xffffff85][0x1][0xffffffc7]&[0xffffffaa][0xffffffa6],[0xffffffa5][0xffffff90][0xffffff94][0x8][0xffffff99][0xffffffa8][0xffffffb2][0xffffff81]d([0x11]0Q%[0xffffffe1][0xffffffac][0xffffffa6]D[0xfffffff0]D[0xffffff95]+O[0xffffff96][0x12]y[0x13]U[0xffffffae]Z9J[0xffffffa4]LTi[0xfffffff1]nP[0xffffffc2][0xffffffed]J[0xc]n8{[0xffffffe2][0xffffffbb][0x12]3`Wb[0xffffff9a][0xffffff8f][0xffffff9f][0xb][0x3][0xffffff8e][0xffffffed]JL[0xfffffff9][0xffffffbc][0xffffff99][0xffffffa4]D[0xffffffc8][0xffffffae][0xffffff84][\r]$C[0xffffff89][0xffffff80]][0x9][0x9]g5%[0xffffff82]w%\y[0xffffffb2][0xffffff94][0xffffffc8][0xffffffdb][0xffffff95]p[0xffffffd5][0xffffffca]Q"eWB[0xffffff8b]w[0xffffff83][0x12][0xffffff8f][0xffffffa1][0xffffffc4][0xfffffff9][0xffffff9a][0xffffffd4]D[0xffffffd5][0xffffffe7][0xfffffffd][0xffffffc0][0xffffff94]x[0x2]([0xfffffff1]h[0xffffffde][0xb][0x3][0xfffffffe]`[0xffffff94]x[0xffffff92]([0xffffffa1]Qd([0xffffffe1][0x2][0xffffffc9]PBcYO[0xffffff89]5[0xffffff9c][0xffffffd5][0xffffff94]X#[0xffffff9a]D[0x9]S[0xffffff9e],%l[0xffffff97][0xffffffb2][0xffffff94]0[0xffffffd5][0xffffffca]QB[0xffffff9a][0xffffff96][0xffffffa2][0xffffff84][0x14][0xffffffef][0x6]%[0xffffffdc][0xffffffae][0xffffffc4]y[0xc]j[0xffffffa2]j[0xffffffe2][0xffffffbb][0x12]3`Wb[0xffffff9a][0xffffff8f][0xffffff9f][0xb][0x3][0xffffff8e][0xffffffed]JL[0xfffffff9][0xffffffbc][0xffffff99][0xffffffa4]D[0xffffffc8][0xffffffae][0xffffff84][\r]$C[0xffffff89][0xffffff80]][0x9][0x9]g5%[0xffffff82]w%\y[0xffffffb2][0xffffff94][0xffffffc8][0xffffffdb][0xffffff95]p[0xffffffd5][0xffffffca]Q"eWB[0xffffff8b][0xfffffff7][0xffffffb7])[0xffffffd1]^nW[0xffffffe2]<[0xffffffe6]`([0xfffffff1]u?(%[0xffffffbe][0xffffffef][0xffffff80][0xffffffa5][0xffffffc4][0xffffffcf]{ ([0xfffffff1]}u[0xffffff82][0x12][0xffffffff]^9[0xffffff81][0x12].[0xffffff8a][0x4]%| [0x9]J[0xffffffb8]XVSB[0xffffffc3]YK[0x9][0xffffff8d]h[0xe]%ly[0xffffff92][0xffffff94]x[0xffffffd3][0xffffffa5]$%l[0xffffffb5]R[0xffffff94]0M[0xffffffcb]P[0xffffffc2][0x14][0xffffffef][0x6]%[0xffffffdc][0xffffffae][0xffffffc4][0xffffffd9]:[0xfffffff4][0xffffffae][0xffffffc4][0xffffffd7][0xfffffffd][0xffffffc0][0xffffff94][0xffffffe0]w%~[0xffffffde][0x3]C[0x9]jW[0xffffffe2][0xffffffdf]+gP"cW[0xffffffc2][0x7][0xffffff92][0xffffffa1][0x4][0xffffffbf]+[0xffffffa1][0xffffffe1][0xffffffac][0xffffffa6]D[0xffffffee][0xffffffae][0xffffff84]-O[0xffffff96][0x12]q[0xffffffbb][0x12][0xffffffb6]Z9J[0xffffff84][0xffffffec]J[0xffffff98][0xffffffe2][0xffffffdd][0xffffffa0][0xffffff84][0xffffffdb][0xffffff95]8[0xffffffc7][\r]MT}[0xffffffdd][0xf]L[0x9]~W[0xffffffe2][0xffffffe7]=0[0xffffff94][0xffffffa0]v%[0xfffffffe][0xffffffbd]r[0x6]%2v%| [0x19]J[0xfffffff0][0xffffffbb][0x12][0x1a][0xffffffce]jJ[0xffffffe4][0xffffffee]J[0xffffffd8][0xfffffff2]d)[0x11][0xffffffb7]+a[0xffffffab][0xffffff95][0xffffffa3]D[0xffffffc8][0xffffffae][0xffffff84])[0xffffffde][\r]J[0xffffffb8]][0xffffff89][0xfffffff3]~][0x14]%[0xffffffe8]][0xffffff89][0xffffffef];[0xffffffa0])A[0xffffffee]J|_[0xffffff9d][0xffffffa1]D[0xffffffd0][0xffffffae][0xffffff84][0xffffff8b]"C[0xffffff89][0xffffff94]][0x9][0x17][0xffffffcb]zJ[0xffffffb0][0xffffffbb][0x12][0x1a][0xffffffd1]$J[0xffffff84][0xffffffed]J[0xffffffbc][0xffffffe9]R[0xffffff96][0x12]A[0xffffffbb][0x12][0xffffffa6]i)J[0xfffffffc][0xfffffff9][0xffffffae][0xffffffc4][0xffffffe7][0xffffffdf]ha[0xffffff94]h8%Z[0x0]%[0x1a]J[0xffffff89][0xffffff86]Q[0xffffffa2]%Qb[0xffffff8d]"E[0x9][\r]$E[0xffffff89]5[0xffffff96][0x4]%[0x1a]L[0xffffff89][0x16]L[0x9])O[0xffffff9a][0x12][0xffffffa6]KiJH[0xffffffb5][0xffffff92][0xffffff94]h)[0xffffff94]h[0x7f][0xffffff81][0x12]#[0xffffff8c][0x12][0x3][0xffffffa7][0xffffffc4][0x8][0xffffffa0][0xffffffc4]@)10J[0xffffff8c]$J[0xffffffac]Q[0xffffffa4]([0xffffffa1][0xffffff81][0xffffffa4]([0xffffffb1][0xffffffc6][0xffffff92][0xffffffa0][0xffffffc4][0xffffff80])1[0xffffff82])![0xffffffe5]IS[0xffffffc2]t)M[0x9][0xffffffa9]V[0xffffff92][0x12]#[0xffffff85][0x12][0xffffffe3]/P[0xffffffe2]8[0xffffffc3],q[0xffffff9c]8&>n[0xffffff81][0xffffffd7][0xffffffc4][0xffffff8f][0xffffff9b][0xffffffa0]8[0xfffffff1]qy[0xffffffca][0x13][0xffffffdf][0xffffff97]N[0x1][0xffffff85][0xffffffe4][0xffffff91][0x12][0xffffff85]I%E[\n]"
08:17:55.200 [TestNG-PoolService-1] DEBUG org.apache.hc.client5.http.wire -- http-outgoing-3 << "[0xffffffc9]&a[0xffffff8a]%[0xffffffa1][0xfffffff5][0xffffffa8]Xr[0xffffff9a][0xffffffa5][\n]"
08:17:55.200 [TestNG-PoolService-1] DEBUG org.apache.hc.client5.http.wire -- http-outgoing-3 << "[0xffffffad]Q[0xffffff9a][0x15][0xffffffae]UiWh[0xffffffc9][0xffffff92][0xffffffb0]X;[0xffffff97][0xffffff93][0xffffffc5]Z[0xffffffc1][[0xffffffb4]h=[0xffffff8c][0x16][0xffffffad][0xffffffe3][0xffffffb4][0xfffffff8][0xffffffb8][0x5][0xffffff9e][0x16]?n[0xffffff82][0xffffffa2][0xffffffc5][0xffffffc7][0xffffffe5])Z|_:[0xffffff85][0x16][0xffffff92]G[0xffffff8a][0x16]&[0xffffff95][0x14]-$[0xffffff9b][0x4]-[0xffffff96][0xffffff84][0xffffffd6][0xffffffd3]b[0xffffffc9]i[0x16]-[0xffffffb4]FiZ[0xffffffb8]V[0xffffffa5]i[0xffffffa1]%K[0xffffffd2]b[0xffffffed]\[0xffffff8e][0x16]k[0x5]o[0xffffffd1][0xffffffa2][0xffffffa7]=[0xffffffb5][0xffffffe8][0xfffffffc]S[0xffffff8b][0xffffff9e][0xfffffff0][0xffffffd4][0xffffffa2][0xffffffb3]O-:[0xfffffff7][0xffffffd4][0xffffffa2]G=[0xffffffb5][0xffffff90]<R[0xffffffb4]0[0xffffffa9][0xffffffa4]h![0xffffffd9]$h[0xffffffd1][0xffffffe9][0xffffffa7][0x16]=[0xfffffff9][0xffffffa9][0xffffff85][0xffffffd6](M[0xb][0xffffffd7][0xffffffaa]4-[0xffffffb4]dIZ[0xffffffac][0xffffff9d][0xffffffcb][0xffffffd1]b[0xffffffad][0xffffffe0]-Z|-a&[0xffffffd1]bL[0xffffff9c][0x16][0x1f][0xffffffb7][0xffffffc0][0xffffffd3][0xffffffe2][0xffffffc7]MP[0xffffffb4][0xfffffff8][0xffffffb8]<E[0xffffff8b][0xffffffef]K[0xffffffa7][0xffffffd0]B[0xfffffff2]H[0xffffffd1][0xffffffc2][0xffffffa4][0xffffff92][0xffffffa2][0xffffff85]d[0xffffff93][0xffffffa0][0xffffffc5][0xffffff92][0xffffffd0]zZ,9[0xffffffcd][0xffffffa2][0xffffff85][0xffffffd6](M[0xb][0xffffffd7][0xffffffaa]4-[0xffffffb4]dIZ[0xffffffac][0xffffff9d][0xffffffcb][0xffffffd1]b[0xffffffad][0xffffffe0]-Z[0xffffffcc][0xffffffb4]O@&[0xffffffff][\r][0xffffffc8]L[0xfffffff8][0x8]d[0xffffffb2]_[0xffffff81]L[0xffffffee]3[0xffffff90][0x19][0xfffffff5][0x1d][0xffffff88][0xffffffe4][0xffffff91][0xffffffa2][0xffffff85]I%E[0xb][0xffffffc9]&A[0xffffff8b]I[0x7f][0xb]2[0xffffff93]?[0x6][0xffffffd1][0x1a][0xffffffa5]i[0xffffffe1]Z[0xffffff95][0xffffffa6][0xffffff85][0xffffff96],I[0xffffff8b][0xffffffb5]s9Z[0xffffffac][0x15][0xffffffbc]G[0xffffff8b][0xffffff91]F[0xb][0xfffffffe][0xffffff9b][0xffffff90][0xffffff99][0xfffffff0]Q[0xffffffc8]d[0xffffffbf][\n]"
08:17:55.200 [TestNG-PoolService-1] DEBUG org.apache.hc.client5.http.wire -- http-outgoing-3 << "[0xffffff99][0xffffffdc]g!3[0xffffffea][0xffffffbb][0x10][0xffffffc9]#F[0xffffff8b][0xffffff9c]/C$[0xffffff9b][0x8]-[0xffffffe8]oCf[0xfffffff2][0xffffffc7]!Z[0xffffffa3]8-[0x2]?[0xf][0xffffffd1][0xffffff92]Ei[0x11][0xfffffff3][0xffffff81][0xffffffc8]Z[0xffffffc1][[0xffffffb4]8[0xffffffce];[0xffffffcc][0x16][0x1f]w[0xffffff84][0xffffffe3][0xffffffe2][0xfffffff3][0x1e]x][0xfffffffc]s[0x17][0x14]/>[0xffffffaf]O[0xfffffff9][0xffffffe2][0xffffffc7][0xffffffb5]S[0xffffff80][0xffffffa1][0xffffffa1][0xffffffa4][0xffffff84][0xffffffe1][0xffffffa2]I[0x11]C[0x3]J[0x18]c[0xffffff8d]i=2[0xffffffd6][0xffffffb0]f)[0xffffffc3][0x14]*[0xffffffcd][0xc][0xffffffdb][0xffffffaf][0xffffffb4]3L[0xffffffdd][0xffffff92][0xffffffd0][0xffffff90][0xfffffff6][0xffffffe5][0xffffffa4]!e[0xffffffbc]G[0xffffff8d][0xffffffeb]I[0xffffffa3][0xffffffc6][0xfffffff5][0xfffffff0][0xffffffd4][0xfffffff8][0xffffffb8][0xffffff87][0x0]j[0xfffffffc][0xffffffb8][0xb][0xffffff8c][0x1a][0x1f][0xffffffd7][0xffffffc7][0xffffffa8][0xfffffff1]}[0xffffffed][0x18]jH(1j[0xffffff98]hb[0xffffffd4][0xffffff90][0xffffff80]"[0xffffffd4]Xb[\n]"
08:17:55.200 [TestNG-PoolService-1] DEBUG org.apache.hc.client5.http.wire -- http-outgoing-3 << "Pc[0x9]k[0x18]5[0xffffffb4]Pqj[0xffffffb8]~[0xffffffc5][0xffffffa9][0xffffffa1]u[0xffffff8b]Rcm_[0xffffff90][0x1a]k[0x19][0xffffffef]Q[0xffffffe3]I[0xfffffffb]:[0xfffffff5][0xffffffe3][0xffffff8e]xj<[0x9][0xffffffdf][0xffffffa7][0xfffffffe]s[0x17][0x18]5[0x1e][0xffffffee][0xb][0xffffffd5][0x1f][0xffffffd7][0xffffff8e][0xffffffa1][0xffffff86][0xffffff84][0x12][0xffffffa3][0xffffff86][0xffffff89]&F[\r][0x9](B[0xffffff8d][0xffffff87][0xfffffffe]Lu[\r]k[0x18]5[0xffffffb4]Pqj[0xffffffb8]~[0xffffffc5][0xffffffa9][0xffffffa1]u[0xffffff8b]Rcm_[0xffffff90][0x1a]k[0x19][0xffffffff][0xe]5[0xffffffe6][0xfffffff7]_9[0xffffffcd][0x19]"W[0x1b][0xfffffff5]'[0xffffff9b][0xfffffffe][0xffffffbc][0x1f][0xffffff8a][0x19][0xffffffbf][0xffffffdc][0x1][0xffffff86][0xffffff8c][0xffffffe5][0x1e][0xffffff8a][0xffffff89][0xfffffff1][0xffffffcb][0xffffffd5][0xffffff8b][0xffffff81][0xfffffff1][0xffffffbf]W[0xffffff86]y[0xfffffff1]6[0xffffff8a][0xffffffc5][0xffffffb8][0xfffffff8][0xffffff8f]@[0x16][0xffffffd3][0xffffffe2]m,[0xb]a[0xfffffff1]&[0xffffff9c]e[0xffffffac]x[0x13][0xffffffd1][0x8]T[0xffffffbc]/O[0xffffff88][0x14][0xffffffff][0xffffffd5][0xffffffa5][0x10]([0xffffffde]W+[0xffffffc0][0xffffff89]wM[[0xffffff8e][0xffffff89]w[0xffffffc5][0xffffffbb]A[0xffffff89][0xffffffcb][0xffffff9c]!r[0xffffff8d]V[0xffffffff][0xffffffcc][0xffffffe2][0xffffffe7][0xfffffffd][0xffffffc0][0xffffff94][0xffffffb8][0xffffffc8]3D[0xffffff96]{`(q[0xffffffd5][0xffffff9f]![0xfffffff2][0xffffffbf]W[0xffffffce][0xffffffa0][0xffffff84]F[0xffffff91][0xffffffa1][0xffffff84][0xb]$C[0x9][0xffffff8d]e=%[0xffffffd6]pVSb[0xffffff8d]h[0x12]%Ly[0xffffffb2][0xffffff94][0xffffffb0]][0xffffffca]R[0xffffffc2]T+G[0x9]iZ[0xffffff8a][0x12]R[0xffffffbc][0x1b][0xffffff94][0xffffffb8][0xffffffdd]S[0xffffff89][0xffffff9b][0xffffffa3][0xffffffc4][0xffffff8d]?[0xffffff95][0xffffffb8][0x3][0xffffff9e]J[0xffffffdc]J[0xffffffe7][0xffffffc2][0xffffff80][0xffffffdf][0xffffffd8]S[0xffffff89];[0xffffffe9][0xffffffa9][0xffffff84]F[0xffffff91][0xffffffa1][0xffffff84][0xb]$C[0x9][0xffffff8d]e=%[0xffffffd6]pVSb[0xffffff8d]h[0x12]%Ly[0xffffffb2][0xffffff94][0xffffffb0]][0xffffffca]R[0xffffffc2]T+G[0x9]iZ[0xffffff8a][0x12]R[0xffffffbc][[0xffffff94]0O%PJ[0xffffffd0]O%[0xffffffee][0xffffff80][0xffffffa7][0x12][0xffffffb7][0xffffffd2][0xffffffb9]4[0xffffffe0][0xffffffd4]S[0xffffff89];[0xffffffe9][0xffffffa9][0xffffff84]F[0xffffff91][0xffffffa2]D[0xffffffca]S[0x9][0xffffff8d]%A[0x9][0xfffffff6][0xffffffa9][0xffffffc4][0x1a][0xffffffd1],J[0xffffff84]=[0xffffff95][0xffffffb0]]JS"[0xffffffe8][0xffffffa9][0xffffff84]4-G[0xffffff89]?[0x7f]*[0xfffffff1][0xffffffb8][0xffffffa7][0x12][0xfffffff3]zQ[0xffffff94]x[0xfffffff0][0xffffffa7][0x12]O[0xffffffc0]S[0xffffff89]G[0xffffffe9]\[0x18][0xfffffff0][0x7]{*[0xfffffff1]$=[0xffffff95][0xffffffd0](2[0xffffff94]p[0xffffff81]d([0xffffffa1][0xffffffb1][0xffffffac][0xffffffa7][0xffffffc4][0x1a][0xffffffce]jJ[0xffffffac][0x11]M[0xffffffa2][0xffffff84])O[0xffffff96][0x12][0xffffffb6]KYJ[0xffffff98]j[0xffffffe5](!MKQB[0xffffff8a][0xfffffff7][0xfffffff7])q[0xffffffbc][0xc]%[0xffffffee][0xfffffff1]5[0xffffffee]MP[0xffffffe2][0xfffffff3]~XJ|[0xffffffdd][0x1]L[0xffffff89][0x7f][0xffffffef][0x1][0xffffffa1][0xffffffc4][0xffffffd7][0xffffffd5][0x11]J[0xfffffffc]s[0xffffffe5][0x8]J[0xffffff98]("[0xffffff94][0xffffffb0][0xffffff81]D(abYN[0x9][0x9]g1%$[0xffffffa2]A[0xffffff94]p[0xffffffe5][0xffffff89]R[0xffffffc2]w)J[0x9]W[0xffffffad][0x18]%[0xffffffb4]i!Jh[0xfffffff1]nP[0xffffffe2]p[0xffffff94][0xfffffff8]`[\n]"
08:17:55.202 [TestNG-PoolService-2] DEBUG org.apache.hc.client5.http.wire -- http-outgoing-5 << "[0xffffffa8][0xffffff92]pVS"x[0xffffffa2][0xffffffca][0xffffff95]'K[0xffffff89][0xffffffbc][0xffffff89]*W[0xffffffad][0x1c]%R&[0xffffffaa][0xffffffb4]x[0x7f][0xffffff9f][0x12][0xffffffe7][0xffffffcb]Qb<7D[0xffffff89][0xffffffcf][0xfffffffb]a)[0xfffffff1]u[0x7]0%[0xfffffffe][0xffffffbd][0x7][0xffffff84][0x12]_WG([0xfffffff1][0xffffffcf][0xffffff95]#(a[0xffffffa2][0xffffff88]P[0xffffffc2][0x6][0x12][0xffffffa1][0xffffff84][0xffffff89]e9%$[0xffffff9c][0xffffffc5][0xffffff94][0xffffff90][0xffffff88][0x6]Q[0xffffffc2][0xffffff95]'J[0x9][0xffffffdf][0xffffffa5](%\[0xffffffb5]b[0xffffff94][0xffffffd0][0xffffffa6][0xffffff85]([0xffffffa1][0xffffffc5][0xffffffbb]A[0xffffff89][0xffffffc3]P[0xffffffa2][0xffffffbf][0xffffffb0]38>[0xffffffef][0x7][0xffffffa6][0xffffffc4][0x11]@[0xffffff89]C[0xfffffff3]^[0x18][0xfffffff0][0x3][0xffffffa3][0xffffffc4][0xffffff91]D[0x9][0xffffff8d]"C[0x9][0x17]H[0xffffff86][0x12][0x1a][0xffffffcb]zJ[0xffffffac][0xffffffe1][0xffffffac][0xffffffa6][0xffffffc4][0x1a][0xffffffd1]$J[0xffffff98][0xfffffff2]d)a[0xffffffbb][0xffffff94][0xffffffa5][0xffffff84][0xffffffa9]V[0xffffff8e][0x12][0xffffffd2][0xffffffb4][0x14]%[0xffffffa4]x[0xffffffb7]([0xffffffa1][0xffffffc3][0xffffffd9],%[0xffffffe0][0xffffffe1][0xffffffec]3`8[0xfffffffb]4[0xffffffeb][0xffffffae][0xffffffa5][0x1][0xffffff87][0xffffff86][0xffffffb3]O[0xffffffd9]oe)[0x11]1[0xffffff9c]m[0x3]IQ[0x2][0x1f][0xffffffce][0xffffff96]p[0xffffffd6]S"v8[0xffffffdb][0xffffff95]'M[0xffffff89][0xffffffb4][0xffffffe1]lW[0xffffffad]$%2[0xffffff86][0xffffffb3][0xffffffb5]x[0xffffffb7](q[0xffffff86]Q[0xffffffe2][0xffffffc4])q[0x6]P[0xffffffe2]D)qb[0xffffff94]8[0xffffff93]([0xffffffb1]F[0xffffff91][0xffffffa2][0xffffff84][0x6][0xffffff92][0xffffffa2][0xffffffc4][0x1a]K[0xffffff82][0x12]'L[0xffffff89]3[0xffffff98][0x12]R[0xffffff9e]4%L[0xffffff97][0xffffffd2][0xffffff94][0xffffff90]j%)q[0xffffffa6]P[0xffffffe2][0xfffffffc][0xb][0xffffff94][0xffffffb8][0xffffffc2](q[0xffffffe1][0xffffff94][0xffffffb8][0x2](q[0xffffffa1][0xffffff94][0xffffffb8]0J\I[0xffffff94]X[0xffffffa3]HQB[0x3]IQb[0xffffff8d]%A[0xffffff89][0xb][0xffffffa6][0xffffffc4][0x15]L[0x9])O[0xffffff9a][0x12][0xffffffa6]KiJH[0xffffffb5][0xffffff92][0xffffff94][0xffffffb8]R(q[0xfffffffd][0x5]J[0x1c]i[0xffffff8f]%[0xe][0xfffffffe][0xffffffb9][0xffffffc4][0xffffff91][0xfffffff0]`[0xffffffe2]`[0xffffff9f]L[0x1c][0xffffffdc][0xffffffa3][0xffffff89]#[0xffffffea][0xffffffd9][0xffffff84][0xffffffe4][0xffffff91][0x12][0xffffff85]I%E[\n]"
08:17:55.202 [TestNG-PoolService-2] DEBUG org.apache.hc.client5.http.wire -- http-outgoing-5 << "[0xffffffc9]&a[0xffffff8a][0xffffff83]~>q$?[0xffffffa0][0xffffffd0][0x1a][0xffffffa5]Y[0xffffffe1]Z[0xffffff95]v[0xffffff85][0xffffff96],[0x9][0xffffff8b][0xffffffb5]s9Y[0xffffffac][0x15][0xffffffbc]E[0xffffff8b]v[0xffffff87][0xffffffd1][0xffffffa2][0xffffffdd]8->n[0xffffff81][0xffffffa7][0xffffffc5][0xffffff8f][0xffffff9b][0xffffffa0]h[0xfffffff1]qy[0xffffff8a][0x16][0xffffffdf][0xffffff97]N[0xffffffa1][0xffffff85][0xffffffe4][0xffffff91][0xffffffa2][0xffffff85]I%E[0xb][0xffffffc9]&A[0xffffff8b]%[0xffffffa1][0xfffffff5][0xffffffb4]Xr[0xffffff9a]E[0xb][0xffffffad]Q[0xffffff9a][0x16][0xffffffae]UiZh[0xffffffc9][0xffffff92][0xffffffb4]X;[0xffffff97][0xffffffa3][0xffffffc5]Z[0xffffffc1][[0xffffffb4][0xfffffff8][0xfffffffa][0xffffffa7][0xffffff93]D[0xffffff8b][0xffffff8f][0x7f][0xffffffb2]4->n[0xffffff81][0xffffffa7][0xffffffc5][0xffffff8f][0xffffff9b][0xffffffa0]h[0xfffffff1]qy[0xffffff8a][0x16][0xffffffdf][0xffffff97]N[0xffffffa1][0xffffff85][0xffffffe4][0xffffff91][0xffffffa2][0xffffff85]I%E[0xb][0xffffffc9]&A[0xffffff8b]%[0xffffffa1][0xfffffff5][0xffffffb4]Xr[0xffffff9a]E[0xb][0xffffffad]Q[0xffffff9a][0x16][0xffffffae]UiZh[0xffffffc9][0xffffff92][0xffffffb4]X;[0xffffff97][0xffffffa3][0xffffffc5]Z[0xffffffc1][[0xffffffb4][0x18]i_[0xffffff8f][0xe][0xfffffffe][0xfffffff3][0xffffffd1][0xffffff8f][[0xffffffe0]i[0xfffffff1][0xffffffe3]&(Z[0xc][0xffffffee][0xb][0xffffffd2][0x11][0xfffffff5][0x9][0xffffffa9][0xffffffe4][0xffffff91][0xffffffa2][0xffffff85]I%E[0xb][0xffffffc9]&A[0xffffff8b]A[0x7f]F:[0xffffff92][0xffffffbf]#[0xffffffd5][0x1a][0xffffffa5]i[0xffffffe1]Z[0xffffff95][0xffffffa6][0xffffff85][0xffffff96],I[0xffffff8b][0xffffffb5]s9Z[0xffffffac][0x15][0xffffffbc]E[0xffffff8b]3[0xffffffed]][0xffffff8b][0xffffff93][0x7f][0xffffffd7][0xffffffe2]Lx[0xffffffd7][0xffffffe2]d[0xffffffdf][0xffffffb5]8[0xffffffb9]w-[0xffffffce][0xffffffa8]w-$[0xffffff8f][0x14]-L*)ZH6[0x9]Z[0xffffff9c][0xfffffff4][0xffffffbb][0x16]g[0xfffffff2][0xffffffbb][0x16]Z[0xffffffa3]4-\[0xffffffab][0xffffffd2][0xffffffb4][0xffffffd0][0xffffff92]%i[0xffffffb1]v.G[0xffffff8b][0xffffffb5][0xffffff82][0xffffffb7]h[0xfffffff1]5[0xffffffba][0xffffff9d]D[0xffffff8b][0xffffffeb][0xffffffc1]i[0xfffffff1]q[0xb]<-~[0xffffffdc][0x4]E[0xffffff8b][0xffffff8f][0xffffffcb]S[0xffffffb4][0xfffffff8][0xffffffbe]t[\n]"
08:17:55.202 [TestNG-PoolService-2] DEBUG org.apache.hc.client5.http.wire -- http-outgoing-5 << "-$[0xffffff8f][0x14]-L*)ZH6[0x9]Z,[0x9][0xffffffad][0xffffffa7][0xffffffc5][0xffffff92][0xffffffd3],Zh[0xffffff8d][0xffffffd2][0xffffffb4]p[0xffffffad]J[0xffffffd3]BK[0xffffff96][0xffffffa4][0xffffffc5][0xffffffda][0xffffffb9][0x1c]-[0xffffffd6][\n]"
08:17:55.202 [TestNG-PoolService-2] DEBUG org.apache.hc.client5.http.wire -- http-outgoing-5 << "[0xffffffde][0xffffffa3][0xffffffc5]L[0xffffffa3][0xffffffc5][0xffffffe4]i1[0x13]h1YZL[0xffffff8e][0x16]3[0xffffff8a][0x16]k[0x1e]1Zh*1Z[0xffffffac][0xffffffd9]Dh1iZ[0xffffffcc]dZH[0xffffff8d][0xffffffe2][0xffffffb4]0[0xffffffad][0xffffff8a][0xffffffd3]BJ[0x16][0xffffffa5][0xffffffc5][0xffffff8c][0xffffffa1][0xffffffc5][0xfffffffc][0xb][0xffffffb4][0xffffffb8][0xffffffd3][0xffffffde][0xffffffb5][0xffffffb8][0xfffffff9]w->n[0xffffff81][0xffffffa7][0xffffffc5][0xffffff8f][0xffffff9b][0xffffffa0]hqs[0xffffffef]Z[0xffffffdc]Q[0xffffffef]ZH[0x1e])Z[0xffffff98]TR[0xffffffb4][0xffffff90]l[0x12][0xffffffb4][0xffffffb8][0xffffffe9]w-[0xffffffee][0xffffffe4]w-[0xffffffb4]FiZ[0xffffffb8]V[0xffffffa5]i[0xffffffa1]%K[0xffffffd2]b[0xffffffed]\[0xffffff8e][0x16]k[0x5]o[0xffffffd1][0xffffffe2]8[0xffffffd2][0x1e][|[0xffffffdc][0x11][0xffffff8e][0xffffff8b][0xffffffcf]{[0xffffffe0]u[0xfffffff1][0xffffffcf]]P[0xffffffbc][0xfffffff8][0xffffffbc]>[0xffffffe5][0xffffff8b][0x1f][0xffffffd7]N[0x1][0xffffff86][0xffffff86][0xffffff92][0x12][0xffffff86][0xffffff8b]&E[0xc][\r](a[0xffffff8c]5[0xffffffa6][0xfffffff5][0xffffffc8]X[0xffffffc3][0xffffff9a][0xffffffa5][0xc]S[0xffffffa8]43l[0xffffffbf][0xffffffd2][0xffffffce]0uKBC[0xffffffda][0xffffff97][0xffffff93][0xffffff86][0xffffff94][0xfffffff1][0xffffffef]P[0xffffffe3][0xfffffff9][0xfffffffe]+[0xffffffcd][0x1d]7v[0x1d][0xffffffa3][0x1c][0x1a]?[0xffffffef][0xffffff87]b[0xffffffc6]/w[0xffffff80]!c[0xffffffb9][0xffffff87]bb[0xfffffffc]r[0xfffffff5]b`[0xfffffffc][0xffffffef][0xffffff95]a^[0xffffffbc][0xffffff8d]b1.[0xfffffffe]#[0xffffff90][0xffffffc5][0xffffffb4]x[0x1b][0xffffffcb]BX[0xffffffbc][0x9]g[0x19]+[0xffffffde]D4[0x2][0x15][0xffffffef][0xffffffcb][0x13]"[0xffffffc5][0x7f]u)[0x4][0xffffff8a][0xfffffff7][0xffffffd5][\n]"
08:17:55.202 [TestNG-PoolService-1] DEBUG org.apache.hc.client5.http.wire -- http-outgoing-3 << "E[0xffffff89][0x3][0xffffffa7][0xffffffc4][0x11]@[0xffffff89]C[0xfffffff3]^[0x18][0xfffffff0][0x3][0xffffffa3][0xffffffc4][0xffffff91]D[0x9][0xffffff8d]"C[0x9][0x17]H[0xffffff86][0x12][0x1a][0xffffffcb]zJ[0xffffffac][0xffffffe1][0xffffffac][0xffffffa6][0xffffffc4][0x1a][0xffffffd1]$J[0xffffff98][0xfffffff2]d)a[0xffffffbb][0xffffff94][0xffffffa5][0xffffff84][0xffffffa9]V[0xffffff8e][0x12][0xffffffd2][0xffffffb4][0x14]%[0xffffffa4]x7([0xffffffd1],%[0xffffff9e][0xffffff87][0xffffffa2]D[0xffffffc3])[0xffffffd1][0x2]([0xffffffd1]4[0xffffffef][0xffffff85][0x1]o[0x18]%Z[0x12]%4[0xffffff8a][0xc]%\ [0x19]Jh,[0xffffffeb])[0xffffffb1][0xffffff86][0xffffffb3][0xffffff9a][0x12]kD[0xffffff93](a[0xffffffca][0xffffff93][0xffffffa5][0xffffff84][0xffffffed]R[0xffffff96][0x12][0xffffffa6]Z9JH[0xffffffd3]R[0xffffff94][0xffffff90][0xffffffe2][0xffffffdd][0xffffffa0]D[0xffffffb7][0xffffff94][0xffffff98][0xffffffd4]k[0xffffff97][0xffffff9f][0xfffffff7][0x3]S[0xffffffa2][0x7]P[0xffffffa2]k[0xffffffde][0xb][0x3][0xffffffde]1J[0xfffffff4]$Jh[0x14][0x19]J[0xffffffb8]@2[0xffffff94][0xffffffd0]X[0xffffffd6]Sb[\r]g5%[0xffffffd6][0xffffff88]&Q[0xffffffc2][0xffffff94]'K[0x9][0xffffffdb][0xffffffa5],%L[0xffffffb5]r[0xffffff94][0xffffff90][0xffffffa6][0xffffffa5](![0xffffffc5][0xffffffbb]A[0xffffff89][0xffffffe1]([0xfffffff1][0xffffffdc][0xffffff9d][0xffffffa2][0xffffffc4][0xffffffc0])1[0x2](14[0xffffffef][0xffffff85][0x1][0x1f][0x18]%F[0x12]%4[0xffffff8a][0xc]%\ [0x19]Jh,[0xffffffeb])[0xffffffb1][0xffffff86][0xffffffb3][0xffffff9a][0x12]kD[0xffffff93](a[0xffffffca][0xffffff93][0xffffffa5][0xffffff84][0xffffffed]R[0xffffff96][0x12][0xffffffa6]Z9JH[0xffffffd3]R[0xffffff94][0xffffff90][0xffffffe2][0xffffffdd][0xffffffa0][0xffffff84][[0xffffffbb][0xffffffbc]g[0xffffffc3]~[0xffffffe0][0xffffffc0][0xffffffd7].[0xffffff8f][0xffffff80][0xffffffb5][0xffffffcb][0xffffffc3]L[0xffffffb2][0x15][0x6][0x1c][[0xffffffbb]<dt[0xffffff8d][0xffffffa4]D[0xffffffc8][0xffffffda][0xffffffa5][\r]$C[0xffffff89][0xffffff80][0xffffffb5]K[0x9]g5%[0xffffff82][0xffffffd7].]y[0xffffffb2][0xffffff94][0xffffffc8][[0xffffffbb]t[0xffffffd5][0xffffffca]Q"e[0xffffffed]R[0xffffff8b]w[0xffffff83][0x12][0xffffff97][0xffffffa1][0xffffffc4][0xfffffff3][0xffffffe2](q[0xffffffe1][0xffffff94][0xffffffb8][0x2](qi[0xffffffde][0xb][0x3]~a[0xffffff94][0xffffffb8][0xffffff92]([0xffffffa1]Qd([0xffffffe1][0x2][0xffffffc9]PBcYO[0xffffff89]5[0xffffff9c][0xffffffd5][0xffffff94]X#[0xffffff9a]D[0x9]S[0xffffff9e],%l[0xffffff97][0xffffffb2][0xffffff94]0[0xffffffd5][0xffffffca]QB[0xffffff9a][0xffffff96][0xffffffa2][0xffffff84][0x14][0xffffffef][0x6]%[0xffffffdc][0xffffffda][0xffffffe5]3[0xffffffee]FQ[0x2]_[0xffffffbb]<[0x2][0xffffffd6].[0xf]3[0xffffffc9]V[0x18]pl[0xffffffed][0xfffffff2][0xffffff90][0xffffffd1]5[0xffffff92][0x12]!k[0xffffff97]6[0xffffff90][0xc]%[0x2][0xffffffd6].%[0xffffff9c][0xffffffd5][0xffffff94][0x8]^[0xffffffbb]t[0xffffffe5][0xffffffc9]R"o[0xffffffed][0xffffffd2]U+G[0xffffff89][0xffffff94][0xffffffb5]K-[0xffffffde][\r]J[0xffffffb8][0xffffff89][0xffffffaa][0xffffffe7][0xffffffba][0xffffffa8][0xffffffe3][0xffffffbc][0xe]|[0xffffffa2][0xffffffea][0x8][0xffffff98][0xffffffa8]:[0xffffffcc][0xffffff8e]Ja[0xffffffc0][0xffffffb1][0xffffff89][0xffffffaa]C[0xffffff96]RHJ[0xffffff84]LT[0xffffffd9]@2[0xffffff94][0x8][0xffffff98][0xffffffa8][0xffffff92]pVS"x[0xffffffa2][0xffffffca][0xffffff95]'K[0xffffff89][0xffffffbc][0xffffff89]*W[0xffffffad][0x1c]%R&[0xffffffaa][0xffffffb4]x7(1[0x1d]%[0xffffff9e][0xffffff8e][0xffffffed]JL[0xffffff9c][0x12]3[0xffffff80][0x12]S[0xfffffff3]^[0x18][0xfffffff0][0xffffff89]Qb&QB[0xffffffa3][0xffffffc8]P[0xffffffc2][0x5][0xffffff92][0xffffffa1][0xffffff84][0xffffffc6][0xffffffb2][0xffffff9e][0x12]k8[0xffffffab])[0xffffffb1]F4[0xffffff89][0x12][0xffffffa6]<YJ[0xffffffd8].e)a[0xffffffaa][0xffffff95][0xffffffa3][0xffffff84]4-E[0x9])[0xffffffde]-J[0xfffffff4]0Jt[0xffffff9c][0x12]=[0xffffff80][0x12][0x1d][0xffffffa5]D[0xffffffc7]([0xffffffd1][0xffffff93]([0xffffffb1]F[0xffffff91][0xffffffa2][0xffffff84][0x6][0xffffff92][0xffffffa2][0xffffffc4][0x1a]K[0xffffff82][0x12][0x1d][0xffffffa6]D[0xf][0xffffffa6][0xffffff84][0xffffff94]'M[0x9][0xffffffd3][0xffffffa5]4%[0xffffffa4]ZIJ[0xfffffff4][0x14]J[0xfffffff4]?[0xffffffa5]Ds[0xffffffc3][0xffffffd9][0xfffffff3]~Q[0xffffffaf]]6|8[0xffffffbb][0x5][0xc]g7[0xffffffb3][0xffffffee]Z[0x17][0xfffffff0][0xffffff86][\r]g7[0xffffffd9]o[0x5])a[0xffffffa2][0xffffff88]P[0xffffffc2][0x6][0x12][0xffffffa1][0xffffff84][0xffffff89]e9%$[0xffffff9c][0xffffffc5][0xffffff94][0xffffff90][0xffffff88][0x6]Q[0xffffffc2][0xffffff95]'J[0x9][0xffffffdf][0xffffffa5](%\[0xffffffb5]b[0xffffff94][0xffffffd0][0xffffffa6][0xffffff85]([0xffffffa1][0xffffffc5][0xffffffbb]A[0x9]7[0xffffff9c]=[0xffffffe7][0xffffffeb][0xffffffa0]([0xffffff81][0xf]g[0xffffffb7][0xffffff80][0xffffffe1][0xffffffec]f[0xffffffd6]][0xb][0x3][0xffffff8e][\r]g7[0xffffffd9]o%)[0x11]2[0xffffff9c]m[0x3][0xffffffc9]P"`8[[0xffffffc2]YM[0xffffff89][0xffffffe0][0xffffffe1]lW[0xffffff9e],%[0xfffffff2][0xffffff86][0xffffffb3]][0xffffffb5]r[0xffffff94]H[0x19][0xffffffce][0xffffffd6][0xffffffe2][0xffffffdd][0xffffffa0][0xffffff84][0x19][0xffffffce][0xffffffbe]_[0xffffffed][0xffffffa2][0xffffff8e][0xfffffff3]j[0xfffffff8]pv[0xb][0x18][0xffffffce]nf[0xffffffdd][0xffffffb5]0[0xffffffe0][0xffffffd8]pv[0xffffff93][0xfffffffd]V[0xffffff92][0x12]![0xffffffc3][0xffffffd9]6[0xffffff90][0xc]%[0x2][0xffffff86][0xffffffb3]%[0xffffff9c][0xffffffd5][0xffffff94][0x8][0x1e][0xffffffce]v[0xffffffe5][0xffffffc9]R"o8[0xffffffdb]U+G[0xffffff89][0xffffff94][0xffffffe1]l-[0xffffffde][\r]J[0xffffff98][0xffffffe1][0xffffffec][0xfffffffb]5&[0xfffffff5]1h[0xffffffc3][0xffffff87][0xffffffb3][[0xffffffc0]pv3[0xffffffeb][0xffffffae][0xffffff85][0x1][0xffffffc7][0xffffff86][0xffffffb3][0xffffff9b][0xffffffec][0xffffffb7][0xffffff92][0xffffff94][0x8][0x19][0xffffffce][0xffffffb6][0xffffff81]d([0x11]0[0xffffff9c]-[0xffffffe1][0xffffffac][0xffffffa6]D[0xfffffff0]p[0xffffffb6]+O[0xffffff96][0x12]y[0xffffffc3][0xffffffd9][0xffffffae]Z9J[0xffffffa4][0xc]gk[0xfffffff1]nP[0xffffffc2][0xc]g[0xffffffdf][0xffffffaf][0xffffffe7][0xffffffa6]^[0xffffffbb]l[0xfffffff8]pv[0xb][0x18][0xffffffce]nf[0xffffffdd][0xffffffb5]0[0xffffffe0][0xffffffd8]pv[0xffffff93][0xfffffffd]V[0xffffff92][0x12]![0xffffffc3][0xffffffd9]6[0xffffff90][0xc]%[0x2][0xffffff86][0xffffffb3]%[0xffffff9c][0xffffffd5][0xffffff94][0x8][0x1e][0xffffffce]v[0xffffffe5][0xffffffc9]R"o8[0xffffffdb]U+G[0xffffff89][0xffffff94][0xffffffe1]l-[0xffffffde][\r]J[0xffffff98][0xffffffe1][0xffffffec][0xfffffffb][0xffffffc5][\r]g7|8[0xffffffbb][0x5][0xc]g7[0xffffffb3][0xffffffee]Z[0x18]pl8[0xffffffbb][0xffffffc9]~+I[0xffffff89][0xffffff90][0xffffffe1]l[0x1b]H[0xffffff86][0x12][0x1][0xffffffc3][0xffffffd9][0x12][0xffffffce]jJ[0x4][0xf]g[0xffffffbb][0xfffffff2]d)[0xffffff91]7[0xffffff9c][0xffffffed][0xffffffaa][0xffffff95][0xffffffa3]D[0xffffffca]p[0xffffffb6][0x16][0xffffffef][0x6]%[0xffffffcc]p[0xfffffff6][0x7]%[0x1e]j[0xffffffa2][0xffffffaa][0xffffffe1][0xffffffc3][0xffffffd9]-`8[0xffffffbb][0xffffff99]u[0xffffffd7][0xffffffc2][0xffffff80]c[0xffffffc3][0xffffffd9]M[0xfffffff6][IJ[0xffffff84][0xc]g[0xffffffdb]@2[0xffffff94][0x8][0x18][0xffffffce][0xffffff96]pVS"x8[0xffffffdb][0xffffff95]'K[0xffffff89][0xffffffbc][0xffffffe1]lW[0xffffffad][0x1c]%R[0xffffff86][0xffffffb3][0xffffffb5]x7(a[0xffffff86][0xffffffb3][0xffffffef][0xffffffe3][0xffffffd5]0J[0xffffffe0][0xffffffc3][0xffffffd9]-`8[0xffffffbb][0xffffff99]u[0xffffffd7][0xffffffc2][0xffffff80]c[0xffffffc3][0xffffffd9]M[0xfffffff6][IJ[0xffffff84][0xc]g[0xffffffdb]@2[0xffffff94][0x8][0x18][0xffffffce][0xffffff96]pVS"x8[0xffffffdb][0xffffff95]'K[0xffffff89][0xffffffbc][0xffffffe1]lW[0xffffffad][0x1c]%R[0xffffff86][0xffffffb3][0xffffffb5]x7(a[0xffffff86][0xffffffb3]?([0xfffffff1]`[0xffffffaf]][0xffffffe2][0xffffffc3][0xffffffd9]-`8[0xffffffbb][0xffffff99]u[0xffffffd7][0xffffffc2][0xffffff80]c[0xffffffc3][0xffffffd9]M[0xfffffff6][IJ[0xffffff84][0xc]g[0xffffffdb]@2[0xffffff94][0x8][0x18][0xffffffce][0xffffff96]pVS"x8[0xffffffdb][0xffffff95]'K[0xffffff89][0xffffffbc][0xffffffe1]lW[0xffffffad][0x1c]%R[0xffffff86][0xffffffb3][0xffffffb5]x7(1[0x1d]%[0xe][0xffffffec][0xc][0xffffff8e][0xffffffcf][0xfffffffb][0xffffff81])1[0x3](15[0xffffffef][0xffffff85][0x1][0xffffff9f][0x18]%f[0x12]%4[0xffffff8a][0xc]%\ [0x19]Jh,[0xffffffeb])[0xffffffb1][0xffffff86][0xffffffb3][0xffffff9a][0x12]kD[0xffffff93](a[0xffffffca][0xffffff93][0xffffffa5][0xffffff84][0xffffffed]R[0xffffff96][0x12][0xffffffa6]Z9JH[0xffffffd3]R[0xffffff94][0xffffff90][0xffffffe2][0xfffffffd]}Jt[0xffffffb3]vy[0x1f][0xffffffe7][0xffffffd1]!Jt|[0xffffffed][0xffffffb2][0x7][0xffffffac]]v3[0xffffffc9]V[0x17][0xfffffff0][0xffffff8e][0xffffffad]]v[0x19]][0x3])a[0xffffffa2][0xffffff88]P[0xffffffc2][0x6][0x12][0xffffffa1][0xffffff84][0xffffff89]e9%$[0xffffff9c][0xffffffc5][0xffffff94][0xffffff90][0xffffff88][0x6]Q[0xffffffc2][0xffffff95]'J[0x9][0xffffffdf][0xffffffa5](%\[0xffffffb5]b[0xffffff94][0xffffffd0][0xffffffa6][0xffffff85]([0xffffffa1][0xffffffc5][0xffffffbb]A[0x9][0xffffffb3]vy[0x1f]w[0xffffffc7]([0xffffff81][0xffffffaf]][0xfffffff6][0xffffff80][0xffffffb5][0xffffffcb]n&[0xffffffd9][\n]"
08:17:55.202 [TestNG-PoolService-1] DEBUG org.apache.hc.client5.http.wire -- http-outgoing-3 << "[0x3][0xffffff8e][0xffffffad]]v[0x19]]#)[0x11][0xffffffb2]vi[0x3][0xffffffc9]P"`[0xffffffed]R[0xffffffc2]YM[0xffffff89][0xffffffe0][0xffffffb5]KW[0xffffff9e],%[0xfffffff2][0xffffffd6].][0xffffffb5]r[0xffffff94]HY[0xffffffbb][0xffffffd4][0xffffffe2][0xffffffdd][0xffffffa0][0xffffff84][[0xffffffbb]l[0x7][0xffffffb6]+[0xffffffd1][0xfffffff1][0xffffffb5][0xffffffcb][0x1e][0xffffffb0]v[0xffffffd9][0xffffffcd]$[a[0xffffffc0][0xffffffb1][0xffffffb5][0xffffffcb].[0xffffffa3]k$%B[0xffffffd6].m [0x19]J[0x4][0xffffffac]]J8[0xffffffab])[0x11][0xffffffbc]v[0xffffffe9][0xffffffca][0xffffff93][0xffffffa5]D[0xffffffde][0xffffffda][0xffffffa5][0xffffffab]V[0xffffff8e][0x12])k[0xffffff97]Z[0xffffffbc][[0xffffff94][0xffffff90][0xffffff93]AaJ[0xffffffc0]'[0xffffff83]~[0xffffffdd][0x1]O[0x9][0xfffffff0]d[0xffffffd0][0xffffffaf][0xffffffab]S[0xffffff94][0xffffffc8]9[0x19][0xffffffd4]D[0xffffff91][0xffffffa2]D[0xffffffc8][0xffffffc9][0xffffffa0]&[0xffffff96][0x4]%[0xffffffd0][0xffffff93]A%[0xffffffa2]Y[0xffffff94][0xffffffc8]:[0x19][0xffffffd4]w)M[0xffffff89][0xffffff9c][0xffffff93]A[0xffffffb5]i9J[0xfffffffc][0xfffffff1][0xffffffc9][0xffffffa0][0xffffffdd][\r]g[0xffffffb7]>[0xffffffa8][0xffffffd7].;>[0xffffff9c][0xffffffdd][0x3][0xffffff86][0xffffffb3][0xffffffbb]Yw-[0xc]86[0xffffff9c][0xffffffdd]e[0xffffffbf][0xffffff95][0xffffffa4]D[0xffffffc8]p[0xffffffb6][\r]$C[0xffffff89][0xffffff80][0xffffffe1]l[0x9]g5%[0xffffff82][0xffffff87][0xffffffb3]]y[0xffffffb2][0xffffff94][0xffffffc8][0x1b][0xffffffce]v[0xffffffd5][0xffffffca]Q"e8[[0xffffff8b]w[0xffffff83][0x12]n8[0xffffffbb][0xffffffdd][0xffffff93]:[0x19][0xffffffb4][0xffffffe3][0xffffffc3][0xffffffd9]=`8[0xffffffbb][0xffffff9b]u[0xffffffd7][0xffffffc2][0xffffff80]c[0xffffffc3][0xffffffd9]][0xfffffff6][IJ[0xffffff84][0xc]g[0xffffffdb]@2[0xffffff94][0x8][0x18][0xffffffce][0xffffff96]pVS"x8[0xffffffdb][0xffffff95]'K[0xffffff89][0xffffffbc][0xffffffe1]lW[0xffffffad][0x1c]%R[0xffffff86][0xffffffb3][0xffffffb5]x7([0xffffffe1][0xffffffd6].{[0x7f]Q'[0xffffff83]v|[0xffffffed][0xffffffb2][0x7][0xffffffac]]v3[0xffffffc9]V[0x18]pl[0xffffffed][0xffffffb2][0xffffffcb][0xffffffe8][0x1a]I[0xffffff89][0xffffff90][0xffffffb5]K[0x1b]H[0xffffff86][0x12][0x1]k[0xffffff97][0x12][0xffffffce]jJ[0x4][0xffffffaf]][0xffffffba][0xfffffff2]d)[0xffffff91][0xffffffb7]v[0xffffffe9][0xffffffaa][0xffffff95][0xffffffa3]D[0xffffffca][0xffffffda][0xffffffa5][0x16][0xffffffef][0x6]%[0xffffffdc][0xffffffda]e?[0xffffff8f]AQ[0x2]_[0xffffffbb][0xffffffec][0x1]k[0xffffff97][0xffffffdd]L[0xffffffb2][0x15][0x6][0x1c][[0xffffffbb][0xffffffec]2[0xffffffba]FR"d[0xffffffed][0xffffffd2][0x6][0xffffff92][0xffffffa1]D[0xffffffc0][0xffffffda][0xffffffa5][0xffffff84][0xffffffb3][0xffffff9a][0x12][0xffffffc1]k[0xffffff97][0xffffffae]<YJ[0xffffffe4][0xffffffad]][0xffffffba]j[0xffffffe5]([0xffffff91][0xffffffb2]v[0xffffffa9][0xffffffc5][0xffffffbb]A[0x9][0xffffffb7]v[0xffffffd9][0xffffff9f][0xffffff81]=[0xffffff95][0xffffffc0][0xffffffd7].{[0xffffffc0][0xffffffda]e7[0xffffff93]l[0xffffff85][0x1][0xffffffc7][0xffffffd6].[0xffffffbb][0xffffff8c][0xffffffae][0xffffff91][0xffffff94][0x8]Y[0xffffffbb][0xffffffb4][0xffffff81]d([0x11][0xffffffb0]v)[0xffffffe1][0xffffffac][0xffffffa6]D[0xfffffff0][0xffffffda][0xffffffa5]+O[0xffffff96][0x12]yk[0xffffff97][0xffffffae]Z9J[0xffffffa4][0xffffffac]]j[0xfffffff1]nPb:J[0xffffffcc]~S[0xffffff94][0xffffff98]8%f[0x0]%[0xffffffa6][0xffffffe6][0xffffffbd]0[0xffffffe0][0x13][0xffffffa3][0xffffffc4]L[0xffffffa2][0xffffff84]F[0xffffff91][0xffffffa1][0xffffff84][0xb]$C[0x9][0xffffff8d]e=%[0xffffffd6]pVSb[0xffffff8d]h[0x12]%Ly[0xffffffb2][0xffffff94][0xffffffb0]][0xffffffca]R[0xffffffc2]T+G[0x9]iZ[0xffffff8a][0x12]R[0xffffffbc][0xffffffbf]O[0xffffff89][0xffffffe1]&[0xffffffaa][0xffffffc6][0xffffffeb][0xffffffbc] J[0xc]|[0xffffffa2]j[0x4]LT[\r][0xffffffb3][0xffffffa3]R[0x17][0xfffffff0][0xffffff81]MT[\r]YJ[0x1])a[0xffffffa2][0xffffff88]P[0xffffffc2][0x6][0x12][0xffffffa1][0xffffff84][0xffffff89]e9%$[0xffffff9c][0xffffffc5][0xffffff94][0xffffff90][0xffffff88][0x6]Q[0xffffffc2][0xffffff95]'J[0x9][0xffffffdf][0xffffffa5](%\[0xffffffb5]b[0xffffff94][0xffffffd0][0xffffffa6][0xffffff85]([0xffffffa1][0xffffffc5][0xffffffbb]A[0x9]7Q5[0xffffff8e]F[0xffffffed]J[0xc]|[0xffffffa2]j[0x4]LT[\r][0xffffffb3][0xffffffa3]R[0x18]pl[0xffffffa2]j[0xffffffc8]R[\n]"
08:17:55.202 [TestNG-PoolService-1] DEBUG org.apache.hc.client5.http.wire -- http-outgoing-3 << "I[0xffffff89][0xffffff90][0xffffff89]*[0x1b]H[0xffffff86][0x12][0x1][0x13]U[0x12][0xffffffce]jJ[0x4]OT[0xffffffb9][0xfffffff2]d)[0xffffff91]7Q[0xffffffe5][0xffffffaa][0xffffff95][0xffffffa3]D[0xffffffca]D[0xffffff95][0x16][0xffffffef][0x6]%[0xffffffdc][0xffffffae][0xffffffc4]h[0xf][0xffffffb5]+1[0xfffffff0]][0xffffff89][0x11][0xffffffb0]+1[0xffffffcc][0xffffffc7][0xffffffcf][0xffffff85][0x1][0xffffffc7]v%[0xffffff86]|[0xffffffde]LR"dW[0xffffffc2][0x6][0xffffff92][0xffffffa1]D[0xffffffc0][0xffffffae][0xffffff84][0xffffff84][0xffffffb3][0xffffff9a][0x12][0xffffffc1][0xffffffbb][0x12][0xffffffae]<YJ[0xffffffe4][0xffffffed]J[0xffffffb8]j[0xffffffe5]([0xffffff91][0xffffffb2]+[0xffffffa1][0xffffffc5][0xffffffbb]A[0x9][0xffffffb7]+1[0xffffffae][0xffffff87]zWb[0xffffffe0][0xffffffbb][0x12]#`Wb[0xffffff98][0xffffff8f][0xffffff9f][0xb][0x3][0xffffff8e][0xffffffed]J[0xc][0xfffffff9][0xffffffbc][0xffffff99][0xffffffa4]D[0xffffffc8][0xffffffae][0xffffff84][\r]$C[0xffffff89][0xffffff80]][0x9][0x9]g5%[0xffffff82]w%\y[0xffffffb2][0xffffff94][0xffffffc8][0xffffffdb][0xffffff95]p[0xffffffd5][0xffffffca]Q"eWB[0xffffff8b]w[0xffffff83][0x12][0xffffffa7][0xffffffa3][0xffffffc4]|5[0xffffff8a][0x12]'N[0xffffff89]3[0xffffff80][0x12][0xffffffa7][0xffffffe6][0xffffffbd]0[0xffffffe0]'F[0xffffff89]3[0xffffff89][0x12][0x1a]E[0xffffff86][0x12].[0xffffff90][0xc]%4[0xffffff96][0xfffffff5][0xffffff94]X[0xffffffc3]YM[0xffffff89]5[0xffffffa2]I[0xffffff94]0[0xffffffe5][0xffffffc9]R[0xffffffc2]v)K[0x9]S[0xffffffad][0x1c]%[0xffffffa4]i)JH[0xfffffff1]nP[0xffffffc2]MT[0xffffff9d][0xffffffbd]S[0x1f][0xffffff83][0xe]|[0xffffffa2]j[0x4]LT[\r][0xffffffb3][0xffffffa3]R[0x18]pl[0xffffffa2]j[0xffffffc8]R[\n]"
08:17:55.202 [TestNG-PoolService-1] DEBUG org.apache.hc.client5.http.wire -- http-outgoing-3 << "I[0xffffff89][0xffffff90][0xffffff89]*[0x1b]H[0xffffff86][0x12][0x1][0x13]U[0x12][0xffffffce]jJ[0x4]OT[0xffffffb9][0xfffffff2]d)[0xffffff91]7Q[0xffffffe5][0xffffffaa][0xffffff95][0xffffffa3]D[0xffffffca]D[0xffffff95][0x16][0xffffffef][0x6]%[0xffffffdc]D[0xffffffd5]yb[0xffffff87][0xffffff8c][0xf]|[0xffffffa2]j[0x4]LT[\r][0xffffffb3][0xffffffa3]R[0x18]pl[0xffffffa2]j[0xffffffc8]R[\n]"
08:17:55.202 [TestNG-PoolService-1] DEBUG org.apache.hc.client5.http.wire -- http-outgoing-3 << "I[0xffffff89][0xffffff90][0xffffff89]*[0x1b]H[0xffffff86][0x12][0x1][0x13]U[0x12][0xffffffce]jJ[0x4]OT[0xffffffb9][0xfffffff2]d)[0xffffff91]7Q[0xffffffe5][0xffffffaa][0xffffff95][0xffffffa3]D[0xffffffca]D[0xffffff95][0x16][0xffffffef][0x6]%[0xffffffdc]D[0xffffffd5]9O[0xffffffea][0xc][0xffffff8e][0xffffff81]OT[0xffffff8d][0xffffff80][0xffffff89][0xffffffaa]avT[\n]"
08:17:55.202 [TestNG-PoolService-2] DEBUG org.apache.hc.client5.http.wire -- http-outgoing-5 << "p[0xffffffe2]][0xffffffd3][0xffffff96]c[0xffffffe2]][0xfffffff1]nP[0xffffffa2];J[0xffffffdc]_[0xffffffef]_ [0xffffff94][0xffffffe8]8%z[0x0]%[0xffffffba][0xffffffe6][0xffffffbd]0[0xffffffe0][0x1d][0xffffffa3]DO[0xffffffa2][0xffffff84]F[0xffffff91][0xffffffa1][0xffffff84][0xb]$C[0x9][0xffffff8d]e=%[0xffffffd6]pVSb[0xffffff8d]h[0x12]%Ly[0xffffffb2][0xffffff94][0xffffffb0]][0xffffffca]R[0xffffffc2]T+G[0x9]iZ[0xffffff8a][0x12]R[0xffffffbc][0x1b][0xffffff94]8[\r]%[0xffffffc6]8[0x1a]E[0xffffff89][0x13][0xffffffa7][0xffffffc4][0x19]@[0xffffff89]S[0xfffffff3]^[0x18][0xfffffff0][0x13][0xffffffa3][0xffffffc4][0xffffff99]D[0x9][0xffffff8d]"C[0x9][0x17]H[0xffffff86][0x12][0x1a][0xffffffcb]zJ[0xffffffac][0xffffffe1][0xffffffac][0xffffffa6][0xffffffc4][0x1a][0xffffffd1]$J[0xffffff98][0xfffffff2]d)a[0xffffffbb][0xffffff94][0xffffffa5][0xffffff84][0xffffffa9]V[0xffffff8e][0x12][0xffffffd2][0xffffffb4][0x14]%[0xffffffa4]x7(q9J[0xffffffdc][0xffffffe7][0xffffffa0](q[0xffffffe1][0xffffff94][0xffffffb8][0x2](qi[0xffffffde][0xb][0x3]~a[0xffffff94][0xffffffb8][0xffffff92]([0xffffffa1]Qd([0xffffffe1][0x2][0xffffffc9]PBcYO[0xffffff89]5[0xffffff9c][0xffffffd5][0xffffff94]X#[0xffffff9a]D[0x9]S[0xffffff9e],%l[0xffffff97][0xffffffb2][0xffffff94]0[0xffffffd5][0xffffffca]QB[0xffffff9a][0xffffff96][0xffffffa2][0xffffff84][0x14][0xffffffef][0x6]%nG[0xffffff89]yt[0xffffff8a][0x12]7N[0xffffff89];[0xffffff80][0x12][0xffffffb7][0xffffffe6][0xffffffbd]0[0xffffffe0]7F[0xffffff89];[0xffffff89][0x12][0x1a]E[0xffffff86][0x12].[0xffffff90][0xc]%4[0xffffff96][0xfffffff5][0xffffff94]X[0xffffffc3]YM[0xffffff89]5[0xffffffa2]I[0xffffff94]0[0xffffffe5][0xffffffc9]R[0xffffffc2]v)K[0x9]S[0xffffffad][0x1c]%[0xffffffa4]i)JH[0xfffffff1]nP[0xffffffe2]1[0xffffff94]8[0xffffffdb]|Q[0xffffff94]xpJ<[0x1][0xffffff94]x4[0xffffffef][0xffffff85][0x1][0x7f]0J<I[0xffffff94][0xffffffd0](2[0xffffff94]p[0xffffff81]d([0xffffffa1][0xffffffb1][0xffffffac][0xffffffa7][0xffffffc4][0x1a][0xffffffce]jJ[0xffffffac][0x11]M[0xffffffa2][0xffffff84])O[0xffffff96][0x12][0xffffffb6]KYJ[0xffffff98]j[0xffffffe5](!MKQB[0xffffff8a][0xfffffff7][0xfffffff7])q[0xffffffb9][0xffffffd7].[0xffffffcf][0xffffffeb][0xffffffa4][0xffffffde][0xffffff95][0xffffffb8][0xfffffff0][0xffffffd7].[0xffffffaf][0xffffff80][0xffffffd7]./[0xfffffff3]nP][0xffffffc0]/[0xffffffec][0xffffffb5][0xffffffcb]K[0xffffffde][0xfffffffe][0x1])a[0xffffffa2][0xffffff88]P[0xffffffc2][0x6][0x12][0xffffffa1][0xffffff84][0xffffff89]e9%$[0xffffff9c][0xffffffc5][0xffffff94][0xffffff90][0xffffff88][0x6]Q[0xffffffc2][0xffffff95]'J[0x9][0xffffffdf][0xffffffa5](%\[0xffffffb5]b[0xffffff94][0xffffffd0][0xffffffa6][0xffffff85]([0xffffffa1][0xffffffc5][0xffffffbb]A[0xffffff89]a(q[0xffffffbd]^[0x17]E[0xffffff89][0xffffff81]Sb[0x4]Pbh[0xffffffde][0xb][0x3]>0J[0xffffff8c]$Jh[0x14][0x19]J[0xffffffb8]@2[0xffffff94][0xffffffd0]X[0xffffffd6]Sb[\r]g5%[0xffffffd6][0xffffff88]&Q[0xffffffc2][0xffffff94]'K[0x9][0xffffffdb][0xffffffa5],%L[0xffffffb5]r[0xffffff94][0xffffff90][0xffffffa6][0xffffffa5](![0xffffffc5][0xffffffbb]A[0x9][0xfffffff7][0x5][0xffffffc7][0xffffffd5]F[0xfffffffd][0xffffff80][0xffffffd5][0xffffffcf][0xfffffffb][0xffffff81])[0x11][0xfffffff0][0x5][0xffffffc7]e^3.[0xc]8[0xfffffff6][0x5][0xffffffc7]%/[0x12][0xffffff93][0xffffff94][0x8][0xfffffff9][0xffffff82][0xffffffc3][0x6][0xffffff92][0xffffffa1]D[0xffffffc0][0x17][0x1c][0x12][0xffffffce]jJ[0x4][0x7f][0xffffffc1][0xffffffe1][0xffffffca][0xffffff93][0xffffffa5]D[0xffffffde][0x17][0x1c][0xffffffae]Z9J[0xffffffa4]|[0xffffffc1][0xffffffa1][0xffffffc5][0xffffffbb]A[0x9][0xfffffff7][0x5][0xffffffc7]u[0xffffffdd][0xf]E[0x9][0xfffffffc][0xb][0xffffff8e]+[0xffffffe0][0xb][0xffffff8e][0xffffffcb][0xffffffbc]f\[0x18]p[0xffffffec][0xb][0xffffff8e]K^$&)[0x11][0xfffffff2][0x5][0xffffff87][\r]$C[0xffffff89][0xffffff80]/8$[0xffffff9c][0xffffffd5][0xffffff94][0x8][0xfffffffe][0xffffff82][0xffffffc3][0xffffff95]'K[0xffffff89][0xffffffbc]/8\[0xffffffb5]r[0xffffff94]H[0xfffffff9][0xffffff82]C[0xffffff8b]w[0xffffff8b][0x12]-[0xffffff8c][0x12][\r][0xffffffa7]D[0xb][0xffffffa0]DC)[0xffffffd1]0J[0xffffffb4]$J[0xffffffac]Q[0xffffffa4]([0xffffffa1][0xffffff81][0xffffffa4]([0xffffffb1][0xffffffc6][0xffffff92][0xffffffa0]D[0xffffff83])[0xffffffd1][0xffffff82])![0xffffffe5]IS[0xffffffc2]t)M[0x9][0xffffffa9]V[0xffffff92][0x12]-[0xffffff85][0x12][0xffffffed][0xffffff8f])[0xffffffe1]>[0x6][0xffffffbd][0xffffffe6]A[0xffffffad]]^[0xfffffff8][0xffffffc7][0xffffffa0]W[0xffffffc0][0xffffffc7][0xffffffa0][0xffffff97][0xfffffff9]b[0xffffffa9]0[0xffffffe0][0xffffffd8][0xffffffc7][0xffffffa0][0xffffff97]|[0xffffff93]DR"[0xffffffe4]cP[0x1b]H[0xffffff86][0x12][0x1][0x1f][0xffffff83]J8[0xffffffab])[0x11][0xfffffffc]1[0xffffffa8]+O[0xffffff96][0x12]y[0x1f][0xffffff83][0xffffffba]j[0xffffffe5]([0xffffff91][0xfffffff2]1[0xffffffa8][0x16][0xffffffef][0x6]%[0x1e]C[0xffffff89][0xffffffbb][0x1f][0xffffffd8]S[0xffffff89][0x7][0xffffffa7][0xffffffc4][0x13]@[0xffffff89]G[0xfffffff3]^[0x18][0xfffffff0][0x7][0xffffffa3][0xffffffc4][0xffffff93]D[0x9][0xffffff8d]"C[0x9][0x17]H[0xffffff86][0x12][0x1a][0xffffffcb]zJ[0xffffffac][0xffffffe1][0xffffffac][0xffffffa6][0xffffffc4][0x1a][0xffffffd1]$J[0xffffff98][0xfffffff2]d)a[0xffffffbb][0xffffff94][0xffffffa5][0xffffff84][0xffffffa9]V[0xffffff8e][0x12][0xffffffd2][0xffffffb4][0x14]%[0xffffffa4]x7(1[0x1d]%[0xffffffc6][0xffffff89]=[0xffffff95][0xffffff98]8%f[0x0]%[0xffffffa6][0xffffffe6][0xffffffbd]0[0xffffffe0][0x13][0xffffffa3][0xffffffc4]L[0xffffffa2][0xffffff84]F[0xffffff91][0xffffffa1][0xffffff84][0xb]$C[0x9][0xffffff8d]e=%[0xffffffd6]pVSb[0xffffff8d]h[0x12]%Ly[0xffffffb2][0xffffff94][0xffffffb0]][0xffffffca]R[0xffffffc2]T+G[0x9]iZ[0xffffff8a][0x12]R[0xffffffbc][0xffffffbf]O[0xffffff89][0xfffffffb][0xffffffe5](1[0xffffffdb][\r]Q[0xffffffe2][0xfffffff3]~XJ|[0xffffffdd][0x1]L[0xffffff89][0x7f][0xffffffef][0x1][0xffffffa1][0xffffffc4][0xffffffd7][0xffffffd5][0x11]J[0xfffffffc]s[0xffffffe5][0x8]J[0xffffff98]("[0xffffff94][0xffffffb0][0xffffff81]D(abYN[0x9][0x9]g1%$[0xffffffa2]A[0xffffff94]p[0xffffffe5][0xffffff89]R[0xffffffc2]w)J[0x9]W[0xffffffad][0x18]%[0xffffffb4]i!Jh[0xfffffff1]nP[0xffffffe2]0[0xffffff94]x^[0xfffffff7][0xffffffa0](q[0xffffffe0][0xffffff94]8[0x2](qh[0xffffffde][0xb][0x3]~`[0xffffff94]8[0xffffff92]([0xffffffa1]Qd([0xffffffe1][0x2][0xffffffc9]PBcYO[0xffffff89]5[0xffffff9c][0xffffffd5][0xffffff94]X#[0xffffff9a]D[0x9]S[0xffffff9e],%l[0xffffff97][0xffffffb2][0xffffff94]0[0xffffffd5][0xffffffca]QB[0xffffff9a][0xffffff96][0xffffffa2][0xffffff84][0x14][0xffffffef][0x6]%[0xffffff9a][0xffffffa3][0xffffffc4][0xffffffc0][0xffffffde][0xffffff95][0xfffffff8][0xffffffbc][0x1f][0xffffff98][0x12][0xffffffcd][0xffffffc5][0xffffffbf]8[0xffffffef]M[0xfffffff3]^[0x18][0xfffffff0][0xffffff86]Q[0xffffffa2]%QB[0xffffffa3][0xffffffc8]P[0xffffffc2][0x5][0xffffff92][0xffffffa1][0xffffff84][0xffffffc6][0xffffffb2][0xffffff9e][0x12]k8[0xffffffab])[0xffffffb1]F4[0xffffff89][0x12][0xffffffa6]<YJ[0xffffffd8].e)a[0xffffffaa][0xffffff95][0xffffffa3][0xffffff84]4-E[0x9])[0xffffffde][\r]J[0xffffffb8][0xffffffe1][0xffffffec][0xffffffe7][0xffffffc4]N[0x6][0xffffffbd][0xfffffff1][0xffffffe1][0xffffffec];`8[0xfffffffb]6[0xffffffeb][0xffffffae][0xffffff85][0x1][0xffffffc7][0xffffff86][0xffffffb3]o[0xffffffd9]o%)[0x11]2[0xffffff9c]m[0x3][0xffffffc9]P"`8[[0xffffffc2]YM[0xffffff89][0xffffffe0][0xffffffe1]lW[0xffffff9e],%[0xfffffff2][0xffffff86][0xffffffb3]][0xffffffb5]r[0xffffff94]H[0x19][0xffffffce][0xffffffd6][0xffffffe2][0xffffffdd][0xffffffa0][0xffffff84][0x1b][0xffffffce]~[0xffffffce]I[0xffffffad]][0xffffffde][0xfffffff8]p[0xfffffff6][0x1d]0[0xffffff9c]}[0xffffff9b]u[0xffffffd7][0xffffffc2][0xffffff80]c[0xffffffc3][0xffffffd9][0xffffffb7][0xffffffec][0xffffffb7][0xffffff92][0xffffff94][0x8][0x19][0xffffffce][0xffffffb6][0xffffff81]d([0x11]0[0xffffff9c]-[0xffffffe1][0xffffffac][0xffffffa6]D[0xfffffff0]p[0xffffffb6]+O[0xffffff96][0x12]y[0xffffffc3][0xffffffd9][0xffffffae]Z9J[0xffffffa4][0xc]gk[0xfffffff1]nP[0xffffffc2][\r]g?[0xffffffd7][0xffffffa0]N[0x6][0xffffffbd][0xfffffff1][0xffffffe1][0xffffffec];`8[0xfffffffb]6[0xffffffeb][0xffffffae][0xffffff85][0x1][0xffffffc7][0xffffff86][0xffffffb3]o[0xffffffd9]o%)[0x11]2[0xffffff9c]m[0x3][0xffffffc9]P"`8[[0xffffffc2]YM[0xffffff89][0xffffffe0][0xffffffe1]lW[0xffffff9e],%[0xfffffff2][0xffffff86][0xffffffb3]][0xffffffb5]r[0xffffff94]H[0x19][0xffffffce][0xffffffd6][0xffffffe2][0xffffffdd][0xffffffa0][0xffffff84][0x1b][0xffffffce]~[0xffffffee][0xfffffff3][0xffffffa4]([0xffffff81][0xf]g[0xffffffdf][0x1][0xffffffc3][0xffffffd9][0xffffffb7]Yw-[0xc]86[0xffffff9c]}[0xffffffcb]~+I[0xffffff89][0xffffff90][0xffffffe1]l[0x1b]H[0xffffff86][0x12][0x1][0xffffffc3][0xffffffd9][0x12][0xffffffce]jJ[0x4][0xf]g[0xffffffbb][0xfffffff2]d)[0xffffff91]7[0xffffff9c][0xffffffed][0xffffffaa][0xffffff95][0xffffffa3]D[0xffffffca]p[0xffffffb6][0x16][0xffffffef][0x6]%[0xffffffdc][0xffffffda][0xffffffe5]3/[0xffffff8c][0x12][0xfffffff8][0xffffffda][0xffffffe5][0x1d][0xffffffb0]vy[0xffffff9b]I[0xffffffb6][0xffffffc2][0xffffff80]ck[0xffffff97][0xffffffb7][0xffffff8c][0xffffffae][0xffffff91][0xffffff94][0x8]Y[0xffffffbb][0xffffffb4][0xffffff81]d([0x11][0xffffffb0]v)[0xffffffe1][0xffffffac][0xffffffa6]D[0xfffffff0][0xffffffda][0xffffffa5]+O[0xffffff96][0x12]yk[0xffffff97][0xffffffae]Z9J[0xffffffa4][0xffffffac]]j[0xfffffff1]nP[0xffffffe2]1[0xffffff94][0xffffff98][0xffffffe7][0xffffffd9](J<8%[0xffffff9e][0x0]J<[0xffffff9a][0xfffffff7][0xffffffc2][0xffffff80]?[0x18]%[0xffffff9e]$Jh[0x14][0x19]J[0xffffffb8]@2[0xffffff94][0xffffffd0]X[0xffffffd6]Sb[\r]g5%[0xffffffd6][0xffffff88]&Q[0xffffffc2][0xffffff94]'K[0x9][0xffffffdb][0xffffffa5],%L[0xffffffb5]r[0xffffff94][0xffffff90][0xffffffa6][0xffffffa5](![0xffffffc5][0xffffffbb]A[0x9][0xffffffb7]v9[0xffffffe7][0xffffffc0]&[0xffffffaa][0xfffffff0][0xffffffb5][0xffffffcb];`[0xffffffed][0xfffffff2]6[0xffffff93]l[0xffffff85][0x1][0xffffffc7][0xffffffd6].o[0x19]]#)[0x11][0xffffffb2]vi[0x3][0xffffffc9]P"`[0xffffffed]R[0xffffffc2]YM[0xffffff89][0xffffffe0][0xffffffb5]KW[0xffffff9e],%[0xfffffff2][0xffffffd6].][0xffffffb5]r[0xffffff94]HY[0xffffffbb][0xffffffd4][0xffffffe2][0xfffffffd]}J<f[0xffffffed][0xfffffff2]z[0xffffff8d][0x17]E[0xffffff89][0x7]_[0xffffffbb]|[0x2][0xffffffd6].[0x1f]3[0xffffffc9]V[0x17][0xfffffff0][0x7][[0xffffffbb]|dt[\r][0xffffffa4][0xffffff84][0xffffff89]"B[0x9][0x1b]H[0xffffff84][0x12]&[0xffffff96][0xffffffe5][0xffffff94][0xffffff90]p[0x16]SB"[0x1a]D[0x9]W[0xffffff9e](%|[0xffffff97][0xffffffa2][0xffffff94]p[0xffffffd5][0xffffff8a]QB[0xffffff9b][0x16][0xffffffa2][0xffffff84][0x16][0xffffffef][0x16]%Z[0x18]%[0xffffffe0]C[0xffffffc6][0xffffffbf][0xffffffee][0xffffff80][0xffffffa7][0x4]x[0xffffffc8][0xfffffff8][0xffffffd7][0xffffffd5])J[0xffffffe4][0x1c]2n[0xffffffa2]HQ"[0xffffffe4][0xffffff90]q[0x13]K[0xffffff82][0x12][0xffffffe8]![0xffffffe3][0x12][0xffffffd1],Jd[0x1d]2[0xffffffee][0xffffffbb][0xffffff94][0xffffffa6]D[0xffffffce]![0xffffffe3][0xffffffda][0xffffffb4][0x1c]%[0xfffffffe][0xfffffff8][0xffffff90][0xfffffff1][0xffffffc7][0xc]g_[0xffffffaf][0xffffffeb][0xffffffa2][0xffffff8e][0xfffffff3]z[0xfffffff0][0xffffffe1][0xffffffec]'`8[0xfffffffb]1[0xffffffeb][0xffffffae][0xffffff85][0x1][0xffffffc7][0xffffff86][0xffffffb3][0x1f][0xffffffd9]o%)[0x11]2[0xffffff9c]m[0x3][0xffffffc9]P"`8[[0xffffffc2]YM[0xffffff89][0xffffffe0][0xffffffe1]lW[0xffffff9e],%[0xfffffff2][0xffffff86][0xffffffb3]][0xffffffb5]r[0xffffff94]H[0x19][0xffffffce][0xffffffd6][0xffffffe2][0xffffffdd][0xffffffa0][0xffffff84][0x19][0xffffffce][0xffffffbe][0xffffff8e][0xffffffd7]kP[0xffffff94][0xffffffc0][0xffffff87][0xffffffb3][0xffffff9f][0xffffff80][0xffffffe1][0xffffffec][0xffffffc7][0xffffffac][0xffffffbb][0x16][0x6][0x1c][0x1b][0xffffffce]~d[0xffffffbf][0xffffff95][0xffffffa4]D[0xffffffc8]p[0xffffffb6][\r]$C[0xffffff89][0xffffff80][0xffffffe1]l[0x9]g5%[0xffffff82][0xffffff87][0xffffffb3]]y[0xffffffb2][0xffffff94][0xffffffc8][0x1b][0xffffffce]v[0xffffffd5][0xffffffca]Q"e8[[0xffffff8b]w[0xffffff8b][0x12][0xfffffffa][0x3][0x7]K[0x9][0xfffffffa][0x7][0xffffff8e][0x16][0xfffffff0][0x3]G[0xffffffd3][0xffffffa7]p[0xffffffa5][0x1][0xffffffa7]~[0xffffffe0]hI?ph[0x14])J[0xffffffa4][0xfffffffc][0xffffffc0][0xffffffa1][0xffffffb1]$([0xffffffc1][0xfffffffe][0xffffffc0][0xffffffb1]F4[0xffffff8b][0x12]a?p[0xffffffd8].[0xffffffa5])[0x11][0xfffffff4][0x3][0xffffff87]4-G[0xffffff89]?[0xffffffff][0xffffff81][0xffffffc3][0xffffff9c][0xffffffc1]q[0x1d][0xffffffed][0xffffffb9](J[0xffffffe0]gp<[0x1]gp<f([0xffffffbe]0[0xffffffe0][0xffffffd8][0x19][0x1c][0xffffff8f]L[0xffffffc1][0xffffff93][0xffffff94][0x8]9[0xffffff83][0xffffffc3][0x6][0xffffff92][0xffffffa1]D[0xffffffc0][0x19][0x1c][0x12][0xffffffce]jJ[0x4][0xffffff9f][0xffffffc1][0xffffffe1][0xffffffca][0xffffff93][0xffffffa5]D[0xffffffde][0x19][0x1c][0xffffffae]Z9J[0xffffffa4][0xffffff9c][0xffffffc1][0xffffffa1][0xffffffc5][0xffffffbb]E[0xffffff89][0x1e]F[0xffffff89][0xffffff8e]S[0xffffffa2][0x7]P[0xffffffa2][0xffffffa3][0xffffff94][0xffffffe8][0x18]%z[0x12]%[0xffffffd6](R[0xffffff94][0xffffffd0]@R[0xffffff94]XcIP[0xffffffa2][0xffffffc3][0xffffff94][0xffffffe8][0xffffffc1][0xffffff94][0xffffff90][0xfffffff2][0xffffffa4])a[0xffffffba][0xffffff94][0xffffffa6][0xffffff84]T+I[0xffffff89][0xffffff9e]B[0xffffff89][0xfffffffe][0xffffffc7][0xffffff94]0[0xffffffc7]y][0xffffffc7]uSk[0xffffff97][0xf]~[0xffffff9c][0xffffffd7][0x13]p[0xffffff9c][0xffffffd7]c[0xffffffce][0xffffff9c])[0xc]8v[0xffffff9c][0xffffffd7]#[0xffffffa7][0xffffffca][0xffffff90][0xffffff94][0x8]9[0xffffffce][0xffffffcb][0x6][0xffffff92][0xffffffa1]D[0xffffffc0]q^[0x12][0xffffffce]jJ[0x4][0x1f][0xffffffe7][0xffffffe5][0xffffffca][0xffffff93][0xffffffa5]D[0xffffffde]q^[0xffffffae]Z9J[0xffffffa4][0x1c][0xffffffe7][0xffffffa5][0xffffffc5][0xffffffbb]A[0x9]s[0xffffff9c][0xffffffd7]u[0xffffffdc][0xffffffcf][0xffffffa0]([0xffffff81][0x1f][0xffffffe7][0xfffffff5][0x4][0x1c][0xffffffe7][0xfffffff5][0xffffff98]3g[\n]"
08:17:55.204 [TestNG-PoolService-3] DEBUG org.apache.hc.client5.http.wire -- http-outgoing-4 << "[0xffffff9f][0xfffffff7][0xffffffc0][0xffffffeb][0xffffffe2][0xffffff9f][0xffffffbb][0xffffffa0]x[0xfffffff1]y}[0xffffffca][0x17]?[0xffffffae][0xffffff9d][0x2][0xc][\r]%%[0xc][0x17]M[0xffffff8a][0x18][0x1a]P[0xffffffc2][0x18]kL[0xffffffeb][0xffffff91][0xffffffb1][0xffffff86]5K[0x19][0xffffffa6]Pif[0xffffffd8]~[0xffffffa5][0xffffff9d]a[0xffffffea][0xffffff96][0xffffff84][0xffffff86][0xffffffb4]/'[\r])[0xffffffe3]=j[0xffffff9c]#[0xffffff8d][0x1a][0xffffffe7][0xffffffe0][0xffffffa9][0xfffffff1]q[0xf][0x1][0xffffffd4][0xfffffff8]q[0x17][0x18]5>[0xffffffae][0xffffff8f]Q[0xffffffe3][0xfffffffb][0xffffffda]1[0xffffffd4][0xffffff90]Pb[0xffffffd4]0[0xffffffd1][0xffffffc4][0xffffffa8]![0x1]E[0xffffffa8][0xffffffb1][0xffffffc4][0x14][0xffffffa0][0xffffffc6][0x12][0xffffffd6]0jh[0xffffffa1][0xffffffe2][0xffffffd4]p[0xfffffffd][0xffffff8a]SC[0xffffffeb][0x16][0xffffffa5][0xffffffc6][0xffffffda][0xffffffbe] 5[0xffffffd6]2[0xfffffffe][\r]j[0xffffff8c][0xffffffd7][0xfffffff7]_[0xffffff99]f[0xffffffc8][0xfffffffb]i[0xfffffff3][0xffffffae][0xffffff86][0xffffffc6]/[0xfffffff7][0x3]1[0xffffffe3][0xffffffd7];[0xffffffa0][0xffffff90][0xffffffb1][0xffffffde]C-1~[0xffffffbd]z-0[0xffffff96]+[0xffffffb3][0xffffffbc]x[0x1f][0xffffffc5]Z\[0xfffffffc]W ki[0xfffffff1]>[0xffffff96]u[0xffffffb0]x[0x17][0xffffffce]*V[0xffffffbc][0xffffff8b]h[0x2]*[0xfffffffe][0xffffffa3]<[0x19]R[0xfffffffc]g[0xffffff97]2[0xffffffa0][0xfffffff8][0xffffff8f]j[0xffffffad][0xffffffe7][0xffffffc4][0xffffffdb][0xffffffa6][0xffffffad][0xffffffc6][0xffffffc4][0xffffffdb][0xffffffe2][0xffffffdd][0xffffffa2][0xffffff84]~0[0xffffffc2]R[0xffffff82][0xfffffffa]^[0xffffffe4][0xffffffd7];[0xffffffe0])A|-[0xfffffff2][0xffffffeb][0xffffffd5])J[0x4]|+[0xfffffff2]>[0xffffff8a][0x14]%[0xffffffe8]/E[0xffffffde][0xffffffc7][0xffffff92][0xffffffa0][0x4][0xfffffff3][0xffffff9d][0xffffffc8][0xffffffbb][0xffffff88]fQ"[0xffffffe4]+[0xffffff91][0xffffffff][0xffffffec]R[0xffffff9a][0x12][0x1][0xffffffdf][0xffffff88][0xffffffbc]mZ[0xffffff8e][0x12][0xfffffffb]_[0xffffff88][0xfffffffc][0xfffffff8][0x1b][0xffffffd7][0xffffffcb]=[0xffffff95][0x18][0xffffffb3]A[0xffffff94][0xfffffff8][0xffffffbc][0x1f][0xffffff96][0x12]_w[0x0]S[0xffffffe2][0xffffffdf]{@([0xfffffff1]uu[0xffffff84][0x12][0xffffffff]\9[0xffffff82][0x12]&[0xffffff8a][0x8]%l [0x11]J[0xffffff98]X[0xffffff96]SB[0xffffffc2]YL[0x9][0xffffff89]h[0x10]%\y[0xffffffa2][0xffffff94][0xfffffff0]][0xffffff8a]R[0xffffffc2]U+F[0x9]mZ[0xffffff88][0x12]Z[0xffffffbc][0x1b][0xffffff94]8[0x1c]%[0xffffff9e][0xffffffaf][0xffffffaf]D[0x10]J[0x1c]8%[0xffffff8e][0x0]J[0x1c][0xffffff9a][0xfffffff7][0xffffffc2][0xffffff80][0x1f][0x18]%[0xffffff8e]$Jh[0x14][0x19]J[0xffffffb8]@2[0xffffff94][0xffffffd0]X[0xffffffd6]Sb[\r]g5%[0xffffffd6][0xffffff88]&Q[0xffffffc2][0xffffff94]'K[0x9][0xffffffdb][0xffffffa5],%L[0xffffffb5]r[0xffffff94][0xffffff90][0xffffffa6][0xffffffa5](![0xffffffc5][0xffffffbb]A[0xffffff89]f(1_[0xf][0xfffffff5][0x3][0xffffffc7][0xffffffe7][0xfffffffd][0xffffffc0][0xffffff94]h[0x1][0xffffff94]h[0xffffff9a][0xfffffff7][0xffffffc2][0xffffff80]7[0xffffff8c][0x12]-[0xffffff89][0x12][0x1a]E[0xffffff86][0x12].[0xffffff90][0xc]%4[0xffffff96][0xfffffff5][0xffffff94]X[0xffffffc3]YM[0xffffff89]5[0xffffffa2]I[0xffffff94]0[0xffffffe5][0xffffffc9]R[0xffffffc2]v)K[0x9]S[0xffffffad][0x1c]%[0xffffffa4]i)JH[0xfffffff1]nP[0xffffffa2];J[0xffffff9c]w[0xfffffff9][0xfffffff7][0x1d][0xffffffbf][0xffffffdc][0xf]L[0xffffff89][0x1e]@[0xffffff89][0xffffffae]y/[0xc]x[0xffffffc7]([0xfffffff1][0xffffffff][0xffffffcd][0xffffff9d]K[0xffffffae][0xffffffdc][0xffffffc8][0xffffff96][0x4][0xffffffe7][0xffffffbd][0xffffff98][0xffffff87]d[0xffffff90][0xfffffff1][0xffffffe1]bz)[0xffffffbd][0xfffffff7][0xffffffbe][0xffffff9f]*[0xffffffa9][0x1e][0xffffffdd]S[0xffffff80]B[0xffffff85]c[0xe]h,[0xffffffc6][0xffffffc0][0xffffffe0]0[0xffffffe4]%-[0xffffffce]$[0xffffff95]P[0x14][0x19][0xffffff95]p@2*[0xffffffa1]X[0xffffffd6][0xffffffab][0xffffffc4][0x13][0xffffffce]j[0xffffff95]x"[0xffffff9a][0xffffffa4][0x12]f<Y[0xffffff95][0xffffffb0][[0xffffffca][0xffffffaa][0xffffff84][0xffffff99]VN%di)[0xffffff95][0xffffff90][0xffffffe1][0xffffffdd]P[0xffffff89][0xffffffcb][0xffffffa9][0xffffffc4][0xffffffec]7[0xffffffa5][0x12][0x17][0xffffffae][0x12]W[0xffffff80]J\[0xffffffca]{![0xffffffe0][0x17][0xffffffa6][0x12]W[0xffffff92]J([0xffffff8a][0xffffff8c]J8 [0x19][0xffffff95]P,[0xffffffeb]U[0xffffffe2][0x9]g[0xffffffb5]J<[0x11]MR[0x9]3[0xffffff9e][0xffffffac]J[0xffffffd8]-eU[0xffffffc2]L+[0xffffffa7][0x12][0xffffffb2][0xffffffb4][0xffffff94]J[0xffffffc8][0xfffffff0]n[0xffffffa9][0xffffffc4][0x19][0xffffffa6][0x12]'[0xffffffae][0x12]g[0xffffff80]J[0xffffff9c][0xffffffa8]J[0xffffff9c][0xffffff98]J[0xffffff9c]I*[0xfffffff1]D[0xffffff91]R[0x9][0x5][0xffffff92]R[0xffffff89]'[0xffffff96][0xffffff84]J[0xffffff9c][0xffffffb0]J[0xffffff9c][0xffffffc1]*![0xffffffe3]I[0xffffffab][0xffffff84][0xffffffd9]RZ%dZI[0xffffff95]8ST[0xffffffe2][0xfffffffc]c[0xffffff95][0xffffffe8][0xfffffffa][0xffffffab][0xffffffc4]z[0x1d][0x13][0xfffffffb][0xffffff82][0xffffffa3][0xffffffe3][0xffffffbf]J[0xfffffff4][0xffffff80]_%[0xffffffba][0xffffffaa]s![0xffffffe0][0x1d][0xfffffffb]U[0xffffffa2]'[0xfffffffd]*[0xffffffa1](2*[0xffffffe1][0xffffff80]dTB[0xffffffb1][0xffffffac]W[0xffffff89]'[0xffffff9c][0xffffffd5]*[0xfffffff1]D4I%[0xffffffcc]x[0xffffffb2]*a[0xffffffb7][0xffffff94]U[0x9]3[0xffffffad][0xffffff9c]J[0xffffffc8][0xffffffd2]R*![0xffffffc3][0xffffffbb][0xffffffa1][0x12][0xffffffc3][0xffffffa9]D;[0xffffffb0][0xffffffd7].[0x7][0xffffffae][0x12]#@%[0xffffff86][0xfffffff2]^[0x8][0xfffffff8][0xffffffc0]Tb$[0xffffffa9][0xffffff84][0xffffffa2][0xffffffc8][0xffffffa8][0xffffff84][0x3][0xffffff92]Q[0x9][0xffffffc5][0xffffffb2]^%[0xffffff9e]pV[0xffffffab][0xffffffc4][0x13][0xffffffd1]$[0xffffff95]0[0xffffffe3][0xffffffc9][0xffffffaa][0xffffff84][0xffffffdd]RV%[0xffffffcc][0xffffffb4]r*!KK[0xffffffa9][0xffffff84][0xc][0xffffffef][0xffffff86]JL[0xffffffab][0x12][0xffffffd7][0xffffffa0]Tb[0xffffffe2]*1[0x3]Tb*[0xffffffef][0xffffff85][0xffffff80]OL%f[0xffffff92]J([0xffffff8a][0xffffff8c]J8 [0x19][0xffffff95]P,[0xffffffeb]U[0xffffffe2][0x9]g[0xffffffb5]J<[0x11]MR[0x9]3[0xffffff9e][0xffffffac]J[0xffffffd8]-eU[0xffffffc2]L+[0xffffffa7][0x12][0xffffffb2][0xffffffb4][0xffffff94]J[0xffffffc8][0xfffffff0]n[0xffffffa8][0xffffffc4][0xffffffb2]*1[0xffffffb0]w%[0x16][0xffffffae][0x12]+@%[0xffffff96][0xfffffff2]^[0x8][0xfffffff8][0xffffffc2]Tb%[0xffffffa9][0xffffff84][0xffffffa2][0xffffffc8][0xffffffa8][0xffffff84][0x3][0xffffff92]Q[0x9][0xffffffc5][0xffffffb2]^%[0xffffff9e]pV[0xffffffab][0xffffffc4][0x13][0xffffffd1]$[0xffffff95]0[0xffffffe3][0xffffffc9][0xffffffaa][0xffffff84][0xffffffdd]RV%[0xffffffcc][0xffffffb4]r*!KK[0xffffffa9][0xffffff84][0xc][0xffffffef][0xffffff86]J[0xffffff98];8[0xffffffd6][0xffffffeb]l/J%[0xfffffff0];8F[0xffffffc0][0x1d][0x1c][0xffffffc3][0xffffff84][0xffffffe2][0xb][0x1][0xffffffc7][0xffffffee][0xffffffe0][0x18][0xffffff92][0xffffff82]'U"[0xffffffe4][0xe][0xe][0xb]$[0xffffffa3][0x12][0x1]wp[0x8][0xffffff9c][0xffffffd5]*[0x11]|[0x7][0xffffff87][0x1b]OV%[0xfffffff2][0xffffffee][0xffffffe0]p[0xffffffd3][0xffffffca][0xffffffa9]D[0xffffffca][0x1d][0x1c]:[0xffffffbc][0xffffffbf][0xffffffaf][0x12][0xffffffd3][0xffffffd4].[0xffffffd7]k[0xffffff9d]'[0xffffffa4][0x12][0x13][0xffffffaf]][0xffffffce][0xffffff80][0xffffffda][0xffffffe5]4I[0xffffffb6]:[0xffffffc0]'V[0xffffffbb][0xffffff9c][0x12]][0x3]U[0xffffffc2][0xffffffa0][0xffffff88][0xffffffa8][0xffffff84][0x5][0x12]Q[0x9][0xffffff83]e[0xffffffb9]J[0x8][0xffffff9c][0xffffffc5]*![0xffffff88][0x6][0xffffffa9][0xffffff84][0x1b]OT%[0xfffffffc][0xffffff96][0xffffffa2]*[0xffffffe1][0xffffffa6][0x15]S[0x9]]ZH%tx7T[0xffffffc2][0xffffffd4].[0xffffffd7][0xffffffeb]^[0xffffffd4][0xffffffaf][0x12][0x13][0xffffffaf]][0xffffffce][0xffffff80][0xffffffda][0xffffffe5]4I[0xffffffb6]B[0xffffffc0][0xffffffb1][0xffffffda][0xffffffe5][0xffffff94][0xffffffe8][0x1a][0xffffffa9][0x12]![0xffffffb5]K[0xb]$[0xffffffa3][0x12][0x1][0xffffffb5]K[0xffffff81][0xffffffb3]Z%[0xffffff82]k[0xffffff97]n<Y[0xffffff95][0xffffffc8][0xffffffab]][0xffffffba]i[0xffffffe5]T"[0xffffffa5]v[0xffffffa9][0xffffffc3][0xffffffbb][0xffffffa1][0x12][0xffffffa6]v[0xffffffb9][0xffffff8e][0xfffffff3][0xffffffa2]j[0xffffff97][0x13][0xffffffaf]][0xffffffce][0xffffff80][0xffffffda][0xffffffe5]4I[0xffffffb6]B[0xffffffc0][0xffffffb1][0xffffffda][0xffffffe5][0xffffff94][0xffffffe8][0x1a][0xffffffa9][0x12]![0xffffffb5]K[0xb]$[0xffffffa3][0x12][0x1][0xffffffb5]K[0xffffff81][0xffffffb3]Z%[0xffffff82]k[0xffffff97]n<Y[0xffffff95][0xffffffc8][0xffffffab]][0xffffffba]i[0xffffffe5]T"[0xffffffa5]v[0xffffffa9][0xffffffc3][0xffffffbb][0xffffffa1][0x12][0xffffffa6]v[0xffffffb9][0xffffff8e]~uJ%[0xfffffff0][0xffffffda][0xffffffe5][0xc][0xffffffa8]]N[0xffffff93]d+[0x4][0x1c][0xffffffab]]N[0xffffff89][0xffffffae][0xffffff91]*[0x11]R[0xffffffbb][0xffffffb4]@2*[0x11]P[0xffffffbb][0x14]8[0xffffffab]U"[0xffffffb8]v[0xffffffe9][0xffffffc6][0xffffff93]U[0xffffff89][0xffffffbc][0xffffffda][0xffffffa5][0xffffff9b]VN%Rj[0xffffff97]:[0xffffffbc][0x1b]*[0xffffffe1][0x12]U[0xffffffc7][0xffffffcd][0xfffffffd]*[0xffffff81]'[0xffffffaa]f@[0xffffffa2]j[0xffffff9a][0xffffff8e]J![0xffffffe0]X[0xffffffa2]jJ)[0xffffff85]T[0xffffff89][0xffffff90]D[0xffffff95][0x5][0xffffff92]Q[0xffffff89][0xffffff80]D[0xffffff95][0xffffffc0]Y[0xffffffad][0x12][0xffffffc1][0xffffff89]*7[0xffffff9e][0xffffffac]J[0xffffffe4]%[0xffffffaa][0xffffffdc][0xffffffb4]r*[0xffffff91][0xffffff92][0xffffffa8][0xffffffd2][0xffffffe1][0xffffffdd]P[0x9][0xffffff97][0xffffffa8]j[0x1d][0xffffffbb][0x19]t[0xffffffe2][0xffffff89][0xffffffaa][0x19][0xffffff90][0xffffffa8][0xffffff9a][0xffffffa6][0xffffffa3]R[0x8]8[0xffffff96][0xffffffa8][0xffffff9a]RJ!U"$Qe[0xffffff81]dT" Q%pV[0xffffffab]Dp[0xffffffa2][0xffffffca][0xffffff8d]'[0xffffffab][0x12]y[0xffffff89]*7[0xffffffad][0xffffff9c]J[0xffffffa4]$[0xffffffaa]tx7T[0xffffffc2]%[0xffffffaa]>$[0xffffffa5]Q*[0xffffff81]'[0xffffffaa]f@[0xffffffa2]j[0xffffff9a][0xffffff8e]J![0xffffffe0]X[0xffffffa2]jJ)[0xffffff85]T[0xffffff89][0xffffff90]D[0xffffff95][0x5][0xffffff92]Q[0xffffff89][0xffffff80]D[0xffffff95][0xffffffc0]Y[0xffffffad][0x12][0xffffffc1][0xffffff89]*7[0xffffff9e][0xffffffac]J[0xffffffe4]%[0xffffffaa][0xffffffdc][0xffffffb4]r*[0xffffff91][0xffffff92][0xffffffa8][0xffffffd2][0xffffffe1][0xffffffdd]P[0x9][0xffffff97][0xffffffa8]j[0xffffffeb][0xffffff85][0xffffffbd]+[0xffffff81]'[0xffffffaa]f@[0xffffffa2]j[0xffffff9a][0xffffff8e]J![0xffffffe0]X[0xffffffa2]jJ)[0xffffff85]T[0xffffff89][0xffffff90]D[0xffffff95][0x5][0xffffff92]Q[0xffffff89][0xffffff80]D[0xffffff95][0xffffffc0]Y[0xffffffad][0x12][0xffffffc1][0xffffff89]*7[0xffffff9e][0xffffffac]J[0xffffffe4]%[0xffffffaa][0xffffffdc][0xffffffb4]r*[0xffffff91][0xffffff92][0xffffffa8][0xffffffd2][0xffffffe1][0xffffffdd]P[0x9][0xffffff97][0xffffffa8]j[0xffffffab]c[0x7f][0xffffffe0][0xffffffc0][0x13]U3 Q5MG[0xffffffa5][0x10]p,Q5[0xffffffa5][0xffffff94]B[0xffffffaa]DH[0xffffffa2][0xffffffca][0x2][0xffffffc9][0xffffffa8]D@[0xffffffa2]J[0xffffffe0][0xffffffac]V[0xffffff89][0xffffffe0]D[0xffffff95][0x1b]OV%[0xfffffff2][0x12]UnZ9[0xffffff95]HIT[0xffffffe9][0xfffffff0][0xfffffffe][0xffffffbe]J[0xffffffac][0xffffff97]U[0xffffff89][0xffffff9b]z[0xffffffed][0xfffffff2][0xfffffff3]<[0xffffffac]J|[0xffffff9d][0x0]V[0xffffff89][0x1f]g@T[0xffffffe2][0xffffffeb][0xffffffe9][0xffffff88]J[0xfffffffc][0xfffffffd][0xffffffe4][0x8][0xffffff95]0("*a[0xffffff81]DT[0xffffffc2]`Y[0xffffffae][0x12][0x2]g[0xffffffb1]J[0x8][0xffffffa2]A*[0xffffffe1][0xffffffc6][0x13]U[0x9][0xffffffbf][0xffffffa5][0xffffffa8]J[0xffffffb8]i[0xffffffc5]TB[0xffffff97][0x16]R[0x9][0x1d][0xffffffde][\r][0xffffff95]p[0xffffffb5][0xffffffcb]v[0xf]L%[0xfffffff0][0xffffffda][0xffffffe5][\n]"
08:17:55.204 [TestNG-PoolService-2] DEBUG org.apache.hc.client5.http.wire -- http-outgoing-5 << "[0x3][0xffffff8e][0x1d][0xffffffe7][0xfffffff5][0xffffffc8][0xffffffa9]2$%B[0xffffff8e][0xfffffff3][0xffffffb2][0xffffff81]d([0x11]p[0xffffff9c][0xffffff97][0xffffff84][0xffffffb3][0xffffff9a][0x12][0xffffffc1][0xffffffc7]y[0xffffffb9][0xfffffff2]d)[0xffffff91]w[0xffffff9c][0xffffff97][0xffffffab]V[0xffffff8e][0x12])[0xffffffc7]yi[0xfffffff1]nP[0xffffffc2][0x1c][0xffffffe7]u[0x1d]O[0xffffffa7][0xe][0x19][0x7f][0xfffffff0][0xffffffe3][0xffffffbc][0xffffff9e][0xffffff80][0xffffffe3][0xffffffbc][0x1e]s[0xffffffe6]La[0xffffffc0][0xffffffb1][0xffffffe3][0xffffffbc][0x1e]9U[0xffffff86][0xffffffa4]D[0xffffffc8]q^6[0xffffff90][0xc]%[0x2][0xffffff8e][0xfffffff3][0xffffff92]pVS"[0xfffffff8]8/W[0xffffff9e],%[0xfffffff2][0xffffff8e][0xfffffff3]r[0xffffffd5][0xffffffca]Q"[0xffffffe5]8/-[0xffffffde][\r]J[0xffffff98][0xffffffe3][0xffffffbc]>(qu[0xffffff8a][0x12][0xfffffff8]q^O[0xffffffc0]q^[0xffffff8f]9s[0xffffffa6]0[0xffffffe0][0xffffffd8]q^[0xffffff8f][0xffffff9c]*CR"[0xffffffe4]8/[0x1b]H[0xffffff86][0x12][0x1][0xffffffc7]yI8[0xffffffab])[0x11]|[0xffffff9c][0xffffff97]+O[0xffffff96][0x12]y[0xffffffc7]y[0xffffffb9]j[0xffffffe5]([0xffffff91]r[0xffffff9c][0xffffff97][0x16][0xffffffef][0x6]%[0x1e]G[0xffffff89][0xfffffff9][0xffffffc2]&[0xffffffaa][0x1e][0xffffff9c][0x12]O[0x0]%[0x1e][0xffffffcd]{a[0xffffffc0][0x1f][0xffffff8c][0x12]O[0x12]%4[0xffffff8a][0xc]%\ [0x19]Jh,[0xffffffeb])[0xffffffb1][0xffffff86][0xffffffb3][0xffffff9a][0x12]kD[0xffffff93](a[0xffffffca][0xffffff93][0xffffffa5][0xffffff84][0xffffffed]R[0xffffff96][0x12][0xffffffa6]Z9JH[0xffffffd3]R[0xffffff94][0xffffff90][0xffffffe2][0xffffffdd][0xffffffa0][0xffffff84]9[0xffffffce][0xffffffeb]j[0xffffffc7][0xb][0xfffffffb][0xffffff81][0x3]?[0xffffffce][0xffffffeb][0x9]8[0xffffffce][0xffffffeb]1g[0xffffffce][0x14][0x6][0x1c];[0xffffffce][0xffffffeb][0xffffff91]SeHJ[0xffffff84][0x1c][0xffffffe7]e[0x3][0xffffffc9]P"[0xffffffe0]8/[0x9]g5%[0xffffff82][0xffffff8f][0xfffffff3]r[0xffffffe5][0xffffffc9]R"[0xffffffef]8/W[0xffffffad][0x1c]%R[0xffffff8e][0xfffffff3][0xffffffd2][0xffffffe2][0xfffffffd]}JLw[0xffffff9c]W[0x1b]O[0xffffff83](1[0xfffffff1][0xffffffe3][0xffffffbc]f[0xffffffc0]q^[0xffffffd3][0xffffff9c]9S[0x17][0xfffffff0][0xffffff89][0x1d][0xffffffe7]5[0xffffffe5]T[0x19][0xffffff90][0x12]&[0xffffff8a][0x8]%l [0x11]J[0xffffff98]X[0xffffff96]SB[0xffffffc2]YL[0x9][0xffffff89]h[0x10]%\y[0xffffffa2][0xffffff94][0xfffffff0]][0xffffff8a]R[0xffffffc2]U+F[0x9]mZ[0xffffff88][0x12]Z[0xffffffbc][0x1b][0xffffff94]pgp[0xffffffb4][0xffffffbb]Q[0xffffffc7]yM[0xfffffffc][0xc][0xffffff8e][0x19]p[0x6][0xffffffc7]4C[0xfffffff1][0xffffff85][0x1][0xffffffc7][0xffffffce][0xffffffe0][0xffffff98]2[0x5]OR"[0xffffffe4][0xc][0xe][0x1b]H[0xffffff86][0x12][0x1]gpH8[0xffffffab])[0x11]|[0x6][0xffffff87]+O[0xffffff96][0x12]ygp[0xffffffb8]j[0xffffffe5]([0xffffff91]r[0x6][0xffffff87][0x16][0xffffffef][0x6]%[0xffffffdc][0xffffffda]e[0xffffffef]cP[0xffffff94][0xffffffc0][0xffffffd7].g[0xffffffc0][0xffffffda][0xffffffe5]4[0xffffff93]l[0xffffff85][0x1][0xffffffc7][0xffffffd6].[0xffffffa7][0xffffff8c][0xffffffae][0xffffff91][0xffffff94][0x8]Y[0xffffffbb][0xffffffb4][0xffffff81]d([0x11][0xffffffb0]v)[0xffffffe1][0xffffffac][0xffffffa6]D[0xfffffff0][0xffffffda][0xffffffa5]+O[0xffffff96][0x12]yk[0xffffff97][0xffffffae]Z9J[0xffffffa4][0xffffffac]]j[0xfffffff1]nP[0xffffffc2]MT[0xfffffff5][0xffffffa7]c[0xffffff94][0xffffffc0]'[0xffffffaa]f[0xffffffc0]D[0xffffffd5]4;*[0xffffff85][0x1][0xffffffc7]&[0xffffffaa][0xffffffa6],[0xffffffa5][0xffffff90][0xffffff94][0x8][0xffffff99][0xffffffa8][0xffffffb2][0xffffff81]d([0x11]0Q%[0xffffffe1][0xffffffac][0xffffffa6]D[0xfffffff0]D[0xffffff95]+O[0xffffff96][0x12]y[0x13]U[0xffffffae]Z9J[0xffffffa4]LTi[0xfffffff1]nP[0xffffffc2]MT[0xffffff8d]W[0x7f]Q[0xffffff94][0xffffffc0]'[0xffffffaa]f[0xffffffc0]D[0xffffffd5]4;*[0xffffff85][0x1][0xffffffc7]&[0xffffffaa][0xffffffa6],[0xffffffa5][0xffffff90][0xffffff94][0x8][0xffffff99][0xffffffa8][0xffffffb2][0xffffff81]d([0x11]0Q%[0xffffffe1][0xffffffac][0xffffffa6]D[0xfffffff0]D[0xffffff95]+O[0xffffff96][0x12]y[0x13]U[0xffffffae]Z9J[0xffffffa4]LTi[0xfffffff1]nP[0xffffffc2][0xffffffed]J[0xc]n8{[0xffffffe2][0xffffffbb][0x12]3`Wb[0xffffff9a][0xffffff8f][0xffffff9f][0xb][0x3][0xffffff8e][0xffffffed]JL[0xfffffff9][0xffffffbc][0xffffff99][0xffffffa4]D[0xffffffc8][0xffffffae][0xffffff84][\r]$C[0xffffff89][0xffffff80]][0x9][0x9]g5%[0xffffff82]w%\y[0xffffffb2][0xffffff94][0xffffffc8][0xffffffdb][0xffffff95]p[0xffffffd5][0xffffffca]Q"eWB[0xffffff8b]w[0xffffff83][0x12][0xffffff8f][0xffffffa1][0xffffffc4][0xfffffff9][0xffffff9a][0xffffffd4]D[0xffffffd5][0xffffffe7][0xfffffffd][0xffffffc0][0xffffff94]x[0x2]([0xfffffff1]h[0xffffffde][0xb][0x3][0xfffffffe]`[0xffffff94]x[0xffffff92]([0xffffffa1]Qd([0xffffffe1][0x2][0xffffffc9]PBcYO[0xffffff89]5[0xffffff9c][0xffffffd5][0xffffff94]X#[0xffffff9a]D[0x9]S[0xffffff9e],%l[0xffffff97][0xffffffb2][0xffffff94]0[0xffffffd5][0xffffffca]QB[0xffffff9a][0xffffff96][0xffffffa2][0xffffff84][0x14][0xffffffef][0x6]%[0xffffffdc][0xffffffae][0xffffffc4]y[0xc]j[0xffffffa2]j[0xffffffe2][0xffffffbb][0x12]3`Wb[0xffffff9a][0xffffff8f][0xffffff9f][0xb][0x3][0xffffff8e][0xffffffed]JL[0xfffffff9][0xffffffbc][0xffffff99][0xffffffa4]D[0xffffffc8][0xffffffae][0xffffff84][\r]$C[0xffffff89][0xffffff80]][0x9][0x9]g5%[0xffffff82]w%\y[0xffffffb2][0xffffff94][0xffffffc8][0xffffffdb][0xffffff95]p[0xffffffd5][0xffffffca]Q"eWB[0xffffff8b][0xfffffff7][0xffffffb7])[0xffffffd1]^nW[0xffffffe2]<[0xffffffe6]`([0xfffffff1]u?(%[0xffffffbe][0xffffffef][0xffffff80][0xffffffa5][0xffffffc4][0xffffffcf]{ ([0xfffffff1]}u[0xffffff82][0x12][0xffffffff]^9[0xffffff81][0x12].[0xffffff8a][0x4]%| [0x9]J[0xffffffb8]XVSB[0xffffffc3]YK[0x9][0xffffff8d]h[0xe]%ly[0xffffff92][0xffffff94]x[0xffffffd3][0xffffffa5]$%l[0xffffffb5]R[0xffffff94]0M[0xffffffcb]P[0xffffffc2][0x14][0xffffffef][0x6]%[0xffffffdc][0xffffffae][0xffffffc4][0xffffffd9]:[0xfffffff4][0xffffffae][0xffffffc4][0xffffffd7][0xfffffffd][0xffffffc0][0xffffff94][0xffffffe0]w%~[0xffffffde][0x3]C[0x9]jW[0xffffffe2][0xffffffdf]+gP"cW[0xffffffc2][0x7][0xffffff92][0xffffffa1][0x4][0xffffffbf]+[0xffffffa1][0xffffffe1][0xffffffac][0xffffffa6]D[0xffffffee][0xffffffae][0xffffff84]-O[0xffffff96][0x12]q[0xffffffbb][0x12][0xffffffb6]Z9J[0xffffff84][0xffffffec]J[0xffffff98][0xffffffe2][0xffffffdd][0xffffffa0][0xffffff84][0xffffffdb][0xffffff95]8[0xffffffc7][\r]MT}[0xffffffdd][0xf]L[0x9]~W[0xffffffe2][0xffffffe7]=0[0xffffff94][0xffffffa0]v%[0xfffffffe][0xffffffbd]r[0x6]%2v%| [0x19]J[0xfffffff0][0xffffffbb][0x12][0x1a][0xffffffce]jJ[0xffffffe4][0xffffffee]J[0xffffffd8][0xfffffff2]d)[0x11][0xffffffb7]+a[0xffffffab][0xffffff95][0xffffffa3]D[0xffffffc8][0xffffffae][0xffffff84])[0xffffffde][\r]J[0xffffffb8]][0xffffff89][0xfffffff3]~][0x14]%[0xffffffe8]][0xffffff89][0xffffffef];[0xffffffa0])A[0xffffffee]J|_[0xffffff9d][0xffffffa1]D[0xffffffd0][0xffffffae][0xffffff84][0xffffff8b]"C[0xffffff89][0xffffff94]][0x9][0x17][0xffffffcb]zJ[0xffffffb0][0xffffffbb][0x12][0x1a][0xffffffd1]$J[0xffffff84][0xffffffed]J[0xffffffbc][0xffffffe9]R[0xffffff96][0x12]A[0xffffffbb][0x12][0xffffffa6]i)J[0xfffffffc][0xfffffff9][0xffffffae][0xffffffc4][0xffffffe7][0xffffffdf]ha[0xffffff94]h8%Z[0x0]%[0x1a]J[0xffffff89][0xffffff86]Q[0xffffffa2]%Qb[0xffffff8d]"E[0x9][\r]$E[0xffffff89]5[0xffffff96][0x4]%[0x1a]L[0xffffff89][0x16]L[0x9])O[0xffffff9a][0x12][0xffffffa6]KiJH[0xffffffb5][0xffffff92][0xffffff94]h)[0xffffff94]h[0x7f][0xffffff81][0x12]#[0xffffff8c][0x12][0x3][0xffffffa7][0xffffffc4][0x8][0xffffffa0][0xffffffc4]@)10J[0xffffff8c]$J[0xffffffac]Q[0xffffffa4]([0xffffffa1][0xffffff81][0xffffffa4]([0xffffffb1][0xffffffc6][0xffffff92][0xffffffa0][0xffffffc4][0xffffff80])1[0xffffff82])![0xffffffe5]IS[0xffffffc2]t)M[0x9][0xffffffa9]V[0xffffff92][0x12]#[0xffffff85][0x12][0xffffffe3]/P[0xffffffe2]8[0xffffffc3],q[0xffffff9c]8&>n[0xffffff81][0xffffffd7][0xffffffc4][0xffffff8f][0xffffff9b][0xffffffa0]8[0xfffffff1]qy[0xffffffca][0x13][0xffffffdf][0xffffff97]N[0x1][0xffffff85][0xffffffe4][0xffffff91][0x12][0xffffff85]I%E[\n]"
08:17:55.202 [TestNG-PoolService-1] DEBUG org.apache.hc.client5.http.wire -- http-outgoing-3 << "[0x3][0xffffff8e]MT[\r]YJ!)[0x11]2Qe[0x3][0xffffffc9]P"`[0xffffffa2]J[0xffffffc2]YM[0xffffff89][0xffffffe0][0xffffff89]*W[0xffffff9e],%[0xfffffff2]&[0xffffffaa]\[0xffffffb5]r[0xffffff94]H[0xffffff99][0xffffffa8][0xffffffd2][0xffffffe2][0xffffffdd][0xffffffa0][0xffffffc4]4[0xffffff94][0xffffffb8][0xffffff8e][0xffffff8e]}[0xc]:qJ[0xffffffcc][0x0]JL[0xffffffcd]{a[0xffffffc0]'F[0xffffff89][0xffffff99]D[0x9][0xffffff8d]"C[0x9][0x17]H[0xffffff86][0x12][0x1a][0xffffffcb]zJ[0xffffffac][0xffffffe1][0xffffffac][0xffffffa6][0xffffffc4][0x1a][0xffffffd1]$J[0xffffff98][0xfffffff2]d)a[0xffffffbb][0xffffff94][0xffffffa5][0xffffff84][0xffffffa9]V[0xffffff8e][0x12][0xffffffd2][0xffffffb4][0x14]%[0xffffffa4]x[0x7f][0xffffff9f][0x12][0xffffffe7][0xffffffcb]Q[0xffffffa2][0x1f][0xffffffd4][0xffffffc7][0xffffffa0][0xffffff9f][0xfffffff7][0xffffffc3]R[0xffffffe2][0xffffffeb][0xe]`J[0xfffffffc]{[0xf][0x8]%[0xffffffbe][0xffffffae][0xffffff8e]P[0xffffffe2][0xffffff9f]+GP[0xffffffc2]D[0x11][0xffffffa1][0xffffff84][\r]$B[0x9][0x13][0xffffffcb]rJH8[0xffffff8b])![0x11][\r][0xffffffa2][0xffffff84]+O[0xffffff94][0x12][0xffffffbe]KQJ[0xffffffb8]j[0xffffffc5]([0xffffffa1]M[0xb]QB[0xffffff8b]w[0xffffff83][0x12]n[0xffffffed][0xfffffff2][0x1a]7[0xfffffff5]T[0xffffffe2][0xffffffc4][0xffffffd7].[0xffffffcf][0xffffff80][0xffffffb5][0xffffffcb][0xffffffd3]L[0xffffffb2][0x15][0x6][0x1c][[0xffffffbb]<et[0xffffff8d][0xffffffa4]D[0xffffffc8][0xffffffda][0xffffffa5][\r]$C[0xffffff89][0xffffff80][0xffffffb5]K[0x9]g5%[0xffffff82][0xffffffd7].]y[0xffffffb2][0xffffff94][0xffffffc8][[0xffffffbb]t[0xffffffd5][0xffffffca]Q"e[0xffffffed]R[0xffffff8b]w[0xffffff83][0x12]n[0xffffffed][0xfffffff2]z[0x6][0xffffffb5]+q[0xffffffe2]k[0xffffff97]g[0xffffffc0][0xffffffda][0xffffffe5]i&[0xffffffd9][\n]"
08:17:55.204 [TestNG-PoolService-3] DEBUG org.apache.hc.client5.http.wire -- http-outgoing-4 << "[0xffffffa8]].[0xffffff93]d+[0x4][0x1c][0xffffffab]].[0xffffff89][0xffffffae][0xffffff91]*[0x11]R[0xffffffbb][0xffffffb4]@2*[0x11]P[0xffffffbb][0x14]8[0xffffffab]U"[0xffffffb8]v[0xffffffe9][0xffffffc6][0xffffff93]U[0xffffff89][0xffffffbc][0xffffffda][0xffffffa5][0xffffff9b]VN%Rj[0xffffff97]:[0xffffffbc][0x1b]*[0xffffffe1]j[0xffffff97][0xffffffe7]kR[0xffffffef]J,[0xffffffbc]v[0xffffffb9][0x2]j[0xffffff97][0xffffffcb]$[0xffffffd9][\n]"
08:17:55.204 [TestNG-PoolService-2] DEBUG org.apache.hc.client5.http.wire -- http-outgoing-5 << "[0xffffffc9]&a[0xffffff8a]%[0xffffffa1][0xfffffff5][0xffffffa8]Xr[0xffffff9a][0xffffffa5][\n]"
08:17:55.204 [TestNG-PoolService-3] DEBUG org.apache.hc.client5.http.wire -- http-outgoing-4 << "[0x1][0xffffffc7]j[0xffffff97]K[0xffffffa2]k[0xffffffa4]J[0xffffff84][0xffffffd4].-[0xffffff90][0xffffff8c]J[0x4][0xffffffd4].[0x5][0xffffffce]j[0xffffff95][0x8][0xffffffae]][0xffffffba][0xfffffff1]dU"[0xffffffaf]v[0xffffffe9][0xffffffa6][0xffffff95]S[0xffffff89][0xffffff94][0xffffffda][0xffffffa5][0xe][0xffffffef][0xffffff86]J[0xffffffb8][0xffffffda][0xffffffe5]yr[0xffffffbf]J[0xffffffe0][0xffffffb5][0xffffffcb][0x15]P[0xffffffbb]\&[0xffffffc9]V[0x8]8V[0xffffffbb]\[0x12]]#U"[0xffffffa4]vi[0xffffff81]dT"[0xffffffa0]v)pV[0xffffffab]Dp[0xffffffed][0xffffffd2][0xffffff8d]'[0xffffffab][0x12]y[0xffffffb5]K7[0xffffffad][0xffffff9c]J[0xffffffa4][0xffffffd4].ux7T[0xffffffc2][0xffffffd5].[0xffffffcf][0xfffffff9][0xffffffc2]T[0x2][0xffffffaf]][0xffffffae][0xffffff80][0xffffffda][0xffffffe5]2I[0xffffffb6]B[0xffffffc0][0xffffffb1][0xffffffda][0xffffffe5][0xffffff92][0xffffffe8][0x1a][0xffffffa9][0x12]![0xffffffb5]K[0xb]$[0xffffffa3][0x12][0x1][0xffffffb5]K[0xffffff81][0xffffffb3]Z%[0xffffff82]k[0xffffff97]n<Y[0xffffff95][0xffffffc8][0xffffffab]][0xffffffba]i[0xffffffe5]T"[0xffffffa5]v[0xffffffa9][0xffffffc3][0xffffffbb][0xffffffa1][0x12].Qu}X[\n]"
08:17:55.204 [TestNG-PoolService-1] DEBUG org.apache.hc.client5.http.wire -- http-outgoing-3 << "[0x3][0xffffff8e][0xffffffad]][0xffffff9e]2[0xffffffba]FR"d[0xffffffed][0xffffffd2][0x6][0xffffff92][0xffffffa1]D[0xffffffc0][0xffffffda][0xffffffa5][0xffffff84][0xffffffb3][0xffffff9a][0x12][0xffffffc1]k[0xffffff97][0xffffffae]<YJ[0xffffffe4][0xffffffad]][0xffffffba]j[0xffffffe5]([0xffffff91][0xffffffb2]v[0xffffffa9][0xffffffc5][0xffffffbb]A[0x9][0xffffffb7]vy[0xffffffcd][0x17][0xfffffff6][0x3][0x7][0xffffffbe]vy[0x6][0xffffffac]][0xffffff9e]f[0xffffff92][0xffffffad]0[0xffffffe0][0xffffffd8][0xffffffda][0xffffffe5])[0xffffffa3]k$%B[0xffffffd6].m [0x19]J[0x4][0xffffffac]]J8[0xffffffab])[0x11][0xffffffbc]v[0xffffffe9][0xffffffca][0xffffff93][0xffffffa5]D[0xffffffde][0xffffffda][0xffffffa5][0xffffffab]V[0xffffff8e][0x12])k[0xffffff97]Z[0xffffffbc][0x1b][0xffffff94]pk[0xffffff97][0xffffffd7][0xffffffe4]~[0xffffffe0][0xffffffc0][0xffffffd7].[0xffffffcf][0xffffff80][0xffffffb5][0xffffffcb][0xffffffd3]L[0xffffffb2][0x15][0x6][0x1c][[0xffffffbb]<et[0xffffff8d][0xffffffa4]D[0xffffffc8][0xffffffda][0xffffffa5][\r]$C[0xffffff89][0xffffff80][0xffffffb5]K[0x9]g5%[0xffffff82][0xffffffd7].]y[0xffffffb2][0xffffff94][0xffffffc8][[0xffffffbb]t[0xffffffd5][0xffffffca]Q"e[0xffffffed]R[0xffffff8b]w[0xffffff83][0x12]n[0xffffffed][0xfffffff2]~[0x1d][0xffffffd4]D[0xffffffd5][0xffffff89][0xffffffaf]][0xffffff9e][0x1]k[0xffffff97][0xffffffa7][0xffffff99]d+[0xc]8[0xffffffb6]vy[0xffffffca][0xffffffe8][0x1a]I[0xffffff89][0xffffff90][0xffffffb5]K[0x1b]H[0xffffff86][0x12][0x1]k[0xffffff97][0x12][0xffffffce]jJ[0x4][0xffffffaf]][0xffffffba][0xfffffff2]d)[0xffffff91][0xffffffb7]v[0xffffffe9][0xffffffaa][0xffffff95][0xffffffa3]D[0xffffffca][0xffffffda][0xffffffa5][0x16][0xffffffef][0x6]%[0xffffffdc][0xffffffda][0xffffffe5][0xfffffffd][0xffffffba][0xffffffb1][0x1f]8[0xfffffff0][0xffffffb5][0xffffffcb]3`[0xffffffed][0xfffffff2]4[0xffffff93]l[0xffffff85][0x1][0xffffffc7][0xffffffd6].O[0x19]]#)[0x11][0xffffffb2]vi[0x3][0xffffffc9]P"`[0xffffffed]R[0xffffffc2]YM[0xffffff89][0xffffffe0][0xffffffb5]KW[0xffffff9e],%[0xfffffff2][0xffffffd6].][0xffffffb5]r[0xffffff94]HY[0xffffffbb][0xffffffd4][0xffffffe2][0xffffffdd][0xffffffa0][0xffffff84][[0xffffffbb][0xffffffbc][0xffffffdb][0xffffffc0]~[0xffffffe0][0xffffffc0][0xffffffd7].[0xffffffcf][0xffffff80][0xffffffb5][0xffffffcb][0xffffffd3]L[0xffffffb2][0x15][0x6][0x1c][[0xffffffbb]<et[0xffffff8d][0xffffffa4]D[0xffffffc8][0xffffffda][0xffffffa5][\r]$C[0xffffff89][0xffffff80][0xffffffb5]K[0x9]g5%[0xffffff82][0xffffffd7].]y[0xffffffb2][0xffffff94][0xffffffc8][[0xffffffbb]t[0xffffffd5][0xffffffca]Q"e[0xffffffed]R[0xffffff8b]w[0xffffff83][0x12]n[0xffffffed][0xfffffff2][0xffffffbe][0xffffffb0][0xffffffb5][0xffffffcb][0x13]_[0xffffffbb]<[0x3][0xffffffd6].O3[0xffffffc9]V[0x18]pl[0xffffffed][0xfffffff2][0xffffff94][0xffffffd1]5[0xffffff92][0x12]!k[0xffffff97]6[0xffffff90][0xc]%[0x2][0xffffffd6].%[0xffffff9c][0xffffffd5][0xffffff94][0x8]^[0xffffffbb]t[0xffffffe5][0xffffffc9]R"o[0xffffffed][0xffffffd2]U+G[0xffffff89][0xffffff94][0xffffffb5]K-[0xffffffde]-J[0xffffffb4]0J4[0xffffff9c][0x12]-[0xffffff80][0x12][\r][0xffffffa5]D[0xffffffc3]([0xffffffd1][0xffffff92]([0xffffffb1]F[0xffffff91][0xffffffa2][0xffffff84][0x6][0xffffff92][0xffffffa2][0xffffffc4][0x1a]K[0xffffff82][0x12][\r][0xffffffa6]D[0xb][0xffffffa6][0xffffff84][0xffffff94]'M[0x9][0xffffffd3][0xffffffa5]4%[0xffffffa4]ZIJ[0xffffffb4][0x14]J[0xffffffb4][0xffffffbf]@[0xffffff89]3[0xffffff8c][0x12]'N[0xffffff89]3[0xffffff80][0x12]'J[0xffffff89][0x13][0xffffffa3][0xffffffc4][0xffffff99]D[0xffffff89]5[0xffffff8a][0x14]%4[0xffffff90][0x14]%[0xffffffd6]X[0x12][0xffffff94]8aJ[0xffffff9c][0xffffffc1][0xffffff94][0xffffff90][0xfffffff2][0xffffffa4])a[0xffffffba][0xffffff94][0xffffffa6][0xffffff84]T+I[0xffffff89]3[0xffffff85][0x12][0xffffffe7]_[0xffffffa0][0xffffffc4][0x15]F[0xffffff89][0xb][0xffffffa7][0xffffffc4][0x15]@[0xffffff89][0xb][0xffffffa5][0xffffffc4][0xffffff85]Q[0xffffffe2]J[0xffffffa2][0xffffffc4][0x1a]E[0xffffff8a][0x12][0x1a]H[0xffffff8a][0x12]k,[0x9]J\0%[0xffffffae]`JHy[0xffffffd2][0xffffff94]0]JSB[0xffffffaa][0xffffff95][0xffffffa4][0xffffffc4][0xffffff95]B[0xffffff89][0xffffffeb]/P[0xffffffa2][0x1f]a[0xffffff96][0xffffffe8][0x7][0xffffff8e][0xffffff89][0xffffff8f][[0xffffffe0]5[0xfffffff1][0xffffffe3]&(N|\[0xffffff9e][0xfffffff2][0xffffffc4][0xfffffff7][0xffffffa5]S@!y[0xffffffa4]DaRI[0xffffff91]B[0xffffffb2]I[0xffffff98]bIh=*[0xffffff96][0xffffff9c]f[0xffffffa9]Bk[0xffffff94]f[0xffffff85]kU[0xffffffda][0x15]Z[0xffffffb2]$,[0xffffffd6][0xffffffce][0xffffffe5]d[0xffffffb1]V[0xfffffff0][0x16]-F[0xffffffda][0xffffffcb][0x13][0xffffff83][0x7f]{b$[0xffffffbc]>1[0xffffffd8][0xfffffff7]'[0x6][0xfffffff7][0x2][0xffffffc5][0xffffff88]z[0xffffff83]B[0xfffffff2]H[0xffffffd1][0xffffffc2][0xffffffa4][0xffffff92][0xffffffa2][0xffffff85]d[0xffffff93][0xffffffa0][0xffffffc5][0xffffffa0][0xffffffdf][0xffffffa2][0x18][0xffffffc9][0xffffffaf]Qh[0xffffff8d][0xffffffd2][0xffffffb4]p[0xffffffad]J[0xffffffd3]BK[0xffffff96][0xffffffa4][0xffffffc5][0xffffffda][0xffffffb9][0x1c]-[0xffffffd6][\n]"
08:17:55.204 [TestNG-PoolService-2] DEBUG org.apache.hc.client5.http.wire -- http-outgoing-5 << "[0xffffffad]Q[0xffffff9a][0x15][0xffffffae]UiWh[0xffffffc9][0xffffff92][0xffffffb0]X;[0xffffff97][0xffffff93][0xffffffc5]Z[0xffffffc1][[0xffffffb4]h=[0xffffff8c][0x16][0xffffffad][0xffffffe3][0xffffffb4][0xfffffff8][0xffffffb8][0x5][0xffffff9e][0x16]?n[0xffffff82][0xffffffa2][0xffffffc5][0xffffffc7][0xffffffe5])Z|_:[0xffffff85][0x16][0xffffff92]G[0xffffff8a][0x16]&[0xffffff95][0x14]-$[0xffffff9b][0x4]-[0xffffff96][0xffffff84][0xffffffd6][0xffffffd3]b[0xffffffc9]i[0x16]-[0xffffffb4]FiZ[0xffffffb8]V[0xffffffa5]i[0xffffffa1]%K[0xffffffd2]b[0xffffffed]\[0xffffff8e][0x16]k[0x5]o[0xffffffd1][0xffffffa2][0xffffffa7]=[0xffffffb5][0xffffffe8][0xfffffffc]S[0xffffff8b][0xffffff9e][0xfffffff0][0xffffffd4][0xffffffa2][0xffffffb3]O-:[0xfffffff7][0xffffffd4][0xffffffa2]G=[0xffffffb5][0xffffff90]<R[0xffffffb4]0[0xffffffa9][0xffffffa4]h![0xffffffd9]$h[0xffffffd1][0xffffffe9][0xffffffa7][0x16]=[0xfffffff9][0xffffffa9][0xffffff85][0xffffffd6](M[0xb][0xffffffd7][0xffffffaa]4-[0xffffffb4]dIZ[0xffffffac][0xffffff9d][0xffffffcb][0xffffffd1]b[0xffffffad][0xffffffe0]-Z|-a&[0xffffffd1]bL[0xffffff9c][0x16][0x1f][0xffffffb7][0xffffffc0][0xffffffd3][0xffffffe2][0xffffffc7]MP[0xffffffb4][0xfffffff8][0xffffffb8]<E[0xffffff8b][0xffffffef]K[0xffffffa7][0xffffffd0]B[0xfffffff2]H[0xffffffd1][0xffffffc2][0xffffffa4][0xffffff92][0xffffffa2][0xffffff85]d[0xffffff93][0xffffffa0][0xffffffc5][0xffffff92][0xffffffd0]zZ,9[0xffffffcd][0xffffffa2][0xffffff85][0xffffffd6](M[0xb][0xffffffd7][0xffffffaa]4-[0xffffffb4]dIZ[0xffffffac][0xffffff9d][0xffffffcb][0xffffffd1]b[0xffffffad][0xffffffe0]-Z[0xffffffcc][0xffffffb4]O@&[0xffffffff][\r][0xffffffc8]L[0xfffffff8][0x8]d[0xffffffb2]_[0xffffff81]L[0xffffffee]3[0xffffff90][0x19][0xfffffff5][0x1d][0xffffff88][0xffffffe4][0xffffff91][0xffffffa2][0xffffff85]I%E[0xb][0xffffffc9]&A[0xffffff8b]I[0x7f][0xb]2[0xffffff93]?[0x6][0xffffffd1][0x1a][0xffffffa5]i[0xffffffe1]Z[0xffffff95][0xffffffa6][0xffffff85][0xffffff96],I[0xffffff8b][0xffffffb5]s9Z[0xffffffac][0x15][0xffffffbc]G[0xffffff8b][0xffffff91]F[0xb][0xfffffffe][0xffffff9b][0xffffff90][0xffffff99][0xfffffff0]Q[0xffffffc8]d[0xffffffbf][\n]"
08:17:55.205 [TestNG-PoolService-3] DEBUG org.apache.hc.client5.http.wire -- http-outgoing-4 << "[0xffffffa5][0x12]x[0xffffffa2]j[0x5]$[0xffffffaa][0xffffff96][0xffffffe9][0xffffffa8][0x14][0x2][0xffffff8e]%[0xffffffaa][0xffffff96][0xffffff94]RH[0xffffff95][0x8]ITY [0x19][0xffffff95][0x8]HT[0x9][0xffffff9c][0xffffffd5]*[0x11][0xffffff9c][0xffffffa8]r[0xffffffe3][0xffffffc9][0xffffffaa]D^[0xffffffa2][0xffffffca]M+[0xffffffa7][0x12])[0xffffff89]*[0x1d][0xffffffde][\r][0xffffff95]p[0xffffff89][0xffffffaa]k[0xffffffbe][0x6][0xffffffa5][0x12]x[0xffffffa2]j[0x5]$[0xffffffaa][0xffffff96][0xffffffe9][0xffffffa8][0x14][0x2][0xffffff8e]%[0xffffffaa][0xffffff96][0xffffff94]RH[0xffffff95][0x8]ITY [0x19][0xffffff95][0x8]HT[0x9][0xffffff9c][0xffffffd5]*[0x11][0xffffff9c][0xffffffa8]r[0xffffffe3][0xffffffc9][0xffffffaa]D^[0xffffffa2][0xffffffca]M+[0xffffffa7][0x12])[0xffffff89]*[0x1d][0xffffffde][\r][0xffffff95]p[0xffffff89][0xffffffaa][0xffffffeb][0xffffffe6]T[0x2]OT[0xffffffad][0xffffff80]D[0xffffffd5]2[0x1d][0xffffff95]B[0xffffffc0][0xffffffb1]D[0xffffffd5][0xffffff92]R[\n]"
08:17:55.205 [TestNG-PoolService-2] DEBUG org.apache.hc.client5.http.wire -- http-outgoing-5 << "[0xffffff99][0xffffffdc]g!3[0xffffffea][0xffffffbb][0x10][0xffffffc9]#F[0xffffff8b][0xffffff9c]/C$[0xffffff9b][0x8]-[0xffffffe8]oCf[0xfffffff2][0xffffffc7]!Z[0xffffffa3]8-[0x2]?[0xf][0xffffffd1][0xffffff92]Ei[0x11][0xfffffff3][0xffffff81][0xffffffc8]Z[0xffffffc1][[0xffffffb4]8[0xffffffce];[0xffffffcc][0x16][0x1f]w[0xffffff84][0xffffffe3][0xffffffe2][0xfffffff3][0x1e]x][0xfffffffc]s[0x17][0x14]/>[0xffffffaf]O[0xfffffff9][0xffffffe2][0xffffffc7][0xffffffb5]S[0xffffff80][0xffffffa1][0xffffffa1][0xffffffa4][0xffffff84][0xffffffe1][0xffffffa2]I[0x11]C[0x3]J[0x18]c[0xffffff8d]i=2[0xffffffd6][0xffffffb0]f)[0xffffffc3][0x14]*[0xffffffcd][0xc][0xffffffdb][0xffffffaf][0xffffffb4]3L[0xffffffdd][0xffffff92][0xffffffd0][0xffffff90][0xfffffff6][0xffffffe5][0xffffffa4]!e[0xffffffbc]G[0xffffff8d][0xffffffeb]I[0xffffffa3][0xffffffc6][0xfffffff5][0xfffffff0][0xffffffd4][0xfffffff8][0xffffffb8][0xffffff87][0x0]j[0xfffffffc][0xffffffb8][0xb][0xffffff8c][0x1a][0x1f][0xffffffd7][0xffffffc7][0xffffffa8][0xfffffff1]}[0xffffffed][0x18]jH(1j[0xffffff98]hb[0xffffffd4][0xffffff90][0xffffff80]"[0xffffffd4]Xb[\n]"
08:17:55.205 [TestNG-PoolService-1] DEBUG org.apache.hc.client5.http.wire -- http-outgoing-3 << "[0xffffffde][0xffffffa2][0xffffffc5][0xffffff99]F[0xffffff8b][0xffffff93][0xffffffa7][0xffffffc5][0xffffff99]@[0xffffff8b][0xffffff93][0xffffffa5][0xffffffc5][0xffffffc9][0xffffffd1][0xffffffe2][0xffffff8c][0xffffffa2][0xffffff85][0xffffffe4][0xffffff91][0xffffffa2][0xffffff85]I%E[0xb][0xffffffc9]&A[0xffffff8b][0xffffff93][0xffffffa6][0xffffffc5][0xffffff99]L[0xb][0xffffffad]Q[0xffffff9a][0x16][0xffffffae]UiZh[0xffffffc9][0xffffff92][0xffffffb4]X;[0xffffff97][0xffffffa3][0xffffffc5]Z[0xffffffc1][[0xffffffb4][0xffffffb8][0xffffffe2]^[0xffffffae][0x8]x[0xffffffbb]"[0xffffffe2][0xfffffff5][\n]"
08:17:55.205 [TestNG-PoolService-3] DEBUG org.apache.hc.client5.http.wire -- http-outgoing-4 << "[0xffffffa9][0x12]![0xffffff89]*[0xb]$[0xffffffa3][0x12][0x1][0xffffff89]*[0xffffff81][0xffffffb3]Z%[0xffffff82][0x13]Un<Y[0xffffff95][0xffffffc8]KT[0xffffffb9]i[0xffffffe5]T"%Q[0xffffffa5][0xffffffc3][0xffffffbb][0xffffffa1][0x12].Q[0xffffffd5][0xffffffdb][0xffffffba]([0xffffff95][0xffffffc0][0x13]U+ Q[0xffffffb5]LG[0xffffffa5][0x10]p,Q[0xffffffb5][0xffffffa4][0xffffff94]B[0xffffffaa]DH[0xffffffa2][0xffffffca][0x2][0xffffffc9][0xffffffa8]D@[0xffffffa2]J[0xffffffe0][0xffffffac]V[0xffffff89][0xffffffe0]D[0xffffff95][0x1b]OV%[0xfffffff2][0x12]UnZ9[0xffffff95]HIT[0xffffffe9][0xfffffff0][0xfffffffe][0xffffffbe]J[0xffffffdc]/[0xffffffa7][0x12][0xfffffffd][0xffffffa4]^[0xffffffbb][0xfffffffc]<[0xf][0xffffffab][0x12]_'[0xffffff80]U[0xffffffe2][0xffffffc7][0x19][0x10][0xffffff95][0xfffffff8]z:[0xffffffa2][0x12][0x7f]?9B%[0xc][0xffffff8a][0xffffff88]JX [0x11][0xffffff95]0X[0xffffff96][0xffffffab][0xffffff84][0xffffffc0]Y[0xffffffac][0x12][0xffffff82]h[0xffffff90]J[0xffffffb8][0xfffffff1]DU[0xffffffc2]o)[0xffffffaa][0x12]nZ1[0xffffff95][0xffffffd0][0xffffffa5][0xffffff85]TB[0xffffff87]wC%\[0xffffffa2][0xffffffaa][0xffffffdf][0x7][0xffffffa6][0x12]x[0xffffffa2][0xffffffea][0xe]HT[0xffffffdd][0xffffffa6][0xffffffa3]R[0x8]8[0xffffff96][0xffffffa8][0xffffffba][0xffffffa5][0xffffff94]B[0xffffffaa]DH[0xffffffa2][0xffffffca][0x2][0xffffffc9][0xffffffa8]D@[0xffffffa2]J[0xffffffe0][0xffffffac]V[0xffffff89][0xffffffe0]D[0xffffff95][0x1b]OV%[0xfffffff2][0x12]UnZ9[0xffffff95]HIT[0xffffffe9][0xfffffff0]n[0xffffffa8][0xffffff84]KT[0xfffffff5]{R[0xffffffef]J[0xffffffdc]x[0xffffffa2][0xffffffea][0xe]HT[0xffffffdd][0xffffffa6][0xffffffa3]R[0x8]8[0xffffff96][0xffffffa8][0xffffffba][0xffffffa5][0xffffff94]B[0xffffffaa]DH[0xffffffa2][0xffffffca][0x2][0xffffffc9][0xffffffa8]D@[0xffffffa2]J[0xffffffe0][0xffffffac]V[0xffffff89][0xffffffe0]D[0xffffff95][0x1b]OV%[0xfffffff2][0x12]UnZ9[0xffffff95]HIT[0xffffffe9][0xfffffff0]n[0xffffffa8][0xffffff84]KT[0xffffff8d][0xffffffd7]I][0xffffffe7]u[0xffffffe3][0xffffff89][0xffffffaa]; Qu[0xffffff9b][0xffffff8e]J![0xffffffe0]X[0xffffffa2][0xffffffea][0xffffff96]R[\n]"
08:17:55.205 [TestNG-PoolService-1] DEBUG org.apache.hc.client5.http.wire -- http-outgoing-3 << "[0xfffffff8][0xfffffffd][\n]"
08:17:55.205 [TestNG-PoolService-1] DEBUG org.apache.hc.client5.http.wire -- http-outgoing-3 << "[0xfffffff0][0x5][0xffffff8b][0xffffffac]7,b^[0xffffffb1][0x8]z[0xffffffc7]"[0xffffffe2]%[0xb][0xfffffffc]-[0xffffff8b][0xffffffe8][0xffffffd7],[0xfffffff2][0xffffffde][0xffffffb3]H|[0xffffffd1]"[0xffffffeb]M[0xffffff8b][0xffffff9c]W-[0xfffffffe][0xffffffc6][0xffffffbb][0x16][0xffffffd7][0xffffff93]F[0xffffff8b][0xffffff87][0xffffffa7][0xffffffc5][0xffffff93]@[0xffffff8b][0xffffff87][0xffffffa5][0xffffffc5][0xffffffc3][0xffffffd1][0xffffffe2][0xffffff89][0xffffffa2][0xffffffc5][0xffffff9a]G[0xffffff8c][0x16][0xffffff9a]J[0xffffff8c][0x16]k6[0x11]Z<4-[0xffffff9e]dZH[0xffffff8d][0xffffffe2][0xffffffb4]0[0xffffffad][0xffffff8a][0xffffffd3]BJ[0x16][0xffffffa5][0xffffffc5][0x13]C[0xffffff8b][0xffffffe7]/[0xffffffd0][0xffffffe2][0xffffffe8]i[0xffffffb6][0xfffffff8][0xffffffb8]#[0x1c][0x17]"
08:17:55.205 [TestNG-PoolService-2] DEBUG org.apache.hc.client5.http.wire -- http-outgoing-5 << "Pc[0x9]k[0x18]5[0xffffffb4]Pqj[0xffffffb8]~[0xffffffc5][0xffffffa9][0xffffffa1]u[0xffffff8b]Rcm_[0xffffff90][0x1a]k[0x19][0xffffffef]Q[0xffffffe3]I[0xfffffffb]:[0xfffffff5][0xffffffe3][0xffffff8e]xj<[0x9][0xffffffdf][0xffffffa7][0xfffffffe]s[0x17][0x18]5[0x1e][0xffffffee][0xb][0xffffffd5][0x1f][0xffffffd7][0xffffff8e][0xffffffa1][0xffffff86][0xffffff84][0x12][0xffffffa3][0xffffff86][0xffffff89]&F[\r][0x9](B[0xffffff8d][0xffffff87][0xfffffffe]Lu[\r]k[0x18]5[0xffffffb4]Pqj[0xffffffb8]~[0xffffffc5][0xffffffa9][0xffffffa1]u[0xffffff8b]Rcm_[0xffffff90][0x1a]k[0x19][0xffffffff][0xe]5[0xffffffe6][0xfffffff7]_9[0xffffffcd][0x19]"W[0x1b][0xfffffff5]'[0xffffff9b][0xfffffffe][0xffffffbc][0x1f][0xffffff8a][0x19][0xffffffbf][0xffffffdc][0x1][0xffffff86][0xffffff8c][0xffffffe5][0x1e][0xffffff8a][0xffffff89][0xfffffff1][0xffffffcb][0xffffffd5][0xffffff8b][0xffffff81][0xfffffff1][0xffffffbf]W[0xffffff86]y[0xfffffff1]6[0xffffff8a][0xffffffc5][0xffffffb8][0xfffffff8][0xffffff8f]@[0x16][0xffffffd3][0xffffffe2]m,[0xb]a[0xfffffff1]&[0xffffff9c]e[0xffffffac]x[0x13][0xffffffd1][0x8]T[0xffffffbc]/O[0xffffff88][0x14][0xffffffff][0xffffffd5][0xffffffa5][0x10]([0xffffffde]W+[0xffffffc0][0xffffff89]wM[[0xffffff8e][0xffffff89]w[0xffffffc5][0xffffffbb]A[0xffffff89][0xffffffcb][0xffffff9c]!r[0xffffff8d]V[0xffffffff][0xffffffcc][0xffffffe2][0xffffffe7][0xfffffffd][0xffffffc0][0xffffff94][0xffffffb8][0xffffffc8]3D[0xffffff96]{`(q[0xffffffd5][0xffffff9f]![0xfffffff2][0xffffffbf]W[0xffffffce][0xffffffa0][0xffffff84]F[0xffffff91][0xffffffa1][0xffffff84][0xb]$C[0x9][0xffffff8d]e=%[0xffffffd6]pVSb[0xffffff8d]h[0x12]%Ly[0xffffffb2][0xffffff94][0xffffffb0]][0xffffffca]R[0xffffffc2]T+G[0x9]iZ[0xffffff8a][0x12]R[0xffffffbc][0x1b][0xffffff94][0xffffffb8][0xffffffdd]S[0xffffff89][0xffffff9b][0xffffffa3][0xffffffc4][0xffffff8d]?[0xffffff95][0xffffffb8][0x3][0xffffff9e]J[0xffffffdc]J[0xffffffe7][0xffffffc2][0xffffff80][0xffffffdf][0xffffffd8]S[0xffffff89];[0xffffffe9][0xffffffa9][0xffffff84]F[0xffffff91][0xffffffa1][0xffffff84][0xb]$C[0x9][0xffffff8d]e=%[0xffffffd6]pVSb[0xffffff8d]h[0x12]%Ly[0xffffffb2][0xffffff94][0xffffffb0]][0xffffffca]R[0xffffffc2]T+G[0x9]iZ[0xffffff8a][0x12]R[0xffffffbc][[0xffffff94]0O%PJ[0xffffffd0]O%[0xffffffee][0xffffff80][0xffffffa7][0x12][0xffffffb7][0xffffffd2][0xffffffb9]4[0xffffffe0][0xffffffd4]S[0xffffff89];[0xffffffe9][0xffffffa9][0xffffff84]F[0xffffff91][0xffffffa2]D[0xffffffca]S[0x9][0xffffff8d]%A[0x9][0xfffffff6][0xffffffa9][0xffffffc4][0x1a][0xffffffd1],J[0xffffff84]=[0xffffff95][0xffffffb0]]JS"[0xffffffe8][0xffffffa9][0xffffff84]4-G[0xffffff89]?[0x7f]*[0xfffffff1][0xffffffb8][0xffffffa7][0x12][0xfffffff3]zQ[0xffffff94]x[0xfffffff0][0xffffffa7][0x12]O[0xffffffc0]S[0xffffff89]G[0xffffffe9]\[0x18][0xfffffff0][0x7]{*[0xfffffff1]$=[0xffffff95][0xffffffd0](2[0xffffff94]p[0xffffff81]d([0xffffffa1][0xffffffb1][0xffffffac][0xffffffa7][0xffffffc4][0x1a][0xffffffce]jJ[0xffffffac][0x11]M[0xffffffa2][0xffffff84])O[0xffffff96][0x12][0xffffffb6]KYJ[0xffffff98]j[0xffffffe5](!MKQB[0xffffff8a][0xfffffff7][0xfffffff7])q[0xffffffbc][0xc]%[0xffffffee][0xfffffff1]5[0xffffffee]MP[0xffffffe2][0xfffffff3]~XJ|[0xffffffdd][0x1]L[0xffffff89][0x7f][0xffffffef][0x1][0xffffffa1][0xffffffc4][0xffffffd7][0xffffffd5][0x11]J[0xfffffffc]s[0xffffffe5][0x8]J[0xffffff98]("[0xffffff94][0xffffffb0][0xffffff81]D(abYN[0x9][0x9]g1%$[0xffffffa2]A[0xffffff94]p[0xffffffe5][0xffffff89]R[0xffffffc2]w)J[0x9]W[0xffffffad][0x18]%[0xffffffb4]i!Jh[0xfffffff1]nP[0xffffffe2]p[0xffffff94][0xfffffff8]`[\n]"
08:17:55.205 [TestNG-PoolService-3] DEBUG org.apache.hc.client5.http.wire -- http-outgoing-4 << "[0xffffffa9][0x12]![0xffffff89]*[0xb]$[0xffffffa3][0x12][0x1][0xffffff89]*[0xffffff81][0xffffffb3]Z%[0xffffff82][0x13]Un<Y[0xffffff95][0xffffffc8]KT[0xffffffb9]i[0xffffffe5]T"%Q[0xffffffa5][0xffffffc3][0xffffffbb][0xffffffa1][0x12].Q5^[0xffffffd8]u^7[0xffffff9e][0xffffffa8][0xffffffba][0x3][0x12]U[0xffffffb7][0xffffffe9][0xffffffa8][0x14][0x2][0xffffff8e]%[0xffffffaa]n)[0xffffffa5][0xffffff90]*[0x11][0xffffff92][0xffffffa8][0xffffffb2]@2*[0x11][0xffffff90][0xffffffa8][0x12]8[0xffffffab]U"8Q[0xffffffe5][0xffffffc6][0xffffff93]U[0xffffff89][0xffffffbc]D[0xffffff95][0xffffff9b]VN%R[0x12]U:[0xffffffbc][0x1b]*[0xffffffd1][0xffffff9d]J[0x1c][0xffffffd7]E[0xffffffa9]D[0xffffffc7]U[0xffffffa2][0x7][0xffffffa8]DW[0xffffffde][0xb][0x1][0xffffffef][0xffffff98]J[0xfffffff4]$[0xffffff95]P[0x14][0x19][0xffffff95]p@2*[0xffffffa1]X[0xffffffd6][0xffffffab][0xffffffc4][0x13][0xffffffce]j[0xffffff95]x"[0xffffff9a][0xffffffa4][0x12]f<Y[0xffffff95][0xffffffb0][[0xffffffca][0xffffffaa][0xffffff84][0xffffff99]VN%di)[0xffffff95][0xffffff90][0xffffffe1][0xffffffdd]P[0x9]W[0xffffffbb][0x1c]m[0xffffffbc]([0xffffff95][0xffffffc0]k[0xffffff97]w@[0xffffffed][0xfffffff2]6I[0xffffffb6]B[0xffffffc0][0xffffffb1][0xffffffda][0xffffffe5]-[0xffffffd1]5R%Bj[0xffffff97][0x16]HF%[0x2]j[0xffffff97][0x2]g[0xffffffb5]J[0x4][0xffffffd7].[0xffffffdd]x[0xffffffb2]*[0xffffff91]W[0xffffffbb]t[0xffffffd3][0xffffffca][0xffffffa9]DJ[0xffffffed]R[0xffffff87]wC%\[0xffffffed]r[0xffffff8c][0xffffff85][0xffffffa9][0x4]^[0xffffffbb][0xffffffbc][0x3]j[0xffffff97][0xffffffb7]I[0xffffffb2][0x15][0x2][0xffffff8e][0xffffffd5].o[0xffffff89][0xffffffae][0xffffff91]*[0x11]R[0xffffffbb][0xffffffb4]@2*[0x11]P[0xffffffbb][0x14]8[0xffffffab]U"[0xffffffb8]v[0xffffffe9][0xffffffc6][0xffffff93]U[0xffffff89][0xffffffbc][0xffffffda][0xffffffa5][0xffffff9b]VN%Rj[0xffffff97]:[0xffffffbc][0x1b]*[0xffffffe1]j[0xffffff97]c[0xffffff9d][0x17][0xffffffa5][0x12]x[0xffffffed][0xfffffff2][0xe][0xffffffa8]][0xffffffde]&[0xffffffc9]V[0x8]8V[0xffffffbb][0xffffffbc]%[0xffffffba]F[0xffffffaa]DH[0xffffffed][0xffffffd2][0x2][0xffffffc9][0xffffffa8]D@[0xffffffed]R[0xffffffe0][0xffffffac]V[0xffffff89][0xffffffe0][0xffffffda][0xffffffa5][0x1b]OV%[0xfffffff2]j[0xffffff97]nZ9[0xffffff95]H[0xffffffa9]][0xffffffea][0xfffffff0]n[0xffffffa8][0xffffff84][0xffffffab]]N[0xffffffee][0xffffff92][0xfffffff1][0x1b][0xffffffaf]][0xffffffde][0x1][0xffffffb5][0xffffffcb][0xffffffdb]$[0xffffffd9][\n]"
08:17:55.205 [TestNG-PoolService-3] DEBUG org.apache.hc.client5.http.wire -- http-outgoing-4 << "[0x1][0xffffffc7]j[0xffffff97][0xffffffb7]D[0xffffffd7]H[0xffffff95][0x8][0xffffffa9]]Z [0x19][0xffffff95][0x8][0xffffffa8]][\n]"
08:17:55.206 [TestNG-PoolService-3] DEBUG org.apache.hc.client5.http.wire -- http-outgoing-4 << "[0xffffff9c][0xffffffd5]*[0x11]\[0xffffffbb]t[0xffffffe3][0xffffffc9][0xffffffaa]D^[0xffffffed][0xffffffd2]M+[0xffffffa7][0x12])[0xffffffb5]K[0x1d][0xffffffde][0xffffffdf]V[0xffffff89][0xfffffff3][0xfffffff5]r*[0xffffffd1][0x7][0xfffffff4][0xffffffab][0xffffffc4][0xffffffd7]yP[0xffffff95][0xfffffff8]>[0x1][0xffffffab][0x12]?[0xffffffcf]@[0xffffffa8][0xffffffc4][0xfffffff7][0xffffffd3][0x9][0xffffff95][0xfffffff8][0xfffffff1][0xffffffe4][0x4][0xffffff95]p([0x12]*[0xffffffe1][0xffffff81]$T[0xffffffc2]aY[0xffffffad][0x12][\n]"
08:17:55.206 [TestNG-PoolService-2] DEBUG org.apache.hc.client5.http.wire -- http-outgoing-5 << "E[0xffffff89][0x3][0xffffffa7][0xffffffc4][0x11]@[0xffffff89]C[0xfffffff3]^[0x18][0xfffffff0][0x3][0xffffffa3][0xffffffc4][0xffffff91]D[0x9][0xffffff8d]"C[0x9][0x17]H[0xffffff86][0x12][0x1a][0xffffffcb]zJ[0xffffffac][0xffffffe1][0xffffffac][0xffffffa6][0xffffffc4][0x1a][0xffffffd1]$J[0xffffff98][0xfffffff2]d)a[0xffffffbb][0xffffff94][0xffffffa5][0xffffff84][0xffffffa9]V[0xffffff8e][0x12][0xffffffd2][0xffffffb4][0x14]%[0xffffffa4]x7([0xffffffd1],%[0xffffff9e][0xffffff87][0xffffffa2]D[0xffffffc3])[0xffffffd1][0x2]([0xffffffd1]4[0xffffffef][0xffffff85][0x1]o[0x18]%Z[0x12]%4[0xffffff8a][0xc]%\ [0x19]Jh,[0xffffffeb])[0xffffffb1][0xffffff86][0xffffffb3][0xffffff9a][0x12]kD[0xffffff93](a[0xffffffca][0xffffff93][0xffffffa5][0xffffff84][0xffffffed]R[0xffffff96][0x12][0xffffffa6]Z9JH[0xffffffd3]R[0xffffff94][0xffffff90][0xffffffe2][0xffffffdd][0xffffffa0]D[0xffffffb7][0xffffff94][0xffffff98][0xffffffd4]k[0xffffff97][0xffffff9f][0xfffffff7][0x3]S[0xffffffa2][0x7]P[0xffffffa2]k[0xffffffde][0xb][0x3][0xffffffde]1J[0xfffffff4]$Jh[0x14][0x19]J[0xffffffb8]@2[0xffffff94][0xffffffd0]X[0xffffffd6]Sb[\r]g5%[0xffffffd6][0xffffff88]&Q[0xffffffc2][0xffffff94]'K[0x9][0xffffffdb][0xffffffa5],%L[0xffffffb5]r[0xffffff94][0xffffff90][0xffffffa6][0xffffffa5](![0xffffffc5][0xffffffbb]A[0xffffff89][0xffffffe1]([0xfffffff1][0xffffffdc][0xffffff9d][0xffffffa2][0xffffffc4][0xffffffc0])1[0x2](14[0xffffffef][0xffffff85][0x1][0x1f][0x18]%F[0x12]%4[0xffffff8a][0xc]%\ [0x19]Jh,[0xffffffeb])[0xffffffb1][0xffffff86][0xffffffb3][0xffffff9a][0x12]kD[0xffffff93](a[0xffffffca][0xffffff93][0xffffffa5][0xffffff84][0xffffffed]R[0xffffff96][0x12][0xffffffa6]Z9JH[0xffffffd3]R[0xffffff94][0xffffff90][0xffffffe2][0xffffffdd][0xffffffa0][0xffffff84][[0xffffffbb][0xffffffbc]g[0xffffffc3]~[0xffffffe0][0xffffffc0][0xffffffd7].[0xffffff8f][0xffffff80][0xffffffb5][0xffffffcb][0xffffffc3]L[0xffffffb2][0x15][0x6][0x1c][[0xffffffbb]<dt[0xffffff8d][0xffffffa4]D[0xffffffc8][0xffffffda][0xffffffa5][\r]$C[0xffffff89][0xffffff80][0xffffffb5]K[0x9]g5%[0xffffff82][0xffffffd7].]y[0xffffffb2][0xffffff94][0xffffffc8][[0xffffffbb]t[0xffffffd5][0xffffffca]Q"e[0xffffffed]R[0xffffff8b]w[0xffffff83][0x12][0xffffff97][0xffffffa1][0xffffffc4][0xfffffff3][0xffffffe2](q[0xffffffe1][0xffffff94][0xffffffb8][0x2](qi[0xffffffde][0xb][0x3]~a[0xffffff94][0xffffffb8][0xffffff92]([0xffffffa1]Qd([0xffffffe1][0x2][0xffffffc9]PBcYO[0xffffff89]5[0xffffff9c][0xffffffd5][0xffffff94]X#[0xffffff9a]D[0x9]S[0xffffff9e],%l[0xffffff97][0xffffffb2][0xffffff94]0[0xffffffd5][0xffffffca]QB[0xffffff9a][0xffffff96][0xffffffa2][0xffffff84][0x14][0xffffffef][0x6]%[0xffffffdc][0xffffffda][0xffffffe5]3[0xffffffee]FQ[0x2]_[0xffffffbb]<[0x2][0xffffffd6].[0xf]3[0xffffffc9]V[0x18]pl[0xffffffed][0xfffffff2][0xffffff90][0xffffffd1]5[0xffffff92][0x12]!k[0xffffff97]6[0xffffff90][0xc]%[0x2][0xffffffd6].%[0xffffff9c][0xffffffd5][0xffffff94][0x8]^[0xffffffbb]t[0xffffffe5][0xffffffc9]R"o[0xffffffed][0xffffffd2]U+G[0xffffff89][0xffffff94][0xffffffb5]K-[0xffffffde][\r]J[0xffffffb8][0xffffff89][0xffffffaa][0xffffffe7][0xffffffba][0xffffffa8][0xffffffe3][0xffffffbc][0xe]|[0xffffffa2][0xffffffea][0x8][0xffffff98][0xffffffa8]:[0xffffffcc][0xffffff8e]Ja[0xffffffc0][0xffffffb1][0xffffff89][0xffffffaa]C[0xffffff96]RHJ[0xffffff84]LT[0xffffffd9]@2[0xffffff94][0x8][0xffffff98][0xffffffa8][0xffffff92]pVS"x[0xffffffa2][0xffffffca][0xffffff95]'K[0xffffff89][0xffffffbc][0xffffff89]*W[0xffffffad][0x1c]%R&[0xffffffaa][0xffffffb4]x7(1[0x1d]%[0xffffff9e][0xffffff8e][0xffffffed]JL[0xffffff9c][0x12]3[0xffffff80][0x12]S[0xfffffff3]^[0x18][0xfffffff0][0xffffff89]Qb&QB[0xffffffa3][0xffffffc8]P[0xffffffc2][0x5][0xffffff92][0xffffffa1][0xffffff84][0xffffffc6][0xffffffb2][0xffffff9e][0x12]k8[0xffffffab])[0xffffffb1]F4[0xffffff89][0x12][0xffffffa6]<YJ[0xffffffd8].e)a[0xffffffaa][0xffffff95][0xffffffa3][0xffffff84]4-E[0x9])[0xffffffde]-J[0xfffffff4]0Jt[0xffffff9c][0x12]=[0xffffff80][0x12][0x1d][0xffffffa5]D[0xffffffc7]([0xffffffd1][0xffffff93]([0xffffffb1]F[0xffffff91][0xffffffa2][0xffffff84][0x6][0xffffff92][0xffffffa2][0xffffffc4][0x1a]K[0xffffff82][0x12][0x1d][0xffffffa6]D[0xf][0xffffffa6][0xffffff84][0xffffff94]'M[0x9][0xffffffd3][0xffffffa5]4%[0xffffffa4]ZIJ[0xfffffff4][0x14]J[0xfffffff4]?[0xffffffa5]Ds[0xffffffc3][0xffffffd9][0xfffffff3]~Q[0xffffffaf]]6|8[0xffffffbb][0x5][0xc]g7[0xffffffb3][0xffffffee]Z[0x17][0xfffffff0][0xffffff86][\r]g7[0xffffffd9]o[0x5])a[0xffffffa2][0xffffff88]P[0xffffffc2][0x6][0x12][0xffffffa1][0xffffff84][0xffffff89]e9%$[0xffffff9c][0xffffffc5][0xffffff94][0xffffff90][0xffffff88][0x6]Q[0xffffffc2][0xffffff95]'J[0x9][0xffffffdf][0xffffffa5](%\[0xffffffb5]b[0xffffff94][0xffffffd0][0xffffffa6][0xffffff85]([0xffffffa1][0xffffffc5][0xffffffbb]A[0x9]7[0xffffff9c]=[0xffffffe7][0xffffffeb][0xffffffa0]([0xffffff81][0xf]g[0xffffffb7][0xffffff80][0xffffffe1][0xffffffec]f[0xffffffd6]][0xb][0x3][0xffffff8e][\r]g7[0xffffffd9]o%)[0x11]2[0xffffff9c]m[0x3][0xffffffc9]P"`8[[0xffffffc2]YM[0xffffff89][0xffffffe0][0xffffffe1]lW[0xffffff9e],%[0xfffffff2][0xffffff86][0xffffffb3]][0xffffffb5]r[0xffffff94]H[0x19][0xffffffce][0xffffffd6][0xffffffe2][0xffffffdd][0xffffffa0][0xffffff84][0x19][0xffffffce][0xffffffbe]_[0xffffffed][0xffffffa2][0xffffff8e][0xfffffff3]j[0xfffffff8]pv[0xb][0x18][0xffffffce]nf[0xffffffdd][0xffffffb5]0[0xffffffe0][0xffffffd8]pv[0xffffff93][0xfffffffd]V[0xffffff92][0x12]![0xffffffc3][0xffffffd9]6[0xffffff90][0xc]%[0x2][0xffffff86][0xffffffb3]%[0xffffff9c][0xffffffd5][0xffffff94][0x8][0x1e][0xffffffce]v[0xffffffe5][0xffffffc9]R"o8[0xffffffdb]U+G[0xffffff89][0xffffff94][0xffffffe1]l-[0xffffffde][\r]J[0xffffff98][0xffffffe1][0xffffffec][0xfffffffb]5&[0xfffffff5]1h[0xffffffc3][0xffffff87][0xffffffb3][[0xffffffc0]pv3[0xffffffeb][0xffffffae][0xffffff85][0x1][0xffffffc7][0xffffff86][0xffffffb3][0xffffff9b][0xffffffec][0xffffffb7][0xffffff92][0xffffff94][0x8][0x19][0xffffffce][0xffffffb6][0xffffff81]d([0x11]0[0xffffff9c]-[0xffffffe1][0xffffffac][0xffffffa6]D[0xfffffff0]p[0xffffffb6]+O[0xffffff96][0x12]y[0xffffffc3][0xffffffd9][0xffffffae]Z9J[0xffffffa4][0xc]gk[0xfffffff1]nP[0xffffffc2][0xc]g[0xffffffdf][0xffffffaf][0xffffffe7][0xffffffa6]^[0xffffffbb]l[0xfffffff8]pv[0xb][0x18][0xffffffce]nf[0xffffffdd][0xffffffb5]0[0xffffffe0][0xffffffd8]pv[0xffffff93][0xfffffffd]V[0xffffff92][0x12]![0xffffffc3][0xffffffd9]6[0xffffff90][0xc]%[0x2][0xffffff86][0xffffffb3]%[0xffffff9c][0xffffffd5][0xffffff94][0x8][0x1e][0xffffffce]v[0xffffffe5][0xffffffc9]R"o8[0xffffffdb]U+G[0xffffff89][0xffffff94][0xffffffe1]l-[0xffffffde][\r]J[0xffffff98][0xffffffe1][0xffffffec][0xfffffffb][0xffffffc5][\r]g7|8[0xffffffbb][0x5][0xc]g7[0xffffffb3][0xffffffee]Z[0x18]pl8[0xffffffbb][0xffffffc9]~+I[0xffffff89][0xffffff90][0xffffffe1]l[0x1b]H[0xffffff86][0x12][0x1][0xffffffc3][0xffffffd9][0x12][0xffffffce]jJ[0x4][0xf]g[0xffffffbb][0xfffffff2]d)[0xffffff91]7[0xffffff9c][0xffffffed][0xffffffaa][0xffffff95][0xffffffa3]D[0xffffffca]p[0xffffffb6][0x16][0xffffffef][0x6]%[0xffffffcc]p[0xfffffff6][0x7]%[0x1e]j[0xffffffa2][0xffffffaa][0xffffffe1][0xffffffc3][0xffffffd9]-`8[0xffffffbb][0xffffff99]u[0xffffffd7][0xffffffc2][0xffffff80]c[0xffffffc3][0xffffffd9]M[0xfffffff6][IJ[0xffffff84][0xc]g[0xffffffdb]@2[0xffffff94][0x8][0x18][0xffffffce][0xffffff96]pVS"x8[0xffffffdb][0xffffff95]'K[0xffffff89][0xffffffbc][0xffffffe1]lW[0xffffffad][0x1c]%R[0xffffff86][0xffffffb3][0xffffffb5]x7(a[0xffffff86][0xffffffb3][0xffffffef][0xffffffe3][0xffffffd5]0J[0xffffffe0][0xffffffc3][0xffffffd9]-`8[0xffffffbb][0xffffff99]u[0xffffffd7][0xffffffc2][0xffffff80]c[0xffffffc3][0xffffffd9]M[0xfffffff6][IJ[0xffffff84][0xc]g[0xffffffdb]@2[0xffffff94][0x8][0x18][0xffffffce][0xffffff96]pVS"x8[0xffffffdb][0xffffff95]'K[0xffffff89][0xffffffbc][0xffffffe1]lW[0xffffffad][0x1c]%R[0xffffff86][0xffffffb3][0xffffffb5]x7(a[0xffffff86][0xffffffb3]?([0xfffffff1]`[0xffffffaf]][0xffffffe2][0xffffffc3][0xffffffd9]-`8[0xffffffbb][0xffffff99]u[0xffffffd7][0xffffffc2][0xffffff80]c[0xffffffc3][0xffffffd9]M[0xfffffff6][IJ[0xffffff84][0xc]g[0xffffffdb]@2[0xffffff94][0x8][0x18][0xffffffce][0xffffff96]pVS"x8[0xffffffdb][0xffffff95]'K[0xffffff89][0xffffffbc][0xffffffe1]lW[0xffffffad][0x1c]%R[0xffffff86][0xffffffb3][0xffffffb5]x7(1[0x1d]%[0xe][0xffffffec][0xc][0xffffff8e][0xffffffcf][0xfffffffb][0xffffff81])1[0x3](15[0xffffffef][0xffffff85][0x1][0xffffff9f][0x18]%f[0x12]%4[0xffffff8a][0xc]%\ [0x19]Jh,[0xffffffeb])[0xffffffb1][0xffffff86][0xffffffb3][0xffffff9a][0x12]kD[0xffffff93](a[0xffffffca][0xffffff93][0xffffffa5][0xffffff84][0xffffffed]R[0xffffff96][0x12][0xffffffa6]Z9JH[0xffffffd3]R[0xffffff94][0xffffff90][0xffffffe2][0xfffffffd]}Jt[0xffffffb3]vy[0x1f][0xffffffe7][0xffffffd1]!Jt|[0xffffffed][0xffffffb2][0x7][0xffffffac]]v3[0xffffffc9]V[0x17][0xfffffff0][0xffffff8e][0xffffffad]]v[0x19]][0x3])a[0xffffffa2][0xffffff88]P[0xffffffc2][0x6][0x12][0xffffffa1][0xffffff84][0xffffff89]e9%$[0xffffff9c][0xffffffc5][0xffffff94][0xffffff90][0xffffff88][0x6]Q[0xffffffc2][0xffffff95]'J[0x9][0xffffffdf][0xffffffa5](%\[0xffffffb5]b[0xffffff94][0xffffffd0][0xffffffa6][0xffffff85]([0xffffffa1][0xffffffc5][0xffffffbb]A[0x9][0xffffffb3]vy[0x1f]w[0xffffffc7]([0xffffff81][0xffffffaf]][0xfffffff6][0xffffff80][0xffffffb5][0xffffffcb]n&[0xffffffd9][\n]"
08:17:55.206 [TestNG-PoolService-2] DEBUG org.apache.hc.client5.http.wire -- http-outgoing-5 << "[0x3][0xffffff8e][0xffffffad]]v[0x19]]#)[0x11][0xffffffb2]vi[0x3][0xffffffc9]P"`[0xffffffed]R[0xffffffc2]YM[0xffffff89][0xffffffe0][0xffffffb5]KW[0xffffff9e],%[0xfffffff2][0xffffffd6].][0xffffffb5]r[0xffffff94]HY[0xffffffbb][0xffffffd4][0xffffffe2][0xffffffdd][0xffffffa0][0xffffff84][[0xffffffbb]l[0x7][0xffffffb6]+[0xffffffd1][0xfffffff1][0xffffffb5][0xffffffcb][0x1e][0xffffffb0]v[0xffffffd9][0xffffffcd]$[a[0xffffffc0][0xffffffb1][0xffffffb5][0xffffffcb].[0xffffffa3]k$%B[0xffffffd6].m [0x19]J[0x4][0xffffffac]]J8[0xffffffab])[0x11][0xffffffbc]v[0xffffffe9][0xffffffca][0xffffff93][0xffffffa5]D[0xffffffde][0xffffffda][0xffffffa5][0xffffffab]V[0xffffff8e][0x12])k[0xffffff97]Z[0xffffffbc][[0xffffff94][0xffffff90][0xffffff93]AaJ[0xffffffc0]'[0xffffff83]~[0xffffffdd][0x1]O[0x9][0xfffffff0]d[0xffffffd0][0xffffffaf][0xffffffab]S[0xffffff94][0xffffffc8]9[0x19][0xffffffd4]D[0xffffff91][0xffffffa2]D[0xffffffc8][0xffffffc9][0xffffffa0]&[0xffffff96][0x4]%[0xffffffd0][0xffffff93]A%[0xffffffa2]Y[0xffffff94][0xffffffc8]:[0x19][0xffffffd4]w)M[0xffffff89][0xffffff9c][0xffffff93]A[0xffffffb5]i9J[0xfffffffc][0xfffffff1][0xffffffc9][0xffffffa0][0xffffffdd][\r]g[0xffffffb7]>[0xffffffa8][0xffffffd7].;>[0xffffff9c][0xffffffdd][0x3][0xffffff86][0xffffffb3][0xffffffbb]Yw-[0xc]86[0xffffff9c][0xffffffdd]e[0xffffffbf][0xffffff95][0xffffffa4]D[0xffffffc8]p[0xffffffb6][\r]$C[0xffffff89][0xffffff80][0xffffffe1]l[0x9]g5%[0xffffff82][0xffffff87][0xffffffb3]]y[0xffffffb2][0xffffff94][0xffffffc8][0x1b][0xffffffce]v[0xffffffd5][0xffffffca]Q"e8[[0xffffff8b]w[0xffffff83][0x12]n8[0xffffffbb][0xffffffdd][0xffffff93]:[0x19][0xffffffb4][0xffffffe3][0xffffffc3][0xffffffd9]=`8[0xffffffbb][0xffffff9b]u[0xffffffd7][0xffffffc2][0xffffff80]c[0xffffffc3][0xffffffd9]][0xfffffff6][IJ[0xffffff84][0xc]g[0xffffffdb]@2[0xffffff94][0x8][0x18][0xffffffce][0xffffff96]pVS"x8[0xffffffdb][0xffffff95]'K[0xffffff89][0xffffffbc][0xffffffe1]lW[0xffffffad][0x1c]%R[0xffffff86][0xffffffb3][0xffffffb5]x7([0xffffffe1][0xffffffd6].{[0x7f]Q'[0xffffff83]v|[0xffffffed][0xffffffb2][0x7][0xffffffac]]v3[0xffffffc9]V[0x18]pl[0xffffffed][0xffffffb2][0xffffffcb][0xffffffe8][0x1a]I[0xffffff89][0xffffff90][0xffffffb5]K[0x1b]H[0xffffff86][0x12][0x1]k[0xffffff97][0x12][0xffffffce]jJ[0x4][0xffffffaf]][0xffffffba][0xfffffff2]d)[0xffffff91][0xffffffb7]v[0xffffffe9][0xffffffaa][0xffffff95][0xffffffa3]D[0xffffffca][0xffffffda][0xffffffa5][0x16][0xffffffef][0x6]%[0xffffffdc][0xffffffda]e?[0xffffff8f]AQ[0x2]_[0xffffffbb][0xffffffec][0x1]k[0xffffff97][0xffffffdd]L[0xffffffb2][0x15][0x6][0x1c][[0xffffffbb][0xffffffec]2[0xffffffba]FR"d[0xffffffed][0xffffffd2][0x6][0xffffff92][0xffffffa1]D[0xffffffc0][0xffffffda][0xffffffa5][0xffffff84][0xffffffb3][0xffffff9a][0x12][0xffffffc1]k[0xffffff97][0xffffffae]<YJ[0xffffffe4][0xffffffad]][0xffffffba]j[0xffffffe5]([0xffffff91][0xffffffb2]v[0xffffffa9][0xffffffc5][0xffffffbb]A[0x9][0xffffffb7]v[0xffffffd9][0xffffff9f][0xffffff81]=[0xffffff95][0xffffffc0][0xffffffd7].{[0xffffffc0][0xffffffda]e7[0xffffff93]l[0xffffff85][0x1][0xffffffc7][0xffffffd6].[0xffffffbb][0xffffff8c][0xffffffae][0xffffff91][0xffffff94][0x8]Y[0xffffffbb][0xffffffb4][0xffffff81]d([0x11][0xffffffb0]v)[0xffffffe1][0xffffffac][0xffffffa6]D[0xfffffff0][0xffffffda][0xffffffa5]+O[0xffffff96][0x12]yk[0xffffff97][0xffffffae]Z9J[0xffffffa4][0xffffffac]]j[0xfffffff1]nPb:J[0xffffffcc]~S[0xffffff94][0xffffff98]8%f[0x0]%[0xffffffa6][0xffffffe6][0xffffffbd]0[0xffffffe0][0x13][0xffffffa3][0xffffffc4]L[0xffffffa2][0xffffff84]F[0xffffff91][0xffffffa1][0xffffff84][0xb]$C[0x9][0xffffff8d]e=%[0xffffffd6]pVSb[0xffffff8d]h[0x12]%Ly[0xffffffb2][0xffffff94][0xffffffb0]][0xffffffca]R[0xffffffc2]T+G[0x9]iZ[0xffffff8a][0x12]R[0xffffffbc][0xffffffbf]O[0xffffff89][0xffffffe1]&[0xffffffaa][0xffffffc6][0xffffffeb][0xffffffbc] J[0xc]|[0xffffffa2]j[0x4]LT[\r][0xffffffb3][0xffffffa3]R[0x17][0xfffffff0][0xffffff81]MT[\r]YJ[0x1])a[0xffffffa2][0xffffff88]P[0xffffffc2][0x6][0x12][0xffffffa1][0xffffff84][0xffffff89]e9%$[0xffffff9c][0xffffffc5][0xffffff94][0xffffff90][0xffffff88][0x6]Q[0xffffffc2][0xffffff95]'J[0x9][0xffffffdf][0xffffffa5](%\[0xffffffb5]b[0xffffff94][0xffffffd0][0xffffffa6][0xffffff85]([0xffffffa1][0xffffffc5][0xffffffbb]A[0x9]7Q5[0xffffff8e]F[0xffffffed]J[0xc]|[0xffffffa2]j[0x4]LT[\r][0xffffffb3][0xffffffa3]R[0x18]pl[0xffffffa2]j[0xffffffc8]R[\n]"
08:17:55.206 [TestNG-PoolService-3] DEBUG org.apache.hc.client5.http.wire -- http-outgoing-4 << "g[0xffffffad]J([0xffffffa2]9*a[0xffffffc7][0xffffff93]T[0xffffff89]7[J[0xffffffaa][0xffffff84][0xffffff9d]VJ%[0xffffffcc][0xffffffd2]2*a[0xffffff86]wC%\[0xffffffed]r[0xffffff8e][0xffffffb9]([0xffffff95][0xffffffa0]k[0xffffff97][0xffffffdf]'[0xffffffa0]U[0xffffff82][0xffffffac]]~?[0xffffff9d]Q[0xffffff89][0xffffffa0][0xffffffda][0xffffffa5]C[0xffffff91]Q[0xffffff89][0xffffff94][0xffffffda][0xffffffa5][0xffffffc3][0xffffffb2]^%[0xffffffd8][0xffffffda][0xffffffa5]"[0xffffff9a][0xffffffa4][0x12]a[0xffffffb5][0xffffffcb]7[[0xffffffca][0xffffffaa]DP[0xffffffed][0xffffffd2],-[0xffffffa5][0x12][0x7f]^[0xffffffbb]<_[0xffffffae]v[0xffffffb9][0xffffffce][0x3][0xfffffffb]U[0xffffff82][0xffffffae]]~[0xffffff9f][0xffffff80]V[0x9][0xffffffb2]v[0xfffffff9][0xfffffffd]tF%[0xffffff82]j[0xffffff97][0xe]EF%Rj[0xffffff97][0xe][0xffffffcb]z[0xffffff95]`k[0xffffff97][0xffffff8a]h[0xffffff92]J[0xffffff84][0xffffffd5].[0xffffffdf]l)[0xffffffab][0x12]A[0xffffffb5]K[0xffffffb3][0xffffffb4][0xffffff94]J[0xfffffffc]y[0xffffffed][0xfffffff2]|[0xffffffb9][0xffffffda][0xffffffe5][0x1a]/[0xffffffe8]][0xffffff89][0xffffffaf][0xfffffff3][0xffffffc0]*[0xffffffc1][0xffffffd7].[0x7f][0xffffff9e][0xffffff81]Q[0x9][0xffffffaa]v[0xfffffff9][0xffffffe3][0xffffffc9][0x19]*[0xffffff91]Q[0xffffffbb][0xfffffff4]@2*[0xffffffc1][0xffffffd7].[0x15][0xffffffce]j[0xffffff95][0xffffffc8][0xffffffad]][0xffffffda][0xfffffff1]dU"[0xffffffae]vi[0xffffffa7][0xffffff95]S[0xffffff89][0xffffff90][0xffffffda][0xffffffa5][0x19][0xffffffde][\r][0xffffff95]p[0xffffff89][0xffffffaa][0xfffffffb]8nJ%[0xffffffe8]D[0xffffffd5][0xfffffff7][0x9]h[0xffffff95] [0x13]U[0xffffffdf]OgT"(Q[0xffffffe5]PdT"%Q[0xffffffe5][0xffffffb0][0xffffffac]W[0x9]6Q[0xffffffa5][0xffffff88]&[0xffffffa9]DX[0xffffffa2][0xffffffea][0xffffffcd][0xffffff96][0xffffffb2]*[0x11][0xffffff94][0xffffffa8]2KK[0xffffffa9][0xffffffc4][0xffffff9f]'[0xffffffaa][0xffffffce][0xffffff97][0xffffffeb]J[0xffffffdc][0xffffff8d][0xffffffaa]]~[0xffffff9d][0x7]V[0x9][0xffffffbe]+[0xfffffff1][0xfffffff3][0xc][0xffffff8c]JP][0xffffff89][0x1f]O[0xffffffce]P[0xffffff89][0xffffff8c][0xffffffae][0xffffff84][0x7][0xffffff92]Q[0x9][0xffffffbe]+[0xffffffa1]pV[0xffffffab]DnW[0xffffffc2][0xffffff8e]'[0xffffffab][0x12]q][0x9];[0xffffffad][0xffffff9c]J[0xffffff84]t%[0xffffffcc][0xfffffff0]n[0xffffffa8][0xffffff84][0xffffffeb]J[0xffffffdc][0xffffffed][0xffffff86][0xffffffae][0xfffffff3][0xfffffffa]:[0xf][0xffffffac][0x12]|W[0xffffffe2][0xffffffe7][0x19][0x18][0xffffff95][0xffffffa0][0xffffffba][0x12]?[0xffffff9e][0xffffff9c][0xffffffa1][0x12][0x19]][0x9][0xf]$[0xffffffa3][0x12]|WB[0xffffffe1][0xffffffac]V[0xffffff89][0xffffffdc][0xffffffae][0xffffff84][0x1d]OV%[0xffffffe2][0xffffffba][0x12]vZ9[0xffffff95][0x8][0xffffffe9]J[0xffffff98][0xffffffe1][0xffffffdd]P[0x9][0xffffffd7][0xffffff95][0xffffffb8][0xffffffcf][0xb][0xfffffffb][0x3][0x7][0xffffffdd][0xffffff95][0xfffffff8]>[0x1][0xffffffad][0x12]dW[0xffffffe2][0xfffffffb][0xffffffe9][0xffffff8c]J[0x4]u%[0x1c][0xffffff8a][0xffffff8c]J[0xffffffa4]t%[0x1c][0xffffff96][0xfffffff5]*[0xffffffc1]v%[0x14][0xffffffd1]$[0xffffff95][0x8][0xffffffeb]J[0xffffffbc][0xffffffd9]RV%[0xffffff82][0xffffffba][0x12]fi)[0xffffff95][0xfffffff8][0x17][0xffffffba][0x12][0xffffffc7][0xffffffcb][0xffffffa9][0xffffffc4][0xffffffb5][0xffffffa8][0xffffff8f]A?[0xffffffcf][0xffffffc3][0xffffffaa][0xffffffc4][0xffffffd7][0x9]`[0xffffff95][0xfffffff8]q[0x6]D%[0xffffffbe][0xffffff9e][0xffffff8e][0xffffffa8][0xffffffc4][0xffffffdf]O[0xffffff8e]P[0x9][0xffffff83]"[0xffffffa2][0x12][0x16]HD%[0xc][0xffffff96][0xffffffe5]*!p[0x16][0xffffffab][0xffffff84] [0x1a][0xffffffa4][0x12]n<Q[0xffffff95][0xfffffff0][[0xffffff8a][0xffffffaa][0xffffff84][0xffffff9b]VL%ti![0xffffff95][0xffffffd0][0xffffffe1][0xffffffdd]P[0x9][0xffffffd7][0xffffff95][0xffffffb8][0xffffffd7]uR*[0xffffff81]w%[0xffffff8e][0xffffff80][0xffffffae][0xffffffc4]a>~.[0x4][0x1c][0xffffffeb]J[0x1c][0xfffffff2]y3[0xffffffa9][0x12]!][0x9][0xb]$[0xffffffa3][0x12][0x1]][0x9][0xffffff81][0xffffffb3]Z%[0xffffff82][0xffffffbb][0x12]n<Y[0xffffff95][0xffffffc8][0xffffffeb]J[0xffffffb8]i[0xffffffe5]T"[0xffffffa5]+[0xffffffa1][0xffffffc3][0xffffffbb][0xffffffa1][0x12][0xffffffa6]+q[0xffffffbf][0xffffff8e][0xffffffd6]([0xffffff95][0xffffffc0][0xffffffbb][0x12]G@W[0xffffffe2]0[0x1f]?[0x17][0x2][0xffffff8e]u%[0xe][0xfffffff9][0xffffffbc][0xffffff99]T[0xffffff89][0xffffff90][0xffffffae][0xffffff84][0x5][0xffffff92]Q[0xffffff89][0xffffff80][0xffffffae][0xffffff84][0xffffffc0]Y[0xffffffad][0x12][0xffffffc1]][0x9]7[0xffffff9e][0xffffffac]J[0xffffffe4]u%[0xffffffdc][0xffffffb4]r*[0xffffff91][0xffffffd2][0xffffff95][0xffffffd0][0xffffffe1][0xffffffdd]P[0x9][0xffffffd3][0xffffff95][0xffffffb8]_[0xffffff9d][0xfffffffb]U[0x2][0xffffffef]J[0x1c][0x1]][0xffffff89][0xffffffc3]|[0xfffffffc]\[0x8]8[0xffffffd6][0xffffff95]8[0xffffffe4][0xfffffff3]fR%B[0xffffffba][0x12][0x16]HF%[0x2][0xffffffba][0x12][0x2]g[0xffffffb5]J[0x4]w%[0xffffffdc]x[0xffffffb2]*[0xffffff91][0xffffffd7][0xffffff95]p[0xffffffd3][0xffffffca][0xffffffa9]DJWB[0xffffff87]wC%.[0xffffffa7][0x12]s@[0xffffff97][0xffffff8c][0x7f][0xffffff9d][0x7]V[0xffffff89]+@%.[0xffffffe5][0xffffffbd][0x10][0xfffffff0][0xb]S[0xffffff89]+I%[0x14]EF%[0x1c][0xffffff90][0xffffff8c]J([0xffffff96][0xfffffff5]*[0xfffffff1][0xffffff84][0xffffffb3]Z%[0xffffff9e][0xffffff88]&[0xffffffa9][0xffffff84][0x19]OV%[0xffffffec][0xffffff96][0xffffffb2]*a[0xffffffa6][0xffffff95]S[0x9]YZJ%dx7T[0xffffffc2]$[0xffffffaa][0xffffffee][0xffffffa3][0xffffffbd].J%[0xfffffff0]D[0xffffffd5][0x11][0xffffff90][0xffffffa8]:LG[0xffffffa5][0x10]p,QuH)[0xffffff85]T[0xffffff89][0xffffff90]D[0xffffff95][0x5][0xffffff92]Q[0xffffff89][0xffffff80]D[0xffffff95][0xffffffc0]Y[0xffffffad][0x12][0xffffffc1][0xffffff89]*7[0xffffff9e][0xffffffac]J[0xffffffe4]%[0xffffffaa][0xffffffdc][0xffffffb4]r*[0xffffff91][0xffffff92][0xffffffa8][0xffffffd2][0xffffffe1][0xffffffdd]P[0xffffff89][0xffffffe1]T[0xffffffe2][0xffffffbc][0xffffffa9][0xffffff8f]A?[0xffffffcf][0x3][0xffffffab][0xffffffc4][0x8]P[0xffffff89][0xffffffa1][0xffffffbc][0x17][0x2]>0[0xffffff95][0x18]I*[0xffffffa1](2*[0xffffffe1][0xffffff80]dTB[0xffffffb1][0xffffffac]W[0xffffff89]'[0xffffff9c][0xffffffd5]*[0xfffffff1]D4I%[0xffffffcc]x[0xffffffb2]*a[0xffffffb7][0xffffff94]U[0x9]3[0xffffffad][0xffffff9c]J[0xffffffc8][0xffffffd2]R*![0xffffffc3][0xffffffbb][0xffffffa1][0x12][0xffffffa6]vy[0x1f][0x13]KT[0x1d]x[0xffffffed][0xfffffff2][0x8][0xffffffa8]][0x1e]&[0xffffffc9]V[0x8]8V[0xffffffbb]<$[0xffffffba]F[0xffffffaa]DH[0xffffffed][0xffffffd2][0x2][0xffffffc9][0xffffffa8]D@[0xffffffed]R[0xffffffe0][0xffffffac]V[0xffffff89][0xffffffe0][0xffffffda][0xffffffa5][0x1b]OV%[0xfffffff2]j[0xffffff97]nZ9[0xffffff95]H[0xffffffa9]][0xffffffea][0xfffffff0]n[0xffffffa8][0xffffff84][0xffffffa9]][0xffffffde][0xffffffc7][0xffffffbd]0[0xffffff95][0xffffffc0]k[0xffffff97]G@[0xffffffed][0xfffffff2]0I[0xffffffb6]B[0xffffffc0][0xffffffb1][0xffffffda][0xffffffe5]![0xffffffd1]5R%Bj[0xffffff97][0x16]HF%[0x2]j[0xffffff97][0x2]g[0xffffffb5]J[0x4][0xffffffd7].[0xffffffdd]x[0xffffffb2]*[0xffffff91]W[0xffffffbb]t[0xffffffd3][0xffffffca][0xffffffa9]DJ[0xffffffed]R[0xffffff87]wC%L[0xffffffed][0xfffffff2]n[0xffffffe7][0xffffffc2]^[0xffffffbb][0xffffffc4]k[0xffffff97]G@[0xffffffed][0xfffffff2]0I[0xffffffb6]B[0xffffffc0][0xffffffb1][0xffffffda][0xffffffe5]![0xffffffd1]5R%Bj[0xffffff97][0x16]HF%[0x2]j[0xffffff97][0x2]g[0xffffffb5]J[0x4][0xffffffd7].[0xffffffdd]x[0xffffffb2]*[0xffffff91]W[0xffffffbb]t[0xffffffd3][0xffffffca][0xffffffa9]DJ[0xffffffed]R[0xffffff87][0xfffffff7][0xfffffff7]U[0xffffffa2][0xffffffbd][0xffffff9c]J\[0x17][0xffffffa5][0x12][0xffffff9f][0xffffffe7]aU[0xffffffe2][0xffffffeb][0x4][0xffffffb0]J[0xfffffffc]8[0x3][0xffffffa2][0x12]_OGT[0xffffffe2][0xffffffef]'G[0xffffffa8][0xffffff84]A[0x11]Q[0x9][0xb]$[0xffffffa2][0x12][0x6][0xffffffcb]r[0xffffff95][0x10]8[0xffffff8b]UB[0x10][\r]R[0x9]7[0xffffff9e][0xffffffa8]J[0xfffffff8]-EU[0xffffffc2]M+[0xffffffa6][0x12][0xffffffba][0xffffffb4][0xffffff90]J[0xffffffe8][0xfffffff0]n[0xffffffa8][0xffffff84][0xffffffa9]]~[0xffffffa8][0xffffffc4]:([0xffffff95][0xffffffc0]k[0xffffff97]-[0xffffffa0]v[0xffffffd9]L[0xffffff92][0xffffffad][0x10]p[0xffffffac]v[0xffffffd9]$[0xffffffba]F[0xffffffaa]DH[0xffffffed][0xffffffd2][0x2][0xffffffc9][0xffffffa8]D@[0xffffffed]R[0xffffffe0][0xffffffac]V[0xffffff89][0xffffffe0][0xffffffda][0xffffffa5][0x1b]OV%[0xfffffff2]j[0xffffff97]nZ9[0xffffff95]H[0xffffffa9]][0xffffffea][0xfffffff0]n[0xffffffa8][0xffffff84][0xffffffab]][0xffffffb6]~[0xc]J%[0xfffffff0][0xffffffda]e[0xb][0xffffffa8]]6[0xffffff93]d+[0x4][0x1c][0xffffffab]]6[0xffffff89][0xffffffae][0xffffff91]*[0x11]R[0xffffffbb][0xffffffb4]@2*[0x11]P[0xffffffbb][0x14]8[0xffffffab]U"[0xffffffb8]v[0xffffffe9][0xffffffc6][0xffffff93]U[0xffffff89][0xffffffbc][0xffffffda][0xffffffa5][0xffffff9b]VN%Rj[0xffffff97]:[0xffffffbc][0x1b]*[0xffffffe1]j[0xffffff97][0xffffffad][0xffffff8f]F[0xffffffa9][0x4]^[0xffffffbb]l[0x1][0xffffffb5][0xffffffcb]f[0xffffff92]l[0xffffff85][0xffffff80]c[0xffffffb5][0xffffffcb]&[0xffffffd1]5R%Bj[0xffffff97][0x16]HF%[0x2]j[0xffffff97][0x2]g[0xffffffb5]J[0x4][0xffffffd7].[0xffffffdd]x[0xffffffb2]*[0xffffff91]W[0xffffffbb]t[0xffffffd3][0xffffffca][0xffffffa9]DJ[0xffffffed]R[0xffffff87]wC%\[0xffffffed][0xffffffb2]MN%[0xfffffff0][0xffffffda]e[0xb][0xffffffa8]]6[0xffffff93]d+[0x4][0x1c][0xffffffab]]6[0xffffff89][0xffffffae][0xffffff91]*[0x11]R[0xffffffbb][0xffffffb4]@2*[0x11]P[0xffffffbb][0x14]8[0xffffffab]U"[0xffffffb8]v[0xffffffe9][0xffffffc6][0xffffff93]U[0xffffff89][0xffffffbc][0xffffffda][0xffffffa5][0xffffff9b]VN%Rj[0xffffff97]:[0xffffffbc][0x1b]*[0xffffffe1]j[0xffffff97][0xffffffed]~Q[0x1f][0xffffff83]6[0xffffffbc]v[0xffffffd9][0x2]j[0xffffff97][0xffffffcd]$[0xffffffd9][\n]"
08:17:55.206 [TestNG-PoolService-2] DEBUG org.apache.hc.client5.http.wire -- http-outgoing-5 << "I[0xffffff89][0xffffff90][0xffffff89]*[0x1b]H[0xffffff86][0x12][0x1][0x13]U[0x12][0xffffffce]jJ[0x4]OT[0xffffffb9][0xfffffff2]d)[0xffffff91]7Q[0xffffffe5][0xffffffaa][0xffffff95][0xffffffa3]D[0xffffffca]D[0xffffff95][0x16][0xffffffef][0x6]%[0xffffffdc][0xffffffae][0xffffffc4]h[0xf][0xffffffb5]+1[0xfffffff0]][0xffffff89][0x11][0xffffffb0]+1[0xffffffcc][0xffffffc7][0xffffffcf][0xffffff85][0x1][0xffffffc7]v%[0xffffff86]|[0xffffffde]LR"dW[0xffffffc2][0x6][0xffffff92][0xffffffa1]D[0xffffffc0][0xffffffae][0xffffff84][0xffffff84][0xffffffb3][0xffffff9a][0x12][0xffffffc1][0xffffffbb][0x12][0xffffffae]<YJ[0xffffffe4][0xffffffed]J[0xffffffb8]j[0xffffffe5]([0xffffff91][0xffffffb2]+[0xffffffa1][0xffffffc5][0xffffffbb]A[0x9][0xffffffb7]+1[0xffffffae][0xffffff87]zWb[0xffffffe0][0xffffffbb][0x12]#`Wb[0xffffff98][0xffffff8f][0xffffff9f][0xb][0x3][0xffffff8e][0xffffffed]J[0xc][0xfffffff9][0xffffffbc][0xffffff99][0xffffffa4]D[0xffffffc8][0xffffffae][0xffffff84][\r]$C[0xffffff89][0xffffff80]][0x9][0x9]g5%[0xffffff82]w%\y[0xffffffb2][0xffffff94][0xffffffc8][0xffffffdb][0xffffff95]p[0xffffffd5][0xffffffca]Q"eWB[0xffffff8b]w[0xffffff83][0x12][0xffffffa7][0xffffffa3][0xffffffc4]|5[0xffffff8a][0x12]'N[0xffffff89]3[0xffffff80][0x12][0xffffffa7][0xffffffe6][0xffffffbd]0[0xffffffe0]'F[0xffffff89]3[0xffffff89][0x12][0x1a]E[0xffffff86][0x12].[0xffffff90][0xc]%4[0xffffff96][0xfffffff5][0xffffff94]X[0xffffffc3]YM[0xffffff89]5[0xffffffa2]I[0xffffff94]0[0xffffffe5][0xffffffc9]R[0xffffffc2]v)K[0x9]S[0xffffffad][0x1c]%[0xffffffa4]i)JH[0xfffffff1]nP[0xffffffc2]MT[0xffffff9d][0xffffffbd]S[0x1f][0xffffff83][0xe]|[0xffffffa2]j[0x4]LT[\r][0xffffffb3][0xffffffa3]R[0x18]pl[0xffffffa2]j[0xffffffc8]R[\n]"
08:17:55.206 [TestNG-PoolService-2] DEBUG org.apache.hc.client5.http.wire -- http-outgoing-5 << "I[0xffffff89][0xffffff90][0xffffff89]*[0x1b]H[0xffffff86][0x12][0x1][0x13]U[0x12][0xffffffce]jJ[0x4]OT[0xffffffb9][0xfffffff2]d)[0xffffff91]7Q[0xffffffe5][0xffffffaa][0xffffff95][0xffffffa3]D[0xffffffca]D[0xffffff95][0x16][0xffffffef][0x6]%[0xffffffdc]D[0xffffffd5]yb[0xffffff87][0xffffff8c][0xf]|[0xffffffa2]j[0x4]LT[\r][0xffffffb3][0xffffffa3]R[0x18]pl[0xffffffa2]j[0xffffffc8]R[\n]"
08:17:55.206 [TestNG-PoolService-2] DEBUG org.apache.hc.client5.http.wire -- http-outgoing-5 << "I[0xffffff89][0xffffff90][0xffffff89]*[0x1b]H[0xffffff86][0x12][0x1][0x13]U[0x12][0xffffffce]jJ[0x4]OT[0xffffffb9][0xfffffff2]d)[0xffffff91]7Q[0xffffffe5][0xffffffaa][0xffffff95][0xffffffa3]D[0xffffffca]D[0xffffff95][0x16][0xffffffef][0x6]%[0xffffffdc]D[0xffffffd5]9O[0xffffffea][0xc][0xffffff8e][0xffffff81]OT[0xffffff8d][0xffffff80][0xffffff89][0xffffffaa]avT[\n]"
08:17:55.206 [TestNG-PoolService-3] DEBUG org.apache.hc.client5.http.wire -- http-outgoing-4 << "[0x1][0xffffffc7]j[0xffffff97]M[0xffffffa2]k[0xffffffa4]J[0xffffff84][0xffffffd4].-[0xffffff90][0xffffff8c]J[0x4][0xffffffd4].[0x5][0xffffffce]j[0xffffff95][0x8][0xffffffae]][0xffffffba][0xfffffff1]dU"[0xffffffaf]v[0xffffffe9][0xffffffa6][0xffffff95]S[0xffffff89][0xffffff94][0xffffffda][0xffffffa5][0xe][0xffffffef][0xffffff86]J[0xffffffb8][0xffffffda][0xffffffe5][0xffffffd9]_[0xffffffd8][0x17][0x1c]x[0xffffffed][0xffffffb2][0x5][0xffffffd4].[0xffffff9b]I[0xffffffb2][0x15][0x2][0xffffff8e][0xffffffd5].[0xffffff9b]D[0xffffffd7]H[0xffffff95][0x8][0xffffffa9]]Z [0x19][0xffffff95][0x8][0xffffffa8]][\n]"
08:17:55.206 [TestNG-PoolService-2] DEBUG org.apache.hc.client5.http.wire -- http-outgoing-5 << "[0x3][0xffffff8e]MT[\r]YJ!)[0x11]2Qe[0x3][0xffffffc9]P"`[0xffffffa2]J[0xffffffc2]YM[0xffffff89][0xffffffe0][0xffffff89]*W[0xffffff9e],%[0xfffffff2]&[0xffffffaa]\[0xffffffb5]r[0xffffff94]H[0xffffff99][0xffffffa8][0xffffffd2][0xffffffe2][0xffffffdd][0xffffffa0][0xffffffc4]4[0xffffff94][0xffffffb8][0xffffff8e][0xffffff8e]}[0xc]:qJ[0xffffffcc][0x0]JL[0xffffffcd]{a[0xffffffc0]'F[0xffffff89][0xffffff99]D[0x9][0xffffff8d]"C[0x9][0x17]H[0xffffff86][0x12][0x1a][0xffffffcb]zJ[0xffffffac][0xffffffe1][0xffffffac][0xffffffa6][0xffffffc4][0x1a][0xffffffd1]$J[0xffffff98][0xfffffff2]d)a[0xffffffbb][0xffffff94][0xffffffa5][0xffffff84][0xffffffa9]V[0xffffff8e][0x12][0xffffffd2][0xffffffb4][0x14]%[0xffffffa4]x[0x7f][0xffffff9f][0x12][0xffffffe7][0xffffffcb]Q[0xffffffa2][0x1f][0xffffffd4][0xffffffc7][0xffffffa0][0xffffff9f][0xfffffff7][0xffffffc3]R[0xffffffe2][0xffffffeb][0xe]`J[0xfffffffc]{[0xf][0x8]%[0xffffffbe][0xffffffae][0xffffff8e]P[0xffffffe2][0xffffff9f]+GP[0xffffffc2]D[0x11][0xffffffa1][0xffffff84][\r]$B[0x9][0x13][0xffffffcb]rJH8[0xffffff8b])![0x11][\r][0xffffffa2][0xffffff84]+O[0xffffff94][0x12][0xffffffbe]KQJ[0xffffffb8]j[0xffffffc5]([0xffffffa1]M[0xb]QB[0xffffff8b]w[0xffffff83][0x12]n[0xffffffed][0xfffffff2][0x1a]7[0xfffffff5]T[0xffffffe2][0xffffffc4][0xffffffd7].[0xffffffcf][0xffffff80][0xffffffb5][0xffffffcb][0xffffffd3]L[0xffffffb2][0x15][0x6][0x1c][[0xffffffbb]<et[0xffffff8d][0xffffffa4]D[0xffffffc8][0xffffffda][0xffffffa5][\r]$C[0xffffff89][0xffffff80][0xffffffb5]K[0x9]g5%[0xffffff82][0xffffffd7].]y[0xffffffb2][0xffffff94][0xffffffc8][[0xffffffbb]t[0xffffffd5][0xffffffca]Q"e[0xffffffed]R[0xffffff8b]w[0xffffff83][0x12]n[0xffffffed][0xfffffff2]z[0x6][0xffffffb5]+q[0xffffffe2]k[0xffffff97]g[0xffffffc0][0xffffffda][0xffffffe5]i&[0xffffffd9][\n]"
08:17:55.206 [TestNG-PoolService-3] DEBUG org.apache.hc.client5.http.wire -- http-outgoing-4 << "[0xffffff9c][0xffffffd5]*[0x11]\[0xffffffbb]t[0xffffffe3][0xffffffc9][0xffffffaa]D^[0xffffffed][0xffffffd2]M+[0xffffffa7][0x12])[0xffffffb5]K[0x1d][0xffffffde][\r][0xffffff95]p[0xffffffb5][0xffffffcb]sNL%[0xfffffff0][0xffffffda]e[0xb][0xffffffa8]]6[0xffffff93]d+[0x4][0x1c][0xffffffab]]6[0xffffff89][0xffffffae][0xffffff91]*[0x11]R[0xffffffbb][0xffffffb4]@2*[0x11]P[0xffffffbb][0x14]8[0xffffffab]U"[0xffffffb8]v[0xffffffe9][0xffffffc6][0xffffff93]U[0xffffff89][0xffffffbc][0xffffffda][0xffffffa5][0xffffff9b]VN%Rj[0xffffff97]:[0xffffffbc][*1[0xffffffc2]Tb[0xffffffe0]*1[0x2]Tb[0xffffffa0]*10[0xffffff95][0x18]I*[0xfffffff1]D[0xffffff91]R[0x9][0x5][0xffffff92]R[0xffffff89]'[0xffffff96][0xffffff84]J[0xc]X%F[0xffffffb0]J[0xffffffc8]x[0xffffffd2]*a[0xffffffb6][0xffffff94]V[0x9][0xffffff99]VR%F[0xffffff8a]J[0xffffff8c]?V[0x9][0x17][0xffffffce][0xffffffbe]^[0xfffffffd][0xffffffa4]T[0x2][0xf]g[0xffffffb7][0xffffff80]pv3u[0xffffffd7]B[0xffffffc0][0xffffffb1]pv[0xffffff93]~+[0xffffffa9][0x12]![0xffffffe1]l[0xb]$[0xffffffa3][0x12][0x1][0xffffffe1]l[0xffffff81][0xffffffb3]Z%[0xffffff82][0xffffffc3][0xffffffd9]n<Y[0xffffff95][0xffffffc8][0xb]g[0xffffffbb]i[0xffffffe5]T"%[0xffffff9c][0xffffffad][0xffffffc3][0xffffffbb][0xffffffa1][0x12].[0xffffff9c]}[0xfffffff5][0xb]KT[0xffffffe1][0xffffffe1][0xffffffec][0x16][0x10][0xffffffce]n[0xffffffa6][0xffffffee]Z[0x8]8[0x16][0xffffffce]n[0xffffffd2]o%U"$[0xffffff9c]m[0xffffff81]dT" [0xffffff9c]-pV[0xffffffab]Dp8[0xffffffdb][0xffffff8d]'[0xffffffab][0x12]y[0xffffffe1]l7[0xffffffad][0xffffff9c]J[0xffffffa4][0xffffff84][0xffffffb3]ux[0x7f]_%[0xffffffce][0xffffff97]S[0x9][0xffffffee]c[0xffffffd0][0xffffffcf][0xfffffff3][0xffffffb0]*[0xfffffff1]u[0x2]X%~[0xffffff9c][0x1]Q[0xffffff89][0xffffffaf][0xffffffa7]#*[0xfffffff1][0xfffffff7][0xffffff93]#T[0xffffffc2][0xffffffa0][0xffffff88][0xffffffa8][0xffffff84][0x5][0x12]Q[0x9][0xffffff83]e[0xffffffb9]J[0x8][0xffffff9c][0xffffffc5]*![0xffffff88][0x6][0xffffffa9][0xffffff84][0x1b]OT%[0xfffffffc][0xffffff96][0xffffffa2]*[0xffffffe1][0xffffffa6][0x15]S[0x9]]ZH%tx7T[0xffffffc2][0xffffff85][0xffffffb3]{{][0xffffff94]J[0xffffffe0][0xffffffe1][0xffffffec]3 [0xffffff9c]}[0xffffff9a][0xffffffba]k![0xffffffe0]X8[0xfffffffb][0xffffff94]~+[0xffffffa9][0x12]![0xffffffe1]l[0xb]$[0xffffffa3][0x12][0x1][0xffffffe1]l[0xffffff81][0xffffffb3]Z%[0xffffff82][0xffffffc3][0xffffffd9]n<Y[0xffffff95][0xffffffc8][0xb]g[0xffffffbb]i[0xffffffe5]T"%[0xffffff9c][0xffffffad][0xffffffc3][0xffffffbb][0xffffffa1][0x12][0xffffffae]v[0xffffffd9][0x17][0xfffffff6][0x7][0xffffff8e][0x13][0xffffffaf]][0xffffff9e][0x1][0xffffffb5][0xffffffcb][0xffffffd3]$[0xffffffd9][\n]"
08:17:55.207 [TestNG-PoolService-2] DEBUG org.apache.hc.client5.http.wire -- http-outgoing-5 << "[0x3][0xffffff8e][0xffffffad]][0xffffff9e]2[0xffffffba]FR"d[0xffffffed][0xffffffd2][0x6][0xffffff92][0xffffffa1]D[0xffffffc0][0xffffffda][0xffffffa5][0xffffff84][0xffffffb3][0xffffff9a][0x12][0xffffffc1]k[0xffffff97][0xffffffae]<YJ[0xffffffe4][0xffffffad]][0xffffffba]j[0xffffffe5]([0xffffff91][0xffffffb2]v[0xffffffa9][0xffffffc5][0xffffffbb]A[0x9][0xffffffb7]vy[0xffffffcd][0x17][0xfffffff6][0x3][0x7][0xffffffbe]vy[0x6][0xffffffac]][0xffffff9e]f[0xffffff92][0xffffffad]0[0xffffffe0][0xffffffd8][0xffffffda][0xffffffe5])[0xffffffa3]k$%B[0xffffffd6].m [0x19]J[0x4][0xffffffac]]J8[0xffffffab])[0x11][0xffffffbc]v[0xffffffe9][0xffffffca][0xffffff93][0xffffffa5]D[0xffffffde][0xffffffda][0xffffffa5][0xffffffab]V[0xffffff8e][0x12])k[0xffffff97]Z[0xffffffbc][0x1b][0xffffff94]pk[0xffffff97][0xffffffd7][0xffffffe4]~[0xffffffe0][0xffffffc0][0xffffffd7].[0xffffffcf][0xffffff80][0xffffffb5][0xffffffcb][0xffffffd3]L[0xffffffb2][0x15][0x6][0x1c][[0xffffffbb]<et[0xffffff8d]"
08:17:55.207 [TestNG-PoolService-3] DEBUG org.apache.hc.client5.http.wire -- http-outgoing-4 << "[0x1][0xffffffc7]j[0xffffff97][0xffffffa7]D[0xffffffd7]H[0xffffff95][0x8][0xffffffa9]]Z [0x19][0xffffff95][0x8][0xffffffa8]][\n]"
08:17:55.207 [TestNG-PoolService-3] DEBUG org.apache.hc.client5.http.wire -- http-outgoing-4 << "[0xffffff9c][0xffffffd5]*[0x11]\[0xffffffbb]t[0xffffffe3][0xffffffc9][0xffffffaa]D^[0xffffffed][0xffffffd2]M+[0xffffffa7][0x12])[0xffffffb5]K[0x1d][0xffffffde][\r][0xffffff95]p[0xffffffb5][0xffffffcb]~[0x1f][0xffffffd8][0xffffffaf][0x12]x[0xffffffed][0xfffffff2][0xc][0xffffffa8]][0xffffff9e]&[0xffffffc9]V[0x8]8V[0xffffffbb]<%[0xffffffba]F[0xffffffaa]DH[0xffffffed][0xffffffd2][0x2][0xffffffc9][0xffffffa8]D@[0xffffffed]R[0xffffffe0][0xffffffac]V[0xffffff89][0xffffffe0][0xffffffda][0xffffffa5][0x1b]OV%[0xfffffff2]j[0xffffff97]nZ9[0xffffff95]H[0xffffffa9]][0xffffffea][0xfffffff0]n[0xffffffa8][0xffffff84][0xffffffab]][0xfffffff6]{tJ%[0xfffffff0][0xffffffda][0xffffffe5][0x19]P[0xffffffbb]<M[0xffffff92][0xffffffad][0x10]p[0xffffffac]vyJt[0xffffff8d]T[0xffffff89][0xffffff90][0xffffffda][0xffffffa5][0x5][0xffffff92]Q[0xffffff89][0xffffff80][0xffffffda][0xffffffa5][0xffffffc0]Y[0xffffffad][0x12][0xffffffc1][0xffffffb5]K7[0xffffff9e][0xffffffac]J[0xffffffe4][0xffffffd5].[0xffffffdd][0xffffffb4]r*[0xffffff91]R[0xffffffbb][0xffffffd4][0xffffffe1][0xffffffdd]P[0x9]W[0xffffffbb][0x1c][0xffffffaf][0xffffffb6]([0xffffff95][0xffffffc0]k[0xffffff97]g@[0xffffffed][0xfffffff2]4I[0xffffffb6]B[0xffffffc0][0xffffffb1][0xffffffda][0xffffffe5])[0xffffffd1]5R%Bj[0xffffff97][0x16]HF%[0x2]j[0xffffff97][0x2]g[0xffffffb5]J[0x4][0xffffffd7].[0xffffffdd]x[0xffffffb2]*[0xffffff91]W[0xffffffbb]t[0xffffffd3][0xffffffca][0xffffffa9]DJ[0xffffffed]R[0xffffff87]wC%\[0xffffffed]r[0xffffffbc]n[0xffffffea][0xffffff92][0xfffffff1][0x13][0xffffffaf]][0xffffff9e][0x1][0xffffffb5][0xffffffcb][0xffffffd3]$[0xffffffd9][\n]"
08:17:55.207 [TestNG-PoolService-3] DEBUG org.apache.hc.client5.http.wire -- http-outgoing-4 << "[0x1][0xffffffc7]j[0xffffff97][0xffffffa7]D[0xffffffd7]H[0xffffff95][0x8][0xffffffa9]]Z [0x19][0xffffff95][0x8][0xffffffa8]][\n]"
08:17:55.207 [TestNG-PoolService-3] DEBUG org.apache.hc.client5.http.wire -- http-outgoing-4 << "[0xffffff9c][0xffffffd5]*[0x11]\[0xffffffbb]t[0xffffffe3][0xffffffc9][0xffffffaa]D^[0xffffffed][0xffffffd2]M+[0xffffffa7][0x12])[0xffffffb5]K[0x1d][0xffffffde][\r][0xffffff95]p[0xffffff89][0xffffffaa][0xffffffd1][0xffffffb0][0xffffffda][0xffffffe5][0xffffff89]'[0xffffffaa][0xffffffce][0xffffff80]D[0xffffffd5]i:*[0xffffff85][0xffffff80]c[0xffffff89][0xffffffaa]SJ)[0xffffffa4]J[0xffffff84]$[0xffffffaa],[0xffffff90][0xffffff8c]J[0x4]$[0xffffffaa][0x4][0xffffffce]j[0xffffff95][0x8]NT[0xffffffb9][0xfffffff1]dU"/Q[0xffffffe5][0xffffffa6][0xffffff95]S[0xffffff89][0xffffff94]D[0xffffff95][0xe][0xffffffef][0xffffff86]J[0xffffffb8]D[0xffffffd5][0xffffffb8][0xffffffd6]E[0xffffffa9][0x4][0xffffff9e][0xffffffa8]:[0x3][0x12]U[0xffffffa7][0xffffffe9][0xffffffa8][0x14][0x2][0xffffff8e]%[0xffffffaa]N)[0xffffffa5][0xffffff90]*[0x11][0xffffff92][0xffffffa8][0xffffffb2]@2*[0x11][0xffffff90][0xffffffa8][0x12]8[0xffffffab]U"8Q[0xffffffe5][0xffffffc6][0xffffff93]U[0xffffff89][0xffffffbc]D[0xffffff95][0xffffff9b]VN%R[0x12]U:[0xffffffbc][*[0xffffffd1][0xffffffc2]T[0xffffffa2][0xffffffe1]*[0xffffffd1][0x2]T[0xffffffa2][0xffffffa1]*[0xffffffd1]0[0xffffff95]hI*[0xfffffff1]D[0xffffff91]R[0x9][0x5][0xffffff92]R[0xffffff89]'[0xffffff96][0xffffff84]J4X%Z[0xffffffb0]J[0xffffffc8]x[0xffffffd2]*a[0xffffffb6][0xffffff94]V[0x9][0xffffff99]VR%Z[0xffffff8a]J[0xffffffb4][0x7f]A%z[0xffffff98]Jt\%z[0xffffff80]JtT%:[0xffffffa6][0x12]=I%[0xffffff9e](R*[0xffffffa1]@R*[0xfffffff1][0xffffffc4][0xffffff92]P[0xffffff89][0xe][0xffffffab]D[0xf]V[0x9][0x19]OZ%[0xffffffcc][0xffffff96][0xffffffd2]*![0xffffffd3]J[0xffffffaa]DOQ[0xffffff89][0xfffffffe]/[0xffffffa8][0xffffff84][0xffffffde][0xc][0xffffffca][0xffffffaa][0x4]|3[0xffffffe8][0xffffffd7][0x9]x[0xffffff95][0x0]o[0x6][0xfffffffd]z:[0xffffffa5][0x12]97[0xffffff83][0x1a][0x14])[0xffffff95][0x8][0xffffffb9][0x19][0xffffffd4]`I[0xffffffa8][0x4]z3[0xffffffa8] [0xffffff9a][0xffffffa5][0x12]Y7[0xffffff83][0xfffffffa]-[0xffffffa5]U"[0xffffffe7]fP]ZN%[0xfffffffe][0xfffffff8]f[0xffffffd0][0xffffff8f][0xffffffff][0xffffffe3]Hs[0xffffff89][0xffffff83][0xffffff97][0xffffff89]#[0xffffffc1]&[0xe]V'[0xe][0xffffffce]'[0xffffff8e]([0xffffffa1][0x10][0x1e])[0xffffffa3]0TRJ!l[0x12]Nq[0xffffffd0]Rq$[[0xffffff85][0xffffffce]([0xffffffad][0x15]nUi[0xffffffaf][0xffffffd0][0xffffff91]%[0xffffffc5][0xffffffe2][0xffffffb9][0xffffffb9][0xffffff9c]Y<'xK-[0xffffffda][0x15][0xffffffa6][0x16][0xffffffed][0xffffffc2][0xffffffd5][0xffffffe2][0xffffffe3][0x8][0xffffffbc]Z[0xfffffffc]u[0x8]J->[0x1e]O[0xffffffa9][0xffffffc5][0xfffffff7][0xffffffa3]S[0xffffffd4]Bx[0xffffffa4][0xffffffd4][0xffffffc2]PI[0xffffffa9][0xffffff85][0xffffffb0]I[0xffffffa8][0xffffffc5][0xffffff83][0xffffffd0]z[0xffffffb5]xp[0xffffff9a][0xffffffa5][0x16]:[0xffffffa3][0xffffffb4]Z[0xffffffb8]U[0xffffffa5][0xffffffd5]BG[0xffffff96]T[0xffffff8b][0xffffffe7][0xffffffe6]rj[0xfffffff1][0xffffff9c][0xffffffe0]-[0xffffffb5][0xfffffff8][0xffffffba][0xffffff8f]#I-[0xffffffae][0x3]W[0xffffff8b][0xffffff8f]#[0xfffffff0]j[0xfffffff1][0xffffffd7]!([0xffffffb5][0xfffffff8]x<[0xffffffa5][0x16][0xffffffdf][0xffffff8f]NQ[0xb][0xffffffe1][0xffffff91]R[0xb]C%[0xffffffa5][0x16][0xffffffc2]&[0xffffffa1][0x16][0xf]B[0xffffffeb][0xffffffd5][0xffffffe2][0xffffffc1]i[0xffffff96]Z[0xffffffe8][0xffffff8c][0xffffffd2]j[0xffffffe1]V[0xffffff95]V[0xb][0x1d]YR-[0xffffff9e][0xffffff9b][0xffffffcb][0xffffffa9][0xffffffc5]s[0xffffff82][0xffffffb7][0xffffffd4]b[0xffffffa5]}=[0xffffffba][0xfffffff8][0xffffffcf]G?[0xffffff8e][0xffffffc0][0xffffffab][0xffffffc5]_[0xffffff87][0xffffffa0][0xffffffd4]bq_[0xffffff90][0xffffffae][0xffffffa8]OH[0xffffff85]GJ-[0xc][0xffffff95][0xffffff94]Z[0x8][0xffffff9b][0xffffff84]Z,[0xfffffffa]3[0xffffffd2][0xffffff95][0xfffffffc][0x1d][0xffffffa9][0xffffffce]([0xffffffad][0x16]nUi[0xffffffb5][0xffffffd0][0xffffff91]%[0xffffffd5][0xffffffe2][0xffffffb9][0xffffffb9][0xffffff9c]Z<'[0xfffffff8]w[0xffffffd4][0xffffffe2][0xfffffff8][0xfffffffa]O>[0xffffffff]/1[0xffffff8b]y[0xffffffbe][0xffffffea][0x13]W?[0xffffffcf]C[0xffffff89][0xffffffc5]?N[0xffffff80]y[0xffffffc5][0xffffffe3][0xc][0xffffffc5]Z[0xfffffff1][0xffffff8f][0xffffffa7][0x17][[0xffffffc5][0x7f]?[0x19][0xffffff96][0xffffff8a][0xffffffb7]([0x16];[0xffffffc5]/[0xffffff80],V[0xffffff8a][0xffffffb7]X[0x16][0x1a][0xffffffc5][0x1b]8[0xffffffcb][0xffffff84][0xffffffe2][\r][0xffffffa2][0x11]>[0xfffffff1]~<![0xffffff9d][0xfffffff8][0xffffffd5][0xffffff96]B6[0xfffffff1]~Z[0x1][0xffffff99]x[0xffffffb7][0xffffffb4][0xffffffe5].[0xfffffff1]nx7T[0xffffffe2]p*[0xffffffd1]OL%[0xe]\%[0xffffff8e][0x0][0xffffff95]8[0xffffff94][0xfffffff7]B[0xffffffc0][0xf]L%[0xffffff8e]$[0xffffff95]P[0x14][0x19][0xffffff95]p@2*[0xffffffa1]X[0xffffffd6][0xffffffab][0xffffffc4][0x13][0xffffffce]j[0xffffff95]x"[0xffffff9a][0xffffffa4][0x12]f<Y[0xffffff95][0xffffffb0][[0xffffffca][0xffffffaa][0xffffff84][0xffffff99]VN%di)[0xffffff95][0xffffff90][0xffffffe1][0xffffffdd]P[0xffffff89][0xffffffe6]T[0xffffffe2][0x1e][0xffffff93]R[0xffffff89][0xffffff86][0xffffffab]D[0xb]P[0xffffff89][0xffffffa6][0xffffffbc][0x17][0x2][0xffffffde]0[0xffffff95]hI*[0xffffffa1](2*[0xffffffe1][0xffffff80]dTB[0xffffffb1][0xffffffac]W[0xffffff89]'[0xffffff9c][0xffffffd5]*[0xfffffff1]D4I%[0xffffffcc]x[0xffffffb2]*a[0xffffffb7][0xffffff94]U[0x9]3[0xffffffad][0xffffff9c]J[0xffffffc8][0xffffffd2]R*![0xffffffc3][0xffffffbb][0xffffffa1][0x12][0xffffffa7]Q[0xffffff89]u[0x0][0xffffff97][0xffffff94][0xffffffff]<[0xf][0xffffffac][0x12]g[0xffffff80]J[0xffffff9c][0xffffffca]{![0xffffffe0]'[0xffffffa6][0x12]g[0xffffff92]J([0xffffff8a][0xffffff8c]J8 [0x19][0xffffff95]P,[0xffffffeb]U[0xffffffe2][0x9]g[0xffffffb5]J<[0x11]MR[0x9]3[0xffffff9e][0xffffffac]J[0xffffffd8]-eU[0xffffffc2]L+[0xffffffa7][0x12][0xffffffb2][0xffffffb4][0xffffff94]J[0xffffffc8][0xfffffff0]n[0xffffffa8][0xffffffc4][0xffffffe5]T[0xffffffa2]7[0xffffffec]W[0xffffff89][0xb]W[0xffffff89]+@%.[0xffffffe5][0xffffffbd][0x10][0xfffffff0][0xb]S[0xffffff89]+I%[0x14]EF%[0x1c][0xffffff90][0xffffff8c]J([0xffffff96][0xfffffff5]*[0xfffffff1][0xffffff84][0xffffffb3]Z%[0xffffff9e][0xffffff88]&[0xffffffa9][0xffffff84][0x19]OV%[0xffffffec][0xffffff96][0xffffffb2]*a[0xffffffa6][0xffffff95]S[0x9]YZJ%dx7T[0xffffffa2];[0xffffff95][0xffffff98][\r][0xfffffffb]U[0xffffffa2][0xffffffe3]*[0xffffffd1][0x3]T[0xffffffa2]+[0xffffffef][0xffffff85][0xffffff80]wL%z[0xffffff92]J([0xffffff8a][0xffffff8c]J8 [0x19][0xffffff95]P,[0xffffffeb]U[0xffffffe2][0x9]g[0xffffffb5]J<[0x11]MR[0x9]3[0xffffff9e][0xffffffac]J[0xffffffd8]-eU[0xffffffc2]L+[0xffffffa7][0x12][0xffffffb2][0xffffffb4][0xffffff94]J[0xffffffc8][0xfffffff0]n[0xffffffa8][0xffffffc4]0*q[0x1f][0xffffffed][0xffffffa0]Tb[0xffffffe0]*1[0x2]Tb([0xffffffef][0xffffff85][0xffffff80][0xf]L%F[0xffffff92]J([0xffffff8a][0xffffff8c]J8 [0x19][0xffffff95]P,[0xffffffeb]U[0xffffffe2][0x9]g[0xffffffb5]J<[0x11]MR[0x9]3[0xffffff9e][0xffffffac]J[0xffffffd8]-eU[0xffffffc2]L+[0xffffffa7][0x12][0xffffffb2][0xffffffb4][0xffffff94]J[0xffffffc8][0xfffffff0]n[0xffffffa8][0xffffffc4]t*[0xffffffd1][0xe][0xffffffec][0xb][0xffffff8e][0xffffff89][0xffffffab][0xffffffc4][0xc]P[0xffffff89][0xffffffa9][0xffffffbc][0x17][0x2]>1[0xffffff95][0xffffff98]I*[0xffffffa1](2*[0xffffffe1][0xffffff80]dTB[0xffffffb1][0xffffffac]W[0xffffff89]'[0xffffff9c][0xffffffd5]*[0xfffffff1]D4I%[0xffffffcc]x[0xffffffb2]*a[0xffffffb7][0xffffff94]U[0x9]3[0xffffffad][0xffffff9c]J[0xffffffc8][0xffffffd2]R*![0xffffffc3][0xffffffbb][0xffffffa1][0x12][0xffffffcb][0xffffffaa][0xffffffc4]l[0xffffff94]J,\%V[0xffffff80]J,[0xffffffe5][0xffffffbd][0x10][0xfffffff0][0xffffff85][0xffffffa9][0xffffffc4]JR[0x9]E[0xffffff91]Q[0x9][0x7]$[0xffffffa3][0x12][0xffffff8a]e[0xffffffbd]J<[0xffffffe1][0xffffffac]V[0xffffff89]'[0xffffffa2]I*a[0xffffffc6][0xffffff93]U[0x9][0xffffffbb][0xffffffa5][0xffffffac]J[0xffffff98]i[0xffffffe5]TB[0xffffff96][0xffffff96]R[0x9][0x19][0xffffffde][0xffffffdf]W[0xffffff89][0xffffffee][0x12]U[0xfffffff7]yS[0x7f][0xffffffe0][0xffffffe8]x[0xffffffa2][0xffffffaa][0x7]$[0xffffffaa][0xffffffba][0xffffffe9][0xffffffa8][0xffffffd4][0x1][0xffffffde][0xffffffb1]DU[0xffffff97]R[\n]"
08:17:55.207 [TestNG-PoolService-3] DEBUG org.apache.hc.client5.http.wire -- http-outgoing-4 << "[0xffffffa8][0x12][0x6]ED%,[0xffffff90][0xffffff88]J[0x18],[0xffffffcb]UB[0xffffffe0],V[0x9]A4H%[0xffffffdc]x[0xffffffa2]*[0xffffffe1][0xffffffb7][0x14]U[0x9]7[0xffffffad][0xffffff98]J[0xffffffe8][0xffffffd2]B*[0xffffffa1][0xffffffc3][0xffffffbb][0xffffffa1][0x12][0xffffff87]S[0xffffff89][0xffffffeb][0xffffffa6]^[0xffffffbb][0xfffffffc]<[0xf][0xffffffac][0x12]G[0xffffff80]J[0x1c][0xffffffca]{![0xffffffe0][0x7][0xffffffa6][0x12]G[0xffffff92]J([0xffffff8a][0xffffff8c]J8 [0x19][0xffffff95]P,[0xffffffeb]U[0xffffffe2][0x9]g[0xffffffb5]J<[0x11]MR[0x9]3[0xffffff9e][0xffffffac]J[0xffffffd8]-eU[0xffffffc2]L+[0xffffffa7][0x12][0xffffffb2][0xffffffb4][0xffffff94]J[0xffffffc8][0xfffffff0]n[0xffffffa8][0xffffff84]KT[0xffffffdd]w[0xffffffa3][0xfffffffe][0xffffffc0][0xffffffd1][0xfffffff1]DU[0xf]HTu[0xffffffd3]Q)[0x4][0x1c]KTu)[0xffffffa5][0xffffff90]*[0x11][0xffffff92][0xffffffa8][0xffffffb2]@2*[0x11][0xffffff90][0xffffffa8][0x12]8[0xffffffab]U"8Q[0xffffffe5][0xffffffc6][0xffffff93]U[0xffffff89][0xffffffbc]D[0xffffff95][0xffffff9b]VN%R[0x12]U:[0xffffffbc][0x1b]*[0xffffffa1][0xffffff89][0xffffffaa][0xfffffffe]z[0xffffffbd][0xffffffee][0xffffff8b]R[0x9]<Q[0xffffffd5][0x3][0x12]U[0xffffffdd]tT[\n]"
08:17:55.207 [TestNG-PoolService-3] DEBUG org.apache.hc.client5.http.wire -- http-outgoing-4 << "[0x1][0xffffffc7][0x12]U]J)[0xffffffa4]J[0xffffff84]$[0xffffffaa],[0xffffff90][0xffffff8c]J[0x4]$[0xffffffaa][0x4][0xffffffce]j[0xffffff95][0x8]NT[0xffffffb9][0xfffffff1]dU"/Q[0xffffffe5][0xffffffa6][0xffffff95]S[0xffffff89][0xffffff94]D[0xffffff95][0xe][0xffffffef][0xffffff86]Jh[0xffffffa2][0xffffffea]C%[0xfffffffa]yS*[0xffffff81]'[0xffffffaa]z@[0xffffffa2][0xffffffaa][0xffffff9b][0xffffff8e]J![0xffffffe0]X[0xffffffa2][0xffffffaa]K)[0xffffff85]T[0xffffff89][0xffffff90]D[0xffffff95][0x5][0xffffff92]Q[0xffffff89][0xffffff80]D[0xffffff95][0xffffffc0]Y[0xffffffad][0x12][0xffffffc1][0xffffff89]*7[0xffffff9e][0xffffffac]J[0xffffffe4]%[0xffffffaa][0xffffffdc][0xffffffb4]r*[0xffffff91][0xffffff92][0xffffffa8][0xffffffd2][0xffffffe1][0xffffffdd]P[0x9][0xfffffffd][0x18][0xffffffb4][0xffffffbf][0xffffff8e][0xfffffff3][0xffffffc0][0xffffffde][0xffffff95][0xffffffc0]?[0x6][0xffffffed][0x1][0x1f][0xffffff83]v[0xfffffff3][0xffffffc5]R![0xffffffe0][0xffffffd8][0xffffffc7][0xffffffa0]][0xffffffbe]I"U"[0xffffffe4]cP[0xb]$[0xffffffa3][0x12][0x1][0x1f][0xffffff83][\n]"
08:17:55.207 [TestNG-PoolService-3] DEBUG org.apache.hc.client5.http.wire -- http-outgoing-4 << "[0xffffff9c][0xffffffd5]*[0x11][0xfffffffc]1[0xffffffa8][0x1b]OV%[0xfffffff2]>[0x6]u[0xffffffd3][0xffffffca][0xffffffa9]D[0xffffffca][0xffffffc7][0xffffffa0]:[0xffffffbc][0x1b]*[0xffffffa1][0x1f][0xffffff83]~[0xffffffa8][0xffffffc4][0xffffff9a][0xffffffd8][0x17][0x1c][0xfffffff8][0xffffffc7][0xffffffa0]=[0xffffffe0]c[0xffffffd0]n[0xffffffbe]X*[0x4][0x1c][0xfffffffb][0x18][0xffffffb4][0xffffffcb]7I[0xffffffa4]J[0xffffff84]|[0xc]j[0xffffff81]dT"[0xffffffe0]cP[0xffffff81][0xffffffb3]Z%[0xffffff82]?[0x6]u[0xffffffe3][0xffffffc9][0xffffffaa]D[0xffffffde][0xffffffc7][0xffffffa0]nZ9[0xffffff95]H[0xfffffff9][0x18]T[0xffffff87]wC%n[0xffffffa3][0x12][0xffffffad][0xffffff9d]'[0xffffffa5][0x12]7[0xffffffae][0x12]w[0xffffff80]J[0xffffffdc][0xffffffca]{![0xffffffe0]7[0xffffffa6][0x12]w[0xffffff92]J([0xffffff8a][0xffffff8c]J8 [0x19][0xffffff95]P,[0xffffffeb]U[0xffffffe2][0x9]g[0xffffffb5]J<[0x11]MR[0x9]3[0xffffff9e][0xffffffac]J[0xffffffd8]-eU[0xffffffc2]L+[0xffffffa7][0x12][0xffffffb2][0xffffffb4][0xffffff94]J[0xffffffc8][0xfffffff0][0xfffffffe][0xffffffbe]J[0xc][0xffffffed]J|[0xffffffa8][0xffffffc4][0xfffffff9][0xffffffa2]j[0xffffff97][0x3][0xffffffef]J[0xffffff8c][0xffffff80][0xffffffae][0xffffffc4]0[0x1f]?[0xffffffd7][0x1]>[0xffffffb0][0xffffffae][0xffffffc4][0xffffff90][0xffffffcf][0xffffff9b]A[0xffffff95]0("*a[0xffffff81]DT[0xffffffc2]`Y[0xffffffae][0x12][0x2]g[0xffffffb1]J[0x8][0xffffffa2]A*[0xffffffe1][0xffffffc6][0x13]U[0x9][0xffffffbf][0xffffffa5][0xffffffa8]J[0xffffffb8]i[0xffffffc5]TB[0xffffff97][0x16]R[0x9][0x1d][0xffffffde][\r][0xffffff95]8[0xffffffac]JL[0xffffffea][0xffffffb5][0xffffffcb][0xffffffcf][0xfffffff3][0xffffffc0]*q[0x4][0xffffffa8][0xffffffc4][0xffffffa1][0xffffffbc][0x17][0x2]~`*q$[0xffffffa9][0xffffff84][0xffffffa2][0xffffffc8][0xffffffa8][0xffffff84][0x3][0xffffff92]Q[0x9][0xffffffc5][0xffffffb2]^%[0xffffff9e]pV[0xffffffab][0xffffffc4][0x13][0xffffffd1]$[0xffffff95]0[0xffffffe3][0xffffffc9][0xffffffaa][0xffffff84][0xffffffdd]RV%[0xffffffcc][0xffffffb4]r*!KK[0xffffffa9][0xffffff84][0xc][0xffffffef][0xffffff86]JhW[0xffffffe2]C%[0xffffffae][0xffffff93]z[0xffffffed]r[0xffffffe0]][0xffffff89][0x11][0xffffffd0][0xffffff95][0x18][0xffffffe6][0xffffffe3][0xffffffe7]B[0xffffffc0][0xffffffb1][0xffffffae][0xffffffc4][0xffffff90][0xffffffcf][0xffffff9b]I[0xffffff95][0x8][0xffffffe9]JX [0x19][0xffffff95][0x8][0xffffffe8]J[0x8][0xffffff9c][0xffffffd5]*[0x11][0xffffffdc][0xffffff95]p[0xffffffe3][0xffffffc9][0xffffffaa]D^W[0xffffffc2]M+[0xffffffa7][0x12])][0x9][0x1d][0xffffffde][\r][0xffffff95]p][0xffffff89][0xfffffff6][0xfffffff1][0xffffff8f]R[0x9][0xffffffbc]+1[0x2][0xffffffba][0x12][0xffffffc3]|[0xfffffffc]\[0x8]8[0xffffffd6][0xffffff95][0x18][0xfffffff2]y3[0xffffffa9][0x12]!][0x9][0xb]$[0xffffffa3][0x12][0x1]][0x9][0xffffff81][0xffffffb3]Z%[0xffffff82][0xffffffbb][0x12]n<Y[0xffffff95][0xffffffc8][0xffffffeb]J[0xffffffb8]i[0xffffffe5]T"[0xffffffa5]+[0xffffffa1][0xffffffc3][0xffffffbb][0xffffffa1][0x12][0xffffffae]+[0xffffffd1]F[0xffffffc7][0xffffffde][0xffffff95][0xffffffc0][0xffffffbb][0x12]#[0xffffffa0]+1[0xffffffcc][0xffffffc7][0xffffffcf][0xffffff85][0xffffff80]c][0xffffff89]![0xffffff9f]7[0xffffff93]*[0x11][0xffffffd2][0xffffff95][0xffffffb0]@2*[0x11][0xffffffd0][0xffffff95][0x10]8[0xffffffab]U"[0xffffffb8]+[0xffffffe1][0xffffffc6][0xffffff93]U[0xffffff89][0xffffffbc][0xffffffae][0xffffff84][0xffffff9b]VN%R[0xffffffba][0x12]:[0xffffffbc][0x1b]*[0xffffffd1][0xffffff8d]J[0xffffff9c][0xffffffaf][0xb]S[0xffffff89][0xffffff8e][0xffffffab]D[0xf]P[0xffffff89][0xffffffae][0xffffffbc][0x17][0x2][0xffffffde]1[0xffffff95][0xffffffe8]I*[0xffffffa1](2*[0xffffffe1][0xffffff80]dTB[0xffffffb1][0xffffffac]W[0xffffff89]'[0xffffff9c][0xffffffd5]*[0xfffffff1]D4I%[0xffffffcc]x[0xffffffb2]*a[0xffffffb7][0xffffff94]U[0x9]3[0xffffffad][0xffffff9c]J[0xffffffc8][0xffffffd2]R*![0xffffffc3][0xffffffbb][0xffffffa1][0x12][0xffffffc3][0xffffffa9]D[[0xffffff93]R[0xffffff89][0xffffff81][0xffffffab][0xffffffc4][0x8]P[0xffffff89][0xffffffa1][0xffffffbc][0x17][0x2]>0[0xffffff95][0x18]I*[0xffffffa1](2*[0xffffffe1][0xffffff80]dTB[0xffffffb1][0xffffffac]W[0xffffff89]'[0xffffff9c][0xffffffd5]*[0xfffffff1]D4I%[0xffffffcc]x[0xffffffb2]*a[0xffffffb7][0xffffff94]U[0x9]3[0xffffffad][0xffffff9c]J[0xffffffc8][0xffffffd2]R*![0xffffffc3][0xffffffbb][0xffffffa1][0x12][0xffffffae]vy[0xffffffce][0xffffffd7][0xffffffa2]T[0x2][0xffffffaf]][0xffffff8e][0xffffff80][0xffffffda][0xffffffe5]0I[0xffffffb6]B[0xffffffc0][0xffffffb1][0xffffffda][0xffffffe5][0xffffff90][0xffffffe8][0x1a][0xffffffa9][0x12]![0xffffffb5]K[0xb]$[0xffffffa3][0x12][0x1][0xffffffb5]K[0xffffff81][0xffffffb3]Z%[0xffffff82]k[0xffffff97]n<Y[0xffffff95][0xffffffc8][0xffffffab]][0xffffffba]i[0xffffffe5]T"[0xffffffa5]v[0xffffffa9][0xffffffc3][0xffffffbb][0xffffffa1][0x12][0xffffffae]vy[0xffffffae][0xffffff89][0xfffffffd]*[0xffffff81][0xffffffd7].G@[0xffffffed]r[0xffffff98]$[![0xffffffe0]X[0xffffffed]rHt[0xffffff8d]T[0xffffff89][0xffffff90][0xffffffda][0xffffffa5][0x5][0xffffff92]Q[0xffffff89][0xffffff80][0xffffffda][0xffffffa5][0xffffffc0]Y[0xffffffad][0x12][0xffffffc1][0xffffffb5]K7[0xffffff9e][0xffffffac]J[0xffffffe4][0xffffffd5].[0xffffffdd][0xffffffb4]r*[0xffffff91]R[0xffffffbb][0xffffffd4][0xffffffe1][0xffffffdd]P[0x9]W[0xffffffbb][0xffffffbc][0xffffffce][0x3][0xfffffffb]U[0x2][0xffffffaf]][0xffffff8e][0xffffff80][0xffffffda][0xffffffe5]0I[0xffffffb6]B[0xffffffc0][0xffffffb1][0xffffffda][0xffffffe5][0xffffff90][0xffffffe8][0x1a][0xffffffa9][0x12]![0xffffffb5]K[0xb]$[0xffffffa3][0x12][0x1][0xffffffb5]K[0xffffff81][0xffffffb3]Z%[0xffffff82]k[0xffffff97]n<Y[0xffffff95][0xffffffc8][0xffffffab]][0xffffffba]i[0xffffffe5]T"[0xffffffa5]v[0xffffffa9][0xffffffc3][0xfffffffb][0xfffffffb]*1][0xffffffed][0xfffffff2][0xffffffea]/*Q5[0xfffffff1][0xffffffda][0xffffffe5][0xc][0xffffffa8]]N[0xffffff93]d[0xffffffab][0x3]|b[0xffffffb5][0xffffffcb])[0xffffffd1]5P%[0xc][0xffffff8a][0xffffff88]JX [0x11][0xffffff95]0X[0xffffff96][0xffffffab][0xffffff84][0xffffffc0]Y[0xffffffac][0x12][0xffffff82]h[0xffffff90]J[0xffffffb8][0xfffffff1]DU[0xffffffc2]o)[0xffffffaa][0x12]nZ1[0xffffff95][0xffffffd0][0xffffffa5][0xffffff85]TB[0xffffff87]wC%[0xe][0xffffffa7][0x12][0xb][0xffffffeb]J|[0xffffff9e][0x7]V[0xffffff89]#@%[0xe][0xffffffe5][0xffffffbd][0x10][0xfffffff0][0x3]S[0xffffff89]#I%[0x14]EF%[0x1c][0xffffff90][0xffffff8c]J([0xffffff96][0xfffffff5]*[0xfffffff1][0xffffff84][0xffffffb3]Z%[0xffffff9e][0xffffff88]&[0xffffffa9][0xffffff84][0x19]OV%[0xffffffec][0xffffff96][0xffffffb2]*a[0xffffffa6][0xffffff95]S[0x9]YZJ%dx7T[0xffffffc2][0xffffffd5].[0xfffffffb][0xffffffeb][0x18][0xffffff94]J[0xffffffe0][0xffffffb5][0xffffffcb][0x19]P[0xffffffbb][0xffffff9c]&[0xffffffc9]V[0x8]8V[0xffffffbb][0xffffff9c][0x12]]#U"[0xffffffa4]vi[0xffffff81]dT"[0xffffffa0]v)pV[0xffffffab]Dp[0xffffffed][0xffffffd2][0xffffff8d]'[0xffffffab][0x12]y[0xffffffb5]K7[0xffffffad][0xffffff9c]J[0xffffffa4][0xffffffd4].ux7T[0xffffffc2][0xffffffd5].{[0x1b][0xffffffd8][0xffffffaf][0x12]x[0xffffffed]r[0x6][0xffffffd4].[0xffffffa7]I[0xffffffb2][0x15][0x2][0xffffff8e][0xffffffd5].[0xffffffa7]D[0xffffffd7]H[0xffffff95][0x8][0xffffffa9]]Z [0x19][0xffffff95][0x8][0xffffffa8]][\n]"
08:17:55.208 [TestNG-PoolService-3] DEBUG org.apache.hc.client5.http.wire -- http-outgoing-4 << "[0xffffff9c][0xffffffd5]*[0x11]\[0xffffffbb]t[0xffffffe3][0xffffffc9][0xffffffaa]D^[0xffffffed][0xffffffd2]M+[0xffffffa7][0x12])[0xffffffb5]K[0x1d][0xffffffde][\r][0xffffff95]p[0xffffffb5][0xffffffcb]>[0xffffffce][0xffffff8b]R[0x9][0xffffffbc]v9[0x3]j[0xffffff97][0xffffffd3]$[0xffffffd9][\n]"
08:17:55.208 [TestNG-PoolService-3] DEBUG org.apache.hc.client5.http.wire -- http-outgoing-4 << "[0x1][0xffffffc7]j[0xffffff97]S[0xffffffa2]k[0xffffffa4]J[0xffffff84][0xffffffd4].-[0xffffff90][0xffffff8c]J[0x4][0xffffffd4].[0x5][0xffffffce]j[0xffffff95][0x8][0xffffffae]][0xffffffba][0xfffffff1]dU"[0xffffffaf]v[0xffffffe9][0xffffffa6][0xffffff95]S[0xffffff89][0xffffff94][0xffffffda][0xffffffa5][0xe][0xffffffef][0xffffff86]J[0xfffffff4][0xffffffff][0xffffff9c][0xffffffaa][0x12][0xffffffab]Q[0x1f][0xffffff83]~[0xffffff9e][0x7]V[0xffffff89][0xffffffcf][0x13][0xffffffd0]*[0xfffffff1][0xfffffff7][0x19][0x18][0xffffff95][0xfffffff8]|:[0xffffffa3][0x12][0x7f]=9C%[0x14]EF%[0x1c][0xffffff90][0xffffff8c]J([0xffffff96][0xfffffff5]*[0xfffffff1][0xffffff84][0xffffffb3]Z%[0xffffff9e][0xffffff88]&[0xffffffa9][0xffffff84][0x19]OV%[0xffffffec][0xffffff96][0xffffffb2]*a[0xffffffa6][0xffffff95]S[0x9]YZJ%dx7T[0xffffffc2][0xffffffd5].G[0xffffffbb]NJ%[0xfffffff0][0xffffffda][0xffffffe5][0xc][0xffffffa8]]N[0xffffff93]d+[0x4][0x1c][0xffffffab]]N[0xffffff89][0xffffffae][0xffffff91]*[0x11]R[0xffffffbb][0xffffffb4]@2*[0x11]P[0xffffffbb][0x14]8[0xffffffab]U"[0xffffffb8]v[0xffffffe9][0xffffffc6][0xffffff93]U[0xffffff89][0xffffffbc][0xffffffda][0xffffffa5][0xffffff9b]VN%Rj[0xffffff97]:[0xffffffbc][0x1b]*[0xffffffe1]j[0xffffff97][0xffffffe3][0xffffffea][0xffffff98]J[0xffffffe0][0xffffffb5][0xffffffcb][0x19]P[0xffffffbb][0xffffff9c]&[0xffffffc9]V[0x8]8V[0xffffffbb][0xffffff9c][0x12]]#U"[0xffffffa4]vi[0xffffff81]dT"[0xffffffa0]v)pV[0xffffffab]Dp[0xffffffed][0xffffffd2][0xffffff8d]'[0xffffffab][0x12]y[0xffffffb5]K7[0xffffffad][0xffffff9c]J[0xffffffa4][0xffffffd4].ux7T[0xffffffc2][0xffffffd5].[0xffffffc7]\[0xffffff98]J[0xffffffe0][0xffffffb5][0xffffffcb][0x19]P[0xffffffbb][0xffffff9c]&[0xffffffc9]V[0x8]8V[0xffffffbb][0xffffff9c][0x12]]#U"[0xffffffa4]vi[0xffffff81]dT"[0xffffffa0]v)pV[0xffffffab]Dp[0xffffffed][0xffffffd2][0xffffff8d]'[0xffffffab][0x12]y[0xffffffb5]K7"
08:17:55.209 [TestNG-PoolService-1] DEBUG org.apache.hc.client5.http.wire -- http-outgoing-3 << "[0xffffff9f][0xfffffff7][0xffffffc0][0xffffffeb][0xffffffe2][0xffffff9f][0xffffffbb][0xffffffa0]x[0xfffffff1]y}[0xffffffca][0x17]?[0xffffffae][0xffffff9d][0x2][0xc][\r]%%[0xc][0x17]M[0xffffff8a][0x18][0x1a]P[0xffffffc2][0x18]kL[0xffffffeb][0xffffff91][0xffffffb1][0xffffff86]5K[0x19][0xffffffa6]Pif[0xffffffd8]~[0xffffffa5][0xffffff9d]a[0xffffffea][0xffffff96][0xffffff84][0xffffff86][0xffffffb4]/'[\r])[0xffffffe3]=j[0xffffff9c]#[0xffffff8d][0x1a][0xffffffe7][0xffffffe0][0xffffffa9][0xfffffff1]q[0xf][0x1][0xffffffd4][0xfffffff8]q[0x17][0x18]5>[0xffffffae][0xffffff8f]Q[0xffffffe3][0xfffffffb][0xffffffda]1[0xffffffd4][0xffffff90]Pb[0xffffffd4]0[0xffffffd1][0xffffffc4][0xffffffa8]![0x1]E[0xffffffa8][0xffffffb1][0xffffffc4][0x14][0xffffffa0][0xffffffc6][0x12][0xffffffd6]0jh[0xffffffa1][0xffffffe2][0xffffffd4]p[0xfffffffd][0xffffff8a]SC[0xffffffeb][0x16][0xffffffa5][0xffffffc6][0xffffffda][0xffffffbe] 5[0xffffffd6]2[0xfffffffe][\r]j[0xffffff8c][0xffffffd7][0xfffffff7]_[0xffffff99]f[0xffffffc8][0xfffffffb]i[0xfffffff3][0xffffffae][0xffffff86][0xffffffc6]/[0xfffffff7][0x3]1[0xffffffe3][0xffffffd7];[0xffffffa0][0xffffff90][0xffffffb1][0xffffffde]C-1~[0xffffffbd]z-0[0xffffff96]+[0xffffffb3][0xffffffbc]x[0x1f][0xffffffc5]Z\[0xfffffffc]W ki[0xfffffff1]>[0xffffff96]u[0xffffffb0]x[0x17][0xffffffce]*V[0xffffffbc][0xffffff8b]h[0x2]*[0xfffffffe][0xffffffa3]<[0x19]R[0xfffffffc]g[0xffffff97]2[0xffffffa0][0xfffffff8][0xffffff8f]j[0xffffffad][0xffffffe7][0xffffffc4][0xffffffdb][0xffffffa6][0xffffffad][0xffffffc6][0xffffffc4][0xffffffdb][0xffffffe2][0xffffffdd][0xffffffa2][0xffffff84]~0[0xffffffc2]R[0xffffff82][0xfffffffa]^[0xffffffe4][0xffffffd7];[0xffffffe0])A|-[0xfffffff2][0xffffffeb][0xffffffd5])J[0x4]|+[0xfffffff2]>[0xffffff8a][0x14]%[0xffffffe8]/E[0xffffffde][0xffffffc7][0xffffff92][0xffffffa0][0x4][0xfffffff3][0xffffff9d][0xffffffc8][0xffffffbb][0xffffff88]fQ"[0xffffffe4]+[0xffffff91][0xffffffff][0xffffffec]R[0xffffff9a][0x12][0x1][0xffffffdf][0xffffff88][0xffffffbc]mZ[0xffffff8e][0x12][0xfffffffb]_[0xffffff88][0xfffffffc][0xfffffff8][0x1b][0xffffffd7][0xffffffcb]=[0xffffff95][0x18][0xffffffb3]A[0xffffff94][0xfffffff8][0xffffffbc][0x1f][0xffffff96][0x12]_w[0x0]S[0xffffffe2][0xffffffdf]{@([0xfffffff1]uu[0xffffff84][0x12][0xffffffff]\9[0xffffff82][0x12]&[0xffffff8a][0x8]%l [0x11]J[0xffffff98]X[0xffffff96]SB[0xffffffc2]YL[0x9][0xffffff89]h[0x10]%\y[0xffffffa2][0xffffff94][0xfffffff0]][0xffffff8a]R[0xffffffc2]U+F[0x9]mZ[0xffffff88][0x12]Z[0xffffffbc][0x1b][0xffffff94]8[0x1c]%[0xffffff9e][0xffffffaf][0xffffffaf]D[0x10]J[0x1c]8%[0xffffff8e][0x0]J[0x1c][0xffffff9a][0xfffffff7][0xffffffc2][0xffffff80][0x1f][0x18]%[0xffffff8e]$Jh[0x14][0x19]J[0xffffffb8]@2[0xffffff94][0xffffffd0]X[0xffffffd6]Sb[\r]g5%[0xffffffd6][0xffffff88]&Q[0xffffffc2][0xffffff94]'K[0x9][0xffffffdb][0xffffffa5],%L[0xffffffb5]r[0xffffff94][0xffffff90][0xffffffa6][0xffffffa5](![0xffffffc5][0xffffffbb]A[0xffffff89]f(1_[0xf][0xfffffff5][0x3][0xffffffc7][0xffffffe7][0xfffffffd][0xffffffc0][0xffffff94]h[0x1][0xffffff94]h[0xffffff9a][0xfffffff7][0xffffffc2][0xffffff80]7[0xffffff8c][0x12]-[0xffffff89][0x12][0x1a]E[0xffffff86][0x12].[0xffffff90][0xc]%4[0xffffff96][0xfffffff5][0xffffff94]X[0xffffffc3]YM[0xffffff89]5[0xffffffa2]I[0xffffff94]0[0xffffffe5][0xffffffc9]R[0xffffffc2]v)K[0x9]S[0xffffffad][0x1c]%[0xffffffa4]i)JH[0xfffffff1]nP[0xffffffa2];J[0xffffff9c]w[0xfffffff9][0xfffffff7][0x1d][0xffffffbf][0xffffffdc][0xf]L[0xffffff89][0x1e]@[0xffffff89][0xffffffae]y/[0xc]x[0xffffffc7]([0xfffffff1][0xffffffff][0xffffffcd][0xffffff9d]K[0xffffffae][0xffffffdc][0xffffffc8][0xffffff96][0x4][0xffffffe7][0xffffffbd][0xffffff98][0xffffff87]d[0xffffff90][0xfffffff1][0xffffffe1]bz)[0xffffffbd][0xfffffff7][0xffffffbe][0xffffff9f]*[0xffffffa9][0x1e][0xffffffdd]S[0xffffff80]B[0xffffff85]c[0xe]h,[0xffffffc6][0xffffffc0][0xffffffe0]0[0xffffffe4]%-[0xffffffce]$[0xffffff95]P[0x14][0x19][0xffffff95]p@2*[0xffffffa1]X[0xffffffd6][0xffffffab][0xffffffc4][0x13][0xffffffce]j[0xffffff95]x"[0xffffff9a][0xffffffa4][0x12]f<Y[0xffffff95][0xffffffb0][[0xffffffca][0xffffffaa][0xffffff84][0xffffff99]VN%di)[0xffffff95][0xffffff90][0xffffffe1][0xffffffdd]P[0xffffff89][0xffffffcb][0xffffffa9][0xffffffc4][0xffffffec]7[0xffffffa5][0x12][0x17][0xffffffae][0x12]W[0xffffff80]J\[0xffffffca]{![0xffffffe0][0x17][0xffffffa6][0x12]W[0xffffff92]J([0xffffff8a][0xffffff8c]J8 [0x19][0xffffff95]P,[0xffffffeb]U[0xffffffe2][0x9]g[0xffffffb5]J<[0x11]MR[0x9]3[0xffffff9e][0xffffffac]J[0xffffffd8]-eU[0xffffffc2]L+[0xffffffa7][0x12][0xffffffb2][0xffffffb4][0xffffff94]J[0xffffffc8][0xfffffff0]n[0xffffffa9][0xffffffc4][0x19][0xffffffa6][0x12]'[0xffffffae][0x12]g[0xffffff80]J[0xffffff9c][0xffffffa8]J[0xffffff9c][0xffffff98]J[0xffffff9c]I*[0xfffffff1]D[0xffffff91]R[0x9][0x5][0xffffff92]R[0xffffff89]'[0xffffff96][0xffffff84]J[0xffffff9c][0xffffffb0]J[0xffffff9c][0xffffffc1]*![0xffffffe3]I[0xffffffab][0xffffff84][0xffffffd9]RZ%dZI[0xffffff95]8ST[0xffffffe2][0xfffffffc]c[0xffffff95][0xffffffe8][0xfffffffa][0xffffffab][0xffffffc4]z[0x1d][0x13][0xfffffffb][0xffffff82][0xffffffa3][0xffffffe3][0xffffffbf]J[0xfffffff4][0xffffff80]_%[0xffffffba][0xffffffaa]s![0xffffffe0][0x1d][0xfffffffb]U[0xffffffa2]'[0xfffffffd]*[0xffffffa1](2*[0xffffffe1][0xffffff80]dTB[0xffffffb1][0xffffffac]W[0xffffff89]'[0xffffff9c][0xffffffd5]*[0xfffffff1]D4I%[0xffffffcc]x[0xffffffb2]*a[0xffffffb7][0xffffff94]U[0x9]3[0xffffffad][0xffffff9c]J[0xffffffc8][0xffffffd2]R*![0xffffffc3][0xffffffbb][0xffffffa1][0x12][0xffffffc3][0xffffffa9]D;[0xffffffb0][0xffffffd7].[0x7][0xffffffae][0x12]#@%[0xffffff86][0xfffffff2]^[0x8][0xfffffff8][0xffffffc0]Tb$[0xffffffa9][0xffffff84][0xffffffa2][0xffffffc8][0xffffffa8][0xffffff84][0x3][0xffffff92]Q[0x9][0xffffffc5][0xffffffb2]^%[0xffffff9e]pV[0xffffffab][0xffffffc4][0x13][0xffffffd1]$[0xffffff95]0[0xffffffe3][0xffffffc9][0xffffffaa][0xffffff84][0xffffffdd]RV%[0xffffffcc][0xffffffb4]r*!KK[0xffffffa9][0xffffff84][0xc][0xffffffef][0xffffff86]JL[0xffffffab][0x12][0xffffffd7][0xffffffa0]Tb[0xffffffe2]*1[0x3]Tb*[0xffffffef][0xffffff85][0xffffff80]OL%f[0xffffff92]J([0xffffff8a][0xffffff8c]J8 [0x19][0xffffff95]P,[0xffffffeb]U[0xffffffe2][0x9]g[0xffffffb5]J<[0x11]MR[0x9]3[0xffffff9e][0xffffffac]J[0xffffffd8]-eU[0xffffffc2]L+[0xffffffa7][0x12][0xffffffb2][0xffffffb4][0xffffff94]J[0xffffffc8][0xfffffff0]n[0xffffffa8][0xffffffc4][0xffffffb2]*1[0xffffffb0]w%[0x16][0xffffffae][0x12]+@%[0xffffff96][0xfffffff2]^[0x8][0xfffffff8][0xffffffc2]Tb%[0xffffffa9][0xffffff84][0xffffffa2][0xffffffc8][0xffffffa8][0xffffff84][0x3][0xffffff92]Q[0x9][0xffffffc5][0xffffffb2]^%[0xffffff9e]pV[0xffffffab][0xffffffc4][0x13][0xffffffd1]$[0xffffff95]0[0xffffffe3][0xffffffc9][0xffffffaa][0xffffff84][0xffffffdd]RV%[0xffffffcc][0xffffffb4]r*!KK[0xffffffa9][0xffffff84][0xc][0xffffffef][0xffffff86]J[0xffffff98];8[0xffffffd6][0xffffffeb]l/J%[0xfffffff0];8F[0xffffffc0][0x1d][0x1c][0xffffffc3][0xffffff84][0xffffffe2][0xb][0x1][0xffffffc7][0xffffffee][0xffffffe0][0x18][0xffffff92][0xffffff82]'U"[0xffffffe4][0xe][0xe][0xb]$[0xffffffa3][0x12][0x1]wp[0x8][0xffffff9c][0xffffffd5]*[0x11]|[0x7][0xffffff87][0x1b]OV%[0xfffffff2][0xffffffee][0xffffffe0]p[0xffffffd3][0xffffffca][0xffffffa9]D[0xffffffca][0x1d][0x1c]:[0xffffffbc][0xffffffbf][0xffffffaf][0x12][0xffffffd3][0xffffffd4].[0xffffffd7]k[0xffffff9d]'[0xffffffa4][0x12][0x13][0xffffffaf]][0xffffffce][0xffffff80][0xffffffda][0xffffffe5]4I[0xffffffb6]:[0xffffffc0]'V[0xffffffbb][0xffffff9c][0x12]][0x3]U[0xffffffc2][0xffffffa0][0xffffff88][0xffffffa8][0xffffff84][0x5][0x12]Q[0x9][0xffffff83]e[0xffffffb9]J[0x8][0xffffff9c][0xffffffc5]*![0xffffff88][0x6][0xffffffa9][0xffffff84][0x1b]OT%[0xfffffffc][0xffffff96][0xffffffa2]*[0xffffffe1][0xffffffa6][0x15]S[0x9]]ZH%tx7T[0xffffffc2][0xffffffd4].[0xffffffd7][0xffffffeb]^[0xffffffd4][0xffffffaf][0x12][0x13][0xffffffaf]][0xffffffce][0xffffff80][0xffffffda][0xffffffe5]4I[0xffffffb6]B[0xffffffc0][0xffffffb1][0xffffffda][0xffffffe5][0xffffff94][0xffffffe8][0x1a][0xffffffa9][0x12]![0xffffffb5]K[0xb]$[0xffffffa3][0x12][0x1][0xffffffb5]K[0xffffff81][0xffffffb3]Z%[0xffffff82]k[0xffffff97]n<Y[0xffffff95][0xffffffc8][0xffffffab]][0xffffffba]i[0xffffffe5]T"[0xffffffa5]v[0xffffffa9][0xffffffc3][0xffffffbb][0xffffffa1][0x12][0xffffffa6]v[0xffffffb9][0xffffff8e][0xfffffff3][0xffffffa2]j[0xffffff97][0x13][0xffffffaf]][0xffffffce][0xffffff80][0xffffffda][0xffffffe5]4I[0xffffffb6]B[0xffffffc0][0xffffffb1][0xffffffda][0xffffffe5][0xffffff94][0xffffffe8][0x1a][0xffffffa9][0x12]![0xffffffb5]K[0xb]$[0xffffffa3][0x12][0x1][0xffffffb5]K[0xffffff81][0xffffffb3]Z%[0xffffff82]k[0xffffff97]n<Y[0xffffff95][0xffffffc8][0xffffffab]][0xffffffba]i[0xffffffe5]T"[0xffffffa5]v[0xffffffa9][0xffffffc3][0xffffffbb][0xffffffa1][0x12][0xffffffa6]v[0xffffffb9][0xffffff8e]~uJ%[0xfffffff0][0xffffffda][0xffffffe5][0xc][0xffffffa8]]N[0xffffff93]d+[0x4][0x1c][0xffffffab]]N[0xffffff89][0xffffffae][0xffffff91]*[0x11]R[0xffffffbb][0xffffffb4]@2*[0x11]P[0xffffffbb][0x14]8[0xffffffab]U"[0xffffffb8]v[0xffffffe9][0xffffffc6][0xffffff93]U[0xffffff89][0xffffffbc][0xffffffda][0xffffffa5][0xffffff9b]VN%Rj[0xffffff97]:[0xffffffbc][0x1b]*[0xffffffe1][0x12]U[0xffffffc7][0xffffffcd][0xfffffffd]*[0xffffff81]'[0xffffffaa]f@[0xffffffa2]j[0xffffff9a][0xffffff8e]J![0xffffffe0]X[0xffffffa2]jJ)[0xffffff85]T[0xffffff89][0xffffff90]D[0xffffff95][0x5][0xffffff92]Q[0xffffff89][0xffffff80]D[0xffffff95][0xffffffc0]Y[0xffffffad][0x12][0xffffffc1][0xffffff89]*7[0xffffff9e][0xffffffac]J[0xffffffe4]%[0xffffffaa][0xffffffdc][0xffffffb4]r*[0xffffff91][0xffffff92][0xffffffa8][0xffffffd2][0xffffffe1][0xffffffdd]P[0x9][0xffffff97][0xffffffa8]j[0x1d][0xffffffbb][0x19]t[0xffffffe2][0xffffff89][0xffffffaa][0x19][0xffffff90][0xffffffa8][0xffffff9a][0xffffffa6][0xffffffa3]R[0x8]8[0xffffff96][0xffffffa8][0xffffff9a]RJ!U"$Qe[0xffffff81]dT" Q%pV[0xffffffab]Dp[0xffffffa2][0xffffffca][0xffffff8d]'[0xffffffab][0x12]y[0xffffff89]*7[0xffffffad][0xffffff9c]J[0xffffffa4]$[0xffffffaa]tx7T[0xffffffc2]%[0xffffffaa]>$[0xffffffa5]Q*[0xffffff81]'[0xffffffaa]f@[0xffffffa2]j[0xffffff9a][0xffffff8e]J![0xffffffe0]X[0xffffffa2]jJ)[0xffffff85]T[0xffffff89][0xffffff90]D[0xffffff95][0x5][0xffffff92]Q[0xffffff89][0xffffff80]D[0xffffff95][0xffffffc0]Y[0xffffffad][0x12][0xffffffc1][0xffffff89]*7[0xffffff9e][0xffffffac]J[0xffffffe4]%[0xffffffaa][0xffffffdc][0xffffffb4]r*[0xffffff91][0xffffff92][0xffffffa8][0xffffffd2][0xffffffe1][0xffffffdd]P[0x9][0xffffff97][0xffffffa8]j[0xffffffeb][0xffffff85][0xffffffbd]+[0xffffff81]'[0xffffffaa]f@[0xffffffa2]j[0xffffff9a][0xffffff8e]J![0xffffffe0]X[0xffffffa2]jJ)[0xffffff85]T[0xffffff89][0xffffff90]D[0xffffff95][0x5][0xffffff92]Q[0xffffff89][0xffffff80]D[0xffffff95][0xffffffc0]Y[0xffffffad][0x12][0xffffffc1][0xffffff89]*7[0xffffff9e][0xffffffac]J[0xffffffe4]%[0xffffffaa][0xffffffdc][0xffffffb4]r*[0xffffff91][0xffffff92][0xffffffa8][0xffffffd2][0xffffffe1][0xffffffdd]P[0x9][0xffffff97][0xffffffa8]j[0xffffffab]c[0x7f][0xffffffe0][0xffffffc0][0x13]U3 Q5MG[0xffffffa5][0x10]p,Q5[0xffffffa5][0xffffff94]B[0xffffffaa]DH[0xffffffa2][0xffffffca][0x2][0xffffffc9][0xffffffa8]D@[0xffffffa2]J[0xffffffe0][0xffffffac]V[0xffffff89][0xffffffe0]D[0xffffff95][0x1b]OV%[0xfffffff2][0x12]UnZ9[0xffffff95]HIT[0xffffffe9][0xfffffff0][0xfffffffe][0xffffffbe]J[0xffffffac][0xffffff97]U[0xffffff89][0xffffff9b]z[0xffffffed][0xfffffff2][0xfffffff3]<[0xffffffac]J|[0xffffff9d][0x0]V[0xffffff89][0x1f]g@T[0xffffffe2][0xffffffeb][0xffffffe9][0xffffff88]J[0xfffffffc][0xfffffffd][0xffffffe4][0x8][0xffffff95]0("*a[0xffffff81]DT[0xffffffc2]`Y[0xffffffae][0x12][0x2]g[0xffffffb1]J[0x8][0xffffffa2]A*[0xffffffe1][0xffffffc6][0x13]U[0x9][0xffffffbf][0xffffffa5][0xffffffa8]J[0xffffffb8]i[0xffffffc5]TB[0xffffff97][0x16]R[0x9][0x1d][0xffffffde][\r][0xffffff95]p[0xffffffb5][0xffffffcb]v[0xf]L%[0xfffffff0][0xffffffda][0xffffffe5][\n]"
08:17:55.209 [TestNG-PoolService-1] DEBUG org.apache.hc.client5.http.wire -- http-outgoing-3 << "[0xffffffa8]].[0xffffff93]d+[0x4][0x1c][0xffffffab]].[0xffffff89][0xffffffae][0xffffff91]*[0x11]R[0xffffffbb][0xffffffb4]@2*[0x11]P[0xffffffbb][0x14]8[0xffffffab]U"[0xffffffb8]v[0xffffffe9][0xffffffc6][0xffffff93]U[0xffffff89][0xffffffbc][0xffffffda][0xffffffa5][0xffffff9b]VN%Rj[0xffffff97]:[0xffffffbc][0x1b]*[0xffffffe1]j[0xffffff97][0xffffffe7]kR[0xffffffef]J,[0xffffffbc]v[0xffffffb9][0x2]j[0xffffff97][0xffffffcb]$[0xffffffd9][\n]"
08:17:55.209 [TestNG-PoolService-1] DEBUG org.apache.hc.client5.http.wire -- http-outgoing-3 << "[0x1][0xffffffc7]j[0xffffff97]K[0xffffffa2]k[0xffffffa4]J[0xffffff84][0xffffffd4].-[0xffffff90][0xffffff8c]J[0x4][0xffffffd4].[0x5][0xffffffce]j[0xffffff95][0x8][0xffffffae]][0xffffffba][0xfffffff1]dU"[0xffffffaf]v[0xffffffe9][0xffffffa6][0xffffff95]S[0xffffff89][0xffffff94][0xffffffda][0xffffffa5][0xe][0xffffffef][0xffffff86]J[0xffffffb8][0xffffffda][0xffffffe5]yr[0xffffffbf]J[0xffffffe0][0xffffffb5][0xffffffcb][0x15]P[0xffffffbb]\&[0xffffffc9]V[0x8]8V[0xffffffbb]\[0x12]]#U"[0xffffffa4]vi[0xffffff81]dT"[0xffffffa0]v)pV[0xffffffab]Dp[0xffffffed][0xffffffd2][0xffffff8d]'[0xffffffab][0x12]y[0xffffffb5]K7[0xffffffad][0xffffff9c]J[0xffffffa4][0xffffffd4].ux7T[0xffffffc2][0xffffffd5].[0xffffffcf][0xfffffff9][0xffffffc2]T[0x2][0xffffffaf]][0xffffffae][0xffffff80][0xffffffda][0xffffffe5]2I[0xffffffb6]B[0xffffffc0][0xffffffb1][0xffffffda][0xffffffe5][0xffffff92][0xffffffe8][0x1a][0xffffffa9][0x12]![0xffffffb5]K[0xb]$[0xffffffa3][0x12][0x1][0xffffffb5]K[0xffffff81][0xffffffb3]Z%[0xffffff82]k[0xffffff97]n<Y[0xffffff95][0xffffffc8][0xffffffab]][0xffffffba]i[0xffffffe5]T"[0xffffffa5]v[0xffffffa9][0xffffffc3][0xffffffbb][0xffffffa1][0x12].Qu}X[\n]"
08:17:55.209 [TestNG-PoolService-1] DEBUG org.apache.hc.client5.http.wire -- http-outgoing-3 << "[0xffffffa5][0x12]x[0xffffffa2]j[0x5]$[0xffffffaa][0xffffff96][0xffffffe9][0xffffffa8][0x14][0x2][0xffffff8e]%[0xffffffaa][0xffffff96][0xffffff94]RH[0xffffff95][0x8]ITY [0x19][0xffffff95][0x8]HT[0x9][0xffffff9c][0xffffffd5]*[0x11][0xffffff9c][0xffffffa8]r[0xffffffe3][0xffffffc9][0xffffffaa]D^[0xffffffa2][0xffffffca]M+[0xffffffa7][0x12])[0xffffff89]*[0x1d][0xffffffde][\r][0xffffff95]p[0xffffff89][0xffffffaa]k[0xffffffbe][0x6][0xffffffa5][0x12]x[0xffffffa2]j[0x5]$[0xffffffaa][0xffffff96][0xffffffe9][0xffffffa8][0x14][0x2][0xffffff8e]%[0xffffffaa][0xffffff96][0xffffff94]RH[0xffffff95][0x8]ITY [0x19][0xffffff95][0x8]HT[0x9][0xffffff9c][0xffffffd5]*[0x11][0xffffff9c][0xffffffa8]r[0xffffffe3][0xffffffc9][0xffffffaa]D^[0xffffffa2][0xffffffca]M+[0xffffffa7][0x12])[0xffffff89]*[0x1d][0xffffffde][\r][0xffffff95]p[0xffffff89][0xffffffaa][0xffffffeb][0xffffffe6]T[0x2]OT[0xffffffad][0xffffff80]D[0xffffffd5]2[0x1d][0xffffff95]B[0xffffffc0][0xffffffb1]D[0xffffffd5][0xffffff92]R[\n]"
08:17:55.209 [TestNG-PoolService-1] DEBUG org.apache.hc.client5.http.wire -- http-outgoing-3 << "[0xffffffa9][0x12]![0xffffff89]*[0xb]$[0xffffffa3][0x12][0x1][0xffffff89]*[0xffffff81][0xffffffb3]Z%[0xffffff82][0x13]Un<Y[0xffffff95][0xffffffc8]KT[0xffffffb9]i[0xffffffe5]T"%Q[0xffffffa5][0xffffffc3][0xffffffbb][0xffffffa1][0x12].Q[0xffffffd5][0xffffffdb][0xffffffba]([0xffffff95][0xffffffc0][0x13]U+ Q[0xffffffb5]LG[0xffffffa5][0x10]p,Q[0xffffffb5][0xffffffa4][0xffffff94]B[0xffffffaa]DH[0xffffffa2][0xffffffca][0x2][0xffffffc9][0xffffffa8]D@[0xffffffa2]J[0xffffffe0][0xffffffac]V[0xffffff89][0xffffffe0]D[0xffffff95][0x1b]OV%[0xfffffff2][0x12]UnZ9[0xffffff95]HIT[0xffffffe9][0xfffffff0][0xfffffffe][0xffffffbe]J[0xffffffdc]/[0xffffffa7][0x12][0xfffffffd][0xffffffa4]^[0xffffffbb][0xfffffffc]<[0xf][0xffffffab][0x12]_'[0xffffff80]U[0xffffffe2][0xffffffc7][0x19][0x10][0xffffff95][0xfffffff8]z:[0xffffffa2][0x12][0x7f]?9B%[0xc][0xffffff8a][0xffffff88]JX [0x11][0xffffff95]0X[0xffffff96][0xffffffab][0xffffff84][0xffffffc0]Y[0xffffffac][0x12][0xffffff82]h[0xffffff90]J[0xffffffb8][0xfffffff1]DU[0xffffffc2]o)[0xffffffaa][0x12]nZ1[0xffffff95][0xffffffd0][0xffffffa5][0xffffff85]TB[0xffffff87]wC%\[0xffffffa2][0xffffffaa][0xffffffdf][0x7][0xffffffa6][0x12]x[0xffffffa2][0xffffffea][0xe]HT[0xffffffdd][0xffffffa6][0xffffffa3]R[0x8]8[0xffffff96][0xffffffa8][0xffffffba][0xffffffa5][0xffffff94]B[0xffffffaa]DH[0xffffffa2][0xffffffca][0x2][0xffffffc9][0xffffffa8]D@[0xffffffa2]J[0xffffffe0][0xffffffac]V[0xffffff89][0xffffffe0]D[0xffffff95][0x1b]OV%[0xfffffff2][0x12]UnZ9[0xffffff95]HIT[0xffffffe9][0xfffffff0]n[0xffffffa8][0xffffff84]KT[0xfffffff5]{R[0xffffffef]J[0xffffffdc]x[0xffffffa2][0xffffffea][0xe]HT[0xffffffdd][0xffffffa6][0xffffffa3]R[0x8]8[0xffffff96][0xffffffa8][0xffffffba][0xffffffa5][0xffffff94]B[0xffffffaa]DH[0xffffffa2][0xffffffca][0x2][0xffffffc9][0xffffffa8]D@[0xffffffa2]J[0xffffffe0][0xffffffac]V[0xffffff89][0xffffffe0]D[0xffffff95][0x1b]OV%[0xfffffff2][0x12]UnZ9[0xffffff95]HIT[0xffffffe9][0xfffffff0]n[0xffffffa8][0xffffff84]KT[0xffffff8d][0xffffffd7]I][0xffffffe7]u[0xffffffe3][0xffffff89][0xffffffaa]; Qu[0xffffff9b][0xffffff8e]J![0xffffffe0]X[0xffffffa2][0xffffffea][0xffffff96]R[\n]"
08:17:55.209 [TestNG-PoolService-1] DEBUG org.apache.hc.client5.http.wire -- http-outgoing-3 << "[0xffffffa9][0x12]![0xffffff89]*[0xb]$[0xffffffa3][0x12][0x1][0xffffff89]*[0xffffff81][0xffffffb3]Z%[0xffffff82][0x13]Un<Y[0xffffff95][0xffffffc8]KT[0xffffffb9]i[0xffffffe5]T"%Q[0xffffffa5][0xffffffc3][0xffffffbb][0xffffffa1][0x12].Q5^[0xffffffd8]u^7[0xffffff9e][0xffffffa8][0xffffffba][0x3][0x12]U[0xffffffb7][0xffffffe9][0xffffffa8][0x14][0x2][0xffffff8e]%[0xffffffaa]n)[0xffffffa5][0xffffff90]*[0x11][0xffffff92][0xffffffa8][0xffffffb2]@2*[0x11][0xffffff90][0xffffffa8][0x12]8[0xffffffab]U"8Q[0xffffffe5][0xffffffc6][0xffffff93]U[0xffffff89][0xffffffbc]D[0xffffff95][0xffffff9b]VN%R[0x12]U:[0xffffffbc][0x1b]*[0xffffffd1][0xffffff9d]J[0x1c][0xffffffd7]E[0xffffffa9]D[0xffffffc7]U[0xffffffa2][0x7][0xffffffa8]DW[0xffffffde][0xb][0x1][0xffffffef][0xffffff98]J[0xfffffff4]$[0xffffff95]P[0x14][0x19][0xffffff95]p@2*[0xffffffa1]X[0xffffffd6][0xffffffab][0xffffffc4][0x13][0xffffffce]j[0xffffff95]x"[0xffffff9a][0xffffffa4][0x12]f<Y[0xffffff95][0xffffffb0][[0xffffffca][0xffffffaa][0xffffff84][0xffffff99]VN%di)[0xffffff95][0xffffff90][0xffffffe1][0xffffffdd]P[0x9]W[0xffffffbb][0x1c]m[0xffffffbc]([0xffffff95][0xffffffc0]k[0xffffff97]w@[0xffffffed][0xfffffff2]6I[0xffffffb6]B[0xffffffc0][0xffffffb1][0xffffffda][0xffffffe5]-[0xffffffd1]5R%Bj[0xffffff97][0x16]HF%[0x2]j[0xffffff97][0x2]g[0xffffffb5]J[0x4][0xffffffd7].[0xffffffdd]x[0xffffffb2]*[0xffffff91]W[0xffffffbb]t[0xffffffd3][0xffffffca][0xffffffa9]DJ[0xffffffed]R[0xffffff87]wC%\[0xffffffed]r[0xffffff8c][0xffffff85][0xffffffa9][0x4]^[0xffffffbb][0xffffffbc][0x3]j[0xffffff97][0xffffffb7]I[0xffffffb2][0x15][0x2][0xffffff8e][0xffffffd5].o[0xffffff89][0xffffffae][0xffffff91]*[0x11]R[0xffffffbb][0xffffffb4]@2*[0x11]P[0xffffffbb][0x14]8[0xffffffab]U"[0xffffffb8]v[0xffffffe9][0xffffffc6][0xffffff93]U[0xffffff89][0xffffffbc][0xffffffda][0xffffffa5][0xffffff9b]VN%Rj[0xffffff97]:[0xffffffbc][0x1b]*[0xffffffe1]j[0xffffff97]c[0xffffff9d][0x17][0xffffffa5][0x12]x[0xffffffed][0xfffffff2][0xe][0xffffffa8]][0xffffffde]&[0xffffffc9]V[0x8]8V[0xffffffbb][0xffffffbc]%[0xffffffba]F[0xffffffaa]DH[0xffffffed][0xffffffd2][0x2][0xffffffc9][0xffffffa8]D@[0xffffffed]R[0xffffffe0][0xffffffac]V[0xffffff89][0xffffffe0][0xffffffda][0xffffffa5][0x1b]OV%[0xfffffff2]j[0xffffff97]nZ9[0xffffff95]H[0xffffffa9]][0xffffffea][0xfffffff0]n[0xffffffa8][0xffffff84][0xffffffab]]N[0xffffffee][0xffffff92][0xfffffff1][0x1b][0xffffffaf]][0xffffffde][0x1][0xffffffb5][0xffffffcb][0xffffffdb]$[0xffffffd9][\n]"
08:17:55.210 [TestNG-PoolService-1] DEBUG org.apache.hc.client5.http.wire -- http-outgoing-3 << "[0x1][0xffffffc7]j[0xffffff97][0xffffffb7]D[0xffffffd7]H[0xffffff95][0x8][0xffffffa9]]Z [0x19][0xffffff95][0x8][0xffffffa8]][\n]"
08:17:55.210 [TestNG-PoolService-1] DEBUG org.apache.hc.client5.http.wire -- http-outgoing-3 << "[0xffffff9c][0xffffffd5]*[0x11]\[0xffffffbb]t[0xffffffe3][0xffffffc9][0xffffffaa]D^[0xffffffed][0xffffffd2]M+[0xffffffa7][0x12])[0xffffffb5]K[0x1d][0xffffffde][0xffffffdf]V[0xffffff89][0xfffffff3][0xfffffff5]r*[0xffffffd1][0x7][0xfffffff4][0xffffffab][0xffffffc4][0xffffffd7]yP[0xffffff95][0xfffffff8]>[0x1][0xffffffab][0x12]?[0xffffffcf]@[0xffffffa8][0xffffffc4][0xfffffff7][0xffffffd3][0x9][0xffffff95][0xfffffff8][0xfffffff1][0xffffffe4][0x4][0xffffff95]p([0x12]*[0xffffffe1][0xffffff81]$T[0xffffffc2]aY[0xffffffad][0x12][\n]"
08:17:55.210 [TestNG-PoolService-2] DEBUG org.apache.hc.client5.http.wire -- http-outgoing-5 << "[0xffffffa4]D[0xffffffc8][0xffffffda][0xffffffa5][\r]$C[0xffffff89][0xffffff80][0xffffffb5]K[0x9]g5%[0xffffff82][0xffffffd7].]y[0xffffffb2][0xffffff94][0xffffffc8][[0xffffffbb]t[0xffffffd5][0xffffffca]Q"e[0xffffffed]R[0xffffff8b]w[0xffffff83][0x12]n[0xffffffed][0xfffffff2]~[0x1d][0xffffffd4]D[0xffffffd5][0xffffff89][0xffffffaf]][0xffffff9e][0x1]k[0xffffff97][0xffffffa7][0xffffff99]d+[0xc]8[0xffffffb6]vy[0xffffffca][0xffffffe8][0x1a]I[0xffffff89][0xffffff90][0xffffffb5]K[0x1b]H[0xffffff86][0x12][0x1]k[0xffffff97][0x12][0xffffffce]jJ[0x4][0xffffffaf]][0xffffffba][0xfffffff2]d)[0xffffff91][0xffffffb7]v[0xffffffe9][0xffffffaa][0xffffff95][0xffffffa3]D[0xffffffca][0xffffffda][0xffffffa5][0x16][0xffffffef][0x6]%[0xffffffdc][0xffffffda][0xffffffe5][0xfffffffd][0xffffffba][0xffffffb1][0x1f]8[0xfffffff0][0xffffffb5][0xffffffcb]3`[0xffffffed][0xfffffff2]4[0xffffff93]l[0xffffff85][0x1][0xffffffc7][0xffffffd6].O[0x19]]#)[0x11][0xffffffb2]vi[0x3][0xffffffc9]P"`[0xffffffed]R[0xffffffc2]YM[0xffffff89][0xffffffe0][0xffffffb5]KW[0xffffff9e],%[0xfffffff2][0xffffffd6].][0xffffffb5]r[0xffffff94]HY[0xffffffbb][0xffffffd4][0xffffffe2][0xffffffdd][0xffffffa0][0xffffff84][[0xffffffbb][0xffffffbc][0xffffffdb][0xffffffc0]~[0xffffffe0][0xffffffc0][0xffffffd7].[0xffffffcf][0xffffff80][0xffffffb5][0xffffffcb][0xffffffd3]L[0xffffffb2][0x15][0x6][0x1c][[0xffffffbb]<et[0xffffff8d][0xffffffa4]D[0xffffffc8][0xffffffda][0xffffffa5][\r]$C[0xffffff89][0xffffff80][0xffffffb5]K[0x9]g5%[0xffffff82][0xffffffd7].]y[0xffffffb2][0xffffff94][0xffffffc8][[0xffffffbb]t[0xffffffd5][0xffffffca]Q"e[0xffffffed]R[0xffffff8b]w[0xffffff83][0x12]n[0xffffffed][0xfffffff2][0xffffffbe][0xffffffb0][0xffffffb5][0xffffffcb][0x13]_[0xffffffbb]<[0x3][0xffffffd6].O3[0xffffffc9]V[0x18]pl[0xffffffed][0xfffffff2][0xffffff94][0xffffffd1]5[0xffffff92][0x12]!k[0xffffff97]6[0xffffff90][0xc]%[0x2][0xffffffd6].%[0xffffff9c][0xffffffd5][0xffffff94][0x8]^[0xffffffbb]t[0xffffffe5][0xffffffc9]R"o[0xffffffed][0xffffffd2]U+G[0xffffff89][0xffffff94][0xffffffb5]K-[0xffffffde]-J[0xffffffb4]0J4[0xffffff9c][0x12]-[0xffffff80][0x12][\r][0xffffffa5]D[0xffffffc3]([0xffffffd1][0xffffff92]([0xffffffb1]F[0xffffff91][0xffffffa2][0xffffff84][0x6][0xffffff92][0xffffffa2][0xffffffc4][0x1a]K[0xffffff82][0x12][\r][0xffffffa6]D[0xb][0xffffffa6][0xffffff84][0xffffff94]'M[0x9][0xffffffd3][0xffffffa5]4%[0xffffffa4]ZIJ[0xffffffb4][0x14]J[0xffffffb4][0xffffffbf]@[0xffffff89]3[0xffffff8c][0x12]'N[0xffffff89]3[0xffffff80][0x12]'J[0xffffff89][0x13][0xffffffa3][0xffffffc4][0xffffff99]D[0xffffff89]5[0xffffff8a][0x14]%4[0xffffff90][0x14]%[0xffffffd6]X[0x12][0xffffff94]8aJ[0xffffff9c][0xffffffc1][0xffffff94][0xffffff90][0xfffffff2][0xffffffa4])a[0xffffffba][0xffffff94][0xffffffa6][0xffffff84]T+I[0xffffff89]3[0xffffff85][0x12][0xffffffe7]_[0xffffffa0][0xffffffc4][0x15]F[0xffffff89][0xb][0xffffffa7][0xffffffc4][0x15]@[0xffffff89][0xb][0xffffffa5][0xffffffc4][0xffffff85]Q[0xffffffe2]J[0xffffffa2][0xffffffc4][0x1a]E[0xffffff8a][0x12][0x1a]H[0xffffff8a][0x12]k,[0x9]J\0%[0xffffffae]`JHy[0xffffffd2][0xffffff94]0]JSB[0xffffffaa][0xffffff95][0xffffffa4][0xffffffc4][0xffffff95]B[0xffffff89][0xffffffeb]/P[0xffffffa2][0x1f]a[0xffffff96][0xffffffe8][0x7][0xffffff8e][0xffffff89][0xffffff8f][[0xffffffe0]5[0xfffffff1][0xffffffe3]&(N|\[0xffffff9e][0xfffffff2][0xffffffc4][0xfffffff7][0xffffffa5]S@!y[0xffffffa4]DaRI[0xffffff91]B[0xffffffb2]I[0xffffff98]bIh=*[0xffffff96][0xffffff9c]f[0xffffffa9]Bk[0xffffff94]f[0xffffff85]kU[0xffffffda][0x15]Z[0xffffffb2]$,[0xffffffd6][0xffffffce][0xffffffe5]d[0xffffffb1]V[0xfffffff0][0x16]-F[0xffffffda][0xffffffcb][0x13][0xffffff83][0x7f]{b$[0xffffffbc]>1[0xffffffd8][0xfffffff7]'[0x6][0xfffffff7][0x2][0xffffffc5][0xffffff88]z[0xffffff83]B[0xfffffff2]H[0xffffffd1][0xffffffc2][0xffffffa4][0xffffff92][0xffffffa2][0xffffff85]d[0xffffff93][0xffffffa0][0xffffffc5][0xffffffa0][0xffffffdf][0xffffffa2][0x18][0xffffffc9][0xffffffaf]Qh[0xffffff8d][0xffffffd2][0xffffffb4]p[0xffffffad]J[0xffffffd3]BK[0xffffff96][0xffffffa4][0xffffffc5][0xffffffda][0xffffffb9][0x1c]-[0xffffffd6][\n]"
08:17:55.210 [TestNG-PoolService-1] DEBUG org.apache.hc.client5.http.wire -- http-outgoing-3 << "g[0xffffffad]J([0xffffffa2]9*a[0xffffffc7][0xffffff93]T[0xffffff89]7[J[0xffffffaa][0xffffff84][0xffffff9d]VJ%[0xffffffcc][0xffffffd2]2*a[0xffffff86]wC%\[0xffffffed]r[0xffffff8e][0xffffffb9]([0xffffff95][0xffffffa0]k[0xffffff97][0xffffffdf]'[0xffffffa0]U[0xffffff82][0xffffffac]]~?[0xffffff9d]Q[0xffffff89][0xffffffa0][0xffffffda][0xffffffa5]C[0xffffff91]Q[0xffffff89][0xffffff94][0xffffffda][0xffffffa5][0xffffffc3][0xffffffb2]^%[0xffffffd8][0xffffffda][0xffffffa5]"[0xffffff9a][0xffffffa4][0x12]a[0xffffffb5][0xffffffcb]7[[0xffffffca][0xffffffaa]DP[0xffffffed][0xffffffd2],-[0xffffffa5][0x12][0x7f]^[0xffffffbb]<_[0xffffffae]v[0xffffffb9][0xffffffce][0x3][0xfffffffb]U[0xffffff82][0xffffffae]]~[0xffffff9f][0xffffff80]V[0x9][0xffffffb2]v[0xfffffff9][0xfffffffd]tF%[0xffffff82]j[0xffffff97][0xe]EF%Rj[0xffffff97][0xe][0xffffffcb]z[0xffffff95]`k[0xffffff97][0xffffff8a]h[0xffffff92]J[0xffffff84][0xffffffd5].[0xffffffdf]l)[0xffffffab][0x12]A[0xffffffb5]K[0xffffffb3][0xffffffb4][0xffffff94]J[0xfffffffc]y[0xffffffed][0xfffffff2]|[0xffffffb9][0xffffffda][0xffffffe5][0x1a]/[0xffffffe8]][0xffffff89][0xffffffaf][0xfffffff3][0xffffffc0]*[0xffffffc1][0xffffffd7].[0x7f][0xffffff9e][0xffffff81]Q[0x9][0xffffffaa]v[0xfffffff9][0xffffffe3][0xffffffc9][0x19]*[0xffffff91]Q[0xffffffbb][0xfffffff4]@2*[0xffffffc1][0xffffffd7].[0x15][0xffffffce]j[0xffffff95][0xffffffc8][0xffffffad]][0xffffffda][0xfffffff1]dU"[0xffffffae]vi[0xffffffa7][0xffffff95]S[0xffffff89][0xffffff90][0xffffffda][0xffffffa5][0x19][0xffffffde][\r][0xffffff95]p[0xffffff89][0xffffffaa][0xfffffffb]8nJ%[0xffffffe8]D[0xffffffd5][0xfffffff7][0x9]h[0xffffff95] [0x13]U[0xffffffdf]OgT"(Q[0xffffffe5]PdT"%Q[0xffffffe5][0xffffffb0][0xffffffac]W[0x9]6Q[0xffffffa5][0xffffff88]&[0xffffffa9]DX[0xffffffa2][0xffffffea][0xffffffcd][0xffffff96][0xffffffb2]*[0x11][0xffffff94][0xffffffa8]2KK[0xffffffa9][0xffffffc4][0xffffff9f]'[0xffffffaa][0xffffffce][0xffffff97][0xffffffeb]J[0xffffffdc][0xffffff8d][0xffffffaa]]~[0xffffff9d][0x7]V[0x9][0xffffffbe]+[0xfffffff1][0xfffffff3][0xc][0xffffff8c]JP][0xffffff89][0x1f]O[0xffffffce]P[0xffffff89][0xffffff8c][0xffffffae][0xffffff84][0x7][0xffffff92]Q[0x9][0xffffffbe]+[0xffffffa1]pV[0xffffffab]DnW[0xffffffc2][0xffffff8e]'[0xffffffab][0x12]q][0x9];[0xffffffad][0xffffff9c]J[0xffffff84]t%[0xffffffcc][0xfffffff0]n[0xffffffa8][0xffffff84][0xffffffeb]J[0xffffffdc][0xffffffed][0xffffff86][0xffffffae][0xfffffff3][0xfffffffa]:[0xf][0xffffffac][0x12]|W[0xffffffe2][0xffffffe7][0x19][0x18][0xffffff95][0xffffffa0][0xffffffba][0x12]?[0xffffff9e][0xffffff9c][0xffffffa1][0x12][0x19]][0x9][0xf]$[0xffffffa3][0x12]|WB[0xffffffe1][0xffffffac]V[0xffffff89][0xffffffdc][0xffffffae][0xffffff84][0x1d]OV%[0xffffffe2][0xffffffba][0x12]vZ9[0xffffff95][0x8][0xffffffe9]J[0xffffff98][0xffffffe1][0xffffffdd]P[0x9][0xffffffd7][0xffffff95][0xffffffb8][0xffffffcf][0xb][0xfffffffb][0x3][0x7][0xffffffdd][0xffffff95][0xfffffff8]>[0x1][0xffffffad][0x12]dW[0xffffffe2][0xfffffffb][0xffffffe9][0xffffff8c]J[0x4]u%[0x1c][0xffffff8a][0xffffff8c]J[0xffffffa4]t%[0x1c][0xffffff96][0xfffffff5]*[0xffffffc1]v%[0x14][0xffffffd1]$[0xffffff95][0x8][0xffffffeb]J[0xffffffbc][0xffffffd9]RV%[0xffffff82][0xffffffba][0x12]fi)[0xffffff95][0xfffffff8][0x17][0xffffffba][0x12][0xffffffc7][0xffffffcb][0xffffffa9][0xffffffc4][0xffffffb5][0xffffffa8][0xffffff8f]A?[0xffffffcf][0xffffffc3][0xffffffaa][0xffffffc4][0xffffffd7][0x9]`[0xffffff95][0xfffffff8]q[0x6]D%[0xffffffbe][0xffffff9e][0xffffff8e][0xffffffa8][0xffffffc4][0xffffffdf]O[0xffffff8e]P[0x9][0xffffff83]"[0xffffffa2][0x12][0x16]HD%[0xc][0xffffff96][0xffffffe5]*!p[0x16][0xffffffab][0xffffff84] [0x1a][0xffffffa4][0x12]n<Q[0xffffff95][0xfffffff0][[0xffffff8a][0xffffffaa][0xffffff84][0xffffff9b]VL%ti![0xffffff95][0xffffffd0][0xffffffe1][0xffffffdd]P[0x9][0xffffffd7][0xffffff95][0xffffffb8][0xffffffd7]uR*[0xffffff81]w%[0xffffff8e][0xffffff80][0xffffffae][0xffffffc4]a>~.[0x4][0x1c][0xffffffeb]J[0x1c][0xfffffff2]y3[0xffffffa9][0x12]!][0x9][0xb]$[0xffffffa3][0x12][0x1]][0x9][0xffffff81][0xffffffb3]Z%[0xffffff82][0xffffffbb][0x12]n<Y[0xffffff95][0xffffffc8][0xffffffeb]J[0xffffffb8]i[0xffffffe5]T"[0xffffffa5]+[0xffffffa1][0xffffffc3][0xffffffbb][0xffffffa1][0x12][0xffffffa6]+q[0xffffffbf][0xffffff8e][0xffffffd6]([0xffffff95][0xffffffc0][0xffffffbb][0x12]G@W[0xffffffe2]0[0x1f]?[0x17][0x2][0xffffff8e]u%[0xe][0xfffffff9][0xffffffbc][0xffffff99]T[0xffffff89][0xffffff90][0xffffffae][0xffffff84][0x5][0xffffff92]Q[0xffffff89][0xffffff80][0xffffffae][0xffffff84][0xffffffc0]Y[0xffffffad][0x12][0xffffffc1]][0x9]7[0xffffff9e][0xffffffac]J[0xffffffe4]u%[0xffffffdc][0xffffffb4]r*[0xffffff91][0xffffffd2][0xffffff95][0xffffffd0][0xffffffe1][0xffffffdd]P[0x9][0xffffffd3][0xffffff95][0xffffffb8]_[0xffffff9d][0xfffffffb]U[0x2][0xffffffef]J[0x1c][0x1]][0xffffff89][0xffffffc3]|[0xfffffffc]\[0x8]8[0xffffffd6][0xffffff95]8[0xffffffe4][0xfffffff3]fR%B[0xffffffba][0x12][0x16]HF%[0x2][0xffffffba][0x12][0x2]g[0xffffffb5]J[0x4]w%[0xffffffdc]x[0xffffffb2]*[0xffffff91][0xffffffd7][0xffffff95]p[0xffffffd3][0xffffffca][0xffffffa9]DJWB[0xffffff87]wC%.[0xffffffa7][0x12]s@[0xffffff97][0xffffff8c][0x7f][0xffffff9d][0x7]V[0xffffff89]+@%.[0xffffffe5][0xffffffbd][0x10][0xfffffff0][0xb]S[0xffffff89]+I%[0x14]EF%[0x1c][0xffffff90][0xffffff8c]J([0xffffff96][0xfffffff5]*[0xfffffff1][0xffffff84][0xffffffb3]Z%[0xffffff9e][0xffffff88]&[0xffffffa9][0xffffff84][0x19]OV%[0xffffffec][0xffffff96][0xffffffb2]*a[0xffffffa6][0xffffff95]S[0x9]YZJ%dx7T[0xffffffc2]$[0xffffffaa][0xffffffee][0xffffffa3][0xffffffbd].J%[0xfffffff0]D[0xffffffd5][0x11][0xffffff90][0xffffffa8]:LG[0xffffffa5][0x10]p,QuH)[0xffffff85]T[0xffffff89][0xffffff90]D[0xffffff95][0x5][0xffffff92]Q[0xffffff89][0xffffff80]D[0xffffff95][0xffffffc0]Y[0xffffffad][0x12][0xffffffc1][0xffffff89]*7[0xffffff9e][0xffffffac]J[0xffffffe4]%[0xffffffaa][0xffffffdc][0xffffffb4]r*[0xffffff91][0xffffff92][0xffffffa8][0xffffffd2][0xffffffe1][0xffffffdd]P[0xffffff89][0xffffffe1]T[0xffffffe2][0xffffffbc][0xffffffa9][0xffffff8f]A?[0xffffffcf][0x3][0xffffffab][0xffffffc4][0x8]P[0xffffff89][0xffffffa1][0xffffffbc][0x17][0x2]>0[0xffffff95][0x18]I*[0xffffffa1](2*[0xffffffe1][0xffffff80]dTB[0xffffffb1][0xffffffac]W[0xffffff89]'[0xffffff9c][0xffffffd5]*[0xfffffff1]D4I%[0xffffffcc]x[0xffffffb2]*a[0xffffffb7][0xffffff94]U[0x9]3[0xffffffad][0xffffff9c]J[0xffffffc8][0xffffffd2]R*![0xffffffc3][0xffffffbb][0xffffffa1][0x12][0xffffffa6]vy[0x1f][0x13]KT[0x1d]x[0xffffffed][0xfffffff2][0x8][0xffffffa8]][0x1e]&[0xffffffc9]V[0x8]8V[0xffffffbb]<$[0xffffffba]F[0xffffffaa]DH[0xffffffed][0xffffffd2][0x2][0xffffffc9][0xffffffa8]D@[0xffffffed]R[0xffffffe0][0xffffffac]V[0xffffff89][0xffffffe0][0xffffffda][0xffffffa5][0x1b]OV%[0xfffffff2]j[0xffffff97]nZ9[0xffffff95]H[0xffffffa9]][0xffffffea][0xfffffff0]n[0xffffffa8][0xffffff84][0xffffffa9]][0xffffffde][0xffffffc7][0xffffffbd]0[0xffffff95][0xffffffc0]k[0xffffff97]G@[0xffffffed][0xfffffff2]0I[0xffffffb6]B[0xffffffc0][0xffffffb1][0xffffffda][0xffffffe5]![0xffffffd1]5R%Bj[0xffffff97][0x16]HF%[0x2]j[0xffffff97][0x2]g[0xffffffb5]J[0x4][0xffffffd7].[0xffffffdd]x[0xffffffb2]*[0xffffff91]W[0xffffffbb]t[0xffffffd3][0xffffffca][0xffffffa9]DJ[0xffffffed]R[0xffffff87]wC%L[0xffffffed][0xfffffff2]n[0xffffffe7][0xffffffc2]^[0xffffffbb][0xffffffc4]k[0xffffff97]G@[0xffffffed][0xfffffff2]0I[0xffffffb6]B[0xffffffc0][0xffffffb1][0xffffffda][0xffffffe5]![0xffffffd1]5R%Bj[0xffffff97][0x16]HF%[0x2]j[0xffffff97][0x2]g[0xffffffb5]J[0x4][0xffffffd7].[0xffffffdd]x[0xffffffb2]*[0xffffff91]W[0xffffffbb]t[0xffffffd3][0xffffffca][0xffffffa9]DJ[0xffffffed]R[0xffffff87][0xfffffff7][0xfffffff7]U[0xffffffa2][0xffffffbd][0xffffff9c]J\[0x17][0xffffffa5][0x12][0xffffff9f][0xffffffe7]aU[0xffffffe2][0xffffffeb][0x4][0xffffffb0]J[0xfffffffc]8[0x3][0xffffffa2][0x12]_OGT[0xffffffe2][0xffffffef]'G[0xffffffa8][0xffffff84]A[0x11]Q[0x9][0xb]$[0xffffffa2][0x12][0x6][0xffffffcb]r[0xffffff95][0x10]8[0xffffff8b]UB[0x10][\r]R[0x9]7[0xffffff9e][0xffffffa8]J[0xfffffff8]-EU[0xffffffc2]M+[0xffffffa6][0x12][0xffffffba][0xffffffb4][0xffffff90]J[0xffffffe8][0xfffffff0]n[0xffffffa8][0xffffff84][0xffffffa9]]~[0xffffffa8][0xffffffc4]:([0xffffff95][0xffffffc0]k[0xffffff97]-[0xffffffa0]v[0xffffffd9]L[0xffffff92][0xffffffad][0x10]p[0xffffffac]v[0xffffffd9]$[0xffffffba]F[0xffffffaa]DH[0xffffffed][0xffffffd2][0x2][0xffffffc9][0xffffffa8]D@[0xffffffed]R[0xffffffe0][0xffffffac]V[0xffffff89][0xffffffe0][0xffffffda][0xffffffa5][0x1b]OV%[0xfffffff2]j[0xffffff97]nZ9[0xffffff95]H[0xffffffa9]][0xffffffea][0xfffffff0]n[0xffffffa8][0xffffff84][0xffffffab]][0xffffffb6]~[0xc]J%[0xfffffff0][0xffffffda]e[0xb][0xffffffa8]]6[0xffffff93]d+[0x4][0x1c][0xffffffab]]6[0xffffff89][0xffffffae][0xffffff91]*[0x11]R[0xffffffbb][0xffffffb4]@2*[0x11]P[0xffffffbb][0x14]8[0xffffffab]U"[0xffffffb8]v[0xffffffe9][0xffffffc6][0xffffff93]U[0xffffff89][0xffffffbc][0xffffffda][0xffffffa5][0xffffff9b]VN%Rj[0xffffff97]:[0xffffffbc][0x1b]*[0xffffffe1]j[0xffffff97][0xffffffad][0xffffff8f]F[0xffffffa9][0x4]^[0xffffffbb]l[0x1][0xffffffb5][0xffffffcb]f[0xffffff92]l[0xffffff85][0xffffff80]c[0xffffffb5][0xffffffcb]&[0xffffffd1]5R%Bj[0xffffff97][0x16]HF%[0x2]j[0xffffff97][0x2]g[0xffffffb5]J[0x4][0xffffffd7].[0xffffffdd]x[0xffffffb2]*[0xffffff91]W[0xffffffbb]t[0xffffffd3][0xffffffca][0xffffffa9]DJ[0xffffffed]R[0xffffff87]wC%\[0xffffffed][0xffffffb2]MN%[0xfffffff0][0xffffffda]e[0xb][0xffffffa8]]6[0xffffff93]d+[0x4][0x1c][0xffffffab]]6[0xffffff89][0xffffffae][0xffffff91]*[0x11]R[0xffffffbb][0xffffffb4]@2*[0x11]P[0xffffffbb][0x14]8[0xffffffab]U"[0xffffffb8]v[0xffffffe9][0xffffffc6][0xffffff93]U[0xffffff89][0xffffffbc][0xffffffda][0xffffffa5][0xffffff9b]VN%Rj[0xffffff97]:[0xffffffbc][0x1b]*[0xffffffe1]j[0xffffff97][0xffffffed]~Q[0x1f][0xffffff83]6[0xffffffbc]v[0xffffffd9][0x2]j[0xffffff97][0xffffffcd]$[0xffffffd9][\n]"
08:17:55.210 [TestNG-PoolService-2] DEBUG org.apache.hc.client5.http.wire -- http-outgoing-5 << "[0xffffffde][0xffffffa2][0xffffffc5][0xffffff99]F[0xffffff8b][0xffffff93][0xffffffa7][0xffffffc5][0xffffff99]@[0xffffff8b][0xffffff93][0xffffffa5][0xffffffc5][0xffffffc9][0xffffffd1][0xffffffe2][0xffffff8c][0xffffffa2][0xffffff85][0xffffffe4][0xffffff91][0xffffffa2][0xffffff85]I%E[0xb][0xffffffc9]&A[0xffffff8b][0xffffff93][0xffffffa6][0xffffffc5][0xffffff99]L[0xb][0xffffffad]Q[0xffffff9a][0x16][0xffffffae]UiZh[0xffffffc9][0xffffff92][0xffffffb4]X;[0xffffff97][0xffffffa3][0xffffffc5]Z[0xffffffc1][[0xffffffb4][0xffffffb8][0xffffffe2]^[0xffffffae][0x8]x[0xffffffbb]"[0xffffffe2][0xfffffff5][\n]"
08:17:55.210 [TestNG-PoolService-3] DEBUG org.apache.hc.client5.http.wire -- http-outgoing-4 << "[0xffffffad][0xffffff9c]J[0xffffffa4][0xffffffd4].ux[0xffffffb7]TB[0xffffffdf][0xffffff95]`U[0xffffff82]~Wb[0x5][0xffffffbc]+[0xffffffb1][0xfffffff4][0xf]z[0xffffffa5][0xffffff80]S[0xffffffef]J[0xffffffac][0xffffffa4]w%[0x14]EJ%R[0xffffffde][0xffffff95]P,[0x9][0xffffff95]`[0xffffffdf][0xffffff95]x"[0xffffff9a][0xffffffa5][0x12]a[0xffffffef]J[0xffffffd8]-[0xffffffa5]U"[0xffffffe8]][0x9]YZN%[0xfffffffe][0xfffffffc]][0x9][0x17][0xffffffce][0xffffff9e][0xffffffaf][0xffffff86][0xffffffd5].[0xfffffff1]p[0xfffffff6][0xc][0x8]gOSw-[0x4][0x1c][0xb]gO[0xffffffe9][0xffffffb7][0xffffff92]*[0x11][0x12][0xffffffce][0xffffffb6]@2*[0x11][0x10][0xffffffce][0x16]8[0xffffffab]U"8[0xffffff9c][0xffffffed][0xffffffc6][0xffffff93]U[0xffffff89][0xffffffbc]p[0xffffffb6][0xffffff9b]VN%R[0xffffffc2][0xffffffd9]:[0xffffffbc][0xffffffbf][0xffffffaf][0x12][0xffffffcb][0xffffff85][0xffffffb3][0xffffffe7]5[0xffffffa8]D[0xffffffd5][0xffffffc2][0xffffffc3][0xffffffd9]+ [0xffffff9c][0xffffffbd]L[0xffffffdd][0xffffffb5][0xe][0xfffffff0][0xffffff85][0xffffff85][0xffffffb3][0xffffff97][0xfffffff4][A[0xffffff95]0("*a[0xffffff81]DT[0xffffffc2]`Y[0xffffffae][0x12][0x2]g[0xffffffb1]J[0x8][0xffffffa2]A*[0xffffffe1][0xffffffc6][0x13]U[0x9][0xffffffbf][0xffffffa5][0xffffffa8]J[0xffffffb8]i[0xffffffc5]TB[0xffffff97][0x16]R[0x9][0x1d][0xffffffde][\r][0xffffff95]8[0xffffff9c]J[0xffffff8c][0xfffffffb]E[0xffffffa9][0xffffffc4][0xffffff81][0xffffffab][0xffffffc4][0x11][0xffffffa0][0x12][0xffffff87][0xfffffff2]^[0x8][0xfffffff8][0xffffff81][0xffffffa9][0xffffffc4][0xffffff91][0xffffffa4][0x12][0xffffff8a]"[0xffffffa3][0x12][0xe]HF%[0x14][0xffffffcb]z[0xffffff95]x[0xffffffc2]Y[0xffffffad][0x12]OD[0xffffff93]T[0xffffffc2][0xffffff8c]'[0xffffffab][0x12]vKY[0xffffff95]0[0xffffffd3][0xffffffca][0xffffffa9][0xffffff84],-[0xffffffa5][0x12]2[0xffffffbc][*[0xffffffa1][0xffffffef]J[0xffffffb0]*[0x1][0xffffffbf]+[0xfffffff1]u[0x2]^%[0xffffffc0]w%[0xffffffbe][0xffffff9e]N[0xffffffa9]D[0xffffffce][0xffffffbb][0x12][0x6]EJ%B[0xffffffde][0xffffff95]0X[0x12]*[0xffffff81][0xffffffbe]+![0xffffff88]f[0xffffffa9]D[0xffffffd6][0xffffffbb][0x12]~Ki[0xffffff95][0xffffffc8]yWB[0xffffff97][0xffffff96]S[0xffffff89]?~Wb[0xffffffb9];8[0xffffffd6]qb*[0xffffff81][0xffffffdf][0xffffffc1][0xffffffb1][0x2][0xffffffee][0xffffffe0]X&[0x14]_[0x8]8v[0x7][0xffffffc7][0xffffff92][0x14]<[0xffffffa9][0x12]!wpX [0x19][0xffffff95][0x8][0xffffffb8][0xffffff83]C[0xffffffe0][0xffffffac]V[0xffffff89][0xffffffe0];8[0xffffffdc]x[0xffffffb2]*[0xffffff91]w[0x7][0xffffff87][0xffffff9b]VN%R[0xffffffee][0xffffffe0][0xffffffd0][0xffffffe1][0xffffffdd]P[0x9]w[0x7][0xffffffc7]:[0xffffffb1][0xffffffeb][0xffffffbc][0x16]~[0x7][0xffffffc7][\n]"
08:17:55.210 [TestNG-PoolService-1] DEBUG org.apache.hc.client5.http.wire -- http-outgoing-3 << "[0x1][0xffffffc7]j[0xffffff97]M[0xffffffa2]k[0xffffffa4]J[0xffffff84][0xffffffd4].-[0xffffff90][0xffffff8c]J[0x4][0xffffffd4].[0x5][0xffffffce]j[0xffffff95][0x8][0xffffffae]][0xffffffba][0xfffffff1]dU"[0xffffffaf]v[0xffffffe9][0xffffffa6][0xffffff95]S[0xffffff89][0xffffff94][0xffffffda][0xffffffa5][0xe][0xffffffef][0xffffff86]J[0xffffffb8][0xffffffda][0xffffffe5][0xffffffd9]_[0xffffffd8][0x17][0x1c]x[0xffffffed][0xffffffb2][0x5][0xffffffd4].[0xffffff9b]I[0xffffffb2][0x15][0x2][0xffffff8e][0xffffffd5].[0xffffff9b]D[0xffffffd7]H[0xffffff95][0x8][0xffffffa9]]Z [0x19][0xffffff95][0x8][0xffffffa8]][\n]"
08:17:55.210 [TestNG-PoolService-3] DEBUG org.apache.hc.client5.http.wire -- http-outgoing-4 << "[0xffffffb8][0xffffff83]c[0xffffff99]P|![0xffffffe0][0xffffffd8][0x1d][0x1c]KR[0xfffffff0][0xffffffa4]J[0xffffff84][0xffffffdc][0xffffffc1]a[0xffffff81]dT"[0xffffffe0][0xe][0xe][0xffffff81][0xffffffb3]Z%[0xffffff82][0xffffffef][0xffffffe0]p[0xffffffe3][0xffffffc9][0xffffffaa]D[0xffffffde][0x1d][0x1c]nZ9[0xffffff95]H[0xffffffb9][0xffffff83]C[0xffffff87]wC%[0xffffffdc][0x1d][0x1c]k[0xffffffdc][0xffffffd4][0x17][0x1c][0xb][0xffffffbf][0xffffff83]c[0x5][0xffffffdc][0xffffffc1][0xffffffb1]L([0xffffffbe][0x10]p[0xffffffec][0xe][0xffffff8e]%)xR%B[0xffffffee][0xffffffe0][0xffffffb0]@2*[0x11]p[0x7][0xffffff87][0xffffffc0]Y[0xffffffad][0x12][0xffffffc1]wp[0xffffffb8][0xfffffff1]dU"[0xffffffef][0xe][0xe]7[0xffffffad][0xffffff9c]J[0xffffffa4][0xffffffdc][0xffffffc1][0xffffffa1][0xffffffc3][0xffffffbb][0xffffffa1][0x12][0xffffffdd][0xffffffa9][0xffffffc4][0x1c][0xffffff8b]R[0xffffff89][0xffffff8e][0xffffffab]D[0xf]P[0xffffff89][0xffffffae][0xffffffbc][0x17][0x2][0xffffffde]1[0xffffff95][0xffffffe8]I*[0xffffffa1](2*[0xffffffe1][0xffffff80]dTB[0xffffffb1][0xffffffac]W[0xffffff89]'[0xffffff9c][0xffffffd5]*[0xfffffff1]D4I%[0xffffffcc]x[0xffffffb2]*a[0xffffffb7][0xffffff94]U[0x9]3[0xffffffad][0xffffff9c]J[0xffffffc8][0xffffffd2]R*![0xffffffc3][0xffffffbb][0xffffffa1][0x12][0xffffffee][0xe][0xffffff8e][0xffffffc5]][0xffffffe7][0xffffffb5][0xfffffff0];8V[0xffffffc0][0x1d][0x1c][0xffffffcb][0xffffff84][0xffffffe2][0xb][0x1][0xffffffc7][0xffffffee][0xffffffe0]X[0xffffff92][0xffffff82]'U"[0xffffffe4][0xe][0xe][0xb]$[0xffffffa3][0x12][0x1]wp[0x8][0xffffff9c][0xffffffd5]*[0x11]|[0x7][0xffffff87][0x1b]OV%[0xfffffff2][0xffffffee][0xffffffe0]p[0xffffffd3][0xffffffca][0xffffffa9]D[0xffffffca][0x1d][0x1c]:[0xffffffbc][0x1b]*[0xffffffe1][0xffffffee][0xffffffe0]XkuJ%[0xfffffff0];8V[0xffffffc0][0x1d][0x1c][0xffffffcb][0xffffff84][0xffffffe2][0xb][0x1][0xffffffc7][0xffffffee][0xffffffe0]X[0xffffff92][0xffffff82]'U"[0xffffffe4][0xe][0xe][0xb]$[0xffffffa3][0x12][0x1]wp[0x8][0xffffff9c][0xffffffd5]*[0x11]|[0x7][0xffffff87][0x1b]OV%[0xfffffff2][0xffffffee][0xffffffe0]p[0xffffffd3][0xffffffca][0xffffffa9]D[0xffffffca][0x1d][0x1c]:[0xffffffbc][0x1b]*[0xffffffe1][0xffffffee][0xffffffe0]Xw[0xffffffbf]([0xffffff95][0xffffffc0][0xffffffef][0xffffffe0]X[0x1]wp,[0x13][0xffffff8a]/[0x4][0x1c][0xffffffbb][0xffffff83]cI[\n]"
08:17:55.210 [TestNG-PoolService-2] DEBUG org.apache.hc.client5.http.wire -- http-outgoing-5 << "[0xfffffff8][0xfffffffd][\n]"
08:17:55.210 [TestNG-PoolService-3] DEBUG org.apache.hc.client5.http.wire -- http-outgoing-4 << "[0xffffff9e]T[0xffffff89][0xffffff90];8,[0xffffff90][0xffffff8c]J[0x4][0xffffffdc][0xffffffc1]!pV[0xffffffab]D[0xfffffff0][0x1d][0x1c]n<Y[0xffffff95][0xffffffc8][0xffffffbb][0xffffff83][0xffffffc3]M+[0xffffffa7][0x12])wp[0xffffffe8][0xfffffff0]n[0xffffffa8][0xffffff84][0xb]g[0xffffffdf][0xffffffc7][0xffffffc0]~[0xffffff95][0xffffffc0][0xffffffc3][0xffffffd9]+ [0xffffff9c][0xffffffbd]L[0xffffffdd][0xffffffb5][0x10]p,[0xffffff9c][0xffffffbd][0xffffffa4][0xffffffdf]J[0xffffffaa]DH8[0xffffffdb][0x2][0xffffffc9][0xffffffa8]D@8[[0xffffffe0][0xffffffac]V[0xffffff89][0xffffffe0]p[0xffffffb6][0x1b]OV%[0xfffffff2][0xffffffc2][0xffffffd9]nZ9[0xffffff95]H[0x9]g[0xffffffeb][0xfffffff0][0xfffffffe][0xffffffbe]J[0xffffffdc].[0xffffff9c]}[0xffffff9f][0xffffff8d][0xfffffffa][0x18][0xfffffff4][0xffffffc6][0xffffffc3][0xffffffd9]w@8[0xfffffffb]6u[0xffffffd7]:[0xffffffc0]o,[0xffffff9c]}K[0xffffffbf][0x15]T[0x9][0xffffff83]"[0xffffffa2][0x12][0x16]HD%[0xc][0xffffff96][0xffffffe5]*!p[0x16][0xffffffab][0xffffff84] [0x1a][0xffffffa4][0x12]n<Q[0xffffff95][0xfffffff0][[0xffffff8a][0xffffffaa][0xffffff84][0xffffff9b]VL%ti![0xffffff95][0xffffffd0][0xffffffe1][0xffffffdd]R[0xffffff89][0x16][0xffffffa6][0x12][\r]W[0xffffff89][0x16][0xffffffa0][0x12][\r]U[0xffffff89][0xffffff86][0xffffffa9]DKR[0xffffff89]'[0xffffff8a][0xffffff94]J([0xffffff90][0xffffff94]J<[0xffffffb1]$T[0xffffffa2][0xffffffc1]*[0xffffffd1][0xffffff82]UB[0xffffffc6][0xffffff93]V[0x9][0xffffffb3][0xffffffa5][0xffffffb4]J[0xffffffc8][0xffffffb4][0xffffff92]*[0xffffffd1]RT[0xffffffa2][0xfffffffd][0xb]*1[0xffffffc2]Tb[0xffffffe0]*1[0x2]Tb[0xffffffa0]*10[0xffffff95][0x18]I*[0xfffffff1]D[0xffffff91]R[0x9][0x5][0xffffff92]R[0xffffff89]'[0xffffff96][0xffffff84]J[0xc]X%F[0xffffffb0]J[0xffffffc8]x[0xffffffd2]*a[0xffffffb6][0xffffff94]V[0x9][0xffffff99]VR%F[0xffffff8a]J[0xffffff8c][0x7f]A%f[0xffffff98]JL\%f[0xffffff80]JLT%&[0xffffffa6][0x12]3I%[0xffffff9e](R*[0xffffffa1]@R*[0xfffffff1][0xffffffc4][0xffffff92]P[0xffffff89][0x9][0xffffffab][0xffffffc4][0xc]V[0x9][0x19]OZ%[0xffffffcc][0xffffff96][0xffffffd2]*![0xffffffd3]J[0xffffffaa][0xffffffc4]LQ[0xffffff89][0xffffffb9][0xffffffaf][0x12][0xffffffed][0xfffffffb][0xffffffff]8[0xffffffdc][0xffffffbb][0x12][0xfffffff7][0xffffffac][0xffffffef]J[0xfffffffc]<[0xf][0xffffffa5][0x12][0xffffffff]8[0x1][0xffffffa6][0x12][0xffffff8f]3[0x14][0xffffffab][0xffffffc4]?[0xffffff9e]^[0xffffffac][0x12][0xffffffff][0xfffffffd]dX%[0xffffffde][0xffffffa2]X[0xffffffac][0x12][0xffffffbf][0x0][0xffffffb2]X%[0xffffffde]bY[0xffffffa8][0x12]o[0xffffffe0],S[0xffffff89]7[0xffffff88]F[0xffffffa8][0xffffffc4][0xfffffffb][0xfffffff1][0xffffff84]T[0xffffffe2]W[[\n]"
08:17:55.210 [TestNG-PoolService-1] DEBUG org.apache.hc.client5.http.wire -- http-outgoing-3 << "[0xffffff9c][0xffffffd5]*[0x11]\[0xffffffbb]t[0xffffffe3][0xffffffc9][0xffffffaa]D^[0xffffffed][0xffffffd2]M+[0xffffffa7][0x12])[0xffffffb5]K[0x1d][0xffffffde][\r][0xffffff95]p[0xffffffb5][0xffffffcb]sNL%[0xfffffff0][0xffffffda]e[0xb][0xffffffa8]]6[0xffffff93]d+[0x4][0x1c][0xffffffab]]6[0xffffff89][0xffffffae][0xffffff91]*[0x11]R[0xffffffbb][0xffffffb4]@2*[0x11]P[0xffffffbb][0x14]8[0xffffffab]U"[0xffffffb8]v[0xffffffe9][0xffffffc6][0xffffff93]U[0xffffff89][0xffffffbc][0xffffffda][0xffffffa5][0xffffff9b]VN%Rj[0xffffff97]:[0xffffffbc][*1[0xffffffc2]Tb[0xffffffe0]*1[0x2]Tb[0xffffffa0]*10[0xffffff95][0x18]I*[0xfffffff1]D[0xffffff91]R[0x9][0x5][0xffffff92]R[0xffffff89]'[0xffffff96][0xffffff84]J[0xc]X%F[0xffffffb0]J[0xffffffc8]x[0xffffffd2]*a[0xffffffb6][0xffffff94]V[0x9][0xffffff99]VR%F[0xffffff8a]J[0xffffff8c]?V[0x9][0x17][0xffffffce][0xffffffbe]^[0xfffffffd][0xffffffa4]T[0x2][0xf]g[0xffffffb7][0xffffff80]pv3u[0xffffffd7]B[0xffffffc0][0xffffffb1]pv[0xffffff93]~+[0xffffffa9][0x12]![0xffffffe1]l[0xb]$[0xffffffa3][0x12][0x1][0xffffffe1]l[0xffffff81][0xffffffb3]Z%[0xffffff82][0xffffffc3][0xffffffd9]n<Y[0xffffff95][0xffffffc8][0xb]g[0xffffffbb]i[0xffffffe5]T"%[0xffffff9c][0xffffffad][0xffffffc3][0xffffffbb][0xffffffa1][0x12].[0xffffff9c]}[0xfffffff5][0xb]KT[0xffffffe1][0xffffffe1][0xffffffec][0x16][0x10][0xffffffce]n[0xffffffa6][0xffffffee]Z[0x8]8[0x16][0xffffffce]n[0xffffffd2]o%U"$[0xffffff9c]m[0xffffff81]dT" [0xffffff9c]-pV[0xffffffab]Dp8[0xffffffdb][0xffffff8d]'[0xffffffab][0x12]y[0xffffffe1]l7[0xffffffad][0xffffff9c]J[0xffffffa4][0xffffff84][0xffffffb3]ux[0x7f]_%[0xffffffce][0xffffff97]S[0x9][0xffffffee]c[0xffffffd0][0xffffffcf][0xfffffff3][0xffffffb0]*[0xfffffff1]u[0x2]X%~[0xffffff9c][0x1]Q[0xffffff89][0xffffffaf][0xffffffa7]#*[0xfffffff1][0xfffffff7][0xffffff93]#T[0xffffffc2][0xffffffa0][0xffffff88][0xffffffa8][0xffffff84][0x5][0x12]Q[0x9][0xffffff83]e[0xffffffb9]J[0x8][0xffffff9c][0xffffffc5]*![0xffffff88][0x6][0xffffffa9][0xffffff84][0x1b]OT%[0xfffffffc][0xffffff96][0xffffffa2]*[0xffffffe1][0xffffffa6][0x15]S[0x9]]ZH%tx7T[0xffffffc2][0xffffff85][0xffffffb3]{{][0xffffff94]J[0xffffffe0][0xffffffe1][0xffffffec]3 [0xffffff9c]}[0xffffff9a][0xffffffba]k![0xffffffe0]X8[0xfffffffb][0xffffff94]~+[0xffffffa9][0x12]![0xffffffe1]l[0xb]$[0xffffffa3][0x12][0x1][0xffffffe1]l[0xffffff81][0xffffffb3]Z%[0xffffff82][0xffffffc3][0xffffffd9]n<Y[0xffffff95][0xffffffc8][0xb]g[0xffffffbb]i[0xffffffe5]T"%[0xffffff9c][0xffffffad][0xffffffc3][0xffffffbb][0xffffffa1][0x12][0xffffffae]v[0xffffffd9][0x17][0xfffffff6][0x7][0xffffff8e][0x13][0xffffffaf]][0xffffff9e][0x1][0xffffffb5][0xffffffcb][0xffffffd3]$[0xffffffd9][\n]"
08:17:55.211 [TestNG-PoolService-3] DEBUG org.apache.hc.client5.http.wire -- http-outgoing-4 << "[0xffffffa9][0xffffffc4][0xfffffffb]i[0x5]T[0xffffffe2][0xffffffdd][0xffffffd2][0xffffff96][0xffffffab][0xffffffc4][0xffffffbb][0xffffffe1][0xffffffdd]P[0xffffff89][0xffffffa6]*q[0xffffffbc][0xffffff8e]U[0x7f][0xffffff9d][0xffffffd7][0xffffffcf][0xfffffff3][0xffffffc0]*a[0xffffffaf][0xffffffa0])[0xffffffe6][0xffffffdd][0xffffffdc]9S[0x8][0xffffffb8]\2SF[0xffffffb4][0xffffffdc]*C[0xffffffaa][0xffffff84][0xffffffa2][0xffffffc8][0xffffffa8][0xffffff84][0x3][0xffffff92]Q[0x9][0xffffffc5][0xffffffb2]^%[0xffffff9e]pV[0xffffffab][0xffffffc4][0x13][0xffffffd1]$[0xffffff95]0[0xffffffe3][0xffffffc9][0xffffffaa][0xffffff84][0xffffffdd]RV%[0xffffffcc][0xffffffb4]r*!KK[0xffffffa9][0xffffff84][0xc][0xffffffef][0xffffff86]J[0xffffff98][0xffffffeb][0xffffffbc][0xffffff8e][0xffffffd7]8[0xf]J%[0xffffffc0][0xffffffeb][0xffffffbc][0xfffffffe]q[0x2]Z%[0xffffffa0][0xffffffeb][0xffffffbc][0xfffffffe][0xfffffff1]tF%2[0xffffffae][0xfffffff3]z[0xffffff8b]"[0xffffffa3][0x12][0x1][0xffffffd7]y[0xffffffbd][0xffffffc5][0xffffffb2]^%[0xffffffb0][0xffffffeb][0xffffffbc][0xffffffde] [0xffffff9a][0xffffffa4][0x12]9[0xffffffd7]y[0xfffffffd]jKY[0xffffff95][0xffffffc8][0xffffffb8][0xffffffce][0xffffffeb][0xffffffdd][0xffffffd2]R*[0xfffffff1]G[0xffffffd7]y[0xfffffffd][0xfffffff5][0x7f][0xffffff98][0xffffffeb][0xffffffbc][0xffffff8e][0xffffffd7][0xffffffba][0xffffffea][0xffffffef][0xffffffe0][0xfffffff8]y[0x1e]X%[0xffffffd0][0xffffffeb][0xffffffbc][0x1e]g`T[0x2][0xffffffb8][0xffffffce][0xffffffeb][0xffffffbf][0xffffff9f][0xffffff9c][0xffffffa1][0x12][0xfffffff8]u^[0xffffffbf][0x0][0xffffff92]Q[0x9][0xfffffff4]:[0xffffffaf]7pV[0xffffffab]D[0xffffffe4]u^[0xffffffef][0xffffffc7][0xffffff93]U[0xffffff89][0xffffffa4][0xffffffeb][0xffffffbc][0xffffffde]O+[0xffffffa7][0x12][0xfffffffc]u^[0xffffffef][0xffffff86][0xfffffff7][0xffffff97]*[0xfffffff1][0xffffffbf][0xffffffff][0xfffffff7]?[0xffffffff][0xf]~k[0xffffffdc]zO%4[0x0]"
08:17:55.211 [TestNG-PoolService-1] DEBUG org.apache.hc.client5.http.wire -- http-outgoing-3 << "[0x1][0xffffffc7]j[0xffffff97][0xffffffa7]D[0xffffffd7]H[0xffffff95][0x8][0xffffffa9]]Z [0x19][0xffffff95][0x8][0xffffffa8]][\n]"
08:17:55.211 [TestNG-PoolService-1] DEBUG org.apache.hc.client5.http.wire -- http-outgoing-3 << "[0xffffff9c][0xffffffd5]*[0x11]\[0xffffffbb]t[0xffffffe3][0xffffffc9][0xffffffaa]D^[0xffffffed][0xffffffd2]M+[0xffffffa7][0x12])[0xffffffb5]K[0x1d][0xffffffde][\r][0xffffff95]p[0xffffffb5][0xffffffcb]~[0x1f][0xffffffd8][0xffffffaf][0x12]x[0xffffffed][0xfffffff2][0xc][0xffffffa8]][0xffffff9e]&[0xffffffc9]V[0x8]8V[0xffffffbb]<%[0xffffffba]F[0xffffffaa]DH[0xffffffed][0xffffffd2][0x2][0xffffffc9][0xffffffa8]D@[0xffffffed]R[0xffffffe0][0xffffffac]V[0xffffff89][0xffffffe0][0xffffffda][0xffffffa5][0x1b]OV%[0xfffffff2]j[0xffffff97]nZ9[0xffffff95]H[0xffffffa9]][0xffffffea][0xfffffff0]n[0xffffffa8][0xffffff84][0xffffffab]][0xfffffff6]{tJ%[0xfffffff0][0xffffffda][0xffffffe5][0x19]P[0xffffffbb]<M[0xffffff92][0xffffffad][0x10]p[0xffffffac]vyJt[0xffffff8d]T[0xffffff89][0xffffff90][0xffffffda][0xffffffa5][0x5][0xffffff92]Q[0xffffff89][0xffffff80][0xffffffda][0xffffffa5][0xffffffc0]Y[0xffffffad][0x12][0xffffffc1][0xffffffb5]K7[0xffffff9e][0xffffffac]J[0xffffffe4][0xffffffd5].[0xffffffdd][0xffffffb4]r*[0xffffff91]R[0xffffffbb][0xffffffd4][0xffffffe1][0xffffffdd]P[0x9]W[0xffffffbb][0x1c][0xffffffaf][0xffffffb6]([0xffffff95][0xffffffc0]k[0xffffff97]g@[0xffffffed][0xfffffff2]4I[0xffffffb6]B[0xffffffc0][0xffffffb1][0xffffffda][0xffffffe5])[0xffffffd1]5R%Bj[0xffffff97][0x16]HF%[0x2]j[0xffffff97][0x2]g[0xffffffb5]J[0x4][0xffffffd7].[0xffffffdd]x[0xffffffb2]*[0xffffff91]W[0xffffffbb]t[0xffffffd3][0xffffffca][0xffffffa9]DJ[0xffffffed]R[0xffffff87]wC%\[0xffffffed]r[0xffffffbc]n[0xffffffea][0xffffff92][0xfffffff1][0x13][0xffffffaf]][0xffffff9e][0x1][0xffffffb5][0xffffffcb][0xffffffd3]$[0xffffffd9][\n]"
08:17:55.211 [TestNG-PoolService-1] DEBUG org.apache.hc.client5.http.wire -- http-outgoing-3 << "[0x1][0xffffffc7]j[0xffffff97][0xffffffa7]D[0xffffffd7]H[0xffffff95][0x8][0xffffffa9]]Z [0x19][0xffffff95][0x8][0xffffffa8]][\n]"
08:17:55.211 [TestNG-PoolService-2] DEBUG org.apache.hc.client5.http.wire -- http-outgoing-5 << "[0xfffffff0][0x5][0xffffff8b][0xffffffac]7,b^[0xffffffb1][0x8]z[0xffffffc7]"[0xffffffe2]%[0xb][0xfffffffc]-[0xffffff8b][0xffffffe8][0xffffffd7],[0xfffffff2][0xffffffde][0xffffffb3]H|[0xffffffd1]"[0xffffffeb]M[0xffffff8b][0xffffff9c]W-[0xfffffffe][0xffffffc6][0xffffffbb][0x16][0xffffffd7][0xffffff93]F[0xffffff8b][0xffffff87][0xffffffa7][0xffffffc5][0xffffff93]@[0xffffff8b][0xffffff87][0xffffffa5][0xffffffc5][0xffffffc3][0xffffffd1][0xffffffe2][0xffffff89][0xffffffa2][0xffffffc5][0xffffff9a]G[0xffffff8c][0x16][0xffffff9a]J[0xffffff8c][0x16]k6[0x11]Z<4-[0xffffff9e]dZH[0xffffff8d][0xffffffe2][0xffffffb4]0[0xffffffad][0xffffff8a][0xffffffd3]BJ[0x16][0xffffffa5][0xffffffc5][0x13]C[0xffffff8b][0xffffffe7]/[0xffffffd0][0xffffffe2][0xffffffe8]i[0xffffffb6][0xfffffff8][0xffffffb8]#[0x1c][0x17][0xffffff9f][0xfffffff7][0xffffffc0][0xffffffeb][0xffffffe2][0xffffff9f][0xffffffbb][0xffffffa0]x[0xfffffff1]y}[0xffffffca][0x17]?[0xffffffae][0xffffff9d][0x2][0xc][\r]%%[0xc][0x17]M[0xffffff8a][0x18][0x1a]P[0xffffffc2][0x18]kL[0xffffffeb][0xffffff91][0xffffffb1][0xffffff86]5K[0x19][0xffffffa6]Pif[0xffffffd8]~[0xffffffa5][0xffffff9d]a[0xffffffea][0xffffff96][0xffffff84][0xffffff86][0xffffffb4]/'[\r])[0xffffffe3]=j[0xffffff9c]#[0xffffff8d][0x1a][0xffffffe7][0xffffffe0][0xffffffa9][0xfffffff1]q[0xf][0x1][0xffffffd4][0xfffffff8]q[0x17][0x18]5>[0xffffffae][0xffffff8f]Q[0xffffffe3][0xfffffffb][0xffffffda]1[0xffffffd4][0xffffff90]Pb[0xffffffd4]0[0xffffffd1][0xffffffc4][0xffffffa8]![0x1]E[0xffffffa8][0xffffffb1][0xffffffc4][0x14][0xffffffa0][0xffffffc6][0x12][0xffffffd6]0jh[0xffffffa1][0xffffffe2][0xffffffd4]p[0xfffffffd][0xffffff8a]SC[0xffffffeb][0x16][0xffffffa5][0xffffffc6][0xffffffda][0xffffffbe] 5[0xffffffd6]2[0xfffffffe][\r]j[0xffffff8c][0xffffffd7][0xfffffff7]_[0xffffff99]f[0xffffffc8][0xfffffffb]i[0xfffffff3][0xffffffae][0xffffff86][0xffffffc6]/[0xfffffff7][0x3]1[0xffffffe3][0xffffffd7];[0xffffffa0][0xffffff90][0xffffffb1][0xffffffde]C-1~[0xffffffbd]z-0[0xffffff96]+[0xffffffb3][0xffffffbc]x[0x1f][0xffffffc5]Z\[0xfffffffc]W ki[0xfffffff1]>[0xffffff96]u[0xffffffb0]x[0x17][0xffffffce]*V[0xffffffbc][0xffffff8b]h[0x2]*[0xfffffffe][0xffffffa3]<[0x19]R[0xfffffffc]g[0xffffff97]2[0xffffffa0][0xfffffff8][0xffffff8f]j[0xffffffad][0xffffffe7][0xffffffc4][0xffffffdb][0xffffffa6][0xffffffad][0xffffffc6][0xffffffc4][0xffffffdb][0xffffffe2][0xffffffdd][0xffffffa2][0xffffff84]~0[0xffffffc2]R[0xffffff82][0xfffffffa]^[0xffffffe4][0xffffffd7];[0xffffffe0])A|-[0xfffffff2][0xffffffeb][0xffffffd5])J[0x4]|+[0xfffffff2]>[0xffffff8a][0x14]%[0xffffffe8]/E[0xffffffde][0xffffffc7][0xffffff92][0xffffffa0][0x4][0xfffffff3][0xffffff9d][0xffffffc8][0xffffffbb][0xffffff88]fQ"[0xffffffe4]+[0xffffff91][0xffffffff][0xffffffec]R[0xffffff9a][0x12][0x1][0xffffffdf][0xffffff88][0xffffffbc]mZ[0xffffff8e][0x12][0xfffffffb]_[0xffffff88][0xfffffffc][0xfffffff8][0x1b][0xffffffd7][0xffffffcb]=[0xffffff95][0x18][0xffffffb3]A[0xffffff94][0xfffffff8][0xffffffbc][0x1f][0xffffff96][0x12]_w[0x0]S[0xffffffe2][0xffffffdf]{@([0xfffffff1]uu[0xffffff84][0x12][0xffffffff]\9[0xffffff82][0x12]&[0xffffff8a][0x8]%l [0x11]J[0xffffff98]X[0xffffff96]SB[0xffffffc2]YL[0x9][0xffffff89]h[0x10]%\y[0xffffffa2][0xffffff94][0xfffffff0]][0xffffff8a]R[0xffffffc2]U+F[0x9]mZ[0xffffff88][0x12]Z[0xffffffbc][0x1b][0xffffff94]8[0x1c]%[0xffffff9e][0xffffffaf][0xffffffaf]D[0x10]J[0x1c]8%[0xffffff8e][0x0]J[0x1c][0xffffff9a][0xfffffff7][0xffffffc2][0xffffff80][0x1f][0x18]%[0xffffff8e]$Jh[0x14][0x19]J[0xffffffb8]@2[0xffffff94][0xffffffd0]X[0xffffffd6]Sb[\r]g5%[0xffffffd6][0xffffff88]&Q[0xffffffc2][0xffffff94]'K[0x9][0xffffffdb][0xffffffa5],%L[0xffffffb5]r[0xffffff94][0xffffff90][0xffffffa6][0xffffffa5](![0xffffffc5][0xffffffbb]A[0xffffff89]f(1_[0xf][0xfffffff5][0x3][0xffffffc7][0xffffffe7][0xfffffffd][0xffffffc0][0xffffff94]h[0x1][0xffffff94]h[0xffffff9a][0xfffffff7][0xffffffc2][0xffffff80]7[0xffffff8c][0x12]-[0xffffff89][0x12][0x1a]E[0xffffff86][0x12].[0xffffff90][0xc]%4[0xffffff96][0xfffffff5][0xffffff94]X[0xffffffc3]YM[0xffffff89]5[0xffffffa2]I[0xffffff94]0[0xffffffe5][0xffffffc9]R[0xffffffc2]v)K[0x9]S[0xffffffad][0x1c]%[0xffffffa4]i)JH[0xfffffff1]nP[0xffffffa2];J[0xffffff9c]w[0xfffffff9][0xfffffff7][0x1d][0xffffffbf][0xffffffdc][0xf]L[0xffffff89][0x1e]@[0xffffff89][0xffffffae]y/[0xc]x[0xffffffc7]([0xfffffff1][0xffffffff][0xffffffcd][0xffffff9d]K[0xffffffae][0xffffffdc][0xffffffc8][0xffffff96][0x4][0xffffffe7][0xffffffbd][0xffffff98][0xffffff87]d[0xffffff90][0xfffffff1][0xffffffe1]bz)[0xffffffbd][0xfffffff7][0xffffffbe][0xffffff9f]*[0xffffffa9][0x1e][0xffffffdd]S[0xffffff80]B[0xffffff85]c[0xe]h,[0xffffffc6][0xffffffc0][0xffffffe0]0[0xffffffe4]%-[0xffffffce]$[0xffffff95]P[0x14][0x19][0xffffff95]p@2*[0xffffffa1]X[0xffffffd6][0xffffffab][0xffffffc4][0x13][0xffffffce]j[0xffffff95]x"[0xffffff9a][0xffffffa4][0x12]f<Y[0xffffff95][0xffffffb0][[0xffffffca][0xffffffaa][0xffffff84][0xffffff99]VN%di)[0xffffff95][0xffffff90][0xffffffe1][0xffffffdd]P[0xffffff89][0xffffffcb][0xffffffa9][0xffffffc4][0xffffffec]7[0xffffffa5][0x12][0x17][0xffffffae][0x12]W[0xffffff80]J\[0xffffffca]{![0xffffffe0][0x17][0xffffffa6][0x12]W[0xffffff92]J([0xffffff8a][0xffffff8c]J8 [0x19][0xffffff95]P,[0xffffffeb]U[0xffffffe2][0x9]g[0xffffffb5]J<[0x11]MR[0x9]3[0xffffff9e][0xffffffac]J[0xffffffd8]-eU[0xffffffc2]L+[0xffffffa7][0x12][0xffffffb2][0xffffffb4][0xffffff94]J[0xffffffc8][0xfffffff0]n[0xffffffa9][0xffffffc4][0x19][0xffffffa6][0x12]'[0xffffffae][0x12]g[0xffffff80]J[0xffffff9c][0xffffffa8]J[0xffffff9c][0xffffff98]J[0xffffff9c]I*[0xfffffff1]D[0xffffff91]R[0x9][0x5][0xffffff92]R[0xffffff89]'[0xffffff96][0xffffff84]J[0xffffff9c][0xffffffb0]J[0xffffff9c][0xffffffc1]*![0xffffffe3]I[0xffffffab][0xffffff84][0xffffffd9]RZ%dZI[0xffffff95]8ST[0xffffffe2][0xfffffffc]c[0xffffff95][0xffffffe8][0xfffffffa][0xffffffab][0xffffffc4]z[0x1d][0x13][0xfffffffb][0xffffff82][0xffffffa3][0xffffffe3][0xffffffbf]J[0xfffffff4][0xffffff80]_%[0xffffffba][0xffffffaa]s![0xffffffe0][0x1d][0xfffffffb]U[0xffffffa2]'[0xfffffffd]*[0xffffffa1](2*[0xffffffe1][0xffffff80]dTB[0xffffffb1][0xffffffac]W[0xffffff89]'[0xffffff9c][0xffffffd5]*[0xfffffff1]D4I%[0xffffffcc]x[0xffffffb2]*a[0xffffffb7][0xffffff94]U[0x9]3[0xffffffad][0xffffff9c]J[0xffffffc8][0xffffffd2]R*![0xffffffc3][0xffffffbb][0xffffffa1][0x12][0xffffffc3][0xffffffa9]D;[0xffffffb0][0xffffffd7].[0x7][0xffffffae][0x12]#@%[0xffffff86][0xfffffff2]^[0x8][0xfffffff8][0xffffffc0]Tb$[0xffffffa9][0xffffff84][0xffffffa2][0xffffffc8][0xffffffa8][0xffffff84][0x3][0xffffff92]Q[0x9][0xffffffc5][0xffffffb2]^%[0xffffff9e]pV[0xffffffab][0xffffffc4][0x13][0xffffffd1]$[0xffffff95]0[0xffffffe3][0xffffffc9][0xffffffaa][0xffffff84][0xffffffdd]RV%[0xffffffcc][0xffffffb4]r*!KK[0xffffffa9][0xffffff84][0xc][0xffffffef][0xffffff86]JL[0xffffffab][0x12][0xffffffd7][0xffffffa0]Tb[0xffffffe2]*1[0x3]Tb*[0xffffffef][0xffffff85][0xffffff80]OL%f[0xffffff92]J([0xffffff8a][0xffffff8c]J8 [0x19][0xffffff95]P,[0xffffffeb]U[0xffffffe2][0x9]g[0xffffffb5]J<[0x11]MR[0x9]3[0xffffff9e][0xffffffac]J[0xffffffd8]-eU[0xffffffc2]L+[0xffffffa7][0x12][0xffffffb2][0xffffffb4][0xffffff94]J[0xffffffc8][0xfffffff0]n[0xffffffa8][0xffffffc4][0xffffffb2]*1[0xffffffb0]w%[0x16][0xffffffae][0x12]+@%[0xffffff96][0xfffffff2]^[0x8][0xfffffff8][0xffffffc2]Tb%[0xffffffa9][0xffffff84][0xffffffa2][0xffffffc8][0xffffffa8][0xffffff84][0x3][0xffffff92]Q[0x9][0xffffffc5][0xffffffb2]^%[0xffffff9e]pV[0xffffffab][0xffffffc4][0x13][0xffffffd1]$[0xffffff95]0[0xffffffe3][0xffffffc9][0xffffffaa][0xffffff84][0xffffffdd]RV%[0xffffffcc][0xffffffb4]r*!KK[0xffffffa9][0xffffff84][0xc][0xffffffef][0xffffff86]J[0xffffff98];8[0xffffffd6][0xffffffeb]l/J%[0xfffffff0];8F[0xffffffc0][0x1d][0x1c][0xffffffc3][0xffffff84][0xffffffe2][0xb][0x1][0xffffffc7][0xffffffee][0xffffffe0][0x18][0xffffff92][0xffffff82]'U"[0xffffffe4][0xe][0xe][0xb]$[0xffffffa3][0x12][0x1]wp[0x8][0xffffff9c][0xffffffd5]*[0x11]|[0x7][0xffffff87][0x1b]OV%[0xfffffff2][0xffffffee][0xffffffe0]p[0xffffffd3][0xffffffca][0xffffffa9]D[0xffffffca][0x1d][0x1c]:[0xffffffbc][0xffffffbf][0xffffffaf][0x12][0xffffffd3][0xffffffd4].[0xffffffd7]k[0xffffff9d]'[0xffffffa4][0x12][0x13][0xffffffaf]][0xffffffce][0xffffff80][0xffffffda][0xffffffe5]4I[0xffffffb6]:[0xffffffc0]'V[0xffffffbb][0xffffff9c][0x12]][0x3]U[0xffffffc2][0xffffffa0][0xffffff88][0xffffffa8][0xffffff84][0x5][0x12]Q[0x9][0xffffff83]e[0xffffffb9]J[0x8][0xffffff9c][0xffffffc5]*![0xffffff88][0x6][0xffffffa9][0xffffff84][0x1b]OT%[0xfffffffc][0xffffff96][0xffffffa2]*[0xffffffe1][0xffffffa6][0x15]S[0x9]]ZH%tx7T[0xffffffc2][0xffffffd4].[0xffffffd7][0xffffffeb]^[0xffffffd4][0xffffffaf][0x12][0x13][0xffffffaf]][0xffffffce][0xffffff80][0xffffffda][0xffffffe5]4I[0xffffffb6]B[0xffffffc0][0xffffffb1][0xffffffda][0xffffffe5][0xffffff94][0xffffffe8][0x1a][0xffffffa9][0x12]![0xffffffb5]K[0xb]$[0xffffffa3][0x12][0x1][0xffffffb5]K[0xffffff81][0xffffffb3]Z%[0xffffff82]k[0xffffff97]n<Y[0xffffff95][0xffffffc8][0xffffffab]][0xffffffba]i[0xffffffe5]T"[0xffffffa5]v[0xffffffa9][0xffffffc3][0xffffffbb][0xffffffa1][0x12][0xffffffa6]v[0xffffffb9][0xffffff8e][0xfffffff3][0xffffffa2]j[0xffffff97][0x13][0xffffffaf]][0xffffffce][0xffffff80][0xffffffda][0xffffffe5]4I[0xffffffb6]B[0xffffffc0][0xffffffb1][0xffffffda][0xffffffe5][0xffffff94][0xffffffe8][0x1a][0xffffffa9][0x12]![0xffffffb5]K[0xb]$[0xffffffa3][0x12][0x1][0xffffffb5]K[0xffffff81][0xffffffb3]Z%[0xffffff82]k[0xffffff97]n<Y[0xffffff95][0xffffffc8][0xffffffab]][0xffffffba]i[0xffffffe5]T"[0xffffffa5]v[0xffffffa9][0xffffffc3][0xffffffbb][0xffffffa1][0x12][0xffffffa6]v[0xffffffb9][0xffffff8e]~uJ%[0xfffffff0][0xffffffda][0xffffffe5][0xc][0xffffffa8]]N[0xffffff93]d+[0x4][0x1c][0xffffffab]]N[0xffffff89][0xffffffae][0xffffff91]*[0x11]R[0xffffffbb][0xffffffb4]@2*[0x11]P[0xffffffbb][0x14]8[0xffffffab]U"[0xffffffb8]v[0xffffffe9][0xffffffc6][0xffffff93]U[0xffffff89][0xffffffbc][0xffffffda][0xffffffa5][0xffffff9b]VN%Rj[0xffffff97]:[0xffffffbc][0x1b]*[0xffffffe1][0x12]U[0xffffffc7][0xffffffcd][0xfffffffd]*[0xffffff81]'[0xffffffaa]f@[0xffffffa2]j[0xffffff9a][0xffffff8e]J![0xffffffe0]X[0xffffffa2]jJ)[0xffffff85]T[0xffffff89][0xffffff90]D[0xffffff95][0x5][0xffffff92]Q[0xffffff89][0xffffff80]D[0xffffff95][0xffffffc0]Y[0xffffffad][0x12][0xffffffc1][0xffffff89]*7[0xffffff9e][0xffffffac]J[0xffffffe4]%[0xffffffaa][0xffffffdc][0xffffffb4]r*[0xffffff91][0xffffff92][0xffffffa8][0xffffffd2][0xffffffe1][0xffffffdd]P[0x9][0xffffff97][0xffffffa8]j[0x1d][0xffffffbb][0x19]t[0xffffffe2][0xffffff89][0xffffffaa][0x19][0xffffff90][0xffffffa8][0xffffff9a][0xffffffa6][0xffffffa3]R[0x8]8[0xffffff96][0xffffffa8][0xffffff9a]RJ!U"$Qe[0xffffff81]dT" Q%pV[0xffffffab]Dp[0xffffffa2][0xffffffca][0xffffff8d]'[0xffffffab][0x12]y[0xffffff89]*7[0xffffffad][0xffffff9c]J[0xffffffa4]$[0xffffffaa]tx7T[0xffffffc2]%[0xffffffaa]>$[0xffffffa5]Q*[0xffffff81]'[0xffffffaa]f@[0xffffffa2]j[0xffffff9a][0xffffff8e]J![0xffffffe0]X[0xffffffa2]jJ)[0xffffff85]T[0xffffff89][0xffffff90]D[0xffffff95][0x5][0xffffff92]Q[0xffffff89][0xffffff80]D[0xffffff95][0xffffffc0]Y[0xffffffad][0x12][0xffffffc1][0xffffff89]*7[0xffffff9e][0xffffffac]J[0xffffffe4]%[0xffffffaa][0xffffffdc][0xffffffb4]r*[0xffffff91][0xffffff92][0xffffffa8][0xffffffd2][0xffffffe1][0xffffffdd]P[0x9][0xffffff97][0xffffffa8]j[0xffffffeb][0xffffff85][0xffffffbd]+[0xffffff81]'[0xffffffaa]f@[0xffffffa2]j[0xffffff9a][0xffffff8e]J![0xffffffe0]X[0xffffffa2]jJ)[0xffffff85]T[0xffffff89][0xffffff90]D[0xffffff95][0x5][0xffffff92]Q[0xffffff89][0xffffff80]D[0xffffff95][0xffffffc0]Y[0xffffffad][0x12][0xffffffc1][0xffffff89]*7[0xffffff9e][0xffffffac]J[0xffffffe4]%[0xffffffaa][0xffffffdc][0xffffffb4]r*[0xffffff91][0xffffff92][0xffffffa8][0xffffffd2][0xffffffe1][0xffffffdd]P[0x9][0xffffff97][0xffffffa8]j[0xffffffab]c[0x7f][0xffffffe0][0xffffffc0][0x13]U3 Q5MG[0xffffffa5][0x10]p,Q5[0xffffffa5][0xffffff94]B[0xffffffaa]DH[0xffffffa2][0xffffffca][0x2][0xffffffc9][0xffffffa8]D@[0xffffffa2]J[0xffffffe0][0xffffffac]V[0xffffff89][0xffffffe0]D[0xffffff95][0x1b]OV%[0xfffffff2][0x12]UnZ9[0xffffff95]HIT[0xffffffe9][0xfffffff0][0xfffffffe][0xffffffbe]J[0xffffffac][0xffffff97]U[0xffffff89][0xffffff9b]z[0xffffffed][0xfffffff2][0xfffffff3]<[0xffffffac]J|[0xffffff9d][0x0]V[0xffffff89][0x1f]g@T[0xffffffe2][0xffffffeb][0xffffffe9][0xffffff88]J[0xfffffffc][0xfffffffd][0xffffffe4][0x8][0xffffff95]0("*a[0xffffff81]DT[0xffffffc2]`Y[0xffffffae][0x12][0x2]g[0xffffffb1]J[0x8][0xffffffa2]A*[0xffffffe1][0xffffffc6][0x13]U[0x9][0xffffffbf][0xffffffa5][0xffffffa8]J[0xffffffb8]i[0xffffffc5]TB[0xffffff97][0x16]R[0x9][0x1d][0xffffffde][\r][0xffffff95]p[0xffffffb5][0xffffffcb]v[0xf]L%[0xfffffff0][0xffffffda][0xffffffe5][\n]"
08:17:55.211 [TestNG-PoolService-1] DEBUG org.apache.hc.client5.http.wire -- http-outgoing-3 << "[0xffffff9c][0xffffffd5]*[0x11]\[0xffffffbb]t[0xffffffe3][0xffffffc9][0xffffffaa]D^[0xffffffed][0xffffffd2]M+[0xffffffa7][0x12])[0xffffffb5]K[0x1d][0xffffffde][\r][0xffffff95]p[0xffffff89][0xffffffaa][0xffffffd1][0xffffffb0][0xffffffda][0xffffffe5][0xffffff89]'[0xffffffaa][0xffffffce][0xffffff80]D[0xffffffd5]i:*[0xffffff85][0xffffff80]c[0xffffff89][0xffffffaa]SJ)[0xffffffa4]J[0xffffff84]$[0xffffffaa],[0xffffff90][0xffffff8c]J[0x4]$[0xffffffaa][0x4][0xffffffce]j[0xffffff95][0x8]NT[0xffffffb9][0xfffffff1]dU"/Q[0xffffffe5][0xffffffa6][0xffffff95]S[0xffffff89][0xffffff94]D[0xffffff95][0xe][0xffffffef][0xffffff86]J[0xffffffb8]D[0xffffffd5][0xffffffb8][0xffffffd6]E[0xffffffa9][0x4][0xffffff9e][0xffffffa8]:[0x3][0x12]U[0xffffffa7][0xffffffe9][0xffffffa8][0x14][0x2][0xffffff8e]%[0xffffffaa]N)[0xffffffa5][0xffffff90]*[0x11][0xffffff92][0xffffffa8][0xffffffb2]@2*[0x11][0xffffff90][0xffffffa8][0x12]8[0xffffffab]U"8Q[0xffffffe5][0xffffffc6][0xffffff93]U[0xffffff89][0xffffffbc]D[0xffffff95][0xffffff9b]VN%R[0x12]U:[0xffffffbc][*[0xffffffd1][0xffffffc2]T[0xffffffa2][0xffffffe1]*[0xffffffd1][0x2]T[0xffffffa2][0xffffffa1]*[0xffffffd1]0[0xffffff95]hI*[0xfffffff1]D[0xffffff91]R[0x9][0x5][0xffffff92]R[0xffffff89]'[0xffffff96][0xffffff84]J4X%Z[0xffffffb0]J[0xffffffc8]x[0xffffffd2]*a[0xffffffb6][0xffffff94]V[0x9][0xffffff99]VR%Z[0xffffff8a]J[0xffffffb4][0x7f]A%z[0xffffff98]Jt\%z[0xffffff80]JtT%:[0xffffffa6][0x12]=I%[0xffffff9e](R*[0xffffffa1]@R*[0xfffffff1][0xffffffc4][0xffffff92]P[0xffffff89][0xe][0xffffffab]D[0xf]V[0x9][0x19]OZ%[0xffffffcc][0xffffff96][0xffffffd2]*![0xffffffd3]J[0xffffffaa]DOQ[0xffffff89][0xfffffffe]/[0xffffffa8][0xffffff84][0xffffffde][0xc][0xffffffca][0xffffffaa][0x4]|3[0xffffffe8][0xffffffd7][0x9]x[0xffffff95][0x0]o[0x6][0xfffffffd]z:[0xffffffa5][0x12]97[0xffffff83][0x1a][0x14])[0xffffff95][0x8][0xffffffb9][0x19][0xffffffd4]`I[0xffffffa8][0x4]z3[0xffffffa8] [0xffffff9a][0xffffffa5][0x12]Y7[0xffffff83][0xfffffffa]-[0xffffffa5]U"[0xffffffe7]fP]ZN%[0xfffffffe][0xfffffff8]f[0xffffffd0][0xffffff8f][0xffffffff][0xffffffe3]Hs[0xffffff89][0xffffff83][0xffffff97][0xffffff89]#[0xffffffc1]&[0xe]V'[0xe][0xffffffce]'[0xffffff8e]([0xffffffa1][0x10][0x1e])[0xffffffa3]0TRJ!l[0x12]Nq[0xffffffd0]Rq$[[0xffffff85][0xffffffce]([0xffffffad][0x15]nUi[0xffffffaf][0xffffffd0][0xffffff91]%[0xffffffc5][0xffffffe2][0xffffffb9][0xffffffb9][0xffffff9c]Y<'xK-[0xffffffda][0x15][0xffffffa6][0x16][0xffffffed][0xffffffc2][0xffffffd5][0xffffffe2][0xffffffe3][0x8][0xffffffbc]Z[0xfffffffc]u[0x8]J->[0x1e]O[0xffffffa9][0xffffffc5][0xfffffff7][0xffffffa3]S[0xffffffd4]Bx[0xffffffa4][0xffffffd4][0xffffffc2]PI[0xffffffa9][0xffffff85][0xffffffb0]I[0xffffffa8][0xffffffc5][0xffffff83][0xffffffd0]z[0xffffffb5]xp[0xffffff9a][0xffffffa5][0x16]:[0xffffffa3][0xffffffb4]Z[0xffffffb8]U[0xffffffa5][0xffffffd5]BG[0xffffff96]T[0xffffff8b][0xffffffe7][0xffffffe6]rj[0xfffffff1][0xffffff9c][0xffffffe0]-[0xffffffb5][0xfffffff8][0xffffffba][0xffffff8f]#I-[0xffffffae][0x3]W[0xffffff8b][0xffffff8f]#[0xfffffff0]j[0xfffffff1][0xffffffd7]!([0xffffffb5][0xfffffff8]x<[0xffffffa5][0x16][0xffffffdf][0xffffff8f]NQ[0xb][0xffffffe1][0xffffff91]R[0xb]C%[0xffffffa5][0x16][0xffffffc2]&[0xffffffa1][0x16][0xf]B[0xffffffeb][0xffffffd5][0xffffffe2][0xffffffc1]i[0xffffff96]Z[0xffffffe8][0xffffff8c][0xffffffd2]j[0xffffffe1]V[0xffffff95]V[0xb][0x1d]YR-[0xffffff9e][0xffffff9b][0xffffffcb][0xffffffa9][0xffffffc5]s[0xffffff82][0xffffffb7][0xffffffd4]b[0xffffffa5]}=[0xffffffba][0xfffffff8][0xffffffcf]G?[0xffffff8e][0xffffffc0][0xffffffab][0xffffffc5]_[0xffffff87][0xffffffa0][0xffffffd4]bq_[0xffffff90][0xffffffae][0xffffffa8]OH[0xffffff85]GJ-[0xc][0xffffff95][0xffffff94]Z[0x8][0xffffff9b][0xffffff84]Z,[0xfffffffa]3[0xffffffd2][0xffffff95][0xfffffffc][0x1d][0xffffffa9][0xffffffce]([0xffffffad][0x16]nUi[0xffffffb5][0xffffffd0][0xffffff91]%[0xffffffd5][0xffffffe2][0xffffffb9][0xffffffb9][0xffffff9c]Z<'[0xfffffff8]w[0xffffffd4][0xffffffe2][0xfffffff8][0xfffffffa]O>[0xffffffff]/1[0xffffff8b]y[0xffffffbe][0xffffffea][0x13]W?[0xffffffcf]C[0xffffff89][0xffffffc5]?N[0xffffff80]y[0xffffffc5][0xffffffe3][0xc][0xffffffc5]Z[0xfffffff1][0xffffff8f][0xffffffa7][0x17][[0xffffffc5][0x7f]?[0x19][0xffffff96][0xffffff8a][0xffffffb7]([0x16];[0xffffffc5]/[0xffffff80],V[0xffffff8a][0xffffffb7]X[0x16][0x1a][0xffffffc5][0x1b]8[0xffffffcb][0xffffff84][0xffffffe2][\r][0xffffffa2][0x11]>[0xfffffff1]~<![0xffffff9d][0xfffffff8][0xffffffd5][0xffffff96]B6[0xfffffff1]~Z[0x1][0xffffff99]x[0xffffffb7][0xffffffb4][0xffffffe5].[0xfffffff1]nx7T[0xffffffe2]p*[0xffffffd1]OL%[0xe]\%[0xffffff8e][0x0][0xffffff95]8[0xffffff94][0xfffffff7]B[0xffffffc0][0xf]L%[0xffffff8e]$[0xffffff95]P[0x14][0x19][0xffffff95]p@2*[0xffffffa1]X[0xffffffd6][0xffffffab][0xffffffc4][0x13][0xffffffce]j[0xffffff95]x"[0xffffff9a][0xffffffa4][0x12]f<Y[0xffffff95][0xffffffb0][[0xffffffca][0xffffffaa][0xffffff84][0xffffff99]VN%di)[0xffffff95][0xffffff90][0xffffffe1][0xffffffdd]P[0xffffff89][0xffffffe6]T[0xffffffe2][0x1e][0xffffff93]R[0xffffff89][0xffffff86][0xffffffab]D[0xb]P[0xffffff89][0xffffffa6][0xffffffbc][0x17][0x2][0xffffffde]0[0xffffff95]hI*[0xffffffa1](2*[0xffffffe1][0xffffff80]dTB[0xffffffb1][0xffffffac]W[0xffffff89]'[0xffffff9c][0xffffffd5]*[0xfffffff1]D4I%[0xffffffcc]x[0xffffffb2]*a[0xffffffb7][0xffffff94]U[0x9]3[0xffffffad][0xffffff9c]J[0xffffffc8][0xffffffd2]R*![0xffffffc3][0xffffffbb][0xffffffa1][0x12][0xffffffa7]Q[0xffffff89]u[0x0][0xffffff97][0xffffff94][0xffffffff]<[0xf][0xffffffac][0x12]g[0xffffff80]J[0xffffff9c][0xffffffca]{![0xffffffe0]'[0xffffffa6][0x12]g[0xffffff92]J([0xffffff8a][0xffffff8c]J8 [0x19][0xffffff95]P,[0xffffffeb]U[0xffffffe2][0x9]g[0xffffffb5]J<[0x11]MR[0x9]3[0xffffff9e][0xffffffac]J[0xffffffd8]-eU[0xffffffc2]L+[0xffffffa7][0x12][0xffffffb2][0xffffffb4][0xffffff94]J[0xffffffc8][0xfffffff0]n[0xffffffa8][0xffffffc4][0xffffffe5]T[0xffffffa2]7[0xffffffec]W[0xffffff89][0xb]W[0xffffff89]+@%.[0xffffffe5][0xffffffbd][0x10][0xfffffff0][0xb]S[0xffffff89]+I%[0x14]EF%[0x1c][0xffffff90][0xffffff8c]J([0xffffff96][0xfffffff5]*[0xfffffff1][0xffffff84][0xffffffb3]Z%[0xffffff9e][0xffffff88]&[0xffffffa9][0xffffff84][0x19]OV%[0xffffffec][0xffffff96][0xffffffb2]*a[0xffffffa6][0xffffff95]S[0x9]YZJ%dx7T[0xffffffa2];[0xffffff95][0xffffff98][\r][0xfffffffb]U[0xffffffa2][0xffffffe3]*[0xffffffd1][0x3]T[0xffffffa2]+[0xffffffef][0xffffff85][0xffffff80]wL%z[0xffffff92]J([0xffffff8a][0xffffff8c]J8 [0x19][0xffffff95]P,[0xffffffeb]U[0xffffffe2][0x9]g[0xffffffb5]J<[0x11]MR[0x9]3[0xffffff9e][0xffffffac]J[0xffffffd8]-eU[0xffffffc2]L+[0xffffffa7][0x12][0xffffffb2][0xffffffb4][0xffffff94]J[0xffffffc8][0xfffffff0]n[0xffffffa8][0xffffffc4]0*q[0x1f][0xffffffed][0xffffffa0]Tb[0xffffffe0]*1[0x2]Tb([0xffffffef][0xffffff85][0xffffff80][0xf]L%F[0xffffff92]J([0xffffff8a][0xffffff8c]J8 [0x19][0xffffff95]P,[0xffffffeb]U[0xffffffe2][0x9]g[0xffffffb5]J<[0x11]MR[0x9]3[0xffffff9e][0xffffffac]J[0xffffffd8]-eU[0xffffffc2]L+[0xffffffa7][0x12][0xffffffb2][0xffffffb4][0xffffff94]J[0xffffffc8][0xfffffff0]n[0xffffffa8][0xffffffc4]t*[0xffffffd1][0xe][0xffffffec][0xb][0xffffff8e][0xffffff89][0xffffffab][0xffffffc4][0xc]P[0xffffff89][0xffffffa9][0xffffffbc][0x17][0x2]>1[0xffffff95][0xffffff98]I*[0xffffffa1](2*[0xffffffe1][0xffffff80]dTB[0xffffffb1][0xffffffac]W[0xffffff89]'[0xffffff9c][0xffffffd5]*[0xfffffff1]D4I%[0xffffffcc]x[0xffffffb2]*a[0xffffffb7][0xffffff94]U[0x9]3[0xffffffad][0xffffff9c]J[0xffffffc8][0xffffffd2]R*![0xffffffc3][0xffffffbb][0xffffffa1][0x12][0xffffffcb][0xffffffaa][0xffffffc4]l[0xffffff94]J,\%V[0xffffff80]J,[0xffffffe5][0xffffffbd][0x10][0xfffffff0][0xffffff85][0xffffffa9][0xffffffc4]JR[0x9]E[0xffffff91]Q[0x9][0x7]$[0xffffffa3][0x12][0xffffff8a]e[0xffffffbd]J<[0xffffffe1][0xffffffac]V[0xffffff89]'[0xffffffa2]I*a[0xffffffc6][0xffffff93]U[0x9][0xffffffbb][0xffffffa5][0xffffffac]J[0xffffff98]i[0xffffffe5]TB[0xffffff96][0xffffff96]R[0x9][0x19][0xffffffde][0xffffffdf]W[0xffffff89][0xffffffee][0x12]U[0xfffffff7]yS[0x7f][0xffffffe0][0xffffffe8]x[0xffffffa2][0xffffffaa][0x7]$[0xffffffaa][0xffffffba][0xffffffe9][0xffffffa8][0xffffffd4][0x1][0xffffffde][0xffffffb1]DU[0xffffff97]R[\n]"
08:17:55.211 [TestNG-PoolService-2] DEBUG org.apache.hc.client5.http.wire -- http-outgoing-5 << "[0xffffffa8]].[0xffffff93]d+[0x4][0x1c][0xffffffab]].[0xffffff89][0xffffffae][0xffffff91]*[0x11]R[0xffffffbb][0xffffffb4]@2*[0x11]P[0xffffffbb][0x14]8[0xffffffab]U"[0xffffffb8]v[0xffffffe9][0xffffffc6][0xffffff93]U[0xffffff89][0xffffffbc][0xffffffda][0xffffffa5][0xffffff9b]VN%Rj[0xffffff97]:[0xffffffbc][0x1b]*[0xffffffe1]j[0xffffff97][0xffffffe7]kR[0xffffffef]J,[0xffffffbc]v[0xffffffb9][0x2]j[0xffffff97][0xffffffcb]$[0xffffffd9][\n]"
08:17:55.212 [TestNG-PoolService-1] DEBUG org.apache.hc.client5.http.wire -- http-outgoing-3 << "[0xffffffa8][0x12][0x6]ED%,[0xffffff90][0xffffff88]J[0x18],[0xffffffcb]UB[0xffffffe0],V[0x9]A4H%[0xffffffdc]x[0xffffffa2]*[0xffffffe1][0xffffffb7][0x14]U[0x9]7[0xffffffad][0xffffff98]J[0xffffffe8][0xffffffd2]B*[0xffffffa1][0xffffffc3][0xffffffbb][0xffffffa1][0x12][0xffffff87]S[0xffffff89][0xffffffeb][0xffffffa6]^[0xffffffbb][0xfffffffc]<[0xf][0xffffffac][0x12]G[0xffffff80]J[0x1c][0xffffffca]{![0xffffffe0][0x7][0xffffffa6][0x12]G[0xffffff92]J([0xffffff8a][0xffffff8c]J8 [0x19][0xffffff95]P,[0xffffffeb]U[0xffffffe2][0x9]g[0xffffffb5]J<[0x11]MR[0x9]3[0xffffff9e][0xffffffac]J[0xffffffd8]-eU[0xffffffc2]L+[0xffffffa7][0x12][0xffffffb2][0xffffffb4][0xffffff94]J[0xffffffc8][0xfffffff0]n[0xffffffa8][0xffffff84]KT[0xffffffdd]w[0xffffffa3][0xfffffffe][0xffffffc0][0xffffffd1][0xfffffff1]DU[0xf]HTu[0xffffffd3]Q)[0x4][0x1c]KTu)[0xffffffa5][0xffffff90]*[0x11][0xffffff92][0xffffffa8][0xffffffb2]@2*[0x11][0xffffff90][0xffffffa8][0x12]8[0xffffffab]U"8Q[0xffffffe5][0xffffffc6][0xffffff93]U[0xffffff89][0xffffffbc]D[0xffffff95][0xffffff9b]VN%R[0x12]U:[0xffffffbc][0x1b]*[0xffffffa1][0xffffff89][0xffffffaa][0xfffffffe]z[0xffffffbd][0xffffffee][0xffffff8b]R[0x9]<Q[0xffffffd5][0x3][0x12]U[0xffffffdd]tT[\n]"
08:17:55.212 [TestNG-PoolService-1] DEBUG org.apache.hc.client5.http.wire -- http-outgoing-3 << "[0x1][0xffffffc7][0x12]U]J)[0xffffffa4]J[0xffffff84]$[0xffffffaa],[0xffffff90][0xffffff8c]J[0x4]$[0xffffffaa][0x4][0xffffffce]j[0xffffff95][0x8]NT[0xffffffb9][0xfffffff1]dU"/Q[0xffffffe5][0xffffffa6][0xffffff95]S[0xffffff89][0xffffff94]D[0xffffff95][0xe][0xffffffef][0xffffff86]Jh[0xffffffa2][0xffffffea]C%[0xfffffffa]yS*[0xffffff81]'[0xffffffaa]z@[0xffffffa2][0xffffffaa][0xffffff9b][0xffffff8e]J![0xffffffe0]X[0xffffffa2][0xffffffaa]K)[0xffffff85]T[0xffffff89][0xffffff90]D[0xffffff95][0x5][0xffffff92]Q[0xffffff89][0xffffff80]D[0xffffff95][0xffffffc0]Y[0xffffffad][0x12][0xffffffc1][0xffffff89]*7[0xffffff9e][0xffffffac]J[0xffffffe4]%[0xffffffaa][0xffffffdc][0xffffffb4]r*[0xffffff91][0xffffff92][0xffffffa8][0xffffffd2][0xffffffe1][0xffffffdd]P[0x9][0xfffffffd][0x18][0xffffffb4][0xffffffbf][0xffffff8e][0xfffffff3][0xffffffc0][0xffffffde][0xffffff95][0xffffffc0]?[0x6][0xffffffed][0x1][0x1f][0xffffff83]v[0xfffffff3][0xffffffc5]R![0xffffffe0][0xffffffd8][0xffffffc7][0xffffffa0]][0xffffffbe]I"U"[0xffffffe4]cP[0xb]$[0xffffffa3][0x12][0x1][0x1f][0xffffff83][\n]"
08:17:55.212 [TestNG-PoolService-2] DEBUG org.apache.hc.client5.http.wire -- http-outgoing-5 << "[0x1][0xffffffc7]j[0xffffff97]K[0xffffffa2]k[0xffffffa4]J[0xffffff84][0xffffffd4].-[0xffffff90][0xffffff8c]J[0x4][0xffffffd4].[0x5][0xffffffce]j[0xffffff95][0x8][0xffffffae]][0xffffffba][0xfffffff1]dU"[0xffffffaf]v[0xffffffe9][0xffffffa6][0xffffff95]S[0xffffff89][0xffffff94][0xffffffda][0xffffffa5][0xe][0xffffffef][0xffffff86]J[0xffffffb8][0xffffffda][0xffffffe5]yr[0xffffffbf]J[0xffffffe0][0xffffffb5][0xffffffcb][0x15]P[0xffffffbb]\&[0xffffffc9]V[0x8]8V[0xffffffbb]\[0x12]]#U"[0xffffffa4]vi[0xffffff81]dT"[0xffffffa0]v)pV[0xffffffab]Dp[0xffffffed][0xffffffd2][0xffffff8d]'[0xffffffab][0x12]y[0xffffffb5]K7[0xffffffad][0xffffff9c]J[0xffffffa4][0xffffffd4].ux7T[0xffffffc2][0xffffffd5].[0xffffffcf][0xfffffff9][0xffffffc2]T[0x2][0xffffffaf]][0xffffffae][0xffffff80][0xffffffda][0xffffffe5]2I[0xffffffb6]B[0xffffffc0][0xffffffb1][0xffffffda][0xffffffe5][0xffffff92][0xffffffe8][0x1a][0xffffffa9][0x12]![0xffffffb5]K[0xb]$[0xffffffa3][0x12][0x1][0xffffffb5]K[0xffffff81][0xffffffb3]Z%[0xffffff82]k[0xffffff97]n<Y[0xffffff95][0xffffffc8][0xffffffab]][0xffffffba]i[0xffffffe5]T"[0xffffffa5]v[0xffffffa9][0xffffffc3][0xffffffbb][0xffffffa1][0x12].Qu}X[\n]"
08:17:55.212 [TestNG-PoolService-1] DEBUG org.apache.hc.client5.http.wire -- http-outgoing-3 << "[0xffffff9c][0xffffffd5]*[0x11][0xfffffffc]1[0xffffffa8][0x1b]OV%[0xfffffff2]>[0x6]u[0xffffffd3][0xffffffca][0xffffffa9]D[0xffffffca][0xffffffc7][0xffffffa0]:[0xffffffbc][0x1b]*[0xffffffa1][0x1f][0xffffff83]~[0xffffffa8][0xffffffc4][0xffffff9a][0xffffffd8][0x17][0x1c][0xfffffff8][0xffffffc7][0xffffffa0]=[0xffffffe0]c[0xffffffd0]n[0xffffffbe]X*[0x4][0x1c][0xfffffffb][0x18][0xffffffb4][0xffffffcb]7I[0xffffffa4]J[0xffffff84]|[0xc]j[0xffffff81]dT"[0xffffffe0]cP[0xffffff81][0xffffffb3]Z%[0xffffff82]?[0x6]u[0xffffffe3][0xffffffc9][0xffffffaa]D[0xffffffde][0xffffffc7][0xffffffa0]nZ9[0xffffff95]H[0xfffffff9][0x18]T[0xffffff87]wC%n[0xffffffa3][0x12][0xffffffad][0xffffff9d]'[0xffffffa5][0x12]7[0xffffffae][0x12]w[0xffffff80]J[0xffffffdc][0xffffffca]{![0xffffffe0]7[0xffffffa6][0x12]w[0xffffff92]J([0xffffff8a][0xffffff8c]J8 [0x19][0xffffff95]P,[0xffffffeb]U[0xffffffe2][0x9]g[0xffffffb5]J<[0x11]MR[0x9]3[0xffffff9e][0xffffffac]J[0xffffffd8]-eU[0xffffffc2]L+[0xffffffa7][0x12][0xffffffb2][0xffffffb4][0xffffff94]J[0xffffffc8][0xfffffff0][0xfffffffe][0xffffffbe]J[0xc][0xffffffed]J|[0xffffffa8][0xffffffc4][0xfffffff9][0xffffffa2]j[0xffffff97][0x3][0xffffffef]J[0xffffff8c][0xffffff80][0xffffffae][0xffffffc4]0[0x1f]?[0xffffffd7][0x1]>[0xffffffb0][0xffffffae][0xffffffc4][0xffffff90][0xffffffcf][0xffffff9b]A[0xffffff95]0("*a[0xffffff81]DT[0xffffffc2]`Y[0xffffffae][0x12][0x2]g[0xffffffb1]J[0x8][0xffffffa2]A*[0xffffffe1][0xffffffc6][0x13]U[0x9][0xffffffbf][0xffffffa5][0xffffffa8]J[0xffffffb8]i[0xffffffc5]TB[0xffffff97][0x16]R[0x9][0x1d][0xffffffde][\r][0xffffff95]8[0xffffffac]JL[0xffffffea][0xffffffb5][0xffffffcb][0xffffffcf][0xfffffff3][0xffffffc0]*q[0x4][0xffffffa8][0xffffffc4][0xffffffa1][0xffffffbc][0x17][0x2]~`*q$[0xffffffa9][0xffffff84][0xffffffa2][0xffffffc8][0xffffffa8][0xffffff84][0x3][0xffffff92]Q[0x9][0xffffffc5][0xffffffb2]^%[0xffffff9e]pV[0xffffffab][0xffffffc4][0x13][0xffffffd1]$[0xffffff95]0[0xffffffe3][0xffffffc9][0xffffffaa][0xffffff84][0xffffffdd]RV%[0xffffffcc][0xffffffb4]r*!KK[0xffffffa9][0xffffff84][0xc][0xffffffef][0xffffff86]JhW[0xffffffe2]C%[0xffffffae][0xffffff93]z[0xffffffed]r[0xffffffe0]][0xffffff89][0x11][0xffffffd0][0xffffff95][0x18][0xffffffe6][0xffffffe3][0xffffffe7]B[0xffffffc0][0xffffffb1][0xffffffae][0xffffffc4][0xffffff90][0xffffffcf][0xffffff9b]I[0xffffff95][0x8][0xffffffe9]JX [0x19][0xffffff95][0x8][0xffffffe8]J[0x8][0xffffff9c][0xffffffd5]*[0x11][0xffffffdc][0xffffff95]p[0xffffffe3][0xffffffc9][0xffffffaa]D^W[0xffffffc2]M+[0xffffffa7][0x12])][0x9][0x1d][0xffffffde][\r][0xffffff95]p][0xffffff89][0xfffffff6][0xfffffff1][0xffffff8f]R[0x9][0xffffffbc]+1[0x2][0xffffffba][0x12][0xffffffc3]|[0xfffffffc]\[0x8]8[0xffffffd6][0xffffff95][0x18][0xfffffff2]y3[0xffffffa9][0x12]!][0x9][0xb]$[0xffffffa3][0x12][0x1]][0x9][0xffffff81][0xffffffb3]Z%[0xffffff82][0xffffffbb][0x12]n<Y[0xffffff95][0xffffffc8][0xffffffeb]J[0xffffffb8]i[0xffffffe5]T"[0xffffffa5]+[0xffffffa1][0xffffffc3][0xffffffbb][0xffffffa1][0x12][0xffffffae]+[0xffffffd1]F[0xffffffc7][0xffffffde][0xffffff95][0xffffffc0][0xffffffbb][0x12]#[0xffffffa0]+1[0xffffffcc][0xffffffc7][0xffffffcf][0xffffff85][0xffffff80]c][0xffffff89]![0xffffff9f]7[0xffffff93]*[0x11][0xffffffd2][0xffffff95][0xffffffb0]@2*[0x11][0xffffffd0][0xffffff95][0x10]8[0xffffffab]U"[0xffffffb8]+[0xffffffe1][0xffffffc6][0xffffff93]U[0xffffff89][0xffffffbc][0xffffffae][0xffffff84][0xffffff9b]VN%R[0xffffffba][0x12]:[0xffffffbc][0x1b]*[0xffffffd1][0xffffff8d]J[0xffffff9c][0xffffffaf][0xb]S[0xffffff89][0xffffff8e][0xffffffab]D[0xf]P[0xffffff89][0xffffffae][0xffffffbc][0x17][0x2][0xffffffde]1[0xffffff95][0xffffffe8]I*[0xffffffa1](2*[0xffffffe1][0xffffff80]dTB[0xffffffb1][0xffffffac]W[0xffffff89]'[0xffffff9c][0xffffffd5]*[0xfffffff1]D4I%[0xffffffcc]x[0xffffffb2]*a[0xffffffb7][0xffffff94]U[0x9]3[0xffffffad][0xffffff9c]J[0xffffffc8][0xffffffd2]R*![0xffffffc3][0xffffffbb][0xffffffa1][0x12][0xffffffc3][0xffffffa9]D[[0xffffff93]R[0xffffff89][0xffffff81][0xffffffab][0xffffffc4][0x8]P[0xffffff89][0xffffffa1][0xffffffbc][0x17][0x2]>0[0xffffff95][0x18]I*[0xffffffa1](2*[0xffffffe1][0xffffff80]dTB[0xffffffb1][0xffffffac]W[0xffffff89]'[0xffffff9c][0xffffffd5]*[0xfffffff1]D4I%[0xffffffcc]x[0xffffffb2]*a[0xffffffb7][0xffffff94]U[0x9]3[0xffffffad][0xffffff9c]J[0xffffffc8][0xffffffd2]R*![0xffffffc3][0xffffffbb][0xffffffa1][0x12][0xffffffae]vy[0xffffffce][0xffffffd7][0xffffffa2]T[0x2][0xffffffaf]][0xffffff8e][0xffffff80][0xffffffda][0xffffffe5]0I[0xffffffb6]B[0xffffffc0][0xffffffb1][0xffffffda][0xffffffe5][0xffffff90][0xffffffe8][0x1a][0xffffffa9][0x12]![0xffffffb5]K[0xb]$[0xffffffa3][0x12][0x1][0xffffffb5]K[0xffffff81][0xffffffb3]Z%[0xffffff82]k[0xffffff97]n<Y[0xffffff95][0xffffffc8][0xffffffab]][0xffffffba]i[0xffffffe5]T"[0xffffffa5]v[0xffffffa9][0xffffffc3][0xffffffbb][0xffffffa1][0x12][0xffffffae]vy[0xffffffae][0xffffff89][0xfffffffd]*[0xffffff81][0xffffffd7].G@[0xffffffed]r[0xffffff98]$[![0xffffffe0]X[0xffffffed]rHt[0xffffff8d]T[0xffffff89][0xffffff90][0xffffffda][0xffffffa5][0x5][0xffffff92]Q[0xffffff89][0xffffff80][0xffffffda][0xffffffa5][0xffffffc0]Y[0xffffffad][0x12][0xffffffc1][0xffffffb5]K7[0xffffff9e][0xffffffac]J[0xffffffe4][0xffffffd5].[0xffffffdd][0xffffffb4]r*[0xffffff91]R[0xffffffbb][0xffffffd4][0xffffffe1][0xffffffdd]P[0x9]W[0xffffffbb][0xffffffbc][0xffffffce][0x3][0xfffffffb]U[0x2][0xffffffaf]][0xffffff8e][0xffffff80][0xffffffda][0xffffffe5]0I[0xffffffb6]B[0xffffffc0][0xffffffb1][0xffffffda][0xffffffe5][0xffffff90][0xffffffe8][0x1a][0xffffffa9][0x12]![0xffffffb5]K[0xb]$[0xffffffa3][0x12][0x1][0xffffffb5]K[0xffffff81][0xffffffb3]Z%[0xffffff82]k[0xffffff97]n<Y[0xffffff95][0xffffffc8][0xffffffab]][0xffffffba]i[0xffffffe5]T"[0xffffffa5]v[0xffffffa9][0xffffffc3][0xfffffffb][0xfffffffb]*1][0xffffffed][0xfffffff2][0xffffffea]/*Q5[0xfffffff1][0xffffffda][0xffffffe5][0xc][0xffffffa8]]N[0xffffff93]d[0xffffffab][0x3]|b[0xffffffb5][0xffffffcb])[0xffffffd1]5P%[0xc][0xffffff8a][0xffffff88]JX [0x11][0xffffff95]0X[0xffffff96][0xffffffab][0xffffff84][0xffffffc0]Y[0xffffffac][0x12][0xffffff82]h[0xffffff90]J[0xffffffb8][0xfffffff1]DU[0xffffffc2]o)[0xffffffaa][0x12]nZ1[0xffffff95][0xffffffd0][0xffffffa5][0xffffff85]TB[0xffffff87]wC%[0xe][0xffffffa7][0x12][0xb][0xffffffeb]J|[0xffffff9e][0x7]V[0xffffff89]#@%[0xe][0xffffffe5][0xffffffbd][0x10][0xfffffff0][0x3]S[0xffffff89]#I%[0x14]EF%[0x1c][0xffffff90][0xffffff8c]J([0xffffff96][0xfffffff5]*[0xfffffff1][0xffffff84][0xffffffb3]Z%[0xffffff9e][0xffffff88]&[0xffffffa9][0xffffff84][0x19]OV%[0xffffffec][0xffffff96][0xffffffb2]*a[0xffffffa6][0xffffff95]S[0x9]YZJ%dx7T[0xffffffc2][0xffffffd5].[0xfffffffb][0xffffffeb][0x18][0xffffff94]J[0xffffffe0][0xffffffb5][0xffffffcb][0x19]P[0xffffffbb][0xffffff9c]&[0xffffffc9]V[0x8]8V[0xffffffbb][0xffffff9c][0x12]]#U"[0xffffffa4]vi[0xffffff81]dT"[0xffffffa0]v)pV[0xffffffab]Dp[0xffffffed][0xffffffd2][0xffffff8d]'[0xffffffab][0x12]y[0xffffffb5]K7[0xffffffad][0xffffff9c]J[0xffffffa4][0xffffffd4].ux7T[0xffffffc2][0xffffffd5].{[0x1b][0xffffffd8][0xffffffaf][0x12]x[0xffffffed]r[0x6][0xffffffd4].[0xffffffa7]I[0xffffffb2][0x15][0x2][0xffffff8e][0xffffffd5].[0xffffffa7]D[0xffffffd7]H[0xffffff95][0x8][0xffffffa9]]Z [0x19][0xffffff95][0x8][0xffffffa8]][\n]"
08:17:55.212 [TestNG-PoolService-1] DEBUG org.apache.hc.client5.http.wire -- http-outgoing-3 << "[0xffffff9c][0xffffffd5]*[0x11]\[0xffffffbb]t[0xffffffe3][0xffffffc9][0xffffffaa]D^[0xffffffed][0xffffffd2]M+[0xffffffa7][0x12])[0xffffffb5]K[0x1d][0xffffffde][\r][0xffffff95]p[0xffffffb5][0xffffffcb]>[0xffffffce][0xffffff8b]R[0x9][0xffffffbc]v9[0x3]j[0xffffff97][0xffffffd3]$[0xffffffd9][\n]"
08:17:55.212 [TestNG-PoolService-2] DEBUG org.apache.hc.client5.http.wire -- http-outgoing-5 << "[0xffffffa5][0x12]x[0xffffffa2]j[0x5]$[0xffffffaa][0xffffff96][0xffffffe9][0xffffffa8][0x14][0x2][0xffffff8e]%[0xffffffaa][0xffffff96][0xffffff94]RH[0xffffff95][0x8]ITY [0x19][0xffffff95][0x8]HT[0x9][0xffffff9c][0xffffffd5]*[0x11][0xffffff9c][0xffffffa8]r[0xffffffe3][0xffffffc9][0xffffffaa]D^[0xffffffa2][0xffffffca]M+[0xffffffa7][0x12])[0xffffff89]*[0x1d][0xffffffde][\r][0xffffff95]p[0xffffff89][0xffffffaa]k[0xffffffbe][0x6][0xffffffa5][0x12]x[0xffffffa2]j[0x5]$[0xffffffaa][0xffffff96][0xffffffe9][0xffffffa8][0x14][0x2][0xffffff8e]%[0xffffffaa][0xffffff96][0xffffff94]RH[0xffffff95][0x8]ITY [0x19][0xffffff95][0x8]HT[0x9][0xffffff9c][0xffffffd5]*[0x11][0xffffff9c][0xffffffa8]r[0xffffffe3][0xffffffc9][0xffffffaa]D^[0xffffffa2][0xffffffca]M+[0xffffffa7][0x12])[0xffffff89]*[0x1d][0xffffffde][\r][0xffffff95]p[0xffffff89][0xffffffaa][0xffffffeb][0xffffffe6]T[0x2]OT[0xffffffad][0xffffff80]D[0xffffffd5]2[0x1d][0xffffff95]B[0xffffffc0][0xffffffb1]D[0xffffffd5][0xffffff92]R[\n]"
08:17:55.212 [TestNG-PoolService-1] DEBUG org.apache.hc.client5.http.wire -- http-outgoing-3 << "[0x1][0xffffffc7]j[0xffffff97]S[0xffffffa2]k[0xffffffa4]J[0xffffff84][0xffffffd4].-[0xffffff90][0xffffff8c]J[0x4][0xffffffd4].[0x5][0xffffffce]j[0xffffff95][0x8][0xffffffae]][0xffffffba][0xfffffff1]dU"[0xffffffaf]v[0xffffffe9][0xffffffa6][0xffffff95]S[0xffffff89][0xffffff94][0xffffffda][0xffffffa5][0xe][0xffffffef][0xffffff86]J[0xfffffff4][0xffffffff][0xffffff9c][0xffffffaa][0x12][0xffffffab]Q[0x1f][0xffffff83]~[0xffffff9e][0x7]V[0xffffff89][0xffffffcf][0x13][0xffffffd0]*[0xfffffff1][0xfffffff7][0x19][0x18][0xffffff95][0xfffffff8]|:[0xffffffa3][0x12][0x7f]=9C%[0x14]EF%[0x1c][0xffffff90][0xffffff8c]J([0xffffff96][0xfffffff5]*[0xfffffff1][0xffffff84][0xffffffb3]Z%[0xffffff9e][0xffffff88]&[0xffffffa9][0xffffff84][0x19]OV%[0xffffffec][0xffffff96][0xffffffb2]*a[0xffffffa6][0xffffff95]S[0x9]YZJ%dx7T[0xffffffc2][0xffffffd5].G[0xffffffbb]NJ%[0xfffffff0][0xffffffda][0xffffffe5][0xc][0xffffffa8]]N[0xffffff93]d+[0x4][0x1c][0xffffffab]]N[0xffffff89][0xffffffae][0xffffff91]*[0x11]R[0xffffffbb][0xffffffb4]@2*[0x11]P[0xffffffbb][0x14]8[0xffffffab]U"[0xffffffb8]v[0xffffffe9][0xffffffc6][0xffffff93]U[0xffffff89][0xffffffbc][0xffffffda][0xffffffa5][0xffffff9b]VN%Rj[0xffffff97]:[0xffffffbc][0x1b]*[0xffffffe1]j[0xffffff97][0xffffffe3][0xffffffea][0xffffff98]J[0xffffffe0][0xffffffb5][0xffffffcb][0x19]P[0xffffffbb][0xffffff9c]&[0xffffffc9]V[0x8]8V[0xffffffbb][0xffffff9c][0x12]]#U"[0xffffffa4]vi[0xffffff81]dT"[0xffffffa0]v)pV[0xffffffab]Dp[0xffffffed][0xffffffd2][0xffffff8d]'[0xffffffab][0x12]y[0xffffffb5]K7[0xffffffad][0xffffff9c]J[0xffffffa4][0xffffffd4].ux7T[0xffffffc2][0xffffffd5].[0xffffffc7]\[0xffffff98]J[0xffffffe0][0xffffffb5][0xffffffcb][0x19]P[0xffffffbb][0xffffff9c]&[0xffffffc9]V[0x8]8V[0xffffffbb][0xffffff9c][0x12]]#U"[0xffffffa4]vi[0xffffff81]dT"[0xffffffa0]v)pV[0xffffffab]Dp[0xffffffed][0xffffffd2][0xffffff8d]'[0xffffffab][0x12]y[0xffffffb5]K7"
08:17:55.212 [TestNG-PoolService-2] DEBUG org.apache.hc.client5.http.wire -- http-outgoing-5 << "[0xffffffa9][0x12]![0xffffff89]*[0xb]$[0xffffffa3][0x12][0x1][0xffffff89]*[0xffffff81][0xffffffb3]Z%[0xffffff82][0x13]Un<Y[0xffffff95][0xffffffc8]KT[0xffffffb9]i[0xffffffe5]T"%Q[0xffffffa5][0xffffffc3][0xffffffbb][0xffffffa1][0x12].Q[0xffffffd5][0xffffffdb][0xffffffba]([0xffffff95][0xffffffc0][0x13]U+ Q[0xffffffb5]LG[0xffffffa5][0x10]p,Q[0xffffffb5][0xffffffa4][0xffffff94]B[0xffffffaa]DH[0xffffffa2][0xffffffca][0x2][0xffffffc9][0xffffffa8]D@[0xffffffa2]J[0xffffffe0][0xffffffac]V[0xffffff89][0xffffffe0]D[0xffffff95][0x1b]OV%[0xfffffff2][0x12]UnZ9[0xffffff95]HIT[0xffffffe9][0xfffffff0][0xfffffffe][0xffffffbe]J[0xffffffdc]/[0xffffffa7][0x12][0xfffffffd][0xffffffa4]^[0xffffffbb][0xfffffffc]<[0xf][0xffffffab][0x12]_'[0xffffff80]U[0xffffffe2][0xffffffc7][0x19][0x10][0xffffff95][0xfffffff8]z:[0xffffffa2][0x12][0x7f]?9B%[0xc][0xffffff8a][0xffffff88]JX [0x11][0xffffff95]0X[0xffffff96][0xffffffab][0xffffff84][0xffffffc0]Y[0xffffffac][0x12][0xffffff82]h[0xffffff90]J[0xffffffb8][0xfffffff1]DU[0xffffffc2]o)[0xffffffaa][0x12]nZ1[0xffffff95][0xffffffd0][0xffffffa5][0xffffff85]TB[0xffffff87]wC%\[0xffffffa2][0xffffffaa][0xffffffdf][0x7][0xffffffa6][0x12]x[0xffffffa2][0xffffffea][0xe]HT[0xffffffdd][0xffffffa6][0xffffffa3]R[0x8]8[0xffffff96][0xffffffa8][0xffffffba][0xffffffa5][0xffffff94]B[0xffffffaa]DH[0xffffffa2][0xffffffca][0x2][0xffffffc9][0xffffffa8]D@[0xffffffa2]J[0xffffffe0][0xffffffac]V[0xffffff89][0xffffffe0]D[0xffffff95][0x1b]OV%[0xfffffff2][0x12]UnZ9[0xffffff95]HIT[0xffffffe9][0xfffffff0]n[0xffffffa8][0xffffff84]KT[0xfffffff5]{R[0xffffffef]J[0xffffffdc]x[0xffffffa2][0xffffffea][0xe]HT[0xffffffdd][0xffffffa6][0xffffffa3]R[0x8]8[0xffffff96][0xffffffa8][0xffffffba][0xffffffa5][0xffffff94]B[0xffffffaa]DH[0xffffffa2][0xffffffca][0x2][0xffffffc9][0xffffffa8]D@[0xffffffa2]J[0xffffffe0][0xffffffac]V[0xffffff89][0xffffffe0]D[0xffffff95][0x1b]OV%[0xfffffff2][0x12]UnZ9[0xffffff95]HIT[0xffffffe9][0xfffffff0]n[0xffffffa8][0xffffff84]KT[0xffffff8d][0xffffffd7]I][0xffffffe7]u[0xffffffe3][0xffffff89][0xffffffaa]; Qu[0xffffff9b][0xffffff8e]J![0xffffffe0]X[0xffffffa2][0xffffffea][0xffffff96]R[\n]"
08:17:55.213 [TestNG-PoolService-2] DEBUG org.apache.hc.client5.http.wire -- http-outgoing-5 << "[0xffffffa9][0x12]![0xffffff89]*[0xb]$[0xffffffa3][0x12][0x1][0xffffff89]*[0xffffff81][0xffffffb3]Z%[0xffffff82][0x13]Un<Y[0xffffff95][0xffffffc8]KT[0xffffffb9]i[0xffffffe5]T"%Q[0xffffffa5][0xffffffc3][0xffffffbb][0xffffffa1][0x12].Q5^[0xffffffd8]u^7[0xffffff9e][0xffffffa8][0xffffffba][0x3][0x12]U[0xffffffb7][0xffffffe9][0xffffffa8][0x14][0x2][0xffffff8e]%[0xffffffaa]n)[0xffffffa5][0xffffff90]*[0x11][0xffffff92][0xffffffa8][0xffffffb2]@2*[0x11][0xffffff90][0xffffffa8][0x12]8[0xffffffab]U"8Q[0xffffffe5][0xffffffc6][0xffffff93]U[0xffffff89][0xffffffbc]D[0xffffff95][0xffffff9b]VN%R[0x12]U:[0xffffffbc][0x1b]*[0xffffffd1][0xffffff9d]J[0x1c][0xffffffd7]E[0xffffffa9]D[0xffffffc7]U[0xffffffa2][0x7][0xffffffa8]DW[0xffffffde][0xb][0x1][0xffffffef][0xffffff98]J[0xfffffff4]$[0xffffff95]P[0x14][0x19][0xffffff95]p@2*[0xffffffa1]X[0xffffffd6][0xffffffab][0xffffffc4][0x13][0xffffffce]j[0xffffff95]x"[0xffffff9a][0xffffffa4][0x12]f<Y[0xffffff95][0xffffffb0][[0xffffffca][0xffffffaa][0xffffff84][0xffffff99]VN%di)[0xffffff95][0xffffff90][0xffffffe1][0xffffffdd]P[0x9]W[0xffffffbb][0x1c]m[0xffffffbc]([0xffffff95][0xffffffc0]k[0xffffff97]w@[0xffffffed][0xfffffff2]6I[0xffffffb6]B[0xffffffc0][0xffffffb1][0xffffffda][0xffffffe5]-[0xffffffd1]5R%Bj[0xffffff97][0x16]HF%[0x2]j[0xffffff97][0x2]g[0xffffffb5]J[0x4][0xffffffd7].[0xffffffdd]x[0xffffffb2]*[0xffffff91]W[0xffffffbb]t[0xffffffd3][0xffffffca][0xffffffa9]DJ[0xffffffed]R[0xffffff87]wC%\[0xffffffed]r[0xffffff8c][0xffffff85][0xffffffa9][0x4]^[0xffffffbb][0xffffffbc][0x3]j[0xffffff97][0xffffffb7]I[0xffffffb2][0x15][0x2][0xffffff8e][0xffffffd5].o[0xffffff89][0xffffffae][0xffffff91]*[0x11]R[0xffffffbb][0xffffffb4]@2*[0x11]P[0xffffffbb][0x14]8[0xffffffab]U"[0xffffffb8]v[0xffffffe9][0xffffffc6][0xffffff93]U[0xffffff89][0xffffffbc][0xffffffda][0xffffffa5][0xffffff9b]VN%Rj[0xffffff97]:[0xffffffbc][0x1b]*[0xffffffe1]j[0xffffff97]c[0xffffff9d][0x17][0xffffffa5][0x12]x[0xffffffed][0xfffffff2][0xe][0xffffffa8]][0xffffffde]&[0xffffffc9]V[0x8]8V[0xffffffbb][0xffffffbc]%[0xffffffba]F[0xffffffaa]DH[0xffffffed][0xffffffd2][0x2][0xffffffc9][0xffffffa8]D@[0xffffffed]R[0xffffffe0][0xffffffac]V[0xffffff89][0xffffffe0][0xffffffda][0xffffffa5][0x1b]OV%[0xfffffff2]j[0xffffff97]nZ9[0xffffff95]H[0xffffffa9]][0xffffffea][0xfffffff0]n[0xffffffa8][0xffffff84][0xffffffab]]N[0xffffffee][0xffffff92][0xfffffff1][0x1b][0xffffffaf]][0xffffffde][0x1][0xffffffb5][0xffffffcb][0xffffffdb]$[0xffffffd9][\n]"
08:17:55.213 [TestNG-PoolService-2] DEBUG org.apache.hc.client5.http.wire -- http-outgoing-5 << "[0x1][0xffffffc7]j[0xffffff97][0xffffffb7]D[0xffffffd7]H[0xffffff95][0x8][0xffffffa9]]Z [0x19][0xffffff95][0x8][0xffffffa8]][\n]"
08:17:55.213 [TestNG-PoolService-2] DEBUG org.apache.hc.client5.http.wire -- http-outgoing-5 << "[0xffffff9c][0xffffffd5]*[0x11]\[0xffffffbb]t[0xffffffe3][0xffffffc9][0xffffffaa]D^[0xffffffed][0xffffffd2]M+[0xffffffa7][0x12])[0xffffffb5]K[0x1d][0xffffffde][0xffffffdf]V[0xffffff89][0xfffffff3][0xfffffff5]r*[0xffffffd1][0x7][0xfffffff4][0xffffffab][0xffffffc4][0xffffffd7]yP[0xffffff95][0xfffffff8]>[0x1][0xffffffab][0x12]?[0xffffffcf]@[0xffffffa8][0xffffffc4][0xfffffff7][0xffffffd3][0x9][0xffffff95][0xfffffff8][0xfffffff1][0xffffffe4][0x4][0xffffff95]p([0x12]*[0xffffffe1][0xffffff81]$T[0xffffffc2]aY[0xffffffad][0x12][\n]"
08:17:55.213 [TestNG-PoolService-2] DEBUG org.apache.hc.client5.http.wire -- http-outgoing-5 << "g[0xffffffad]J([0xffffffa2]9*a[0xffffffc7][0xffffff93]T[0xffffff89]7[J[0xffffffaa][0xffffff84][0xffffff9d]VJ%[0xffffffcc][0xffffffd2]2*a[0xffffff86]wC%\[0xffffffed]r[0xffffff8e][0xffffffb9]([0xffffff95][0xffffffa0]k[0xffffff97][0xffffffdf]'[0xffffffa0]U[0xffffff82][0xffffffac]]~?[0xffffff9d]Q[0xffffff89][0xffffffa0][0xffffffda][0xffffffa5]C[0xffffff91]Q[0xffffff89][0xffffff94][0xffffffda][0xffffffa5][0xffffffc3][0xffffffb2]^%[0xffffffd8][0xffffffda][0xffffffa5]"[0xffffff9a][0xffffffa4][0x12]a[0xffffffb5][0xffffffcb]7[[0xffffffca][0xffffffaa]DP[0xffffffed][0xffffffd2],-[0xffffffa5][0x12][0x7f]^[0xffffffbb]<_[0xffffffae]v[0xffffffb9][0xffffffce][0x3][0xfffffffb]U[0xffffff82][0xffffffae]]~[0xffffff9f][0xffffff80]V[0x9][0xffffffb2]v[0xfffffff9][0xfffffffd]tF%[0xffffff82]j[0xffffff97][0xe]EF%Rj[0xffffff97][0xe][0xffffffcb]z[0xffffff95]`k[0xffffff97][0xffffff8a]h[0xffffff92]J[0xffffff84][0xffffffd5].[0xffffffdf]l)[0xffffffab][0x12]A[0xffffffb5]K[0xffffffb3][0xffffffb4][0xffffff94]J[0xfffffffc]y[0xffffffed][0xfffffff2]|[0xffffffb9][0xffffffda][0xffffffe5][0x1a]/[0xffffffe8]][0xffffff89][0xffffffaf][0xfffffff3][0xffffffc0]*[0xffffffc1][0xffffffd7].[0x7f][0xffffff9e][0xffffff81]Q[0x9][0xffffffaa]v[0xfffffff9][0xffffffe3][0xffffffc9][0x19]*[0xffffff91]Q[0xffffffbb][0xfffffff4]@2*[0xffffffc1][0xffffffd7].[0x15][0xffffffce]j[0xffffff95][0xffffffc8][0xffffffad]][0xffffffda][0xfffffff1]dU"[0xffffffae]vi[0xffffffa7][0xffffff95]S[0xffffff89][0xffffff90][0xffffffda][0xffffffa5][0x19][0xffffffde][\r][0xffffff95]p[0xffffff89][0xffffffaa][0xfffffffb]8nJ%[0xffffffe8]D[0xffffffd5][0xfffffff7][0x9]h[0xffffff95] [0x13]U[0xffffffdf]OgT"(Q[0xffffffe5]PdT"%Q[0xffffffe5][0xffffffb0][0xffffffac]W[0x9]6Q[0xffffffa5][0xffffff88]&[0xffffffa9]DX[0xffffffa2][0xffffffea][0xffffffcd][0xffffff96][0xffffffb2]*[0x11][0xffffff94][0xffffffa8]2KK[0xffffffa9][0xffffffc4][0xffffff9f]'[0xffffffaa][0xffffffce][0xffffff97][0xffffffeb]J[0xffffffdc][0xffffff8d][0xffffffaa]]~[0xffffff9d][0x7]V[0x9][0xffffffbe]+[0xfffffff1][0xfffffff3][0xc][0xffffff8c]JP][0xffffff89][0x1f]O[0xffffffce]P[0xffffff89][0xffffff8c][0xffffffae][0xffffff84][0x7][0xffffff92]Q[0x9][0xffffffbe]+[0xffffffa1]pV[0xffffffab]DnW[0xffffffc2][0xffffff8e]'[0xffffffab][0x12]q][0x9];[0xffffffad][0xffffff9c]J[0xffffff84]t%[0xffffffcc][0xfffffff0]n[0xffffffa8][0xffffff84][0xffffffeb]J[0xffffffdc][0xffffffed][0xffffff86][0xffffffae][0xfffffff3][0xfffffffa]:[0xf][0xffffffac][0x12]|W[0xffffffe2][0xffffffe7][0x19][0x18][0xffffff95][0xffffffa0][0xffffffba][0x12]?[0xffffff9e][0xffffff9c][0xffffffa1][0x12][0x19]][0x9][0xf]$[0xffffffa3][0x12]|WB[0xffffffe1][0xffffffac]V[0xffffff89][0xffffffdc][0xffffffae][0xffffff84][0x1d]OV%[0xffffffe2][0xffffffba][0x12]vZ9[0xffffff95][0x8][0xffffffe9]J[0xffffff98][0xffffffe1][0xffffffdd]P[0x9][0xffffffd7][0xffffff95][0xffffffb8][0xffffffcf][0xb][0xfffffffb][0x3][0x7][0xffffffdd][0xffffff95][0xfffffff8]>[0x1][0xffffffad][0x12]dW[0xffffffe2][0xfffffffb][0xffffffe9][0xffffff8c]J[0x4]u%[0x1c][0xffffff8a][0xffffff8c]J[0xffffffa4]t%[0x1c][0xffffff96][0xfffffff5]*[0xffffffc1]v%[0x14][0xffffffd1]$[0xffffff95][0x8][0xffffffeb]J[0xffffffbc][0xffffffd9]RV%[0xffffff82][0xffffffba][0x12]fi)[0xffffff95][0xfffffff8][0x17][0xffffffba][0x12][0xffffffc7][0xffffffcb][0xffffffa9][0xffffffc4][0xffffffb5][0xffffffa8][0xffffff8f]A?[0xffffffcf][0xffffffc3][0xffffffaa][0xffffffc4][0xffffffd7][0x9]`[0xffffff95][0xfffffff8]q[0x6]D%[0xffffffbe][0xffffff9e][0xffffff8e][0xffffffa8][0xffffffc4][0xffffffdf]O[0xffffff8e]P[0x9][0xffffff83]"[0xffffffa2][0x12][0x16]HD%[0xc][0xffffff96][0xffffffe5]*!p[0x16][0xffffffab][0xffffff84] [0x1a][0xffffffa4][0x12]n<Q[0xffffff95][0xfffffff0][[0xffffff8a][0xffffffaa][0xffffff84][0xffffff9b]VL%ti![0xffffff95][0xffffffd0][0xffffffe1][0xffffffdd]P[0x9][0xffffffd7][0xffffff95][0xffffffb8][0xffffffd7]uR*[0xffffff81]w%[0xffffff8e][0xffffff80][0xffffffae][0xffffffc4]a>~.[0x4][0x1c][0xffffffeb]J[0x1c][0xfffffff2]y3[0xffffffa9][0x12]!][0x9][0xb]$[0xffffffa3][0x12][0x1]][0x9][0xffffff81][0xffffffb3]Z%[0xffffff82][0xffffffbb][0x12]n<Y[0xffffff95][0xffffffc8][0xffffffeb]J[0xffffffb8]i[0xffffffe5]T"[0xffffffa5]+[0xffffffa1][0xffffffc3][0xffffffbb][0xffffffa1][0x12][0xffffffa6]+q[0xffffffbf][0xffffff8e][0xffffffd6]([0xffffff95][0xffffffc0][0xffffffbb][0x12]G@W[0xffffffe2]0[0x1f]?[0x17][0x2][0xffffff8e]u%[0xe][0xfffffff9][0xffffffbc][0xffffff99]T[0xffffff89][0xffffff90][0xffffffae][0xffffff84][0x5][0xffffff92]Q[0xffffff89][0xffffff80][0xffffffae][0xffffff84][0xffffffc0]Y[0xffffffad][0x12][0xffffffc1]][0x9]7[0xffffff9e][0xffffffac]J[0xffffffe4]u%[0xffffffdc][0xffffffb4]r*[0xffffff91][0xffffffd2][0xffffff95][0xffffffd0][0xffffffe1][0xffffffdd]P[0x9][0xffffffd3][0xffffff95][0xffffffb8]_[0xffffff9d][0xfffffffb]U[0x2][0xffffffef]J[0x1c][0x1]][0xffffff89][0xffffffc3]|[0xfffffffc]\[0x8]8[0xffffffd6][0xffffff95]8[0xffffffe4][0xfffffff3]fR%B[0xffffffba][0x12][0x16]HF%[0x2][0xffffffba][0x12][0x2]g[0xffffffb5]J[0x4]w%[0xffffffdc]x[0xffffffb2]*[0xffffff91][0xffffffd7][0xffffff95]p[0xffffffd3][0xffffffca][0xffffffa9]DJWB[0xffffff87]wC%.[0xffffffa7][0x12]s@[0xffffff97][0xffffff8c][0x7f][0xffffff9d][0x7]V[0xffffff89]+@%.[0xffffffe5][0xffffffbd][0x10][0xfffffff0][0xb]S[0xffffff89]+I%[0x14]EF%[0x1c][0xffffff90][0xffffff8c]J([0xffffff96][0xfffffff5]*[0xfffffff1][0xffffff84][0xffffffb3]Z%[0xffffff9e][0xffffff88]&[0xffffffa9][0xffffff84][0x19]OV%[0xffffffec][0xffffff96][0xffffffb2]*a[0xffffffa6][0xffffff95]S[0x9]YZJ%dx7T[0xffffffc2]$[0xffffffaa][0xffffffee][0xffffffa3][0xffffffbd].J%[0xfffffff0]D[0xffffffd5][0x11][0xffffff90][0xffffffa8]:LG[0xffffffa5][0x10]p,QuH)[0xffffff85]T[0xffffff89][0xffffff90]D[0xffffff95][0x5][0xffffff92]Q[0xffffff89][0xffffff80]D[0xffffff95][0xffffffc0]Y[0xffffffad][0x12][0xffffffc1][0xffffff89]*7[0xffffff9e][0xffffffac]J[0xffffffe4]%[0xffffffaa][0xffffffdc][0xffffffb4]r*[0xffffff91][0xffffff92][0xffffffa8][0xffffffd2][0xffffffe1][0xffffffdd]P[0xffffff89][0xffffffe1]T[0xffffffe2][0xffffffbc][0xffffffa9][0xffffff8f]A?[0xffffffcf][0x3][0xffffffab][0xffffffc4][0x8]P[0xffffff89][0xffffffa1][0xffffffbc][0x17][0x2]>0[0xffffff95][0x18]I*[0xffffffa1](2*[0xffffffe1][0xffffff80]dTB[0xffffffb1][0xffffffac]W[0xffffff89]'[0xffffff9c][0xffffffd5]*[0xfffffff1]D4I%[0xffffffcc]x[0xffffffb2]*a[0xffffffb7][0xffffff94]U[0x9]3[0xffffffad][0xffffff9c]J[0xffffffc8][0xffffffd2]R*![0xffffffc3][0xffffffbb][0xffffffa1][0x12][0xffffffa6]vy[0x1f][0x13]KT[0x1d]x[0xffffffed][0xfffffff2][0x8][0xffffffa8]][0x1e]&[0xffffffc9]V[0x8]8V[0xffffffbb]<$[0xffffffba]F[0xffffffaa]DH[0xffffffed][0xffffffd2][0x2][0xffffffc9][0xffffffa8]D@[0xffffffed]R[0xffffffe0][0xffffffac]V[0xffffff89][0xffffffe0][0xffffffda][0xffffffa5][0x1b]OV%[0xfffffff2]j[0xffffff97]nZ9[0xffffff95]H[0xffffffa9]][0xffffffea][0xfffffff0]n[0xffffffa8][0xffffff84][0xffffffa9]][0xffffffde][0xffffffc7][0xffffffbd]0[0xffffff95][0xffffffc0]k[0xffffff97]G@[0xffffffed][0xfffffff2]0I[0xffffffb6]B[0xffffffc0][0xffffffb1][0xffffffda][0xffffffe5]![0xffffffd1]5R%Bj[0xffffff97][0x16]HF%[0x2]j[0xffffff97][0x2]g[0xffffffb5]J[0x4][0xffffffd7].[0xffffffdd]x[0xffffffb2]*[0xffffff91]W[0xffffffbb]t[0xffffffd3][0xffffffca][0xffffffa9]DJ[0xffffffed]R[0xffffff87]wC%L[0xffffffed][0xfffffff2]n[0xffffffe7][0xffffffc2]^[0xffffffbb][0xffffffc4]k[0xffffff97]G@[0xffffffed][0xfffffff2]0I[0xffffffb6]B[0xffffffc0][0xffffffb1][0xffffffda][0xffffffe5]![0xffffffd1]5R%Bj[0xffffff97][0x16]HF%[0x2]j[0xffffff97][0x2]g[0xffffffb5]J[0x4][0xffffffd7].[0xffffffdd]x[0xffffffb2]*[0xffffff91]W[0xffffffbb]t[0xffffffd3][0xffffffca][0xffffffa9]DJ[0xffffffed]R[0xffffff87][0xfffffff7][0xfffffff7]U[0xffffffa2][0xffffffbd][0xffffff9c]J\[0x17][0xffffffa5][0x12][0xffffff9f][0xffffffe7]aU[0xffffffe2][0xffffffeb][0x4][0xffffffb0]J[0xfffffffc]8[0x3][0xffffffa2][0x12]_OGT[0xffffffe2][0xffffffef]'G[0xffffffa8][0xffffff84]A[0x11]Q[0x9][0xb]$[0xffffffa2][0x12][0x6][0xffffffcb]r[0xffffff95][0x10]8[0xffffff8b]UB[0x10][\r]R[0x9]7[0xffffff9e][0xffffffa8]J[0xfffffff8]-EU[0xffffffc2]M+[0xffffffa6][0x12][0xffffffba][0xffffffb4][0xffffff90]J[0xffffffe8][0xfffffff0]n[0xffffffa8][0xffffff84][0xffffffa9]]~[0xffffffa8][0xffffffc4]:([0xffffff95][0xffffffc0]k[0xffffff97]-[0xffffffa0]v[0xffffffd9]L[0xffffff92][0xffffffad][0x10]p[0xffffffac]v[0xffffffd9]$[0xffffffba]F[0xffffffaa]DH[0xffffffed][0xffffffd2][0x2][0xffffffc9][0xffffffa8]D@[0xffffffed]R[0xffffffe0][0xffffffac]V[0xffffff89][0xffffffe0][0xffffffda][0xffffffa5][0x1b]OV%[0xfffffff2]j[0xffffff97]nZ9[0xffffff95]H[0xffffffa9]][0xffffffea][0xfffffff0]n[0xffffffa8][0xffffff84][0xffffffab]][0xffffffb6]~[0xc]J%[0xfffffff0][0xffffffda]e[0xb][0xffffffa8]]6[0xffffff93]d+[0x4][0x1c][0xffffffab]]6[0xffffff89][0xffffffae][0xffffff91]*[0x11]R[0xffffffbb][0xffffffb4]@2*[0x11]P[0xffffffbb][0x14]8[0xffffffab]U"[0xffffffb8]v[0xffffffe9][0xffffffc6][0xffffff93]U[0xffffff89][0xffffffbc][0xffffffda][0xffffffa5][0xffffff9b]VN%Rj[0xffffff97]:[0xffffffbc][0x1b]*[0xffffffe1]j[0xffffff97][0xffffffad][0xffffff8f]F[0xffffffa9][0x4]^[0xffffffbb]l[0x1][0xffffffb5][0xffffffcb]f[0xffffff92]l[0xffffff85][0xffffff80]c[0xffffffb5][0xffffffcb]&[0xffffffd1]5R%Bj[0xffffff97][0x16]HF%[0x2]j[0xffffff97][0x2]g[0xffffffb5]J[0x4][0xffffffd7].[0xffffffdd]x[0xffffffb2]*[0xffffff91]W[0xffffffbb]t[0xffffffd3][0xffffffca][0xffffffa9]DJ[0xffffffed]R[0xffffff87]wC%\[0xffffffed][0xffffffb2]MN%[0xfffffff0][0xffffffda]e[0xb][0xffffffa8]]6[0xffffff93]d+[0x4][0x1c][0xffffffab]]6[0xffffff89][0xffffffae][0xffffff91]*[0x11]R[0xffffffbb][0xffffffb4]@2*[0x11]P[0xffffffbb][0x14]8[0xffffffab]U"[0xffffffb8]v[0xffffffe9][0xffffffc6][0xffffff93]U[0xffffff89][0xffffffbc][0xffffffda][0xffffffa5][0xffffff9b]VN%Rj[0xffffff97]:[0xffffffbc][0x1b]*[0xffffffe1]j[0xffffff97][0xffffffed]~Q[0x1f][0xffffff83]6[0xffffffbc]v[0xffffffd9][0x2]j[0xffffff97][0xffffffcd]$[0xffffffd9][\n]"
08:17:55.213 [TestNG-PoolService-2] DEBUG org.apache.hc.client5.http.wire -- http-outgoing-5 << "[0x1][0xffffffc7]j[0xffffff97]M[0xffffffa2]k[0xffffffa4]J[0xffffff84][0xffffffd4].-[0xffffff90][0xffffff8c]J[0x4][0xffffffd4].[0x5][0xffffffce]j[0xffffff95][0x8][0xffffffae]][0xffffffba][0xfffffff1]dU"[0xffffffaf]v[0xffffffe9][0xffffffa6][0xffffff95]S[0xffffff89][0xffffff94][0xffffffda][0xffffffa5][0xe][0xffffffef][0xffffff86]J[0xffffffb8][0xffffffda][0xffffffe5][0xffffffd9]_[0xffffffd8][0x17][0x1c]x[0xffffffed][0xffffffb2][0x5][0xffffffd4].[0xffffff9b]I[0xffffffb2][0x15][0x2][0xffffff8e][0xffffffd5].[0xffffff9b]D[0xffffffd7]H[0xffffff95][0x8][0xffffffa9]]Z [0x19][0xffffff95][0x8][0xffffffa8]][\n]"
08:17:55.213 [TestNG-PoolService-2] DEBUG org.apache.hc.client5.http.wire -- http-outgoing-5 << "[0xffffff9c][0xffffffd5]*[0x11]\[0xffffffbb]t[0xffffffe3][0xffffffc9][0xffffffaa]D^[0xffffffed][0xffffffd2]M+[0xffffffa7][0x12])[0xffffffb5]K[0x1d][0xffffffde][\r][0xffffff95]p[0xffffffb5][0xffffffcb]sNL%[0xfffffff0][0xffffffda]e[0xb][0xffffffa8]]6[0xffffff93]d+[0x4][0x1c][0xffffffab]]6[0xffffff89][0xffffffae][0xffffff91]*[0x11]R[0xffffffbb][0xffffffb4]@2*[0x11]P[0xffffffbb][0x14]8[0xffffffab]U"[0xffffffb8]v[0xffffffe9][0xffffffc6][0xffffff93]U[0xffffff89][0xffffffbc][0xffffffda][0xffffffa5][0xffffff9b]VN%Rj[0xffffff97]:[0xffffffbc][*1[0xffffffc2]Tb[0xffffffe0]*1[0x2]Tb[0xffffffa0]*10[0xffffff95][0x18]I*[0xfffffff1]D[0xffffff91]R[0x9][0x5][0xffffff92]R[0xffffff89]'[0xffffff96][0xffffff84]J[0xc]X%F[0xffffffb0]J[0xffffffc8]x[0xffffffd2]*a[0xffffffb6][0xffffff94]V[0x9][0xffffff99]VR%F[0xffffff8a]J[0xffffff8c]?V[0x9][0x17][0xffffffce][0xffffffbe]^[0xfffffffd][0xffffffa4]T[0x2][0xf]g[0xffffffb7][0xffffff80]pv3u[0xffffffd7]B[0xffffffc0][0xffffffb1]pv[0xffffff93]~+[0xffffffa9][0x12]![0xffffffe1]l[0xb]$[0xffffffa3][0x12][0x1][0xffffffe1]l[0xffffff81][0xffffffb3]Z%[0xffffff82][0xffffffc3][0xffffffd9]n<Y[0xffffff95][0xffffffc8][0xb]g[0xffffffbb]i[0xffffffe5]T"%[0xffffff9c][0xffffffad][0xffffffc3][0xffffffbb][0xffffffa1][0x12].[0xffffff9c]}[0xfffffff5][0xb]KT[0xffffffe1][0xffffffe1][0xffffffec][0x16][0x10][0xffffffce]n[0xffffffa6][0xffffffee]Z[0x8]8[0x16][0xffffffce]n[0xffffffd2]o%U"$[0xffffff9c]m[0xffffff81]dT" [0xffffff9c]-pV[0xffffffab]Dp8[0xffffffdb][0xffffff8d]'[0xffffffab][0x12]y[0xffffffe1]l7[0xffffffad][0xffffff9c]J[0xffffffa4][0xffffff84][0xffffffb3]ux[0x7f]_%[0xffffffce][0xffffff97]S[0x9][0xffffffee]c[0xffffffd0][0xffffffcf][0xfffffff3][0xffffffb0]*[0xfffffff1]u[0x2]X%~[0xffffff9c][0x1]Q[0xffffff89][0xffffffaf][0xffffffa7]#*[0xfffffff1][0xfffffff7][0xffffff93]#T[0xffffffc2][0xffffffa0][0xffffff88][0xffffffa8][0xffffff84][0x5][0x12]Q[0x9][0xffffff83]e[0xffffffb9]J[0x8][0xffffff9c][0xffffffc5]*![0xffffff88][0x6][0xffffffa9][0xffffff84][0x1b]OT%[0xfffffffc][0xffffff96][0xffffffa2]*[0xffffffe1][0xffffffa6][0x15]S[0x9]]ZH%tx7T[0xffffffc2][0xffffff85][0xffffffb3]{{][0xffffff94]J[0xffffffe0][0xffffffe1][0xffffffec]3 [0xffffff9c]}[0xffffff9a][0xffffffba]k![0xffffffe0]X8[0xfffffffb][0xffffff94]~+[0xffffffa9][0x12]![0xffffffe1]l[0xb]$[0xffffffa3][0x12][0x1][0xffffffe1]l[0xffffff81][0xffffffb3]Z%[0xffffff82][0xffffffc3][0xffffffd9]n<Y[0xffffff95][0xffffffc8][0xb]g[0xffffffbb]i[0xffffffe5]T"%[0xffffff9c][0xffffffad][0xffffffc3][0xffffffbb][0xffffffa1][0x12][0xffffffae]v[0xffffffd9][0x17][0xfffffff6][0x7][0xffffff8e][0x13][0xffffffaf]][0xffffff9e][0x1][0xffffffb5][0xffffffcb][0xffffffd3]$[0xffffffd9][\n]"
08:17:55.214 [TestNG-PoolService-2] DEBUG org.apache.hc.client5.http.wire -- http-outgoing-5 << "[0x1][0xffffffc7]j[0xffffff97][0xffffffa7]D[0xffffffd7]H[0xffffff95][0x8][0xffffffa9]]Z [0x19][0xffffff95][0x8][0xffffffa8]][\n]"
08:17:55.214 [TestNG-PoolService-2] DEBUG org.apache.hc.client5.http.wire -- http-outgoing-5 << "[0xffffff9c][0xffffffd5]*[0x11]\[0xffffffbb]t[0xffffffe3][0xffffffc9][0xffffffaa]D^[0xffffffed][0xffffffd2]M+[0xffffffa7][0x12])[0xffffffb5]K[0x1d][0xffffffde][\r][0xffffff95]p[0xffffffb5][0xffffffcb]~[0x1f][0xffffffd8][0xffffffaf][0x12]x[0xffffffed][0xfffffff2][0xc][0xffffffa8]][0xffffff9e]&[0xffffffc9]V[0x8]8V[0xffffffbb]<%[0xffffffba]F[0xffffffaa]DH[0xffffffed][0xffffffd2][0x2][0xffffffc9][0xffffffa8]D@[0xffffffed]R[0xffffffe0][0xffffffac]V[0xffffff89][0xffffffe0][0xffffffda][0xffffffa5][0x1b]OV%[0xfffffff2]j[0xffffff97]nZ9[0xffffff95]H[0xffffffa9]][0xffffffea][0xfffffff0]n[0xffffffa8][0xffffff84][0xffffffab]][0xfffffff6]{tJ%[0xfffffff0][0xffffffda][0xffffffe5][0x19]P[0xffffffbb]<M[0xffffff92][0xffffffad][0x10]p[0xffffffac]vyJt[0xffffff8d]T[0xffffff89][0xffffff90][0xffffffda][0xffffffa5][0x5][0xffffff92]Q[0xffffff89][0xffffff80][0xffffffda][0xffffffa5][0xffffffc0]Y[0xffffffad][0x12][0xffffffc1][0xffffffb5]K7[0xffffff9e][0xffffffac]J[0xffffffe4][0xffffffd5].[0xffffffdd][0xffffffb4]r*[0xffffff91]R[0xffffffbb][0xffffffd4][0xffffffe1][0xffffffdd]P[0x9]W[0xffffffbb][0x1c][0xffffffaf][0xffffffb6]([0xffffff95][0xffffffc0]k[0xffffff97]g@[0xffffffed][0xfffffff2]4I[0xffffffb6]B[0xffffffc0][0xffffffb1][0xffffffda][0xffffffe5])[0xffffffd1]5R%Bj[0xffffff97][0x16]HF%[0x2]j[0xffffff97][0x2]g[0xffffffb5]J[0x4][0xffffffd7].[0xffffffdd]x[0xffffffb2]*[0xffffff91]W[0xffffffbb]t[0xffffffd3][0xffffffca][0xffffffa9]DJ[0xffffffed]R[0xffffff87]wC%\[0xffffffed]r[0xffffffbc]n[0xffffffea][0xffffff92][0xfffffff1][0x13][0xffffffaf]][0xffffff9e][0x1][0xffffffb5][0xffffffcb][0xffffffd3]$[0xffffffd9][\n]"
08:17:55.214 [TestNG-PoolService-2] DEBUG org.apache.hc.client5.http.wire -- http-outgoing-5 << "[0x1][0xffffffc7]j[0xffffff97][0xffffffa7]D[0xffffffd7]H[0xffffff95][0x8][0xffffffa9]]Z [0x19][0xffffff95][0x8][0xffffffa8]][\n]"
08:17:55.214 [TestNG-PoolService-1] DEBUG org.apache.hc.client5.http.wire -- http-outgoing-3 << "[0xffffffad][0xffffff9c]J[0xffffffa4][0xffffffd4].ux[0xffffffb7]TB[0xffffffdf][0xffffff95]`U[0xffffff82]~Wb[0x5][0xffffffbc]+[0xffffffb1][0xfffffff4][0xf]z[0xffffffa5][0xffffff80]S[0xffffffef]J[0xffffffac][0xffffffa4]w%[0x14]EJ%R[0xffffffde][0xffffff95]P,[0x9][0xffffff95]`[0xffffffdf][0xffffff95]x"[0xffffff9a][0xffffffa5][0x12]a[0xffffffef]J[0xffffffd8]-[0xffffffa5]U"[0xffffffe8]][0x9]YZN%[0xfffffffe][0xfffffffc]][0x9][0x17][0xffffffce][0xffffff9e][0xffffffaf][0xffffff86][0xffffffd5].[0xfffffff1]p[0xfffffff6][0xc][0x8]gOSw-[0x4][0x1c][0xb]gO[0xffffffe9][0xffffffb7][0xffffff92]*[0x11][0x12][0xffffffce][0xffffffb6]@2*[0x11][0x10][0xffffffce][0x16]8[0xffffffab]U"8[0xffffff9c][0xffffffed][0xffffffc6][0xffffff93]U[0xffffff89][0xffffffbc]p[0xffffffb6][0xffffff9b]VN%R[0xffffffc2][0xffffffd9]:[0xffffffbc][0xffffffbf][0xffffffaf][0x12][0xffffffcb][0xffffff85][0xffffffb3][0xffffffe7]5[0xffffffa8]D[0xffffffd5][0xffffffc2][0xffffffc3][0xffffffd9]+ [0xffffff9c][0xffffffbd]L[0xffffffdd][0xffffffb5][0xe][0xfffffff0][0xffffff85][0xffffff85][0xffffffb3][0xffffff97][0xfffffff4][A[0xffffff95]0("*a[0xffffff81]DT[0xffffffc2]`Y[0xffffffae][0x12][0x2]g[0xffffffb1]J[0x8][0xffffffa2]A*[0xffffffe1][0xffffffc6][0x13]U[0x9][0xffffffbf][0xffffffa5][0xffffffa8]J[0xffffffb8]i[0xffffffc5]TB[0xffffff97][0x16]R[0x9][0x1d][0xffffffde][\r][0xffffff95]8[0xffffff9c]J[0xffffff8c][0xfffffffb]E[0xffffffa9][0xffffffc4][0xffffff81][0xffffffab][0xffffffc4][0x11][0xffffffa0][0x12][0xffffff87][0xfffffff2]^[0x8][0xfffffff8][0xffffff81][0xffffffa9][0xffffffc4][0xffffff91][0xffffffa4][0x12][0xffffff8a]"[0xffffffa3][0x12][0xe]HF%[0x14][0xffffffcb]z[0xffffff95]x[0xffffffc2]Y[0xffffffad][0x12]OD[0xffffff93]T[0xffffffc2][0xffffff8c]'[0xffffffab][0x12]vKY[0xffffff95]0[0xffffffd3][0xffffffca][0xffffffa9][0xffffff84],-[0xffffffa5][0x12]2[0xffffffbc][*[0xffffffa1][0xffffffef]J[0xffffffb0]*[0x1][0xffffffbf]+[0xfffffff1]u[0x2]^%[0xffffffc0]w%[0xffffffbe][0xffffff9e]N[0xffffffa9]D[0xffffffce][0xffffffbb][0x12][0x6]EJ%B[0xffffffde][0xffffff95]0X[0x12]*[0xffffff81][0xffffffbe]+![0xffffff88]f[0xffffffa9]D[0xffffffd6][0xffffffbb][0x12]~Ki[0xffffff95][0xffffffc8]yWB[0xffffff97][0xffffff96]S[0xffffff89]?~Wb[0xffffffb9];8[0xffffffd6]qb*[0xffffff81][0xffffffdf][0xffffffc1][0xffffffb1][0x2][0xffffffee][0xffffffe0]X&[0x14]_[0x8]8v[0x7][0xffffffc7][0xffffff92][0x14]<[0xffffffa9][0x12]!wpX [0x19][0xffffff95][0x8][0xffffffb8][0xffffff83]C[0xffffffe0][0xffffffac]V[0xffffff89][0xffffffe0];8[0xffffffdc]x[0xffffffb2]*[0xffffff91]w[0x7][0xffffff87][0xffffff9b]VN%R[0xffffffee][0xffffffe0][0xffffffd0][0xffffffe1][0xffffffdd]P[0x9]w[0x7][0xffffffc7]:[0xffffffb1][0xffffffeb][0xffffffbc][0x16]~[0x7][0xffffffc7][\n]"
08:17:55.215 [TestNG-PoolService-1] DEBUG org.apache.hc.client5.http.wire -- http-outgoing-3 << "[0xffffffb8][0xffffff83]c[0xffffff99]P|![0xffffffe0][0xffffffd8][0x1d][0x1c]KR[0xfffffff0][0xffffffa4]J[0xffffff84][0xffffffdc][0xffffffc1]a[0xffffff81]dT"[0xffffffe0][0xe][0xe][0xffffff81][0xffffffb3]Z%[0xffffff82][0xffffffef][0xffffffe0]p[0xffffffe3][0xffffffc9][0xffffffaa]D[0xffffffde][0x1d][0x1c]nZ9[0xffffff95]H[0xffffffb9][0xffffff83]C[0xffffff87]wC%[0xffffffdc][0x1d][0x1c]k[0xffffffdc][0xffffffd4][0x17][0x1c][0xb][0xffffffbf][0xffffff83]c[0x5][0xffffffdc][0xffffffc1][0xffffffb1]L([0xffffffbe][0x10]p[0xffffffec][0xe][0xffffff8e]%)xR%B[0xffffffee][0xffffffe0][0xffffffb0]@2*[0x11]p[0x7][0xffffff87][0xffffffc0]Y[0xffffffad][0x12][0xffffffc1]wp[0xffffffb8][0xfffffff1]dU"[0xffffffef][0xe][0xe]7[0xffffffad][0xffffff9c]J[0xffffffa4][0xffffffdc][0xffffffc1][0xffffffa1][0xffffffc3][0xffffffbb][0xffffffa1][0x12][0xffffffdd][0xffffffa9][0xffffffc4][0x1c][0xffffff8b]R[0xffffff89][0xffffff8e][0xffffffab]D[0xf]P[0xffffff89][0xffffffae][0xffffffbc][0x17][0x2][0xffffffde]1[0xffffff95][0xffffffe8]I*[0xffffffa1](2*[0xffffffe1][0xffffff80]dTB[0xffffffb1][0xffffffac]W[0xffffff89]'[0xffffff9c][0xffffffd5]*[0xfffffff1]D4I%[0xffffffcc]x[0xffffffb2]*a[0xffffffb7][0xffffff94]U[0x9]3[0xffffffad][0xffffff9c]J[0xffffffc8][0xffffffd2]R*![0xffffffc3][0xffffffbb][0xffffffa1][0x12][0xffffffee][0xe][0xffffff8e][0xffffffc5]][0xffffffe7][0xffffffb5][0xfffffff0];8V[0xffffffc0][0x1d][0x1c][0xffffffcb][0xffffff84][0xffffffe2][0xb][0x1][0xffffffc7][0xffffffee][0xffffffe0]X[0xffffff92][0xffffff82]'U"[0xffffffe4][0xe][0xe][0xb]$[0xffffffa3][0x12][0x1]wp[0x8][0xffffff9c][0xffffffd5]*[0x11]|[0x7][0xffffff87][0x1b]OV%[0xfffffff2][0xffffffee][0xffffffe0]p[0xffffffd3][0xffffffca][0xffffffa9]D[0xffffffca][0x1d][0x1c]:[0xffffffbc][0x1b]*[0xffffffe1][0xffffffee][0xffffffe0]XkuJ%[0xfffffff0];8V[0xffffffc0][0x1d][0x1c][0xffffffcb][0xffffff84][0xffffffe2][0xb][0x1][0xffffffc7][0xffffffee][0xffffffe0]X[0xffffff92][0xffffff82]'U"[0xffffffe4][0xe][0xe][0xb]$[0xffffffa3][0x12][0x1]wp[0x8][0xffffff9c][0xffffffd5]*[0x11]|[0x7][0xffffff87][0x1b]OV%[0xfffffff2][0xffffffee][0xffffffe0]p[0xffffffd3][0xffffffca][0xffffffa9]D[0xffffffca][0x1d][0x1c]:[0xffffffbc][0x1b]*[0xffffffe1][0xffffffee][0xffffffe0]Xw[0xffffffbf]([0xffffff95][0xffffffc0][0xffffffef][0xffffffe0]X[0x1]wp,[0x13][0xffffff8a]/[0x4][0x1c][0xffffffbb][0xffffff83]cI[\n]"
08:17:55.215 [TestNG-PoolService-1] DEBUG org.apache.hc.client5.http.wire -- http-outgoing-3 << "[0xffffff9e]T[0xffffff89][0xffffff90];8,[0xffffff90][0xffffff8c]J[0x4][0xffffffdc][0xffffffc1]!pV[0xffffffab]D[0xfffffff0][0x1d][0x1c]n<Y[0xffffff95][0xffffffc8][0xffffffbb][0xffffff83][0xffffffc3]M+[0xffffffa7][0x12])wp[0xffffffe8][0xfffffff0]n[0xffffffa8][0xffffff84][0xb]g[0xffffffdf][0xffffffc7][0xffffffc0]~[0xffffff95][0xffffffc0][0xffffffc3][0xffffffd9]+ [0xffffff9c][0xffffffbd]L[0xffffffdd][0xffffffb5][0x10]p,[0xffffff9c][0xffffffbd][0xffffffa4][0xffffffdf]J[0xffffffaa]DH8[0xffffffdb][0x2][0xffffffc9][0xffffffa8]D@8[[0xffffffe0][0xffffffac]V[0xffffff89][0xffffffe0]p[0xffffffb6][0x1b]OV%[0xfffffff2][0xffffffc2][0xffffffd9]nZ9[0xffffff95]H[0x9]g[0xffffffeb][0xfffffff0][0xfffffffe][0xffffffbe]J[0xffffffdc].[0xffffff9c]}[0xffffff9f][0xffffff8d][0xfffffffa][0x18][0xfffffff4][0xffffffc6][0xffffffc3][0xffffffd9]w@8[0xfffffffb]6u[0xffffffd7]:[0xffffffc0]o,[0xffffff9c]}K[0xffffffbf][0x15]T[0x9][0xffffff83]"[0xffffffa2][0x12][0x16]HD%[0xc][0xffffff96][0xffffffe5]*!p[0x16][0xffffffab][0xffffff84] [0x1a][0xffffffa4][0x12]n<Q[0xffffff95][0xfffffff0][[0xffffff8a][0xffffffaa][0xffffff84][0xffffff9b]VL%ti![0xffffff95][0xffffffd0][0xffffffe1][0xffffffdd]R[0xffffff89][0x16][0xffffffa6][0x12][\r]W[0xffffff89][0x16][0xffffffa0][0x12][\r]U[0xffffff89][0xffffff86][0xffffffa9]DKR[0xffffff89]'[0xffffff8a][0xffffff94]J([0xffffff90][0xffffff94]J<[0xffffffb1]$T[0xffffffa2][0xffffffc1]*[0xffffffd1][0xffffff82]UB[0xffffffc6][0xffffff93]V[0x9][0xffffffb3][0xffffffa5][0xffffffb4]J[0xffffffc8][0xffffffb4][0xffffff92]*[0xffffffd1]RT[0xffffffa2][0xfffffffd][0xb]*1[0xffffffc2]Tb[0xffffffe0]*1[0x2]Tb[0xffffffa0]*10[0xffffff95][0x18]I*[0xfffffff1]D[0xffffff91]R[0x9][0x5][0xffffff92]R[0xffffff89]'[0xffffff96][0xffffff84]J[0xc]X%F[0xffffffb0]J[0xffffffc8]x[0xffffffd2]*a[0xffffffb6][0xffffff94]V[0x9][0xffffff99]VR%F[0xffffff8a]J[0xffffff8c][0x7f]A%f[0xffffff98]JL\%f[0xffffff80]JLT%&[0xffffffa6][0x12]3I%[0xffffff9e](R*[0xffffffa1]@R*[0xfffffff1][0xffffffc4][0xffffff92]P[0xffffff89][0x9][0xffffffab][0xffffffc4][0xc]V[0x9][0x19]OZ%[0xffffffcc][0xffffff96][0xffffffd2]*![0xffffffd3]J[0xffffffaa][0xffffffc4]LQ[0xffffff89][0xffffffb9][0xffffffaf][0x12][0xffffffed][0xfffffffb][0xffffffff]8[0xffffffdc][0xffffffbb][0x12][0xfffffff7][0xffffffac][0xffffffef]J[0xfffffffc]<[0xf][0xffffffa5][0x12][0xffffffff]8[0x1][0xffffffa6][0x12][0xffffff8f]3[0x14][0xffffffab][0xffffffc4]?[0xffffff9e]^[0xffffffac][0x12][0xffffffff][0xfffffffd]dX%[0xffffffde][0xffffffa2]X[0xffffffac][0x12][0xffffffbf][0x0][0xffffffb2]X%[0xffffffde]bY[0xffffffa8][0x12]o[0xffffffe0],S[0xffffff89]7[0xffffff88]F[0xffffffa8][0xffffffc4][0xfffffffb][0xfffffff1][0xffffff84]T[0xffffffe2]W[[\n]"
08:17:55.215 [TestNG-PoolService-2] DEBUG org.apache.hc.client5.http.wire -- http-outgoing-5 << "[0xffffff9c][0xffffffd5]*[0x11]\[0xffffffbb]t[0xffffffe3][0xffffffc9][0xffffffaa]D^[0xffffffed][0xffffffd2]M+[0xffffffa7][0x12])[0xffffffb5]K[0x1d][0xffffffde][\r][0xffffff95]p[0xffffff89][0xffffffaa][0xffffffd1][0xffffffb0][0xffffffda][0xffffffe5][0xffffff89]'[0xffffffaa][0xffffffce][0xffffff80]D[0xffffffd5]i:*[0xffffff85][0xffffff80]c[0xffffff89][0xffffffaa]SJ)[0xffffffa4]J[0xffffff84]$[0xffffffaa],[0xffffff90][0xffffff8c]J[0x4]$[0xffffffaa][0x4][0xffffffce]j[0xffffff95][0x8]NT[0xffffffb9][0xfffffff1]dU"/Q[0xffffffe5][0xffffffa6][0xffffff95]S[0xffffff89][0xffffff94]D[0xffffff95][0xe][0xffffffef][0xffffff86]J[0xffffffb8]D[0xffffffd5][0xffffffb8][0xffffffd6]E[0xffffffa9][0x4][0xffffff9e][0xffffffa8]:[0x3][0x12]U[0xffffffa7][0xffffffe9][0xffffffa8][0x14][0x2][0xffffff8e]%[0xffffffaa]N)[0xffffffa5][0xffffff90]*[0x11][0xffffff92][0xffffffa8][0xffffffb2]@2*[0x11][0xffffff90][0xffffffa8][0x12]8[0xffffffab]U"8Q[0xffffffe5][0xffffffc6][0xffffff93]U[0xffffff89][0xffffffbc]D[0xffffff95][0xffffff9b]VN%R[0x12]U:[0xffffffbc][*[0xffffffd1][0xffffffc2]T[0xffffffa2][0xffffffe1]*[0xffffffd1][0x2]T[0xffffffa2][0xffffffa1]*[0xffffffd1]0[0xffffff95]hI*[0xfffffff1]D[0xffffff91]R[0x9][0x5][0xffffff92]R[0xffffff89]'[0xffffff96][0xffffff84]J4X%Z[0xffffffb0]J[0xffffffc8]x[0xffffffd2]*a[0xffffffb6][0xffffff94]V[0x9][0xffffff99]VR%Z[0xffffff8a]J[0xffffffb4][0x7f]A%z[0xffffff98]Jt\%z[0xffffff80]JtT%:[0xffffffa6][0x12]=I%[0xffffff9e](R*[0xffffffa1]@R*[0xfffffff1][0xffffffc4][0xffffff92]P[0xffffff89][0xe][0xffffffab]D[0xf]V[0x9][0x19]OZ%[0xffffffcc][0xffffff96][0xffffffd2]*![0xffffffd3]J[0xffffffaa]DOQ[0xffffff89][0xfffffffe]/[0xffffffa8][0xffffff84][0xffffffde][0xc][0xffffffca][0xffffffaa][0x4]|3[0xffffffe8][0xffffffd7][0x9]x[0xffffff95][0x0]o[0x6][0xfffffffd]z:[0xffffffa5][0x12]97[0xffffff83][0x1a][0x14])[0xffffff95][0x8][0xffffffb9][0x19][0xffffffd4]`I[0xffffffa8][0x4]z3[0xffffffa8] [0xffffff9a][0xffffffa5][0x12]Y7[0xffffff83][0xfffffffa]-[0xffffffa5]U"[0xffffffe7]fP]ZN%[0xfffffffe][0xfffffff8]f[0xffffffd0][0xffffff8f][0xffffffff][0xffffffe3]Hs[0xffffff89][0xffffff83][0xffffff97][0xffffff89]#[0xffffffc1]&[0xe]V'[0xe][0xffffffce]'[0xffffff8e]([0xffffffa1][0x10][0x1e])[0xffffffa3]0TRJ!l[0x12]Nq[0xffffffd0]Rq$[[0xffffff85][0xffffffce]([0xffffffad][0x15]nUi[0xffffffaf][0xffffffd0][0xffffff91]%[0xffffffc5][0xffffffe2][0xffffffb9][0xffffffb9][0xffffff9c]Y<'xK-[0xffffffda][0x15][0xffffffa6][0x16][0xffffffed][0xffffffc2][0xffffffd5][0xffffffe2][0xffffffe3][0x8][0xffffffbc]Z[0xfffffffc]u[0x8]J->[0x1e]O[0xffffffa9][0xffffffc5][0xfffffff7][0xffffffa3]S[0xffffffd4]Bx[0xffffffa4][0xffffffd4][0xffffffc2]PI[0xffffffa9][0xffffff85][0xffffffb0]I[0xffffffa8][0xffffffc5][0xffffff83][0xffffffd0]z[0xffffffb5]xp[0xffffff9a][0xffffffa5][0x16]:[0xffffffa3][0xffffffb4]Z[0xffffffb8]U[0xffffffa5][0xffffffd5]BG[0xffffff96]T[0xffffff8b][0xffffffe7][0xffffffe6]rj[0xfffffff1][0xffffff9c][0xffffffe0]-[0xffffffb5][0xfffffff8][0xffffffba][0xffffff8f]#I-[0xffffffae][0x3]W[0xffffff8b][0xffffff8f]#[0xfffffff0]j[0xfffffff1][0xffffffd7]!([0xffffffb5][0xfffffff8]x<[0xffffffa5][0x16][0xffffffdf][0xffffff8f]NQ[0xb][0xffffffe1][0xffffff91]R[0xb]C%[0xffffffa5][0x16][0xffffffc2]&[0xffffffa1][0x16][0xf]B[0xffffffeb][0xffffffd5][0xffffffe2][0xffffffc1]i[0xffffff96]Z[0xffffffe8][0xffffff8c][0xffffffd2]j[0xffffffe1]V[0xffffff95]V[0xb][0x1d]YR-[0xffffff9e][0xffffff9b][0xffffffcb][0xffffffa9][0xffffffc5]s[0xffffff82][0xffffffb7][0xffffffd4]b[0xffffffa5]}=[0xffffffba][0xfffffff8][0xffffffcf]G?[0xffffff8e][0xffffffc0][0xffffffab][0xffffffc5]_[0xffffff87][0xffffffa0][0xffffffd4]bq_[0xffffff90][0xffffffae][0xffffffa8]OH[0xffffff85]GJ-[0xc][0xffffff95][0xffffff94]Z[0x8][0xffffff9b][0xffffff84]Z,[0xfffffffa]3[0xffffffd2][0xffffff95][0xfffffffc][0x1d][0xffffffa9][0xffffffce]([0xffffffad][0x16]nUi[0xffffffb5][0xffffffd0][0xffffff91]%[0xffffffd5][0xffffffe2][0xffffffb9][0xffffffb9][0xffffff9c]Z<'[0xfffffff8]w[0xffffffd4][0xffffffe2][0xfffffff8][0xfffffffa]O>[0xffffffff]/1[0xffffff8b]y[0xffffffbe][0xffffffea][0x13]W?[0xffffffcf]C[0xffffff89][0xffffffc5]?N[0xffffff80]y[0xffffffc5][0xffffffe3][0xc][0xffffffc5]Z[0xfffffff1][0xffffff8f][0xffffffa7][0x17][[0xffffffc5][0x7f]?[0x19][0xffffff96][0xffffff8a][0xffffffb7]([0x16];[0xffffffc5]/[0xffffff80],V[0xffffff8a][0xffffffb7]X[0x16][0x1a][0xffffffc5][0x1b]8[0xffffffcb][0xffffff84][0xffffffe2][\r][0xffffffa2][0x11]>[0xfffffff1]~<![0xffffff9d][0xfffffff8][0xffffffd5][0xffffff96]B6[0xfffffff1]~Z[0x1][0xffffff99]x[0xffffffb7][0xffffffb4][0xffffffe5].[0xfffffff1]nx7T[0xffffffe2]p*[0xffffffd1]OL%[0xe]\%[0xffffff8e][0x0][0xffffff95]8[0xffffff94][0xfffffff7]B[0xffffffc0][0xf]L%[0xffffff8e]$[0xffffff95]P[0x14][0x19][0xffffff95]p@2*[0xffffffa1]X[0xffffffd6][0xffffffab][0xffffffc4][0x13][0xffffffce]j[0xffffff95]x"[0xffffff9a][0xffffffa4][0x12]f<Y[0xffffff95][0xffffffb0][[0xffffffca][0xffffffaa][0xffffff84][0xffffff99]VN%di)[0xffffff95][0xffffff90][0xffffffe1][0xffffffdd]P[0xffffff89][0xffffffe6]T[0xffffffe2][0x1e][0xffffff93]R[0xffffff89][0xffffff86][0xffffffab]D[0xb]P[0xffffff89][0xffffffa6][0xffffffbc][0x17][0x2][0xffffffde]0[0xffffff95]hI*[0xffffffa1](2*[0xffffffe1][0xffffff80]dTB[0xffffffb1][0xffffffac]W[0xffffff89]'[0xffffff9c][0xffffffd5]*[0xfffffff1]D4I%[0xffffffcc]x[0xffffffb2]*a[0xffffffb7][0xffffff94]U[0x9]3[0xffffffad][0xffffff9c]J[0xffffffc8][0xffffffd2]R*![0xffffffc3][0xffffffbb][0xffffffa1][0x12][0xffffffa7]Q[0xffffff89]u[0x0][0xffffff97][0xffffff94][0xffffffff]<[0xf][0xffffffac][0x12]g[0xffffff80]J[0xffffff9c][0xffffffca]{![0xffffffe0]'[0xffffffa6][0x12]g[0xffffff92]J([0xffffff8a][0xffffff8c]J8 [0x19][0xffffff95]P,[0xffffffeb]U[0xffffffe2][0x9]g[0xffffffb5]J<[0x11]MR[0x9]3[0xffffff9e][0xffffffac]J[0xffffffd8]-eU[0xffffffc2]L+[0xffffffa7][0x12][0xffffffb2][0xffffffb4][0xffffff94]J[0xffffffc8][0xfffffff0]n[0xffffffa8][0xffffffc4][0xffffffe5]T[0xffffffa2]7[0xffffffec]W[0xffffff89][0xb]W[0xffffff89]+@%.[0xffffffe5][0xffffffbd][0x10][0xfffffff0][0xb]S[0xffffff89]+I%[0x14]EF%[0x1c][0xffffff90][0xffffff8c]J([0xffffff96][0xfffffff5]*[0xfffffff1][0xffffff84][0xffffffb3]Z%[0xffffff9e][0xffffff88]&[0xffffffa9][0xffffff84][0x19]OV%[0xffffffec][0xffffff96][0xffffffb2]*a[0xffffffa6][0xffffff95]S[0x9]YZJ%dx7T[0xffffffa2];[0xffffff95][0xffffff98][\r][0xfffffffb]U[0xffffffa2][0xffffffe3]*[0xffffffd1][0x3]T[0xffffffa2]+[0xffffffef][0xffffff85][0xffffff80]wL%z[0xffffff92]J([0xffffff8a][0xffffff8c]J8 [0x19][0xffffff95]P,[0xffffffeb]U[0xffffffe2][0x9]g[0xffffffb5]J<[0x11]MR[0x9]3[0xffffff9e][0xffffffac]J[0xffffffd8]-eU[0xffffffc2]L+[0xffffffa7][0x12][0xffffffb2][0xffffffb4][0xffffff94]J[0xffffffc8][0xfffffff0]n[0xffffffa8][0xffffffc4]0*q[0x1f][0xffffffed][0xffffffa0]Tb[0xffffffe0]*1[0x2]Tb([0xffffffef][0xffffff85][0xffffff80][0xf]L%F[0xffffff92]J([0xffffff8a][0xffffff8c]J8 [0x19][0xffffff95]P,[0xffffffeb]U[0xffffffe2][0x9]g[0xffffffb5]J<[0x11]MR[0x9]3[0xffffff9e][0xffffffac]J[0xffffffd8]-eU[0xffffffc2]L+[0xffffffa7][0x12][0xffffffb2][0xffffffb4][0xffffff94]J[0xffffffc8][0xfffffff0]n[0xffffffa8][0xffffffc4]t*[0xffffffd1][0xe][0xffffffec][0xb][0xffffff8e][0xffffff89][0xffffffab][0xffffffc4][0xc]P[0xffffff89][0xffffffa9][0xffffffbc][0x17][0x2]>1[0xffffff95][0xffffff98]I*[0xffffffa1](2*[0xffffffe1][0xffffff80]dTB[0xffffffb1][0xffffffac]W[0xffffff89]'[0xffffff9c][0xffffffd5]*[0xfffffff1]D4I%[0xffffffcc]x[0xffffffb2]*a[0xffffffb7][0xffffff94]U[0x9]3[0xffffffad][0xffffff9c]J[0xffffffc8][0xffffffd2]R*![0xffffffc3][0xffffffbb][0xffffffa1][0x12][0xffffffcb][0xffffffaa][0xffffffc4]l[0xffffff94]J,\%V[0xffffff80]J,[0xffffffe5][0xffffffbd][0x10][0xfffffff0][0xffffff85][0xffffffa9][0xffffffc4]JR[0x9]E[0xffffff91]Q[0x9][0x7]$[0xffffffa3][0x12][0xffffff8a]e[0xffffffbd]J<[0xffffffe1][0xffffffac]V[0xffffff89]'[0xffffffa2]I*a[0xffffffc6][0xffffff93]U[0x9][0xffffffbb][0xffffffa5][0xffffffac]J[0xffffff98]i[0xffffffe5]TB[0xffffff96][0xffffff96]R[0x9][0x19][0xffffffde][0xffffffdf]W[0xffffff89][0xffffffee][0x12]U[0xfffffff7]yS[0x7f][0xffffffe0][0xffffffe8]x[0xffffffa2][0xffffffaa][0x7]$[0xffffffaa][0xffffffba][0xffffffe9][0xffffffa8][0xffffffd4][0x1][0xffffffde][0xffffffb1]DU[0xffffff97]R[\n]"
08:17:55.215 [TestNG-PoolService-1] DEBUG org.apache.hc.client5.http.wire -- http-outgoing-3 << "[0xffffffa9][0xffffffc4][0xfffffffb]i[0x5]T[0xffffffe2][0xffffffdd][0xffffffd2][0xffffff96][0xffffffab][0xffffffc4][0xffffffbb][0xffffffe1][0xffffffdd]P[0xffffff89][0xffffffa6]*q[0xffffffbc][0xffffff8e]U[0x7f][0xffffff9d][0xffffffd7][0xffffffcf][0xfffffff3][0xffffffc0]*a[0xffffffaf][0xffffffa0])[0xffffffe6][0xffffffdd][0xffffffdc]9S[0x8][0xffffffb8]\2SF[0xffffffb4][0xffffffdc]*C[0xffffffaa][0xffffff84][0xffffffa2][0xffffffc8][0xffffffa8][0xffffff84][0x3][0xffffff92]Q[0x9][0xffffffc5][0xffffffb2]^%[0xffffff9e]pV[0xffffffab][0xffffffc4][0x13][0xffffffd1]$[0xffffff95]0[0xffffffe3][0xffffffc9][0xffffffaa][0xffffff84][0xffffffdd]RV%[0xffffffcc][0xffffffb4]r*!KK[0xffffffa9][0xffffff84][0xc][0xffffffef][0xffffff86]J[0xffffff98][0xffffffeb][0xffffffbc][0xffffff8e][0xffffffd7]8[0xf]J%[0xffffffc0][0xffffffeb][0xffffffbc][0xfffffffe]q[0x2]Z%[0xffffffa0][0xffffffeb][0xffffffbc][0xfffffffe][0xfffffff1]tF%2[0xffffffae][0xfffffff3]z[0xffffff8b]"[0xffffffa3][0x12][0x1][0xffffffd7]y[0xffffffbd][0xffffffc5][0xffffffb2]^%[0xffffffb0][0xffffffeb][0xffffffbc][0xffffffde] [0xffffff9a][0xffffffa4][0x12]9[0xffffffd7]y[0xfffffffd]jKY[0xffffff95][0xffffffc8][0xffffffb8][0xffffffce][0xffffffeb][0xffffffdd][0xffffffd2]R*[0xfffffff1]G[0xffffffd7]y[0xfffffffd][0xfffffff5][0x7f][0xffffff98][0xffffffeb][0xffffffbc][0xffffff8e][0xffffffd7][0xffffffba][0xffffffea][0xffffffef][0xffffffe0][0xfffffff8]y[0x1e]X%[0xffffffd0][0xffffffeb][0xffffffbc][0x1e]g`T[0x2][0xffffffb8][0xffffffce][0xffffffeb][0xffffffbf][0xffffff9f][0xffffff9c][0xffffffa1][0x12][0xfffffff8]u^[0xffffffbf][0x0][0xffffff92]Q[0x9][0xfffffff4]:[0xffffffaf]7pV[0xffffffab]D[0xffffffe4]u^[0xffffffef][0xffffffc7][0xffffff93]U[0xffffff89][0xffffffa4][0xffffffeb][0xffffffbc][0xffffffde]O+[0xffffffa7][0x12][0xfffffffc]u^[0xffffffef][0xffffff86][0xfffffff7][0xffffff97]*[0xfffffff1][0xffffffbf][0xffffffff][0xfffffff7]?[0xffffffff][0xf]~k[0xffffffdc]zO%4[0x0]"
08:17:55.215 [TestNG-PoolService-2] DEBUG org.apache.hc.client5.http.wire -- http-outgoing-5 << "[0xffffffa8][0x12][0x6]ED%,[0xffffff90][0xffffff88]J[0x18],[0xffffffcb]UB[0xffffffe0],V[0x9]A4H%[0xffffffdc]x[0xffffffa2]*[0xffffffe1][0xffffffb7][0x14]U[0x9]7[0xffffffad][0xffffff98]J[0xffffffe8][0xffffffd2]B*[0xffffffa1][0xffffffc3][0xffffffbb][0xffffffa1][0x12][0xffffff87]S[0xffffff89][0xffffffeb][0xffffffa6]^[0xffffffbb][0xfffffffc]<[0xf][0xffffffac][0x12]G[0xffffff80]J[0x1c][0xffffffca]{![0xffffffe0][0x7][0xffffffa6][0x12]G[0xffffff92]J([0xffffff8a][0xffffff8c]J8 [0x19][0xffffff95]P,[0xffffffeb]U[0xffffffe2][0x9]g[0xffffffb5]J<[0x11]MR[0x9]3[0xffffff9e][0xffffffac]J[0xffffffd8]-eU[0xffffffc2]L+[0xffffffa7][0x12][0xffffffb2][0xffffffb4][0xffffff94]J[0xffffffc8][0xfffffff0]n[0xffffffa8][0xffffff84]KT[0xffffffdd]w[0xffffffa3][0xfffffffe][0xffffffc0][0xffffffd1][0xfffffff1]DU[0xf]HTu[0xffffffd3]Q)[0x4][0x1c]KTu)[0xffffffa5][0xffffff90]*[0x11][0xffffff92][0xffffffa8][0xffffffb2]@2*[0x11][0xffffff90][0xffffffa8][0x12]8[0xffffffab]U"8Q[0xffffffe5][0xffffffc6][0xffffff93]U[0xffffff89][0xffffffbc]D[0xffffff95][0xffffff9b]VN%R[0x12]U:[0xffffffbc][0x1b]*[0xffffffa1][0xffffff89][0xffffffaa][0xfffffffe]z[0xffffffbd][0xffffffee][0xffffff8b]R[0x9]<Q[0xffffffd5][0x3][0x12]U[0xffffffdd]tT[\n]"
08:17:55.215 [TestNG-PoolService-2] DEBUG org.apache.hc.client5.http.wire -- http-outgoing-5 << "[0x1][0xffffffc7][0x12]U]J)[0xffffffa4]J[0xffffff84]$[0xffffffaa],[0xffffff90][0xffffff8c]J[0x4]$[0xffffffaa][0x4][0xffffffce]j[0xffffff95][0x8]NT[0xffffffb9][0xfffffff1]dU"/Q[0xffffffe5][0xffffffa6][0xffffff95]S[0xffffff89][0xffffff94]D[0xffffff95][0xe][0xffffffef][0xffffff86]Jh[0xffffffa2][0xffffffea]C%[0xfffffffa]yS*[0xffffff81]'[0xffffffaa]z@[0xffffffa2][0xffffffaa][0xffffff9b][0xffffff8e]J![0xffffffe0]X[0xffffffa2][0xffffffaa]K)[0xffffff85]T[0xffffff89][0xffffff90]D[0xffffff95][0x5][0xffffff92]Q[0xffffff89][0xffffff80]D[0xffffff95][0xffffffc0]Y[0xffffffad][0x12][0xffffffc1][0xffffff89]*7[0xffffff9e][0xffffffac]J[0xffffffe4]%[0xffffffaa][0xffffffdc][0xffffffb4]r*[0xffffff91][0xffffff92][0xffffffa8][0xffffffd2][0xffffffe1][0xffffffdd]P[0x9][0xfffffffd][0x18][0xffffffb4][0xffffffbf][0xffffff8e][0xfffffff3][0xffffffc0][0xffffffde][0xffffff95][0xffffffc0]?[0x6][0xffffffed][0x1][0x1f][0xffffff83]v[0xfffffff3][0xffffffc5]R![0xffffffe0][0xffffffd8][0xffffffc7][0xffffffa0]][0xffffffbe]I"U"[0xffffffe4]cP[0xb]$[0xffffffa3][0x12][0x1][0x1f][0xffffff83][\n]"
08:17:55.216 [TestNG-PoolService-2] DEBUG org.apache.hc.client5.http.wire -- http-outgoing-5 << "[0xffffff9c][0xffffffd5]*[0x11][0xfffffffc]1[0xffffffa8][0x1b]OV%[0xfffffff2]>[0x6]u[0xffffffd3][0xffffffca][0xffffffa9]D[0xffffffca][0xffffffc7][0xffffffa0]:[0xffffffbc][0x1b]*[0xffffffa1][0x1f][0xffffff83]~[0xffffffa8][0xffffffc4][0xffffff9a][0xffffffd8][0x17][0x1c][0xfffffff8][0xffffffc7][0xffffffa0]=[0xffffffe0]c[0xffffffd0]n[0xffffffbe]X*[0x4][0x1c][0xfffffffb][0x18][0xffffffb4][0xffffffcb]7I[0xffffffa4]J[0xffffff84]|[0xc]j[0xffffff81]dT"[0xffffffe0]cP[0xffffff81][0xffffffb3]Z%[0xffffff82]?[0x6]u[0xffffffe3][0xffffffc9][0xffffffaa]D[0xffffffde][0xffffffc7][0xffffffa0]nZ9[0xffffff95]H[0xfffffff9][0x18]T[0xffffff87]wC%n[0xffffffa3][0x12][0xffffffad][0xffffff9d]'[0xffffffa5][0x12]7[0xffffffae][0x12]w[0xffffff80]J[0xffffffdc][0xffffffca]{![0xffffffe0]7[0xffffffa6][0x12]w[0xffffff92]J([0xffffff8a][0xffffff8c]J8 [0x19][0xffffff95]P,[0xffffffeb]U[0xffffffe2][0x9]g[0xffffffb5]J<[0x11]MR[0x9]3[0xffffff9e][0xffffffac]J[0xffffffd8]-eU[0xffffffc2]L+[0xffffffa7][0x12][0xffffffb2][0xffffffb4][0xffffff94]J[0xffffffc8][0xfffffff0][0xfffffffe][0xffffffbe]J[0xc][0xffffffed]J|[0xffffffa8][0xffffffc4][0xfffffff9][0xffffffa2]j[0xffffff97][0x3][0xffffffef]J[0xffffff8c][0xffffff80][0xffffffae][0xffffffc4]0[0x1f]?[0xffffffd7][0x1]>[0xffffffb0][0xffffffae][0xffffffc4][0xffffff90][0xffffffcf][0xffffff9b]A[0xffffff95]0("*a[0xffffff81]DT[0xffffffc2]`Y[0xffffffae][0x12][0x2]g[0xffffffb1]J[0x8][0xffffffa2]A*[0xffffffe1][0xffffffc6][0x13]U[0x9][0xffffffbf][0xffffffa5][0xffffffa8]J[0xffffffb8]i[0xffffffc5]TB[0xffffff97][0x16]R[0x9][0x1d][0xffffffde][\r][0xffffff95]8[0xffffffac]JL[0xffffffea][0xffffffb5][0xffffffcb][0xffffffcf][0xfffffff3][0xffffffc0]*q[0x4][0xffffffa8][0xffffffc4][0xffffffa1][0xffffffbc][0x17][0x2]~`*q$[0xffffffa9][0xffffff84][0xffffffa2][0xffffffc8][0xffffffa8][0xffffff84][0x3][0xffffff92]Q[0x9][0xffffffc5][0xffffffb2]^%[0xffffff9e]pV[0xffffffab][0xffffffc4][0x13][0xffffffd1]$[0xffffff95]0[0xffffffe3][0xffffffc9][0xffffffaa][0xffffff84][0xffffffdd]RV%[0xffffffcc][0xffffffb4]r*!KK[0xffffffa9][0xffffff84][0xc][0xffffffef][0xffffff86]JhW[0xffffffe2]C%[0xffffffae][0xffffff93]z[0xffffffed]r[0xffffffe0]][0xffffff89][0x11][0xffffffd0][0xffffff95][0x18][0xffffffe6][0xffffffe3][0xffffffe7]B[0xffffffc0][0xffffffb1][0xffffffae][0xffffffc4][0xffffff90][0xffffffcf][0xffffff9b]I[0xffffff95][0x8][0xffffffe9]JX [0x19][0xffffff95][0x8][0xffffffe8]J[0x8][0xffffff9c][0xffffffd5]*[0x11][0xffffffdc][0xffffff95]p[0xffffffe3][0xffffffc9][0xffffffaa]D^W[0xffffffc2]M+[0xffffffa7][0x12])][0x9][0x1d][0xffffffde][\r][0xffffff95]p][0xffffff89][0xfffffff6][0xfffffff1][0xffffff8f]R[0x9][0xffffffbc]+1[0x2][0xffffffba][0x12][0xffffffc3]|[0xfffffffc]\[0x8]8[0xffffffd6][0xffffff95][0x18][0xfffffff2]y3[0xffffffa9][0x12]!][0x9][0xb]$[0xffffffa3][0x12][0x1]][0x9][0xffffff81][0xffffffb3]Z%[0xffffff82][0xffffffbb][0x12]n<Y[0xffffff95][0xffffffc8][0xffffffeb]J[0xffffffb8]i[0xffffffe5]T"[0xffffffa5]+[0xffffffa1][0xffffffc3][0xffffffbb][0xffffffa1][0x12][0xffffffae]+[0xffffffd1]F[0xffffffc7][0xffffffde][0xffffff95][0xffffffc0][0xffffffbb][0x12]#[0xffffffa0]+1[0xffffffcc][0xffffffc7][0xffffffcf][0xffffff85][0xffffff80]c][0xffffff89]![0xffffff9f]7[0xffffff93]*[0x11][0xffffffd2][0xffffff95][0xffffffb0]@2*[0x11][0xffffffd0][0xffffff95][0x10]8[0xffffffab]U"[0xffffffb8]+[0xffffffe1][0xffffffc6][0xffffff93]U[0xffffff89][0xffffffbc][0xffffffae][0xffffff84][0xffffff9b]VN%R[0xffffffba][0x12]:[0xffffffbc][0x1b]*[0xffffffd1][0xffffff8d]J[0xffffff9c][0xffffffaf][0xb]S[0xffffff89][0xffffff8e][0xffffffab]D[0xf]P[0xffffff89][0xffffffae][0xffffffbc][0x17][0x2][0xffffffde]1[0xffffff95][0xffffffe8]I*[0xffffffa1](2*[0xffffffe1][0xffffff80]dTB[0xffffffb1][0xffffffac]W[0xffffff89]'[0xffffff9c][0xffffffd5]*[0xfffffff1]D4I%[0xffffffcc]x[0xffffffb2]*a[0xffffffb7][0xffffff94]U[0x9]3[0xffffffad][0xffffff9c]J[0xffffffc8][0xffffffd2]R*![0xffffffc3][0xffffffbb][0xffffffa1][0x12][0xffffffc3][0xffffffa9]D[[0xffffff93]R[0xffffff89][0xffffff81][0xffffffab][0xffffffc4][0x8]P[0xffffff89][0xffffffa1][0xffffffbc][0x17][0x2]>0[0xffffff95][0x18]I*[0xffffffa1](2*[0xffffffe1][0xffffff80]dTB[0xffffffb1][0xffffffac]W[0xffffff89]'[0xffffff9c][0xffffffd5]*[0xfffffff1]D4I%[0xffffffcc]x[0xffffffb2]*a[0xffffffb7][0xffffff94]U[0x9]3[0xffffffad][0xffffff9c]J[0xffffffc8][0xffffffd2]R*![0xffffffc3][0xffffffbb][0xffffffa1][0x12][0xffffffae]"
08:17:55.218 [TestNG-PoolService-2] DEBUG org.apache.hc.client5.http.wire -- http-outgoing-5 << "vy[0xffffffce][0xffffffd7][0xffffffa2]T[0x2][0xffffffaf]][0xffffff8e][0xffffff80][0xffffffda][0xffffffe5]0I[0xffffffb6]B[0xffffffc0][0xffffffb1][0xffffffda][0xffffffe5][0xffffff90][0xffffffe8][0x1a][0xffffffa9][0x12]![0xffffffb5]K[0xb]$[0xffffffa3][0x12][0x1][0xffffffb5]K[0xffffff81][0xffffffb3]Z%[0xffffff82]k[0xffffff97]n<Y[0xffffff95][0xffffffc8][0xffffffab]][0xffffffba]i[0xffffffe5]T"[0xffffffa5]v[0xffffffa9][0xffffffc3][0xffffffbb][0xffffffa1][0x12][0xffffffae]vy[0xffffffae][0xffffff89][0xfffffffd]*[0xffffff81][0xffffffd7].G@[0xffffffed]r[0xffffff98]$[![0xffffffe0]X[0xffffffed]rHt[0xffffff8d]T[0xffffff89][0xffffff90][0xffffffda][0xffffffa5][0x5][0xffffff92]Q[0xffffff89][0xffffff80][0xffffffda][0xffffffa5][0xffffffc0]Y[0xffffffad][0x12][0xffffffc1][0xffffffb5]K7[0xffffff9e][0xffffffac]J[0xffffffe4][0xffffffd5].[0xffffffdd][0xffffffb4]r*[0xffffff91]R[0xffffffbb][0xffffffd4][0xffffffe1][0xffffffdd]P[0x9]W[0xffffffbb][0xffffffbc][0xffffffce][0x3][0xfffffffb]U[0x2][0xffffffaf]][0xffffff8e][0xffffff80][0xffffffda][0xffffffe5]0I[0xffffffb6]B[0xffffffc0][0xffffffb1][0xffffffda][0xffffffe5][0xffffff90][0xffffffe8][0x1a][0xffffffa9][0x12]![0xffffffb5]K[0xb]$[0xffffffa3][0x12][0x1][0xffffffb5]K[0xffffff81][0xffffffb3]Z%[0xffffff82]k[0xffffff97]n<Y[0xffffff95][0xffffffc8][0xffffffab]][0xffffffba]i[0xffffffe5]T"[0xffffffa5]v[0xffffffa9][0xffffffc3][0xfffffffb][0xfffffffb]*1][0xffffffed][0xfffffff2][0xffffffea]/*Q5[0xfffffff1][0xffffffda][0xffffffe5][0xc][0xffffffa8]]N[0xffffff93]d[0xffffffab][0x3]|b[0xffffffb5][0xffffffcb])[0xffffffd1]5P%[0xc][0xffffff8a][0xffffff88]JX [0x11][0xffffff95]0X[0xffffff96][0xffffffab][0xffffff84][0xffffffc0]Y[0xffffffac][0x12][0xffffff82]h[0xffffff90]J[0xffffffb8][0xfffffff1]DU[0xffffffc2]o)[0xffffffaa][0x12]nZ1[0xffffff95][0xffffffd0][0xffffffa5][0xffffff85]TB[0xffffff87]wC%[0xe][0xffffffa7][0x12][0xb][0xffffffeb]J|[0xffffff9e][0x7]V[0xffffff89]#@%[0xe][0xffffffe5][0xffffffbd][0x10][0xfffffff0][0x3]S[0xffffff89]#I%[0x14]EF%[0x1c][0xffffff90][0xffffff8c]J([0xffffff96][0xfffffff5]*[0xfffffff1][0xffffff84][0xffffffb3]Z%[0xffffff9e][0xffffff88]&[0xffffffa9][0xffffff84][0x19]OV%[0xffffffec][0xffffff96][0xffffffb2]*a[0xffffffa6][0xffffff95]S[0x9]YZJ%dx7T[0xffffffc2][0xffffffd5].[0xfffffffb][0xffffffeb][0x18][0xffffff94]J[0xffffffe0][0xffffffb5][0xffffffcb][0x19]P[0xffffffbb][0xffffff9c]&[0xffffffc9]V[0x8]8V[0xffffffbb][0xffffff9c][0x12]]#U"[0xffffffa4]vi[0xffffff81]dT"[0xffffffa0]v)pV[0xffffffab]Dp[0xffffffed][0xffffffd2][0xffffff8d]'[0xffffffab][0x12]y[0xffffffb5]K7[0xffffffad][0xffffff9c]J[0xffffffa4][0xffffffd4].ux7T[0xffffffc2][0xffffffd5].{[0x1b][0xffffffd8][0xffffffaf][0x12]x[0xffffffed]r[0x6][0xffffffd4].[0xffffffa7]I[0xffffffb2][0x15][0x2][0xffffff8e][0xffffffd5].[0xffffffa7]D[0xffffffd7]H[0xffffff95][0x8][0xffffffa9]]Z [0x19][0xffffff95][0x8][0xffffffa8]][\n]"
08:17:55.218 [TestNG-PoolService-2] DEBUG org.apache.hc.client5.http.wire -- http-outgoing-5 << "[0xffffff9c][0xffffffd5]*[0x11]\[0xffffffbb]t[0xffffffe3][0xffffffc9][0xffffffaa]D^[0xffffffed][0xffffffd2]M+[0xffffffa7][0x12])[0xffffffb5]K[0x1d][0xffffffde][\r][0xffffff95]p[0xffffffb5][0xffffffcb]>[0xffffffce][0xffffff8b]R[0x9][0xffffffbc]v9[0x3]j[0xffffff97][0xffffffd3]$[0xffffffd9][\n]"
08:17:55.218 [TestNG-PoolService-2] DEBUG org.apache.hc.client5.http.wire -- http-outgoing-5 << "[0x1][0xffffffc7]j[0xffffff97]S[0xffffffa2]k[0xffffffa4]J[0xffffff84][0xffffffd4].-[0xffffff90][0xffffff8c]J[0x4][0xffffffd4].[0x5][0xffffffce]j[0xffffff95][0x8][0xffffffae]][0xffffffba][0xfffffff1]dU"[0xffffffaf]v[0xffffffe9][0xffffffa6][0xffffff95]S[0xffffff89][0xffffff94][0xffffffda][0xffffffa5][0xe][0xffffffef][0xffffff86]J[0xfffffff4][0xffffffff][0xffffff9c][0xffffffaa][0x12][0xffffffab]Q[0x1f][0xffffff83]~[0xffffff9e][0x7]V[0xffffff89][0xffffffcf][0x13][0xffffffd0]*[0xfffffff1][0xfffffff7][0x19][0x18][0xffffff95][0xfffffff8]|:[0xffffffa3][0x12][0x7f]=9C%[0x14]EF%[0x1c][0xffffff90][0xffffff8c]J([0xffffff96][0xfffffff5]*[0xfffffff1][0xffffff84][0xffffffb3]Z%[0xffffff9e][0xffffff88]&[0xffffffa9][0xffffff84][0x19]OV%[0xffffffec][0xffffff96][0xffffffb2]*a[0xffffffa6][0xffffff95]S[0x9]YZJ%dx7T[0xffffffc2][0xffffffd5].G[0xffffffbb]NJ%[0xfffffff0][0xffffffda][0xffffffe5][0xc][0xffffffa8]]N[0xffffff93]d+[0x4][0x1c][0xffffffab]]N[0xffffff89][0xffffffae][0xffffff91]*[0x11]R[0xffffffbb][0xffffffb4]@2*[0x11]P[0xffffffbb][0x14]8[0xffffffab]U"[0xffffffb8]v[0xffffffe9][0xffffffc6][0xffffff93]U[0xffffff89][0xffffffbc][0xffffffda][0xffffffa5][0xffffff9b]VN%Rj[0xffffff97]:[0xffffffbc][0x1b]*[0xffffffe1]j[0xffffff97][0xffffffe3][0xffffffea][0xffffff98]J[0xffffffe0][0xffffffb5][0xffffffcb][0x19]P[0xffffffbb][0xffffff9c]&[0xffffffc9]V[0x8]8V[0xffffffbb][0xffffff9c][0x12]]#U"[0xffffffa4]vi[0xffffff81]dT"[0xffffffa0]v)pV[0xffffffab]Dp[0xffffffed][0xffffffd2][0xffffff8d]'[0xffffffab][0x12]y[0xffffffb5]K7[0xffffffad][0xffffff9c]J[0xffffffa4][0xffffffd4].ux7T[0xffffffc2][0xffffffd5].[0xffffffc7]\[0xffffff98]J[0xffffffe0][0xffffffb5][0xffffffcb][0x19]P[0xffffffbb][0xffffff9c]&[0xffffffc9]V[0x8]8V[0xffffffbb][0xffffff9c][0x12]]#U"[0xffffffa4]vi[0xffffff81]dT"[0xffffffa0]v)pV[0xffffffab]Dp[0xffffffed][0xffffffd2][0xffffff8d]'[0xffffffab][0x12]y[0xffffffb5]K7[0xffffffad][0xffffff9c]J[0xffffffa4][0xffffffd4].ux[0xffffffb7]TB[0xffffffdf][0xffffff95]`U[0xffffff82]~Wb[0x5][0xffffffbc]+[0xffffffb1][0xfffffff4][0xf]z[0xffffffa5][0xffffff80]S[0xffffffef]J[0xffffffac][0xffffffa4]w%[0x14]EJ%R[0xffffffde][0xffffff95]P,[0x9][0xffffff95]`[0xffffffdf][0xffffff95]x"[0xffffff9a][0xffffffa5][0x12]a[0xffffffef]J[0xffffffd8]-[0xffffffa5]U"[0xffffffe8]][0x9]YZN%[0xfffffffe][0xfffffffc]][0x9][0x17][0xffffffce][0xffffff9e][0xffffffaf][0xffffff86][0xffffffd5].[0xfffffff1]p[0xfffffff6][0xc][0x8]gOSw-[0x4][0x1c][0xb]gO[0xffffffe9][0xffffffb7][0xffffff92]*[0x11][0x12][0xffffffce][0xffffffb6]@2*[0x11][0x10][0xffffffce][0x16]8[0xffffffab]U"8[0xffffff9c][0xffffffed][0xffffffc6][0xffffff93]U[0xffffff89][0xffffffbc]p[0xffffffb6][0xffffff9b]VN%R[0xffffffc2][0xffffffd9]:[0xffffffbc][0xffffffbf][0xffffffaf][0x12][0xffffffcb][0xffffff85][0xffffffb3][0xffffffe7]5[0xffffffa8]D[0xffffffd5][0xffffffc2][0xffffffc3][0xffffffd9]+ [0xffffff9c][0xffffffbd]L[0xffffffdd][0xffffffb5][0xe][0xfffffff0][0xffffff85][0xffffff85][0xffffffb3][0xffffff97][0xfffffff4][A[0xffffff95]0("*a[0xffffff81]DT[0xffffffc2]`Y[0xffffffae][0x12][0x2]g[0xffffffb1]J[0x8][0xffffffa2]A*[0xffffffe1][0xffffffc6][0x13]U[0x9][0xffffffbf][0xffffffa5][0xffffffa8]J[0xffffffb8]i[0xffffffc5]TB[0xffffff97][0x16]R[0x9][0x1d][0xffffffde][\r][0xffffff95]8[0xffffff9c]J[0xffffff8c][0xfffffffb]E[0xffffffa9][0xffffffc4][0xffffff81][0xffffffab][0xffffffc4][0x11][0xffffffa0][0x12][0xffffff87][0xfffffff2]^[0x8][0xfffffff8][0xffffff81][0xffffffa9][0xffffffc4][0xffffff91][0xffffffa4][0x12][0xffffff8a]"[0xffffffa3][0x12][0xe]HF%[0x14][0xffffffcb]z[0xffffff95]x[0xffffffc2]Y[0xffffffad][0x12]OD[0xffffff93]T[0xffffffc2][0xffffff8c]'[0xffffffab][0x12]vKY[0xffffff95]0[0xffffffd3][0xffffffca][0xffffffa9][0xffffff84],-[0xffffffa5][0x12]2[0xffffffbc][*[0xffffffa1][0xffffffef]J[0xffffffb0]*[0x1][0xffffffbf]+[0xfffffff1]u[0x2]^%[0xffffffc0]w%[0xffffffbe][0xffffff9e]N[0xffffffa9]D[0xffffffce][0xffffffbb][0x12][0x6]EJ%B[0xffffffde][0xffffff95]0X[0x12]*[0xffffff81][0xffffffbe]+![0xffffff88]f[0xffffffa9]D[0xffffffd6][0xffffffbb][0x12]~Ki[0xffffff95][0xffffffc8]yWB[0xffffff97][0xffffff96]S[0xffffff89]?~Wb[0xffffffb9];8[0xffffffd6]qb*[0xffffff81][0xffffffdf][0xffffffc1][0xffffffb1][0x2][0xffffffee][0xffffffe0]X&[0x14]_[0x8]8v[0x7][0xffffffc7][0xffffff92][0x14]<[0xffffffa9][0x12]!wpX [0x19][0xffffff95][0x8][0xffffffb8][0xffffff83]C[0xffffffe0][0xffffffac]V[0xffffff89][0xffffffe0];8[0xffffffdc]x[0xffffffb2]*[0xffffff91]w[0x7][0xffffff87][0xffffff9b]VN%R[0xffffffee][0xffffffe0][0xffffffd0][0xffffffe1][0xffffffdd]P[0x9]w[0x7][0xffffffc7]:[0xffffffb1][0xffffffeb][0xffffffbc][0x16]~[0x7][0xffffffc7][\n]"
08:17:55.219 [TestNG-PoolService-2] DEBUG org.apache.hc.client5.http.wire -- http-outgoing-5 << "[0xffffffb8][0xffffff83]c[0xffffff99]P|![0xffffffe0][0xffffffd8][0x1d][0x1c]KR[0xfffffff0][0xffffffa4]J[0xffffff84][0xffffffdc][0xffffffc1]a[0xffffff81]dT"[0xffffffe0][0xe][0xe][0xffffff81][0xffffffb3]Z%[0xffffff82][0xffffffef][0xffffffe0]p[0xffffffe3][0xffffffc9][0xffffffaa]D[0xffffffde][0x1d][0x1c]nZ9[0xffffff95]H[0xffffffb9][0xffffff83]C[0xffffff87]wC%[0xffffffdc][0x1d][0x1c]k[0xffffffdc][0xffffffd4][0x17][0x1c][0xb][0xffffffbf][0xffffff83]c[0x5][0xffffffdc][0xffffffc1][0xffffffb1]L([0xffffffbe][0x10]p[0xffffffec][0xe][0xffffff8e]%)xR%B[0xffffffee][0xffffffe0][0xffffffb0]@2*[0x11]p[0x7][0xffffff87][0xffffffc0]Y[0xffffffad][0x12][0xffffffc1]wp[0xffffffb8][0xfffffff1]dU"[0xffffffef][0xe][0xe]7[0xffffffad][0xffffff9c]J[0xffffffa4][0xffffffdc][0xffffffc1][0xffffffa1][0xffffffc3][0xffffffbb][0xffffffa1][0x12][0xffffffdd][0xffffffa9][0xffffffc4][0x1c][0xffffff8b]R[0xffffff89][0xffffff8e][0xffffffab]D[0xf]P[0xffffff89][0xffffffae][0xffffffbc][0x17][0x2][0xffffffde]1[0xffffff95][0xffffffe8]I*[0xffffffa1](2*[0xffffffe1][0xffffff80]dTB[0xffffffb1][0xffffffac]W[0xffffff89]'[0xffffff9c][0xffffffd5]*[0xfffffff1]D4I%[0xffffffcc]x[0xffffffb2]*a[0xffffffb7][0xffffff94]U[0x9]3[0xffffffad][0xffffff9c]J[0xffffffc8][0xffffffd2]R*![0xffffffc3][0xffffffbb][0xffffffa1][0x12][0xffffffee][0xe][0xffffff8e][0xffffffc5]][0xffffffe7][0xffffffb5][0xfffffff0];8V[0xffffffc0][0x1d][0x1c][0xffffffcb][0xffffff84][0xffffffe2][0xb][0x1][0xffffffc7][0xffffffee][0xffffffe0]X[0xffffff92][0xffffff82]'U"[0xffffffe4][0xe][0xe][0xb]$[0xffffffa3][0x12][0x1]wp[0x8][0xffffff9c][0xffffffd5]*[0x11]|[0x7][0xffffff87][0x1b]OV%[0xfffffff2][0xffffffee][0xffffffe0]p[0xffffffd3][0xffffffca][0xffffffa9]D[0xffffffca][0x1d][0x1c]:[0xffffffbc][0x1b]*[0xffffffe1][0xffffffee][0xffffffe0]XkuJ%[0xfffffff0];8V[0xffffffc0][0x1d][0x1c][0xffffffcb][0xffffff84][0xffffffe2][0xb][0x1][0xffffffc7][0xffffffee][0xffffffe0]X[0xffffff92][0xffffff82]'U"[0xffffffe4][0xe][0xe][0xb]$[0xffffffa3][0x12][0x1]wp[0x8][0xffffff9c][0xffffffd5]*[0x11]|[0x7][0xffffff87][0x1b]OV%[0xfffffff2][0xffffffee][0xffffffe0]p[0xffffffd3][0xffffffca][0xffffffa9]D[0xffffffca][0x1d][0x1c]:[0xffffffbc][0x1b]*[0xffffffe1][0xffffffee][0xffffffe0]Xw[0xffffffbf]([0xffffff95][0xffffffc0][0xffffffef][0xffffffe0]X[0x1]wp,[0x13][0xffffff8a]/[0x4][0x1c][0xffffffbb][0xffffff83]cI[\n]"
08:17:55.219 [TestNG-PoolService-2] DEBUG org.apache.hc.client5.http.wire -- http-outgoing-5 << "[0xffffff9e]T[0xffffff89][0xffffff90];8,[0xffffff90][0xffffff8c]J[0x4][0xffffffdc][0xffffffc1]!pV[0xffffffab]D[0xfffffff0][0x1d][0x1c]n<Y[0xffffff95][0xffffffc8][0xffffffbb][0xffffff83][0xffffffc3]M+[0xffffffa7][0x12])wp[0xffffffe8][0xfffffff0]n[0xffffffa8][0xffffff84][0xb]g[0xffffffdf][0xffffffc7][0xffffffc0]~[0xffffff95][0xffffffc0][0xffffffc3][0xffffffd9]+ [0xffffff9c][0xffffffbd]L[0xffffffdd][0xffffffb5][0x10]p,[0xffffff9c][0xffffffbd][0xffffffa4][0xffffffdf]J[0xffffffaa]DH8[0xffffffdb][0x2][0xffffffc9][0xffffffa8]D@8[[0xffffffe0][0xffffffac]V[0xffffff89][0xffffffe0]p[0xffffffb6][0x1b]OV%[0xfffffff2][0xffffffc2][0xffffffd9]nZ9[0xffffff95]H[0x9]g[0xffffffeb][0xfffffff0][0xfffffffe][0xffffffbe]J[0xffffffdc].[0xffffff9c]}[0xffffff9f][0xffffff8d][0xfffffffa][0x18][0xfffffff4][0xffffffc6][0xffffffc3][0xffffffd9]w@8[0xfffffffb]6u[0xffffffd7]:[0xffffffc0]o,[0xffffff9c]}K[0xffffffbf][0x15]T[0x9][0xffffff83]"[0xffffffa2][0x12][0x16]HD%[0xc][0xffffff96][0xffffffe5]*!p[0x16][0xffffffab][0xffffff84] [0x1a][0xffffffa4][0x12]n<Q[0xffffff95][0xfffffff0][[0xffffff8a][0xffffffaa][0xffffff84][0xffffff9b]VL%ti![0xffffff95][0xffffffd0][0xffffffe1][0xffffffdd]R[0xffffff89][0x16][0xffffffa6][0x12][\r]W[0xffffff89][0x16][0xffffffa0][0x12][\r]U[0xffffff89][0xffffff86][0xffffffa9]DKR[0xffffff89]'[0xffffff8a][0xffffff94]J([0xffffff90][0xffffff94]J<[0xffffffb1]$T[0xffffffa2][0xffffffc1]*[0xffffffd1][0xffffff82]UB[0xffffffc6][0xffffff93]V[0x9][0xffffffb3][0xffffffa5][0xffffffb4]J[0xffffffc8][0xffffffb4][0xffffff92]*[0xffffffd1]RT[0xffffffa2][0xfffffffd][0xb]*1[0xffffffc2]Tb[0xffffffe0]*1[0x2]Tb[0xffffffa0]*10[0xffffff95][0x18]I*[0xfffffff1]D[0xffffff91]R[0x9][0x5][0xffffff92]R[0xffffff89]'[0xffffff96][0xffffff84]J[0xc]X%F[0xffffffb0]J[0xffffffc8]x[0xffffffd2]*a[0xffffffb6][0xffffff94]V[0x9][0xffffff99]VR%F[0xffffff8a]J[0xffffff8c][0x7f]A%f[0xffffff98]JL\%f[0xffffff80]JLT%&[0xffffffa6][0x12]3I%[0xffffff9e](R*[0xffffffa1]@R*[0xfffffff1][0xffffffc4][0xffffff92]P[0xffffff89][0x9][0xffffffab][0xffffffc4][0xc]V[0x9][0x19]OZ%[0xffffffcc][0xffffff96][0xffffffd2]*![0xffffffd3]J[0xffffffaa][0xffffffc4]LQ[0xffffff89][0xffffffb9][0xffffffaf][0x12][0xffffffed][0xfffffffb][0xffffffff]8[0xffffffdc][0xffffffbb][0x12][0xfffffff7][0xffffffac][0xffffffef]J[0xfffffffc]<[0xf][0xffffffa5][0x12][0xffffffff]8[0x1][0xffffffa6][0x12][0xffffff8f]3[0x14][0xffffffab][0xffffffc4]?[0xffffff9e]^[0xffffffac][0x12][0xffffffff][0xfffffffd]dX%[0xffffffde][0xffffffa2]X[0xffffffac][0x12][0xffffffbf][0x0][0xffffffb2]X%[0xffffffde]bY[0xffffffa8][0x12]o[0xffffffe0],S[0xffffff89]7[0xffffff88]F[0xffffffa8][0xffffffc4][0xfffffffb][0xfffffff1][0xffffff84]T[0xffffffe2]W[[\n]"
08:17:55.219 [TestNG-PoolService-2] DEBUG org.apache.hc.client5.http.wire -- http-outgoing-5 << "[0xffffffa9][0xffffffc4][0xfffffffb]i[0x5]T[0xffffffe2][0xffffffdd][0xffffffd2][0xffffff96][0xffffffab][0xffffffc4][0xffffffbb][0xffffffe1][0xffffffdd]P[0xffffff89][0xffffffa6]*q[0xffffffbc][0xffffff8e]U[0x7f][0xffffff9d][0xffffffd7][0xffffffcf][0xfffffff3][0xffffffc0]*a[0xffffffaf][0xffffffa0])[0xffffffe6][0xffffffdd][0xffffffdc]9S[0x8][0xffffffb8]\2SF[0xffffffb4][0xffffffdc]*C[0xffffffaa][0xffffff84][0xffffffa2][0xffffffc8][0xffffffa8][0xffffff84][0x3][0xffffff92]Q[0x9][0xffffffc5][0xffffffb2]^%[0xffffff9e]pV[0xffffffab][0xffffffc4][0x13][0xffffffd1]$[0xffffff95]0[0xffffffe3][0xffffffc9][0xffffffaa][0xffffff84][0xffffffdd]RV%[0xffffffcc][0xffffffb4]r*!KK[0xffffffa9][0xffffff84][0xc][0xffffffef][0xffffff86]J[0xffffff98][0xffffffeb][0xffffffbc][0xffffff8e][0xffffffd7]8[0xf]J%[0xffffffc0][0xffffffeb][0xffffffbc][0xfffffffe]q[0x2]Z%[0xffffffa0][0xffffffeb][0xffffffbc][0xfffffffe][0xfffffff1]tF%2[0xffffffae][0xfffffff3]z[0xffffff8b]"[0xffffffa3][0x12][0x1][0xffffffd7]y[0xffffffbd][0xffffffc5][0xffffffb2]^%[0xffffffb0][0xffffffeb][0xffffffbc][0xffffffde] [0xffffff9a][0xffffffa4][0x12]9[0xffffffd7]y[0xfffffffd]jKY[0xffffff95][0xffffffc8][0xffffffb8][0xffffffce][0xffffffeb][0xffffffdd][0xffffffd2]R*[0xfffffff1]G[0xffffffd7]y[0xfffffffd][0xfffffff5][0x7f][0xffffff98][0xffffffeb][0xffffffbc][0xffffff8e][0xffffffd7][0xffffffba][0xffffffea][0xffffffef][0xffffffe0][0xfffffff8]y[0x1e]X%[0xffffffd0][0xffffffeb][0xffffffbc][0x1e]g`T[0x2][0xffffffb8][0xffffffce][0xffffffeb][0xffffffbf][0xffffff9f][0xffffff9c][0xffffffa1][0x12][0xfffffff8]u^[0xffffffbf][0x0][0xffffff92]Q[0x9][0xfffffff4]:[0xffffffaf]7pV[0xffffffab]D[0xffffffe4]u^[0xffffffef][0xffffffc7][0xffffff93]U[0xffffff89][0xffffffa4][0xffffffeb][0xffffffbc][0xffffffde]O+[0xffffffa7][0x12][0xfffffffc]u^[0xffffffef][0xffffff86][0xfffffff7][0xffffff97]*[0xfffffff1][0xffffffbf][0xffffffff][0xfffffff7]?[0xffffffff][0xf]~k[0xffffffdc]zO%4[0x0]"
08:17:55.661 [TestNG-PoolService-2] DEBUG org.apache.hc.client5.http.impl.classic.InternalHttpClient -- ep-0000000006 releasing valid endpoint
08:17:55.661 [TestNG-PoolService-2] DEBUG org.apache.hc.client5.http.impl.io.PoolingHttpClientConnectionManager -- ep-0000000006 releasing endpoint
08:17:55.661 [TestNG-PoolService-2] DEBUG org.apache.hc.client5.http.impl.io.PoolingHttpClientConnectionManager -- ep-0000000006 connection http-outgoing-5 can be kept alive for 3 MINUTES
08:17:55.661 [TestNG-PoolService-2] DEBUG org.apache.hc.client5.http.impl.io.PoolingHttpClientConnectionManager -- ep-0000000006 connection released [route: {s}->https://googlechromelabs.github.io:443][total available: 2; route allocated: 1 of 5; total allocated: 2 of 25]
08:17:55.666 [TestNG-PoolService-2] INFO io.github.bonigarcia.wdm.WebDriverManager -- Using chromedriver 139.0.7258.154 (resolved driver for Chrome 139)
08:17:55.667 [TestNG-PoolService-1] DEBUG org.apache.hc.client5.http.impl.classic.InternalHttpClient -- ep-0000000004 releasing valid endpoint
08:17:55.667 [TestNG-PoolService-1] DEBUG org.apache.hc.client5.http.impl.io.PoolingHttpClientConnectionManager -- ep-0000000004 releasing endpoint
08:17:55.667 [TestNG-PoolService-1] DEBUG org.apache.hc.client5.http.impl.io.PoolingHttpClientConnectionManager -- ep-0000000004 connection http-outgoing-3 can be kept alive for 3 MINUTES
08:17:55.667 [TestNG-PoolService-1] DEBUG org.apache.hc.client5.http.impl.io.PoolingHttpClientConnectionManager -- ep-0000000004 connection released [route: {s}->https://googlechromelabs.github.io:443][total available: 2; route allocated: 1 of 5; total allocated: 2 of 25]
08:17:55.668 [TestNG-PoolService-1] INFO io.github.bonigarcia.wdm.WebDriverManager -- Using chromedriver 139.0.7258.154 (resolved driver for Chrome 139)
08:17:55.669 [TestNG-PoolService-3] DEBUG org.apache.hc.client5.http.impl.classic.InternalHttpClient -- ep-0000000005 releasing valid endpoint
08:17:55.669 [TestNG-PoolService-3] DEBUG org.apache.hc.client5.http.impl.io.PoolingHttpClientConnectionManager -- ep-0000000005 releasing endpoint
08:17:55.669 [TestNG-PoolService-3] DEBUG org.apache.hc.client5.http.impl.io.PoolingHttpClientConnectionManager -- ep-0000000005 connection http-outgoing-4 can be kept alive for 3 MINUTES
08:17:55.669 [TestNG-PoolService-3] DEBUG org.apache.hc.client5.http.impl.io.PoolingHttpClientConnectionManager -- ep-0000000005 connection released [route: {s}->https://googlechromelabs.github.io:443][total available: 2; route allocated: 1 of 5; total allocated: 2 of 25]
08:17:55.671 [TestNG-PoolService-3] INFO io.github.bonigarcia.wdm.WebDriverManager -- Using chromedriver 139.0.7258.154 (resolved driver for Chrome 139)
08:17:55.673 [TestNG-PoolService-2] DEBUG io.github.bonigarcia.wdm.cache.ResolutionCache -- Storing resolution chrome=139 in cache (valid until 09:17:55 05/09/2025 IST)
08:17:55.673 [TestNG-PoolService-1] DEBUG io.github.bonigarcia.wdm.cache.ResolutionCache -- Storing resolution chrome=139 in cache (valid until 09:17:55 05/09/2025 IST)
08:17:55.673 [TestNG-PoolService-3] DEBUG io.github.bonigarcia.wdm.cache.ResolutionCache -- Storing resolution chrome=139 in cache (valid until 09:17:55 05/09/2025 IST)
08:17:55.677 [TestNG-PoolService-2] DEBUG io.github.bonigarcia.wdm.cache.ResolutionCache -- Storing resolution chrome139=139.0.7258.154 in cache (valid until 08:17:55 06/09/2025 IST)
08:17:55.677 [TestNG-PoolService-1] DEBUG io.github.bonigarcia.wdm.cache.ResolutionCache -- Storing resolution chrome139=139.0.7258.154 in cache (valid until 08:17:55 06/09/2025 IST)
08:17:55.677 [TestNG-PoolService-3] DEBUG io.github.bonigarcia.wdm.cache.ResolutionCache -- Storing resolution chrome139=139.0.7258.154 in cache (valid until 08:17:55 06/09/2025 IST)
08:17:55.738 [TestNG-PoolService-3] DEBUG io.github.bonigarcia.wdm.WebDriverManager -- Driver chromedriver 139.0.7258.154 found in cache
08:17:55.738 [TestNG-PoolService-2] DEBUG io.github.bonigarcia.wdm.WebDriverManager -- Driver chromedriver 139.0.7258.154 found in cache
08:17:55.739 [TestNG-PoolService-1] DEBUG io.github.bonigarcia.wdm.WebDriverManager -- Driver chromedriver 139.0.7258.154 found in cache
08:17:55.741 [TestNG-PoolService-1] INFO io.github.bonigarcia.wdm.WebDriverManager -- Exporting webdriver.chrome.driver as C:\Users\durga\.cache\selenium\chromedriver\win64\139.0.7258.154\chromedriver.exe
08:17:55.741 [TestNG-PoolService-2] INFO io.github.bonigarcia.wdm.WebDriverManager -- Exporting webdriver.chrome.driver as C:\Users\durga\.cache\selenium\chromedriver\win64\139.0.7258.154\chromedriver.exe
08:17:55.741 [TestNG-PoolService-3] INFO io.github.bonigarcia.wdm.WebDriverManager -- Exporting webdriver.chrome.driver as C:\Users\durga\.cache\selenium\chromedriver\win64\139.0.7258.154\chromedriver.exe
2025-09-05 08:18:02 INFO  Log:11 - Navigated to the login page
2025-09-05 08:18:02 INFO  Log:11 - Navigated to the login page
2025-09-05 08:18:02 INFO  Log:11 - Navigated to the login page
  &amp#27;[32mGiven &amp#27;[0m&amp#27;[32mI am on the Rahul Shetty Academy login page&amp#27;[0m                           &amp#27;[90m# setoDefinition.LoginSteps.i_am_on_the_rahul_shetty_academy_login_page()&amp#27;[0m
  &amp#27;[32mGiven &amp#27;[0m&amp#27;[32mI am on the Rahul Shetty Academy login page&amp#27;[0m                            &amp#27;[90m# setoDefinition.LoginSteps.i_am_on_the_rahul_shetty_academy_login_page()&amp#27;[0m
  &amp#27;[32mGiven &amp#27;[0m&amp#27;[32mI am on the Rahul Shetty Academy login page&amp#27;[0m                            &amp#27;[90m# setoDefinition.LoginSteps.i_am_on_the_rahul_shetty_academy_login_page()&amp#27;[0m
2025-09-05 08:18:02 INFO  Log:11 - Entering username
2025-09-05 08:18:02 INFO  Log:11 - Entering username
2025-09-05 08:18:02 INFO  Log:11 - Entering username
2025-09-05 08:18:02 INFO  Log:11 - Entering password
2025-09-05 08:18:02 INFO  Log:11 - Entering password
2025-09-05 08:18:03 INFO  Log:11 - Entering password
  &amp#27;[32mWhen &amp#27;[0m&amp#27;[32mI enter username &amp#27;[0m&amp#27;[32m&amp#27;[1m"satyadurgayanangi@gmail.com"&amp#27;[0m&amp#27;[32m and password &amp#27;[0m&amp#27;[32m&amp#27;[1m"Durga@123"&amp#27;[0m &amp#27;[90m# setoDefinition.LoginSteps.i_enter_username_and_password(java.lang.String,java.lang.String)&amp#27;[0m
2025-09-05 08:18:03 INFO  Log:11 - Clicking the login button
  &amp#27;[32mWhen &amp#27;[0m&amp#27;[32mI enter username &amp#27;[0m&amp#27;[32m&amp#27;[1m"satyadurgayanangi@gmail.com"&amp#27;[0m&amp#27;[32m and password &amp#27;[0m&amp#27;[32m&amp#27;[1m"Durga@123"&amp#27;[0m &amp#27;[90m# setoDefinition.LoginSteps.i_enter_username_and_password(java.lang.String,java.lang.String)&amp#27;[0m
  &amp#27;[32mWhen &amp#27;[0m&amp#27;[32mI enter username &amp#27;[0m&amp#27;[32m&amp#27;[1m"satyadurgayanangi@gmail.cm"&amp#27;[0m&amp#27;[32m and password &amp#27;[0m&amp#27;[32m&amp#27;[1m"Durga@123"&amp#27;[0m &amp#27;[90m# setoDefinition.LoginSteps.i_enter_username_and_password(java.lang.String,java.lang.String)&amp#27;[0m
2025-09-05 08:18:03 INFO  Log:11 - Clicking the login button
2025-09-05 08:18:03 INFO  Log:11 - Clicking the login button
  &amp#27;[32mAnd &amp#27;[0m&amp#27;[32mI click the login button&amp#27;[0m                                                 &amp#27;[90m# setoDefinition.LoginSteps.i_click_the_login_button()&amp#27;[0m
2025-09-05 08:18:03 INFO  Log:11 - Verifying redirection to homepage
  &amp#27;[32mAnd &amp#27;[0m&amp#27;[32mI click the login button&amp#27;[0m                                                 &amp#27;[90m# setoDefinition.LoginSteps.i_click_the_login_button()&amp#27;[0m
2025-09-05 08:18:03 INFO  Log:11 - Verifying redirection to homepage
  &amp#27;[32mAnd &amp#27;[0m&amp#27;[32mI click the login button&amp#27;[0m                                                &amp#27;[90m# setoDefinition.LoginSteps.i_click_the_login_button()&amp#27;[0m
2025-09-05 08:18:03 INFO  Log:11 - Verifying redirection to homepage
  &amp#27;[32mThen &amp#27;[0m&amp#27;[32mI should be redirected to the homepage&amp#27;[0m                                  &amp#27;[90m# setoDefinition.LoginSteps.i_should_be_redirected_to_the_homepage()&amp#27;[0m
  &amp#27;[32mThen &amp#27;[0m&amp#27;[32mI should be redirected to the homepage&amp#27;[0m                                  &amp#27;[90m# setoDefinition.LoginSteps.i_should_be_redirected_to_the_homepage()&amp#27;[0m
]]></system-out>
  </testcase>
  <testcase name="runScenario[&quot;login attempt&quot;, &quot;Rahul Shetty Academy Login&quot;](2)" classname="runners.TestRunner" time="14.209"/>
  <testcase name="runScenario[&quot;login attempt&quot;, &quot;Rahul Shetty Academy Login&quot;](3)" classname="runners.TestRunner" time="23.101">
    <failure message="no such element: Unable to locate element: {&quot;method&quot;:&quot;xpath&quot;,&quot;selector&quot;:&quot;//button[normalize-space()=&apos;Sign Out&apos;]&quot;}&#10;  (Session info: chrome=139.0.7258.155)&#10;For documentation on this error, please visit: https://www.selenium.dev/documentation/webdriver/troubleshooting/errors#no-such-element-exception&#10;Build info: version: &apos;4.35.0&apos;, revision: &apos;1c58e5028b&apos;&#10;System info: os.name: &apos;Windows 11&apos;, os.arch: &apos;amd64&apos;, os.version: &apos;10.0&apos;, java.version: &apos;21.0.8&apos;&#10;Driver info: org.openqa.selenium.chrome.ChromeDriver&#10;Command: [4c93ec50eb6f49a6c0b01a6c43fe14c3, findElement {using=xpath, value=//button[normalize-space()=&apos;Sign Out&apos;]}]&#10;Capabilities {acceptInsecureCerts: false, browserName: chrome, browserVersion: 139.0.7258.155, chrome: {chromedriverVersion: 139.0.7258.154 (9e0d6b2b47f..., userDataDir: C:\Users\durga\AppData\Loca...}, fedcm:accounts: true, goog:chromeOptions: {debuggerAddress: localhost:52813}, networkConnectionEnabled: false, pageLoadStrategy: normal, platformName: windows, proxy: Proxy(), se:cdp: ws://localhost:52813/devtoo..., se:cdpVersion: 139.0.7258.155, setWindowRect: true, strictFileInteractability: false, timeouts: {implicit: 0, pageLoad: 300000, script: 30000}, unhandledPromptBehavior: dismiss and notify, webauthn:extension:credBlob: true, webauthn:extension:largeBlob: true, webauthn:extension:minPinLength: true, webauthn:extension:prf: true, webauthn:virtualAuthenticators: true}&#10;Session ID: 4c93ec50eb6f49a6c0b01a6c43fe14c3" type="org.openqa.selenium.NoSuchElementException"><![CDATA[org.openqa.selenium.NoSuchElementException: 
no such element: Unable to locate element: {"method":"xpath","selector":"//button[normalize-space()='Sign Out']"}
  (Session info: chrome=139.0.7258.155)
For documentation on this error, please visit: https://www.selenium.dev/documentation/webdriver/troubleshooting/errors#no-such-element-exception
Build info: version: '4.35.0', revision: '1c58e5028b'
System info: os.name: 'Windows 11', os.arch: 'amd64', os.version: '10.0', java.version: '21.0.8'
Driver info: org.openqa.selenium.chrome.ChromeDriver
Command: [4c93ec50eb6f49a6c0b01a6c43fe14c3, findElement {using=xpath, value=//button[normalize-space()='Sign Out']}]
Capabilities {acceptInsecureCerts: false, browserName: chrome, browserVersion: 139.0.7258.155, chrome: {chromedriverVersion: 139.0.7258.154 (9e0d6b2b47f..., userDataDir: C:\Users\durga\AppData\Loca...}, fedcm:accounts: true, goog:chromeOptions: {debuggerAddress: localhost:52813}, networkConnectionEnabled: false, pageLoadStrategy: normal, platformName: windows, proxy: Proxy(), se:cdp: ws://localhost:52813/devtoo..., se:cdpVersion: 139.0.7258.155, setWindowRect: true, strictFileInteractability: false, timeouts: {implicit: 0, pageLoad: 300000, script: 30000}, unhandledPromptBehavior: dismiss and notify, webauthn:extension:credBlob: true, webauthn:extension:largeBlob: true, webauthn:extension:minPinLength: true, webauthn:extension:prf: true, webauthn:virtualAuthenticators: true}
Session ID: 4c93ec50eb6f49a6c0b01a6c43fe14c3
	at java.base/jdk.internal.reflect.DirectConstructorHandleAccessor.newInstance(DirectConstructorHandleAccessor.java:62)
	at java.base/java.lang.reflect.Constructor.newInstanceWithCaller(Constructor.java:502)
	at java.base/java.lang.reflect.Constructor.newInstance(Constructor.java:486)
	at org.openqa.selenium.remote.ErrorCodec.decode(ErrorCodec.java:167)
	at org.openqa.selenium.remote.codec.w3c.W3CHttpResponseCodec.decode(W3CHttpResponseCodec.java:138)
	at org.openqa.selenium.remote.codec.w3c.W3CHttpResponseCodec.decode(W3CHttpResponseCodec.java:50)
	at org.openqa.selenium.remote.HttpCommandExecutor.execute(HttpCommandExecutor.java:215)
	at org.openqa.selenium.remote.service.DriverCommandExecutor.invokeExecute(DriverCommandExecutor.java:216)
	at org.openqa.selenium.remote.service.DriverCommandExecutor.execute(DriverCommandExecutor.java:174)
	at org.openqa.selenium.remote.RemoteWebDriver.execute(RemoteWebDriver.java:557)
	at org.openqa.selenium.remote.ElementLocation$ElementFinder$2.findElement(ElementLocation.java:165)
	at org.openqa.selenium.remote.ElementLocation.findElement(ElementLocation.java:59)
	at org.openqa.selenium.remote.RemoteWebDriver.findElement(RemoteWebDriver.java:380)
	at org.openqa.selenium.remote.RemoteWebDriver.findElement(RemoteWebDriver.java:374)
	at PageObjects.LoginPage.displaySignOutbutton(LoginPage.java:44)
	at setoDefinition.LoginSteps.i_should_be_redirected_to_the_homepage(LoginSteps.java:44)
	at ✽.I should be redirected to the homepage(file:///C:/Users/durga/eclipse-workspace/CucumberTest/src/test/java/Features/login.feature:7)
]]></failure>
    <system-out><![CDATA[  &amp#27;[31mThen &amp#27;[0m&amp#27;[31mI should be redirected to the homepage&amp#27;[0m                                 &amp#27;[90m# setoDefinition.LoginSteps.i_should_be_redirected_to_the_homepage()&amp#27;[0m
      &amp#27;[31morg.openqa.selenium.NoSuchElementException: no such element: Unable to locate element: {"method":"xpath","selector":"//button[normalize-space()='Sign Out']"}
  (Session info: chrome=139.0.7258.155)
For documentation on this error, please visit: https://www.selenium.dev/documentation/webdriver/troubleshooting/errors#no-such-element-exception
Build info: version: '4.35.0', revision: '1c58e5028b'
System info: os.name: 'Windows 11', os.arch: 'amd64', os.version: '10.0', java.version: '21.0.8'
Driver info: org.openqa.selenium.chrome.ChromeDriver
Command: [4c93ec50eb6f49a6c0b01a6c43fe14c3, findElement {using=xpath, value=//button[normalize-space()='Sign Out']}]
Capabilities {acceptInsecureCerts: false, browserName: chrome, browserVersion: 139.0.7258.155, chrome: {chromedriverVersion: 139.0.7258.154 (9e0d6b2b47f..., userDataDir: C:\Users\durga\AppData\Loca...}, fedcm:accounts: true, goog:chromeOptions: {debuggerAddress: localhost:52813}, networkConnectionEnabled: false, pageLoadStrategy: normal, platformName: windows, proxy: Proxy(), se:cdp: ws://localhost:52813/devtoo..., se:cdpVersion: 139.0.7258.155, setWindowRect: true, strictFileInteractability: false, timeouts: {implicit: 0, pageLoad: 300000, script: 30000}, unhandledPromptBehavior: dismiss and notify, webauthn:extension:credBlob: true, webauthn:extension:largeBlob: true, webauthn:extension:minPinLength: true, webauthn:extension:prf: true, webauthn:virtualAuthenticators: true}
Session ID: 4c93ec50eb6f49a6c0b01a6c43fe14c3
	at java.base/jdk.internal.reflect.DirectConstructorHandleAccessor.newInstance(DirectConstructorHandleAccessor.java:62)
	at java.base/java.lang.reflect.Constructor.newInstanceWithCaller(Constructor.java:502)
	at java.base/java.lang.reflect.Constructor.newInstance(Constructor.java:486)
	at org.openqa.selenium.remote.ErrorCodec.decode(ErrorCodec.java:167)
	at org.openqa.selenium.remote.codec.w3c.W3CHttpResponseCodec.decode(W3CHttpResponseCodec.java:138)
	at org.openqa.selenium.remote.codec.w3c.W3CHttpResponseCodec.decode(W3CHttpResponseCodec.java:50)
	at org.openqa.selenium.remote.HttpCommandExecutor.execute(HttpCommandExecutor.java:215)
	at org.openqa.selenium.remote.service.DriverCommandExecutor.invokeExecute(DriverCommandExecutor.java:216)
	at org.openqa.selenium.remote.service.DriverCommandExecutor.execute(DriverCommandExecutor.java:174)
	at org.openqa.selenium.remote.RemoteWebDriver.execute(RemoteWebDriver.java:557)
	at org.openqa.selenium.remote.ElementLocation$ElementFinder$2.findElement(ElementLocation.java:165)
	at org.openqa.selenium.remote.ElementLocation.findElement(ElementLocation.java:59)
	at org.openqa.selenium.remote.RemoteWebDriver.findElement(RemoteWebDriver.java:380)
	at org.openqa.selenium.remote.RemoteWebDriver.findElement(RemoteWebDriver.java:374)
	at PageObjects.LoginPage.displaySignOutbutton(LoginPage.java:44)
	at setoDefinition.LoginSteps.i_should_be_redirected_to_the_homepage(LoginSteps.java:44)
	at ✽.I should be redirected to the homepage(file:///C:/Users/durga/eclipse-workspace/CucumberTest/src/test/java/Features/login.feature:7)
&amp#27;[0m
]]></system-out>
  </testcase>
</testsuite>