<?xml version="1.0" encoding="UTF-8"?>
<!-- Generated by org.testng.reporters.JUnitReportReporter -->
<testsuite hostname="Durga_Yanangi" failures="0" tests="3" name="runners.TestRunner" time="45.435" errors="0" timestamp="2025-09-05T09:49:24 IST" skipped="0">
  <testcase classname="runners.TestRunner" name="runScenario" time="14.717"/>
  <testcase classname="runners.TestRunner" name="runScenario" time="15.360"/>
  <testcase classname="runners.TestRunner" name="runScenario" time="15.358"/>
</testsuite> <!-- runners.TestRunner -->
