<?xml version="1.0" encoding="UTF-8"?>
<!-- Generated by org.testng.reporters.JUnitReportReporter -->
<testsuite hostname="Durga_Yanangi" failures="0" tests="3" name="runners.TestRunner" time="30.469" errors="0" timestamp="2025-09-05T10:03:31 IST" skipped="0">
  <testcase classname="runners.TestRunner" name="runScenario" time="13.902"/>
  <testcase classname="runners.TestRunner" name="runScenario" time="8.274"/>
  <testcase classname="runners.TestRunner" name="runScenario" time="8.293"/>
</testsuite> <!-- runners.TestRunner -->
